This file contains any messages produced by compilers while
running configure, to aid debugging if configure makes a mistake.

It was created by foliot configure 0.9.8, which was
generated by GNU Autoconf 2.69.  Invocation command line was

  $ ./configure 

## --------- ##
## Platform. ##
## --------- ##

hostname = rishon
uname -m = x86_64
uname -r = 4.15.0-72-generic
uname -s = Linux
uname -v = #81-Ubuntu SMP Tue Nov 26 12:20:02 UTC 2019

/usr/bin/uname -p = unknown
/bin/uname -X     = unknown

/bin/arch              = unknown
/usr/bin/arch -k       = unknown
/usr/convex/getsysinfo = unknown
/usr/bin/hostinfo      = unknown
/bin/machine           = unknown
/usr/bin/oslevel       = unknown
/bin/universe          = unknown

PATH: /home/carolhanna/miniconda3/bin
PATH: /home/carolhanna/miniconda3/condabin
PATH: /usr/local/sbin
PATH: /usr/local/bin
PATH: /usr/sbin
PATH: /usr/bin
PATH: /sbin
PATH: /bin
PATH: /usr/games
PATH: /usr/local/games
PATH: /snap/bin


## ----------- ##
## Core tests. ##
## ----------- ##

configure:1919: checking for a BSD-compatible install
configure:1987: result: /usr/bin/install -c
configure:1998: checking whether build environment is sane
configure:2053: result: yes
configure:2204: checking for a thread-safe mkdir -p
configure:2243: result: /bin/mkdir -p
configure:2250: checking for gawk
configure:2266: found /usr/bin/gawk
configure:2277: result: gawk
configure:2288: checking whether make sets $(MAKE)
configure:2310: result: yes
configure:2339: checking whether make supports nested variables
configure:2356: result: yes
configure:2483: checking whether to enable maintainer-specific portions of Makefiles
configure:2492: result: yes
configure:2516: checking whether make supports nested variables
configure:2533: result: yes
configure:2551: checking for makeinfo
configure:2579: result: no
configure:2650: checking for pkg-config
configure:2668: found /usr/bin/pkg-config
configure:2680: result: /usr/bin/pkg-config
configure:2705: checking pkg-config is at least version 0.9.0
configure:2708: result: yes
configure:2736: checking for guile 2.2
configure:2739: $PKG_CONFIG --exists --print-errors "guile-$v"
Package guile-2.2 was not found in the pkg-config search path.
Perhaps you should add the directory containing `guile-2.2.pc'
to the PKG_CONFIG_PATH environment variable
No package 'guile-2.2' found
configure:2742: $? = 1
configure:2736: checking for guile 2.0
configure:2739: $PKG_CONFIG --exists --print-errors "guile-$v"
Package guile-2.0 was not found in the pkg-config search path.
Perhaps you should add the directory containing `guile-2.0.pc'
to the PKG_CONFIG_PATH environment variable
No package 'guile-2.0' found
configure:2742: $? = 1
configure:2750: error: 
No Guile development packages were found.

Please verify that you have Guile installed.  If you installed Guile
from a binary distribution, please verify that you have also installed
the development packages.  If you installed it yourself, you might need
to adjust your PKG_CONFIG_PATH; see the pkg-config man page for more.


## ---------------- ##
## Cache variables. ##
## ---------------- ##

ac_cv_env_GUILE_GNOME_GLIB_CFLAGS_set=
ac_cv_env_GUILE_GNOME_GLIB_CFLAGS_value=
ac_cv_env_GUILE_GNOME_GLIB_LIBS_set=
ac_cv_env_GUILE_GNOME_GLIB_LIBS_value=
ac_cv_env_GUILE_LIB_CFLAGS_set=
ac_cv_env_GUILE_LIB_CFLAGS_value=
ac_cv_env_GUILE_LIB_LIBS_set=
ac_cv_env_GUILE_LIB_LIBS_value=
ac_cv_env_Grip_CFLAGS_set=
ac_cv_env_Grip_CFLAGS_value=
ac_cv_env_Grip_Gnome_CFLAGS_set=
ac_cv_env_Grip_Gnome_CFLAGS_value=
ac_cv_env_Grip_Gnome_LIBS_set=
ac_cv_env_Grip_Gnome_LIBS_value=
ac_cv_env_Grip_LIBS_set=
ac_cv_env_Grip_LIBS_value=
ac_cv_env_Grip_SQLite_CFLAGS_set=
ac_cv_env_Grip_SQLite_CFLAGS_value=
ac_cv_env_Grip_SQLite_LIBS_set=
ac_cv_env_Grip_SQLite_LIBS_value=
ac_cv_env_PKG_CONFIG_LIBDIR_set=
ac_cv_env_PKG_CONFIG_LIBDIR_value=
ac_cv_env_PKG_CONFIG_PATH_set=
ac_cv_env_PKG_CONFIG_PATH_value=
ac_cv_env_PKG_CONFIG_set=
ac_cv_env_PKG_CONFIG_value=
ac_cv_env_SQLite3_CFLAGS_set=
ac_cv_env_SQLite3_CFLAGS_value=
ac_cv_env_SQLite3_LIBS_set=
ac_cv_env_SQLite3_LIBS_value=
ac_cv_env_build_alias_set=
ac_cv_env_build_alias_value=
ac_cv_env_host_alias_set=
ac_cv_env_host_alias_value=
ac_cv_env_libpcre_CFLAGS_set=
ac_cv_env_libpcre_CFLAGS_value=
ac_cv_env_libpcre_LIBS_set=
ac_cv_env_libpcre_LIBS_value=
ac_cv_env_target_alias_set=
ac_cv_env_target_alias_value=
ac_cv_path_ac_pt_PKG_CONFIG=/usr/bin/pkg-config
ac_cv_path_install='/usr/bin/install -c'
ac_cv_path_mkdir=/bin/mkdir
ac_cv_prog_AWK=gawk
ac_cv_prog_have_makeinfo=no
ac_cv_prog_make_make_set=yes
am_cv_make_support_nested_variables=yes

## ----------------- ##
## Output variables. ##
## ----------------- ##

ACLOCAL='${SHELL} /home/carolhanna/Security_Project/gnu_dataset/foliot-0.9.8/build-aux/missing aclocal-1.15'
AMTAR='$${TAR-tar}'
AM_BACKSLASH='\'
AM_DEFAULT_V='$(AM_DEFAULT_VERBOSITY)'
AM_DEFAULT_VERBOSITY='0'
AM_V='$(V)'
AUTOCONF='${SHELL} /home/carolhanna/Security_Project/gnu_dataset/foliot-0.9.8/build-aux/missing autoconf'
AUTOHEADER='${SHELL} /home/carolhanna/Security_Project/gnu_dataset/foliot-0.9.8/build-aux/missing autoheader'
AUTOMAKE='${SHELL} /home/carolhanna/Security_Project/gnu_dataset/foliot-0.9.8/build-aux/missing automake-1.15'
AWK='gawk'
CYGPATH_W='echo'
DEFS=''
ECHO_C=''
ECHO_N='-n'
ECHO_T=''
GUILD=''
GUILE=''
GUILE_CONFIG=''
GUILE_EFFECTIVE_VERSION=''
GUILE_EXTENSION=''
GUILE_GNOME=''
GUILE_GNOME_CFLAGS=''
GUILE_GNOME_GLIB_CFLAGS=''
GUILE_GNOME_GLIB_LIBS=''
GUILE_GNOME_LDFLAGS=''
GUILE_GNOME_LIBS=''
GUILE_GNOME_LTDL_LIBRARY_PATH=''
GUILE_GNOME_SITE=''
GUILE_LIB_CFLAGS=''
GUILE_LIB_LIBS=''
GUILE_SITE=''
GUILE_SITE_CCACHE=''
GUILE_TOOLS=''
Grip_CFLAGS=''
Grip_Gnome_CFLAGS=''
Grip_Gnome_LIBS=''
Grip_LIBS=''
Grip_SQLite_CFLAGS=''
Grip_SQLite_LIBS=''
HAVE_MAKEINFO_FALSE=''
HAVE_MAKEINFO_TRUE='#'
INSTALL_DATA='${INSTALL} -m 644'
INSTALL_PROGRAM='${INSTALL}'
INSTALL_SCRIPT='${INSTALL}'
INSTALL_STRIP_PROGRAM='$(install_sh) -c -s'
LIBOBJS=''
LIBS=''
LTLIBOBJS=''
MAINT=''
MAINTAINER_MODE_FALSE='#'
MAINTAINER_MODE_TRUE=''
MAKEINFO='${SHELL} /home/carolhanna/Security_Project/gnu_dataset/foliot-0.9.8/build-aux/missing makeinfo'
MKDIR_P='/bin/mkdir -p'
PACKAGE='foliot'
PACKAGE_BUGREPORT='bug-foliot@gnu.org'
PACKAGE_NAME='foliot'
PACKAGE_STRING='foliot 0.9.8'
PACKAGE_TARNAME='foliot'
PACKAGE_URL=''
PACKAGE_VERSION='0.9.8'
PATH_SEPARATOR=':'
PDFLATEX=''
PKG_CONFIG='/usr/bin/pkg-config'
PKG_CONFIG_LIBDIR=''
PKG_CONFIG_PATH=''
SET_MAKE=''
SHELL='/bin/bash'
SQLite3_CFLAGS=''
SQLite3_LIBS=''
STRIP=''
USE_GUILE_SITE_FALSE=''
USE_GUILE_SITE_TRUE=''
VERSION='0.9.8'
ac_latex_document_class_required=''
ac_latex_package_required=''
am__isrc=''
am__leading_dot='.'
am__tar='$${TAR-tar} chof - "$$tardir"'
am__untar='$${TAR-tar} xf -'
bindir='${exec_prefix}/bin'
build_alias=''
datadir='${datarootdir}'
datarootdir='${prefix}/share'
docdir='${datarootdir}/doc/${PACKAGE_TARNAME}'
dvidir='${docdir}'
exec_prefix='NONE'
have_makeinfo='no'
host_alias=''
htmldir='${docdir}'
includedir='${prefix}/include'
infodir='${datarootdir}/info'
install_sh='${SHELL} /home/carolhanna/Security_Project/gnu_dataset/foliot-0.9.8/build-aux/install-sh'
libdir='${exec_prefix}/lib'
libexecdir='${exec_prefix}/libexec'
libpcre_CFLAGS=''
libpcre_LIBS=''
localedir='${datarootdir}/locale'
localstatedir='${prefix}/var'
mandir='${datarootdir}/man'
mkdir_p='$(MKDIR_P)'
oldincludedir='/usr/include'
pdfdir='${docdir}'
prefix='NONE'
program_transform_name='s,x,x,'
psdir='${docdir}'
runstatedir='${localstatedir}/run'
sbindir='${exec_prefix}/sbin'
sharedstatedir='${prefix}/com'
sysconfdir='${prefix}/etc'
target_alias=''

## ----------- ##
## confdefs.h. ##
## ----------- ##

/* confdefs.h */
#define PACKAGE_NAME "foliot"
#define PACKAGE_TARNAME "foliot"
#define PACKAGE_VERSION "0.9.8"
#define PACKAGE_STRING "foliot 0.9.8"
#define PACKAGE_BUGREPORT "bug-foliot@gnu.org"
#define PACKAGE_URL ""
#define PACKAGE "foliot"
#define VERSION "0.9.8"

configure: exit 1
