This file contains any messages produced by compilers while
running configure, to aid debugging if configure makes a mistake.

It was created by GNU Guix configure 1.1.0, which was
generated by GNU Autoconf 2.69.  Invocation command line was

  $ ./configure 

## --------- ##
## Platform. ##
## --------- ##

hostname = rishon
uname -m = x86_64
uname -r = 4.15.0-72-generic
uname -s = Linux
uname -v = #81-Ubuntu SMP Tue Nov 26 12:20:02 UTC 2019

/usr/bin/uname -p = unknown
/bin/uname -X     = unknown

/bin/arch              = unknown
/usr/bin/arch -k       = unknown
/usr/convex/getsysinfo = unknown
/usr/bin/hostinfo      = unknown
/bin/machine           = unknown
/usr/bin/oslevel       = unknown
/bin/universe          = unknown

PATH: /home/carolhanna/miniconda3/bin
PATH: /home/carolhanna/miniconda3/condabin
PATH: /usr/local/sbin
PATH: /usr/local/bin
PATH: /usr/sbin
PATH: /usr/bin
PATH: /sbin
PATH: /bin
PATH: /usr/games
PATH: /usr/local/games
PATH: /snap/bin


## ----------- ##
## Core tests. ##
## ----------- ##

configure:2580: checking for a BSD-compatible install
configure:2648: result: /usr/bin/install -c
configure:2659: checking whether build environment is sane
configure:2714: result: yes
configure:2865: checking for a thread-safe mkdir -p
configure:2904: result: /bin/mkdir -p
configure:2911: checking for gawk
configure:2927: found /usr/bin/gawk
configure:2938: result: gawk
configure:2949: checking whether make sets $(MAKE)
configure:2971: result: yes
configure:3000: checking whether make supports nested variables
configure:3017: result: yes
configure:3156: checking whether make supports nested variables
configure:3173: result: yes
configure:3192: checking whether make supports the include directive
configure:3207: make -f confmf.GNU && cat confinc.out
this is the am__doit target
configure:3210: $? = 0
configure:3229: result: yes (GNU style)
configure:3299: checking for gcc
configure:3315: found /usr/bin/gcc
configure:3326: result: gcc
configure:3555: checking for C compiler version
configure:3564: gcc --version >&5
gcc (Ubuntu 7.5.0-3ubuntu1~18.04) 7.5.0
Copyright (C) 2017 Free Software Foundation, Inc.
This is free software; see the source for copying conditions.  There is NO
warranty; not even for MERCHANTABILITY or FITNESS FOR A PARTICULAR PURPOSE.

configure:3575: $? = 0
configure:3564: gcc -v >&5
Using built-in specs.
COLLECT_GCC=gcc
COLLECT_LTO_WRAPPER=/usr/lib/gcc/x86_64-linux-gnu/7/lto-wrapper
OFFLOAD_TARGET_NAMES=nvptx-none
OFFLOAD_TARGET_DEFAULT=1
Target: x86_64-linux-gnu
Configured with: ../src/configure -v --with-pkgversion='Ubuntu 7.5.0-3ubuntu1~18.04' --with-bugurl=file:///usr/share/doc/gcc-7/README.Bugs --enable-languages=c,ada,c++,go,brig,d,fortran,objc,obj-c++ --prefix=/usr --with-gcc-major-version-only --program-suffix=-7 --program-prefix=x86_64-linux-gnu- --enable-shared --enable-linker-build-id --libexecdir=/usr/lib --without-included-gettext --enable-threads=posix --libdir=/usr/lib --enable-nls --enable-bootstrap --enable-clocale=gnu --enable-libstdcxx-debug --enable-libstdcxx-time=yes --with-default-libstdcxx-abi=new --enable-gnu-unique-object --disable-vtable-verify --enable-libmpx --enable-plugin --enable-default-pie --with-system-zlib --with-target-system-zlib --enable-objc-gc=auto --enable-multiarch --disable-werror --with-arch-32=i686 --with-abi=m64 --with-multilib-list=m32,m64,mx32 --enable-multilib --with-tune=generic --enable-offload-targets=nvptx-none --without-cuda-driver --enable-checking=release --build=x86_64-linux-gnu --host=x86_64-linux-gnu --target=x86_64-linux-gnu
Thread model: posix
gcc version 7.5.0 (Ubuntu 7.5.0-3ubuntu1~18.04) 
configure:3575: $? = 0
configure:3564: gcc -V >&5
gcc: error: unrecognized command line option '-V'
gcc: fatal error: no input files
compilation terminated.
configure:3575: $? = 1
configure:3564: gcc -qversion >&5
gcc: error: unrecognized command line option '-qversion'; did you mean '--version'?
gcc: fatal error: no input files
compilation terminated.
configure:3575: $? = 1
configure:3595: checking whether the C compiler works
configure:3617: gcc    conftest.c  >&5
configure:3621: $? = 0
configure:3669: result: yes
configure:3672: checking for C compiler default output file name
configure:3674: result: a.out
configure:3680: checking for suffix of executables
configure:3687: gcc -o conftest    conftest.c  >&5
configure:3691: $? = 0
configure:3713: result: 
configure:3735: checking whether we are cross compiling
configure:3743: gcc -o conftest    conftest.c  >&5
configure:3747: $? = 0
configure:3754: ./conftest
configure:3758: $? = 0
configure:3773: result: no
configure:3778: checking for suffix of object files
configure:3800: gcc -c   conftest.c >&5
configure:3804: $? = 0
configure:3825: result: o
configure:3829: checking whether we are using the GNU C compiler
configure:3848: gcc -c   conftest.c >&5
configure:3848: $? = 0
configure:3857: result: yes
configure:3866: checking whether gcc accepts -g
configure:3886: gcc -c -g  conftest.c >&5
configure:3886: $? = 0
configure:3927: result: yes
configure:3944: checking for gcc option to accept ISO C89
configure:4007: gcc  -c -g -O2  conftest.c >&5
configure:4007: $? = 0
configure:4020: result: none needed
configure:4045: checking whether gcc understands -c and -o together
configure:4067: gcc -c conftest.c -o conftest2.o
configure:4070: $? = 0
configure:4067: gcc -c conftest.c -o conftest2.o
configure:4070: $? = 0
configure:4082: result: yes
configure:4101: checking dependency style of gcc
configure:4212: result: gcc3
configure:4233: checking how to run the C preprocessor
configure:4264: gcc -E  conftest.c
configure:4264: $? = 0
configure:4278: gcc -E  conftest.c
conftest.c:11:10: fatal error: ac_nonexistent.h: No such file or directory
 #include <ac_nonexistent.h>
          ^~~~~~~~~~~~~~~~~~
compilation terminated.
configure:4278: $? = 1
configure: failed program was:
| /* confdefs.h */
| #define PACKAGE_NAME "GNU Guix"
| #define PACKAGE_TARNAME "guix"
| #define PACKAGE_VERSION "1.1.0"
| #define PACKAGE_STRING "GNU Guix 1.1.0"
| #define PACKAGE_BUGREPORT "bug-guix@gnu.org"
| #define PACKAGE_URL "https://www.gnu.org/software/guix/"
| #define PACKAGE "guix"
| #define VERSION "1.1.0"
| /* end confdefs.h.  */
| #include <ac_nonexistent.h>
configure:4303: result: gcc -E
configure:4323: gcc -E  conftest.c
configure:4323: $? = 0
configure:4337: gcc -E  conftest.c
conftest.c:11:10: fatal error: ac_nonexistent.h: No such file or directory
 #include <ac_nonexistent.h>
          ^~~~~~~~~~~~~~~~~~
compilation terminated.
configure:4337: $? = 1
configure: failed program was:
| /* confdefs.h */
| #define PACKAGE_NAME "GNU Guix"
| #define PACKAGE_TARNAME "guix"
| #define PACKAGE_VERSION "1.1.0"
| #define PACKAGE_STRING "GNU Guix 1.1.0"
| #define PACKAGE_BUGREPORT "bug-guix@gnu.org"
| #define PACKAGE_URL "https://www.gnu.org/software/guix/"
| #define PACKAGE "guix"
| #define VERSION "1.1.0"
| /* end confdefs.h.  */
| #include <ac_nonexistent.h>
configure:4366: checking for grep that handles long lines and -e
configure:4424: result: /bin/grep
configure:4429: checking for egrep
configure:4491: result: /bin/grep -E
configure:4496: checking for ANSI C header files
configure:4516: gcc -c -g -O2  conftest.c >&5
configure:4516: $? = 0
configure:4589: gcc -o conftest -g -O2   conftest.c  >&5
configure:4589: $? = 0
configure:4589: ./conftest
configure:4589: $? = 0
configure:4600: result: yes
configure:4613: checking for sys/types.h
configure:4613: gcc -c -g -O2  conftest.c >&5
configure:4613: $? = 0
configure:4613: result: yes
configure:4613: checking for sys/stat.h
configure:4613: gcc -c -g -O2  conftest.c >&5
configure:4613: $? = 0
configure:4613: result: yes
configure:4613: checking for stdlib.h
configure:4613: gcc -c -g -O2  conftest.c >&5
configure:4613: $? = 0
configure:4613: result: yes
configure:4613: checking for string.h
configure:4613: gcc -c -g -O2  conftest.c >&5
configure:4613: $? = 0
configure:4613: result: yes
configure:4613: checking for memory.h
configure:4613: gcc -c -g -O2  conftest.c >&5
configure:4613: $? = 0
configure:4613: result: yes
configure:4613: checking for strings.h
configure:4613: gcc -c -g -O2  conftest.c >&5
configure:4613: $? = 0
configure:4613: result: yes
configure:4613: checking for inttypes.h
configure:4613: gcc -c -g -O2  conftest.c >&5
configure:4613: $? = 0
configure:4613: result: yes
configure:4613: checking for stdint.h
configure:4613: gcc -c -g -O2  conftest.c >&5
configure:4613: $? = 0
configure:4613: result: yes
configure:4613: checking for unistd.h
configure:4613: gcc -c -g -O2  conftest.c >&5
configure:4613: $? = 0
configure:4613: result: yes
configure:4626: checking minix/config.h usability
configure:4626: gcc -c -g -O2  conftest.c >&5
conftest.c:54:10: fatal error: minix/config.h: No such file or directory
 #include <minix/config.h>
          ^~~~~~~~~~~~~~~~
compilation terminated.
configure:4626: $? = 1
configure: failed program was:
| /* confdefs.h */
| #define PACKAGE_NAME "GNU Guix"
| #define PACKAGE_TARNAME "guix"
| #define PACKAGE_VERSION "1.1.0"
| #define PACKAGE_STRING "GNU Guix 1.1.0"
| #define PACKAGE_BUGREPORT "bug-guix@gnu.org"
| #define PACKAGE_URL "https://www.gnu.org/software/guix/"
| #define PACKAGE "guix"
| #define VERSION "1.1.0"
| #define STDC_HEADERS 1
| #define HAVE_SYS_TYPES_H 1
| #define HAVE_SYS_STAT_H 1
| #define HAVE_STDLIB_H 1
| #define HAVE_STRING_H 1
| #define HAVE_MEMORY_H 1
| #define HAVE_STRINGS_H 1
| #define HAVE_INTTYPES_H 1
| #define HAVE_STDINT_H 1
| #define HAVE_UNISTD_H 1
| /* end confdefs.h.  */
| #include <stdio.h>
| #ifdef HAVE_SYS_TYPES_H
| # include <sys/types.h>
| #endif
| #ifdef HAVE_SYS_STAT_H
| # include <sys/stat.h>
| #endif
| #ifdef STDC_HEADERS
| # include <stdlib.h>
| # include <stddef.h>
| #else
| # ifdef HAVE_STDLIB_H
| #  include <stdlib.h>
| # endif
| #endif
| #ifdef HAVE_STRING_H
| # if !defined STDC_HEADERS && defined HAVE_MEMORY_H
| #  include <memory.h>
| # endif
| # include <string.h>
| #endif
| #ifdef HAVE_STRINGS_H
| # include <strings.h>
| #endif
| #ifdef HAVE_INTTYPES_H
| # include <inttypes.h>
| #endif
| #ifdef HAVE_STDINT_H
| # include <stdint.h>
| #endif
| #ifdef HAVE_UNISTD_H
| # include <unistd.h>
| #endif
| #include <minix/config.h>
configure:4626: result: no
configure:4626: checking minix/config.h presence
configure:4626: gcc -E  conftest.c
conftest.c:21:10: fatal error: minix/config.h: No such file or directory
 #include <minix/config.h>
          ^~~~~~~~~~~~~~~~
compilation terminated.
configure:4626: $? = 1
configure: failed program was:
| /* confdefs.h */
| #define PACKAGE_NAME "GNU Guix"
| #define PACKAGE_TARNAME "guix"
| #define PACKAGE_VERSION "1.1.0"
| #define PACKAGE_STRING "GNU Guix 1.1.0"
| #define PACKAGE_BUGREPORT "bug-guix@gnu.org"
| #define PACKAGE_URL "https://www.gnu.org/software/guix/"
| #define PACKAGE "guix"
| #define VERSION "1.1.0"
| #define STDC_HEADERS 1
| #define HAVE_SYS_TYPES_H 1
| #define HAVE_SYS_STAT_H 1
| #define HAVE_STDLIB_H 1
| #define HAVE_STRING_H 1
| #define HAVE_MEMORY_H 1
| #define HAVE_STRINGS_H 1
| #define HAVE_INTTYPES_H 1
| #define HAVE_STDINT_H 1
| #define HAVE_UNISTD_H 1
| /* end confdefs.h.  */
| #include <minix/config.h>
configure:4626: result: no
configure:4626: checking for minix/config.h
configure:4626: result: no
configure:4647: checking whether it is safe to define __EXTENSIONS__
configure:4665: gcc -c -g -O2  conftest.c >&5
configure:4665: $? = 0
configure:4672: result: yes
configure:4687: checking for a sed that does not truncate output
configure:4751: result: /bin/sed
configure:4757: checking whether NLS is requested
configure:4766: result: yes
configure:4806: checking for msgfmt
configure: trying /usr/bin/msgfmt...
0 translated messages.
configure:4838: result: /usr/bin/msgfmt
configure:4847: checking for gmsgfmt
configure:4878: result: /usr/bin/msgfmt
configure:4928: checking for xgettext
configure: trying /usr/bin/xgettext...
/usr/bin/xgettext: warning: file '/dev/null' extension '' is unknown; will try C
configure:4960: result: /usr/bin/xgettext
configure:5005: checking for msgmerge
configure: trying /usr/bin/msgmerge...
configure:5036: result: /usr/bin/msgmerge
configure:5073: checking build system type
configure:5087: result: x86_64-pc-linux-gnu
configure:5107: checking host system type
configure:5120: result: x86_64-pc-linux-gnu
configure:5165: checking for ld used by gcc
configure:5232: result: /usr/bin/ld
configure:5239: checking if the linker (/usr/bin/ld) is GNU ld
configure:5254: result: yes
configure:5261: checking for shared library run path origin
configure:5274: result: done
configure:5846: checking for CFPreferencesCopyAppValue
configure:5864: gcc -o conftest -g -O2   conftest.c  -Wl,-framework -Wl,CoreFoundation >&5
conftest.c:26:10: fatal error: CoreFoundation/CFPreferences.h: No such file or directory
 #include <CoreFoundation/CFPreferences.h>
          ^~~~~~~~~~~~~~~~~~~~~~~~~~~~~~~~
compilation terminated.
configure:5864: $? = 1
configure: failed program was:
| /* confdefs.h */
| #define PACKAGE_NAME "GNU Guix"
| #define PACKAGE_TARNAME "guix"
| #define PACKAGE_VERSION "1.1.0"
| #define PACKAGE_STRING "GNU Guix 1.1.0"
| #define PACKAGE_BUGREPORT "bug-guix@gnu.org"
| #define PACKAGE_URL "https://www.gnu.org/software/guix/"
| #define PACKAGE "guix"
| #define VERSION "1.1.0"
| #define STDC_HEADERS 1
| #define HAVE_SYS_TYPES_H 1
| #define HAVE_SYS_STAT_H 1
| #define HAVE_STDLIB_H 1
| #define HAVE_STRING_H 1
| #define HAVE_MEMORY_H 1
| #define HAVE_STRINGS_H 1
| #define HAVE_INTTYPES_H 1
| #define HAVE_STDINT_H 1
| #define HAVE_UNISTD_H 1
| #define __EXTENSIONS__ 1
| #define _ALL_SOURCE 1
| #define _GNU_SOURCE 1
| #define _POSIX_PTHREAD_SEMANTICS 1
| #define _TANDEM_SOURCE 1
| /* end confdefs.h.  */
| #include <CoreFoundation/CFPreferences.h>
| int
| main ()
| {
| CFPreferencesCopyAppValue(NULL, NULL)
|   ;
|   return 0;
| }
configure:5873: result: no
configure:5880: checking for CFLocaleCopyCurrent
configure:5898: gcc -o conftest -g -O2   conftest.c  -Wl,-framework -Wl,CoreFoundation >&5
conftest.c:26:10: fatal error: CoreFoundation/CFLocale.h: No such file or directory
 #include <CoreFoundation/CFLocale.h>
          ^~~~~~~~~~~~~~~~~~~~~~~~~~~
compilation terminated.
configure:5898: $? = 1
configure: failed program was:
| /* confdefs.h */
| #define PACKAGE_NAME "GNU Guix"
| #define PACKAGE_TARNAME "guix"
| #define PACKAGE_VERSION "1.1.0"
| #define PACKAGE_STRING "GNU Guix 1.1.0"
| #define PACKAGE_BUGREPORT "bug-guix@gnu.org"
| #define PACKAGE_URL "https://www.gnu.org/software/guix/"
| #define PACKAGE "guix"
| #define VERSION "1.1.0"
| #define STDC_HEADERS 1
| #define HAVE_SYS_TYPES_H 1
| #define HAVE_SYS_STAT_H 1
| #define HAVE_STDLIB_H 1
| #define HAVE_STRING_H 1
| #define HAVE_MEMORY_H 1
| #define HAVE_STRINGS_H 1
| #define HAVE_INTTYPES_H 1
| #define HAVE_STDINT_H 1
| #define HAVE_UNISTD_H 1
| #define __EXTENSIONS__ 1
| #define _ALL_SOURCE 1
| #define _GNU_SOURCE 1
| #define _POSIX_PTHREAD_SEMANTICS 1
| #define _TANDEM_SOURCE 1
| /* end confdefs.h.  */
| #include <CoreFoundation/CFLocale.h>
| int
| main ()
| {
| CFLocaleCopyCurrent();
|   ;
|   return 0;
| }
configure:5907: result: no
configure:5956: checking for GNU gettext in libc
configure:5980: gcc -o conftest -g -O2   conftest.c  >&5
configure:5980: $? = 0
configure:5989: result: yes
configure:6817: checking whether to use NLS
configure:6819: result: yes
configure:6822: checking where the gettext function comes from
configure:6833: result: libc
configure:6896: checking for sed
configure:6926: result: /bin/sed
configure:6979: checking for the Guix system type
configure:6981: result: x86_64-linux
configure:7065: checking for the store directory
configure:7067: result: /gnu/store
configure:7089: checking the length of the installed socket file name
configure:7096: result: 40
configure:7100: checking for unit test root directory
configure:7107: result: /home/carolhanna/Security_Project/gnu_dataset/guix-1.1.0/test-tmp
configure:7112: checking the length of the socket file name used in tests
configure:7119: result: 97
configure:7123: checking the length of a typical hash bang line
configure:7130: result: 73
configure:7135: checking the length of a hash bang line used in tests
configure:7142: result: 134
configure:7166: WARNING: test directory '/home/carolhanna/Security_Project/gnu_dataset/guix-1.1.0/test-tmp' may lead to overly long hash-bang lines
configure:7239: checking for pkg-config
configure:7257: found /usr/bin/pkg-config
configure:7269: result: /usr/bin/pkg-config
configure:7294: checking pkg-config is at least version 0.9.0
configure:7297: result: yes
configure:7325: checking for guile 3.0
configure:7328: $PKG_CONFIG --exists --print-errors "guile-$v"
Package guile-3.0 was not found in the pkg-config search path.
Perhaps you should add the directory containing `guile-3.0.pc'
to the PKG_CONFIG_PATH environment variable
No package 'guile-3.0' found
configure:7331: $? = 1
configure:7325: checking for guile 2.2
configure:7328: $PKG_CONFIG --exists --print-errors "guile-$v"
Package guile-2.2 was not found in the pkg-config search path.
Perhaps you should add the directory containing `guile-2.2.pc'
to the PKG_CONFIG_PATH environment variable
No package 'guile-2.2' found
configure:7331: $? = 1
configure:7339: error: 
No Guile development packages were found.

Please verify that you have Guile installed.  If you installed Guile
from a binary distribution, please verify that you have also installed
the development packages.  If you installed it yourself, you might need
to adjust your PKG_CONFIG_PATH; see the pkg-config man page for more.


## ---------------- ##
## Cache variables. ##
## ---------------- ##

ac_cv_build=x86_64-pc-linux-gnu
ac_cv_c_compiler_gnu=yes
ac_cv_env_CCC_set=
ac_cv_env_CCC_value=
ac_cv_env_CC_set=
ac_cv_env_CC_value=
ac_cv_env_CFLAGS_set=
ac_cv_env_CFLAGS_value=
ac_cv_env_CPPFLAGS_set=
ac_cv_env_CPPFLAGS_value=
ac_cv_env_CPP_set=
ac_cv_env_CPP_value=
ac_cv_env_CXXCPP_set=
ac_cv_env_CXXCPP_value=
ac_cv_env_CXXFLAGS_set=
ac_cv_env_CXXFLAGS_value=
ac_cv_env_CXX_set=
ac_cv_env_CXX_value=
ac_cv_env_GUILE_CFLAGS_set=
ac_cv_env_GUILE_CFLAGS_value=
ac_cv_env_GUILE_LIBS_set=
ac_cv_env_GUILE_LIBS_value=
ac_cv_env_LDFLAGS_set=
ac_cv_env_LDFLAGS_value=
ac_cv_env_LIBS_set=
ac_cv_env_LIBS_value=
ac_cv_env_PKG_CONFIG_LIBDIR_set=
ac_cv_env_PKG_CONFIG_LIBDIR_value=
ac_cv_env_PKG_CONFIG_PATH_set=
ac_cv_env_PKG_CONFIG_PATH_value=
ac_cv_env_PKG_CONFIG_set=
ac_cv_env_PKG_CONFIG_value=
ac_cv_env_SQLITE3_CFLAGS_set=
ac_cv_env_SQLITE3_CFLAGS_value=
ac_cv_env_SQLITE3_LIBS_set=
ac_cv_env_SQLITE3_LIBS_value=
ac_cv_env_build_alias_set=
ac_cv_env_build_alias_value=
ac_cv_env_host_alias_set=
ac_cv_env_host_alias_value=
ac_cv_env_target_alias_set=
ac_cv_env_target_alias_value=
ac_cv_guix_hash_bang_length=73
ac_cv_guix_socket_file_name_length=40
ac_cv_guix_test_hash_bang_length=134
ac_cv_guix_test_root=/home/carolhanna/Security_Project/gnu_dataset/guix-1.1.0/test-tmp
ac_cv_guix_test_socket_file_name_length=97
ac_cv_header_inttypes_h=yes
ac_cv_header_memory_h=yes
ac_cv_header_minix_config_h=no
ac_cv_header_stdc=yes
ac_cv_header_stdint_h=yes
ac_cv_header_stdlib_h=yes
ac_cv_header_string_h=yes
ac_cv_header_strings_h=yes
ac_cv_header_sys_stat_h=yes
ac_cv_header_sys_types_h=yes
ac_cv_header_unistd_h=yes
ac_cv_host=x86_64-pc-linux-gnu
ac_cv_objext=o
ac_cv_path_EGREP='/bin/grep -E'
ac_cv_path_GMSGFMT=/usr/bin/msgfmt
ac_cv_path_GREP=/bin/grep
ac_cv_path_MSGFMT=/usr/bin/msgfmt
ac_cv_path_MSGMERGE=/usr/bin/msgmerge
ac_cv_path_SED=/bin/sed
ac_cv_path_XGETTEXT=/usr/bin/xgettext
ac_cv_path_ac_pt_PKG_CONFIG=/usr/bin/pkg-config
ac_cv_path_install='/usr/bin/install -c'
ac_cv_path_mkdir=/bin/mkdir
ac_cv_prog_AWK=gawk
ac_cv_prog_CPP='gcc -E'
ac_cv_prog_ac_ct_CC=gcc
ac_cv_prog_cc_c89=
ac_cv_prog_cc_g=yes
ac_cv_prog_make_make_set=yes
ac_cv_safe_to_define___extensions__=yes
acl_cv_hardcode_direct=no
acl_cv_hardcode_libdir_flag_spec='${wl}-rpath ${wl}$libdir'
acl_cv_hardcode_libdir_separator=
acl_cv_hardcode_minus_L=no
acl_cv_libext=a
acl_cv_libname_spec='lib$name'
acl_cv_library_names_spec='$libname$shrext'
acl_cv_path_LD=/usr/bin/ld
acl_cv_prog_gnu_ld=yes
acl_cv_rpath=done
acl_cv_shlibext=so
acl_cv_wl=-Wl,
am_cv_CC_dependencies_compiler_type=gcc3
am_cv_make_support_nested_variables=yes
am_cv_prog_cc_c_o=yes
gt_cv_func_CFLocaleCopyCurrent=no
gt_cv_func_CFPreferencesCopyAppValue=no
gt_cv_func_gnugettext1_libc=yes

## ----------------- ##
## Output variables. ##
## ----------------- ##

ACLOCAL='${SHELL} /home/carolhanna/Security_Project/gnu_dataset/guix-1.1.0/build-aux/missing aclocal-1.16'
AMDEPBACKSLASH='\'
AMDEP_FALSE='#'
AMDEP_TRUE=''
AMTAR='$${TAR-tar}'
AM_BACKSLASH='\'
AM_DEFAULT_V='$(AM_DEFAULT_VERBOSITY)'
AM_DEFAULT_VERBOSITY='0'
AM_V='$(V)'
AR=''
AUTOCONF='${SHELL} /home/carolhanna/Security_Project/gnu_dataset/guix-1.1.0/build-aux/missing autoconf'
AUTOHEADER='${SHELL} /home/carolhanna/Security_Project/gnu_dataset/guix-1.1.0/build-aux/missing autoheader'
AUTOMAKE='${SHELL} /home/carolhanna/Security_Project/gnu_dataset/guix-1.1.0/build-aux/missing automake-1.16'
AWK='gawk'
BUILD_DAEMON_FALSE=''
BUILD_DAEMON_OFFLOAD_FALSE=''
BUILD_DAEMON_OFFLOAD_TRUE=''
BUILD_DAEMON_TRUE=''
BZIP2=''
CAN_RUN_TESTS_FALSE=''
CAN_RUN_TESTS_TRUE='#'
CC='gcc'
CCDEPMODE='depmode=gcc3'
CFLAGS='-g -O2'
CPP='gcc -E'
CPPFLAGS=''
CXX=''
CXXCPP=''
CXXDEPMODE=''
CXXFLAGS=''
CYGPATH_W='echo'
DEFS=''
DEPDIR='.deps'
DOT=''
ECHO_C=''
ECHO_N='-n'
ECHO_T=''
EGREP='/bin/grep -E'
EMACS=''
ENABLE_INSTALLER_FALSE=''
ENABLE_INSTALLER_TRUE=''
EXEEXT=''
GETTEXT_MACRO_VERSION='0.18'
GMSGFMT='/usr/bin/msgfmt'
GMSGFMT_015='/usr/bin/msgfmt'
GREP='/bin/grep'
GUILD=''
GUILE=''
GUILE_CFLAGS=''
GUILE_CONFIG=''
GUILE_EFFECTIVE_VERSION=''
GUILE_LIBS=''
GUILE_TOOLS=''
GUIX_TEST_ROOT=''
GZIP=''
HAVE_GUILE_SSH_FALSE=''
HAVE_GUILE_SSH_TRUE=''
HAVE_LIBBZ2_FALSE=''
HAVE_LIBBZ2_TRUE=''
HELP2MAN=''
INSTALL_DATA='${INSTALL} -m 644'
INSTALL_PROGRAM='${INSTALL}'
INSTALL_SCRIPT='${INSTALL}'
INSTALL_STRIP_PROGRAM='$(install_sh) -c -s'
INTLLIBS=''
INTL_MACOSX_LIBS=''
LDFLAGS=''
LIBGCRYPT_CFLAGS=''
LIBGCRYPT_CONFIG=''
LIBGCRYPT_LIBDIR=''
LIBGCRYPT_LIBS=''
LIBGCRYPT_PREFIX=''
LIBICONV='-liconv'
LIBINTL=''
LIBLZ=''
LIBOBJS=''
LIBS=''
LIBZ=''
LTLIBICONV='-liconv'
LTLIBINTL=''
LTLIBOBJS=''
MAKEINFO='${SHELL} /home/carolhanna/Security_Project/gnu_dataset/guix-1.1.0/build-aux/missing makeinfo'
MKDIR_P='/bin/mkdir -p'
MSGFMT='/usr/bin/msgfmt'
MSGFMT_015='/usr/bin/msgfmt'
MSGMERGE='/usr/bin/msgmerge'
NIXPKGS=''
NIX_HASH=''
NIX_PREFIX=''
OBJEXT='o'
PACKAGE='guix'
PACKAGE_BUGREPORT='bug-guix@gnu.org'
PACKAGE_NAME='GNU Guix'
PACKAGE_STRING='GNU Guix 1.1.0'
PACKAGE_TARNAME='guix'
PACKAGE_URL='https://www.gnu.org/software/guix/'
PACKAGE_VERSION='1.1.0'
PATH_SEPARATOR=':'
PKG_CONFIG='/usr/bin/pkg-config'
PKG_CONFIG_LIBDIR=''
PKG_CONFIG_PATH=''
PO4A_TRANSLATE=''
PO4A_UPDATEPO=''
POSUB='po'
RANLIB=''
SED='/bin/sed'
SET_MAKE=''
SHELL='/bin/bash'
SQLITE3_CFLAGS=''
SQLITE3_LIBS=''
STRIP=''
USE_NLS='yes'
VERSION='1.1.0'
XGETTEXT='/usr/bin/xgettext'
XGETTEXT_015='/usr/bin/xgettext'
XGETTEXT_EXTRA_OPTIONS=''
XZ=''
ac_ct_AR=''
ac_ct_CC='gcc'
ac_ct_CXX=''
am__EXEEXT_FALSE=''
am__EXEEXT_TRUE=''
am__fastdepCC_FALSE='#'
am__fastdepCC_TRUE=''
am__fastdepCXX_FALSE=''
am__fastdepCXX_TRUE=''
am__include='include'
am__isrc=''
am__leading_dot='.'
am__nodep='_no'
am__quote=''
am__tar='$${TAR-tar} chof - "$$tardir"'
am__untar='$${TAR-tar} xf -'
bashcompletiondir='${sysconfdir}/bash_completion.d'
bindir='${exec_prefix}/bin'
build='x86_64-pc-linux-gnu'
build_alias=''
build_cpu='x86_64'
build_os='linux-gnu'
build_vendor='pc'
datadir='${datarootdir}'
datarootdir='${prefix}/share'
docdir='${datarootdir}/doc/${PACKAGE_TARNAME}'
dvidir='${docdir}'
exec_prefix='NONE'
fishcompletiondir='${datadir}/fish/vendor_completions.d'
guilemoduledir=''
guileobjectdir=''
guix_localstatedir='/usr/local/var'
guix_sbindir='/usr/local/sbin'
guix_sysconfdir='/usr/local/etc'
guix_system='x86_64-linux'
host='x86_64-pc-linux-gnu'
host_alias=''
host_cpu='x86_64'
host_os='linux-gnu'
host_vendor='pc'
htmldir='${docdir}'
includedir='${prefix}/include'
infodir='${datarootdir}/info'
install_sh='${SHELL} /home/carolhanna/Security_Project/gnu_dataset/guix-1.1.0/build-aux/install-sh'
libdir='${exec_prefix}/lib'
libexecdir='${exec_prefix}/libexec'
localedir='${datarootdir}/locale'
localstatedir='${prefix}/var'
mandir='${datarootdir}/man'
mkdir_p='$(MKDIR_P)'
oldincludedir='/usr/include'
pdfdir='${docdir}'
prefix='NONE'
program_transform_name='s,x,x,'
psdir='${docdir}'
sbindir='${exec_prefix}/sbin'
selinux_policydir='${datadir}/selinux/'
sharedstatedir='${prefix}/com'
storedir='/gnu/store'
sysconfdir='${prefix}/etc'
target_alias=''
zshcompletiondir='${datadir}/zsh/site-functions'

## ----------- ##
## confdefs.h. ##
## ----------- ##

/* confdefs.h */
#define PACKAGE_NAME "GNU Guix"
#define PACKAGE_TARNAME "guix"
#define PACKAGE_VERSION "1.1.0"
#define PACKAGE_STRING "GNU Guix 1.1.0"
#define PACKAGE_BUGREPORT "bug-guix@gnu.org"
#define PACKAGE_URL "https://www.gnu.org/software/guix/"
#define PACKAGE "guix"
#define VERSION "1.1.0"
#define STDC_HEADERS 1
#define HAVE_SYS_TYPES_H 1
#define HAVE_SYS_STAT_H 1
#define HAVE_STDLIB_H 1
#define HAVE_STRING_H 1
#define HAVE_MEMORY_H 1
#define HAVE_STRINGS_H 1
#define HAVE_INTTYPES_H 1
#define HAVE_STDINT_H 1
#define HAVE_UNISTD_H 1
#define __EXTENSIONS__ 1
#define _ALL_SOURCE 1
#define _GNU_SOURCE 1
#define _POSIX_PTHREAD_SEMANTICS 1
#define _TANDEM_SOURCE 1
#define ENABLE_NLS 1
#define HAVE_GETTEXT 1
#define HAVE_DCGETTEXT 1

configure: exit 1
