This file contains any messages produced by compilers while
running configure, to aid debugging if configure makes a mistake.

It was created by GNU shmm configure 1.0, which was
generated by GNU Autoconf 2.61.  Invocation command line was

  $ ./configure 

## --------- ##
## Platform. ##
## --------- ##

hostname = rishon
uname -m = x86_64
uname -r = 4.15.0-72-generic
uname -s = Linux
uname -v = #81-Ubuntu SMP Tue Nov 26 12:20:02 UTC 2019

/usr/bin/uname -p = unknown
/bin/uname -X     = unknown

/bin/arch              = unknown
/usr/bin/arch -k       = unknown
/usr/convex/getsysinfo = unknown
/usr/bin/hostinfo      = unknown
/bin/machine           = unknown
/usr/bin/oslevel       = unknown
/bin/universe          = unknown

PATH: /home/carolhanna/miniconda3/bin
PATH: /home/carolhanna/miniconda3/condabin
PATH: /usr/local/sbin
PATH: /usr/local/bin
PATH: /usr/sbin
PATH: /usr/bin
PATH: /sbin
PATH: /bin
PATH: /usr/games
PATH: /usr/local/games
PATH: /snap/bin


## ----------- ##
## Core tests. ##
## ----------- ##

configure:1836: checking for a BSD-compatible install
configure:1892: result: /usr/bin/install -c
configure:1903: checking whether build environment is sane
configure:1946: result: yes
configure:1974: checking for a thread-safe mkdir -p
configure:2013: result: /bin/mkdir -p
configure:2026: checking for gawk
configure:2042: found /usr/bin/gawk
configure:2053: result: gawk
configure:2064: checking whether make sets $(MAKE)
configure:2085: result: yes
configure:2330: checking for gcc
configure:2346: found /usr/bin/gcc
configure:2357: result: gcc
configure:2595: checking for C compiler version
configure:2602: gcc --version >&5
gcc (Ubuntu 7.5.0-3ubuntu1~18.04) 7.5.0
Copyright (C) 2017 Free Software Foundation, Inc.
This is free software; see the source for copying conditions.  There is NO
warranty; not even for MERCHANTABILITY or FITNESS FOR A PARTICULAR PURPOSE.

configure:2605: $? = 0
configure:2612: gcc -v >&5
Using built-in specs.
COLLECT_GCC=gcc
COLLECT_LTO_WRAPPER=/usr/lib/gcc/x86_64-linux-gnu/7/lto-wrapper
OFFLOAD_TARGET_NAMES=nvptx-none
OFFLOAD_TARGET_DEFAULT=1
Target: x86_64-linux-gnu
Configured with: ../src/configure -v --with-pkgversion='Ubuntu 7.5.0-3ubuntu1~18.04' --with-bugurl=file:///usr/share/doc/gcc-7/README.Bugs --enable-languages=c,ada,c++,go,brig,d,fortran,objc,obj-c++ --prefix=/usr --with-gcc-major-version-only --program-suffix=-7 --program-prefix=x86_64-linux-gnu- --enable-shared --enable-linker-build-id --libexecdir=/usr/lib --without-included-gettext --enable-threads=posix --libdir=/usr/lib --enable-nls --enable-bootstrap --enable-clocale=gnu --enable-libstdcxx-debug --enable-libstdcxx-time=yes --with-default-libstdcxx-abi=new --enable-gnu-unique-object --disable-vtable-verify --enable-libmpx --enable-plugin --enable-default-pie --with-system-zlib --with-target-system-zlib --enable-objc-gc=auto --enable-multiarch --disable-werror --with-arch-32=i686 --with-abi=m64 --with-multilib-list=m32,m64,mx32 --enable-multilib --with-tune=generic --enable-offload-targets=nvptx-none --without-cuda-driver --enable-checking=release --build=x86_64-linux-gnu --host=x86_64-linux-gnu --target=x86_64-linux-gnu
Thread model: posix
gcc version 7.5.0 (Ubuntu 7.5.0-3ubuntu1~18.04) 
configure:2615: $? = 0
configure:2622: gcc -V >&5
gcc: error: unrecognized command line option '-V'
gcc: fatal error: no input files
compilation terminated.
configure:2625: $? = 1
configure:2648: checking for C compiler default output file name
configure:2675: gcc    conftest.c  >&5
configure:2678: $? = 0
configure:2716: result: a.out
configure:2733: checking whether the C compiler works
configure:2743: ./a.out
configure:2746: $? = 0
configure:2763: result: yes
configure:2770: checking whether we are cross compiling
configure:2772: result: no
configure:2775: checking for suffix of executables
configure:2782: gcc -o conftest    conftest.c  >&5
configure:2785: $? = 0
configure:2809: result: 
configure:2815: checking for suffix of object files
configure:2841: gcc -c   conftest.c >&5
configure:2844: $? = 0
configure:2867: result: o
configure:2871: checking whether we are using the GNU C compiler
configure:2900: gcc -c   conftest.c >&5
configure:2906: $? = 0
configure:2923: result: yes
configure:2928: checking whether gcc accepts -g
configure:2958: gcc -c -g  conftest.c >&5
configure:2964: $? = 0
configure:3063: result: yes
configure:3080: checking for gcc option to accept ISO C89
configure:3154: gcc  -c -g -O2  conftest.c >&5
configure:3160: $? = 0
configure:3183: result: none needed
configure:3212: checking for style of include used by make
configure:3240: result: GNU
configure:3265: checking dependency style of gcc
configure:3356: result: gcc3
configure:3418: checking for ranlib
configure:3434: found /usr/bin/ranlib
configure:3445: result: ranlib
configure:3483: checking build system type
configure:3501: result: x86_64-unknown-linux-gnu
configure:3523: checking host system type
configure:3538: result: x86_64-unknown-linux-gnu
configure:3610: checking how to run the C preprocessor
configure:3650: gcc -E  conftest.c
configure:3656: $? = 0
configure:3687: gcc -E  conftest.c
conftest.c:11:10: fatal error: ac_nonexistent.h: No such file or directory
 #include <ac_nonexistent.h>
          ^~~~~~~~~~~~~~~~~~
compilation terminated.
configure:3693: $? = 1
configure: failed program was:
| /* confdefs.h.  */
| #define PACKAGE_NAME "GNU shmm"
| #define PACKAGE_TARNAME "shmm"
| #define PACKAGE_VERSION "1.0"
| #define PACKAGE_STRING "GNU shmm 1.0"
| #define PACKAGE_BUGREPORT "jboffel@gmail.com"
| #define PACKAGE "shmm"
| #define VERSION "1.0"
| #define _GNU_SOURCE 1
| /* end confdefs.h.  */
| #include <ac_nonexistent.h>
configure:3726: result: gcc -E
configure:3755: gcc -E  conftest.c
configure:3761: $? = 0
configure:3792: gcc -E  conftest.c
conftest.c:11:10: fatal error: ac_nonexistent.h: No such file or directory
 #include <ac_nonexistent.h>
          ^~~~~~~~~~~~~~~~~~
compilation terminated.
configure:3798: $? = 1
configure: failed program was:
| /* confdefs.h.  */
| #define PACKAGE_NAME "GNU shmm"
| #define PACKAGE_TARNAME "shmm"
| #define PACKAGE_VERSION "1.0"
| #define PACKAGE_STRING "GNU shmm 1.0"
| #define PACKAGE_BUGREPORT "jboffel@gmail.com"
| #define PACKAGE "shmm"
| #define VERSION "1.0"
| #define _GNU_SOURCE 1
| /* end confdefs.h.  */
| #include <ac_nonexistent.h>
configure:3836: checking for grep that handles long lines and -e
configure:3910: result: /bin/grep
configure:3915: checking for egrep
configure:3993: result: /bin/grep -E
configure:3998: checking for ANSI C header files
configure:4028: gcc -c -g -O2  conftest.c >&5
configure:4034: $? = 0
configure:4133: gcc -o conftest -g -O2   conftest.c  >&5
configure:4136: $? = 0
configure:4142: ./conftest
configure:4145: $? = 0
configure:4162: result: yes
configure:4186: checking for sys/types.h
configure:4207: gcc -c -g -O2  conftest.c >&5
configure:4213: $? = 0
configure:4229: result: yes
configure:4186: checking for sys/stat.h
configure:4207: gcc -c -g -O2  conftest.c >&5
configure:4213: $? = 0
configure:4229: result: yes
configure:4186: checking for stdlib.h
configure:4207: gcc -c -g -O2  conftest.c >&5
configure:4213: $? = 0
configure:4229: result: yes
configure:4186: checking for string.h
configure:4207: gcc -c -g -O2  conftest.c >&5
configure:4213: $? = 0
configure:4229: result: yes
configure:4186: checking for memory.h
configure:4207: gcc -c -g -O2  conftest.c >&5
configure:4213: $? = 0
configure:4229: result: yes
configure:4186: checking for strings.h
configure:4207: gcc -c -g -O2  conftest.c >&5
configure:4213: $? = 0
configure:4229: result: yes
configure:4186: checking for inttypes.h
configure:4207: gcc -c -g -O2  conftest.c >&5
configure:4213: $? = 0
configure:4229: result: yes
configure:4186: checking for stdint.h
configure:4207: gcc -c -g -O2  conftest.c >&5
configure:4213: $? = 0
configure:4229: result: yes
configure:4186: checking for unistd.h
configure:4207: gcc -c -g -O2  conftest.c >&5
configure:4213: $? = 0
configure:4229: result: yes
configure:4241: checking whether strerror_r is declared
configure:4270: gcc -c -g -O2  conftest.c >&5
configure:4276: $? = 0
configure:4291: result: yes
configure:4313: checking for strerror_r
configure:4369: gcc -o conftest -g -O2   conftest.c  >&5
configure:4375: $? = 0
configure:4393: result: yes
configure:4403: checking whether strerror_r returns char *
configure:4437: gcc -c -g -O2  conftest.c >&5
configure:4443: $? = 0
configure:4519: result: yes
configure:4547: checking stdio_ext.h usability
configure:4564: gcc -c -g -O2  conftest.c >&5
configure:4570: $? = 0
configure:4584: result: yes
configure:4588: checking stdio_ext.h presence
configure:4603: gcc -E  conftest.c
configure:4609: $? = 0
configure:4623: result: yes
configure:4656: checking for stdio_ext.h
configure:4664: result: yes
configure:4547: checking wchar.h usability
configure:4564: gcc -c -g -O2  conftest.c >&5
configure:4570: $? = 0
configure:4584: result: yes
configure:4588: checking wchar.h presence
configure:4603: gcc -E  conftest.c
configure:4609: $? = 0
configure:4623: result: yes
configure:4656: checking for wchar.h
configure:4664: result: yes
configure:4547: checking wctype.h usability
configure:4564: gcc -c -g -O2  conftest.c >&5
configure:4570: $? = 0
configure:4584: result: yes
configure:4588: checking wctype.h presence
configure:4603: gcc -E  conftest.c
configure:4609: $? = 0
configure:4623: result: yes
configure:4656: checking for wctype.h
configure:4664: result: yes
configure:4696: checking getopt.h usability
configure:4713: gcc -c -g -O2  conftest.c >&5
configure:4719: $? = 0
configure:4733: result: yes
configure:4737: checking getopt.h presence
configure:4752: gcc -E  conftest.c
configure:4758: $? = 0
configure:4772: result: yes
configure:4805: checking for getopt.h
configure:4813: result: yes
configure:4835: checking for getopt_long_only
configure:4891: gcc -o conftest -g -O2   conftest.c  >&5
configure:4897: $? = 0
configure:4915: result: yes
configure:4930: checking whether optreset is declared
configure:4960: gcc -c -g -O2  conftest.c >&5
conftest.c: In function 'main':
conftest.c:35:10: error: 'optreset' undeclared (first use in this function); did you mean 'optopt'?
   (void) optreset;
          ^~~~~~~~
          optopt
conftest.c:35:10: note: each undeclared identifier is reported only once for each function it appears in
configure:4966: $? = 1
configure: failed program was:
| /* confdefs.h.  */
| #define PACKAGE_NAME "GNU shmm"
| #define PACKAGE_TARNAME "shmm"
| #define PACKAGE_VERSION "1.0"
| #define PACKAGE_STRING "GNU shmm 1.0"
| #define PACKAGE_BUGREPORT "jboffel@gmail.com"
| #define PACKAGE "shmm"
| #define VERSION "1.0"
| #define _GNU_SOURCE 1
| #define STDC_HEADERS 1
| #define HAVE_SYS_TYPES_H 1
| #define HAVE_SYS_STAT_H 1
| #define HAVE_STDLIB_H 1
| #define HAVE_STRING_H 1
| #define HAVE_MEMORY_H 1
| #define HAVE_STRINGS_H 1
| #define HAVE_INTTYPES_H 1
| #define HAVE_STDINT_H 1
| #define HAVE_UNISTD_H 1
| #define HAVE_DECL_STRERROR_R 1
| #define HAVE_STRERROR_R 1
| #define STRERROR_R_CHAR_P 1
| #define HAVE_STDIO_EXT_H 1
| #define HAVE_WCHAR_H 1
| #define HAVE_WCTYPE_H 1
| #define HAVE_GETOPT_H 1
| #define HAVE_GETOPT_LONG_ONLY 1
| /* end confdefs.h.  */
| #include <getopt.h>
| 
| int
| main ()
| {
| #ifndef optreset
|   (void) optreset;
| #endif
| 
|   ;
|   return 0;
| }
configure:4981: result: no
configure:4990: checking for working GNU getopt function
configure:5083: gcc -o conftest -g -O2   conftest.c  >&5
configure:5086: $? = 0
configure:5092: ./conftest
conftest: invalid option -- '+'
configure:5095: $? = 0
configure:5111: result: yes
configure:5118: checking whether getenv is declared
configure:5147: gcc -c -g -O2  conftest.c >&5
configure:5153: $? = 0
configure:5168: result: yes
configure:5186: checking for inline
configure:5212: gcc -c -g -O2  conftest.c >&5
configure:5218: $? = 0
configure:5236: result: inline
configure:5266: checking for iswprint
configure:5322: gcc -o conftest -g -O2   conftest.c  >&5
conftest.c:53:6: warning: conflicting types for built-in function 'iswprint' [-Wbuiltin-declaration-mismatch]
 char iswprint ();
      ^~~~~~~~
configure:5328: $? = 0
configure:5346: result: yes
configure:5266: checking for mbsinit
configure:5322: gcc -o conftest -g -O2   conftest.c  >&5
configure:5328: $? = 0
configure:5346: result: yes
configure:5360: checking for stdbool.h that conforms to C99
configure:5453: gcc -c -g -O2  conftest.c >&5
configure:5459: $? = 0
configure:5474: result: yes
configure:5476: checking for _Bool
configure:5506: gcc -c -g -O2  conftest.c >&5
configure:5512: $? = 0
configure:5527: result: yes
configure:5577: checking for error_at_line
configure:5603: gcc -o conftest -g -O2   conftest.c  >&5
configure:5609: $? = 0
configure:5626: result: yes
configure:5653: checking for __fpending
configure:5709: gcc -o conftest -g -O2   conftest.c  >&5
configure:5715: $? = 0
configure:5733: result: yes
configure:5751: checking whether __fpending is declared
configure:5781: gcc -c -g -O2  conftest.c >&5
configure:5787: $? = 0
configure:5802: result: yes
configure:5944: checking whether the compiler generally respects inline
configure:5975: gcc -c -g -O2  conftest.c >&5
configure:5981: $? = 0
configure:5998: result: yes
configure:6027: checking for mbstate_t
configure:6054: gcc -c -g -O2  conftest.c >&5
configure:6060: $? = 0
configure:6075: result: yes
configure:6091: checking whether mbrtowc and mbstate_t are properly declared
configure:6121: gcc -o conftest -g -O2   conftest.c  >&5
configure:6127: $? = 0
configure:6144: result: yes
configure:6180: checking for unistd.h
configure:6186: result: yes
configure:6365: checking whether NLS is requested
configure:6374: result: yes
configure:6412: checking for msgfmt
configure: trying /usr/bin/msgfmt...
0 translated messages.
configure:6444: result: /usr/bin/msgfmt
configure:6453: checking for gmsgfmt
configure:6484: result: /usr/bin/msgfmt
configure:6535: checking for xgettext
configure: trying /usr/bin/xgettext...
/usr/bin/xgettext: warning: file '/dev/null' extension '' is unknown; will try C
configure:6567: result: /usr/bin/xgettext
configure:6613: checking for msgmerge
configure: trying /usr/bin/msgmerge...
configure:6644: result: /usr/bin/msgmerge
configure:6698: checking for ld used by GCC
configure:6762: result: /usr/bin/ld
configure:6771: checking if the linker (/usr/bin/ld) is GNU ld
configure:6784: result: yes
configure:6791: checking for shared library run path origin
configure:6804: result: done
configure:7264: checking for CFPreferencesCopyAppValue
configure:7292: gcc -o conftest -g -O2   conftest.c  -Wl,-framework -Wl,CoreFoundation >&5
conftest.c:41:10: fatal error: CoreFoundation/CFPreferences.h: No such file or directory
 #include <CoreFoundation/CFPreferences.h>
          ^~~~~~~~~~~~~~~~~~~~~~~~~~~~~~~~
compilation terminated.
configure:7298: $? = 1
configure: failed program was:
| /* confdefs.h.  */
| #define PACKAGE_NAME "GNU shmm"
| #define PACKAGE_TARNAME "shmm"
| #define PACKAGE_VERSION "1.0"
| #define PACKAGE_STRING "GNU shmm 1.0"
| #define PACKAGE_BUGREPORT "jboffel@gmail.com"
| #define PACKAGE "shmm"
| #define VERSION "1.0"
| #define _GNU_SOURCE 1
| #define STDC_HEADERS 1
| #define HAVE_SYS_TYPES_H 1
| #define HAVE_SYS_STAT_H 1
| #define HAVE_STDLIB_H 1
| #define HAVE_STRING_H 1
| #define HAVE_MEMORY_H 1
| #define HAVE_STRINGS_H 1
| #define HAVE_INTTYPES_H 1
| #define HAVE_STDINT_H 1
| #define HAVE_UNISTD_H 1
| #define HAVE_DECL_STRERROR_R 1
| #define HAVE_STRERROR_R 1
| #define STRERROR_R_CHAR_P 1
| #define HAVE_STDIO_EXT_H 1
| #define HAVE_WCHAR_H 1
| #define HAVE_WCTYPE_H 1
| #define HAVE_GETOPT_H 1
| #define HAVE_GETOPT_LONG_ONLY 1
| #define HAVE_DECL_GETENV 1
| #define HAVE_ISWPRINT 1
| #define HAVE_MBSINIT 1
| #define HAVE__BOOL 1
| #define HAVE_STDBOOL_H 1
| #define GNULIB_CLOSE_STREAM 1
| #define HAVE___FPENDING 1
| #define HAVE_DECL___FPENDING 1
| #define HAVE_INLINE 1
| #define HAVE_MBSTATE_T 1
| #define HAVE_MBRTOWC 1
| #define HAVE_UNISTD_H 1
| /* end confdefs.h.  */
| #include <CoreFoundation/CFPreferences.h>
| int
| main ()
| {
| CFPreferencesCopyAppValue(NULL, NULL)
|   ;
|   return 0;
| }
configure:7316: result: no
configure:7325: checking for CFLocaleCopyCurrent
configure:7353: gcc -o conftest -g -O2   conftest.c  -Wl,-framework -Wl,CoreFoundation >&5
conftest.c:41:10: fatal error: CoreFoundation/CFLocale.h: No such file or directory
 #include <CoreFoundation/CFLocale.h>
          ^~~~~~~~~~~~~~~~~~~~~~~~~~~
compilation terminated.
configure:7359: $? = 1
configure: failed program was:
| /* confdefs.h.  */
| #define PACKAGE_NAME "GNU shmm"
| #define PACKAGE_TARNAME "shmm"
| #define PACKAGE_VERSION "1.0"
| #define PACKAGE_STRING "GNU shmm 1.0"
| #define PACKAGE_BUGREPORT "jboffel@gmail.com"
| #define PACKAGE "shmm"
| #define VERSION "1.0"
| #define _GNU_SOURCE 1
| #define STDC_HEADERS 1
| #define HAVE_SYS_TYPES_H 1
| #define HAVE_SYS_STAT_H 1
| #define HAVE_STDLIB_H 1
| #define HAVE_STRING_H 1
| #define HAVE_MEMORY_H 1
| #define HAVE_STRINGS_H 1
| #define HAVE_INTTYPES_H 1
| #define HAVE_STDINT_H 1
| #define HAVE_UNISTD_H 1
| #define HAVE_DECL_STRERROR_R 1
| #define HAVE_STRERROR_R 1
| #define STRERROR_R_CHAR_P 1
| #define HAVE_STDIO_EXT_H 1
| #define HAVE_WCHAR_H 1
| #define HAVE_WCTYPE_H 1
| #define HAVE_GETOPT_H 1
| #define HAVE_GETOPT_LONG_ONLY 1
| #define HAVE_DECL_GETENV 1
| #define HAVE_ISWPRINT 1
| #define HAVE_MBSINIT 1
| #define HAVE__BOOL 1
| #define HAVE_STDBOOL_H 1
| #define GNULIB_CLOSE_STREAM 1
| #define HAVE___FPENDING 1
| #define HAVE_DECL___FPENDING 1
| #define HAVE_INLINE 1
| #define HAVE_MBSTATE_T 1
| #define HAVE_MBRTOWC 1
| #define HAVE_UNISTD_H 1
| /* end confdefs.h.  */
| #include <CoreFoundation/CFLocale.h>
| int
| main ()
| {
| CFLocaleCopyCurrent();
|   ;
|   return 0;
| }
configure:7377: result: no
configure:7428: checking for GNU gettext in libc
configure:7458: gcc -o conftest -g -O2   conftest.c  >&5
configure:7464: $? = 0
configure:7482: result: yes
configure:8201: checking whether to use NLS
configure:8203: result: yes
configure:8206: checking where the gettext function comes from
configure:8217: result: libc
configure:8418: creating ./config.status

## ---------------------- ##
## Running config.status. ##
## ---------------------- ##

This file was extended by GNU shmm config.status 1.0, which was
generated by GNU Autoconf 2.61.  Invocation command line was

  CONFIG_FILES    = 
  CONFIG_HEADERS  = 
  CONFIG_LINKS    = 
  CONFIG_COMMANDS = 
  $ ./config.status 

on rishon

config.status:687: creating Makefile
config.status:687: creating contrib/Makefile
config.status:687: creating doc/Makefile
config.status:687: creating gnulib/lib/Makefile
config.status:687: creating man/Makefile
config.status:687: creating po/Makefile.in
config.status:687: creating src/Makefile
config.status:687: creating config.h
config.status:937: config.h is unchanged
config.status:983: executing depfiles commands
config.status:983: executing po-directories commands

## ---------------- ##
## Cache variables. ##
## ---------------- ##

ac_cv_build=x86_64-unknown-linux-gnu
ac_cv_c_compiler_gnu=yes
ac_cv_c_inline=inline
ac_cv_env_CC_set=
ac_cv_env_CC_value=
ac_cv_env_CFLAGS_set=
ac_cv_env_CFLAGS_value=
ac_cv_env_CPPFLAGS_set=
ac_cv_env_CPPFLAGS_value=
ac_cv_env_CPP_set=
ac_cv_env_CPP_value=
ac_cv_env_LDFLAGS_set=
ac_cv_env_LDFLAGS_value=
ac_cv_env_LIBS_set=
ac_cv_env_LIBS_value=
ac_cv_env_build_alias_set=
ac_cv_env_build_alias_value=
ac_cv_env_host_alias_set=
ac_cv_env_host_alias_value=
ac_cv_env_target_alias_set=
ac_cv_env_target_alias_value=
ac_cv_func___fpending=yes
ac_cv_func_getopt_long_only=yes
ac_cv_func_iswprint=yes
ac_cv_func_mbsinit=yes
ac_cv_func_strerror_r=yes
ac_cv_func_strerror_r_char_p=yes
ac_cv_have_decl___fpending=yes
ac_cv_have_decl_getenv=yes
ac_cv_have_decl_optreset=no
ac_cv_have_decl_strerror_r=yes
ac_cv_header_getopt_h=yes
ac_cv_header_inttypes_h=yes
ac_cv_header_memory_h=yes
ac_cv_header_stdbool_h=yes
ac_cv_header_stdc=yes
ac_cv_header_stdint_h=yes
ac_cv_header_stdio_ext_h=yes
ac_cv_header_stdlib_h=yes
ac_cv_header_string_h=yes
ac_cv_header_strings_h=yes
ac_cv_header_sys_stat_h=yes
ac_cv_header_sys_types_h=yes
ac_cv_header_unistd_h=yes
ac_cv_header_wchar_h=yes
ac_cv_header_wctype_h=yes
ac_cv_host=x86_64-unknown-linux-gnu
ac_cv_lib_error_at_line=yes
ac_cv_objext=o
ac_cv_path_EGREP='/bin/grep -E'
ac_cv_path_GMSGFMT=/usr/bin/msgfmt
ac_cv_path_GREP=/bin/grep
ac_cv_path_MSGFMT=/usr/bin/msgfmt
ac_cv_path_MSGMERGE=/usr/bin/msgmerge
ac_cv_path_XGETTEXT=/usr/bin/xgettext
ac_cv_path_install='/usr/bin/install -c'
ac_cv_path_mkdir=/bin/mkdir
ac_cv_prog_AWK=gawk
ac_cv_prog_CPP='gcc -E'
ac_cv_prog_ac_ct_CC=gcc
ac_cv_prog_ac_ct_RANLIB=ranlib
ac_cv_prog_cc_c89=
ac_cv_prog_cc_g=yes
ac_cv_prog_make_make_set=yes
ac_cv_type__Bool=yes
ac_cv_type_mbstate_t=yes
acl_cv_hardcode_direct=no
acl_cv_hardcode_libdir_flag_spec='${wl}-rpath ${wl}$libdir'
acl_cv_hardcode_libdir_separator=
acl_cv_hardcode_minus_L=no
acl_cv_libext=a
acl_cv_path_LD=/usr/bin/ld
acl_cv_prog_gnu_ld=yes
acl_cv_rpath=done
acl_cv_shlibext=so
acl_cv_wl=-Wl,
am_cv_CC_dependencies_compiler_type=gcc3
gl_cv_c_inline_effective=yes
gl_cv_func_gnu_getopt=yes
gl_cv_func_mbrtowc=yes
gt_cv_func_CFLocaleCopyCurrent=no
gt_cv_func_CFPreferencesCopyAppValue=no
gt_cv_func_gnugettext1_libc=yes

## ----------------- ##
## Output variables. ##
## ----------------- ##

ACLOCAL='${SHELL} /home/carolhanna/Security_Project/gnu_dataset/shmm-1.0/build-aux/missing --run aclocal-1.10'
AMDEPBACKSLASH='\'
AMDEP_FALSE='#'
AMDEP_TRUE=''
AMTAR='${SHELL} /home/carolhanna/Security_Project/gnu_dataset/shmm-1.0/build-aux/missing --run tar'
AUTOCONF='${SHELL} /home/carolhanna/Security_Project/gnu_dataset/shmm-1.0/build-aux/missing --run autoconf'
AUTOHEADER='${SHELL} /home/carolhanna/Security_Project/gnu_dataset/shmm-1.0/build-aux/missing --run autoheader'
AUTOMAKE='${SHELL} /home/carolhanna/Security_Project/gnu_dataset/shmm-1.0/build-aux/missing --run automake-1.10'
AWK='gawk'
CC='gcc'
CCDEPMODE='depmode=gcc3'
CFLAGS='-g -O2'
CPP='gcc -E'
CPPFLAGS=''
CYGPATH_W='echo'
DEFS='-DHAVE_CONFIG_H'
DEPDIR='.deps'
ECHO_C=''
ECHO_N='-n'
ECHO_T=''
EGREP='/bin/grep -E'
EXEEXT=''
GETOPT_H=''
GL_COND_LIBTOOL_FALSE=''
GL_COND_LIBTOOL_TRUE='#'
GMSGFMT='/usr/bin/msgfmt'
GMSGFMT_015='/usr/bin/msgfmt'
GREP='/bin/grep'
HAVE__BOOL='1'
HELP2MAN='${SHELL} /home/carolhanna/Security_Project/gnu_dataset/shmm-1.0/build-aux/missing --run help2man'
INSTALL_DATA='${INSTALL} -m 644'
INSTALL_PROGRAM='${INSTALL}'
INSTALL_SCRIPT='${INSTALL}'
INSTALL_STRIP_PROGRAM='$(install_sh) -c -s'
INTLLIBS=''
INTL_MACOSX_LIBS=''
LDFLAGS=''
LIBGNU_LIBDEPS=''
LIBGNU_LTLIBDEPS=''
LIBICONV='-liconv'
LIBINTL=''
LIBOBJS=''
LIBS=''
LTLIBICONV='-liconv'
LTLIBINTL=''
LTLIBOBJS=''
MAKEINFO='${SHELL} /home/carolhanna/Security_Project/gnu_dataset/shmm-1.0/build-aux/missing --run makeinfo'
MSGFMT='/usr/bin/msgfmt'
MSGFMT_015='/usr/bin/msgfmt'
MSGMERGE='/usr/bin/msgmerge'
OBJEXT='o'
PACKAGE='shmm'
PACKAGE_BUGREPORT='jboffel@gmail.com'
PACKAGE_NAME='GNU shmm'
PACKAGE_STRING='GNU shmm 1.0'
PACKAGE_TARNAME='shmm'
PACKAGE_VERSION='1.0'
PATH_SEPARATOR=':'
POSUB='po'
RANLIB='ranlib'
SET_MAKE=''
SHELL='/bin/bash'
STDBOOL_H=''
STRIP=''
UNISTD_H=''
USE_NLS='yes'
VERSION='1.0'
XGETTEXT='/usr/bin/xgettext'
XGETTEXT_015='/usr/bin/xgettext'
ac_ct_CC='gcc'
am__fastdepCC_FALSE='#'
am__fastdepCC_TRUE=''
am__include='include'
am__isrc=''
am__leading_dot='.'
am__quote=''
am__tar='${AMTAR} chof - "$$tardir"'
am__untar='${AMTAR} xf -'
bindir='${exec_prefix}/bin'
build='x86_64-unknown-linux-gnu'
build_alias=''
build_cpu='x86_64'
build_os='linux-gnu'
build_vendor='unknown'
datadir='${datarootdir}'
datarootdir='${prefix}/share'
docdir='${datarootdir}/doc/${PACKAGE_TARNAME}'
dvidir='${docdir}'
exec_prefix='${prefix}'
gl_LIBOBJS=' close-stream.o closeout.o exitfail.o quotearg.o xmalloc.o'
gl_LTLIBOBJS=' close-stream.lo closeout.lo exitfail.lo quotearg.lo xmalloc.lo'
host='x86_64-unknown-linux-gnu'
host_alias=''
host_cpu='x86_64'
host_os='linux-gnu'
host_vendor='unknown'
htmldir='${docdir}'
includedir='${prefix}/include'
infodir='${datarootdir}/info'
install_sh='$(SHELL) /home/carolhanna/Security_Project/gnu_dataset/shmm-1.0/build-aux/install-sh'
libdir='${exec_prefix}/lib'
libexecdir='${exec_prefix}/libexec'
localedir='${datarootdir}/locale'
localstatedir='${prefix}/var'
mandir='${datarootdir}/man'
mkdir_p='/bin/mkdir -p'
oldincludedir='/usr/include'
pdfdir='${docdir}'
prefix='/usr/local'
program_transform_name='s,x,x,'
psdir='${docdir}'
sbindir='${exec_prefix}/sbin'
sharedstatedir='${prefix}/com'
sysconfdir='${prefix}/etc'
target_alias=''

## ----------- ##
## confdefs.h. ##
## ----------- ##

#define PACKAGE_NAME "GNU shmm"
#define PACKAGE_TARNAME "shmm"
#define PACKAGE_VERSION "1.0"
#define PACKAGE_STRING "GNU shmm 1.0"
#define PACKAGE_BUGREPORT "jboffel@gmail.com"
#define PACKAGE "shmm"
#define VERSION "1.0"
#define _GNU_SOURCE 1
#define STDC_HEADERS 1
#define HAVE_SYS_TYPES_H 1
#define HAVE_SYS_STAT_H 1
#define HAVE_STDLIB_H 1
#define HAVE_STRING_H 1
#define HAVE_MEMORY_H 1
#define HAVE_STRINGS_H 1
#define HAVE_INTTYPES_H 1
#define HAVE_STDINT_H 1
#define HAVE_UNISTD_H 1
#define HAVE_DECL_STRERROR_R 1
#define HAVE_STRERROR_R 1
#define STRERROR_R_CHAR_P 1
#define HAVE_STDIO_EXT_H 1
#define HAVE_WCHAR_H 1
#define HAVE_WCTYPE_H 1
#define HAVE_GETOPT_H 1
#define HAVE_GETOPT_LONG_ONLY 1
#define HAVE_DECL_GETENV 1
#define HAVE_ISWPRINT 1
#define HAVE_MBSINIT 1
#define HAVE__BOOL 1
#define HAVE_STDBOOL_H 1
#define GNULIB_CLOSE_STREAM 1
#define HAVE___FPENDING 1
#define HAVE_DECL___FPENDING 1
#define HAVE_INLINE 1
#define HAVE_MBSTATE_T 1
#define HAVE_MBRTOWC 1
#define HAVE_UNISTD_H 1
#define ENABLE_NLS 1
#define HAVE_GETTEXT 1
#define HAVE_DCGETTEXT 1

configure: exit 0
