This file contains any messages produced by compilers while
running configure, to aid debugging if configure makes a mistake.

It was created by gvpe configure 3.1, which was
generated by GNU Autoconf 2.69.  Invocation command line was

  $ ./configure 

## --------- ##
## Platform. ##
## --------- ##

hostname = rishon
uname -m = x86_64
uname -r = 4.15.0-72-generic
uname -s = Linux
uname -v = #81-Ubuntu SMP Tue Nov 26 12:20:02 UTC 2019

/usr/bin/uname -p = unknown
/bin/uname -X     = unknown

/bin/arch              = unknown
/usr/bin/arch -k       = unknown
/usr/convex/getsysinfo = unknown
/usr/bin/hostinfo      = unknown
/bin/machine           = unknown
/usr/bin/oslevel       = unknown
/bin/universe          = unknown

PATH: /home/carolhanna/miniconda3/bin
PATH: /home/carolhanna/miniconda3/condabin
PATH: /usr/local/sbin
PATH: /usr/local/bin
PATH: /usr/sbin
PATH: /usr/bin
PATH: /sbin
PATH: /bin
PATH: /usr/games
PATH: /usr/local/games
PATH: /snap/bin


## ----------- ##
## Core tests. ##
## ----------- ##

configure:2618: checking build system type
configure:2632: result: x86_64-pc-linux-gnu
configure:2652: checking host system type
configure:2665: result: x86_64-pc-linux-gnu
configure:2685: checking target system type
configure:2698: result: x86_64-pc-linux-gnu
configure:2739: checking for a BSD-compatible install
configure:2807: result: /usr/bin/install -c
configure:2818: checking whether build environment is sane
configure:2855: result: yes
configure:2885: checking for gawk
configure:2901: found /usr/bin/gawk
configure:2912: result: gawk
configure:2923: checking whether make sets $(MAKE)
configure:2945: result: yes
configure:3121: checking whether to enable maintainer-specific portions of Makefiles
configure:3130: result: no
configure:3165: checking for msgfmt
configure:3193: result: /usr/bin/msgfmt
configure:3202: checking for gmsgfmt
configure:3233: result: /usr/bin/msgfmt
configure:3244: checking for xgettext
configure:3272: result: /usr/bin/xgettext
configure:3283: checking for msgmerge
configure:3310: result: /usr/bin/msgmerge
configure:3373: checking for style of include used by make
configure:3401: result: GNU
configure:3474: checking for gcc
configure:3490: found /usr/bin/gcc
configure:3501: result: gcc
configure:3730: checking for C compiler version
configure:3739: gcc --version >&5
gcc (Ubuntu 7.5.0-3ubuntu1~18.04) 7.5.0
Copyright (C) 2017 Free Software Foundation, Inc.
This is free software; see the source for copying conditions.  There is NO
warranty; not even for MERCHANTABILITY or FITNESS FOR A PARTICULAR PURPOSE.

configure:3750: $? = 0
configure:3739: gcc -v >&5
Using built-in specs.
COLLECT_GCC=gcc
COLLECT_LTO_WRAPPER=/usr/lib/gcc/x86_64-linux-gnu/7/lto-wrapper
OFFLOAD_TARGET_NAMES=nvptx-none
OFFLOAD_TARGET_DEFAULT=1
Target: x86_64-linux-gnu
Configured with: ../src/configure -v --with-pkgversion='Ubuntu 7.5.0-3ubuntu1~18.04' --with-bugurl=file:///usr/share/doc/gcc-7/README.Bugs --enable-languages=c,ada,c++,go,brig,d,fortran,objc,obj-c++ --prefix=/usr --with-gcc-major-version-only --program-suffix=-7 --program-prefix=x86_64-linux-gnu- --enable-shared --enable-linker-build-id --libexecdir=/usr/lib --without-included-gettext --enable-threads=posix --libdir=/usr/lib --enable-nls --enable-bootstrap --enable-clocale=gnu --enable-libstdcxx-debug --enable-libstdcxx-time=yes --with-default-libstdcxx-abi=new --enable-gnu-unique-object --disable-vtable-verify --enable-libmpx --enable-plugin --enable-default-pie --with-system-zlib --with-target-system-zlib --enable-objc-gc=auto --enable-multiarch --disable-werror --with-arch-32=i686 --with-abi=m64 --with-multilib-list=m32,m64,mx32 --enable-multilib --with-tune=generic --enable-offload-targets=nvptx-none --without-cuda-driver --enable-checking=release --build=x86_64-linux-gnu --host=x86_64-linux-gnu --target=x86_64-linux-gnu
Thread model: posix
gcc version 7.5.0 (Ubuntu 7.5.0-3ubuntu1~18.04) 
configure:3750: $? = 0
configure:3739: gcc -V >&5
gcc: error: unrecognized command line option '-V'
gcc: fatal error: no input files
compilation terminated.
configure:3750: $? = 1
configure:3739: gcc -qversion >&5
gcc: error: unrecognized command line option '-qversion'; did you mean '--version'?
gcc: fatal error: no input files
compilation terminated.
configure:3750: $? = 1
configure:3770: checking whether the C compiler works
configure:3792: gcc    conftest.c  >&5
configure:3796: $? = 0
configure:3844: result: yes
configure:3847: checking for C compiler default output file name
configure:3849: result: a.out
configure:3855: checking for suffix of executables
configure:3862: gcc -o conftest    conftest.c  >&5
configure:3866: $? = 0
configure:3888: result: 
configure:3910: checking whether we are cross compiling
configure:3918: gcc -o conftest    conftest.c  >&5
configure:3922: $? = 0
configure:3929: ./conftest
configure:3933: $? = 0
configure:3948: result: no
configure:3953: checking for suffix of object files
configure:3975: gcc -c   conftest.c >&5
configure:3979: $? = 0
configure:4000: result: o
configure:4004: checking whether we are using the GNU C compiler
configure:4023: gcc -c   conftest.c >&5
configure:4023: $? = 0
configure:4032: result: yes
configure:4041: checking whether gcc accepts -g
configure:4061: gcc -c -g  conftest.c >&5
configure:4061: $? = 0
configure:4102: result: yes
configure:4119: checking for gcc option to accept ISO C89
configure:4182: gcc  -c -g -O2  conftest.c >&5
configure:4182: $? = 0
configure:4195: result: none needed
configure:4217: checking dependency style of gcc
configure:4300: result: gcc3
configure:4328: checking for ld used by GCC
configure:4391: result: /usr/bin/ld
configure:4398: checking if the linker (/usr/bin/ld) is GNU ld
GNU ld (GNU Binutils for Ubuntu) 2.30
configure:4410: result: yes
configure:4416: checking for shared library run path origin
configure:4429: result: done
configure:4847: checking whether NLS is requested
configure:4856: result: yes
configure:4873: checking for GNU gettext in libc
configure:4892: gcc -o conftest -g -O2   conftest.c  >&5
conftest.c: In function 'main':
conftest.c:18:8: warning: cast from pointer to integer of different size [-Wpointer-to-int-cast]
 return (int) gettext ("") + _nl_msg_cat_cntr + *_nl_domain_bindings
        ^
configure:4892: $? = 0
configure:4900: result: yes
configure:5550: checking how to run the C preprocessor
configure:5581: gcc -E  conftest.c
configure:5581: $? = 0
configure:5595: gcc -E  conftest.c
conftest.c:15:10: fatal error: ac_nonexistent.h: No such file or directory
 #include <ac_nonexistent.h>
          ^~~~~~~~~~~~~~~~~~
compilation terminated.
configure:5595: $? = 1
configure: failed program was:
| /* confdefs.h */
| #define PACKAGE_NAME "gvpe"
| #define PACKAGE_TARNAME "gvpe"
| #define PACKAGE_VERSION "3.1"
| #define PACKAGE_STRING "gvpe 3.1"
| #define PACKAGE_BUGREPORT ""
| #define PACKAGE_URL ""
| #define PACKAGE "gvpe"
| #define VERSION "3.1"
| #define ENABLE_NLS 1
| #define HAVE_GETTEXT 1
| #define HAVE_DCGETTEXT 1
| #define _GNU_SOURCE 1
| /* end confdefs.h.  */
| #include <ac_nonexistent.h>
configure:5620: result: gcc -E
configure:5640: gcc -E  conftest.c
configure:5640: $? = 0
configure:5654: gcc -E  conftest.c
conftest.c:15:10: fatal error: ac_nonexistent.h: No such file or directory
 #include <ac_nonexistent.h>
          ^~~~~~~~~~~~~~~~~~
compilation terminated.
configure:5654: $? = 1
configure: failed program was:
| /* confdefs.h */
| #define PACKAGE_NAME "gvpe"
| #define PACKAGE_TARNAME "gvpe"
| #define PACKAGE_VERSION "3.1"
| #define PACKAGE_STRING "gvpe 3.1"
| #define PACKAGE_BUGREPORT ""
| #define PACKAGE_URL ""
| #define PACKAGE "gvpe"
| #define VERSION "3.1"
| #define ENABLE_NLS 1
| #define HAVE_GETTEXT 1
| #define HAVE_DCGETTEXT 1
| #define _GNU_SOURCE 1
| /* end confdefs.h.  */
| #include <ac_nonexistent.h>
configure:5740: checking for g++
configure:5756: found /usr/bin/g++
configure:5767: result: g++
configure:5794: checking for C++ compiler version
configure:5803: g++ --version >&5
g++ (Ubuntu 7.5.0-3ubuntu1~18.04) 7.5.0
Copyright (C) 2017 Free Software Foundation, Inc.
This is free software; see the source for copying conditions.  There is NO
warranty; not even for MERCHANTABILITY or FITNESS FOR A PARTICULAR PURPOSE.

configure:5814: $? = 0
configure:5803: g++ -v >&5
Using built-in specs.
COLLECT_GCC=g++
COLLECT_LTO_WRAPPER=/usr/lib/gcc/x86_64-linux-gnu/7/lto-wrapper
OFFLOAD_TARGET_NAMES=nvptx-none
OFFLOAD_TARGET_DEFAULT=1
Target: x86_64-linux-gnu
Configured with: ../src/configure -v --with-pkgversion='Ubuntu 7.5.0-3ubuntu1~18.04' --with-bugurl=file:///usr/share/doc/gcc-7/README.Bugs --enable-languages=c,ada,c++,go,brig,d,fortran,objc,obj-c++ --prefix=/usr --with-gcc-major-version-only --program-suffix=-7 --program-prefix=x86_64-linux-gnu- --enable-shared --enable-linker-build-id --libexecdir=/usr/lib --without-included-gettext --enable-threads=posix --libdir=/usr/lib --enable-nls --enable-bootstrap --enable-clocale=gnu --enable-libstdcxx-debug --enable-libstdcxx-time=yes --with-default-libstdcxx-abi=new --enable-gnu-unique-object --disable-vtable-verify --enable-libmpx --enable-plugin --enable-default-pie --with-system-zlib --with-target-system-zlib --enable-objc-gc=auto --enable-multiarch --disable-werror --with-arch-32=i686 --with-abi=m64 --with-multilib-list=m32,m64,mx32 --enable-multilib --with-tune=generic --enable-offload-targets=nvptx-none --without-cuda-driver --enable-checking=release --build=x86_64-linux-gnu --host=x86_64-linux-gnu --target=x86_64-linux-gnu
Thread model: posix
gcc version 7.5.0 (Ubuntu 7.5.0-3ubuntu1~18.04) 
configure:5814: $? = 0
configure:5803: g++ -V >&5
g++: error: unrecognized command line option '-V'
g++: fatal error: no input files
compilation terminated.
configure:5814: $? = 1
configure:5803: g++ -qversion >&5
g++: error: unrecognized command line option '-qversion'; did you mean '--version'?
g++: fatal error: no input files
compilation terminated.
configure:5814: $? = 1
configure:5818: checking whether we are using the GNU C++ compiler
configure:5837: g++ -c   conftest.cpp >&5
configure:5837: $? = 0
configure:5846: result: yes
configure:5855: checking whether g++ accepts -g
configure:5875: g++ -c -g  conftest.cpp >&5
configure:5875: $? = 0
configure:5916: result: yes
configure:5941: checking dependency style of g++
configure:6024: result: gcc3
configure:6042: checking for grep that handles long lines and -e
configure:6100: result: /bin/grep
configure:6105: checking for egrep
configure:6167: result: /bin/grep -E
configure:6173: checking whether gcc needs -traditional
configure:6207: result: no
configure:6218: checking for gawk
configure:6245: result: gawk
configure:6257: checking whether ln -s works
configure:6261: result: yes
configure:6268: checking whether make sets $(MAKE)
configure:6290: result: yes
configure:6342: checking for ranlib
configure:6358: found /usr/bin/ranlib
configure:6369: result: ranlib
configure:6402: checking for kernel networking interface type
configure:6461: result: native/linux
configure:6577: checking how to run the C++ preprocessor
configure:6604: g++ -E  conftest.cpp
configure:6604: $? = 0
configure:6618: g++ -E  conftest.cpp
conftest.cpp:18:10: fatal error: ac_nonexistent.h: No such file or directory
 #include <ac_nonexistent.h>
          ^~~~~~~~~~~~~~~~~~
compilation terminated.
configure:6618: $? = 1
configure: failed program was:
| /* confdefs.h */
| #define PACKAGE_NAME "gvpe"
| #define PACKAGE_TARNAME "gvpe"
| #define PACKAGE_VERSION "3.1"
| #define PACKAGE_STRING "gvpe 3.1"
| #define PACKAGE_BUGREPORT ""
| #define PACKAGE_URL ""
| #define PACKAGE "gvpe"
| #define VERSION "3.1"
| #define ENABLE_NLS 1
| #define HAVE_GETTEXT 1
| #define HAVE_DCGETTEXT 1
| #define _GNU_SOURCE 1
| #define HAVE_LINUX 1
| #define IFTYPE "native"
| #define IFSUBTYPE "linux"
| /* end confdefs.h.  */
| #include <ac_nonexistent.h>
configure:6643: result: g++ -E
configure:6663: g++ -E  conftest.cpp
configure:6663: $? = 0
configure:6677: g++ -E  conftest.cpp
conftest.cpp:18:10: fatal error: ac_nonexistent.h: No such file or directory
 #include <ac_nonexistent.h>
          ^~~~~~~~~~~~~~~~~~
compilation terminated.
configure:6677: $? = 1
configure: failed program was:
| /* confdefs.h */
| #define PACKAGE_NAME "gvpe"
| #define PACKAGE_TARNAME "gvpe"
| #define PACKAGE_VERSION "3.1"
| #define PACKAGE_STRING "gvpe 3.1"
| #define PACKAGE_BUGREPORT ""
| #define PACKAGE_URL ""
| #define PACKAGE "gvpe"
| #define VERSION "3.1"
| #define ENABLE_NLS 1
| #define HAVE_GETTEXT 1
| #define HAVE_DCGETTEXT 1
| #define _GNU_SOURCE 1
| #define HAVE_LINUX 1
| #define IFTYPE "native"
| #define IFSUBTYPE "linux"
| /* end confdefs.h.  */
| #include <ac_nonexistent.h>
configure:6706: checking for ANSI C header files
configure:6726: g++ -c -g -O2  conftest.cpp >&5
configure:6726: $? = 0
configure:6799: g++ -o conftest -g -O2   conftest.cpp  >&5
configure:6799: $? = 0
configure:6799: ./conftest
configure:6799: $? = 0
configure:6810: result: yes
configure:6823: checking for sys/types.h
configure:6823: g++ -c -g -O2  conftest.cpp >&5
configure:6823: $? = 0
configure:6823: result: yes
configure:6823: checking for sys/stat.h
configure:6823: g++ -c -g -O2  conftest.cpp >&5
configure:6823: $? = 0
configure:6823: result: yes
configure:6823: checking for stdlib.h
configure:6823: g++ -c -g -O2  conftest.cpp >&5
configure:6823: $? = 0
configure:6823: result: yes
configure:6823: checking for string.h
configure:6823: g++ -c -g -O2  conftest.cpp >&5
configure:6823: $? = 0
configure:6823: result: yes
configure:6823: checking for memory.h
configure:6823: g++ -c -g -O2  conftest.cpp >&5
configure:6823: $? = 0
configure:6823: result: yes
configure:6823: checking for strings.h
configure:6823: g++ -c -g -O2  conftest.cpp >&5
configure:6823: $? = 0
configure:6823: result: yes
configure:6823: checking for inttypes.h
configure:6823: g++ -c -g -O2  conftest.cpp >&5
configure:6823: $? = 0
configure:6823: result: yes
configure:6823: checking for stdint.h
configure:6823: g++ -c -g -O2  conftest.cpp >&5
configure:6823: $? = 0
configure:6823: result: yes
configure:6823: checking for unistd.h
configure:6823: g++ -c -g -O2  conftest.cpp >&5
configure:6823: $? = 0
configure:6823: result: yes
configure:6838: checking tr1/unordered_map usability
configure:6838: g++ -c -g -O2  conftest.cpp >&5
configure:6838: $? = 0
configure:6838: result: yes
configure:6838: checking tr1/unordered_map presence
configure:6838: g++ -E  conftest.cpp
configure:6838: $? = 0
configure:6838: result: yes
configure:6838: checking for tr1/unordered_map
configure:6838: result: yes
configure:6838: checking ext/hash_map usability
configure:6838: g++ -c -g -O2  conftest.cpp >&5
In file included from /usr/include/c++/7/ext/hash_map:60:0,
                 from conftest.cpp:62:
/usr/include/c++/7/backward/backward_warning.h:32:2: warning: #warning This file includes at least one deprecated or antiquated header which may be removed without further notice at a future date. Please use a non-deprecated interface with equivalent functionality instead. For a listing of replacement headers and interfaces, consult the file backward_warning.h. To disable this warning use -Wno-deprecated. [-Wcpp]
 #warning \
  ^~~~~~~
configure:6838: $? = 0
configure:6838: result: yes
configure:6838: checking ext/hash_map presence
configure:6838: g++ -E  conftest.cpp
In file included from /usr/include/c++/7/ext/hash_map:60:0,
                 from conftest.cpp:29:
/usr/include/c++/7/backward/backward_warning.h:32:2: warning: #warning This file includes at least one deprecated or antiquated header which may be removed without further notice at a future date. Please use a non-deprecated interface with equivalent functionality instead. For a listing of replacement headers and interfaces, consult the file backward_warning.h. To disable this warning use -Wno-deprecated. [-Wcpp]
 #warning \
  ^~~~~~~
configure:6838: $? = 0
configure:6838: result: yes
configure:6838: checking for ext/hash_map
configure:6838: result: yes
configure:6838: checking clocale usability
configure:6838: g++ -c -g -O2  conftest.cpp >&5
configure:6838: $? = 0
configure:6838: result: yes
configure:6838: checking clocale presence
configure:6838: g++ -E  conftest.cpp
configure:6838: $? = 0
configure:6838: result: yes
configure:6838: checking for clocale
configure:6838: result: yes
configure:6854: checking fcntl.h usability
configure:6854: g++ -c -g -O2  conftest.cpp >&5
configure:6854: $? = 0
configure:6854: result: yes
configure:6854: checking fcntl.h presence
configure:6854: g++ -E  conftest.cpp
configure:6854: $? = 0
configure:6854: result: yes
configure:6854: checking for fcntl.h
configure:6854: result: yes
configure:6854: checking for inttypes.h
configure:6854: result: yes
configure:6854: checking limits.h usability
configure:6854: g++ -c -g -O2  conftest.cpp >&5
configure:6854: $? = 0
configure:6854: result: yes
configure:6854: checking limits.h presence
configure:6854: g++ -E  conftest.cpp
configure:6854: $? = 0
configure:6854: result: yes
configure:6854: checking for limits.h
configure:6854: result: yes
configure:6854: checking malloc.h usability
configure:6854: g++ -c -g -O2  conftest.cpp >&5
configure:6854: $? = 0
configure:6854: result: yes
configure:6854: checking malloc.h presence
configure:6854: g++ -E  conftest.cpp
configure:6854: $? = 0
configure:6854: result: yes
configure:6854: checking for malloc.h
configure:6854: result: yes
configure:6854: checking for stdint.h
configure:6854: result: yes
configure:6854: checking for strings.h
configure:6854: result: yes
configure:6854: checking syslog.h usability
configure:6854: g++ -c -g -O2  conftest.cpp >&5
configure:6854: $? = 0
configure:6854: result: yes
configure:6854: checking syslog.h presence
configure:6854: g++ -E  conftest.cpp
configure:6854: $? = 0
configure:6854: result: yes
configure:6854: checking for syslog.h
configure:6854: result: yes
configure:6854: checking for unistd.h
configure:6854: result: yes
configure:6854: checking sys/file.h usability
configure:6854: g++ -c -g -O2  conftest.cpp >&5
configure:6854: $? = 0
configure:6854: result: yes
configure:6854: checking sys/file.h presence
configure:6854: g++ -E  conftest.cpp
configure:6854: $? = 0
configure:6854: result: yes
configure:6854: checking for sys/file.h
configure:6854: result: yes
configure:6854: checking sys/ioctl.h usability
configure:6854: g++ -c -g -O2  conftest.cpp >&5
configure:6854: $? = 0
configure:6854: result: yes
configure:6854: checking sys/ioctl.h presence
configure:6854: g++ -E  conftest.cpp
configure:6854: $? = 0
configure:6854: result: yes
configure:6854: checking for sys/ioctl.h
configure:6854: result: yes
configure:6854: checking sys/param.h usability
configure:6854: g++ -c -g -O2  conftest.cpp >&5
configure:6854: $? = 0
configure:6854: result: yes
configure:6854: checking sys/param.h presence
configure:6854: g++ -E  conftest.cpp
configure:6854: $? = 0
configure:6854: result: yes
configure:6854: checking for sys/param.h
configure:6854: result: yes
configure:6854: checking sys/time.h usability
configure:6854: g++ -c -g -O2  conftest.cpp >&5
configure:6854: $? = 0
configure:6854: result: yes
configure:6854: checking sys/time.h presence
configure:6854: g++ -E  conftest.cpp
configure:6854: $? = 0
configure:6854: result: yes
configure:6854: checking for sys/time.h
configure:6854: result: yes
configure:6854: checking netinet/in_systm.h usability
configure:6854: g++ -c -g -O2  conftest.cpp >&5
configure:6854: $? = 0
configure:6854: result: yes
configure:6854: checking netinet/in_systm.h presence
configure:6854: g++ -E  conftest.cpp
configure:6854: $? = 0
configure:6854: result: yes
configure:6854: checking for netinet/in_systm.h
configure:6854: result: yes
configure:6854: checking sys/cygwin.h usability
configure:6854: g++ -c -g -O2  conftest.cpp >&5
conftest.cpp:77:10: fatal error: sys/cygwin.h: No such file or directory
 #include <sys/cygwin.h>
          ^~~~~~~~~~~~~~
compilation terminated.
configure:6854: $? = 1
configure: failed program was:
| /* confdefs.h */
| #define PACKAGE_NAME "gvpe"
| #define PACKAGE_TARNAME "gvpe"
| #define PACKAGE_VERSION "3.1"
| #define PACKAGE_STRING "gvpe 3.1"
| #define PACKAGE_BUGREPORT ""
| #define PACKAGE_URL ""
| #define PACKAGE "gvpe"
| #define VERSION "3.1"
| #define ENABLE_NLS 1
| #define HAVE_GETTEXT 1
| #define HAVE_DCGETTEXT 1
| #define _GNU_SOURCE 1
| #define HAVE_LINUX 1
| #define IFTYPE "native"
| #define IFSUBTYPE "linux"
| #define STDC_HEADERS 1
| #define HAVE_SYS_TYPES_H 1
| #define HAVE_SYS_STAT_H 1
| #define HAVE_STDLIB_H 1
| #define HAVE_STRING_H 1
| #define HAVE_MEMORY_H 1
| #define HAVE_STRINGS_H 1
| #define HAVE_INTTYPES_H 1
| #define HAVE_STDINT_H 1
| #define HAVE_UNISTD_H 1
| #define HAVE_TR1_UNORDERED_MAP 1
| #define HAVE_EXT_HASH_MAP 1
| #define HAVE_CLOCALE 1
| #define HAVE_FCNTL_H 1
| #define HAVE_INTTYPES_H 1
| #define HAVE_LIMITS_H 1
| #define HAVE_MALLOC_H 1
| #define HAVE_STDINT_H 1
| #define HAVE_STRINGS_H 1
| #define HAVE_SYSLOG_H 1
| #define HAVE_UNISTD_H 1
| #define HAVE_SYS_FILE_H 1
| #define HAVE_SYS_IOCTL_H 1
| #define HAVE_SYS_PARAM_H 1
| #define HAVE_SYS_TIME_H 1
| #define HAVE_NETINET_IN_SYSTM_H 1
| /* end confdefs.h.  */
| #include <stdio.h>
| #ifdef HAVE_SYS_TYPES_H
| # include <sys/types.h>
| #endif
| #ifdef HAVE_SYS_STAT_H
| # include <sys/stat.h>
| #endif
| #ifdef STDC_HEADERS
| # include <stdlib.h>
| # include <stddef.h>
| #else
| # ifdef HAVE_STDLIB_H
| #  include <stdlib.h>
| # endif
| #endif
| #ifdef HAVE_STRING_H
| # if !defined STDC_HEADERS && defined HAVE_MEMORY_H
| #  include <memory.h>
| # endif
| # include <string.h>
| #endif
| #ifdef HAVE_STRINGS_H
| # include <strings.h>
| #endif
| #ifdef HAVE_INTTYPES_H
| # include <inttypes.h>
| #endif
| #ifdef HAVE_STDINT_H
| # include <stdint.h>
| #endif
| #ifdef HAVE_UNISTD_H
| # include <unistd.h>
| #endif
| #include <sys/cygwin.h>
configure:6854: result: no
configure:6854: checking sys/cygwin.h presence
configure:6854: g++ -E  conftest.cpp
conftest.cpp:44:10: fatal error: sys/cygwin.h: No such file or directory
 #include <sys/cygwin.h>
          ^~~~~~~~~~~~~~
compilation terminated.
configure:6854: $? = 1
configure: failed program was:
| /* confdefs.h */
| #define PACKAGE_NAME "gvpe"
| #define PACKAGE_TARNAME "gvpe"
| #define PACKAGE_VERSION "3.1"
| #define PACKAGE_STRING "gvpe 3.1"
| #define PACKAGE_BUGREPORT ""
| #define PACKAGE_URL ""
| #define PACKAGE "gvpe"
| #define VERSION "3.1"
| #define ENABLE_NLS 1
| #define HAVE_GETTEXT 1
| #define HAVE_DCGETTEXT 1
| #define _GNU_SOURCE 1
| #define HAVE_LINUX 1
| #define IFTYPE "native"
| #define IFSUBTYPE "linux"
| #define STDC_HEADERS 1
| #define HAVE_SYS_TYPES_H 1
| #define HAVE_SYS_STAT_H 1
| #define HAVE_STDLIB_H 1
| #define HAVE_STRING_H 1
| #define HAVE_MEMORY_H 1
| #define HAVE_STRINGS_H 1
| #define HAVE_INTTYPES_H 1
| #define HAVE_STDINT_H 1
| #define HAVE_UNISTD_H 1
| #define HAVE_TR1_UNORDERED_MAP 1
| #define HAVE_EXT_HASH_MAP 1
| #define HAVE_CLOCALE 1
| #define HAVE_FCNTL_H 1
| #define HAVE_INTTYPES_H 1
| #define HAVE_LIMITS_H 1
| #define HAVE_MALLOC_H 1
| #define HAVE_STDINT_H 1
| #define HAVE_STRINGS_H 1
| #define HAVE_SYSLOG_H 1
| #define HAVE_UNISTD_H 1
| #define HAVE_SYS_FILE_H 1
| #define HAVE_SYS_IOCTL_H 1
| #define HAVE_SYS_PARAM_H 1
| #define HAVE_SYS_TIME_H 1
| #define HAVE_NETINET_IN_SYSTM_H 1
| /* end confdefs.h.  */
| #include <sys/cygwin.h>
configure:6854: result: no
configure:6854: checking for sys/cygwin.h
configure:6854: result: no
configure:6854: checking sys/mman.h usability
configure:6854: g++ -c -g -O2  conftest.cpp >&5
configure:6854: $? = 0
configure:6854: result: yes
configure:6854: checking sys/mman.h presence
configure:6854: g++ -E  conftest.cpp
configure:6854: $? = 0
configure:6854: result: yes
configure:6854: checking for sys/mman.h
configure:6854: result: yes
configure:6854: checking netinet/in.h usability
configure:6854: g++ -c -g -O2  conftest.cpp >&5
configure:6854: $? = 0
configure:6854: result: yes
configure:6854: checking netinet/in.h presence
configure:6854: g++ -E  conftest.cpp
configure:6854: $? = 0
configure:6854: result: yes
configure:6854: checking for netinet/in.h
configure:6854: result: yes
configure:6867: checking for arpa/inet.h
configure:6867: g++ -c -g -O2  conftest.cpp >&5
configure:6867: $? = 0
configure:6867: result: yes
configure:6867: checking for net/ethernet.h
configure:6867: g++ -c -g -O2  conftest.cpp >&5
configure:6867: $? = 0
configure:6867: result: yes
configure:6867: checking for net/if.h
configure:6867: g++ -c -g -O2  conftest.cpp >&5
configure:6867: $? = 0
configure:6867: result: yes
configure:6867: checking for netinet/ip.h
configure:6867: g++ -c -g -O2  conftest.cpp >&5
configure:6867: $? = 0
configure:6867: result: yes
configure:6867: checking for netinet/tcp.h
configure:6867: g++ -c -g -O2  conftest.cpp >&5
configure:6867: $? = 0
configure:6867: result: yes
configure:6867: checking for netinet/in_systm.h
configure:6867: result: yes
configure:6891: checking for an ANSI C-conforming const
configure:6957: g++ -c -g -O2  conftest.cpp >&5
configure:6957: $? = 0
configure:6964: result: yes
configure:6972: checking for pid_t
configure:6972: g++ -c -g -O2  conftest.cpp >&5
configure:6972: $? = 0
configure:6972: g++ -c -g -O2  conftest.cpp >&5
conftest.cpp: In function 'int main()':
conftest.cpp:88:19: error: expected primary-expression before ')' token
 if (sizeof ((pid_t)))
                   ^
configure:6972: $? = 1
configure: failed program was:
| /* confdefs.h */
| #define PACKAGE_NAME "gvpe"
| #define PACKAGE_TARNAME "gvpe"
| #define PACKAGE_VERSION "3.1"
| #define PACKAGE_STRING "gvpe 3.1"
| #define PACKAGE_BUGREPORT ""
| #define PACKAGE_URL ""
| #define PACKAGE "gvpe"
| #define VERSION "3.1"
| #define ENABLE_NLS 1
| #define HAVE_GETTEXT 1
| #define HAVE_DCGETTEXT 1
| #define _GNU_SOURCE 1
| #define HAVE_LINUX 1
| #define IFTYPE "native"
| #define IFSUBTYPE "linux"
| #define STDC_HEADERS 1
| #define HAVE_SYS_TYPES_H 1
| #define HAVE_SYS_STAT_H 1
| #define HAVE_STDLIB_H 1
| #define HAVE_STRING_H 1
| #define HAVE_MEMORY_H 1
| #define HAVE_STRINGS_H 1
| #define HAVE_INTTYPES_H 1
| #define HAVE_STDINT_H 1
| #define HAVE_UNISTD_H 1
| #define HAVE_TR1_UNORDERED_MAP 1
| #define HAVE_EXT_HASH_MAP 1
| #define HAVE_CLOCALE 1
| #define HAVE_FCNTL_H 1
| #define HAVE_INTTYPES_H 1
| #define HAVE_LIMITS_H 1
| #define HAVE_MALLOC_H 1
| #define HAVE_STDINT_H 1
| #define HAVE_STRINGS_H 1
| #define HAVE_SYSLOG_H 1
| #define HAVE_UNISTD_H 1
| #define HAVE_SYS_FILE_H 1
| #define HAVE_SYS_IOCTL_H 1
| #define HAVE_SYS_PARAM_H 1
| #define HAVE_SYS_TIME_H 1
| #define HAVE_NETINET_IN_SYSTM_H 1
| #define HAVE_SYS_MMAN_H 1
| #define HAVE_NETINET_IN_H 1
| #define HAVE_ARPA_INET_H 1
| #define HAVE_NET_ETHERNET_H 1
| #define HAVE_NET_IF_H 1
| #define HAVE_NETINET_IP_H 1
| #define HAVE_NETINET_TCP_H 1
| #define HAVE_NETINET_IN_SYSTM_H 1
| /* end confdefs.h.  */
| #include <stdio.h>
| #ifdef HAVE_SYS_TYPES_H
| # include <sys/types.h>
| #endif
| #ifdef HAVE_SYS_STAT_H
| # include <sys/stat.h>
| #endif
| #ifdef STDC_HEADERS
| # include <stdlib.h>
| # include <stddef.h>
| #else
| # ifdef HAVE_STDLIB_H
| #  include <stdlib.h>
| # endif
| #endif
| #ifdef HAVE_STRING_H
| # if !defined STDC_HEADERS && defined HAVE_MEMORY_H
| #  include <memory.h>
| # endif
| # include <string.h>
| #endif
| #ifdef HAVE_STRINGS_H
| # include <strings.h>
| #endif
| #ifdef HAVE_INTTYPES_H
| # include <inttypes.h>
| #endif
| #ifdef HAVE_STDINT_H
| # include <stdint.h>
| #endif
| #ifdef HAVE_UNISTD_H
| # include <unistd.h>
| #endif
| int
| main ()
| {
| if (sizeof ((pid_t)))
| 	    return 0;
|   ;
|   return 0;
| }
configure:6972: result: yes
configure:6983: checking for size_t
configure:6983: g++ -c -g -O2  conftest.cpp >&5
configure:6983: $? = 0
configure:6983: g++ -c -g -O2  conftest.cpp >&5
conftest.cpp: In function 'int main()':
conftest.cpp:88:20: error: expected primary-expression before ')' token
 if (sizeof ((size_t)))
                    ^
configure:6983: $? = 1
configure: failed program was:
| /* confdefs.h */
| #define PACKAGE_NAME "gvpe"
| #define PACKAGE_TARNAME "gvpe"
| #define PACKAGE_VERSION "3.1"
| #define PACKAGE_STRING "gvpe 3.1"
| #define PACKAGE_BUGREPORT ""
| #define PACKAGE_URL ""
| #define PACKAGE "gvpe"
| #define VERSION "3.1"
| #define ENABLE_NLS 1
| #define HAVE_GETTEXT 1
| #define HAVE_DCGETTEXT 1
| #define _GNU_SOURCE 1
| #define HAVE_LINUX 1
| #define IFTYPE "native"
| #define IFSUBTYPE "linux"
| #define STDC_HEADERS 1
| #define HAVE_SYS_TYPES_H 1
| #define HAVE_SYS_STAT_H 1
| #define HAVE_STDLIB_H 1
| #define HAVE_STRING_H 1
| #define HAVE_MEMORY_H 1
| #define HAVE_STRINGS_H 1
| #define HAVE_INTTYPES_H 1
| #define HAVE_STDINT_H 1
| #define HAVE_UNISTD_H 1
| #define HAVE_TR1_UNORDERED_MAP 1
| #define HAVE_EXT_HASH_MAP 1
| #define HAVE_CLOCALE 1
| #define HAVE_FCNTL_H 1
| #define HAVE_INTTYPES_H 1
| #define HAVE_LIMITS_H 1
| #define HAVE_MALLOC_H 1
| #define HAVE_STDINT_H 1
| #define HAVE_STRINGS_H 1
| #define HAVE_SYSLOG_H 1
| #define HAVE_UNISTD_H 1
| #define HAVE_SYS_FILE_H 1
| #define HAVE_SYS_IOCTL_H 1
| #define HAVE_SYS_PARAM_H 1
| #define HAVE_SYS_TIME_H 1
| #define HAVE_NETINET_IN_SYSTM_H 1
| #define HAVE_SYS_MMAN_H 1
| #define HAVE_NETINET_IN_H 1
| #define HAVE_ARPA_INET_H 1
| #define HAVE_NET_ETHERNET_H 1
| #define HAVE_NET_IF_H 1
| #define HAVE_NETINET_IP_H 1
| #define HAVE_NETINET_TCP_H 1
| #define HAVE_NETINET_IN_SYSTM_H 1
| /* end confdefs.h.  */
| #include <stdio.h>
| #ifdef HAVE_SYS_TYPES_H
| # include <sys/types.h>
| #endif
| #ifdef HAVE_SYS_STAT_H
| # include <sys/stat.h>
| #endif
| #ifdef STDC_HEADERS
| # include <stdlib.h>
| # include <stddef.h>
| #else
| # ifdef HAVE_STDLIB_H
| #  include <stdlib.h>
| # endif
| #endif
| #ifdef HAVE_STRING_H
| # if !defined STDC_HEADERS && defined HAVE_MEMORY_H
| #  include <memory.h>
| # endif
| # include <string.h>
| #endif
| #ifdef HAVE_STRINGS_H
| # include <strings.h>
| #endif
| #ifdef HAVE_INTTYPES_H
| # include <inttypes.h>
| #endif
| #ifdef HAVE_STDINT_H
| # include <stdint.h>
| #endif
| #ifdef HAVE_UNISTD_H
| # include <unistd.h>
| #endif
| int
| main ()
| {
| if (sizeof ((size_t)))
| 	    return 0;
|   ;
|   return 0;
| }
configure:6983: result: yes
configure:6994: checking whether time.h and sys/time.h may both be included
configure:7014: g++ -c -g -O2  conftest.cpp >&5
configure:7014: $? = 0
configure:7021: result: yes
configure:7029: checking whether struct tm is in sys/time.h or time.h
configure:7049: g++ -c -g -O2  conftest.cpp >&5
configure:7049: $? = 0
configure:7056: result: time.h
configure:7065: checking for socklen_t
configure:7083: g++ -c -g -O2  conftest.cpp >&5
configure:7083: $? = 0
configure:7091: result: yes
configure:7099: checking for struct addrinfo
configure:7118: g++ -c -g -O2  conftest.cpp >&5
configure:7118: $? = 0
configure:7126: result: yes
configure:7134: checking return type of signal handlers
configure:7152: g++ -c -g -O2  conftest.cpp >&5
conftest.cpp: In function 'int main()':
conftest.cpp:61:25: error: void value not ignored as it ought to be
 return *(signal (0, 0)) (0) == 1;
         ~~~~~~~~~~~~~~~~^~~
configure:7152: $? = 1
configure: failed program was:
| /* confdefs.h */
| #define PACKAGE_NAME "gvpe"
| #define PACKAGE_TARNAME "gvpe"
| #define PACKAGE_VERSION "3.1"
| #define PACKAGE_STRING "gvpe 3.1"
| #define PACKAGE_BUGREPORT ""
| #define PACKAGE_URL ""
| #define PACKAGE "gvpe"
| #define VERSION "3.1"
| #define ENABLE_NLS 1
| #define HAVE_GETTEXT 1
| #define HAVE_DCGETTEXT 1
| #define _GNU_SOURCE 1
| #define HAVE_LINUX 1
| #define IFTYPE "native"
| #define IFSUBTYPE "linux"
| #define STDC_HEADERS 1
| #define HAVE_SYS_TYPES_H 1
| #define HAVE_SYS_STAT_H 1
| #define HAVE_STDLIB_H 1
| #define HAVE_STRING_H 1
| #define HAVE_MEMORY_H 1
| #define HAVE_STRINGS_H 1
| #define HAVE_INTTYPES_H 1
| #define HAVE_STDINT_H 1
| #define HAVE_UNISTD_H 1
| #define HAVE_TR1_UNORDERED_MAP 1
| #define HAVE_EXT_HASH_MAP 1
| #define HAVE_CLOCALE 1
| #define HAVE_FCNTL_H 1
| #define HAVE_INTTYPES_H 1
| #define HAVE_LIMITS_H 1
| #define HAVE_MALLOC_H 1
| #define HAVE_STDINT_H 1
| #define HAVE_STRINGS_H 1
| #define HAVE_SYSLOG_H 1
| #define HAVE_UNISTD_H 1
| #define HAVE_SYS_FILE_H 1
| #define HAVE_SYS_IOCTL_H 1
| #define HAVE_SYS_PARAM_H 1
| #define HAVE_SYS_TIME_H 1
| #define HAVE_NETINET_IN_SYSTM_H 1
| #define HAVE_SYS_MMAN_H 1
| #define HAVE_NETINET_IN_H 1
| #define HAVE_ARPA_INET_H 1
| #define HAVE_NET_ETHERNET_H 1
| #define HAVE_NET_IF_H 1
| #define HAVE_NETINET_IP_H 1
| #define HAVE_NETINET_TCP_H 1
| #define HAVE_NETINET_IN_SYSTM_H 1
| #define TIME_WITH_SYS_TIME 1
| #define HAVE_SOCKLEN_T 1
| #define HAVE_STRUCT_ADDRINFO 1
| /* end confdefs.h.  */
| #include <sys/types.h>
| #include <signal.h>
| 
| int
| main ()
| {
| return *(signal (0, 0)) (0) == 1;
|   ;
|   return 0;
| }
configure:7159: result: void
configure:7175: checking for ANSI C header files
configure:7279: result: yes
configure:7291: checking for asprintf
configure:7291: gcc -o conftest -g -O2   conftest.c  >&5
configure:7291: $? = 0
configure:7291: result: yes
configure:7291: checking for daemon
configure:7291: gcc -o conftest -g -O2   conftest.c  >&5
configure:7291: $? = 0
configure:7291: result: yes
configure:7291: checking for get_current_dir_name
configure:7291: gcc -o conftest -g -O2   conftest.c  >&5
configure:7291: $? = 0
configure:7291: result: yes
configure:7291: checking for putenv
configure:7291: gcc -o conftest -g -O2   conftest.c  >&5
configure:7291: $? = 0
configure:7291: result: yes
configure:7291: checking for select
configure:7291: gcc -o conftest -g -O2   conftest.c  >&5
configure:7291: $? = 0
configure:7291: result: yes
configure:7291: checking for strerror
configure:7291: gcc -o conftest -g -O2   conftest.c  >&5
configure:7291: $? = 0
configure:7291: result: yes
configure:7291: checking for strsignal
configure:7291: gcc -o conftest -g -O2   conftest.c  >&5
configure:7291: $? = 0
configure:7291: result: yes
configure:7291: checking for strtol
configure:7291: gcc -o conftest -g -O2   conftest.c  >&5
configure:7291: $? = 0
configure:7291: result: yes
configure:7291: checking for unsetenv
configure:7291: gcc -o conftest -g -O2   conftest.c  >&5
configure:7291: $? = 0
configure:7291: result: yes
configure:7291: checking for mlockall
configure:7291: gcc -o conftest -g -O2   conftest.c  >&5
configure:7291: $? = 0
configure:7291: result: yes
configure:7303: checking for working alloca.h
configure:7320: gcc -o conftest -g -O2   conftest.c  >&5
configure:7320: $? = 0
configure:7328: result: yes
configure:7336: checking for alloca
configure:7373: gcc -o conftest -g -O2   conftest.c  >&5
configure:7373: $? = 0
configure:7381: result: yes
configure:7489: checking for socket
configure:7489: gcc -o conftest -g -O2   conftest.c  >&5
configure:7489: $? = 0
configure:7489: result: yes
configure:7542: checking for gethostbyname
configure:7542: gcc -o conftest -g -O2   conftest.c  >&5
configure:7542: $? = 0
configure:7542: result: yes
configure:7600: checking sys/inotify.h usability
configure:7600: gcc -c -g -O2  conftest.c >&5
configure:7600: $? = 0
configure:7600: result: yes
configure:7600: checking sys/inotify.h presence
configure:7600: gcc -E  conftest.c
configure:7600: $? = 0
configure:7600: result: yes
configure:7600: checking for sys/inotify.h
configure:7600: result: yes
configure:7600: checking sys/epoll.h usability
configure:7600: gcc -c -g -O2  conftest.c >&5
configure:7600: $? = 0
configure:7600: result: yes
configure:7600: checking sys/epoll.h presence
configure:7600: gcc -E  conftest.c
configure:7600: $? = 0
configure:7600: result: yes
configure:7600: checking for sys/epoll.h
configure:7600: result: yes
configure:7600: checking sys/event.h usability
configure:7600: gcc -c -g -O2  conftest.c >&5
conftest.c:104:10: fatal error: sys/event.h: No such file or directory
 #include <sys/event.h>
          ^~~~~~~~~~~~~
compilation terminated.
configure:7600: $? = 1
configure: failed program was:
| /* confdefs.h */
| #define PACKAGE_NAME "gvpe"
| #define PACKAGE_TARNAME "gvpe"
| #define PACKAGE_VERSION "3.1"
| #define PACKAGE_STRING "gvpe 3.1"
| #define PACKAGE_BUGREPORT ""
| #define PACKAGE_URL ""
| #define PACKAGE "gvpe"
| #define VERSION "3.1"
| #define ENABLE_NLS 1
| #define HAVE_GETTEXT 1
| #define HAVE_DCGETTEXT 1
| #define _GNU_SOURCE 1
| #define HAVE_LINUX 1
| #define IFTYPE "native"
| #define IFSUBTYPE "linux"
| #define STDC_HEADERS 1
| #define HAVE_SYS_TYPES_H 1
| #define HAVE_SYS_STAT_H 1
| #define HAVE_STDLIB_H 1
| #define HAVE_STRING_H 1
| #define HAVE_MEMORY_H 1
| #define HAVE_STRINGS_H 1
| #define HAVE_INTTYPES_H 1
| #define HAVE_STDINT_H 1
| #define HAVE_UNISTD_H 1
| #define HAVE_TR1_UNORDERED_MAP 1
| #define HAVE_EXT_HASH_MAP 1
| #define HAVE_CLOCALE 1
| #define HAVE_FCNTL_H 1
| #define HAVE_INTTYPES_H 1
| #define HAVE_LIMITS_H 1
| #define HAVE_MALLOC_H 1
| #define HAVE_STDINT_H 1
| #define HAVE_STRINGS_H 1
| #define HAVE_SYSLOG_H 1
| #define HAVE_UNISTD_H 1
| #define HAVE_SYS_FILE_H 1
| #define HAVE_SYS_IOCTL_H 1
| #define HAVE_SYS_PARAM_H 1
| #define HAVE_SYS_TIME_H 1
| #define HAVE_NETINET_IN_SYSTM_H 1
| #define HAVE_SYS_MMAN_H 1
| #define HAVE_NETINET_IN_H 1
| #define HAVE_ARPA_INET_H 1
| #define HAVE_NET_ETHERNET_H 1
| #define HAVE_NET_IF_H 1
| #define HAVE_NETINET_IP_H 1
| #define HAVE_NETINET_TCP_H 1
| #define HAVE_NETINET_IN_SYSTM_H 1
| #define TIME_WITH_SYS_TIME 1
| #define HAVE_SOCKLEN_T 1
| #define HAVE_STRUCT_ADDRINFO 1
| #define RETSIGTYPE void
| #define STDC_HEADERS 1
| #define HAVE_ASPRINTF 1
| #define HAVE_DAEMON 1
| #define HAVE_GET_CURRENT_DIR_NAME 1
| #define HAVE_PUTENV 1
| #define HAVE_SELECT 1
| #define HAVE_STRERROR 1
| #define HAVE_STRSIGNAL 1
| #define HAVE_STRTOL 1
| #define HAVE_UNSETENV 1
| #define HAVE_MLOCKALL 1
| #define HAVE_ALLOCA_H 1
| #define HAVE_ALLOCA 1
| #define HAVE_SYS_INOTIFY_H 1
| #define HAVE_SYS_EPOLL_H 1
| /* end confdefs.h.  */
| #include <stdio.h>
| #ifdef HAVE_SYS_TYPES_H
| # include <sys/types.h>
| #endif
| #ifdef HAVE_SYS_STAT_H
| # include <sys/stat.h>
| #endif
| #ifdef STDC_HEADERS
| # include <stdlib.h>
| # include <stddef.h>
| #else
| # ifdef HAVE_STDLIB_H
| #  include <stdlib.h>
| # endif
| #endif
| #ifdef HAVE_STRING_H
| # if !defined STDC_HEADERS && defined HAVE_MEMORY_H
| #  include <memory.h>
| # endif
| # include <string.h>
| #endif
| #ifdef HAVE_STRINGS_H
| # include <strings.h>
| #endif
| #ifdef HAVE_INTTYPES_H
| # include <inttypes.h>
| #endif
| #ifdef HAVE_STDINT_H
| # include <stdint.h>
| #endif
| #ifdef HAVE_UNISTD_H
| # include <unistd.h>
| #endif
| #include <sys/event.h>
configure:7600: result: no
configure:7600: checking sys/event.h presence
configure:7600: gcc -E  conftest.c
conftest.c:71:10: fatal error: sys/event.h: No such file or directory
 #include <sys/event.h>
          ^~~~~~~~~~~~~
compilation terminated.
configure:7600: $? = 1
configure: failed program was:
| /* confdefs.h */
| #define PACKAGE_NAME "gvpe"
| #define PACKAGE_TARNAME "gvpe"
| #define PACKAGE_VERSION "3.1"
| #define PACKAGE_STRING "gvpe 3.1"
| #define PACKAGE_BUGREPORT ""
| #define PACKAGE_URL ""
| #define PACKAGE "gvpe"
| #define VERSION "3.1"
| #define ENABLE_NLS 1
| #define HAVE_GETTEXT 1
| #define HAVE_DCGETTEXT 1
| #define _GNU_SOURCE 1
| #define HAVE_LINUX 1
| #define IFTYPE "native"
| #define IFSUBTYPE "linux"
| #define STDC_HEADERS 1
| #define HAVE_SYS_TYPES_H 1
| #define HAVE_SYS_STAT_H 1
| #define HAVE_STDLIB_H 1
| #define HAVE_STRING_H 1
| #define HAVE_MEMORY_H 1
| #define HAVE_STRINGS_H 1
| #define HAVE_INTTYPES_H 1
| #define HAVE_STDINT_H 1
| #define HAVE_UNISTD_H 1
| #define HAVE_TR1_UNORDERED_MAP 1
| #define HAVE_EXT_HASH_MAP 1
| #define HAVE_CLOCALE 1
| #define HAVE_FCNTL_H 1
| #define HAVE_INTTYPES_H 1
| #define HAVE_LIMITS_H 1
| #define HAVE_MALLOC_H 1
| #define HAVE_STDINT_H 1
| #define HAVE_STRINGS_H 1
| #define HAVE_SYSLOG_H 1
| #define HAVE_UNISTD_H 1
| #define HAVE_SYS_FILE_H 1
| #define HAVE_SYS_IOCTL_H 1
| #define HAVE_SYS_PARAM_H 1
| #define HAVE_SYS_TIME_H 1
| #define HAVE_NETINET_IN_SYSTM_H 1
| #define HAVE_SYS_MMAN_H 1
| #define HAVE_NETINET_IN_H 1
| #define HAVE_ARPA_INET_H 1
| #define HAVE_NET_ETHERNET_H 1
| #define HAVE_NET_IF_H 1
| #define HAVE_NETINET_IP_H 1
| #define HAVE_NETINET_TCP_H 1
| #define HAVE_NETINET_IN_SYSTM_H 1
| #define TIME_WITH_SYS_TIME 1
| #define HAVE_SOCKLEN_T 1
| #define HAVE_STRUCT_ADDRINFO 1
| #define RETSIGTYPE void
| #define STDC_HEADERS 1
| #define HAVE_ASPRINTF 1
| #define HAVE_DAEMON 1
| #define HAVE_GET_CURRENT_DIR_NAME 1
| #define HAVE_PUTENV 1
| #define HAVE_SELECT 1
| #define HAVE_STRERROR 1
| #define HAVE_STRSIGNAL 1
| #define HAVE_STRTOL 1
| #define HAVE_UNSETENV 1
| #define HAVE_MLOCKALL 1
| #define HAVE_ALLOCA_H 1
| #define HAVE_ALLOCA 1
| #define HAVE_SYS_INOTIFY_H 1
| #define HAVE_SYS_EPOLL_H 1
| /* end confdefs.h.  */
| #include <sys/event.h>
configure:7600: result: no
configure:7600: checking for sys/event.h
configure:7600: result: no
configure:7600: checking port.h usability
configure:7600: gcc -c -g -O2  conftest.c >&5
conftest.c:104:10: fatal error: port.h: No such file or directory
 #include <port.h>
          ^~~~~~~~
compilation terminated.
configure:7600: $? = 1
configure: failed program was:
| /* confdefs.h */
| #define PACKAGE_NAME "gvpe"
| #define PACKAGE_TARNAME "gvpe"
| #define PACKAGE_VERSION "3.1"
| #define PACKAGE_STRING "gvpe 3.1"
| #define PACKAGE_BUGREPORT ""
| #define PACKAGE_URL ""
| #define PACKAGE "gvpe"
| #define VERSION "3.1"
| #define ENABLE_NLS 1
| #define HAVE_GETTEXT 1
| #define HAVE_DCGETTEXT 1
| #define _GNU_SOURCE 1
| #define HAVE_LINUX 1
| #define IFTYPE "native"
| #define IFSUBTYPE "linux"
| #define STDC_HEADERS 1
| #define HAVE_SYS_TYPES_H 1
| #define HAVE_SYS_STAT_H 1
| #define HAVE_STDLIB_H 1
| #define HAVE_STRING_H 1
| #define HAVE_MEMORY_H 1
| #define HAVE_STRINGS_H 1
| #define HAVE_INTTYPES_H 1
| #define HAVE_STDINT_H 1
| #define HAVE_UNISTD_H 1
| #define HAVE_TR1_UNORDERED_MAP 1
| #define HAVE_EXT_HASH_MAP 1
| #define HAVE_CLOCALE 1
| #define HAVE_FCNTL_H 1
| #define HAVE_INTTYPES_H 1
| #define HAVE_LIMITS_H 1
| #define HAVE_MALLOC_H 1
| #define HAVE_STDINT_H 1
| #define HAVE_STRINGS_H 1
| #define HAVE_SYSLOG_H 1
| #define HAVE_UNISTD_H 1
| #define HAVE_SYS_FILE_H 1
| #define HAVE_SYS_IOCTL_H 1
| #define HAVE_SYS_PARAM_H 1
| #define HAVE_SYS_TIME_H 1
| #define HAVE_NETINET_IN_SYSTM_H 1
| #define HAVE_SYS_MMAN_H 1
| #define HAVE_NETINET_IN_H 1
| #define HAVE_ARPA_INET_H 1
| #define HAVE_NET_ETHERNET_H 1
| #define HAVE_NET_IF_H 1
| #define HAVE_NETINET_IP_H 1
| #define HAVE_NETINET_TCP_H 1
| #define HAVE_NETINET_IN_SYSTM_H 1
| #define TIME_WITH_SYS_TIME 1
| #define HAVE_SOCKLEN_T 1
| #define HAVE_STRUCT_ADDRINFO 1
| #define RETSIGTYPE void
| #define STDC_HEADERS 1
| #define HAVE_ASPRINTF 1
| #define HAVE_DAEMON 1
| #define HAVE_GET_CURRENT_DIR_NAME 1
| #define HAVE_PUTENV 1
| #define HAVE_SELECT 1
| #define HAVE_STRERROR 1
| #define HAVE_STRSIGNAL 1
| #define HAVE_STRTOL 1
| #define HAVE_UNSETENV 1
| #define HAVE_MLOCKALL 1
| #define HAVE_ALLOCA_H 1
| #define HAVE_ALLOCA 1
| #define HAVE_SYS_INOTIFY_H 1
| #define HAVE_SYS_EPOLL_H 1
| /* end confdefs.h.  */
| #include <stdio.h>
| #ifdef HAVE_SYS_TYPES_H
| # include <sys/types.h>
| #endif
| #ifdef HAVE_SYS_STAT_H
| # include <sys/stat.h>
| #endif
| #ifdef STDC_HEADERS
| # include <stdlib.h>
| # include <stddef.h>
| #else
| # ifdef HAVE_STDLIB_H
| #  include <stdlib.h>
| # endif
| #endif
| #ifdef HAVE_STRING_H
| # if !defined STDC_HEADERS && defined HAVE_MEMORY_H
| #  include <memory.h>
| # endif
| # include <string.h>
| #endif
| #ifdef HAVE_STRINGS_H
| # include <strings.h>
| #endif
| #ifdef HAVE_INTTYPES_H
| # include <inttypes.h>
| #endif
| #ifdef HAVE_STDINT_H
| # include <stdint.h>
| #endif
| #ifdef HAVE_UNISTD_H
| # include <unistd.h>
| #endif
| #include <port.h>
configure:7600: result: no
configure:7600: checking port.h presence
configure:7600: gcc -E  conftest.c
conftest.c:71:10: fatal error: port.h: No such file or directory
 #include <port.h>
          ^~~~~~~~
compilation terminated.
configure:7600: $? = 1
configure: failed program was:
| /* confdefs.h */
| #define PACKAGE_NAME "gvpe"
| #define PACKAGE_TARNAME "gvpe"
| #define PACKAGE_VERSION "3.1"
| #define PACKAGE_STRING "gvpe 3.1"
| #define PACKAGE_BUGREPORT ""
| #define PACKAGE_URL ""
| #define PACKAGE "gvpe"
| #define VERSION "3.1"
| #define ENABLE_NLS 1
| #define HAVE_GETTEXT 1
| #define HAVE_DCGETTEXT 1
| #define _GNU_SOURCE 1
| #define HAVE_LINUX 1
| #define IFTYPE "native"
| #define IFSUBTYPE "linux"
| #define STDC_HEADERS 1
| #define HAVE_SYS_TYPES_H 1
| #define HAVE_SYS_STAT_H 1
| #define HAVE_STDLIB_H 1
| #define HAVE_STRING_H 1
| #define HAVE_MEMORY_H 1
| #define HAVE_STRINGS_H 1
| #define HAVE_INTTYPES_H 1
| #define HAVE_STDINT_H 1
| #define HAVE_UNISTD_H 1
| #define HAVE_TR1_UNORDERED_MAP 1
| #define HAVE_EXT_HASH_MAP 1
| #define HAVE_CLOCALE 1
| #define HAVE_FCNTL_H 1
| #define HAVE_INTTYPES_H 1
| #define HAVE_LIMITS_H 1
| #define HAVE_MALLOC_H 1
| #define HAVE_STDINT_H 1
| #define HAVE_STRINGS_H 1
| #define HAVE_SYSLOG_H 1
| #define HAVE_UNISTD_H 1
| #define HAVE_SYS_FILE_H 1
| #define HAVE_SYS_IOCTL_H 1
| #define HAVE_SYS_PARAM_H 1
| #define HAVE_SYS_TIME_H 1
| #define HAVE_NETINET_IN_SYSTM_H 1
| #define HAVE_SYS_MMAN_H 1
| #define HAVE_NETINET_IN_H 1
| #define HAVE_ARPA_INET_H 1
| #define HAVE_NET_ETHERNET_H 1
| #define HAVE_NET_IF_H 1
| #define HAVE_NETINET_IP_H 1
| #define HAVE_NETINET_TCP_H 1
| #define HAVE_NETINET_IN_SYSTM_H 1
| #define TIME_WITH_SYS_TIME 1
| #define HAVE_SOCKLEN_T 1
| #define HAVE_STRUCT_ADDRINFO 1
| #define RETSIGTYPE void
| #define STDC_HEADERS 1
| #define HAVE_ASPRINTF 1
| #define HAVE_DAEMON 1
| #define HAVE_GET_CURRENT_DIR_NAME 1
| #define HAVE_PUTENV 1
| #define HAVE_SELECT 1
| #define HAVE_STRERROR 1
| #define HAVE_STRSIGNAL 1
| #define HAVE_STRTOL 1
| #define HAVE_UNSETENV 1
| #define HAVE_MLOCKALL 1
| #define HAVE_ALLOCA_H 1
| #define HAVE_ALLOCA 1
| #define HAVE_SYS_INOTIFY_H 1
| #define HAVE_SYS_EPOLL_H 1
| /* end confdefs.h.  */
| #include <port.h>
configure:7600: result: no
configure:7600: checking for port.h
configure:7600: result: no
configure:7600: checking poll.h usability
configure:7600: gcc -c -g -O2  conftest.c >&5
configure:7600: $? = 0
configure:7600: result: yes
configure:7600: checking poll.h presence
configure:7600: gcc -E  conftest.c
configure:7600: $? = 0
configure:7600: result: yes
configure:7600: checking for poll.h
configure:7600: result: yes
configure:7600: checking sys/select.h usability
configure:7600: gcc -c -g -O2  conftest.c >&5
configure:7600: $? = 0
configure:7600: result: yes
configure:7600: checking sys/select.h presence
configure:7600: gcc -E  conftest.c
configure:7600: $? = 0
configure:7600: result: yes
configure:7600: checking for sys/select.h
configure:7600: result: yes
configure:7600: checking sys/eventfd.h usability
configure:7600: gcc -c -g -O2  conftest.c >&5
configure:7600: $? = 0
configure:7600: result: yes
configure:7600: checking sys/eventfd.h presence
configure:7600: gcc -E  conftest.c
configure:7600: $? = 0
configure:7600: result: yes
configure:7600: checking for sys/eventfd.h
configure:7600: result: yes
configure:7600: checking sys/signalfd.h usability
configure:7600: gcc -c -g -O2  conftest.c >&5
configure:7600: $? = 0
configure:7600: result: yes
configure:7600: checking sys/signalfd.h presence
configure:7600: gcc -E  conftest.c
configure:7600: $? = 0
configure:7600: result: yes
configure:7600: checking for sys/signalfd.h
configure:7600: result: yes
configure:7614: checking for inotify_init
configure:7614: gcc -o conftest -g -O2   conftest.c  >&5
configure:7614: $? = 0
configure:7614: result: yes
configure:7614: checking for epoll_ctl
configure:7614: gcc -o conftest -g -O2   conftest.c  >&5
configure:7614: $? = 0
configure:7614: result: yes
configure:7614: checking for kqueue
configure:7614: gcc -o conftest -g -O2   conftest.c  >&5
/tmp/cc0BCtZH.o: In function `main':
/home/carolhanna/Security_Project/gnu_dataset/gvpe-3.1/conftest.c:111: undefined reference to `kqueue'
collect2: error: ld returned 1 exit status
configure:7614: $? = 1
configure: failed program was:
| /* confdefs.h */
| #define PACKAGE_NAME "gvpe"
| #define PACKAGE_TARNAME "gvpe"
| #define PACKAGE_VERSION "3.1"
| #define PACKAGE_STRING "gvpe 3.1"
| #define PACKAGE_BUGREPORT ""
| #define PACKAGE_URL ""
| #define PACKAGE "gvpe"
| #define VERSION "3.1"
| #define ENABLE_NLS 1
| #define HAVE_GETTEXT 1
| #define HAVE_DCGETTEXT 1
| #define _GNU_SOURCE 1
| #define HAVE_LINUX 1
| #define IFTYPE "native"
| #define IFSUBTYPE "linux"
| #define STDC_HEADERS 1
| #define HAVE_SYS_TYPES_H 1
| #define HAVE_SYS_STAT_H 1
| #define HAVE_STDLIB_H 1
| #define HAVE_STRING_H 1
| #define HAVE_MEMORY_H 1
| #define HAVE_STRINGS_H 1
| #define HAVE_INTTYPES_H 1
| #define HAVE_STDINT_H 1
| #define HAVE_UNISTD_H 1
| #define HAVE_TR1_UNORDERED_MAP 1
| #define HAVE_EXT_HASH_MAP 1
| #define HAVE_CLOCALE 1
| #define HAVE_FCNTL_H 1
| #define HAVE_INTTYPES_H 1
| #define HAVE_LIMITS_H 1
| #define HAVE_MALLOC_H 1
| #define HAVE_STDINT_H 1
| #define HAVE_STRINGS_H 1
| #define HAVE_SYSLOG_H 1
| #define HAVE_UNISTD_H 1
| #define HAVE_SYS_FILE_H 1
| #define HAVE_SYS_IOCTL_H 1
| #define HAVE_SYS_PARAM_H 1
| #define HAVE_SYS_TIME_H 1
| #define HAVE_NETINET_IN_SYSTM_H 1
| #define HAVE_SYS_MMAN_H 1
| #define HAVE_NETINET_IN_H 1
| #define HAVE_ARPA_INET_H 1
| #define HAVE_NET_ETHERNET_H 1
| #define HAVE_NET_IF_H 1
| #define HAVE_NETINET_IP_H 1
| #define HAVE_NETINET_TCP_H 1
| #define HAVE_NETINET_IN_SYSTM_H 1
| #define TIME_WITH_SYS_TIME 1
| #define HAVE_SOCKLEN_T 1
| #define HAVE_STRUCT_ADDRINFO 1
| #define RETSIGTYPE void
| #define STDC_HEADERS 1
| #define HAVE_ASPRINTF 1
| #define HAVE_DAEMON 1
| #define HAVE_GET_CURRENT_DIR_NAME 1
| #define HAVE_PUTENV 1
| #define HAVE_SELECT 1
| #define HAVE_STRERROR 1
| #define HAVE_STRSIGNAL 1
| #define HAVE_STRTOL 1
| #define HAVE_UNSETENV 1
| #define HAVE_MLOCKALL 1
| #define HAVE_ALLOCA_H 1
| #define HAVE_ALLOCA 1
| #define HAVE_SYS_INOTIFY_H 1
| #define HAVE_SYS_EPOLL_H 1
| #define HAVE_POLL_H 1
| #define HAVE_SYS_SELECT_H 1
| #define HAVE_SYS_EVENTFD_H 1
| #define HAVE_SYS_SIGNALFD_H 1
| #define HAVE_INOTIFY_INIT 1
| #define HAVE_EPOLL_CTL 1
| /* end confdefs.h.  */
| /* Define kqueue to an innocuous variant, in case <limits.h> declares kqueue.
|    For example, HP-UX 11i <limits.h> declares gettimeofday.  */
| #define kqueue innocuous_kqueue
| 
| /* System header to define __stub macros and hopefully few prototypes,
|     which can conflict with char kqueue (); below.
|     Prefer <limits.h> to <assert.h> if __STDC__ is defined, since
|     <limits.h> exists even on freestanding compilers.  */
| 
| #ifdef __STDC__
| # include <limits.h>
| #else
| # include <assert.h>
| #endif
| 
| #undef kqueue
| 
| /* Override any GCC internal prototype to avoid an error.
|    Use char because int might match the return type of a GCC
|    builtin and then its argument prototype would still apply.  */
| #ifdef __cplusplus
| extern "C"
| #endif
| char kqueue ();
| /* The GNU C library defines this for functions which it implements
|     to always fail with ENOSYS.  Some functions are actually named
|     something starting with __ and the normal name is an alias.  */
| #if defined __stub_kqueue || defined __stub___kqueue
| choke me
| #endif
| 
| int
| main ()
| {
| return kqueue ();
|   ;
|   return 0;
| }
configure:7614: result: no
configure:7614: checking for port_create
configure:7614: gcc -o conftest -g -O2   conftest.c  >&5
/tmp/ccU2iKMQ.o: In function `main':
/home/carolhanna/Security_Project/gnu_dataset/gvpe-3.1/conftest.c:111: undefined reference to `port_create'
collect2: error: ld returned 1 exit status
configure:7614: $? = 1
configure: failed program was:
| /* confdefs.h */
| #define PACKAGE_NAME "gvpe"
| #define PACKAGE_TARNAME "gvpe"
| #define PACKAGE_VERSION "3.1"
| #define PACKAGE_STRING "gvpe 3.1"
| #define PACKAGE_BUGREPORT ""
| #define PACKAGE_URL ""
| #define PACKAGE "gvpe"
| #define VERSION "3.1"
| #define ENABLE_NLS 1
| #define HAVE_GETTEXT 1
| #define HAVE_DCGETTEXT 1
| #define _GNU_SOURCE 1
| #define HAVE_LINUX 1
| #define IFTYPE "native"
| #define IFSUBTYPE "linux"
| #define STDC_HEADERS 1
| #define HAVE_SYS_TYPES_H 1
| #define HAVE_SYS_STAT_H 1
| #define HAVE_STDLIB_H 1
| #define HAVE_STRING_H 1
| #define HAVE_MEMORY_H 1
| #define HAVE_STRINGS_H 1
| #define HAVE_INTTYPES_H 1
| #define HAVE_STDINT_H 1
| #define HAVE_UNISTD_H 1
| #define HAVE_TR1_UNORDERED_MAP 1
| #define HAVE_EXT_HASH_MAP 1
| #define HAVE_CLOCALE 1
| #define HAVE_FCNTL_H 1
| #define HAVE_INTTYPES_H 1
| #define HAVE_LIMITS_H 1
| #define HAVE_MALLOC_H 1
| #define HAVE_STDINT_H 1
| #define HAVE_STRINGS_H 1
| #define HAVE_SYSLOG_H 1
| #define HAVE_UNISTD_H 1
| #define HAVE_SYS_FILE_H 1
| #define HAVE_SYS_IOCTL_H 1
| #define HAVE_SYS_PARAM_H 1
| #define HAVE_SYS_TIME_H 1
| #define HAVE_NETINET_IN_SYSTM_H 1
| #define HAVE_SYS_MMAN_H 1
| #define HAVE_NETINET_IN_H 1
| #define HAVE_ARPA_INET_H 1
| #define HAVE_NET_ETHERNET_H 1
| #define HAVE_NET_IF_H 1
| #define HAVE_NETINET_IP_H 1
| #define HAVE_NETINET_TCP_H 1
| #define HAVE_NETINET_IN_SYSTM_H 1
| #define TIME_WITH_SYS_TIME 1
| #define HAVE_SOCKLEN_T 1
| #define HAVE_STRUCT_ADDRINFO 1
| #define RETSIGTYPE void
| #define STDC_HEADERS 1
| #define HAVE_ASPRINTF 1
| #define HAVE_DAEMON 1
| #define HAVE_GET_CURRENT_DIR_NAME 1
| #define HAVE_PUTENV 1
| #define HAVE_SELECT 1
| #define HAVE_STRERROR 1
| #define HAVE_STRSIGNAL 1
| #define HAVE_STRTOL 1
| #define HAVE_UNSETENV 1
| #define HAVE_MLOCKALL 1
| #define HAVE_ALLOCA_H 1
| #define HAVE_ALLOCA 1
| #define HAVE_SYS_INOTIFY_H 1
| #define HAVE_SYS_EPOLL_H 1
| #define HAVE_POLL_H 1
| #define HAVE_SYS_SELECT_H 1
| #define HAVE_SYS_EVENTFD_H 1
| #define HAVE_SYS_SIGNALFD_H 1
| #define HAVE_INOTIFY_INIT 1
| #define HAVE_EPOLL_CTL 1
| /* end confdefs.h.  */
| /* Define port_create to an innocuous variant, in case <limits.h> declares port_create.
|    For example, HP-UX 11i <limits.h> declares gettimeofday.  */
| #define port_create innocuous_port_create
| 
| /* System header to define __stub macros and hopefully few prototypes,
|     which can conflict with char port_create (); below.
|     Prefer <limits.h> to <assert.h> if __STDC__ is defined, since
|     <limits.h> exists even on freestanding compilers.  */
| 
| #ifdef __STDC__
| # include <limits.h>
| #else
| # include <assert.h>
| #endif
| 
| #undef port_create
| 
| /* Override any GCC internal prototype to avoid an error.
|    Use char because int might match the return type of a GCC
|    builtin and then its argument prototype would still apply.  */
| #ifdef __cplusplus
| extern "C"
| #endif
| char port_create ();
| /* The GNU C library defines this for functions which it implements
|     to always fail with ENOSYS.  Some functions are actually named
|     something starting with __ and the normal name is an alias.  */
| #if defined __stub_port_create || defined __stub___port_create
| choke me
| #endif
| 
| int
| main ()
| {
| return port_create ();
|   ;
|   return 0;
| }
configure:7614: result: no
configure:7614: checking for poll
configure:7614: gcc -o conftest -g -O2   conftest.c  >&5
configure:7614: $? = 0
configure:7614: result: yes
configure:7614: checking for select
configure:7614: result: yes
configure:7614: checking for eventfd
configure:7614: gcc -o conftest -g -O2   conftest.c  >&5
configure:7614: $? = 0
configure:7614: result: yes
configure:7614: checking for signalfd
configure:7614: gcc -o conftest -g -O2   conftest.c  >&5
configure:7614: $? = 0
configure:7614: result: yes
configure:7626: checking for clock_gettime
configure:7626: gcc -o conftest -g -O2   conftest.c  >&5
configure:7626: $? = 0
configure:7626: result: yes
configure:7730: checking for nanosleep
configure:7730: gcc -o conftest -g -O2   conftest.c  >&5
configure:7730: $? = 0
configure:7730: result: yes
configure:7805: checking for library containing floor
configure:7836: gcc -o conftest -g -O2   conftest.c  >&5
conftest.c:90:6: warning: conflicting types for built-in function 'floor' [-Wbuiltin-declaration-mismatch]
 char floor ();
      ^~~~~
/tmp/cc1zeK4m.o: In function `main':
/home/carolhanna/Security_Project/gnu_dataset/gvpe-3.1/conftest.c:94: undefined reference to `floor'
collect2: error: ld returned 1 exit status
configure:7836: $? = 1
configure: failed program was:
| /* confdefs.h */
| #define PACKAGE_NAME "gvpe"
| #define PACKAGE_TARNAME "gvpe"
| #define PACKAGE_VERSION "3.1"
| #define PACKAGE_STRING "gvpe 3.1"
| #define PACKAGE_BUGREPORT ""
| #define PACKAGE_URL ""
| #define PACKAGE "gvpe"
| #define VERSION "3.1"
| #define ENABLE_NLS 1
| #define HAVE_GETTEXT 1
| #define HAVE_DCGETTEXT 1
| #define _GNU_SOURCE 1
| #define HAVE_LINUX 1
| #define IFTYPE "native"
| #define IFSUBTYPE "linux"
| #define STDC_HEADERS 1
| #define HAVE_SYS_TYPES_H 1
| #define HAVE_SYS_STAT_H 1
| #define HAVE_STDLIB_H 1
| #define HAVE_STRING_H 1
| #define HAVE_MEMORY_H 1
| #define HAVE_STRINGS_H 1
| #define HAVE_INTTYPES_H 1
| #define HAVE_STDINT_H 1
| #define HAVE_UNISTD_H 1
| #define HAVE_TR1_UNORDERED_MAP 1
| #define HAVE_EXT_HASH_MAP 1
| #define HAVE_CLOCALE 1
| #define HAVE_FCNTL_H 1
| #define HAVE_INTTYPES_H 1
| #define HAVE_LIMITS_H 1
| #define HAVE_MALLOC_H 1
| #define HAVE_STDINT_H 1
| #define HAVE_STRINGS_H 1
| #define HAVE_SYSLOG_H 1
| #define HAVE_UNISTD_H 1
| #define HAVE_SYS_FILE_H 1
| #define HAVE_SYS_IOCTL_H 1
| #define HAVE_SYS_PARAM_H 1
| #define HAVE_SYS_TIME_H 1
| #define HAVE_NETINET_IN_SYSTM_H 1
| #define HAVE_SYS_MMAN_H 1
| #define HAVE_NETINET_IN_H 1
| #define HAVE_ARPA_INET_H 1
| #define HAVE_NET_ETHERNET_H 1
| #define HAVE_NET_IF_H 1
| #define HAVE_NETINET_IP_H 1
| #define HAVE_NETINET_TCP_H 1
| #define HAVE_NETINET_IN_SYSTM_H 1
| #define TIME_WITH_SYS_TIME 1
| #define HAVE_SOCKLEN_T 1
| #define HAVE_STRUCT_ADDRINFO 1
| #define RETSIGTYPE void
| #define STDC_HEADERS 1
| #define HAVE_ASPRINTF 1
| #define HAVE_DAEMON 1
| #define HAVE_GET_CURRENT_DIR_NAME 1
| #define HAVE_PUTENV 1
| #define HAVE_SELECT 1
| #define HAVE_STRERROR 1
| #define HAVE_STRSIGNAL 1
| #define HAVE_STRTOL 1
| #define HAVE_UNSETENV 1
| #define HAVE_MLOCKALL 1
| #define HAVE_ALLOCA_H 1
| #define HAVE_ALLOCA 1
| #define HAVE_SYS_INOTIFY_H 1
| #define HAVE_SYS_EPOLL_H 1
| #define HAVE_POLL_H 1
| #define HAVE_SYS_SELECT_H 1
| #define HAVE_SYS_EVENTFD_H 1
| #define HAVE_SYS_SIGNALFD_H 1
| #define HAVE_INOTIFY_INIT 1
| #define HAVE_EPOLL_CTL 1
| #define HAVE_POLL 1
| #define HAVE_SELECT 1
| #define HAVE_EVENTFD 1
| #define HAVE_SIGNALFD 1
| #define HAVE_CLOCK_GETTIME 1
| #define HAVE_NANOSLEEP 1
| /* end confdefs.h.  */
| 
| /* Override any GCC internal prototype to avoid an error.
|    Use char because int might match the return type of a GCC
|    builtin and then its argument prototype would still apply.  */
| #ifdef __cplusplus
| extern "C"
| #endif
| char floor ();
| int
| main ()
| {
| return floor ();
|   ;
|   return 0;
| }
configure:7836: gcc -o conftest -g -O2   conftest.c -lm   >&5
conftest.c:90:6: warning: conflicting types for built-in function 'floor' [-Wbuiltin-declaration-mismatch]
 char floor ();
      ^~~~~
configure:7836: $? = 0
configure:7853: result: -lm
configure:7971: checking for linux/if_tun.h
configure:7988: g++ -c -g -O2  conftest.cpp >&5
conftest.cpp:84:10: fatal error: /usr/src/linux/include/linux/if_tun.h: No such file or directory
 #include "/usr/src/linux/include/linux/if_tun.h"
          ^~~~~~~~~~~~~~~~~~~~~~~~~~~~~~~~~~~~~~~
compilation terminated.
configure:7988: $? = 1
configure: failed program was:
| /* confdefs.h */
| #define PACKAGE_NAME "gvpe"
| #define PACKAGE_TARNAME "gvpe"
| #define PACKAGE_VERSION "3.1"
| #define PACKAGE_STRING "gvpe 3.1"
| #define PACKAGE_BUGREPORT ""
| #define PACKAGE_URL ""
| #define PACKAGE "gvpe"
| #define VERSION "3.1"
| #define ENABLE_NLS 1
| #define HAVE_GETTEXT 1
| #define HAVE_DCGETTEXT 1
| #define _GNU_SOURCE 1
| #define HAVE_LINUX 1
| #define IFTYPE "native"
| #define IFSUBTYPE "linux"
| #define STDC_HEADERS 1
| #define HAVE_SYS_TYPES_H 1
| #define HAVE_SYS_STAT_H 1
| #define HAVE_STDLIB_H 1
| #define HAVE_STRING_H 1
| #define HAVE_MEMORY_H 1
| #define HAVE_STRINGS_H 1
| #define HAVE_INTTYPES_H 1
| #define HAVE_STDINT_H 1
| #define HAVE_UNISTD_H 1
| #define HAVE_TR1_UNORDERED_MAP 1
| #define HAVE_EXT_HASH_MAP 1
| #define HAVE_CLOCALE 1
| #define HAVE_FCNTL_H 1
| #define HAVE_INTTYPES_H 1
| #define HAVE_LIMITS_H 1
| #define HAVE_MALLOC_H 1
| #define HAVE_STDINT_H 1
| #define HAVE_STRINGS_H 1
| #define HAVE_SYSLOG_H 1
| #define HAVE_UNISTD_H 1
| #define HAVE_SYS_FILE_H 1
| #define HAVE_SYS_IOCTL_H 1
| #define HAVE_SYS_PARAM_H 1
| #define HAVE_SYS_TIME_H 1
| #define HAVE_NETINET_IN_SYSTM_H 1
| #define HAVE_SYS_MMAN_H 1
| #define HAVE_NETINET_IN_H 1
| #define HAVE_ARPA_INET_H 1
| #define HAVE_NET_ETHERNET_H 1
| #define HAVE_NET_IF_H 1
| #define HAVE_NETINET_IP_H 1
| #define HAVE_NETINET_TCP_H 1
| #define HAVE_NETINET_IN_SYSTM_H 1
| #define TIME_WITH_SYS_TIME 1
| #define HAVE_SOCKLEN_T 1
| #define HAVE_STRUCT_ADDRINFO 1
| #define RETSIGTYPE void
| #define STDC_HEADERS 1
| #define HAVE_ASPRINTF 1
| #define HAVE_DAEMON 1
| #define HAVE_GET_CURRENT_DIR_NAME 1
| #define HAVE_PUTENV 1
| #define HAVE_SELECT 1
| #define HAVE_STRERROR 1
| #define HAVE_STRSIGNAL 1
| #define HAVE_STRTOL 1
| #define HAVE_UNSETENV 1
| #define HAVE_MLOCKALL 1
| #define HAVE_ALLOCA_H 1
| #define HAVE_ALLOCA 1
| #define HAVE_SYS_INOTIFY_H 1
| #define HAVE_SYS_EPOLL_H 1
| #define HAVE_POLL_H 1
| #define HAVE_SYS_SELECT_H 1
| #define HAVE_SYS_EVENTFD_H 1
| #define HAVE_SYS_SIGNALFD_H 1
| #define HAVE_INOTIFY_INIT 1
| #define HAVE_EPOLL_CTL 1
| #define HAVE_POLL 1
| #define HAVE_SELECT 1
| #define HAVE_EVENTFD 1
| #define HAVE_SIGNALFD 1
| #define HAVE_CLOCK_GETTIME 1
| #define HAVE_NANOSLEEP 1
| #define HAVE_FLOOR 1
| /* end confdefs.h.  */
| #include "/usr/src/linux/include/linux/if_tun.h"
| int
| main ()
| {
| int a = IFF_TAP;
|   ;
|   return 0;
| }
configure:8002: g++ -c -g -O2  conftest.cpp >&5
configure:8002: $? = 0
configure:8020: result: default
configure:8093: checking for pkg-config
configure:8111: found /usr/bin/pkg-config
configure:8123: result: /usr/bin/pkg-config
configure:8148: checking pkg-config is at least version 0.9.0
configure:8151: result: yes
configure:8161: checking for LIBCRYPTO
configure:8168: $PKG_CONFIG --exists --print-errors "libcrypto >= 1"
configure:8171: $? = 0
configure:8185: $PKG_CONFIG --exists --print-errors "libcrypto >= 1"
configure:8188: $? = 0
configure:8246: result: yes
configure:8261: checking pthread.h usability
configure:8261: g++ -c -g -O2  conftest.cpp >&5
configure:8261: $? = 0
configure:8261: result: yes
configure:8261: checking pthread.h presence
configure:8261: g++ -E  conftest.cpp
configure:8261: $? = 0
configure:8261: result: yes
configure:8261: checking for pthread.h
configure:8261: result: yes
configure:8276: g++ -c -g -O2  conftest.cpp >&5
conftest.cpp: In function 'int main()':
conftest.cpp:89:43: warning: null argument where non-null required (argument 3) [-Wnonnull]
 pthread_t id; pthread_create (&id, 0, 0, 0);
                                           ^
configure:8276: $? = 0
configure:8679: creating ./config.status

## ---------------------- ##
## Running config.status. ##
## ---------------------- ##

This file was extended by gvpe config.status 3.1, which was
generated by GNU Autoconf 2.69.  Invocation command line was

  CONFIG_FILES    = 
  CONFIG_HEADERS  = 
  CONFIG_LINKS    = 
  CONFIG_COMMANDS = 
  $ ./config.status 

on rishon

config.status:978: creating Makefile
config.status:978: creating po/Makefile.in
config.status:1081: WARNING:  'po/Makefile.in.in' seems to ignore the --datarootdir setting
config.status:978: creating src/Makefile
config.status:978: creating doc/Makefile
config.status:978: creating lib/Makefile
config.status:978: creating m4/Makefile
config.status:978: creating config.h
config.status:1200: executing default-1 commands
config.status:1200: executing depfiles commands

## ---------------- ##
## Cache variables. ##
## ---------------- ##

ac_cv_build=x86_64-pc-linux-gnu
ac_cv_c_compiler_gnu=yes
ac_cv_c_const=yes
ac_cv_cxx_compiler_gnu=yes
ac_cv_env_CCC_set=
ac_cv_env_CCC_value=
ac_cv_env_CC_set=
ac_cv_env_CC_value=
ac_cv_env_CFLAGS_set=
ac_cv_env_CFLAGS_value=
ac_cv_env_CPPFLAGS_set=
ac_cv_env_CPPFLAGS_value=
ac_cv_env_CPP_set=
ac_cv_env_CPP_value=
ac_cv_env_CXXCPP_set=
ac_cv_env_CXXCPP_value=
ac_cv_env_CXXFLAGS_set=
ac_cv_env_CXXFLAGS_value=
ac_cv_env_CXX_set=
ac_cv_env_CXX_value=
ac_cv_env_LDFLAGS_set=
ac_cv_env_LDFLAGS_value=
ac_cv_env_LIBCRYPTO_CFLAGS_set=
ac_cv_env_LIBCRYPTO_CFLAGS_value=
ac_cv_env_LIBCRYPTO_LIBS_set=
ac_cv_env_LIBCRYPTO_LIBS_value=
ac_cv_env_LIBS_set=
ac_cv_env_LIBS_value=
ac_cv_env_PKG_CONFIG_LIBDIR_set=
ac_cv_env_PKG_CONFIG_LIBDIR_value=
ac_cv_env_PKG_CONFIG_PATH_set=
ac_cv_env_PKG_CONFIG_PATH_value=
ac_cv_env_PKG_CONFIG_set=
ac_cv_env_PKG_CONFIG_value=
ac_cv_env_build_alias_set=
ac_cv_env_build_alias_value=
ac_cv_env_host_alias_set=
ac_cv_env_host_alias_value=
ac_cv_env_target_alias_set=
ac_cv_env_target_alias_value=
ac_cv_func_alloca_works=yes
ac_cv_func_asprintf=yes
ac_cv_func_clock_gettime=yes
ac_cv_func_daemon=yes
ac_cv_func_epoll_ctl=yes
ac_cv_func_eventfd=yes
ac_cv_func_get_current_dir_name=yes
ac_cv_func_gethostbyname=yes
ac_cv_func_inotify_init=yes
ac_cv_func_kqueue=no
ac_cv_func_mlockall=yes
ac_cv_func_nanosleep=yes
ac_cv_func_poll=yes
ac_cv_func_port_create=no
ac_cv_func_putenv=yes
ac_cv_func_select=yes
ac_cv_func_signalfd=yes
ac_cv_func_socket=yes
ac_cv_func_strerror=yes
ac_cv_func_strsignal=yes
ac_cv_func_strtol=yes
ac_cv_func_unsetenv=yes
ac_cv_header_arpa_inet_h=yes
ac_cv_header_clocale=yes
ac_cv_header_ext_hash_map=yes
ac_cv_header_fcntl_h=yes
ac_cv_header_inttypes_h=yes
ac_cv_header_limits_h=yes
ac_cv_header_malloc_h=yes
ac_cv_header_memory_h=yes
ac_cv_header_net_ethernet_h=yes
ac_cv_header_net_if_h=yes
ac_cv_header_netinet_in_h=yes
ac_cv_header_netinet_in_systm_h=yes
ac_cv_header_netinet_ip_h=yes
ac_cv_header_netinet_tcp_h=yes
ac_cv_header_poll_h=yes
ac_cv_header_port_h=no
ac_cv_header_pthread_h=yes
ac_cv_header_stdc=yes
ac_cv_header_stdint_h=yes
ac_cv_header_stdlib_h=yes
ac_cv_header_string_h=yes
ac_cv_header_strings_h=yes
ac_cv_header_sys_cygwin_h=no
ac_cv_header_sys_epoll_h=yes
ac_cv_header_sys_event_h=no
ac_cv_header_sys_eventfd_h=yes
ac_cv_header_sys_file_h=yes
ac_cv_header_sys_inotify_h=yes
ac_cv_header_sys_ioctl_h=yes
ac_cv_header_sys_mman_h=yes
ac_cv_header_sys_param_h=yes
ac_cv_header_sys_select_h=yes
ac_cv_header_sys_signalfd_h=yes
ac_cv_header_sys_stat_h=yes
ac_cv_header_sys_time_h=yes
ac_cv_header_sys_types_h=yes
ac_cv_header_syslog_h=yes
ac_cv_header_time=yes
ac_cv_header_tr1_unordered_map=yes
ac_cv_header_unistd_h=yes
ac_cv_host=x86_64-pc-linux-gnu
ac_cv_objext=o
ac_cv_path_EGREP='/bin/grep -E'
ac_cv_path_GMSGFMT=/usr/bin/msgfmt
ac_cv_path_GREP=/bin/grep
ac_cv_path_MSGFMT=/usr/bin/msgfmt
ac_cv_path_MSGMERGE=/usr/bin/msgmerge
ac_cv_path_XGETTEXT=/usr/bin/xgettext
ac_cv_path_ac_pt_PKG_CONFIG=/usr/bin/pkg-config
ac_cv_path_install='/usr/bin/install -c'
ac_cv_prog_AWK=gawk
ac_cv_prog_CPP='gcc -E'
ac_cv_prog_CXXCPP='g++ -E'
ac_cv_prog_ac_ct_CC=gcc
ac_cv_prog_ac_ct_CXX=g++
ac_cv_prog_ac_ct_RANLIB=ranlib
ac_cv_prog_cc_c89=
ac_cv_prog_cc_g=yes
ac_cv_prog_cxx_g=yes
ac_cv_prog_gcc_traditional=no
ac_cv_prog_make_make_set=yes
ac_cv_search_floor=-lm
ac_cv_struct_addrinfo=yes
ac_cv_struct_tm=time.h
ac_cv_target=x86_64-pc-linux-gnu
ac_cv_type_pid_t=yes
ac_cv_type_signal=void
ac_cv_type_size_t=yes
ac_cv_type_socklen_t=yes
ac_cv_working_alloca_h=yes
acl_cv_hardcode_direct=no
acl_cv_hardcode_libdir_flag_spec='${wl}-rpath ${wl}$libdir'
acl_cv_hardcode_libdir_separator=
acl_cv_hardcode_minus_L=no
acl_cv_libext=a
acl_cv_path_LD=/usr/bin/ld
acl_cv_prog_gnu_ld=yes
acl_cv_rpath=done
acl_cv_shlibext=so
acl_cv_sys_lib_dlsearch_path_spec='/lib /usr/lib'
acl_cv_sys_lib_search_path_spec='/lib /usr/lib /usr/local/lib'
acl_cv_wl=-Wl,
am_cv_CC_dependencies_compiler_type=gcc3
am_cv_CXX_dependencies_compiler_type=gcc3
gt_cv_func_gnugettext1_libc=yes
pkg_cv_LIBCRYPTO_CFLAGS=
pkg_cv_LIBCRYPTO_LIBS=-lcrypto
tinc_cv_linux_if_tun_h=default

## ----------------- ##
## Output variables. ##
## ----------------- ##

ACLOCAL='${SHELL} /home/carolhanna/Security_Project/gnu_dataset/gvpe-3.1/missing --run aclocal-1.7'
ALLOCA=''
AMDEPBACKSLASH='\'
AMDEP_FALSE='#'
AMDEP_TRUE=''
AMTAR='${SHELL} /home/carolhanna/Security_Project/gnu_dataset/gvpe-3.1/missing --run tar'
AM_CPPFLAGS=''
AUTOCONF='${SHELL} /home/carolhanna/Security_Project/gnu_dataset/gvpe-3.1/missing --run autoconf'
AUTOHEADER='${SHELL} /home/carolhanna/Security_Project/gnu_dataset/gvpe-3.1/missing --run autoheader'
AUTOMAKE='${SHELL} /home/carolhanna/Security_Project/gnu_dataset/gvpe-3.1/missing --run automake-1.7'
AWK='gawk'
CC='gcc'
CCDEPMODE='depmode=gcc3'
CFLAGS='-g -O2'
CPP='gcc -E'
CPPFLAGS=''
CXX='g++'
CXXCPP='g++ -E'
CXXDEPMODE='depmode=gcc3'
CXXFLAGS='-g -O2'
CYGPATH_W='echo'
DEFS='-DHAVE_CONFIG_H'
DEPDIR='.deps'
ECHO_C=''
ECHO_N='-n'
ECHO_T=''
EGREP='/bin/grep -E'
EXEEXT=''
GMSGFMT='/usr/bin/msgfmt'
GREP='/bin/grep'
HAVE_TUNTAP=''
IFSUBTYPE='linux'
IFTYPE='native'
INSTALL_DATA='${INSTALL} -m 644'
INSTALL_PROGRAM='${INSTALL}'
INSTALL_SCRIPT='${INSTALL}'
INSTALL_STRIP_PROGRAM='${SHELL} $(install_sh) -c -s'
INTLLIBS=''
LDFLAGS=''
LDFLAGS_DAEMON=''
LIBCRYPTO_CFLAGS=''
LIBCRYPTO_LIBS='-lcrypto'
LIBICONV='-liconv'
LIBINTL=''
LIBOBJS=''
LIBS=' -lm  -lpthread'
LINUX_IF_TUN_H=''
LN_S='ln -s'
LTLIBICONV='-liconv'
LTLIBINTL=''
LTLIBOBJS=''
MAINT='#'
MAINTAINER_MODE_FALSE=''
MAINTAINER_MODE_TRUE='#'
MAKEINFO='${SHELL} /home/carolhanna/Security_Project/gnu_dataset/gvpe-3.1/missing --run makeinfo'
MKINSTALLDIRS='./mkinstalldirs'
MSGFMT='/usr/bin/msgfmt'
MSGMERGE='/usr/bin/msgmerge'
OBJEXT='o'
PACKAGE='gvpe'
PACKAGE_BUGREPORT=''
PACKAGE_NAME='gvpe'
PACKAGE_STRING='gvpe 3.1'
PACKAGE_TARNAME='gvpe'
PACKAGE_URL=''
PACKAGE_VERSION='3.1'
PATH_SEPARATOR=':'
PKG_CONFIG='/usr/bin/pkg-config'
PKG_CONFIG_LIBDIR=''
PKG_CONFIG_PATH=''
POSUB='po'
RANLIB='ranlib'
ROHC_FALSE=''
ROHC_TRUE='#'
SET_MAKE=''
SHELL='/bin/bash'
STRIP=''
USE_NLS='yes'
VERSION='3.1'
XGETTEXT='/usr/bin/xgettext'
ac_ct_CC='gcc'
ac_ct_CXX='g++'
am__fastdepCC_FALSE='#'
am__fastdepCC_TRUE=''
am__fastdepCXX_FALSE='#'
am__fastdepCXX_TRUE=''
am__include='include'
am__leading_dot='.'
am__quote=''
bindir='${exec_prefix}/bin'
build='x86_64-pc-linux-gnu'
build_alias=''
build_cpu='x86_64'
build_os='linux-gnu'
build_vendor='pc'
datadir='${datarootdir}'
datarootdir='${prefix}/share'
docdir='${datarootdir}/doc/${PACKAGE_TARNAME}'
dvidir='${docdir}'
exec_prefix='${prefix}'
host='x86_64-pc-linux-gnu'
host_alias=''
host_cpu='x86_64'
host_os='linux-gnu'
host_vendor='pc'
htmldir='${docdir}'
includedir='${prefix}/include'
infodir='${datarootdir}/info'
install_sh='/home/carolhanna/Security_Project/gnu_dataset/gvpe-3.1/install-sh'
libdir='${exec_prefix}/lib'
libexecdir='${exec_prefix}/libexec'
localedir='${datarootdir}/locale'
localstatedir='${prefix}/var'
mandir='${datarootdir}/man'
oldincludedir='/usr/include'
pdfdir='${docdir}'
prefix='/usr/local'
program_transform_name='s,x,x,'
psdir='${docdir}'
runstatedir='${localstatedir}/run'
sbindir='${exec_prefix}/sbin'
sharedstatedir='${prefix}/com'
sysconfdir='${prefix}/etc'
target='x86_64-pc-linux-gnu'
target_alias=''
target_cpu='x86_64'
target_os='linux-gnu'
target_vendor='pc'

## ----------- ##
## confdefs.h. ##
## ----------- ##

/* confdefs.h */
#define PACKAGE_NAME "gvpe"
#define PACKAGE_TARNAME "gvpe"
#define PACKAGE_VERSION "3.1"
#define PACKAGE_STRING "gvpe 3.1"
#define PACKAGE_BUGREPORT ""
#define PACKAGE_URL ""
#define PACKAGE "gvpe"
#define VERSION "3.1"
#define ENABLE_NLS 1
#define HAVE_GETTEXT 1
#define HAVE_DCGETTEXT 1
#define _GNU_SOURCE 1
#define HAVE_LINUX 1
#define IFTYPE "native"
#define IFSUBTYPE "linux"
#define STDC_HEADERS 1
#define HAVE_SYS_TYPES_H 1
#define HAVE_SYS_STAT_H 1
#define HAVE_STDLIB_H 1
#define HAVE_STRING_H 1
#define HAVE_MEMORY_H 1
#define HAVE_STRINGS_H 1
#define HAVE_INTTYPES_H 1
#define HAVE_STDINT_H 1
#define HAVE_UNISTD_H 1
#define HAVE_TR1_UNORDERED_MAP 1
#define HAVE_EXT_HASH_MAP 1
#define HAVE_CLOCALE 1
#define HAVE_FCNTL_H 1
#define HAVE_INTTYPES_H 1
#define HAVE_LIMITS_H 1
#define HAVE_MALLOC_H 1
#define HAVE_STDINT_H 1
#define HAVE_STRINGS_H 1
#define HAVE_SYSLOG_H 1
#define HAVE_UNISTD_H 1
#define HAVE_SYS_FILE_H 1
#define HAVE_SYS_IOCTL_H 1
#define HAVE_SYS_PARAM_H 1
#define HAVE_SYS_TIME_H 1
#define HAVE_NETINET_IN_SYSTM_H 1
#define HAVE_SYS_MMAN_H 1
#define HAVE_NETINET_IN_H 1
#define HAVE_ARPA_INET_H 1
#define HAVE_NET_ETHERNET_H 1
#define HAVE_NET_IF_H 1
#define HAVE_NETINET_IP_H 1
#define HAVE_NETINET_TCP_H 1
#define HAVE_NETINET_IN_SYSTM_H 1
#define TIME_WITH_SYS_TIME 1
#define HAVE_SOCKLEN_T 1
#define HAVE_STRUCT_ADDRINFO 1
#define RETSIGTYPE void
#define STDC_HEADERS 1
#define HAVE_ASPRINTF 1
#define HAVE_DAEMON 1
#define HAVE_GET_CURRENT_DIR_NAME 1
#define HAVE_PUTENV 1
#define HAVE_SELECT 1
#define HAVE_STRERROR 1
#define HAVE_STRSIGNAL 1
#define HAVE_STRTOL 1
#define HAVE_UNSETENV 1
#define HAVE_MLOCKALL 1
#define HAVE_ALLOCA_H 1
#define HAVE_ALLOCA 1
#define HAVE_SYS_INOTIFY_H 1
#define HAVE_SYS_EPOLL_H 1
#define HAVE_POLL_H 1
#define HAVE_SYS_SELECT_H 1
#define HAVE_SYS_EVENTFD_H 1
#define HAVE_SYS_SIGNALFD_H 1
#define HAVE_INOTIFY_INIT 1
#define HAVE_EPOLL_CTL 1
#define HAVE_POLL 1
#define HAVE_SELECT 1
#define HAVE_EVENTFD 1
#define HAVE_SIGNALFD 1
#define HAVE_CLOCK_GETTIME 1
#define HAVE_NANOSLEEP 1
#define HAVE_FLOOR 1
#define HAVE_TUNTAP 1
#define ENABLE_PTHREADS 1
#define ENABLE_ICMP 1
#define ENABLE_TCP 1
#define ENABLE_HTTP_PROXY 1
#define RSABITS 3072
#define HMACLENGTH 12
#define MAX_MTU (1500 + 14)
#define ENABLE_COMPRESSION 1
#define ENABLE_CIPHER EVP_aes_128_ctr
#define ENABLE_HMAC EVP_sha1
#define ENABLE_AUTH EVP_sha512

configure: exit 0
