This file contains any messages produced by compilers while
running configure, to aid debugging if configure makes a mistake.

It was created by GNU Solfege configure 3.8.2, which was
generated by GNU Autoconf 2.61.  Invocation command line was

  $ ./configure 

## --------- ##
## Platform. ##
## --------- ##

hostname = rishon
uname -m = x86_64
uname -r = 4.15.0-72-generic
uname -s = Linux
uname -v = #81-Ubuntu SMP Tue Nov 26 12:20:02 UTC 2019

/usr/bin/uname -p = unknown
/bin/uname -X     = unknown

/bin/arch              = unknown
/usr/bin/arch -k       = unknown
/usr/convex/getsysinfo = unknown
/usr/bin/hostinfo      = unknown
/bin/machine           = unknown
/usr/bin/oslevel       = unknown
/bin/universe          = unknown

PATH: /home/carolhanna/miniconda3/bin
PATH: /home/carolhanna/miniconda3/condabin
PATH: /usr/local/sbin
PATH: /usr/local/bin
PATH: /usr/sbin
PATH: /usr/bin
PATH: /sbin
PATH: /bin
PATH: /usr/games
PATH: /usr/local/games
PATH: /snap/bin


## ----------- ##
## Core tests. ##
## ----------- ##

configure:1811: checking for gcc
configure:1827: found /usr/bin/gcc
configure:1838: result: gcc
configure:2076: checking for C compiler version
configure:2083: gcc --version >&5
gcc (Ubuntu 7.5.0-3ubuntu1~18.04) 7.5.0
Copyright (C) 2017 Free Software Foundation, Inc.
This is free software; see the source for copying conditions.  There is NO
warranty; not even for MERCHANTABILITY or FITNESS FOR A PARTICULAR PURPOSE.

configure:2086: $? = 0
configure:2093: gcc -v >&5
Using built-in specs.
COLLECT_GCC=gcc
COLLECT_LTO_WRAPPER=/usr/lib/gcc/x86_64-linux-gnu/7/lto-wrapper
OFFLOAD_TARGET_NAMES=nvptx-none
OFFLOAD_TARGET_DEFAULT=1
Target: x86_64-linux-gnu
Configured with: ../src/configure -v --with-pkgversion='Ubuntu 7.5.0-3ubuntu1~18.04' --with-bugurl=file:///usr/share/doc/gcc-7/README.Bugs --enable-languages=c,ada,c++,go,brig,d,fortran,objc,obj-c++ --prefix=/usr --with-gcc-major-version-only --program-suffix=-7 --program-prefix=x86_64-linux-gnu- --enable-shared --enable-linker-build-id --libexecdir=/usr/lib --without-included-gettext --enable-threads=posix --libdir=/usr/lib --enable-nls --enable-bootstrap --enable-clocale=gnu --enable-libstdcxx-debug --enable-libstdcxx-time=yes --with-default-libstdcxx-abi=new --enable-gnu-unique-object --disable-vtable-verify --enable-libmpx --enable-plugin --enable-default-pie --with-system-zlib --with-target-system-zlib --enable-objc-gc=auto --enable-multiarch --disable-werror --with-arch-32=i686 --with-abi=m64 --with-multilib-list=m32,m64,mx32 --enable-multilib --with-tune=generic --enable-offload-targets=nvptx-none --without-cuda-driver --enable-checking=release --build=x86_64-linux-gnu --host=x86_64-linux-gnu --target=x86_64-linux-gnu
Thread model: posix
gcc version 7.5.0 (Ubuntu 7.5.0-3ubuntu1~18.04) 
configure:2096: $? = 0
configure:2103: gcc -V >&5
gcc: error: unrecognized command line option '-V'
gcc: fatal error: no input files
compilation terminated.
configure:2106: $? = 1
configure:2129: checking for C compiler default output file name
configure:2156: gcc    conftest.c  >&5
configure:2159: $? = 0
configure:2197: result: a.out
configure:2214: checking whether the C compiler works
configure:2224: ./a.out
configure:2227: $? = 0
configure:2244: result: yes
configure:2251: checking whether we are cross compiling
configure:2253: result: no
configure:2256: checking for suffix of executables
configure:2263: gcc -o conftest    conftest.c  >&5
configure:2266: $? = 0
configure:2290: result: 
configure:2296: checking for suffix of object files
configure:2322: gcc -c   conftest.c >&5
configure:2325: $? = 0
configure:2348: result: o
configure:2352: checking whether we are using the GNU C compiler
configure:2381: gcc -c   conftest.c >&5
configure:2387: $? = 0
configure:2404: result: yes
configure:2409: checking whether gcc accepts -g
configure:2439: gcc -c -g  conftest.c >&5
configure:2445: $? = 0
configure:2544: result: yes
configure:2561: checking for gcc option to accept ISO C89
configure:2635: gcc  -c -g -O2  conftest.c >&5
configure:2641: $? = 0
configure:2664: result: none needed
configure:2715: checking for a Python interpreter with version >= 2.3
configure:2730: python -c import sys, string # split strings by '.' and convert to numeric. Append some zeros # because we need at least 4 digits for the hex conversion. minver = map(int, string.split('2.3', '.')) + [0, 0, 0] minverhex = 0 for i in xrange(0, 4): minverhex = (minverhex << 8) + minver[i] sys.exit(sys.hexversion < minverhex)
Traceback (most recent call last):
  File "<string>", line 4, in <module>
AttributeError: module 'string' has no attribute 'split'
configure:2733: $? = 1
configure:2730: python2 -c import sys, string # split strings by '.' and convert to numeric. Append some zeros # because we need at least 4 digits for the hex conversion. minver = map(int, string.split('2.3', '.')) + [0, 0, 0] minverhex = 0 for i in xrange(0, 4): minverhex = (minverhex << 8) + minver[i] sys.exit(sys.hexversion < minverhex)
configure:2733: $? = 0
configure:2740: result: python2
configure:2748: checking for python2
configure:2766: found /usr/bin/python2
configure:2778: result: /usr/bin/python2
configure:2798: checking for python2 version
configure:2805: result: 2.7
configure:2817: checking for python2 platform
configure:2824: result: linux2
configure:2831: checking for python2 script directory
configure:2839: result: ${prefix}/lib/python2.7/site-packages
configure:2848: checking for python2 extension module directory
configure:2856: result: ${exec_prefix}/lib/python2.7/site-packages
configure:2875: checking how to run the C preprocessor
configure:2915: gcc -E  conftest.c
configure:2921: $? = 0
configure:2952: gcc -E  conftest.c
conftest.c:8:10: fatal error: ac_nonexistent.h: No such file or directory
 #include <ac_nonexistent.h>
          ^~~~~~~~~~~~~~~~~~
compilation terminated.
configure:2958: $? = 1
configure: failed program was:
| /* confdefs.h.  */
| #define PACKAGE_NAME "GNU Solfege"
| #define PACKAGE_TARNAME "solfege"
| #define PACKAGE_VERSION "3.8.2"
| #define PACKAGE_STRING "GNU Solfege 3.8.2"
| #define PACKAGE_BUGREPORT "bug-solfege@gnu.org"
| /* end confdefs.h.  */
| #include <ac_nonexistent.h>
configure:2991: result: gcc -E
configure:3020: gcc -E  conftest.c
configure:3026: $? = 0
configure:3057: gcc -E  conftest.c
conftest.c:8:10: fatal error: ac_nonexistent.h: No such file or directory
 #include <ac_nonexistent.h>
          ^~~~~~~~~~~~~~~~~~
compilation terminated.
configure:3063: $? = 1
configure: failed program was:
| /* confdefs.h.  */
| #define PACKAGE_NAME "GNU Solfege"
| #define PACKAGE_TARNAME "solfege"
| #define PACKAGE_VERSION "3.8.2"
| #define PACKAGE_STRING "GNU Solfege 3.8.2"
| #define PACKAGE_BUGREPORT "bug-solfege@gnu.org"
| /* end confdefs.h.  */
| #include <ac_nonexistent.h>
configure:3102: checking for headers required to compile python extensions
configure:3129: gcc -E  -I/usr/include/python2.7 conftest.c
configure:3135: $? = 0
configure:3140: result: found
configure:3200: checking for a BSD-compatible install
configure:3256: result: /usr/bin/install -c
configure:3267: checking whether make sets $(MAKE)
configure:3288: result: yes
configure:3301: checking for rsvg
configure:3334: result: no
configure:3343: checking for swig
configure:3376: result: no
configure:3385: checking for lilypond
configure:3418: result: no
configure:3427: checking for gs
configure:3460: result: no
configure:3486: checking for xgettext
configure:3504: found /usr/bin/xgettext
configure:3516: result: /usr/bin/xgettext
configure:3535: checking for msgfmt
configure:3553: found /usr/bin/msgfmt
configure:3565: result: /usr/bin/msgfmt
configure:3584: checking for msgmerge
configure:3602: found /usr/bin/msgmerge
configure:3614: result: /usr/bin/msgmerge
configure:3633: checking for makeinfo
configure:3666: result: no
configure:3673: error: makeinfo You need to install the texinfo. not found. 

## ---------------- ##
## Cache variables. ##
## ---------------- ##

ac_cv_c_compiler_gnu=yes
ac_cv_env_CC_set=
ac_cv_env_CC_value=
ac_cv_env_CFLAGS_set=
ac_cv_env_CFLAGS_value=
ac_cv_env_CPPFLAGS_set=
ac_cv_env_CPPFLAGS_value=
ac_cv_env_CPP_set=
ac_cv_env_CPP_value=
ac_cv_env_LDFLAGS_set=
ac_cv_env_LDFLAGS_value=
ac_cv_env_LIBS_set=
ac_cv_env_LIBS_value=
ac_cv_env_PKG_CONFIG_set=
ac_cv_env_PKG_CONFIG_value=
ac_cv_env_PYGTK_CFLAGS_set=
ac_cv_env_PYGTK_CFLAGS_value=
ac_cv_env_PYGTK_LIBS_set=
ac_cv_env_PYGTK_LIBS_value=
ac_cv_env_build_alias_set=
ac_cv_env_build_alias_value=
ac_cv_env_host_alias_set=
ac_cv_env_host_alias_value=
ac_cv_env_target_alias_set=
ac_cv_env_target_alias_value=
ac_cv_objext=o
ac_cv_path_MSGFMT=/usr/bin/msgfmt
ac_cv_path_MSGMERGE=/usr/bin/msgmerge
ac_cv_path_PYTHON=/usr/bin/python2
ac_cv_path_XGETTEXT=/usr/bin/xgettext
ac_cv_path_install='/usr/bin/install -c'
ac_cv_prog_CPP='gcc -E'
ac_cv_prog_ac_ct_CC=gcc
ac_cv_prog_cc_c89=
ac_cv_prog_cc_g=yes
ac_cv_prog_make_make_set=yes
am_cv_pathless_PYTHON=python2
am_cv_python_platform=linux2
am_cv_python_pyexecdir='${exec_prefix}/lib/python2.7/site-packages'
am_cv_python_pythondir='${prefix}/lib/python2.7/site-packages'
am_cv_python_version=2.7

## ----------------- ##
## Output variables. ##
## ----------------- ##

CAT=''
CC='gcc'
CFLAGS='-g -O2'
CPP='gcc -E'
CPPFLAGS=''
DEFS=''
ECHO_C=''
ECHO_N='-n'
ECHO_T=''
EGREP=''
ENABLE_OSS_SOUND=''
ENABLE_TUNER=''
ENABLE_WINMIDI=''
EXEEXT=''
GREP=''
GS=''
HAVE_LINUX_AWE_VOICE_H=''
HAVE_SOUNDCARD_H=''
HAVE_STYLESHEET=''
INSTALL_DATA='${INSTALL} -m 644'
INSTALL_PROGRAM='${INSTALL}'
INSTALL_SCRIPT='${INSTALL}'
LDFLAGS=''
LIBOBJS=''
LIBS=''
LILYPOND=''
LTLIBOBJS=''
MAJOR_VERSION='3'
MAKEINFO=''
MINOR_VERSION='8'
MSGFMT='/usr/bin/msgfmt'
MSGMERGE='/usr/bin/msgmerge'
OBJEXT='o'
PACKAGE='solfege'
PACKAGE_BUGREPORT='bug-solfege@gnu.org'
PACKAGE_NAME='GNU Solfege'
PACKAGE_STRING='GNU Solfege 3.8.2'
PACKAGE_TARNAME='solfege'
PACKAGE_VERSION='3.8.2'
PATCH_LEVEL='2'
PATH_SEPARATOR=':'
PKG_CONFIG=''
PYGTK_CFLAGS=''
PYGTK_LIBS=''
PYTHON='/usr/bin/python2'
PYTHON_EXEC_PREFIX='${exec_prefix}'
PYTHON_INCLUDES='-I/usr/include/python2.7'
PYTHON_PLATFORM='linux2'
PYTHON_PREFIX='${prefix}'
PYTHON_VERSION='2.7'
RSVG=''
SED=''
SET_MAKE=''
SHELL='/bin/bash'
STYLESHEET=''
SWIG=''
SWIG_VERSION='unknown'
VERSION='3.8.2'
XGETTEXT='/usr/bin/xgettext'
XML2PO=''
XSLTPROC=''
ac_ct_CC='gcc'
bindir='${exec_prefix}/bin'
build_alias=''
datadir='${datarootdir}'
datarootdir='${prefix}/share'
docdir='${datarootdir}/doc/${PACKAGE_TARNAME}'
dvidir='${docdir}'
exec_prefix='NONE'
host_alias=''
htmldir='${docdir}'
includedir='${prefix}/include'
infodir='${datarootdir}/info'
libdir='${exec_prefix}/lib'
libexecdir='${exec_prefix}/libexec'
localedir='${datarootdir}/locale'
localstatedir='${prefix}/var'
mandir='${datarootdir}/man'
oldincludedir='/usr/include'
pdfdir='${docdir}'
pkgpyexecdir='${pyexecdir}/solfege'
pkgpythondir='${pythondir}/solfege'
prefix='NONE'
program_transform_name='s,x,x,'
psdir='${docdir}'
pyexecdir='${exec_prefix}/lib/python2.7/site-packages'
pythondir='${prefix}/lib/python2.7/site-packages'
sbindir='${exec_prefix}/sbin'
sharedstatedir='${prefix}/com'
sysconfdir='${prefix}/etc'
target_alias=''

## ----------- ##
## confdefs.h. ##
## ----------- ##

#define PACKAGE_NAME "GNU Solfege"
#define PACKAGE_TARNAME "solfege"
#define PACKAGE_VERSION "3.8.2"
#define PACKAGE_STRING "GNU Solfege 3.8.2"
#define PACKAGE_BUGREPORT "bug-solfege@gnu.org"

configure: exit 1
