This file contains any messages produced by compilers while
running configure, to aid debugging if configure makes a mistake.

It was created by swsupplib configure 0.1, which was
generated by GNU Autoconf 2.61.  Invocation command line was

  $ ./configure --disable-option-checking --prefix=/usr/local --cache-file=/dev/null --srcdir=.

## --------- ##
## Platform. ##
## --------- ##

hostname = rishon
uname -m = x86_64
uname -r = 4.15.0-72-generic
uname -s = Linux
uname -v = #81-Ubuntu SMP Tue Nov 26 12:20:02 UTC 2019

/usr/bin/uname -p = unknown
/bin/uname -X     = unknown

/bin/arch              = unknown
/usr/bin/arch -k       = unknown
/usr/convex/getsysinfo = unknown
/usr/bin/hostinfo      = unknown
/bin/machine           = unknown
/usr/bin/oslevel       = unknown
/bin/universe          = unknown

PATH: /home/carolhanna/miniconda3/bin
PATH: /home/carolhanna/miniconda3/condabin
PATH: /usr/local/sbin
PATH: /usr/local/bin
PATH: /usr/sbin
PATH: /usr/bin
PATH: /sbin
PATH: /bin
PATH: /usr/games
PATH: /usr/local/games
PATH: /snap/bin


## ----------- ##
## Core tests. ##
## ----------- ##

configure:1880: checking for a BSD-compatible install
configure:1936: result: /usr/bin/install -c
configure:1947: checking whether build environment is sane
configure:1990: result: yes
configure:2014: WARNING: `missing' script is too old or missing
configure:2055: checking for gawk
configure:2071: found /usr/bin/gawk
configure:2082: result: gawk
configure:2093: checking whether make sets $(MAKE)
configure:2114: result: yes
configure:2519: checking for style of include used by make
configure:2547: result: GNU
configure:2620: checking for gcc
configure:2636: found /usr/bin/gcc
configure:2647: result: gcc
configure:2885: checking for C compiler version
configure:2892: gcc --version >&5
gcc (Ubuntu 7.5.0-3ubuntu1~18.04) 7.5.0
Copyright (C) 2017 Free Software Foundation, Inc.
This is free software; see the source for copying conditions.  There is NO
warranty; not even for MERCHANTABILITY or FITNESS FOR A PARTICULAR PURPOSE.

configure:2895: $? = 0
configure:2902: gcc -v >&5
Using built-in specs.
COLLECT_GCC=gcc
COLLECT_LTO_WRAPPER=/usr/lib/gcc/x86_64-linux-gnu/7/lto-wrapper
OFFLOAD_TARGET_NAMES=nvptx-none
OFFLOAD_TARGET_DEFAULT=1
Target: x86_64-linux-gnu
Configured with: ../src/configure -v --with-pkgversion='Ubuntu 7.5.0-3ubuntu1~18.04' --with-bugurl=file:///usr/share/doc/gcc-7/README.Bugs --enable-languages=c,ada,c++,go,brig,d,fortran,objc,obj-c++ --prefix=/usr --with-gcc-major-version-only --program-suffix=-7 --program-prefix=x86_64-linux-gnu- --enable-shared --enable-linker-build-id --libexecdir=/usr/lib --without-included-gettext --enable-threads=posix --libdir=/usr/lib --enable-nls --enable-bootstrap --enable-clocale=gnu --enable-libstdcxx-debug --enable-libstdcxx-time=yes --with-default-libstdcxx-abi=new --enable-gnu-unique-object --disable-vtable-verify --enable-libmpx --enable-plugin --enable-default-pie --with-system-zlib --with-target-system-zlib --enable-objc-gc=auto --enable-multiarch --disable-werror --with-arch-32=i686 --with-abi=m64 --with-multilib-list=m32,m64,mx32 --enable-multilib --with-tune=generic --enable-offload-targets=nvptx-none --without-cuda-driver --enable-checking=release --build=x86_64-linux-gnu --host=x86_64-linux-gnu --target=x86_64-linux-gnu
Thread model: posix
gcc version 7.5.0 (Ubuntu 7.5.0-3ubuntu1~18.04) 
configure:2905: $? = 0
configure:2912: gcc -V >&5
gcc: error: unrecognized command line option '-V'
gcc: fatal error: no input files
compilation terminated.
configure:2915: $? = 1
configure:2938: checking for C compiler default output file name
configure:2965: gcc    conftest.c  >&5
configure:2968: $? = 0
configure:3006: result: a.out
configure:3023: checking whether the C compiler works
configure:3033: ./a.out
configure:3036: $? = 0
configure:3053: result: yes
configure:3060: checking whether we are cross compiling
configure:3062: result: no
configure:3065: checking for suffix of executables
configure:3072: gcc -o conftest    conftest.c  >&5
configure:3075: $? = 0
configure:3099: result: 
configure:3105: checking for suffix of object files
configure:3131: gcc -c   conftest.c >&5
configure:3134: $? = 0
configure:3157: result: o
configure:3161: checking whether we are using the GNU C compiler
configure:3190: gcc -c   conftest.c >&5
configure:3196: $? = 0
configure:3213: result: yes
configure:3218: checking whether gcc accepts -g
configure:3248: gcc -c -g  conftest.c >&5
configure:3254: $? = 0
configure:3353: result: yes
configure:3370: checking for gcc option to accept ISO C89
configure:3444: gcc  -c -g -O2  conftest.c >&5
configure:3450: $? = 0
configure:3473: result: none needed
configure:3493: checking dependency style of gcc
configure:3583: result: none
configure:3608: checking for special C compiler options needed for large files
configure:3701: result: no
configure:3707: checking for _FILE_OFFSET_BITS value needed for large files
configure:3742: gcc -c -g -O2  conftest.c >&5
configure:3748: $? = 0
configure:3816: result: no
configure:3958: checking build system type
configure:3976: result: x86_64-unknown-linux-gnuoldld
configure:3998: checking host system type
configure:4013: result: x86_64-unknown-linux-gnuoldld
configure:4083: checking for gcc
configure:4110: result: gcc
configure:4348: checking for C compiler version
configure:4355: gcc --version >&5
gcc (Ubuntu 7.5.0-3ubuntu1~18.04) 7.5.0
Copyright (C) 2017 Free Software Foundation, Inc.
This is free software; see the source for copying conditions.  There is NO
warranty; not even for MERCHANTABILITY or FITNESS FOR A PARTICULAR PURPOSE.

configure:4358: $? = 0
configure:4365: gcc -v >&5
Using built-in specs.
COLLECT_GCC=gcc
COLLECT_LTO_WRAPPER=/usr/lib/gcc/x86_64-linux-gnu/7/lto-wrapper
OFFLOAD_TARGET_NAMES=nvptx-none
OFFLOAD_TARGET_DEFAULT=1
Target: x86_64-linux-gnu
Configured with: ../src/configure -v --with-pkgversion='Ubuntu 7.5.0-3ubuntu1~18.04' --with-bugurl=file:///usr/share/doc/gcc-7/README.Bugs --enable-languages=c,ada,c++,go,brig,d,fortran,objc,obj-c++ --prefix=/usr --with-gcc-major-version-only --program-suffix=-7 --program-prefix=x86_64-linux-gnu- --enable-shared --enable-linker-build-id --libexecdir=/usr/lib --without-included-gettext --enable-threads=posix --libdir=/usr/lib --enable-nls --enable-bootstrap --enable-clocale=gnu --enable-libstdcxx-debug --enable-libstdcxx-time=yes --with-default-libstdcxx-abi=new --enable-gnu-unique-object --disable-vtable-verify --enable-libmpx --enable-plugin --enable-default-pie --with-system-zlib --with-target-system-zlib --enable-objc-gc=auto --enable-multiarch --disable-werror --with-arch-32=i686 --with-abi=m64 --with-multilib-list=m32,m64,mx32 --enable-multilib --with-tune=generic --enable-offload-targets=nvptx-none --without-cuda-driver --enable-checking=release --build=x86_64-linux-gnu --host=x86_64-linux-gnu --target=x86_64-linux-gnu
Thread model: posix
gcc version 7.5.0 (Ubuntu 7.5.0-3ubuntu1~18.04) 
configure:4368: $? = 0
configure:4375: gcc -V >&5
gcc: error: unrecognized command line option '-V'
gcc: fatal error: no input files
compilation terminated.
configure:4378: $? = 1
configure:4381: checking whether we are using the GNU C compiler
configure:4433: result: yes
configure:4438: checking whether gcc accepts -g
configure:4573: result: yes
configure:4590: checking for gcc option to accept ISO C89
configure:4693: result: none needed
configure:4713: checking dependency style of gcc
configure:4803: result: none
configure:4878: checking for g++
configure:4894: found /usr/bin/g++
configure:4905: result: g++
configure:4936: checking for C++ compiler version
configure:4943: g++ --version >&5
g++ (Ubuntu 7.5.0-3ubuntu1~18.04) 7.5.0
Copyright (C) 2017 Free Software Foundation, Inc.
This is free software; see the source for copying conditions.  There is NO
warranty; not even for MERCHANTABILITY or FITNESS FOR A PARTICULAR PURPOSE.

configure:4946: $? = 0
configure:4953: g++ -v >&5
Using built-in specs.
COLLECT_GCC=g++
COLLECT_LTO_WRAPPER=/usr/lib/gcc/x86_64-linux-gnu/7/lto-wrapper
OFFLOAD_TARGET_NAMES=nvptx-none
OFFLOAD_TARGET_DEFAULT=1
Target: x86_64-linux-gnu
Configured with: ../src/configure -v --with-pkgversion='Ubuntu 7.5.0-3ubuntu1~18.04' --with-bugurl=file:///usr/share/doc/gcc-7/README.Bugs --enable-languages=c,ada,c++,go,brig,d,fortran,objc,obj-c++ --prefix=/usr --with-gcc-major-version-only --program-suffix=-7 --program-prefix=x86_64-linux-gnu- --enable-shared --enable-linker-build-id --libexecdir=/usr/lib --without-included-gettext --enable-threads=posix --libdir=/usr/lib --enable-nls --enable-bootstrap --enable-clocale=gnu --enable-libstdcxx-debug --enable-libstdcxx-time=yes --with-default-libstdcxx-abi=new --enable-gnu-unique-object --disable-vtable-verify --enable-libmpx --enable-plugin --enable-default-pie --with-system-zlib --with-target-system-zlib --enable-objc-gc=auto --enable-multiarch --disable-werror --with-arch-32=i686 --with-abi=m64 --with-multilib-list=m32,m64,mx32 --enable-multilib --with-tune=generic --enable-offload-targets=nvptx-none --without-cuda-driver --enable-checking=release --build=x86_64-linux-gnu --host=x86_64-linux-gnu --target=x86_64-linux-gnu
Thread model: posix
gcc version 7.5.0 (Ubuntu 7.5.0-3ubuntu1~18.04) 
configure:4956: $? = 0
configure:4963: g++ -V >&5
g++: error: unrecognized command line option '-V'
g++: fatal error: no input files
compilation terminated.
configure:4966: $? = 1
configure:4969: checking whether we are using the GNU C++ compiler
configure:4998: g++ -c   conftest.cpp >&5
configure:5004: $? = 0
configure:5021: result: yes
configure:5026: checking whether g++ accepts -g
configure:5056: g++ -c -g  conftest.cpp >&5
configure:5062: $? = 0
configure:5161: result: yes
configure:5186: checking dependency style of g++
configure:5276: result: none
configure:5293: checking for gcc option to accept ISO C99
configure:5452: gcc  -c -g -O2  conftest.c >&5
configure:5458: $? = 0
configure:5481: result: none needed
configure:5507: checking for a BSD-compatible install
configure:5563: result: /usr/bin/install -c
configure:5579: checking how to run the C preprocessor
configure:5619: gcc -E  conftest.c
configure:5625: $? = 0
configure:5656: gcc -E  conftest.c
conftest.c:10:10: fatal error: ac_nonexistent.h: No such file or directory
 #include <ac_nonexistent.h>
          ^~~~~~~~~~~~~~~~~~
compilation terminated.
configure:5662: $? = 1
configure: failed program was:
| /* confdefs.h.  */
| #define PACKAGE_NAME "swsupplib"
| #define PACKAGE_TARNAME "swsupplib"
| #define PACKAGE_VERSION "0.1"
| #define PACKAGE_STRING "swsupplib 0.1"
| #define PACKAGE_BUGREPORT "bug-swbis@gnu.org"
| #define PACKAGE "swsupplib"
| #define VERSION "0.1"
| /* end confdefs.h.  */
| #include <ac_nonexistent.h>
configure:5695: result: gcc -E
configure:5724: gcc -E  conftest.c
configure:5730: $? = 0
configure:5761: gcc -E  conftest.c
conftest.c:10:10: fatal error: ac_nonexistent.h: No such file or directory
 #include <ac_nonexistent.h>
          ^~~~~~~~~~~~~~~~~~
compilation terminated.
configure:5767: $? = 1
configure: failed program was:
| /* confdefs.h.  */
| #define PACKAGE_NAME "swsupplib"
| #define PACKAGE_TARNAME "swsupplib"
| #define PACKAGE_VERSION "0.1"
| #define PACKAGE_STRING "swsupplib 0.1"
| #define PACKAGE_BUGREPORT "bug-swbis@gnu.org"
| #define PACKAGE "swsupplib"
| #define VERSION "0.1"
| /* end confdefs.h.  */
| #include <ac_nonexistent.h>
configure:5804: checking whether gcc and cc understand -c and -o together
configure:5839: gcc -c conftest.c -o conftest2.o >&5
configure:5842: $? = 0
configure:5848: gcc -c conftest.c -o conftest2.o >&5
configure:5851: $? = 0
configure:5862: cc -c conftest.c >&5
configure:5865: $? = 0
configure:5873: cc -c conftest.c -o conftest2.o >&5
configure:5876: $? = 0
configure:5882: cc -c conftest.c -o conftest2.o >&5
configure:5885: $? = 0
configure:5903: result: yes
configure:5919: checking for flex
configure:5949: result: no
configure:5919: checking for lex
configure:5949: result: no
configure:6123: checking for bison
configure:6153: result: no
configure:6123: checking for byacc
configure:6153: result: no
configure:6166: checking for gawk
configure:6193: result: gawk
configure:6204: checking whether ln -s works
configure:6208: result: yes
configure:6215: checking whether make sets $(MAKE)
configure:6236: result: yes
configure:6288: checking for ranlib
configure:6304: found /usr/bin/ranlib
configure:6315: result: ranlib
configure:6342: checking for grep that handles long lines and -e
configure:6416: result: /bin/grep
configure:6421: checking for egrep
configure:6499: result: /bin/grep -E
configure:6505: checking for AIX
configure:6527: result: no
configure:6533: checking for library containing strerror
configure:6574: gcc -o conftest -g -O2   conftest.c  >&5
configure:6580: $? = 0
configure:6608: result: none required
configure:6616: checking for ANSI C header files
configure:6646: gcc -c -g -O2  conftest.c >&5
configure:6652: $? = 0
configure:6751: gcc -o conftest -g -O2   conftest.c  >&5
configure:6754: $? = 0
configure:6760: ./conftest
configure:6763: $? = 0
configure:6780: result: yes
configure:6804: checking for sys/types.h
configure:6825: gcc -c -g -O2  conftest.c >&5
configure:6831: $? = 0
configure:6847: result: yes
configure:6804: checking for sys/stat.h
configure:6825: gcc -c -g -O2  conftest.c >&5
configure:6831: $? = 0
configure:6847: result: yes
configure:6804: checking for stdlib.h
configure:6825: gcc -c -g -O2  conftest.c >&5
configure:6831: $? = 0
configure:6847: result: yes
configure:6804: checking for string.h
configure:6825: gcc -c -g -O2  conftest.c >&5
configure:6831: $? = 0
configure:6847: result: yes
configure:6804: checking for memory.h
configure:6825: gcc -c -g -O2  conftest.c >&5
configure:6831: $? = 0
configure:6847: result: yes
configure:6804: checking for strings.h
configure:6825: gcc -c -g -O2  conftest.c >&5
configure:6831: $? = 0
configure:6847: result: yes
configure:6804: checking for inttypes.h
configure:6825: gcc -c -g -O2  conftest.c >&5
configure:6831: $? = 0
configure:6847: result: yes
configure:6804: checking for stdint.h
configure:6825: gcc -c -g -O2  conftest.c >&5
configure:6831: $? = 0
configure:6847: result: yes
configure:6804: checking for unistd.h
configure:6825: gcc -c -g -O2  conftest.c >&5
configure:6831: $? = 0
configure:6847: result: yes
configure:6869: checking minix/config.h usability
configure:6886: gcc -c -g -O2  conftest.c >&5
conftest.c:53:10: fatal error: minix/config.h: No such file or directory
 #include <minix/config.h>
          ^~~~~~~~~~~~~~~~
compilation terminated.
configure:6892: $? = 1
configure: failed program was:
| /* confdefs.h.  */
| #define PACKAGE_NAME "swsupplib"
| #define PACKAGE_TARNAME "swsupplib"
| #define PACKAGE_VERSION "0.1"
| #define PACKAGE_STRING "swsupplib 0.1"
| #define PACKAGE_BUGREPORT "bug-swbis@gnu.org"
| #define PACKAGE "swsupplib"
| #define VERSION "0.1"
| #define STDC_HEADERS 1
| #define HAVE_SYS_TYPES_H 1
| #define HAVE_SYS_STAT_H 1
| #define HAVE_STDLIB_H 1
| #define HAVE_STRING_H 1
| #define HAVE_MEMORY_H 1
| #define HAVE_STRINGS_H 1
| #define HAVE_INTTYPES_H 1
| #define HAVE_STDINT_H 1
| #define HAVE_UNISTD_H 1
| /* end confdefs.h.  */
| #include <stdio.h>
| #ifdef HAVE_SYS_TYPES_H
| # include <sys/types.h>
| #endif
| #ifdef HAVE_SYS_STAT_H
| # include <sys/stat.h>
| #endif
| #ifdef STDC_HEADERS
| # include <stdlib.h>
| # include <stddef.h>
| #else
| # ifdef HAVE_STDLIB_H
| #  include <stdlib.h>
| # endif
| #endif
| #ifdef HAVE_STRING_H
| # if !defined STDC_HEADERS && defined HAVE_MEMORY_H
| #  include <memory.h>
| # endif
| # include <string.h>
| #endif
| #ifdef HAVE_STRINGS_H
| # include <strings.h>
| #endif
| #ifdef HAVE_INTTYPES_H
| # include <inttypes.h>
| #endif
| #ifdef HAVE_STDINT_H
| # include <stdint.h>
| #endif
| #ifdef HAVE_UNISTD_H
| # include <unistd.h>
| #endif
| #include <minix/config.h>
configure:6906: result: no
configure:6910: checking minix/config.h presence
configure:6925: gcc -E  conftest.c
conftest.c:20:10: fatal error: minix/config.h: No such file or directory
 #include <minix/config.h>
          ^~~~~~~~~~~~~~~~
compilation terminated.
configure:6931: $? = 1
configure: failed program was:
| /* confdefs.h.  */
| #define PACKAGE_NAME "swsupplib"
| #define PACKAGE_TARNAME "swsupplib"
| #define PACKAGE_VERSION "0.1"
| #define PACKAGE_STRING "swsupplib 0.1"
| #define PACKAGE_BUGREPORT "bug-swbis@gnu.org"
| #define PACKAGE "swsupplib"
| #define VERSION "0.1"
| #define STDC_HEADERS 1
| #define HAVE_SYS_TYPES_H 1
| #define HAVE_SYS_STAT_H 1
| #define HAVE_STDLIB_H 1
| #define HAVE_STRING_H 1
| #define HAVE_MEMORY_H 1
| #define HAVE_STRINGS_H 1
| #define HAVE_INTTYPES_H 1
| #define HAVE_STDINT_H 1
| #define HAVE_UNISTD_H 1
| /* end confdefs.h.  */
| #include <minix/config.h>
configure:6945: result: no
configure:6978: checking for minix/config.h
configure:6985: result: no
configure:7014: checking for ANSI C header files
configure:7178: result: yes
configure:7188: checking for size_t
configure:7218: gcc -c -g -O2  conftest.c >&5
configure:7224: $? = 0
configure:7239: result: yes
configure:7251: checking for pid_t
configure:7281: gcc -c -g -O2  conftest.c >&5
configure:7287: $? = 0
configure:7302: result: yes
configure:7314: checking return type of signal handlers
configure:7342: gcc -c -g -O2  conftest.c >&5
conftest.c: In function 'main':
conftest.c:27:10: error: void value not ignored as it ought to be
 return *(signal (0, 0)) (0) == 1;
         ~^~~~~~~~~~~~~~~~~~
configure:7348: $? = 1
configure: failed program was:
| /* confdefs.h.  */
| #define PACKAGE_NAME "swsupplib"
| #define PACKAGE_TARNAME "swsupplib"
| #define PACKAGE_VERSION "0.1"
| #define PACKAGE_STRING "swsupplib 0.1"
| #define PACKAGE_BUGREPORT "bug-swbis@gnu.org"
| #define PACKAGE "swsupplib"
| #define VERSION "0.1"
| #define STDC_HEADERS 1
| #define HAVE_SYS_TYPES_H 1
| #define HAVE_SYS_STAT_H 1
| #define HAVE_STDLIB_H 1
| #define HAVE_STRING_H 1
| #define HAVE_MEMORY_H 1
| #define HAVE_STRINGS_H 1
| #define HAVE_INTTYPES_H 1
| #define HAVE_STDINT_H 1
| #define HAVE_UNISTD_H 1
| #define STDC_HEADERS 1
| /* end confdefs.h.  */
| #include <sys/types.h>
| #include <signal.h>
| 
| int
| main ()
| {
| return *(signal (0, 0)) (0) == 1;
|   ;
|   return 0;
| }
configure:7363: result: void
configure:7372: checking whether strtoull is declared
configure:7401: gcc -c -g -O2  conftest.c >&5
configure:7407: $? = 0
configure:7422: result: yes
configure:7446: checking for long long int
configure:7479: gcc -o conftest -g -O2   conftest.c  >&5
configure:7485: $? = 0
configure:7530: gcc -o conftest -g -O2   conftest.c  >&5
configure:7533: $? = 0
configure:7539: ./conftest
configure:7542: $? = 0
configure:7567: result: yes
configure:7578: checking for unsigned long long int
configure:7609: gcc -o conftest -g -O2   conftest.c  >&5
configure:7615: $? = 0
configure:7632: result: yes
configure:7660: checking wchar.h usability
configure:7677: gcc -c -g -O2  conftest.c >&5
configure:7683: $? = 0
configure:7697: result: yes
configure:7701: checking wchar.h presence
configure:7716: gcc -E  conftest.c
configure:7722: $? = 0
configure:7736: result: yes
configure:7769: checking for wchar.h
configure:7777: result: yes
configure:7650: checking for stdint.h
configure:7656: result: yes
configure:7650: checking for inttypes.h
configure:7656: result: yes
configure:7839: checking absolute name of <stdint.h>
configure:7863: result: ///usr/lib/gcc/x86_64-linux-gnu/7/include/stdint.h
configure:7880: checking whether stdint.h conforms to C99
configure:8022: gcc -c -g -O2  conftest.c >&5
configure:8028: $? = 0
configure:8043: result: yes
configure:8808: checking for inttypes.h
configure:8835: gcc -c -g -O2  conftest.c >&5
configure:8841: $? = 0
configure:8856: result: yes
configure:8867: checking for stdint.h
configure:8894: gcc -c -g -O2  conftest.c >&5
configure:8900: $? = 0
configure:8915: result: yes
configure:8963: checking for inttypes.h
configure:8969: result: yes
configure:9104: checking whether the inttypes.h PRIxNN macros are broken
configure:9135: gcc -c -g -O2  conftest.c >&5
configure:9141: $? = 0
configure:9157: result: no
configure:9172: checking whether imaxabs is declared
configure:9201: gcc -c -g -O2  conftest.c >&5
configure:9207: $? = 0
configure:9222: result: yes
configure:9240: checking whether imaxdiv is declared
configure:9269: gcc -c -g -O2  conftest.c >&5
configure:9275: $? = 0
configure:9290: result: yes
configure:9308: checking whether strtoimax is declared
configure:9337: gcc -c -g -O2  conftest.c >&5
configure:9343: $? = 0
configure:9358: result: yes
configure:9376: checking whether strtoumax is declared
configure:9405: gcc -c -g -O2  conftest.c >&5
configure:9411: $? = 0
configure:9426: result: yes
configure:9466: checking whether inttypes.h conforms to C99
configure:9598: gcc -c -g -O2  conftest.c >&5
conftest.c:44:10: error: #include expects "FILENAME" or <FILENAME>
 #include ABSOLUTE_INTTYPES_H
          ^~~~~~~~~~~~~~~~~~~
conftest.c:76:3: error: 'PRIdLEAST8' undeclared here (not in a function)
   PRIdLEAST8 PRIiLEAST8 PRIoLEAST8 PRIuLEAST8 PRIxLEAST8 PRIXLEAST8
   ^~~~~~~~~~
conftest.c:76:14: error: expected ',' or ';' before 'PRIiLEAST8'
   PRIdLEAST8 PRIiLEAST8 PRIoLEAST8 PRIuLEAST8 PRIxLEAST8 PRIXLEAST8
              ^~~~~~~~~~
conftest.c:119:3: error: 'SCNdLEAST8' undeclared here (not in a function); did you mean 'PRIdLEAST8'?
   SCNdLEAST8 SCNiLEAST8 SCNoLEAST8 SCNuLEAST8 SCNxLEAST8
   ^~~~~~~~~~
   PRIdLEAST8
conftest.c:119:14: error: expected ',' or ';' before 'SCNiLEAST8'
   SCNdLEAST8 SCNiLEAST8 SCNoLEAST8 SCNuLEAST8 SCNxLEAST8
              ^~~~~~~~~~
configure:9604: $? = 1
configure: failed program was:
| 
| 	 /* confdefs.h.  */
| #define PACKAGE_NAME "swsupplib"
| #define PACKAGE_TARNAME "swsupplib"
| #define PACKAGE_VERSION "0.1"
| #define PACKAGE_STRING "swsupplib 0.1"
| #define PACKAGE_BUGREPORT "bug-swbis@gnu.org"
| #define PACKAGE "swsupplib"
| #define VERSION "0.1"
| #define STDC_HEADERS 1
| #define HAVE_SYS_TYPES_H 1
| #define HAVE_SYS_STAT_H 1
| #define HAVE_STDLIB_H 1
| #define HAVE_STRING_H 1
| #define HAVE_MEMORY_H 1
| #define HAVE_STRINGS_H 1
| #define HAVE_INTTYPES_H 1
| #define HAVE_STDINT_H 1
| #define HAVE_UNISTD_H 1
| #define STDC_HEADERS 1
| #define RETSIGTYPE void
| #define HAVE_DECL_STRTOULL 1
| #define HAVE_LONG_LONG_INT 1
| #define HAVE_UNSIGNED_LONG_LONG_INT 1
| #define HAVE_WCHAR_H 1
| #define HAVE_STDINT_H 1
| #define HAVE_INTTYPES_H 1
| #define ABSOLUTE_STDINT_H "///usr/lib/gcc/x86_64-linux-gnu/7/include/stdint.h"
| #define HAVE_INTTYPES_H_WITH_UINTMAX 1
| #define HAVE_STDINT_H_WITH_UINTMAX 1
| #define HAVE_LONG_LONG 1
| #define HAVE_INTMAX_T 1
| #define HAVE_INTTYPES_H 1
| #define HAVE_DECL_IMAXABS 1
| #define HAVE_DECL_IMAXDIV 1
| #define HAVE_DECL_STRTOIMAX 1
| #define HAVE_DECL_STRTOUMAX 1
| /* end confdefs.h.  */
| 
| #include <stddef.h>
| #define __STDC_LIMIT_MACROS 1 /* to make it work also in C++ mode */
| #define __STDC_CONSTANT_MACROS 1 /* to make it work also in C++ mode */
| #define __STDC_FORMAT_MACROS 1 /* to make it work also in C++ mode */
| #include ABSOLUTE_INTTYPES_H
| 
| /* No need to duplicate the tests of stdint.m4; they are subsumed by
|    yes = yes.  */
| 
| /* Tests for macros supposed to be defined in inttypes.h.  */
| 
| const char *k = /* implicit string concatenation */
| #ifdef INT8_MAX
|   PRId8 PRIi8
| #endif
| #ifdef UINT8_MAX
|   PRIo8 PRIu8 PRIx8 PRIX8
| #endif
| #ifdef INT16_MAX
|   PRId16 PRIi16
| #endif
| #ifdef UINT16_MAX
|   PRIo16 PRIu16 PRIx16 PRIX16
| #endif
| #ifdef INT32_MAX
|   PRId32 PRIi32
| #endif
| #ifdef UINT32_MAX
|   PRIo32 PRIu32 PRIx32 PRIX32
| #endif
| #ifdef INT64_MAX
|   PRId64 PRIi64
| #endif
| #ifdef UINT64_MAX
|   PRIo64 PRIu64 PRIx64 PRIX64
| #endif
|   PRIdLEAST8 PRIiLEAST8 PRIoLEAST8 PRIuLEAST8 PRIxLEAST8 PRIXLEAST8
|   PRIdLEAST16 PRIiLEAST16 PRIoLEAST16 PRIuLEAST16 PRIxLEAST16 PRIXLEAST16
|   PRIdLEAST32 PRIiLEAST32 PRIoLEAST32 PRIuLEAST32 PRIxLEAST32 PRIXLEAST32
|   PRIdLEAST64 PRIiLEAST64
|   PRIoLEAST64 PRIuLEAST64 PRIxLEAST64 PRIXLEAST64
|   PRIdFAST8 PRIiFAST8 PRIoFAST8 PRIuFAST8 PRIxFAST8 PRIXFAST8
|   PRIdFAST16 PRIiFAST16 PRIoFAST16 PRIuFAST16 PRIxFAST16 PRIXFAST16
|   PRIdFAST32 PRIiFAST32 PRIoFAST32 PRIuFAST32 PRIxFAST32 PRIXFAST32
|   PRIdFAST64 PRIiFAST64
|   PRIoFAST64 PRIuFAST64 PRIxFAST64 PRIXFAST64
|   PRIdMAX PRIiMAX PRIoMAX PRIuMAX PRIxMAX PRIXMAX
| #ifdef INTPTR_MAX
|   PRIdPTR PRIiPTR
| #endif
| #ifdef UINTPTR_MAX
|   PRIoPTR PRIuPTR PRIxPTR PRIXPTR
| #endif
|   ;
| const char *l = /* implicit string concatenation */
| #ifdef INT8_MAX
|   SCNd8 SCNi8
| #endif
| #ifdef UINT8_MAX
|   SCNo8 SCNu8 SCNx8
| #endif
| #ifdef INT16_MAX
|   SCNd16 SCNi16
| #endif
| #ifdef UINT16_MAX
|   SCNo16 SCNu16 SCNx16
| #endif
| #ifdef INT32_MAX
|   SCNd32 SCNi32
| #endif
| #ifdef UINT32_MAX
|   SCNo32 SCNu32 SCNx32
| #endif
| #ifdef INT64_MAX
|   SCNd64 SCNi64
| #endif
| #ifdef UINT64_MAX
|   SCNo64 SCNu64 SCNx64
| #endif
|   SCNdLEAST8 SCNiLEAST8 SCNoLEAST8 SCNuLEAST8 SCNxLEAST8
|   SCNdLEAST16 SCNiLEAST16 SCNoLEAST16 SCNuLEAST16 SCNxLEAST16
|   SCNdLEAST32 SCNiLEAST32 SCNoLEAST32 SCNuLEAST32 SCNxLEAST32
|   SCNdLEAST64 SCNiLEAST64
|   SCNoLEAST64 SCNuLEAST64 SCNxLEAST64
|   SCNdFAST8 SCNiFAST8 SCNoFAST8 SCNuFAST8 SCNxFAST8
|   SCNdFAST16 SCNiFAST16 SCNoFAST16 SCNuFAST16 SCNxFAST16
|   SCNdFAST32 SCNiFAST32 SCNoFAST32 SCNuFAST32 SCNxFAST32
|   SCNdFAST64 SCNiFAST64
|   SCNoFAST64 SCNuFAST64 SCNxFAST64
|   SCNdMAX SCNiMAX SCNoMAX SCNuMAX SCNxMAX
| #ifdef INTPTR_MAX
|   SCNdPTR SCNiPTR
| #endif
| #ifdef UINTPTR_MAX
|   SCNoPTR SCNuPTR SCNxPTR
| #endif
|   ;
| 
| int
| main ()
| {
| 
|   ;
|   return 0;
| }
configure:9620: result: no
configure:9627: checking absolute name of <inttypes.h>
configure:9651: result: ///usr/include/inttypes.h
configure:9698: gcc -c -g -O2  conftest.c >&5
conftest.c:41:25: error: conflicting types for 'foo'
              extern int foo;
                         ^~~
conftest.c:40:30: note: previous declaration of 'foo' was here
              extern intptr_t foo;
                              ^~~
configure:9704: $? = 1
configure: failed program was:
| /* confdefs.h.  */
| #define PACKAGE_NAME "swsupplib"
| #define PACKAGE_TARNAME "swsupplib"
| #define PACKAGE_VERSION "0.1"
| #define PACKAGE_STRING "swsupplib 0.1"
| #define PACKAGE_BUGREPORT "bug-swbis@gnu.org"
| #define PACKAGE "swsupplib"
| #define VERSION "0.1"
| #define STDC_HEADERS 1
| #define HAVE_SYS_TYPES_H 1
| #define HAVE_SYS_STAT_H 1
| #define HAVE_STDLIB_H 1
| #define HAVE_STRING_H 1
| #define HAVE_MEMORY_H 1
| #define HAVE_STRINGS_H 1
| #define HAVE_INTTYPES_H 1
| #define HAVE_STDINT_H 1
| #define HAVE_UNISTD_H 1
| #define STDC_HEADERS 1
| #define RETSIGTYPE void
| #define HAVE_DECL_STRTOULL 1
| #define HAVE_LONG_LONG_INT 1
| #define HAVE_UNSIGNED_LONG_LONG_INT 1
| #define HAVE_WCHAR_H 1
| #define HAVE_STDINT_H 1
| #define HAVE_INTTYPES_H 1
| #define ABSOLUTE_STDINT_H "///usr/lib/gcc/x86_64-linux-gnu/7/include/stdint.h"
| #define HAVE_INTTYPES_H_WITH_UINTMAX 1
| #define HAVE_STDINT_H_WITH_UINTMAX 1
| #define HAVE_LONG_LONG 1
| #define HAVE_INTMAX_T 1
| #define HAVE_INTTYPES_H 1
| #define HAVE_DECL_IMAXABS 1
| #define HAVE_DECL_IMAXDIV 1
| #define HAVE_DECL_STRTOIMAX 1
| #define HAVE_DECL_STRTOUMAX 1
| #define ABSOLUTE_INTTYPES_H "///usr/include/inttypes.h"
| /* end confdefs.h.  */
| #include <stdint.h>
|              extern intptr_t foo;
|              extern int foo;
| int
| main ()
| {
| 
|   ;
|   return 0;
| }
configure:9698: gcc -c -g -O2  conftest.c >&5
configure:9704: $? = 0
configure:9756: checking for inttypes.h
configure:9804: result: yes
configure:9815: checking for stdint.h
configure:9863: result: yes
configure:9878: checking for strtol
configure:9934: gcc -o conftest -g -O2   conftest.c  >&5
configure:9940: $? = 0
configure:9958: result: yes
configure:9984: checking for strtoll
configure:10040: gcc -o conftest -g -O2   conftest.c  >&5
configure:10046: $? = 0
configure:10064: result: yes
configure:10094: checking for strtoul
configure:10150: gcc -o conftest -g -O2   conftest.c  >&5
configure:10156: $? = 0
configure:10174: result: yes
configure:10200: checking for strtoull
configure:10256: gcc -o conftest -g -O2   conftest.c  >&5
configure:10262: $? = 0
configure:10280: result: yes
configure:10309: checking whether <inttypes.h> defines strtoimax as a macro
configure:10334: result: no
configure:10342: checking for strtoimax
configure:10398: gcc -o conftest -g -O2   conftest.c  >&5
configure:10404: $? = 0
configure:10422: result: yes
configure:10519: checking whether <inttypes.h> defines strtoumax as a macro
configure:10544: result: no
configure:10552: checking for strtoumax
configure:10608: gcc -o conftest -g -O2   conftest.c  >&5
configure:10614: $? = 0
configure:10632: result: yes
configure:10726: checking whether strtoll is declared
configure:10755: gcc -c -g -O2  conftest.c >&5
configure:10761: $? = 0
configure:10776: result: yes
configure:10816: checking whether byte ordering is bigendian
configure:10849: gcc -c -g -O2  conftest.c >&5
configure:10855: $? = 0
configure:10887: gcc -c -g -O2  conftest.c >&5
conftest.c: In function 'main':
conftest.c:55:2: error: unknown type name 'not'; did you mean 'ino_t'?
  not big endian
  ^~~
  ino_t
conftest.c:55:10: error: expected '=', ',', ';', 'asm' or '__attribute__' before 'endian'
  not big endian
          ^~~~~~
configure:10893: $? = 1
configure: failed program was:
| /* confdefs.h.  */
| #define PACKAGE_NAME "swsupplib"
| #define PACKAGE_TARNAME "swsupplib"
| #define PACKAGE_VERSION "0.1"
| #define PACKAGE_STRING "swsupplib 0.1"
| #define PACKAGE_BUGREPORT "bug-swbis@gnu.org"
| #define PACKAGE "swsupplib"
| #define VERSION "0.1"
| #define STDC_HEADERS 1
| #define HAVE_SYS_TYPES_H 1
| #define HAVE_SYS_STAT_H 1
| #define HAVE_STDLIB_H 1
| #define HAVE_STRING_H 1
| #define HAVE_MEMORY_H 1
| #define HAVE_STRINGS_H 1
| #define HAVE_INTTYPES_H 1
| #define HAVE_STDINT_H 1
| #define HAVE_UNISTD_H 1
| #define STDC_HEADERS 1
| #define RETSIGTYPE void
| #define HAVE_DECL_STRTOULL 1
| #define HAVE_LONG_LONG_INT 1
| #define HAVE_UNSIGNED_LONG_LONG_INT 1
| #define HAVE_WCHAR_H 1
| #define HAVE_STDINT_H 1
| #define HAVE_INTTYPES_H 1
| #define ABSOLUTE_STDINT_H "///usr/lib/gcc/x86_64-linux-gnu/7/include/stdint.h"
| #define HAVE_INTTYPES_H_WITH_UINTMAX 1
| #define HAVE_STDINT_H_WITH_UINTMAX 1
| #define HAVE_LONG_LONG 1
| #define HAVE_INTMAX_T 1
| #define HAVE_INTTYPES_H 1
| #define HAVE_DECL_IMAXABS 1
| #define HAVE_DECL_IMAXDIV 1
| #define HAVE_DECL_STRTOIMAX 1
| #define HAVE_DECL_STRTOUMAX 1
| #define ABSOLUTE_INTTYPES_H "///usr/include/inttypes.h"
| #define HAVE_INTTYPES_H_WITH_UINTMAX 1
| #define HAVE_STDINT_H_WITH_UINTMAX 1
| #define HAVE_STRTOL 1
| #define HAVE_STRTOLL 1
| #define HAVE_STRTOUL 1
| #define HAVE_STRTOULL 1
| #define HAVE_STRTOIMAX 1
| #define HAVE_STRTOUMAX 1
| #define HAVE_DECL_STRTOLL 1
| /* end confdefs.h.  */
| #include <sys/types.h>
| #include <sys/param.h>
| 
| int
| main ()
| {
| #if BYTE_ORDER != BIG_ENDIAN
|  not big endian
| #endif
| 
|   ;
|   return 0;
| }
configure:11033: result: no
configure:11052: checking for an ANSI C-conforming const
configure:11127: gcc -c -g -O2  conftest.c >&5
configure:11133: $? = 0
configure:11148: result: yes
conftest.c:48:10: fatal error: /usr/include/rpm/rpmlib.h: No such file or directory
 #include </usr/include/rpm/rpmlib.h>
          ^~~~~~~~~~~~~~~~~~~~~~~~~~~
compilation terminated.
conftest.c:48:10: fatal error: /usr/include/rpm/rpmlib.h: No such file or directory
 #include </usr/include/rpm/rpmlib.h>
          ^~~~~~~~~~~~~~~~~~~~~~~~~~~
compilation terminated.
conftest.c:48:10: fatal error: /usr/include/rpm/rpmlib.h: No such file or directory
 #include </usr/include/rpm/rpmlib.h>
          ^~~~~~~~~~~~~~~~~~~~~~~~~~~
compilation terminated.
conftest.c:48:10: fatal error: /usr/include/rpm/rpmlib.h: No such file or directory
 #include </usr/include/rpm/rpmlib.h>
          ^~~~~~~~~~~~~~~~~~~~~~~~~~~
compilation terminated.
conftest.c:48:10: fatal error: /usr/include/rpm/rpmlib.h: No such file or directory
 #include </usr/include/rpm/rpmlib.h>
          ^~~~~~~~~~~~~~~~~~~~~~~~~~~
compilation terminated.
conftest.c:48:10: fatal error: rpm/rpmlib.h: No such file or directory
 #include <rpm/rpmlib.h>
          ^~~~~~~~~~~~~~
compilation terminated.
conftest.c:48:10: fatal error: rpm/rpmlib.h: No such file or directory
 #include <rpm/rpmlib.h>
          ^~~~~~~~~~~~~~
compilation terminated.
conftest.c:48:10: fatal error: rpm/rpmlib.h: No such file or directory
 #include <rpm/rpmlib.h>
          ^~~~~~~~~~~~~~
compilation terminated.
conftest.c:48:10: fatal error: rpm/rpmlib.h: No such file or directory
 #include <rpm/rpmlib.h>
          ^~~~~~~~~~~~~~
compilation terminated.
conftest.c:48:10: fatal error: rpm/rpmlib.h: No such file or directory
 #include <rpm/rpmlib.h>
          ^~~~~~~~~~~~~~
compilation terminated.
conftest.c:48:10: fatal error: rpm/rpmlib.h: No such file or directory
 #include <rpm/rpmlib.h>
          ^~~~~~~~~~~~~~
compilation terminated.
conftest.c:48:10: fatal error: rpm/rpmlib.h: No such file or directory
 #include <rpm/rpmlib.h>
          ^~~~~~~~~~~~~~
compilation terminated.
conftest.c:48:10: fatal error: rpm/rpmlib.h: No such file or directory
 #include <rpm/rpmlib.h>
          ^~~~~~~~~~~~~~
compilation terminated.
conftest.c:48:10: fatal error: /usr/include/rpm/rpmlib.h: No such file or directory
 #include </usr/include/rpm/rpmlib.h>
          ^~~~~~~~~~~~~~~~~~~~~~~~~~~
compilation terminated.
conftest.c:48:10: fatal error: /usr/include/rpm/rpmlib.h: No such file or directory
 #include </usr/include/rpm/rpmlib.h>
          ^~~~~~~~~~~~~~~~~~~~~~~~~~~
compilation terminated.
conftest.c:48:10: fatal error: rpm/rpmlib.h: No such file or directory
 #include <rpm/rpmlib.h>
          ^~~~~~~~~~~~~~
compilation terminated.
conftest.c:48:10: fatal error: rpm/rpmlib.h: No such file or directory
 #include <rpm/rpmlib.h>
          ^~~~~~~~~~~~~~
compilation terminated.
conftest.c:48:10: fatal error: rpm/rpmio.h: No such file or directory
 #include <rpm/rpmio.h>
          ^~~~~~~~~~~~~
compilation terminated.
configure:11915: checking for dlopen in -ldl
configure:11950: gcc -o conftest -g -O2   conftest.c -ldl   >&5
configure:11956: $? = 0
configure:11974: result: yes
configure:11986: checking for main in -lbz2
configure:12015: gcc -o conftest -g -O2   conftest.c -lbz2  -ldl  >&5
/usr/bin/ld: cannot find -lbz2
collect2: error: ld returned 1 exit status
configure:12021: $? = 1
configure: failed program was:
| /* confdefs.h.  */
| #define PACKAGE_NAME "swsupplib"
| #define PACKAGE_TARNAME "swsupplib"
| #define PACKAGE_VERSION "0.1"
| #define PACKAGE_STRING "swsupplib 0.1"
| #define PACKAGE_BUGREPORT "bug-swbis@gnu.org"
| #define PACKAGE "swsupplib"
| #define VERSION "0.1"
| #define STDC_HEADERS 1
| #define HAVE_SYS_TYPES_H 1
| #define HAVE_SYS_STAT_H 1
| #define HAVE_STDLIB_H 1
| #define HAVE_STRING_H 1
| #define HAVE_MEMORY_H 1
| #define HAVE_STRINGS_H 1
| #define HAVE_INTTYPES_H 1
| #define HAVE_STDINT_H 1
| #define HAVE_UNISTD_H 1
| #define STDC_HEADERS 1
| #define RETSIGTYPE void
| #define HAVE_DECL_STRTOULL 1
| #define HAVE_LONG_LONG_INT 1
| #define HAVE_UNSIGNED_LONG_LONG_INT 1
| #define HAVE_WCHAR_H 1
| #define HAVE_STDINT_H 1
| #define HAVE_INTTYPES_H 1
| #define ABSOLUTE_STDINT_H "///usr/lib/gcc/x86_64-linux-gnu/7/include/stdint.h"
| #define HAVE_INTTYPES_H_WITH_UINTMAX 1
| #define HAVE_STDINT_H_WITH_UINTMAX 1
| #define HAVE_LONG_LONG 1
| #define HAVE_INTMAX_T 1
| #define HAVE_INTTYPES_H 1
| #define HAVE_DECL_IMAXABS 1
| #define HAVE_DECL_IMAXDIV 1
| #define HAVE_DECL_STRTOIMAX 1
| #define HAVE_DECL_STRTOUMAX 1
| #define ABSOLUTE_INTTYPES_H "///usr/include/inttypes.h"
| #define HAVE_INTTYPES_H_WITH_UINTMAX 1
| #define HAVE_STDINT_H_WITH_UINTMAX 1
| #define HAVE_STRTOL 1
| #define HAVE_STRTOLL 1
| #define HAVE_STRTOUL 1
| #define HAVE_STRTOULL 1
| #define HAVE_STRTOIMAX 1
| #define HAVE_STRTOUMAX 1
| #define HAVE_DECL_STRTOLL 1
| #define USE_RPMTAG_BASENAMES 1
| #define USE_NEW_FDNEW62 1
| #define SWBISNEEDFAIL 1
| #define USE_WITH_SELF_RPM 1
| #define RPMPSF_RPM_HAS_FILELANGS 1
| #define RPMPSF_RPM_HAS_PAYLOADCOMPRESSOR 1
| #define RPMPSF_RPM_VERSION_305 1
| #define HAVE_LIBDL 1
| /* end confdefs.h.  */
| 
| 
| int
| main ()
| {
| return main ();
|   ;
|   return 0;
| }
configure:12039: result: no
configure:12051: checking for main in -ldb
configure:12080: gcc -o conftest -g -O2   conftest.c -ldb  -ldl  >&5
/usr/bin/ld: cannot find -ldb
collect2: error: ld returned 1 exit status
configure:12086: $? = 1
configure: failed program was:
| /* confdefs.h.  */
| #define PACKAGE_NAME "swsupplib"
| #define PACKAGE_TARNAME "swsupplib"
| #define PACKAGE_VERSION "0.1"
| #define PACKAGE_STRING "swsupplib 0.1"
| #define PACKAGE_BUGREPORT "bug-swbis@gnu.org"
| #define PACKAGE "swsupplib"
| #define VERSION "0.1"
| #define STDC_HEADERS 1
| #define HAVE_SYS_TYPES_H 1
| #define HAVE_SYS_STAT_H 1
| #define HAVE_STDLIB_H 1
| #define HAVE_STRING_H 1
| #define HAVE_MEMORY_H 1
| #define HAVE_STRINGS_H 1
| #define HAVE_INTTYPES_H 1
| #define HAVE_STDINT_H 1
| #define HAVE_UNISTD_H 1
| #define STDC_HEADERS 1
| #define RETSIGTYPE void
| #define HAVE_DECL_STRTOULL 1
| #define HAVE_LONG_LONG_INT 1
| #define HAVE_UNSIGNED_LONG_LONG_INT 1
| #define HAVE_WCHAR_H 1
| #define HAVE_STDINT_H 1
| #define HAVE_INTTYPES_H 1
| #define ABSOLUTE_STDINT_H "///usr/lib/gcc/x86_64-linux-gnu/7/include/stdint.h"
| #define HAVE_INTTYPES_H_WITH_UINTMAX 1
| #define HAVE_STDINT_H_WITH_UINTMAX 1
| #define HAVE_LONG_LONG 1
| #define HAVE_INTMAX_T 1
| #define HAVE_INTTYPES_H 1
| #define HAVE_DECL_IMAXABS 1
| #define HAVE_DECL_IMAXDIV 1
| #define HAVE_DECL_STRTOIMAX 1
| #define HAVE_DECL_STRTOUMAX 1
| #define ABSOLUTE_INTTYPES_H "///usr/include/inttypes.h"
| #define HAVE_INTTYPES_H_WITH_UINTMAX 1
| #define HAVE_STDINT_H_WITH_UINTMAX 1
| #define HAVE_STRTOL 1
| #define HAVE_STRTOLL 1
| #define HAVE_STRTOUL 1
| #define HAVE_STRTOULL 1
| #define HAVE_STRTOIMAX 1
| #define HAVE_STRTOUMAX 1
| #define HAVE_DECL_STRTOLL 1
| #define USE_RPMTAG_BASENAMES 1
| #define USE_NEW_FDNEW62 1
| #define SWBISNEEDFAIL 1
| #define USE_WITH_SELF_RPM 1
| #define RPMPSF_RPM_HAS_FILELANGS 1
| #define RPMPSF_RPM_HAS_PAYLOADCOMPRESSOR 1
| #define RPMPSF_RPM_VERSION_305 1
| #define HAVE_LIBDL 1
| /* end confdefs.h.  */
| 
| 
| int
| main ()
| {
| return main ();
|   ;
|   return 0;
| }
configure:12104: result: no
configure:12116: checking for main in -ldb1
configure:12145: gcc -o conftest -g -O2   conftest.c -ldb1  -ldl  >&5
/usr/bin/ld: cannot find -ldb1
collect2: error: ld returned 1 exit status
configure:12151: $? = 1
configure: failed program was:
| /* confdefs.h.  */
| #define PACKAGE_NAME "swsupplib"
| #define PACKAGE_TARNAME "swsupplib"
| #define PACKAGE_VERSION "0.1"
| #define PACKAGE_STRING "swsupplib 0.1"
| #define PACKAGE_BUGREPORT "bug-swbis@gnu.org"
| #define PACKAGE "swsupplib"
| #define VERSION "0.1"
| #define STDC_HEADERS 1
| #define HAVE_SYS_TYPES_H 1
| #define HAVE_SYS_STAT_H 1
| #define HAVE_STDLIB_H 1
| #define HAVE_STRING_H 1
| #define HAVE_MEMORY_H 1
| #define HAVE_STRINGS_H 1
| #define HAVE_INTTYPES_H 1
| #define HAVE_STDINT_H 1
| #define HAVE_UNISTD_H 1
| #define STDC_HEADERS 1
| #define RETSIGTYPE void
| #define HAVE_DECL_STRTOULL 1
| #define HAVE_LONG_LONG_INT 1
| #define HAVE_UNSIGNED_LONG_LONG_INT 1
| #define HAVE_WCHAR_H 1
| #define HAVE_STDINT_H 1
| #define HAVE_INTTYPES_H 1
| #define ABSOLUTE_STDINT_H "///usr/lib/gcc/x86_64-linux-gnu/7/include/stdint.h"
| #define HAVE_INTTYPES_H_WITH_UINTMAX 1
| #define HAVE_STDINT_H_WITH_UINTMAX 1
| #define HAVE_LONG_LONG 1
| #define HAVE_INTMAX_T 1
| #define HAVE_INTTYPES_H 1
| #define HAVE_DECL_IMAXABS 1
| #define HAVE_DECL_IMAXDIV 1
| #define HAVE_DECL_STRTOIMAX 1
| #define HAVE_DECL_STRTOUMAX 1
| #define ABSOLUTE_INTTYPES_H "///usr/include/inttypes.h"
| #define HAVE_INTTYPES_H_WITH_UINTMAX 1
| #define HAVE_STDINT_H_WITH_UINTMAX 1
| #define HAVE_STRTOL 1
| #define HAVE_STRTOLL 1
| #define HAVE_STRTOUL 1
| #define HAVE_STRTOULL 1
| #define HAVE_STRTOIMAX 1
| #define HAVE_STRTOUMAX 1
| #define HAVE_DECL_STRTOLL 1
| #define USE_RPMTAG_BASENAMES 1
| #define USE_NEW_FDNEW62 1
| #define SWBISNEEDFAIL 1
| #define USE_WITH_SELF_RPM 1
| #define RPMPSF_RPM_HAS_FILELANGS 1
| #define RPMPSF_RPM_HAS_PAYLOADCOMPRESSOR 1
| #define RPMPSF_RPM_VERSION_305 1
| #define HAVE_LIBDL 1
| /* end confdefs.h.  */
| 
| 
| int
| main ()
| {
| return main ();
|   ;
|   return 0;
| }
configure:12169: result: no
configure:12181: checking for main in -lz
configure:12210: gcc -o conftest -g -O2   conftest.c -lz  -ldl  >&5
configure:12216: $? = 0
configure:12234: result: yes
configure:12261: checking limits.h usability
configure:12278: gcc -c -g -O2  conftest.c >&5
configure:12284: $? = 0
configure:12298: result: yes
configure:12302: checking limits.h presence
configure:12317: gcc -E  conftest.c
configure:12323: $? = 0
configure:12337: result: yes
configure:12370: checking for limits.h
configure:12378: result: yes
configure:12261: checking locale.h usability
configure:12278: gcc -c -g -O2  conftest.c >&5
configure:12284: $? = 0
configure:12298: result: yes
configure:12302: checking locale.h presence
configure:12317: gcc -E  conftest.c
configure:12323: $? = 0
configure:12337: result: yes
configure:12370: checking for locale.h
configure:12378: result: yes
configure:12425: checking libutil.h usability
configure:12442: gcc -c -g -O2  conftest.c >&5
conftest.c:92:10: fatal error: libutil.h: No such file or directory
 #include <libutil.h>
          ^~~~~~~~~~~
compilation terminated.
configure:12448: $? = 1
configure: failed program was:
| /* confdefs.h.  */
| #define PACKAGE_NAME "swsupplib"
| #define PACKAGE_TARNAME "swsupplib"
| #define PACKAGE_VERSION "0.1"
| #define PACKAGE_STRING "swsupplib 0.1"
| #define PACKAGE_BUGREPORT "bug-swbis@gnu.org"
| #define PACKAGE "swsupplib"
| #define VERSION "0.1"
| #define STDC_HEADERS 1
| #define HAVE_SYS_TYPES_H 1
| #define HAVE_SYS_STAT_H 1
| #define HAVE_STDLIB_H 1
| #define HAVE_STRING_H 1
| #define HAVE_MEMORY_H 1
| #define HAVE_STRINGS_H 1
| #define HAVE_INTTYPES_H 1
| #define HAVE_STDINT_H 1
| #define HAVE_UNISTD_H 1
| #define STDC_HEADERS 1
| #define RETSIGTYPE void
| #define HAVE_DECL_STRTOULL 1
| #define HAVE_LONG_LONG_INT 1
| #define HAVE_UNSIGNED_LONG_LONG_INT 1
| #define HAVE_WCHAR_H 1
| #define HAVE_STDINT_H 1
| #define HAVE_INTTYPES_H 1
| #define ABSOLUTE_STDINT_H "///usr/lib/gcc/x86_64-linux-gnu/7/include/stdint.h"
| #define HAVE_INTTYPES_H_WITH_UINTMAX 1
| #define HAVE_STDINT_H_WITH_UINTMAX 1
| #define HAVE_LONG_LONG 1
| #define HAVE_INTMAX_T 1
| #define HAVE_INTTYPES_H 1
| #define HAVE_DECL_IMAXABS 1
| #define HAVE_DECL_IMAXDIV 1
| #define HAVE_DECL_STRTOIMAX 1
| #define HAVE_DECL_STRTOUMAX 1
| #define ABSOLUTE_INTTYPES_H "///usr/include/inttypes.h"
| #define HAVE_INTTYPES_H_WITH_UINTMAX 1
| #define HAVE_STDINT_H_WITH_UINTMAX 1
| #define HAVE_STRTOL 1
| #define HAVE_STRTOLL 1
| #define HAVE_STRTOUL 1
| #define HAVE_STRTOULL 1
| #define HAVE_STRTOIMAX 1
| #define HAVE_STRTOUMAX 1
| #define HAVE_DECL_STRTOLL 1
| #define USE_RPMTAG_BASENAMES 1
| #define USE_NEW_FDNEW62 1
| #define SWBISNEEDFAIL 1
| #define USE_WITH_SELF_RPM 1
| #define RPMPSF_RPM_HAS_FILELANGS 1
| #define RPMPSF_RPM_HAS_PAYLOADCOMPRESSOR 1
| #define RPMPSF_RPM_VERSION_305 1
| #define HAVE_LIBDL 1
| #define HAVE_LIBZ 1
| #define HAVE_LIMITS_H 1
| #define HAVE_LOCALE_H 1
| /* end confdefs.h.  */
| #include <stdio.h>
| #ifdef HAVE_SYS_TYPES_H
| # include <sys/types.h>
| #endif
| #ifdef HAVE_SYS_STAT_H
| # include <sys/stat.h>
| #endif
| #ifdef STDC_HEADERS
| # include <stdlib.h>
| # include <stddef.h>
| #else
| # ifdef HAVE_STDLIB_H
| #  include <stdlib.h>
| # endif
| #endif
| #ifdef HAVE_STRING_H
| # if !defined STDC_HEADERS && defined HAVE_MEMORY_H
| #  include <memory.h>
| # endif
| # include <string.h>
| #endif
| #ifdef HAVE_STRINGS_H
| # include <strings.h>
| #endif
| #ifdef HAVE_INTTYPES_H
| # include <inttypes.h>
| #endif
| #ifdef HAVE_STDINT_H
| # include <stdint.h>
| #endif
| #ifdef HAVE_UNISTD_H
| # include <unistd.h>
| #endif
| #include <libutil.h>
configure:12462: result: no
configure:12466: checking libutil.h presence
configure:12481: gcc -E  conftest.c
conftest.c:59:10: fatal error: libutil.h: No such file or directory
 #include <libutil.h>
          ^~~~~~~~~~~
compilation terminated.
configure:12487: $? = 1
configure: failed program was:
| /* confdefs.h.  */
| #define PACKAGE_NAME "swsupplib"
| #define PACKAGE_TARNAME "swsupplib"
| #define PACKAGE_VERSION "0.1"
| #define PACKAGE_STRING "swsupplib 0.1"
| #define PACKAGE_BUGREPORT "bug-swbis@gnu.org"
| #define PACKAGE "swsupplib"
| #define VERSION "0.1"
| #define STDC_HEADERS 1
| #define HAVE_SYS_TYPES_H 1
| #define HAVE_SYS_STAT_H 1
| #define HAVE_STDLIB_H 1
| #define HAVE_STRING_H 1
| #define HAVE_MEMORY_H 1
| #define HAVE_STRINGS_H 1
| #define HAVE_INTTYPES_H 1
| #define HAVE_STDINT_H 1
| #define HAVE_UNISTD_H 1
| #define STDC_HEADERS 1
| #define RETSIGTYPE void
| #define HAVE_DECL_STRTOULL 1
| #define HAVE_LONG_LONG_INT 1
| #define HAVE_UNSIGNED_LONG_LONG_INT 1
| #define HAVE_WCHAR_H 1
| #define HAVE_STDINT_H 1
| #define HAVE_INTTYPES_H 1
| #define ABSOLUTE_STDINT_H "///usr/lib/gcc/x86_64-linux-gnu/7/include/stdint.h"
| #define HAVE_INTTYPES_H_WITH_UINTMAX 1
| #define HAVE_STDINT_H_WITH_UINTMAX 1
| #define HAVE_LONG_LONG 1
| #define HAVE_INTMAX_T 1
| #define HAVE_INTTYPES_H 1
| #define HAVE_DECL_IMAXABS 1
| #define HAVE_DECL_IMAXDIV 1
| #define HAVE_DECL_STRTOIMAX 1
| #define HAVE_DECL_STRTOUMAX 1
| #define ABSOLUTE_INTTYPES_H "///usr/include/inttypes.h"
| #define HAVE_INTTYPES_H_WITH_UINTMAX 1
| #define HAVE_STDINT_H_WITH_UINTMAX 1
| #define HAVE_STRTOL 1
| #define HAVE_STRTOLL 1
| #define HAVE_STRTOUL 1
| #define HAVE_STRTOULL 1
| #define HAVE_STRTOIMAX 1
| #define HAVE_STRTOUMAX 1
| #define HAVE_DECL_STRTOLL 1
| #define USE_RPMTAG_BASENAMES 1
| #define USE_NEW_FDNEW62 1
| #define SWBISNEEDFAIL 1
| #define USE_WITH_SELF_RPM 1
| #define RPMPSF_RPM_HAS_FILELANGS 1
| #define RPMPSF_RPM_HAS_PAYLOADCOMPRESSOR 1
| #define RPMPSF_RPM_VERSION_305 1
| #define HAVE_LIBDL 1
| #define HAVE_LIBZ 1
| #define HAVE_LIMITS_H 1
| #define HAVE_LOCALE_H 1
| /* end confdefs.h.  */
| #include <libutil.h>
configure:12501: result: no
configure:12534: checking for libutil.h
configure:12542: result: no
configure:12425: checking getopt.h usability
configure:12442: gcc -c -g -O2  conftest.c >&5
configure:12448: $? = 0
configure:12462: result: yes
configure:12466: checking getopt.h presence
configure:12481: gcc -E  conftest.c
configure:12487: $? = 0
configure:12501: result: yes
configure:12534: checking for getopt.h
configure:12542: result: yes
configure:12425: checking sys/ioctl.h usability
configure:12442: gcc -c -g -O2  conftest.c >&5
configure:12448: $? = 0
configure:12462: result: yes
configure:12466: checking sys/ioctl.h presence
configure:12481: gcc -E  conftest.c
configure:12487: $? = 0
configure:12501: result: yes
configure:12534: checking for sys/ioctl.h
configure:12542: result: yes
configure:12425: checking sgtty.h usability
configure:12442: gcc -c -g -O2  conftest.c >&5
configure:12448: $? = 0
configure:12462: result: yes
configure:12466: checking sgtty.h presence
configure:12481: gcc -E  conftest.c
configure:12487: $? = 0
configure:12501: result: yes
configure:12534: checking for sgtty.h
configure:12542: result: yes
configure:12425: checking stdarg.h usability
configure:12442: gcc -c -g -O2  conftest.c >&5
configure:12448: $? = 0
configure:12462: result: yes
configure:12466: checking stdarg.h presence
configure:12481: gcc -E  conftest.c
configure:12487: $? = 0
configure:12501: result: yes
configure:12534: checking for stdarg.h
configure:12542: result: yes
configure:12425: checking termio.h usability
configure:12442: gcc -c -g -O2  conftest.c >&5
configure:12448: $? = 0
configure:12462: result: yes
configure:12466: checking termio.h presence
configure:12481: gcc -E  conftest.c
configure:12487: $? = 0
configure:12501: result: yes
configure:12534: checking for termio.h
configure:12542: result: yes
configure:12425: checking termios.h usability
configure:12442: gcc -c -g -O2  conftest.c >&5
configure:12448: $? = 0
configure:12462: result: yes
configure:12466: checking termios.h presence
configure:12481: gcc -E  conftest.c
configure:12487: $? = 0
configure:12501: result: yes
configure:12534: checking for termios.h
configure:12542: result: yes
configure:12415: checking for sys/types.h
configure:12421: result: yes
configure:12415: checking for unistd.h
configure:12421: result: yes
configure:12556: checking for int
configure:12586: gcc -c -g -O2  conftest.c >&5
configure:12592: $? = 0
configure:12607: result: yes
configure:12614: checking size of int
configure:12916: gcc -o conftest -g -O2   conftest.c -lz -ldl  >&5
configure:12919: $? = 0
configure:12925: ./conftest
configure:12928: $? = 0
configure:12951: result: 4
configure:12961: checking for unsigned short
configure:12991: gcc -c -g -O2  conftest.c >&5
configure:12997: $? = 0
configure:13012: result: yes
configure:13019: checking size of unsigned short
configure:13321: gcc -o conftest -g -O2   conftest.c -lz -ldl  >&5
configure:13324: $? = 0
configure:13330: ./conftest
configure:13333: $? = 0
configure:13356: result: 2
configure:13366: checking for unsigned int
configure:13396: gcc -c -g -O2  conftest.c >&5
configure:13402: $? = 0
configure:13417: result: yes
configure:13424: checking size of unsigned int
configure:13726: gcc -o conftest -g -O2   conftest.c -lz -ldl  >&5
configure:13729: $? = 0
configure:13735: ./conftest
configure:13738: $? = 0
configure:13761: result: 4
configure:13771: checking for unsigned long
configure:13801: gcc -c -g -O2  conftest.c >&5
configure:13807: $? = 0
configure:13822: result: yes
configure:13829: checking size of unsigned long
configure:14131: gcc -o conftest -g -O2   conftest.c -lz -ldl  >&5
configure:14134: $? = 0
configure:14140: ./conftest
configure:14143: $? = 0
configure:14166: result: 8
configure:14426: checking for tcsetattr
configure:14482: gcc -o conftest -pedantic -W -Wall -Wstrict-prototypes -Wno-unused -g -O2   conftest.c -lz -ldl  >&5
conftest.c:98:1: warning: function declaration isn't a prototype [-Wstrict-prototypes]
 char tcsetattr ();
 ^~~~
conftest.c:107:1: warning: function declaration isn't a prototype [-Wstrict-prototypes]
 main ()
 ^~~~
configure:14488: $? = 0
configure:14506: result: yes
configure:14426: checking for stty
configure:14482: gcc -o conftest -pedantic -W -Wall -Wstrict-prototypes -Wno-unused -g -O2   conftest.c -lz -ldl  >&5
conftest.c:99:1: warning: function declaration isn't a prototype [-Wstrict-prototypes]
 char stty ();
 ^~~~
conftest.c:104:1: error: unknown type name 'choke'
 choke me
 ^~~~~
conftest.c:107:1: error: expected '=', ',', ';', 'asm' or '__attribute__' before 'int'
 int
 ^~~
configure:14488: $? = 1
configure: failed program was:
| /* confdefs.h.  */
| #define PACKAGE_NAME "swsupplib"
| #define PACKAGE_TARNAME "swsupplib"
| #define PACKAGE_VERSION "0.1"
| #define PACKAGE_STRING "swsupplib 0.1"
| #define PACKAGE_BUGREPORT "bug-swbis@gnu.org"
| #define PACKAGE "swsupplib"
| #define VERSION "0.1"
| #define STDC_HEADERS 1
| #define HAVE_SYS_TYPES_H 1
| #define HAVE_SYS_STAT_H 1
| #define HAVE_STDLIB_H 1
| #define HAVE_STRING_H 1
| #define HAVE_MEMORY_H 1
| #define HAVE_STRINGS_H 1
| #define HAVE_INTTYPES_H 1
| #define HAVE_STDINT_H 1
| #define HAVE_UNISTD_H 1
| #define STDC_HEADERS 1
| #define RETSIGTYPE void
| #define HAVE_DECL_STRTOULL 1
| #define HAVE_LONG_LONG_INT 1
| #define HAVE_UNSIGNED_LONG_LONG_INT 1
| #define HAVE_WCHAR_H 1
| #define HAVE_STDINT_H 1
| #define HAVE_INTTYPES_H 1
| #define ABSOLUTE_STDINT_H "///usr/lib/gcc/x86_64-linux-gnu/7/include/stdint.h"
| #define HAVE_INTTYPES_H_WITH_UINTMAX 1
| #define HAVE_STDINT_H_WITH_UINTMAX 1
| #define HAVE_LONG_LONG 1
| #define HAVE_INTMAX_T 1
| #define HAVE_INTTYPES_H 1
| #define HAVE_DECL_IMAXABS 1
| #define HAVE_DECL_IMAXDIV 1
| #define HAVE_DECL_STRTOIMAX 1
| #define HAVE_DECL_STRTOUMAX 1
| #define ABSOLUTE_INTTYPES_H "///usr/include/inttypes.h"
| #define HAVE_INTTYPES_H_WITH_UINTMAX 1
| #define HAVE_STDINT_H_WITH_UINTMAX 1
| #define HAVE_STRTOL 1
| #define HAVE_STRTOLL 1
| #define HAVE_STRTOUL 1
| #define HAVE_STRTOULL 1
| #define HAVE_STRTOIMAX 1
| #define HAVE_STRTOUMAX 1
| #define HAVE_DECL_STRTOLL 1
| #define USE_RPMTAG_BASENAMES 1
| #define USE_NEW_FDNEW62 1
| #define SWBISNEEDFAIL 1
| #define USE_WITH_SELF_RPM 1
| #define RPMPSF_RPM_HAS_FILELANGS 1
| #define RPMPSF_RPM_HAS_PAYLOADCOMPRESSOR 1
| #define RPMPSF_RPM_VERSION_305 1
| #define HAVE_LIBDL 1
| #define HAVE_LIBZ 1
| #define HAVE_LIMITS_H 1
| #define HAVE_LOCALE_H 1
| #define HAVE_GETOPT_H 1
| #define HAVE_SYS_IOCTL_H 1
| #define HAVE_SGTTY_H 1
| #define HAVE_STDARG_H 1
| #define HAVE_TERMIO_H 1
| #define HAVE_TERMIOS_H 1
| #define HAVE_SYS_TYPES_H 1
| #define HAVE_UNISTD_H 1
| #define SIZEOF_INT 4
| #define SIZEOF_UNSIGNED_SHORT 2
| #define SIZEOF_UNSIGNED_INT 4
| #define SIZEOF_UNSIGNED_LONG 8
| #define HAVE_INTTYPES_H 1
| #define HAVE_RPM_HEADER_H 1
| #define HAVE_RPM_RPMLIB_H 1
| #define HAVE_RPM_RPMIO_H 1
| #define HAVE_TCSETATTR 1
| /* end confdefs.h.  */
| /* Define stty to an innocuous variant, in case <limits.h> declares stty.
|    For example, HP-UX 11i <limits.h> declares gettimeofday.  */
| #define stty innocuous_stty
| 
| /* System header to define __stub macros and hopefully few prototypes,
|     which can conflict with char stty (); below.
|     Prefer <limits.h> to <assert.h> if __STDC__ is defined, since
|     <limits.h> exists even on freestanding compilers.  */
| 
| #ifdef __STDC__
| # include <limits.h>
| #else
| # include <assert.h>
| #endif
| 
| #undef stty
| 
| /* Override any GCC internal prototype to avoid an error.
|    Use char because int might match the return type of a GCC
|    builtin and then its argument prototype would still apply.  */
| #ifdef __cplusplus
| extern "C"
| #endif
| char stty ();
| /* The GNU C library defines this for functions which it implements
|     to always fail with ENOSYS.  Some functions are actually named
|     something starting with __ and the normal name is an alias.  */
| #if defined __stub_stty || defined __stub___stty
| choke me
| #endif
| 
| int
| main ()
| {
| return stty ();
|   ;
|   return 0;
| }
configure:14506: result: no
configure:14426: checking for setsid
configure:14482: gcc -o conftest -pedantic -W -Wall -Wstrict-prototypes -Wno-unused -g -O2   conftest.c -lz -ldl  >&5
conftest.c:99:1: warning: function declaration isn't a prototype [-Wstrict-prototypes]
 char setsid ();
 ^~~~
conftest.c:108:1: warning: function declaration isn't a prototype [-Wstrict-prototypes]
 main ()
 ^~~~
configure:14488: $? = 0
configure:14506: result: yes
configure:14426: checking for geteuid
configure:14482: gcc -o conftest -pedantic -W -Wall -Wstrict-prototypes -Wno-unused -g -O2   conftest.c -lz -ldl  >&5
conftest.c:100:1: warning: function declaration isn't a prototype [-Wstrict-prototypes]
 char geteuid ();
 ^~~~
conftest.c:109:1: warning: function declaration isn't a prototype [-Wstrict-prototypes]
 main ()
 ^~~~
configure:14488: $? = 0
configure:14506: result: yes
configure:14426: checking for seteuid
configure:14482: gcc -o conftest -pedantic -W -Wall -Wstrict-prototypes -Wno-unused -g -O2   conftest.c -lz -ldl  >&5
conftest.c:101:1: warning: function declaration isn't a prototype [-Wstrict-prototypes]
 char seteuid ();
 ^~~~
conftest.c:110:1: warning: function declaration isn't a prototype [-Wstrict-prototypes]
 main ()
 ^~~~
configure:14488: $? = 0
configure:14506: result: yes
configure:14426: checking for snprintf
configure:14482: gcc -o conftest -pedantic -W -Wall -Wstrict-prototypes -Wno-unused -g -O2   conftest.c -lz -ldl  >&5
conftest.c:102:1: warning: function declaration isn't a prototype [-Wstrict-prototypes]
 char snprintf ();
 ^~~~
conftest.c:102:6: warning: conflicting types for built-in function 'snprintf' [-Wbuiltin-declaration-mismatch]
 char snprintf ();
      ^~~~~~~~
conftest.c:111:1: warning: function declaration isn't a prototype [-Wstrict-prototypes]
 main ()
 ^~~~
configure:14488: $? = 0
configure:14506: result: yes
configure:14426: checking for vprintf
configure:14482: gcc -o conftest -pedantic -W -Wall -Wstrict-prototypes -Wno-unused -g -O2   conftest.c -lz -ldl  >&5
conftest.c:103:1: warning: function declaration isn't a prototype [-Wstrict-prototypes]
 char vprintf ();
 ^~~~
conftest.c:103:6: warning: conflicting types for built-in function 'vprintf' [-Wbuiltin-declaration-mismatch]
 char vprintf ();
      ^~~~~~~
conftest.c:112:1: warning: function declaration isn't a prototype [-Wstrict-prototypes]
 main ()
 ^~~~
configure:14488: $? = 0
configure:14506: result: yes
configure:14426: checking for vsnprintf
configure:14482: gcc -o conftest -pedantic -W -Wall -Wstrict-prototypes -Wno-unused -g -O2   conftest.c -lz -ldl  >&5
conftest.c:104:1: warning: function declaration isn't a prototype [-Wstrict-prototypes]
 char vsnprintf ();
 ^~~~
conftest.c:104:6: warning: conflicting types for built-in function 'vsnprintf' [-Wbuiltin-declaration-mismatch]
 char vsnprintf ();
      ^~~~~~~~~
conftest.c:113:1: warning: function declaration isn't a prototype [-Wstrict-prototypes]
 main ()
 ^~~~
configure:14488: $? = 0
configure:14506: result: yes
configure:14426: checking for vsyslog
configure:14482: gcc -o conftest -pedantic -W -Wall -Wstrict-prototypes -Wno-unused -g -O2   conftest.c -lz -ldl  >&5
conftest.c:105:1: warning: function declaration isn't a prototype [-Wstrict-prototypes]
 char vsyslog ();
 ^~~~
conftest.c:114:1: warning: function declaration isn't a prototype [-Wstrict-prototypes]
 main ()
 ^~~~
configure:14488: $? = 0
configure:14506: result: yes
configure:14426: checking for getopt_long
configure:14482: gcc -o conftest -pedantic -W -Wall -Wstrict-prototypes -Wno-unused -g -O2   conftest.c -lz -ldl  >&5
conftest.c:106:1: warning: function declaration isn't a prototype [-Wstrict-prototypes]
 char getopt_long ();
 ^~~~
conftest.c:115:1: warning: function declaration isn't a prototype [-Wstrict-prototypes]
 main ()
 ^~~~
configure:14488: $? = 0
configure:14506: result: yes
configure:14426: checking for openpty
configure:14482: gcc -o conftest -pedantic -W -Wall -Wstrict-prototypes -Wno-unused -g -O2   conftest.c -lz -ldl  >&5
conftest.c:107:1: warning: function declaration isn't a prototype [-Wstrict-prototypes]
 char openpty ();
 ^~~~
conftest.c:116:1: warning: function declaration isn't a prototype [-Wstrict-prototypes]
 main ()
 ^~~~
/tmp/ccox1iZv.o: In function `main':
/home/carolhanna/Security_Project/gnu_dataset/swbis-1.9/swsupplib/conftest.c:118: undefined reference to `openpty'
collect2: error: ld returned 1 exit status
configure:14488: $? = 1
configure: failed program was:
| /* confdefs.h.  */
| #define PACKAGE_NAME "swsupplib"
| #define PACKAGE_TARNAME "swsupplib"
| #define PACKAGE_VERSION "0.1"
| #define PACKAGE_STRING "swsupplib 0.1"
| #define PACKAGE_BUGREPORT "bug-swbis@gnu.org"
| #define PACKAGE "swsupplib"
| #define VERSION "0.1"
| #define STDC_HEADERS 1
| #define HAVE_SYS_TYPES_H 1
| #define HAVE_SYS_STAT_H 1
| #define HAVE_STDLIB_H 1
| #define HAVE_STRING_H 1
| #define HAVE_MEMORY_H 1
| #define HAVE_STRINGS_H 1
| #define HAVE_INTTYPES_H 1
| #define HAVE_STDINT_H 1
| #define HAVE_UNISTD_H 1
| #define STDC_HEADERS 1
| #define RETSIGTYPE void
| #define HAVE_DECL_STRTOULL 1
| #define HAVE_LONG_LONG_INT 1
| #define HAVE_UNSIGNED_LONG_LONG_INT 1
| #define HAVE_WCHAR_H 1
| #define HAVE_STDINT_H 1
| #define HAVE_INTTYPES_H 1
| #define ABSOLUTE_STDINT_H "///usr/lib/gcc/x86_64-linux-gnu/7/include/stdint.h"
| #define HAVE_INTTYPES_H_WITH_UINTMAX 1
| #define HAVE_STDINT_H_WITH_UINTMAX 1
| #define HAVE_LONG_LONG 1
| #define HAVE_INTMAX_T 1
| #define HAVE_INTTYPES_H 1
| #define HAVE_DECL_IMAXABS 1
| #define HAVE_DECL_IMAXDIV 1
| #define HAVE_DECL_STRTOIMAX 1
| #define HAVE_DECL_STRTOUMAX 1
| #define ABSOLUTE_INTTYPES_H "///usr/include/inttypes.h"
| #define HAVE_INTTYPES_H_WITH_UINTMAX 1
| #define HAVE_STDINT_H_WITH_UINTMAX 1
| #define HAVE_STRTOL 1
| #define HAVE_STRTOLL 1
| #define HAVE_STRTOUL 1
| #define HAVE_STRTOULL 1
| #define HAVE_STRTOIMAX 1
| #define HAVE_STRTOUMAX 1
| #define HAVE_DECL_STRTOLL 1
| #define USE_RPMTAG_BASENAMES 1
| #define USE_NEW_FDNEW62 1
| #define SWBISNEEDFAIL 1
| #define USE_WITH_SELF_RPM 1
| #define RPMPSF_RPM_HAS_FILELANGS 1
| #define RPMPSF_RPM_HAS_PAYLOADCOMPRESSOR 1
| #define RPMPSF_RPM_VERSION_305 1
| #define HAVE_LIBDL 1
| #define HAVE_LIBZ 1
| #define HAVE_LIMITS_H 1
| #define HAVE_LOCALE_H 1
| #define HAVE_GETOPT_H 1
| #define HAVE_SYS_IOCTL_H 1
| #define HAVE_SGTTY_H 1
| #define HAVE_STDARG_H 1
| #define HAVE_TERMIO_H 1
| #define HAVE_TERMIOS_H 1
| #define HAVE_SYS_TYPES_H 1
| #define HAVE_UNISTD_H 1
| #define SIZEOF_INT 4
| #define SIZEOF_UNSIGNED_SHORT 2
| #define SIZEOF_UNSIGNED_INT 4
| #define SIZEOF_UNSIGNED_LONG 8
| #define HAVE_INTTYPES_H 1
| #define HAVE_RPM_HEADER_H 1
| #define HAVE_RPM_RPMLIB_H 1
| #define HAVE_RPM_RPMIO_H 1
| #define HAVE_TCSETATTR 1
| #define HAVE_SETSID 1
| #define HAVE_GETEUID 1
| #define HAVE_SETEUID 1
| #define HAVE_SNPRINTF 1
| #define HAVE_VPRINTF 1
| #define HAVE_VSNPRINTF 1
| #define HAVE_VSYSLOG 1
| #define HAVE_GETOPT_LONG 1
| /* end confdefs.h.  */
| /* Define openpty to an innocuous variant, in case <limits.h> declares openpty.
|    For example, HP-UX 11i <limits.h> declares gettimeofday.  */
| #define openpty innocuous_openpty
| 
| /* System header to define __stub macros and hopefully few prototypes,
|     which can conflict with char openpty (); below.
|     Prefer <limits.h> to <assert.h> if __STDC__ is defined, since
|     <limits.h> exists even on freestanding compilers.  */
| 
| #ifdef __STDC__
| # include <limits.h>
| #else
| # include <assert.h>
| #endif
| 
| #undef openpty
| 
| /* Override any GCC internal prototype to avoid an error.
|    Use char because int might match the return type of a GCC
|    builtin and then its argument prototype would still apply.  */
| #ifdef __cplusplus
| extern "C"
| #endif
| char openpty ();
| /* The GNU C library defines this for functions which it implements
|     to always fail with ENOSYS.  Some functions are actually named
|     something starting with __ and the normal name is an alias.  */
| #if defined __stub_openpty || defined __stub___openpty
| choke me
| #endif
| 
| int
| main ()
| {
| return openpty ();
|   ;
|   return 0;
| }
configure:14506: result: no
configure:14517: checking for major_t
configure:14547: gcc -c -pedantic -W -Wall -Wstrict-prototypes -Wno-unused -g -O2  conftest.c >&5
conftest.c:117:9: error: unknown type name 'major_t'
 typedef major_t ac__type_new_;
         ^~~~~~~
conftest.c:119:1: warning: function declaration isn't a prototype [-Wstrict-prototypes]
 main ()
 ^~~~
configure:14553: $? = 1
configure: failed program was:
| /* confdefs.h.  */
| #define PACKAGE_NAME "swsupplib"
| #define PACKAGE_TARNAME "swsupplib"
| #define PACKAGE_VERSION "0.1"
| #define PACKAGE_STRING "swsupplib 0.1"
| #define PACKAGE_BUGREPORT "bug-swbis@gnu.org"
| #define PACKAGE "swsupplib"
| #define VERSION "0.1"
| #define STDC_HEADERS 1
| #define HAVE_SYS_TYPES_H 1
| #define HAVE_SYS_STAT_H 1
| #define HAVE_STDLIB_H 1
| #define HAVE_STRING_H 1
| #define HAVE_MEMORY_H 1
| #define HAVE_STRINGS_H 1
| #define HAVE_INTTYPES_H 1
| #define HAVE_STDINT_H 1
| #define HAVE_UNISTD_H 1
| #define STDC_HEADERS 1
| #define RETSIGTYPE void
| #define HAVE_DECL_STRTOULL 1
| #define HAVE_LONG_LONG_INT 1
| #define HAVE_UNSIGNED_LONG_LONG_INT 1
| #define HAVE_WCHAR_H 1
| #define HAVE_STDINT_H 1
| #define HAVE_INTTYPES_H 1
| #define ABSOLUTE_STDINT_H "///usr/lib/gcc/x86_64-linux-gnu/7/include/stdint.h"
| #define HAVE_INTTYPES_H_WITH_UINTMAX 1
| #define HAVE_STDINT_H_WITH_UINTMAX 1
| #define HAVE_LONG_LONG 1
| #define HAVE_INTMAX_T 1
| #define HAVE_INTTYPES_H 1
| #define HAVE_DECL_IMAXABS 1
| #define HAVE_DECL_IMAXDIV 1
| #define HAVE_DECL_STRTOIMAX 1
| #define HAVE_DECL_STRTOUMAX 1
| #define ABSOLUTE_INTTYPES_H "///usr/include/inttypes.h"
| #define HAVE_INTTYPES_H_WITH_UINTMAX 1
| #define HAVE_STDINT_H_WITH_UINTMAX 1
| #define HAVE_STRTOL 1
| #define HAVE_STRTOLL 1
| #define HAVE_STRTOUL 1
| #define HAVE_STRTOULL 1
| #define HAVE_STRTOIMAX 1
| #define HAVE_STRTOUMAX 1
| #define HAVE_DECL_STRTOLL 1
| #define USE_RPMTAG_BASENAMES 1
| #define USE_NEW_FDNEW62 1
| #define SWBISNEEDFAIL 1
| #define USE_WITH_SELF_RPM 1
| #define RPMPSF_RPM_HAS_FILELANGS 1
| #define RPMPSF_RPM_HAS_PAYLOADCOMPRESSOR 1
| #define RPMPSF_RPM_VERSION_305 1
| #define HAVE_LIBDL 1
| #define HAVE_LIBZ 1
| #define HAVE_LIMITS_H 1
| #define HAVE_LOCALE_H 1
| #define HAVE_GETOPT_H 1
| #define HAVE_SYS_IOCTL_H 1
| #define HAVE_SGTTY_H 1
| #define HAVE_STDARG_H 1
| #define HAVE_TERMIO_H 1
| #define HAVE_TERMIOS_H 1
| #define HAVE_SYS_TYPES_H 1
| #define HAVE_UNISTD_H 1
| #define SIZEOF_INT 4
| #define SIZEOF_UNSIGNED_SHORT 2
| #define SIZEOF_UNSIGNED_INT 4
| #define SIZEOF_UNSIGNED_LONG 8
| #define HAVE_INTTYPES_H 1
| #define HAVE_RPM_HEADER_H 1
| #define HAVE_RPM_RPMLIB_H 1
| #define HAVE_RPM_RPMIO_H 1
| #define HAVE_TCSETATTR 1
| #define HAVE_SETSID 1
| #define HAVE_GETEUID 1
| #define HAVE_SETEUID 1
| #define HAVE_SNPRINTF 1
| #define HAVE_VPRINTF 1
| #define HAVE_VSNPRINTF 1
| #define HAVE_VSYSLOG 1
| #define HAVE_GETOPT_LONG 1
| /* end confdefs.h.  */
| #include <stdio.h>
| #ifdef HAVE_SYS_TYPES_H
| # include <sys/types.h>
| #endif
| #ifdef HAVE_SYS_STAT_H
| # include <sys/stat.h>
| #endif
| #ifdef STDC_HEADERS
| # include <stdlib.h>
| # include <stddef.h>
| #else
| # ifdef HAVE_STDLIB_H
| #  include <stdlib.h>
| # endif
| #endif
| #ifdef HAVE_STRING_H
| # if !defined STDC_HEADERS && defined HAVE_MEMORY_H
| #  include <memory.h>
| # endif
| # include <string.h>
| #endif
| #ifdef HAVE_STRINGS_H
| # include <strings.h>
| #endif
| #ifdef HAVE_INTTYPES_H
| # include <inttypes.h>
| #endif
| #ifdef HAVE_STDINT_H
| # include <stdint.h>
| #endif
| #ifdef HAVE_UNISTD_H
| # include <unistd.h>
| #endif
| typedef major_t ac__type_new_;
| int
| main ()
| {
| if ((ac__type_new_ *) 0)
|   return 0;
| if (sizeof (ac__type_new_))
|   return 0;
|   ;
|   return 0;
| }
configure:14568: result: no
configure:14580: checking for minor_t
configure:14610: gcc -c -pedantic -W -Wall -Wstrict-prototypes -Wno-unused -g -O2  conftest.c >&5
conftest.c:118:9: error: unknown type name 'minor_t'
 typedef minor_t ac__type_new_;
         ^~~~~~~
conftest.c:120:1: warning: function declaration isn't a prototype [-Wstrict-prototypes]
 main ()
 ^~~~
configure:14616: $? = 1
configure: failed program was:
| /* confdefs.h.  */
| #define PACKAGE_NAME "swsupplib"
| #define PACKAGE_TARNAME "swsupplib"
| #define PACKAGE_VERSION "0.1"
| #define PACKAGE_STRING "swsupplib 0.1"
| #define PACKAGE_BUGREPORT "bug-swbis@gnu.org"
| #define PACKAGE "swsupplib"
| #define VERSION "0.1"
| #define STDC_HEADERS 1
| #define HAVE_SYS_TYPES_H 1
| #define HAVE_SYS_STAT_H 1
| #define HAVE_STDLIB_H 1
| #define HAVE_STRING_H 1
| #define HAVE_MEMORY_H 1
| #define HAVE_STRINGS_H 1
| #define HAVE_INTTYPES_H 1
| #define HAVE_STDINT_H 1
| #define HAVE_UNISTD_H 1
| #define STDC_HEADERS 1
| #define RETSIGTYPE void
| #define HAVE_DECL_STRTOULL 1
| #define HAVE_LONG_LONG_INT 1
| #define HAVE_UNSIGNED_LONG_LONG_INT 1
| #define HAVE_WCHAR_H 1
| #define HAVE_STDINT_H 1
| #define HAVE_INTTYPES_H 1
| #define ABSOLUTE_STDINT_H "///usr/lib/gcc/x86_64-linux-gnu/7/include/stdint.h"
| #define HAVE_INTTYPES_H_WITH_UINTMAX 1
| #define HAVE_STDINT_H_WITH_UINTMAX 1
| #define HAVE_LONG_LONG 1
| #define HAVE_INTMAX_T 1
| #define HAVE_INTTYPES_H 1
| #define HAVE_DECL_IMAXABS 1
| #define HAVE_DECL_IMAXDIV 1
| #define HAVE_DECL_STRTOIMAX 1
| #define HAVE_DECL_STRTOUMAX 1
| #define ABSOLUTE_INTTYPES_H "///usr/include/inttypes.h"
| #define HAVE_INTTYPES_H_WITH_UINTMAX 1
| #define HAVE_STDINT_H_WITH_UINTMAX 1
| #define HAVE_STRTOL 1
| #define HAVE_STRTOLL 1
| #define HAVE_STRTOUL 1
| #define HAVE_STRTOULL 1
| #define HAVE_STRTOIMAX 1
| #define HAVE_STRTOUMAX 1
| #define HAVE_DECL_STRTOLL 1
| #define USE_RPMTAG_BASENAMES 1
| #define USE_NEW_FDNEW62 1
| #define SWBISNEEDFAIL 1
| #define USE_WITH_SELF_RPM 1
| #define RPMPSF_RPM_HAS_FILELANGS 1
| #define RPMPSF_RPM_HAS_PAYLOADCOMPRESSOR 1
| #define RPMPSF_RPM_VERSION_305 1
| #define HAVE_LIBDL 1
| #define HAVE_LIBZ 1
| #define HAVE_LIMITS_H 1
| #define HAVE_LOCALE_H 1
| #define HAVE_GETOPT_H 1
| #define HAVE_SYS_IOCTL_H 1
| #define HAVE_SGTTY_H 1
| #define HAVE_STDARG_H 1
| #define HAVE_TERMIO_H 1
| #define HAVE_TERMIOS_H 1
| #define HAVE_SYS_TYPES_H 1
| #define HAVE_UNISTD_H 1
| #define SIZEOF_INT 4
| #define SIZEOF_UNSIGNED_SHORT 2
| #define SIZEOF_UNSIGNED_INT 4
| #define SIZEOF_UNSIGNED_LONG 8
| #define HAVE_INTTYPES_H 1
| #define HAVE_RPM_HEADER_H 1
| #define HAVE_RPM_RPMLIB_H 1
| #define HAVE_RPM_RPMIO_H 1
| #define HAVE_TCSETATTR 1
| #define HAVE_SETSID 1
| #define HAVE_GETEUID 1
| #define HAVE_SETEUID 1
| #define HAVE_SNPRINTF 1
| #define HAVE_VPRINTF 1
| #define HAVE_VSNPRINTF 1
| #define HAVE_VSYSLOG 1
| #define HAVE_GETOPT_LONG 1
| #define major_t int
| /* end confdefs.h.  */
| #include <stdio.h>
| #ifdef HAVE_SYS_TYPES_H
| # include <sys/types.h>
| #endif
| #ifdef HAVE_SYS_STAT_H
| # include <sys/stat.h>
| #endif
| #ifdef STDC_HEADERS
| # include <stdlib.h>
| # include <stddef.h>
| #else
| # ifdef HAVE_STDLIB_H
| #  include <stdlib.h>
| # endif
| #endif
| #ifdef HAVE_STRING_H
| # if !defined STDC_HEADERS && defined HAVE_MEMORY_H
| #  include <memory.h>
| # endif
| # include <string.h>
| #endif
| #ifdef HAVE_STRINGS_H
| # include <strings.h>
| #endif
| #ifdef HAVE_INTTYPES_H
| # include <inttypes.h>
| #endif
| #ifdef HAVE_STDINT_H
| # include <stdint.h>
| #endif
| #ifdef HAVE_UNISTD_H
| # include <unistd.h>
| #endif
| typedef minor_t ac__type_new_;
| int
| main ()
| {
| if ((ac__type_new_ *) 0)
|   return 0;
| if (sizeof (ac__type_new_))
|   return 0;
|   ;
|   return 0;
| }
configure:14631: result: no
configure:14643: checking for minor_t
configure:14694: result: no
configure:14723: checking stdio_ext.h usability
configure:14740: gcc -c -pedantic -W -Wall -Wstrict-prototypes -Wno-unused -g -O2  conftest.c >&5
configure:14746: $? = 0
configure:14760: result: yes
configure:14764: checking stdio_ext.h presence
configure:14779: gcc -E  conftest.c
configure:14785: $? = 0
configure:14799: result: yes
configure:14832: checking for stdio_ext.h
configure:14840: result: yes
configure:14857: checking for __fpending
configure:14913: gcc -o conftest -pedantic -W -Wall -Wstrict-prototypes -Wno-unused -g -O2   conftest.c -lz -ldl  >&5
conftest.c:111:1: warning: function declaration isn't a prototype [-Wstrict-prototypes]
 char __fpending ();
 ^~~~
conftest.c:120:1: warning: function declaration isn't a prototype [-Wstrict-prototypes]
 main ()
 ^~~~
configure:14919: $? = 0
configure:14937: result: yes
configure:14960: checking whether __fpending is declared
configure:14990: gcc -c -pedantic -W -Wall -Wstrict-prototypes -Wno-unused -g -O2  conftest.c >&5
conftest.c:96:1: warning: function declaration isn't a prototype [-Wstrict-prototypes]
 main ()
 ^~~~
configure:14996: $? = 0
configure:15011: result: yes
configure:15296: creating ./config.status

## ---------------------- ##
## Running config.status. ##
## ---------------------- ##

This file was extended by swsupplib config.status 0.1, which was
generated by GNU Autoconf 2.61.  Invocation command line was

  CONFIG_FILES    = 
  CONFIG_HEADERS  = 
  CONFIG_LINKS    = 
  CONFIG_COMMANDS = 
  $ ./config.status 

on rishon

config.status:733: creating Makefile
config.status:868: WARNING:  Makefile.in seems to ignore the --datarootdir setting
config.status:733: creating Makefile.inc
config.status:733: creating taru/Makefile
config.status:733: creating uxfio/Makefile
config.status:733: creating misc/Makefile
config.status:733: creating strob/Makefile
config.status:733: creating uinfile/Makefile
config.status:733: creating sw_parse/Makefile
config.status:733: creating cplob/Makefile
config.status:733: creating progs/Makefile
config.status:868: WARNING:  progs/Makefile.in seems to ignore the --datarootdir setting
config.status:733: creating getopt/Makefile
config.status:733: creating progressmeter/Makefile
config.status:733: creating ls_list/Makefile
config.status:733: creating um_rpm/Makefile
config.status:733: creating compression/Makefile
config.status:733: creating shell_lib/Makefile
config.status:733: creating swi/Makefile
config.status:733: creating rpmbis/Makefile
config.status:733: creating tests/Makefile
config.status:733: creating config.h
config.status:1030: config.h is unchanged
config.status:1076: executing depfiles commands
configure:16696: === configuring in um_rpm/rpm-3.0.5 (/home/carolhanna/Security_Project/gnu_dataset/swbis-1.9/swsupplib/um_rpm/rpm-3.0.5)
configure:16799: running /bin/bash ./configure '--prefix=/usr/local'  '--disable-option-checking' --cache-file=/dev/null --srcdir=.

## ---------------- ##
## Cache variables. ##
## ---------------- ##

ac_cv_build=x86_64-unknown-linux-gnuoldld
ac_cv_c_bigendian=no
ac_cv_c_compiler_gnu=yes
ac_cv_c_const=yes
ac_cv_cxx_compiler_gnu=yes
ac_cv_env_CCC_set=
ac_cv_env_CCC_value=
ac_cv_env_CC_set=
ac_cv_env_CC_value=
ac_cv_env_CFLAGS_set=
ac_cv_env_CFLAGS_value=
ac_cv_env_CPPFLAGS_set=
ac_cv_env_CPPFLAGS_value=
ac_cv_env_CPP_set=
ac_cv_env_CPP_value=
ac_cv_env_CXXFLAGS_set=
ac_cv_env_CXXFLAGS_value=
ac_cv_env_CXX_set=
ac_cv_env_CXX_value=
ac_cv_env_LDFLAGS_set=
ac_cv_env_LDFLAGS_value=
ac_cv_env_LIBS_set=
ac_cv_env_LIBS_value=
ac_cv_env_YACC_set=
ac_cv_env_YACC_value=
ac_cv_env_YFLAGS_set=
ac_cv_env_YFLAGS_value=
ac_cv_env_build_alias_set=
ac_cv_env_build_alias_value=
ac_cv_env_host_alias_set=
ac_cv_env_host_alias_value=
ac_cv_env_target_alias_set=
ac_cv_env_target_alias_value=
ac_cv_func___fpending=yes
ac_cv_func_geteuid=yes
ac_cv_func_getopt_long=yes
ac_cv_func_openpty=no
ac_cv_func_seteuid=yes
ac_cv_func_setsid=yes
ac_cv_func_snprintf=yes
ac_cv_func_strtoimax=yes
ac_cv_func_strtol=yes
ac_cv_func_strtoll=yes
ac_cv_func_strtoul=yes
ac_cv_func_strtoull=yes
ac_cv_func_strtoumax=yes
ac_cv_func_stty=no
ac_cv_func_tcsetattr=yes
ac_cv_func_vprintf=yes
ac_cv_func_vsnprintf=yes
ac_cv_func_vsyslog=yes
ac_cv_have_decl___fpending=yes
ac_cv_have_decl_imaxabs=yes
ac_cv_have_decl_imaxdiv=yes
ac_cv_have_decl_strtoimax=yes
ac_cv_have_decl_strtoll=yes
ac_cv_have_decl_strtoull=yes
ac_cv_have_decl_strtoumax=yes
ac_cv_header_getopt_h=yes
ac_cv_header_inttypes_h=yes
ac_cv_header_libutil_h=no
ac_cv_header_limits_h=yes
ac_cv_header_locale_h=yes
ac_cv_header_memory_h=yes
ac_cv_header_minix_config_h=no
ac_cv_header_sgtty_h=yes
ac_cv_header_stdarg_h=yes
ac_cv_header_stdc=yes
ac_cv_header_stdint_h=yes
ac_cv_header_stdio_ext_h=yes
ac_cv_header_stdlib_h=yes
ac_cv_header_string_h=yes
ac_cv_header_strings_h=yes
ac_cv_header_sys_ioctl_h=yes
ac_cv_header_sys_stat_h=yes
ac_cv_header_sys_types_h=yes
ac_cv_header_termio_h=yes
ac_cv_header_termios_h=yes
ac_cv_header_unistd_h=yes
ac_cv_header_wchar_h=yes
ac_cv_host=x86_64-unknown-linux-gnuoldld
ac_cv_lib_bz2_main=no
ac_cv_lib_db1_main=no
ac_cv_lib_db_main=no
ac_cv_lib_dl_dlopen=yes
ac_cv_lib_z_main=yes
ac_cv_objext=o
ac_cv_path_EGREP='/bin/grep -E'
ac_cv_path_GREP=/bin/grep
ac_cv_path_install='/usr/bin/install -c'
ac_cv_prog_AWK=gawk
ac_cv_prog_CPP='gcc -E'
ac_cv_prog_ac_ct_CC=gcc
ac_cv_prog_ac_ct_CXX=g++
ac_cv_prog_ac_ct_RANLIB=ranlib
ac_cv_prog_cc_c89=
ac_cv_prog_cc_c99=
ac_cv_prog_cc_g=yes
ac_cv_prog_cc_gcc_c_o=yes
ac_cv_prog_cxx_g=yes
ac_cv_prog_make_make_set=yes
ac_cv_search_strerror='none required'
ac_cv_sizeof_int=4
ac_cv_sizeof_unsigned_int=4
ac_cv_sizeof_unsigned_long=8
ac_cv_sizeof_unsigned_short=2
ac_cv_sys_file_offset_bits=no
ac_cv_sys_largefile_CC=no
ac_cv_type_int=yes
ac_cv_type_long_long=yes
ac_cv_type_long_long_int=yes
ac_cv_type_major_t=no
ac_cv_type_minor_t=no
ac_cv_type_pid_t=yes
ac_cv_type_signal=void
ac_cv_type_size_t=yes
ac_cv_type_unsigned_int=yes
ac_cv_type_unsigned_long=yes
ac_cv_type_unsigned_long_long_int=yes
ac_cv_type_unsigned_short=yes
am_cv_CC_dependencies_compiler_type=none
am_cv_CXX_dependencies_compiler_type=none
gl_cv_absolute_inttypes_h=///usr/include/inttypes.h
gl_cv_absolute_stdint_h=///usr/lib/gcc/x86_64-linux-gnu/7/include/stdint.h
gl_cv_header_inttypes_h=yes
gl_cv_header_stdint_h=yes
gl_cv_header_working_inttypes_h=no
gl_cv_header_working_stdint_h=yes
gt_cv_inttypes_pri_broken=no
jm_cv_func_strtoimax_macro=no
jm_cv_func_strtoumax_macro=no

## ----------------- ##
## Output variables. ##
## ----------------- ##

ABSOLUTE_INTTYPES_H='"///usr/include/inttypes.h"'
ABSOLUTE_STDINT_H='"///usr/lib/gcc/x86_64-linux-gnu/7/include/stdint.h"'
ACLOCAL='aclocal-1.9'
AMDEPBACKSLASH='\'
AMDEP_FALSE='#'
AMDEP_TRUE=''
AMTAR='tar'
AUTOCONF='autoconf'
AUTOHEADER='autoheader'
AUTOMAKE='automake-1.9'
AWK='gawk'
BITSIZEOF_PTRDIFF_T=''
BITSIZEOF_SIG_ATOMIC_T=''
BITSIZEOF_SIZE_T=''
BITSIZEOF_WCHAR_T=''
BITSIZEOF_WINT_T=''
CC='gcc'
CCDEPMODE='depmode=none'
CFLAGS='-pedantic -W -Wall -Wstrict-prototypes -Wno-unused -g -O2'
CPP='gcc -E'
CPPFLAGS=''
CXX='g++'
CXXDEPMODE='depmode=none'
CXXFLAGS='-g -O2'
CYGPATH_W='echo'
DEFS='-DHAVE_CONFIG_H'
DEPDIR='.deps'
DO_DEBUG=''
DO_UM_RPM='um_rpm'
ECHO_C=''
ECHO_N='-n'
ECHO_T=''
EGREP='/bin/grep -E'
EXEEXT=''
FIXPERMS=''
GETTEXTSTUB=''
GREP='/bin/grep'
HAVE_DECL_IMAXABS='1'
HAVE_DECL_IMAXDIV='1'
HAVE_DECL_STRTOIMAX='1'
HAVE_DECL_STRTOUMAX='1'
HAVE_INTTYPES_H='1'
HAVE_LONG_LONG_INT='1'
HAVE_SIGNED_SIG_ATOMIC_T=''
HAVE_SIGNED_WCHAR_T=''
HAVE_SIGNED_WINT_T=''
HAVE_STDINT_H='1'
HAVE_SYS_BITYPES_H=''
HAVE_SYS_INTTYPES_H=''
HAVE_SYS_TYPES_H='1'
HAVE_UNSIGNED_LONG_LONG_INT='1'
HAVE_WCHAR_H='1'
INCPATH=''
INSTALL_DATA='${INSTALL} -m 644'
INSTALL_PROGRAM='${INSTALL}'
INSTALL_SCRIPT='${INSTALL}'
INSTALL_STRIP_PROGRAM='${SHELL} $(install_sh) -c -s'
INTLDEF=''
INTTYPES_H='inttypes.h'
LDFLAGS=''
LEX=':'
LEXLIB=''
LEX_OUTPUT_ROOT=''
LIBINTL=''
LIBMISC=''
LIBOBJS=''
LIBS='-lz -ldl '
LN_S='ln -s'
LTLIBOBJS=''
MAKEINFO='makeinfo'
OBJEXT='o'
PACKAGE='swsupplib'
PACKAGE_BUGREPORT='bug-swbis@gnu.org'
PACKAGE_NAME='swsupplib'
PACKAGE_STRING='swsupplib 0.1'
PACKAGE_TARNAME='swsupplib'
PACKAGE_VERSION='0.1'
PATH_SEPARATOR=':'
PO=''
PRIPTR_PREFIX='"l"'
PRI_MACROS_BROKEN='0'
PTRDIFF_T_SUFFIX=''
RANLIB='ranlib'
RPMINCOPT=''
RPMLIBOBJECTS_=''
RPMLIBS='../um_rpm/um_librpm.a'
RPMPROGS='rpmheaderdump rpm2swpsf list2tar rpmarchivedump lxpsf'
RPMPROGS_=''
SET_MAKE=''
SHELL='/bin/bash'
SIG_ATOMIC_T_SUFFIX=''
SIZE_T_SUFFIX=''
STDINT_H=''
STRIP=''
SWBISDEFS='-DSWBISLIBEXECDIR=\"${exec_prefix}/libexec\" -DSWBISLIBDIR=\"${exec_prefix}/lib\"'
TESTPROGS_='TESTPROGS='
TESTRPMPROGS_=''
VERSION='0.1'
WCHAR_T_SUFFIX=''
WINT_T_SUFFIX=''
XBISON='bison'
XFLEX='flex'
XGETTEXT=''
YACC='yacc'
YFLAGS=''
ac_ct_CC='gcc'
ac_ct_CXX='g++'
am__fastdepCC_FALSE=''
am__fastdepCC_TRUE='#'
am__fastdepCXX_FALSE=''
am__fastdepCXX_TRUE='#'
am__include='include'
am__leading_dot='.'
am__quote=''
am__tar='${AMTAR} chof - "$$tardir"'
am__untar='${AMTAR} xf -'
bindir='${exec_prefix}/bin'
build='x86_64-unknown-linux-gnuoldld'
build_alias=''
build_cpu='x86_64'
build_os='linux-gnuoldld'
build_vendor='unknown'
datadir='${datarootdir}'
datarootdir='${prefix}/share'
docdir='${datarootdir}/doc/${PACKAGE_TARNAME}'
dvidir='${docdir}'
exec_prefix='${prefix}'
host='x86_64-unknown-linux-gnuoldld'
host_alias=''
host_cpu='x86_64'
host_os='linux-gnuoldld'
host_vendor='unknown'
htmldir='${docdir}'
includedir='${prefix}/include'
infodir='${datarootdir}/info'
install_sh='/home/carolhanna/Security_Project/gnu_dataset/swbis-1.9/swsupplib/install-sh'
libdir='${exec_prefix}/lib'
libexecdir='${exec_prefix}/libexec'
localedir='${datarootdir}/locale'
localstatedir='${prefix}/var'
mandir='${datarootdir}/man'
mkdir_p='mkdir -p --'
nounusedparameter='no-unused'
nounusedparameters=''
oldincludedir='/usr/include'
pdfdir='${docdir}'
prefix='/usr/local'
program_transform_name='s,x,x,'
psdir='${docdir}'
sbindir='${exec_prefix}/sbin'
sharedstatedir='${prefix}/com'
subdirs=' um_rpm/rpm-3.0.5'
sysconfdir='${prefix}/etc'
target_alias=''
tmpdir=''
topdir='/home/carolhanna/Security_Project/gnu_dataset/swbis-1.9/swsupplib'
topincdir='/home/carolhanna/Security_Project/gnu_dataset/swbis-1.9/include'
varprefix=''

## ----------- ##
## confdefs.h. ##
## ----------- ##

#define PACKAGE_NAME "swsupplib"
#define PACKAGE_TARNAME "swsupplib"
#define PACKAGE_VERSION "0.1"
#define PACKAGE_STRING "swsupplib 0.1"
#define PACKAGE_BUGREPORT "bug-swbis@gnu.org"
#define PACKAGE "swsupplib"
#define VERSION "0.1"
#define STDC_HEADERS 1
#define HAVE_SYS_TYPES_H 1
#define HAVE_SYS_STAT_H 1
#define HAVE_STDLIB_H 1
#define HAVE_STRING_H 1
#define HAVE_MEMORY_H 1
#define HAVE_STRINGS_H 1
#define HAVE_INTTYPES_H 1
#define HAVE_STDINT_H 1
#define HAVE_UNISTD_H 1
#define STDC_HEADERS 1
#define RETSIGTYPE void
#define HAVE_DECL_STRTOULL 1
#define HAVE_LONG_LONG_INT 1
#define HAVE_UNSIGNED_LONG_LONG_INT 1
#define HAVE_WCHAR_H 1
#define HAVE_STDINT_H 1
#define HAVE_INTTYPES_H 1
#define ABSOLUTE_STDINT_H "///usr/lib/gcc/x86_64-linux-gnu/7/include/stdint.h"
#define HAVE_INTTYPES_H_WITH_UINTMAX 1
#define HAVE_STDINT_H_WITH_UINTMAX 1
#define HAVE_LONG_LONG 1
#define HAVE_INTMAX_T 1
#define HAVE_INTTYPES_H 1
#define HAVE_DECL_IMAXABS 1
#define HAVE_DECL_IMAXDIV 1
#define HAVE_DECL_STRTOIMAX 1
#define HAVE_DECL_STRTOUMAX 1
#define ABSOLUTE_INTTYPES_H "///usr/include/inttypes.h"
#define HAVE_INTTYPES_H_WITH_UINTMAX 1
#define HAVE_STDINT_H_WITH_UINTMAX 1
#define HAVE_STRTOL 1
#define HAVE_STRTOLL 1
#define HAVE_STRTOUL 1
#define HAVE_STRTOULL 1
#define HAVE_STRTOIMAX 1
#define HAVE_STRTOUMAX 1
#define HAVE_DECL_STRTOLL 1
#define USE_RPMTAG_BASENAMES 1
#define USE_NEW_FDNEW62 1
#define SWBISNEEDFAIL 1
#define USE_WITH_SELF_RPM 1
#define RPMPSF_RPM_HAS_FILELANGS 1
#define RPMPSF_RPM_HAS_PAYLOADCOMPRESSOR 1
#define RPMPSF_RPM_VERSION_305 1
#define HAVE_LIBDL 1
#define HAVE_LIBZ 1
#define HAVE_LIMITS_H 1
#define HAVE_LOCALE_H 1
#define HAVE_GETOPT_H 1
#define HAVE_SYS_IOCTL_H 1
#define HAVE_SGTTY_H 1
#define HAVE_STDARG_H 1
#define HAVE_TERMIO_H 1
#define HAVE_TERMIOS_H 1
#define HAVE_SYS_TYPES_H 1
#define HAVE_UNISTD_H 1
#define SIZEOF_INT 4
#define SIZEOF_UNSIGNED_SHORT 2
#define SIZEOF_UNSIGNED_INT 4
#define SIZEOF_UNSIGNED_LONG 8
#define HAVE_INTTYPES_H 1
#define HAVE_RPM_HEADER_H 1
#define HAVE_RPM_RPMLIB_H 1
#define HAVE_RPM_RPMIO_H 1
#define HAVE_TCSETATTR 1
#define HAVE_SETSID 1
#define HAVE_GETEUID 1
#define HAVE_SETEUID 1
#define HAVE_SNPRINTF 1
#define HAVE_VPRINTF 1
#define HAVE_VSNPRINTF 1
#define HAVE_VSYSLOG 1
#define HAVE_GETOPT_LONG 1
#define major_t int
#define minor_t int
#define minor_t int
#define HAVE_STDIO_EXT_H 1
#define HAVE___FPENDING 1
#define HAVE_DECL___FPENDING 1

configure: exit 0
