This file contains any messages produced by compilers while
running configure, to aid debugging if configure makes a mistake.

It was created by GNU Chess configure 6.2.7, which was
generated by GNU Autoconf 2.69.  Invocation command line was

  $ ./configure 

## --------- ##
## Platform. ##
## --------- ##

hostname = rishon
uname -m = x86_64
uname -r = 4.15.0-72-generic
uname -s = Linux
uname -v = #81-Ubuntu SMP Tue Nov 26 12:20:02 UTC 2019

/usr/bin/uname -p = unknown
/bin/uname -X     = unknown

/bin/arch              = unknown
/usr/bin/arch -k       = unknown
/usr/convex/getsysinfo = unknown
/usr/bin/hostinfo      = unknown
/bin/machine           = unknown
/usr/bin/oslevel       = unknown
/bin/universe          = unknown

PATH: /home/carolhanna/miniconda3/bin
PATH: /home/carolhanna/miniconda3/condabin
PATH: /usr/local/sbin
PATH: /usr/local/bin
PATH: /usr/sbin
PATH: /usr/bin
PATH: /sbin
PATH: /bin
PATH: /usr/games
PATH: /usr/local/games
PATH: /snap/bin


## ----------- ##
## Core tests. ##
## ----------- ##

configure:2375: checking for a BSD-compatible install
configure:2443: result: /usr/bin/install -c
configure:2454: checking whether build environment is sane
configure:2509: result: yes
configure:2547: WARNING: 'missing' script is too old or missing
configure:2660: checking for a thread-safe mkdir -p
configure:2699: result: /bin/mkdir -p
configure:2706: checking for gawk
configure:2722: found /usr/bin/gawk
configure:2733: result: gawk
configure:2744: checking whether make sets $(MAKE)
configure:2766: result: yes
configure:2795: checking whether make supports nested variables
configure:2812: result: yes
configure:2987: checking for gcc
configure:3003: found /usr/bin/gcc
configure:3014: result: gcc
configure:3243: checking for C compiler version
configure:3252: gcc --version >&5
gcc (Ubuntu 7.5.0-3ubuntu1~18.04) 7.5.0
Copyright (C) 2017 Free Software Foundation, Inc.
This is free software; see the source for copying conditions.  There is NO
warranty; not even for MERCHANTABILITY or FITNESS FOR A PARTICULAR PURPOSE.

configure:3263: $? = 0
configure:3252: gcc -v >&5
Using built-in specs.
COLLECT_GCC=gcc
COLLECT_LTO_WRAPPER=/usr/lib/gcc/x86_64-linux-gnu/7/lto-wrapper
OFFLOAD_TARGET_NAMES=nvptx-none
OFFLOAD_TARGET_DEFAULT=1
Target: x86_64-linux-gnu
Configured with: ../src/configure -v --with-pkgversion='Ubuntu 7.5.0-3ubuntu1~18.04' --with-bugurl=file:///usr/share/doc/gcc-7/README.Bugs --enable-languages=c,ada,c++,go,brig,d,fortran,objc,obj-c++ --prefix=/usr --with-gcc-major-version-only --program-suffix=-7 --program-prefix=x86_64-linux-gnu- --enable-shared --enable-linker-build-id --libexecdir=/usr/lib --without-included-gettext --enable-threads=posix --libdir=/usr/lib --enable-nls --enable-bootstrap --enable-clocale=gnu --enable-libstdcxx-debug --enable-libstdcxx-time=yes --with-default-libstdcxx-abi=new --enable-gnu-unique-object --disable-vtable-verify --enable-libmpx --enable-plugin --enable-default-pie --with-system-zlib --with-target-system-zlib --enable-objc-gc=auto --enable-multiarch --disable-werror --with-arch-32=i686 --with-abi=m64 --with-multilib-list=m32,m64,mx32 --enable-multilib --with-tune=generic --enable-offload-targets=nvptx-none --without-cuda-driver --enable-checking=release --build=x86_64-linux-gnu --host=x86_64-linux-gnu --target=x86_64-linux-gnu
Thread model: posix
gcc version 7.5.0 (Ubuntu 7.5.0-3ubuntu1~18.04) 
configure:3263: $? = 0
configure:3252: gcc -V >&5
gcc: error: unrecognized command line option '-V'
gcc: fatal error: no input files
compilation terminated.
configure:3263: $? = 1
configure:3252: gcc -qversion >&5
gcc: error: unrecognized command line option '-qversion'; did you mean '--version'?
gcc: fatal error: no input files
compilation terminated.
configure:3263: $? = 1
configure:3283: checking whether the C compiler works
configure:3305: gcc    conftest.c  >&5
configure:3309: $? = 0
configure:3357: result: yes
configure:3360: checking for C compiler default output file name
configure:3362: result: a.out
configure:3368: checking for suffix of executables
configure:3375: gcc -o conftest    conftest.c  >&5
configure:3379: $? = 0
configure:3401: result: 
configure:3423: checking whether we are cross compiling
configure:3431: gcc -o conftest    conftest.c  >&5
configure:3435: $? = 0
configure:3442: ./conftest
configure:3446: $? = 0
configure:3461: result: no
configure:3466: checking for suffix of object files
configure:3488: gcc -c   conftest.c >&5
configure:3492: $? = 0
configure:3513: result: o
configure:3517: checking whether we are using the GNU C compiler
configure:3536: gcc -c   conftest.c >&5
configure:3536: $? = 0
configure:3545: result: yes
configure:3554: checking whether gcc accepts -g
configure:3574: gcc -c -g  conftest.c >&5
configure:3574: $? = 0
configure:3615: result: yes
configure:3632: checking for gcc option to accept ISO C89
configure:3695: gcc  -c -g -O2  conftest.c >&5
configure:3695: $? = 0
configure:3708: result: none needed
configure:3733: checking whether gcc understands -c and -o together
configure:3755: gcc -c conftest.c -o conftest2.o
configure:3758: $? = 0
configure:3755: gcc -c conftest.c -o conftest2.o
configure:3758: $? = 0
configure:3770: result: yes
configure:3798: checking for style of include used by make
configure:3826: result: GNU
configure:3852: checking dependency style of gcc
configure:3963: result: gcc3
configure:4036: checking for g++
configure:4052: found /usr/bin/g++
configure:4063: result: g++
configure:4090: checking for C++ compiler version
configure:4099: g++ --version >&5
g++ (Ubuntu 7.5.0-3ubuntu1~18.04) 7.5.0
Copyright (C) 2017 Free Software Foundation, Inc.
This is free software; see the source for copying conditions.  There is NO
warranty; not even for MERCHANTABILITY or FITNESS FOR A PARTICULAR PURPOSE.

configure:4110: $? = 0
configure:4099: g++ -v >&5
Using built-in specs.
COLLECT_GCC=g++
COLLECT_LTO_WRAPPER=/usr/lib/gcc/x86_64-linux-gnu/7/lto-wrapper
OFFLOAD_TARGET_NAMES=nvptx-none
OFFLOAD_TARGET_DEFAULT=1
Target: x86_64-linux-gnu
Configured with: ../src/configure -v --with-pkgversion='Ubuntu 7.5.0-3ubuntu1~18.04' --with-bugurl=file:///usr/share/doc/gcc-7/README.Bugs --enable-languages=c,ada,c++,go,brig,d,fortran,objc,obj-c++ --prefix=/usr --with-gcc-major-version-only --program-suffix=-7 --program-prefix=x86_64-linux-gnu- --enable-shared --enable-linker-build-id --libexecdir=/usr/lib --without-included-gettext --enable-threads=posix --libdir=/usr/lib --enable-nls --enable-bootstrap --enable-clocale=gnu --enable-libstdcxx-debug --enable-libstdcxx-time=yes --with-default-libstdcxx-abi=new --enable-gnu-unique-object --disable-vtable-verify --enable-libmpx --enable-plugin --enable-default-pie --with-system-zlib --with-target-system-zlib --enable-objc-gc=auto --enable-multiarch --disable-werror --with-arch-32=i686 --with-abi=m64 --with-multilib-list=m32,m64,mx32 --enable-multilib --with-tune=generic --enable-offload-targets=nvptx-none --without-cuda-driver --enable-checking=release --build=x86_64-linux-gnu --host=x86_64-linux-gnu --target=x86_64-linux-gnu
Thread model: posix
gcc version 7.5.0 (Ubuntu 7.5.0-3ubuntu1~18.04) 
configure:4110: $? = 0
configure:4099: g++ -V >&5
g++: error: unrecognized command line option '-V'
g++: fatal error: no input files
compilation terminated.
configure:4110: $? = 1
configure:4099: g++ -qversion >&5
g++: error: unrecognized command line option '-qversion'; did you mean '--version'?
g++: fatal error: no input files
compilation terminated.
configure:4110: $? = 1
configure:4114: checking whether we are using the GNU C++ compiler
configure:4133: g++ -c   conftest.cpp >&5
configure:4133: $? = 0
configure:4142: result: yes
configure:4151: checking whether g++ accepts -g
configure:4171: g++ -c -g  conftest.cpp >&5
configure:4171: $? = 0
configure:4212: result: yes
configure:4237: checking dependency style of g++
configure:4348: result: gcc3
configure:4413: checking for ar
configure:4429: found /usr/bin/ar
configure:4440: result: ar
configure:4466: checking the archiver (ar) interface
configure:4482: gcc -c -g -O2  conftest.c >&5
configure:4482: $? = 0
configure:4484: ar cru libconftest.a conftest.o >&5
ar: `u' modifier ignored since `D' is the default (see `U')
configure:4487: $? = 0
configure:4515: result: ar
configure:4578: checking for ranlib
configure:4594: found /usr/bin/ranlib
configure:4605: result: ranlib
configure:4632: checking for gawk
configure:4659: result: gawk
configure:4670: checking whether ln -s works
configure:4674: result: yes
configure:4681: checking whether struct tm is in sys/time.h or time.h
configure:4701: gcc -c -g -O2  conftest.c >&5
configure:4701: $? = 0
configure:4708: result: time.h
configure:4720: checking for flex
configure:4750: result: no
configure:4720: checking for lex
configure:4750: result: no
configure:4889: checking for tputs in -lncurses
configure:4914: gcc -o conftest -g -O2   conftest.c -lncurses   >&5
configure:4914: $? = 0
configure:4923: result: yes
configure:4934: checking for readline in -lreadline
configure:4959: gcc -o conftest -g -O2   conftest.c -lreadline  -lncurses  >&5
configure:4959: $? = 0
configure:4968: result: yes
configure:4984: checking how to run the C preprocessor
configure:5015: gcc -E  conftest.c
configure:5015: $? = 0
configure:5029: gcc -E  conftest.c
conftest.c:13:10: fatal error: ac_nonexistent.h: No such file or directory
 #include <ac_nonexistent.h>
          ^~~~~~~~~~~~~~~~~~
compilation terminated.
configure:5029: $? = 1
configure: failed program was:
| /* confdefs.h */
| #define PACKAGE_NAME "GNU Chess"
| #define PACKAGE_TARNAME "gnuchess"
| #define PACKAGE_VERSION "6.2.7"
| #define PACKAGE_STRING "GNU Chess 6.2.7"
| #define PACKAGE_BUGREPORT "bug-gnu-chess@gnu.org"
| #define PACKAGE_URL "http://www.gnu.org/software/gnuchess/"
| #define PACKAGE "gnuchess"
| #define VERSION "6.2.7"
| #define HAVE_LIBNCURSES 1
| #define HAVE_LIBREADLINE 1
| /* end confdefs.h.  */
| #include <ac_nonexistent.h>
configure:5054: result: gcc -E
configure:5074: gcc -E  conftest.c
configure:5074: $? = 0
configure:5088: gcc -E  conftest.c
conftest.c:13:10: fatal error: ac_nonexistent.h: No such file or directory
 #include <ac_nonexistent.h>
          ^~~~~~~~~~~~~~~~~~
compilation terminated.
configure:5088: $? = 1
configure: failed program was:
| /* confdefs.h */
| #define PACKAGE_NAME "GNU Chess"
| #define PACKAGE_TARNAME "gnuchess"
| #define PACKAGE_VERSION "6.2.7"
| #define PACKAGE_STRING "GNU Chess 6.2.7"
| #define PACKAGE_BUGREPORT "bug-gnu-chess@gnu.org"
| #define PACKAGE_URL "http://www.gnu.org/software/gnuchess/"
| #define PACKAGE "gnuchess"
| #define VERSION "6.2.7"
| #define HAVE_LIBNCURSES 1
| #define HAVE_LIBREADLINE 1
| /* end confdefs.h.  */
| #include <ac_nonexistent.h>
configure:5117: checking for grep that handles long lines and -e
configure:5175: result: /bin/grep
configure:5180: checking for egrep
configure:5242: result: /bin/grep -E
configure:5247: checking for ANSI C header files
configure:5267: gcc -c -g -O2  conftest.c >&5
configure:5267: $? = 0
configure:5340: gcc -o conftest -g -O2   conftest.c -lreadline -lncurses  >&5
configure:5340: $? = 0
configure:5340: ./conftest
configure:5340: $? = 0
configure:5351: result: yes
configure:5364: checking for sys/types.h
configure:5364: gcc -c -g -O2  conftest.c >&5
configure:5364: $? = 0
configure:5364: result: yes
configure:5364: checking for sys/stat.h
configure:5364: gcc -c -g -O2  conftest.c >&5
configure:5364: $? = 0
configure:5364: result: yes
configure:5364: checking for stdlib.h
configure:5364: gcc -c -g -O2  conftest.c >&5
configure:5364: $? = 0
configure:5364: result: yes
configure:5364: checking for string.h
configure:5364: gcc -c -g -O2  conftest.c >&5
configure:5364: $? = 0
configure:5364: result: yes
configure:5364: checking for memory.h
configure:5364: gcc -c -g -O2  conftest.c >&5
configure:5364: $? = 0
configure:5364: result: yes
configure:5364: checking for strings.h
configure:5364: gcc -c -g -O2  conftest.c >&5
configure:5364: $? = 0
configure:5364: result: yes
configure:5364: checking for inttypes.h
configure:5364: gcc -c -g -O2  conftest.c >&5
configure:5364: $? = 0
configure:5364: result: yes
configure:5364: checking for stdint.h
configure:5364: gcc -c -g -O2  conftest.c >&5
configure:5364: $? = 0
configure:5364: result: yes
configure:5364: checking for unistd.h
configure:5364: gcc -c -g -O2  conftest.c >&5
configure:5364: $? = 0
configure:5364: result: yes
configure:5379: checking readline/readline.h usability
configure:5379: gcc -c -g -O2  conftest.c >&5
configure:5379: $? = 0
configure:5379: result: yes
configure:5379: checking readline/readline.h presence
configure:5379: gcc -E  conftest.c
configure:5379: $? = 0
configure:5379: result: yes
configure:5379: checking for readline/readline.h
configure:5379: result: yes
configure:5379: checking readline/history.h usability
configure:5379: gcc -c -g -O2  conftest.c >&5
configure:5379: $? = 0
configure:5379: result: yes
configure:5379: checking readline/history.h presence
configure:5379: gcc -E  conftest.c
configure:5379: $? = 0
configure:5379: result: yes
configure:5379: checking for readline/history.h
configure:5379: result: yes
configure:5391: checking for ANSI C header files
configure:5495: result: yes
configure:5507: checking time.h usability
configure:5507: gcc -c -g -O2  conftest.c >&5
configure:5507: $? = 0
configure:5507: result: yes
configure:5507: checking time.h presence
configure:5507: gcc -E  conftest.c
configure:5507: $? = 0
configure:5507: result: yes
configure:5507: checking for time.h
configure:5507: result: yes
configure:5507: checking sys/time.h usability
configure:5507: gcc -c -g -O2  conftest.c >&5
configure:5507: $? = 0
configure:5507: result: yes
configure:5507: checking sys/time.h presence
configure:5507: gcc -E  conftest.c
configure:5507: $? = 0
configure:5507: result: yes
configure:5507: checking for sys/time.h
configure:5507: result: yes
configure:5507: checking for unistd.h
configure:5507: result: yes
configure:5507: checking errno.h usability
configure:5507: gcc -c -g -O2  conftest.c >&5
configure:5507: $? = 0
configure:5507: result: yes
configure:5507: checking errno.h presence
configure:5507: gcc -E  conftest.c
configure:5507: $? = 0
configure:5507: result: yes
configure:5507: checking for errno.h
configure:5507: result: yes
configure:5507: checking fcntl.h usability
configure:5507: gcc -c -g -O2  conftest.c >&5
configure:5507: $? = 0
configure:5507: result: yes
configure:5507: checking fcntl.h presence
configure:5507: gcc -E  conftest.c
configure:5507: $? = 0
configure:5507: result: yes
configure:5507: checking for fcntl.h
configure:5507: result: yes
configure:5507: checking libintl.h usability
configure:5507: gcc -c -g -O2  conftest.c >&5
configure:5507: $? = 0
configure:5507: result: yes
configure:5507: checking libintl.h presence
configure:5507: gcc -E  conftest.c
configure:5507: $? = 0
configure:5507: result: yes
configure:5507: checking for libintl.h
configure:5507: result: yes
configure:5518: checking for an ANSI C-conforming const
configure:5584: gcc -c -g -O2  conftest.c >&5
configure:5584: $? = 0
configure:5591: result: yes
configure:5599: checking for working volatile
configure:5618: gcc -c -g -O2  conftest.c >&5
configure:5618: $? = 0
configure:5625: result: yes
configure:5635: checking for stdlib.h
configure:5635: result: yes
configure:5645: checking for GNU libc compatible realloc
configure:5669: gcc -o conftest -g -O2   conftest.c -lreadline -lncurses  >&5
configure:5669: $? = 0
configure:5669: ./conftest
configure:5669: $? = 0
configure:5679: result: yes
configure:5700: checking for stdbool.h that conforms to C99
configure:5767: gcc -c -g -O2  conftest.c >&5
configure:5767: $? = 0
configure:5774: result: yes
configure:5776: checking for _Bool
configure:5776: gcc -c -g -O2  conftest.c >&5
configure:5776: $? = 0
configure:5776: gcc -c -g -O2  conftest.c >&5
conftest.c: In function 'main':
conftest.c:70:20: error: expected expression before ')' token
 if (sizeof ((_Bool)))
                    ^
configure:5776: $? = 1
configure: failed program was:
| /* confdefs.h */
| #define PACKAGE_NAME "GNU Chess"
| #define PACKAGE_TARNAME "gnuchess"
| #define PACKAGE_VERSION "6.2.7"
| #define PACKAGE_STRING "GNU Chess 6.2.7"
| #define PACKAGE_BUGREPORT "bug-gnu-chess@gnu.org"
| #define PACKAGE_URL "http://www.gnu.org/software/gnuchess/"
| #define PACKAGE "gnuchess"
| #define VERSION "6.2.7"
| #define HAVE_LIBNCURSES 1
| #define HAVE_LIBREADLINE 1
| #define STDC_HEADERS 1
| #define HAVE_SYS_TYPES_H 1
| #define HAVE_SYS_STAT_H 1
| #define HAVE_STDLIB_H 1
| #define HAVE_STRING_H 1
| #define HAVE_MEMORY_H 1
| #define HAVE_STRINGS_H 1
| #define HAVE_INTTYPES_H 1
| #define HAVE_STDINT_H 1
| #define HAVE_UNISTD_H 1
| #define HAVE_READLINE_READLINE_H 1
| #define HAVE_READLINE_HISTORY_H 1
| #define STDC_HEADERS 1
| #define HAVE_TIME_H 1
| #define HAVE_SYS_TIME_H 1
| #define HAVE_UNISTD_H 1
| #define HAVE_ERRNO_H 1
| #define HAVE_FCNTL_H 1
| #define HAVE_LIBINTL_H 1
| #define HAVE_STDLIB_H 1
| #define HAVE_REALLOC 1
| /* end confdefs.h.  */
| #include <stdio.h>
| #ifdef HAVE_SYS_TYPES_H
| # include <sys/types.h>
| #endif
| #ifdef HAVE_SYS_STAT_H
| # include <sys/stat.h>
| #endif
| #ifdef STDC_HEADERS
| # include <stdlib.h>
| # include <stddef.h>
| #else
| # ifdef HAVE_STDLIB_H
| #  include <stdlib.h>
| # endif
| #endif
| #ifdef HAVE_STRING_H
| # if !defined STDC_HEADERS && defined HAVE_MEMORY_H
| #  include <memory.h>
| # endif
| # include <string.h>
| #endif
| #ifdef HAVE_STRINGS_H
| # include <strings.h>
| #endif
| #ifdef HAVE_INTTYPES_H
| # include <inttypes.h>
| #endif
| #ifdef HAVE_STDINT_H
| # include <stdint.h>
| #endif
| #ifdef HAVE_UNISTD_H
| # include <unistd.h>
| #endif
| int
| main ()
| {
| if (sizeof ((_Bool)))
| 	    return 0;
|   ;
|   return 0;
| }
configure:5776: result: yes
configure:5793: checking for inline
configure:5809: gcc -c -g -O2  conftest.c >&5
configure:5809: $? = 0
configure:5817: result: inline
configure:5835: checking for size_t
configure:5835: gcc -c -g -O2  conftest.c >&5
configure:5835: $? = 0
configure:5835: gcc -c -g -O2  conftest.c >&5
conftest.c: In function 'main':
conftest.c:72:21: error: expected expression before ')' token
 if (sizeof ((size_t)))
                     ^
configure:5835: $? = 1
configure: failed program was:
| /* confdefs.h */
| #define PACKAGE_NAME "GNU Chess"
| #define PACKAGE_TARNAME "gnuchess"
| #define PACKAGE_VERSION "6.2.7"
| #define PACKAGE_STRING "GNU Chess 6.2.7"
| #define PACKAGE_BUGREPORT "bug-gnu-chess@gnu.org"
| #define PACKAGE_URL "http://www.gnu.org/software/gnuchess/"
| #define PACKAGE "gnuchess"
| #define VERSION "6.2.7"
| #define HAVE_LIBNCURSES 1
| #define HAVE_LIBREADLINE 1
| #define STDC_HEADERS 1
| #define HAVE_SYS_TYPES_H 1
| #define HAVE_SYS_STAT_H 1
| #define HAVE_STDLIB_H 1
| #define HAVE_STRING_H 1
| #define HAVE_MEMORY_H 1
| #define HAVE_STRINGS_H 1
| #define HAVE_INTTYPES_H 1
| #define HAVE_STDINT_H 1
| #define HAVE_UNISTD_H 1
| #define HAVE_READLINE_READLINE_H 1
| #define HAVE_READLINE_HISTORY_H 1
| #define STDC_HEADERS 1
| #define HAVE_TIME_H 1
| #define HAVE_SYS_TIME_H 1
| #define HAVE_UNISTD_H 1
| #define HAVE_ERRNO_H 1
| #define HAVE_FCNTL_H 1
| #define HAVE_LIBINTL_H 1
| #define HAVE_STDLIB_H 1
| #define HAVE_REALLOC 1
| #define HAVE__BOOL 1
| #define HAVE_STDBOOL_H 1
| /* end confdefs.h.  */
| #include <stdio.h>
| #ifdef HAVE_SYS_TYPES_H
| # include <sys/types.h>
| #endif
| #ifdef HAVE_SYS_STAT_H
| # include <sys/stat.h>
| #endif
| #ifdef STDC_HEADERS
| # include <stdlib.h>
| # include <stddef.h>
| #else
| # ifdef HAVE_STDLIB_H
| #  include <stdlib.h>
| # endif
| #endif
| #ifdef HAVE_STRING_H
| # if !defined STDC_HEADERS && defined HAVE_MEMORY_H
| #  include <memory.h>
| # endif
| # include <string.h>
| #endif
| #ifdef HAVE_STRINGS_H
| # include <strings.h>
| #endif
| #ifdef HAVE_INTTYPES_H
| # include <inttypes.h>
| #endif
| #ifdef HAVE_STDINT_H
| # include <stdint.h>
| #endif
| #ifdef HAVE_UNISTD_H
| # include <unistd.h>
| #endif
| int
| main ()
| {
| if (sizeof ((size_t)))
| 	    return 0;
|   ;
|   return 0;
| }
configure:5835: result: yes
configure:5846: checking whether time.h and sys/time.h may both be included
configure:5866: gcc -c -g -O2  conftest.c >&5
configure:5866: $? = 0
configure:5873: result: yes
configure:5882: checking for stdint types
configure:5905: gcc -c   conftest.c >&5
configure:5905: $? = 0
configure:5930: result: stdint.h (shortcircuit)
configure:6333: result: make use of stdint.h in src/GCint.h (assuming C99 compatible system)
configure:6341: checking return type of signal handlers
configure:6359: gcc -c -g -O2  conftest.c >&5
conftest.c: In function 'main':
conftest.c:43:10: error: void value not ignored as it ought to be
 return *(signal (0, 0)) (0) == 1;
         ~^~~~~~~~~~~~~~~~~~
configure:6359: $? = 1
configure: failed program was:
| /* confdefs.h */
| #define PACKAGE_NAME "GNU Chess"
| #define PACKAGE_TARNAME "gnuchess"
| #define PACKAGE_VERSION "6.2.7"
| #define PACKAGE_STRING "GNU Chess 6.2.7"
| #define PACKAGE_BUGREPORT "bug-gnu-chess@gnu.org"
| #define PACKAGE_URL "http://www.gnu.org/software/gnuchess/"
| #define PACKAGE "gnuchess"
| #define VERSION "6.2.7"
| #define HAVE_LIBNCURSES 1
| #define HAVE_LIBREADLINE 1
| #define STDC_HEADERS 1
| #define HAVE_SYS_TYPES_H 1
| #define HAVE_SYS_STAT_H 1
| #define HAVE_STDLIB_H 1
| #define HAVE_STRING_H 1
| #define HAVE_MEMORY_H 1
| #define HAVE_STRINGS_H 1
| #define HAVE_INTTYPES_H 1
| #define HAVE_STDINT_H 1
| #define HAVE_UNISTD_H 1
| #define HAVE_READLINE_READLINE_H 1
| #define HAVE_READLINE_HISTORY_H 1
| #define STDC_HEADERS 1
| #define HAVE_TIME_H 1
| #define HAVE_SYS_TIME_H 1
| #define HAVE_UNISTD_H 1
| #define HAVE_ERRNO_H 1
| #define HAVE_FCNTL_H 1
| #define HAVE_LIBINTL_H 1
| #define HAVE_STDLIB_H 1
| #define HAVE_REALLOC 1
| #define HAVE__BOOL 1
| #define HAVE_STDBOOL_H 1
| #define TIME_WITH_SYS_TIME 1
| /* end confdefs.h.  */
| #include <sys/types.h>
| #include <signal.h>
| 
| int
| main ()
| {
| return *(signal (0, 0)) (0) == 1;
|   ;
|   return 0;
| }
configure:6366: result: void
configure:6376: checking for stdlib.h
configure:6376: result: yes
configure:6386: checking for GNU libc compatible malloc
configure:6410: gcc -o conftest -g -O2   conftest.c -lreadline -lncurses  >&5
configure:6410: $? = 0
configure:6410: ./conftest
configure:6410: $? = 0
configure:6420: result: yes
configure:6441: checking for working memcmp
configure:6484: gcc -o conftest -g -O2   conftest.c -lreadline -lncurses  >&5
configure:6484: $? = 0
configure:6484: ./conftest
configure:6484: $? = 0
configure:6494: result: yes
configure:6507: checking for gettimeofday
configure:6507: gcc -o conftest -g -O2   conftest.c -lreadline -lncurses  >&5
configure:6507: $? = 0
configure:6507: result: yes
configure:6507: checking for strchr
configure:6507: gcc -o conftest -g -O2   conftest.c -lreadline -lncurses  >&5
conftest.c:64:6: warning: conflicting types for built-in function 'strchr' [-Wbuiltin-declaration-mismatch]
 char strchr ();
      ^~~~~~
configure:6507: $? = 0
configure:6507: result: yes
configure:6507: checking for strcspn
configure:6507: gcc -o conftest -g -O2   conftest.c -lreadline -lncurses  >&5
conftest.c:65:6: warning: conflicting types for built-in function 'strcspn' [-Wbuiltin-declaration-mismatch]
 char strcspn ();
      ^~~~~~~
configure:6507: $? = 0
configure:6507: result: yes
configure:6507: checking for strstr
configure:6507: gcc -o conftest -g -O2   conftest.c -lreadline -lncurses  >&5
conftest.c:66:6: warning: conflicting types for built-in function 'strstr' [-Wbuiltin-declaration-mismatch]
 char strstr ();
      ^~~~~~
configure:6507: $? = 0
configure:6507: result: yes
configure:6507: checking for strerror
configure:6507: gcc -o conftest -g -O2   conftest.c -lreadline -lncurses  >&5
configure:6507: $? = 0
configure:6507: result: yes
configure:6507: checking for memset
configure:6507: gcc -o conftest -g -O2   conftest.c -lreadline -lncurses  >&5
conftest.c:68:6: warning: conflicting types for built-in function 'memset' [-Wbuiltin-declaration-mismatch]
 char memset ();
      ^~~~~~
configure:6507: $? = 0
configure:6507: result: yes
configure:6507: checking for strdup
configure:6507: gcc -o conftest -g -O2   conftest.c -lreadline -lncurses  >&5
conftest.c:69:6: warning: conflicting types for built-in function 'strdup' [-Wbuiltin-declaration-mismatch]
 char strdup ();
      ^~~~~~
configure:6507: $? = 0
configure:6507: result: yes
configure:6507: checking for strtol
configure:6507: gcc -o conftest -g -O2   conftest.c -lreadline -lncurses  >&5
configure:6507: $? = 0
configure:6507: result: yes
configure:6521: checking build system type
configure:6535: result: x86_64-pc-linux-gnu
configure:6555: checking host system type
configure:6568: result: x86_64-pc-linux-gnu
configure:6746: checking for the pthreads library -lpthreads
configure:6781: gcc -o conftest -g -O2    conftest.c -lpthreads -lreadline -lncurses  >&5
conftest.c: In function 'main':
conftest.c:53:22: warning: null argument where non-null required (argument 1) [-Wnonnull]
                      pthread_attr_init(0); pthread_cleanup_push(0, 0);
                      ^~~~~~~~~~~~~~~~~
conftest.c:54:22: warning: null argument where non-null required (argument 1) [-Wnonnull]
                      pthread_create(0,0,0,0); pthread_cleanup_pop(0);
                      ^~~~~~~~~~~~~~
conftest.c:54:22: warning: null argument where non-null required (argument 3) [-Wnonnull]
/usr/bin/ld: cannot find -lpthreads
collect2: error: ld returned 1 exit status
configure:6781: $? = 1
configure: failed program was:
| /* confdefs.h */
| #define PACKAGE_NAME "GNU Chess"
| #define PACKAGE_TARNAME "gnuchess"
| #define PACKAGE_VERSION "6.2.7"
| #define PACKAGE_STRING "GNU Chess 6.2.7"
| #define PACKAGE_BUGREPORT "bug-gnu-chess@gnu.org"
| #define PACKAGE_URL "http://www.gnu.org/software/gnuchess/"
| #define PACKAGE "gnuchess"
| #define VERSION "6.2.7"
| #define HAVE_LIBNCURSES 1
| #define HAVE_LIBREADLINE 1
| #define STDC_HEADERS 1
| #define HAVE_SYS_TYPES_H 1
| #define HAVE_SYS_STAT_H 1
| #define HAVE_STDLIB_H 1
| #define HAVE_STRING_H 1
| #define HAVE_MEMORY_H 1
| #define HAVE_STRINGS_H 1
| #define HAVE_INTTYPES_H 1
| #define HAVE_STDINT_H 1
| #define HAVE_UNISTD_H 1
| #define HAVE_READLINE_READLINE_H 1
| #define HAVE_READLINE_HISTORY_H 1
| #define STDC_HEADERS 1
| #define HAVE_TIME_H 1
| #define HAVE_SYS_TIME_H 1
| #define HAVE_UNISTD_H 1
| #define HAVE_ERRNO_H 1
| #define HAVE_FCNTL_H 1
| #define HAVE_LIBINTL_H 1
| #define HAVE_STDLIB_H 1
| #define HAVE_REALLOC 1
| #define HAVE__BOOL 1
| #define HAVE_STDBOOL_H 1
| #define TIME_WITH_SYS_TIME 1
| #define RETSIGTYPE void
| #define HAVE_STDLIB_H 1
| #define HAVE_MALLOC 1
| #define HAVE_GETTIMEOFDAY 1
| #define HAVE_STRCHR 1
| #define HAVE_STRCSPN 1
| #define HAVE_STRSTR 1
| #define HAVE_STRERROR 1
| #define HAVE_MEMSET 1
| #define HAVE_STRDUP 1
| #define HAVE_STRTOL 1
| /* end confdefs.h.  */
| #include <pthread.h>
| int
| main ()
| {
| pthread_t th; pthread_join(th, 0);
|                      pthread_attr_init(0); pthread_cleanup_push(0, 0);
|                      pthread_create(0,0,0,0); pthread_cleanup_pop(0);
|   ;
|   return 0;
| }
configure:6791: result: no
configure:6734: checking whether pthreads work without any flags
configure:6781: gcc -o conftest -g -O2    conftest.c  -lreadline -lncurses  >&5
conftest.c: In function 'main':
conftest.c:53:22: warning: null argument where non-null required (argument 1) [-Wnonnull]
                      pthread_attr_init(0); pthread_cleanup_push(0, 0);
                      ^~~~~~~~~~~~~~~~~
conftest.c:54:22: warning: null argument where non-null required (argument 1) [-Wnonnull]
                      pthread_create(0,0,0,0); pthread_cleanup_pop(0);
                      ^~~~~~~~~~~~~~
conftest.c:54:22: warning: null argument where non-null required (argument 3) [-Wnonnull]
/tmp/ccNzAz7g.o: In function `main':
/home/carolhanna/Security_Project/gnu_dataset/gnuchess-6.2.7/conftest.c:52: undefined reference to `pthread_join'
/home/carolhanna/Security_Project/gnu_dataset/gnuchess-6.2.7/conftest.c:53: undefined reference to `__pthread_register_cancel'
/home/carolhanna/Security_Project/gnu_dataset/gnuchess-6.2.7/conftest.c:54: undefined reference to `pthread_create'
/home/carolhanna/Security_Project/gnu_dataset/gnuchess-6.2.7/conftest.c:54: undefined reference to `__pthread_unregister_cancel'
collect2: error: ld returned 1 exit status
configure:6781: $? = 1
configure: failed program was:
| /* confdefs.h */
| #define PACKAGE_NAME "GNU Chess"
| #define PACKAGE_TARNAME "gnuchess"
| #define PACKAGE_VERSION "6.2.7"
| #define PACKAGE_STRING "GNU Chess 6.2.7"
| #define PACKAGE_BUGREPORT "bug-gnu-chess@gnu.org"
| #define PACKAGE_URL "http://www.gnu.org/software/gnuchess/"
| #define PACKAGE "gnuchess"
| #define VERSION "6.2.7"
| #define HAVE_LIBNCURSES 1
| #define HAVE_LIBREADLINE 1
| #define STDC_HEADERS 1
| #define HAVE_SYS_TYPES_H 1
| #define HAVE_SYS_STAT_H 1
| #define HAVE_STDLIB_H 1
| #define HAVE_STRING_H 1
| #define HAVE_MEMORY_H 1
| #define HAVE_STRINGS_H 1
| #define HAVE_INTTYPES_H 1
| #define HAVE_STDINT_H 1
| #define HAVE_UNISTD_H 1
| #define HAVE_READLINE_READLINE_H 1
| #define HAVE_READLINE_HISTORY_H 1
| #define STDC_HEADERS 1
| #define HAVE_TIME_H 1
| #define HAVE_SYS_TIME_H 1
| #define HAVE_UNISTD_H 1
| #define HAVE_ERRNO_H 1
| #define HAVE_FCNTL_H 1
| #define HAVE_LIBINTL_H 1
| #define HAVE_STDLIB_H 1
| #define HAVE_REALLOC 1
| #define HAVE__BOOL 1
| #define HAVE_STDBOOL_H 1
| #define TIME_WITH_SYS_TIME 1
| #define RETSIGTYPE void
| #define HAVE_STDLIB_H 1
| #define HAVE_MALLOC 1
| #define HAVE_GETTIMEOFDAY 1
| #define HAVE_STRCHR 1
| #define HAVE_STRCSPN 1
| #define HAVE_STRSTR 1
| #define HAVE_STRERROR 1
| #define HAVE_MEMSET 1
| #define HAVE_STRDUP 1
| #define HAVE_STRTOL 1
| /* end confdefs.h.  */
| #include <pthread.h>
| int
| main ()
| {
| pthread_t th; pthread_join(th, 0);
|                      pthread_attr_init(0); pthread_cleanup_push(0, 0);
|                      pthread_create(0,0,0,0); pthread_cleanup_pop(0);
|   ;
|   return 0;
| }
configure:6791: result: no
configure:6739: checking whether pthreads work with -Kthread
configure:6781: gcc -o conftest -g -O2 -Kthread   conftest.c  -lreadline -lncurses  >&5
gcc: error: unrecognized command line option '-Kthread'; did you mean '-pthread'?
configure:6781: $? = 1
configure: failed program was:
| /* confdefs.h */
| #define PACKAGE_NAME "GNU Chess"
| #define PACKAGE_TARNAME "gnuchess"
| #define PACKAGE_VERSION "6.2.7"
| #define PACKAGE_STRING "GNU Chess 6.2.7"
| #define PACKAGE_BUGREPORT "bug-gnu-chess@gnu.org"
| #define PACKAGE_URL "http://www.gnu.org/software/gnuchess/"
| #define PACKAGE "gnuchess"
| #define VERSION "6.2.7"
| #define HAVE_LIBNCURSES 1
| #define HAVE_LIBREADLINE 1
| #define STDC_HEADERS 1
| #define HAVE_SYS_TYPES_H 1
| #define HAVE_SYS_STAT_H 1
| #define HAVE_STDLIB_H 1
| #define HAVE_STRING_H 1
| #define HAVE_MEMORY_H 1
| #define HAVE_STRINGS_H 1
| #define HAVE_INTTYPES_H 1
| #define HAVE_STDINT_H 1
| #define HAVE_UNISTD_H 1
| #define HAVE_READLINE_READLINE_H 1
| #define HAVE_READLINE_HISTORY_H 1
| #define STDC_HEADERS 1
| #define HAVE_TIME_H 1
| #define HAVE_SYS_TIME_H 1
| #define HAVE_UNISTD_H 1
| #define HAVE_ERRNO_H 1
| #define HAVE_FCNTL_H 1
| #define HAVE_LIBINTL_H 1
| #define HAVE_STDLIB_H 1
| #define HAVE_REALLOC 1
| #define HAVE__BOOL 1
| #define HAVE_STDBOOL_H 1
| #define TIME_WITH_SYS_TIME 1
| #define RETSIGTYPE void
| #define HAVE_STDLIB_H 1
| #define HAVE_MALLOC 1
| #define HAVE_GETTIMEOFDAY 1
| #define HAVE_STRCHR 1
| #define HAVE_STRCSPN 1
| #define HAVE_STRSTR 1
| #define HAVE_STRERROR 1
| #define HAVE_MEMSET 1
| #define HAVE_STRDUP 1
| #define HAVE_STRTOL 1
| /* end confdefs.h.  */
| #include <pthread.h>
| int
| main ()
| {
| pthread_t th; pthread_join(th, 0);
|                      pthread_attr_init(0); pthread_cleanup_push(0, 0);
|                      pthread_create(0,0,0,0); pthread_cleanup_pop(0);
|   ;
|   return 0;
| }
configure:6791: result: no
configure:6739: checking whether pthreads work with -kthread
configure:6781: gcc -o conftest -g -O2 -kthread   conftest.c  -lreadline -lncurses  >&5
gcc: error: unrecognized command line option '-kthread'; did you mean '-pthread'?
configure:6781: $? = 1
configure: failed program was:
| /* confdefs.h */
| #define PACKAGE_NAME "GNU Chess"
| #define PACKAGE_TARNAME "gnuchess"
| #define PACKAGE_VERSION "6.2.7"
| #define PACKAGE_STRING "GNU Chess 6.2.7"
| #define PACKAGE_BUGREPORT "bug-gnu-chess@gnu.org"
| #define PACKAGE_URL "http://www.gnu.org/software/gnuchess/"
| #define PACKAGE "gnuchess"
| #define VERSION "6.2.7"
| #define HAVE_LIBNCURSES 1
| #define HAVE_LIBREADLINE 1
| #define STDC_HEADERS 1
| #define HAVE_SYS_TYPES_H 1
| #define HAVE_SYS_STAT_H 1
| #define HAVE_STDLIB_H 1
| #define HAVE_STRING_H 1
| #define HAVE_MEMORY_H 1
| #define HAVE_STRINGS_H 1
| #define HAVE_INTTYPES_H 1
| #define HAVE_STDINT_H 1
| #define HAVE_UNISTD_H 1
| #define HAVE_READLINE_READLINE_H 1
| #define HAVE_READLINE_HISTORY_H 1
| #define STDC_HEADERS 1
| #define HAVE_TIME_H 1
| #define HAVE_SYS_TIME_H 1
| #define HAVE_UNISTD_H 1
| #define HAVE_ERRNO_H 1
| #define HAVE_FCNTL_H 1
| #define HAVE_LIBINTL_H 1
| #define HAVE_STDLIB_H 1
| #define HAVE_REALLOC 1
| #define HAVE__BOOL 1
| #define HAVE_STDBOOL_H 1
| #define TIME_WITH_SYS_TIME 1
| #define RETSIGTYPE void
| #define HAVE_STDLIB_H 1
| #define HAVE_MALLOC 1
| #define HAVE_GETTIMEOFDAY 1
| #define HAVE_STRCHR 1
| #define HAVE_STRCSPN 1
| #define HAVE_STRSTR 1
| #define HAVE_STRERROR 1
| #define HAVE_MEMSET 1
| #define HAVE_STRDUP 1
| #define HAVE_STRTOL 1
| /* end confdefs.h.  */
| #include <pthread.h>
| int
| main ()
| {
| pthread_t th; pthread_join(th, 0);
|                      pthread_attr_init(0); pthread_cleanup_push(0, 0);
|                      pthread_create(0,0,0,0); pthread_cleanup_pop(0);
|   ;
|   return 0;
| }
configure:6791: result: no
configure:6746: checking for the pthreads library -llthread
configure:6781: gcc -o conftest -g -O2    conftest.c -llthread -lreadline -lncurses  >&5
conftest.c: In function 'main':
conftest.c:53:22: warning: null argument where non-null required (argument 1) [-Wnonnull]
                      pthread_attr_init(0); pthread_cleanup_push(0, 0);
                      ^~~~~~~~~~~~~~~~~
conftest.c:54:22: warning: null argument where non-null required (argument 1) [-Wnonnull]
                      pthread_create(0,0,0,0); pthread_cleanup_pop(0);
                      ^~~~~~~~~~~~~~
conftest.c:54:22: warning: null argument where non-null required (argument 3) [-Wnonnull]
/usr/bin/ld: cannot find -llthread
collect2: error: ld returned 1 exit status
configure:6781: $? = 1
configure: failed program was:
| /* confdefs.h */
| #define PACKAGE_NAME "GNU Chess"
| #define PACKAGE_TARNAME "gnuchess"
| #define PACKAGE_VERSION "6.2.7"
| #define PACKAGE_STRING "GNU Chess 6.2.7"
| #define PACKAGE_BUGREPORT "bug-gnu-chess@gnu.org"
| #define PACKAGE_URL "http://www.gnu.org/software/gnuchess/"
| #define PACKAGE "gnuchess"
| #define VERSION "6.2.7"
| #define HAVE_LIBNCURSES 1
| #define HAVE_LIBREADLINE 1
| #define STDC_HEADERS 1
| #define HAVE_SYS_TYPES_H 1
| #define HAVE_SYS_STAT_H 1
| #define HAVE_STDLIB_H 1
| #define HAVE_STRING_H 1
| #define HAVE_MEMORY_H 1
| #define HAVE_STRINGS_H 1
| #define HAVE_INTTYPES_H 1
| #define HAVE_STDINT_H 1
| #define HAVE_UNISTD_H 1
| #define HAVE_READLINE_READLINE_H 1
| #define HAVE_READLINE_HISTORY_H 1
| #define STDC_HEADERS 1
| #define HAVE_TIME_H 1
| #define HAVE_SYS_TIME_H 1
| #define HAVE_UNISTD_H 1
| #define HAVE_ERRNO_H 1
| #define HAVE_FCNTL_H 1
| #define HAVE_LIBINTL_H 1
| #define HAVE_STDLIB_H 1
| #define HAVE_REALLOC 1
| #define HAVE__BOOL 1
| #define HAVE_STDBOOL_H 1
| #define TIME_WITH_SYS_TIME 1
| #define RETSIGTYPE void
| #define HAVE_STDLIB_H 1
| #define HAVE_MALLOC 1
| #define HAVE_GETTIMEOFDAY 1
| #define HAVE_STRCHR 1
| #define HAVE_STRCSPN 1
| #define HAVE_STRSTR 1
| #define HAVE_STRERROR 1
| #define HAVE_MEMSET 1
| #define HAVE_STRDUP 1
| #define HAVE_STRTOL 1
| /* end confdefs.h.  */
| #include <pthread.h>
| int
| main ()
| {
| pthread_t th; pthread_join(th, 0);
|                      pthread_attr_init(0); pthread_cleanup_push(0, 0);
|                      pthread_create(0,0,0,0); pthread_cleanup_pop(0);
|   ;
|   return 0;
| }
configure:6791: result: no
configure:6739: checking whether pthreads work with -pthread
configure:6781: gcc -o conftest -g -O2 -pthread   conftest.c  -lreadline -lncurses  >&5
conftest.c: In function 'main':
conftest.c:53:22: warning: null argument where non-null required (argument 1) [-Wnonnull]
                      pthread_attr_init(0); pthread_cleanup_push(0, 0);
                      ^~~~~~~~~~~~~~~~~
conftest.c:54:22: warning: null argument where non-null required (argument 1) [-Wnonnull]
                      pthread_create(0,0,0,0); pthread_cleanup_pop(0);
                      ^~~~~~~~~~~~~~
conftest.c:54:22: warning: null argument where non-null required (argument 3) [-Wnonnull]
configure:6781: $? = 0
configure:6791: result: yes
configure:6814: checking for joinable pthread attribute
configure:6827: gcc -o conftest -g -O2 -pthread   conftest.c  -lreadline -lncurses  >&5
configure:6827: $? = 0
configure:6859: result: PTHREAD_CREATE_JOINABLE
configure:6866: checking if more special flags are required for pthreads
configure:6873: result: no
configure:6887: checking for cc_r
configure:6915: result: gcc
configure:6965: checking for a sed that does not truncate output
configure:7029: result: /bin/sed
configure:7035: checking whether NLS is requested
configure:7044: result: yes
configure:7084: checking for msgfmt
configure: trying /usr/bin/msgfmt...
0 translated messages.
configure:7116: result: /usr/bin/msgfmt
configure:7125: checking for gmsgfmt
configure:7156: result: /usr/bin/msgfmt
configure:7206: checking for xgettext
configure: trying /usr/bin/xgettext...
/usr/bin/xgettext: warning: file '/dev/null' extension '' is unknown; will try C
configure:7238: result: /usr/bin/xgettext
configure:7283: checking for msgmerge
configure: trying /usr/bin/msgmerge...
configure:7314: result: /usr/bin/msgmerge
configure:7372: checking for ld used by gcc
configure:7439: result: /usr/bin/ld
configure:7446: checking if the linker (/usr/bin/ld) is GNU ld
configure:7461: result: yes
configure:7468: checking for shared library run path origin
configure:7481: result: done
configure:8053: checking for CFPreferencesCopyAppValue
configure:8071: gcc -o conftest -g -O2   conftest.c -lreadline -lncurses  -Wl,-framework -Wl,CoreFoundation >&5
conftest.c:49:10: fatal error: CoreFoundation/CFPreferences.h: No such file or directory
 #include <CoreFoundation/CFPreferences.h>
          ^~~~~~~~~~~~~~~~~~~~~~~~~~~~~~~~
compilation terminated.
configure:8071: $? = 1
configure: failed program was:
| /* confdefs.h */
| #define PACKAGE_NAME "GNU Chess"
| #define PACKAGE_TARNAME "gnuchess"
| #define PACKAGE_VERSION "6.2.7"
| #define PACKAGE_STRING "GNU Chess 6.2.7"
| #define PACKAGE_BUGREPORT "bug-gnu-chess@gnu.org"
| #define PACKAGE_URL "http://www.gnu.org/software/gnuchess/"
| #define PACKAGE "gnuchess"
| #define VERSION "6.2.7"
| #define HAVE_LIBNCURSES 1
| #define HAVE_LIBREADLINE 1
| #define STDC_HEADERS 1
| #define HAVE_SYS_TYPES_H 1
| #define HAVE_SYS_STAT_H 1
| #define HAVE_STDLIB_H 1
| #define HAVE_STRING_H 1
| #define HAVE_MEMORY_H 1
| #define HAVE_STRINGS_H 1
| #define HAVE_INTTYPES_H 1
| #define HAVE_STDINT_H 1
| #define HAVE_UNISTD_H 1
| #define HAVE_READLINE_READLINE_H 1
| #define HAVE_READLINE_HISTORY_H 1
| #define STDC_HEADERS 1
| #define HAVE_TIME_H 1
| #define HAVE_SYS_TIME_H 1
| #define HAVE_UNISTD_H 1
| #define HAVE_ERRNO_H 1
| #define HAVE_FCNTL_H 1
| #define HAVE_LIBINTL_H 1
| #define HAVE_STDLIB_H 1
| #define HAVE_REALLOC 1
| #define HAVE__BOOL 1
| #define HAVE_STDBOOL_H 1
| #define TIME_WITH_SYS_TIME 1
| #define RETSIGTYPE void
| #define HAVE_STDLIB_H 1
| #define HAVE_MALLOC 1
| #define HAVE_GETTIMEOFDAY 1
| #define HAVE_STRCHR 1
| #define HAVE_STRCSPN 1
| #define HAVE_STRSTR 1
| #define HAVE_STRERROR 1
| #define HAVE_MEMSET 1
| #define HAVE_STRDUP 1
| #define HAVE_STRTOL 1
| #define HAVE_PTHREAD 1
| /* end confdefs.h.  */
| #include <CoreFoundation/CFPreferences.h>
| int
| main ()
| {
| CFPreferencesCopyAppValue(NULL, NULL)
|   ;
|   return 0;
| }
configure:8080: result: no
configure:8087: checking for CFLocaleCopyCurrent
configure:8105: gcc -o conftest -g -O2   conftest.c -lreadline -lncurses  -Wl,-framework -Wl,CoreFoundation >&5
conftest.c:49:10: fatal error: CoreFoundation/CFLocale.h: No such file or directory
 #include <CoreFoundation/CFLocale.h>
          ^~~~~~~~~~~~~~~~~~~~~~~~~~~
compilation terminated.
configure:8105: $? = 1
configure: failed program was:
| /* confdefs.h */
| #define PACKAGE_NAME "GNU Chess"
| #define PACKAGE_TARNAME "gnuchess"
| #define PACKAGE_VERSION "6.2.7"
| #define PACKAGE_STRING "GNU Chess 6.2.7"
| #define PACKAGE_BUGREPORT "bug-gnu-chess@gnu.org"
| #define PACKAGE_URL "http://www.gnu.org/software/gnuchess/"
| #define PACKAGE "gnuchess"
| #define VERSION "6.2.7"
| #define HAVE_LIBNCURSES 1
| #define HAVE_LIBREADLINE 1
| #define STDC_HEADERS 1
| #define HAVE_SYS_TYPES_H 1
| #define HAVE_SYS_STAT_H 1
| #define HAVE_STDLIB_H 1
| #define HAVE_STRING_H 1
| #define HAVE_MEMORY_H 1
| #define HAVE_STRINGS_H 1
| #define HAVE_INTTYPES_H 1
| #define HAVE_STDINT_H 1
| #define HAVE_UNISTD_H 1
| #define HAVE_READLINE_READLINE_H 1
| #define HAVE_READLINE_HISTORY_H 1
| #define STDC_HEADERS 1
| #define HAVE_TIME_H 1
| #define HAVE_SYS_TIME_H 1
| #define HAVE_UNISTD_H 1
| #define HAVE_ERRNO_H 1
| #define HAVE_FCNTL_H 1
| #define HAVE_LIBINTL_H 1
| #define HAVE_STDLIB_H 1
| #define HAVE_REALLOC 1
| #define HAVE__BOOL 1
| #define HAVE_STDBOOL_H 1
| #define TIME_WITH_SYS_TIME 1
| #define RETSIGTYPE void
| #define HAVE_STDLIB_H 1
| #define HAVE_MALLOC 1
| #define HAVE_GETTIMEOFDAY 1
| #define HAVE_STRCHR 1
| #define HAVE_STRCSPN 1
| #define HAVE_STRSTR 1
| #define HAVE_STRERROR 1
| #define HAVE_MEMSET 1
| #define HAVE_STRDUP 1
| #define HAVE_STRTOL 1
| #define HAVE_PTHREAD 1
| /* end confdefs.h.  */
| #include <CoreFoundation/CFLocale.h>
| int
| main ()
| {
| CFLocaleCopyCurrent();
|   ;
|   return 0;
| }
configure:8114: result: no
configure:8163: checking for GNU gettext in libc
configure:8187: gcc -o conftest -g -O2   conftest.c -lreadline -lncurses  >&5
configure:8187: $? = 0
configure:8196: result: yes
configure:9024: checking whether to use NLS
configure:9026: result: yes
configure:9029: checking where the gettext function comes from
configure:9040: result: libc
configure:9220: checking that generated files are newer than configure
configure:9226: result: done
configure:9253: creating ./config.status

## ---------------------- ##
## Running config.status. ##
## ---------------------- ##

This file was extended by GNU Chess config.status 6.2.7, which was
generated by GNU Autoconf 2.69.  Invocation command line was

  CONFIG_FILES    = 
  CONFIG_HEADERS  = 
  CONFIG_LINKS    = 
  CONFIG_COMMANDS = 
  $ ./config.status 

on rishon

config.status:965: creating Makefile
config.status:965: creating src/Makefile
config.status:965: creating src/frontend/Makefile
config.status:965: creating src/adapter/Makefile
config.status:965: creating src/engine/Makefile
config.status:965: creating doc/Makefile
config.status:965: creating po/Makefile.in
config.status:965: creating man/Makefile
config.status:965: creating src/config.h
config.status:1194: executing depfiles commands
config.status:1194: executing src/GCint.h commands
config.status:1295: creating src/GCint.h : _GNUCHESS_SRC_GCINT_H
config.status:1194: executing po-directories commands

## ---------------- ##
## Cache variables. ##
## ---------------- ##

ac_cv_build=x86_64-pc-linux-gnu
ac_cv_c_compiler_gnu=yes
ac_cv_c_const=yes
ac_cv_c_inline=inline
ac_cv_c_volatile=yes
ac_cv_cxx_compiler_gnu=yes
ac_cv_env_CCC_set=
ac_cv_env_CCC_value=
ac_cv_env_CC_set=
ac_cv_env_CC_value=
ac_cv_env_CFLAGS_set=
ac_cv_env_CFLAGS_value=
ac_cv_env_CPPFLAGS_set=
ac_cv_env_CPPFLAGS_value=
ac_cv_env_CPP_set=
ac_cv_env_CPP_value=
ac_cv_env_CXXFLAGS_set=
ac_cv_env_CXXFLAGS_value=
ac_cv_env_CXX_set=
ac_cv_env_CXX_value=
ac_cv_env_LDFLAGS_set=
ac_cv_env_LDFLAGS_value=
ac_cv_env_LIBS_set=
ac_cv_env_LIBS_value=
ac_cv_env_build_alias_set=
ac_cv_env_build_alias_value=
ac_cv_env_host_alias_set=
ac_cv_env_host_alias_value=
ac_cv_env_target_alias_set=
ac_cv_env_target_alias_value=
ac_cv_func_gettimeofday=yes
ac_cv_func_malloc_0_nonnull=yes
ac_cv_func_memcmp_working=yes
ac_cv_func_memset=yes
ac_cv_func_realloc_0_nonnull=yes
ac_cv_func_strchr=yes
ac_cv_func_strcspn=yes
ac_cv_func_strdup=yes
ac_cv_func_strerror=yes
ac_cv_func_strstr=yes
ac_cv_func_strtol=yes
ac_cv_header_errno_h=yes
ac_cv_header_fcntl_h=yes
ac_cv_header_inttypes_h=yes
ac_cv_header_libintl_h=yes
ac_cv_header_memory_h=yes
ac_cv_header_readline_history_h=yes
ac_cv_header_readline_readline_h=yes
ac_cv_header_stdbool_h=yes
ac_cv_header_stdc=yes
ac_cv_header_stdint=stdint.h
ac_cv_header_stdint_h=yes
ac_cv_header_stdint_t=stdint.h
ac_cv_header_stdlib_h=yes
ac_cv_header_string_h=yes
ac_cv_header_strings_h=yes
ac_cv_header_sys_stat_h=yes
ac_cv_header_sys_time_h=yes
ac_cv_header_sys_types_h=yes
ac_cv_header_time=yes
ac_cv_header_time_h=yes
ac_cv_header_unistd_h=yes
ac_cv_host=x86_64-pc-linux-gnu
ac_cv_lib_ncurses_tputs=yes
ac_cv_lib_readline_readline=yes
ac_cv_objext=o
ac_cv_path_EGREP='/bin/grep -E'
ac_cv_path_GMSGFMT=/usr/bin/msgfmt
ac_cv_path_GREP=/bin/grep
ac_cv_path_MSGFMT=/usr/bin/msgfmt
ac_cv_path_MSGMERGE=/usr/bin/msgmerge
ac_cv_path_SED=/bin/sed
ac_cv_path_XGETTEXT=/usr/bin/xgettext
ac_cv_path_install='/usr/bin/install -c'
ac_cv_path_mkdir=/bin/mkdir
ac_cv_prog_AWK=gawk
ac_cv_prog_CPP='gcc -E'
ac_cv_prog_PTHREAD_CC=gcc
ac_cv_prog_ac_ct_AR=ar
ac_cv_prog_ac_ct_CC=gcc
ac_cv_prog_ac_ct_CXX=g++
ac_cv_prog_ac_ct_RANLIB=ranlib
ac_cv_prog_cc_c89=
ac_cv_prog_cc_g=yes
ac_cv_prog_cxx_g=yes
ac_cv_prog_make_make_set=yes
ac_cv_stdint_message='using gnu compiler gcc (Ubuntu 7.5.0-3ubuntu1~18.04) 7.5.0'
ac_cv_stdint_result='(assuming C99 compatible system)'
ac_cv_struct_tm=time.h
ac_cv_type__Bool=yes
ac_cv_type_signal=void
ac_cv_type_size_t=yes
ac_cv_use_readline=yes
acl_cv_hardcode_direct=no
acl_cv_hardcode_libdir_flag_spec='${wl}-rpath ${wl}$libdir'
acl_cv_hardcode_libdir_separator=
acl_cv_hardcode_minus_L=no
acl_cv_libext=a
acl_cv_libname_spec='lib$name'
acl_cv_library_names_spec='$libname$shrext'
acl_cv_path_LD=/usr/bin/ld
acl_cv_prog_gnu_ld=yes
acl_cv_rpath=done
acl_cv_shlibext=so
acl_cv_wl=-Wl,
am_cv_CC_dependencies_compiler_type=gcc3
am_cv_CXX_dependencies_compiler_type=gcc3
am_cv_ar_interface=ar
am_cv_make_support_nested_variables=yes
am_cv_prog_cc_c_o=yes
gt_cv_func_CFLocaleCopyCurrent=no
gt_cv_func_CFPreferencesCopyAppValue=no
gt_cv_func_gnugettext1_libc=yes

## ----------------- ##
## Output variables. ##
## ----------------- ##

ACLOCAL='aclocal-1.15'
AMDEPBACKSLASH='\'
AMDEP_FALSE='#'
AMDEP_TRUE=''
AMTAR='$${TAR-tar}'
AM_BACKSLASH='\'
AM_DEFAULT_V='$(AM_DEFAULT_VERBOSITY)'
AM_DEFAULT_VERBOSITY='1'
AM_V='$(V)'
AR='ar'
AUTOCONF='autoconf'
AUTOHEADER='autoheader'
AUTOMAKE='automake-1.15'
AWK='gawk'
CC='gcc'
CCDEPMODE='depmode=gcc3'
CFLAGS='-g -O2'
CPP='gcc -E'
CPPFLAGS=''
CXX='g++'
CXXDEPMODE='depmode=gcc3'
CXXFLAGS='-g -O2'
CYGPATH_W='echo'
DEFS='-DHAVE_CONFIG_H'
DEPDIR='.deps'
ECHO_C=''
ECHO_N='-n'
ECHO_T=''
EGREP='/bin/grep -E'
EXEEXT=''
GETTEXT_MACRO_VERSION='0.18'
GMSGFMT='/usr/bin/msgfmt'
GMSGFMT_015='/usr/bin/msgfmt'
GREP='/bin/grep'
HELP2MAN='help2man'
INSTALL_DATA='${INSTALL} -m 644'
INSTALL_PROGRAM='${INSTALL}'
INSTALL_SCRIPT='${INSTALL}'
INSTALL_STRIP_PROGRAM='$(install_sh) -c -s'
INTLLIBS=''
INTL_MACOSX_LIBS=''
LDFLAGS=''
LEX='flex'
LEXLIB=''
LEX_OUTPUT_ROOT=''
LIBICONV='-liconv'
LIBINTL=''
LIBOBJS=''
LIBS='-lreadline -lncurses '
LN_S='ln -s'
LTLIBICONV='-liconv'
LTLIBINTL=''
LTLIBOBJS=''
MAKEINFO='makeinfo'
MKDIR_P='/bin/mkdir -p'
MSGFMT='/usr/bin/msgfmt'
MSGFMT_015='/usr/bin/msgfmt'
MSGMERGE='/usr/bin/msgmerge'
OBJEXT='o'
PACKAGE='gnuchess'
PACKAGE_BUGREPORT='bug-gnu-chess@gnu.org'
PACKAGE_NAME='GNU Chess'
PACKAGE_STRING='GNU Chess 6.2.7'
PACKAGE_TARNAME='gnuchess'
PACKAGE_URL='http://www.gnu.org/software/gnuchess/'
PACKAGE_VERSION='6.2.7'
PATH_SEPARATOR=':'
PLUGINSDIR='$(datadir)/games/plugins'
POSUB='po'
PTHREAD_CC='gcc'
PTHREAD_CFLAGS='-pthread'
PTHREAD_CXXFLAGS='-pthread'
PTHREAD_LIBS=''
RANLIB='ranlib'
SED='/bin/sed'
SET_MAKE=''
SHELL='/bin/bash'
STRIP=''
USE_NLS='yes'
VERSION='6.2.7'
XGETTEXT='/usr/bin/xgettext'
XGETTEXT_015='/usr/bin/xgettext'
XGETTEXT_EXTRA_OPTIONS=''
ac_ct_AR='ar'
ac_ct_CC='gcc'
ac_ct_CXX='g++'
am__EXEEXT_FALSE=''
am__EXEEXT_TRUE='#'
am__fastdepCC_FALSE='#'
am__fastdepCC_TRUE=''
am__fastdepCXX_FALSE='#'
am__fastdepCXX_TRUE=''
am__include='include'
am__isrc=''
am__leading_dot='.'
am__nodep='_no'
am__quote=''
am__tar='$${TAR-tar} chof - "$$tardir"'
am__untar='$${TAR-tar} xf -'
bindir='${exec_prefix}/bin'
build='x86_64-pc-linux-gnu'
build_alias=''
build_cpu='x86_64'
build_os='linux-gnu'
build_vendor='pc'
datadir='${datarootdir}'
datarootdir='${prefix}/share'
docdir='${datarootdir}/doc/${PACKAGE_TARNAME}'
dvidir='${docdir}'
exec_prefix='${prefix}'
host='x86_64-pc-linux-gnu'
host_alias=''
host_cpu='x86_64'
host_os='linux-gnu'
host_vendor='pc'
htmldir='${docdir}'
includedir='${prefix}/include'
infodir='${datarootdir}/info'
install_sh='${SHELL} /home/carolhanna/Security_Project/gnu_dataset/gnuchess-6.2.7/install-sh'
libdir='${exec_prefix}/lib'
libexecdir='${exec_prefix}/libexec'
localedir='${datarootdir}/locale'
localstatedir='${prefix}/var'
mandir='${datarootdir}/man'
mkdir_p='$(MKDIR_P)'
oldincludedir='/usr/include'
pdfdir='${docdir}'
prefix='/usr/local'
program_transform_name='s,x,x,'
psdir='${docdir}'
runstatedir='${localstatedir}/run'
sbindir='${exec_prefix}/sbin'
sharedstatedir='${prefix}/com'
sysconfdir='${prefix}/etc'
target_alias=''

## ----------- ##
## confdefs.h. ##
## ----------- ##

/* confdefs.h */
#define PACKAGE_NAME "GNU Chess"
#define PACKAGE_TARNAME "gnuchess"
#define PACKAGE_VERSION "6.2.7"
#define PACKAGE_STRING "GNU Chess 6.2.7"
#define PACKAGE_BUGREPORT "bug-gnu-chess@gnu.org"
#define PACKAGE_URL "http://www.gnu.org/software/gnuchess/"
#define PACKAGE "gnuchess"
#define VERSION "6.2.7"
#define HAVE_LIBNCURSES 1
#define HAVE_LIBREADLINE 1
#define STDC_HEADERS 1
#define HAVE_SYS_TYPES_H 1
#define HAVE_SYS_STAT_H 1
#define HAVE_STDLIB_H 1
#define HAVE_STRING_H 1
#define HAVE_MEMORY_H 1
#define HAVE_STRINGS_H 1
#define HAVE_INTTYPES_H 1
#define HAVE_STDINT_H 1
#define HAVE_UNISTD_H 1
#define HAVE_READLINE_READLINE_H 1
#define HAVE_READLINE_HISTORY_H 1
#define STDC_HEADERS 1
#define HAVE_TIME_H 1
#define HAVE_SYS_TIME_H 1
#define HAVE_UNISTD_H 1
#define HAVE_ERRNO_H 1
#define HAVE_FCNTL_H 1
#define HAVE_LIBINTL_H 1
#define HAVE_STDLIB_H 1
#define HAVE_REALLOC 1
#define HAVE__BOOL 1
#define HAVE_STDBOOL_H 1
#define TIME_WITH_SYS_TIME 1
#define RETSIGTYPE void
#define HAVE_STDLIB_H 1
#define HAVE_MALLOC 1
#define HAVE_GETTIMEOFDAY 1
#define HAVE_STRCHR 1
#define HAVE_STRCSPN 1
#define HAVE_STRSTR 1
#define HAVE_STRERROR 1
#define HAVE_MEMSET 1
#define HAVE_STRDUP 1
#define HAVE_STRTOL 1
#define HAVE_PTHREAD 1
#define ENABLE_NLS 1
#define HAVE_GETTEXT 1
#define HAVE_DCGETTEXT 1

configure: exit 0
