This file contains any messages produced by compilers while
running configure, to aid debugging if configure makes a mistake.

It was created by GNU gSLIP configure 1.0.2, which was
generated by GNU Autoconf 2.69.  Invocation command line was

  $ ./configure 

## --------- ##
## Platform. ##
## --------- ##

hostname = rishon
uname -m = x86_64
uname -r = 4.15.0-72-generic
uname -s = Linux
uname -v = #81-Ubuntu SMP Tue Nov 26 12:20:02 UTC 2019

/usr/bin/uname -p = unknown
/bin/uname -X     = unknown

/bin/arch              = unknown
/usr/bin/arch -k       = unknown
/usr/convex/getsysinfo = unknown
/usr/bin/hostinfo      = unknown
/bin/machine           = unknown
/usr/bin/oslevel       = unknown
/bin/universe          = unknown

PATH: /home/carolhanna/miniconda3/bin
PATH: /home/carolhanna/miniconda3/condabin
PATH: /usr/local/sbin
PATH: /usr/local/bin
PATH: /usr/sbin
PATH: /usr/bin
PATH: /sbin
PATH: /bin
PATH: /usr/games
PATH: /usr/local/games
PATH: /snap/bin


## ----------- ##
## Core tests. ##
## ----------- ##

configure:2439: checking for a BSD-compatible install
configure:2507: result: /usr/bin/install -c
configure:2518: checking whether build environment is sane
configure:2573: result: yes
configure:2724: checking for a thread-safe mkdir -p
configure:2763: result: /bin/mkdir -p
configure:2770: checking for gawk
configure:2786: found /usr/bin/gawk
configure:2797: result: gawk
configure:2808: checking whether make sets $(MAKE)
configure:2830: result: yes
configure:2859: checking whether make supports nested variables
configure:2876: result: yes
configure:3005: checking for gawk
configure:3032: result: gawk
configure:3057: checking for style of include used by make
configure:3085: result: GNU
configure:3156: checking for gcc
configure:3172: found /usr/bin/gcc
configure:3183: result: gcc
configure:3412: checking for C compiler version
configure:3421: gcc --version >&5
gcc (Ubuntu 7.5.0-3ubuntu1~18.04) 7.5.0
Copyright (C) 2017 Free Software Foundation, Inc.
This is free software; see the source for copying conditions.  There is NO
warranty; not even for MERCHANTABILITY or FITNESS FOR A PARTICULAR PURPOSE.

configure:3432: $? = 0
configure:3421: gcc -v >&5
Using built-in specs.
COLLECT_GCC=gcc
COLLECT_LTO_WRAPPER=/usr/lib/gcc/x86_64-linux-gnu/7/lto-wrapper
OFFLOAD_TARGET_NAMES=nvptx-none
OFFLOAD_TARGET_DEFAULT=1
Target: x86_64-linux-gnu
Configured with: ../src/configure -v --with-pkgversion='Ubuntu 7.5.0-3ubuntu1~18.04' --with-bugurl=file:///usr/share/doc/gcc-7/README.Bugs --enable-languages=c,ada,c++,go,brig,d,fortran,objc,obj-c++ --prefix=/usr --with-gcc-major-version-only --program-suffix=-7 --program-prefix=x86_64-linux-gnu- --enable-shared --enable-linker-build-id --libexecdir=/usr/lib --without-included-gettext --enable-threads=posix --libdir=/usr/lib --enable-nls --enable-bootstrap --enable-clocale=gnu --enable-libstdcxx-debug --enable-libstdcxx-time=yes --with-default-libstdcxx-abi=new --enable-gnu-unique-object --disable-vtable-verify --enable-libmpx --enable-plugin --enable-default-pie --with-system-zlib --with-target-system-zlib --enable-objc-gc=auto --enable-multiarch --disable-werror --with-arch-32=i686 --with-abi=m64 --with-multilib-list=m32,m64,mx32 --enable-multilib --with-tune=generic --enable-offload-targets=nvptx-none --without-cuda-driver --enable-checking=release --build=x86_64-linux-gnu --host=x86_64-linux-gnu --target=x86_64-linux-gnu
Thread model: posix
gcc version 7.5.0 (Ubuntu 7.5.0-3ubuntu1~18.04) 
configure:3432: $? = 0
configure:3421: gcc -V >&5
gcc: error: unrecognized command line option '-V'
gcc: fatal error: no input files
compilation terminated.
configure:3432: $? = 1
configure:3421: gcc -qversion >&5
gcc: error: unrecognized command line option '-qversion'; did you mean '--version'?
gcc: fatal error: no input files
compilation terminated.
configure:3432: $? = 1
configure:3452: checking whether the C compiler works
configure:3474: gcc    conftest.c  >&5
configure:3478: $? = 0
configure:3526: result: yes
configure:3529: checking for C compiler default output file name
configure:3531: result: a.out
configure:3537: checking for suffix of executables
configure:3544: gcc -o conftest    conftest.c  >&5
configure:3548: $? = 0
configure:3570: result: 
configure:3592: checking whether we are cross compiling
configure:3600: gcc -o conftest    conftest.c  >&5
configure:3604: $? = 0
configure:3611: ./conftest
configure:3615: $? = 0
configure:3630: result: no
configure:3635: checking for suffix of object files
configure:3657: gcc -c   conftest.c >&5
configure:3661: $? = 0
configure:3682: result: o
configure:3686: checking whether we are using the GNU C compiler
configure:3705: gcc -c   conftest.c >&5
configure:3705: $? = 0
configure:3714: result: yes
configure:3723: checking whether gcc accepts -g
configure:3743: gcc -c -g  conftest.c >&5
configure:3743: $? = 0
configure:3784: result: yes
configure:3801: checking for gcc option to accept ISO C89
configure:3864: gcc  -c -g -O2  conftest.c >&5
configure:3864: $? = 0
configure:3877: result: none needed
configure:3902: checking whether gcc understands -c and -o together
configure:3924: gcc -c conftest.c -o conftest2.o
configure:3927: $? = 0
configure:3924: gcc -c conftest.c -o conftest2.o
configure:3927: $? = 0
configure:3939: result: yes
configure:3958: checking dependency style of gcc
configure:4069: result: gcc3
configure:4134: checking for ar
configure:4150: found /usr/bin/ar
configure:4161: result: ar
configure:4187: checking the archiver (ar) interface
configure:4203: gcc -c -g -O2  conftest.c >&5
configure:4203: $? = 0
configure:4205: ar cru libconftest.a conftest.o >&5
ar: `u' modifier ignored since `D' is the default (see `U')
configure:4208: $? = 0
configure:4236: result: ar
configure:4302: checking for ranlib
configure:4318: found /usr/bin/ranlib
configure:4329: result: ranlib
configure:4429: checking for g++
configure:4445: found /usr/bin/g++
configure:4456: result: g++
configure:4483: checking for C++ compiler version
configure:4492: g++ --version >&5
g++ (Ubuntu 7.5.0-3ubuntu1~18.04) 7.5.0
Copyright (C) 2017 Free Software Foundation, Inc.
This is free software; see the source for copying conditions.  There is NO
warranty; not even for MERCHANTABILITY or FITNESS FOR A PARTICULAR PURPOSE.

configure:4503: $? = 0
configure:4492: g++ -v >&5
Using built-in specs.
COLLECT_GCC=g++
COLLECT_LTO_WRAPPER=/usr/lib/gcc/x86_64-linux-gnu/7/lto-wrapper
OFFLOAD_TARGET_NAMES=nvptx-none
OFFLOAD_TARGET_DEFAULT=1
Target: x86_64-linux-gnu
Configured with: ../src/configure -v --with-pkgversion='Ubuntu 7.5.0-3ubuntu1~18.04' --with-bugurl=file:///usr/share/doc/gcc-7/README.Bugs --enable-languages=c,ada,c++,go,brig,d,fortran,objc,obj-c++ --prefix=/usr --with-gcc-major-version-only --program-suffix=-7 --program-prefix=x86_64-linux-gnu- --enable-shared --enable-linker-build-id --libexecdir=/usr/lib --without-included-gettext --enable-threads=posix --libdir=/usr/lib --enable-nls --enable-bootstrap --enable-clocale=gnu --enable-libstdcxx-debug --enable-libstdcxx-time=yes --with-default-libstdcxx-abi=new --enable-gnu-unique-object --disable-vtable-verify --enable-libmpx --enable-plugin --enable-default-pie --with-system-zlib --with-target-system-zlib --enable-objc-gc=auto --enable-multiarch --disable-werror --with-arch-32=i686 --with-abi=m64 --with-multilib-list=m32,m64,mx32 --enable-multilib --with-tune=generic --enable-offload-targets=nvptx-none --without-cuda-driver --enable-checking=release --build=x86_64-linux-gnu --host=x86_64-linux-gnu --target=x86_64-linux-gnu
Thread model: posix
gcc version 7.5.0 (Ubuntu 7.5.0-3ubuntu1~18.04) 
configure:4503: $? = 0
configure:4492: g++ -V >&5
g++: error: unrecognized command line option '-V'
g++: fatal error: no input files
compilation terminated.
configure:4503: $? = 1
configure:4492: g++ -qversion >&5
g++: error: unrecognized command line option '-qversion'; did you mean '--version'?
g++: fatal error: no input files
compilation terminated.
configure:4503: $? = 1
configure:4507: checking whether we are using the GNU C++ compiler
configure:4526: g++ -c   conftest.cpp >&5
configure:4526: $? = 0
configure:4535: result: yes
configure:4544: checking whether g++ accepts -g
configure:4564: g++ -c -g  conftest.cpp >&5
configure:4564: $? = 0
configure:4605: result: yes
configure:4630: checking dependency style of g++
configure:4741: result: gcc3
configure:4804: checking for gcc
configure:4831: result: gcc
configure:5060: checking for C compiler version
configure:5069: gcc --version >&5
gcc (Ubuntu 7.5.0-3ubuntu1~18.04) 7.5.0
Copyright (C) 2017 Free Software Foundation, Inc.
This is free software; see the source for copying conditions.  There is NO
warranty; not even for MERCHANTABILITY or FITNESS FOR A PARTICULAR PURPOSE.

configure:5080: $? = 0
configure:5069: gcc -v >&5
Using built-in specs.
COLLECT_GCC=gcc
COLLECT_LTO_WRAPPER=/usr/lib/gcc/x86_64-linux-gnu/7/lto-wrapper
OFFLOAD_TARGET_NAMES=nvptx-none
OFFLOAD_TARGET_DEFAULT=1
Target: x86_64-linux-gnu
Configured with: ../src/configure -v --with-pkgversion='Ubuntu 7.5.0-3ubuntu1~18.04' --with-bugurl=file:///usr/share/doc/gcc-7/README.Bugs --enable-languages=c,ada,c++,go,brig,d,fortran,objc,obj-c++ --prefix=/usr --with-gcc-major-version-only --program-suffix=-7 --program-prefix=x86_64-linux-gnu- --enable-shared --enable-linker-build-id --libexecdir=/usr/lib --without-included-gettext --enable-threads=posix --libdir=/usr/lib --enable-nls --enable-bootstrap --enable-clocale=gnu --enable-libstdcxx-debug --enable-libstdcxx-time=yes --with-default-libstdcxx-abi=new --enable-gnu-unique-object --disable-vtable-verify --enable-libmpx --enable-plugin --enable-default-pie --with-system-zlib --with-target-system-zlib --enable-objc-gc=auto --enable-multiarch --disable-werror --with-arch-32=i686 --with-abi=m64 --with-multilib-list=m32,m64,mx32 --enable-multilib --with-tune=generic --enable-offload-targets=nvptx-none --without-cuda-driver --enable-checking=release --build=x86_64-linux-gnu --host=x86_64-linux-gnu --target=x86_64-linux-gnu
Thread model: posix
gcc version 7.5.0 (Ubuntu 7.5.0-3ubuntu1~18.04) 
configure:5080: $? = 0
configure:5069: gcc -V >&5
gcc: error: unrecognized command line option '-V'
gcc: fatal error: no input files
compilation terminated.
configure:5080: $? = 1
configure:5069: gcc -qversion >&5
gcc: error: unrecognized command line option '-qversion'; did you mean '--version'?
gcc: fatal error: no input files
compilation terminated.
configure:5080: $? = 1
configure:5084: checking whether we are using the GNU C compiler
configure:5112: result: yes
configure:5121: checking whether gcc accepts -g
configure:5182: result: yes
configure:5199: checking for gcc option to accept ISO C89
configure:5275: result: none needed
configure:5300: checking whether gcc understands -c and -o together
configure:5337: result: yes
configure:5356: checking dependency style of gcc
configure:5467: result: gcc3
configure:5525: checking for ranlib
configure:5552: result: ranlib
configure:5578: checking for error_at_line
configure:5594: gcc -o conftest -g -O2   conftest.c  >&5
configure:5594: $? = 0
configure:5602: result: yes
configure:5618: checking how to run the C preprocessor
configure:5649: gcc -E  conftest.c
configure:5649: $? = 0
configure:5663: gcc -E  conftest.c
conftest.c:12:10: fatal error: ac_nonexistent.h: No such file or directory
 #include <ac_nonexistent.h>
          ^~~~~~~~~~~~~~~~~~
compilation terminated.
configure:5663: $? = 1
configure: failed program was:
| /* confdefs.h */
| #define PACKAGE_NAME "GNU gSLIP"
| #define PACKAGE_TARNAME "gslip"
| #define PACKAGE_VERSION "1.0.2"
| #define PACKAGE_STRING "GNU gSLIP 1.0.2"
| #define PACKAGE_BUGREPORT "bug-gslip@gnu.org"
| #define PACKAGE_URL "http://www.gnu.org/software/gslip/"
| #define PACKAGE "gslip"
| #define VERSION "1.0.2"
| #define PACKAGE_COPYRIGHT_YEAR 2015
| /* end confdefs.h.  */
| #include <ac_nonexistent.h>
configure:5688: result: gcc -E
configure:5708: gcc -E  conftest.c
configure:5708: $? = 0
configure:5722: gcc -E  conftest.c
conftest.c:12:10: fatal error: ac_nonexistent.h: No such file or directory
 #include <ac_nonexistent.h>
          ^~~~~~~~~~~~~~~~~~
compilation terminated.
configure:5722: $? = 1
configure: failed program was:
| /* confdefs.h */
| #define PACKAGE_NAME "GNU gSLIP"
| #define PACKAGE_TARNAME "gslip"
| #define PACKAGE_VERSION "1.0.2"
| #define PACKAGE_STRING "GNU gSLIP 1.0.2"
| #define PACKAGE_BUGREPORT "bug-gslip@gnu.org"
| #define PACKAGE_URL "http://www.gnu.org/software/gslip/"
| #define PACKAGE "gslip"
| #define VERSION "1.0.2"
| #define PACKAGE_COPYRIGHT_YEAR 2015
| /* end confdefs.h.  */
| #include <ac_nonexistent.h>
configure:5751: checking for grep that handles long lines and -e
configure:5809: result: /bin/grep
configure:5814: checking for egrep
configure:5876: result: /bin/grep -E
configure:5881: checking for ANSI C header files
configure:5901: gcc -c -g -O2  conftest.c >&5
configure:5901: $? = 0
configure:5974: gcc -o conftest -g -O2   conftest.c  >&5
configure:5974: $? = 0
configure:5974: ./conftest
configure:5974: $? = 0
configure:5985: result: yes
configure:5998: checking for sys/types.h
configure:5998: gcc -c -g -O2  conftest.c >&5
configure:5998: $? = 0
configure:5998: result: yes
configure:5998: checking for sys/stat.h
configure:5998: gcc -c -g -O2  conftest.c >&5
configure:5998: $? = 0
configure:5998: result: yes
configure:5998: checking for stdlib.h
configure:5998: gcc -c -g -O2  conftest.c >&5
configure:5998: $? = 0
configure:5998: result: yes
configure:5998: checking for string.h
configure:5998: gcc -c -g -O2  conftest.c >&5
configure:5998: $? = 0
configure:5998: result: yes
configure:5998: checking for memory.h
configure:5998: gcc -c -g -O2  conftest.c >&5
configure:5998: $? = 0
configure:5998: result: yes
configure:5998: checking for strings.h
configure:5998: gcc -c -g -O2  conftest.c >&5
configure:5998: $? = 0
configure:5998: result: yes
configure:5998: checking for inttypes.h
configure:5998: gcc -c -g -O2  conftest.c >&5
configure:5998: $? = 0
configure:5998: result: yes
configure:5998: checking for stdint.h
configure:5998: gcc -c -g -O2  conftest.c >&5
configure:5998: $? = 0
configure:5998: result: yes
configure:5998: checking for unistd.h
configure:5998: gcc -c -g -O2  conftest.c >&5
configure:5998: $? = 0
configure:5998: result: yes
configure:6012: checking for stdlib.h
configure:6012: result: yes
configure:6022: checking for GNU libc compatible malloc
configure:6046: gcc -o conftest -g -O2   conftest.c  >&5
configure:6046: $? = 0
configure:6046: ./conftest
configure:6046: $? = 0
configure:6056: result: yes
configure:6079: checking for stdlib.h
configure:6079: result: yes
configure:6089: checking for GNU libc compatible realloc
configure:6113: gcc -o conftest -g -O2   conftest.c  >&5
configure:6113: $? = 0
configure:6113: ./conftest
configure:6113: $? = 0
configure:6123: result: yes
configure:6147: checking for memset
configure:6147: gcc -o conftest -g -O2   conftest.c  >&5
conftest.c:49:6: warning: conflicting types for built-in function 'memset' [-Wbuiltin-declaration-mismatch]
 char memset ();
      ^~~~~~
configure:6147: $? = 0
configure:6147: result: yes
configure:6147: checking for strerror
configure:6147: gcc -o conftest -g -O2   conftest.c  >&5
configure:6147: $? = 0
configure:6147: result: yes
configure:6147: checking for strtol
configure:6147: gcc -o conftest -g -O2   conftest.c  >&5
configure:6147: $? = 0
configure:6147: result: yes
configure:6147: checking for strtoul
configure:6147: gcc -o conftest -g -O2   conftest.c  >&5
configure:6147: $? = 0
configure:6147: result: yes
configure:6161: checking for inttypes.h
configure:6161: result: yes
configure:6161: checking libintl.h usability
configure:6161: gcc -c -g -O2  conftest.c >&5
configure:6161: $? = 0
configure:6161: result: yes
configure:6161: checking libintl.h presence
configure:6161: gcc -E  conftest.c
configure:6161: $? = 0
configure:6161: result: yes
configure:6161: checking for libintl.h
configure:6161: result: yes
configure:6161: checking for stdint.h
configure:6161: result: yes
configure:6161: checking for stdlib.h
configure:6161: result: yes
configure:6161: checking for string.h
configure:6161: result: yes
configure:6161: checking for unistd.h
configure:6161: result: yes
configure:6173: checking for stdbool.h that conforms to C99
configure:6240: gcc -c -g -O2  conftest.c >&5
configure:6240: $? = 0
configure:6247: result: yes
configure:6249: checking for _Bool
configure:6249: gcc -c -g -O2  conftest.c >&5
configure:6249: $? = 0
configure:6249: gcc -c -g -O2  conftest.c >&5
conftest.c: In function 'main':
conftest.c:72:20: error: expected expression before ')' token
 if (sizeof ((_Bool)))
                    ^
configure:6249: $? = 1
configure: failed program was:
| /* confdefs.h */
| #define PACKAGE_NAME "GNU gSLIP"
| #define PACKAGE_TARNAME "gslip"
| #define PACKAGE_VERSION "1.0.2"
| #define PACKAGE_STRING "GNU gSLIP 1.0.2"
| #define PACKAGE_BUGREPORT "bug-gslip@gnu.org"
| #define PACKAGE_URL "http://www.gnu.org/software/gslip/"
| #define PACKAGE "gslip"
| #define VERSION "1.0.2"
| #define PACKAGE_COPYRIGHT_YEAR 2015
| #define STDC_HEADERS 1
| #define HAVE_SYS_TYPES_H 1
| #define HAVE_SYS_STAT_H 1
| #define HAVE_STDLIB_H 1
| #define HAVE_STRING_H 1
| #define HAVE_MEMORY_H 1
| #define HAVE_STRINGS_H 1
| #define HAVE_INTTYPES_H 1
| #define HAVE_STDINT_H 1
| #define HAVE_UNISTD_H 1
| #define HAVE_STDLIB_H 1
| #define HAVE_MALLOC 1
| #define HAVE_STDLIB_H 1
| #define HAVE_REALLOC 1
| #define HAVE_MEMSET 1
| #define HAVE_STRERROR 1
| #define HAVE_STRTOL 1
| #define HAVE_STRTOUL 1
| #define HAVE_INTTYPES_H 1
| #define HAVE_LIBINTL_H 1
| #define HAVE_STDINT_H 1
| #define HAVE_STDLIB_H 1
| #define HAVE_STRING_H 1
| #define HAVE_UNISTD_H 1
| /* end confdefs.h.  */
| #include <stdio.h>
| #ifdef HAVE_SYS_TYPES_H
| # include <sys/types.h>
| #endif
| #ifdef HAVE_SYS_STAT_H
| # include <sys/stat.h>
| #endif
| #ifdef STDC_HEADERS
| # include <stdlib.h>
| # include <stddef.h>
| #else
| # ifdef HAVE_STDLIB_H
| #  include <stdlib.h>
| # endif
| #endif
| #ifdef HAVE_STRING_H
| # if !defined STDC_HEADERS && defined HAVE_MEMORY_H
| #  include <memory.h>
| # endif
| # include <string.h>
| #endif
| #ifdef HAVE_STRINGS_H
| # include <strings.h>
| #endif
| #ifdef HAVE_INTTYPES_H
| # include <inttypes.h>
| #endif
| #ifdef HAVE_STDINT_H
| # include <stdint.h>
| #endif
| #ifdef HAVE_UNISTD_H
| # include <unistd.h>
| #endif
| int
| main ()
| {
| if (sizeof ((_Bool)))
| 	    return 0;
|   ;
|   return 0;
| }
configure:6249: result: yes
configure:6260: checking for inline
configure:6276: gcc -c -g -O2  conftest.c >&5
configure:6276: $? = 0
configure:6284: result: inline
configure:6302: checking for int16_t
configure:6302: gcc -c -g -O2  conftest.c >&5
configure:6302: $? = 0
configure:6302: gcc -c -g -O2  conftest.c >&5
conftest.c: In function 'main':
conftest.c:74:12: error: size of array 'test_array' is negative
 static int test_array [1 - 2 * !((int16_t) (((((int16_t) 1 << N) << N) - 1) * 2 + 1)
            ^~~~~~~~~~
configure:6302: $? = 1
configure: failed program was:
| /* confdefs.h */
| #define PACKAGE_NAME "GNU gSLIP"
| #define PACKAGE_TARNAME "gslip"
| #define PACKAGE_VERSION "1.0.2"
| #define PACKAGE_STRING "GNU gSLIP 1.0.2"
| #define PACKAGE_BUGREPORT "bug-gslip@gnu.org"
| #define PACKAGE_URL "http://www.gnu.org/software/gslip/"
| #define PACKAGE "gslip"
| #define VERSION "1.0.2"
| #define PACKAGE_COPYRIGHT_YEAR 2015
| #define STDC_HEADERS 1
| #define HAVE_SYS_TYPES_H 1
| #define HAVE_SYS_STAT_H 1
| #define HAVE_STDLIB_H 1
| #define HAVE_STRING_H 1
| #define HAVE_MEMORY_H 1
| #define HAVE_STRINGS_H 1
| #define HAVE_INTTYPES_H 1
| #define HAVE_STDINT_H 1
| #define HAVE_UNISTD_H 1
| #define HAVE_STDLIB_H 1
| #define HAVE_MALLOC 1
| #define HAVE_STDLIB_H 1
| #define HAVE_REALLOC 1
| #define HAVE_MEMSET 1
| #define HAVE_STRERROR 1
| #define HAVE_STRTOL 1
| #define HAVE_STRTOUL 1
| #define HAVE_INTTYPES_H 1
| #define HAVE_LIBINTL_H 1
| #define HAVE_STDINT_H 1
| #define HAVE_STDLIB_H 1
| #define HAVE_STRING_H 1
| #define HAVE_UNISTD_H 1
| #define HAVE__BOOL 1
| /* end confdefs.h.  */
| #include <stdio.h>
| #ifdef HAVE_SYS_TYPES_H
| # include <sys/types.h>
| #endif
| #ifdef HAVE_SYS_STAT_H
| # include <sys/stat.h>
| #endif
| #ifdef STDC_HEADERS
| # include <stdlib.h>
| # include <stddef.h>
| #else
| # ifdef HAVE_STDLIB_H
| #  include <stdlib.h>
| # endif
| #endif
| #ifdef HAVE_STRING_H
| # if !defined STDC_HEADERS && defined HAVE_MEMORY_H
| #  include <memory.h>
| # endif
| # include <string.h>
| #endif
| #ifdef HAVE_STRINGS_H
| # include <strings.h>
| #endif
| #ifdef HAVE_INTTYPES_H
| # include <inttypes.h>
| #endif
| #ifdef HAVE_STDINT_H
| # include <stdint.h>
| #endif
| #ifdef HAVE_UNISTD_H
| # include <unistd.h>
| #endif
| 	        enum { N = 16 / 2 - 1 };
| int
| main ()
| {
| static int test_array [1 - 2 * !((int16_t) (((((int16_t) 1 << N) << N) - 1) * 2 + 1)
| 		 < (int16_t) (((((int16_t) 1 << N) << N) - 1) * 2 + 2))];
| test_array [0] = 0;
| return test_array [0];
| 
|   ;
|   return 0;
| }
configure:6302: result: yes
configure:6313: checking for int32_t
configure:6313: gcc -c -g -O2  conftest.c >&5
configure:6313: $? = 0
configure:6313: gcc -c -g -O2  conftest.c >&5
conftest.c: In function 'main':
conftest.c:75:53: warning: integer overflow in expression [-Woverflow]
    < (int32_t) (((((int32_t) 1 << N) << N) - 1) * 2 + 2))];
                                                     ^
conftest.c:74:12: error: storage size of 'test_array' isn't constant
 static int test_array [1 - 2 * !((int32_t) (((((int32_t) 1 << N) << N) - 1) * 2 + 1)
            ^~~~~~~~~~
configure:6313: $? = 1
configure: failed program was:
| /* confdefs.h */
| #define PACKAGE_NAME "GNU gSLIP"
| #define PACKAGE_TARNAME "gslip"
| #define PACKAGE_VERSION "1.0.2"
| #define PACKAGE_STRING "GNU gSLIP 1.0.2"
| #define PACKAGE_BUGREPORT "bug-gslip@gnu.org"
| #define PACKAGE_URL "http://www.gnu.org/software/gslip/"
| #define PACKAGE "gslip"
| #define VERSION "1.0.2"
| #define PACKAGE_COPYRIGHT_YEAR 2015
| #define STDC_HEADERS 1
| #define HAVE_SYS_TYPES_H 1
| #define HAVE_SYS_STAT_H 1
| #define HAVE_STDLIB_H 1
| #define HAVE_STRING_H 1
| #define HAVE_MEMORY_H 1
| #define HAVE_STRINGS_H 1
| #define HAVE_INTTYPES_H 1
| #define HAVE_STDINT_H 1
| #define HAVE_UNISTD_H 1
| #define HAVE_STDLIB_H 1
| #define HAVE_MALLOC 1
| #define HAVE_STDLIB_H 1
| #define HAVE_REALLOC 1
| #define HAVE_MEMSET 1
| #define HAVE_STRERROR 1
| #define HAVE_STRTOL 1
| #define HAVE_STRTOUL 1
| #define HAVE_INTTYPES_H 1
| #define HAVE_LIBINTL_H 1
| #define HAVE_STDINT_H 1
| #define HAVE_STDLIB_H 1
| #define HAVE_STRING_H 1
| #define HAVE_UNISTD_H 1
| #define HAVE__BOOL 1
| /* end confdefs.h.  */
| #include <stdio.h>
| #ifdef HAVE_SYS_TYPES_H
| # include <sys/types.h>
| #endif
| #ifdef HAVE_SYS_STAT_H
| # include <sys/stat.h>
| #endif
| #ifdef STDC_HEADERS
| # include <stdlib.h>
| # include <stddef.h>
| #else
| # ifdef HAVE_STDLIB_H
| #  include <stdlib.h>
| # endif
| #endif
| #ifdef HAVE_STRING_H
| # if !defined STDC_HEADERS && defined HAVE_MEMORY_H
| #  include <memory.h>
| # endif
| # include <string.h>
| #endif
| #ifdef HAVE_STRINGS_H
| # include <strings.h>
| #endif
| #ifdef HAVE_INTTYPES_H
| # include <inttypes.h>
| #endif
| #ifdef HAVE_STDINT_H
| # include <stdint.h>
| #endif
| #ifdef HAVE_UNISTD_H
| # include <unistd.h>
| #endif
| 	        enum { N = 32 / 2 - 1 };
| int
| main ()
| {
| static int test_array [1 - 2 * !((int32_t) (((((int32_t) 1 << N) << N) - 1) * 2 + 1)
| 		 < (int32_t) (((((int32_t) 1 << N) << N) - 1) * 2 + 2))];
| test_array [0] = 0;
| return test_array [0];
| 
|   ;
|   return 0;
| }
configure:6313: result: yes
configure:6324: checking for int8_t
configure:6324: gcc -c -g -O2  conftest.c >&5
configure:6324: $? = 0
configure:6324: gcc -c -g -O2  conftest.c >&5
conftest.c: In function 'main':
conftest.c:74:12: error: size of array 'test_array' is negative
 static int test_array [1 - 2 * !((int8_t) (((((int8_t) 1 << N) << N) - 1) * 2 + 1)
            ^~~~~~~~~~
configure:6324: $? = 1
configure: failed program was:
| /* confdefs.h */
| #define PACKAGE_NAME "GNU gSLIP"
| #define PACKAGE_TARNAME "gslip"
| #define PACKAGE_VERSION "1.0.2"
| #define PACKAGE_STRING "GNU gSLIP 1.0.2"
| #define PACKAGE_BUGREPORT "bug-gslip@gnu.org"
| #define PACKAGE_URL "http://www.gnu.org/software/gslip/"
| #define PACKAGE "gslip"
| #define VERSION "1.0.2"
| #define PACKAGE_COPYRIGHT_YEAR 2015
| #define STDC_HEADERS 1
| #define HAVE_SYS_TYPES_H 1
| #define HAVE_SYS_STAT_H 1
| #define HAVE_STDLIB_H 1
| #define HAVE_STRING_H 1
| #define HAVE_MEMORY_H 1
| #define HAVE_STRINGS_H 1
| #define HAVE_INTTYPES_H 1
| #define HAVE_STDINT_H 1
| #define HAVE_UNISTD_H 1
| #define HAVE_STDLIB_H 1
| #define HAVE_MALLOC 1
| #define HAVE_STDLIB_H 1
| #define HAVE_REALLOC 1
| #define HAVE_MEMSET 1
| #define HAVE_STRERROR 1
| #define HAVE_STRTOL 1
| #define HAVE_STRTOUL 1
| #define HAVE_INTTYPES_H 1
| #define HAVE_LIBINTL_H 1
| #define HAVE_STDINT_H 1
| #define HAVE_STDLIB_H 1
| #define HAVE_STRING_H 1
| #define HAVE_UNISTD_H 1
| #define HAVE__BOOL 1
| /* end confdefs.h.  */
| #include <stdio.h>
| #ifdef HAVE_SYS_TYPES_H
| # include <sys/types.h>
| #endif
| #ifdef HAVE_SYS_STAT_H
| # include <sys/stat.h>
| #endif
| #ifdef STDC_HEADERS
| # include <stdlib.h>
| # include <stddef.h>
| #else
| # ifdef HAVE_STDLIB_H
| #  include <stdlib.h>
| # endif
| #endif
| #ifdef HAVE_STRING_H
| # if !defined STDC_HEADERS && defined HAVE_MEMORY_H
| #  include <memory.h>
| # endif
| # include <string.h>
| #endif
| #ifdef HAVE_STRINGS_H
| # include <strings.h>
| #endif
| #ifdef HAVE_INTTYPES_H
| # include <inttypes.h>
| #endif
| #ifdef HAVE_STDINT_H
| # include <stdint.h>
| #endif
| #ifdef HAVE_UNISTD_H
| # include <unistd.h>
| #endif
| 	        enum { N = 8 / 2 - 1 };
| int
| main ()
| {
| static int test_array [1 - 2 * !((int8_t) (((((int8_t) 1 << N) << N) - 1) * 2 + 1)
| 		 < (int8_t) (((((int8_t) 1 << N) << N) - 1) * 2 + 2))];
| test_array [0] = 0;
| return test_array [0];
| 
|   ;
|   return 0;
| }
configure:6324: result: yes
configure:6335: checking for size_t
configure:6335: gcc -c -g -O2  conftest.c >&5
configure:6335: $? = 0
configure:6335: gcc -c -g -O2  conftest.c >&5
conftest.c: In function 'main':
conftest.c:73:21: error: expected expression before ')' token
 if (sizeof ((size_t)))
                     ^
configure:6335: $? = 1
configure: failed program was:
| /* confdefs.h */
| #define PACKAGE_NAME "GNU gSLIP"
| #define PACKAGE_TARNAME "gslip"
| #define PACKAGE_VERSION "1.0.2"
| #define PACKAGE_STRING "GNU gSLIP 1.0.2"
| #define PACKAGE_BUGREPORT "bug-gslip@gnu.org"
| #define PACKAGE_URL "http://www.gnu.org/software/gslip/"
| #define PACKAGE "gslip"
| #define VERSION "1.0.2"
| #define PACKAGE_COPYRIGHT_YEAR 2015
| #define STDC_HEADERS 1
| #define HAVE_SYS_TYPES_H 1
| #define HAVE_SYS_STAT_H 1
| #define HAVE_STDLIB_H 1
| #define HAVE_STRING_H 1
| #define HAVE_MEMORY_H 1
| #define HAVE_STRINGS_H 1
| #define HAVE_INTTYPES_H 1
| #define HAVE_STDINT_H 1
| #define HAVE_UNISTD_H 1
| #define HAVE_STDLIB_H 1
| #define HAVE_MALLOC 1
| #define HAVE_STDLIB_H 1
| #define HAVE_REALLOC 1
| #define HAVE_MEMSET 1
| #define HAVE_STRERROR 1
| #define HAVE_STRTOL 1
| #define HAVE_STRTOUL 1
| #define HAVE_INTTYPES_H 1
| #define HAVE_LIBINTL_H 1
| #define HAVE_STDINT_H 1
| #define HAVE_STDLIB_H 1
| #define HAVE_STRING_H 1
| #define HAVE_UNISTD_H 1
| #define HAVE__BOOL 1
| /* end confdefs.h.  */
| #include <stdio.h>
| #ifdef HAVE_SYS_TYPES_H
| # include <sys/types.h>
| #endif
| #ifdef HAVE_SYS_STAT_H
| # include <sys/stat.h>
| #endif
| #ifdef STDC_HEADERS
| # include <stdlib.h>
| # include <stddef.h>
| #else
| # ifdef HAVE_STDLIB_H
| #  include <stdlib.h>
| # endif
| #endif
| #ifdef HAVE_STRING_H
| # if !defined STDC_HEADERS && defined HAVE_MEMORY_H
| #  include <memory.h>
| # endif
| # include <string.h>
| #endif
| #ifdef HAVE_STRINGS_H
| # include <strings.h>
| #endif
| #ifdef HAVE_INTTYPES_H
| # include <inttypes.h>
| #endif
| #ifdef HAVE_STDINT_H
| # include <stdint.h>
| #endif
| #ifdef HAVE_UNISTD_H
| # include <unistd.h>
| #endif
| int
| main ()
| {
| if (sizeof ((size_t)))
| 	    return 0;
|   ;
|   return 0;
| }
configure:6335: result: yes
configure:6346: checking for uint16_t
configure:6346: gcc -c -g -O2  conftest.c >&5
configure:6346: $? = 0
configure:6346: result: yes
configure:6358: checking for uint32_t
configure:6358: gcc -c -g -O2  conftest.c >&5
configure:6358: $? = 0
configure:6358: result: yes
configure:6372: checking for uint64_t
configure:6372: gcc -c -g -O2  conftest.c >&5
configure:6372: $? = 0
configure:6372: result: yes
configure:6386: checking for uint8_t
configure:6386: gcc -c -g -O2  conftest.c >&5
configure:6386: $? = 0
configure:6386: result: yes
configure:6514: checking that generated files are newer than configure
configure:6520: result: done
configure:6551: creating ./config.status

## ---------------------- ##
## Running config.status. ##
## ---------------------- ##

This file was extended by GNU gSLIP config.status 1.0.2, which was
generated by GNU Autoconf 2.69.  Invocation command line was

  CONFIG_FILES    = 
  CONFIG_HEADERS  = 
  CONFIG_LINKS    = 
  CONFIG_COMMANDS = 
  $ ./config.status 

on rishon

config.status:883: creating Makefile
config.status:883: creating src/Makefile
config.status:883: creating src/libgslip/Makefile
config.status:883: creating src/test/Makefile
config.status:883: creating config.h
config.status:1112: executing depfiles commands

## ---------------- ##
## Cache variables. ##
## ---------------- ##

ac_cv_c_compiler_gnu=yes
ac_cv_c_inline=inline
ac_cv_c_int16_t=yes
ac_cv_c_int32_t=yes
ac_cv_c_int8_t=yes
ac_cv_c_uint16_t=yes
ac_cv_c_uint32_t=yes
ac_cv_c_uint64_t=yes
ac_cv_c_uint8_t=yes
ac_cv_cxx_compiler_gnu=yes
ac_cv_env_CCC_set=
ac_cv_env_CCC_value=
ac_cv_env_CC_set=
ac_cv_env_CC_value=
ac_cv_env_CFLAGS_set=
ac_cv_env_CFLAGS_value=
ac_cv_env_CPPFLAGS_set=
ac_cv_env_CPPFLAGS_value=
ac_cv_env_CPP_set=
ac_cv_env_CPP_value=
ac_cv_env_CXXFLAGS_set=
ac_cv_env_CXXFLAGS_value=
ac_cv_env_CXX_set=
ac_cv_env_CXX_value=
ac_cv_env_LDFLAGS_set=
ac_cv_env_LDFLAGS_value=
ac_cv_env_LIBS_set=
ac_cv_env_LIBS_value=
ac_cv_env_build_alias_set=
ac_cv_env_build_alias_value=
ac_cv_env_host_alias_set=
ac_cv_env_host_alias_value=
ac_cv_env_target_alias_set=
ac_cv_env_target_alias_value=
ac_cv_func_malloc_0_nonnull=yes
ac_cv_func_memset=yes
ac_cv_func_realloc_0_nonnull=yes
ac_cv_func_strerror=yes
ac_cv_func_strtol=yes
ac_cv_func_strtoul=yes
ac_cv_header_inttypes_h=yes
ac_cv_header_libintl_h=yes
ac_cv_header_memory_h=yes
ac_cv_header_stdbool_h=yes
ac_cv_header_stdc=yes
ac_cv_header_stdint_h=yes
ac_cv_header_stdlib_h=yes
ac_cv_header_string_h=yes
ac_cv_header_strings_h=yes
ac_cv_header_sys_stat_h=yes
ac_cv_header_sys_types_h=yes
ac_cv_header_unistd_h=yes
ac_cv_lib_error_at_line=yes
ac_cv_objext=o
ac_cv_path_EGREP='/bin/grep -E'
ac_cv_path_GREP=/bin/grep
ac_cv_path_install='/usr/bin/install -c'
ac_cv_path_mkdir=/bin/mkdir
ac_cv_prog_AWK=gawk
ac_cv_prog_CPP='gcc -E'
ac_cv_prog_ac_ct_AR=ar
ac_cv_prog_ac_ct_CC=gcc
ac_cv_prog_ac_ct_CXX=g++
ac_cv_prog_ac_ct_RANLIB=ranlib
ac_cv_prog_cc_c89=
ac_cv_prog_cc_g=yes
ac_cv_prog_cxx_g=yes
ac_cv_prog_make_make_set=yes
ac_cv_type__Bool=yes
ac_cv_type_size_t=yes
am_cv_CC_dependencies_compiler_type=gcc3
am_cv_CXX_dependencies_compiler_type=gcc3
am_cv_ar_interface=ar
am_cv_make_support_nested_variables=yes
am_cv_prog_cc_c_o=yes

## ----------------- ##
## Output variables. ##
## ----------------- ##

ACLOCAL='${SHELL} /home/carolhanna/Security_Project/gnu_dataset/gslip-1.0.2/missing aclocal-1.14'
AMDEPBACKSLASH='\'
AMDEP_FALSE='#'
AMDEP_TRUE=''
AMTAR='$${TAR-tar}'
AM_BACKSLASH='\'
AM_DEFAULT_V='$(AM_DEFAULT_VERBOSITY)'
AM_DEFAULT_VERBOSITY='1'
AM_V='$(V)'
AR='ar'
AUTOCONF='${SHELL} /home/carolhanna/Security_Project/gnu_dataset/gslip-1.0.2/missing autoconf'
AUTOHEADER='${SHELL} /home/carolhanna/Security_Project/gnu_dataset/gslip-1.0.2/missing autoheader'
AUTOMAKE='${SHELL} /home/carolhanna/Security_Project/gnu_dataset/gslip-1.0.2/missing automake-1.14'
AWK='gawk'
CC='gcc'
CCDEPMODE='depmode=gcc3'
CFLAGS='-g -O2'
CPP='gcc -E'
CPPFLAGS=''
CXX='g++'
CXXDEPMODE='depmode=gcc3'
CXXFLAGS='-g -O2'
CYGPATH_W='echo'
DEFS='-DHAVE_CONFIG_H'
DEPDIR='.deps'
ECHO_C=''
ECHO_N='-n'
ECHO_T=''
EGREP='/bin/grep -E'
EXEEXT=''
GREP='/bin/grep'
INSTALL_DATA='${INSTALL} -m 644'
INSTALL_PROGRAM='${INSTALL}'
INSTALL_SCRIPT='${INSTALL}'
INSTALL_STRIP_PROGRAM='$(install_sh) -c -s'
LDFLAGS=''
LIBOBJS=''
LIBS=''
LTLIBOBJS=''
MAKEINFO='${SHELL} /home/carolhanna/Security_Project/gnu_dataset/gslip-1.0.2/missing makeinfo'
MKDIR_P='/bin/mkdir -p'
OBJEXT='o'
PACKAGE='gslip'
PACKAGE_BUGREPORT='bug-gslip@gnu.org'
PACKAGE_COPYRIGHT_YEAR='2015'
PACKAGE_NAME='GNU gSLIP'
PACKAGE_STRING='GNU gSLIP 1.0.2'
PACKAGE_TARNAME='gslip'
PACKAGE_URL='http://www.gnu.org/software/gslip/'
PACKAGE_VERSION='1.0.2'
PATH_SEPARATOR=':'
RANLIB='ranlib'
SET_MAKE=''
SHELL='/bin/bash'
STRIP=''
VERSION='1.0.2'
ac_ct_AR='ar'
ac_ct_CC='gcc'
ac_ct_CXX='g++'
am__EXEEXT_FALSE=''
am__EXEEXT_TRUE='#'
am__fastdepCC_FALSE='#'
am__fastdepCC_TRUE=''
am__fastdepCXX_FALSE='#'
am__fastdepCXX_TRUE=''
am__include='include'
am__isrc=''
am__leading_dot='.'
am__nodep='_no'
am__quote=''
am__tar='$${TAR-tar} chof - "$$tardir"'
am__untar='$${TAR-tar} xf -'
bindir='${exec_prefix}/bin'
build_alias=''
datadir='${datarootdir}'
datarootdir='${prefix}/share'
docdir='${datarootdir}/doc/${PACKAGE_TARNAME}'
dvidir='${docdir}'
exec_prefix='${prefix}'
host_alias=''
htmldir='${docdir}'
includedir='${prefix}/include'
infodir='${datarootdir}/info'
install_sh='${SHELL} /home/carolhanna/Security_Project/gnu_dataset/gslip-1.0.2/install-sh'
libdir='${exec_prefix}/lib'
libexecdir='${exec_prefix}/libexec'
localedir='${datarootdir}/locale'
localstatedir='${prefix}/var'
mandir='${datarootdir}/man'
mkdir_p='$(MKDIR_P)'
oldincludedir='/usr/include'
pdfdir='${docdir}'
prefix='/usr/local'
program_transform_name='s,x,x,'
psdir='${docdir}'
sbindir='${exec_prefix}/sbin'
sharedstatedir='${prefix}/com'
sysconfdir='${prefix}/etc'
target_alias=''

## ----------- ##
## confdefs.h. ##
## ----------- ##

/* confdefs.h */
#define PACKAGE_NAME "GNU gSLIP"
#define PACKAGE_TARNAME "gslip"
#define PACKAGE_VERSION "1.0.2"
#define PACKAGE_STRING "GNU gSLIP 1.0.2"
#define PACKAGE_BUGREPORT "bug-gslip@gnu.org"
#define PACKAGE_URL "http://www.gnu.org/software/gslip/"
#define PACKAGE "gslip"
#define VERSION "1.0.2"
#define PACKAGE_COPYRIGHT_YEAR 2015
#define STDC_HEADERS 1
#define HAVE_SYS_TYPES_H 1
#define HAVE_SYS_STAT_H 1
#define HAVE_STDLIB_H 1
#define HAVE_STRING_H 1
#define HAVE_MEMORY_H 1
#define HAVE_STRINGS_H 1
#define HAVE_INTTYPES_H 1
#define HAVE_STDINT_H 1
#define HAVE_UNISTD_H 1
#define HAVE_STDLIB_H 1
#define HAVE_MALLOC 1
#define HAVE_STDLIB_H 1
#define HAVE_REALLOC 1
#define HAVE_MEMSET 1
#define HAVE_STRERROR 1
#define HAVE_STRTOL 1
#define HAVE_STRTOUL 1
#define HAVE_INTTYPES_H 1
#define HAVE_LIBINTL_H 1
#define HAVE_STDINT_H 1
#define HAVE_STDLIB_H 1
#define HAVE_STRING_H 1
#define HAVE_UNISTD_H 1
#define HAVE__BOOL 1

configure: exit 0
