This file contains any messages produced by compilers while
running configure, to aid debugging if configure makes a mistake.

configure:990: checking host system type
configure:1011: checking target system type
configure:1029: checking build system type
configure:1109: checking for gawk
configure:1239: checking for perl5
configure:1239: checking for perl
configure:1506: checking for objcopy
configure:2522: checking for gcc
configure:2635: checking whether the C compiler (gcc  ) works
configure:2651: gcc -o conftest    conftest.c  1>&5
configure:2648:1: warning: return type defaults to 'int' [-Wimplicit-int]
 main(){return(0);}
 ^~~~
configure:2677: checking whether the C compiler (gcc  ) is a cross-compiler
configure:2682: checking whether we are using GNU C
configure:2691: gcc -E conftest.c
configure:2710: checking whether gcc accepts -g
configure:2746: checking for c++
configure:2778: checking whether the C++ compiler (c++  ) works
configure:2794: c++ -o conftest    conftest.C  1>&5
configure:2820: checking whether the C++ compiler (c++  ) is a cross-compiler
configure:2825: checking whether we are using GNU C++
configure:2834: c++ -E conftest.C
configure:2853: checking whether c++ accepts -g
configure:2902: gcc -c   conftest.c 1>&5
configure:2919: gcc -c   conftest.c 1>&5
configure: In function 'main':
configure:2915:1: warning: implicit declaration of function 'exit' [-Wimplicit-function-declaration]
 exit (42);
 ^~~~
configure:2915:1: warning: incompatible implicit declaration of built-in function 'exit'
configure:2915:1: note: include '<stdlib.h>' or provide a declaration of 'exit'
configure:2938: checking for ranlib
configure:2970: checking for as
configure:3024: checking for ar
configure:3059: checking for ld
configure:3094: checking for strip
configure:3129: checking for windres
configure:3894: checking how to run the C preprocessor
configure:3915: gcc -E  conftest.c >/dev/null 2>conftest.out
configure:3974: checking how to run the C++ preprocessor
configure:3992: c++ -E  conftest.C >/dev/null 2>conftest.out
configure:4069: checking for a BSD compatible install
configure:4122: checking whether ln -s works
configure:4145: checking for minimum required perl version >= 5.006
configure:4156: checking for full perl installation
configure:4171: checking for python2.7
configure:4231: checking for doxygen
configure:4280: checking for autoconf
configure:4331: checking for unzip
configure:4387: checking for zip
