Results of Simulation 1

Time	Q_1	Q_2	Q_3	Q_4	Q_5	Q_6	Q_7	Q_8	Q_9	Q_10	Q_11	Q_12	Q_13	Q_14	Q_15	Q_16	Q_17	Q_18	Q_19	Q_20	Q_21	mass_balance
0	1	0	0	0	0	0	0	0	0	0	0	0	0	0	0	0	0	0	0	0	0	1
5	0.217158	0.263809	0.228306	0.151923	0.0815876	0.0365824	0.0140438	0.00470581	0.00139743	0.000372319	8.99097e-05	1.98486e-05	4.0354e-06	7.60453e-07	1.33586e-07	2.1987e-08	3.40637e-09	4.98833e-10	6.9315e-11	9.17994e-12	1.30886e-12	1
10	0.0983318	0.144479	0.171365	0.170732	0.146281	0.109602	0.0727653	0.0432738	0.0232657	0.0113982	0.00512345	0.00212574	0.000818437	0.00029379	9.87419e-05	3.11917e-05	9.29299e-06	2.61958e-06	7.00829e-07	1.79599e-07	5.47595e-08	0.999999
15	0.0543237	0.085256	0.113466	0.132227	0.137291	0.128454	0.109216	0.0849599	0.0608186	0.0402677	0.0247707	0.0142152	0.00763852	0.00385628	0.00183473	0.000824993	0.000351515	0.000142278	5.48904e-05	2.06221e-05	1.00209e-05	0.999999
20	0.0329043	0.0534291	0.0754883	0.095526	0.109934	0.116148	0.113404	0.102842	0.0869845	0.068862	0.0511866	0.0358271	0.0236749	0.0148061	0.00878321	0.0049527	0.00265998	0.00136369	0.000670955	0.000329793	0.000222342	0.999999
25	0.0210378	0.0348876	0.0511431	0.0680991	0.0835463	0.0952556	0.10152	0.101567	0.0957094	0.0851841	0.0717812	0.057391	0.0436221	0.0315781	0.0218081	0.0143913	0.0090898	0.00550919	0.00323577	0.00195973	0.0016832	0.999999
30	0.0139424	0.0234572	0.0352643	0.048616	0.062307	0.074845	0.0847232	0.0907253	0.0921764	0.0890648	0.0820079	0.0720814	0.0605738	0.0487366	0.0375932	0.0278364	0.0198188	0.0136198	0.00918616	0.00660831	0.00681521	0.999999
35	0.00948362	0.0161236	0.0246866	0.0349028	0.0461755	0.0576163	0.068156	0.0767123	0.0823765	0.0845754	0.083166	0.0784434	0.0710631	0.0619051	0.0519149	0.0419648	0.0327651	0.0248654	0.0188124	0.0156798	0.0186107	0.999999
40	0.00657759	0.0112732	0.0175031	0.0252271	0.0341917	0.0439162	0.0537228	0.0628114	0.0703685	0.0756904	0.0782924	0.0779824	0.0748815	0.0693926	0.0621263	0.0538124	0.0452355	0.0372672	0.0311589	0.0295133	0.039055	0.999999
45	0.0046324	0.00799016	0.0125436	0.0183555	0.025357	0.03332	0.0418528	0.0504234	0.0584124	0.0651876	0.0701887	0.0730046	0.0734315	0.0714994	0.0674698	0.0618205	0.0552608	0.048886	0.0447318	0.0473816	0.0682497	0.999999
50	0.00330335	0.00572731	0.00907206	0.0134395	0.0188541	0.0252359	0.0323835	0.0399733	0.0475786	0.0547072	0.0608549	0.0655667	0.0684954	0.0694527	0.0684505	0.0657517	0.0619863	0.0584804	0.058163	0.0679341	0.104589	0.999999
55	0.00237952	0.00414338	0.00661214	0.00989564	0.0140608	0.0191095	0.0249594	0.0314338	0.0382623	0.0450959	0.0515357	0.0571737	0.061641	0.0646626	0.0661238	0.0661741	0.0654449	0.0655756	0.070513	0.0896807	0.145522	0.999999
60	0.00172899	0.00302159	0.00485224	0.00732425	0.0105193	0.0144807	0.0191967	0.0245873	0.0304977	0.0367	0.0429062	0.0487919	0.0540334	0.0583594	0.0616318	0.063994	0.0661852	0.0702631	0.0812977	0.111312	0.188315	0.999999
65	0.00126549	0.00221847	0.00358171	0.00544622	0.00789409	0.0109864	0.0147502	0.0191661	0.0241588	0.0295935	0.0352787	0.0409806	0.0464499	0.0514715	0.0559566	0.0601293	0.0649305	0.0729269	0.0903718	0.131847	0.230596	0.999999
70	0.000932299	0.00163876	0.00265803	0.00406727	0.00594202	0.00834792	0.0113309	0.0149069	0.0190532	0.0237016	0.0287382	0.0340111	0.0393528	0.0446297	0.0498452	0.0553621	0.0623887	0.0740567	0.0978088	0.15065	0.270577	0.999999
75	0.000690703	0.00121694	0.00198182	0.00304926	0.00448551	0.00635362	0.00870652	0.0115792	0.014981	0.0188898	0.0232498	0.0279775	0.0329828	0.0382209	0.0438083	0.0502783	0.0591422	0.0741153	0.103788	0.167388	0.307114	0.999999
80	0.000514099	0.000907685	0.00148351	0.00229376	0.00339485	0.00484392	0.00669408	0.00898877	0.011756	0.0150034	0.018717	0.0228675	0.0274323	0.0324527	0.0381636	0.0452805	0.0556268	0.0734893	0.108526	0.181956	0.339607	0.999999
85	0.000384228	0.000679671	0.00111446	0.00173075	0.00257569	0.00369923	0.00515108	0.00697686	0.00921404	0.0118888	0.0150163	0.0186083	0.022699	0.0274077	0.0330832	0.0406202	0.0521444	0.0724781	0.112246	0.194406	0.367875	0.999999
90	0.00028844	0.000511068	0.000840367	0.00131013	0.00195915	0.00283009	0.00396757	0.00541582	0.00721621	0.00940581	0.0120194	0.0150998	0.018727	0.0230887	0.0286372	0.036434	0.0488848	0.071297	0.115148	0.20489	0.392029	0.999999
95	0.000217247	0.00038551	0.000635562	0.000994361	0.00149357	0.00216905	0.00305981	0.00420683	0.00565183	0.00743752	0.00961147	0.0122392	0.0154374	0.0194514	0.0248256	0.032771	0.0459444	0.070082	0.117399	0.213613	0.412374	0.999999
100	0.000164168	0.000291724	0.000482086	0.000756686	0.0011412	0.00166544	0.00236298	0.0032707	0.00442881	0.00588231	0.00768689	0.00992447	0.0127407	0.0164287	0.0216121	0.0296328	0.043367	0.0689216	0.11914	0.220797	0.429302	0.999999
105	0.000124431	0.000221393	0.000366663	0.000577243	0.000873866	0.00128115	0.00182765	0.00254609	0.00347411	0.00465708	0.00615554	0.0080632	0.0105482	0.0139431	0.0189383	0.0269877	0.0411554	0.0678639	0.120483	0.226663	0.443248	0.999999
110	9.45886e-05	0.000168496	0.000279626	0.000441456	0.000670685	0.000987557	0.00141623	0.00198542	0.00272991	0.00369425	0.00494169	0.00657435	0.00877781	0.0119167	0.0167368	0.0247867	0.0392889	0.0669302	0.121518	0.231421	0.454639	0.999999
115	7.20706e-05	0.000128529	0.000213716	0.000338312	0.000515757	0.000762678	0.00109946	0.00155121	0.00214984	0.00293854	0.00398191	0.00538804	0.00735596	0.0102761	0.01494	0.0229747	0.0377347	0.0661262	0.122316	0.235256	0.463879	0.999999
120	5.50483e-05	9.82789e-05	0.000163727	0.000259863	0.000397511	0.000590335	0.000855541	0.00121511	0.00169825	0.00234656	0.00322515	0.00444631	0.00621948	0.00895568	0.0134838	0.0214955	0.0364541	0.0654456	0.122931	0.238332	0.471331	0.999999
125	4.2161e-05	7.53516e-05	0.000125766	0.000200137	0.000307199	0.000458212	0.00066775	0.000955116	0.00134711	0.00188371	0.00263004	0.00370133	0.00531501	0.00789852	0.012311	0.0202967	0.0354081	0.0648776	0.123404	0.240788	0.477307	0.999999
130	3.23586e-05	5.78957e-05	9.68166e-05	0.000154486	0.000237981	0.000356619	0.00052282	0.000753643	0.0010738	0.00152176	0.00216238	0.00311294	0.00459703	0.00705513	0.0113707	0.0193308	0.0345598	0.064409	0.123768	0.242743	0.482082	0.999999
135	2.49012e-05	4.46036e-05	7.47382e-05	0.000119598	0.000184946	0.000278546	0.000411065	0.000597706	0.000861407	0.00123928	0.00179577	0.0026496	0.00402911	0.00638506	0.0106204	0.0185566	0.0338761	0.0640258	0.124049	0.244293	0.485882	0.999999
140	1.92125e-05	3.44559e-05	5.78595e-05	9.28774e-05	0.000144234	0.000218454	0.00032479	0.000476925	0.000696317	0.00101889	0.00150864	0.00228531	0.00358085	0.00585417	0.0100238	0.0179386	0.0333278	0.0637149	0.124266	0.245519	0.488896	0.999999
145	1.48651e-05	2.66951e-05	4.49348e-05	7.23821e-05	0.000112943	0.000172159	0.000258146	0.000383353	0.000568015	0.000847049	0.001284	0.00199933	0.00322777	0.00543462	0.00955076	0.0174471	0.0328901	0.0634641	0.124433	0.246487	0.491281	0.999999
150	1.15348e-05	2.07459e-05	3.50162e-05	5.66304e-05	8.88507e-05	0.000136439	0.000206604	0.000310799	0.000468259	0.000713056	0.00110832	0.00177501	0.00295002	0.00510365	0.0091766	0.0170572	0.0325417	0.0632629	0.124562	0.24725	0.493165	0.999999
155	8.98168e-06	1.61826e-05	2.74003e-05	4.45192e-05	7.02963e-05	0.000108877	0.000166748	0.000254565	0.00039075	0.000608677	0.000971115	0.00159935	0.00273195	0.00484316	0.0088814	0.0167489	0.0322654	0.0631021	0.124661	0.247849	0.494649	0.999999
160	7.02738e-06	1.26875e-05	2.15616e-05	3.52222e-05	5.60308e-05	8.76477e-05	0.000135988	0.000211068	0.000330657	0.000527555	0.000864216	0.00146217	0.00256124	0.00463877	0.00864926	0.0165059	0.032047	0.0629743	0.124738	0.248319	0.495814	0.999999
165	5.5264e-06	1.00017e-05	1.70714e-05	2.80646e-05	4.50332e-05	7.12563e-05	0.000112197	0.000177364	0.000284003	0.000464447	0.000780884	0.00135501	0.00242762	0.00447848	0.00846689	0.0163147	0.0318748	0.0628729	0.124797	0.248688	0.496728	0.999999
170	4.37157e-06	7.93453e-06	1.36127e-05	2.25458e-05	3.65439e-05	5.85862e-05	9.3779e-05	0.00015123	0.000247764	0.000415342	0.000715926	0.00127132	0.0023231	0.00435289	0.00832377	0.0161643	0.0317392	0.0627928	0.124843	0.248976	0.497445	0.999999
175	3.48298e-06	6.34326e-06	1.09485e-05	1.8291e-05	2.99917e-05	4.87951e-05	7.9527e-05	0.000130977	0.000219637	0.000377166	0.000665344	0.00120606	0.00224146	0.00425465	0.00821165	0.0160464	0.0316326	0.0627295	0.124879	0.249201	0.498007	0.999999
180	2.79815e-06	5.11645e-06	8.89329e-06	1.50062e-05	2.49285e-05	4.12208e-05	6.84882e-05	0.00011527	0.000197793	0.000347477	0.00062595	0.00115516	0.0021777	0.00417782	0.00812387	0.015954	0.0315489	0.0626797	0.124906	0.249378	0.498446	0.999999
185	2.27066e-06	4.17118e-06	7.30886e-06	1.2472e-05	2.10189e-05	3.53662e-05	5.99464e-05	0.000103101	0.000180849	0.000324418	0.000595316	0.00111552	0.00212799	0.00411786	0.00805528	0.0158817	0.0314834	0.0626406	0.124927	0.249515	0.498788	0.999999
190	1.86325e-06	3.44091e-06	6.08423e-06	1.05121e-05	1.79929e-05	3.08309e-05	5.33231e-05	9.36556e-05	0.000167683	0.000306481	0.00057146	0.00108463	0.0020892	0.00407103	0.00800166	0.0158251	0.0314321	0.0626098	0.124944	0.249623	0.499056	0.999999
195	1.54944e-06	2.87825e-06	5.14025e-06	9.00038e-06	1.56573e-05	2.73276e-05	4.82023e-05	8.63458e-05	0.000157484	0.000292572	0.000552941	0.00106062	0.00205903	0.00403456	0.00795988	0.015781	0.031392	0.0625858	0.124956	0.249706	0.499265	0.999999
200	1.30756e-06	2.44446e-06	4.41219e-06	7.83385e-06	1.38538e-05	2.46205e-05	4.42421e-05	8.06881e-05	0.000149582	0.000281786	0.000538569	0.00104197	0.00203558	0.00400619	0.00792734	0.0157466	0.0313608	0.062567	0.124966	0.249771	0.499427	0.999999
205	1.12062e-06	2.10914e-06	3.8492e-06	6.9314e-06	1.24578e-05	2.25237e-05	4.11728e-05	7.62999e-05	0.00014345	0.000273409	0.000527396	0.00102746	0.00201732	0.00398409	0.00790198	0.0157198	0.0313364	0.0625523	0.124974	0.249822	0.499554	0.999999
210	9.75891e-07	1.84948e-06	3.41311e-06	6.2321e-06	1.13756e-05	2.08974e-05	3.87907e-05	7.28921e-05	0.000138684	0.000266894	0.000518703	0.00101617	0.00200309	0.00396686	0.0078822	0.0156989	0.0313173	0.0625408	0.12498	0.249861	0.499653	0.999999
215	8.6375e-07	1.64826e-06	3.07509e-06	5.68985e-06	1.05361e-05	1.96352e-05	3.6941e-05	7.02445e-05	0.000134979	0.000261827	0.000511937	0.00100737	0.00199201	0.00395343	0.00786677	0.0156825	0.0313025	0.0625318	0.124984	0.249892	0.499729	0.999999
220	7.76845e-07	1.4923e-06	2.81303e-06	5.26935e-06	9.88486e-06	1.86556e-05	3.55048e-05	6.81878e-05	0.000132099	0.000257886	0.000506673	0.00100052	0.00198337	0.00394297	0.00785475	0.0156698	0.0312909	0.0625248	0.124988	0.249916	0.499789	0.999999
225	7.09496e-07	1.37142e-06	2.60987e-06	4.94326e-06	9.37965e-06	1.78954e-05	3.43898e-05	6.65902e-05	0.000129862	0.000254823	0.000502578	0.000995193	0.00197665	0.00393482	0.00784538	0.0156599	0.0312818	0.0625193	0.12499	0.249935	0.499836	0.999999
230	6.57296e-07	1.27772e-06	2.45237e-06	4.69038e-06	8.98774e-06	1.73055e-05	3.35242e-05	6.53496e-05	0.000128123	0.000252442	0.000499394	0.000991048	0.00197142	0.00392847	0.00783808	0.0156521	0.0312748	0.062515	0.124993	0.249949	0.499873	0.999999
235	6.16831e-07	1.20507e-06	2.33023e-06	4.49425e-06	8.6837e-06	1.68477e-05	3.28522e-05	6.43861e-05	0.000126773	0.000250591	0.000496919	0.000987824	0.00196735	0.00392353	0.0078324	0.0156461	0.0312693	0.0625117	0.124994	0.24996	0.499901	0.999999
240	5.85456e-07	1.14874e-06	2.23551e-06	4.34211e-06	8.44779e-06	1.64924e-05	3.23305e-05	6.36378e-05	0.000125723	0.000249153	0.000494995	0.000985317	0.00196419	0.00391969	0.00782798	0.0156414	0.031265	0.0625091	0.124996	0.249969	0.499923	0.999999
245	5.61123e-07	1.10505e-06	2.16203e-06	4.22407e-06	8.26471e-06	1.62166e-05	3.19254e-05	6.30567e-05	0.000124908	0.000248035	0.000493499	0.000983367	0.00196173	0.0039167	0.00782454	0.0156378	0.0312617	0.0625071	0.124997	0.249976	0.49994	0.999999
250	5.42249e-07	1.07116e-06	2.10503e-06	4.13247e-06	8.12263e-06	1.60025e-05	3.16109e-05	6.26053e-05	0.000124275	0.000247167	0.000492336	0.000981852	0.00195981	0.00391438	0.00782186	0.0156349	0.0312591	0.0625055	0.124997	0.249981	0.499953	0.999999
255	5.27606e-07	1.04486e-06	2.06079e-06	4.06139e-06	8.01234e-06	1.58363e-05	3.13667e-05	6.22548e-05	0.000123783	0.000246492	0.000491432	0.000980673	0.00195832	0.00391257	0.00781978	0.0156327	0.0312571	0.0625043	0.124998	0.249986	0.499964	0.999999
260	5.16245e-07	1.02446e-06	2.02647e-06	4.00622e-06	7.92673e-06	1.57072e-05	3.1177e-05	6.19825e-05	0.000123401	0.000245967	0.00049073	0.000979757	0.00195716	0.00391116	0.00781816	0.015631	0.0312555	0.0625033	0.124998	0.249989	0.499972	0.999999
265	5.07428e-07	1.00863e-06	1.99983e-06	3.9634e-06	7.86027e-06	1.5607e-05	3.10297e-05	6.1771e-05	0.000123104	0.00024556	0.000490184	0.000979045	0.00195626	0.00391007	0.0078169	0.0156297	0.0312543	0.0625026	0.124999	0.249991	0.499978	0.999999
270	5.00586e-07	9.96336e-07	1.97915e-06	3.93016e-06	7.80867e-06	1.55292e-05	3.09153e-05	6.16067e-05	0.000122873	0.000245243	0.000489759	0.000978492	0.00195556	0.00390922	0.00781592	0.0156286	0.0312533	0.062502	0.124999	0.249993	0.499983	0.999999
275	4.95275e-07	9.86797e-07	1.9631e-06	3.90435e-06	7.76861e-06	1.54688e-05	3.08265e-05	6.14791e-05	0.000122694	0.000244997	0.00048943	0.000978062	0.00195502	0.00390856	0.00781516	0.0156278	0.0312526	0.0625016	0.124999	0.249995	0.499987	0.999999
280	4.91153e-07	9.79392e-07	1.95064e-06	3.88431e-06	7.73751e-06	1.54219e-05	3.07575e-05	6.138e-05	0.000122555	0.000244806	0.000489174	0.000977727	0.0019546	0.00390804	0.00781456	0.0156272	0.031252	0.0625012	0.124999	0.249996	0.49999	0.999999
285	4.87953e-07	9.73644e-07	1.94096e-06	3.86876e-06	7.71335e-06	1.53855e-05	3.07039e-05	6.1303e-05	0.000122447	0.000244658	0.000488975	0.000977468	0.00195427	0.00390764	0.0078141	0.0156267	0.0312516	0.0625009	0.125	0.249997	0.499992	0.999999
290	4.85469e-07	9.69181e-07	1.93345e-06	3.85668e-06	7.6946e-06	1.53572e-05	3.06623e-05	6.12432e-05	0.000122363	0.000244542	0.00048882	0.000977266	0.00195401	0.00390733	0.00781375	0.0156263	0.0312512	0.0625007	0.125	0.249997	0.499994	0.999999
295	4.8354e-07	9.65716e-07	1.92762e-06	3.8473e-06	7.68003e-06	1.53352e-05	3.063e-05	6.11968e-05	0.000122297	0.000244453	0.0004887	0.000977109	0.00195382	0.00390709	0.00781347	0.015626	0.0312509	0.0625006	0.125	0.249998	0.499995	0.999999
300	4.82042e-07	9.63025e-07	1.92309e-06	3.84002e-06	7.66872e-06	1.53181e-05	3.06049e-05	6.11607e-05	0.000122247	0.000244383	0.000488606	0.000976987	0.00195366	0.0039069	0.00781325	0.0156258	0.0312507	0.0625004	0.125	0.249998	0.499996	0.999999
305	4.80879e-07	9.60936e-07	1.91957e-06	3.83436e-06	7.65994e-06	1.53049e-05	3.05854e-05	6.11327e-05	0.000122207	0.000244329	0.000488534	0.000976892	0.00195354	0.00390676	0.00781308	0.0156256	0.0312506	0.0625003	0.125	0.249999	0.499997	0.999999
310	4.79976e-07	9.59314e-07	1.91684e-06	3.82997e-06	7.65312e-06	1.52946e-05	3.05703e-05	6.11109e-05	0.000122177	0.000244287	0.000488477	0.000976819	0.00195345	0.00390664	0.00781295	0.0156255	0.0312504	0.0625003	0.125	0.249999	0.499998	0.999999
315	4.79275e-07	9.58054e-07	1.91472e-06	3.82656e-06	7.64782e-06	1.52866e-05	3.05585e-05	6.1094e-05	0.000122153	0.000244254	0.000488434	0.000976761	0.00195338	0.00390656	0.00781285	0.0156254	0.0312503	0.0625002	0.125	0.249999	0.499998	0.999999
320	4.78731e-07	9.57076e-07	1.91308e-06	3.82391e-06	7.64371e-06	1.52804e-05	3.05494e-05	6.10809e-05	0.000122135	0.000244229	0.0004884	0.000976717	0.00195332	0.00390649	0.00781277	0.0156253	0.0312503	0.0625002	0.125	0.249999	0.499999	0.999999
325	4.78308e-07	9.56316e-07	1.9118e-06	3.82185e-06	7.64051e-06	1.52756e-05	3.05423e-05	6.10707e-05	0.00012212	0.000244209	0.000488373	0.000976683	0.00195328	0.00390643	0.00781271	0.0156252	0.0312502	0.0625001	0.125	0.25	0.499999	0.999999
330	4.77979e-07	9.55726e-07	1.9108e-06	3.82025e-06	7.63803e-06	1.52718e-05	3.05368e-05	6.10627e-05	0.000122109	0.000244194	0.000488353	0.000976656	0.00195324	0.00390639	0.00781266	0.0156252	0.0312502	0.0625001	0.125	0.25	0.499999	0.999999
335	4.77724e-07	9.55268e-07	1.91003e-06	3.81901e-06	7.6361e-06	1.52689e-05	3.05325e-05	6.10566e-05	0.0001221	0.000244182	0.000488337	0.000976635	0.00195322	0.00390636	0.00781263	0.0156251	0.0312501	0.0625001	0.125	0.25	0.499999	0.999999
340	4.77526e-07	9.54912e-07	1.90943e-06	3.81805e-06	7.6346e-06	1.52667e-05	3.05291e-05	6.10518e-05	0.000122094	0.000244173	0.000488324	0.000976619	0.0019532	0.00390634	0.0078126	0.0156251	0.0312501	0.0625	0.125	0.25	0.499999	0.999999
345	4.77372e-07	9.54636e-07	1.90897e-06	3.8173e-06	7.63344e-06	1.52649e-05	3.05266e-05	6.10481e-05	0.000122088	0.000244166	0.000488315	0.000976606	0.00195318	0.00390632	0.00781258	0.0156251	0.0312501	0.0625	0.125	0.25	0.5	0.999999
350	4.77253e-07	9.54421e-07	1.90861e-06	3.81672e-06	7.63254e-06	1.52635e-05	3.05246e-05	6.10452e-05	0.000122084	0.00024416	0.000488307	0.000976596	0.00195317	0.0039063	0.00781256	0.0156251	0.0312501	0.0625	0.125	0.25	0.5	0.999999
355	4.7716e-07	9.54254e-07	1.90833e-06	3.81627e-06	7.63183e-06	1.52625e-05	3.0523e-05	6.10429e-05	0.000122081	0.000244156	0.000488301	0.000976589	0.00195316	0.00390629	0.00781255	0.015625	0.03125	0.0625	0.125	0.25	0.5	0.999999
360	4.77088e-07	9.54125e-07	1.90811e-06	3.81592e-06	7.63129e-06	1.52616e-05	3.05218e-05	6.10412e-05	0.000122079	0.000244152	0.000488297	0.000976583	0.00195315	0.00390628	0.00781254	0.015625	0.03125	0.0625	0.125	0.25	0.5	0.999999
365	4.77032e-07	9.54024e-07	1.90794e-06	3.81564e-06	7.63087e-06	1.5261e-05	3.05208e-05	6.10399e-05	0.000122077	0.00024415	0.000488293	0.000976578	0.00195314	0.00390627	0.00781253	0.015625	0.03125	0.0625	0.125	0.25	0.5	0.999999
370	4.76988e-07	9.53946e-07	1.90781e-06	3.81543e-06	7.63054e-06	1.52605e-05	3.05201e-05	6.10388e-05	0.000122075	0.000244148	0.000488291	0.000976575	0.00195314	0.00390627	0.00781252	0.015625	0.03125	0.0625	0.125	0.25	0.5	0.999999
375	4.76955e-07	9.53885e-07	1.9077e-06	3.81527e-06	7.63028e-06	1.52601e-05	3.05195e-05	6.1038e-05	0.000122074	0.000244146	0.000488289	0.000976572	0.00195314	0.00390626	0.00781252	0.015625	0.03125	0.0625	0.125	0.25	0.5	0.999999
380	4.76928e-07	9.53838e-07	1.90762e-06	3.81514e-06	7.63008e-06	1.52598e-05	3.05191e-05	6.10374e-05	0.000122073	0.000244145	0.000488287	0.00097657	0.00195313	0.00390626	0.00781251	0.015625	0.03125	0.0625	0.125	0.25	0.5	0.999999
385	4.76908e-07	9.53802e-07	1.90756e-06	3.81504e-06	7.62993e-06	1.52596e-05	3.05188e-05	6.10369e-05	0.000122073	0.000244144	0.000488286	0.000976568	0.00195313	0.00390626	0.00781251	0.015625	0.03125	0.0625	0.125	0.25	0.5	0.999999
390	4.76892e-07	9.53773e-07	1.90751e-06	3.81496e-06	7.62981e-06	1.52594e-05	3.05185e-05	6.10365e-05	0.000122072	0.000244143	0.000488285	0.000976567	0.00195313	0.00390626	0.00781251	0.015625	0.03125	0.0625	0.125	0.25	0.5	0.999999
395	4.7688e-07	9.53751e-07	1.90748e-06	3.8149e-06	7.62972e-06	1.52593e-05	3.05183e-05	6.10362e-05	0.000122072	0.000244143	0.000488284	0.000976566	0.00195313	0.00390625	0.0078125	0.015625	0.03125	0.0625	0.125	0.25	0.5	0.999999
400	4.7687e-07	9.53734e-07	1.90745e-06	3.81486e-06	7.62964e-06	1.52592e-05	3.05181e-05	6.10359e-05	0.000122071	0.000244142	0.000488283	0.000976565	0.00195313	0.00390625	0.0078125	0.015625	0.03125	0.0625	0.125	0.25	0.5	0.999999
405	4.76863e-07	9.53721e-07	1.90743e-06	3.81482e-06	7.62959e-06	1.52591e-05	3.0518e-05	6.10358e-05	0.000122071	0.000244142	0.000488283	0.000976564	0.00195313	0.00390625	0.0078125	0.015625	0.03125	0.0625	0.125	0.25	0.5	0.999999
410	4.76857e-07	9.5371e-07	1.90741e-06	3.81479e-06	7.62954e-06	1.5259e-05	3.05179e-05	6.10356e-05	0.000122071	0.000244142	0.000488282	0.000976564	0.00195313	0.00390625	0.0078125	0.015625	0.03125	0.0625	0.125	0.25	0.5	0.999999
415	4.76853e-07	9.53702e-07	1.9074e-06	3.81477e-06	7.62951e-06	1.5259e-05	3.05178e-05	6.10355e-05	0.000122071	0.000244141	0.000488282	0.000976564	0.00195313	0.00390625	0.0078125	0.015625	0.03125	0.0625	0.125	0.25	0.5	0.999999
420	4.76849e-07	9.53696e-07	1.90738e-06	3.81476e-06	7.62948e-06	1.52589e-05	3.05178e-05	6.10354e-05	0.000122071	0.000244141	0.000488282	0.000976563	0.00195313	0.00390625	0.0078125	0.015625	0.03125	0.0625	0.125	0.25	0.5	0.999999
425	4.76846e-07	9.53691e-07	1.90738e-06	3.81474e-06	7.62946e-06	1.52589e-05	3.05177e-05	6.10354e-05	0.000122071	0.000244141	0.000488282	0.000976563	0.00195313	0.00390625	0.0078125	0.015625	0.03125	0.0625	0.125	0.25	0.5	0.999999
430	4.76844e-07	9.53687e-07	1.90737e-06	3.81473e-06	7.62945e-06	1.52589e-05	3.05177e-05	6.10353e-05	0.000122071	0.000244141	0.000488282	0.000976563	0.00195313	0.00390625	0.0078125	0.015625	0.03125	0.0625	0.125	0.25	0.5	0.999999
435	4.76843e-07	9.53684e-07	1.90737e-06	3.81472e-06	7.62944e-06	1.52589e-05	3.05177e-05	6.10353e-05	0.00012207	0.000244141	0.000488282	0.000976563	0.00195313	0.00390625	0.0078125	0.015625	0.03125	0.0625	0.125	0.25	0.5	0.999999
440	4.76841e-07	9.53682e-07	1.90736e-06	3.81472e-06	7.62943e-06	1.52588e-05	3.05176e-05	6.10353e-05	0.00012207	0.000244141	0.000488281	0.000976563	0.00195313	0.00390625	0.0078125	0.015625	0.03125	0.0625	0.125	0.25	0.5	0.999999
445	4.7684e-07	9.5368e-07	1.90736e-06	3.81471e-06	7.62942e-06	1.52588e-05	3.05176e-05	6.10352e-05	0.00012207	0.000244141	0.000488281	0.000976563	0.00195312	0.00390625	0.0078125	0.015625	0.03125	0.0625	0.125	0.25	0.5	0.999999
450	4.7684e-07	9.53679e-07	1.90736e-06	3.81471e-06	7.62941e-06	1.52588e-05	3.05176e-05	6.10352e-05	0.00012207	0.000244141	0.000488281	0.000976563	0.00195312	0.00390625	0.0078125	0.015625	0.03125	0.0625	0.125	0.25	0.5	0.999999
455	4.76839e-07	9.53678e-07	1.90735e-06	3.81471e-06	7.62941e-06	1.52588e-05	3.05176e-05	6.10352e-05	0.00012207	0.000244141	0.000488281	0.000976562	0.00195312	0.00390625	0.0078125	0.015625	0.03125	0.0625	0.125	0.25	0.5	0.999999
460	4.76839e-07	9.53677e-07	1.90735e-06	3.8147e-06	7.62941e-06	1.52588e-05	3.05176e-05	6.10352e-05	0.00012207	0.000244141	0.000488281	0.000976562	0.00195312	0.00390625	0.0078125	0.015625	0.03125	0.0625	0.125	0.25	0.5	0.999999
465	4.76838e-07	9.53676e-07	1.90735e-06	3.8147e-06	7.6294e-06	1.52588e-05	3.05176e-05	6.10352e-05	0.00012207	0.000244141	0.000488281	0.000976562	0.00195312	0.00390625	0.0078125	0.015625	0.03125	0.0625	0.125	0.25	0.5	0.999999
470	4.76838e-07	9.53676e-07	1.90735e-06	3.8147e-06	7.6294e-06	1.52588e-05	3.05176e-05	6.10352e-05	0.00012207	0.000244141	0.000488281	0.000976562	0.00195312	0.00390625	0.0078125	0.015625	0.03125	0.0625	0.125	0.25	0.5	0.999999
475	4.76838e-07	9.53675e-07	1.90735e-06	3.8147e-06	7.6294e-06	1.52588e-05	3.05176e-05	6.10352e-05	0.00012207	0.000244141	0.000488281	0.000976562	0.00195312	0.00390625	0.0078125	0.015625	0.03125	0.0625	0.125	0.25	0.5	0.999999
480	4.76838e-07	9.53675e-07	1.90735e-06	3.8147e-06	7.6294e-06	1.52588e-05	3.05176e-05	6.10352e-05	0.00012207	0.000244141	0.000488281	0.000976562	0.00195312	0.00390625	0.0078125	0.015625	0.03125	0.0625	0.125	0.25	0.5	0.999999
485	4.76838e-07	9.53675e-07	1.90735e-06	3.8147e-06	7.6294e-06	1.52588e-05	3.05176e-05	6.10352e-05	0.00012207	0.000244141	0.000488281	0.000976562	0.00195312	0.00390625	0.0078125	0.015625	0.03125	0.0625	0.125	0.25	0.5	0.999999
490	4.76837e-07	9.53675e-07	1.90735e-06	3.8147e-06	7.6294e-06	1.52588e-05	3.05176e-05	6.10352e-05	0.00012207	0.000244141	0.000488281	0.000976562	0.00195312	0.00390625	0.0078125	0.015625	0.03125	0.0625	0.125	0.25	0.5	0.999999
495	4.76837e-07	9.53675e-07	1.90735e-06	3.8147e-06	7.6294e-06	1.52588e-05	3.05176e-05	6.10352e-05	0.00012207	0.000244141	0.000488281	0.000976562	0.00195312	0.00390625	0.0078125	0.015625	0.03125	0.0625	0.125	0.25	0.5	0.999999
500	4.76837e-07	9.53675e-07	1.90735e-06	3.8147e-06	7.62939e-06	1.52588e-05	3.05176e-05	6.10352e-05	0.00012207	0.000244141	0.000488281	0.000976562	0.00195312	0.00390625	0.0078125	0.015625	0.03125	0.0625	0.125	0.25	0.5	0.999999
505	4.76837e-07	9.53674e-07	1.90735e-06	3.8147e-06	7.62939e-06	1.52588e-05	3.05176e-05	6.10351e-05	0.00012207	0.000244141	0.000488281	0.000976562	0.00195312	0.00390625	0.0078125	0.015625	0.03125	0.0625	0.125	0.25	0.5	0.999999
510	4.76837e-07	9.53674e-07	1.90735e-06	3.8147e-06	7.62939e-06	1.52588e-05	3.05176e-05	6.10351e-05	0.00012207	0.000244141	0.000488281	0.000976562	0.00195312	0.00390625	0.0078125	0.015625	0.03125	0.0625	0.125	0.25	0.5	0.999999
515	4.76837e-07	9.53674e-07	1.90735e-06	3.8147e-06	7.62939e-06	1.52588e-05	3.05176e-05	6.10351e-05	0.00012207	0.000244141	0.000488281	0.000976562	0.00195312	0.00390625	0.0078125	0.015625	0.03125	0.0625	0.125	0.25	0.5	0.999999
520	4.76837e-07	9.53674e-07	1.90735e-06	3.8147e-06	7.62939e-06	1.52588e-05	3.05176e-05	6.10351e-05	0.00012207	0.000244141	0.000488281	0.000976562	0.00195312	0.00390625	0.0078125	0.015625	0.03125	0.0625	0.125	0.25	0.5	0.999999
525	4.76837e-07	9.53674e-07	1.90735e-06	3.8147e-06	7.62939e-06	1.52588e-05	3.05176e-05	6.10351e-05	0.00012207	0.000244141	0.000488281	0.000976562	0.00195312	0.00390625	0.0078125	0.015625	0.03125	0.0625	0.125	0.25	0.5	0.999999
530	4.76837e-07	9.53674e-07	1.90735e-06	3.8147e-06	7.62939e-06	1.52588e-05	3.05176e-05	6.10351e-05	0.00012207	0.000244141	0.000488281	0.000976562	0.00195312	0.00390625	0.0078125	0.015625	0.03125	0.0625	0.125	0.25	0.5	0.999999
535	4.76837e-07	9.53674e-07	1.90735e-06	3.8147e-06	7.62939e-06	1.52588e-05	3.05176e-05	6.10351e-05	0.00012207	0.000244141	0.000488281	0.000976562	0.00195312	0.00390625	0.0078125	0.015625	0.03125	0.0625	0.125	0.25	0.5	0.999999
540	4.76837e-07	9.53674e-07	1.90735e-06	3.8147e-06	7.62939e-06	1.52588e-05	3.05176e-05	6.10351e-05	0.00012207	0.000244141	0.000488281	0.000976562	0.00195312	0.00390625	0.0078125	0.015625	0.03125	0.0625	0.125	0.25	0.5	0.999999
545	4.76837e-07	9.53674e-07	1.90735e-06	3.8147e-06	7.62939e-06	1.52588e-05	3.05176e-05	6.10351e-05	0.00012207	0.000244141	0.000488281	0.000976562	0.00195312	0.00390625	0.0078125	0.015625	0.03125	0.0625	0.125	0.25	0.5	0.999999
550	4.76837e-07	9.53674e-07	1.90735e-06	3.8147e-06	7.62939e-06	1.52588e-05	3.05176e-05	6.10351e-05	0.00012207	0.000244141	0.000488281	0.000976562	0.00195312	0.00390625	0.0078125	0.015625	0.03125	0.0625	0.125	0.25	0.5	0.999999
555	4.76837e-07	9.53674e-07	1.90735e-06	3.8147e-06	7.62939e-06	1.52588e-05	3.05176e-05	6.10351e-05	0.00012207	0.000244141	0.000488281	0.000976562	0.00195312	0.00390625	0.0078125	0.015625	0.03125	0.0625	0.125	0.25	0.5	0.999999
560	4.76837e-07	9.53674e-07	1.90735e-06	3.8147e-06	7.62939e-06	1.52588e-05	3.05176e-05	6.10351e-05	0.00012207	0.000244141	0.000488281	0.000976562	0.00195312	0.00390625	0.0078125	0.015625	0.03125	0.0625	0.125	0.25	0.5	0.999999
565	4.76837e-07	9.53674e-07	1.90735e-06	3.8147e-06	7.62939e-06	1.52588e-05	3.05176e-05	6.10351e-05	0.00012207	0.000244141	0.000488281	0.000976562	0.00195312	0.00390625	0.0078125	0.015625	0.03125	0.0625	0.125	0.25	0.5	0.999999
570	4.76837e-07	9.53674e-07	1.90735e-06	3.8147e-06	7.62939e-06	1.52588e-05	3.05176e-05	6.10351e-05	0.00012207	0.000244141	0.000488281	0.000976562	0.00195312	0.00390625	0.0078125	0.015625	0.03125	0.0625	0.125	0.25	0.5	0.999999
575	4.76837e-07	9.53674e-07	1.90735e-06	3.8147e-06	7.62939e-06	1.52588e-05	3.05176e-05	6.10351e-05	0.00012207	0.000244141	0.000488281	0.000976562	0.00195312	0.00390625	0.0078125	0.015625	0.03125	0.0625	0.125	0.25	0.5	0.999999
580	4.76837e-07	9.53674e-07	1.90735e-06	3.8147e-06	7.62939e-06	1.52588e-05	3.05176e-05	6.10351e-05	0.00012207	0.000244141	0.000488281	0.000976562	0.00195312	0.00390625	0.0078125	0.015625	0.03125	0.0625	0.125	0.25	0.5	0.999999
585	4.76837e-07	9.53674e-07	1.90735e-06	3.8147e-06	7.62939e-06	1.52588e-05	3.05176e-05	6.10351e-05	0.00012207	0.000244141	0.000488281	0.000976562	0.00195312	0.00390625	0.0078125	0.015625	0.03125	0.0625	0.125	0.25	0.5	0.999999
590	4.76837e-07	9.53674e-07	1.90735e-06	3.8147e-06	7.62939e-06	1.52588e-05	3.05176e-05	6.10351e-05	0.00012207	0.000244141	0.000488281	0.000976562	0.00195312	0.00390625	0.0078125	0.015625	0.03125	0.0625	0.125	0.25	0.5	0.999999
595	4.76837e-07	9.53674e-07	1.90735e-06	3.8147e-06	7.62939e-06	1.52588e-05	3.05176e-05	6.10351e-05	0.00012207	0.000244141	0.000488281	0.000976562	0.00195312	0.00390625	0.0078125	0.015625	0.03125	0.0625	0.125	0.25	0.5	0.999999
600	4.76837e-07	9.53674e-07	1.90735e-06	3.8147e-06	7.62939e-06	1.52588e-05	3.05176e-05	6.10351e-05	0.00012207	0.000244141	0.000488281	0.000976562	0.00195312	0.00390625	0.0078125	0.015625	0.03125	0.0625	0.125	0.25	0.5	0.999999
605	4.76837e-07	9.53674e-07	1.90735e-06	3.8147e-06	7.62939e-06	1.52588e-05	3.05176e-05	6.10351e-05	0.00012207	0.000244141	0.000488281	0.000976562	0.00195312	0.00390625	0.0078125	0.015625	0.03125	0.0625	0.125	0.25	0.5	0.999999
610	4.76837e-07	9.53674e-07	1.90735e-06	3.8147e-06	7.62939e-06	1.52588e-05	3.05176e-05	6.10351e-05	0.00012207	0.000244141	0.000488281	0.000976562	0.00195312	0.00390625	0.0078125	0.015625	0.03125	0.0625	0.125	0.25	0.5	0.999999
615	4.76837e-07	9.53674e-07	1.90735e-06	3.8147e-06	7.62939e-06	1.52588e-05	3.05176e-05	6.10351e-05	0.00012207	0.000244141	0.000488281	0.000976562	0.00195312	0.00390625	0.0078125	0.015625	0.03125	0.0625	0.125	0.25	0.5	0.999999
620	4.76837e-07	9.53674e-07	1.90735e-06	3.8147e-06	7.62939e-06	1.52588e-05	3.05176e-05	6.10351e-05	0.00012207	0.000244141	0.000488281	0.000976562	0.00195312	0.00390625	0.0078125	0.015625	0.03125	0.0625	0.125	0.25	0.5	0.999999
625	4.76837e-07	9.53674e-07	1.90735e-06	3.8147e-06	7.62939e-06	1.52588e-05	3.05176e-05	6.10351e-05	0.00012207	0.000244141	0.000488281	0.000976562	0.00195312	0.00390625	0.0078125	0.015625	0.03125	0.0625	0.125	0.25	0.5	0.999999
630	4.76837e-07	9.53674e-07	1.90735e-06	3.8147e-06	7.62939e-06	1.52588e-05	3.05176e-05	6.10351e-05	0.00012207	0.000244141	0.000488281	0.000976562	0.00195312	0.00390625	0.0078125	0.015625	0.03125	0.0625	0.125	0.25	0.5	0.999999
635	4.76837e-07	9.53674e-07	1.90735e-06	3.8147e-06	7.62939e-06	1.52588e-05	3.05176e-05	6.10351e-05	0.00012207	0.000244141	0.000488281	0.000976562	0.00195312	0.00390625	0.0078125	0.015625	0.03125	0.0625	0.125	0.25	0.5	0.999999
640	4.76837e-07	9.53674e-07	1.90735e-06	3.8147e-06	7.62939e-06	1.52588e-05	3.05176e-05	6.10351e-05	0.00012207	0.000244141	0.000488281	0.000976562	0.00195312	0.00390625	0.0078125	0.015625	0.03125	0.0625	0.125	0.25	0.5	0.999999
645	4.76837e-07	9.53674e-07	1.90735e-06	3.8147e-06	7.62939e-06	1.52588e-05	3.05176e-05	6.10351e-05	0.00012207	0.000244141	0.000488281	0.000976562	0.00195312	0.00390625	0.0078125	0.015625	0.03125	0.0625	0.125	0.25	0.5	0.999999
650	4.76837e-07	9.53674e-07	1.90735e-06	3.8147e-06	7.62939e-06	1.52588e-05	3.05176e-05	6.10351e-05	0.00012207	0.000244141	0.000488281	0.000976562	0.00195312	0.00390625	0.0078125	0.015625	0.03125	0.0625	0.125	0.25	0.5	0.999999
655	4.76837e-07	9.53674e-07	1.90735e-06	3.8147e-06	7.62939e-06	1.52588e-05	3.05176e-05	6.10351e-05	0.00012207	0.000244141	0.000488281	0.000976562	0.00195312	0.00390625	0.0078125	0.015625	0.03125	0.0625	0.125	0.25	0.5	0.999999
660	4.76837e-07	9.53674e-07	1.90735e-06	3.8147e-06	7.62939e-06	1.52588e-05	3.05176e-05	6.10351e-05	0.00012207	0.000244141	0.000488281	0.000976562	0.00195312	0.00390625	0.0078125	0.015625	0.03125	0.0625	0.125	0.25	0.5	0.999999
665	4.76837e-07	9.53674e-07	1.90735e-06	3.8147e-06	7.62939e-06	1.52588e-05	3.05176e-05	6.10351e-05	0.00012207	0.000244141	0.000488281	0.000976562	0.00195312	0.00390625	0.0078125	0.015625	0.03125	0.0625	0.125	0.25	0.5	0.999999
670	4.76837e-07	9.53674e-07	1.90735e-06	3.8147e-06	7.62939e-06	1.52588e-05	3.05176e-05	6.10351e-05	0.00012207	0.000244141	0.000488281	0.000976562	0.00195312	0.00390625	0.0078125	0.015625	0.03125	0.0625	0.125	0.25	0.5	0.999999
675	4.76837e-07	9.53674e-07	1.90735e-06	3.8147e-06	7.62939e-06	1.52588e-05	3.05176e-05	6.10351e-05	0.00012207	0.000244141	0.000488281	0.000976562	0.00195312	0.00390625	0.0078125	0.015625	0.03125	0.0625	0.125	0.25	0.5	0.999999
680	4.76837e-07	9.53674e-07	1.90735e-06	3.8147e-06	7.62939e-06	1.52588e-05	3.05176e-05	6.10351e-05	0.00012207	0.000244141	0.000488281	0.000976562	0.00195312	0.00390625	0.0078125	0.015625	0.03125	0.0625	0.125	0.25	0.5	0.999999
685	4.76837e-07	9.53674e-07	1.90735e-06	3.8147e-06	7.62939e-06	1.52588e-05	3.05176e-05	6.10351e-05	0.00012207	0.000244141	0.000488281	0.000976562	0.00195312	0.00390625	0.0078125	0.015625	0.03125	0.0625	0.125	0.25	0.5	0.999999
690	4.76837e-07	9.53674e-07	1.90735e-06	3.8147e-06	7.62939e-06	1.52588e-05	3.05176e-05	6.10351e-05	0.00012207	0.000244141	0.000488281	0.000976562	0.00195312	0.00390625	0.0078125	0.015625	0.03125	0.0625	0.125	0.25	0.5	0.999999
695	4.76837e-07	9.53674e-07	1.90735e-06	3.8147e-06	7.62939e-06	1.52588e-05	3.05176e-05	6.10351e-05	0.00012207	0.000244141	0.000488281	0.000976562	0.00195312	0.00390625	0.0078125	0.015625	0.03125	0.0625	0.125	0.25	0.5	0.999999
700	4.76837e-07	9.53674e-07	1.90735e-06	3.8147e-06	7.62939e-06	1.52588e-05	3.05176e-05	6.10351e-05	0.00012207	0.000244141	0.000488281	0.000976562	0.00195312	0.00390625	0.0078125	0.015625	0.03125	0.0625	0.125	0.25	0.5	0.999999
705	4.76837e-07	9.53674e-07	1.90735e-06	3.8147e-06	7.62939e-06	1.52588e-05	3.05176e-05	6.10351e-05	0.00012207	0.000244141	0.000488281	0.000976562	0.00195312	0.00390625	0.0078125	0.015625	0.03125	0.0625	0.125	0.25	0.5	0.999999
710	4.76837e-07	9.53674e-07	1.90735e-06	3.8147e-06	7.62939e-06	1.52588e-05	3.05176e-05	6.10351e-05	0.00012207	0.000244141	0.000488281	0.000976562	0.00195312	0.00390625	0.0078125	0.015625	0.03125	0.0625	0.125	0.25	0.5	0.999999
715	4.76837e-07	9.53674e-07	1.90735e-06	3.8147e-06	7.62939e-06	1.52588e-05	3.05176e-05	6.10351e-05	0.00012207	0.000244141	0.000488281	0.000976562	0.00195312	0.00390625	0.0078125	0.015625	0.03125	0.0625	0.125	0.25	0.5	0.999999
720	4.76837e-07	9.53674e-07	1.90735e-06	3.8147e-06	7.62939e-06	1.52588e-05	3.05176e-05	6.10351e-05	0.00012207	0.000244141	0.000488281	0.000976562	0.00195312	0.00390625	0.0078125	0.015625	0.03125	0.0625	0.125	0.25	0.5	0.999999
725	4.76837e-07	9.53674e-07	1.90735e-06	3.8147e-06	7.62939e-06	1.52588e-05	3.05176e-05	6.10351e-05	0.00012207	0.000244141	0.000488281	0.000976562	0.00195312	0.00390625	0.0078125	0.015625	0.03125	0.0625	0.125	0.25	0.5	0.999999
730	4.76837e-07	9.53674e-07	1.90735e-06	3.8147e-06	7.62939e-06	1.52588e-05	3.05176e-05	6.10351e-05	0.00012207	0.000244141	0.000488281	0.000976562	0.00195312	0.00390625	0.0078125	0.015625	0.03125	0.0625	0.125	0.25	0.5	0.999999
735	4.76837e-07	9.53674e-07	1.90735e-06	3.8147e-06	7.62939e-06	1.52588e-05	3.05176e-05	6.10351e-05	0.00012207	0.000244141	0.000488281	0.000976562	0.00195312	0.00390625	0.0078125	0.015625	0.03125	0.0625	0.125	0.25	0.5	0.999999
740	4.76837e-07	9.53674e-07	1.90735e-06	3.8147e-06	7.62939e-06	1.52588e-05	3.05176e-05	6.10351e-05	0.00012207	0.000244141	0.000488281	0.000976562	0.00195312	0.00390625	0.0078125	0.015625	0.03125	0.0625	0.125	0.25	0.5	0.999999
745	4.76837e-07	9.53674e-07	1.90735e-06	3.8147e-06	7.62939e-06	1.52588e-05	3.05176e-05	6.10351e-05	0.00012207	0.000244141	0.000488281	0.000976562	0.00195312	0.00390625	0.0078125	0.015625	0.03125	0.0625	0.125	0.25	0.5	0.999999
750	4.76837e-07	9.53674e-07	1.90735e-06	3.8147e-06	7.62939e-06	1.52588e-05	3.05176e-05	6.10351e-05	0.00012207	0.000244141	0.000488281	0.000976562	0.00195312	0.00390625	0.0078125	0.015625	0.03125	0.0625	0.125	0.25	0.5	0.999999
755	4.76837e-07	9.53674e-07	1.90735e-06	3.8147e-06	7.62939e-06	1.52588e-05	3.05176e-05	6.10351e-05	0.00012207	0.000244141	0.000488281	0.000976562	0.00195312	0.00390625	0.0078125	0.015625	0.03125	0.0625	0.125	0.25	0.5	0.999999
760	4.76837e-07	9.53674e-07	1.90735e-06	3.8147e-06	7.62939e-06	1.52588e-05	3.05176e-05	6.10351e-05	0.00012207	0.000244141	0.000488281	0.000976562	0.00195312	0.00390625	0.0078125	0.015625	0.03125	0.0625	0.125	0.25	0.5	0.999999
765	4.76837e-07	9.53674e-07	1.90735e-06	3.8147e-06	7.62939e-06	1.52588e-05	3.05176e-05	6.10351e-05	0.00012207	0.000244141	0.000488281	0.000976562	0.00195312	0.00390625	0.0078125	0.015625	0.03125	0.0625	0.125	0.25	0.5	0.999999
770	4.76837e-07	9.53674e-07	1.90735e-06	3.8147e-06	7.62939e-06	1.52588e-05	3.05176e-05	6.10351e-05	0.00012207	0.000244141	0.000488281	0.000976562	0.00195312	0.00390625	0.0078125	0.015625	0.03125	0.0625	0.125	0.25	0.5	0.999999
775	4.76837e-07	9.53674e-07	1.90735e-06	3.8147e-06	7.62939e-06	1.52588e-05	3.05176e-05	6.10351e-05	0.00012207	0.000244141	0.000488281	0.000976562	0.00195312	0.00390625	0.0078125	0.015625	0.03125	0.0625	0.125	0.25	0.5	0.999999
780	4.76837e-07	9.53674e-07	1.90735e-06	3.8147e-06	7.62939e-06	1.52588e-05	3.05176e-05	6.10351e-05	0.00012207	0.000244141	0.000488281	0.000976562	0.00195312	0.00390625	0.0078125	0.015625	0.03125	0.0625	0.125	0.25	0.5	0.999999
785	4.76837e-07	9.53674e-07	1.90735e-06	3.8147e-06	7.62939e-06	1.52588e-05	3.05176e-05	6.10351e-05	0.00012207	0.000244141	0.000488281	0.000976562	0.00195312	0.00390625	0.0078125	0.015625	0.03125	0.0625	0.125	0.25	0.5	0.999999
790	4.76837e-07	9.53674e-07	1.90735e-06	3.8147e-06	7.62939e-06	1.52588e-05	3.05176e-05	6.10351e-05	0.00012207	0.000244141	0.000488281	0.000976562	0.00195312	0.00390625	0.0078125	0.015625	0.03125	0.0625	0.125	0.25	0.5	0.999999
795	4.76837e-07	9.53674e-07	1.90735e-06	3.8147e-06	7.62939e-06	1.52588e-05	3.05176e-05	6.10351e-05	0.00012207	0.000244141	0.000488281	0.000976562	0.00195312	0.00390625	0.0078125	0.015625	0.03125	0.0625	0.125	0.25	0.5	0.999999
800	4.76837e-07	9.53674e-07	1.90735e-06	3.8147e-06	7.62939e-06	1.52588e-05	3.05176e-05	6.10351e-05	0.00012207	0.000244141	0.000488281	0.000976562	0.00195312	0.00390625	0.0078125	0.015625	0.03125	0.0625	0.125	0.25	0.5	0.999999
805	4.76837e-07	9.53674e-07	1.90735e-06	3.8147e-06	7.62939e-06	1.52588e-05	3.05176e-05	6.10351e-05	0.00012207	0.000244141	0.000488281	0.000976562	0.00195312	0.00390625	0.0078125	0.015625	0.03125	0.0625	0.125	0.25	0.5	0.999999
810	4.76837e-07	9.53674e-07	1.90735e-06	3.8147e-06	7.62939e-06	1.52588e-05	3.05176e-05	6.10351e-05	0.00012207	0.000244141	0.000488281	0.000976562	0.00195312	0.00390625	0.0078125	0.015625	0.03125	0.0625	0.125	0.25	0.5	0.999999
815	4.76837e-07	9.53674e-07	1.90735e-06	3.8147e-06	7.62939e-06	1.52588e-05	3.05176e-05	6.10351e-05	0.00012207	0.000244141	0.000488281	0.000976562	0.00195312	0.00390625	0.0078125	0.015625	0.03125	0.0625	0.125	0.25	0.5	0.999999
820	4.76837e-07	9.53674e-07	1.90735e-06	3.8147e-06	7.62939e-06	1.52588e-05	3.05176e-05	6.10351e-05	0.00012207	0.000244141	0.000488281	0.000976562	0.00195312	0.00390625	0.0078125	0.015625	0.03125	0.0625	0.125	0.25	0.5	0.999999
825	4.76837e-07	9.53674e-07	1.90735e-06	3.8147e-06	7.62939e-06	1.52588e-05	3.05176e-05	6.10351e-05	0.00012207	0.000244141	0.000488281	0.000976562	0.00195312	0.00390625	0.0078125	0.015625	0.03125	0.0625	0.125	0.25	0.5	0.999999
830	4.76837e-07	9.53674e-07	1.90735e-06	3.8147e-06	7.62939e-06	1.52588e-05	3.05176e-05	6.10351e-05	0.00012207	0.000244141	0.000488281	0.000976562	0.00195312	0.00390625	0.0078125	0.015625	0.03125	0.0625	0.125	0.25	0.5	0.999999
835	4.76837e-07	9.53674e-07	1.90735e-06	3.8147e-06	7.62939e-06	1.52588e-05	3.05176e-05	6.10351e-05	0.00012207	0.000244141	0.000488281	0.000976562	0.00195312	0.00390625	0.0078125	0.015625	0.03125	0.0625	0.125	0.25	0.5	0.999999
840	4.76837e-07	9.53674e-07	1.90735e-06	3.8147e-06	7.62939e-06	1.52588e-05	3.05176e-05	6.10351e-05	0.00012207	0.000244141	0.000488281	0.000976562	0.00195312	0.00390625	0.0078125	0.015625	0.03125	0.0625	0.125	0.25	0.5	0.999999
845	4.76837e-07	9.53674e-07	1.90735e-06	3.8147e-06	7.62939e-06	1.52588e-05	3.05176e-05	6.10351e-05	0.00012207	0.000244141	0.000488281	0.000976562	0.00195312	0.00390625	0.0078125	0.015625	0.03125	0.0625	0.125	0.25	0.5	0.999999
850	4.76837e-07	9.53674e-07	1.90735e-06	3.8147e-06	7.62939e-06	1.52588e-05	3.05176e-05	6.10351e-05	0.00012207	0.000244141	0.000488281	0.000976562	0.00195312	0.00390625	0.0078125	0.015625	0.03125	0.0625	0.125	0.25	0.5	0.999999
855	4.76837e-07	9.53674e-07	1.90735e-06	3.8147e-06	7.62939e-06	1.52588e-05	3.05176e-05	6.10351e-05	0.00012207	0.000244141	0.000488281	0.000976562	0.00195312	0.00390625	0.0078125	0.015625	0.03125	0.0625	0.125	0.25	0.5	0.999999
860	4.76837e-07	9.53674e-07	1.90735e-06	3.8147e-06	7.62939e-06	1.52588e-05	3.05176e-05	6.10351e-05	0.00012207	0.000244141	0.000488281	0.000976562	0.00195312	0.00390625	0.0078125	0.015625	0.03125	0.0625	0.125	0.25	0.5	0.999999
865	4.76837e-07	9.53674e-07	1.90735e-06	3.8147e-06	7.62939e-06	1.52588e-05	3.05176e-05	6.10351e-05	0.00012207	0.000244141	0.000488281	0.000976562	0.00195312	0.00390625	0.0078125	0.015625	0.03125	0.0625	0.125	0.25	0.5	0.999999
870	4.76837e-07	9.53674e-07	1.90735e-06	3.8147e-06	7.62939e-06	1.52588e-05	3.05176e-05	6.10351e-05	0.00012207	0.000244141	0.000488281	0.000976562	0.00195312	0.00390625	0.0078125	0.015625	0.03125	0.0625	0.125	0.25	0.5	0.999999
875	4.76837e-07	9.53674e-07	1.90735e-06	3.8147e-06	7.62939e-06	1.52588e-05	3.05176e-05	6.10351e-05	0.00012207	0.000244141	0.000488281	0.000976562	0.00195312	0.00390625	0.0078125	0.015625	0.03125	0.0625	0.125	0.25	0.5	0.999999
880	4.76837e-07	9.53674e-07	1.90735e-06	3.8147e-06	7.62939e-06	1.52588e-05	3.05176e-05	6.10351e-05	0.00012207	0.000244141	0.000488281	0.000976562	0.00195312	0.00390625	0.0078125	0.015625	0.03125	0.0625	0.125	0.25	0.5	0.999999
885	4.76837e-07	9.53674e-07	1.90735e-06	3.8147e-06	7.62939e-06	1.52588e-05	3.05176e-05	6.10351e-05	0.00012207	0.000244141	0.000488281	0.000976562	0.00195312	0.00390625	0.0078125	0.015625	0.03125	0.0625	0.125	0.25	0.5	0.999999
890	4.76837e-07	9.53674e-07	1.90735e-06	3.8147e-06	7.62939e-06	1.52588e-05	3.05176e-05	6.10351e-05	0.00012207	0.000244141	0.000488281	0.000976562	0.00195312	0.00390625	0.0078125	0.015625	0.03125	0.0625	0.125	0.25	0.5	0.999999
895	4.76837e-07	9.53674e-07	1.90735e-06	3.8147e-06	7.62939e-06	1.52588e-05	3.05176e-05	6.10351e-05	0.00012207	0.000244141	0.000488281	0.000976562	0.00195312	0.00390625	0.0078125	0.015625	0.03125	0.0625	0.125	0.25	0.5	0.999999
900	4.76837e-07	9.53674e-07	1.90735e-06	3.8147e-06	7.62939e-06	1.52588e-05	3.05176e-05	6.10351e-05	0.00012207	0.000244141	0.000488281	0.000976562	0.00195312	0.00390625	0.0078125	0.015625	0.03125	0.0625	0.125	0.25	0.5	0.999999
905	4.76837e-07	9.53674e-07	1.90735e-06	3.8147e-06	7.62939e-06	1.52588e-05	3.05176e-05	6.10351e-05	0.00012207	0.000244141	0.000488281	0.000976562	0.00195312	0.00390625	0.0078125	0.015625	0.03125	0.0625	0.125	0.25	0.5	0.999999
910	4.76837e-07	9.53674e-07	1.90735e-06	3.8147e-06	7.62939e-06	1.52588e-05	3.05176e-05	6.10351e-05	0.00012207	0.000244141	0.000488281	0.000976562	0.00195312	0.00390625	0.0078125	0.015625	0.03125	0.0625	0.125	0.25	0.5	0.999999
915	4.76837e-07	9.53674e-07	1.90735e-06	3.8147e-06	7.62939e-06	1.52588e-05	3.05176e-05	6.10351e-05	0.00012207	0.000244141	0.000488281	0.000976562	0.00195312	0.00390625	0.0078125	0.015625	0.03125	0.0625	0.125	0.25	0.5	0.999999
920	4.76837e-07	9.53674e-07	1.90735e-06	3.8147e-06	7.62939e-06	1.52588e-05	3.05176e-05	6.10351e-05	0.00012207	0.000244141	0.000488281	0.000976562	0.00195312	0.00390625	0.0078125	0.015625	0.03125	0.0625	0.125	0.25	0.5	0.999999
925	4.76837e-07	9.53674e-07	1.90735e-06	3.8147e-06	7.62939e-06	1.52588e-05	3.05176e-05	6.10351e-05	0.00012207	0.000244141	0.000488281	0.000976562	0.00195312	0.00390625	0.0078125	0.015625	0.03125	0.0625	0.125	0.25	0.5	0.999999
930	4.76837e-07	9.53674e-07	1.90735e-06	3.8147e-06	7.62939e-06	1.52588e-05	3.05176e-05	6.10351e-05	0.00012207	0.000244141	0.000488281	0.000976562	0.00195312	0.00390625	0.0078125	0.015625	0.03125	0.0625	0.125	0.25	0.5	0.999999
935	4.76837e-07	9.53674e-07	1.90735e-06	3.8147e-06	7.62939e-06	1.52588e-05	3.05176e-05	6.10351e-05	0.00012207	0.000244141	0.000488281	0.000976562	0.00195312	0.00390625	0.0078125	0.015625	0.03125	0.0625	0.125	0.25	0.5	0.999999
940	4.76837e-07	9.53674e-07	1.90735e-06	3.8147e-06	7.62939e-06	1.52588e-05	3.05176e-05	6.10351e-05	0.00012207	0.000244141	0.000488281	0.000976562	0.00195312	0.00390625	0.0078125	0.015625	0.03125	0.0625	0.125	0.25	0.5	0.999999
945	4.76837e-07	9.53674e-07	1.90735e-06	3.8147e-06	7.62939e-06	1.52588e-05	3.05176e-05	6.10351e-05	0.00012207	0.000244141	0.000488281	0.000976562	0.00195312	0.00390625	0.0078125	0.015625	0.03125	0.0625	0.125	0.25	0.5	0.999999
950	4.76837e-07	9.53674e-07	1.90735e-06	3.8147e-06	7.62939e-06	1.52588e-05	3.05176e-05	6.10351e-05	0.00012207	0.000244141	0.000488281	0.000976562	0.00195312	0.00390625	0.0078125	0.015625	0.03125	0.0625	0.125	0.25	0.5	0.999999
955	4.76837e-07	9.53674e-07	1.90735e-06	3.8147e-06	7.62939e-06	1.52588e-05	3.05176e-05	6.10351e-05	0.00012207	0.000244141	0.000488281	0.000976562	0.00195312	0.00390625	0.0078125	0.015625	0.03125	0.0625	0.125	0.25	0.5	0.999999
960	4.76837e-07	9.53674e-07	1.90735e-06	3.8147e-06	7.62939e-06	1.52588e-05	3.05176e-05	6.10351e-05	0.00012207	0.000244141	0.000488281	0.000976562	0.00195312	0.00390625	0.0078125	0.015625	0.03125	0.0625	0.125	0.25	0.5	0.999999
965	4.76837e-07	9.53674e-07	1.90735e-06	3.8147e-06	7.62939e-06	1.52588e-05	3.05176e-05	6.10351e-05	0.00012207	0.000244141	0.000488281	0.000976562	0.00195312	0.00390625	0.0078125	0.015625	0.03125	0.0625	0.125	0.25	0.5	0.999999
970	4.76837e-07	9.53674e-07	1.90735e-06	3.8147e-06	7.62939e-06	1.52588e-05	3.05176e-05	6.10351e-05	0.00012207	0.000244141	0.000488281	0.000976562	0.00195312	0.00390625	0.0078125	0.015625	0.03125	0.0625	0.125	0.25	0.5	0.999999
975	4.76837e-07	9.53674e-07	1.90735e-06	3.8147e-06	7.62939e-06	1.52588e-05	3.05176e-05	6.10351e-05	0.00012207	0.000244141	0.000488281	0.000976562	0.00195312	0.00390625	0.0078125	0.015625	0.03125	0.0625	0.125	0.25	0.5	0.999999
980	4.76837e-07	9.53674e-07	1.90735e-06	3.8147e-06	7.62939e-06	1.52588e-05	3.05176e-05	6.10351e-05	0.00012207	0.000244141	0.000488281	0.000976562	0.00195312	0.00390625	0.0078125	0.015625	0.03125	0.0625	0.125	0.25	0.5	0.999999
985	4.76837e-07	9.53674e-07	1.90735e-06	3.8147e-06	7.62939e-06	1.52588e-05	3.05176e-05	6.10351e-05	0.00012207	0.000244141	0.000488281	0.000976562	0.00195312	0.00390625	0.0078125	0.015625	0.03125	0.0625	0.125	0.25	0.5	0.999999
990	4.76837e-07	9.53674e-07	1.90735e-06	3.8147e-06	7.62939e-06	1.52588e-05	3.05176e-05	6.10351e-05	0.00012207	0.000244141	0.000488281	0.000976562	0.00195312	0.00390625	0.0078125	0.015625	0.03125	0.0625	0.125	0.25	0.5	0.999999
995	4.76837e-07	9.53674e-07	1.90735e-06	3.8147e-06	7.62939e-06	1.52588e-05	3.05176e-05	6.10351e-05	0.00012207	0.000244141	0.000488281	0.000976562	0.00195312	0.00390625	0.0078125	0.015625	0.03125	0.0625	0.125	0.25	0.5	0.999999
1000	4.76837e-07	9.53674e-07	1.90735e-06	3.8147e-06	7.62939e-06	1.52588e-05	3.05176e-05	6.10351e-05	0.00012207	0.000244141	0.000488281	0.000976562	0.00195312	0.00390625	0.0078125	0.015625	0.03125	0.0625	0.125	0.25	0.5	0.999999


