This file contains any messages produced by compilers while
running configure, to aid debugging if configure makes a mistake.

It was created by vc-dwim configure 1.9, which was
generated by GNU Autoconf 2.69.197-b8fd7-dirty.  Invocation command line was

  $ ./configure

## --------- ##
## Platform. ##
## --------- ##

hostname = rishon
uname -m = x86_64
uname -r = 4.15.0-72-generic
uname -s = Linux
uname -v = #81-Ubuntu SMP Tue Nov 26 12:20:02 UTC 2019

/usr/bin/uname -p = unknown
/bin/uname -X     = unknown

/bin/arch              = unknown
/usr/bin/arch -k       = unknown
/usr/convex/getsysinfo = unknown
/usr/bin/hostinfo      = unknown
/bin/machine           = unknown
/usr/bin/oslevel       = unknown
/bin/universe          = unknown

PATH: /home/carolhanna/miniconda3/bin/
PATH: /home/carolhanna/miniconda3/condabin/
PATH: /usr/local/sbin/
PATH: /usr/local/bin/
PATH: /usr/sbin/
PATH: /usr/bin/
PATH: /sbin/
PATH: /bin/
PATH: /usr/games/
PATH: /usr/local/games/
PATH: /snap/bin/


## ----------- ##
## Core tests. ##
## ----------- ##

configure:1920: checking for a BSD-compatible install
configure:1993: result: /usr/bin/install -c
configure:2004: checking whether build environment is sane
configure:2059: result: yes
configure:2220: checking for a race-free mkdir -p
configure:2264: result: /bin/mkdir -p
configure:2271: checking for gawk
configure:2292: found /usr/bin/gawk
configure:2303: result: gawk
configure:2314: checking whether make sets $(MAKE)
configure:2337: result: yes
configure:2367: checking whether make supports nested variables
configure:2385: result: yes
configure:2519: checking whether make supports nested variables
configure:2537: result: yes
configure:2559: checking whether make supports the include directive
configure:2574: make -f confmf.GNU && cat confinc.out
this is the am__doit target
configure:2577: $? = 0
configure:2596: result: yes (GNU style)
configure:2672: checking for gcc
configure:2693: found /usr/bin/gcc
configure:2704: result: gcc
configure:3057: checking for C compiler version
configure:3066: gcc --version >&5
gcc (Ubuntu 7.5.0-3ubuntu1~18.04) 7.5.0
Copyright (C) 2017 Free Software Foundation, Inc.
This is free software; see the source for copying conditions.  There is NO
warranty; not even for MERCHANTABILITY or FITNESS FOR A PARTICULAR PURPOSE.

configure:3077: $? = 0
configure:3066: gcc -v >&5
Using built-in specs.
COLLECT_GCC=gcc
COLLECT_LTO_WRAPPER=/usr/lib/gcc/x86_64-linux-gnu/7/lto-wrapper
OFFLOAD_TARGET_NAMES=nvptx-none
OFFLOAD_TARGET_DEFAULT=1
Target: x86_64-linux-gnu
Configured with: ../src/configure -v --with-pkgversion='Ubuntu 7.5.0-3ubuntu1~18.04' --with-bugurl=file:///usr/share/doc/gcc-7/README.Bugs --enable-languages=c,ada,c++,go,brig,d,fortran,objc,obj-c++ --prefix=/usr --with-gcc-major-version-only --program-suffix=-7 --program-prefix=x86_64-linux-gnu- --enable-shared --enable-linker-build-id --libexecdir=/usr/lib --without-included-gettext --enable-threads=posix --libdir=/usr/lib --enable-nls --enable-bootstrap --enable-clocale=gnu --enable-libstdcxx-debug --enable-libstdcxx-time=yes --with-default-libstdcxx-abi=new --enable-gnu-unique-object --disable-vtable-verify --enable-libmpx --enable-plugin --enable-default-pie --with-system-zlib --with-target-system-zlib --enable-objc-gc=auto --enable-multiarch --disable-werror --with-arch-32=i686 --with-abi=m64 --with-multilib-list=m32,m64,mx32 --enable-multilib --with-tune=generic --enable-offload-targets=nvptx-none --without-cuda-driver --enable-checking=release --build=x86_64-linux-gnu --host=x86_64-linux-gnu --target=x86_64-linux-gnu
Thread model: posix
gcc version 7.5.0 (Ubuntu 7.5.0-3ubuntu1~18.04) 
configure:3077: $? = 0
configure:3066: gcc -V >&5
gcc: error: unrecognized command line option '-V'
gcc: fatal error: no input files
compilation terminated.
configure:3077: $? = 1
configure:3066: gcc -qversion >&5
gcc: error: unrecognized command line option '-qversion'; did you mean '--version'?
gcc: fatal error: no input files
compilation terminated.
configure:3077: $? = 1
configure:3066: gcc -version >&5
gcc: error: unrecognized command line option '-version'
gcc: fatal error: no input files
compilation terminated.
configure:3077: $? = 1
configure:3097: checking whether the C compiler works
configure:3119: gcc    conftest.c  >&5
configure:3123: $? = 0
configure:3173: result: yes
configure:3176: checking for C compiler default output file name
configure:3178: result: a.out
configure:3184: checking for suffix of executables
configure:3191: gcc -o conftest    conftest.c  >&5
configure:3195: $? = 0
configure:3218: result: 
configure:3240: checking whether we are cross compiling
configure:3250: gcc -o conftest    conftest.c  >&5
configure:3254: $? = 0
configure:3261: ./conftest
configure:3265: $? = 0
configure:3280: result: no
configure:3285: checking for suffix of object files
configure:3308: gcc -c   conftest.c >&5
configure:3312: $? = 0
configure:3334: result: o
configure:3338: checking whether the compiler supports GNU C
configure:3358: gcc -c   conftest.c >&5
configure:3358: $? = 0
configure:3368: result: yes
configure:3377: checking whether gcc accepts -g
configure:3398: gcc -c -g  conftest.c >&5
configure:3398: $? = 0
configure:3442: result: yes
configure:3459: checking for gcc option to enable C11 features
configure:3663: gcc  -c -g -O2  conftest.c >&5
configure:3663: $? = 0
configure:3678: result: none needed
configure:3991: checking whether gcc understands -c and -o together
configure:4014: gcc -c conftest.c -o conftest2.o
configure:4017: $? = 0
configure:4014: gcc -c conftest.c -o conftest2.o
configure:4017: $? = 0
configure:4029: result: yes
configure:4048: checking dependency style of gcc
configure:4160: result: gcc3
configure:4181: checking how to run the C preprocessor
configure:4207: gcc -E  conftest.c
configure:4207: $? = 0
configure:4222: gcc -E  conftest.c
conftest.c:11:10: fatal error: ac_nonexistent.h: No such file or directory
 #include <ac_nonexistent.h>
          ^~~~~~~~~~~~~~~~~~
compilation terminated.
configure:4222: $? = 1
configure: failed program was:
| /* confdefs.h */
| #define PACKAGE_NAME "vc-dwim"
| #define PACKAGE_TARNAME "vc-dwim"
| #define PACKAGE_VERSION "1.9"
| #define PACKAGE_STRING "vc-dwim 1.9"
| #define PACKAGE_BUGREPORT "bug-vc-dwim@gnu.org"
| #define PACKAGE_URL ""
| #define PACKAGE "vc-dwim"
| #define VERSION "1.9"
| /* end confdefs.h.  */
| #include <ac_nonexistent.h>
configure:4249: result: gcc -E
configure:4263: gcc -E  conftest.c
configure:4263: $? = 0
configure:4278: gcc -E  conftest.c
conftest.c:11:10: fatal error: ac_nonexistent.h: No such file or directory
 #include <ac_nonexistent.h>
          ^~~~~~~~~~~~~~~~~~
compilation terminated.
configure:4278: $? = 1
configure: failed program was:
| /* confdefs.h */
| #define PACKAGE_NAME "vc-dwim"
| #define PACKAGE_TARNAME "vc-dwim"
| #define PACKAGE_VERSION "1.9"
| #define PACKAGE_STRING "vc-dwim 1.9"
| #define PACKAGE_BUGREPORT "bug-vc-dwim@gnu.org"
| #define PACKAGE_URL ""
| #define PACKAGE "vc-dwim"
| #define VERSION "1.9"
| /* end confdefs.h.  */
| #include <ac_nonexistent.h>
configure:4309: checking for grep that handles long lines and -e
configure:4373: result: /bin/grep
configure:4378: checking for egrep
configure:4446: result: /bin/grep -E
configure:4454: checking for Minix Amsterdam compiler
configure:4480: result: no
configure:4542: checking for ar
configure:4563: found /usr/bin/ar
configure:4574: result: ar
configure:4654: checking for ranlib
configure:4675: found /usr/bin/ranlib
configure:4686: result: ranlib
configure:4765: checking for a sed that does not truncate output
configure:4835: result: /bin/sed
configure:4885: checking for perl5.005 or newer
configure:4909: result: yes
configure:4925: checking for a shell that conforms to POSIX
configure:4967: result: /bin/sh
configure:5020: checking for perl
configure:5043: found /usr/bin/perl
configure:5055: result: /usr/bin/perl
configure:5077: checking for gawk
configure:5109: result: gawk
configure:5124: checking for ctags-exuberant
configure:5159: result: no
configure:5124: checking for ctags
configure:5159: result: no
configure:5169: checking whether  prints an extra column
configure:5189: result: no
configure:5198: checking for gpatch
configure:5233: result: no
configure:5198: checking for patch
configure:5219: found /usr/bin/patch
configure:5230: result: patch
configure:5399: checking that generated files are newer than configure
configure:5405: result: done
configure:5469: creating ./config.status

## ---------------------- ##
## Running config.status. ##
## ---------------------- ##

This file was extended by vc-dwim config.status 1.9, which was
generated by GNU Autoconf 2.69.197-b8fd7-dirty.  Invocation command line was

  CONFIG_FILES    = 
  CONFIG_HEADERS  = 
  CONFIG_LINKS    = 
  CONFIG_COMMANDS = 
  $ ./config.status 

on rishon

config.status:6275: creating Makefile
config.status:6275: creating doc/Makefile
config.status:6275: creating man/Makefile
config.status:6275: creating tests/Makefile
config.status:6275: creating vc-chlog
config.status:6476: executing depfiles commands

## ---------------- ##
## Cache variables. ##
## ---------------- ##

ac_cv_c_compiler_gnu='yes'
ac_cv_env_CC_set=''
ac_cv_env_CC_value=''
ac_cv_env_CFLAGS_set=''
ac_cv_env_CFLAGS_value=''
ac_cv_env_CPPFLAGS_set=''
ac_cv_env_CPPFLAGS_value=''
ac_cv_env_CPP_set=''
ac_cv_env_CPP_value=''
ac_cv_env_CTAGS_set=''
ac_cv_env_CTAGS_value=''
ac_cv_env_LDFLAGS_set=''
ac_cv_env_LDFLAGS_value=''
ac_cv_env_LIBS_set=''
ac_cv_env_LIBS_value=''
ac_cv_env_PATCH_set=''
ac_cv_env_PATCH_value=''
ac_cv_env_build_alias_set=''
ac_cv_env_build_alias_value=''
ac_cv_env_host_alias_set=''
ac_cv_env_host_alias_value=''
ac_cv_env_target_alias_set=''
ac_cv_env_target_alias_value=''
ac_cv_objext='o'
ac_cv_path_EGREP='/bin/grep -E'
ac_cv_path_GREP='/bin/grep'
ac_cv_path_PERL='/usr/bin/perl'
ac_cv_path_SED='/bin/sed'
ac_cv_path_install='/usr/bin/install -c'
ac_cv_path_mkdir='/bin/mkdir'
ac_cv_prog_AWK='gawk'
ac_cv_prog_CPP='gcc -E'
ac_cv_prog_PATCH='patch'
ac_cv_prog_ac_ct_AR='ar'
ac_cv_prog_ac_ct_CC='gcc'
ac_cv_prog_ac_ct_RANLIB='ranlib'
ac_cv_prog_cc_c11=''
ac_cv_prog_cc_g='yes'
ac_cv_prog_cc_stdc=''
ac_cv_prog_make_make_set='yes'
am_cv_CC_dependencies_compiler_type='gcc3'
am_cv_make_support_nested_variables='yes'
am_cv_prog_cc_c_o='yes'
gl_cv_c_amsterdam_compiler='no'
gl_cv_posix_shell='/bin/sh'
rw_cv_ctags_type_column='no'

## ----------------- ##
## Output variables. ##
## ----------------- ##

ACLOCAL='${SHELL} /home/carolhanna/Security_Project/gnu_dataset/vc-dwim-1.9/build-aux/missing aclocal-1.16'
AMDEPBACKSLASH='\'
AMDEP_FALSE='#'
AMDEP_TRUE=''
AMTAR='$${TAR-tar}'
AM_BACKSLASH='\'
AM_DEFAULT_V='$(AM_DEFAULT_VERBOSITY)'
AM_DEFAULT_VERBOSITY='0'
AM_V='$(V)'
AR='ar'
ARFLAGS='cr'
AUTOCONF='${SHELL} /home/carolhanna/Security_Project/gnu_dataset/vc-dwim-1.9/build-aux/missing autoconf'
AUTOHEADER='${SHELL} /home/carolhanna/Security_Project/gnu_dataset/vc-dwim-1.9/build-aux/missing autoheader'
AUTOMAKE='${SHELL} /home/carolhanna/Security_Project/gnu_dataset/vc-dwim-1.9/build-aux/missing automake-1.16'
AWK='gawk'
CC='gcc'
CCDEPMODE='depmode=gcc3'
CFLAGS='-g -O2'
CPP='gcc -E'
CPPFLAGS=''
CTAGS=''
CYGPATH_W='echo'
DEFS='-DPACKAGE_NAME=\"vc-dwim\" -DPACKAGE_TARNAME=\"vc-dwim\" -DPACKAGE_VERSION=\"1.9\" -DPACKAGE_STRING=\"vc-dwim\ 1.9\" -DPACKAGE_BUGREPORT=\"bug-vc-dwim@gnu.org\" -DPACKAGE_URL=\"\" -DPACKAGE=\"vc-dwim\" -DVERSION=\"1.9\"'
DEPDIR='.deps'
ECHO_C=''
ECHO_N='-n'
ECHO_T=''
EGREP='/bin/grep -E'
EXEEXT=''
GL_COND_LIBTOOL_FALSE=''
GL_COND_LIBTOOL_TRUE='#'
GNU_MAKE_FALSE='#'
GNU_MAKE_TRUE=''
GREP='/bin/grep'
HELP2MAN='${SHELL} /home/carolhanna/Security_Project/gnu_dataset/vc-dwim-1.9/build-aux/missing help2man'
INSTALL_DATA='${INSTALL} -m 644'
INSTALL_PROGRAM='${INSTALL}'
INSTALL_SCRIPT='${INSTALL}'
INSTALL_STRIP_PROGRAM='$(install_sh) -c -s'
LDFLAGS=''
LIBOBJS=''
LIBS=''
LIBVC_DWIM_LIBDEPS=''
LIBVC_DWIM_LTLIBDEPS=''
LTLIBOBJS=''
MAKEINFO='${SHELL} /home/carolhanna/Security_Project/gnu_dataset/vc-dwim-1.9/build-aux/missing makeinfo'
MKDIR_P='/bin/mkdir -p'
OBJEXT='o'
PACKAGE='vc-dwim'
PACKAGE_BUGREPORT='bug-vc-dwim@gnu.org'
PACKAGE_NAME='vc-dwim'
PACKAGE_STRING='vc-dwim 1.9'
PACKAGE_TARNAME='vc-dwim'
PACKAGE_URL=''
PACKAGE_VERSION='1.9'
PATCH='patch'
PATH_SEPARATOR=':'
PERL='/usr/bin/perl'
POD2MAN='${SHELL} /home/carolhanna/Security_Project/gnu_dataset/vc-dwim-1.9/build-aux/missing pod2man'
POSIX_SHELL='/bin/sh'
PREFERABLY_POSIX_SHELL='/bin/sh'
RANLIB='ranlib'
SED='/bin/sed'
SET_MAKE=''
SHELL='/bin/sh'
STRIP=''
VERSION='1.9'
ac_ct_CC='gcc'
am__EXEEXT_FALSE=''
am__EXEEXT_TRUE='#'
am__fastdepCC_FALSE='#'
am__fastdepCC_TRUE=''
am__include='include'
am__isrc=''
am__leading_dot='.'
am__nodep='_no'
am__quote=''
am__tar='$${TAR-tar} chof - "$$tardir"'
am__untar='$${TAR-tar} xf -'
bindir='${exec_prefix}/bin'
build_alias=''
ctags_strip_type_column='no'
datadir='${datarootdir}'
datarootdir='${prefix}/share'
docdir='${datarootdir}/doc/${PACKAGE_TARNAME}'
dvidir='${docdir}'
exec_prefix='${prefix}'
gl_LIBOBJS=''
gl_LTLIBOBJS=''
gltests_LIBOBJS=''
gltests_LTLIBOBJS=''
gltests_WITNESS='IN_VC_DWIM_GNULIB_TESTS'
host_alias=''
htmldir='${docdir}'
includedir='${prefix}/include'
infodir='${datarootdir}/info'
install_sh='${SHELL} /home/carolhanna/Security_Project/gnu_dataset/vc-dwim-1.9/build-aux/install-sh'
libdir='${exec_prefix}/lib'
libexecdir='${exec_prefix}/libexec'
localedir='${datarootdir}/locale'
localstatedir='${prefix}/var'
mandir='${datarootdir}/man'
mkdir_p='$(MKDIR_P)'
oldincludedir='/usr/include'
pdfdir='${docdir}'
prefix='/usr/local'
program_transform_name='s,x,x,'
psdir='${docdir}'
runstatedir='${localstatedir}/run'
sbindir='${exec_prefix}/sbin'
sharedstatedir='${prefix}/com'
sysconfdir='${prefix}/etc'
target_alias=''

## ----------- ##
## confdefs.h. ##
## ----------- ##

/* confdefs.h */
#define PACKAGE_NAME "vc-dwim"
#define PACKAGE_TARNAME "vc-dwim"
#define PACKAGE_VERSION "1.9"
#define PACKAGE_STRING "vc-dwim 1.9"
#define PACKAGE_BUGREPORT "bug-vc-dwim@gnu.org"
#define PACKAGE_URL ""
#define PACKAGE "vc-dwim"
#define VERSION "1.9"

configure: exit 0
