This file contains any messages produced by compilers while
running configure, to aid debugging if configure makes a mistake.

configure:566: checking for a BSD compatible install
configure:619: checking whether build environment is sane
configure:676: checking whether make sets ${MAKE}
configure:722: checking for working aclocal
configure:735: checking for working autoconf
configure:748: checking for working automake
configure:761: checking for working autoheader
configure:774: checking for working makeinfo
configure:873: checking host system type
configure:894: checking build system type
configure:914: checking for ranlib
configure:944: checking for gcc
configure:1057: checking whether the C compiler (gcc  ) works
configure:1073: gcc -o conftest    conftest.c  1>&5
configure:1070:1: warning: return type defaults to 'int' [-Wimplicit-int]
 main(){return(0);}
 ^~~~
configure:1099: checking whether the C compiler (gcc  ) is a cross-compiler
configure:1104: checking whether we are using GNU C
configure:1113: gcc -E conftest.c
configure:1132: checking whether gcc accepts -g
configure:1175: checking for ld used by GCC
configure:1237: checking if the linker (/usr/bin/ld) is GNU ld
GNU ld (GNU Binutils for Ubuntu) 2.30
configure:1253: checking for BSD-compatible nm
configure:1289: checking whether ln -s works
