This file contains any messages produced by compilers while
running configure, to aid debugging if configure makes a mistake.

It was created by configure, which was
generated by GNU Autoconf 2.59.  Invocation command line was

  $ ./configure --prefix=/usr/local --disable-option-checking --cache-file=/dev/null --srcdir=.

## --------- ##
## Platform. ##
## --------- ##

hostname = rishon
uname -m = x86_64
uname -r = 4.15.0-72-generic
uname -s = Linux
uname -v = #81-Ubuntu SMP Tue Nov 26 12:20:02 UTC 2019

/usr/bin/uname -p = unknown
/bin/uname -X     = unknown

/bin/arch              = unknown
/usr/bin/arch -k       = unknown
/usr/convex/getsysinfo = unknown
hostinfo               = unknown
/bin/machine           = unknown
/usr/bin/oslevel       = unknown
/bin/universe          = unknown

PATH: /home/carolhanna/miniconda3/bin
PATH: /home/carolhanna/miniconda3/condabin
PATH: /usr/local/sbin
PATH: /usr/local/bin
PATH: /usr/sbin
PATH: /usr/bin
PATH: /sbin
PATH: /bin
PATH: /usr/games
PATH: /usr/local/games
PATH: /snap/bin


## ----------- ##
## Core tests. ##
## ----------- ##

configure:1352: checking for gcc
configure:1368: found /usr/bin/gcc
configure:1378: result: gcc
configure:1622: checking for C compiler version
configure:1625: gcc --version </dev/null >&5
gcc (Ubuntu 7.5.0-3ubuntu1~18.04) 7.5.0
Copyright (C) 2017 Free Software Foundation, Inc.
This is free software; see the source for copying conditions.  There is NO
warranty; not even for MERCHANTABILITY or FITNESS FOR A PARTICULAR PURPOSE.

configure:1628: $? = 0
configure:1630: gcc -v </dev/null >&5
Using built-in specs.
COLLECT_GCC=gcc
COLLECT_LTO_WRAPPER=/usr/lib/gcc/x86_64-linux-gnu/7/lto-wrapper
OFFLOAD_TARGET_NAMES=nvptx-none
OFFLOAD_TARGET_DEFAULT=1
Target: x86_64-linux-gnu
Configured with: ../src/configure -v --with-pkgversion='Ubuntu 7.5.0-3ubuntu1~18.04' --with-bugurl=file:///usr/share/doc/gcc-7/README.Bugs --enable-languages=c,ada,c++,go,brig,d,fortran,objc,obj-c++ --prefix=/usr --with-gcc-major-version-only --program-suffix=-7 --program-prefix=x86_64-linux-gnu- --enable-shared --enable-linker-build-id --libexecdir=/usr/lib --without-included-gettext --enable-threads=posix --libdir=/usr/lib --enable-nls --enable-bootstrap --enable-clocale=gnu --enable-libstdcxx-debug --enable-libstdcxx-time=yes --with-default-libstdcxx-abi=new --enable-gnu-unique-object --disable-vtable-verify --enable-libmpx --enable-plugin --enable-default-pie --with-system-zlib --with-target-system-zlib --enable-objc-gc=auto --enable-multiarch --disable-werror --with-arch-32=i686 --with-abi=m64 --with-multilib-list=m32,m64,mx32 --enable-multilib --with-tune=generic --enable-offload-targets=nvptx-none --without-cuda-driver --enable-checking=release --build=x86_64-linux-gnu --host=x86_64-linux-gnu --target=x86_64-linux-gnu
Thread model: posix
gcc version 7.5.0 (Ubuntu 7.5.0-3ubuntu1~18.04) 
configure:1633: $? = 0
configure:1635: gcc -V </dev/null >&5
gcc: error: unrecognized command line option '-V'
gcc: fatal error: no input files
compilation terminated.
configure:1638: $? = 1
configure:1661: checking for C compiler default output file name
configure:1664: gcc    conftest.c  >&5
configure:1667: $? = 0
configure:1713: result: a.out
configure:1718: checking whether the C compiler works
configure:1724: ./a.out
configure:1727: $? = 0
configure:1744: result: yes
configure:1751: checking whether we are cross compiling
configure:1753: result: no
configure:1756: checking for suffix of executables
configure:1758: gcc -o conftest    conftest.c  >&5
configure:1761: $? = 0
configure:1786: result: 
configure:1792: checking for suffix of object files
configure:1813: gcc -c   conftest.c >&5
configure:1816: $? = 0
configure:1838: result: o
configure:1842: checking whether we are using the GNU C compiler
configure:1866: gcc -c   conftest.c >&5
configure:1872: $? = 0
configure:1876: test -z 
			 || test ! -s conftest.err
configure:1879: $? = 0
configure:1882: test -s conftest.o
configure:1885: $? = 0
configure:1898: result: yes
configure:1904: checking whether gcc accepts -g
configure:1925: gcc -c -g  conftest.c >&5
configure:1931: $? = 0
configure:1935: test -z 
			 || test ! -s conftest.err
configure:1938: $? = 0
configure:1941: test -s conftest.o
configure:1944: $? = 0
configure:1955: result: yes
configure:1972: checking for gcc option to accept ANSI C
configure:2042: gcc  -c -g -O2  conftest.c >&5
configure:2048: $? = 0
configure:2052: test -z 
			 || test ! -s conftest.err
configure:2055: $? = 0
configure:2058: test -s conftest.o
configure:2061: $? = 0
configure:2079: result: none needed
configure:2097: gcc -c -g -O2  conftest.c >&5
conftest.c:2:3: error: unknown type name 'choke'
   choke me
   ^~~~~
conftest.c:2:3: error: expected '=', ',', ';', 'asm' or '__attribute__' at end of input
configure:2103: $? = 1
configure: failed program was:
| #ifndef __cplusplus
|   choke me
| #endif
configure:2288: checking for g++
configure:2304: found /usr/bin/g++
configure:2314: result: g++
configure:2330: checking for C++ compiler version
configure:2333: g++ --version </dev/null >&5
g++ (Ubuntu 7.5.0-3ubuntu1~18.04) 7.5.0
Copyright (C) 2017 Free Software Foundation, Inc.
This is free software; see the source for copying conditions.  There is NO
warranty; not even for MERCHANTABILITY or FITNESS FOR A PARTICULAR PURPOSE.

configure:2336: $? = 0
configure:2338: g++ -v </dev/null >&5
Using built-in specs.
COLLECT_GCC=g++
COLLECT_LTO_WRAPPER=/usr/lib/gcc/x86_64-linux-gnu/7/lto-wrapper
OFFLOAD_TARGET_NAMES=nvptx-none
OFFLOAD_TARGET_DEFAULT=1
Target: x86_64-linux-gnu
Configured with: ../src/configure -v --with-pkgversion='Ubuntu 7.5.0-3ubuntu1~18.04' --with-bugurl=file:///usr/share/doc/gcc-7/README.Bugs --enable-languages=c,ada,c++,go,brig,d,fortran,objc,obj-c++ --prefix=/usr --with-gcc-major-version-only --program-suffix=-7 --program-prefix=x86_64-linux-gnu- --enable-shared --enable-linker-build-id --libexecdir=/usr/lib --without-included-gettext --enable-threads=posix --libdir=/usr/lib --enable-nls --enable-bootstrap --enable-clocale=gnu --enable-libstdcxx-debug --enable-libstdcxx-time=yes --with-default-libstdcxx-abi=new --enable-gnu-unique-object --disable-vtable-verify --enable-libmpx --enable-plugin --enable-default-pie --with-system-zlib --with-target-system-zlib --enable-objc-gc=auto --enable-multiarch --disable-werror --with-arch-32=i686 --with-abi=m64 --with-multilib-list=m32,m64,mx32 --enable-multilib --with-tune=generic --enable-offload-targets=nvptx-none --without-cuda-driver --enable-checking=release --build=x86_64-linux-gnu --host=x86_64-linux-gnu --target=x86_64-linux-gnu
Thread model: posix
gcc version 7.5.0 (Ubuntu 7.5.0-3ubuntu1~18.04) 
configure:2341: $? = 0
configure:2343: g++ -V </dev/null >&5
g++: error: unrecognized command line option '-V'
g++: fatal error: no input files
compilation terminated.
configure:2346: $? = 1
configure:2349: checking whether we are using the GNU C++ compiler
configure:2373: g++ -c   conftest.cc >&5
configure:2379: $? = 0
configure:2383: test -z 
			 || test ! -s conftest.err
configure:2386: $? = 0
configure:2389: test -s conftest.o
configure:2392: $? = 0
configure:2405: result: yes
configure:2411: checking whether g++ accepts -g
configure:2432: g++ -c -g  conftest.cc >&5
configure:2438: $? = 0
configure:2442: test -z 
			 || test ! -s conftest.err
configure:2445: $? = 0
configure:2448: test -s conftest.o
configure:2451: $? = 0
configure:2462: result: yes
configure:2504: g++ -c -g -O2  conftest.cc >&5
configure:2510: $? = 0
configure:2514: test -z 
			 || test ! -s conftest.err
configure:2517: $? = 0
configure:2520: test -s conftest.o
configure:2523: $? = 0
configure:2549: g++ -c -g -O2  conftest.cc >&5
conftest.cc: In function 'int main()':
conftest.cc:13:1: error: 'exit' was not declared in this scope
 exit (42);
 ^~~~
configure:2555: $? = 1
configure: failed program was:
| /* confdefs.h.  */
| 
| #define PACKAGE_NAME ""
| #define PACKAGE_TARNAME ""
| #define PACKAGE_VERSION ""
| #define PACKAGE_STRING ""
| #define PACKAGE_BUGREPORT ""
| /* end confdefs.h.  */
| 
| int
| main ()
| {
| exit (42);
|   ;
|   return 0;
| }
configure:2504: g++ -c -g -O2  conftest.cc >&5
configure:2510: $? = 0
configure:2514: test -z 
			 || test ! -s conftest.err
configure:2517: $? = 0
configure:2520: test -s conftest.o
configure:2523: $? = 0
configure:2549: g++ -c -g -O2  conftest.cc >&5
configure:2555: $? = 0
configure:2559: test -z 
			 || test ! -s conftest.err
configure:2562: $? = 0
configure:2565: test -s conftest.o
configure:2568: $? = 0
configure:2596: checking how to run the C preprocessor
configure:2631: gcc -E  conftest.c
configure:2637: $? = 0
configure:2669: gcc -E  conftest.c
conftest.c:12:10: fatal error: ac_nonexistent.h: No such file or directory
 #include <ac_nonexistent.h>
          ^~~~~~~~~~~~~~~~~~
compilation terminated.
configure:2675: $? = 1
configure: failed program was:
| /* confdefs.h.  */
| 
| #define PACKAGE_NAME ""
| #define PACKAGE_TARNAME ""
| #define PACKAGE_VERSION ""
| #define PACKAGE_STRING ""
| #define PACKAGE_BUGREPORT ""
| #ifdef __cplusplus
| extern "C" void std::exit (int) throw (); using std::exit;
| #endif
| /* end confdefs.h.  */
| #include <ac_nonexistent.h>
configure:2714: result: gcc -E
configure:2738: gcc -E  conftest.c
configure:2744: $? = 0
configure:2776: gcc -E  conftest.c
conftest.c:12:10: fatal error: ac_nonexistent.h: No such file or directory
 #include <ac_nonexistent.h>
          ^~~~~~~~~~~~~~~~~~
compilation terminated.
configure:2782: $? = 1
configure: failed program was:
| /* confdefs.h.  */
| 
| #define PACKAGE_NAME ""
| #define PACKAGE_TARNAME ""
| #define PACKAGE_VERSION ""
| #define PACKAGE_STRING ""
| #define PACKAGE_BUGREPORT ""
| #ifdef __cplusplus
| extern "C" void std::exit (int) throw (); using std::exit;
| #endif
| /* end confdefs.h.  */
| #include <ac_nonexistent.h>
configure:2827: checking for egrep
configure:2837: result: grep -E
configure:2843: checking whether gcc needs -traditional
configure:2885: result: no
configure:2930: checking for a BSD-compatible install
configure:2985: result: /usr/bin/install -c
configure:3001: checking for gawk
configure:3017: found /usr/bin/gawk
configure:3027: result: gawk
configure:3037: checking whether ln -s works
configure:3041: result: yes
configure:3048: checking whether make sets $(MAKE)
configure:3068: result: yes
configure:3118: checking for ranlib
configure:3134: found /usr/bin/ranlib
configure:3145: result: ranlib
configure:3249: checking for ANSI C header files
configure:3274: gcc -c -W -Wall -Wctor-dtor-privacy -Wnon-virtual-dtor -Wreorder -g -O2  conftest.c >&5
cc1: warning: command line option '-Wctor-dtor-privacy' is valid for C++/ObjC++ but not for C
cc1: warning: command line option '-Wnon-virtual-dtor' is valid for C++/ObjC++ but not for C
cc1: warning: command line option '-Wreorder' is valid for C++/ObjC++ but not for C
configure:3280: $? = 0
configure:3284: test -z 
			 || test ! -s conftest.err
configure:3287: $? = 0
configure:3290: test -s conftest.o
configure:3293: $? = 0
configure:3382: gcc -o conftest -W -Wall -Wctor-dtor-privacy -Wnon-virtual-dtor -Wreorder -g -O2   conftest.c  >&5
cc1: warning: command line option '-Wctor-dtor-privacy' is valid for C++/ObjC++ but not for C
cc1: warning: command line option '-Wnon-virtual-dtor' is valid for C++/ObjC++ but not for C
cc1: warning: command line option '-Wreorder' is valid for C++/ObjC++ but not for C
conftest.c: In function 'main':
conftest.c:30:7: warning: implicit declaration of function 'exit' [-Wimplicit-function-declaration]
       exit(2);
       ^~~~
conftest.c:30:7: warning: incompatible implicit declaration of built-in function 'exit'
conftest.c:30:7: note: include '<stdlib.h>' or provide a declaration of 'exit'
conftest.c:31:3: warning: incompatible implicit declaration of built-in function 'exit'
   exit (0);
   ^~~~
conftest.c:31:3: note: include '<stdlib.h>' or provide a declaration of 'exit'
configure:3385: $? = 0
configure:3387: ./conftest
configure:3390: $? = 0
configure:3405: result: yes
configure:3429: checking for sys/types.h
configure:3445: gcc -c -W -Wall -Wctor-dtor-privacy -Wnon-virtual-dtor -Wreorder -g -O2  conftest.c >&5
cc1: warning: command line option '-Wctor-dtor-privacy' is valid for C++/ObjC++ but not for C
cc1: warning: command line option '-Wnon-virtual-dtor' is valid for C++/ObjC++ but not for C
cc1: warning: command line option '-Wreorder' is valid for C++/ObjC++ but not for C
configure:3451: $? = 0
configure:3455: test -z 
			 || test ! -s conftest.err
configure:3458: $? = 0
configure:3461: test -s conftest.o
configure:3464: $? = 0
configure:3475: result: yes
configure:3429: checking for sys/stat.h
configure:3445: gcc -c -W -Wall -Wctor-dtor-privacy -Wnon-virtual-dtor -Wreorder -g -O2  conftest.c >&5
cc1: warning: command line option '-Wctor-dtor-privacy' is valid for C++/ObjC++ but not for C
cc1: warning: command line option '-Wnon-virtual-dtor' is valid for C++/ObjC++ but not for C
cc1: warning: command line option '-Wreorder' is valid for C++/ObjC++ but not for C
configure:3451: $? = 0
configure:3455: test -z 
			 || test ! -s conftest.err
configure:3458: $? = 0
configure:3461: test -s conftest.o
configure:3464: $? = 0
configure:3475: result: yes
configure:3429: checking for stdlib.h
configure:3445: gcc -c -W -Wall -Wctor-dtor-privacy -Wnon-virtual-dtor -Wreorder -g -O2  conftest.c >&5
cc1: warning: command line option '-Wctor-dtor-privacy' is valid for C++/ObjC++ but not for C
cc1: warning: command line option '-Wnon-virtual-dtor' is valid for C++/ObjC++ but not for C
cc1: warning: command line option '-Wreorder' is valid for C++/ObjC++ but not for C
configure:3451: $? = 0
configure:3455: test -z 
			 || test ! -s conftest.err
configure:3458: $? = 0
configure:3461: test -s conftest.o
configure:3464: $? = 0
configure:3475: result: yes
configure:3429: checking for string.h
configure:3445: gcc -c -W -Wall -Wctor-dtor-privacy -Wnon-virtual-dtor -Wreorder -g -O2  conftest.c >&5
cc1: warning: command line option '-Wctor-dtor-privacy' is valid for C++/ObjC++ but not for C
cc1: warning: command line option '-Wnon-virtual-dtor' is valid for C++/ObjC++ but not for C
cc1: warning: command line option '-Wreorder' is valid for C++/ObjC++ but not for C
configure:3451: $? = 0
configure:3455: test -z 
			 || test ! -s conftest.err
configure:3458: $? = 0
configure:3461: test -s conftest.o
configure:3464: $? = 0
configure:3475: result: yes
configure:3429: checking for memory.h
configure:3445: gcc -c -W -Wall -Wctor-dtor-privacy -Wnon-virtual-dtor -Wreorder -g -O2  conftest.c >&5
cc1: warning: command line option '-Wctor-dtor-privacy' is valid for C++/ObjC++ but not for C
cc1: warning: command line option '-Wnon-virtual-dtor' is valid for C++/ObjC++ but not for C
cc1: warning: command line option '-Wreorder' is valid for C++/ObjC++ but not for C
configure:3451: $? = 0
configure:3455: test -z 
			 || test ! -s conftest.err
configure:3458: $? = 0
configure:3461: test -s conftest.o
configure:3464: $? = 0
configure:3475: result: yes
configure:3429: checking for strings.h
configure:3445: gcc -c -W -Wall -Wctor-dtor-privacy -Wnon-virtual-dtor -Wreorder -g -O2  conftest.c >&5
cc1: warning: command line option '-Wctor-dtor-privacy' is valid for C++/ObjC++ but not for C
cc1: warning: command line option '-Wnon-virtual-dtor' is valid for C++/ObjC++ but not for C
cc1: warning: command line option '-Wreorder' is valid for C++/ObjC++ but not for C
configure:3451: $? = 0
configure:3455: test -z 
			 || test ! -s conftest.err
configure:3458: $? = 0
configure:3461: test -s conftest.o
configure:3464: $? = 0
configure:3475: result: yes
configure:3429: checking for inttypes.h
configure:3445: gcc -c -W -Wall -Wctor-dtor-privacy -Wnon-virtual-dtor -Wreorder -g -O2  conftest.c >&5
cc1: warning: command line option '-Wctor-dtor-privacy' is valid for C++/ObjC++ but not for C
cc1: warning: command line option '-Wnon-virtual-dtor' is valid for C++/ObjC++ but not for C
cc1: warning: command line option '-Wreorder' is valid for C++/ObjC++ but not for C
configure:3451: $? = 0
configure:3455: test -z 
			 || test ! -s conftest.err
configure:3458: $? = 0
configure:3461: test -s conftest.o
configure:3464: $? = 0
configure:3475: result: yes
configure:3429: checking for stdint.h
configure:3445: gcc -c -W -Wall -Wctor-dtor-privacy -Wnon-virtual-dtor -Wreorder -g -O2  conftest.c >&5
cc1: warning: command line option '-Wctor-dtor-privacy' is valid for C++/ObjC++ but not for C
cc1: warning: command line option '-Wnon-virtual-dtor' is valid for C++/ObjC++ but not for C
cc1: warning: command line option '-Wreorder' is valid for C++/ObjC++ but not for C
configure:3451: $? = 0
configure:3455: test -z 
			 || test ! -s conftest.err
configure:3458: $? = 0
configure:3461: test -s conftest.o
configure:3464: $? = 0
configure:3475: result: yes
configure:3429: checking for unistd.h
configure:3445: gcc -c -W -Wall -Wctor-dtor-privacy -Wnon-virtual-dtor -Wreorder -g -O2  conftest.c >&5
cc1: warning: command line option '-Wctor-dtor-privacy' is valid for C++/ObjC++ but not for C
cc1: warning: command line option '-Wnon-virtual-dtor' is valid for C++/ObjC++ but not for C
cc1: warning: command line option '-Wreorder' is valid for C++/ObjC++ but not for C
configure:3451: $? = 0
configure:3455: test -z 
			 || test ! -s conftest.err
configure:3458: $? = 0
configure:3461: test -s conftest.o
configure:3464: $? = 0
configure:3475: result: yes
configure:3487: checking for int
configure:3511: gcc -c -W -Wall -Wctor-dtor-privacy -Wnon-virtual-dtor -Wreorder -g -O2  conftest.c >&5
cc1: warning: command line option '-Wctor-dtor-privacy' is valid for C++/ObjC++ but not for C
cc1: warning: command line option '-Wnon-virtual-dtor' is valid for C++/ObjC++ but not for C
cc1: warning: command line option '-Wreorder' is valid for C++/ObjC++ but not for C
configure:3517: $? = 0
configure:3521: test -z 
			 || test ! -s conftest.err
configure:3524: $? = 0
configure:3527: test -s conftest.o
configure:3530: $? = 0
configure:3541: result: yes
configure:3544: checking size of int
configure:3863: gcc -o conftest -W -Wall -Wctor-dtor-privacy -Wnon-virtual-dtor -Wreorder -g -O2   conftest.c  >&5
cc1: warning: command line option '-Wctor-dtor-privacy' is valid for C++/ObjC++ but not for C
cc1: warning: command line option '-Wnon-virtual-dtor' is valid for C++/ObjC++ but not for C
cc1: warning: command line option '-Wreorder' is valid for C++/ObjC++ but not for C
configure:3866: $? = 0
configure:3868: ./conftest
configure:3871: $? = 0
configure:3894: result: 4
configure:3901: checking for unsigned short
configure:3925: gcc -c -W -Wall -Wctor-dtor-privacy -Wnon-virtual-dtor -Wreorder -g -O2  conftest.c >&5
cc1: warning: command line option '-Wctor-dtor-privacy' is valid for C++/ObjC++ but not for C
cc1: warning: command line option '-Wnon-virtual-dtor' is valid for C++/ObjC++ but not for C
cc1: warning: command line option '-Wreorder' is valid for C++/ObjC++ but not for C
configure:3931: $? = 0
configure:3935: test -z 
			 || test ! -s conftest.err
configure:3938: $? = 0
configure:3941: test -s conftest.o
configure:3944: $? = 0
configure:3955: result: yes
configure:3958: checking size of unsigned short
configure:4277: gcc -o conftest -W -Wall -Wctor-dtor-privacy -Wnon-virtual-dtor -Wreorder -g -O2   conftest.c  >&5
cc1: warning: command line option '-Wctor-dtor-privacy' is valid for C++/ObjC++ but not for C
cc1: warning: command line option '-Wnon-virtual-dtor' is valid for C++/ObjC++ but not for C
cc1: warning: command line option '-Wreorder' is valid for C++/ObjC++ but not for C
configure:4280: $? = 0
configure:4282: ./conftest
configure:4285: $? = 0
configure:4308: result: 2
configure:4315: checking for unsigned int
configure:4339: gcc -c -W -Wall -Wctor-dtor-privacy -Wnon-virtual-dtor -Wreorder -g -O2  conftest.c >&5
cc1: warning: command line option '-Wctor-dtor-privacy' is valid for C++/ObjC++ but not for C
cc1: warning: command line option '-Wnon-virtual-dtor' is valid for C++/ObjC++ but not for C
cc1: warning: command line option '-Wreorder' is valid for C++/ObjC++ but not for C
configure:4345: $? = 0
configure:4349: test -z 
			 || test ! -s conftest.err
configure:4352: $? = 0
configure:4355: test -s conftest.o
configure:4358: $? = 0
configure:4369: result: yes
configure:4372: checking size of unsigned int
configure:4691: gcc -o conftest -W -Wall -Wctor-dtor-privacy -Wnon-virtual-dtor -Wreorder -g -O2   conftest.c  >&5
cc1: warning: command line option '-Wctor-dtor-privacy' is valid for C++/ObjC++ but not for C
cc1: warning: command line option '-Wnon-virtual-dtor' is valid for C++/ObjC++ but not for C
cc1: warning: command line option '-Wreorder' is valid for C++/ObjC++ but not for C
configure:4694: $? = 0
configure:4696: ./conftest
configure:4699: $? = 0
configure:4722: result: 4
configure:4729: checking for unsigned long
configure:4753: gcc -c -W -Wall -Wctor-dtor-privacy -Wnon-virtual-dtor -Wreorder -g -O2  conftest.c >&5
cc1: warning: command line option '-Wctor-dtor-privacy' is valid for C++/ObjC++ but not for C
cc1: warning: command line option '-Wnon-virtual-dtor' is valid for C++/ObjC++ but not for C
cc1: warning: command line option '-Wreorder' is valid for C++/ObjC++ but not for C
configure:4759: $? = 0
configure:4763: test -z 
			 || test ! -s conftest.err
configure:4766: $? = 0
configure:4769: test -s conftest.o
configure:4772: $? = 0
configure:4783: result: yes
configure:4786: checking size of unsigned long
configure:5105: gcc -o conftest -W -Wall -Wctor-dtor-privacy -Wnon-virtual-dtor -Wreorder -g -O2   conftest.c  >&5
cc1: warning: command line option '-Wctor-dtor-privacy' is valid for C++/ObjC++ but not for C
cc1: warning: command line option '-Wnon-virtual-dtor' is valid for C++/ObjC++ but not for C
cc1: warning: command line option '-Wreorder' is valid for C++/ObjC++ but not for C
configure:5108: $? = 0
configure:5110: ./conftest
configure:5113: $? = 0
configure:5136: result: 8
configure:5261: creating ./config.status

## ---------------------- ##
## Running config.status. ##
## ---------------------- ##

This file was extended by config.status, which was
generated by GNU Autoconf 2.59.  Invocation command line was

  CONFIG_FILES    = 
  CONFIG_HEADERS  = 
  CONFIG_LINKS    = 
  CONFIG_COMMANDS = 
  $ ./config.status 

on rishon

config.status:680: creating Makefile
config.status:680: creating Makefile.inc
config.status:680: creating misc/Makefile
config.status:680: creating archive/Makefile
config.status:680: creating swstruct/Makefile
config.status:680: creating swmetadata/Makefile
config.status:680: creating swexport/Makefile
config.status:784: creating config.h
config.status:896: config.h is unchanged

## ---------------- ##
## Cache variables. ##
## ---------------- ##

ac_cv_c_compiler_gnu=yes
ac_cv_cxx_compiler_gnu=yes
ac_cv_env_CC_set=
ac_cv_env_CC_value=
ac_cv_env_CFLAGS_set=
ac_cv_env_CFLAGS_value=
ac_cv_env_CPPFLAGS_set=
ac_cv_env_CPPFLAGS_value=
ac_cv_env_CPP_set=
ac_cv_env_CPP_value=
ac_cv_env_CXXFLAGS_set=
ac_cv_env_CXXFLAGS_value=
ac_cv_env_CXX_set=
ac_cv_env_CXX_value=
ac_cv_env_LDFLAGS_set=
ac_cv_env_LDFLAGS_value=
ac_cv_env_build_alias_set=
ac_cv_env_build_alias_value=
ac_cv_env_host_alias_set=
ac_cv_env_host_alias_value=
ac_cv_env_target_alias_set=
ac_cv_env_target_alias_value=
ac_cv_exeext=
ac_cv_header_inttypes_h=yes
ac_cv_header_memory_h=yes
ac_cv_header_stdc=yes
ac_cv_header_stdint_h=yes
ac_cv_header_stdlib_h=yes
ac_cv_header_string_h=yes
ac_cv_header_strings_h=yes
ac_cv_header_sys_stat_h=yes
ac_cv_header_sys_types_h=yes
ac_cv_header_unistd_h=yes
ac_cv_objext=o
ac_cv_path_install='/usr/bin/install -c'
ac_cv_prog_AWK=gawk
ac_cv_prog_CPP='gcc -E'
ac_cv_prog_ac_ct_CC=gcc
ac_cv_prog_ac_ct_CXX=g++
ac_cv_prog_ac_ct_RANLIB=ranlib
ac_cv_prog_cc_g=yes
ac_cv_prog_cc_stdc=
ac_cv_prog_cxx_g=yes
ac_cv_prog_egrep='grep -E'
ac_cv_prog_gcc_traditional=no
ac_cv_prog_make_make_set=yes
ac_cv_sizeof_int=4
ac_cv_sizeof_unsigned_int=4
ac_cv_sizeof_unsigned_long=8
ac_cv_sizeof_unsigned_short=2
ac_cv_type_int=yes
ac_cv_type_unsigned_int=yes
ac_cv_type_unsigned_long=yes
ac_cv_type_unsigned_short=yes

## ----------------- ##
## Output variables. ##
## ----------------- ##

AWK='gawk'
CC='gcc'
CFLAGS='-W -Wall -Wctor-dtor-privacy -Wnon-virtual-dtor -Wreorder -g -O2'
CPP='gcc -E'
CPPFLAGS=''
CXX='g++'
CXXFLAGS='-g -O2'
DEFS='-DHAVE_CONFIG_H'
DO_DEBUG=''
ECHO_C=''
ECHO_N='-n'
ECHO_T=''
EGREP='grep -E'
EXEEXT=''
FIXPERMS=''
GETTEXTSTUB=''
INCPATH=''
INSTALL_DATA='${INSTALL} -m 644'
INSTALL_PROGRAM='${INSTALL}'
INSTALL_SCRIPT='${INSTALL}'
INTLDEF=''
LDFLAGS=''
LIBINTL=''
LIBMISC=''
LIBOBJS=''
LIBS=''
LN_S='ln -s'
LTLIBOBJS=''
OBJEXT='o'
PACKAGE_BUGREPORT=''
PACKAGE_NAME=''
PACKAGE_STRING=''
PACKAGE_TARNAME=''
PACKAGE_VERSION=''
PATH_SEPARATOR=':'
PO=''
RANLIB='ranlib'
SET_MAKE=''
SHELL='/bin/bash'
SWSTRUCTLOADLIB_='SWSTRUCTLOADLIB='
SWSTRUCT_DIR_='SWSTRUCT_DIR='
XGETTEXT=''
ac_ct_CC='gcc'
ac_ct_CXX='g++'
ac_ct_RANLIB='ranlib'
bindir='${exec_prefix}/bin'
build_alias=''
datadir='${prefix}/share'
exec_prefix='${prefix}'
host_alias=''
includedir='${prefix}/include'
infodir='${prefix}/info'
libdir='${exec_prefix}/lib'
libexecdir='${exec_prefix}/libexec'
localstatedir='${prefix}/var'
mandir='${prefix}/man'
nounusedparameter='no-unused'
oldincludedir='/usr/include'
prefix='/usr/local'
program_transform_name='s,x,x,'
sbindir='${exec_prefix}/sbin'
sharedstatedir='${prefix}/com'
sysconfdir='${prefix}/etc'
target_alias=''
tmpdir=''
topdir='/home/carolhanna/Security_Project/gnu_dataset/swbis-1.9/swstructlib/src'
topdirswsupplib='/home/carolhanna/Security_Project/gnu_dataset/swbis-1.9/swsupplib'
topincdir='/home/carolhanna/Security_Project/gnu_dataset/swbis-1.9/include'
varprefix=''

## ----------- ##
## confdefs.h. ##
## ----------- ##

#define HAVE_INTTYPES_H 1
#define HAVE_MEMORY_H 1
#define HAVE_STDINT_H 1
#define HAVE_STDLIB_H 1
#define HAVE_STRINGS_H 1
#define HAVE_STRING_H 1
#define HAVE_SYS_STAT_H 1
#define HAVE_SYS_TYPES_H 1
#define HAVE_UNISTD_H 1
#define PACKAGE_BUGREPORT ""
#define PACKAGE_NAME ""
#define PACKAGE_STRING ""
#define PACKAGE_TARNAME ""
#define PACKAGE_VERSION ""
#define SIZEOF_INT 4
#define SIZEOF_UNSIGNED_INT 4
#define SIZEOF_UNSIGNED_LONG 8
#define SIZEOF_UNSIGNED_SHORT 2
#define STDC_HEADERS 1
#define SWBISNEEDFAIL 1
#endif
#ifdef __cplusplus
extern "C" void std::exit (int) throw (); using std::exit;

configure: exit 0
