This file contains any messages produced by compilers while
running configure, to aid debugging if configure makes a mistake.

It was created by GNU APL configure 1.5, which was
generated by GNU Autoconf 2.69.  Invocation command line was

  $ ./configure 

## --------- ##
## Platform. ##
## --------- ##

hostname = rishon
uname -m = x86_64
uname -r = 4.15.0-72-generic
uname -s = Linux
uname -v = #81-Ubuntu SMP Tue Nov 26 12:20:02 UTC 2019

/usr/bin/uname -p = unknown
/bin/uname -X     = unknown

/bin/arch              = unknown
/usr/bin/arch -k       = unknown
/usr/convex/getsysinfo = unknown
/usr/bin/hostinfo      = unknown
/bin/machine           = unknown
/usr/bin/oslevel       = unknown
/bin/universe          = unknown

PATH: /home/carolhanna/miniconda3/bin
PATH: /home/carolhanna/miniconda3/condabin
PATH: /usr/local/sbin
PATH: /usr/local/bin
PATH: /usr/sbin
PATH: /usr/bin
PATH: /sbin
PATH: /bin
PATH: /usr/games
PATH: /usr/local/games
PATH: /snap/bin


## ----------- ##
## Core tests. ##
## ----------- ##

configure:2965: checking for gcc
configure:2981: found /usr/bin/gcc
configure:2992: result: gcc
configure:3221: checking for C compiler version
configure:3230: gcc --version >&5
gcc (Ubuntu 7.5.0-3ubuntu1~18.04) 7.5.0
Copyright (C) 2017 Free Software Foundation, Inc.
This is free software; see the source for copying conditions.  There is NO
warranty; not even for MERCHANTABILITY or FITNESS FOR A PARTICULAR PURPOSE.

configure:3241: $? = 0
configure:3230: gcc -v >&5
Using built-in specs.
COLLECT_GCC=gcc
COLLECT_LTO_WRAPPER=/usr/lib/gcc/x86_64-linux-gnu/7/lto-wrapper
OFFLOAD_TARGET_NAMES=nvptx-none
OFFLOAD_TARGET_DEFAULT=1
Target: x86_64-linux-gnu
Configured with: ../src/configure -v --with-pkgversion='Ubuntu 7.5.0-3ubuntu1~18.04' --with-bugurl=file:///usr/share/doc/gcc-7/README.Bugs --enable-languages=c,ada,c++,go,brig,d,fortran,objc,obj-c++ --prefix=/usr --with-gcc-major-version-only --program-suffix=-7 --program-prefix=x86_64-linux-gnu- --enable-shared --enable-linker-build-id --libexecdir=/usr/lib --without-included-gettext --enable-threads=posix --libdir=/usr/lib --enable-nls --enable-bootstrap --enable-clocale=gnu --enable-libstdcxx-debug --enable-libstdcxx-time=yes --with-default-libstdcxx-abi=new --enable-gnu-unique-object --disable-vtable-verify --enable-libmpx --enable-plugin --enable-default-pie --with-system-zlib --with-target-system-zlib --enable-objc-gc=auto --enable-multiarch --disable-werror --with-arch-32=i686 --with-abi=m64 --with-multilib-list=m32,m64,mx32 --enable-multilib --with-tune=generic --enable-offload-targets=nvptx-none --without-cuda-driver --enable-checking=release --build=x86_64-linux-gnu --host=x86_64-linux-gnu --target=x86_64-linux-gnu
Thread model: posix
gcc version 7.5.0 (Ubuntu 7.5.0-3ubuntu1~18.04) 
configure:3241: $? = 0
configure:3230: gcc -V >&5

## ---------------- ##
## Cache variables. ##
## ---------------- ##

ac_cv_env_APSERVER_PATH_set=
ac_cv_env_APSERVER_PATH_value=
ac_cv_env_APSERVER_PORT_set=
ac_cv_env_APSERVER_PORT_value=
ac_cv_env_APSERVER_TRANSPORT_set=
ac_cv_env_APSERVER_TRANSPORT_value=
ac_cv_env_ASSERT_LEVEL_WANTED_set=
ac_cv_env_ASSERT_LEVEL_WANTED_value=
ac_cv_env_CCC_set=
ac_cv_env_CCC_value=
ac_cv_env_CC_set=
ac_cv_env_CC_value=
ac_cv_env_CERR_COLOR_WANTED_set=
ac_cv_env_CERR_COLOR_WANTED_value=
ac_cv_env_CFLAGS_set=
ac_cv_env_CFLAGS_value=
ac_cv_env_CIN_COLOR_WANTED_set=
ac_cv_env_CIN_COLOR_WANTED_value=
ac_cv_env_CLEAR_EOL_WANTED_set=
ac_cv_env_CLEAR_EOL_WANTED_value=
ac_cv_env_CORE_COUNT_WANTED_set=
ac_cv_env_CORE_COUNT_WANTED_value=
ac_cv_env_COUT_COLOR_WANTED_set=
ac_cv_env_COUT_COLOR_WANTED_value=
ac_cv_env_CPPFLAGS_set=
ac_cv_env_CPPFLAGS_value=
ac_cv_env_CPP_set=
ac_cv_env_CPP_value=
ac_cv_env_CXXCPP_set=
ac_cv_env_CXXCPP_value=
ac_cv_env_CXXFLAGS_set=
ac_cv_env_CXXFLAGS_value=
ac_cv_env_CXX_set=
ac_cv_env_CXX_value=
ac_cv_env_DEVELOP_WANTED_set=
ac_cv_env_DEVELOP_WANTED_value=
ac_cv_env_DYNAMIC_LOG_WANTED_set=
ac_cv_env_DYNAMIC_LOG_WANTED_value=
ac_cv_env_GPROF_WANTED_set=
ac_cv_env_GPROF_WANTED_value=
ac_cv_env_LDFLAGS_set=
ac_cv_env_LDFLAGS_value=
ac_cv_env_LIBS_set=
ac_cv_env_LIBS_value=
ac_cv_env_MAX_RANK_WANTED_set=
ac_cv_env_MAX_RANK_WANTED_value=
ac_cv_env_PERFORMANCE_COUNTERS_WANTED_set=
ac_cv_env_PERFORMANCE_COUNTERS_WANTED_value=
ac_cv_env_RESET_COLORS_WANTED_set=
ac_cv_env_RESET_COLORS_WANTED_value=
ac_cv_env_SHORT_VALUE_LENGTH_WANTED_set=
ac_cv_env_SHORT_VALUE_LENGTH_WANTED_value=
ac_cv_env_VALUE_CHECK_WANTED_set=
ac_cv_env_VALUE_CHECK_WANTED_value=
ac_cv_env_VALUE_HISTORY_WANTED_set=
ac_cv_env_VALUE_HISTORY_WANTED_value=
ac_cv_env_VF_TRACING_WANTED_set=
ac_cv_env_VF_TRACING_WANTED_value=
ac_cv_env_VISIBLE_MARKERS_WANTED_set=
ac_cv_env_VISIBLE_MARKERS_WANTED_value=
ac_cv_env_build_alias_set=
ac_cv_env_build_alias_value=
ac_cv_env_host_alias_set=
ac_cv_env_host_alias_value=
ac_cv_env_target_alias_set=
ac_cv_env_target_alias_value=
ac_cv_prog_ac_ct_CC=gcc

## ----------------- ##
## Output variables. ##
## ----------------- ##

ACLOCAL=''
AMDEPBACKSLASH=''
AMDEP_FALSE=''
AMDEP_TRUE=''
AMTAR=''
AM_BACKSLASH=''
AM_DEFAULT_V=''
AM_DEFAULT_VERBOSITY=''
AM_V=''
APSERVER_PATH=''
APSERVER_PORT=''
APSERVER_TRANSPORT=''
AR=''
ASSERT_LEVEL_WANTED=''
AUTOCONF=''
AUTOHEADER=''
AUTOMAKE=''
AWK=''
CC='gcc'
CCDEPMODE=''
CERR_COLOR_WANTED=''
CFLAGS=''
CIN_COLOR_WANTED=''
CLEAR_EOL_WANTED=''
CORE_COUNT_WANTED=''
COUT_COLOR_WANTED=''
CPP=''
CPPFLAGS=''
CXX=''
CXXCPP=''
CXXDEPMODE=''
CXXFLAGS=''
CXX_RDYNAMIC=''
CYGPATH_W=''
DEFS=''
DEPDIR=''
DEVELOP_FALSE=''
DEVELOP_TRUE=''
DEVELOP_WANTED=''
DLLTOOL=''
DSYMUTIL=''
DUMPBIN=''
DYNAMIC_LOG_WANTED=''
ECHO_C=''
ECHO_N='-n'
ECHO_T=''
EGREP=''
EXEEXT=''
FGREP=''
GPROF_WANTED=''
GREP=''
HAVE_AFFINITY_NP_FALSE=''
HAVE_AFFINITY_NP_TRUE=''
HAVE_RDTSC_FALSE=''
HAVE_RDTSC_TRUE=''
INSTALL_DATA=''
INSTALL_PROGRAM=''
INSTALL_SCRIPT=''
INSTALL_STRIP_PROGRAM=''
LD=''
LDFLAGS=''
LIBOBJS=''
LIBS=''
LIBTOOL=''
LIPO=''
LN_S=''
LTLIBOBJS=''
MAINT=''
MAINTAINER_MODE_FALSE=''
MAINTAINER_MODE_TRUE=''
MAKEINFO=''
MANIFEST_TOOL=''
MAX_RANK_WANTED=''
MKDIR_P=''
NM=''
NMEDIT=''
OBJDUMP=''
OBJEXT=''
ON_i686_FALSE=''
ON_i686_TRUE=''
OTOOL64=''
OTOOL=''
PACKAGE=''
PACKAGE_BUGREPORT='bug-apl@gnu.org'
PACKAGE_NAME='GNU APL'
PACKAGE_STRING='GNU APL 1.5'
PACKAGE_TARNAME='apl'
PACKAGE_URL='http://www.gnu.org/software/apl/'
PACKAGE_VERSION='1.5'
PATH_SEPARATOR=':'
PERFORMANCE_COUNTERS_WANTED=''
PG_CONFIG=''
POSTGRESQL_CFLAGS=''
POSTGRESQL_LDFLAGS=''
POSTGRESQL_VERSION=''
POSTGRES_FALSE=''
POSTGRES_TRUE=''
RANLIB=''
RESET_COLORS_WANTED=''
SED=''
SET_MAKE=''
SHELL='/bin/bash'
SHORT_VALUE_LENGTH_WANTED=''
SQLITE3_CFLAGS=''
SQLITE3_FALSE=''
SQLITE3_LDFLAGS=''
SQLITE3_TRUE=''
SQLITE3_VERSION=''
STRIP=''
VALUE_CHECK_WANTED=''
VALUE_HISTORY_WANTED=''
VERSION=''
VF_TRACING_WANTED=''
VISIBLE_MARKERS_WANTED=''
WANT_ANDROID_FALSE=''
WANT_ANDROID_TRUE=''
WANT_LIBAPL_FALSE=''
WANT_LIBAPL_TRUE=''
ac_ct_AR=''
ac_ct_CC='gcc'
ac_ct_CXX=''
ac_ct_DUMPBIN=''
am__EXEEXT_FALSE=''
am__EXEEXT_TRUE=''
am__fastdepCC_FALSE=''
am__fastdepCC_TRUE=''
am__fastdepCXX_FALSE=''
am__fastdepCXX_TRUE=''
am__include=''
am__isrc=''
am__leading_dot=''
am__nodep=''
am__quote=''
am__tar=''
am__untar=''
bindir='${exec_prefix}/bin'
build=''
build_alias=''
build_cpu=''
build_os=''
build_vendor=''
datadir='${datarootdir}'
datarootdir='${prefix}/share'
docdir='${datarootdir}/doc/${PACKAGE_TARNAME}'
dvidir='${docdir}'
exec_prefix='NONE'
host=''
host_alias=''
host_cpu=''
host_os=''
host_vendor=''
htmldir='${docdir}'
includedir='${prefix}/include'
infodir='${datarootdir}/info'
install_sh=''
libdir='${exec_prefix}/lib'
libexecdir='${exec_prefix}/libexec'
localedir='${datarootdir}/locale'
localstatedir='${prefix}/var'
mandir='${datarootdir}/man'
mkdir_p=''
oldincludedir='/usr/include'
pdfdir='${docdir}'
prefix='NONE'
program_transform_name='s,x,x,'
psdir='${docdir}'
sbindir='${exec_prefix}/sbin'
sharedstatedir='${prefix}/com'
sysconfdir='${prefix}/etc'
target_alias=''

## ----------- ##
## confdefs.h. ##
## ----------- ##

/* confdefs.h */
#define PACKAGE_NAME "GNU APL"
#define PACKAGE_TARNAME "apl"
#define PACKAGE_VERSION "1.5"
#define PACKAGE_STRING "GNU APL 1.5"
#define PACKAGE_BUGREPORT "bug-apl@gnu.org"
#define PACKAGE_URL "http://www.gnu.org/software/apl/"

configure: caught signal 2
configure: exit 1
