This file contains any messages produced by compilers while
running configure, to aid debugging if configure makes a mistake.

It was created by gnusound configure 0.7, which was
generated by GNU Autoconf 2.59.  Invocation command line was

  $ ./configure 

## --------- ##
## Platform. ##
## --------- ##

hostname = rishon
uname -m = x86_64
uname -r = 4.15.0-72-generic
uname -s = Linux
uname -v = #81-Ubuntu SMP Tue Nov 26 12:20:02 UTC 2019

/usr/bin/uname -p = unknown
/bin/uname -X     = unknown

/bin/arch              = unknown
/usr/bin/arch -k       = unknown
/usr/convex/getsysinfo = unknown
hostinfo               = unknown
/bin/machine           = unknown
/usr/bin/oslevel       = unknown
/bin/universe          = unknown

PATH: /home/carolhanna/miniconda3/bin
PATH: /home/carolhanna/miniconda3/condabin
PATH: /usr/local/sbin
PATH: /usr/local/bin
PATH: /usr/sbin
PATH: /usr/bin
PATH: /sbin
PATH: /bin
PATH: /usr/games
PATH: /usr/local/games
PATH: /snap/bin


## ----------- ##
## Core tests. ##
## ----------- ##

configure:1373: checking for a BSD-compatible install
configure:1428: result: /usr/bin/install -c
configure:1439: checking whether build environment is sane
configure:1482: result: yes
configure:1515: checking for gawk
configure:1531: found /usr/bin/gawk
configure:1541: result: gawk
configure:1551: checking whether make sets $(MAKE)
configure:1571: result: yes
configure:1723: checking build system type
configure:1736: error: /bin/bash config/config.sub x86_64-unknown-linux-gnu failed

## ---------------- ##
## Cache variables. ##
## ---------------- ##

ac_cv_build=
ac_cv_build_alias=x86_64-unknown-linux-gnu
ac_cv_env_CC_set=
ac_cv_env_CC_value=
ac_cv_env_CFLAGS_set=
ac_cv_env_CFLAGS_value=
ac_cv_env_CPPFLAGS_set=
ac_cv_env_CPPFLAGS_value=
ac_cv_env_CPP_set=
ac_cv_env_CPP_value=
ac_cv_env_LDFLAGS_set=
ac_cv_env_LDFLAGS_value=
ac_cv_env_build_alias_set=
ac_cv_env_build_alias_value=
ac_cv_env_host_alias_set=
ac_cv_env_host_alias_value=
ac_cv_env_target_alias_set=
ac_cv_env_target_alias_value=
ac_cv_path_install='/usr/bin/install -c'
ac_cv_prog_AWK=gawk
ac_cv_prog_make_make_set=yes

## ----------------- ##
## Output variables. ##
## ----------------- ##

ACLOCAL='${SHELL} /home/carolhanna/Security_Project/gnu_dataset/gnusound-0.7/config/missing --run aclocal-1.6'
ALSA_CFLAGS=''
ALSA_LIBS=''
AMDEPBACKSLASH=''
AMDEP_FALSE=''
AMDEP_TRUE=''
AMTAR='${SHELL} /home/carolhanna/Security_Project/gnu_dataset/gnusound-0.7/config/missing --run tar'
AUDIOFILE_CONFIG=''
AUTOCONF='${SHELL} /home/carolhanna/Security_Project/gnu_dataset/gnusound-0.7/config/missing --run autoconf'
AUTOHEADER='${SHELL} /home/carolhanna/Security_Project/gnu_dataset/gnusound-0.7/config/missing --run autoheader'
AUTOMAKE='${SHELL} /home/carolhanna/Security_Project/gnu_dataset/gnusound-0.7/config/missing --run automake-1.6'
AWK='gawk'
CC=''
CCDEPMODE=''
CFLAGS=''
CPP=''
CPPFLAGS=''
DB2XHTML_STYLESHEET=''
DEFS=''
DEPDIR=''
ECHO_C=''
ECHO_N='-n'
ECHO_T=''
EGREP=''
EXEEXT=''
GNOME2_CFLAGS=''
GNOME2_LIBS=''
GNOME_CONFIG=''
GNOME_HELP_DIR=''
GNUSOUNDDIR=''
GNUSOUND_LIBDIR=''
GTK_CFLAGS=''
GTK_CONFIG=''
GTK_LIBS=''
HAVE_GNOME2=''
INSTALL_DATA='${INSTALL} -m 644'
INSTALL_PROGRAM='${INSTALL}'
INSTALL_SCRIPT='${INSTALL}'
INSTALL_STRIP_PROGRAM='${SHELL} $(install_sh) -c -s'
JACK_CFLAGS=''
JACK_LIBS=''
LDFLAGS=''
LIBOBJS=''
LIBS=''
LTLIBOBJS=''
MAKEINFO='${SHELL} /home/carolhanna/Security_Project/gnu_dataset/gnusound-0.7/config/missing --run makeinfo'
OBJEXT=''
PACKAGE='gnusound'
PACKAGE_BUGREPORT=''
PACKAGE_NAME='gnusound'
PACKAGE_STRING='gnusound 0.7'
PACKAGE_TARNAME='gnusound'
PACKAGE_VERSION='0.7'
PATH_SEPARATOR=':'
PIXMAPDIR=''
PKG_CONFIG=''
SAMPLERATE_CFLAGS=''
SAMPLERATE_LIBS=''
SET_MAKE=''
SHELL='/bin/bash'
SNDFILE_CFLAGS=''
SNDFILE_LIBS=''
STRIP=''
VERSION='0.7'
ac_ct_CC=''
ac_ct_STRIP=''
am__include=''
am__quote=''
bindir='${exec_prefix}/bin'
build=''
build_alias=''
build_cpu=''
build_os=''
build_vendor=''
datadir='${prefix}/share'
exec_prefix='NONE'
host=''
host_alias=''
host_cpu=''
host_os=''
host_vendor=''
includedir='${prefix}/include'
infodir='${prefix}/info'
install_sh='/home/carolhanna/Security_Project/gnu_dataset/gnusound-0.7/config/install-sh'
libdir='${exec_prefix}/lib'
libexecdir='${exec_prefix}/libexec'
localstatedir='${prefix}/var'
mandir='${prefix}/man'
oldincludedir='/usr/include'
prefix='NONE'
program_transform_name='s,x,x,'
sbindir='${exec_prefix}/sbin'
sharedstatedir='${prefix}/com'
sysconfdir='${prefix}/etc'
target_alias=''

## ----------- ##
## confdefs.h. ##
## ----------- ##

#define PACKAGE "gnusound"
#define PACKAGE_BUGREPORT ""
#define PACKAGE_NAME "gnusound"
#define PACKAGE_STRING "gnusound 0.7"
#define PACKAGE_TARNAME "gnusound"
#define PACKAGE_VERSION "0.7"
#define VERSION "0.7"

configure: exit 1
