This file contains any messages produced by compilers while
running configure, to aid debugging if configure makes a mistake.

configure:564: checking for a BSD compatible install
configure:617: checking whether build environment is sane
configure:674: checking whether make sets ${MAKE}
configure:720: checking for working aclocal
configure:733: checking for working autoconf
configure:746: checking for working automake
configure:759: checking for working autoheader
configure:772: checking for working makeinfo
configure:791: checking for gawk
configure:823: checking for gcc
configure:936: checking whether the C compiler (gcc  ) works
configure:952: gcc -o conftest    conftest.c  1>&5
configure:949:1: warning: return type defaults to 'int' [-Wimplicit-int]
 main(){return(0);}
 ^~~~
configure:978: checking whether the C compiler (gcc  ) is a cross-compiler
configure:983: checking whether we are using GNU C
configure:992: gcc -E conftest.c
configure:1011: checking whether gcc accepts -g
configure:1054: checking for a BSD compatible install
configure:1107: checking whether ln -s works
configure:1130: checking for pow in -lm
configure:1149: gcc -o conftest -g -O2   conftest.c -lm   1>&5
configure:1142:6: warning: conflicting types for built-in function 'pow' [-Wbuiltin-declaration-mismatch]
 char pow();
      ^~~
configure:1179: checking for sed
configure:1264: checking for gtk-config
configure:1299: checking for GTK - version >= 1.2.0
configure:1483: checking how to run the C preprocessor
configure:1504: gcc -E  conftest.c >/dev/null 2>conftest.out
configure:1563: checking for ANSI C header files
configure:1576: gcc -E  conftest.c >/dev/null 2>conftest.out
configure:1643: gcc -o conftest -g -O2   conftest.c -lm  1>&5
configure: In function 'main':
configure:1638:67: warning: implicit declaration of function 'exit' [-Wimplicit-function-declaration]
 if (XOR (islower (i), ISLOWER (i)) || toupper (i) != TOUPPER (i)) exit(2);
                                                                   ^~~~
configure:1638:67: warning: incompatible implicit declaration of built-in function 'exit'
configure:1638:67: note: include '<stdlib.h>' or provide a declaration of 'exit'
configure:1639:1: warning: incompatible implicit declaration of built-in function 'exit'
 exit (0); }
 ^~~~
configure:1639:1: note: include '<stdlib.h>' or provide a declaration of 'exit'
configure:1667: checking for size_t
configure:1700: checking whether struct tm is in sys/time.h or time.h
configure:1713: gcc -c -g -O2  conftest.c 1>&5
