This file contains any messages produced by compilers while
running configure, to aid debugging if configure makes a mistake.

configure:592: checking host system type
configure:613: checking target system type
configure:631: checking build system type
configure:658: checking for gcc
configure:735: checking whether the C compiler (gcc  ) works
configure:749: gcc -o conftest    conftest.c  1>&5
configure:746:1: warning: return type defaults to 'int' [-Wimplicit-int]
 main(){return(0);}
 ^~~~
configure:769: checking whether the C compiler (gcc  ) is a cross-compiler
configure:774: checking whether we are using GNU C
configure:783: gcc -E conftest.c
configure:798: checking whether gcc accepts -g
configure:826: checking how to run the C preprocessor
configure:847: gcc -E  conftest.c >/dev/null 2>conftest.out
configure:888: checking whether gcc needs -traditional
configure:1083: checking whether make sets ${MAKE}
configure:1112: checking for ranlib
configure:1157: checking for a BSD compatible install
configure:1254: checking for X
configure:1321: gcc -E  conftest.c >/dev/null 2>conftest.out
configure:1317:10: fatal error: X11/Intrinsic.h: No such file or directory
 #include <$x_direct_test_include>
          ^~~~~~~~~~~~~~~~~
compilation terminated.
configure: failed program was:
#line 1316 "configure"
#include "confdefs.h"
#include <X11/Intrinsic.h>
configure:1397: gcc -o conftest    conftest.c -lXt  1>&5
configure: In function 'main':
configure:1393:1: warning: implicit declaration of function 'XtMalloc' [-Wimplicit-function-declaration]
 ${x_direct_test_function}()
 ^~~~~~~~
/usr/bin/ld: cannot find -lXt
collect2: error: ld returned 1 exit status
configure: failed program was:
#line 1390 "configure"
#include "confdefs.h"

int main() {
XtMalloc()
; return 0; }
configure:2097: checking whether gcc accepts -Os
configure:2141: checking whether gcc accepts -fno-exceptions
configure:2170: checking whether gcc accepts -fmove-all-movables
configure:2187: checking whether gcc accepts -frerun-loop-opt
configure:2696: checking location of curses
configure:2698: checking for Gpm_Repeat in -lgpm
configure:2717: gcc -o conftest -Wall -fstrength-reduce -ffast-math -pipe -fno-exceptions -Os  -O conftest.c -lgpm   1>&5
/usr/bin/ld: cannot find -lgpm
collect2: error: ld returned 1 exit status
configure: failed program was:
#line 2706 "configure"
#include "confdefs.h"
/* Override any gcc2 internal prototype to avoid an error.  */
/* We use char because int might match the return type of a gcc2
    builtin and then its argument prototype would still apply.  */
char Gpm_Repeat();

int main() {
Gpm_Repeat()
; return 0; }
configure:2745: checking for SLsmg_init_smg in -lslang
configure:2764: gcc -o conftest -Wall -fstrength-reduce -ffast-math -pipe -fno-exceptions -Os  -O conftest.c -lslang   1>&5
/usr/bin/ld: cannot find -lslang
collect2: error: ld returned 1 exit status
configure: failed program was:
#line 2753 "configure"
#include "confdefs.h"
/* Override any gcc2 internal prototype to avoid an error.  */
/* We use char because int might match the return type of a gcc2
    builtin and then its argument prototype would still apply.  */
char SLsmg_init_smg();

int main() {
SLsmg_init_smg()
; return 0; }
configure:2800: checking for initscr in -lncurses
configure:2819: gcc -o conftest -Wall -fstrength-reduce -ffast-math -pipe -fno-exceptions -Os  -O conftest.c -lncurses    1>&5
configure:4244: checking for mousemask
configure:4272: gcc -o conftest -Wall -fstrength-reduce -ffast-math -pipe -fno-exceptions -Os -I/usr/include/ncurses   -O conftest.c -lncurses      -lX11   -lX11   -lX11 1>&5
configure:4244: checking for termattrs
configure:4272: gcc -o conftest -Wall -fstrength-reduce -ffast-math -pipe -fno-exceptions -Os -I/usr/include/ncurses   -O conftest.c -lncurses      -lX11   -lX11   -lX11 1>&5
configure:4244: checking for wredrawln
configure:4272: gcc -o conftest -Wall -fstrength-reduce -ffast-math -pipe -fno-exceptions -Os -I/usr/include/ncurses   -O conftest.c -lncurses      -lX11   -lX11   -lX11 1>&5
configure:4244: checking for redrawwin
configure:4272: gcc -o conftest -Wall -fstrength-reduce -ffast-math -pipe -fno-exceptions -Os -I/usr/include/ncurses   -O conftest.c -lncurses      -lX11   -lX11   -lX11 1>&5
configure:4300: checking for vga_hasmode in -lvga
configure:4319: gcc -o conftest -Wall -fstrength-reduce -ffast-math -pipe -fno-exceptions -Os -I/usr/include/ncurses   -O conftest.c -lvga  -lncurses      -lX11   -lX11   -lX11 1>&5
/usr/bin/ld: cannot find -lvga
collect2: error: ld returned 1 exit status
configure: failed program was:
#line 4308 "configure"
#include "confdefs.h"
/* Override any gcc2 internal prototype to avoid an error.  */
/* We use char because int might match the return type of a gcc2
    builtin and then its argument prototype would still apply.  */
char vga_hasmode();

int main() {
vga_hasmode()
; return 0; }
configure:4347: checking for gl_write in -lvgagl
configure:4366: gcc -o conftest -Wall -fstrength-reduce -ffast-math -pipe -fno-exceptions -Os -I/usr/include/ncurses   -O conftest.c -lvgagl  -lncurses      -lX11   -lX11   -lX11 1>&5
/usr/bin/ld: cannot find -lvgagl
collect2: error: ld returned 1 exit status
configure: failed program was:
#line 4355 "configure"
#include "confdefs.h"
/* Override any gcc2 internal prototype to avoid an error.  */
/* We use char because int might match the return type of a gcc2
    builtin and then its argument prototype would still apply.  */
char gl_write();

int main() {
gl_write()
; return 0; }
configure:4401: checking for limits.h
configure:4411: gcc -E  conftest.c >/dev/null 2>conftest.out
configure:4401: checking for sys/time.h
configure:4411: gcc -E  conftest.c >/dev/null 2>conftest.out
configure:4401: checking for unistd.h
configure:4411: gcc -E  conftest.c >/dev/null 2>conftest.out
configure:4439: checking for working const
configure:4493: gcc -c -Wall -fstrength-reduce -ffast-math -pipe -fno-exceptions -Os -I/usr/include/ncurses   conftest.c 1>&5
configure: In function 'main':
configure:4467:15: warning: unused variable 's' [-Wunused-variable]
   char const *s = 0 ? (char *) 0 : (char const *) 0;
               ^
configure:4487:13: warning: unused variable 'foo' [-Wunused-variable]
   const int foo = 10;
             ^~~
configure:4455:27: warning: unused variable 'zero' [-Wunused-variable]
 static struct point const zero = {0,0};
                           ^~~~
configure:4449:39: warning: unused variable 'x' [-Wunused-variable]
 typedef int charset[2]; const charset x;
                                       ^
configure:4469:5: warning: 't' is used uninitialized in this function [-Wuninitialized]
   *t++ = 0;
    ~^~
configure:4484:21: warning: 'b' is used uninitialized in this function [-Wuninitialized]
   struct s *b; b->j = 5;
                ~~~~~^~~
configure:4514: checking for inline
configure:4528: gcc -c -Wall -fstrength-reduce -ffast-math -pipe -fno-exceptions -Os -I/usr/include/ncurses   conftest.c 1>&5
configure:4524:10: warning: return type defaults to 'int' [-Wimplicit-int]
 } $ac_kw foo() {
          ^~~
configure:4601: checking whether time.h and sys/time.h may both be included
configure:4615: gcc -c -Wall -fstrength-reduce -ffast-math -pipe -fno-exceptions -Os -I/usr/include/ncurses   conftest.c 1>&5
configure: In function 'main':
configure:4611:12: warning: unused variable 'tp' [-Wunused-variable]
 struct tm *tp;
            ^~
configure:4636: checking return type of signal handlers
configure:4658: gcc -c -Wall -fstrength-reduce -ffast-math -pipe -fno-exceptions -Os -I/usr/include/ncurses   conftest.c 1>&5
configure: In function 'main':
configure:4654:5: warning: unused variable 'i' [-Wunused-variable]
 int i;
     ^
configure:4684: checking size of short
configure:4703: gcc -o conftest -Wall -fstrength-reduce -ffast-math -pipe -fno-exceptions -Os -I/usr/include/ncurses   -O conftest.c -lncurses      -lX11   -lX11   -lX11 1>&5
configure:4694:1: warning: return type defaults to 'int' [-Wimplicit-int]
 main()
 ^~~~
configure: In function 'main':
configure:4697:11: warning: implicit declaration of function 'exit' [-Wimplicit-function-declaration]
   if (!f) exit(1);
           ^~~~
configure:4697:11: warning: incompatible implicit declaration of built-in function 'exit'
configure:4697:11: note: include '<stdlib.h>' or provide a declaration of 'exit'
configure:4698:14: warning: format '%d' expects argument of type 'int', but argument 3 has type 'long unsigned int' [-Wformat=]
   fprintf(f, "%d\n", sizeof(short));
              ^~~~~~
configure:4699:3: warning: incompatible implicit declaration of built-in function 'exit'
   exit(0);
   ^~~~
configure:4699:3: note: include '<stdlib.h>' or provide a declaration of 'exit'
configure:4723: checking size of int
configure:4742: gcc -o conftest -Wall -fstrength-reduce -ffast-math -pipe -fno-exceptions -Os -I/usr/include/ncurses   -O conftest.c -lncurses      -lX11   -lX11   -lX11 1>&5
configure:4733:1: warning: return type defaults to 'int' [-Wimplicit-int]
 main()
 ^~~~
configure: In function 'main':
configure:4736:11: warning: implicit declaration of function 'exit' [-Wimplicit-function-declaration]
   if (!f) exit(1);
           ^~~~
configure:4736:11: warning: incompatible implicit declaration of built-in function 'exit'
configure:4736:11: note: include '<stdlib.h>' or provide a declaration of 'exit'
configure:4737:14: warning: format '%d' expects argument of type 'int', but argument 3 has type 'long unsigned int' [-Wformat=]
   fprintf(f, "%d\n", sizeof(int));
              ^~~~~~
configure:4738:3: warning: incompatible implicit declaration of built-in function 'exit'
   exit(0);
   ^~~~
configure:4738:3: note: include '<stdlib.h>' or provide a declaration of 'exit'
configure:4762: checking size of long
configure:4781: gcc -o conftest -Wall -fstrength-reduce -ffast-math -pipe -fno-exceptions -Os -I/usr/include/ncurses   -O conftest.c -lncurses      -lX11   -lX11   -lX11 1>&5
configure:4772:1: warning: return type defaults to 'int' [-Wimplicit-int]
 main()
 ^~~~
configure: In function 'main':
configure:4775:11: warning: implicit declaration of function 'exit' [-Wimplicit-function-declaration]
   if (!f) exit(1);
           ^~~~
configure:4775:11: warning: incompatible implicit declaration of built-in function 'exit'
configure:4775:11: note: include '<stdlib.h>' or provide a declaration of 'exit'
configure:4776:14: warning: format '%d' expects argument of type 'int', but argument 3 has type 'long unsigned int' [-Wformat=]
   fprintf(f, "%d\n", sizeof(long));
              ^~~~~~
configure:4777:3: warning: incompatible implicit declaration of built-in function 'exit'
   exit(0);
   ^~~~
configure:4777:3: note: include '<stdlib.h>' or provide a declaration of 'exit'
configure:4803: checking for pow in -lm
configure:4822: gcc -o conftest -Wall -fstrength-reduce -ffast-math -pipe -fno-exceptions -Os -I/usr/include/ncurses   -O conftest.c -lm  -lncurses      -lX11   -lX11   -lX11 1>&5
configure:4815:6: warning: conflicting types for built-in function 'pow' [-Wbuiltin-declaration-mismatch]
 char pow();
      ^~~
configure:4850: checking for inflate in -lz
configure:4869: gcc -o conftest -Wall -fstrength-reduce -ffast-math -pipe -fno-exceptions -Os -I/usr/include/ncurses   -O conftest.c -lz  -lm -lncurses      -lX11   -lX11   -lX11 1>&5
configure:4949: checking for png_create_info_struct in -lpng
configure:4968: gcc -o conftest -Wall -fstrength-reduce -ffast-math -pipe -fno-exceptions -Os -I/usr/include/ncurses   -O conftest.c -lpng  -lz -lm -lncurses      -lX11   -lX11   -lX11 1>&5
configure:5007: checking for working alloca.h
configure:5019: gcc -o conftest -Wall -fstrength-reduce -ffast-math -pipe -fno-exceptions -Os -I/usr/include/ncurses   -O conftest.c -lpng -lz -lm -lncurses      -lX11   -lX11   -lX11 1>&5
configure: In function 'main':
configure:5015:7: warning: unused variable 'p' [-Wunused-variable]
 char *p = alloca(2 * sizeof(int));
       ^
configure:5040: checking for alloca
configure:5068: gcc -o conftest -Wall -fstrength-reduce -ffast-math -pipe -fno-exceptions -Os -I/usr/include/ncurses   -O conftest.c -lpng -lz -lm -lncurses      -lX11   -lX11   -lX11 1>&5
configure: In function 'main':
configure:5064:7: warning: unused variable 'p' [-Wunused-variable]
 char *p = (char *) alloca(1);
       ^
configure:5234: checking return type of signal handlers
configure:5277: checking for gettimeofday
configure:5305: gcc -o conftest -Wall -fstrength-reduce -ffast-math -pipe -fno-exceptions -Os -I/usr/include/ncurses   -O conftest.c -lpng -lz -lm -lncurses      -lX11   -lX11   -lX11 1>&5
configure:5277: checking for usleep
configure:5305: gcc -o conftest -Wall -fstrength-reduce -ffast-math -pipe -fno-exceptions -Os -I/usr/include/ncurses   -O conftest.c -lpng -lz -lm -lncurses      -lX11   -lX11   -lX11 1>&5
configure:5277: checking for select
configure:5305: gcc -o conftest -Wall -fstrength-reduce -ffast-math -pipe -fno-exceptions -Os -I/usr/include/ncurses   -O conftest.c -lpng -lz -lm -lncurses      -lX11   -lX11   -lX11 1>&5
configure:5277: checking for setitimer
configure:5305: gcc -o conftest -Wall -fstrength-reduce -ffast-math -pipe -fno-exceptions -Os -I/usr/include/ncurses   -O conftest.c -lpng -lz -lm -lncurses      -lX11   -lX11   -lX11 1>&5
configure:5277: checking for ftime
configure:5305: gcc -o conftest -Wall -fstrength-reduce -ffast-math -pipe -fno-exceptions -Os -I/usr/include/ncurses   -O conftest.c -lpng -lz -lm -lncurses      -lX11   -lX11   -lX11 1>&5
configure:5277: checking for finite
configure:5305: gcc -o conftest -Wall -fstrength-reduce -ffast-math -pipe -fno-exceptions -Os -I/usr/include/ncurses   -O conftest.c -lpng -lz -lm -lncurses      -lX11   -lX11   -lX11 1>&5
configure:5289:6: warning: conflicting types for built-in function 'finite' [-Wbuiltin-declaration-mismatch]
 char $ac_func();
      ^~~~~~
