This file contains any messages produced by compilers while
running configure, to aid debugging if configure makes a mistake.

It was created by guile-gtk configure 2.1, which was
generated by GNU Autoconf 2.61.  Invocation command line was

  $ ./configure 

## --------- ##
## Platform. ##
## --------- ##

hostname = rishon
uname -m = x86_64
uname -r = 4.15.0-72-generic
uname -s = Linux
uname -v = #81-Ubuntu SMP Tue Nov 26 12:20:02 UTC 2019

/usr/bin/uname -p = unknown
/bin/uname -X     = unknown

/bin/arch              = unknown
/usr/bin/arch -k       = unknown
/usr/convex/getsysinfo = unknown
/usr/bin/hostinfo      = unknown
/bin/machine           = unknown
/usr/bin/oslevel       = unknown
/bin/universe          = unknown

PATH: /home/carolhanna/miniconda3/bin
PATH: /home/carolhanna/miniconda3/condabin
PATH: /usr/local/sbin
PATH: /usr/local/bin
PATH: /usr/sbin
PATH: /usr/bin
PATH: /sbin
PATH: /bin
PATH: /usr/games
PATH: /usr/local/games
PATH: /snap/bin


## ----------- ##
## Core tests. ##
## ----------- ##

configure:2051: checking for a BSD-compatible install
configure:2107: result: /usr/bin/install -c
configure:2118: checking whether build environment is sane
configure:2161: result: yes
configure:2189: checking for a thread-safe mkdir -p
configure:2228: result: /bin/mkdir -p
configure:2241: checking for gawk
configure:2257: found /usr/bin/gawk
configure:2268: result: gawk
configure:2279: checking whether make sets $(MAKE)
configure:2300: result: yes
configure:2540: checking for gcc
configure:2556: found /usr/bin/gcc
configure:2567: result: gcc
configure:2805: checking for C compiler version
configure:2812: gcc --version >&5
gcc (Ubuntu 7.5.0-3ubuntu1~18.04) 7.5.0
Copyright (C) 2017 Free Software Foundation, Inc.
This is free software; see the source for copying conditions.  There is NO
warranty; not even for MERCHANTABILITY or FITNESS FOR A PARTICULAR PURPOSE.

configure:2815: $? = 0
configure:2822: gcc -v >&5
Using built-in specs.
COLLECT_GCC=gcc
COLLECT_LTO_WRAPPER=/usr/lib/gcc/x86_64-linux-gnu/7/lto-wrapper
OFFLOAD_TARGET_NAMES=nvptx-none
OFFLOAD_TARGET_DEFAULT=1
Target: x86_64-linux-gnu
Configured with: ../src/configure -v --with-pkgversion='Ubuntu 7.5.0-3ubuntu1~18.04' --with-bugurl=file:///usr/share/doc/gcc-7/README.Bugs --enable-languages=c,ada,c++,go,brig,d,fortran,objc,obj-c++ --prefix=/usr --with-gcc-major-version-only --program-suffix=-7 --program-prefix=x86_64-linux-gnu- --enable-shared --enable-linker-build-id --libexecdir=/usr/lib --without-included-gettext --enable-threads=posix --libdir=/usr/lib --enable-nls --enable-bootstrap --enable-clocale=gnu --enable-libstdcxx-debug --enable-libstdcxx-time=yes --with-default-libstdcxx-abi=new --enable-gnu-unique-object --disable-vtable-verify --enable-libmpx --enable-plugin --enable-default-pie --with-system-zlib --with-target-system-zlib --enable-objc-gc=auto --enable-multiarch --disable-werror --with-arch-32=i686 --with-abi=m64 --with-multilib-list=m32,m64,mx32 --enable-multilib --with-tune=generic --enable-offload-targets=nvptx-none --without-cuda-driver --enable-checking=release --build=x86_64-linux-gnu --host=x86_64-linux-gnu --target=x86_64-linux-gnu
Thread model: posix
gcc version 7.5.0 (Ubuntu 7.5.0-3ubuntu1~18.04) 
configure:2825: $? = 0
configure:2832: gcc -V >&5
gcc: error: unrecognized command line option '-V'
gcc: fatal error: no input files
compilation terminated.
configure:2835: $? = 1
configure:2858: checking for C compiler default output file name
configure:2885: gcc    conftest.c  >&5
configure:2888: $? = 0
configure:2926: result: a.out
configure:2943: checking whether the C compiler works
configure:2953: ./a.out
configure:2956: $? = 0
configure:2973: result: yes
configure:2980: checking whether we are cross compiling
configure:2982: result: no
configure:2985: checking for suffix of executables
configure:2992: gcc -o conftest    conftest.c  >&5
configure:2995: $? = 0
configure:3019: result: 
configure:3025: checking for suffix of object files
configure:3051: gcc -c   conftest.c >&5
configure:3054: $? = 0
configure:3077: result: o
configure:3081: checking whether we are using the GNU C compiler
configure:3110: gcc -c   conftest.c >&5
configure:3116: $? = 0
configure:3133: result: yes
configure:3138: checking whether gcc accepts -g
configure:3168: gcc -c -g  conftest.c >&5
configure:3174: $? = 0
configure:3273: result: yes
configure:3290: checking for gcc option to accept ISO C89
configure:3364: gcc  -c -g -O2  conftest.c >&5
configure:3370: $? = 0
configure:3393: result: none needed
configure:3489: checking build system type
configure:3507: result: x86_64-unknown-linux-gnu
configure:3529: checking host system type
configure:3544: result: x86_64-unknown-linux-gnu
configure:3566: checking for a sed that does not truncate output
configure:3622: result: /bin/sed
configure:3625: checking for grep that handles long lines and -e
configure:3699: result: /bin/grep
configure:3704: checking for egrep
configure:3782: result: /bin/grep -E
configure:3798: checking for ld used by gcc
configure:3865: result: /usr/bin/ld
configure:3874: checking if the linker (/usr/bin/ld) is GNU ld
configure:3889: result: yes
configure:3894: checking for /usr/bin/ld option to reload object files
configure:3901: result: -r
configure:3919: checking for BSD-compatible nm
configure:3968: result: /usr/bin/nm -B
configure:3972: checking whether ln -s works
configure:3976: result: yes
configure:3983: checking how to recognize dependent libraries
configure:4169: result: pass_all
configure:4258: gcc -c -g -O2  conftest.c >&5
configure:4261: $? = 0
configure:4410: checking how to run the C preprocessor
configure:4450: gcc -E  conftest.c
configure:4456: $? = 0
configure:4487: gcc -E  conftest.c
conftest.c:10:10: fatal error: ac_nonexistent.h: No such file or directory
 #include <ac_nonexistent.h>
          ^~~~~~~~~~~~~~~~~~
compilation terminated.
configure:4493: $? = 1
configure: failed program was:
| /* confdefs.h.  */
| #define PACKAGE_NAME "guile-gtk"
| #define PACKAGE_TARNAME "guile-gtk"
| #define PACKAGE_VERSION "2.1"
| #define PACKAGE_STRING "guile-gtk 2.1"
| #define PACKAGE_BUGREPORT "guile-gtk-general@gnu.org"
| #define PACKAGE "guile-gtk"
| #define VERSION "2.1"
| /* end confdefs.h.  */
| #include <ac_nonexistent.h>
configure:4526: result: gcc -E
configure:4555: gcc -E  conftest.c
configure:4561: $? = 0
configure:4592: gcc -E  conftest.c
conftest.c:10:10: fatal error: ac_nonexistent.h: No such file or directory
 #include <ac_nonexistent.h>
          ^~~~~~~~~~~~~~~~~~
compilation terminated.
configure:4598: $? = 1
configure: failed program was:
| /* confdefs.h.  */
| #define PACKAGE_NAME "guile-gtk"
| #define PACKAGE_TARNAME "guile-gtk"
| #define PACKAGE_VERSION "2.1"
| #define PACKAGE_STRING "guile-gtk 2.1"
| #define PACKAGE_BUGREPORT "guile-gtk-general@gnu.org"
| #define PACKAGE "guile-gtk"
| #define VERSION "2.1"
| /* end confdefs.h.  */
| #include <ac_nonexistent.h>
configure:4636: checking for ANSI C header files
configure:4666: gcc -c -g -O2  conftest.c >&5
configure:4672: $? = 0
configure:4771: gcc -o conftest -g -O2   conftest.c  >&5
configure:4774: $? = 0
configure:4780: ./conftest
configure:4783: $? = 0
configure:4800: result: yes
configure:4824: checking for sys/types.h
configure:4845: gcc -c -g -O2  conftest.c >&5
configure:4851: $? = 0
configure:4867: result: yes
configure:4824: checking for sys/stat.h
configure:4845: gcc -c -g -O2  conftest.c >&5
configure:4851: $? = 0
configure:4867: result: yes
configure:4824: checking for stdlib.h
configure:4845: gcc -c -g -O2  conftest.c >&5
configure:4851: $? = 0
configure:4867: result: yes
configure:4824: checking for string.h
configure:4845: gcc -c -g -O2  conftest.c >&5
configure:4851: $? = 0
configure:4867: result: yes
configure:4824: checking for memory.h
configure:4845: gcc -c -g -O2  conftest.c >&5
configure:4851: $? = 0
configure:4867: result: yes
configure:4824: checking for strings.h
configure:4845: gcc -c -g -O2  conftest.c >&5
configure:4851: $? = 0
configure:4867: result: yes
configure:4824: checking for inttypes.h
configure:4845: gcc -c -g -O2  conftest.c >&5
configure:4851: $? = 0
configure:4867: result: yes
configure:4824: checking for stdint.h
configure:4845: gcc -c -g -O2  conftest.c >&5
configure:4851: $? = 0
configure:4867: result: yes
configure:4824: checking for unistd.h
configure:4845: gcc -c -g -O2  conftest.c >&5
configure:4851: $? = 0
configure:4867: result: yes
configure:4894: checking dlfcn.h usability
configure:4911: gcc -c -g -O2  conftest.c >&5
configure:4917: $? = 0
configure:4931: result: yes
configure:4935: checking dlfcn.h presence
configure:4950: gcc -E  conftest.c
configure:4956: $? = 0
configure:4970: result: yes
configure:5003: checking for dlfcn.h
configure:5011: result: yes
configure:5082: checking for g++
configure:5098: found /usr/bin/g++
configure:5109: result: g++
configure:5140: checking for C++ compiler version
configure:5147: g++ --version >&5
g++ (Ubuntu 7.5.0-3ubuntu1~18.04) 7.5.0
Copyright (C) 2017 Free Software Foundation, Inc.
This is free software; see the source for copying conditions.  There is NO
warranty; not even for MERCHANTABILITY or FITNESS FOR A PARTICULAR PURPOSE.

configure:5150: $? = 0
configure:5157: g++ -v >&5
Using built-in specs.
COLLECT_GCC=g++
COLLECT_LTO_WRAPPER=/usr/lib/gcc/x86_64-linux-gnu/7/lto-wrapper
OFFLOAD_TARGET_NAMES=nvptx-none
OFFLOAD_TARGET_DEFAULT=1
Target: x86_64-linux-gnu
Configured with: ../src/configure -v --with-pkgversion='Ubuntu 7.5.0-3ubuntu1~18.04' --with-bugurl=file:///usr/share/doc/gcc-7/README.Bugs --enable-languages=c,ada,c++,go,brig,d,fortran,objc,obj-c++ --prefix=/usr --with-gcc-major-version-only --program-suffix=-7 --program-prefix=x86_64-linux-gnu- --enable-shared --enable-linker-build-id --libexecdir=/usr/lib --without-included-gettext --enable-threads=posix --libdir=/usr/lib --enable-nls --enable-bootstrap --enable-clocale=gnu --enable-libstdcxx-debug --enable-libstdcxx-time=yes --with-default-libstdcxx-abi=new --enable-gnu-unique-object --disable-vtable-verify --enable-libmpx --enable-plugin --enable-default-pie --with-system-zlib --with-target-system-zlib --enable-objc-gc=auto --enable-multiarch --disable-werror --with-arch-32=i686 --with-abi=m64 --with-multilib-list=m32,m64,mx32 --enable-multilib --with-tune=generic --enable-offload-targets=nvptx-none --without-cuda-driver --enable-checking=release --build=x86_64-linux-gnu --host=x86_64-linux-gnu --target=x86_64-linux-gnu
Thread model: posix
gcc version 7.5.0 (Ubuntu 7.5.0-3ubuntu1~18.04) 
configure:5160: $? = 0
configure:5167: g++ -V >&5
g++: error: unrecognized command line option '-V'
g++: fatal error: no input files
compilation terminated.
configure:5170: $? = 1
configure:5173: checking whether we are using the GNU C++ compiler
configure:5202: g++ -c   conftest.cpp >&5
configure:5208: $? = 0
configure:5225: result: yes
configure:5230: checking whether g++ accepts -g
configure:5260: g++ -c -g  conftest.cpp >&5
configure:5266: $? = 0
configure:5365: result: yes
configure:5398: checking how to run the C++ preprocessor
configure:5434: g++ -E  conftest.cpp
configure:5440: $? = 0
configure:5471: g++ -E  conftest.cpp
conftest.cpp:21:10: fatal error: ac_nonexistent.h: No such file or directory
 #include <ac_nonexistent.h>
          ^~~~~~~~~~~~~~~~~~
compilation terminated.
configure:5477: $? = 1
configure: failed program was:
| /* confdefs.h.  */
| #define PACKAGE_NAME "guile-gtk"
| #define PACKAGE_TARNAME "guile-gtk"
| #define PACKAGE_VERSION "2.1"
| #define PACKAGE_STRING "guile-gtk 2.1"
| #define PACKAGE_BUGREPORT "guile-gtk-general@gnu.org"
| #define PACKAGE "guile-gtk"
| #define VERSION "2.1"
| #define STDC_HEADERS 1
| #define HAVE_SYS_TYPES_H 1
| #define HAVE_SYS_STAT_H 1
| #define HAVE_STDLIB_H 1
| #define HAVE_STRING_H 1
| #define HAVE_MEMORY_H 1
| #define HAVE_STRINGS_H 1
| #define HAVE_INTTYPES_H 1
| #define HAVE_STDINT_H 1
| #define HAVE_UNISTD_H 1
| #define HAVE_DLFCN_H 1
| /* end confdefs.h.  */
| #include <ac_nonexistent.h>
configure:5510: result: g++ -E
configure:5539: g++ -E  conftest.cpp
configure:5545: $? = 0
configure:5576: g++ -E  conftest.cpp
conftest.cpp:21:10: fatal error: ac_nonexistent.h: No such file or directory
 #include <ac_nonexistent.h>
          ^~~~~~~~~~~~~~~~~~
compilation terminated.
configure:5582: $? = 1
configure: failed program was:
| /* confdefs.h.  */
| #define PACKAGE_NAME "guile-gtk"
| #define PACKAGE_TARNAME "guile-gtk"
| #define PACKAGE_VERSION "2.1"
| #define PACKAGE_STRING "guile-gtk 2.1"
| #define PACKAGE_BUGREPORT "guile-gtk-general@gnu.org"
| #define PACKAGE "guile-gtk"
| #define VERSION "2.1"
| #define STDC_HEADERS 1
| #define HAVE_SYS_TYPES_H 1
| #define HAVE_SYS_STAT_H 1
| #define HAVE_STDLIB_H 1
| #define HAVE_STRING_H 1
| #define HAVE_MEMORY_H 1
| #define HAVE_STRINGS_H 1
| #define HAVE_INTTYPES_H 1
| #define HAVE_STDINT_H 1
| #define HAVE_UNISTD_H 1
| #define HAVE_DLFCN_H 1
| /* end confdefs.h.  */
| #include <ac_nonexistent.h>
configure:5675: checking for g77
configure:5705: result: no
configure:5675: checking for xlf
configure:5705: result: no
configure:5675: checking for f77
configure:5691: found /usr/bin/f77
configure:5702: result: f77
configure:5732: checking for Fortran 77 compiler version
configure:5739: f77 --version >&5
GNU Fortran (Ubuntu 7.5.0-3ubuntu1~18.04) 7.5.0
Copyright (C) 2017 Free Software Foundation, Inc.
This is free software; see the source for copying conditions.  There is NO
warranty; not even for MERCHANTABILITY or FITNESS FOR A PARTICULAR PURPOSE.

configure:5742: $? = 0
configure:5749: f77 -v >&5
Using built-in specs.
COLLECT_GCC=f77
COLLECT_LTO_WRAPPER=/usr/lib/gcc/x86_64-linux-gnu/7/lto-wrapper
OFFLOAD_TARGET_NAMES=nvptx-none
OFFLOAD_TARGET_DEFAULT=1
Target: x86_64-linux-gnu
Configured with: ../src/configure -v --with-pkgversion='Ubuntu 7.5.0-3ubuntu1~18.04' --with-bugurl=file:///usr/share/doc/gcc-7/README.Bugs --enable-languages=c,ada,c++,go,brig,d,fortran,objc,obj-c++ --prefix=/usr --with-gcc-major-version-only --program-suffix=-7 --program-prefix=x86_64-linux-gnu- --enable-shared --enable-linker-build-id --libexecdir=/usr/lib --without-included-gettext --enable-threads=posix --libdir=/usr/lib --enable-nls --enable-bootstrap --enable-clocale=gnu --enable-libstdcxx-debug --enable-libstdcxx-time=yes --with-default-libstdcxx-abi=new --enable-gnu-unique-object --disable-vtable-verify --enable-libmpx --enable-plugin --enable-default-pie --with-system-zlib --with-target-system-zlib --enable-objc-gc=auto --enable-multiarch --disable-werror --with-arch-32=i686 --with-abi=m64 --with-multilib-list=m32,m64,mx32 --enable-multilib --with-tune=generic --enable-offload-targets=nvptx-none --without-cuda-driver --enable-checking=release --build=x86_64-linux-gnu --host=x86_64-linux-gnu --target=x86_64-linux-gnu
Thread model: posix
gcc version 7.5.0 (Ubuntu 7.5.0-3ubuntu1~18.04) 
configure:5752: $? = 0
configure:5759: f77 -V >&5
f77: error: unrecognized command line option '-V'
f77: fatal error: no input files
compilation terminated.
configure:5762: $? = 1
configure:5770: checking whether we are using the GNU Fortran 77 compiler
configure:5789: f77 -c  conftest.F >&5
configure:5795: $? = 0
configure:5812: result: yes
configure:5818: checking whether f77 accepts -g
configure:5835: f77 -c -g conftest.f >&5
configure:5841: $? = 0
configure:5857: result: yes
configure:5887: checking the maximum length of command line arguments
configure:5999: result: 1572864
configure:6011: checking command to parse /usr/bin/nm -B output from gcc object
configure:6116: gcc -c -g -O2  conftest.c >&5
configure:6119: $? = 0
configure:6123: /usr/bin/nm -B conftest.o \| sed -n -e 's/^.*[ 	]\([ABCDGIRSTW][ABCDGIRSTW]*\)[ 	][ 	]*\([_A-Za-z][_A-Za-z0-9]*\)$/\1 \2 \2/p' \> conftest.nm
configure:6126: $? = 0
configure:6178: gcc -o conftest -g -O2   conftest.c conftstm.o >&5
configure:6181: $? = 0
configure:6219: result: ok
configure:6223: checking for objdir
configure:6238: result: .libs
configure:6330: checking for ar
configure:6346: found /usr/bin/ar
configure:6357: result: ar
configure:6426: checking for ranlib
configure:6442: found /usr/bin/ranlib
configure:6453: result: ranlib
configure:6522: checking for strip
configure:6538: found /usr/bin/strip
configure:6549: result: strip
configure:6835: checking if gcc supports -fno-rtti -fno-exceptions
configure:6853: gcc -c -g -O2  -fno-rtti -fno-exceptions conftest.c >&5
cc1: warning: command line option '-fno-rtti' is valid for C++/ObjC++ but not for C
configure:6857: $? = 0
configure:6870: result: no
configure:6885: checking for gcc option to produce PIC
configure:7117: result: -fPIC
configure:7125: checking if gcc PIC flag -fPIC works
configure:7143: gcc -c -g -O2  -fPIC -DPIC conftest.c >&5
configure:7147: $? = 0
configure:7160: result: yes
configure:7188: checking if gcc static flag -static works
configure:7216: result: yes
configure:7226: checking if gcc supports -c -o file.o
configure:7247: gcc -c -g -O2  -o out/conftest2.o conftest.c >&5
configure:7251: $? = 0
configure:7273: result: yes
configure:7299: checking whether the gcc linker (/usr/bin/ld -m elf_x86_64) supports shared libraries
configure:8280: result: yes
configure:8301: checking whether -lc should be explicitly linked in
configure:8306: gcc -c -g -O2  conftest.c >&5
configure:8309: $? = 0
configure:8324: gcc -shared conftest.o  -v -Wl,-soname -Wl,conftest -o conftest 2\>\&1 \| grep  -lc  \>/dev/null 2\>\&1
configure:8327: $? = 0
configure:8339: result: no
configure:8347: checking dynamic linker characteristics
configure:8961: result: GNU/Linux ld.so
configure:8970: checking how to hardcode library paths into programs
configure:8995: result: immediate
configure:9009: checking whether stripping libraries is possible
configure:9014: result: yes
configure:9816: checking if libtool supports shared libraries
configure:9818: result: yes
configure:9821: checking whether to build shared libraries
configure:9842: result: yes
configure:9845: checking whether to build static libraries
configure:9849: result: yes
configure:9942: creating libtool
configure:10530: checking for ld used by g++
configure:10597: result: /usr/bin/ld -m elf_x86_64
configure:10606: checking if the linker (/usr/bin/ld -m elf_x86_64) is GNU ld
configure:10621: result: yes
configure:10672: checking whether the g++ linker (/usr/bin/ld -m elf_x86_64) supports shared libraries
configure:11646: result: yes
configure:11664: g++ -c -g -O2  conftest.cpp >&5
configure:11667: $? = 0
configure:11819: checking for g++ option to produce PIC
configure:12103: result: -fPIC
configure:12111: checking if g++ PIC flag -fPIC works
configure:12129: g++ -c -g -O2  -fPIC -DPIC conftest.cpp >&5
configure:12133: $? = 0
configure:12146: result: yes
configure:12174: checking if g++ static flag -static works
configure:12202: result: yes
configure:12212: checking if g++ supports -c -o file.o
configure:12233: g++ -c -g -O2  -o out/conftest2.o conftest.cpp >&5
configure:12237: $? = 0
configure:12259: result: yes
configure:12285: checking whether the g++ linker (/usr/bin/ld -m elf_x86_64) supports shared libraries
configure:12313: result: yes
configure:12380: checking dynamic linker characteristics
configure:12942: result: GNU/Linux ld.so
configure:12951: checking how to hardcode library paths into programs
configure:12976: result: immediate
configure:13510: checking if libtool supports shared libraries
configure:13512: result: yes
configure:13515: checking whether to build shared libraries
configure:13535: result: yes
configure:13538: checking whether to build static libraries
configure:13542: result: yes
configure:13552: checking for f77 option to produce PIC
configure:13784: result: -fPIC
configure:13792: checking if f77 PIC flag -fPIC works
configure:13810: f77 -c -g -O2 -fPIC conftest.f >&5
configure:13814: $? = 0
configure:13827: result: yes
configure:13855: checking if f77 static flag -static works
configure:13883: result: yes
configure:13893: checking if f77 supports -c -o file.o
configure:13914: f77 -c -g -O2 -o out/conftest2.o conftest.f >&5
configure:13918: $? = 0
configure:13940: result: yes
configure:13966: checking whether the f77 linker (/usr/bin/ld -m elf_x86_64) supports shared libraries
configure:14927: result: yes
configure:14994: checking dynamic linker characteristics
configure:15556: result: GNU/Linux ld.so
configure:15565: checking how to hardcode library paths into programs
configure:15590: result: immediate
configure:19178: checking how to run the C preprocessor
configure:19294: result: gcc -E
configure:19323: gcc -E  conftest.c
configure:19329: $? = 0
configure:19360: gcc -E  conftest.c
conftest.c:21:10: fatal error: ac_nonexistent.h: No such file or directory
 #include <ac_nonexistent.h>
          ^~~~~~~~~~~~~~~~~~
compilation terminated.
configure:19366: $? = 1
configure: failed program was:
| /* confdefs.h.  */
| #define PACKAGE_NAME "guile-gtk"
| #define PACKAGE_TARNAME "guile-gtk"
| #define PACKAGE_VERSION "2.1"
| #define PACKAGE_STRING "guile-gtk 2.1"
| #define PACKAGE_BUGREPORT "guile-gtk-general@gnu.org"
| #define PACKAGE "guile-gtk"
| #define VERSION "2.1"
| #define STDC_HEADERS 1
| #define HAVE_SYS_TYPES_H 1
| #define HAVE_SYS_STAT_H 1
| #define HAVE_STDLIB_H 1
| #define HAVE_STRING_H 1
| #define HAVE_MEMORY_H 1
| #define HAVE_STRINGS_H 1
| #define HAVE_INTTYPES_H 1
| #define HAVE_STDINT_H 1
| #define HAVE_UNISTD_H 1
| #define HAVE_DLFCN_H 1
| /* end confdefs.h.  */
| #include <ac_nonexistent.h>
configure:19453: checking for pkg-config
configure:19471: found /usr/bin/pkg-config
configure:19483: result: /usr/bin/pkg-config
configure:19512: checking pkg-config is at least version 0.9.0
configure:19515: result: yes
configure:19526: checking for GTK
configure:19534: $PKG_CONFIG --exists --print-errors "gtk+-2.0 glib-2.0 gthread-2.0"
configure:19537: $? = 0
configure:19552: $PKG_CONFIG --exists --print-errors "gtk+-2.0 glib-2.0 gthread-2.0"
configure:19555: $? = 0
configure:19631: result: yes
configure:19651: checking for GDK_PIXBUF
configure:19659: $PKG_CONFIG --exists --print-errors "gdk-pixbuf-2.0"
configure:19662: $? = 0
configure:19677: $PKG_CONFIG --exists --print-errors "gdk-pixbuf-2.0"
configure:19680: $? = 0
configure:19756: result: yes
configure:19796: checking for LIBGLADE
configure:19804: $PKG_CONFIG --exists --print-errors "libglade-2.0"
Package libglade-2.0 was not found in the pkg-config search path.
Perhaps you should add the directory containing `libglade-2.0.pc'
to the PKG_CONFIG_PATH environment variable
No package 'libglade-2.0' found
configure:19807: $? = 1
configure:19822: $PKG_CONFIG --exists --print-errors "libglade-2.0"
Package libglade-2.0 was not found in the pkg-config search path.
Perhaps you should add the directory containing `libglade-2.0.pc'
to the PKG_CONFIG_PATH environment variable
No package 'libglade-2.0' found
configure:19825: $? = 1
No package 'libglade-2.0' found
configure:19863: error: Package requirements (libglade-2.0) were not met:

No package 'libglade-2.0' found

Consider adjusting the PKG_CONFIG_PATH environment variable if you
installed software in a non-standard prefix.

Alternatively, you may set the environment variables LIBGLADE_CFLAGS
and LIBGLADE_LIBS to avoid the need to call pkg-config.
See the pkg-config man page for more details.


## ---------------- ##
## Cache variables. ##
## ---------------- ##

ac_cv_build=x86_64-unknown-linux-gnu
ac_cv_c_compiler_gnu=yes
ac_cv_cxx_compiler_gnu=yes
ac_cv_env_CCC_set=
ac_cv_env_CCC_value=
ac_cv_env_CC_set=
ac_cv_env_CC_value=
ac_cv_env_CFLAGS_set=
ac_cv_env_CFLAGS_value=
ac_cv_env_CPPFLAGS_set=
ac_cv_env_CPPFLAGS_value=
ac_cv_env_CPP_set=
ac_cv_env_CPP_value=
ac_cv_env_CXXCPP_set=
ac_cv_env_CXXCPP_value=
ac_cv_env_CXXFLAGS_set=
ac_cv_env_CXXFLAGS_value=
ac_cv_env_CXX_set=
ac_cv_env_CXX_value=
ac_cv_env_F77_set=
ac_cv_env_F77_value=
ac_cv_env_FFLAGS_set=
ac_cv_env_FFLAGS_value=
ac_cv_env_GDK_PIXBUF_CFLAGS_set=
ac_cv_env_GDK_PIXBUF_CFLAGS_value=
ac_cv_env_GDK_PIXBUF_LIBS_set=
ac_cv_env_GDK_PIXBUF_LIBS_value=
ac_cv_env_GTKGL_CFLAGS_set=
ac_cv_env_GTKGL_CFLAGS_value=
ac_cv_env_GTKGL_LIBS_set=
ac_cv_env_GTKGL_LIBS_value=
ac_cv_env_GTK_CFLAGS_set=
ac_cv_env_GTK_CFLAGS_value=
ac_cv_env_GTK_LIBS_set=
ac_cv_env_GTK_LIBS_value=
ac_cv_env_LDFLAGS_set=
ac_cv_env_LDFLAGS_value=
ac_cv_env_LIBGLADE_CFLAGS_set=
ac_cv_env_LIBGLADE_CFLAGS_value=
ac_cv_env_LIBGLADE_LIBS_set=
ac_cv_env_LIBGLADE_LIBS_value=
ac_cv_env_LIBS_set=
ac_cv_env_LIBS_value=
ac_cv_env_PKG_CONFIG_set=
ac_cv_env_PKG_CONFIG_value=
ac_cv_env_build_alias_set=
ac_cv_env_build_alias_value=
ac_cv_env_host_alias_set=
ac_cv_env_host_alias_value=
ac_cv_env_target_alias_set=
ac_cv_env_target_alias_value=
ac_cv_f77_compiler_gnu=yes
ac_cv_header_dlfcn_h=yes
ac_cv_header_inttypes_h=yes
ac_cv_header_memory_h=yes
ac_cv_header_stdc=yes
ac_cv_header_stdint_h=yes
ac_cv_header_stdlib_h=yes
ac_cv_header_string_h=yes
ac_cv_header_strings_h=yes
ac_cv_header_sys_stat_h=yes
ac_cv_header_sys_types_h=yes
ac_cv_header_unistd_h=yes
ac_cv_host=x86_64-unknown-linux-gnu
ac_cv_objext=o
ac_cv_path_EGREP='/bin/grep -E'
ac_cv_path_GREP=/bin/grep
ac_cv_path_ac_pt_PKG_CONFIG=/usr/bin/pkg-config
ac_cv_path_install='/usr/bin/install -c'
ac_cv_path_mkdir=/bin/mkdir
ac_cv_prog_AWK=gawk
ac_cv_prog_CPP='gcc -E'
ac_cv_prog_CXXCPP='g++ -E'
ac_cv_prog_ac_ct_AR=ar
ac_cv_prog_ac_ct_CC=gcc
ac_cv_prog_ac_ct_CXX=g++
ac_cv_prog_ac_ct_F77=f77
ac_cv_prog_ac_ct_RANLIB=ranlib
ac_cv_prog_ac_ct_STRIP=strip
ac_cv_prog_cc_c89=
ac_cv_prog_cc_g=yes
ac_cv_prog_cxx_g=yes
ac_cv_prog_f77_g=yes
ac_cv_prog_make_make_set=yes
lt_cv_deplibs_check_method=pass_all
lt_cv_file_magic_cmd='$MAGIC_CMD'
lt_cv_file_magic_test_file=
lt_cv_ld_reload_flag=-r
lt_cv_objdir=.libs
lt_cv_path_LD=/usr/bin/ld
lt_cv_path_LDCXX='/usr/bin/ld -m elf_x86_64'
lt_cv_path_NM='/usr/bin/nm -B'
lt_cv_path_SED=/bin/sed
lt_cv_prog_compiler_c_o=yes
lt_cv_prog_compiler_c_o_CXX=yes
lt_cv_prog_compiler_c_o_F77=yes
lt_cv_prog_compiler_rtti_exceptions=no
lt_cv_prog_gnu_ld=yes
lt_cv_prog_gnu_ldcxx=yes
lt_cv_sys_global_symbol_pipe='sed -n -e '\''s/^.*[ 	]\([ABCDGIRSTW][ABCDGIRSTW]*\)[ 	][ 	]*\([_A-Za-z][_A-Za-z0-9]*\)$/\1 \2 \2/p'\'''
lt_cv_sys_global_symbol_to_c_name_address='sed -n -e '\''s/^: \([^ ]*\) $/  {\"\1\", (lt_ptr) 0},/p'\'' -e '\''s/^[BCDEGRST] \([^ ]*\) \([^ ]*\)$/  {"\2", (lt_ptr) \&\2},/p'\'''
lt_cv_sys_global_symbol_to_cdecl='sed -n -e '\''s/^. .* \(.*\)$/extern int \1;/p'\'''
lt_cv_sys_max_cmd_len=1572864
lt_lt_cv_prog_compiler_c_o='"yes"'
lt_lt_cv_prog_compiler_c_o_CXX='"yes"'
lt_lt_cv_prog_compiler_c_o_F77='"yes"'
lt_lt_cv_sys_global_symbol_pipe='"sed -n -e '\''s/^.*[ 	]\\([ABCDGIRSTW][ABCDGIRSTW]*\\)[ 	][ 	]*\\([_A-Za-z][_A-Za-z0-9]*\\)\$/\\1 \\2 \\2/p'\''"'
lt_lt_cv_sys_global_symbol_to_c_name_address='"sed -n -e '\''s/^: \\([^ ]*\\) \$/  {\\\"\\1\\\", (lt_ptr) 0},/p'\'' -e '\''s/^[BCDEGRST] \\([^ ]*\\) \\([^ ]*\\)\$/  {\"\\2\", (lt_ptr) \\&\\2},/p'\''"'
lt_lt_cv_sys_global_symbol_to_cdecl='"sed -n -e '\''s/^. .* \\(.*\\)\$/extern int \\1;/p'\''"'
pkg_cv_GDK_PIXBUF_CFLAGS='-pthread -I/usr/include/gdk-pixbuf-2.0 -I/usr/include/libpng16 -I/usr/include/glib-2.0 -I/usr/lib/x86_64-linux-gnu/glib-2.0/include'
pkg_cv_GDK_PIXBUF_LIBS='-lgdk_pixbuf-2.0 -lgobject-2.0 -lglib-2.0'
pkg_cv_GTK_CFLAGS='-pthread -I/usr/include/gtk-2.0 -I/usr/lib/x86_64-linux-gnu/gtk-2.0/include -I/usr/include/gio-unix-2.0/ -I/usr/include/cairo -I/usr/include/pango-1.0 -I/usr/include/atk-1.0 -I/usr/include/cairo -I/usr/include/pixman-1 -I/usr/include/gdk-pixbuf-2.0 -I/usr/include/libpng16 -I/usr/include/pango-1.0 -I/usr/include/harfbuzz -I/usr/include/pango-1.0 -I/usr/include/freetype2 -I/usr/include/libpng16 -I/usr/include/freetype2 -I/usr/include/libpng16 -I/usr/include/glib-2.0 -I/usr/lib/x86_64-linux-gnu/glib-2.0/include'
pkg_cv_GTK_LIBS='-lgtk-x11-2.0 -lgdk-x11-2.0 -lpangocairo-1.0 -latk-1.0 -lcairo -lgdk_pixbuf-2.0 -lgio-2.0 -lpangoft2-1.0 -lpango-1.0 -lgobject-2.0 -lfontconfig -lfreetype -lgthread-2.0 -pthread -lglib-2.0'

## ----------------- ##
## Output variables. ##
## ----------------- ##

ACLOCAL='${SHELL} /home/carolhanna/Security_Project/gnu_dataset/guile-gtk-2.1/missing --run aclocal-1.10'
AMTAR='${SHELL} /home/carolhanna/Security_Project/gnu_dataset/guile-gtk-2.1/missing --run tar'
AR='ar'
AUTOCONF='${SHELL} /home/carolhanna/Security_Project/gnu_dataset/guile-gtk-2.1/missing --run autoconf'
AUTOHEADER='${SHELL} /home/carolhanna/Security_Project/gnu_dataset/guile-gtk-2.1/missing --run autoheader'
AUTOMAKE='${SHELL} /home/carolhanna/Security_Project/gnu_dataset/guile-gtk-2.1/missing --run automake-1.10'
AWK='gawk'
BUILD_GDK_PIXBUF_FALSE='#'
BUILD_GDK_PIXBUF_TRUE=''
BUILD_GLADE_FALSE=''
BUILD_GLADE_TRUE=''
BUILD_GTK_GL_FALSE=''
BUILD_GTK_GL_TRUE=''
CC='gcc'
CFLAGS='-g -O2 -pthread -I/usr/include/gtk-2.0 -I/usr/lib/x86_64-linux-gnu/gtk-2.0/include -I/usr/include/gio-unix-2.0/ -I/usr/include/cairo -I/usr/include/pango-1.0 -I/usr/include/atk-1.0 -I/usr/include/cairo -I/usr/include/pixman-1 -I/usr/include/gdk-pixbuf-2.0 -I/usr/include/libpng16 -I/usr/include/pango-1.0 -I/usr/include/harfbuzz -I/usr/include/pango-1.0 -I/usr/include/freetype2 -I/usr/include/libpng16 -I/usr/include/freetype2 -I/usr/include/libpng16 -I/usr/include/glib-2.0 -I/usr/lib/x86_64-linux-gnu/glib-2.0/include'
CPP='gcc -E'
CPPFLAGS=''
CXX='g++'
CXXCPP='g++ -E'
CXXFLAGS='-g -O2'
CYGPATH_W='echo'
DEFS=''
ECHO='echo'
ECHO_C=''
ECHO_N='-n'
ECHO_T=''
EGREP='/bin/grep -E'
EXEEXT=''
F77='f77'
FFLAGS='-g -O2'
GDK_PIXBUF_CFLAGS='-pthread -I/usr/include/gdk-pixbuf-2.0 -I/usr/include/libpng16 -I/usr/include/glib-2.0 -I/usr/lib/x86_64-linux-gnu/glib-2.0/include'
GDK_PIXBUF_LIBS='-lgdk_pixbuf-2.0 -lgobject-2.0 -lglib-2.0'
GREP='/bin/grep'
GTKGL_CFLAGS=''
GTKGL_LIBS=''
GTK_CFLAGS='-pthread -I/usr/include/gtk-2.0 -I/usr/lib/x86_64-linux-gnu/gtk-2.0/include -I/usr/include/gio-unix-2.0/ -I/usr/include/cairo -I/usr/include/pango-1.0 -I/usr/include/atk-1.0 -I/usr/include/cairo -I/usr/include/pixman-1 -I/usr/include/gdk-pixbuf-2.0 -I/usr/include/libpng16 -I/usr/include/pango-1.0 -I/usr/include/harfbuzz -I/usr/include/pango-1.0 -I/usr/include/freetype2 -I/usr/include/libpng16 -I/usr/include/freetype2 -I/usr/include/libpng16 -I/usr/include/glib-2.0 -I/usr/lib/x86_64-linux-gnu/glib-2.0/include'
GTK_LIBS='-lgtk-x11-2.0 -lgdk-x11-2.0 -lpangocairo-1.0 -latk-1.0 -lcairo -lgdk_pixbuf-2.0 -lgio-2.0 -lpangoft2-1.0 -lpango-1.0 -lgobject-2.0 -lfontconfig -lfreetype -lgthread-2.0 -pthread -lglib-2.0'
GUILE=''
GUILE_CFLAGS=''
GUILE_CONFIG=''
GUILE_LDFLAGS=''
GUILE_TOOLS=''
INSTALL_DATA='${INSTALL} -m 644'
INSTALL_OPTIONAL_SCM=''
INSTALL_PROGRAM='${INSTALL}'
INSTALL_SCRIPT='${INSTALL}'
INSTALL_STRIP_PROGRAM='$(install_sh) -c -s'
LDFLAGS=''
LIBGLADE_CFLAGS=''
LIBGLADE_LIBS=''
LIBOBJS=''
LIBS='-g -O2 -pthread -I/usr/include/gtk-2.0 -I/usr/lib/x86_64-linux-gnu/gtk-2.0/include -I/usr/include/gio-unix-2.0/ -I/usr/include/cairo -I/usr/include/pango-1.0 -I/usr/include/atk-1.0 -I/usr/include/cairo -I/usr/include/pixman-1 -I/usr/include/gdk-pixbuf-2.0 -I/usr/include/libpng16 -I/usr/include/pango-1.0 -I/usr/include/harfbuzz -I/usr/include/pango-1.0 -I/usr/include/freetype2 -I/usr/include/libpng16 -I/usr/include/freetype2 -I/usr/include/libpng16 -I/usr/include/glib-2.0 -I/usr/lib/x86_64-linux-gnu/glib-2.0/include -lgtk-x11-2.0 -lgdk-x11-2.0 -lpangocairo-1.0 -latk-1.0 -lcairo -lgdk_pixbuf-2.0 -lgio-2.0 -lpangoft2-1.0 -lpango-1.0 -lgobject-2.0 -lfontconfig -lfreetype -lgthread-2.0 -pthread -lglib-2.0'
LIBTOOL='$(SHELL) $(top_builddir)/libtool'
LN_S='ln -s'
LTLIBOBJS=''
MAKEINFO='${SHELL} /home/carolhanna/Security_Project/gnu_dataset/guile-gtk-2.1/missing --run makeinfo'
OBJEXT='o'
PACKAGE='guile-gtk'
PACKAGE_BUGREPORT='guile-gtk-general@gnu.org'
PACKAGE_NAME='guile-gtk'
PACKAGE_STRING='guile-gtk 2.1'
PACKAGE_TARNAME='guile-gtk'
PACKAGE_VERSION='2.1'
PATH_SEPARATOR=':'
PKG_CONFIG='/usr/bin/pkg-config'
RANLIB='ranlib'
SED='/bin/sed'
SET_MAKE=''
SHELL='/bin/bash'
STRIP='strip'
VERSION='2.1'
ac_ct_CC='gcc'
ac_ct_CXX='g++'
ac_ct_F77='f77'
am__isrc=''
am__leading_dot='.'
am__tar='${AMTAR} chof - "$$tardir"'
am__untar='${AMTAR} xf -'
bindir='${exec_prefix}/bin'
build='x86_64-unknown-linux-gnu'
build_alias=''
build_cpu='x86_64'
build_os='linux-gnu'
build_vendor='unknown'
datadir='${datarootdir}'
datarootdir='${prefix}/share'
docdir='${datarootdir}/doc/${PACKAGE_TARNAME}'
dvidir='${docdir}'
exec_prefix='NONE'
host='x86_64-unknown-linux-gnu'
host_alias=''
host_cpu='x86_64'
host_os='linux-gnu'
host_vendor='unknown'
htmldir='${docdir}'
includedir='${prefix}/include'
infodir='${datarootdir}/info'
install_sh='$(SHELL) /home/carolhanna/Security_Project/gnu_dataset/guile-gtk-2.1/install-sh'
libdir='${exec_prefix}/lib'
libexecdir='${exec_prefix}/libexec'
localedir='${datarootdir}/locale'
localstatedir='${prefix}/var'
mandir='${datarootdir}/man'
mkdir_p='/bin/mkdir -p'
oldincludedir='/usr/include'
pdfdir='${docdir}'
prefix='NONE'
program_transform_name='s,x,x,'
psdir='${docdir}'
sbindir='${exec_prefix}/sbin'
sharedstatedir='${prefix}/com'
sysconfdir='${prefix}/etc'
target_alias=''

## ----------- ##
## confdefs.h. ##
## ----------- ##

#define PACKAGE_NAME "guile-gtk"
#define PACKAGE_TARNAME "guile-gtk"
#define PACKAGE_VERSION "2.1"
#define PACKAGE_STRING "guile-gtk 2.1"
#define PACKAGE_BUGREPORT "guile-gtk-general@gnu.org"
#define PACKAGE "guile-gtk"
#define VERSION "2.1"
#define STDC_HEADERS 1
#define HAVE_SYS_TYPES_H 1
#define HAVE_SYS_STAT_H 1
#define HAVE_STDLIB_H 1
#define HAVE_STRING_H 1
#define HAVE_MEMORY_H 1
#define HAVE_STRINGS_H 1
#define HAVE_INTTYPES_H 1
#define HAVE_STDINT_H 1
#define HAVE_UNISTD_H 1
#define HAVE_DLFCN_H 1

configure: exit 1
