This file contains any messages produced by compilers while
running configure, to aid debugging if configure makes a mistake.

It was created by GNU Generic Security Service configure 1.0.3, which was
generated by GNU Autoconf 2.69.  Invocation command line was

  $ ./configure 

## --------- ##
## Platform. ##
## --------- ##

hostname = rishon
uname -m = x86_64
uname -r = 4.15.0-72-generic
uname -s = Linux
uname -v = #81-Ubuntu SMP Tue Nov 26 12:20:02 UTC 2019

/usr/bin/uname -p = unknown
/bin/uname -X     = unknown

/bin/arch              = unknown
/usr/bin/arch -k       = unknown
/usr/convex/getsysinfo = unknown
/usr/bin/hostinfo      = unknown
/bin/machine           = unknown
/usr/bin/oslevel       = unknown
/bin/universe          = unknown

PATH: /home/carolhanna/miniconda3/bin
PATH: /home/carolhanna/miniconda3/condabin
PATH: /usr/local/sbin
PATH: /usr/local/bin
PATH: /usr/sbin
PATH: /usr/bin
PATH: /sbin
PATH: /bin
PATH: /usr/games
PATH: /usr/local/games
PATH: /snap/bin


## ----------- ##
## Core tests. ##
## ----------- ##

configure:3016: checking for a BSD-compatible install
configure:3084: result: /usr/bin/install -c
configure:3095: checking whether build environment is sane
configure:3150: result: yes
configure:3301: checking for a thread-safe mkdir -p
configure:3340: result: /bin/mkdir -p
configure:3347: checking for gawk
configure:3363: found /usr/bin/gawk
configure:3374: result: gawk
configure:3385: checking whether make sets $(MAKE)
configure:3407: result: yes
configure:3436: checking whether make supports nested variables
configure:3453: result: yes
configure:3590: checking whether make supports nested variables
configure:3607: result: yes
configure:3679: checking for gcc
configure:3695: found /usr/bin/gcc
configure:3706: result: gcc
configure:3935: checking for C compiler version
configure:3944: gcc --version >&5
gcc (Ubuntu 7.5.0-3ubuntu1~18.04) 7.5.0
Copyright (C) 2017 Free Software Foundation, Inc.
This is free software; see the source for copying conditions.  There is NO
warranty; not even for MERCHANTABILITY or FITNESS FOR A PARTICULAR PURPOSE.

configure:3955: $? = 0
configure:3944: gcc -v >&5
Using built-in specs.
COLLECT_GCC=gcc
COLLECT_LTO_WRAPPER=/usr/lib/gcc/x86_64-linux-gnu/7/lto-wrapper
OFFLOAD_TARGET_NAMES=nvptx-none
OFFLOAD_TARGET_DEFAULT=1
Target: x86_64-linux-gnu
Configured with: ../src/configure -v --with-pkgversion='Ubuntu 7.5.0-3ubuntu1~18.04' --with-bugurl=file:///usr/share/doc/gcc-7/README.Bugs --enable-languages=c,ada,c++,go,brig,d,fortran,objc,obj-c++ --prefix=/usr --with-gcc-major-version-only --program-suffix=-7 --program-prefix=x86_64-linux-gnu- --enable-shared --enable-linker-build-id --libexecdir=/usr/lib --without-included-gettext --enable-threads=posix --libdir=/usr/lib --enable-nls --enable-bootstrap --enable-clocale=gnu --enable-libstdcxx-debug --enable-libstdcxx-time=yes --with-default-libstdcxx-abi=new --enable-gnu-unique-object --disable-vtable-verify --enable-libmpx --enable-plugin --enable-default-pie --with-system-zlib --with-target-system-zlib --enable-objc-gc=auto --enable-multiarch --disable-werror --with-arch-32=i686 --with-abi=m64 --with-multilib-list=m32,m64,mx32 --enable-multilib --with-tune=generic --enable-offload-targets=nvptx-none --without-cuda-driver --enable-checking=release --build=x86_64-linux-gnu --host=x86_64-linux-gnu --target=x86_64-linux-gnu
Thread model: posix
gcc version 7.5.0 (Ubuntu 7.5.0-3ubuntu1~18.04) 
configure:3955: $? = 0
configure:3944: gcc -V >&5
gcc: error: unrecognized command line option '-V'
gcc: fatal error: no input files
compilation terminated.
configure:3955: $? = 1
configure:3944: gcc -qversion >&5
gcc: error: unrecognized command line option '-qversion'; did you mean '--version'?
gcc: fatal error: no input files
compilation terminated.
configure:3955: $? = 1
configure:3975: checking whether the C compiler works
configure:3997: gcc    conftest.c  >&5
configure:4001: $? = 0
configure:4049: result: yes
configure:4052: checking for C compiler default output file name
configure:4054: result: a.out
configure:4060: checking for suffix of executables
configure:4067: gcc -o conftest    conftest.c  >&5
configure:4071: $? = 0
configure:4093: result: 
configure:4115: checking whether we are cross compiling
configure:4123: gcc -o conftest    conftest.c  >&5
configure:4127: $? = 0
configure:4134: ./conftest
configure:4138: $? = 0
configure:4153: result: no
configure:4158: checking for suffix of object files
configure:4180: gcc -c   conftest.c >&5
configure:4184: $? = 0
configure:4205: result: o
configure:4209: checking whether we are using the GNU C compiler
configure:4228: gcc -c   conftest.c >&5
configure:4228: $? = 0
configure:4237: result: yes
configure:4246: checking whether gcc accepts -g
configure:4266: gcc -c -g  conftest.c >&5
configure:4266: $? = 0
configure:4307: result: yes
configure:4324: checking for gcc option to accept ISO C89
configure:4387: gcc  -c -g -O2  conftest.c >&5
configure:4387: $? = 0
configure:4400: result: none needed
configure:4425: checking whether gcc understands -c and -o together
configure:4447: gcc -c conftest.c -o conftest2.o
configure:4450: $? = 0
configure:4447: gcc -c conftest.c -o conftest2.o
configure:4450: $? = 0
configure:4462: result: yes
configure:4490: checking for style of include used by make
configure:4518: result: GNU
configure:4544: checking dependency style of gcc
configure:4655: result: gcc3
configure:4676: checking how to run the C preprocessor
configure:4707: gcc -E  conftest.c
configure:4707: $? = 0
configure:4721: gcc -E  conftest.c
conftest.c:11:10: fatal error: ac_nonexistent.h: No such file or directory
 #include <ac_nonexistent.h>
          ^~~~~~~~~~~~~~~~~~
compilation terminated.
configure:4721: $? = 1
configure: failed program was:
| /* confdefs.h */
| #define PACKAGE_NAME "GNU Generic Security Service"
| #define PACKAGE_TARNAME "gss"
| #define PACKAGE_VERSION "1.0.3"
| #define PACKAGE_STRING "GNU Generic Security Service 1.0.3"
| #define PACKAGE_BUGREPORT "bug-gss@gnu.org"
| #define PACKAGE_URL "http://www.gnu.org/software/gss/"
| #define PACKAGE "gss"
| #define VERSION "1.0.3"
| /* end confdefs.h.  */
| #include <ac_nonexistent.h>
configure:4746: result: gcc -E
configure:4766: gcc -E  conftest.c
configure:4766: $? = 0
configure:4780: gcc -E  conftest.c
conftest.c:11:10: fatal error: ac_nonexistent.h: No such file or directory
 #include <ac_nonexistent.h>
          ^~~~~~~~~~~~~~~~~~
compilation terminated.
configure:4780: $? = 1
configure: failed program was:
| /* confdefs.h */
| #define PACKAGE_NAME "GNU Generic Security Service"
| #define PACKAGE_TARNAME "gss"
| #define PACKAGE_VERSION "1.0.3"
| #define PACKAGE_STRING "GNU Generic Security Service 1.0.3"
| #define PACKAGE_BUGREPORT "bug-gss@gnu.org"
| #define PACKAGE_URL "http://www.gnu.org/software/gss/"
| #define PACKAGE "gss"
| #define VERSION "1.0.3"
| /* end confdefs.h.  */
| #include <ac_nonexistent.h>
configure:4809: checking for grep that handles long lines and -e
configure:4867: result: /bin/grep
configure:4872: checking for egrep
configure:4934: result: /bin/grep -E
configure:4941: checking for Minix Amsterdam compiler
configure:4965: result: no
configure:5017: checking for ar
configure:5033: found /usr/bin/ar
configure:5044: result: ar
configure:5124: checking for ranlib
configure:5140: found /usr/bin/ranlib
configure:5151: result: ranlib
configure:5181: checking build system type
configure:5195: result: x86_64-unknown-linux-gnu
configure:5215: checking host system type
configure:5228: result: x86_64-unknown-linux-gnu
configure:5258: autobuild project... GNU Generic Security Service
configure:5264: autobuild revision... 1.0.3
configure:5269: autobuild hostname... rishon
configure:5280: autobuild timestamp... 20200830T155838Z
configure:5299: checking for ANSI C header files
configure:5319: gcc -c -g -O2  conftest.c >&5
configure:5319: $? = 0
configure:5392: gcc -o conftest -g -O2   conftest.c  >&5
configure:5392: $? = 0
configure:5392: ./conftest
configure:5392: $? = 0
configure:5403: result: yes
configure:5416: checking for sys/types.h
configure:5416: gcc -c -g -O2  conftest.c >&5
configure:5416: $? = 0
configure:5416: result: yes
configure:5416: checking for sys/stat.h
configure:5416: gcc -c -g -O2  conftest.c >&5
configure:5416: $? = 0
configure:5416: result: yes
configure:5416: checking for stdlib.h
configure:5416: gcc -c -g -O2  conftest.c >&5
configure:5416: $? = 0
configure:5416: result: yes
configure:5416: checking for string.h
configure:5416: gcc -c -g -O2  conftest.c >&5
configure:5416: $? = 0
configure:5416: result: yes
configure:5416: checking for memory.h
configure:5416: gcc -c -g -O2  conftest.c >&5
configure:5416: $? = 0
configure:5416: result: yes
configure:5416: checking for strings.h
configure:5416: gcc -c -g -O2  conftest.c >&5
configure:5416: $? = 0
configure:5416: result: yes
configure:5416: checking for inttypes.h
configure:5416: gcc -c -g -O2  conftest.c >&5
configure:5416: $? = 0
configure:5416: result: yes
configure:5416: checking for stdint.h
configure:5416: gcc -c -g -O2  conftest.c >&5
configure:5416: $? = 0
configure:5416: result: yes
configure:5416: checking for unistd.h
configure:5416: gcc -c -g -O2  conftest.c >&5
configure:5416: $? = 0
configure:5416: result: yes
configure:5429: checking minix/config.h usability
configure:5429: gcc -c -g -O2  conftest.c >&5
conftest.c:54:10: fatal error: minix/config.h: No such file or directory
 #include <minix/config.h>
          ^~~~~~~~~~~~~~~~
compilation terminated.
configure:5429: $? = 1
configure: failed program was:
| /* confdefs.h */
| #define PACKAGE_NAME "GNU Generic Security Service"
| #define PACKAGE_TARNAME "gss"
| #define PACKAGE_VERSION "1.0.3"
| #define PACKAGE_STRING "GNU Generic Security Service 1.0.3"
| #define PACKAGE_BUGREPORT "bug-gss@gnu.org"
| #define PACKAGE_URL "http://www.gnu.org/software/gss/"
| #define PACKAGE "gss"
| #define VERSION "1.0.3"
| #define STDC_HEADERS 1
| #define HAVE_SYS_TYPES_H 1
| #define HAVE_SYS_STAT_H 1
| #define HAVE_STDLIB_H 1
| #define HAVE_STRING_H 1
| #define HAVE_MEMORY_H 1
| #define HAVE_STRINGS_H 1
| #define HAVE_INTTYPES_H 1
| #define HAVE_STDINT_H 1
| #define HAVE_UNISTD_H 1
| /* end confdefs.h.  */
| #include <stdio.h>
| #ifdef HAVE_SYS_TYPES_H
| # include <sys/types.h>
| #endif
| #ifdef HAVE_SYS_STAT_H
| # include <sys/stat.h>
| #endif
| #ifdef STDC_HEADERS
| # include <stdlib.h>
| # include <stddef.h>
| #else
| # ifdef HAVE_STDLIB_H
| #  include <stdlib.h>
| # endif
| #endif
| #ifdef HAVE_STRING_H
| # if !defined STDC_HEADERS && defined HAVE_MEMORY_H
| #  include <memory.h>
| # endif
| # include <string.h>
| #endif
| #ifdef HAVE_STRINGS_H
| # include <strings.h>
| #endif
| #ifdef HAVE_INTTYPES_H
| # include <inttypes.h>
| #endif
| #ifdef HAVE_STDINT_H
| # include <stdint.h>
| #endif
| #ifdef HAVE_UNISTD_H
| # include <unistd.h>
| #endif
| #include <minix/config.h>
configure:5429: result: no
configure:5429: checking minix/config.h presence
configure:5429: gcc -E  conftest.c
conftest.c:21:10: fatal error: minix/config.h: No such file or directory
 #include <minix/config.h>
          ^~~~~~~~~~~~~~~~
compilation terminated.
configure:5429: $? = 1
configure: failed program was:
| /* confdefs.h */
| #define PACKAGE_NAME "GNU Generic Security Service"
| #define PACKAGE_TARNAME "gss"
| #define PACKAGE_VERSION "1.0.3"
| #define PACKAGE_STRING "GNU Generic Security Service 1.0.3"
| #define PACKAGE_BUGREPORT "bug-gss@gnu.org"
| #define PACKAGE_URL "http://www.gnu.org/software/gss/"
| #define PACKAGE "gss"
| #define VERSION "1.0.3"
| #define STDC_HEADERS 1
| #define HAVE_SYS_TYPES_H 1
| #define HAVE_SYS_STAT_H 1
| #define HAVE_STDLIB_H 1
| #define HAVE_STRING_H 1
| #define HAVE_MEMORY_H 1
| #define HAVE_STRINGS_H 1
| #define HAVE_INTTYPES_H 1
| #define HAVE_STDINT_H 1
| #define HAVE_UNISTD_H 1
| /* end confdefs.h.  */
| #include <minix/config.h>
configure:5429: result: no
configure:5429: checking for minix/config.h
configure:5429: result: no
configure:5453: checking whether it is safe to define __EXTENSIONS__
configure:5471: gcc -c -g -O2  conftest.c >&5
configure:5471: $? = 0
configure:5478: result: yes
configure:5493: checking whether _XOPEN_SOURCE should be defined
configure:5512: gcc -c -g -O2  conftest.c >&5
configure:5512: $? = 0
configure:5536: result: no
configure:5568: checking for gcc option to accept ISO C99
configure:5717: gcc  -c -g -O2  conftest.c >&5
configure:5717: $? = 0
configure:5730: result: none needed
configure:5838: checking for gcc option to accept ISO Standard C
configure:5849: result: none needed
configure:5996: checking the archiver (ar) interface
configure:6012: gcc -c -g -O2  conftest.c >&5
configure:6012: $? = 0
configure:6014: ar cru libconftest.a conftest.o >&5
ar: `u' modifier ignored since `D' is the default (see `U')
configure:6017: $? = 0
configure:6045: result: ar
configure:6111: checking how to print strings
configure:6138: result: printf
configure:6159: checking for a sed that does not truncate output
configure:6223: result: /bin/sed
configure:6241: checking for fgrep
configure:6303: result: /bin/grep -F
configure:6338: checking for ld used by gcc
configure:6405: result: /usr/bin/ld
configure:6412: checking if the linker (/usr/bin/ld) is GNU ld
configure:6427: result: yes
configure:6439: checking for BSD- or MS-compatible name lister (nm)
configure:6488: result: /usr/bin/nm -B
configure:6618: checking the name lister (/usr/bin/nm -B) interface
configure:6625: gcc -c -g -O2  conftest.c >&5
configure:6628: /usr/bin/nm -B "conftest.o"
configure:6631: output
0000000000000000 B some_variable
configure:6638: result: BSD nm
configure:6641: checking whether ln -s works
configure:6645: result: yes
configure:6653: checking the maximum length of command line arguments
configure:6784: result: 1572864
configure:6801: checking whether the shell understands some XSI constructs
configure:6811: result: yes
configure:6815: checking whether the shell understands "+="
configure:6821: result: yes
configure:6856: checking how to convert x86_64-unknown-linux-gnu file names to x86_64-unknown-linux-gnu format
configure:6896: result: func_convert_file_noop
configure:6903: checking how to convert x86_64-unknown-linux-gnu file names to toolchain format
configure:6923: result: func_convert_file_noop
configure:6930: checking for /usr/bin/ld option to reload object files
configure:6937: result: -r
configure:7011: checking for objdump
configure:7027: found /usr/bin/objdump
configure:7038: result: objdump
configure:7067: checking how to recognize dependent libraries
configure:7265: result: pass_all
configure:7350: checking for dlltool
configure:7380: result: no
configure:7407: checking how to associate runtime and link libraries
configure:7434: result: printf %s\n
configure:7558: checking for archiver @FILE support
configure:7575: gcc -c -g -O2  conftest.c >&5
configure:7575: $? = 0
configure:7578: ar cru libconftest.a @conftest.lst >&5
ar: `u' modifier ignored since `D' is the default (see `U')
configure:7581: $? = 0
configure:7586: ar cru libconftest.a @conftest.lst >&5
ar: `u' modifier ignored since `D' is the default (see `U')
ar: conftest.o: No such file or directory
configure:7589: $? = 1
configure:7601: result: @
configure:7659: checking for strip
configure:7675: found /usr/bin/strip
configure:7686: result: strip
configure:7758: checking for ranlib
configure:7785: result: ranlib
configure:7887: checking command to parse /usr/bin/nm -B output from gcc object
configure:8007: gcc -c -g -O2  conftest.c >&5
configure:8010: $? = 0
configure:8014: /usr/bin/nm -B conftest.o \| sed -n -e 's/^.*[ ]\([ABCDGIRSTW][ABCDGIRSTW]*\)[ ][ ]*\([_A-Za-z][_A-Za-z0-9]*\)$/\1 \2 \2/p' | sed '/ __gnu_lto/d' \> conftest.nm
configure:8017: $? = 0
configure:8083: gcc -o conftest -g -O2   conftest.c conftstm.o >&5
configure:8086: $? = 0
configure:8124: result: ok
configure:8161: checking for sysroot
configure:8191: result: no
configure:8268: gcc -c -g -O2  conftest.c >&5
configure:8271: $? = 0
configure:8460: checking for mt
configure:8476: found /bin/mt
configure:8487: result: mt
configure:8510: checking if mt is a manifest tool
configure:8516: mt '-?'
configure:8524: result: no
configure:9163: checking for dlfcn.h
configure:9163: gcc -c -g -O2  conftest.c >&5
configure:9163: $? = 0
configure:9163: result: yes
configure:9667: checking for objdir
configure:9682: result: .libs
configure:9953: checking if gcc supports -fno-rtti -fno-exceptions
configure:9971: gcc -c -g -O2  -fno-rtti -fno-exceptions conftest.c >&5
cc1: warning: command line option '-fno-rtti' is valid for C++/ObjC++ but not for C
configure:9975: $? = 0
configure:9988: result: no
configure:10315: checking for gcc option to produce PIC
configure:10322: result: -fPIC -DPIC
configure:10330: checking if gcc PIC flag -fPIC -DPIC works
configure:10348: gcc -c -g -O2  -fPIC -DPIC -DPIC conftest.c >&5
configure:10352: $? = 0
configure:10365: result: yes
configure:10394: checking if gcc static flag -static works
configure:10422: result: yes
configure:10437: checking if gcc supports -c -o file.o
configure:10458: gcc -c -g -O2  -o out/conftest2.o conftest.c >&5
configure:10462: $? = 0
configure:10484: result: yes
configure:10492: checking if gcc supports -c -o file.o
configure:10539: result: yes
configure:10572: checking whether the gcc linker (/usr/bin/ld -m elf_x86_64) supports shared libraries
configure:11729: result: yes
configure:11766: checking whether -lc should be explicitly linked in
configure:11774: gcc -c -g -O2  conftest.c >&5
configure:11777: $? = 0
configure:11792: gcc -shared  -fPIC -DPIC conftest.o  -v -Wl,-soname -Wl,conftest -o conftest 2\>\&1 \| /bin/grep  -lc  \>/dev/null 2\>\&1
configure:11795: $? = 0
configure:11809: result: no
configure:11969: checking dynamic linker characteristics
configure:12469: gcc -o conftest -g -O2   -Wl,-rpath -Wl,/foo conftest.c  >&5
configure:12469: $? = 0
configure:12703: result: GNU/Linux ld.so
configure:12810: checking how to hardcode library paths into programs
configure:12835: result: immediate
configure:13375: checking whether stripping libraries is possible
configure:13380: result: yes
configure:13415: checking if libtool supports shared libraries
configure:13417: result: yes
configure:13420: checking whether to build shared libraries
configure:13441: result: yes
configure:13444: checking whether to build static libraries
configure:13448: result: yes
configure:13498: checking whether NLS is requested
configure:13507: result: yes
configure:13547: checking for msgfmt
configure: trying /usr/bin/msgfmt...
0 translated messages.
configure:13579: result: /usr/bin/msgfmt
configure:13588: checking for gmsgfmt
configure:13619: result: /usr/bin/msgfmt
configure:13669: checking for xgettext
configure: trying /usr/bin/xgettext...
/usr/bin/xgettext: warning: file '/dev/null' extension '' is unknown; will try C
configure:13701: result: /usr/bin/xgettext
configure:13746: checking for msgmerge
configure: trying /usr/bin/msgmerge...
configure:13777: result: /usr/bin/msgmerge
configure:13835: checking for ld used by gcc
configure:13902: result: /usr/bin/ld -m elf_x86_64
configure:13909: checking if the linker (/usr/bin/ld -m elf_x86_64) is GNU ld
configure:13924: result: yes
configure:13931: checking for shared library run path origin
configure:13944: result: done
configure:14516: checking for CFPreferencesCopyAppValue
configure:14534: gcc -o conftest -g -O2   conftest.c  -Wl,-framework -Wl,CoreFoundation >&5
conftest.c:29:10: fatal error: CoreFoundation/CFPreferences.h: No such file or directory
 #include <CoreFoundation/CFPreferences.h>
          ^~~~~~~~~~~~~~~~~~~~~~~~~~~~~~~~
compilation terminated.
configure:14534: $? = 1
configure: failed program was:
| /* confdefs.h */
| #define PACKAGE_NAME "GNU Generic Security Service"
| #define PACKAGE_TARNAME "gss"
| #define PACKAGE_VERSION "1.0.3"
| #define PACKAGE_STRING "GNU Generic Security Service 1.0.3"
| #define PACKAGE_BUGREPORT "bug-gss@gnu.org"
| #define PACKAGE_URL "http://www.gnu.org/software/gss/"
| #define PACKAGE "gss"
| #define VERSION "1.0.3"
| #define STDC_HEADERS 1
| #define HAVE_SYS_TYPES_H 1
| #define HAVE_SYS_STAT_H 1
| #define HAVE_STDLIB_H 1
| #define HAVE_STRING_H 1
| #define HAVE_MEMORY_H 1
| #define HAVE_STRINGS_H 1
| #define HAVE_INTTYPES_H 1
| #define HAVE_STDINT_H 1
| #define HAVE_UNISTD_H 1
| #define __EXTENSIONS__ 1
| #define _ALL_SOURCE 1
| #define _DARWIN_C_SOURCE 1
| #define _GNU_SOURCE 1
| #define _POSIX_PTHREAD_SEMANTICS 1
| #define _TANDEM_SOURCE 1
| #define HAVE_DLFCN_H 1
| #define LT_OBJDIR ".libs/"
| /* end confdefs.h.  */
| #include <CoreFoundation/CFPreferences.h>
| int
| main ()
| {
| CFPreferencesCopyAppValue(NULL, NULL)
|   ;
|   return 0;
| }
configure:14543: result: no
configure:14550: checking for CFLocaleCopyCurrent
configure:14568: gcc -o conftest -g -O2   conftest.c  -Wl,-framework -Wl,CoreFoundation >&5
conftest.c:29:10: fatal error: CoreFoundation/CFLocale.h: No such file or directory
 #include <CoreFoundation/CFLocale.h>
          ^~~~~~~~~~~~~~~~~~~~~~~~~~~
compilation terminated.
configure:14568: $? = 1
configure: failed program was:
| /* confdefs.h */
| #define PACKAGE_NAME "GNU Generic Security Service"
| #define PACKAGE_TARNAME "gss"
| #define PACKAGE_VERSION "1.0.3"
| #define PACKAGE_STRING "GNU Generic Security Service 1.0.3"
| #define PACKAGE_BUGREPORT "bug-gss@gnu.org"
| #define PACKAGE_URL "http://www.gnu.org/software/gss/"
| #define PACKAGE "gss"
| #define VERSION "1.0.3"
| #define STDC_HEADERS 1
| #define HAVE_SYS_TYPES_H 1
| #define HAVE_SYS_STAT_H 1
| #define HAVE_STDLIB_H 1
| #define HAVE_STRING_H 1
| #define HAVE_MEMORY_H 1
| #define HAVE_STRINGS_H 1
| #define HAVE_INTTYPES_H 1
| #define HAVE_STDINT_H 1
| #define HAVE_UNISTD_H 1
| #define __EXTENSIONS__ 1
| #define _ALL_SOURCE 1
| #define _DARWIN_C_SOURCE 1
| #define _GNU_SOURCE 1
| #define _POSIX_PTHREAD_SEMANTICS 1
| #define _TANDEM_SOURCE 1
| #define HAVE_DLFCN_H 1
| #define LT_OBJDIR ".libs/"
| /* end confdefs.h.  */
| #include <CoreFoundation/CFLocale.h>
| int
| main ()
| {
| CFLocaleCopyCurrent();
|   ;
|   return 0;
| }
configure:14577: result: no
configure:14626: checking for GNU gettext in libc
configure:14650: gcc -o conftest -g -O2   conftest.c  >&5
configure:14650: $? = 0
configure:14659: result: yes
configure:15487: checking whether to use NLS
configure:15489: result: yes
configure:15492: checking where the gettext function comes from
configure:15503: result: libc
configure:15607: checking if LD -Wl,--version-script works
configure:15625: gcc -o conftest -g -O2   -Wl,--version-script=conftest.map conftest.c  >&5
/usr/bin/ld:conftest.map:0: syntax error in VERSION script
collect2: error: ld returned 1 exit status
configure:15625: $? = 1
configure: failed program was:
| /* confdefs.h */
| #define PACKAGE_NAME "GNU Generic Security Service"
| #define PACKAGE_TARNAME "gss"
| #define PACKAGE_VERSION "1.0.3"
| #define PACKAGE_STRING "GNU Generic Security Service 1.0.3"
| #define PACKAGE_BUGREPORT "bug-gss@gnu.org"
| #define PACKAGE_URL "http://www.gnu.org/software/gss/"
| #define PACKAGE "gss"
| #define VERSION "1.0.3"
| #define STDC_HEADERS 1
| #define HAVE_SYS_TYPES_H 1
| #define HAVE_SYS_STAT_H 1
| #define HAVE_STDLIB_H 1
| #define HAVE_STRING_H 1
| #define HAVE_MEMORY_H 1
| #define HAVE_STRINGS_H 1
| #define HAVE_INTTYPES_H 1
| #define HAVE_STDINT_H 1
| #define HAVE_UNISTD_H 1
| #define __EXTENSIONS__ 1
| #define _ALL_SOURCE 1
| #define _DARWIN_C_SOURCE 1
| #define _GNU_SOURCE 1
| #define _POSIX_PTHREAD_SEMANTICS 1
| #define _TANDEM_SOURCE 1
| #define HAVE_DLFCN_H 1
| #define LT_OBJDIR ".libs/"
| #define ENABLE_NLS 1
| #define HAVE_GETTEXT 1
| #define HAVE_DCGETTEXT 1
| /* end confdefs.h.  */
| 
| int
| main ()
| {
| 
|   ;
|   return 0;
| }
configure:15653: gcc -o conftest -g -O2   -Wl,--version-script=conftest.map conftest.c  >&5
configure:15653: $? = 0
configure:15665: result: yes
configure:15681: checking for pmccabe
configure:15712: result: false
configure:15735: checking for valgrind
configure:15765: result: no
configure:15786: checking whether self tests are run under valgrind
configure:15788: result: no
configure:15830: checking for valgrind
configure:15860: result: no
configure:15881: checking whether self tests are run under valgrind
configure:15883: result: no
configure:15903: checking for wchar_t
configure:15920: gcc -c -g -O2  conftest.c >&5
configure:15920: $? = 0
configure:15927: result: yes
configure:15937: checking whether the preprocessor supports include_next
configure:15975: gcc -c -g -O2  -Iconftestd1b -Iconftestd2 conftest.c >&5
configure:15975: $? = 0
configure:15996: result: yes
configure:16017: checking whether system header files limit the line length
configure:16040: result: no
configure:16049: checking for C/C++ restrict keyword
configure:16076: gcc -c -g -O2  conftest.c >&5
configure:16076: $? = 0
configure:16084: result: __restrict
configure:16250: checking whether ffsl is declared without a macro
configure:16268: gcc -c -g -O2  conftest.c >&5
configure:16268: $? = 0
configure:16276: result: yes
configure:16250: checking whether ffsll is declared without a macro
configure:16268: gcc -c -g -O2  conftest.c >&5
configure:16268: $? = 0
configure:16276: result: yes
configure:16250: checking whether memmem is declared without a macro
configure:16268: gcc -c -g -O2  conftest.c >&5
configure:16268: $? = 0
configure:16276: result: yes
configure:16250: checking whether mempcpy is declared without a macro
configure:16268: gcc -c -g -O2  conftest.c >&5
configure:16268: $? = 0
configure:16276: result: yes
configure:16250: checking whether memrchr is declared without a macro
configure:16268: gcc -c -g -O2  conftest.c >&5
configure:16268: $? = 0
configure:16276: result: yes
configure:16250: checking whether rawmemchr is declared without a macro
configure:16268: gcc -c -g -O2  conftest.c >&5
configure:16268: $? = 0
configure:16276: result: yes
configure:16250: checking whether stpcpy is declared without a macro
configure:16268: gcc -c -g -O2  conftest.c >&5
configure:16268: $? = 0
configure:16276: result: yes
configure:16250: checking whether stpncpy is declared without a macro
configure:16268: gcc -c -g -O2  conftest.c >&5
configure:16268: $? = 0
configure:16276: result: yes
configure:16250: checking whether strchrnul is declared without a macro
configure:16268: gcc -c -g -O2  conftest.c >&5
configure:16268: $? = 0
configure:16276: result: yes
configure:16250: checking whether strdup is declared without a macro
configure:16268: gcc -c -g -O2  conftest.c >&5
configure:16268: $? = 0
configure:16276: result: yes
configure:16250: checking whether strncat is declared without a macro
configure:16268: gcc -c -g -O2  conftest.c >&5
configure:16268: $? = 0
configure:16276: result: yes
configure:16250: checking whether strndup is declared without a macro
configure:16268: gcc -c -g -O2  conftest.c >&5
configure:16268: $? = 0
configure:16276: result: yes
configure:16250: checking whether strnlen is declared without a macro
configure:16268: gcc -c -g -O2  conftest.c >&5
configure:16268: $? = 0
configure:16276: result: yes
configure:16250: checking whether strpbrk is declared without a macro
configure:16268: gcc -c -g -O2  conftest.c >&5
configure:16268: $? = 0
configure:16276: result: yes
configure:16250: checking whether strsep is declared without a macro
configure:16268: gcc -c -g -O2  conftest.c >&5
configure:16268: $? = 0
configure:16276: result: yes
configure:16250: checking whether strcasestr is declared without a macro
configure:16268: gcc -c -g -O2  conftest.c >&5
configure:16268: $? = 0
configure:16276: result: yes
configure:16250: checking whether strtok_r is declared without a macro
configure:16268: gcc -c -g -O2  conftest.c >&5
configure:16268: $? = 0
configure:16276: result: yes
configure:16250: checking whether strerror_r is declared without a macro
configure:16268: gcc -c -g -O2  conftest.c >&5
configure:16268: $? = 0
configure:16276: result: yes
configure:16250: checking whether strsignal is declared without a macro
configure:16268: gcc -c -g -O2  conftest.c >&5
configure:16268: $? = 0
configure:16276: result: yes
configure:16250: checking whether strverscmp is declared without a macro
configure:16268: gcc -c -g -O2  conftest.c >&5
configure:16268: $? = 0
configure:16276: result: yes
configure:16313: checking if gcc/ld supports -Wl,--output-def
configure:16334: gcc -o conftest -g -O2  -Wl,--output-def,conftest.def conftest.c  >&5
/usr/bin/ld: unrecognized option '--output-def'
/usr/bin/ld: use the --help option for usage information
collect2: error: ld returned 1 exit status
configure:16334: $? = 1
configure: failed program was:
| /* confdefs.h */
| #define PACKAGE_NAME "GNU Generic Security Service"
| #define PACKAGE_TARNAME "gss"
| #define PACKAGE_VERSION "1.0.3"
| #define PACKAGE_STRING "GNU Generic Security Service 1.0.3"
| #define PACKAGE_BUGREPORT "bug-gss@gnu.org"
| #define PACKAGE_URL "http://www.gnu.org/software/gss/"
| #define PACKAGE "gss"
| #define VERSION "1.0.3"
| #define STDC_HEADERS 1
| #define HAVE_SYS_TYPES_H 1
| #define HAVE_SYS_STAT_H 1
| #define HAVE_STDLIB_H 1
| #define HAVE_STRING_H 1
| #define HAVE_MEMORY_H 1
| #define HAVE_STRINGS_H 1
| #define HAVE_INTTYPES_H 1
| #define HAVE_STDINT_H 1
| #define HAVE_UNISTD_H 1
| #define __EXTENSIONS__ 1
| #define _ALL_SOURCE 1
| #define _DARWIN_C_SOURCE 1
| #define _GNU_SOURCE 1
| #define _POSIX_PTHREAD_SEMANTICS 1
| #define _TANDEM_SOURCE 1
| #define HAVE_DLFCN_H 1
| #define LT_OBJDIR ".libs/"
| #define ENABLE_NLS 1
| #define HAVE_GETTEXT 1
| #define HAVE_DCGETTEXT 1
| #define HAVE_WCHAR_T 1
| #define restrict __restrict
| #define HAVE_RAW_DECL_FFSL 1
| #define HAVE_RAW_DECL_FFSLL 1
| #define HAVE_RAW_DECL_MEMMEM 1
| #define HAVE_RAW_DECL_MEMPCPY 1
| #define HAVE_RAW_DECL_MEMRCHR 1
| #define HAVE_RAW_DECL_RAWMEMCHR 1
| #define HAVE_RAW_DECL_STPCPY 1
| #define HAVE_RAW_DECL_STPNCPY 1
| #define HAVE_RAW_DECL_STRCHRNUL 1
| #define HAVE_RAW_DECL_STRDUP 1
| #define HAVE_RAW_DECL_STRNCAT 1
| #define HAVE_RAW_DECL_STRNDUP 1
| #define HAVE_RAW_DECL_STRNLEN 1
| #define HAVE_RAW_DECL_STRPBRK 1
| #define HAVE_RAW_DECL_STRSEP 1
| #define HAVE_RAW_DECL_STRCASESTR 1
| #define HAVE_RAW_DECL_STRTOK_R 1
| #define HAVE_RAW_DECL_STRERROR_R 1
| #define HAVE_RAW_DECL_STRSIGNAL 1
| #define HAVE_RAW_DECL_STRVERSCMP 1
| /* end confdefs.h.  */
| 
| int
| main ()
| {
| 
|   ;
|   return 0;
| }
configure:16345: result: no
configure:16364: checking whether NULL can be used in arbitrary expressions
configure:16382: gcc -c -g -O2  conftest.c >&5
configure:16382: $? = 0
configure:16389: result: yes
configure:16487: checking for strverscmp
configure:16487: gcc -o conftest -g -O2   conftest.c  >&5
configure:16487: $? = 0
configure:16487: result: yes
configure:16567: checking for complete errno.h
configure:16640: result: yes
configure:16941: checking whether strerror_r is declared
configure:16941: result: yes
configure:16954: checking for strerror_r
configure:16954: gcc -o conftest -g -O2   conftest.c  >&5
configure:16954: $? = 0
configure:16954: result: yes
configure:16963: checking whether strerror_r returns char *
configure:16987: gcc -c -g -O2  conftest.c >&5
configure:16987: $? = 0
configure:17025: result: yes
configure:17166: checking for getopt.h
configure:17166: gcc -c -g -O2  conftest.c >&5
configure:17166: $? = 0
configure:17166: result: yes
configure:17166: checking for sys/mman.h
configure:17166: gcc -c -g -O2  conftest.c >&5
configure:17166: $? = 0
configure:17166: result: yes
configure:17166: checking for sys/socket.h
configure:17166: gcc -c -g -O2  conftest.c >&5
configure:17166: $? = 0
configure:17166: result: yes
configure:17166: checking for unistd.h
configure:17166: result: yes
configure:17273: checking for getopt.h
configure:17273: result: yes
configure:17290: checking for getopt_long_only
configure:17290: gcc -o conftest -g -O2   conftest.c  >&5
configure:17290: $? = 0
configure:17290: result: yes
configure:17304: checking whether getopt is POSIX compatible
configure:17346: gcc -o conftest -g -O2   conftest.c  >&5
configure:17346: $? = 0
configure:17346: ./conftest
configure:17346: $? = 0
configure:17405: gcc -o conftest -g -O2   conftest.c  >&5
configure:17405: $? = 0
configure:17405: ./conftest
configure:17405: $? = 0
configure:17447: gcc -o conftest -g -O2   conftest.c  >&5
configure:17447: $? = 0
configure:17447: ./conftest
program: option requires an argument -- 'b'
configure:17447: $? = 0
configure:17465: result: yes
configure:17473: checking for working GNU getopt function
configure:17694: gcc -o conftest -g -O2   conftest.c  >&5
configure:17694: $? = 0
configure:17694: ./conftest
configure:17694: $? = 0
configure:17710: result: yes
configure:17715: checking for working GNU getopt_long function
configure:17760: gcc -o conftest -g -O2   conftest.c  >&5
configure:17760: $? = 0
configure:17760: ./conftest
configure:17760: $? = 0
configure:17771: result: yes
configure:17800: checking whether getenv is declared
configure:17800: gcc -c -g -O2  conftest.c >&5
configure:17800: $? = 0
configure:17800: result: yes
configure:17819: checking for mprotect
configure:17819: gcc -o conftest -g -O2   conftest.c  >&5
configure:17819: $? = 0
configure:17819: result: yes
configure:17819: checking for _set_invalid_parameter_handler
configure:17819: gcc -o conftest -g -O2   conftest.c  >&5
/tmp/cc7cB3eG.o: In function `main':
/home/carolhanna/Security_Project/gnu_dataset/gss-1.0.3/conftest.c:101: undefined reference to `_set_invalid_parameter_handler'
collect2: error: ld returned 1 exit status
configure:17819: $? = 1
configure: failed program was:
| /* confdefs.h */
| #define PACKAGE_NAME "GNU Generic Security Service"
| #define PACKAGE_TARNAME "gss"
| #define PACKAGE_VERSION "1.0.3"
| #define PACKAGE_STRING "GNU Generic Security Service 1.0.3"
| #define PACKAGE_BUGREPORT "bug-gss@gnu.org"
| #define PACKAGE_URL "http://www.gnu.org/software/gss/"
| #define PACKAGE "gss"
| #define VERSION "1.0.3"
| #define STDC_HEADERS 1
| #define HAVE_SYS_TYPES_H 1
| #define HAVE_SYS_STAT_H 1
| #define HAVE_STDLIB_H 1
| #define HAVE_STRING_H 1
| #define HAVE_MEMORY_H 1
| #define HAVE_STRINGS_H 1
| #define HAVE_INTTYPES_H 1
| #define HAVE_STDINT_H 1
| #define HAVE_UNISTD_H 1
| #define __EXTENSIONS__ 1
| #define _ALL_SOURCE 1
| #define _DARWIN_C_SOURCE 1
| #define _GNU_SOURCE 1
| #define _POSIX_PTHREAD_SEMANTICS 1
| #define _TANDEM_SOURCE 1
| #define HAVE_DLFCN_H 1
| #define LT_OBJDIR ".libs/"
| #define ENABLE_NLS 1
| #define HAVE_GETTEXT 1
| #define HAVE_DCGETTEXT 1
| #define HAVE_WCHAR_T 1
| #define restrict __restrict
| #define HAVE_RAW_DECL_FFSL 1
| #define HAVE_RAW_DECL_FFSLL 1
| #define HAVE_RAW_DECL_MEMMEM 1
| #define HAVE_RAW_DECL_MEMPCPY 1
| #define HAVE_RAW_DECL_MEMRCHR 1
| #define HAVE_RAW_DECL_RAWMEMCHR 1
| #define HAVE_RAW_DECL_STPCPY 1
| #define HAVE_RAW_DECL_STPNCPY 1
| #define HAVE_RAW_DECL_STRCHRNUL 1
| #define HAVE_RAW_DECL_STRDUP 1
| #define HAVE_RAW_DECL_STRNCAT 1
| #define HAVE_RAW_DECL_STRNDUP 1
| #define HAVE_RAW_DECL_STRNLEN 1
| #define HAVE_RAW_DECL_STRPBRK 1
| #define HAVE_RAW_DECL_STRSEP 1
| #define HAVE_RAW_DECL_STRCASESTR 1
| #define HAVE_RAW_DECL_STRTOK_R 1
| #define HAVE_RAW_DECL_STRERROR_R 1
| #define HAVE_RAW_DECL_STRSIGNAL 1
| #define HAVE_RAW_DECL_STRVERSCMP 1
| #define HAVE_STRVERSCMP 1
| #define GNULIB_TEST_STRVERSCMP 1
| #define HAVE_DECL_STRERROR_R 1
| #define HAVE_STRERROR_R 1
| #define STRERROR_R_CHAR_P 1
| #define HAVE_GETOPT_H 1
| #define HAVE_SYS_MMAN_H 1
| #define HAVE_SYS_SOCKET_H 1
| #define HAVE_UNISTD_H 1
| #define HAVE_GETOPT_H 1
| #define HAVE_GETOPT_LONG_ONLY 1
| #define HAVE_DECL_GETENV 1
| #define HAVE_MPROTECT 1
| /* end confdefs.h.  */
| /* Define _set_invalid_parameter_handler to an innocuous variant, in case <limits.h> declares _set_invalid_parameter_handler.
|    For example, HP-UX 11i <limits.h> declares gettimeofday.  */
| #define _set_invalid_parameter_handler innocuous__set_invalid_parameter_handler
| 
| /* System header to define __stub macros and hopefully few prototypes,
|     which can conflict with char _set_invalid_parameter_handler (); below.
|     Prefer <limits.h> to <assert.h> if __STDC__ is defined, since
|     <limits.h> exists even on freestanding compilers.  */
| 
| #ifdef __STDC__
| # include <limits.h>
| #else
| # include <assert.h>
| #endif
| 
| #undef _set_invalid_parameter_handler
| 
| /* Override any GCC internal prototype to avoid an error.
|    Use char because int might match the return type of a GCC
|    builtin and then its argument prototype would still apply.  */
| #ifdef __cplusplus
| extern "C"
| #endif
| char _set_invalid_parameter_handler ();
| /* The GNU C library defines this for functions which it implements
|     to always fail with ENOSYS.  Some functions are actually named
|     something starting with __ and the normal name is an alias.  */
| #if defined __stub__set_invalid_parameter_handler || defined __stub____set_invalid_parameter_handler
| choke me
| #endif
| 
| int
| main ()
| {
| return _set_invalid_parameter_handler ();
|   ;
|   return 0;
| }
configure:17819: result: no
configure:17837: checking for mmap
configure:17837: gcc -o conftest -g -O2   conftest.c  >&5
configure:17837: $? = 0
configure:17837: result: yes
configure:17848: checking for MAP_ANONYMOUS
configure:17885: result: yes
configure:17907: checking whether memchr works
configure:17970: gcc -o conftest -g -O2   conftest.c  >&5
configure:17970: $? = 0
configure:17970: ./conftest
configure:17970: $? = 0
configure:17980: result: yes
configure:17989: checking for stdbool.h that conforms to C99
configure:18056: gcc -c -g -O2  conftest.c >&5
configure:18056: $? = 0
configure:18063: result: yes
configure:18065: checking for _Bool
configure:18065: gcc -c -g -O2  conftest.c >&5
configure:18065: $? = 0
configure:18065: gcc -c -g -O2  conftest.c >&5
conftest.c: In function 'main':
conftest.c:104:20: error: expected expression before ')' token
 if (sizeof ((_Bool)))
                    ^
configure:18065: $? = 1
configure: failed program was:
| /* confdefs.h */
| #define PACKAGE_NAME "GNU Generic Security Service"
| #define PACKAGE_TARNAME "gss"
| #define PACKAGE_VERSION "1.0.3"
| #define PACKAGE_STRING "GNU Generic Security Service 1.0.3"
| #define PACKAGE_BUGREPORT "bug-gss@gnu.org"
| #define PACKAGE_URL "http://www.gnu.org/software/gss/"
| #define PACKAGE "gss"
| #define VERSION "1.0.3"
| #define STDC_HEADERS 1
| #define HAVE_SYS_TYPES_H 1
| #define HAVE_SYS_STAT_H 1
| #define HAVE_STDLIB_H 1
| #define HAVE_STRING_H 1
| #define HAVE_MEMORY_H 1
| #define HAVE_STRINGS_H 1
| #define HAVE_INTTYPES_H 1
| #define HAVE_STDINT_H 1
| #define HAVE_UNISTD_H 1
| #define __EXTENSIONS__ 1
| #define _ALL_SOURCE 1
| #define _DARWIN_C_SOURCE 1
| #define _GNU_SOURCE 1
| #define _POSIX_PTHREAD_SEMANTICS 1
| #define _TANDEM_SOURCE 1
| #define HAVE_DLFCN_H 1
| #define LT_OBJDIR ".libs/"
| #define ENABLE_NLS 1
| #define HAVE_GETTEXT 1
| #define HAVE_DCGETTEXT 1
| #define HAVE_WCHAR_T 1
| #define restrict __restrict
| #define HAVE_RAW_DECL_FFSL 1
| #define HAVE_RAW_DECL_FFSLL 1
| #define HAVE_RAW_DECL_MEMMEM 1
| #define HAVE_RAW_DECL_MEMPCPY 1
| #define HAVE_RAW_DECL_MEMRCHR 1
| #define HAVE_RAW_DECL_RAWMEMCHR 1
| #define HAVE_RAW_DECL_STPCPY 1
| #define HAVE_RAW_DECL_STPNCPY 1
| #define HAVE_RAW_DECL_STRCHRNUL 1
| #define HAVE_RAW_DECL_STRDUP 1
| #define HAVE_RAW_DECL_STRNCAT 1
| #define HAVE_RAW_DECL_STRNDUP 1
| #define HAVE_RAW_DECL_STRNLEN 1
| #define HAVE_RAW_DECL_STRPBRK 1
| #define HAVE_RAW_DECL_STRSEP 1
| #define HAVE_RAW_DECL_STRCASESTR 1
| #define HAVE_RAW_DECL_STRTOK_R 1
| #define HAVE_RAW_DECL_STRERROR_R 1
| #define HAVE_RAW_DECL_STRSIGNAL 1
| #define HAVE_RAW_DECL_STRVERSCMP 1
| #define HAVE_STRVERSCMP 1
| #define GNULIB_TEST_STRVERSCMP 1
| #define HAVE_DECL_STRERROR_R 1
| #define HAVE_STRERROR_R 1
| #define STRERROR_R_CHAR_P 1
| #define HAVE_GETOPT_H 1
| #define HAVE_SYS_MMAN_H 1
| #define HAVE_SYS_SOCKET_H 1
| #define HAVE_UNISTD_H 1
| #define HAVE_GETOPT_H 1
| #define HAVE_GETOPT_LONG_ONLY 1
| #define HAVE_DECL_GETENV 1
| #define HAVE_MPROTECT 1
| #define HAVE_MAP_ANONYMOUS 1
| /* end confdefs.h.  */
| #include <stdio.h>
| #ifdef HAVE_SYS_TYPES_H
| # include <sys/types.h>
| #endif
| #ifdef HAVE_SYS_STAT_H
| # include <sys/stat.h>
| #endif
| #ifdef STDC_HEADERS
| # include <stdlib.h>
| # include <stddef.h>
| #else
| # ifdef HAVE_STDLIB_H
| #  include <stdlib.h>
| # endif
| #endif
| #ifdef HAVE_STRING_H
| # if !defined STDC_HEADERS && defined HAVE_MEMORY_H
| #  include <memory.h>
| # endif
| # include <string.h>
| #endif
| #ifdef HAVE_STRINGS_H
| # include <strings.h>
| #endif
| #ifdef HAVE_INTTYPES_H
| # include <inttypes.h>
| #endif
| #ifdef HAVE_STDINT_H
| # include <stdint.h>
| #endif
| #ifdef HAVE_UNISTD_H
| # include <unistd.h>
| #endif
| int
| main ()
| {
| if (sizeof ((_Bool)))
| 	    return 0;
|   ;
|   return 0;
| }
configure:18065: result: yes
configure:18181: checking whether strerror(0) succeeds
configure:18216: gcc -o conftest -g -O2   conftest.c  >&5
configure:18216: $? = 0
configure:18216: ./conftest
configure:18216: $? = 0
configure:18227: result: yes
configure:18243: checking for pid_t
configure:18243: gcc -c -g -O2  conftest.c >&5
configure:18243: $? = 0
configure:18243: gcc -c -g -O2  conftest.c >&5
conftest.c: In function 'main':
conftest.c:105:20: error: expected expression before ')' token
 if (sizeof ((pid_t)))
                    ^
configure:18243: $? = 1
configure: failed program was:
| /* confdefs.h */
| #define PACKAGE_NAME "GNU Generic Security Service"
| #define PACKAGE_TARNAME "gss"
| #define PACKAGE_VERSION "1.0.3"
| #define PACKAGE_STRING "GNU Generic Security Service 1.0.3"
| #define PACKAGE_BUGREPORT "bug-gss@gnu.org"
| #define PACKAGE_URL "http://www.gnu.org/software/gss/"
| #define PACKAGE "gss"
| #define VERSION "1.0.3"
| #define STDC_HEADERS 1
| #define HAVE_SYS_TYPES_H 1
| #define HAVE_SYS_STAT_H 1
| #define HAVE_STDLIB_H 1
| #define HAVE_STRING_H 1
| #define HAVE_MEMORY_H 1
| #define HAVE_STRINGS_H 1
| #define HAVE_INTTYPES_H 1
| #define HAVE_STDINT_H 1
| #define HAVE_UNISTD_H 1
| #define __EXTENSIONS__ 1
| #define _ALL_SOURCE 1
| #define _DARWIN_C_SOURCE 1
| #define _GNU_SOURCE 1
| #define _POSIX_PTHREAD_SEMANTICS 1
| #define _TANDEM_SOURCE 1
| #define HAVE_DLFCN_H 1
| #define LT_OBJDIR ".libs/"
| #define ENABLE_NLS 1
| #define HAVE_GETTEXT 1
| #define HAVE_DCGETTEXT 1
| #define HAVE_WCHAR_T 1
| #define restrict __restrict
| #define HAVE_RAW_DECL_FFSL 1
| #define HAVE_RAW_DECL_FFSLL 1
| #define HAVE_RAW_DECL_MEMMEM 1
| #define HAVE_RAW_DECL_MEMPCPY 1
| #define HAVE_RAW_DECL_MEMRCHR 1
| #define HAVE_RAW_DECL_RAWMEMCHR 1
| #define HAVE_RAW_DECL_STPCPY 1
| #define HAVE_RAW_DECL_STPNCPY 1
| #define HAVE_RAW_DECL_STRCHRNUL 1
| #define HAVE_RAW_DECL_STRDUP 1
| #define HAVE_RAW_DECL_STRNCAT 1
| #define HAVE_RAW_DECL_STRNDUP 1
| #define HAVE_RAW_DECL_STRNLEN 1
| #define HAVE_RAW_DECL_STRPBRK 1
| #define HAVE_RAW_DECL_STRSEP 1
| #define HAVE_RAW_DECL_STRCASESTR 1
| #define HAVE_RAW_DECL_STRTOK_R 1
| #define HAVE_RAW_DECL_STRERROR_R 1
| #define HAVE_RAW_DECL_STRSIGNAL 1
| #define HAVE_RAW_DECL_STRVERSCMP 1
| #define HAVE_STRVERSCMP 1
| #define GNULIB_TEST_STRVERSCMP 1
| #define HAVE_DECL_STRERROR_R 1
| #define HAVE_STRERROR_R 1
| #define STRERROR_R_CHAR_P 1
| #define HAVE_GETOPT_H 1
| #define HAVE_SYS_MMAN_H 1
| #define HAVE_SYS_SOCKET_H 1
| #define HAVE_UNISTD_H 1
| #define HAVE_GETOPT_H 1
| #define HAVE_GETOPT_LONG_ONLY 1
| #define HAVE_DECL_GETENV 1
| #define HAVE_MPROTECT 1
| #define HAVE_MAP_ANONYMOUS 1
| #define HAVE__BOOL 1
| /* end confdefs.h.  */
| #include <stdio.h>
| #ifdef HAVE_SYS_TYPES_H
| # include <sys/types.h>
| #endif
| #ifdef HAVE_SYS_STAT_H
| # include <sys/stat.h>
| #endif
| #ifdef STDC_HEADERS
| # include <stdlib.h>
| # include <stddef.h>
| #else
| # ifdef HAVE_STDLIB_H
| #  include <stdlib.h>
| # endif
| #endif
| #ifdef HAVE_STRING_H
| # if !defined STDC_HEADERS && defined HAVE_MEMORY_H
| #  include <memory.h>
| # endif
| # include <string.h>
| #endif
| #ifdef HAVE_STRINGS_H
| # include <strings.h>
| #endif
| #ifdef HAVE_INTTYPES_H
| # include <inttypes.h>
| #endif
| #ifdef HAVE_STDINT_H
| # include <stdint.h>
| #endif
| #ifdef HAVE_UNISTD_H
| # include <unistd.h>
| #endif
| int
| main ()
| {
| if (sizeof ((pid_t)))
| 	    return 0;
|   ;
|   return 0;
| }
configure:18243: result: yes
configure:18254: checking for mode_t
configure:18254: gcc -c -g -O2  conftest.c >&5
configure:18254: $? = 0
configure:18254: gcc -c -g -O2  conftest.c >&5
conftest.c: In function 'main':
conftest.c:105:21: error: expected expression before ')' token
 if (sizeof ((mode_t)))
                     ^
configure:18254: $? = 1
configure: failed program was:
| /* confdefs.h */
| #define PACKAGE_NAME "GNU Generic Security Service"
| #define PACKAGE_TARNAME "gss"
| #define PACKAGE_VERSION "1.0.3"
| #define PACKAGE_STRING "GNU Generic Security Service 1.0.3"
| #define PACKAGE_BUGREPORT "bug-gss@gnu.org"
| #define PACKAGE_URL "http://www.gnu.org/software/gss/"
| #define PACKAGE "gss"
| #define VERSION "1.0.3"
| #define STDC_HEADERS 1
| #define HAVE_SYS_TYPES_H 1
| #define HAVE_SYS_STAT_H 1
| #define HAVE_STDLIB_H 1
| #define HAVE_STRING_H 1
| #define HAVE_MEMORY_H 1
| #define HAVE_STRINGS_H 1
| #define HAVE_INTTYPES_H 1
| #define HAVE_STDINT_H 1
| #define HAVE_UNISTD_H 1
| #define __EXTENSIONS__ 1
| #define _ALL_SOURCE 1
| #define _DARWIN_C_SOURCE 1
| #define _GNU_SOURCE 1
| #define _POSIX_PTHREAD_SEMANTICS 1
| #define _TANDEM_SOURCE 1
| #define HAVE_DLFCN_H 1
| #define LT_OBJDIR ".libs/"
| #define ENABLE_NLS 1
| #define HAVE_GETTEXT 1
| #define HAVE_DCGETTEXT 1
| #define HAVE_WCHAR_T 1
| #define restrict __restrict
| #define HAVE_RAW_DECL_FFSL 1
| #define HAVE_RAW_DECL_FFSLL 1
| #define HAVE_RAW_DECL_MEMMEM 1
| #define HAVE_RAW_DECL_MEMPCPY 1
| #define HAVE_RAW_DECL_MEMRCHR 1
| #define HAVE_RAW_DECL_RAWMEMCHR 1
| #define HAVE_RAW_DECL_STPCPY 1
| #define HAVE_RAW_DECL_STPNCPY 1
| #define HAVE_RAW_DECL_STRCHRNUL 1
| #define HAVE_RAW_DECL_STRDUP 1
| #define HAVE_RAW_DECL_STRNCAT 1
| #define HAVE_RAW_DECL_STRNDUP 1
| #define HAVE_RAW_DECL_STRNLEN 1
| #define HAVE_RAW_DECL_STRPBRK 1
| #define HAVE_RAW_DECL_STRSEP 1
| #define HAVE_RAW_DECL_STRCASESTR 1
| #define HAVE_RAW_DECL_STRTOK_R 1
| #define HAVE_RAW_DECL_STRERROR_R 1
| #define HAVE_RAW_DECL_STRSIGNAL 1
| #define HAVE_RAW_DECL_STRVERSCMP 1
| #define HAVE_STRVERSCMP 1
| #define GNULIB_TEST_STRVERSCMP 1
| #define HAVE_DECL_STRERROR_R 1
| #define HAVE_STRERROR_R 1
| #define STRERROR_R_CHAR_P 1
| #define HAVE_GETOPT_H 1
| #define HAVE_SYS_MMAN_H 1
| #define HAVE_SYS_SOCKET_H 1
| #define HAVE_UNISTD_H 1
| #define HAVE_GETOPT_H 1
| #define HAVE_GETOPT_LONG_ONLY 1
| #define HAVE_DECL_GETENV 1
| #define HAVE_MPROTECT 1
| #define HAVE_MAP_ANONYMOUS 1
| #define HAVE__BOOL 1
| /* end confdefs.h.  */
| #include <stdio.h>
| #ifdef HAVE_SYS_TYPES_H
| # include <sys/types.h>
| #endif
| #ifdef HAVE_SYS_STAT_H
| # include <sys/stat.h>
| #endif
| #ifdef STDC_HEADERS
| # include <stdlib.h>
| # include <stddef.h>
| #else
| # ifdef HAVE_STDLIB_H
| #  include <stdlib.h>
| # endif
| #endif
| #ifdef HAVE_STRING_H
| # if !defined STDC_HEADERS && defined HAVE_MEMORY_H
| #  include <memory.h>
| # endif
| # include <string.h>
| #endif
| #ifdef HAVE_STRINGS_H
| # include <strings.h>
| #endif
| #ifdef HAVE_INTTYPES_H
| # include <inttypes.h>
| #endif
| #ifdef HAVE_STDINT_H
| # include <stdint.h>
| #endif
| #ifdef HAVE_UNISTD_H
| # include <unistd.h>
| #endif
| int
| main ()
| {
| if (sizeof ((mode_t)))
| 	    return 0;
|   ;
|   return 0;
| }
configure:18254: result: yes
configure:18381: checking for error_at_line
configure:18397: gcc -o conftest -g -O2   conftest.c  >&5
configure:18397: $? = 0
configure:18405: result: yes
configure:18600: checking whether program_invocation_name is declared
configure:18600: gcc -c -g -O2  conftest.c >&5
configure:18600: $? = 0
configure:18600: result: yes
configure:18612: checking whether program_invocation_short_name is declared
configure:18612: gcc -c -g -O2  conftest.c >&5
configure:18612: $? = 0
configure:18612: result: yes
configure:18625: checking for ssize_t
configure:18642: gcc -c -g -O2  conftest.c >&5
configure:18642: $? = 0
configure:18649: result: yes
configure:18660: checking for va_copy
configure:18681: gcc -c -g -O2  conftest.c >&5
configure:18681: $? = 0
configure:18689: result: yes
configure:18875: checking whether NULL can be used in arbitrary expressions
configure:18900: result: yes
configure:19102: checking whether dprintf is declared without a macro
configure:19120: gcc -c -g -O2  conftest.c >&5
configure:19120: $? = 0
configure:19128: result: yes
configure:19102: checking whether fpurge is declared without a macro
configure:19120: gcc -c -g -O2  conftest.c >&5
conftest.c: In function 'main':
conftest.c:82:10: error: 'fpurge' undeclared (first use in this function); did you mean 'fputs'?
   (void) fpurge;
          ^~~~~~
          fputs
conftest.c:82:10: note: each undeclared identifier is reported only once for each function it appears in
configure:19120: $? = 1
configure: failed program was:
| /* confdefs.h */
| #define PACKAGE_NAME "GNU Generic Security Service"
| #define PACKAGE_TARNAME "gss"
| #define PACKAGE_VERSION "1.0.3"
| #define PACKAGE_STRING "GNU Generic Security Service 1.0.3"
| #define PACKAGE_BUGREPORT "bug-gss@gnu.org"
| #define PACKAGE_URL "http://www.gnu.org/software/gss/"
| #define PACKAGE "gss"
| #define VERSION "1.0.3"
| #define STDC_HEADERS 1
| #define HAVE_SYS_TYPES_H 1
| #define HAVE_SYS_STAT_H 1
| #define HAVE_STDLIB_H 1
| #define HAVE_STRING_H 1
| #define HAVE_MEMORY_H 1
| #define HAVE_STRINGS_H 1
| #define HAVE_INTTYPES_H 1
| #define HAVE_STDINT_H 1
| #define HAVE_UNISTD_H 1
| #define __EXTENSIONS__ 1
| #define _ALL_SOURCE 1
| #define _DARWIN_C_SOURCE 1
| #define _GNU_SOURCE 1
| #define _POSIX_PTHREAD_SEMANTICS 1
| #define _TANDEM_SOURCE 1
| #define HAVE_DLFCN_H 1
| #define LT_OBJDIR ".libs/"
| #define ENABLE_NLS 1
| #define HAVE_GETTEXT 1
| #define HAVE_DCGETTEXT 1
| #define HAVE_WCHAR_T 1
| #define restrict __restrict
| #define HAVE_RAW_DECL_FFSL 1
| #define HAVE_RAW_DECL_FFSLL 1
| #define HAVE_RAW_DECL_MEMMEM 1
| #define HAVE_RAW_DECL_MEMPCPY 1
| #define HAVE_RAW_DECL_MEMRCHR 1
| #define HAVE_RAW_DECL_RAWMEMCHR 1
| #define HAVE_RAW_DECL_STPCPY 1
| #define HAVE_RAW_DECL_STPNCPY 1
| #define HAVE_RAW_DECL_STRCHRNUL 1
| #define HAVE_RAW_DECL_STRDUP 1
| #define HAVE_RAW_DECL_STRNCAT 1
| #define HAVE_RAW_DECL_STRNDUP 1
| #define HAVE_RAW_DECL_STRNLEN 1
| #define HAVE_RAW_DECL_STRPBRK 1
| #define HAVE_RAW_DECL_STRSEP 1
| #define HAVE_RAW_DECL_STRCASESTR 1
| #define HAVE_RAW_DECL_STRTOK_R 1
| #define HAVE_RAW_DECL_STRERROR_R 1
| #define HAVE_RAW_DECL_STRSIGNAL 1
| #define HAVE_RAW_DECL_STRVERSCMP 1
| #define HAVE_STRVERSCMP 1
| #define GNULIB_TEST_STRVERSCMP 1
| #define HAVE_DECL_STRERROR_R 1
| #define HAVE_STRERROR_R 1
| #define STRERROR_R_CHAR_P 1
| #define HAVE_GETOPT_H 1
| #define HAVE_SYS_MMAN_H 1
| #define HAVE_SYS_SOCKET_H 1
| #define HAVE_UNISTD_H 1
| #define HAVE_GETOPT_H 1
| #define HAVE_GETOPT_LONG_ONLY 1
| #define HAVE_DECL_GETENV 1
| #define HAVE_MPROTECT 1
| #define HAVE_MAP_ANONYMOUS 1
| #define HAVE__BOOL 1
| #define GNULIB_TEST_GETOPT_GNU 1
| #define GNULIB_TEST_MEMCHR 1
| #define HAVE_DECL_PROGRAM_INVOCATION_NAME 1
| #define HAVE_DECL_PROGRAM_INVOCATION_SHORT_NAME 1
| #define GNULIB_FSCANF 1
| #define GNULIB_SCANF 1
| #define HAVE_RAW_DECL_DPRINTF 1
| /* end confdefs.h.  */
| #include <stdio.h>
| 
| int
| main ()
| {
| #undef fpurge
|   (void) fpurge;
|   ;
|   return 0;
| }
configure:19128: result: no
configure:19102: checking whether fseeko is declared without a macro
configure:19120: gcc -c -g -O2  conftest.c >&5
configure:19120: $? = 0
configure:19128: result: yes
configure:19102: checking whether ftello is declared without a macro
configure:19120: gcc -c -g -O2  conftest.c >&5
configure:19120: $? = 0
configure:19128: result: yes
configure:19102: checking whether getdelim is declared without a macro
configure:19120: gcc -c -g -O2  conftest.c >&5
configure:19120: $? = 0
configure:19128: result: yes
configure:19102: checking whether getline is declared without a macro
configure:19120: gcc -c -g -O2  conftest.c >&5
configure:19120: $? = 0
configure:19128: result: yes
configure:19102: checking whether gets is declared without a macro
configure:19120: gcc -c -g -O2  conftest.c >&5
conftest.c: In function 'main':
conftest.c:86:10: error: 'gets' undeclared (first use in this function); did you mean 'fgets'?
   (void) gets;
          ^~~~
          fgets
conftest.c:86:10: note: each undeclared identifier is reported only once for each function it appears in
configure:19120: $? = 1
configure: failed program was:
| /* confdefs.h */
| #define PACKAGE_NAME "GNU Generic Security Service"
| #define PACKAGE_TARNAME "gss"
| #define PACKAGE_VERSION "1.0.3"
| #define PACKAGE_STRING "GNU Generic Security Service 1.0.3"
| #define PACKAGE_BUGREPORT "bug-gss@gnu.org"
| #define PACKAGE_URL "http://www.gnu.org/software/gss/"
| #define PACKAGE "gss"
| #define VERSION "1.0.3"
| #define STDC_HEADERS 1
| #define HAVE_SYS_TYPES_H 1
| #define HAVE_SYS_STAT_H 1
| #define HAVE_STDLIB_H 1
| #define HAVE_STRING_H 1
| #define HAVE_MEMORY_H 1
| #define HAVE_STRINGS_H 1
| #define HAVE_INTTYPES_H 1
| #define HAVE_STDINT_H 1
| #define HAVE_UNISTD_H 1
| #define __EXTENSIONS__ 1
| #define _ALL_SOURCE 1
| #define _DARWIN_C_SOURCE 1
| #define _GNU_SOURCE 1
| #define _POSIX_PTHREAD_SEMANTICS 1
| #define _TANDEM_SOURCE 1
| #define HAVE_DLFCN_H 1
| #define LT_OBJDIR ".libs/"
| #define ENABLE_NLS 1
| #define HAVE_GETTEXT 1
| #define HAVE_DCGETTEXT 1
| #define HAVE_WCHAR_T 1
| #define restrict __restrict
| #define HAVE_RAW_DECL_FFSL 1
| #define HAVE_RAW_DECL_FFSLL 1
| #define HAVE_RAW_DECL_MEMMEM 1
| #define HAVE_RAW_DECL_MEMPCPY 1
| #define HAVE_RAW_DECL_MEMRCHR 1
| #define HAVE_RAW_DECL_RAWMEMCHR 1
| #define HAVE_RAW_DECL_STPCPY 1
| #define HAVE_RAW_DECL_STPNCPY 1
| #define HAVE_RAW_DECL_STRCHRNUL 1
| #define HAVE_RAW_DECL_STRDUP 1
| #define HAVE_RAW_DECL_STRNCAT 1
| #define HAVE_RAW_DECL_STRNDUP 1
| #define HAVE_RAW_DECL_STRNLEN 1
| #define HAVE_RAW_DECL_STRPBRK 1
| #define HAVE_RAW_DECL_STRSEP 1
| #define HAVE_RAW_DECL_STRCASESTR 1
| #define HAVE_RAW_DECL_STRTOK_R 1
| #define HAVE_RAW_DECL_STRERROR_R 1
| #define HAVE_RAW_DECL_STRSIGNAL 1
| #define HAVE_RAW_DECL_STRVERSCMP 1
| #define HAVE_STRVERSCMP 1
| #define GNULIB_TEST_STRVERSCMP 1
| #define HAVE_DECL_STRERROR_R 1
| #define HAVE_STRERROR_R 1
| #define STRERROR_R_CHAR_P 1
| #define HAVE_GETOPT_H 1
| #define HAVE_SYS_MMAN_H 1
| #define HAVE_SYS_SOCKET_H 1
| #define HAVE_UNISTD_H 1
| #define HAVE_GETOPT_H 1
| #define HAVE_GETOPT_LONG_ONLY 1
| #define HAVE_DECL_GETENV 1
| #define HAVE_MPROTECT 1
| #define HAVE_MAP_ANONYMOUS 1
| #define HAVE__BOOL 1
| #define GNULIB_TEST_GETOPT_GNU 1
| #define GNULIB_TEST_MEMCHR 1
| #define HAVE_DECL_PROGRAM_INVOCATION_NAME 1
| #define HAVE_DECL_PROGRAM_INVOCATION_SHORT_NAME 1
| #define GNULIB_FSCANF 1
| #define GNULIB_SCANF 1
| #define HAVE_RAW_DECL_DPRINTF 1
| #define HAVE_RAW_DECL_FSEEKO 1
| #define HAVE_RAW_DECL_FTELLO 1
| #define HAVE_RAW_DECL_GETDELIM 1
| #define HAVE_RAW_DECL_GETLINE 1
| /* end confdefs.h.  */
| #include <stdio.h>
| 
| int
| main ()
| {
| #undef gets
|   (void) gets;
|   ;
|   return 0;
| }
configure:19128: result: no
configure:19102: checking whether pclose is declared without a macro
configure:19120: gcc -c -g -O2  conftest.c >&5
configure:19120: $? = 0
configure:19128: result: yes
configure:19102: checking whether popen is declared without a macro
configure:19120: gcc -c -g -O2  conftest.c >&5
configure:19120: $? = 0
configure:19128: result: yes
configure:19102: checking whether renameat is declared without a macro
configure:19120: gcc -c -g -O2  conftest.c >&5
configure:19120: $? = 0
configure:19128: result: yes
configure:19102: checking whether snprintf is declared without a macro
configure:19120: gcc -c -g -O2  conftest.c >&5
configure:19120: $? = 0
configure:19128: result: yes
configure:19102: checking whether tmpfile is declared without a macro
configure:19120: gcc -c -g -O2  conftest.c >&5
configure:19120: $? = 0
configure:19128: result: yes
configure:19102: checking whether vdprintf is declared without a macro
configure:19120: gcc -c -g -O2  conftest.c >&5
configure:19120: $? = 0
configure:19128: result: yes
configure:19102: checking whether vsnprintf is declared without a macro
configure:19120: gcc -c -g -O2  conftest.c >&5
configure:19120: $? = 0
configure:19128: result: yes
configure:19146: checking for working strerror function
configure:19172: gcc -o conftest -g -O2   conftest.c  >&5
configure:19172: $? = 0
configure:19172: ./conftest
configure:19172: $? = 0
configure:19183: result: yes
configure:19371: checking whether chdir is declared without a macro
configure:19401: gcc -c -g -O2  conftest.c >&5
configure:19401: $? = 0
configure:19409: result: yes
configure:19371: checking whether chown is declared without a macro
configure:19401: gcc -c -g -O2  conftest.c >&5
configure:19401: $? = 0
configure:19409: result: yes
configure:19371: checking whether dup is declared without a macro
configure:19401: gcc -c -g -O2  conftest.c >&5
configure:19401: $? = 0
configure:19409: result: yes
configure:19371: checking whether dup2 is declared without a macro
configure:19401: gcc -c -g -O2  conftest.c >&5
configure:19401: $? = 0
configure:19409: result: yes
configure:19371: checking whether dup3 is declared without a macro
configure:19401: gcc -c -g -O2  conftest.c >&5
configure:19401: $? = 0
configure:19409: result: yes
configure:19371: checking whether environ is declared without a macro
configure:19401: gcc -c -g -O2  conftest.c >&5
configure:19401: $? = 0
configure:19409: result: yes
configure:19371: checking whether euidaccess is declared without a macro
configure:19401: gcc -c -g -O2  conftest.c >&5
configure:19401: $? = 0
configure:19409: result: yes
configure:19371: checking whether faccessat is declared without a macro
configure:19401: gcc -c -g -O2  conftest.c >&5
configure:19401: $? = 0
configure:19409: result: yes
configure:19371: checking whether fchdir is declared without a macro
configure:19401: gcc -c -g -O2  conftest.c >&5
configure:19401: $? = 0
configure:19409: result: yes
configure:19371: checking whether fchownat is declared without a macro
configure:19401: gcc -c -g -O2  conftest.c >&5
configure:19401: $? = 0
configure:19409: result: yes
configure:19371: checking whether fdatasync is declared without a macro
configure:19401: gcc -c -g -O2  conftest.c >&5
configure:19401: $? = 0
configure:19409: result: yes
configure:19371: checking whether fsync is declared without a macro
configure:19401: gcc -c -g -O2  conftest.c >&5
configure:19401: $? = 0
configure:19409: result: yes
configure:19371: checking whether ftruncate is declared without a macro
configure:19401: gcc -c -g -O2  conftest.c >&5
configure:19401: $? = 0
configure:19409: result: yes
configure:19371: checking whether getcwd is declared without a macro
configure:19401: gcc -c -g -O2  conftest.c >&5
configure:19401: $? = 0
configure:19409: result: yes
configure:19371: checking whether getdomainname is declared without a macro
configure:19401: gcc -c -g -O2  conftest.c >&5
configure:19401: $? = 0
configure:19409: result: yes
configure:19371: checking whether getdtablesize is declared without a macro
configure:19401: gcc -c -g -O2  conftest.c >&5
configure:19401: $? = 0
configure:19409: result: yes
configure:19371: checking whether getgroups is declared without a macro
configure:19401: gcc -c -g -O2  conftest.c >&5
configure:19401: $? = 0
configure:19409: result: yes
configure:19371: checking whether gethostname is declared without a macro
configure:19401: gcc -c -g -O2  conftest.c >&5
configure:19401: $? = 0
configure:19409: result: yes
configure:19371: checking whether getlogin is declared without a macro
configure:19401: gcc -c -g -O2  conftest.c >&5
configure:19401: $? = 0
configure:19409: result: yes
configure:19371: checking whether getlogin_r is declared without a macro
configure:19401: gcc -c -g -O2  conftest.c >&5
configure:19401: $? = 0
configure:19409: result: yes
configure:19371: checking whether getpagesize is declared without a macro
configure:19401: gcc -c -g -O2  conftest.c >&5
configure:19401: $? = 0
configure:19409: result: yes
configure:19371: checking whether getusershell is declared without a macro
configure:19401: gcc -c -g -O2  conftest.c >&5
configure:19401: $? = 0
configure:19409: result: yes
configure:19371: checking whether setusershell is declared without a macro
configure:19401: gcc -c -g -O2  conftest.c >&5
configure:19401: $? = 0
configure:19409: result: yes
configure:19371: checking whether endusershell is declared without a macro
configure:19401: gcc -c -g -O2  conftest.c >&5
configure:19401: $? = 0
configure:19409: result: yes
configure:19371: checking whether group_member is declared without a macro
configure:19401: gcc -c -g -O2  conftest.c >&5
configure:19401: $? = 0
configure:19409: result: yes
configure:19371: checking whether isatty is declared without a macro
configure:19401: gcc -c -g -O2  conftest.c >&5
configure:19401: $? = 0
configure:19409: result: yes
configure:19371: checking whether lchown is declared without a macro
configure:19401: gcc -c -g -O2  conftest.c >&5
configure:19401: $? = 0
configure:19409: result: yes
configure:19371: checking whether link is declared without a macro
configure:19401: gcc -c -g -O2  conftest.c >&5
configure:19401: $? = 0
configure:19409: result: yes
configure:19371: checking whether linkat is declared without a macro
configure:19401: gcc -c -g -O2  conftest.c >&5
configure:19401: $? = 0
configure:19409: result: yes
configure:19371: checking whether lseek is declared without a macro
configure:19401: gcc -c -g -O2  conftest.c >&5
configure:19401: $? = 0
configure:19409: result: yes
configure:19371: checking whether pipe is declared without a macro
configure:19401: gcc -c -g -O2  conftest.c >&5
configure:19401: $? = 0
configure:19409: result: yes
configure:19371: checking whether pipe2 is declared without a macro
configure:19401: gcc -c -g -O2  conftest.c >&5
configure:19401: $? = 0
configure:19409: result: yes
configure:19371: checking whether pread is declared without a macro
configure:19401: gcc -c -g -O2  conftest.c >&5
configure:19401: $? = 0
configure:19409: result: yes
configure:19371: checking whether pwrite is declared without a macro
configure:19401: gcc -c -g -O2  conftest.c >&5
configure:19401: $? = 0
configure:19409: result: yes
configure:19371: checking whether readlink is declared without a macro
configure:19401: gcc -c -g -O2  conftest.c >&5
configure:19401: $? = 0
configure:19409: result: yes
configure:19371: checking whether readlinkat is declared without a macro
configure:19401: gcc -c -g -O2  conftest.c >&5
configure:19401: $? = 0
configure:19409: result: yes
configure:19371: checking whether rmdir is declared without a macro
configure:19401: gcc -c -g -O2  conftest.c >&5
configure:19401: $? = 0
configure:19409: result: yes
configure:19371: checking whether sethostname is declared without a macro
configure:19401: gcc -c -g -O2  conftest.c >&5
configure:19401: $? = 0
configure:19409: result: yes
configure:19371: checking whether sleep is declared without a macro
configure:19401: gcc -c -g -O2  conftest.c >&5
configure:19401: $? = 0
configure:19409: result: yes
configure:19371: checking whether symlink is declared without a macro
configure:19401: gcc -c -g -O2  conftest.c >&5
configure:19401: $? = 0
configure:19409: result: yes
configure:19371: checking whether symlinkat is declared without a macro
configure:19401: gcc -c -g -O2  conftest.c >&5
configure:19401: $? = 0
configure:19409: result: yes
configure:19371: checking whether ttyname_r is declared without a macro
configure:19401: gcc -c -g -O2  conftest.c >&5
configure:19401: $? = 0
configure:19409: result: yes
configure:19371: checking whether unlink is declared without a macro
configure:19401: gcc -c -g -O2  conftest.c >&5
configure:19401: $? = 0
configure:19409: result: yes
configure:19371: checking whether unlinkat is declared without a macro
configure:19401: gcc -c -g -O2  conftest.c >&5
configure:19401: $? = 0
configure:19409: result: yes
configure:19371: checking whether usleep is declared without a macro
configure:19401: gcc -c -g -O2  conftest.c >&5
configure:19401: $? = 0
configure:19409: result: yes
configure:20018: checking for libshishi
configure:20040: gcc -o conftest -g -O2   conftest.c  -lshishi >&5
conftest.c:134:10: fatal error: shishi.h: No such file or directory
 #include <shishi.h>
          ^~~~~~~~~~
compilation terminated.
configure:20040: $? = 1
configure: failed program was:
| /* confdefs.h */
| #define PACKAGE_NAME "GNU Generic Security Service"
| #define PACKAGE_TARNAME "gss"
| #define PACKAGE_VERSION "1.0.3"
| #define PACKAGE_STRING "GNU Generic Security Service 1.0.3"
| #define PACKAGE_BUGREPORT "bug-gss@gnu.org"
| #define PACKAGE_URL "http://www.gnu.org/software/gss/"
| #define PACKAGE "gss"
| #define VERSION "1.0.3"
| #define STDC_HEADERS 1
| #define HAVE_SYS_TYPES_H 1
| #define HAVE_SYS_STAT_H 1
| #define HAVE_STDLIB_H 1
| #define HAVE_STRING_H 1
| #define HAVE_MEMORY_H 1
| #define HAVE_STRINGS_H 1
| #define HAVE_INTTYPES_H 1
| #define HAVE_STDINT_H 1
| #define HAVE_UNISTD_H 1
| #define __EXTENSIONS__ 1
| #define _ALL_SOURCE 1
| #define _DARWIN_C_SOURCE 1
| #define _GNU_SOURCE 1
| #define _POSIX_PTHREAD_SEMANTICS 1
| #define _TANDEM_SOURCE 1
| #define HAVE_DLFCN_H 1
| #define LT_OBJDIR ".libs/"
| #define ENABLE_NLS 1
| #define HAVE_GETTEXT 1
| #define HAVE_DCGETTEXT 1
| #define HAVE_WCHAR_T 1
| #define restrict __restrict
| #define HAVE_RAW_DECL_FFSL 1
| #define HAVE_RAW_DECL_FFSLL 1
| #define HAVE_RAW_DECL_MEMMEM 1
| #define HAVE_RAW_DECL_MEMPCPY 1
| #define HAVE_RAW_DECL_MEMRCHR 1
| #define HAVE_RAW_DECL_RAWMEMCHR 1
| #define HAVE_RAW_DECL_STPCPY 1
| #define HAVE_RAW_DECL_STPNCPY 1
| #define HAVE_RAW_DECL_STRCHRNUL 1
| #define HAVE_RAW_DECL_STRDUP 1
| #define HAVE_RAW_DECL_STRNCAT 1
| #define HAVE_RAW_DECL_STRNDUP 1
| #define HAVE_RAW_DECL_STRNLEN 1
| #define HAVE_RAW_DECL_STRPBRK 1
| #define HAVE_RAW_DECL_STRSEP 1
| #define HAVE_RAW_DECL_STRCASESTR 1
| #define HAVE_RAW_DECL_STRTOK_R 1
| #define HAVE_RAW_DECL_STRERROR_R 1
| #define HAVE_RAW_DECL_STRSIGNAL 1
| #define HAVE_RAW_DECL_STRVERSCMP 1
| #define HAVE_STRVERSCMP 1
| #define GNULIB_TEST_STRVERSCMP 1
| #define HAVE_DECL_STRERROR_R 1
| #define HAVE_STRERROR_R 1
| #define STRERROR_R_CHAR_P 1
| #define HAVE_GETOPT_H 1
| #define HAVE_SYS_MMAN_H 1
| #define HAVE_SYS_SOCKET_H 1
| #define HAVE_UNISTD_H 1
| #define HAVE_GETOPT_H 1
| #define HAVE_GETOPT_LONG_ONLY 1
| #define HAVE_DECL_GETENV 1
| #define HAVE_MPROTECT 1
| #define HAVE_MAP_ANONYMOUS 1
| #define HAVE__BOOL 1
| #define GNULIB_TEST_GETOPT_GNU 1
| #define GNULIB_TEST_MEMCHR 1
| #define HAVE_DECL_PROGRAM_INVOCATION_NAME 1
| #define HAVE_DECL_PROGRAM_INVOCATION_SHORT_NAME 1
| #define GNULIB_FSCANF 1
| #define GNULIB_SCANF 1
| #define HAVE_RAW_DECL_DPRINTF 1
| #define HAVE_RAW_DECL_FSEEKO 1
| #define HAVE_RAW_DECL_FTELLO 1
| #define HAVE_RAW_DECL_GETDELIM 1
| #define HAVE_RAW_DECL_GETLINE 1
| #define HAVE_RAW_DECL_PCLOSE 1
| #define HAVE_RAW_DECL_POPEN 1
| #define HAVE_RAW_DECL_RENAMEAT 1
| #define HAVE_RAW_DECL_SNPRINTF 1
| #define HAVE_RAW_DECL_TMPFILE 1
| #define HAVE_RAW_DECL_VDPRINTF 1
| #define HAVE_RAW_DECL_VSNPRINTF 1
| #define GNULIB_STRERROR 1
| #define GNULIB_TEST_STRERROR 1
| #define HAVE_RAW_DECL_CHDIR 1
| #define HAVE_RAW_DECL_CHOWN 1
| #define HAVE_RAW_DECL_DUP 1
| #define HAVE_RAW_DECL_DUP2 1
| #define HAVE_RAW_DECL_DUP3 1
| #define HAVE_RAW_DECL_ENVIRON 1
| #define HAVE_RAW_DECL_EUIDACCESS 1
| #define HAVE_RAW_DECL_FACCESSAT 1
| #define HAVE_RAW_DECL_FCHDIR 1
| #define HAVE_RAW_DECL_FCHOWNAT 1
| #define HAVE_RAW_DECL_FDATASYNC 1
| #define HAVE_RAW_DECL_FSYNC 1
| #define HAVE_RAW_DECL_FTRUNCATE 1
| #define HAVE_RAW_DECL_GETCWD 1
| #define HAVE_RAW_DECL_GETDOMAINNAME 1
| #define HAVE_RAW_DECL_GETDTABLESIZE 1
| #define HAVE_RAW_DECL_GETGROUPS 1
| #define HAVE_RAW_DECL_GETHOSTNAME 1
| #define HAVE_RAW_DECL_GETLOGIN 1
| #define HAVE_RAW_DECL_GETLOGIN_R 1
| #define HAVE_RAW_DECL_GETPAGESIZE 1
| #define HAVE_RAW_DECL_GETUSERSHELL 1
| #define HAVE_RAW_DECL_SETUSERSHELL 1
| #define HAVE_RAW_DECL_ENDUSERSHELL 1
| #define HAVE_RAW_DECL_GROUP_MEMBER 1
| #define HAVE_RAW_DECL_ISATTY 1
| #define HAVE_RAW_DECL_LCHOWN 1
| #define HAVE_RAW_DECL_LINK 1
| #define HAVE_RAW_DECL_LINKAT 1
| #define HAVE_RAW_DECL_LSEEK 1
| #define HAVE_RAW_DECL_PIPE 1
| #define HAVE_RAW_DECL_PIPE2 1
| #define HAVE_RAW_DECL_PREAD 1
| #define HAVE_RAW_DECL_PWRITE 1
| #define HAVE_RAW_DECL_READLINK 1
| #define HAVE_RAW_DECL_READLINKAT 1
| #define HAVE_RAW_DECL_RMDIR 1
| #define HAVE_RAW_DECL_SETHOSTNAME 1
| #define HAVE_RAW_DECL_SLEEP 1
| #define HAVE_RAW_DECL_SYMLINK 1
| #define HAVE_RAW_DECL_SYMLINKAT 1
| #define HAVE_RAW_DECL_TTYNAME_R 1
| #define HAVE_RAW_DECL_UNLINK 1
| #define HAVE_RAW_DECL_UNLINKAT 1
| #define HAVE_RAW_DECL_USLEEP 1
| /* end confdefs.h.  */
| #include <shishi.h>
| int
| main ()
| {
| shishi_key_timestamp (0);
|   ;
|   return 0;
| }
configure:20050: result: no
configure:20086: checking if the Kerberos V5 mechanism should be supported
configure:20088: result: no
configure:20151: checking for pkg-config
configure:20169: found /usr/bin/pkg-config
configure:20181: result: /usr/bin/pkg-config
configure:20206: checking pkg-config is at least version 0.9.0
configure:20209: result: yes
configure:20223: checking for gtkdoc-check
configure:20256: result: no
configure:20265: checking for gtkdoc-rebase
configure:20298: result: no
configure:20309: checking for gtkdoc-mkpdf
configure:20342: result: no
configure:20380: checking whether to build gtk-doc documentation
configure:20382: result: no
configure:20448: checking for gettext translation domain suffix to use
configure:20467: result: none
configure:21160: checking that generated files are newer than configure
configure:21166: result: done
configure:21351: creating ./config.status

## ---------------------- ##
## Running config.status. ##
## ---------------------- ##

This file was extended by GNU Generic Security Service config.status 1.0.3, which was
generated by GNU Autoconf 2.69.  Invocation command line was

  CONFIG_FILES    = 
  CONFIG_HEADERS  = 
  CONFIG_LINKS    = 
  CONFIG_COMMANDS = 
  $ ./config.status 

on rishon

config.status:1647: creating Makefile
config.status:1647: creating doc/Makefile
config.status:1647: creating doc/cyclo/Makefile
config.status:1647: creating doc/reference/Makefile
config.status:1647: creating doc/reference/version.xml
config.status:1647: creating gl/Makefile
config.status:1647: creating gss.pc
config.status:1647: creating lib/Makefile
config.status:1647: creating lib/gl/Makefile
config.status:1647: creating lib/headers/gss.h
config.status:1647: creating lib/krb5/Makefile
config.status:1647: creating po/Makefile.in
config.status:1647: creating po/Makevars
config.status:1647: creating src/Makefile
config.status:1647: creating src/gl/Makefile
config.status:1647: creating tests/Makefile
config.status:1647: creating config.h
config.status:1907: executing depfiles commands
config.status:1907: executing libtool commands
config.status:1907: executing po-directories commands
configure:23773: summary of build options:

  version:            1.0.3 shared 3:3:0
  Host type:          x86_64-unknown-linux-gnu
  Install prefix:     /usr/local
  Compiler:           gcc
  C flags:            -g -O2
  Warning flags:      errors:  warnings: 
  Library types:      Shared=yes, Static=yes
  Valgrind:           
  Version script:     yes
  I18n domain suffix: none

  Kerberos V5:        no
        LDADD:        


## ---------------- ##
## Cache variables. ##
## ---------------- ##

ac_cv_build=x86_64-unknown-linux-gnu
ac_cv_c_compiler_gnu=yes
ac_cv_c_restrict=__restrict
ac_cv_env_CC_set=
ac_cv_env_CC_value=
ac_cv_env_CFLAGS_set=
ac_cv_env_CFLAGS_value=
ac_cv_env_CPPFLAGS_set=
ac_cv_env_CPPFLAGS_value=
ac_cv_env_CPP_set=
ac_cv_env_CPP_value=
ac_cv_env_LDFLAGS_set=
ac_cv_env_LDFLAGS_value=
ac_cv_env_LIBS_set=
ac_cv_env_LIBS_value=
ac_cv_env_PKG_CONFIG_set=
ac_cv_env_PKG_CONFIG_value=
ac_cv_env_build_alias_set=
ac_cv_env_build_alias_value=
ac_cv_env_host_alias_set=
ac_cv_env_host_alias_value=
ac_cv_env_target_alias_set=
ac_cv_env_target_alias_value=
ac_cv_func__set_invalid_parameter_handler=no
ac_cv_func_getopt_long_only=yes
ac_cv_func_mmap=yes
ac_cv_func_mprotect=yes
ac_cv_func_strerror_r=yes
ac_cv_func_strerror_r_char_p=yes
ac_cv_func_strverscmp=yes
ac_cv_have_decl_chdir=yes
ac_cv_have_decl_chown=yes
ac_cv_have_decl_dprintf=yes
ac_cv_have_decl_dup2=yes
ac_cv_have_decl_dup3=yes
ac_cv_have_decl_dup=yes
ac_cv_have_decl_endusershell=yes
ac_cv_have_decl_environ=yes
ac_cv_have_decl_euidaccess=yes
ac_cv_have_decl_faccessat=yes
ac_cv_have_decl_fchdir=yes
ac_cv_have_decl_fchownat=yes
ac_cv_have_decl_fdatasync=yes
ac_cv_have_decl_ffsl=yes
ac_cv_have_decl_ffsll=yes
ac_cv_have_decl_fseeko=yes
ac_cv_have_decl_fsync=yes
ac_cv_have_decl_ftello=yes
ac_cv_have_decl_ftruncate=yes
ac_cv_have_decl_getcwd=yes
ac_cv_have_decl_getdelim=yes
ac_cv_have_decl_getdomainname=yes
ac_cv_have_decl_getdtablesize=yes
ac_cv_have_decl_getenv=yes
ac_cv_have_decl_getgroups=yes
ac_cv_have_decl_gethostname=yes
ac_cv_have_decl_getline=yes
ac_cv_have_decl_getlogin=yes
ac_cv_have_decl_getlogin_r=yes
ac_cv_have_decl_getpagesize=yes
ac_cv_have_decl_getusershell=yes
ac_cv_have_decl_group_member=yes
ac_cv_have_decl_isatty=yes
ac_cv_have_decl_lchown=yes
ac_cv_have_decl_link=yes
ac_cv_have_decl_linkat=yes
ac_cv_have_decl_lseek=yes
ac_cv_have_decl_memmem=yes
ac_cv_have_decl_mempcpy=yes
ac_cv_have_decl_memrchr=yes
ac_cv_have_decl_pclose=yes
ac_cv_have_decl_pipe2=yes
ac_cv_have_decl_pipe=yes
ac_cv_have_decl_popen=yes
ac_cv_have_decl_pread=yes
ac_cv_have_decl_program_invocation_name=yes
ac_cv_have_decl_program_invocation_short_name=yes
ac_cv_have_decl_pwrite=yes
ac_cv_have_decl_rawmemchr=yes
ac_cv_have_decl_readlink=yes
ac_cv_have_decl_readlinkat=yes
ac_cv_have_decl_renameat=yes
ac_cv_have_decl_rmdir=yes
ac_cv_have_decl_sethostname=yes
ac_cv_have_decl_setusershell=yes
ac_cv_have_decl_sleep=yes
ac_cv_have_decl_snprintf=yes
ac_cv_have_decl_stpcpy=yes
ac_cv_have_decl_stpncpy=yes
ac_cv_have_decl_strcasestr=yes
ac_cv_have_decl_strchrnul=yes
ac_cv_have_decl_strdup=yes
ac_cv_have_decl_strerror_r=yes
ac_cv_have_decl_strncat=yes
ac_cv_have_decl_strndup=yes
ac_cv_have_decl_strnlen=yes
ac_cv_have_decl_strpbrk=yes
ac_cv_have_decl_strsep=yes
ac_cv_have_decl_strsignal=yes
ac_cv_have_decl_strtok_r=yes
ac_cv_have_decl_strverscmp=yes
ac_cv_have_decl_symlink=yes
ac_cv_have_decl_symlinkat=yes
ac_cv_have_decl_tmpfile=yes
ac_cv_have_decl_ttyname_r=yes
ac_cv_have_decl_unlink=yes
ac_cv_have_decl_unlinkat=yes
ac_cv_have_decl_usleep=yes
ac_cv_have_decl_vdprintf=yes
ac_cv_have_decl_vsnprintf=yes
ac_cv_header_dlfcn_h=yes
ac_cv_header_getopt_h=yes
ac_cv_header_inttypes_h=yes
ac_cv_header_memory_h=yes
ac_cv_header_minix_config_h=no
ac_cv_header_stdbool_h=yes
ac_cv_header_stdc=yes
ac_cv_header_stdint_h=yes
ac_cv_header_stdlib_h=yes
ac_cv_header_string_h=yes
ac_cv_header_strings_h=yes
ac_cv_header_sys_mman_h=yes
ac_cv_header_sys_socket_h=yes
ac_cv_header_sys_stat_h=yes
ac_cv_header_sys_types_h=yes
ac_cv_header_unistd_h=yes
ac_cv_host=x86_64-unknown-linux-gnu
ac_cv_lib_error_at_line=yes
ac_cv_libshishi=no
ac_cv_objext=o
ac_cv_path_EGREP='/bin/grep -E'
ac_cv_path_FGREP='/bin/grep -F'
ac_cv_path_GMSGFMT=/usr/bin/msgfmt
ac_cv_path_GREP=/bin/grep
ac_cv_path_MSGFMT=/usr/bin/msgfmt
ac_cv_path_MSGMERGE=/usr/bin/msgmerge
ac_cv_path_PMCCABE=false
ac_cv_path_SED=/bin/sed
ac_cv_path_XGETTEXT=/usr/bin/xgettext
ac_cv_path_ac_pt_PKG_CONFIG=/usr/bin/pkg-config
ac_cv_path_install='/usr/bin/install -c'
ac_cv_path_mkdir=/bin/mkdir
ac_cv_prog_AWK=gawk
ac_cv_prog_CPP='gcc -E'
ac_cv_prog_ac_ct_AR=ar
ac_cv_prog_ac_ct_CC=gcc
ac_cv_prog_ac_ct_MANIFEST_TOOL=mt
ac_cv_prog_ac_ct_OBJDUMP=objdump
ac_cv_prog_ac_ct_RANLIB=ranlib
ac_cv_prog_ac_ct_STRIP=strip
ac_cv_prog_cc_c89=
ac_cv_prog_cc_c99=
ac_cv_prog_cc_g=yes
ac_cv_prog_cc_stdc=
ac_cv_prog_make_make_set=yes
ac_cv_safe_to_define___extensions__=yes
ac_cv_should_define__xopen_source=no
ac_cv_type__Bool=yes
ac_cv_type_mode_t=yes
ac_cv_type_pid_t=yes
acl_cv_hardcode_direct=no
acl_cv_hardcode_libdir_flag_spec='${wl}-rpath ${wl}$libdir'
acl_cv_hardcode_libdir_separator=
acl_cv_hardcode_minus_L=no
acl_cv_libext=a
acl_cv_libname_spec='lib$name'
acl_cv_library_names_spec='$libname$shrext'
acl_cv_path_LD='/usr/bin/ld -m elf_x86_64'
acl_cv_prog_gnu_ld=yes
acl_cv_rpath=done
acl_cv_shlibext=so
acl_cv_wl=-Wl,
am_cv_CC_dependencies_compiler_type=gcc3
am_cv_ar_interface=ar
am_cv_make_support_nested_variables=yes
am_cv_prog_cc_c_o=yes
gl_cv_c_amsterdam_compiler=no
gl_cv_decl_null_works=yes
gl_cv_func_getopt_gnu=yes
gl_cv_func_getopt_long_gnu=yes
gl_cv_func_getopt_posix=yes
gl_cv_func_memchr_works=yes
gl_cv_func_strerror_0_works=yes
gl_cv_func_va_copy=yes
gl_cv_func_working_strerror=yes
gl_cv_have_include_next=yes
gl_cv_have_raw_decl_chdir=yes
gl_cv_have_raw_decl_chown=yes
gl_cv_have_raw_decl_dprintf=yes
gl_cv_have_raw_decl_dup2=yes
gl_cv_have_raw_decl_dup3=yes
gl_cv_have_raw_decl_dup=yes
gl_cv_have_raw_decl_endusershell=yes
gl_cv_have_raw_decl_environ=yes
gl_cv_have_raw_decl_euidaccess=yes
gl_cv_have_raw_decl_faccessat=yes
gl_cv_have_raw_decl_fchdir=yes
gl_cv_have_raw_decl_fchownat=yes
gl_cv_have_raw_decl_fdatasync=yes
gl_cv_have_raw_decl_ffsl=yes
gl_cv_have_raw_decl_ffsll=yes
gl_cv_have_raw_decl_fpurge=no
gl_cv_have_raw_decl_fseeko=yes
gl_cv_have_raw_decl_fsync=yes
gl_cv_have_raw_decl_ftello=yes
gl_cv_have_raw_decl_ftruncate=yes
gl_cv_have_raw_decl_getcwd=yes
gl_cv_have_raw_decl_getdelim=yes
gl_cv_have_raw_decl_getdomainname=yes
gl_cv_have_raw_decl_getdtablesize=yes
gl_cv_have_raw_decl_getgroups=yes
gl_cv_have_raw_decl_gethostname=yes
gl_cv_have_raw_decl_getline=yes
gl_cv_have_raw_decl_getlogin=yes
gl_cv_have_raw_decl_getlogin_r=yes
gl_cv_have_raw_decl_getpagesize=yes
gl_cv_have_raw_decl_gets=no
gl_cv_have_raw_decl_getusershell=yes
gl_cv_have_raw_decl_group_member=yes
gl_cv_have_raw_decl_isatty=yes
gl_cv_have_raw_decl_lchown=yes
gl_cv_have_raw_decl_link=yes
gl_cv_have_raw_decl_linkat=yes
gl_cv_have_raw_decl_lseek=yes
gl_cv_have_raw_decl_memmem=yes
gl_cv_have_raw_decl_mempcpy=yes
gl_cv_have_raw_decl_memrchr=yes
gl_cv_have_raw_decl_pclose=yes
gl_cv_have_raw_decl_pipe2=yes
gl_cv_have_raw_decl_pipe=yes
gl_cv_have_raw_decl_popen=yes
gl_cv_have_raw_decl_pread=yes
gl_cv_have_raw_decl_pwrite=yes
gl_cv_have_raw_decl_rawmemchr=yes
gl_cv_have_raw_decl_readlink=yes
gl_cv_have_raw_decl_readlinkat=yes
gl_cv_have_raw_decl_renameat=yes
gl_cv_have_raw_decl_rmdir=yes
gl_cv_have_raw_decl_sethostname=yes
gl_cv_have_raw_decl_setusershell=yes
gl_cv_have_raw_decl_sleep=yes
gl_cv_have_raw_decl_snprintf=yes
gl_cv_have_raw_decl_stpcpy=yes
gl_cv_have_raw_decl_stpncpy=yes
gl_cv_have_raw_decl_strcasestr=yes
gl_cv_have_raw_decl_strchrnul=yes
gl_cv_have_raw_decl_strdup=yes
gl_cv_have_raw_decl_strerror_r=yes
gl_cv_have_raw_decl_strncat=yes
gl_cv_have_raw_decl_strndup=yes
gl_cv_have_raw_decl_strnlen=yes
gl_cv_have_raw_decl_strpbrk=yes
gl_cv_have_raw_decl_strsep=yes
gl_cv_have_raw_decl_strsignal=yes
gl_cv_have_raw_decl_strtok_r=yes
gl_cv_have_raw_decl_strverscmp=yes
gl_cv_have_raw_decl_symlink=yes
gl_cv_have_raw_decl_symlinkat=yes
gl_cv_have_raw_decl_tmpfile=yes
gl_cv_have_raw_decl_ttyname_r=yes
gl_cv_have_raw_decl_unlink=yes
gl_cv_have_raw_decl_unlinkat=yes
gl_cv_have_raw_decl_usleep=yes
gl_cv_have_raw_decl_vdprintf=yes
gl_cv_have_raw_decl_vsnprintf=yes
gl_cv_header_errno_h_complete=yes
gl_cv_ld_output_def=no
gl_cv_next_getopt_h='<getopt.h>'
gl_cv_next_stdio_h='<stdio.h>'
gl_cv_next_string_h='<string.h>'
gl_cv_next_sys_types_h='<sys/types.h>'
gl_cv_next_unistd_h='<unistd.h>'
gl_cv_pragma_columns=no
gt_cv_c_wchar_t=yes
gt_cv_func_CFLocaleCopyCurrent=no
gt_cv_func_CFPreferencesCopyAppValue=no
gt_cv_func_gnugettext1_libc=yes
gt_cv_ssize_t=yes
lt_cv_ar_at_file=@
lt_cv_archive_cmds_need_lc=no
lt_cv_deplibs_check_method=pass_all
lt_cv_file_magic_cmd='$MAGIC_CMD'
lt_cv_file_magic_test_file=
lt_cv_ld_reload_flag=-r
lt_cv_nm_interface='BSD nm'
lt_cv_objdir=.libs
lt_cv_path_LD=/usr/bin/ld
lt_cv_path_NM='/usr/bin/nm -B'
lt_cv_path_mainfest_tool=no
lt_cv_prog_compiler_c_o=yes
lt_cv_prog_compiler_pic='-fPIC -DPIC'
lt_cv_prog_compiler_pic_works=yes
lt_cv_prog_compiler_rtti_exceptions=no
lt_cv_prog_compiler_static_works=yes
lt_cv_prog_gnu_ld=yes
lt_cv_sharedlib_from_linklib_cmd='printf %s\n'
lt_cv_shlibpath_overrides_runpath=yes
lt_cv_sys_global_symbol_pipe='sed -n -e '\''s/^.*[	 ]\([ABCDGIRSTW][ABCDGIRSTW]*\)[	 ][	 ]*\([_A-Za-z][_A-Za-z0-9]*\)$/\1 \2 \2/p'\'' | sed '\''/ __gnu_lto/d'\'''
lt_cv_sys_global_symbol_to_c_name_address='sed -n -e '\''s/^: \([^ ]*\)[ ]*$/  {\"\1\", (void *) 0},/p'\'' -e '\''s/^[ABCDGIRSTW]* \([^ ]*\) \([^ ]*\)$/  {"\2", (void *) \&\2},/p'\'''
lt_cv_sys_global_symbol_to_c_name_address_lib_prefix='sed -n -e '\''s/^: \([^ ]*\)[ ]*$/  {\"\1\", (void *) 0},/p'\'' -e '\''s/^[ABCDGIRSTW]* \([^ ]*\) \(lib[^ ]*\)$/  {"\2", (void *) \&\2},/p'\'' -e '\''s/^[ABCDGIRSTW]* \([^ ]*\) \([^ ]*\)$/  {"lib\2", (void *) \&\2},/p'\'''
lt_cv_sys_global_symbol_to_cdecl='sed -n -e '\''s/^T .* \(.*\)$/extern int \1();/p'\'' -e '\''s/^[ABCDGIRSTW]* .* \(.*\)$/extern char \1;/p'\'''
lt_cv_sys_max_cmd_len=1572864
lt_cv_to_host_file_cmd=func_convert_file_noop
lt_cv_to_tool_file_cmd=func_convert_file_noop

## ----------------- ##
## Output variables. ##
## ----------------- ##

ACLOCAL='${SHELL} /home/carolhanna/Security_Project/gnu_dataset/gss-1.0.3/build-aux/missing aclocal-1.14'
AMDEPBACKSLASH='\'
AMDEP_FALSE='#'
AMDEP_TRUE=''
AMTAR='$${TAR-tar}'
AM_BACKSLASH='\'
AM_DEFAULT_V='$(AM_DEFAULT_VERBOSITY)'
AM_DEFAULT_VERBOSITY='0'
AM_V='$(V)'
AR='ar'
ARFLAGS='cru'
AS='as'
AUTOCONF='${SHELL} /home/carolhanna/Security_Project/gnu_dataset/gss-1.0.3/build-aux/missing autoconf'
AUTOHEADER='${SHELL} /home/carolhanna/Security_Project/gnu_dataset/gss-1.0.3/build-aux/missing autoheader'
AUTOMAKE='${SHELL} /home/carolhanna/Security_Project/gnu_dataset/gss-1.0.3/build-aux/missing automake-1.14'
AWK='gawk'
CC='gcc'
CCDEPMODE='depmode=gcc3'
CFLAGS='-g -O2'
CONFIG_INCLUDE='config.h'
CPP='gcc -E'
CPPFLAGS=''
CYGPATH_W='echo'
DEFS='-DHAVE_CONFIG_H'
DEPDIR='.deps'
DLLTOOL='false'
DLL_VERSION='3'
DSYMUTIL=''
DUMPBIN=''
ECHO_C=''
ECHO_N='-n'
ECHO_T=''
EGREP='/bin/grep -E'
EMULTIHOP_HIDDEN=''
EMULTIHOP_VALUE=''
ENABLE_GTK_DOC_FALSE=''
ENABLE_GTK_DOC_TRUE='#'
ENOLINK_HIDDEN=''
ENOLINK_VALUE=''
EOVERFLOW_HIDDEN=''
EOVERFLOW_VALUE=''
ERRNO_H=''
EXEEXT=''
FGREP='/bin/grep -F'
GETOPT_H=''
GETTEXT_MACRO_VERSION='0.19'
GL_COND_LIBTOOL_FALSE='#'
GL_COND_LIBTOOL_TRUE=''
GL_GENERATE_ERRNO_H_FALSE=''
GL_GENERATE_ERRNO_H_TRUE='#'
GL_GENERATE_STDARG_H_FALSE=''
GL_GENERATE_STDARG_H_TRUE='#'
GL_GENERATE_STDBOOL_H_FALSE=''
GL_GENERATE_STDBOOL_H_TRUE='#'
GL_GENERATE_STDDEF_H_FALSE=''
GL_GENERATE_STDDEF_H_TRUE='#'
GMSGFMT='/usr/bin/msgfmt'
GMSGFMT_015='/usr/bin/msgfmt'
GNULIB_CHDIR='0'
GNULIB_CHOWN='0'
GNULIB_CLOSE='0'
GNULIB_DPRINTF='0'
GNULIB_DUP2='0'
GNULIB_DUP3='0'
GNULIB_DUP='0'
GNULIB_ENVIRON='0'
GNULIB_EUIDACCESS='0'
GNULIB_FACCESSAT='0'
GNULIB_FCHDIR='0'
GNULIB_FCHOWNAT='0'
GNULIB_FCLOSE='0'
GNULIB_FDATASYNC='0'
GNULIB_FDOPEN='0'
GNULIB_FFLUSH='0'
GNULIB_FFSL='0'
GNULIB_FFSLL='0'
GNULIB_FGETC='1'
GNULIB_FGETS='1'
GNULIB_FOPEN='0'
GNULIB_FPRINTF='1'
GNULIB_FPRINTF_POSIX='0'
GNULIB_FPURGE='0'
GNULIB_FPUTC='1'
GNULIB_FPUTS='1'
GNULIB_FREAD='1'
GNULIB_FREOPEN='0'
GNULIB_FSCANF='1'
GNULIB_FSEEK='0'
GNULIB_FSEEKO='0'
GNULIB_FSYNC='0'
GNULIB_FTELL='0'
GNULIB_FTELLO='0'
GNULIB_FTRUNCATE='0'
GNULIB_FWRITE='1'
GNULIB_GETC='1'
GNULIB_GETCHAR='1'
GNULIB_GETCWD='0'
GNULIB_GETDELIM='0'
GNULIB_GETDOMAINNAME='0'
GNULIB_GETDTABLESIZE='0'
GNULIB_GETGROUPS='0'
GNULIB_GETHOSTNAME='0'
GNULIB_GETLINE='0'
GNULIB_GETLOGIN='0'
GNULIB_GETLOGIN_R='0'
GNULIB_GETPAGESIZE='0'
GNULIB_GETUSERSHELL='0'
GNULIB_GL_SRCGL_UNISTD_H_GETOPT=''
GNULIB_GROUP_MEMBER='0'
GNULIB_ISATTY='0'
GNULIB_LCHOWN='0'
GNULIB_LINK='0'
GNULIB_LINKAT='0'
GNULIB_LSEEK='0'
GNULIB_MBSCASECMP='0'
GNULIB_MBSCASESTR='0'
GNULIB_MBSCHR='0'
GNULIB_MBSCSPN='0'
GNULIB_MBSLEN='0'
GNULIB_MBSNCASECMP='0'
GNULIB_MBSNLEN='0'
GNULIB_MBSPBRK='0'
GNULIB_MBSPCASECMP='0'
GNULIB_MBSRCHR='0'
GNULIB_MBSSEP='0'
GNULIB_MBSSPN='0'
GNULIB_MBSSTR='0'
GNULIB_MBSTOK_R='0'
GNULIB_MEMCHR='1'
GNULIB_MEMMEM='0'
GNULIB_MEMPCPY='0'
GNULIB_MEMRCHR='0'
GNULIB_OBSTACK_PRINTF='0'
GNULIB_OBSTACK_PRINTF_POSIX='0'
GNULIB_PCLOSE='0'
GNULIB_PERROR='0'
GNULIB_PIPE2='0'
GNULIB_PIPE='0'
GNULIB_POPEN='0'
GNULIB_PREAD='0'
GNULIB_PRINTF='1'
GNULIB_PRINTF_POSIX='0'
GNULIB_PUTC='1'
GNULIB_PUTCHAR='1'
GNULIB_PUTS='1'
GNULIB_PWRITE='0'
GNULIB_RAWMEMCHR='0'
GNULIB_READ='0'
GNULIB_READLINK='0'
GNULIB_READLINKAT='0'
GNULIB_REMOVE='0'
GNULIB_RENAME='0'
GNULIB_RENAMEAT='0'
GNULIB_RMDIR='0'
GNULIB_SCANF='1'
GNULIB_SETHOSTNAME='0'
GNULIB_SLEEP='0'
GNULIB_SNPRINTF='0'
GNULIB_SPRINTF_POSIX='0'
GNULIB_STDIO_H_NONBLOCKING='0'
GNULIB_STDIO_H_SIGPIPE='0'
GNULIB_STPCPY='0'
GNULIB_STPNCPY='0'
GNULIB_STRCASESTR='0'
GNULIB_STRCHRNUL='0'
GNULIB_STRDUP='0'
GNULIB_STRERROR='1'
GNULIB_STRERROR_R='0'
GNULIB_STRNCAT='0'
GNULIB_STRNDUP='0'
GNULIB_STRNLEN='0'
GNULIB_STRPBRK='0'
GNULIB_STRSEP='0'
GNULIB_STRSIGNAL='0'
GNULIB_STRSTR='0'
GNULIB_STRTOK_R='0'
GNULIB_STRVERSCMP='1'
GNULIB_SYMLINK='0'
GNULIB_SYMLINKAT='0'
GNULIB_TMPFILE='0'
GNULIB_TTYNAME_R='0'
GNULIB_UNISTD_H_NONBLOCKING='0'
GNULIB_UNISTD_H_SIGPIPE='0'
GNULIB_UNLINK='0'
GNULIB_UNLINKAT='0'
GNULIB_USLEEP='0'
GNULIB_VASPRINTF='0'
GNULIB_VDPRINTF='0'
GNULIB_VFPRINTF='1'
GNULIB_VFPRINTF_POSIX='0'
GNULIB_VFSCANF='0'
GNULIB_VPRINTF='1'
GNULIB_VPRINTF_POSIX='0'
GNULIB_VSCANF='0'
GNULIB_VSNPRINTF='0'
GNULIB_VSPRINTF_POSIX='0'
GNULIB_WRITE='0'
GREP='/bin/grep'
GTKDOC_CHECK=''
GTKDOC_MKPDF=''
GTKDOC_REBASE='true'
GTK_DOC_BUILD_HTML_FALSE='#'
GTK_DOC_BUILD_HTML_TRUE=''
GTK_DOC_BUILD_PDF_FALSE=''
GTK_DOC_BUILD_PDF_TRUE='#'
GTK_DOC_USE_LIBTOOL_FALSE='#'
GTK_DOC_USE_LIBTOOL_TRUE=''
GTK_DOC_USE_REBASE_FALSE='#'
GTK_DOC_USE_REBASE_TRUE=''
HAVE_CHOWN='1'
HAVE_DECL_ENVIRON='1'
HAVE_DECL_FCHDIR='1'
HAVE_DECL_FDATASYNC='1'
HAVE_DECL_FPURGE='1'
HAVE_DECL_FSEEKO='1'
HAVE_DECL_FTELLO='1'
HAVE_DECL_GETDELIM='1'
HAVE_DECL_GETDOMAINNAME='1'
HAVE_DECL_GETLINE='1'
HAVE_DECL_GETLOGIN_R='1'
HAVE_DECL_GETPAGESIZE='1'
HAVE_DECL_GETUSERSHELL='1'
HAVE_DECL_MEMMEM='1'
HAVE_DECL_MEMRCHR='1'
HAVE_DECL_OBSTACK_PRINTF='1'
HAVE_DECL_SETHOSTNAME='1'
HAVE_DECL_SNPRINTF='1'
HAVE_DECL_STRDUP='1'
HAVE_DECL_STRERROR_R='1'
HAVE_DECL_STRNDUP='1'
HAVE_DECL_STRNLEN='1'
HAVE_DECL_STRSIGNAL='1'
HAVE_DECL_STRTOK_R='1'
HAVE_DECL_TTYNAME_R='1'
HAVE_DECL_VSNPRINTF='1'
HAVE_DPRINTF='1'
HAVE_DUP2='1'
HAVE_DUP3='1'
HAVE_EUIDACCESS='1'
HAVE_FACCESSAT='1'
HAVE_FCHDIR='1'
HAVE_FCHOWNAT='1'
HAVE_FDATASYNC='1'
HAVE_FFSL='1'
HAVE_FFSLL='1'
HAVE_FSEEKO='1'
HAVE_FSYNC='1'
HAVE_FTELLO='1'
HAVE_FTRUNCATE='1'
HAVE_GETDTABLESIZE='1'
HAVE_GETGROUPS='1'
HAVE_GETHOSTNAME='1'
HAVE_GETLOGIN='1'
HAVE_GETOPT_H='1'
HAVE_GETPAGESIZE='1'
HAVE_GROUP_MEMBER='1'
HAVE_LCHOWN='1'
HAVE_LD_OUTPUT_DEF_FALSE=''
HAVE_LD_OUTPUT_DEF_TRUE='#'
HAVE_LD_VERSION_SCRIPT_FALSE='#'
HAVE_LD_VERSION_SCRIPT_TRUE=''
HAVE_LIBSHISHI='no'
HAVE_LINK='1'
HAVE_LINKAT='1'
HAVE_MBSLEN='0'
HAVE_MEMCHR='1'
HAVE_MEMPCPY='1'
HAVE_MSVC_INVALID_PARAMETER_HANDLER='0'
HAVE_OS_H='0'
HAVE_PCLOSE='1'
HAVE_PIPE2='1'
HAVE_PIPE='1'
HAVE_POPEN='1'
HAVE_PREAD='1'
HAVE_PWRITE='1'
HAVE_RAWMEMCHR='1'
HAVE_READLINK='1'
HAVE_READLINKAT='1'
HAVE_RENAMEAT='1'
HAVE_SETHOSTNAME='1'
HAVE_SLEEP='1'
HAVE_STPCPY='1'
HAVE_STPNCPY='1'
HAVE_STRCASESTR='1'
HAVE_STRCHRNUL='1'
HAVE_STRPBRK='1'
HAVE_STRSEP='1'
HAVE_STRVERSCMP='1'
HAVE_SYMLINK='1'
HAVE_SYMLINKAT='1'
HAVE_SYS_PARAM_H='0'
HAVE_UNISTD_H='1'
HAVE_UNLINKAT='1'
HAVE_USLEEP='1'
HAVE_VASPRINTF='1'
HAVE_VDPRINTF='1'
HAVE_WCHAR_T='1'
HAVE_WINSOCK2_H=''
HAVE__BOOL='1'
HELP2MAN='${SHELL} /home/carolhanna/Security_Project/gnu_dataset/gss-1.0.3/build-aux/missing help2man'
HTML_DIR='${datadir}/gtk-doc/html'
INCLUDE_GSS_KRB5=''
INCLUDE_GSS_KRB5_EXT=''
INCLUDE_NEXT='include_next'
INCLUDE_NEXT_AS_FIRST_DIRECTIVE='include_next'
INSTALL_DATA='${INSTALL} -m 644'
INSTALL_PROGRAM='${INSTALL}'
INSTALL_SCRIPT='${INSTALL}'
INSTALL_STRIP_PROGRAM='$(install_sh) -c -s'
INTLLIBS=''
INTL_MACOSX_LIBS=''
KRB5_FALSE=''
KRB5_TRUE='#'
LD='/usr/bin/ld -m elf_x86_64'
LDFLAGS=''
LIBICONV='-liconv'
LIBINTL=''
LIBOBJS=''
LIBS=''
LIBSHISHI=''
LIBSHISHI_PREFIX=''
LIBTOOL='$(SHELL) $(top_builddir)/libtool'
LIPO=''
LN_S='ln -s'
LTLIBICONV='-liconv'
LTLIBINTL=''
LTLIBOBJS=''
LTLIBSHISHI=''
LT_AGE='0'
LT_CURRENT='3'
LT_REVISION='3'
MAKEINFO='${SHELL} /home/carolhanna/Security_Project/gnu_dataset/gss-1.0.3/build-aux/missing makeinfo'
MANIFEST_TOOL=':'
MKDIR_P='/bin/mkdir -p'
MSGFMT='/usr/bin/msgfmt'
MSGFMT_015='/usr/bin/msgfmt'
MSGMERGE='/usr/bin/msgmerge'
NEXT_AS_FIRST_DIRECTIVE_ERRNO_H=''
NEXT_AS_FIRST_DIRECTIVE_GETOPT_H='<getopt.h>'
NEXT_AS_FIRST_DIRECTIVE_STDARG_H=''
NEXT_AS_FIRST_DIRECTIVE_STDDEF_H=''
NEXT_AS_FIRST_DIRECTIVE_STDIO_H='<stdio.h>'
NEXT_AS_FIRST_DIRECTIVE_STRING_H='<string.h>'
NEXT_AS_FIRST_DIRECTIVE_SYS_TYPES_H='<sys/types.h>'
NEXT_AS_FIRST_DIRECTIVE_UNISTD_H='<unistd.h>'
NEXT_ERRNO_H=''
NEXT_GETOPT_H='<getopt.h>'
NEXT_STDARG_H='<stdarg.h>'
NEXT_STDDEF_H=''
NEXT_STDIO_H='<stdio.h>'
NEXT_STRING_H='<string.h>'
NEXT_SYS_TYPES_H='<sys/types.h>'
NEXT_UNISTD_H='<unistd.h>'
NM='/usr/bin/nm -B'
NMEDIT=''
OBJDUMP='objdump'
OBJEXT='o'
OTOOL64=''
OTOOL=''
PACKAGE='gss'
PACKAGE_BUGREPORT='bug-gss@gnu.org'
PACKAGE_NAME='GNU Generic Security Service'
PACKAGE_STRING='GNU Generic Security Service 1.0.3'
PACKAGE_TARNAME='gss'
PACKAGE_URL='http://www.gnu.org/software/gss/'
PACKAGE_VERSION='1.0.3'
PATH_SEPARATOR=':'
PERL='${SHELL} /home/carolhanna/Security_Project/gnu_dataset/gss-1.0.3/build-aux/missing perl'
PKG_CONFIG='/usr/bin/pkg-config'
PMCCABE='false'
POSUB='po'
PO_SUFFIX=''
PRAGMA_COLUMNS=''
PRAGMA_SYSTEM_HEADER='#pragma GCC system_header'
RANLIB='ranlib'
REPLACE_CHOWN='0'
REPLACE_CLOSE='0'
REPLACE_DPRINTF='0'
REPLACE_DUP2='0'
REPLACE_DUP='0'
REPLACE_FCHOWNAT='0'
REPLACE_FCLOSE='0'
REPLACE_FDOPEN='0'
REPLACE_FFLUSH='0'
REPLACE_FOPEN='0'
REPLACE_FPRINTF='0'
REPLACE_FPURGE='0'
REPLACE_FREOPEN='0'
REPLACE_FSEEK='0'
REPLACE_FSEEKO='0'
REPLACE_FTELL='0'
REPLACE_FTELLO='0'
REPLACE_FTRUNCATE='0'
REPLACE_GETCWD='0'
REPLACE_GETDELIM='0'
REPLACE_GETDOMAINNAME='0'
REPLACE_GETDTABLESIZE='0'
REPLACE_GETGROUPS='0'
REPLACE_GETLINE='0'
REPLACE_GETLOGIN_R='0'
REPLACE_GETPAGESIZE='0'
REPLACE_ISATTY='0'
REPLACE_LCHOWN='0'
REPLACE_LINK='0'
REPLACE_LINKAT='0'
REPLACE_LSEEK='0'
REPLACE_MEMCHR='0'
REPLACE_MEMMEM='0'
REPLACE_NULL='0'
REPLACE_OBSTACK_PRINTF='0'
REPLACE_PERROR='0'
REPLACE_POPEN='0'
REPLACE_PREAD='0'
REPLACE_PRINTF='0'
REPLACE_PWRITE='0'
REPLACE_READ='0'
REPLACE_READLINK='0'
REPLACE_REMOVE='0'
REPLACE_RENAME='0'
REPLACE_RENAMEAT='0'
REPLACE_RMDIR='0'
REPLACE_SLEEP='0'
REPLACE_SNPRINTF='0'
REPLACE_SPRINTF='0'
REPLACE_STDIO_READ_FUNCS='0'
REPLACE_STDIO_WRITE_FUNCS='0'
REPLACE_STPNCPY='0'
REPLACE_STRCASESTR='0'
REPLACE_STRCHRNUL='0'
REPLACE_STRDUP='0'
REPLACE_STRERROR='0'
REPLACE_STRERROR_R='0'
REPLACE_STRNCAT='0'
REPLACE_STRNDUP='0'
REPLACE_STRNLEN='0'
REPLACE_STRSIGNAL='0'
REPLACE_STRSTR='0'
REPLACE_STRTOK_R='0'
REPLACE_SYMLINK='0'
REPLACE_TMPFILE='0'
REPLACE_TTYNAME_R='0'
REPLACE_UNLINK='0'
REPLACE_UNLINKAT='0'
REPLACE_USLEEP='0'
REPLACE_VASPRINTF='0'
REPLACE_VDPRINTF='0'
REPLACE_VFPRINTF='0'
REPLACE_VPRINTF='0'
REPLACE_VSNPRINTF='0'
REPLACE_VSPRINTF='0'
REPLACE_WRITE='0'
SED='/bin/sed'
SET_MAKE=''
SHELL='/bin/bash'
STDARG_H=''
STDBOOL_H=''
STDDEF_H=''
STRIP='strip'
UNDEFINE_STRTOK_R='0'
UNISTD_H_HAVE_WINSOCK2_H='0'
UNISTD_H_HAVE_WINSOCK2_H_AND_USE_SOCKETS='0'
USE_NLS='yes'
VALGRIND=''
VERSION='1.0.3'
VERSION_MAJOR='1'
VERSION_MINOR='0'
VERSION_NUMBER='0x010003'
VERSION_PATCH='3'
WARN_CFLAGS=''
WERROR_CFLAGS=''
WINDOWS_64_BIT_OFF_T='0'
XGETTEXT='/usr/bin/xgettext'
XGETTEXT_015='/usr/bin/xgettext'
XGETTEXT_EXTRA_OPTIONS=' --flag=error:3:c-format --flag=error_at_line:5:c-format'
ac_ct_AR='ar'
ac_ct_CC='gcc'
ac_ct_DUMPBIN=''
am__EXEEXT_FALSE=''
am__EXEEXT_TRUE='#'
am__fastdepCC_FALSE='#'
am__fastdepCC_TRUE=''
am__include='include'
am__isrc=''
am__leading_dot='.'
am__nodep='_no'
am__quote=''
am__tar='$${TAR-tar} chof - "$$tardir"'
am__untar='$${TAR-tar} xf -'
bindir='${exec_prefix}/bin'
build='x86_64-unknown-linux-gnu'
build_alias=''
build_cpu='x86_64'
build_os='linux-gnu'
build_vendor='unknown'
datadir='${datarootdir}'
datarootdir='${prefix}/share'
docdir='${datarootdir}/doc/${PACKAGE_TARNAME}'
dvidir='${docdir}'
exec_prefix='${prefix}'
gl_LIBOBJS=''
gl_LTLIBOBJS=''
gltests_LIBOBJS=''
gltests_LTLIBOBJS=''
gltests_WITNESS='IN_GSS_GNULIB_TESTS'
host='x86_64-unknown-linux-gnu'
host_alias=''
host_cpu='x86_64'
host_os='linux-gnu'
host_vendor='unknown'
htmldir='${docdir}'
includedir='${prefix}/include'
infodir='${datarootdir}/info'
install_sh='${SHELL} /home/carolhanna/Security_Project/gnu_dataset/gss-1.0.3/build-aux/install-sh'
libdir='${exec_prefix}/lib'
libexecdir='${exec_prefix}/libexec'
libgl_LIBOBJS=''
libgl_LTLIBOBJS=''
libgltests_LIBOBJS=''
libgltests_LTLIBOBJS=''
libgltests_WITNESS='IN_GSS_GNULIB_TESTS'
localedir='${datarootdir}/locale'
localstatedir='${prefix}/var'
mandir='${datarootdir}/man'
mkdir_p='$(MKDIR_P)'
oldincludedir='/usr/include'
pdfdir='${docdir}'
prefix='/usr/local'
program_transform_name='s,x,x,'
psdir='${docdir}'
sbindir='${exec_prefix}/sbin'
sharedstatedir='${prefix}/com'
srcgl_LIBOBJS=''
srcgl_LTLIBOBJS=''
srcgltests_LIBOBJS=''
srcgltests_LTLIBOBJS=''
srcgltests_WITNESS='IN_GSS_GNULIB_TESTS'
sysconfdir='${prefix}/etc'
target_alias=''

## ----------- ##
## confdefs.h. ##
## ----------- ##

/* confdefs.h */
#define PACKAGE_NAME "GNU Generic Security Service"
#define PACKAGE_TARNAME "gss"
#define PACKAGE_VERSION "1.0.3"
#define PACKAGE_STRING "GNU Generic Security Service 1.0.3"
#define PACKAGE_BUGREPORT "bug-gss@gnu.org"
#define PACKAGE_URL "http://www.gnu.org/software/gss/"
#define PACKAGE "gss"
#define VERSION "1.0.3"
#define STDC_HEADERS 1
#define HAVE_SYS_TYPES_H 1
#define HAVE_SYS_STAT_H 1
#define HAVE_STDLIB_H 1
#define HAVE_STRING_H 1
#define HAVE_MEMORY_H 1
#define HAVE_STRINGS_H 1
#define HAVE_INTTYPES_H 1
#define HAVE_STDINT_H 1
#define HAVE_UNISTD_H 1
#define __EXTENSIONS__ 1
#define _ALL_SOURCE 1
#define _DARWIN_C_SOURCE 1
#define _GNU_SOURCE 1
#define _POSIX_PTHREAD_SEMANTICS 1
#define _TANDEM_SOURCE 1
#define HAVE_DLFCN_H 1
#define LT_OBJDIR ".libs/"
#define ENABLE_NLS 1
#define HAVE_GETTEXT 1
#define HAVE_DCGETTEXT 1
#define HAVE_WCHAR_T 1
#define restrict __restrict
#define HAVE_RAW_DECL_FFSL 1
#define HAVE_RAW_DECL_FFSLL 1
#define HAVE_RAW_DECL_MEMMEM 1
#define HAVE_RAW_DECL_MEMPCPY 1
#define HAVE_RAW_DECL_MEMRCHR 1
#define HAVE_RAW_DECL_RAWMEMCHR 1
#define HAVE_RAW_DECL_STPCPY 1
#define HAVE_RAW_DECL_STPNCPY 1
#define HAVE_RAW_DECL_STRCHRNUL 1
#define HAVE_RAW_DECL_STRDUP 1
#define HAVE_RAW_DECL_STRNCAT 1
#define HAVE_RAW_DECL_STRNDUP 1
#define HAVE_RAW_DECL_STRNLEN 1
#define HAVE_RAW_DECL_STRPBRK 1
#define HAVE_RAW_DECL_STRSEP 1
#define HAVE_RAW_DECL_STRCASESTR 1
#define HAVE_RAW_DECL_STRTOK_R 1
#define HAVE_RAW_DECL_STRERROR_R 1
#define HAVE_RAW_DECL_STRSIGNAL 1
#define HAVE_RAW_DECL_STRVERSCMP 1
#define HAVE_STRVERSCMP 1
#define GNULIB_TEST_STRVERSCMP 1
#define HAVE_DECL_STRERROR_R 1
#define HAVE_STRERROR_R 1
#define STRERROR_R_CHAR_P 1
#define HAVE_GETOPT_H 1
#define HAVE_SYS_MMAN_H 1
#define HAVE_SYS_SOCKET_H 1
#define HAVE_UNISTD_H 1
#define HAVE_GETOPT_H 1
#define HAVE_GETOPT_LONG_ONLY 1
#define HAVE_DECL_GETENV 1
#define HAVE_MPROTECT 1
#define HAVE_MAP_ANONYMOUS 1
#define HAVE__BOOL 1
#define GNULIB_TEST_GETOPT_GNU 1
#define GNULIB_TEST_MEMCHR 1
#define HAVE_DECL_PROGRAM_INVOCATION_NAME 1
#define HAVE_DECL_PROGRAM_INVOCATION_SHORT_NAME 1
#define GNULIB_FSCANF 1
#define GNULIB_SCANF 1
#define HAVE_RAW_DECL_DPRINTF 1
#define HAVE_RAW_DECL_FSEEKO 1
#define HAVE_RAW_DECL_FTELLO 1
#define HAVE_RAW_DECL_GETDELIM 1
#define HAVE_RAW_DECL_GETLINE 1
#define HAVE_RAW_DECL_PCLOSE 1
#define HAVE_RAW_DECL_POPEN 1
#define HAVE_RAW_DECL_RENAMEAT 1
#define HAVE_RAW_DECL_SNPRINTF 1
#define HAVE_RAW_DECL_TMPFILE 1
#define HAVE_RAW_DECL_VDPRINTF 1
#define HAVE_RAW_DECL_VSNPRINTF 1
#define GNULIB_STRERROR 1
#define GNULIB_TEST_STRERROR 1
#define HAVE_RAW_DECL_CHDIR 1
#define HAVE_RAW_DECL_CHOWN 1
#define HAVE_RAW_DECL_DUP 1
#define HAVE_RAW_DECL_DUP2 1
#define HAVE_RAW_DECL_DUP3 1
#define HAVE_RAW_DECL_ENVIRON 1
#define HAVE_RAW_DECL_EUIDACCESS 1
#define HAVE_RAW_DECL_FACCESSAT 1
#define HAVE_RAW_DECL_FCHDIR 1
#define HAVE_RAW_DECL_FCHOWNAT 1
#define HAVE_RAW_DECL_FDATASYNC 1
#define HAVE_RAW_DECL_FSYNC 1
#define HAVE_RAW_DECL_FTRUNCATE 1
#define HAVE_RAW_DECL_GETCWD 1
#define HAVE_RAW_DECL_GETDOMAINNAME 1
#define HAVE_RAW_DECL_GETDTABLESIZE 1
#define HAVE_RAW_DECL_GETGROUPS 1
#define HAVE_RAW_DECL_GETHOSTNAME 1
#define HAVE_RAW_DECL_GETLOGIN 1
#define HAVE_RAW_DECL_GETLOGIN_R 1
#define HAVE_RAW_DECL_GETPAGESIZE 1
#define HAVE_RAW_DECL_GETUSERSHELL 1
#define HAVE_RAW_DECL_SETUSERSHELL 1
#define HAVE_RAW_DECL_ENDUSERSHELL 1
#define HAVE_RAW_DECL_GROUP_MEMBER 1
#define HAVE_RAW_DECL_ISATTY 1
#define HAVE_RAW_DECL_LCHOWN 1
#define HAVE_RAW_DECL_LINK 1
#define HAVE_RAW_DECL_LINKAT 1
#define HAVE_RAW_DECL_LSEEK 1
#define HAVE_RAW_DECL_PIPE 1
#define HAVE_RAW_DECL_PIPE2 1
#define HAVE_RAW_DECL_PREAD 1
#define HAVE_RAW_DECL_PWRITE 1
#define HAVE_RAW_DECL_READLINK 1
#define HAVE_RAW_DECL_READLINKAT 1
#define HAVE_RAW_DECL_RMDIR 1
#define HAVE_RAW_DECL_SETHOSTNAME 1
#define HAVE_RAW_DECL_SLEEP 1
#define HAVE_RAW_DECL_SYMLINK 1
#define HAVE_RAW_DECL_SYMLINKAT 1
#define HAVE_RAW_DECL_TTYNAME_R 1
#define HAVE_RAW_DECL_UNLINK 1
#define HAVE_RAW_DECL_UNLINKAT 1
#define HAVE_RAW_DECL_USLEEP 1
#define PO_SUFFIX ""

configure: exit 0
