This file contains any messages produced by compilers while
running configure, to aid debugging if configure makes a mistake.

It was created by ccscript configure 5.1.0, which was
generated by GNU Autoconf 2.69.  Invocation command line was

  $ ./configure 

## --------- ##
## Platform. ##
## --------- ##

hostname = rishon
uname -m = x86_64
uname -r = 4.15.0-72-generic
uname -s = Linux
uname -v = #81-Ubuntu SMP Tue Nov 26 12:20:02 UTC 2019

/usr/bin/uname -p = unknown
/bin/uname -X     = unknown

/bin/arch              = unknown
/usr/bin/arch -k       = unknown
/usr/convex/getsysinfo = unknown
/usr/bin/hostinfo      = unknown
/bin/machine           = unknown
/usr/bin/oslevel       = unknown
/bin/universe          = unknown

PATH: /home/carolhanna/miniconda3/bin
PATH: /home/carolhanna/miniconda3/condabin
PATH: /usr/local/sbin
PATH: /usr/local/bin
PATH: /usr/sbin
PATH: /usr/bin
PATH: /sbin
PATH: /bin
PATH: /usr/games
PATH: /usr/local/games
PATH: /snap/bin


## ----------- ##
## Core tests. ##
## ----------- ##

configure:2410: checking build system type
configure:2424: result: x86_64-unknown-linux-gnu
configure:2444: checking host system type
configure:2457: result: x86_64-unknown-linux-gnu
configure:2477: checking target system type
configure:2490: result: x86_64-unknown-linux-gnu
configure:2568: checking for gcc
configure:2584: found /usr/bin/gcc
configure:2595: result: gcc
configure:2824: checking for C compiler version
configure:2833: gcc --version >&5
gcc (Ubuntu 7.5.0-3ubuntu1~18.04) 7.5.0
Copyright (C) 2017 Free Software Foundation, Inc.
This is free software; see the source for copying conditions.  There is NO
warranty; not even for MERCHANTABILITY or FITNESS FOR A PARTICULAR PURPOSE.

configure:2844: $? = 0
configure:2833: gcc -v >&5
Using built-in specs.
COLLECT_GCC=gcc
COLLECT_LTO_WRAPPER=/usr/lib/gcc/x86_64-linux-gnu/7/lto-wrapper
OFFLOAD_TARGET_NAMES=nvptx-none
OFFLOAD_TARGET_DEFAULT=1
Target: x86_64-linux-gnu
Configured with: ../src/configure -v --with-pkgversion='Ubuntu 7.5.0-3ubuntu1~18.04' --with-bugurl=file:///usr/share/doc/gcc-7/README.Bugs --enable-languages=c,ada,c++,go,brig,d,fortran,objc,obj-c++ --prefix=/usr --with-gcc-major-version-only --program-suffix=-7 --program-prefix=x86_64-linux-gnu- --enable-shared --enable-linker-build-id --libexecdir=/usr/lib --without-included-gettext --enable-threads=posix --libdir=/usr/lib --enable-nls --enable-bootstrap --enable-clocale=gnu --enable-libstdcxx-debug --enable-libstdcxx-time=yes --with-default-libstdcxx-abi=new --enable-gnu-unique-object --disable-vtable-verify --enable-libmpx --enable-plugin --enable-default-pie --with-system-zlib --with-target-system-zlib --enable-objc-gc=auto --enable-multiarch --disable-werror --with-arch-32=i686 --with-abi=m64 --with-multilib-list=m32,m64,mx32 --enable-multilib --with-tune=generic --enable-offload-targets=nvptx-none --without-cuda-driver --enable-checking=release --build=x86_64-linux-gnu --host=x86_64-linux-gnu --target=x86_64-linux-gnu
Thread model: posix
gcc version 7.5.0 (Ubuntu 7.5.0-3ubuntu1~18.04) 
configure:2844: $? = 0
configure:2833: gcc -V >&5
gcc: error: unrecognized command line option '-V'
gcc: fatal error: no input files
compilation terminated.
configure:2844: $? = 1
configure:2833: gcc -qversion >&5
gcc: error: unrecognized command line option '-qversion'; did you mean '--version'?
gcc: fatal error: no input files
compilation terminated.
configure:2844: $? = 1
configure:2864: checking whether the C compiler works
configure:2886: gcc    conftest.c  >&5
configure:2890: $? = 0
configure:2938: result: yes
configure:2941: checking for C compiler default output file name
configure:2943: result: a.out
configure:2949: checking for suffix of executables
configure:2956: gcc -o conftest    conftest.c  >&5
configure:2960: $? = 0
configure:2982: result: 
configure:3004: checking whether we are cross compiling
configure:3012: gcc -o conftest    conftest.c  >&5
configure:3016: $? = 0
configure:3023: ./conftest
configure:3027: $? = 0
configure:3042: result: no
configure:3047: checking for suffix of object files
configure:3069: gcc -c   conftest.c >&5
configure:3073: $? = 0
configure:3094: result: o
configure:3098: checking whether we are using the GNU C compiler
configure:3117: gcc -c   conftest.c >&5
configure:3117: $? = 0
configure:3126: result: yes
configure:3135: checking whether gcc accepts -g
configure:3155: gcc -c -g  conftest.c >&5
configure:3155: $? = 0
configure:3196: result: yes
configure:3213: checking for gcc option to accept ISO C89
configure:3276: gcc  -c -g -O2  conftest.c >&5
configure:3276: $? = 0
configure:3289: result: none needed
configure:3314: checking whether gcc understands -c and -o together
configure:3336: gcc -c conftest.c -o conftest2.o
configure:3339: $? = 0
configure:3336: gcc -c conftest.c -o conftest2.o
configure:3339: $? = 0
configure:3351: result: yes
configure:3373: checking how to run the C preprocessor
configure:3404: gcc -E  conftest.c
configure:3404: $? = 0
configure:3418: gcc -E  conftest.c
conftest.c:9:10: fatal error: ac_nonexistent.h: No such file or directory
 #include <ac_nonexistent.h>
          ^~~~~~~~~~~~~~~~~~
compilation terminated.
configure:3418: $? = 1
configure: failed program was:
| /* confdefs.h */
| #define PACKAGE_NAME "ccscript"
| #define PACKAGE_TARNAME "ccscript"
| #define PACKAGE_VERSION "5.1.0"
| #define PACKAGE_STRING "ccscript 5.1.0"
| #define PACKAGE_BUGREPORT ""
| #define PACKAGE_URL ""
| /* end confdefs.h.  */
| #include <ac_nonexistent.h>
configure:3443: result: gcc -E
configure:3463: gcc -E  conftest.c
configure:3463: $? = 0
configure:3477: gcc -E  conftest.c
conftest.c:9:10: fatal error: ac_nonexistent.h: No such file or directory
 #include <ac_nonexistent.h>
          ^~~~~~~~~~~~~~~~~~
compilation terminated.
configure:3477: $? = 1
configure: failed program was:
| /* confdefs.h */
| #define PACKAGE_NAME "ccscript"
| #define PACKAGE_TARNAME "ccscript"
| #define PACKAGE_VERSION "5.1.0"
| #define PACKAGE_STRING "ccscript 5.1.0"
| #define PACKAGE_BUGREPORT ""
| #define PACKAGE_URL ""
| /* end confdefs.h.  */
| #include <ac_nonexistent.h>
configure:3553: checking for gcc
configure:3580: result: gcc
configure:3809: checking for C compiler version
configure:3818: gcc --version >&5
gcc (Ubuntu 7.5.0-3ubuntu1~18.04) 7.5.0
Copyright (C) 2017 Free Software Foundation, Inc.
This is free software; see the source for copying conditions.  There is NO
warranty; not even for MERCHANTABILITY or FITNESS FOR A PARTICULAR PURPOSE.

configure:3829: $? = 0
configure:3818: gcc -v >&5
Using built-in specs.
COLLECT_GCC=gcc
COLLECT_LTO_WRAPPER=/usr/lib/gcc/x86_64-linux-gnu/7/lto-wrapper
OFFLOAD_TARGET_NAMES=nvptx-none
OFFLOAD_TARGET_DEFAULT=1
Target: x86_64-linux-gnu
Configured with: ../src/configure -v --with-pkgversion='Ubuntu 7.5.0-3ubuntu1~18.04' --with-bugurl=file:///usr/share/doc/gcc-7/README.Bugs --enable-languages=c,ada,c++,go,brig,d,fortran,objc,obj-c++ --prefix=/usr --with-gcc-major-version-only --program-suffix=-7 --program-prefix=x86_64-linux-gnu- --enable-shared --enable-linker-build-id --libexecdir=/usr/lib --without-included-gettext --enable-threads=posix --libdir=/usr/lib --enable-nls --enable-bootstrap --enable-clocale=gnu --enable-libstdcxx-debug --enable-libstdcxx-time=yes --with-default-libstdcxx-abi=new --enable-gnu-unique-object --disable-vtable-verify --enable-libmpx --enable-plugin --enable-default-pie --with-system-zlib --with-target-system-zlib --enable-objc-gc=auto --enable-multiarch --disable-werror --with-arch-32=i686 --with-abi=m64 --with-multilib-list=m32,m64,mx32 --enable-multilib --with-tune=generic --enable-offload-targets=nvptx-none --without-cuda-driver --enable-checking=release --build=x86_64-linux-gnu --host=x86_64-linux-gnu --target=x86_64-linux-gnu
Thread model: posix
gcc version 7.5.0 (Ubuntu 7.5.0-3ubuntu1~18.04) 
configure:3829: $? = 0
configure:3818: gcc -V >&5
gcc: error: unrecognized command line option '-V'
gcc: fatal error: no input files
compilation terminated.
configure:3829: $? = 1
configure:3818: gcc -qversion >&5
gcc: error: unrecognized command line option '-qversion'; did you mean '--version'?
gcc: fatal error: no input files
compilation terminated.
configure:3829: $? = 1
configure:3833: checking whether we are using the GNU C compiler
configure:3861: result: yes
configure:3870: checking whether gcc accepts -g
configure:3931: result: yes
configure:3948: checking for gcc option to accept ISO C89
configure:4024: result: none needed
configure:4049: checking whether gcc understands -c and -o together
configure:4086: result: yes
configure:4161: checking for g++
configure:4177: found /usr/bin/g++
configure:4188: result: g++
configure:4215: checking for C++ compiler version
configure:4224: g++ --version >&5
g++ (Ubuntu 7.5.0-3ubuntu1~18.04) 7.5.0
Copyright (C) 2017 Free Software Foundation, Inc.
This is free software; see the source for copying conditions.  There is NO
warranty; not even for MERCHANTABILITY or FITNESS FOR A PARTICULAR PURPOSE.

configure:4235: $? = 0
configure:4224: g++ -v >&5
Using built-in specs.
COLLECT_GCC=g++
COLLECT_LTO_WRAPPER=/usr/lib/gcc/x86_64-linux-gnu/7/lto-wrapper
OFFLOAD_TARGET_NAMES=nvptx-none
OFFLOAD_TARGET_DEFAULT=1
Target: x86_64-linux-gnu
Configured with: ../src/configure -v --with-pkgversion='Ubuntu 7.5.0-3ubuntu1~18.04' --with-bugurl=file:///usr/share/doc/gcc-7/README.Bugs --enable-languages=c,ada,c++,go,brig,d,fortran,objc,obj-c++ --prefix=/usr --with-gcc-major-version-only --program-suffix=-7 --program-prefix=x86_64-linux-gnu- --enable-shared --enable-linker-build-id --libexecdir=/usr/lib --without-included-gettext --enable-threads=posix --libdir=/usr/lib --enable-nls --enable-bootstrap --enable-clocale=gnu --enable-libstdcxx-debug --enable-libstdcxx-time=yes --with-default-libstdcxx-abi=new --enable-gnu-unique-object --disable-vtable-verify --enable-libmpx --enable-plugin --enable-default-pie --with-system-zlib --with-target-system-zlib --enable-objc-gc=auto --enable-multiarch --disable-werror --with-arch-32=i686 --with-abi=m64 --with-multilib-list=m32,m64,mx32 --enable-multilib --with-tune=generic --enable-offload-targets=nvptx-none --without-cuda-driver --enable-checking=release --build=x86_64-linux-gnu --host=x86_64-linux-gnu --target=x86_64-linux-gnu
Thread model: posix
gcc version 7.5.0 (Ubuntu 7.5.0-3ubuntu1~18.04) 
configure:4235: $? = 0
configure:4224: g++ -V >&5
g++: error: unrecognized command line option '-V'
g++: fatal error: no input files
compilation terminated.
configure:4235: $? = 1
configure:4224: g++ -qversion >&5
g++: error: unrecognized command line option '-qversion'; did you mean '--version'?
g++: fatal error: no input files
compilation terminated.
configure:4235: $? = 1
configure:4239: checking whether we are using the GNU C++ compiler
configure:4258: g++ -c   conftest.cpp >&5
configure:4258: $? = 0
configure:4267: result: yes
configure:4276: checking whether g++ accepts -g
configure:4296: g++ -c -g  conftest.cpp >&5
configure:4296: $? = 0
configure:4337: result: yes
configure:4365: checking how to run the C++ preprocessor
configure:4392: g++ -E  conftest.cpp
configure:4392: $? = 0
configure:4406: g++ -E  conftest.cpp
conftest.cpp:9:10: fatal error: ac_nonexistent.h: No such file or directory
 #include <ac_nonexistent.h>
          ^~~~~~~~~~~~~~~~~~
compilation terminated.
configure:4406: $? = 1
configure: failed program was:
| /* confdefs.h */
| #define PACKAGE_NAME "ccscript"
| #define PACKAGE_TARNAME "ccscript"
| #define PACKAGE_VERSION "5.1.0"
| #define PACKAGE_STRING "ccscript 5.1.0"
| #define PACKAGE_BUGREPORT ""
| #define PACKAGE_URL ""
| /* end confdefs.h.  */
| #include <ac_nonexistent.h>
configure:4431: result: g++ -E
configure:4451: g++ -E  conftest.cpp
configure:4451: $? = 0
configure:4465: g++ -E  conftest.cpp
conftest.cpp:9:10: fatal error: ac_nonexistent.h: No such file or directory
 #include <ac_nonexistent.h>
          ^~~~~~~~~~~~~~~~~~
compilation terminated.
configure:4465: $? = 1
configure: failed program was:
| /* confdefs.h */
| #define PACKAGE_NAME "ccscript"
| #define PACKAGE_TARNAME "ccscript"
| #define PACKAGE_VERSION "5.1.0"
| #define PACKAGE_STRING "ccscript 5.1.0"
| #define PACKAGE_BUGREPORT ""
| #define PACKAGE_URL ""
| /* end confdefs.h.  */
| #include <ac_nonexistent.h>
configure:4605: checking for C++ compiler version
configure:4614: g++ --version >&5
g++ (Ubuntu 7.5.0-3ubuntu1~18.04) 7.5.0
Copyright (C) 2017 Free Software Foundation, Inc.
This is free software; see the source for copying conditions.  There is NO
warranty; not even for MERCHANTABILITY or FITNESS FOR A PARTICULAR PURPOSE.

configure:4625: $? = 0
configure:4614: g++ -v >&5
Using built-in specs.
COLLECT_GCC=g++
COLLECT_LTO_WRAPPER=/usr/lib/gcc/x86_64-linux-gnu/7/lto-wrapper
OFFLOAD_TARGET_NAMES=nvptx-none
OFFLOAD_TARGET_DEFAULT=1
Target: x86_64-linux-gnu
Configured with: ../src/configure -v --with-pkgversion='Ubuntu 7.5.0-3ubuntu1~18.04' --with-bugurl=file:///usr/share/doc/gcc-7/README.Bugs --enable-languages=c,ada,c++,go,brig,d,fortran,objc,obj-c++ --prefix=/usr --with-gcc-major-version-only --program-suffix=-7 --program-prefix=x86_64-linux-gnu- --enable-shared --enable-linker-build-id --libexecdir=/usr/lib --without-included-gettext --enable-threads=posix --libdir=/usr/lib --enable-nls --enable-bootstrap --enable-clocale=gnu --enable-libstdcxx-debug --enable-libstdcxx-time=yes --with-default-libstdcxx-abi=new --enable-gnu-unique-object --disable-vtable-verify --enable-libmpx --enable-plugin --enable-default-pie --with-system-zlib --with-target-system-zlib --enable-objc-gc=auto --enable-multiarch --disable-werror --with-arch-32=i686 --with-abi=m64 --with-multilib-list=m32,m64,mx32 --enable-multilib --with-tune=generic --enable-offload-targets=nvptx-none --without-cuda-driver --enable-checking=release --build=x86_64-linux-gnu --host=x86_64-linux-gnu --target=x86_64-linux-gnu
Thread model: posix
gcc version 7.5.0 (Ubuntu 7.5.0-3ubuntu1~18.04) 
configure:4625: $? = 0
configure:4614: g++ -V >&5
g++: error: unrecognized command line option '-V'
g++: fatal error: no input files
compilation terminated.
configure:4625: $? = 1
configure:4614: g++ -qversion >&5
g++: error: unrecognized command line option '-qversion'; did you mean '--version'?
g++: fatal error: no input files
compilation terminated.
configure:4625: $? = 1
configure:4629: checking whether we are using the GNU C++ compiler
configure:4657: result: yes
configure:4666: checking whether g++ accepts -g
configure:4727: result: yes
configure:5099: checking how to print strings
configure:5126: result: printf
configure:5147: checking for a sed that does not truncate output
configure:5211: result: /bin/sed
configure:5229: checking for grep that handles long lines and -e
configure:5287: result: /bin/grep
configure:5292: checking for egrep
configure:5354: result: /bin/grep -E
configure:5359: checking for fgrep
configure:5421: result: /bin/grep -F
configure:5456: checking for ld used by gcc
configure:5523: result: /usr/bin/ld
configure:5530: checking if the linker (/usr/bin/ld) is GNU ld
configure:5545: result: yes
configure:5557: checking for BSD- or MS-compatible name lister (nm)
configure:5606: result: /usr/bin/nm -B
configure:5736: checking the name lister (/usr/bin/nm -B) interface
configure:5743: gcc -c -g -O2  conftest.c >&5
configure:5746: /usr/bin/nm -B "conftest.o"
configure:5749: output
0000000000000000 B some_variable
configure:5756: result: BSD nm
configure:5759: checking whether ln -s works
configure:5763: result: yes
configure:5771: checking the maximum length of command line arguments
configure:5902: result: 1572864
configure:5919: checking whether the shell understands some XSI constructs
configure:5929: result: yes
configure:5933: checking whether the shell understands "+="
configure:5939: result: yes
configure:5974: checking how to convert x86_64-unknown-linux-gnu file names to x86_64-unknown-linux-gnu format
configure:6014: result: func_convert_file_noop
configure:6021: checking how to convert x86_64-unknown-linux-gnu file names to toolchain format
configure:6041: result: func_convert_file_noop
configure:6048: checking for /usr/bin/ld option to reload object files
configure:6055: result: -r
configure:6129: checking for objdump
configure:6156: result: objdump
configure:6185: checking how to recognize dependent libraries
configure:6383: result: pass_all
configure:6468: checking for dlltool
configure:6495: result: dlltool
configure:6525: checking how to associate runtime and link libraries
configure:6552: result: printf %s\n
configure:6613: checking for ar
configure:6629: found /usr/bin/ar
configure:6640: result: ar
configure:6677: checking for archiver @FILE support
configure:6694: gcc -c -g -O2  conftest.c >&5
configure:6694: $? = 0
configure:6697: ar cru libconftest.a @conftest.lst >&5
ar: `u' modifier ignored since `D' is the default (see `U')
configure:6700: $? = 0
configure:6705: ar cru libconftest.a @conftest.lst >&5
ar: `u' modifier ignored since `D' is the default (see `U')
ar: conftest.o: No such file or directory
configure:6708: $? = 1
configure:6720: result: @
configure:6778: checking for strip
configure:6794: found /usr/bin/strip
configure:6805: result: strip
configure:6877: checking for ranlib
configure:6893: found /usr/bin/ranlib
configure:6904: result: ranlib
configure:6981: checking for gawk
configure:6997: found /usr/bin/gawk
configure:7008: result: gawk
configure:7048: checking command to parse /usr/bin/nm -B output from gcc object
configure:7168: gcc -c -g -O2  conftest.c >&5
configure:7171: $? = 0
configure:7175: /usr/bin/nm -B conftest.o \| sed -n -e 's/^.*[ ]\([ABCDGIRSTW][ABCDGIRSTW]*\)[ ][ ]*\([_A-Za-z][_A-Za-z0-9]*\)$/\1 \2 \2/p' | sed '/ __gnu_lto/d' \> conftest.nm
configure:7178: $? = 0
configure:7244: gcc -o conftest -g -O2   conftest.c conftstm.o >&5
configure:7247: $? = 0
configure:7285: result: ok
configure:7322: checking for sysroot
configure:7352: result: no
configure:7429: gcc -c -g -O2  conftest.c >&5
configure:7432: $? = 0
configure:7621: checking for mt
configure:7637: found /bin/mt
configure:7648: result: mt
configure:7671: checking if mt is a manifest tool
configure:7677: mt '-?'
configure:7685: result: no
configure:8323: checking for ANSI C header files
configure:8343: gcc -c -g -O2  conftest.c >&5
configure:8343: $? = 0
configure:8416: gcc -o conftest -g -O2   conftest.c  >&5
configure:8416: $? = 0
configure:8416: ./conftest
configure:8416: $? = 0
configure:8427: result: yes
configure:8440: checking for sys/types.h
configure:8440: gcc -c -g -O2  conftest.c >&5
configure:8440: $? = 0
configure:8440: result: yes
configure:8440: checking for sys/stat.h
configure:8440: gcc -c -g -O2  conftest.c >&5
configure:8440: $? = 0
configure:8440: result: yes
configure:8440: checking for stdlib.h
configure:8440: gcc -c -g -O2  conftest.c >&5
configure:8440: $? = 0
configure:8440: result: yes
configure:8440: checking for string.h
configure:8440: gcc -c -g -O2  conftest.c >&5
configure:8440: $? = 0
configure:8440: result: yes
configure:8440: checking for memory.h
configure:8440: gcc -c -g -O2  conftest.c >&5
configure:8440: $? = 0
configure:8440: result: yes
configure:8440: checking for strings.h
configure:8440: gcc -c -g -O2  conftest.c >&5
configure:8440: $? = 0
configure:8440: result: yes
configure:8440: checking for inttypes.h
configure:8440: gcc -c -g -O2  conftest.c >&5
configure:8440: $? = 0
configure:8440: result: yes
configure:8440: checking for stdint.h
configure:8440: gcc -c -g -O2  conftest.c >&5
configure:8440: $? = 0
configure:8440: result: yes
configure:8440: checking for unistd.h
configure:8440: gcc -c -g -O2  conftest.c >&5
configure:8440: $? = 0
configure:8440: result: yes
configure:8454: checking for dlfcn.h
configure:8454: gcc -c -g -O2  conftest.c >&5
configure:8454: $? = 0
configure:8454: result: yes
configure:8669: checking for objdir
configure:8684: result: .libs
configure:8951: checking if gcc supports -fno-rtti -fno-exceptions
configure:8969: gcc -c -g -O2  -fno-rtti -fno-exceptions conftest.c >&5
cc1: warning: command line option '-fno-rtti' is valid for C++/ObjC++ but not for C
configure:8973: $? = 0
configure:8986: result: no
configure:9313: checking for gcc option to produce PIC
configure:9320: result: -fPIC -DPIC
configure:9328: checking if gcc PIC flag -fPIC -DPIC works
configure:9346: gcc -c -g -O2  -fPIC -DPIC -DPIC conftest.c >&5
configure:9350: $? = 0
configure:9363: result: yes
configure:9392: checking if gcc static flag -static works
configure:9420: result: yes
configure:9435: checking if gcc supports -c -o file.o
configure:9456: gcc -c -g -O2  -o out/conftest2.o conftest.c >&5
configure:9460: $? = 0
configure:9482: result: yes
configure:9490: checking if gcc supports -c -o file.o
configure:9537: result: yes
configure:9570: checking whether the gcc linker (/usr/bin/ld -m elf_x86_64) supports shared libraries
configure:10727: result: yes
configure:10764: checking whether -lc should be explicitly linked in
configure:10772: gcc -c -g -O2  conftest.c >&5
configure:10775: $? = 0
configure:10790: gcc -shared  -fPIC -DPIC conftest.o  -v -Wl,-soname -Wl,conftest -o conftest 2\>\&1 \| /bin/grep  -lc  \>/dev/null 2\>\&1
configure:10793: $? = 0
configure:10807: result: no
configure:10967: checking dynamic linker characteristics
configure:11467: gcc -o conftest -g -O2   -Wl,-rpath -Wl,/foo conftest.c  >&5
configure:11467: $? = 0
configure:11701: result: GNU/Linux ld.so
configure:11808: checking how to hardcode library paths into programs
configure:11833: result: immediate
configure:12373: checking whether stripping libraries is possible
configure:12378: result: yes
configure:12413: checking if libtool supports shared libraries
configure:12415: result: yes
configure:12418: checking whether to build shared libraries
configure:12439: result: yes
configure:12442: checking whether to build static libraries
configure:12446: result: yes
configure:12469: checking how to run the C++ preprocessor
configure:12535: result: g++ -E
configure:12555: g++ -E  conftest.cpp
configure:12555: $? = 0
configure:12569: g++ -E  conftest.cpp
conftest.cpp:21:10: fatal error: ac_nonexistent.h: No such file or directory
 #include <ac_nonexistent.h>
          ^~~~~~~~~~~~~~~~~~
compilation terminated.
configure:12569: $? = 1
configure: failed program was:
| /* confdefs.h */
| #define PACKAGE_NAME "ccscript"
| #define PACKAGE_TARNAME "ccscript"
| #define PACKAGE_VERSION "5.1.0"
| #define PACKAGE_STRING "ccscript 5.1.0"
| #define PACKAGE_BUGREPORT ""
| #define PACKAGE_URL ""
| #define STDC_HEADERS 1
| #define HAVE_SYS_TYPES_H 1
| #define HAVE_SYS_STAT_H 1
| #define HAVE_STDLIB_H 1
| #define HAVE_STRING_H 1
| #define HAVE_MEMORY_H 1
| #define HAVE_STRINGS_H 1
| #define HAVE_INTTYPES_H 1
| #define HAVE_STDINT_H 1
| #define HAVE_UNISTD_H 1
| #define HAVE_DLFCN_H 1
| #define LT_OBJDIR ".libs/"
| /* end confdefs.h.  */
| #include <ac_nonexistent.h>
configure:12738: checking for ld used by g++
configure:12805: result: /usr/bin/ld -m elf_x86_64
configure:12812: checking if the linker (/usr/bin/ld -m elf_x86_64) is GNU ld
configure:12827: result: yes
configure:12882: checking whether the g++ linker (/usr/bin/ld -m elf_x86_64) supports shared libraries
configure:13884: result: yes
configure:13920: g++ -c -g -O2  conftest.cpp >&5
configure:13923: $? = 0
configure:14443: checking for g++ option to produce PIC
configure:14450: result: -fPIC -DPIC
configure:14458: checking if g++ PIC flag -fPIC -DPIC works
configure:14476: g++ -c -g -O2  -fPIC -DPIC -DPIC conftest.cpp >&5
configure:14480: $? = 0
configure:14493: result: yes
configure:14516: checking if g++ static flag -static works
configure:14544: result: yes
configure:14556: checking if g++ supports -c -o file.o
configure:14577: g++ -c -g -O2  -o out/conftest2.o conftest.cpp >&5
configure:14581: $? = 0
configure:14603: result: yes
configure:14608: checking if g++ supports -c -o file.o
configure:14655: result: yes
configure:14685: checking whether the g++ linker (/usr/bin/ld -m elf_x86_64) supports shared libraries
configure:14724: result: yes
configure:14865: checking dynamic linker characteristics
configure:15533: result: GNU/Linux ld.so
configure:15586: checking how to hardcode library paths into programs
configure:15611: result: immediate
configure:15688: checking for a BSD-compatible install
configure:15756: result: /usr/bin/install -c
configure:15767: checking whether build environment is sane
configure:15822: result: yes
configure:15970: checking for a thread-safe mkdir -p
configure:16009: result: /bin/mkdir -p
configure:16012: checking whether make sets $(MAKE)
configure:16034: result: yes
configure:16064: checking for style of include used by make
configure:16092: result: GNU
configure:16126: checking whether make supports nested variables
configure:16143: result: yes
configure:16228: checking dependency style of gcc
configure:16339: result: gcc3
configure:16356: checking dependency style of g++
configure:16467: result: gcc3
configure:16527: checking for C/C++ restrict keyword
configure:16552: gcc -c -g -O2  conftest.c >&5
configure:16552: $? = 0
configure:16560: result: __restrict
configure:16573: checking for working volatile
configure:16592: gcc -c -g -O2  conftest.c >&5
configure:16592: $? = 0
configure:16599: result: yes
configure:16607: checking for inline
configure:16623: gcc -c -g -O2  conftest.c >&5
configure:16623: $? = 0
configure:16631: result: inline
configure:16724: checking for pkg-config
configure:16742: found /usr/bin/pkg-config
configure:16754: result: /usr/bin/pkg-config
configure:16779: checking pkg-config is at least version 0.9.0
configure:16782: result: yes
configure:16890: checking for ucommon-config
configure:16921: result: none
configure:16930: error: "required ucommon library missing"

## ---------------- ##
## Cache variables. ##
## ---------------- ##

ac_cv_build=x86_64-unknown-linux-gnu
ac_cv_c_compiler_gnu=yes
ac_cv_c_inline=inline
ac_cv_c_restrict=__restrict
ac_cv_c_volatile=yes
ac_cv_cxx_compiler_gnu=yes
ac_cv_env_CCC_set=
ac_cv_env_CCC_value=
ac_cv_env_CC_set=
ac_cv_env_CC_value=
ac_cv_env_CFLAGS_set=
ac_cv_env_CFLAGS_value=
ac_cv_env_CPPFLAGS_set=
ac_cv_env_CPPFLAGS_value=
ac_cv_env_CPP_set=
ac_cv_env_CPP_value=
ac_cv_env_CXXCPP_set=
ac_cv_env_CXXCPP_value=
ac_cv_env_CXXFLAGS_set=
ac_cv_env_CXXFLAGS_value=
ac_cv_env_CXX_set=
ac_cv_env_CXX_value=
ac_cv_env_LDFLAGS_set=
ac_cv_env_LDFLAGS_value=
ac_cv_env_LIBS_set=
ac_cv_env_LIBS_value=
ac_cv_env_PKG_CONFIG_LIBDIR_set=
ac_cv_env_PKG_CONFIG_LIBDIR_value=
ac_cv_env_PKG_CONFIG_PATH_set=
ac_cv_env_PKG_CONFIG_PATH_value=
ac_cv_env_PKG_CONFIG_set=
ac_cv_env_PKG_CONFIG_value=
ac_cv_env_UCOMMON_CFLAGS_set=
ac_cv_env_UCOMMON_CFLAGS_value=
ac_cv_env_UCOMMON_LIBS_set=
ac_cv_env_UCOMMON_LIBS_value=
ac_cv_env_build_alias_set=
ac_cv_env_build_alias_value=
ac_cv_env_host_alias_set=
ac_cv_env_host_alias_value=
ac_cv_env_target_alias_set=
ac_cv_env_target_alias_value=
ac_cv_header_dlfcn_h=yes
ac_cv_header_inttypes_h=yes
ac_cv_header_memory_h=yes
ac_cv_header_stdc=yes
ac_cv_header_stdint_h=yes
ac_cv_header_stdlib_h=yes
ac_cv_header_string_h=yes
ac_cv_header_strings_h=yes
ac_cv_header_sys_stat_h=yes
ac_cv_header_sys_types_h=yes
ac_cv_header_unistd_h=yes
ac_cv_host=x86_64-unknown-linux-gnu
ac_cv_objext=o
ac_cv_path_EGREP='/bin/grep -E'
ac_cv_path_FGREP='/bin/grep -F'
ac_cv_path_GREP=/bin/grep
ac_cv_path_SED=/bin/sed
ac_cv_path_UCOMMON=none
ac_cv_path_ac_pt_PKG_CONFIG=/usr/bin/pkg-config
ac_cv_path_install='/usr/bin/install -c'
ac_cv_path_mkdir=/bin/mkdir
ac_cv_prog_AWK=gawk
ac_cv_prog_CPP='gcc -E'
ac_cv_prog_CXXCPP='g++ -E'
ac_cv_prog_ac_ct_AR=ar
ac_cv_prog_ac_ct_CC=gcc
ac_cv_prog_ac_ct_CXX=g++
ac_cv_prog_ac_ct_DLLTOOL=dlltool
ac_cv_prog_ac_ct_MANIFEST_TOOL=mt
ac_cv_prog_ac_ct_OBJDUMP=objdump
ac_cv_prog_ac_ct_RANLIB=ranlib
ac_cv_prog_ac_ct_STRIP=strip
ac_cv_prog_cc_c89=
ac_cv_prog_cc_g=yes
ac_cv_prog_cxx_g=yes
ac_cv_prog_make_make_set=yes
ac_cv_target=x86_64-unknown-linux-gnu
am_cv_CC_dependencies_compiler_type=gcc3
am_cv_CXX_dependencies_compiler_type=gcc3
am_cv_make_support_nested_variables=yes
am_cv_prog_cc_c_o=yes
lt_cv_ar_at_file=@
lt_cv_archive_cmds_need_lc=no
lt_cv_deplibs_check_method=pass_all
lt_cv_file_magic_cmd='$MAGIC_CMD'
lt_cv_file_magic_test_file=
lt_cv_ld_reload_flag=-r
lt_cv_nm_interface='BSD nm'
lt_cv_objdir=.libs
lt_cv_path_LD=/usr/bin/ld
lt_cv_path_LDCXX='/usr/bin/ld -m elf_x86_64'
lt_cv_path_NM='/usr/bin/nm -B'
lt_cv_path_mainfest_tool=no
lt_cv_prog_compiler_c_o=yes
lt_cv_prog_compiler_c_o_CXX=yes
lt_cv_prog_compiler_pic='-fPIC -DPIC'
lt_cv_prog_compiler_pic_CXX='-fPIC -DPIC'
lt_cv_prog_compiler_pic_works=yes
lt_cv_prog_compiler_pic_works_CXX=yes
lt_cv_prog_compiler_rtti_exceptions=no
lt_cv_prog_compiler_static_works=yes
lt_cv_prog_compiler_static_works_CXX=yes
lt_cv_prog_gnu_ld=yes
lt_cv_prog_gnu_ldcxx=yes
lt_cv_sharedlib_from_linklib_cmd='printf %s\n'
lt_cv_shlibpath_overrides_runpath=yes
lt_cv_sys_global_symbol_pipe='sed -n -e '\''s/^.*[	 ]\([ABCDGIRSTW][ABCDGIRSTW]*\)[	 ][	 ]*\([_A-Za-z][_A-Za-z0-9]*\)$/\1 \2 \2/p'\'' | sed '\''/ __gnu_lto/d'\'''
lt_cv_sys_global_symbol_to_c_name_address='sed -n -e '\''s/^: \([^ ]*\)[ ]*$/  {\"\1\", (void *) 0},/p'\'' -e '\''s/^[ABCDGIRSTW]* \([^ ]*\) \([^ ]*\)$/  {"\2", (void *) \&\2},/p'\'''
lt_cv_sys_global_symbol_to_c_name_address_lib_prefix='sed -n -e '\''s/^: \([^ ]*\)[ ]*$/  {\"\1\", (void *) 0},/p'\'' -e '\''s/^[ABCDGIRSTW]* \([^ ]*\) \(lib[^ ]*\)$/  {"\2", (void *) \&\2},/p'\'' -e '\''s/^[ABCDGIRSTW]* \([^ ]*\) \([^ ]*\)$/  {"lib\2", (void *) \&\2},/p'\'''
lt_cv_sys_global_symbol_to_cdecl='sed -n -e '\''s/^T .* \(.*\)$/extern int \1();/p'\'' -e '\''s/^[ABCDGIRSTW]* .* \(.*\)$/extern char \1;/p'\'''
lt_cv_sys_max_cmd_len=1572864
lt_cv_to_host_file_cmd=func_convert_file_noop
lt_cv_to_tool_file_cmd=func_convert_file_noop

## ----------------- ##
## Output variables. ##
## ----------------- ##

ACLOCAL='${SHELL} /home/carolhanna/Security_Project/gnu_dataset/ccscript-5.1.0/autoconf/missing aclocal-1.14'
AMDEPBACKSLASH='\'
AMDEP_FALSE='#'
AMDEP_TRUE=''
AMTAR='$${TAR-tar}'
AM_BACKSLASH='\'
AM_DEFAULT_V='$(AM_DEFAULT_VERBOSITY)'
AM_DEFAULT_VERBOSITY='1'
AM_V='$(V)'
AR='ar'
AS='as'
AUTOCONF='${SHELL} /home/carolhanna/Security_Project/gnu_dataset/ccscript-5.1.0/autoconf/missing autoconf'
AUTOHEADER='${SHELL} /home/carolhanna/Security_Project/gnu_dataset/ccscript-5.1.0/autoconf/missing autoheader'
AUTOMAKE='${SHELL} /home/carolhanna/Security_Project/gnu_dataset/ccscript-5.1.0/autoconf/missing automake-1.14'
AWK='gawk'
CC='gcc'
CCDEPMODE='depmode=gcc3'
CCSCRIPT_FLAGS=''
CCSCRIPT_LIBS=''
CFLAGS='-g -O2'
CPP='gcc -E'
CPPFLAGS=''
CXX='g++'
CXXCPP='g++ -E'
CXXDEPMODE='depmode=gcc3'
CXXFLAGS='-g -O2'
CYGPATH_W='echo'
DEFS=''
DEPDIR='.deps'
DLLTOOL='dlltool'
DSYMUTIL=''
DUMPBIN=''
ECHO_C=''
ECHO_N='-n'
ECHO_T=''
EGREP='/bin/grep -E'
EXEEXT=''
FGREP='/bin/grep -F'
GREP='/bin/grep'
INSTALL_DATA='${INSTALL} -m 644'
INSTALL_PROGRAM='${INSTALL}'
INSTALL_SCRIPT='${INSTALL}'
INSTALL_STRIP_PROGRAM='$(install_sh) -c -s'
LD='/usr/bin/ld -m elf_x86_64'
LDFLAGS=''
LIBOBJS=''
LIBS=''
LIBTOOL='$(SHELL) $(top_builddir)/libtool'
LIPO=''
LN_S='ln -s'
LTLIBOBJS=''
LT_VERSION='5:6:0'
MAKEINFO='${SHELL} /home/carolhanna/Security_Project/gnu_dataset/ccscript-5.1.0/autoconf/missing makeinfo'
MANIFEST_TOOL=':'
MKDIR_P='/bin/mkdir -p'
NM='/usr/bin/nm -B'
NMEDIT=''
OBJDUMP='objdump'
OBJEXT='o'
OTOOL64=''
OTOOL=''
PACKAGE='ccscript'
PACKAGE_BUGREPORT=''
PACKAGE_NAME='ccscript'
PACKAGE_STRING='ccscript 5.1.0'
PACKAGE_TARNAME='ccscript'
PACKAGE_URL=''
PACKAGE_VERSION='5.1.0'
PATH_SEPARATOR=':'
PKG_CCSCRIPT_FLAGS=''
PKG_CCSCRIPT_LIBS=''
PKG_CONFIG='/usr/bin/pkg-config'
PKG_CONFIG_LIBDIR=''
PKG_CONFIG_PATH=''
RANLIB='ranlib'
SED='/bin/sed'
SET_MAKE=''
SHELL='/bin/bash'
STRIP='strip'
UCOMMON='none'
UCOMMON_CFLAGS=''
UCOMMON_LIBS=''
USES_UCOMMON_REQUIRED='7.0.0'
VERSION='5.1.0'
ac_ct_AR='ar'
ac_ct_CC='gcc'
ac_ct_CXX='g++'
ac_ct_DUMPBIN=''
am__EXEEXT_FALSE=''
am__EXEEXT_TRUE=''
am__fastdepCC_FALSE='#'
am__fastdepCC_TRUE=''
am__fastdepCXX_FALSE='#'
am__fastdepCXX_TRUE=''
am__include='include'
am__isrc=''
am__leading_dot='.'
am__nodep='_no'
am__quote=''
am__tar='$${TAR-tar} chof - "$$tardir"'
am__untar='$${TAR-tar} xf -'
bindir='${exec_prefix}/bin'
build='x86_64-unknown-linux-gnu'
build_alias=''
build_cpu='x86_64'
build_os='linux-gnu'
build_vendor='unknown'
datadir='${datarootdir}'
datarootdir='${prefix}/share'
default_cfgpath=''
default_libpath=''
docdir='${datarootdir}/doc/${PACKAGE_TARNAME}'
dvidir='${docdir}'
exec_prefix='NONE'
host='x86_64-unknown-linux-gnu'
host_alias=''
host_cpu='x86_64'
host_os='linux-gnu'
host_vendor='unknown'
htmldir='${docdir}'
includedir='${prefix}/include'
infodir='${datarootdir}/info'
install_sh='${SHELL} /home/carolhanna/Security_Project/gnu_dataset/ccscript-5.1.0/autoconf/install-sh'
libdir='${exec_prefix}/lib'
libexecdir='${exec_prefix}/libexec'
localedir='${datarootdir}/locale'
localstatedir='${prefix}/var'
mandir='${datarootdir}/man'
mkdir_p='$(MKDIR_P)'
oldincludedir='/usr/include'
pdfdir='${docdir}'
plugindir='${libdir}'
prefix='NONE'
program_transform_name='s,x,x,'
psdir='${docdir}'
sbindir='${exec_prefix}/sbin'
sharedstatedir='${prefix}/com'
sysconfdir='${prefix}/etc'
target='x86_64-unknown-linux-gnu'
target_alias=''
target_cpu='x86_64'
target_os='linux-gnu'
target_vendor='unknown'

## ----------- ##
## confdefs.h. ##
## ----------- ##

/* confdefs.h */
#define PACKAGE_NAME "ccscript"
#define PACKAGE_TARNAME "ccscript"
#define PACKAGE_VERSION "5.1.0"
#define PACKAGE_STRING "ccscript 5.1.0"
#define PACKAGE_BUGREPORT ""
#define PACKAGE_URL ""
#define STDC_HEADERS 1
#define HAVE_SYS_TYPES_H 1
#define HAVE_SYS_STAT_H 1
#define HAVE_STDLIB_H 1
#define HAVE_STRING_H 1
#define HAVE_MEMORY_H 1
#define HAVE_STRINGS_H 1
#define HAVE_INTTYPES_H 1
#define HAVE_STDINT_H 1
#define HAVE_UNISTD_H 1
#define HAVE_DLFCN_H 1
#define LT_OBJDIR ".libs/"
#define PACKAGE "ccscript"
#define VERSION "5.1.0"
#define restrict __restrict

configure: exit 1
