This file contains any messages produced by compilers while
running configure, to aid debugging if configure makes a mistake.

It was created by swbis configure 1.9, which was
generated by GNU Autoconf 2.65.  Invocation command line was

  $ ./configure 

## --------- ##
## Platform. ##
## --------- ##

hostname = rishon
uname -m = x86_64
uname -r = 4.15.0-72-generic
uname -s = Linux
uname -v = #81-Ubuntu SMP Tue Nov 26 12:20:02 UTC 2019

/usr/bin/uname -p = unknown
/bin/uname -X     = unknown

/bin/arch              = unknown
/usr/bin/arch -k       = unknown
/usr/convex/getsysinfo = unknown
/usr/bin/hostinfo      = unknown
/bin/machine           = unknown
/usr/bin/oslevel       = unknown
/bin/universe          = unknown

PATH: /home/carolhanna/miniconda3/bin
PATH: /home/carolhanna/miniconda3/condabin
PATH: /usr/local/sbin
PATH: /usr/local/bin
PATH: /usr/sbin
PATH: /usr/bin
PATH: /sbin
PATH: /bin
PATH: /usr/games
PATH: /usr/local/games
PATH: /snap/bin


## ----------- ##
## Core tests. ##
## ----------- ##

configure:2570: checking for a BSD-compatible install
configure:2638: result: /usr/bin/install -c
configure:2649: checking whether build environment is sane
configure:2699: result: yes
configure:2840: checking for a thread-safe mkdir -p
configure:2879: result: /bin/mkdir -p
configure:2892: checking for gawk
configure:2908: found /usr/bin/gawk
configure:2919: result: gawk
configure:2930: checking whether make sets $(MAKE)
configure:2952: result: yes
configure:3115: checking build system type
configure:3129: result: x86_64-unknown-linux-gnu
configure:3149: checking host system type
configure:3162: result: x86_64-unknown-linux-gnu
configure:3196: checking for style of include used by make
configure:3224: result: GNU
configure:3294: checking for gcc
configure:3310: found /usr/bin/gcc
configure:3321: result: gcc
configure:3550: checking for C compiler version
configure:3559: gcc --version >&5
gcc (Ubuntu 7.5.0-3ubuntu1~18.04) 7.5.0
Copyright (C) 2017 Free Software Foundation, Inc.
This is free software; see the source for copying conditions.  There is NO
warranty; not even for MERCHANTABILITY or FITNESS FOR A PARTICULAR PURPOSE.

configure:3570: $? = 0
configure:3559: gcc -v >&5
Using built-in specs.
COLLECT_GCC=gcc
COLLECT_LTO_WRAPPER=/usr/lib/gcc/x86_64-linux-gnu/7/lto-wrapper
OFFLOAD_TARGET_NAMES=nvptx-none
OFFLOAD_TARGET_DEFAULT=1
Target: x86_64-linux-gnu
Configured with: ../src/configure -v --with-pkgversion='Ubuntu 7.5.0-3ubuntu1~18.04' --with-bugurl=file:///usr/share/doc/gcc-7/README.Bugs --enable-languages=c,ada,c++,go,brig,d,fortran,objc,obj-c++ --prefix=/usr --with-gcc-major-version-only --program-suffix=-7 --program-prefix=x86_64-linux-gnu- --enable-shared --enable-linker-build-id --libexecdir=/usr/lib --without-included-gettext --enable-threads=posix --libdir=/usr/lib --enable-nls --enable-bootstrap --enable-clocale=gnu --enable-libstdcxx-debug --enable-libstdcxx-time=yes --with-default-libstdcxx-abi=new --enable-gnu-unique-object --disable-vtable-verify --enable-libmpx --enable-plugin --enable-default-pie --with-system-zlib --with-target-system-zlib --enable-objc-gc=auto --enable-multiarch --disable-werror --with-arch-32=i686 --with-abi=m64 --with-multilib-list=m32,m64,mx32 --enable-multilib --with-tune=generic --enable-offload-targets=nvptx-none --without-cuda-driver --enable-checking=release --build=x86_64-linux-gnu --host=x86_64-linux-gnu --target=x86_64-linux-gnu
Thread model: posix
gcc version 7.5.0 (Ubuntu 7.5.0-3ubuntu1~18.04) 
configure:3570: $? = 0
configure:3559: gcc -V >&5
gcc: error: unrecognized command line option '-V'
gcc: fatal error: no input files
compilation terminated.
configure:3570: $? = 1
configure:3559: gcc -qversion >&5
gcc: error: unrecognized command line option '-qversion'; did you mean '--version'?
gcc: fatal error: no input files
compilation terminated.
configure:3570: $? = 1
configure:3590: checking whether the C compiler works
configure:3612: gcc    conftest.c  >&5
configure:3616: $? = 0
configure:3665: result: yes
configure:3668: checking for C compiler default output file name
configure:3670: result: a.out
configure:3676: checking for suffix of executables
configure:3683: gcc -o conftest    conftest.c  >&5
configure:3687: $? = 0
configure:3709: result: 
configure:3731: checking whether we are cross compiling
configure:3739: gcc -o conftest    conftest.c  >&5
configure:3743: $? = 0
configure:3750: ./conftest
configure:3754: $? = 0
configure:3769: result: no
configure:3774: checking for suffix of object files
configure:3796: gcc -c   conftest.c >&5
configure:3800: $? = 0
configure:3821: result: o
configure:3825: checking whether we are using the GNU C compiler
configure:3844: gcc -c   conftest.c >&5
configure:3844: $? = 0
configure:3853: result: yes
configure:3862: checking whether gcc accepts -g
configure:3882: gcc -c -g  conftest.c >&5
configure:3882: $? = 0
configure:3923: result: yes
configure:3940: checking for gcc option to accept ISO C89
configure:4004: gcc  -c -g -O2  conftest.c >&5
configure:4004: $? = 0
configure:4017: result: none needed
configure:4039: checking dependency style of gcc
configure:4149: result: none
configure:4172: checking for special C compiler options needed for large files
configure:4217: result: no
configure:4223: checking for _FILE_OFFSET_BITS value needed for large files
configure:4248: gcc -c -g -O2  conftest.c >&5
configure:4248: $? = 0
configure:4280: result: no
configure:4412: checking for gcc
configure:4439: result: gcc
configure:4668: checking for C compiler version
configure:4677: gcc --version >&5
gcc (Ubuntu 7.5.0-3ubuntu1~18.04) 7.5.0
Copyright (C) 2017 Free Software Foundation, Inc.
This is free software; see the source for copying conditions.  There is NO
warranty; not even for MERCHANTABILITY or FITNESS FOR A PARTICULAR PURPOSE.

configure:4688: $? = 0
configure:4677: gcc -v >&5
Using built-in specs.
COLLECT_GCC=gcc
COLLECT_LTO_WRAPPER=/usr/lib/gcc/x86_64-linux-gnu/7/lto-wrapper
OFFLOAD_TARGET_NAMES=nvptx-none
OFFLOAD_TARGET_DEFAULT=1
Target: x86_64-linux-gnu
Configured with: ../src/configure -v --with-pkgversion='Ubuntu 7.5.0-3ubuntu1~18.04' --with-bugurl=file:///usr/share/doc/gcc-7/README.Bugs --enable-languages=c,ada,c++,go,brig,d,fortran,objc,obj-c++ --prefix=/usr --with-gcc-major-version-only --program-suffix=-7 --program-prefix=x86_64-linux-gnu- --enable-shared --enable-linker-build-id --libexecdir=/usr/lib --without-included-gettext --enable-threads=posix --libdir=/usr/lib --enable-nls --enable-bootstrap --enable-clocale=gnu --enable-libstdcxx-debug --enable-libstdcxx-time=yes --with-default-libstdcxx-abi=new --enable-gnu-unique-object --disable-vtable-verify --enable-libmpx --enable-plugin --enable-default-pie --with-system-zlib --with-target-system-zlib --enable-objc-gc=auto --enable-multiarch --disable-werror --with-arch-32=i686 --with-abi=m64 --with-multilib-list=m32,m64,mx32 --enable-multilib --with-tune=generic --enable-offload-targets=nvptx-none --without-cuda-driver --enable-checking=release --build=x86_64-linux-gnu --host=x86_64-linux-gnu --target=x86_64-linux-gnu
Thread model: posix
gcc version 7.5.0 (Ubuntu 7.5.0-3ubuntu1~18.04) 
configure:4688: $? = 0
configure:4677: gcc -V >&5
gcc: error: unrecognized command line option '-V'
gcc: fatal error: no input files
compilation terminated.
configure:4688: $? = 1
configure:4677: gcc -qversion >&5
gcc: error: unrecognized command line option '-qversion'; did you mean '--version'?
gcc: fatal error: no input files
compilation terminated.
configure:4688: $? = 1
configure:4692: checking whether we are using the GNU C compiler
configure:4720: result: yes
configure:4729: checking whether gcc accepts -g
configure:4790: result: yes
configure:4807: checking for gcc option to accept ISO C89
configure:4884: result: none needed
configure:4906: checking dependency style of gcc
configure:5016: result: none
configure:5089: checking for g++
configure:5105: found /usr/bin/g++
configure:5116: result: g++
configure:5143: checking for C++ compiler version
configure:5152: g++ --version >&5
g++ (Ubuntu 7.5.0-3ubuntu1~18.04) 7.5.0
Copyright (C) 2017 Free Software Foundation, Inc.
This is free software; see the source for copying conditions.  There is NO
warranty; not even for MERCHANTABILITY or FITNESS FOR A PARTICULAR PURPOSE.

configure:5163: $? = 0
configure:5152: g++ -v >&5
Using built-in specs.
COLLECT_GCC=g++
COLLECT_LTO_WRAPPER=/usr/lib/gcc/x86_64-linux-gnu/7/lto-wrapper
OFFLOAD_TARGET_NAMES=nvptx-none
OFFLOAD_TARGET_DEFAULT=1
Target: x86_64-linux-gnu
Configured with: ../src/configure -v --with-pkgversion='Ubuntu 7.5.0-3ubuntu1~18.04' --with-bugurl=file:///usr/share/doc/gcc-7/README.Bugs --enable-languages=c,ada,c++,go,brig,d,fortran,objc,obj-c++ --prefix=/usr --with-gcc-major-version-only --program-suffix=-7 --program-prefix=x86_64-linux-gnu- --enable-shared --enable-linker-build-id --libexecdir=/usr/lib --without-included-gettext --enable-threads=posix --libdir=/usr/lib --enable-nls --enable-bootstrap --enable-clocale=gnu --enable-libstdcxx-debug --enable-libstdcxx-time=yes --with-default-libstdcxx-abi=new --enable-gnu-unique-object --disable-vtable-verify --enable-libmpx --enable-plugin --enable-default-pie --with-system-zlib --with-target-system-zlib --enable-objc-gc=auto --enable-multiarch --disable-werror --with-arch-32=i686 --with-abi=m64 --with-multilib-list=m32,m64,mx32 --enable-multilib --with-tune=generic --enable-offload-targets=nvptx-none --without-cuda-driver --enable-checking=release --build=x86_64-linux-gnu --host=x86_64-linux-gnu --target=x86_64-linux-gnu
Thread model: posix
gcc version 7.5.0 (Ubuntu 7.5.0-3ubuntu1~18.04) 
configure:5163: $? = 0
configure:5152: g++ -V >&5
g++: error: unrecognized command line option '-V'
g++: fatal error: no input files
compilation terminated.
configure:5163: $? = 1
configure:5152: g++ -qversion >&5
g++: error: unrecognized command line option '-qversion'; did you mean '--version'?
g++: fatal error: no input files
compilation terminated.
configure:5163: $? = 1
configure:5167: checking whether we are using the GNU C++ compiler
configure:5186: g++ -c   conftest.cpp >&5
configure:5186: $? = 0
configure:5195: result: yes
configure:5204: checking whether g++ accepts -g
configure:5224: g++ -c -g  conftest.cpp >&5
configure:5224: $? = 0
configure:5265: result: yes
configure:5290: checking dependency style of g++
configure:5400: result: none
configure:5422: checking how to run the C preprocessor
configure:5453: gcc -E  conftest.c
configure:5453: $? = 0
configure:5467: gcc -E  conftest.c
conftest.c:11:10: fatal error: ac_nonexistent.h: No such file or directory
 #include <ac_nonexistent.h>
          ^~~~~~~~~~~~~~~~~~
compilation terminated.
configure:5467: $? = 1
configure: failed program was:
| /* confdefs.h */
| #define PACKAGE_NAME "swbis"
| #define PACKAGE_TARNAME "swbis"
| #define PACKAGE_VERSION "1.9"
| #define PACKAGE_STRING "swbis 1.9"
| #define PACKAGE_BUGREPORT "bug-swbis@gnu.org"
| #define PACKAGE_URL ""
| #define PACKAGE "swbis"
| #define VERSION "1.9"
| /* end confdefs.h.  */
| #include <ac_nonexistent.h>
configure:5492: result: gcc -E
configure:5512: gcc -E  conftest.c
configure:5512: $? = 0
configure:5526: gcc -E  conftest.c
conftest.c:11:10: fatal error: ac_nonexistent.h: No such file or directory
 #include <ac_nonexistent.h>
          ^~~~~~~~~~~~~~~~~~
compilation terminated.
configure:5526: $? = 1
configure: failed program was:
| /* confdefs.h */
| #define PACKAGE_NAME "swbis"
| #define PACKAGE_TARNAME "swbis"
| #define PACKAGE_VERSION "1.9"
| #define PACKAGE_STRING "swbis 1.9"
| #define PACKAGE_BUGREPORT "bug-swbis@gnu.org"
| #define PACKAGE_URL ""
| #define PACKAGE "swbis"
| #define VERSION "1.9"
| /* end confdefs.h.  */
| #include <ac_nonexistent.h>
configure:5554: checking whether gcc and cc understand -c and -o together
configure:5585: gcc -c conftest.c -o conftest2.o >&5
configure:5589: $? = 0
configure:5595: gcc -c conftest.c -o conftest2.o >&5
configure:5599: $? = 0
configure:5610: cc -c conftest.c >&5
configure:5614: $? = 0
configure:5622: cc -c conftest.c -o conftest2.o >&5
configure:5626: $? = 0
configure:5632: cc -c conftest.c -o conftest2.o >&5
configure:5636: $? = 0
configure:5654: result: yes
configure:5668: checking for flex
configure:5698: result: no
configure:5668: checking for lex
configure:5698: result: no
configure:5825: checking for bison
configure:5855: result: no
configure:5825: checking for byacc
configure:5855: result: no
configure:5868: checking for gawk
configure:5895: result: gawk
configure:5906: checking whether ln -s works
configure:5910: result: yes
configure:5917: checking whether make sets $(MAKE)
configure:5939: result: yes
configure:5991: checking for ranlib
configure:6007: found /usr/bin/ranlib
configure:6018: result: ranlib
configure:6040: checking for gcc option to accept ISO C99
configure:6189: gcc  -c -g -O2  conftest.c >&5
configure:6189: $? = 0
configure:6202: result: none needed
configure:6225: checking docbook-to-man...
configure:6229: checking for docbook-to-man
configure:6259: result: no
configure:6266: checking for grep that handles long lines and -e
configure:6324: result: /bin/grep
configure:6329: checking for egrep
configure:6391: result: /bin/grep -E
configure:6396: checking for ANSI C header files
configure:6416: gcc -c -g -O2  conftest.c >&5
configure:6416: $? = 0
configure:6489: gcc -o conftest -g -O2   conftest.c  >&5
configure:6489: $? = 0
configure:6489: ./conftest
configure:6489: $? = 0
configure:6500: result: yes
configure:6513: checking for sys/types.h
configure:6513: gcc -c -g -O2  conftest.c >&5
configure:6513: $? = 0
configure:6513: result: yes
configure:6513: checking for sys/stat.h
configure:6513: gcc -c -g -O2  conftest.c >&5
configure:6513: $? = 0
configure:6513: result: yes
configure:6513: checking for stdlib.h
configure:6513: gcc -c -g -O2  conftest.c >&5
configure:6513: $? = 0
configure:6513: result: yes
configure:6513: checking for string.h
configure:6513: gcc -c -g -O2  conftest.c >&5
configure:6513: $? = 0
configure:6513: result: yes
configure:6513: checking for memory.h
configure:6513: gcc -c -g -O2  conftest.c >&5
configure:6513: $? = 0
configure:6513: result: yes
configure:6513: checking for strings.h
configure:6513: gcc -c -g -O2  conftest.c >&5
configure:6513: $? = 0
configure:6513: result: yes
configure:6513: checking for inttypes.h
configure:6513: gcc -c -g -O2  conftest.c >&5
configure:6513: $? = 0
configure:6513: result: yes
configure:6513: checking for stdint.h
configure:6513: gcc -c -g -O2  conftest.c >&5
configure:6513: $? = 0
configure:6513: result: yes
configure:6513: checking for unistd.h
configure:6513: gcc -c -g -O2  conftest.c >&5
configure:6513: $? = 0
configure:6513: result: yes
configure:6527: checking minix/config.h usability
configure:6527: gcc -c -g -O2  conftest.c >&5
conftest.c:54:10: fatal error: minix/config.h: No such file or directory
 #include <minix/config.h>
          ^~~~~~~~~~~~~~~~
compilation terminated.
configure:6527: $? = 1
configure: failed program was:
| /* confdefs.h */
| #define PACKAGE_NAME "swbis"
| #define PACKAGE_TARNAME "swbis"
| #define PACKAGE_VERSION "1.9"
| #define PACKAGE_STRING "swbis 1.9"
| #define PACKAGE_BUGREPORT "bug-swbis@gnu.org"
| #define PACKAGE_URL ""
| #define PACKAGE "swbis"
| #define VERSION "1.9"
| #define STDC_HEADERS 1
| #define HAVE_SYS_TYPES_H 1
| #define HAVE_SYS_STAT_H 1
| #define HAVE_STDLIB_H 1
| #define HAVE_STRING_H 1
| #define HAVE_MEMORY_H 1
| #define HAVE_STRINGS_H 1
| #define HAVE_INTTYPES_H 1
| #define HAVE_STDINT_H 1
| #define HAVE_UNISTD_H 1
| /* end confdefs.h.  */
| #include <stdio.h>
| #ifdef HAVE_SYS_TYPES_H
| # include <sys/types.h>
| #endif
| #ifdef HAVE_SYS_STAT_H
| # include <sys/stat.h>
| #endif
| #ifdef STDC_HEADERS
| # include <stdlib.h>
| # include <stddef.h>
| #else
| # ifdef HAVE_STDLIB_H
| #  include <stdlib.h>
| # endif
| #endif
| #ifdef HAVE_STRING_H
| # if !defined STDC_HEADERS && defined HAVE_MEMORY_H
| #  include <memory.h>
| # endif
| # include <string.h>
| #endif
| #ifdef HAVE_STRINGS_H
| # include <strings.h>
| #endif
| #ifdef HAVE_INTTYPES_H
| # include <inttypes.h>
| #endif
| #ifdef HAVE_STDINT_H
| # include <stdint.h>
| #endif
| #ifdef HAVE_UNISTD_H
| # include <unistd.h>
| #endif
| #include <minix/config.h>
configure:6527: result: no
configure:6527: checking minix/config.h presence
configure:6527: gcc -E  conftest.c
conftest.c:21:10: fatal error: minix/config.h: No such file or directory
 #include <minix/config.h>
          ^~~~~~~~~~~~~~~~
compilation terminated.
configure:6527: $? = 1
configure: failed program was:
| /* confdefs.h */
| #define PACKAGE_NAME "swbis"
| #define PACKAGE_TARNAME "swbis"
| #define PACKAGE_VERSION "1.9"
| #define PACKAGE_STRING "swbis 1.9"
| #define PACKAGE_BUGREPORT "bug-swbis@gnu.org"
| #define PACKAGE_URL ""
| #define PACKAGE "swbis"
| #define VERSION "1.9"
| #define STDC_HEADERS 1
| #define HAVE_SYS_TYPES_H 1
| #define HAVE_SYS_STAT_H 1
| #define HAVE_STDLIB_H 1
| #define HAVE_STRING_H 1
| #define HAVE_MEMORY_H 1
| #define HAVE_STRINGS_H 1
| #define HAVE_INTTYPES_H 1
| #define HAVE_STDINT_H 1
| #define HAVE_UNISTD_H 1
| /* end confdefs.h.  */
| #include <minix/config.h>
configure:6527: result: no
configure:6527: checking for minix/config.h
configure:6527: result: no
configure:6548: checking whether it is safe to define __EXTENSIONS__
configure:6566: gcc -c -g -O2  conftest.c >&5
configure:6566: $? = 0
configure:6573: result: yes
configure:6588: checking for library containing strerror
configure:6619: gcc -o conftest -g -O2   conftest.c  >&5
configure:6619: $? = 0
configure:6636: result: none required
configure:6645: checking for ANSI C header files
configure:6749: result: yes
configure:6757: checking for size_t
configure:6757: gcc -c -g -O2  conftest.c >&5
configure:6757: $? = 0
configure:6757: gcc -c -g -O2  conftest.c >&5
conftest.c: In function 'main':
conftest.c:63:21: error: expected expression before ')' token
 if (sizeof ((size_t)))
                     ^
configure:6757: $? = 1
configure: failed program was:
| /* confdefs.h */
| #define PACKAGE_NAME "swbis"
| #define PACKAGE_TARNAME "swbis"
| #define PACKAGE_VERSION "1.9"
| #define PACKAGE_STRING "swbis 1.9"
| #define PACKAGE_BUGREPORT "bug-swbis@gnu.org"
| #define PACKAGE_URL ""
| #define PACKAGE "swbis"
| #define VERSION "1.9"
| #define STDC_HEADERS 1
| #define HAVE_SYS_TYPES_H 1
| #define HAVE_SYS_STAT_H 1
| #define HAVE_STDLIB_H 1
| #define HAVE_STRING_H 1
| #define HAVE_MEMORY_H 1
| #define HAVE_STRINGS_H 1
| #define HAVE_INTTYPES_H 1
| #define HAVE_STDINT_H 1
| #define HAVE_UNISTD_H 1
| #define __EXTENSIONS__ 1
| #define _ALL_SOURCE 1
| #define _GNU_SOURCE 1
| #define _POSIX_PTHREAD_SEMANTICS 1
| #define _TANDEM_SOURCE 1
| #define STDC_HEADERS 1
| /* end confdefs.h.  */
| #include <stdio.h>
| #ifdef HAVE_SYS_TYPES_H
| # include <sys/types.h>
| #endif
| #ifdef HAVE_SYS_STAT_H
| # include <sys/stat.h>
| #endif
| #ifdef STDC_HEADERS
| # include <stdlib.h>
| # include <stddef.h>
| #else
| # ifdef HAVE_STDLIB_H
| #  include <stdlib.h>
| # endif
| #endif
| #ifdef HAVE_STRING_H
| # if !defined STDC_HEADERS && defined HAVE_MEMORY_H
| #  include <memory.h>
| # endif
| # include <string.h>
| #endif
| #ifdef HAVE_STRINGS_H
| # include <strings.h>
| #endif
| #ifdef HAVE_INTTYPES_H
| # include <inttypes.h>
| #endif
| #ifdef HAVE_STDINT_H
| # include <stdint.h>
| #endif
| #ifdef HAVE_UNISTD_H
| # include <unistd.h>
| #endif
| int
| main ()
| {
| if (sizeof ((size_t)))
| 	    return 0;
|   ;
|   return 0;
| }
configure:6757: result: yes
configure:6768: checking for pid_t
configure:6768: gcc -c -g -O2  conftest.c >&5
configure:6768: $? = 0
configure:6768: gcc -c -g -O2  conftest.c >&5
conftest.c: In function 'main':
conftest.c:63:20: error: expected expression before ')' token
 if (sizeof ((pid_t)))
                    ^
configure:6768: $? = 1
configure: failed program was:
| /* confdefs.h */
| #define PACKAGE_NAME "swbis"
| #define PACKAGE_TARNAME "swbis"
| #define PACKAGE_VERSION "1.9"
| #define PACKAGE_STRING "swbis 1.9"
| #define PACKAGE_BUGREPORT "bug-swbis@gnu.org"
| #define PACKAGE_URL ""
| #define PACKAGE "swbis"
| #define VERSION "1.9"
| #define STDC_HEADERS 1
| #define HAVE_SYS_TYPES_H 1
| #define HAVE_SYS_STAT_H 1
| #define HAVE_STDLIB_H 1
| #define HAVE_STRING_H 1
| #define HAVE_MEMORY_H 1
| #define HAVE_STRINGS_H 1
| #define HAVE_INTTYPES_H 1
| #define HAVE_STDINT_H 1
| #define HAVE_UNISTD_H 1
| #define __EXTENSIONS__ 1
| #define _ALL_SOURCE 1
| #define _GNU_SOURCE 1
| #define _POSIX_PTHREAD_SEMANTICS 1
| #define _TANDEM_SOURCE 1
| #define STDC_HEADERS 1
| /* end confdefs.h.  */
| #include <stdio.h>
| #ifdef HAVE_SYS_TYPES_H
| # include <sys/types.h>
| #endif
| #ifdef HAVE_SYS_STAT_H
| # include <sys/stat.h>
| #endif
| #ifdef STDC_HEADERS
| # include <stdlib.h>
| # include <stddef.h>
| #else
| # ifdef HAVE_STDLIB_H
| #  include <stdlib.h>
| # endif
| #endif
| #ifdef HAVE_STRING_H
| # if !defined STDC_HEADERS && defined HAVE_MEMORY_H
| #  include <memory.h>
| # endif
| # include <string.h>
| #endif
| #ifdef HAVE_STRINGS_H
| # include <strings.h>
| #endif
| #ifdef HAVE_INTTYPES_H
| # include <inttypes.h>
| #endif
| #ifdef HAVE_STDINT_H
| # include <stdint.h>
| #endif
| #ifdef HAVE_UNISTD_H
| # include <unistd.h>
| #endif
| int
| main ()
| {
| if (sizeof ((pid_t)))
| 	    return 0;
|   ;
|   return 0;
| }
configure:6768: result: yes
configure:6779: checking return type of signal handlers
configure:6797: gcc -c -g -O2  conftest.c >&5
conftest.c: In function 'main':
conftest.c:33:10: error: void value not ignored as it ought to be
 return *(signal (0, 0)) (0) == 1;
         ~^~~~~~~~~~~~~~~~~~
configure:6797: $? = 1
configure: failed program was:
| /* confdefs.h */
| #define PACKAGE_NAME "swbis"
| #define PACKAGE_TARNAME "swbis"
| #define PACKAGE_VERSION "1.9"
| #define PACKAGE_STRING "swbis 1.9"
| #define PACKAGE_BUGREPORT "bug-swbis@gnu.org"
| #define PACKAGE_URL ""
| #define PACKAGE "swbis"
| #define VERSION "1.9"
| #define STDC_HEADERS 1
| #define HAVE_SYS_TYPES_H 1
| #define HAVE_SYS_STAT_H 1
| #define HAVE_STDLIB_H 1
| #define HAVE_STRING_H 1
| #define HAVE_MEMORY_H 1
| #define HAVE_STRINGS_H 1
| #define HAVE_INTTYPES_H 1
| #define HAVE_STDINT_H 1
| #define HAVE_UNISTD_H 1
| #define __EXTENSIONS__ 1
| #define _ALL_SOURCE 1
| #define _GNU_SOURCE 1
| #define _POSIX_PTHREAD_SEMANTICS 1
| #define _TANDEM_SOURCE 1
| #define STDC_HEADERS 1
| /* end confdefs.h.  */
| #include <sys/types.h>
| #include <signal.h>
| 
| int
| main ()
| {
| return *(signal (0, 0)) (0) == 1;
|   ;
|   return 0;
| }
configure:6804: result: void
configure:6814: checking error.h usability
configure:6814: gcc -c -g -O2  conftest.c >&5
configure:6814: $? = 0
configure:6814: result: yes
configure:6814: checking error.h presence
configure:6814: gcc -E  conftest.c
configure:6814: $? = 0
configure:6814: result: yes
configure:6814: checking for error.h
configure:6814: result: yes
configure:6827: checking rpm/rpmio.h usability
configure:6827: gcc -c -g -O2  conftest.c >&5
conftest.c:62:10: fatal error: rpm/rpmio.h: No such file or directory
 #include <rpm/rpmio.h>
          ^~~~~~~~~~~~~
compilation terminated.
configure:6827: $? = 1
configure: failed program was:
| /* confdefs.h */
| #define PACKAGE_NAME "swbis"
| #define PACKAGE_TARNAME "swbis"
| #define PACKAGE_VERSION "1.9"
| #define PACKAGE_STRING "swbis 1.9"
| #define PACKAGE_BUGREPORT "bug-swbis@gnu.org"
| #define PACKAGE_URL ""
| #define PACKAGE "swbis"
| #define VERSION "1.9"
| #define STDC_HEADERS 1
| #define HAVE_SYS_TYPES_H 1
| #define HAVE_SYS_STAT_H 1
| #define HAVE_STDLIB_H 1
| #define HAVE_STRING_H 1
| #define HAVE_MEMORY_H 1
| #define HAVE_STRINGS_H 1
| #define HAVE_INTTYPES_H 1
| #define HAVE_STDINT_H 1
| #define HAVE_UNISTD_H 1
| #define __EXTENSIONS__ 1
| #define _ALL_SOURCE 1
| #define _GNU_SOURCE 1
| #define _POSIX_PTHREAD_SEMANTICS 1
| #define _TANDEM_SOURCE 1
| #define STDC_HEADERS 1
| #define RETSIGTYPE void
| #define HAVE_ERROR_H 1
| /* end confdefs.h.  */
| #include <stdio.h>
| #ifdef HAVE_SYS_TYPES_H
| # include <sys/types.h>
| #endif
| #ifdef HAVE_SYS_STAT_H
| # include <sys/stat.h>
| #endif
| #ifdef STDC_HEADERS
| # include <stdlib.h>
| # include <stddef.h>
| #else
| # ifdef HAVE_STDLIB_H
| #  include <stdlib.h>
| # endif
| #endif
| #ifdef HAVE_STRING_H
| # if !defined STDC_HEADERS && defined HAVE_MEMORY_H
| #  include <memory.h>
| # endif
| # include <string.h>
| #endif
| #ifdef HAVE_STRINGS_H
| # include <strings.h>
| #endif
| #ifdef HAVE_INTTYPES_H
| # include <inttypes.h>
| #endif
| #ifdef HAVE_STDINT_H
| # include <stdint.h>
| #endif
| #ifdef HAVE_UNISTD_H
| # include <unistd.h>
| #endif
| #include <rpm/rpmio.h>
configure:6827: result: no
configure:6827: checking rpm/rpmio.h presence
configure:6827: gcc -E  conftest.c
conftest.c:29:10: fatal error: rpm/rpmio.h: No such file or directory
 #include <rpm/rpmio.h>
          ^~~~~~~~~~~~~
compilation terminated.
configure:6827: $? = 1
configure: failed program was:
| /* confdefs.h */
| #define PACKAGE_NAME "swbis"
| #define PACKAGE_TARNAME "swbis"
| #define PACKAGE_VERSION "1.9"
| #define PACKAGE_STRING "swbis 1.9"
| #define PACKAGE_BUGREPORT "bug-swbis@gnu.org"
| #define PACKAGE_URL ""
| #define PACKAGE "swbis"
| #define VERSION "1.9"
| #define STDC_HEADERS 1
| #define HAVE_SYS_TYPES_H 1
| #define HAVE_SYS_STAT_H 1
| #define HAVE_STDLIB_H 1
| #define HAVE_STRING_H 1
| #define HAVE_MEMORY_H 1
| #define HAVE_STRINGS_H 1
| #define HAVE_INTTYPES_H 1
| #define HAVE_STDINT_H 1
| #define HAVE_UNISTD_H 1
| #define __EXTENSIONS__ 1
| #define _ALL_SOURCE 1
| #define _GNU_SOURCE 1
| #define _POSIX_PTHREAD_SEMANTICS 1
| #define _TANDEM_SOURCE 1
| #define STDC_HEADERS 1
| #define RETSIGTYPE void
| #define HAVE_ERROR_H 1
| /* end confdefs.h.  */
| #include <rpm/rpmio.h>
configure:6827: result: no
configure:6827: checking for rpm/rpmio.h
configure:6827: result: no
configure:6827: checking rpm/header.h usability
configure:6827: gcc -c -g -O2  conftest.c >&5
conftest.c:62:10: fatal error: rpm/header.h: No such file or directory
 #include <rpm/header.h>
          ^~~~~~~~~~~~~~
compilation terminated.
configure:6827: $? = 1
configure: failed program was:
| /* confdefs.h */
| #define PACKAGE_NAME "swbis"
| #define PACKAGE_TARNAME "swbis"
| #define PACKAGE_VERSION "1.9"
| #define PACKAGE_STRING "swbis 1.9"
| #define PACKAGE_BUGREPORT "bug-swbis@gnu.org"
| #define PACKAGE_URL ""
| #define PACKAGE "swbis"
| #define VERSION "1.9"
| #define STDC_HEADERS 1
| #define HAVE_SYS_TYPES_H 1
| #define HAVE_SYS_STAT_H 1
| #define HAVE_STDLIB_H 1
| #define HAVE_STRING_H 1
| #define HAVE_MEMORY_H 1
| #define HAVE_STRINGS_H 1
| #define HAVE_INTTYPES_H 1
| #define HAVE_STDINT_H 1
| #define HAVE_UNISTD_H 1
| #define __EXTENSIONS__ 1
| #define _ALL_SOURCE 1
| #define _GNU_SOURCE 1
| #define _POSIX_PTHREAD_SEMANTICS 1
| #define _TANDEM_SOURCE 1
| #define STDC_HEADERS 1
| #define RETSIGTYPE void
| #define HAVE_ERROR_H 1
| /* end confdefs.h.  */
| #include <stdio.h>
| #ifdef HAVE_SYS_TYPES_H
| # include <sys/types.h>
| #endif
| #ifdef HAVE_SYS_STAT_H
| # include <sys/stat.h>
| #endif
| #ifdef STDC_HEADERS
| # include <stdlib.h>
| # include <stddef.h>
| #else
| # ifdef HAVE_STDLIB_H
| #  include <stdlib.h>
| # endif
| #endif
| #ifdef HAVE_STRING_H
| # if !defined STDC_HEADERS && defined HAVE_MEMORY_H
| #  include <memory.h>
| # endif
| # include <string.h>
| #endif
| #ifdef HAVE_STRINGS_H
| # include <strings.h>
| #endif
| #ifdef HAVE_INTTYPES_H
| # include <inttypes.h>
| #endif
| #ifdef HAVE_STDINT_H
| # include <stdint.h>
| #endif
| #ifdef HAVE_UNISTD_H
| # include <unistd.h>
| #endif
| #include <rpm/header.h>
configure:6827: result: no
configure:6827: checking rpm/header.h presence
configure:6827: gcc -E  conftest.c
conftest.c:29:10: fatal error: rpm/header.h: No such file or directory
 #include <rpm/header.h>
          ^~~~~~~~~~~~~~
compilation terminated.
configure:6827: $? = 1
configure: failed program was:
| /* confdefs.h */
| #define PACKAGE_NAME "swbis"
| #define PACKAGE_TARNAME "swbis"
| #define PACKAGE_VERSION "1.9"
| #define PACKAGE_STRING "swbis 1.9"
| #define PACKAGE_BUGREPORT "bug-swbis@gnu.org"
| #define PACKAGE_URL ""
| #define PACKAGE "swbis"
| #define VERSION "1.9"
| #define STDC_HEADERS 1
| #define HAVE_SYS_TYPES_H 1
| #define HAVE_SYS_STAT_H 1
| #define HAVE_STDLIB_H 1
| #define HAVE_STRING_H 1
| #define HAVE_MEMORY_H 1
| #define HAVE_STRINGS_H 1
| #define HAVE_INTTYPES_H 1
| #define HAVE_STDINT_H 1
| #define HAVE_UNISTD_H 1
| #define __EXTENSIONS__ 1
| #define _ALL_SOURCE 1
| #define _GNU_SOURCE 1
| #define _POSIX_PTHREAD_SEMANTICS 1
| #define _TANDEM_SOURCE 1
| #define STDC_HEADERS 1
| #define RETSIGTYPE void
| #define HAVE_ERROR_H 1
| /* end confdefs.h.  */
| #include <rpm/header.h>
configure:6827: result: no
configure:6827: checking for rpm/header.h
configure:6827: result: no
configure:6827: checking rpm/rpmlib.h usability
configure:6827: gcc -c -g -O2  conftest.c >&5
conftest.c:62:10: fatal error: rpm/rpmlib.h: No such file or directory
 #include <rpm/rpmlib.h>
          ^~~~~~~~~~~~~~
compilation terminated.
configure:6827: $? = 1
configure: failed program was:
| /* confdefs.h */
| #define PACKAGE_NAME "swbis"
| #define PACKAGE_TARNAME "swbis"
| #define PACKAGE_VERSION "1.9"
| #define PACKAGE_STRING "swbis 1.9"
| #define PACKAGE_BUGREPORT "bug-swbis@gnu.org"
| #define PACKAGE_URL ""
| #define PACKAGE "swbis"
| #define VERSION "1.9"
| #define STDC_HEADERS 1
| #define HAVE_SYS_TYPES_H 1
| #define HAVE_SYS_STAT_H 1
| #define HAVE_STDLIB_H 1
| #define HAVE_STRING_H 1
| #define HAVE_MEMORY_H 1
| #define HAVE_STRINGS_H 1
| #define HAVE_INTTYPES_H 1
| #define HAVE_STDINT_H 1
| #define HAVE_UNISTD_H 1
| #define __EXTENSIONS__ 1
| #define _ALL_SOURCE 1
| #define _GNU_SOURCE 1
| #define _POSIX_PTHREAD_SEMANTICS 1
| #define _TANDEM_SOURCE 1
| #define STDC_HEADERS 1
| #define RETSIGTYPE void
| #define HAVE_ERROR_H 1
| /* end confdefs.h.  */
| #include <stdio.h>
| #ifdef HAVE_SYS_TYPES_H
| # include <sys/types.h>
| #endif
| #ifdef HAVE_SYS_STAT_H
| # include <sys/stat.h>
| #endif
| #ifdef STDC_HEADERS
| # include <stdlib.h>
| # include <stddef.h>
| #else
| # ifdef HAVE_STDLIB_H
| #  include <stdlib.h>
| # endif
| #endif
| #ifdef HAVE_STRING_H
| # if !defined STDC_HEADERS && defined HAVE_MEMORY_H
| #  include <memory.h>
| # endif
| # include <string.h>
| #endif
| #ifdef HAVE_STRINGS_H
| # include <strings.h>
| #endif
| #ifdef HAVE_INTTYPES_H
| # include <inttypes.h>
| #endif
| #ifdef HAVE_STDINT_H
| # include <stdint.h>
| #endif
| #ifdef HAVE_UNISTD_H
| # include <unistd.h>
| #endif
| #include <rpm/rpmlib.h>
configure:6827: result: no
configure:6827: checking rpm/rpmlib.h presence
configure:6827: gcc -E  conftest.c
conftest.c:29:10: fatal error: rpm/rpmlib.h: No such file or directory
 #include <rpm/rpmlib.h>
          ^~~~~~~~~~~~~~
compilation terminated.
configure:6827: $? = 1
configure: failed program was:
| /* confdefs.h */
| #define PACKAGE_NAME "swbis"
| #define PACKAGE_TARNAME "swbis"
| #define PACKAGE_VERSION "1.9"
| #define PACKAGE_STRING "swbis 1.9"
| #define PACKAGE_BUGREPORT "bug-swbis@gnu.org"
| #define PACKAGE_URL ""
| #define PACKAGE "swbis"
| #define VERSION "1.9"
| #define STDC_HEADERS 1
| #define HAVE_SYS_TYPES_H 1
| #define HAVE_SYS_STAT_H 1
| #define HAVE_STDLIB_H 1
| #define HAVE_STRING_H 1
| #define HAVE_MEMORY_H 1
| #define HAVE_STRINGS_H 1
| #define HAVE_INTTYPES_H 1
| #define HAVE_STDINT_H 1
| #define HAVE_UNISTD_H 1
| #define __EXTENSIONS__ 1
| #define _ALL_SOURCE 1
| #define _GNU_SOURCE 1
| #define _POSIX_PTHREAD_SEMANTICS 1
| #define _TANDEM_SOURCE 1
| #define STDC_HEADERS 1
| #define RETSIGTYPE void
| #define HAVE_ERROR_H 1
| /* end confdefs.h.  */
| #include <rpm/rpmlib.h>
configure:6827: result: no
configure:6827: checking for rpm/rpmlib.h
configure:6827: result: no
configure:6827: checking popt.h usability
configure:6827: gcc -c -g -O2  conftest.c >&5
conftest.c:62:10: fatal error: popt.h: No such file or directory
 #include <popt.h>
          ^~~~~~~~
compilation terminated.
configure:6827: $? = 1
configure: failed program was:
| /* confdefs.h */
| #define PACKAGE_NAME "swbis"
| #define PACKAGE_TARNAME "swbis"
| #define PACKAGE_VERSION "1.9"
| #define PACKAGE_STRING "swbis 1.9"
| #define PACKAGE_BUGREPORT "bug-swbis@gnu.org"
| #define PACKAGE_URL ""
| #define PACKAGE "swbis"
| #define VERSION "1.9"
| #define STDC_HEADERS 1
| #define HAVE_SYS_TYPES_H 1
| #define HAVE_SYS_STAT_H 1
| #define HAVE_STDLIB_H 1
| #define HAVE_STRING_H 1
| #define HAVE_MEMORY_H 1
| #define HAVE_STRINGS_H 1
| #define HAVE_INTTYPES_H 1
| #define HAVE_STDINT_H 1
| #define HAVE_UNISTD_H 1
| #define __EXTENSIONS__ 1
| #define _ALL_SOURCE 1
| #define _GNU_SOURCE 1
| #define _POSIX_PTHREAD_SEMANTICS 1
| #define _TANDEM_SOURCE 1
| #define STDC_HEADERS 1
| #define RETSIGTYPE void
| #define HAVE_ERROR_H 1
| /* end confdefs.h.  */
| #include <stdio.h>
| #ifdef HAVE_SYS_TYPES_H
| # include <sys/types.h>
| #endif
| #ifdef HAVE_SYS_STAT_H
| # include <sys/stat.h>
| #endif
| #ifdef STDC_HEADERS
| # include <stdlib.h>
| # include <stddef.h>
| #else
| # ifdef HAVE_STDLIB_H
| #  include <stdlib.h>
| # endif
| #endif
| #ifdef HAVE_STRING_H
| # if !defined STDC_HEADERS && defined HAVE_MEMORY_H
| #  include <memory.h>
| # endif
| # include <string.h>
| #endif
| #ifdef HAVE_STRINGS_H
| # include <strings.h>
| #endif
| #ifdef HAVE_INTTYPES_H
| # include <inttypes.h>
| #endif
| #ifdef HAVE_STDINT_H
| # include <stdint.h>
| #endif
| #ifdef HAVE_UNISTD_H
| # include <unistd.h>
| #endif
| #include <popt.h>
configure:6827: result: no
configure:6827: checking popt.h presence
configure:6827: gcc -E  conftest.c
conftest.c:29:10: fatal error: popt.h: No such file or directory
 #include <popt.h>
          ^~~~~~~~
compilation terminated.
configure:6827: $? = 1
configure: failed program was:
| /* confdefs.h */
| #define PACKAGE_NAME "swbis"
| #define PACKAGE_TARNAME "swbis"
| #define PACKAGE_VERSION "1.9"
| #define PACKAGE_STRING "swbis 1.9"
| #define PACKAGE_BUGREPORT "bug-swbis@gnu.org"
| #define PACKAGE_URL ""
| #define PACKAGE "swbis"
| #define VERSION "1.9"
| #define STDC_HEADERS 1
| #define HAVE_SYS_TYPES_H 1
| #define HAVE_SYS_STAT_H 1
| #define HAVE_STDLIB_H 1
| #define HAVE_STRING_H 1
| #define HAVE_MEMORY_H 1
| #define HAVE_STRINGS_H 1
| #define HAVE_INTTYPES_H 1
| #define HAVE_STDINT_H 1
| #define HAVE_UNISTD_H 1
| #define __EXTENSIONS__ 1
| #define _ALL_SOURCE 1
| #define _GNU_SOURCE 1
| #define _POSIX_PTHREAD_SEMANTICS 1
| #define _TANDEM_SOURCE 1
| #define STDC_HEADERS 1
| #define RETSIGTYPE void
| #define HAVE_ERROR_H 1
| /* end confdefs.h.  */
| #include <popt.h>
configure:6827: result: no
configure:6827: checking for popt.h
configure:6827: result: no
configure:6841: checking for unistd.h
configure:6841: result: yes
configure:6841: checking termios.h usability
configure:6841: gcc -c -g -O2  conftest.c >&5
configure:6841: $? = 0
configure:6841: result: yes
configure:6841: checking termios.h presence
configure:6841: gcc -E  conftest.c
configure:6841: $? = 0
configure:6841: result: yes
configure:6841: checking for termios.h
configure:6841: result: yes
configure:6841: checking termio.h usability
configure:6841: gcc -c -g -O2  conftest.c >&5
configure:6841: $? = 0
configure:6841: result: yes
configure:6841: checking termio.h presence
configure:6841: gcc -E  conftest.c
configure:6841: $? = 0
configure:6841: result: yes
configure:6841: checking for termio.h
configure:6841: result: yes
configure:6841: checking sgtty.h usability
configure:6841: gcc -c -g -O2  conftest.c >&5
configure:6841: $? = 0
configure:6841: result: yes
configure:6841: checking sgtty.h presence
configure:6841: gcc -E  conftest.c
configure:6841: $? = 0
configure:6841: result: yes
configure:6841: checking for sgtty.h
configure:6841: result: yes
configure:6841: checking stdarg.h usability
configure:6841: gcc -c -g -O2  conftest.c >&5
configure:6841: $? = 0
configure:6841: result: yes
configure:6841: checking stdarg.h presence
configure:6841: gcc -E  conftest.c
configure:6841: $? = 0
configure:6841: result: yes
configure:6841: checking for stdarg.h
configure:6841: result: yes
configure:6841: checking getopt.h usability
configure:6841: gcc -c -g -O2  conftest.c >&5
configure:6841: $? = 0
configure:6841: result: yes
configure:6841: checking getopt.h presence
configure:6841: gcc -E  conftest.c
configure:6841: $? = 0
configure:6841: result: yes
configure:6841: checking for getopt.h
configure:6841: result: yes
configure:6855: checking fcntl.h usability
configure:6855: gcc -c -g -O2  conftest.c >&5
configure:6855: $? = 0
configure:6855: result: yes
configure:6855: checking fcntl.h presence
configure:6855: gcc -E  conftest.c
configure:6855: $? = 0
configure:6855: result: yes
configure:6855: checking for fcntl.h
configure:6855: result: yes
configure:6855: checking sys/fcntl.h usability
configure:6855: gcc -c -g -O2  conftest.c >&5
configure:6855: $? = 0
configure:6855: result: yes
configure:6855: checking sys/fcntl.h presence
configure:6855: gcc -E  conftest.c
configure:6855: $? = 0
configure:6855: result: yes
configure:6855: checking for sys/fcntl.h
configure:6855: result: yes
configure:6855: checking sys/wait.h usability
configure:6855: gcc -c -g -O2  conftest.c >&5
configure:6855: $? = 0
configure:6855: result: yes
configure:6855: checking sys/wait.h presence
configure:6855: gcc -E  conftest.c
configure:6855: $? = 0
configure:6855: result: yes
configure:6855: checking for sys/wait.h
configure:6855: result: yes
configure:7019: checking for waitpid
configure:7019: gcc -o conftest -g -O2   conftest.c  >&5
configure:7019: $? = 0
configure:7019: result: yes
configure:7019: checking for wait3
configure:7019: gcc -o conftest -g -O2   conftest.c  >&5
configure:7019: $? = 0
configure:7019: result: yes
configure:7029: checking for union wait
configure:7054: gcc -o conftest -g -O2   conftest.c  >&5
conftest.c: In function 'main':
conftest.c:49:12: error: storage size of 'status' isn't known
 union wait status; int pid; pid = wait (&status);
            ^~~~~~
configure:7054: $? = 1
configure: failed program was:
| /* confdefs.h */
| #define PACKAGE_NAME "swbis"
| #define PACKAGE_TARNAME "swbis"
| #define PACKAGE_VERSION "1.9"
| #define PACKAGE_STRING "swbis 1.9"
| #define PACKAGE_BUGREPORT "bug-swbis@gnu.org"
| #define PACKAGE_URL ""
| #define PACKAGE "swbis"
| #define VERSION "1.9"
| #define STDC_HEADERS 1
| #define HAVE_SYS_TYPES_H 1
| #define HAVE_SYS_STAT_H 1
| #define HAVE_STDLIB_H 1
| #define HAVE_STRING_H 1
| #define HAVE_MEMORY_H 1
| #define HAVE_STRINGS_H 1
| #define HAVE_INTTYPES_H 1
| #define HAVE_STDINT_H 1
| #define HAVE_UNISTD_H 1
| #define __EXTENSIONS__ 1
| #define _ALL_SOURCE 1
| #define _GNU_SOURCE 1
| #define _POSIX_PTHREAD_SEMANTICS 1
| #define _TANDEM_SOURCE 1
| #define STDC_HEADERS 1
| #define RETSIGTYPE void
| #define HAVE_ERROR_H 1
| #define HAVE_UNISTD_H 1
| #define HAVE_TERMIOS_H 1
| #define HAVE_TERMIO_H 1
| #define HAVE_SGTTY_H 1
| #define HAVE_STDARG_H 1
| #define HAVE_GETOPT_H 1
| #define HAVE_FCNTL_H 1
| #define HAVE_SYS_FCNTL_H 1
| #define HAVE_SYS_WAIT_H 1
| #define HAVE_SSTREAM /**/
| #define HAVE_IOSTREAM /**/
| #define HAVE_ISTREAM /**/
| #define HAVE_OSTREAM /**/
| #define HAVE_WAITPID 1
| #define HAVE_WAIT3 1
| /* end confdefs.h.  */
| #include <sys/types.h>
| #include <sys/wait.h>
| int
| main ()
| {
| union wait status; int pid; pid = wait (&status);
| #ifdef WEXITSTATUS
| /* Some POSIXoid systems have both the new-style macros and the old
|    union wait type, and they do not work together.  If union wait
|    conflicts with WEXITSTATUS et al, we don't want to use it at all.  */
| if (WEXITSTATUS (status) != 0) pid = -1;
| #endif
| #ifdef HAVE_WAITPID
| /* Make sure union wait works with waitpid.  */
| pid = waitpid (-1, &status, 0);
| #endif
| 
|   ;
|   return 0;
| }
configure:7060: result: no
configure:7066: checking for an ANSI C-conforming const
configure:7131: gcc -c -g -O2  conftest.c >&5
configure:7131: $? = 0
configure:7138: result: yes
configure:7146: checking for main in -lrt
configure:7165: gcc -o conftest -g -O2   conftest.c -lrt   >&5
configure:7165: $? = 0
configure:7174: result: yes
configure:7268: checking stdio_ext.h usability
configure:7268: gcc -c -W -Wall -Wno-unused -g -O2  conftest.c >&5
configure:7268: $? = 0
configure:7268: result: yes
configure:7268: checking stdio_ext.h presence
configure:7268: gcc -E  conftest.c
configure:7268: $? = 0
configure:7268: result: yes
configure:7268: checking for stdio_ext.h
configure:7268: result: yes
configure:7280: checking for __fpending
configure:7280: gcc -o conftest -W -Wall -Wno-unused -g -O2   conftest.c  >&5
configure:7280: $? = 0
configure:7280: result: yes
configure:7302: checking whether __fpending is declared
configure:7302: gcc -c -W -Wall -Wno-unused -g -O2  conftest.c >&5
configure:7302: $? = 0
configure:7302: result: yes
configure:7392: checking for long long int
configure:7415: gcc -o conftest -W -Wall -Wno-unused -g -O2   conftest.c  >&5
configure:7415: $? = 0
configure:7445: gcc -o conftest -W -Wall -Wno-unused -g -O2   conftest.c  >&5
configure:7445: $? = 0
configure:7445: ./conftest
configure:7445: $? = 0
configure:7460: result: yes
configure:7469: checking for unsigned long long int
configure:7506: gcc -o conftest -W -Wall -Wno-unused -g -O2   conftest.c  >&5
configure:7506: $? = 0
configure:7514: result: yes
configure:7528: checking for wchar.h
configure:7528: gcc -c -W -Wall -Wno-unused -g -O2  conftest.c >&5
configure:7528: $? = 0
configure:7528: result: yes
configure:7528: checking for stdint.h
configure:7528: result: yes
configure:7528: checking for inttypes.h
configure:7528: result: yes
configure:7584: checking absolute name of <stdint.h>
configure:7599: result: ///usr/lib/gcc/x86_64-linux-gnu/7/include/stdint.h
configure:7616: checking whether stdint.h conforms to C99
configure:7748: gcc -c -W -Wall -Wno-unused -g -O2  conftest.c >&5
configure:7748: $? = 0
configure:7753: result: yes
configure:7965: checking for inttypes.h
configure:7982: gcc -c -W -Wall -Wno-unused -g -O2  conftest.c >&5
configure:7982: $? = 0
configure:7989: result: yes
configure:8029: checking for inttypes.h
configure:8029: result: yes
configure:8040: checking whether the inttypes.h PRIxNN macros are broken
configure:8061: gcc -c -W -Wall -Wno-unused -g -O2  conftest.c >&5
configure:8061: $? = 0
configure:8069: result: no
configure:8084: checking whether imaxabs is declared
configure:8084: gcc -c -W -Wall -Wno-unused -g -O2  conftest.c >&5
configure:8084: $? = 0
configure:8084: result: yes
configure:8095: checking whether imaxdiv is declared
configure:8095: gcc -c -W -Wall -Wno-unused -g -O2  conftest.c >&5
configure:8095: $? = 0
configure:8095: result: yes
configure:8106: checking whether strtoimax is declared
configure:8106: gcc -c -W -Wall -Wno-unused -g -O2  conftest.c >&5
configure:8106: $? = 0
configure:8106: result: yes
configure:8117: checking whether strtoumax is declared
configure:8117: gcc -c -W -Wall -Wno-unused -g -O2  conftest.c >&5
configure:8117: $? = 0
configure:8117: result: yes
configure:8138: checking whether inttypes.h conforms to C99
configure:8260: gcc -c -W -Wall -Wno-unused -g -O2  conftest.c >&5
conftest.c:68:10: error: #include expects "FILENAME" or <FILENAME>
 #include ABSOLUTE_INTTYPES_H
          ^~~~~~~~~~~~~~~~~~~
conftest.c:100:3: error: 'PRIdLEAST8' undeclared here (not in a function)
   PRIdLEAST8 PRIiLEAST8 PRIoLEAST8 PRIuLEAST8 PRIxLEAST8 PRIXLEAST8
   ^~~~~~~~~~
conftest.c:100:14: error: expected ',' or ';' before 'PRIiLEAST8'
   PRIdLEAST8 PRIiLEAST8 PRIoLEAST8 PRIuLEAST8 PRIxLEAST8 PRIXLEAST8
              ^~~~~~~~~~
conftest.c:143:3: error: 'SCNdLEAST8' undeclared here (not in a function); did you mean 'PRIdLEAST8'?
   SCNdLEAST8 SCNiLEAST8 SCNoLEAST8 SCNuLEAST8 SCNxLEAST8
   ^~~~~~~~~~
   PRIdLEAST8
conftest.c:143:14: error: expected ',' or ';' before 'SCNiLEAST8'
   SCNdLEAST8 SCNiLEAST8 SCNoLEAST8 SCNuLEAST8 SCNxLEAST8
              ^~~~~~~~~~
configure:8260: $? = 1
configure: failed program was:
| /* confdefs.h */
| #define PACKAGE_NAME "swbis"
| #define PACKAGE_TARNAME "swbis"
| #define PACKAGE_VERSION "1.9"
| #define PACKAGE_STRING "swbis 1.9"
| #define PACKAGE_BUGREPORT "bug-swbis@gnu.org"
| #define PACKAGE_URL ""
| #define PACKAGE "swbis"
| #define VERSION "1.9"
| #define STDC_HEADERS 1
| #define HAVE_SYS_TYPES_H 1
| #define HAVE_SYS_STAT_H 1
| #define HAVE_STDLIB_H 1
| #define HAVE_STRING_H 1
| #define HAVE_MEMORY_H 1
| #define HAVE_STRINGS_H 1
| #define HAVE_INTTYPES_H 1
| #define HAVE_STDINT_H 1
| #define HAVE_UNISTD_H 1
| #define __EXTENSIONS__ 1
| #define _ALL_SOURCE 1
| #define _GNU_SOURCE 1
| #define _POSIX_PTHREAD_SEMANTICS 1
| #define _TANDEM_SOURCE 1
| #define STDC_HEADERS 1
| #define RETSIGTYPE void
| #define HAVE_ERROR_H 1
| #define HAVE_UNISTD_H 1
| #define HAVE_TERMIOS_H 1
| #define HAVE_TERMIO_H 1
| #define HAVE_SGTTY_H 1
| #define HAVE_STDARG_H 1
| #define HAVE_GETOPT_H 1
| #define HAVE_FCNTL_H 1
| #define HAVE_SYS_FCNTL_H 1
| #define HAVE_SYS_WAIT_H 1
| #define HAVE_SSTREAM /**/
| #define HAVE_IOSTREAM /**/
| #define HAVE_ISTREAM /**/
| #define HAVE_OSTREAM /**/
| #define HAVE_WAITPID 1
| #define HAVE_WAIT3 1
| #define HAVE_LIBRT 1
| #define HAVE_STDIO_EXT_H 1
| #define HAVE___FPENDING 1
| #define HAVE_DECL___FPENDING 1
| #define HAVE_LONG_LONG_INT 1
| #define HAVE_UNSIGNED_LONG_LONG_INT 1
| #define HAVE_WCHAR_H 1
| #define HAVE_STDINT_H 1
| #define HAVE_INTTYPES_H 1
| #define ABSOLUTE_STDINT_H "///usr/lib/gcc/x86_64-linux-gnu/7/include/stdint.h"
| #define HAVE_INTTYPES_H_WITH_UINTMAX 1
| #define HAVE_LONG_LONG 1
| #define HAVE_INTMAX_T 1
| #define HAVE_INTTYPES_H 1
| #define HAVE_DECL_IMAXABS 1
| #define HAVE_DECL_IMAXDIV 1
| #define HAVE_DECL_STRTOIMAX 1
| #define HAVE_DECL_STRTOUMAX 1
| /* end confdefs.h.  */
| 
| 
| #include <stddef.h>
| #define __STDC_LIMIT_MACROS 1 /* to make it work also in C++ mode */
| #define __STDC_CONSTANT_MACROS 1 /* to make it work also in C++ mode */
| #define __STDC_FORMAT_MACROS 1 /* to make it work also in C++ mode */
| #include ABSOLUTE_INTTYPES_H
| 
| /* No need to duplicate the tests of stdint.m4; they are subsumed by
|    yes = yes.  */
| 
| /* Tests for macros supposed to be defined in inttypes.h.  */
| 
| const char *k = /* implicit string concatenation */
| #ifdef INT8_MAX
|   PRId8 PRIi8
| #endif
| #ifdef UINT8_MAX
|   PRIo8 PRIu8 PRIx8 PRIX8
| #endif
| #ifdef INT16_MAX
|   PRId16 PRIi16
| #endif
| #ifdef UINT16_MAX
|   PRIo16 PRIu16 PRIx16 PRIX16
| #endif
| #ifdef INT32_MAX
|   PRId32 PRIi32
| #endif
| #ifdef UINT32_MAX
|   PRIo32 PRIu32 PRIx32 PRIX32
| #endif
| #ifdef INT64_MAX
|   PRId64 PRIi64
| #endif
| #ifdef UINT64_MAX
|   PRIo64 PRIu64 PRIx64 PRIX64
| #endif
|   PRIdLEAST8 PRIiLEAST8 PRIoLEAST8 PRIuLEAST8 PRIxLEAST8 PRIXLEAST8
|   PRIdLEAST16 PRIiLEAST16 PRIoLEAST16 PRIuLEAST16 PRIxLEAST16 PRIXLEAST16
|   PRIdLEAST32 PRIiLEAST32 PRIoLEAST32 PRIuLEAST32 PRIxLEAST32 PRIXLEAST32
|   PRIdLEAST64 PRIiLEAST64
|   PRIoLEAST64 PRIuLEAST64 PRIxLEAST64 PRIXLEAST64
|   PRIdFAST8 PRIiFAST8 PRIoFAST8 PRIuFAST8 PRIxFAST8 PRIXFAST8
|   PRIdFAST16 PRIiFAST16 PRIoFAST16 PRIuFAST16 PRIxFAST16 PRIXFAST16
|   PRIdFAST32 PRIiFAST32 PRIoFAST32 PRIuFAST32 PRIxFAST32 PRIXFAST32
|   PRIdFAST64 PRIiFAST64
|   PRIoFAST64 PRIuFAST64 PRIxFAST64 PRIXFAST64
|   PRIdMAX PRIiMAX PRIoMAX PRIuMAX PRIxMAX PRIXMAX
| #ifdef INTPTR_MAX
|   PRIdPTR PRIiPTR
| #endif
| #ifdef UINTPTR_MAX
|   PRIoPTR PRIuPTR PRIxPTR PRIXPTR
| #endif
|   ;
| const char *l = /* implicit string concatenation */
| #ifdef INT8_MAX
|   SCNd8 SCNi8
| #endif
| #ifdef UINT8_MAX
|   SCNo8 SCNu8 SCNx8
| #endif
| #ifdef INT16_MAX
|   SCNd16 SCNi16
| #endif
| #ifdef UINT16_MAX
|   SCNo16 SCNu16 SCNx16
| #endif
| #ifdef INT32_MAX
|   SCNd32 SCNi32
| #endif
| #ifdef UINT32_MAX
|   SCNo32 SCNu32 SCNx32
| #endif
| #ifdef INT64_MAX
|   SCNd64 SCNi64
| #endif
| #ifdef UINT64_MAX
|   SCNo64 SCNu64 SCNx64
| #endif
|   SCNdLEAST8 SCNiLEAST8 SCNoLEAST8 SCNuLEAST8 SCNxLEAST8
|   SCNdLEAST16 SCNiLEAST16 SCNoLEAST16 SCNuLEAST16 SCNxLEAST16
|   SCNdLEAST32 SCNiLEAST32 SCNoLEAST32 SCNuLEAST32 SCNxLEAST32
|   SCNdLEAST64 SCNiLEAST64
|   SCNoLEAST64 SCNuLEAST64 SCNxLEAST64
|   SCNdFAST8 SCNiFAST8 SCNoFAST8 SCNuFAST8 SCNxFAST8
|   SCNdFAST16 SCNiFAST16 SCNoFAST16 SCNuFAST16 SCNxFAST16
|   SCNdFAST32 SCNiFAST32 SCNoFAST32 SCNuFAST32 SCNxFAST32
|   SCNdFAST64 SCNiFAST64
|   SCNoFAST64 SCNuFAST64 SCNxFAST64
|   SCNdMAX SCNiMAX SCNoMAX SCNuMAX SCNxMAX
| #ifdef INTPTR_MAX
|   SCNdPTR SCNiPTR
| #endif
| #ifdef UINTPTR_MAX
|   SCNoPTR SCNuPTR SCNxPTR
| #endif
|   ;
| 
| int
| main ()
| {
| 
|   ;
|   return 0;
| }
configure:8266: result: no
configure:8273: checking absolute name of <inttypes.h>
configure:8288: result: ///usr/include/inttypes.h
configure:8325: gcc -c -W -Wall -Wno-unused -g -O2  conftest.c >&5
conftest.c:65:25: error: conflicting types for 'foo'
              extern int foo;
                         ^~~
conftest.c:64:30: note: previous declaration of 'foo' was here
              extern intptr_t foo;
                              ^~~
configure:8325: $? = 1
configure: failed program was:
| /* confdefs.h */
| #define PACKAGE_NAME "swbis"
| #define PACKAGE_TARNAME "swbis"
| #define PACKAGE_VERSION "1.9"
| #define PACKAGE_STRING "swbis 1.9"
| #define PACKAGE_BUGREPORT "bug-swbis@gnu.org"
| #define PACKAGE_URL ""
| #define PACKAGE "swbis"
| #define VERSION "1.9"
| #define STDC_HEADERS 1
| #define HAVE_SYS_TYPES_H 1
| #define HAVE_SYS_STAT_H 1
| #define HAVE_STDLIB_H 1
| #define HAVE_STRING_H 1
| #define HAVE_MEMORY_H 1
| #define HAVE_STRINGS_H 1
| #define HAVE_INTTYPES_H 1
| #define HAVE_STDINT_H 1
| #define HAVE_UNISTD_H 1
| #define __EXTENSIONS__ 1
| #define _ALL_SOURCE 1
| #define _GNU_SOURCE 1
| #define _POSIX_PTHREAD_SEMANTICS 1
| #define _TANDEM_SOURCE 1
| #define STDC_HEADERS 1
| #define RETSIGTYPE void
| #define HAVE_ERROR_H 1
| #define HAVE_UNISTD_H 1
| #define HAVE_TERMIOS_H 1
| #define HAVE_TERMIO_H 1
| #define HAVE_SGTTY_H 1
| #define HAVE_STDARG_H 1
| #define HAVE_GETOPT_H 1
| #define HAVE_FCNTL_H 1
| #define HAVE_SYS_FCNTL_H 1
| #define HAVE_SYS_WAIT_H 1
| #define HAVE_SSTREAM /**/
| #define HAVE_IOSTREAM /**/
| #define HAVE_ISTREAM /**/
| #define HAVE_OSTREAM /**/
| #define HAVE_WAITPID 1
| #define HAVE_WAIT3 1
| #define HAVE_LIBRT 1
| #define HAVE_STDIO_EXT_H 1
| #define HAVE___FPENDING 1
| #define HAVE_DECL___FPENDING 1
| #define HAVE_LONG_LONG_INT 1
| #define HAVE_UNSIGNED_LONG_LONG_INT 1
| #define HAVE_WCHAR_H 1
| #define HAVE_STDINT_H 1
| #define HAVE_INTTYPES_H 1
| #define ABSOLUTE_STDINT_H "///usr/lib/gcc/x86_64-linux-gnu/7/include/stdint.h"
| #define HAVE_INTTYPES_H_WITH_UINTMAX 1
| #define HAVE_LONG_LONG 1
| #define HAVE_INTMAX_T 1
| #define HAVE_INTTYPES_H 1
| #define HAVE_DECL_IMAXABS 1
| #define HAVE_DECL_IMAXDIV 1
| #define HAVE_DECL_STRTOIMAX 1
| #define HAVE_DECL_STRTOUMAX 1
| #define ABSOLUTE_INTTYPES_H "///usr/include/inttypes.h"
| /* end confdefs.h.  */
| #include <stdint.h>
|              extern intptr_t foo;
|              extern int foo;
| int
| main ()
| {
| 
|   ;
|   return 0;
| }
configure:8325: gcc -c -W -Wall -Wno-unused -g -O2  conftest.c >&5
configure:8325: $? = 0
configure:8367: checking for inttypes.h
configure:8391: result: yes
configure:8425: checking for tcsetattr
configure:8425: gcc -o conftest -W -Wall -Wno-unused -g -O2   conftest.c  >&5
configure:8425: $? = 0
configure:8425: result: yes
configure:8425: checking for stty
configure:8425: gcc -o conftest -W -Wall -Wno-unused -g -O2   conftest.c  >&5
conftest.c:93:1: error: unknown type name 'choke'
 choke me
 ^~~~~
conftest.c:96:1: error: expected '=', ',', ';', 'asm' or '__attribute__' before 'int'
 int
 ^~~
configure:8425: $? = 1
configure: failed program was:
| /* confdefs.h */
| #define PACKAGE_NAME "swbis"
| #define PACKAGE_TARNAME "swbis"
| #define PACKAGE_VERSION "1.9"
| #define PACKAGE_STRING "swbis 1.9"
| #define PACKAGE_BUGREPORT "bug-swbis@gnu.org"
| #define PACKAGE_URL ""
| #define PACKAGE "swbis"
| #define VERSION "1.9"
| #define STDC_HEADERS 1
| #define HAVE_SYS_TYPES_H 1
| #define HAVE_SYS_STAT_H 1
| #define HAVE_STDLIB_H 1
| #define HAVE_STRING_H 1
| #define HAVE_MEMORY_H 1
| #define HAVE_STRINGS_H 1
| #define HAVE_INTTYPES_H 1
| #define HAVE_STDINT_H 1
| #define HAVE_UNISTD_H 1
| #define __EXTENSIONS__ 1
| #define _ALL_SOURCE 1
| #define _GNU_SOURCE 1
| #define _POSIX_PTHREAD_SEMANTICS 1
| #define _TANDEM_SOURCE 1
| #define STDC_HEADERS 1
| #define RETSIGTYPE void
| #define HAVE_ERROR_H 1
| #define HAVE_UNISTD_H 1
| #define HAVE_TERMIOS_H 1
| #define HAVE_TERMIO_H 1
| #define HAVE_SGTTY_H 1
| #define HAVE_STDARG_H 1
| #define HAVE_GETOPT_H 1
| #define HAVE_FCNTL_H 1
| #define HAVE_SYS_FCNTL_H 1
| #define HAVE_SYS_WAIT_H 1
| #define HAVE_SSTREAM /**/
| #define HAVE_IOSTREAM /**/
| #define HAVE_ISTREAM /**/
| #define HAVE_OSTREAM /**/
| #define HAVE_WAITPID 1
| #define HAVE_WAIT3 1
| #define HAVE_LIBRT 1
| #define HAVE_STDIO_EXT_H 1
| #define HAVE___FPENDING 1
| #define HAVE_DECL___FPENDING 1
| #define HAVE_LONG_LONG_INT 1
| #define HAVE_UNSIGNED_LONG_LONG_INT 1
| #define HAVE_WCHAR_H 1
| #define HAVE_STDINT_H 1
| #define HAVE_INTTYPES_H 1
| #define ABSOLUTE_STDINT_H "///usr/lib/gcc/x86_64-linux-gnu/7/include/stdint.h"
| #define HAVE_INTTYPES_H_WITH_UINTMAX 1
| #define HAVE_LONG_LONG 1
| #define HAVE_INTMAX_T 1
| #define HAVE_INTTYPES_H 1
| #define HAVE_DECL_IMAXABS 1
| #define HAVE_DECL_IMAXDIV 1
| #define HAVE_DECL_STRTOIMAX 1
| #define HAVE_DECL_STRTOUMAX 1
| #define ABSOLUTE_INTTYPES_H "///usr/include/inttypes.h"
| #define HAVE_INTTYPES_H_WITH_UINTMAX 1
| #define HAVE_TCSETATTR 1
| /* end confdefs.h.  */
| /* Define stty to an innocuous variant, in case <limits.h> declares stty.
|    For example, HP-UX 11i <limits.h> declares gettimeofday.  */
| #define stty innocuous_stty
| 
| /* System header to define __stub macros and hopefully few prototypes,
|     which can conflict with char stty (); below.
|     Prefer <limits.h> to <assert.h> if __STDC__ is defined, since
|     <limits.h> exists even on freestanding compilers.  */
| 
| #ifdef __STDC__
| # include <limits.h>
| #else
| # include <assert.h>
| #endif
| 
| #undef stty
| 
| /* Override any GCC internal prototype to avoid an error.
|    Use char because int might match the return type of a GCC
|    builtin and then its argument prototype would still apply.  */
| #ifdef __cplusplus
| extern "C"
| #endif
| char stty ();
| /* The GNU C library defines this for functions which it implements
|     to always fail with ENOSYS.  Some functions are actually named
|     something starting with __ and the normal name is an alias.  */
| #if defined __stub_stty || defined __stub___stty
| choke me
| #endif
| 
| int
| main ()
| {
| return stty ();
|   ;
|   return 0;
| }
configure:8425: result: no
configure:8425: checking for setsid
configure:8425: gcc -o conftest -W -Wall -Wno-unused -g -O2   conftest.c  >&5
configure:8425: $? = 0
configure:8425: result: yes
configure:8425: checking for geteuid
configure:8425: gcc -o conftest -W -Wall -Wno-unused -g -O2   conftest.c  >&5
configure:8425: $? = 0
configure:8425: result: yes
configure:8425: checking for seteuid
configure:8425: gcc -o conftest -W -Wall -Wno-unused -g -O2   conftest.c  >&5
configure:8425: $? = 0
configure:8425: result: yes
configure:8425: checking for snprintf
configure:8425: gcc -o conftest -W -Wall -Wno-unused -g -O2   conftest.c  >&5
conftest.c:91:6: warning: conflicting types for built-in function 'snprintf' [-Wbuiltin-declaration-mismatch]
 char snprintf ();
      ^~~~~~~~
configure:8425: $? = 0
configure:8425: result: yes
configure:8425: checking for vprintf
configure:8425: gcc -o conftest -W -Wall -Wno-unused -g -O2   conftest.c  >&5
conftest.c:92:6: warning: conflicting types for built-in function 'vprintf' [-Wbuiltin-declaration-mismatch]
 char vprintf ();
      ^~~~~~~
configure:8425: $? = 0
configure:8425: result: yes
configure:8425: checking for vsnprintf
configure:8425: gcc -o conftest -W -Wall -Wno-unused -g -O2   conftest.c  >&5
conftest.c:93:6: warning: conflicting types for built-in function 'vsnprintf' [-Wbuiltin-declaration-mismatch]
 char vsnprintf ();
      ^~~~~~~~~
configure:8425: $? = 0
configure:8425: result: yes
configure:8425: checking for vsyslog
configure:8425: gcc -o conftest -W -Wall -Wno-unused -g -O2   conftest.c  >&5
configure:8425: $? = 0
configure:8425: result: yes
configure:8425: checking for getopt_long
configure:8425: gcc -o conftest -W -Wall -Wno-unused -g -O2   conftest.c  >&5
configure:8425: $? = 0
configure:8425: result: yes
configure:8425: checking for openpty
configure:8425: gcc -o conftest -W -Wall -Wno-unused -g -O2   conftest.c  >&5
/tmp/cc96GFwh.o: In function `main':
/home/carolhanna/Security_Project/gnu_dataset/swbis-1.9/conftest.c:107: undefined reference to `openpty'
collect2: error: ld returned 1 exit status
configure:8425: $? = 1
configure: failed program was:
| /* confdefs.h */
| #define PACKAGE_NAME "swbis"
| #define PACKAGE_TARNAME "swbis"
| #define PACKAGE_VERSION "1.9"
| #define PACKAGE_STRING "swbis 1.9"
| #define PACKAGE_BUGREPORT "bug-swbis@gnu.org"
| #define PACKAGE_URL ""
| #define PACKAGE "swbis"
| #define VERSION "1.9"
| #define STDC_HEADERS 1
| #define HAVE_SYS_TYPES_H 1
| #define HAVE_SYS_STAT_H 1
| #define HAVE_STDLIB_H 1
| #define HAVE_STRING_H 1
| #define HAVE_MEMORY_H 1
| #define HAVE_STRINGS_H 1
| #define HAVE_INTTYPES_H 1
| #define HAVE_STDINT_H 1
| #define HAVE_UNISTD_H 1
| #define __EXTENSIONS__ 1
| #define _ALL_SOURCE 1
| #define _GNU_SOURCE 1
| #define _POSIX_PTHREAD_SEMANTICS 1
| #define _TANDEM_SOURCE 1
| #define STDC_HEADERS 1
| #define RETSIGTYPE void
| #define HAVE_ERROR_H 1
| #define HAVE_UNISTD_H 1
| #define HAVE_TERMIOS_H 1
| #define HAVE_TERMIO_H 1
| #define HAVE_SGTTY_H 1
| #define HAVE_STDARG_H 1
| #define HAVE_GETOPT_H 1
| #define HAVE_FCNTL_H 1
| #define HAVE_SYS_FCNTL_H 1
| #define HAVE_SYS_WAIT_H 1
| #define HAVE_SSTREAM /**/
| #define HAVE_IOSTREAM /**/
| #define HAVE_ISTREAM /**/
| #define HAVE_OSTREAM /**/
| #define HAVE_WAITPID 1
| #define HAVE_WAIT3 1
| #define HAVE_LIBRT 1
| #define HAVE_STDIO_EXT_H 1
| #define HAVE___FPENDING 1
| #define HAVE_DECL___FPENDING 1
| #define HAVE_LONG_LONG_INT 1
| #define HAVE_UNSIGNED_LONG_LONG_INT 1
| #define HAVE_WCHAR_H 1
| #define HAVE_STDINT_H 1
| #define HAVE_INTTYPES_H 1
| #define ABSOLUTE_STDINT_H "///usr/lib/gcc/x86_64-linux-gnu/7/include/stdint.h"
| #define HAVE_INTTYPES_H_WITH_UINTMAX 1
| #define HAVE_LONG_LONG 1
| #define HAVE_INTMAX_T 1
| #define HAVE_INTTYPES_H 1
| #define HAVE_DECL_IMAXABS 1
| #define HAVE_DECL_IMAXDIV 1
| #define HAVE_DECL_STRTOIMAX 1
| #define HAVE_DECL_STRTOUMAX 1
| #define ABSOLUTE_INTTYPES_H "///usr/include/inttypes.h"
| #define HAVE_INTTYPES_H_WITH_UINTMAX 1
| #define HAVE_TCSETATTR 1
| #define HAVE_SETSID 1
| #define HAVE_GETEUID 1
| #define HAVE_SETEUID 1
| #define HAVE_SNPRINTF 1
| #define HAVE_VPRINTF 1
| #define HAVE_VSNPRINTF 1
| #define HAVE_VSYSLOG 1
| #define HAVE_GETOPT_LONG 1
| /* end confdefs.h.  */
| /* Define openpty to an innocuous variant, in case <limits.h> declares openpty.
|    For example, HP-UX 11i <limits.h> declares gettimeofday.  */
| #define openpty innocuous_openpty
| 
| /* System header to define __stub macros and hopefully few prototypes,
|     which can conflict with char openpty (); below.
|     Prefer <limits.h> to <assert.h> if __STDC__ is defined, since
|     <limits.h> exists even on freestanding compilers.  */
| 
| #ifdef __STDC__
| # include <limits.h>
| #else
| # include <assert.h>
| #endif
| 
| #undef openpty
| 
| /* Override any GCC internal prototype to avoid an error.
|    Use char because int might match the return type of a GCC
|    builtin and then its argument prototype would still apply.  */
| #ifdef __cplusplus
| extern "C"
| #endif
| char openpty ();
| /* The GNU C library defines this for functions which it implements
|     to always fail with ENOSYS.  Some functions are actually named
|     something starting with __ and the normal name is an alias.  */
| #if defined __stub_openpty || defined __stub___openpty
| choke me
| #endif
| 
| int
| main ()
| {
| return openpty ();
|   ;
|   return 0;
| }
configure:8425: result: no
configure:8598: creating ./config.status

## ---------------------- ##
## Running config.status. ##
## ---------------------- ##

This file was extended by swbis config.status 1.9, which was
generated by GNU Autoconf 2.65.  Invocation command line was

  CONFIG_FILES    = 
  CONFIG_HEADERS  = 
  CONFIG_LINKS    = 
  CONFIG_COMMANDS = 
  $ ./config.status 

on rishon

config.status:982: creating Makefile
config.status:982: creating Makefile.inc
config.status:982: creating doc/Makefile
config.status:1090: WARNING:  'doc/Makefile.in' seems to ignore the --datarootdir setting
config.status:982: creating swprogs/Makefile
config.status:1090: WARNING:  'swprogs/Makefile.in' seems to ignore the --datarootdir setting
config.status:982: creating tests/devel/Makefile
config.status:982: creating tests/devel/Makefile.inc
config.status:982: creating config.h
config.status:1154: config.h is unchanged
config.status:1202: executing depfiles commands
configure:9981: === configuring in swsupplib (/home/carolhanna/Security_Project/gnu_dataset/swbis-1.9/swsupplib)
configure:10044: running /bin/bash ./configure --disable-option-checking '--prefix=/usr/local'  --cache-file=/dev/null --srcdir=.
configure:9981: === configuring in swstructlib (/home/carolhanna/Security_Project/gnu_dataset/swbis-1.9/swstructlib)
configure:10044: running /bin/bash ./configure --disable-option-checking '--prefix=/usr/local'  --cache-file=/dev/null --srcdir=.

## ---------------- ##
## Cache variables. ##
## ---------------- ##

ac_cv_build=x86_64-unknown-linux-gnu
ac_cv_c_compiler_gnu=yes
ac_cv_c_const=yes
ac_cv_cxx_compiler_gnu=yes
ac_cv_env_CCC_set=
ac_cv_env_CCC_value=
ac_cv_env_CC_set=
ac_cv_env_CC_value=
ac_cv_env_CFLAGS_set=
ac_cv_env_CFLAGS_value=
ac_cv_env_CPPFLAGS_set=
ac_cv_env_CPPFLAGS_value=
ac_cv_env_CPP_set=
ac_cv_env_CPP_value=
ac_cv_env_CXXFLAGS_set=
ac_cv_env_CXXFLAGS_value=
ac_cv_env_CXX_set=
ac_cv_env_CXX_value=
ac_cv_env_LDFLAGS_set=
ac_cv_env_LDFLAGS_value=
ac_cv_env_LIBS_set=
ac_cv_env_LIBS_value=
ac_cv_env_YACC_set=
ac_cv_env_YACC_value=
ac_cv_env_YFLAGS_set=
ac_cv_env_YFLAGS_value=
ac_cv_env_build_alias_set=
ac_cv_env_build_alias_value=
ac_cv_env_host_alias_set=
ac_cv_env_host_alias_value=
ac_cv_env_target_alias_set=
ac_cv_env_target_alias_value=
ac_cv_func___fpending=yes
ac_cv_func_geteuid=yes
ac_cv_func_getopt_long=yes
ac_cv_func_openpty=no
ac_cv_func_seteuid=yes
ac_cv_func_setsid=yes
ac_cv_func_snprintf=yes
ac_cv_func_stty=no
ac_cv_func_tcsetattr=yes
ac_cv_func_vprintf=yes
ac_cv_func_vsnprintf=yes
ac_cv_func_vsyslog=yes
ac_cv_func_wait3=yes
ac_cv_func_waitpid=yes
ac_cv_have_decl___fpending=yes
ac_cv_have_decl_imaxabs=yes
ac_cv_have_decl_imaxdiv=yes
ac_cv_have_decl_strtoimax=yes
ac_cv_have_decl_strtoumax=yes
ac_cv_header_error_h=yes
ac_cv_header_fcntl_h=yes
ac_cv_header_getopt_h=yes
ac_cv_header_inttypes_h=yes
ac_cv_header_memory_h=yes
ac_cv_header_minix_config_h=no
ac_cv_header_popt_h=no
ac_cv_header_rpm_header_h=no
ac_cv_header_rpm_rpmio_h=no
ac_cv_header_rpm_rpmlib_h=no
ac_cv_header_sgtty_h=yes
ac_cv_header_stdarg_h=yes
ac_cv_header_stdc=yes
ac_cv_header_stdint_h=yes
ac_cv_header_stdio_ext_h=yes
ac_cv_header_stdlib_h=yes
ac_cv_header_string_h=yes
ac_cv_header_strings_h=yes
ac_cv_header_sys_fcntl_h=yes
ac_cv_header_sys_stat_h=yes
ac_cv_header_sys_types_h=yes
ac_cv_header_sys_wait_h=yes
ac_cv_header_termio_h=yes
ac_cv_header_termios_h=yes
ac_cv_header_unistd_h=yes
ac_cv_header_wchar_h=yes
ac_cv_host=x86_64-unknown-linux-gnu
ac_cv_lib_rt_main=yes
ac_cv_objext=o
ac_cv_path_EGREP='/bin/grep -E'
ac_cv_path_GREP=/bin/grep
ac_cv_path_install='/usr/bin/install -c'
ac_cv_path_mkdir=/bin/mkdir
ac_cv_prog_AWK=gawk
ac_cv_prog_CPP='gcc -E'
ac_cv_prog_ac_ct_CC=gcc
ac_cv_prog_ac_ct_CXX=g++
ac_cv_prog_ac_ct_RANLIB=ranlib
ac_cv_prog_cc_c89=
ac_cv_prog_cc_c99=
ac_cv_prog_cc_g=yes
ac_cv_prog_cc_gcc_c_o=yes
ac_cv_prog_cxx_g=yes
ac_cv_prog_make_make_set=yes
ac_cv_safe_to_define___extensions__=yes
ac_cv_search_strerror='none required'
ac_cv_sys_file_offset_bits=no
ac_cv_sys_largefile_CC=no
ac_cv_type_long_long=yes
ac_cv_type_long_long_int=yes
ac_cv_type_pid_t=yes
ac_cv_type_signal=void
ac_cv_type_size_t=yes
ac_cv_type_unsigned_long_long_int=yes
am_cv_CC_dependencies_compiler_type=none
am_cv_CXX_dependencies_compiler_type=none
gl_cv_absolute_inttypes_h=///usr/include/inttypes.h
gl_cv_absolute_stdint_h=///usr/lib/gcc/x86_64-linux-gnu/7/include/stdint.h
gl_cv_header_inttypes_h=yes
gl_cv_header_working_inttypes_h=no
gl_cv_header_working_stdint_h=yes
gt_cv_inttypes_pri_broken=no

## ----------------- ##
## Output variables. ##
## ----------------- ##

ABSOLUTE_INTTYPES_H='"///usr/include/inttypes.h"'
ABSOLUTE_STDINT_H='"///usr/lib/gcc/x86_64-linux-gnu/7/include/stdint.h"'
ACLOCAL='${SHELL} /home/carolhanna/Security_Project/gnu_dataset/swbis-1.9/missing --run aclocal-1.11'
AMDEPBACKSLASH='\'
AMDEP_FALSE='#'
AMDEP_TRUE=''
AMTAR='${SHELL} /home/carolhanna/Security_Project/gnu_dataset/swbis-1.9/missing --run tar'
AUTOCONF='${SHELL} /home/carolhanna/Security_Project/gnu_dataset/swbis-1.9/missing --run autoconf'
AUTOHEADER='${SHELL} /home/carolhanna/Security_Project/gnu_dataset/swbis-1.9/missing --run autoheader'
AUTOMAKE='${SHELL} /home/carolhanna/Security_Project/gnu_dataset/swbis-1.9/missing --run automake-1.11'
AWK='gawk'
BITSIZEOF_PTRDIFF_T=''
BITSIZEOF_SIG_ATOMIC_T=''
BITSIZEOF_SIZE_T=''
BITSIZEOF_WCHAR_T=''
BITSIZEOF_WINT_T=''
CC='gcc'
CCDEPMODE='depmode=none'
CFLAGS='-W -Wall -Wno-unused -g -O2'
CPP='gcc -E'
CPPFLAGS=''
CXX='g++'
CXXDEPMODE='depmode=none'
CXXFLAGS='-g -O2'
CYGPATH_W='echo'
DEFS='-DHAVE_CONFIG_H'
DEPDIR='.deps'
DEVELTESTPROGS_='DEVELTESTPROGS='
DOCBOOKTOMAN=''
DO_DEBUG=''
DO_UM_RPM='um_rpm'
ECHO_C=''
ECHO_N='-n'
ECHO_T=''
EGREP='/bin/grep -E'
EXEEXT=''
FIXPERMS=''
GCC_W_NO_DEPRECATED='-Wno-deprecated'
GETTEXTSTUB='gettextstub.o'
GREP='/bin/grep'
GTAR=''
HAVE_DECL_IMAXABS='1'
HAVE_DECL_IMAXDIV='1'
HAVE_DECL_STRTOIMAX='1'
HAVE_DECL_STRTOUMAX='1'
HAVE_INTTYPES_H='1'
HAVE_LONG_LONG_INT='1'
HAVE_SIGNED_SIG_ATOMIC_T=''
HAVE_SIGNED_WCHAR_T=''
HAVE_SIGNED_WINT_T=''
HAVE_STDINT_H='1'
HAVE_SYS_BITYPES_H=''
HAVE_SYS_INTTYPES_H=''
HAVE_SYS_TYPES_H='1'
HAVE_UNSIGNED_LONG_LONG_INT='1'
HAVE_WCHAR_H='1'
INCPATH=''
INSTALL_DATA='${INSTALL} -m 644'
INSTALL_PROGRAM='${INSTALL}'
INSTALL_SCRIPT='${INSTALL}'
INSTALL_STRIP_PROGRAM='$(install_sh) -c -s'
INTLDEF=''
INTTYPES_H='inttypes.h'
LDFLAGS=''
LEX=':'
LEXLIB=''
LEX_OUTPUT_ROOT=''
LIBINTL=''
LIBMISC=''
LIBOBJS=''
LIBS=''
LN_S='ln -s'
LTLIBOBJS=''
MAKE='make'
MAKEINFO='${SHELL} /home/carolhanna/Security_Project/gnu_dataset/swbis-1.9/missing --run makeinfo'
MKDIR_P='/bin/mkdir -p'
OBJEXT='o'
PACKAGE='swbis'
PACKAGE_BUGREPORT='bug-swbis@gnu.org'
PACKAGE_NAME='swbis'
PACKAGE_STRING='swbis 1.9'
PACKAGE_TARNAME='swbis'
PACKAGE_URL=''
PACKAGE_VERSION='1.9'
PATH_SEPARATOR=':'
PO=''
POSIXSHELL=''
PRIPTR_PREFIX='"l"'
PRI_MACROS_BROKEN='0'
PTRDIFF_T_SUFFIX=''
RANLIB='ranlib'
RPMLIBS=''
SET_MAKE=''
SHELL='/bin/bash'
SIG_ATOMIC_T_SUFFIX=''
SIZE_T_SUFFIX=''
STDINT_H=''
STRIP=''
SWBISDEFS='-DSWBISLIBEXECDIR=\"${exec_prefix}/libexec\" -DSWBISLIBDIR=\"${exec_prefix}/lib\"'
VERSION='1.9'
WCHAR_T_SUFFIX=''
WINT_T_SUFFIX=''
XGETTEXT=''
YACC='yacc'
YFLAGS=''
ac_ct_CC='gcc'
ac_ct_CXX='g++'
am__EXEEXT_FALSE=''
am__EXEEXT_TRUE='#'
am__fastdepCC_FALSE=''
am__fastdepCC_TRUE='#'
am__fastdepCXX_FALSE=''
am__fastdepCXX_TRUE='#'
am__include='include'
am__isrc=''
am__leading_dot='.'
am__quote=''
am__tar='${AMTAR} chof - "$$tardir"'
am__untar='${AMTAR} xf -'
bindir='${exec_prefix}/bin'
build='x86_64-unknown-linux-gnu'
build_alias=''
build_cpu='x86_64'
build_os='linux-gnu'
build_vendor='unknown'
datadir='${datarootdir}'
datarootdir='${prefix}/share'
docdir='${datarootdir}/doc/${PACKAGE_TARNAME}'
dvidir='${docdir}'
exec_prefix='${prefix}'
host='x86_64-unknown-linux-gnu'
host_alias=''
host_cpu='x86_64'
host_os='linux-gnu'
host_vendor='unknown'
htmldir='${docdir}'
includedir='${prefix}/include'
infodir='${datarootdir}/info'
install_sh='${SHELL} /home/carolhanna/Security_Project/gnu_dataset/swbis-1.9/install-sh'
libdir='${exec_prefix}/lib'
libexecdir='${exec_prefix}/libexec'
localedir='${datarootdir}/locale'
localstatedir='${prefix}/var'
mandir='${datarootdir}/man'
mkdir_p='/bin/mkdir -p'
oldincludedir='/usr/include'
pdfdir='${docdir}'
prefix='/usr/local'
program_transform_name='s,x,x,'
psdir='${docdir}'
sbindir='${exec_prefix}/sbin'
sharedstatedir='${prefix}/com'
subdirs=' swsupplib swstructlib'
sysconfdir='${prefix}/etc'
target_alias=''
tmpdir=''
topdir='/home/carolhanna/Security_Project/gnu_dataset/swbis-1.9'
topincdir='/home/carolhanna/Security_Project/gnu_dataset/swbis-1.9/include'
varprefix=''

## ----------- ##
## confdefs.h. ##
## ----------- ##

/* confdefs.h */
#define PACKAGE_NAME "swbis"
#define PACKAGE_TARNAME "swbis"
#define PACKAGE_VERSION "1.9"
#define PACKAGE_STRING "swbis 1.9"
#define PACKAGE_BUGREPORT "bug-swbis@gnu.org"
#define PACKAGE_URL ""
#define PACKAGE "swbis"
#define VERSION "1.9"
#define STDC_HEADERS 1
#define HAVE_SYS_TYPES_H 1
#define HAVE_SYS_STAT_H 1
#define HAVE_STDLIB_H 1
#define HAVE_STRING_H 1
#define HAVE_MEMORY_H 1
#define HAVE_STRINGS_H 1
#define HAVE_INTTYPES_H 1
#define HAVE_STDINT_H 1
#define HAVE_UNISTD_H 1
#define __EXTENSIONS__ 1
#define _ALL_SOURCE 1
#define _GNU_SOURCE 1
#define _POSIX_PTHREAD_SEMANTICS 1
#define _TANDEM_SOURCE 1
#define STDC_HEADERS 1
#define RETSIGTYPE void
#define HAVE_ERROR_H 1
#define HAVE_UNISTD_H 1
#define HAVE_TERMIOS_H 1
#define HAVE_TERMIO_H 1
#define HAVE_SGTTY_H 1
#define HAVE_STDARG_H 1
#define HAVE_GETOPT_H 1
#define HAVE_FCNTL_H 1
#define HAVE_SYS_FCNTL_H 1
#define HAVE_SYS_WAIT_H 1
#define HAVE_SSTREAM /**/
#define HAVE_IOSTREAM /**/
#define HAVE_ISTREAM /**/
#define HAVE_OSTREAM /**/
#define HAVE_WAITPID 1
#define HAVE_WAIT3 1
#define HAVE_LIBRT 1
#define HAVE_STDIO_EXT_H 1
#define HAVE___FPENDING 1
#define HAVE_DECL___FPENDING 1
#define HAVE_LONG_LONG_INT 1
#define HAVE_UNSIGNED_LONG_LONG_INT 1
#define HAVE_WCHAR_H 1
#define HAVE_STDINT_H 1
#define HAVE_INTTYPES_H 1
#define ABSOLUTE_STDINT_H "///usr/lib/gcc/x86_64-linux-gnu/7/include/stdint.h"
#define HAVE_INTTYPES_H_WITH_UINTMAX 1
#define HAVE_LONG_LONG 1
#define HAVE_INTMAX_T 1
#define HAVE_INTTYPES_H 1
#define HAVE_DECL_IMAXABS 1
#define HAVE_DECL_IMAXDIV 1
#define HAVE_DECL_STRTOIMAX 1
#define HAVE_DECL_STRTOUMAX 1
#define ABSOLUTE_INTTYPES_H "///usr/include/inttypes.h"
#define HAVE_INTTYPES_H_WITH_UINTMAX 1
#define HAVE_TCSETATTR 1
#define HAVE_SETSID 1
#define HAVE_GETEUID 1
#define HAVE_SETEUID 1
#define HAVE_SNPRINTF 1
#define HAVE_VPRINTF 1
#define HAVE_VSNPRINTF 1
#define HAVE_VSYSLOG 1
#define HAVE_GETOPT_LONG 1

configure: exit 0
