This file contains any messages produced by compilers while
running configure, to aid debugging if configure makes a mistake.

It was created by src/spshed.c configure 1.8, which was
generated by GNU Autoconf 2.65.  Invocation command line was

  $ ./configure 

## --------- ##
## Platform. ##
## --------- ##

hostname = rishon
uname -m = x86_64
uname -r = 4.15.0-72-generic
uname -s = Linux
uname -v = #81-Ubuntu SMP Tue Nov 26 12:20:02 UTC 2019

/usr/bin/uname -p = unknown
/bin/uname -X     = unknown

/bin/arch              = unknown
/usr/bin/arch -k       = unknown
/usr/convex/getsysinfo = unknown
/usr/bin/hostinfo      = unknown
/bin/machine           = unknown
/usr/bin/oslevel       = unknown
/bin/universe          = unknown

PATH: /home/carolhanna/miniconda3/bin
PATH: /home/carolhanna/miniconda3/condabin
PATH: /usr/local/sbin
PATH: /usr/local/bin
PATH: /usr/sbin
PATH: /usr/bin
PATH: /sbin
PATH: /bin
PATH: /usr/games
PATH: /usr/local/games
PATH: /snap/bin


## ----------- ##
## Core tests. ##
## ----------- ##

configure:2478: result: Configuring for Release 1.8
configure:2706: checking build system type
configure:2720: result: x86_64-unknown-linux-gnu
configure:2740: checking host system type
configure:2753: result: x86_64-unknown-linux-gnu
configure:2773: checking target system type
configure:2786: result: x86_64-unknown-linux-gnu
configure:2815: checking whether make sets $(MAKE)
configure:2837: result: yes
configure:2860: checking for a BSD-compatible install
configure:2928: result: /usr/bin/install -c
configure:2943: checking for bison
configure:2973: result: no
configure:2943: checking for byacc
configure:2973: result: no
configure:3030: checking for gcc
configure:3046: found /usr/bin/gcc
configure:3057: result: gcc
configure:3286: checking for C compiler version
configure:3295: gcc --version >&5
gcc (Ubuntu 7.5.0-3ubuntu1~18.04) 7.5.0
Copyright (C) 2017 Free Software Foundation, Inc.
This is free software; see the source for copying conditions.  There is NO
warranty; not even for MERCHANTABILITY or FITNESS FOR A PARTICULAR PURPOSE.

configure:3306: $? = 0
configure:3295: gcc -v >&5
Using built-in specs.
COLLECT_GCC=gcc
COLLECT_LTO_WRAPPER=/usr/lib/gcc/x86_64-linux-gnu/7/lto-wrapper
OFFLOAD_TARGET_NAMES=nvptx-none
OFFLOAD_TARGET_DEFAULT=1
Target: x86_64-linux-gnu
Configured with: ../src/configure -v --with-pkgversion='Ubuntu 7.5.0-3ubuntu1~18.04' --with-bugurl=file:///usr/share/doc/gcc-7/README.Bugs --enable-languages=c,ada,c++,go,brig,d,fortran,objc,obj-c++ --prefix=/usr --with-gcc-major-version-only --program-suffix=-7 --program-prefix=x86_64-linux-gnu- --enable-shared --enable-linker-build-id --libexecdir=/usr/lib --without-included-gettext --enable-threads=posix --libdir=/usr/lib --enable-nls --enable-bootstrap --enable-clocale=gnu --enable-libstdcxx-debug --enable-libstdcxx-time=yes --with-default-libstdcxx-abi=new --enable-gnu-unique-object --disable-vtable-verify --enable-libmpx --enable-plugin --enable-default-pie --with-system-zlib --with-target-system-zlib --enable-objc-gc=auto --enable-multiarch --disable-werror --with-arch-32=i686 --with-abi=m64 --with-multilib-list=m32,m64,mx32 --enable-multilib --with-tune=generic --enable-offload-targets=nvptx-none --without-cuda-driver --enable-checking=release --build=x86_64-linux-gnu --host=x86_64-linux-gnu --target=x86_64-linux-gnu
Thread model: posix
gcc version 7.5.0 (Ubuntu 7.5.0-3ubuntu1~18.04) 
configure:3306: $? = 0
configure:3295: gcc -V >&5
gcc: error: unrecognized command line option '-V'
gcc: fatal error: no input files
compilation terminated.
configure:3306: $? = 1
configure:3295: gcc -qversion >&5
gcc: error: unrecognized command line option '-qversion'; did you mean '--version'?
gcc: fatal error: no input files
compilation terminated.
configure:3306: $? = 1
configure:3326: checking whether the C compiler works
configure:3348: gcc    conftest.c  >&5
configure:3352: $? = 0
configure:3401: result: yes
configure:3404: checking for C compiler default output file name
configure:3406: result: a.out
configure:3412: checking for suffix of executables
configure:3419: gcc -o conftest    conftest.c  >&5
configure:3423: $? = 0
configure:3445: result: 
configure:3467: checking whether we are cross compiling
configure:3475: gcc -o conftest    conftest.c  >&5
configure:3479: $? = 0
configure:3486: ./conftest
configure:3490: $? = 0
configure:3505: result: no
configure:3510: checking for suffix of object files
configure:3532: gcc -c   conftest.c >&5
configure:3536: $? = 0
configure:3557: result: o
configure:3561: checking whether we are using the GNU C compiler
configure:3580: gcc -c   conftest.c >&5
configure:3580: $? = 0
configure:3589: result: yes
configure:3598: checking whether gcc accepts -g
configure:3618: gcc -c -g  conftest.c >&5
configure:3618: $? = 0
configure:3659: result: yes
configure:3676: checking for gcc option to accept ISO C89
configure:3740: gcc  -c -g -O2  conftest.c >&5
configure:3740: $? = 0
configure:3753: result: none needed
configure:3778: checking for flex
configure:3808: result: no
configure:3778: checking for lex
configure:3808: result: no
configure:3934: checking for mail
configure:3967: result: no
configure:3974: checking for sh
configure:3992: found /bin/sh
configure:4004: result: /bin/sh
configure:4014: checking for perl
configure:4032: found /usr/bin/perl
configure:4044: result: /usr/bin/perl
configure:4057: checking how to run the C preprocessor
configure:4088: gcc -E  conftest.c
configure:4088: $? = 0
configure:4102: gcc -E  conftest.c
conftest.c:12:10: fatal error: ac_nonexistent.h: No such file or directory
 #include <ac_nonexistent.h>
          ^~~~~~~~~~~~~~~~~~
compilation terminated.
configure:4102: $? = 1
configure: failed program was:
| /* confdefs.h */
| #define PACKAGE_NAME "src/spshed.c"
| #define PACKAGE_TARNAME "src-spshed-c"
| #define PACKAGE_VERSION "1.8"
| #define PACKAGE_STRING "src/spshed.c 1.8"
| #define PACKAGE_BUGREPORT ""
| #define PACKAGE_URL ""
| #define NETWORK_VERSION 1
| #define USING_MMAP 1
| #define USING_FLOCK 1
| /* end confdefs.h.  */
| #include <ac_nonexistent.h>
configure:4127: result: gcc -E
configure:4147: gcc -E  conftest.c
configure:4147: $? = 0
configure:4161: gcc -E  conftest.c
conftest.c:12:10: fatal error: ac_nonexistent.h: No such file or directory
 #include <ac_nonexistent.h>
          ^~~~~~~~~~~~~~~~~~
compilation terminated.
configure:4161: $? = 1
configure: failed program was:
| /* confdefs.h */
| #define PACKAGE_NAME "src/spshed.c"
| #define PACKAGE_TARNAME "src-spshed-c"
| #define PACKAGE_VERSION "1.8"
| #define PACKAGE_STRING "src/spshed.c 1.8"
| #define PACKAGE_BUGREPORT ""
| #define PACKAGE_URL ""
| #define NETWORK_VERSION 1
| #define USING_MMAP 1
| #define USING_FLOCK 1
| /* end confdefs.h.  */
| #include <ac_nonexistent.h>
configure:4190: checking for grep that handles long lines and -e
configure:4248: result: /bin/grep
configure:4253: checking for egrep
configure:4315: result: /bin/grep -E
configure:4490: checking for socket
configure:4490: gcc -o conftest -g -O2   conftest.c  >&5
configure:4490: $? = 0
configure:4490: result: yes
configure:4493: result: Socket stuff apparently in C library
configure:4706: checking for long file names
configure:4738: result: yes
configure:4749: checking for dirent.h that defines DIR
configure:4768: gcc -c -g -O2  conftest.c >&5
configure:4768: $? = 0
configure:4776: result: yes
configure:4790: checking for library containing opendir
configure:4821: gcc -o conftest -g -O2   conftest.c  >&5
configure:4821: $? = 0
configure:4838: result: none required
configure:4905: checking for ANSI C header files
configure:4925: gcc -c -g -O2  conftest.c >&5
configure:4925: $? = 0
configure:4998: gcc -o conftest -g -O2   conftest.c  >&5
configure:4998: $? = 0
configure:4998: ./conftest
configure:4998: $? = 0
configure:5009: result: yes
configure:5022: checking for sys/types.h
configure:5022: gcc -c -g -O2  conftest.c >&5
configure:5022: $? = 0
configure:5022: result: yes
configure:5022: checking for sys/stat.h
configure:5022: gcc -c -g -O2  conftest.c >&5
configure:5022: $? = 0
configure:5022: result: yes
configure:5022: checking for stdlib.h
configure:5022: gcc -c -g -O2  conftest.c >&5
configure:5022: $? = 0
configure:5022: result: yes
configure:5022: checking for string.h
configure:5022: gcc -c -g -O2  conftest.c >&5
configure:5022: $? = 0
configure:5022: result: yes
configure:5022: checking for memory.h
configure:5022: gcc -c -g -O2  conftest.c >&5
configure:5022: $? = 0
configure:5022: result: yes
configure:5022: checking for strings.h
configure:5022: gcc -c -g -O2  conftest.c >&5
configure:5022: $? = 0
configure:5022: result: yes
configure:5022: checking for inttypes.h
configure:5022: gcc -c -g -O2  conftest.c >&5
configure:5022: $? = 0
configure:5022: result: yes
configure:5022: checking for stdint.h
configure:5022: gcc -c -g -O2  conftest.c >&5
configure:5022: $? = 0
configure:5022: result: yes
configure:5022: checking for unistd.h
configure:5022: gcc -c -g -O2  conftest.c >&5
configure:5022: $? = 0
configure:5022: result: yes
configure:5038: checking fcntl.h usability
configure:5038: gcc -c -g -O2  conftest.c >&5
configure:5038: $? = 0
configure:5038: result: yes
configure:5038: checking fcntl.h presence
configure:5038: gcc -E  conftest.c
configure:5038: $? = 0
configure:5038: result: yes
configure:5038: checking for fcntl.h
configure:5038: result: yes
configure:5038: checking limits.h usability
configure:5038: gcc -c -g -O2  conftest.c >&5
configure:5038: $? = 0
configure:5038: result: yes
configure:5038: checking limits.h presence
configure:5038: gcc -E  conftest.c
configure:5038: $? = 0
configure:5038: result: yes
configure:5038: checking for limits.h
configure:5038: result: yes
configure:5038: checking malloc.h usability
configure:5038: gcc -c -g -O2  conftest.c >&5
configure:5038: $? = 0
configure:5038: result: yes
configure:5038: checking malloc.h presence
configure:5038: gcc -E  conftest.c
configure:5038: $? = 0
configure:5038: result: yes
configure:5038: checking for malloc.h
configure:5038: result: yes
configure:5038: checking for stdlib.h
configure:5038: result: yes
configure:5038: checking termio.h usability
configure:5038: gcc -c -g -O2  conftest.c >&5
configure:5038: $? = 0
configure:5038: result: yes
configure:5038: checking termio.h presence
configure:5038: gcc -E  conftest.c
configure:5038: $? = 0
configure:5038: result: yes
configure:5038: checking for termio.h
configure:5038: result: yes
configure:5038: checking termios.h usability
configure:5038: gcc -c -g -O2  conftest.c >&5
configure:5038: $? = 0
configure:5038: result: yes
configure:5038: checking termios.h presence
configure:5038: gcc -E  conftest.c
configure:5038: $? = 0
configure:5038: result: yes
configure:5038: checking for termios.h
configure:5038: result: yes
configure:5038: checking for unistd.h
configure:5038: result: yes
configure:5038: checking wait.h usability
configure:5038: gcc -c -g -O2  conftest.c >&5
configure:5038: $? = 0
configure:5038: result: yes
configure:5038: checking wait.h presence
configure:5038: gcc -E  conftest.c
configure:5038: $? = 0
configure:5038: result: yes
configure:5038: checking for wait.h
configure:5038: result: yes
configure:5038: checking sys/filio.h usability
configure:5038: gcc -c -g -O2  conftest.c >&5
conftest.c:68:10: fatal error: sys/filio.h: No such file or directory
 #include <sys/filio.h>
          ^~~~~~~~~~~~~
compilation terminated.
configure:5038: $? = 1
configure: failed program was:
| /* confdefs.h */
| #define PACKAGE_NAME "src/spshed.c"
| #define PACKAGE_TARNAME "src-spshed-c"
| #define PACKAGE_VERSION "1.8"
| #define PACKAGE_STRING "src/spshed.c 1.8"
| #define PACKAGE_BUGREPORT ""
| #define PACKAGE_URL ""
| #define NETWORK_VERSION 1
| #define USING_MMAP 1
| #define USING_FLOCK 1
| #define SOCKLEN_T socklen_t
| #define OS_LINUX 1
| #define BUGGY_DELCURTERM 1
| #define HAVE_LONG_FILE_NAMES 1
| #define HAVE_DIRENT_H 1
| #define STDC_HEADERS 1
| #define HAVE_SYS_TYPES_H 1
| #define HAVE_SYS_STAT_H 1
| #define HAVE_STDLIB_H 1
| #define HAVE_STRING_H 1
| #define HAVE_MEMORY_H 1
| #define HAVE_STRINGS_H 1
| #define HAVE_INTTYPES_H 1
| #define HAVE_STDINT_H 1
| #define HAVE_UNISTD_H 1
| #define HAVE_FCNTL_H 1
| #define HAVE_LIMITS_H 1
| #define HAVE_MALLOC_H 1
| #define HAVE_STDLIB_H 1
| #define HAVE_TERMIO_H 1
| #define HAVE_TERMIOS_H 1
| #define HAVE_UNISTD_H 1
| #define HAVE_WAIT_H 1
| /* end confdefs.h.  */
| #include <stdio.h>
| #ifdef HAVE_SYS_TYPES_H
| # include <sys/types.h>
| #endif
| #ifdef HAVE_SYS_STAT_H
| # include <sys/stat.h>
| #endif
| #ifdef STDC_HEADERS
| # include <stdlib.h>
| # include <stddef.h>
| #else
| # ifdef HAVE_STDLIB_H
| #  include <stdlib.h>
| # endif
| #endif
| #ifdef HAVE_STRING_H
| # if !defined STDC_HEADERS && defined HAVE_MEMORY_H
| #  include <memory.h>
| # endif
| # include <string.h>
| #endif
| #ifdef HAVE_STRINGS_H
| # include <strings.h>
| #endif
| #ifdef HAVE_INTTYPES_H
| # include <inttypes.h>
| #endif
| #ifdef HAVE_STDINT_H
| # include <stdint.h>
| #endif
| #ifdef HAVE_UNISTD_H
| # include <unistd.h>
| #endif
| #include <sys/filio.h>
configure:5038: result: no
configure:5038: checking sys/filio.h presence
configure:5038: gcc -E  conftest.c
conftest.c:35:10: fatal error: sys/filio.h: No such file or directory
 #include <sys/filio.h>
          ^~~~~~~~~~~~~
compilation terminated.
configure:5038: $? = 1
configure: failed program was:
| /* confdefs.h */
| #define PACKAGE_NAME "src/spshed.c"
| #define PACKAGE_TARNAME "src-spshed-c"
| #define PACKAGE_VERSION "1.8"
| #define PACKAGE_STRING "src/spshed.c 1.8"
| #define PACKAGE_BUGREPORT ""
| #define PACKAGE_URL ""
| #define NETWORK_VERSION 1
| #define USING_MMAP 1
| #define USING_FLOCK 1
| #define SOCKLEN_T socklen_t
| #define OS_LINUX 1
| #define BUGGY_DELCURTERM 1
| #define HAVE_LONG_FILE_NAMES 1
| #define HAVE_DIRENT_H 1
| #define STDC_HEADERS 1
| #define HAVE_SYS_TYPES_H 1
| #define HAVE_SYS_STAT_H 1
| #define HAVE_STDLIB_H 1
| #define HAVE_STRING_H 1
| #define HAVE_MEMORY_H 1
| #define HAVE_STRINGS_H 1
| #define HAVE_INTTYPES_H 1
| #define HAVE_STDINT_H 1
| #define HAVE_UNISTD_H 1
| #define HAVE_FCNTL_H 1
| #define HAVE_LIMITS_H 1
| #define HAVE_MALLOC_H 1
| #define HAVE_STDLIB_H 1
| #define HAVE_TERMIO_H 1
| #define HAVE_TERMIOS_H 1
| #define HAVE_UNISTD_H 1
| #define HAVE_WAIT_H 1
| /* end confdefs.h.  */
| #include <sys/filio.h>
configure:5038: result: no
configure:5038: checking for sys/filio.h
configure:5038: result: no
configure:5038: checking sys/ioctl.h usability
configure:5038: gcc -c -g -O2  conftest.c >&5
configure:5038: $? = 0
configure:5038: result: yes
configure:5038: checking sys/ioctl.h presence
configure:5038: gcc -E  conftest.c
configure:5038: $? = 0
configure:5038: result: yes
configure:5038: checking for sys/ioctl.h
configure:5038: result: yes
configure:5038: checking sys/select.h usability
configure:5038: gcc -c -g -O2  conftest.c >&5
configure:5038: $? = 0
configure:5038: result: yes
configure:5038: checking sys/select.h presence
configure:5038: gcc -E  conftest.c
configure:5038: $? = 0
configure:5038: result: yes
configure:5038: checking for sys/select.h
configure:5038: result: yes
configure:5038: checking sys/time.h usability
configure:5038: gcc -c -g -O2  conftest.c >&5
configure:5038: $? = 0
configure:5038: result: yes
configure:5038: checking sys/time.h presence
configure:5038: gcc -E  conftest.c
configure:5038: $? = 0
configure:5038: result: yes
configure:5038: checking for sys/time.h
configure:5038: result: yes
configure:5038: checking sys/mman.h usability
configure:5038: gcc -c -g -O2  conftest.c >&5
configure:5038: $? = 0
configure:5038: result: yes
configure:5038: checking sys/mman.h presence
configure:5038: gcc -E  conftest.c
configure:5038: $? = 0
configure:5038: result: yes
configure:5038: checking for sys/mman.h
configure:5038: result: yes
configure:5050: checking for an ANSI C-conforming const
configure:5115: gcc -c -g -O2  conftest.c >&5
configure:5115: $? = 0
configure:5122: result: yes
configure:5130: checking for inline
configure:5146: gcc -c -g -O2  conftest.c >&5
configure:5146: $? = 0
configure:5154: result: inline
configure:5172: checking whether byte ordering is bigendian
configure:5187: gcc -c -g -O2  conftest.c >&5
conftest.c:40:9: error: unknown type name 'not'
         not a universal capable compiler
         ^~~
conftest.c:40:15: error: expected '=', ',', ';', 'asm' or '__attribute__' before 'universal'
         not a universal capable compiler
               ^~~~~~~~~
conftest.c:40:15: error: unknown type name 'universal'
configure:5187: $? = 1
configure: failed program was:
| /* confdefs.h */
| #define PACKAGE_NAME "src/spshed.c"
| #define PACKAGE_TARNAME "src-spshed-c"
| #define PACKAGE_VERSION "1.8"
| #define PACKAGE_STRING "src/spshed.c 1.8"
| #define PACKAGE_BUGREPORT ""
| #define PACKAGE_URL ""
| #define NETWORK_VERSION 1
| #define USING_MMAP 1
| #define USING_FLOCK 1
| #define SOCKLEN_T socklen_t
| #define OS_LINUX 1
| #define BUGGY_DELCURTERM 1
| #define HAVE_LONG_FILE_NAMES 1
| #define HAVE_DIRENT_H 1
| #define STDC_HEADERS 1
| #define HAVE_SYS_TYPES_H 1
| #define HAVE_SYS_STAT_H 1
| #define HAVE_STDLIB_H 1
| #define HAVE_STRING_H 1
| #define HAVE_MEMORY_H 1
| #define HAVE_STRINGS_H 1
| #define HAVE_INTTYPES_H 1
| #define HAVE_STDINT_H 1
| #define HAVE_UNISTD_H 1
| #define HAVE_FCNTL_H 1
| #define HAVE_LIMITS_H 1
| #define HAVE_MALLOC_H 1
| #define HAVE_STDLIB_H 1
| #define HAVE_TERMIO_H 1
| #define HAVE_TERMIOS_H 1
| #define HAVE_UNISTD_H 1
| #define HAVE_WAIT_H 1
| #define HAVE_SYS_IOCTL_H 1
| #define HAVE_SYS_SELECT_H 1
| #define HAVE_SYS_TIME_H 1
| #define HAVE_SYS_MMAN_H 1
| /* end confdefs.h.  */
| #ifndef __APPLE_CC__
| 	       not a universal capable compiler
| 	     #endif
| 	     typedef int dummy;
| 
configure:5232: gcc -c -g -O2  conftest.c >&5
configure:5232: $? = 0
configure:5250: gcc -c -g -O2  conftest.c >&5
conftest.c: In function 'main':
conftest.c:46:4: error: unknown type name 'not'; did you mean 'ino_t'?
    not big endian
    ^~~
    ino_t
conftest.c:46:12: error: expected '=', ',', ';', 'asm' or '__attribute__' before 'endian'
    not big endian
            ^~~~~~
configure:5250: $? = 1
configure: failed program was:
| /* confdefs.h */
| #define PACKAGE_NAME "src/spshed.c"
| #define PACKAGE_TARNAME "src-spshed-c"
| #define PACKAGE_VERSION "1.8"
| #define PACKAGE_STRING "src/spshed.c 1.8"
| #define PACKAGE_BUGREPORT ""
| #define PACKAGE_URL ""
| #define NETWORK_VERSION 1
| #define USING_MMAP 1
| #define USING_FLOCK 1
| #define SOCKLEN_T socklen_t
| #define OS_LINUX 1
| #define BUGGY_DELCURTERM 1
| #define HAVE_LONG_FILE_NAMES 1
| #define HAVE_DIRENT_H 1
| #define STDC_HEADERS 1
| #define HAVE_SYS_TYPES_H 1
| #define HAVE_SYS_STAT_H 1
| #define HAVE_STDLIB_H 1
| #define HAVE_STRING_H 1
| #define HAVE_MEMORY_H 1
| #define HAVE_STRINGS_H 1
| #define HAVE_INTTYPES_H 1
| #define HAVE_STDINT_H 1
| #define HAVE_UNISTD_H 1
| #define HAVE_FCNTL_H 1
| #define HAVE_LIMITS_H 1
| #define HAVE_MALLOC_H 1
| #define HAVE_STDLIB_H 1
| #define HAVE_TERMIO_H 1
| #define HAVE_TERMIOS_H 1
| #define HAVE_UNISTD_H 1
| #define HAVE_WAIT_H 1
| #define HAVE_SYS_IOCTL_H 1
| #define HAVE_SYS_SELECT_H 1
| #define HAVE_SYS_TIME_H 1
| #define HAVE_SYS_MMAN_H 1
| /* end confdefs.h.  */
| #include <sys/types.h>
| 		#include <sys/param.h>
| 
| int
| main ()
| {
| #if BYTE_ORDER != BIG_ENDIAN
| 		 not big endian
| 		#endif
| 
|   ;
|   return 0;
| }
configure:5378: result: no
configure:5400: checking size of int
configure:5405: gcc -o conftest -g -O2   conftest.c  >&5
configure:5405: $? = 0
configure:5405: ./conftest
configure:5405: $? = 0
configure:5420: result: 4
configure:5434: checking size of short
configure:5439: gcc -o conftest -g -O2   conftest.c  >&5
configure:5439: $? = 0
configure:5439: ./conftest
configure:5439: $? = 0
configure:5454: result: 2
configure:5468: checking size of long
configure:5473: gcc -o conftest -g -O2   conftest.c  >&5
configure:5473: $? = 0
configure:5473: ./conftest
configure:5473: $? = 0
configure:5488: result: 8
configure:5502: checking size of unsigned
configure:5507: gcc -o conftest -g -O2   conftest.c  >&5
configure:5507: $? = 0
configure:5507: ./conftest
configure:5507: $? = 0
configure:5522: result: 4
configure:5536: checking size of unsigned short
configure:5541: gcc -o conftest -g -O2   conftest.c  >&5
configure:5541: $? = 0
configure:5541: ./conftest
configure:5541: $? = 0
configure:5556: result: 2
configure:5570: checking size of unsigned long
configure:5575: gcc -o conftest -g -O2   conftest.c  >&5
configure:5575: $? = 0
configure:5575: ./conftest
configure:5575: $? = 0
configure:5590: result: 8
configure:5604: checking size of int *
configure:5609: gcc -o conftest -g -O2   conftest.c  >&5
configure:5609: $? = 0
configure:5609: ./conftest
configure:5609: $? = 0
configure:5624: result: 8
configure:5634: checking for off_t
configure:5634: gcc -c -g -O2  conftest.c >&5
configure:5634: $? = 0
configure:5634: gcc -c -g -O2  conftest.c >&5
conftest.c: In function 'main':
conftest.c:82:20: error: expected expression before ')' token
 if (sizeof ((off_t)))
                    ^
configure:5634: $? = 1
configure: failed program was:
| /* confdefs.h */
| #define PACKAGE_NAME "src/spshed.c"
| #define PACKAGE_TARNAME "src-spshed-c"
| #define PACKAGE_VERSION "1.8"
| #define PACKAGE_STRING "src/spshed.c 1.8"
| #define PACKAGE_BUGREPORT ""
| #define PACKAGE_URL ""
| #define NETWORK_VERSION 1
| #define USING_MMAP 1
| #define USING_FLOCK 1
| #define SOCKLEN_T socklen_t
| #define OS_LINUX 1
| #define BUGGY_DELCURTERM 1
| #define HAVE_LONG_FILE_NAMES 1
| #define HAVE_DIRENT_H 1
| #define STDC_HEADERS 1
| #define HAVE_SYS_TYPES_H 1
| #define HAVE_SYS_STAT_H 1
| #define HAVE_STDLIB_H 1
| #define HAVE_STRING_H 1
| #define HAVE_MEMORY_H 1
| #define HAVE_STRINGS_H 1
| #define HAVE_INTTYPES_H 1
| #define HAVE_STDINT_H 1
| #define HAVE_UNISTD_H 1
| #define HAVE_FCNTL_H 1
| #define HAVE_LIMITS_H 1
| #define HAVE_MALLOC_H 1
| #define HAVE_STDLIB_H 1
| #define HAVE_TERMIO_H 1
| #define HAVE_TERMIOS_H 1
| #define HAVE_UNISTD_H 1
| #define HAVE_WAIT_H 1
| #define HAVE_SYS_IOCTL_H 1
| #define HAVE_SYS_SELECT_H 1
| #define HAVE_SYS_TIME_H 1
| #define HAVE_SYS_MMAN_H 1
| #define SIZEOF_INT 4
| #define SIZEOF_SHORT 2
| #define SIZEOF_LONG 8
| #define SIZEOF_UNSIGNED 4
| #define SIZEOF_UNSIGNED_SHORT 2
| #define SIZEOF_UNSIGNED_LONG 8
| #define SIZEOF_INT_P 8
| /* end confdefs.h.  */
| #include <stdio.h>
| #ifdef HAVE_SYS_TYPES_H
| # include <sys/types.h>
| #endif
| #ifdef HAVE_SYS_STAT_H
| # include <sys/stat.h>
| #endif
| #ifdef STDC_HEADERS
| # include <stdlib.h>
| # include <stddef.h>
| #else
| # ifdef HAVE_STDLIB_H
| #  include <stdlib.h>
| # endif
| #endif
| #ifdef HAVE_STRING_H
| # if !defined STDC_HEADERS && defined HAVE_MEMORY_H
| #  include <memory.h>
| # endif
| # include <string.h>
| #endif
| #ifdef HAVE_STRINGS_H
| # include <strings.h>
| #endif
| #ifdef HAVE_INTTYPES_H
| # include <inttypes.h>
| #endif
| #ifdef HAVE_STDINT_H
| # include <stdint.h>
| #endif
| #ifdef HAVE_UNISTD_H
| # include <unistd.h>
| #endif
| int
| main ()
| {
| if (sizeof ((off_t)))
| 	    return 0;
|   ;
|   return 0;
| }
configure:5634: result: yes
configure:5645: checking for uid_t in sys/types.h
configure:5664: result: yes
configure:5675: checking whether time.h and sys/time.h may both be included
configure:5695: gcc -c -g -O2  conftest.c >&5
configure:5695: $? = 0
configure:5702: result: yes
configure:5710: checking whether struct tm is in sys/time.h or time.h
configure:5730: gcc -c -g -O2  conftest.c >&5
configure:5730: $? = 0
configure:5737: result: time.h
configure:5745: checking for struct tm.tm_zone
configure:5745: gcc -c -g -O2  conftest.c >&5
configure:5745: $? = 0
configure:5745: result: yes
configure:5813: checking for pid_t
configure:5813: gcc -c -g -O2  conftest.c >&5
configure:5813: $? = 0
configure:5813: gcc -c -g -O2  conftest.c >&5
conftest.c: In function 'main':
conftest.c:85:20: error: expected expression before ')' token
 if (sizeof ((pid_t)))
                    ^
configure:5813: $? = 1
configure: failed program was:
| /* confdefs.h */
| #define PACKAGE_NAME "src/spshed.c"
| #define PACKAGE_TARNAME "src-spshed-c"
| #define PACKAGE_VERSION "1.8"
| #define PACKAGE_STRING "src/spshed.c 1.8"
| #define PACKAGE_BUGREPORT ""
| #define PACKAGE_URL ""
| #define NETWORK_VERSION 1
| #define USING_MMAP 1
| #define USING_FLOCK 1
| #define SOCKLEN_T socklen_t
| #define OS_LINUX 1
| #define BUGGY_DELCURTERM 1
| #define HAVE_LONG_FILE_NAMES 1
| #define HAVE_DIRENT_H 1
| #define STDC_HEADERS 1
| #define HAVE_SYS_TYPES_H 1
| #define HAVE_SYS_STAT_H 1
| #define HAVE_STDLIB_H 1
| #define HAVE_STRING_H 1
| #define HAVE_MEMORY_H 1
| #define HAVE_STRINGS_H 1
| #define HAVE_INTTYPES_H 1
| #define HAVE_STDINT_H 1
| #define HAVE_UNISTD_H 1
| #define HAVE_FCNTL_H 1
| #define HAVE_LIMITS_H 1
| #define HAVE_MALLOC_H 1
| #define HAVE_STDLIB_H 1
| #define HAVE_TERMIO_H 1
| #define HAVE_TERMIOS_H 1
| #define HAVE_UNISTD_H 1
| #define HAVE_WAIT_H 1
| #define HAVE_SYS_IOCTL_H 1
| #define HAVE_SYS_SELECT_H 1
| #define HAVE_SYS_TIME_H 1
| #define HAVE_SYS_MMAN_H 1
| #define SIZEOF_INT 4
| #define SIZEOF_SHORT 2
| #define SIZEOF_LONG 8
| #define SIZEOF_UNSIGNED 4
| #define SIZEOF_UNSIGNED_SHORT 2
| #define SIZEOF_UNSIGNED_LONG 8
| #define SIZEOF_INT_P 8
| #define TIME_WITH_SYS_TIME 1
| #define HAVE_STRUCT_TM_TM_ZONE 1
| #define HAVE_TM_ZONE 1
| /* end confdefs.h.  */
| #include <stdio.h>
| #ifdef HAVE_SYS_TYPES_H
| # include <sys/types.h>
| #endif
| #ifdef HAVE_SYS_STAT_H
| # include <sys/stat.h>
| #endif
| #ifdef STDC_HEADERS
| # include <stdlib.h>
| # include <stddef.h>
| #else
| # ifdef HAVE_STDLIB_H
| #  include <stdlib.h>
| # endif
| #endif
| #ifdef HAVE_STRING_H
| # if !defined STDC_HEADERS && defined HAVE_MEMORY_H
| #  include <memory.h>
| # endif
| # include <string.h>
| #endif
| #ifdef HAVE_STRINGS_H
| # include <strings.h>
| #endif
| #ifdef HAVE_INTTYPES_H
| # include <inttypes.h>
| #endif
| #ifdef HAVE_STDINT_H
| # include <stdint.h>
| #endif
| #ifdef HAVE_UNISTD_H
| # include <unistd.h>
| #endif
| int
| main ()
| {
| if (sizeof ((pid_t)))
| 	    return 0;
|   ;
|   return 0;
| }
configure:5813: result: yes
configure:5824: checking pid_t isnt unsigned
configure:5847: gcc -o conftest -g -O2   conftest.c  >&5
conftest.c:53:1: warning: return type defaults to 'int' [-Wimplicit-int]
 main()
 ^~~~
configure:5847: $? = 0
configure:5847: ./conftest
configure:5847: $? = 0
configure:5850: result: No it isnt
configure:5863: checking return type of sprintf
configure:5881: gcc -o conftest -g -O2   conftest.c  >&5
conftest.c:51:1: warning: return type defaults to 'int' [-Wimplicit-int]
 main() {
 ^~~~
conftest.c: In function 'main':
conftest.c:53:2: warning: implicit declaration of function 'exit' [-Wimplicit-function-declaration]
  exit(sprintf(buf, "%d", 123) > 4? 1: 0);
  ^~~~
conftest.c:53:2: warning: incompatible implicit declaration of built-in function 'exit'
conftest.c:53:2: note: include '<stdlib.h>' or provide a declaration of 'exit'
configure:5881: $? = 0
configure:5881: ./conftest
configure:5881: $? = 0
configure:5882: result: Returns int
configure:5895: checking sys_errlist defined in stdio.h
configure:5908: gcc -c -g -O2  conftest.c >&5
conftest.c: In function 'main':
conftest.c:54:12: warning: initialization from incompatible pointer type [-Wincompatible-pointer-types]
 char **x = sys_errlist; y(x);
            ^~~~~~~~~~~
conftest.c:54:25: warning: implicit declaration of function 'y' [-Wimplicit-function-declaration]
 char **x = sys_errlist; y(x);
                         ^
configure:5908: $? = 0
configure:5909: result: it is
configure:5922: checking for memcpy
configure:5922: gcc -o conftest -g -O2   conftest.c  >&5
conftest.c:74:6: warning: conflicting types for built-in function 'memcpy' [-Wbuiltin-declaration-mismatch]
 char memcpy ();
      ^~~~~~
configure:5922: $? = 0
configure:5922: result: yes
configure:5922: checking for bcopy
configure:5922: gcc -o conftest -g -O2   conftest.c  >&5
conftest.c:75:6: warning: conflicting types for built-in function 'bcopy' [-Wbuiltin-declaration-mismatch]
 char bcopy ();
      ^~~~~
configure:5922: $? = 0
configure:5922: result: yes
configure:5922: checking for strchr
configure:5922: gcc -o conftest -g -O2   conftest.c  >&5
conftest.c:76:6: warning: conflicting types for built-in function 'strchr' [-Wbuiltin-declaration-mismatch]
 char strchr ();
      ^~~~~~
configure:5922: $? = 0
configure:5922: result: yes
configure:5933: checking for X
configure:6041: gcc -E  conftest.c
configure:6041: $? = 0
configure:6072: gcc -o conftest -g -O2   conftest.c -lX11  >&5
configure:6072: $? = 0
configure:6122: result: libraries , headers 
configure:6134: checking for XextCreateExtension in -lXext
configure:6159: gcc -o conftest -g -O2   conftest.c -lXext -lXt -lX11   >&5
/usr/bin/ld: cannot find -lXt
collect2: error: ld returned 1 exit status
configure:6159: $? = 1
configure: failed program was:
| /* confdefs.h */
| #define PACKAGE_NAME "src/spshed.c"
| #define PACKAGE_TARNAME "src-spshed-c"
| #define PACKAGE_VERSION "1.8"
| #define PACKAGE_STRING "src/spshed.c 1.8"
| #define PACKAGE_BUGREPORT ""
| #define PACKAGE_URL ""
| #define NETWORK_VERSION 1
| #define USING_MMAP 1
| #define USING_FLOCK 1
| #define SOCKLEN_T socklen_t
| #define OS_LINUX 1
| #define BUGGY_DELCURTERM 1
| #define HAVE_LONG_FILE_NAMES 1
| #define HAVE_DIRENT_H 1
| #define STDC_HEADERS 1
| #define HAVE_SYS_TYPES_H 1
| #define HAVE_SYS_STAT_H 1
| #define HAVE_STDLIB_H 1
| #define HAVE_STRING_H 1
| #define HAVE_MEMORY_H 1
| #define HAVE_STRINGS_H 1
| #define HAVE_INTTYPES_H 1
| #define HAVE_STDINT_H 1
| #define HAVE_UNISTD_H 1
| #define HAVE_FCNTL_H 1
| #define HAVE_LIMITS_H 1
| #define HAVE_MALLOC_H 1
| #define HAVE_STDLIB_H 1
| #define HAVE_TERMIO_H 1
| #define HAVE_TERMIOS_H 1
| #define HAVE_UNISTD_H 1
| #define HAVE_WAIT_H 1
| #define HAVE_SYS_IOCTL_H 1
| #define HAVE_SYS_SELECT_H 1
| #define HAVE_SYS_TIME_H 1
| #define HAVE_SYS_MMAN_H 1
| #define SIZEOF_INT 4
| #define SIZEOF_SHORT 2
| #define SIZEOF_LONG 8
| #define SIZEOF_UNSIGNED 4
| #define SIZEOF_UNSIGNED_SHORT 2
| #define SIZEOF_UNSIGNED_LONG 8
| #define SIZEOF_INT_P 8
| #define TIME_WITH_SYS_TIME 1
| #define HAVE_STRUCT_TM_TM_ZONE 1
| #define HAVE_TM_ZONE 1
| #define PIDTYPE pid_t
| #define SYS_ERRLIST_IN_STDIO_H 1
| #define HAVE_MEMCPY 1
| #define HAVE_BCOPY 1
| #define HAVE_STRCHR 1
| /* end confdefs.h.  */
| 
| /* Override any GCC internal prototype to avoid an error.
|    Use char because int might match the return type of a GCC
|    builtin and then its argument prototype would still apply.  */
| #ifdef __cplusplus
| extern "C"
| #endif
| char XextCreateExtension ();
| int
| main ()
| {
| return XextCreateExtension ();
|   ;
|   return 0;
| }
configure:6168: result: no
configure:6174: checking for XDefaultString in -lXIM
configure:6199: gcc -o conftest -g -O2   conftest.c -lXIM -lXt -lX11   >&5
/usr/bin/ld: cannot find -lXIM
/usr/bin/ld: cannot find -lXt
collect2: error: ld returned 1 exit status
configure:6199: $? = 1
configure: failed program was:
| /* confdefs.h */
| #define PACKAGE_NAME "src/spshed.c"
| #define PACKAGE_TARNAME "src-spshed-c"
| #define PACKAGE_VERSION "1.8"
| #define PACKAGE_STRING "src/spshed.c 1.8"
| #define PACKAGE_BUGREPORT ""
| #define PACKAGE_URL ""
| #define NETWORK_VERSION 1
| #define USING_MMAP 1
| #define USING_FLOCK 1
| #define SOCKLEN_T socklen_t
| #define OS_LINUX 1
| #define BUGGY_DELCURTERM 1
| #define HAVE_LONG_FILE_NAMES 1
| #define HAVE_DIRENT_H 1
| #define STDC_HEADERS 1
| #define HAVE_SYS_TYPES_H 1
| #define HAVE_SYS_STAT_H 1
| #define HAVE_STDLIB_H 1
| #define HAVE_STRING_H 1
| #define HAVE_MEMORY_H 1
| #define HAVE_STRINGS_H 1
| #define HAVE_INTTYPES_H 1
| #define HAVE_STDINT_H 1
| #define HAVE_UNISTD_H 1
| #define HAVE_FCNTL_H 1
| #define HAVE_LIMITS_H 1
| #define HAVE_MALLOC_H 1
| #define HAVE_STDLIB_H 1
| #define HAVE_TERMIO_H 1
| #define HAVE_TERMIOS_H 1
| #define HAVE_UNISTD_H 1
| #define HAVE_WAIT_H 1
| #define HAVE_SYS_IOCTL_H 1
| #define HAVE_SYS_SELECT_H 1
| #define HAVE_SYS_TIME_H 1
| #define HAVE_SYS_MMAN_H 1
| #define SIZEOF_INT 4
| #define SIZEOF_SHORT 2
| #define SIZEOF_LONG 8
| #define SIZEOF_UNSIGNED 4
| #define SIZEOF_UNSIGNED_SHORT 2
| #define SIZEOF_UNSIGNED_LONG 8
| #define SIZEOF_INT_P 8
| #define TIME_WITH_SYS_TIME 1
| #define HAVE_STRUCT_TM_TM_ZONE 1
| #define HAVE_TM_ZONE 1
| #define PIDTYPE pid_t
| #define SYS_ERRLIST_IN_STDIO_H 1
| #define HAVE_MEMCPY 1
| #define HAVE_BCOPY 1
| #define HAVE_STRCHR 1
| /* end confdefs.h.  */
| 
| /* Override any GCC internal prototype to avoid an error.
|    Use char because int might match the return type of a GCC
|    builtin and then its argument prototype would still apply.  */
| #ifdef __cplusplus
| extern "C"
| #endif
| char XDefaultString ();
| int
| main ()
| {
| return XDefaultString ();
|   ;
|   return 0;
| }
configure:6208: result: no
configure:6214: checking for regex in -lgen
configure:6239: gcc -o conftest -g -O2   conftest.c -lgen   >&5
/usr/bin/ld: cannot find -lgen
collect2: error: ld returned 1 exit status
configure:6239: $? = 1
configure: failed program was:
| /* confdefs.h */
| #define PACKAGE_NAME "src/spshed.c"
| #define PACKAGE_TARNAME "src-spshed-c"
| #define PACKAGE_VERSION "1.8"
| #define PACKAGE_STRING "src/spshed.c 1.8"
| #define PACKAGE_BUGREPORT ""
| #define PACKAGE_URL ""
| #define NETWORK_VERSION 1
| #define USING_MMAP 1
| #define USING_FLOCK 1
| #define SOCKLEN_T socklen_t
| #define OS_LINUX 1
| #define BUGGY_DELCURTERM 1
| #define HAVE_LONG_FILE_NAMES 1
| #define HAVE_DIRENT_H 1
| #define STDC_HEADERS 1
| #define HAVE_SYS_TYPES_H 1
| #define HAVE_SYS_STAT_H 1
| #define HAVE_STDLIB_H 1
| #define HAVE_STRING_H 1
| #define HAVE_MEMORY_H 1
| #define HAVE_STRINGS_H 1
| #define HAVE_INTTYPES_H 1
| #define HAVE_STDINT_H 1
| #define HAVE_UNISTD_H 1
| #define HAVE_FCNTL_H 1
| #define HAVE_LIMITS_H 1
| #define HAVE_MALLOC_H 1
| #define HAVE_STDLIB_H 1
| #define HAVE_TERMIO_H 1
| #define HAVE_TERMIOS_H 1
| #define HAVE_UNISTD_H 1
| #define HAVE_WAIT_H 1
| #define HAVE_SYS_IOCTL_H 1
| #define HAVE_SYS_SELECT_H 1
| #define HAVE_SYS_TIME_H 1
| #define HAVE_SYS_MMAN_H 1
| #define SIZEOF_INT 4
| #define SIZEOF_SHORT 2
| #define SIZEOF_LONG 8
| #define SIZEOF_UNSIGNED 4
| #define SIZEOF_UNSIGNED_SHORT 2
| #define SIZEOF_UNSIGNED_LONG 8
| #define SIZEOF_INT_P 8
| #define TIME_WITH_SYS_TIME 1
| #define HAVE_STRUCT_TM_TM_ZONE 1
| #define HAVE_TM_ZONE 1
| #define PIDTYPE pid_t
| #define SYS_ERRLIST_IN_STDIO_H 1
| #define HAVE_MEMCPY 1
| #define HAVE_BCOPY 1
| #define HAVE_STRCHR 1
| /* end confdefs.h.  */
| 
| /* Override any GCC internal prototype to avoid an error.
|    Use char because int might match the return type of a GCC
|    builtin and then its argument prototype would still apply.  */
| #ifdef __cplusplus
| extern "C"
| #endif
| char regex ();
| int
| main ()
| {
| return regex ();
|   ;
|   return 0;
| }
configure:6248: result: no
configure:6254: checking for XmCreateMenuBar in -lXm
configure:6279: gcc -o conftest -g -O2   conftest.c -lXm -lXt -lX11   >&5
/usr/bin/ld: cannot find -lXm
/usr/bin/ld: cannot find -lXt
collect2: error: ld returned 1 exit status
configure:6279: $? = 1
configure: failed program was:
| /* confdefs.h */
| #define PACKAGE_NAME "src/spshed.c"
| #define PACKAGE_TARNAME "src-spshed-c"
| #define PACKAGE_VERSION "1.8"
| #define PACKAGE_STRING "src/spshed.c 1.8"
| #define PACKAGE_BUGREPORT ""
| #define PACKAGE_URL ""
| #define NETWORK_VERSION 1
| #define USING_MMAP 1
| #define USING_FLOCK 1
| #define SOCKLEN_T socklen_t
| #define OS_LINUX 1
| #define BUGGY_DELCURTERM 1
| #define HAVE_LONG_FILE_NAMES 1
| #define HAVE_DIRENT_H 1
| #define STDC_HEADERS 1
| #define HAVE_SYS_TYPES_H 1
| #define HAVE_SYS_STAT_H 1
| #define HAVE_STDLIB_H 1
| #define HAVE_STRING_H 1
| #define HAVE_MEMORY_H 1
| #define HAVE_STRINGS_H 1
| #define HAVE_INTTYPES_H 1
| #define HAVE_STDINT_H 1
| #define HAVE_UNISTD_H 1
| #define HAVE_FCNTL_H 1
| #define HAVE_LIMITS_H 1
| #define HAVE_MALLOC_H 1
| #define HAVE_STDLIB_H 1
| #define HAVE_TERMIO_H 1
| #define HAVE_TERMIOS_H 1
| #define HAVE_UNISTD_H 1
| #define HAVE_WAIT_H 1
| #define HAVE_SYS_IOCTL_H 1
| #define HAVE_SYS_SELECT_H 1
| #define HAVE_SYS_TIME_H 1
| #define HAVE_SYS_MMAN_H 1
| #define SIZEOF_INT 4
| #define SIZEOF_SHORT 2
| #define SIZEOF_LONG 8
| #define SIZEOF_UNSIGNED 4
| #define SIZEOF_UNSIGNED_SHORT 2
| #define SIZEOF_UNSIGNED_LONG 8
| #define SIZEOF_INT_P 8
| #define TIME_WITH_SYS_TIME 1
| #define HAVE_STRUCT_TM_TM_ZONE 1
| #define HAVE_TM_ZONE 1
| #define PIDTYPE pid_t
| #define SYS_ERRLIST_IN_STDIO_H 1
| #define HAVE_MEMCPY 1
| #define HAVE_BCOPY 1
| #define HAVE_STRCHR 1
| /* end confdefs.h.  */
| 
| /* Override any GCC internal prototype to avoid an error.
|    Use char because int might match the return type of a GCC
|    builtin and then its argument prototype would still apply.  */
| #ifdef __cplusplus
| extern "C"
| #endif
| char XmCreateMenuBar ();
| int
| main ()
| {
| return XmCreateMenuBar ();
|   ;
|   return 0;
| }
configure:6288: result: no
configure:6293: checking for XmCreatePopupMenu in -lXm
configure:6318: gcc -o conftest -g -O2   conftest.c -lXm -lXp -lXt -lX11   >&5
/usr/bin/ld: cannot find -lXm
/usr/bin/ld: cannot find -lXp
/usr/bin/ld: cannot find -lXt
collect2: error: ld returned 1 exit status
configure:6318: $? = 1
configure: failed program was:
| /* confdefs.h */
| #define PACKAGE_NAME "src/spshed.c"
| #define PACKAGE_TARNAME "src-spshed-c"
| #define PACKAGE_VERSION "1.8"
| #define PACKAGE_STRING "src/spshed.c 1.8"
| #define PACKAGE_BUGREPORT ""
| #define PACKAGE_URL ""
| #define NETWORK_VERSION 1
| #define USING_MMAP 1
| #define USING_FLOCK 1
| #define SOCKLEN_T socklen_t
| #define OS_LINUX 1
| #define BUGGY_DELCURTERM 1
| #define HAVE_LONG_FILE_NAMES 1
| #define HAVE_DIRENT_H 1
| #define STDC_HEADERS 1
| #define HAVE_SYS_TYPES_H 1
| #define HAVE_SYS_STAT_H 1
| #define HAVE_STDLIB_H 1
| #define HAVE_STRING_H 1
| #define HAVE_MEMORY_H 1
| #define HAVE_STRINGS_H 1
| #define HAVE_INTTYPES_H 1
| #define HAVE_STDINT_H 1
| #define HAVE_UNISTD_H 1
| #define HAVE_FCNTL_H 1
| #define HAVE_LIMITS_H 1
| #define HAVE_MALLOC_H 1
| #define HAVE_STDLIB_H 1
| #define HAVE_TERMIO_H 1
| #define HAVE_TERMIOS_H 1
| #define HAVE_UNISTD_H 1
| #define HAVE_WAIT_H 1
| #define HAVE_SYS_IOCTL_H 1
| #define HAVE_SYS_SELECT_H 1
| #define HAVE_SYS_TIME_H 1
| #define HAVE_SYS_MMAN_H 1
| #define SIZEOF_INT 4
| #define SIZEOF_SHORT 2
| #define SIZEOF_LONG 8
| #define SIZEOF_UNSIGNED 4
| #define SIZEOF_UNSIGNED_SHORT 2
| #define SIZEOF_UNSIGNED_LONG 8
| #define SIZEOF_INT_P 8
| #define TIME_WITH_SYS_TIME 1
| #define HAVE_STRUCT_TM_TM_ZONE 1
| #define HAVE_TM_ZONE 1
| #define PIDTYPE pid_t
| #define SYS_ERRLIST_IN_STDIO_H 1
| #define HAVE_MEMCPY 1
| #define HAVE_BCOPY 1
| #define HAVE_STRCHR 1
| /* end confdefs.h.  */
| 
| /* Override any GCC internal prototype to avoid an error.
|    Use char because int might match the return type of a GCC
|    builtin and then its argument prototype would still apply.  */
| #ifdef __cplusplus
| extern "C"
| #endif
| char XmCreatePopupMenu ();
| int
| main ()
| {
| return XmCreatePopupMenu ();
|   ;
|   return 0;
| }
configure:6327: result: no
configure:6332: result: No motif library found - not building X
configure:6349: gcc -E  conftest.c
conftest.c:54:10: fatal error: Xm/Xm.h: No such file or directory
 #include <Xm/Xm.h>
          ^~~~~~~~~
compilation terminated.
configure:6349: $? = 1
configure: failed program was:
| /* confdefs.h */
| #define PACKAGE_NAME "src/spshed.c"
| #define PACKAGE_TARNAME "src-spshed-c"
| #define PACKAGE_VERSION "1.8"
| #define PACKAGE_STRING "src/spshed.c 1.8"
| #define PACKAGE_BUGREPORT ""
| #define PACKAGE_URL ""
| #define NETWORK_VERSION 1
| #define USING_MMAP 1
| #define USING_FLOCK 1
| #define SOCKLEN_T socklen_t
| #define OS_LINUX 1
| #define BUGGY_DELCURTERM 1
| #define HAVE_LONG_FILE_NAMES 1
| #define HAVE_DIRENT_H 1
| #define STDC_HEADERS 1
| #define HAVE_SYS_TYPES_H 1
| #define HAVE_SYS_STAT_H 1
| #define HAVE_STDLIB_H 1
| #define HAVE_STRING_H 1
| #define HAVE_MEMORY_H 1
| #define HAVE_STRINGS_H 1
| #define HAVE_INTTYPES_H 1
| #define HAVE_STDINT_H 1
| #define HAVE_UNISTD_H 1
| #define HAVE_FCNTL_H 1
| #define HAVE_LIMITS_H 1
| #define HAVE_MALLOC_H 1
| #define HAVE_STDLIB_H 1
| #define HAVE_TERMIO_H 1
| #define HAVE_TERMIOS_H 1
| #define HAVE_UNISTD_H 1
| #define HAVE_WAIT_H 1
| #define HAVE_SYS_IOCTL_H 1
| #define HAVE_SYS_SELECT_H 1
| #define HAVE_SYS_TIME_H 1
| #define HAVE_SYS_MMAN_H 1
| #define SIZEOF_INT 4
| #define SIZEOF_SHORT 2
| #define SIZEOF_LONG 8
| #define SIZEOF_UNSIGNED 4
| #define SIZEOF_UNSIGNED_SHORT 2
| #define SIZEOF_UNSIGNED_LONG 8
| #define SIZEOF_INT_P 8
| #define TIME_WITH_SYS_TIME 1
| #define HAVE_STRUCT_TM_TM_ZONE 1
| #define HAVE_TM_ZONE 1
| #define PIDTYPE pid_t
| #define SYS_ERRLIST_IN_STDIO_H 1
| #define HAVE_MEMCPY 1
| #define HAVE_BCOPY 1
| #define HAVE_STRCHR 1
| /* end confdefs.h.  */
| #include <Xm/Xm.h>
configure:6352: result: No motif header found - not building X
configure:6362: checking for XmRenditionCreate in -lXm
configure:6387: gcc -o conftest -g -O2   conftest.c -lXm   >&5
/usr/bin/ld: cannot find -lXm
collect2: error: ld returned 1 exit status
configure:6387: $? = 1
configure: failed program was:
| /* confdefs.h */
| #define PACKAGE_NAME "src/spshed.c"
| #define PACKAGE_TARNAME "src-spshed-c"
| #define PACKAGE_VERSION "1.8"
| #define PACKAGE_STRING "src/spshed.c 1.8"
| #define PACKAGE_BUGREPORT ""
| #define PACKAGE_URL ""
| #define NETWORK_VERSION 1
| #define USING_MMAP 1
| #define USING_FLOCK 1
| #define SOCKLEN_T socklen_t
| #define OS_LINUX 1
| #define BUGGY_DELCURTERM 1
| #define HAVE_LONG_FILE_NAMES 1
| #define HAVE_DIRENT_H 1
| #define STDC_HEADERS 1
| #define HAVE_SYS_TYPES_H 1
| #define HAVE_SYS_STAT_H 1
| #define HAVE_STDLIB_H 1
| #define HAVE_STRING_H 1
| #define HAVE_MEMORY_H 1
| #define HAVE_STRINGS_H 1
| #define HAVE_INTTYPES_H 1
| #define HAVE_STDINT_H 1
| #define HAVE_UNISTD_H 1
| #define HAVE_FCNTL_H 1
| #define HAVE_LIMITS_H 1
| #define HAVE_MALLOC_H 1
| #define HAVE_STDLIB_H 1
| #define HAVE_TERMIO_H 1
| #define HAVE_TERMIOS_H 1
| #define HAVE_UNISTD_H 1
| #define HAVE_WAIT_H 1
| #define HAVE_SYS_IOCTL_H 1
| #define HAVE_SYS_SELECT_H 1
| #define HAVE_SYS_TIME_H 1
| #define HAVE_SYS_MMAN_H 1
| #define SIZEOF_INT 4
| #define SIZEOF_SHORT 2
| #define SIZEOF_LONG 8
| #define SIZEOF_UNSIGNED 4
| #define SIZEOF_UNSIGNED_SHORT 2
| #define SIZEOF_UNSIGNED_LONG 8
| #define SIZEOF_INT_P 8
| #define TIME_WITH_SYS_TIME 1
| #define HAVE_STRUCT_TM_TM_ZONE 1
| #define HAVE_TM_ZONE 1
| #define PIDTYPE pid_t
| #define SYS_ERRLIST_IN_STDIO_H 1
| #define HAVE_MEMCPY 1
| #define HAVE_BCOPY 1
| #define HAVE_STRCHR 1
| /* end confdefs.h.  */
| 
| /* Override any GCC internal prototype to avoid an error.
|    Use char because int might match the return type of a GCC
|    builtin and then its argument prototype would still apply.  */
| #ifdef __cplusplus
| extern "C"
| #endif
| char XmRenditionCreate ();
| int
| main ()
| {
| return XmRenditionCreate ();
|   ;
|   return 0;
| }
configure:6396: result: no
configure:6408: checking Xm/SpinB.h usability
configure:6408: gcc -c -g -O2  conftest.c >&5
conftest.c:87:10: fatal error: Xm/SpinB.h: No such file or directory
 #include <Xm/SpinB.h>
          ^~~~~~~~~~~~
compilation terminated.
configure:6408: $? = 1
configure: failed program was:
| /* confdefs.h */
| #define PACKAGE_NAME "src/spshed.c"
| #define PACKAGE_TARNAME "src-spshed-c"
| #define PACKAGE_VERSION "1.8"
| #define PACKAGE_STRING "src/spshed.c 1.8"
| #define PACKAGE_BUGREPORT ""
| #define PACKAGE_URL ""
| #define NETWORK_VERSION 1
| #define USING_MMAP 1
| #define USING_FLOCK 1
| #define SOCKLEN_T socklen_t
| #define OS_LINUX 1
| #define BUGGY_DELCURTERM 1
| #define HAVE_LONG_FILE_NAMES 1
| #define HAVE_DIRENT_H 1
| #define STDC_HEADERS 1
| #define HAVE_SYS_TYPES_H 1
| #define HAVE_SYS_STAT_H 1
| #define HAVE_STDLIB_H 1
| #define HAVE_STRING_H 1
| #define HAVE_MEMORY_H 1
| #define HAVE_STRINGS_H 1
| #define HAVE_INTTYPES_H 1
| #define HAVE_STDINT_H 1
| #define HAVE_UNISTD_H 1
| #define HAVE_FCNTL_H 1
| #define HAVE_LIMITS_H 1
| #define HAVE_MALLOC_H 1
| #define HAVE_STDLIB_H 1
| #define HAVE_TERMIO_H 1
| #define HAVE_TERMIOS_H 1
| #define HAVE_UNISTD_H 1
| #define HAVE_WAIT_H 1
| #define HAVE_SYS_IOCTL_H 1
| #define HAVE_SYS_SELECT_H 1
| #define HAVE_SYS_TIME_H 1
| #define HAVE_SYS_MMAN_H 1
| #define SIZEOF_INT 4
| #define SIZEOF_SHORT 2
| #define SIZEOF_LONG 8
| #define SIZEOF_UNSIGNED 4
| #define SIZEOF_UNSIGNED_SHORT 2
| #define SIZEOF_UNSIGNED_LONG 8
| #define SIZEOF_INT_P 8
| #define TIME_WITH_SYS_TIME 1
| #define HAVE_STRUCT_TM_TM_ZONE 1
| #define HAVE_TM_ZONE 1
| #define PIDTYPE pid_t
| #define SYS_ERRLIST_IN_STDIO_H 1
| #define HAVE_MEMCPY 1
| #define HAVE_BCOPY 1
| #define HAVE_STRCHR 1
| /* end confdefs.h.  */
| #include <stdio.h>
| #ifdef HAVE_SYS_TYPES_H
| # include <sys/types.h>
| #endif
| #ifdef HAVE_SYS_STAT_H
| # include <sys/stat.h>
| #endif
| #ifdef STDC_HEADERS
| # include <stdlib.h>
| # include <stddef.h>
| #else
| # ifdef HAVE_STDLIB_H
| #  include <stdlib.h>
| # endif
| #endif
| #ifdef HAVE_STRING_H
| # if !defined STDC_HEADERS && defined HAVE_MEMORY_H
| #  include <memory.h>
| # endif
| # include <string.h>
| #endif
| #ifdef HAVE_STRINGS_H
| # include <strings.h>
| #endif
| #ifdef HAVE_INTTYPES_H
| # include <inttypes.h>
| #endif
| #ifdef HAVE_STDINT_H
| # include <stdint.h>
| #endif
| #ifdef HAVE_UNISTD_H
| # include <unistd.h>
| #endif
| #include <Xm/SpinB.h>
configure:6408: result: no
configure:6408: checking Xm/SpinB.h presence
configure:6408: gcc -E  conftest.c
conftest.c:54:10: fatal error: Xm/SpinB.h: No such file or directory
 #include <Xm/SpinB.h>
          ^~~~~~~~~~~~
compilation terminated.
configure:6408: $? = 1
configure: failed program was:
| /* confdefs.h */
| #define PACKAGE_NAME "src/spshed.c"
| #define PACKAGE_TARNAME "src-spshed-c"
| #define PACKAGE_VERSION "1.8"
| #define PACKAGE_STRING "src/spshed.c 1.8"
| #define PACKAGE_BUGREPORT ""
| #define PACKAGE_URL ""
| #define NETWORK_VERSION 1
| #define USING_MMAP 1
| #define USING_FLOCK 1
| #define SOCKLEN_T socklen_t
| #define OS_LINUX 1
| #define BUGGY_DELCURTERM 1
| #define HAVE_LONG_FILE_NAMES 1
| #define HAVE_DIRENT_H 1
| #define STDC_HEADERS 1
| #define HAVE_SYS_TYPES_H 1
| #define HAVE_SYS_STAT_H 1
| #define HAVE_STDLIB_H 1
| #define HAVE_STRING_H 1
| #define HAVE_MEMORY_H 1
| #define HAVE_STRINGS_H 1
| #define HAVE_INTTYPES_H 1
| #define HAVE_STDINT_H 1
| #define HAVE_UNISTD_H 1
| #define HAVE_FCNTL_H 1
| #define HAVE_LIMITS_H 1
| #define HAVE_MALLOC_H 1
| #define HAVE_STDLIB_H 1
| #define HAVE_TERMIO_H 1
| #define HAVE_TERMIOS_H 1
| #define HAVE_UNISTD_H 1
| #define HAVE_WAIT_H 1
| #define HAVE_SYS_IOCTL_H 1
| #define HAVE_SYS_SELECT_H 1
| #define HAVE_SYS_TIME_H 1
| #define HAVE_SYS_MMAN_H 1
| #define SIZEOF_INT 4
| #define SIZEOF_SHORT 2
| #define SIZEOF_LONG 8
| #define SIZEOF_UNSIGNED 4
| #define SIZEOF_UNSIGNED_SHORT 2
| #define SIZEOF_UNSIGNED_LONG 8
| #define SIZEOF_INT_P 8
| #define TIME_WITH_SYS_TIME 1
| #define HAVE_STRUCT_TM_TM_ZONE 1
| #define HAVE_TM_ZONE 1
| #define PIDTYPE pid_t
| #define SYS_ERRLIST_IN_STDIO_H 1
| #define HAVE_MEMCPY 1
| #define HAVE_BCOPY 1
| #define HAVE_STRCHR 1
| /* end confdefs.h.  */
| #include <Xm/SpinB.h>
configure:6408: result: no
configure:6408: checking for Xm/SpinB.h
configure:6408: result: no
configure:6408: checking Xm/ComboBox.h usability
configure:6408: gcc -c -g -O2  conftest.c >&5
conftest.c:87:10: fatal error: Xm/ComboBox.h: No such file or directory
 #include <Xm/ComboBox.h>
          ^~~~~~~~~~~~~~~
compilation terminated.
configure:6408: $? = 1
configure: failed program was:
| /* confdefs.h */
| #define PACKAGE_NAME "src/spshed.c"
| #define PACKAGE_TARNAME "src-spshed-c"
| #define PACKAGE_VERSION "1.8"
| #define PACKAGE_STRING "src/spshed.c 1.8"
| #define PACKAGE_BUGREPORT ""
| #define PACKAGE_URL ""
| #define NETWORK_VERSION 1
| #define USING_MMAP 1
| #define USING_FLOCK 1
| #define SOCKLEN_T socklen_t
| #define OS_LINUX 1
| #define BUGGY_DELCURTERM 1
| #define HAVE_LONG_FILE_NAMES 1
| #define HAVE_DIRENT_H 1
| #define STDC_HEADERS 1
| #define HAVE_SYS_TYPES_H 1
| #define HAVE_SYS_STAT_H 1
| #define HAVE_STDLIB_H 1
| #define HAVE_STRING_H 1
| #define HAVE_MEMORY_H 1
| #define HAVE_STRINGS_H 1
| #define HAVE_INTTYPES_H 1
| #define HAVE_STDINT_H 1
| #define HAVE_UNISTD_H 1
| #define HAVE_FCNTL_H 1
| #define HAVE_LIMITS_H 1
| #define HAVE_MALLOC_H 1
| #define HAVE_STDLIB_H 1
| #define HAVE_TERMIO_H 1
| #define HAVE_TERMIOS_H 1
| #define HAVE_UNISTD_H 1
| #define HAVE_WAIT_H 1
| #define HAVE_SYS_IOCTL_H 1
| #define HAVE_SYS_SELECT_H 1
| #define HAVE_SYS_TIME_H 1
| #define HAVE_SYS_MMAN_H 1
| #define SIZEOF_INT 4
| #define SIZEOF_SHORT 2
| #define SIZEOF_LONG 8
| #define SIZEOF_UNSIGNED 4
| #define SIZEOF_UNSIGNED_SHORT 2
| #define SIZEOF_UNSIGNED_LONG 8
| #define SIZEOF_INT_P 8
| #define TIME_WITH_SYS_TIME 1
| #define HAVE_STRUCT_TM_TM_ZONE 1
| #define HAVE_TM_ZONE 1
| #define PIDTYPE pid_t
| #define SYS_ERRLIST_IN_STDIO_H 1
| #define HAVE_MEMCPY 1
| #define HAVE_BCOPY 1
| #define HAVE_STRCHR 1
| /* end confdefs.h.  */
| #include <stdio.h>
| #ifdef HAVE_SYS_TYPES_H
| # include <sys/types.h>
| #endif
| #ifdef HAVE_SYS_STAT_H
| # include <sys/stat.h>
| #endif
| #ifdef STDC_HEADERS
| # include <stdlib.h>
| # include <stddef.h>
| #else
| # ifdef HAVE_STDLIB_H
| #  include <stdlib.h>
| # endif
| #endif
| #ifdef HAVE_STRING_H
| # if !defined STDC_HEADERS && defined HAVE_MEMORY_H
| #  include <memory.h>
| # endif
| # include <string.h>
| #endif
| #ifdef HAVE_STRINGS_H
| # include <strings.h>
| #endif
| #ifdef HAVE_INTTYPES_H
| # include <inttypes.h>
| #endif
| #ifdef HAVE_STDINT_H
| # include <stdint.h>
| #endif
| #ifdef HAVE_UNISTD_H
| # include <unistd.h>
| #endif
| #include <Xm/ComboBox.h>
configure:6408: result: no
configure:6408: checking Xm/ComboBox.h presence
configure:6408: gcc -E  conftest.c
conftest.c:54:10: fatal error: Xm/ComboBox.h: No such file or directory
 #include <Xm/ComboBox.h>
          ^~~~~~~~~~~~~~~
compilation terminated.
configure:6408: $? = 1
configure: failed program was:
| /* confdefs.h */
| #define PACKAGE_NAME "src/spshed.c"
| #define PACKAGE_TARNAME "src-spshed-c"
| #define PACKAGE_VERSION "1.8"
| #define PACKAGE_STRING "src/spshed.c 1.8"
| #define PACKAGE_BUGREPORT ""
| #define PACKAGE_URL ""
| #define NETWORK_VERSION 1
| #define USING_MMAP 1
| #define USING_FLOCK 1
| #define SOCKLEN_T socklen_t
| #define OS_LINUX 1
| #define BUGGY_DELCURTERM 1
| #define HAVE_LONG_FILE_NAMES 1
| #define HAVE_DIRENT_H 1
| #define STDC_HEADERS 1
| #define HAVE_SYS_TYPES_H 1
| #define HAVE_SYS_STAT_H 1
| #define HAVE_STDLIB_H 1
| #define HAVE_STRING_H 1
| #define HAVE_MEMORY_H 1
| #define HAVE_STRINGS_H 1
| #define HAVE_INTTYPES_H 1
| #define HAVE_STDINT_H 1
| #define HAVE_UNISTD_H 1
| #define HAVE_FCNTL_H 1
| #define HAVE_LIMITS_H 1
| #define HAVE_MALLOC_H 1
| #define HAVE_STDLIB_H 1
| #define HAVE_TERMIO_H 1
| #define HAVE_TERMIOS_H 1
| #define HAVE_UNISTD_H 1
| #define HAVE_WAIT_H 1
| #define HAVE_SYS_IOCTL_H 1
| #define HAVE_SYS_SELECT_H 1
| #define HAVE_SYS_TIME_H 1
| #define HAVE_SYS_MMAN_H 1
| #define SIZEOF_INT 4
| #define SIZEOF_SHORT 2
| #define SIZEOF_LONG 8
| #define SIZEOF_UNSIGNED 4
| #define SIZEOF_UNSIGNED_SHORT 2
| #define SIZEOF_UNSIGNED_LONG 8
| #define SIZEOF_INT_P 8
| #define TIME_WITH_SYS_TIME 1
| #define HAVE_STRUCT_TM_TM_ZONE 1
| #define HAVE_TM_ZONE 1
| #define PIDTYPE pid_t
| #define SYS_ERRLIST_IN_STDIO_H 1
| #define HAVE_MEMCPY 1
| #define HAVE_BCOPY 1
| #define HAVE_STRCHR 1
| /* end confdefs.h.  */
| #include <Xm/ComboBox.h>
configure:6408: result: no
configure:6408: checking for Xm/ComboBox.h
configure:6408: result: no
configure:6419: checking Checking to see if it is LessTif
configure:6432: result: Apparently not
configure:6444: checking for wrefresh in -lcurses
configure:6469: gcc -o conftest -g -O2   conftest.c -lcurses   >&5
configure:6469: $? = 0
configure:6478: result: yes
configure:6577: gcc -c -g -O2  conftest.c >&5
conftest.c: In function 'main':
conftest.c:58:15: error: storage size of 'x' isn't known
 struct termio x;return sizeof(x);
               ^
configure:6577: $? = 1
configure: failed program was:
| /* confdefs.h */
| #define PACKAGE_NAME "src/spshed.c"
| #define PACKAGE_TARNAME "src-spshed-c"
| #define PACKAGE_VERSION "1.8"
| #define PACKAGE_STRING "src/spshed.c 1.8"
| #define PACKAGE_BUGREPORT ""
| #define PACKAGE_URL ""
| #define NETWORK_VERSION 1
| #define USING_MMAP 1
| #define USING_FLOCK 1
| #define SOCKLEN_T socklen_t
| #define OS_LINUX 1
| #define BUGGY_DELCURTERM 1
| #define HAVE_LONG_FILE_NAMES 1
| #define HAVE_DIRENT_H 1
| #define STDC_HEADERS 1
| #define HAVE_SYS_TYPES_H 1
| #define HAVE_SYS_STAT_H 1
| #define HAVE_STDLIB_H 1
| #define HAVE_STRING_H 1
| #define HAVE_MEMORY_H 1
| #define HAVE_STRINGS_H 1
| #define HAVE_INTTYPES_H 1
| #define HAVE_STDINT_H 1
| #define HAVE_UNISTD_H 1
| #define HAVE_FCNTL_H 1
| #define HAVE_LIMITS_H 1
| #define HAVE_MALLOC_H 1
| #define HAVE_STDLIB_H 1
| #define HAVE_TERMIO_H 1
| #define HAVE_TERMIOS_H 1
| #define HAVE_UNISTD_H 1
| #define HAVE_WAIT_H 1
| #define HAVE_SYS_IOCTL_H 1
| #define HAVE_SYS_SELECT_H 1
| #define HAVE_SYS_TIME_H 1
| #define HAVE_SYS_MMAN_H 1
| #define SIZEOF_INT 4
| #define SIZEOF_SHORT 2
| #define SIZEOF_LONG 8
| #define SIZEOF_UNSIGNED 4
| #define SIZEOF_UNSIGNED_SHORT 2
| #define SIZEOF_UNSIGNED_LONG 8
| #define SIZEOF_INT_P 8
| #define TIME_WITH_SYS_TIME 1
| #define HAVE_STRUCT_TM_TM_ZONE 1
| #define HAVE_TM_ZONE 1
| #define PIDTYPE pid_t
| #define SYS_ERRLIST_IN_STDIO_H 1
| #define HAVE_MEMCPY 1
| #define HAVE_BCOPY 1
| #define HAVE_STRCHR 1
| /* end confdefs.h.  */
| #include <curses.h>
| int
| main ()
| {
| struct termio x;return sizeof(x);
|   ;
|   return 0;
| }
configure:6584: checking for doupdate in -lc
configure:6609: gcc -o conftest -g -O2   conftest.c -lc -lcurses  >&5
configure:6609: $? = 0
configure:6618: result: yes
configure:6623: checking for tigetstr in -lc
configure:6648: gcc -o conftest -g -O2   conftest.c -lc -lcurses  >&5
configure:6648: $? = 0
configure:6657: result: yes
configure:6668: checking curses overlap bug
configure:6699: gcc -o conftest -g -O2   conftest.c -lcurses  >&5
conftest.c:58:1: warning: return type defaults to 'int' [-Wimplicit-int]
 main()
 ^~~~
conftest.c: In function 'main':
conftest.c:61:6: warning: implicit declaration of function 'open'; did you mean 'popen'? [-Wimplicit-function-declaration]
  r = open("/dev/null", 1);
      ^~~~
      popen
conftest.c:62:2: warning: implicit declaration of function 'dup2' [-Wimplicit-function-declaration]
  dup2(r, 1);
  ^~~~
conftest.c:72:2: warning: implicit declaration of function 'exit' [-Wimplicit-function-declaration]
  exit(ch == 'A'? 0: 1);
  ^~~~
conftest.c:72:2: warning: incompatible implicit declaration of built-in function 'exit'
conftest.c:72:2: note: include '<stdlib.h>' or provide a declaration of 'exit'
configure:6699: $? = 0
configure:6699: ./conftest
configure:6699: $? = 0
configure:6700: result: I think it is OK
configure:6715: checking maximum shared memory size
configure:6774: gcc -o conftest -g -O2   conftest.c  >&5
conftest.c:75:1: warning: return type defaults to 'int' [-Wimplicit-int]
 main()
 ^~~~
conftest.c: In function 'main':
conftest.c:82:3: warning: implicit declaration of function 'exit' [-Wimplicit-function-declaration]
   exit(0);
   ^~~~
conftest.c:82:3: warning: incompatible implicit declaration of built-in function 'exit'
conftest.c:82:3: note: include '<stdlib.h>' or provide a declaration of 'exit'
conftest.c:86:3: warning: incompatible implicit declaration of built-in function 'exit'
   exit(1);
   ^~~~
conftest.c:86:3: note: include '<stdlib.h>' or provide a declaration of 'exit'
conftest.c:102:2: warning: incompatible implicit declaration of built-in function 'exit'
  exit(0);
  ^~~~
conftest.c:102:2: note: include '<stdlib.h>' or provide a declaration of 'exit'
configure:6774: $? = 0
configure:6774: ./conftest
configure:6774: $? = 0
configure:6776: result: 134217728
configure:6786: checking maximum number of messages on message queue
configure:6836: gcc -o conftest -g -O2   conftest.c  >&5
conftest.c:74:1: warning: return type defaults to 'int' [-Wimplicit-int]
 main(argc, argv) int argc; char **argv;
 ^~~~
conftest.c: In function 'main':
conftest.c:80:11: warning: implicit declaration of function 'atoi'; did you mean 'ftok'? [-Wimplicit-function-declaration]
   nmsgs = atoi(argv[1]);
           ^~~~
           ftok
conftest.c:82:3: warning: implicit declaration of function 'exit' [-Wimplicit-function-declaration]
   exit(2);
   ^~~~
conftest.c:82:3: warning: incompatible implicit declaration of built-in function 'exit'
conftest.c:82:3: note: include '<stdlib.h>' or provide a declaration of 'exit'
configure:6836: $? = 0
configure:6836: ./conftest
configure:6836: $? = 0
configure:6838: result: 409
configure:6881: result: Allocated initial 20000 jobs 200 printers
configure:6895: checking for atexit
configure:6895: gcc -o conftest -g -O2   conftest.c  >&5
configure:6895: $? = 0
configure:6895: result: yes
configure:6895: checking for fchmod
configure:6895: gcc -o conftest -g -O2   conftest.c  >&5
configure:6895: $? = 0
configure:6895: result: yes
configure:6895: checking for fchown
configure:6895: gcc -o conftest -g -O2   conftest.c  >&5
configure:6895: $? = 0
configure:6895: result: yes
configure:6895: checking for fgetc
configure:6895: gcc -o conftest -g -O2   conftest.c  >&5
configure:6895: $? = 0
configure:6895: result: yes
configure:6895: checking for ftruncate
configure:6895: gcc -o conftest -g -O2   conftest.c  >&5
configure:6895: $? = 0
configure:6895: result: yes
configure:6895: checking for seteuid
configure:6895: gcc -o conftest -g -O2   conftest.c  >&5
configure:6895: $? = 0
configure:6895: result: yes
configure:6895: checking for setreuid
configure:6895: gcc -o conftest -g -O2   conftest.c  >&5
configure:6895: $? = 0
configure:6895: result: yes
configure:6895: checking for mkdir
configure:6895: gcc -o conftest -g -O2   conftest.c  >&5
configure:6895: $? = 0
configure:6895: result: yes
configure:6895: checking for rmdir
configure:6895: gcc -o conftest -g -O2   conftest.c  >&5
configure:6895: $? = 0
configure:6895: result: yes
configure:6895: checking for rename
configure:6895: gcc -o conftest -g -O2   conftest.c  >&5
configure:6895: $? = 0
configure:6895: result: yes
configure:6914: checking for crypt
configure:6914: gcc -o conftest -g -O2   conftest.c  >&5
/tmp/cctvIeeI.o: In function `main':
/home/carolhanna/Security_Project/gnu_dataset/gnuspool-1.8/conftest.c:105: undefined reference to `crypt'
collect2: error: ld returned 1 exit status
configure:6914: $? = 1
configure: failed program was:
| /* confdefs.h */
| #define PACKAGE_NAME "src/spshed.c"
| #define PACKAGE_TARNAME "src-spshed-c"
| #define PACKAGE_VERSION "1.8"
| #define PACKAGE_STRING "src/spshed.c 1.8"
| #define PACKAGE_BUGREPORT ""
| #define PACKAGE_URL ""
| #define NETWORK_VERSION 1
| #define USING_MMAP 1
| #define USING_FLOCK 1
| #define SOCKLEN_T socklen_t
| #define OS_LINUX 1
| #define BUGGY_DELCURTERM 1
| #define HAVE_LONG_FILE_NAMES 1
| #define HAVE_DIRENT_H 1
| #define STDC_HEADERS 1
| #define HAVE_SYS_TYPES_H 1
| #define HAVE_SYS_STAT_H 1
| #define HAVE_STDLIB_H 1
| #define HAVE_STRING_H 1
| #define HAVE_MEMORY_H 1
| #define HAVE_STRINGS_H 1
| #define HAVE_INTTYPES_H 1
| #define HAVE_STDINT_H 1
| #define HAVE_UNISTD_H 1
| #define HAVE_FCNTL_H 1
| #define HAVE_LIMITS_H 1
| #define HAVE_MALLOC_H 1
| #define HAVE_STDLIB_H 1
| #define HAVE_TERMIO_H 1
| #define HAVE_TERMIOS_H 1
| #define HAVE_UNISTD_H 1
| #define HAVE_WAIT_H 1
| #define HAVE_SYS_IOCTL_H 1
| #define HAVE_SYS_SELECT_H 1
| #define HAVE_SYS_TIME_H 1
| #define HAVE_SYS_MMAN_H 1
| #define SIZEOF_INT 4
| #define SIZEOF_SHORT 2
| #define SIZEOF_LONG 8
| #define SIZEOF_UNSIGNED 4
| #define SIZEOF_UNSIGNED_SHORT 2
| #define SIZEOF_UNSIGNED_LONG 8
| #define SIZEOF_INT_P 8
| #define TIME_WITH_SYS_TIME 1
| #define HAVE_STRUCT_TM_TM_ZONE 1
| #define HAVE_TM_ZONE 1
| #define PIDTYPE pid_t
| #define SYS_ERRLIST_IN_STDIO_H 1
| #define HAVE_MEMCPY 1
| #define HAVE_BCOPY 1
| #define HAVE_STRCHR 1
| #define NO_TERMIO_IN_CURSES 1
| #define HAVE_TERMINFO 1
| #define HAVE_TIGETSTR 1
| #define NUMXBUFS 409
| #define INITJALLOC 20000
| #define INITPALLOC 200
| #define HAVE_ATEXIT 1
| #define HAVE_FCHMOD 1
| #define HAVE_FCHOWN 1
| #define HAVE_FGETC 1
| #define HAVE_FTRUNCATE 1
| #define HAVE_SETEUID 1
| #define HAVE_SETREUID 1
| #define HAVE_MKDIR 1
| #define HAVE_RMDIR 1
| #define HAVE_RENAME 1
| #define ID_SWAP 1
| /* end confdefs.h.  */
| /* Define crypt to an innocuous variant, in case <limits.h> declares crypt.
|    For example, HP-UX 11i <limits.h> declares gettimeofday.  */
| #define crypt innocuous_crypt
| 
| /* System header to define __stub macros and hopefully few prototypes,
|     which can conflict with char crypt (); below.
|     Prefer <limits.h> to <assert.h> if __STDC__ is defined, since
|     <limits.h> exists even on freestanding compilers.  */
| 
| #ifdef __STDC__
| # include <limits.h>
| #else
| # include <assert.h>
| #endif
| 
| #undef crypt
| 
| /* Override any GCC internal prototype to avoid an error.
|    Use char because int might match the return type of a GCC
|    builtin and then its argument prototype would still apply.  */
| #ifdef __cplusplus
| extern "C"
| #endif
| char crypt ();
| /* The GNU C library defines this for functions which it implements
|     to always fail with ENOSYS.  Some functions are actually named
|     something starting with __ and the normal name is an alias.  */
| #if defined __stub_crypt || defined __stub___crypt
| choke me
| #endif
| 
| int
| main ()
| {
| return crypt ();
|   ;
|   return 0;
| }
configure:6914: result: no
configure:6918: checking for crypt in -lcrypt
configure:6943: gcc -o conftest -g -O2   conftest.c -lcrypt   >&5
configure:6943: $? = 0
configure:6952: result: yes
configure:6964: checking for getspent
configure:6964: gcc -o conftest -g -O2   conftest.c  >&5
configure:6964: $? = 0
configure:6964: result: yes
configure:7013: checking whether getpgrp requires zero arguments
configure:7030: gcc -c -g -O2  conftest.c >&5
conftest.c: In function 'main':
conftest.c:108:1: error: too many arguments to function 'getpgrp'
 getpgrp (0);
 ^~~~~~~
In file included from conftest.c:103:0:
/usr/include/unistd.h:637:16: note: declared here
 extern __pid_t getpgrp (void) __THROW;
                ^~~~~~~
configure:7030: $? = 1
configure: failed program was:
| /* confdefs.h */
| #define PACKAGE_NAME "src/spshed.c"
| #define PACKAGE_TARNAME "src-spshed-c"
| #define PACKAGE_VERSION "1.8"
| #define PACKAGE_STRING "src/spshed.c 1.8"
| #define PACKAGE_BUGREPORT ""
| #define PACKAGE_URL ""
| #define NETWORK_VERSION 1
| #define USING_MMAP 1
| #define USING_FLOCK 1
| #define SOCKLEN_T socklen_t
| #define OS_LINUX 1
| #define BUGGY_DELCURTERM 1
| #define HAVE_LONG_FILE_NAMES 1
| #define HAVE_DIRENT_H 1
| #define STDC_HEADERS 1
| #define HAVE_SYS_TYPES_H 1
| #define HAVE_SYS_STAT_H 1
| #define HAVE_STDLIB_H 1
| #define HAVE_STRING_H 1
| #define HAVE_MEMORY_H 1
| #define HAVE_STRINGS_H 1
| #define HAVE_INTTYPES_H 1
| #define HAVE_STDINT_H 1
| #define HAVE_UNISTD_H 1
| #define HAVE_FCNTL_H 1
| #define HAVE_LIMITS_H 1
| #define HAVE_MALLOC_H 1
| #define HAVE_STDLIB_H 1
| #define HAVE_TERMIO_H 1
| #define HAVE_TERMIOS_H 1
| #define HAVE_UNISTD_H 1
| #define HAVE_WAIT_H 1
| #define HAVE_SYS_IOCTL_H 1
| #define HAVE_SYS_SELECT_H 1
| #define HAVE_SYS_TIME_H 1
| #define HAVE_SYS_MMAN_H 1
| #define SIZEOF_INT 4
| #define SIZEOF_SHORT 2
| #define SIZEOF_LONG 8
| #define SIZEOF_UNSIGNED 4
| #define SIZEOF_UNSIGNED_SHORT 2
| #define SIZEOF_UNSIGNED_LONG 8
| #define SIZEOF_INT_P 8
| #define TIME_WITH_SYS_TIME 1
| #define HAVE_STRUCT_TM_TM_ZONE 1
| #define HAVE_TM_ZONE 1
| #define PIDTYPE pid_t
| #define SYS_ERRLIST_IN_STDIO_H 1
| #define HAVE_MEMCPY 1
| #define HAVE_BCOPY 1
| #define HAVE_STRCHR 1
| #define NO_TERMIO_IN_CURSES 1
| #define HAVE_TERMINFO 1
| #define HAVE_TIGETSTR 1
| #define NUMXBUFS 409
| #define INITJALLOC 20000
| #define INITPALLOC 200
| #define HAVE_ATEXIT 1
| #define HAVE_FCHMOD 1
| #define HAVE_FCHOWN 1
| #define HAVE_FGETC 1
| #define HAVE_FTRUNCATE 1
| #define HAVE_SETEUID 1
| #define HAVE_SETREUID 1
| #define HAVE_MKDIR 1
| #define HAVE_RMDIR 1
| #define HAVE_RENAME 1
| #define ID_SWAP 1
| #define SHADOW_PW 1
| /* end confdefs.h.  */
| #include <stdio.h>
| #ifdef HAVE_SYS_TYPES_H
| # include <sys/types.h>
| #endif
| #ifdef HAVE_SYS_STAT_H
| # include <sys/stat.h>
| #endif
| #ifdef STDC_HEADERS
| # include <stdlib.h>
| # include <stddef.h>
| #else
| # ifdef HAVE_STDLIB_H
| #  include <stdlib.h>
| # endif
| #endif
| #ifdef HAVE_STRING_H
| # if !defined STDC_HEADERS && defined HAVE_MEMORY_H
| #  include <memory.h>
| # endif
| # include <string.h>
| #endif
| #ifdef HAVE_STRINGS_H
| # include <strings.h>
| #endif
| #ifdef HAVE_INTTYPES_H
| # include <inttypes.h>
| #endif
| #ifdef HAVE_STDINT_H
| # include <stdint.h>
| #endif
| #ifdef HAVE_UNISTD_H
| # include <unistd.h>
| #endif
| int
| main ()
| {
| getpgrp (0);
|   ;
|   return 0;
| }
configure:7038: result: yes
configure:7046: checking whether setpgrp takes no argument
configure:7068: gcc -o conftest -g -O2   conftest.c  >&5
conftest.c: In function 'main':
conftest.c:112:10: error: too many arguments to function 'setpgrp'
   return setpgrp (1,1) != -1;
          ^~~~~~~
In file included from conftest.c:104:0:
/usr/include/unistd.h:663:12: note: declared here
 extern int setpgrp (void) __THROW;
            ^~~~~~~
configure:7068: $? = 1
configure: program exited with status 1
configure: failed program was:
| /* confdefs.h */
| #define PACKAGE_NAME "src/spshed.c"
| #define PACKAGE_TARNAME "src-spshed-c"
| #define PACKAGE_VERSION "1.8"
| #define PACKAGE_STRING "src/spshed.c 1.8"
| #define PACKAGE_BUGREPORT ""
| #define PACKAGE_URL ""
| #define NETWORK_VERSION 1
| #define USING_MMAP 1
| #define USING_FLOCK 1
| #define SOCKLEN_T socklen_t
| #define OS_LINUX 1
| #define BUGGY_DELCURTERM 1
| #define HAVE_LONG_FILE_NAMES 1
| #define HAVE_DIRENT_H 1
| #define STDC_HEADERS 1
| #define HAVE_SYS_TYPES_H 1
| #define HAVE_SYS_STAT_H 1
| #define HAVE_STDLIB_H 1
| #define HAVE_STRING_H 1
| #define HAVE_MEMORY_H 1
| #define HAVE_STRINGS_H 1
| #define HAVE_INTTYPES_H 1
| #define HAVE_STDINT_H 1
| #define HAVE_UNISTD_H 1
| #define HAVE_FCNTL_H 1
| #define HAVE_LIMITS_H 1
| #define HAVE_MALLOC_H 1
| #define HAVE_STDLIB_H 1
| #define HAVE_TERMIO_H 1
| #define HAVE_TERMIOS_H 1
| #define HAVE_UNISTD_H 1
| #define HAVE_WAIT_H 1
| #define HAVE_SYS_IOCTL_H 1
| #define HAVE_SYS_SELECT_H 1
| #define HAVE_SYS_TIME_H 1
| #define HAVE_SYS_MMAN_H 1
| #define SIZEOF_INT 4
| #define SIZEOF_SHORT 2
| #define SIZEOF_LONG 8
| #define SIZEOF_UNSIGNED 4
| #define SIZEOF_UNSIGNED_SHORT 2
| #define SIZEOF_UNSIGNED_LONG 8
| #define SIZEOF_INT_P 8
| #define TIME_WITH_SYS_TIME 1
| #define HAVE_STRUCT_TM_TM_ZONE 1
| #define HAVE_TM_ZONE 1
| #define PIDTYPE pid_t
| #define SYS_ERRLIST_IN_STDIO_H 1
| #define HAVE_MEMCPY 1
| #define HAVE_BCOPY 1
| #define HAVE_STRCHR 1
| #define NO_TERMIO_IN_CURSES 1
| #define HAVE_TERMINFO 1
| #define HAVE_TIGETSTR 1
| #define NUMXBUFS 409
| #define INITJALLOC 20000
| #define INITPALLOC 200
| #define HAVE_ATEXIT 1
| #define HAVE_FCHMOD 1
| #define HAVE_FCHOWN 1
| #define HAVE_FGETC 1
| #define HAVE_FTRUNCATE 1
| #define HAVE_SETEUID 1
| #define HAVE_SETREUID 1
| #define HAVE_MKDIR 1
| #define HAVE_RMDIR 1
| #define HAVE_RENAME 1
| #define ID_SWAP 1
| #define SHADOW_PW 1
| #define GETPGRP_VOID 1
| /* end confdefs.h.  */
| #include <stdio.h>
| #ifdef HAVE_SYS_TYPES_H
| # include <sys/types.h>
| #endif
| #ifdef HAVE_SYS_STAT_H
| # include <sys/stat.h>
| #endif
| #ifdef STDC_HEADERS
| # include <stdlib.h>
| # include <stddef.h>
| #else
| # ifdef HAVE_STDLIB_H
| #  include <stdlib.h>
| # endif
| #endif
| #ifdef HAVE_STRING_H
| # if !defined STDC_HEADERS && defined HAVE_MEMORY_H
| #  include <memory.h>
| # endif
| # include <string.h>
| #endif
| #ifdef HAVE_STRINGS_H
| # include <strings.h>
| #endif
| #ifdef HAVE_INTTYPES_H
| # include <inttypes.h>
| #endif
| #ifdef HAVE_STDINT_H
| # include <stdint.h>
| #endif
| #ifdef HAVE_UNISTD_H
| # include <unistd.h>
| #endif
| int
| main ()
| {
| /* If this system has a BSD-style setpgrp which takes arguments,
|   setpgrp(1, 1) will fail with ESRCH and return -1, in that case
|   exit successfully. */
|   return setpgrp (1,1) != -1;
|   ;
|   return 0;
| }
configure:7078: result: yes
configure:7093: checking return type of signal handlers
configure:7111: gcc -c -g -O2  conftest.c >&5
conftest.c: In function 'main':
conftest.c:80:10: error: void value not ignored as it ought to be
 return *(signal (0, 0)) (0) == 1;
         ~^~~~~~~~~~~~~~~~~~
configure:7111: $? = 1
configure: failed program was:
| /* confdefs.h */
| #define PACKAGE_NAME "src/spshed.c"
| #define PACKAGE_TARNAME "src-spshed-c"
| #define PACKAGE_VERSION "1.8"
| #define PACKAGE_STRING "src/spshed.c 1.8"
| #define PACKAGE_BUGREPORT ""
| #define PACKAGE_URL ""
| #define NETWORK_VERSION 1
| #define USING_MMAP 1
| #define USING_FLOCK 1
| #define SOCKLEN_T socklen_t
| #define OS_LINUX 1
| #define BUGGY_DELCURTERM 1
| #define HAVE_LONG_FILE_NAMES 1
| #define HAVE_DIRENT_H 1
| #define STDC_HEADERS 1
| #define HAVE_SYS_TYPES_H 1
| #define HAVE_SYS_STAT_H 1
| #define HAVE_STDLIB_H 1
| #define HAVE_STRING_H 1
| #define HAVE_MEMORY_H 1
| #define HAVE_STRINGS_H 1
| #define HAVE_INTTYPES_H 1
| #define HAVE_STDINT_H 1
| #define HAVE_UNISTD_H 1
| #define HAVE_FCNTL_H 1
| #define HAVE_LIMITS_H 1
| #define HAVE_MALLOC_H 1
| #define HAVE_STDLIB_H 1
| #define HAVE_TERMIO_H 1
| #define HAVE_TERMIOS_H 1
| #define HAVE_UNISTD_H 1
| #define HAVE_WAIT_H 1
| #define HAVE_SYS_IOCTL_H 1
| #define HAVE_SYS_SELECT_H 1
| #define HAVE_SYS_TIME_H 1
| #define HAVE_SYS_MMAN_H 1
| #define SIZEOF_INT 4
| #define SIZEOF_SHORT 2
| #define SIZEOF_LONG 8
| #define SIZEOF_UNSIGNED 4
| #define SIZEOF_UNSIGNED_SHORT 2
| #define SIZEOF_UNSIGNED_LONG 8
| #define SIZEOF_INT_P 8
| #define TIME_WITH_SYS_TIME 1
| #define HAVE_STRUCT_TM_TM_ZONE 1
| #define HAVE_TM_ZONE 1
| #define PIDTYPE pid_t
| #define SYS_ERRLIST_IN_STDIO_H 1
| #define HAVE_MEMCPY 1
| #define HAVE_BCOPY 1
| #define HAVE_STRCHR 1
| #define NO_TERMIO_IN_CURSES 1
| #define HAVE_TERMINFO 1
| #define HAVE_TIGETSTR 1
| #define NUMXBUFS 409
| #define INITJALLOC 20000
| #define INITPALLOC 200
| #define HAVE_ATEXIT 1
| #define HAVE_FCHMOD 1
| #define HAVE_FCHOWN 1
| #define HAVE_FGETC 1
| #define HAVE_FTRUNCATE 1
| #define HAVE_SETEUID 1
| #define HAVE_SETREUID 1
| #define HAVE_MKDIR 1
| #define HAVE_RMDIR 1
| #define HAVE_RENAME 1
| #define ID_SWAP 1
| #define SHADOW_PW 1
| #define GETPGRP_VOID 1
| #define SETPGRP_VOID 1
| /* end confdefs.h.  */
| #include <sys/types.h>
| #include <signal.h>
| 
| int
| main ()
| {
| return *(signal (0, 0)) (0) == 1;
|   ;
|   return 0;
| }
configure:7118: result: void
configure:7129: checking for sigaction
configure:7129: gcc -o conftest -g -O2   conftest.c  >&5
configure:7129: $? = 0
configure:7129: result: yes
configure:7129: checking for sigvector
configure:7129: gcc -o conftest -g -O2   conftest.c  >&5
/tmp/cc7GXDvg.o: In function `main':
/home/carolhanna/Security_Project/gnu_dataset/gnuspool-1.8/conftest.c:110: undefined reference to `sigvector'
collect2: error: ld returned 1 exit status
configure:7129: $? = 1
configure: failed program was:
| /* confdefs.h */
| #define PACKAGE_NAME "src/spshed.c"
| #define PACKAGE_TARNAME "src-spshed-c"
| #define PACKAGE_VERSION "1.8"
| #define PACKAGE_STRING "src/spshed.c 1.8"
| #define PACKAGE_BUGREPORT ""
| #define PACKAGE_URL ""
| #define NETWORK_VERSION 1
| #define USING_MMAP 1
| #define USING_FLOCK 1
| #define SOCKLEN_T socklen_t
| #define OS_LINUX 1
| #define BUGGY_DELCURTERM 1
| #define HAVE_LONG_FILE_NAMES 1
| #define HAVE_DIRENT_H 1
| #define STDC_HEADERS 1
| #define HAVE_SYS_TYPES_H 1
| #define HAVE_SYS_STAT_H 1
| #define HAVE_STDLIB_H 1
| #define HAVE_STRING_H 1
| #define HAVE_MEMORY_H 1
| #define HAVE_STRINGS_H 1
| #define HAVE_INTTYPES_H 1
| #define HAVE_STDINT_H 1
| #define HAVE_UNISTD_H 1
| #define HAVE_FCNTL_H 1
| #define HAVE_LIMITS_H 1
| #define HAVE_MALLOC_H 1
| #define HAVE_STDLIB_H 1
| #define HAVE_TERMIO_H 1
| #define HAVE_TERMIOS_H 1
| #define HAVE_UNISTD_H 1
| #define HAVE_WAIT_H 1
| #define HAVE_SYS_IOCTL_H 1
| #define HAVE_SYS_SELECT_H 1
| #define HAVE_SYS_TIME_H 1
| #define HAVE_SYS_MMAN_H 1
| #define SIZEOF_INT 4
| #define SIZEOF_SHORT 2
| #define SIZEOF_LONG 8
| #define SIZEOF_UNSIGNED 4
| #define SIZEOF_UNSIGNED_SHORT 2
| #define SIZEOF_UNSIGNED_LONG 8
| #define SIZEOF_INT_P 8
| #define TIME_WITH_SYS_TIME 1
| #define HAVE_STRUCT_TM_TM_ZONE 1
| #define HAVE_TM_ZONE 1
| #define PIDTYPE pid_t
| #define SYS_ERRLIST_IN_STDIO_H 1
| #define HAVE_MEMCPY 1
| #define HAVE_BCOPY 1
| #define HAVE_STRCHR 1
| #define NO_TERMIO_IN_CURSES 1
| #define HAVE_TERMINFO 1
| #define HAVE_TIGETSTR 1
| #define NUMXBUFS 409
| #define INITJALLOC 20000
| #define INITPALLOC 200
| #define HAVE_ATEXIT 1
| #define HAVE_FCHMOD 1
| #define HAVE_FCHOWN 1
| #define HAVE_FGETC 1
| #define HAVE_FTRUNCATE 1
| #define HAVE_SETEUID 1
| #define HAVE_SETREUID 1
| #define HAVE_MKDIR 1
| #define HAVE_RMDIR 1
| #define HAVE_RENAME 1
| #define ID_SWAP 1
| #define SHADOW_PW 1
| #define GETPGRP_VOID 1
| #define SETPGRP_VOID 1
| #define RETSIGTYPE void
| #define HAVE_SIGACTION 1
| /* end confdefs.h.  */
| /* Define sigvector to an innocuous variant, in case <limits.h> declares sigvector.
|    For example, HP-UX 11i <limits.h> declares gettimeofday.  */
| #define sigvector innocuous_sigvector
| 
| /* System header to define __stub macros and hopefully few prototypes,
|     which can conflict with char sigvector (); below.
|     Prefer <limits.h> to <assert.h> if __STDC__ is defined, since
|     <limits.h> exists even on freestanding compilers.  */
| 
| #ifdef __STDC__
| # include <limits.h>
| #else
| # include <assert.h>
| #endif
| 
| #undef sigvector
| 
| /* Override any GCC internal prototype to avoid an error.
|    Use char because int might match the return type of a GCC
|    builtin and then its argument prototype would still apply.  */
| #ifdef __cplusplus
| extern "C"
| #endif
| char sigvector ();
| /* The GNU C library defines this for functions which it implements
|     to always fail with ENOSYS.  Some functions are actually named
|     something starting with __ and the normal name is an alias.  */
| #if defined __stub_sigvector || defined __stub___sigvector
| choke me
| #endif
| 
| int
| main ()
| {
| return sigvector ();
|   ;
|   return 0;
| }
configure:7129: result: no
configure:7129: checking for sigvec
configure:7129: gcc -o conftest -g -O2   conftest.c  >&5
/tmp/cckvQzxc.o: In function `main':
/home/carolhanna/Security_Project/gnu_dataset/gnuspool-1.8/conftest.c:110: undefined reference to `sigvec'
collect2: error: ld returned 1 exit status
configure:7129: $? = 1
configure: failed program was:
| /* confdefs.h */
| #define PACKAGE_NAME "src/spshed.c"
| #define PACKAGE_TARNAME "src-spshed-c"
| #define PACKAGE_VERSION "1.8"
| #define PACKAGE_STRING "src/spshed.c 1.8"
| #define PACKAGE_BUGREPORT ""
| #define PACKAGE_URL ""
| #define NETWORK_VERSION 1
| #define USING_MMAP 1
| #define USING_FLOCK 1
| #define SOCKLEN_T socklen_t
| #define OS_LINUX 1
| #define BUGGY_DELCURTERM 1
| #define HAVE_LONG_FILE_NAMES 1
| #define HAVE_DIRENT_H 1
| #define STDC_HEADERS 1
| #define HAVE_SYS_TYPES_H 1
| #define HAVE_SYS_STAT_H 1
| #define HAVE_STDLIB_H 1
| #define HAVE_STRING_H 1
| #define HAVE_MEMORY_H 1
| #define HAVE_STRINGS_H 1
| #define HAVE_INTTYPES_H 1
| #define HAVE_STDINT_H 1
| #define HAVE_UNISTD_H 1
| #define HAVE_FCNTL_H 1
| #define HAVE_LIMITS_H 1
| #define HAVE_MALLOC_H 1
| #define HAVE_STDLIB_H 1
| #define HAVE_TERMIO_H 1
| #define HAVE_TERMIOS_H 1
| #define HAVE_UNISTD_H 1
| #define HAVE_WAIT_H 1
| #define HAVE_SYS_IOCTL_H 1
| #define HAVE_SYS_SELECT_H 1
| #define HAVE_SYS_TIME_H 1
| #define HAVE_SYS_MMAN_H 1
| #define SIZEOF_INT 4
| #define SIZEOF_SHORT 2
| #define SIZEOF_LONG 8
| #define SIZEOF_UNSIGNED 4
| #define SIZEOF_UNSIGNED_SHORT 2
| #define SIZEOF_UNSIGNED_LONG 8
| #define SIZEOF_INT_P 8
| #define TIME_WITH_SYS_TIME 1
| #define HAVE_STRUCT_TM_TM_ZONE 1
| #define HAVE_TM_ZONE 1
| #define PIDTYPE pid_t
| #define SYS_ERRLIST_IN_STDIO_H 1
| #define HAVE_MEMCPY 1
| #define HAVE_BCOPY 1
| #define HAVE_STRCHR 1
| #define NO_TERMIO_IN_CURSES 1
| #define HAVE_TERMINFO 1
| #define HAVE_TIGETSTR 1
| #define NUMXBUFS 409
| #define INITJALLOC 20000
| #define INITPALLOC 200
| #define HAVE_ATEXIT 1
| #define HAVE_FCHMOD 1
| #define HAVE_FCHOWN 1
| #define HAVE_FGETC 1
| #define HAVE_FTRUNCATE 1
| #define HAVE_SETEUID 1
| #define HAVE_SETREUID 1
| #define HAVE_MKDIR 1
| #define HAVE_RMDIR 1
| #define HAVE_RENAME 1
| #define ID_SWAP 1
| #define SHADOW_PW 1
| #define GETPGRP_VOID 1
| #define SETPGRP_VOID 1
| #define RETSIGTYPE void
| #define HAVE_SIGACTION 1
| /* end confdefs.h.  */
| /* Define sigvec to an innocuous variant, in case <limits.h> declares sigvec.
|    For example, HP-UX 11i <limits.h> declares gettimeofday.  */
| #define sigvec innocuous_sigvec
| 
| /* System header to define __stub macros and hopefully few prototypes,
|     which can conflict with char sigvec (); below.
|     Prefer <limits.h> to <assert.h> if __STDC__ is defined, since
|     <limits.h> exists even on freestanding compilers.  */
| 
| #ifdef __STDC__
| # include <limits.h>
| #else
| # include <assert.h>
| #endif
| 
| #undef sigvec
| 
| /* Override any GCC internal prototype to avoid an error.
|    Use char because int might match the return type of a GCC
|    builtin and then its argument prototype would still apply.  */
| #ifdef __cplusplus
| extern "C"
| #endif
| char sigvec ();
| /* The GNU C library defines this for functions which it implements
|     to always fail with ENOSYS.  Some functions are actually named
|     something starting with __ and the normal name is an alias.  */
| #if defined __stub_sigvec || defined __stub___sigvec
| choke me
| #endif
| 
| int
| main ()
| {
| return sigvec ();
|   ;
|   return 0;
| }
configure:7129: result: no
configure:7129: checking for sigset
configure:7129: gcc -o conftest -g -O2   conftest.c  >&5
configure:7129: $? = 0
configure:7129: result: yes
configure:7129: checking for waitpid
configure:7129: gcc -o conftest -g -O2   conftest.c  >&5
configure:7129: $? = 0
configure:7129: result: yes
configure:7250: creating ./config.status

## ---------------------- ##
## Running config.status. ##
## ---------------------- ##

This file was extended by src/spshed.c config.status 1.8, which was
generated by GNU Autoconf 2.65.  Invocation command line was

  CONFIG_FILES    = 
  CONFIG_HEADERS  = 
  CONFIG_LINKS    = 
  CONFIG_COMMANDS = 
  $ ./config.status 

on rishon

config.status:935: creating Makefile
config.status:1038: WARNING:  'Makefile.in' seems to ignore the --datarootdir setting
config.status:935: creating util/Makefile
config.status:935: creating src/Makefile
config.status:1079: WARNING: src/Makefile contains a reference to the variable `datarootdir'
which seems to be undefined.  Please make sure it is defined.
config.status:935: creating src/helpmsg/Makefile
config.status:1079: WARNING: src/helpmsg/Makefile contains a reference to the variable `datarootdir'
which seems to be undefined.  Please make sure it is defined.
config.status:935: creating src/hdrs/infiles.h
config.status:1079: WARNING: src/hdrs/infiles.h contains a reference to the variable `datarootdir'
which seems to be undefined.  Please make sure it is defined.
config.status:935: creating src/lib/Makefile
config.status:935: creating src/ins/Makefile
config.status:935: creating src/termserv/Makefile
config.status:1079: WARNING: src/termserv/Makefile contains a reference to the variable `datarootdir'
which seems to be undefined.  Please make sure it is defined.
config.status:935: creating src/lpdint/Makefile
config.status:1079: WARNING: src/lpdint/Makefile contains a reference to the variable `datarootdir'
which seems to be undefined.  Please make sure it is defined.
config.status:935: creating src/gtk/Makefile
config.status:1079: WARNING: src/gtk/Makefile contains a reference to the variable `datarootdir'
which seems to be undefined.  Please make sure it is defined.
config.status:935: creating src/motif/Makefile
config.status:1079: WARNING: src/motif/Makefile contains a reference to the variable `datarootdir'
which seems to be undefined.  Please make sure it is defined.
config.status:935: creating src/apilib/Makefile
config.status:935: creating src/loccgi/Makefile
config.status:935: creating src/remcgi/Makefile
config.status:935: creating gspl-ptrinstall
config.status:935: creating Netinst
config.status:935: creating Checkuserinst
config.status:935: creating Userinst
config.status:935: creating src/ins/installlpcmds
config.status:935: creating STARTUP/Startdirs
config.status:935: creating cupspy/Makefile
config.status:935: creating udev/Makefile
config.status:935: creating doc/Makefile
config.status:1038: WARNING:  'doc/Makefile.in' seems to ignore the --datarootdir setting
config.status:935: creating ptrinstall/config.py
config.status:935: creating config.h
config.status:1115: executing src/hdrs/files.h commands

## ---------------- ##
## Cache variables. ##
## ---------------- ##

ac_cv_build=x86_64-unknown-linux-gnu
ac_cv_c_bigendian=no
ac_cv_c_compiler_gnu=yes
ac_cv_c_const=yes
ac_cv_c_inline=inline
ac_cv_env_CC_set=
ac_cv_env_CC_value=
ac_cv_env_CFLAGS_set=
ac_cv_env_CFLAGS_value=
ac_cv_env_CPPFLAGS_set=
ac_cv_env_CPPFLAGS_value=
ac_cv_env_CPP_set=
ac_cv_env_CPP_value=
ac_cv_env_LDFLAGS_set=
ac_cv_env_LDFLAGS_value=
ac_cv_env_LIBS_set=
ac_cv_env_LIBS_value=
ac_cv_env_SPOOLUSER_set=
ac_cv_env_SPOOLUSER_value=
ac_cv_env_XMKMF_set=
ac_cv_env_XMKMF_value=
ac_cv_env_YACC_set=
ac_cv_env_YACC_value=
ac_cv_env_YFLAGS_set=
ac_cv_env_YFLAGS_value=
ac_cv_env_build_alias_set=
ac_cv_env_build_alias_value=
ac_cv_env_host_alias_set=
ac_cv_env_host_alias_value=
ac_cv_env_target_alias_set=
ac_cv_env_target_alias_value=
ac_cv_func_atexit=yes
ac_cv_func_bcopy=yes
ac_cv_func_crypt=no
ac_cv_func_fchmod=yes
ac_cv_func_fchown=yes
ac_cv_func_fgetc=yes
ac_cv_func_ftruncate=yes
ac_cv_func_getpgrp_void=yes
ac_cv_func_getspent=yes
ac_cv_func_memcpy=yes
ac_cv_func_mkdir=yes
ac_cv_func_rename=yes
ac_cv_func_rmdir=yes
ac_cv_func_seteuid=yes
ac_cv_func_setpgrp_void=yes
ac_cv_func_setreuid=yes
ac_cv_func_setvbuf_reversed=no
ac_cv_func_sigaction=yes
ac_cv_func_sigset=yes
ac_cv_func_sigvec=no
ac_cv_func_sigvector=no
ac_cv_func_socket=yes
ac_cv_func_strchr=yes
ac_cv_func_waitpid=yes
ac_cv_have_x='have_x=yes	ac_x_includes='\'''\''	ac_x_libraries='\'''\'''
ac_cv_header_Xm_ComboBox_h=no
ac_cv_header_Xm_SpinB_h=no
ac_cv_header_dirent_dirent_h=yes
ac_cv_header_fcntl_h=yes
ac_cv_header_inttypes_h=yes
ac_cv_header_limits_h=yes
ac_cv_header_malloc_h=yes
ac_cv_header_memory_h=yes
ac_cv_header_stdc=yes
ac_cv_header_stdint_h=yes
ac_cv_header_stdlib_h=yes
ac_cv_header_string_h=yes
ac_cv_header_strings_h=yes
ac_cv_header_sys_filio_h=no
ac_cv_header_sys_ioctl_h=yes
ac_cv_header_sys_mman_h=yes
ac_cv_header_sys_select_h=yes
ac_cv_header_sys_stat_h=yes
ac_cv_header_sys_time_h=yes
ac_cv_header_sys_types_h=yes
ac_cv_header_termio_h=yes
ac_cv_header_termios_h=yes
ac_cv_header_time=yes
ac_cv_header_unistd_h=yes
ac_cv_header_wait_h=yes
ac_cv_host=x86_64-unknown-linux-gnu
ac_cv_lib_XIM_XDefaultString=no
ac_cv_lib_Xext_XextCreateExtension=no
ac_cv_lib_Xm_XmCreateMenuBar=no
ac_cv_lib_Xm_XmCreatePopupMenu=no
ac_cv_lib_Xm_XmRenditionCreate=no
ac_cv_lib_c_doupdate=yes
ac_cv_lib_c_tigetstr=yes
ac_cv_lib_crypt_crypt=yes
ac_cv_lib_curses_wrefresh=yes
ac_cv_lib_gen_regex=no
ac_cv_member_struct_tm_tm_zone=yes
ac_cv_objext=o
ac_cv_path_EGREP='/bin/grep -E'
ac_cv_path_GREP=/bin/grep
ac_cv_path_install='/usr/bin/install -c'
ac_cv_path_perlbin=/usr/bin/perl
ac_cv_path_shell=/bin/sh
ac_cv_prog_CPP='gcc -E'
ac_cv_prog_ac_ct_CC=gcc
ac_cv_prog_cc_c89=
ac_cv_prog_cc_g=yes
ac_cv_prog_make_make_set=yes
ac_cv_search_opendir='none required'
ac_cv_sizeof_int=4
ac_cv_sizeof_int_p=8
ac_cv_sizeof_long=8
ac_cv_sizeof_short=2
ac_cv_sizeof_unsigned=4
ac_cv_sizeof_unsigned_long=8
ac_cv_sizeof_unsigned_short=2
ac_cv_struct_tm=time.h
ac_cv_sys_long_file_names=yes
ac_cv_target=x86_64-unknown-linux-gnu
ac_cv_type_off_t=yes
ac_cv_type_pid_t=yes
ac_cv_type_signal=void
ac_cv_type_uid_t=yes

## ----------------- ##
## Output variables. ##
## ----------------- ##

CC='gcc'
CFLAGS='-g -O2'
CPP='gcc -E'
CPPFLAGS=''
CRYPTLIB='-lcrypt'
DEFS='-DHAVE_CONFIG_H'
ECHO_C=''
ECHO_N='-n'
ECHO_T=''
EGREP='/bin/grep -E'
EXEEXT=''
GREP='/bin/grep'
INSTALL_DATA='${INSTALL} -m 644'
INSTALL_PROGRAM='${INSTALL}'
INSTALL_SCRIPT='${INSTALL}'
LDFLAGS=''
LEX=':'
LEXLIB=''
LEX_OUTPUT_ROOT=''
LIBCURSES='-lcurses'
LIBOBJS=''
LIBS=''
LIBSHAD=''
LTLIBOBJS=''
MAJOR_PACKAGE_VERSION='1'
OBJEXT='o'
PACKAGE_BUGREPORT=''
PACKAGE_NAME='src/spshed.c'
PACKAGE_STRING='src/spshed.c 1.8'
PACKAGE_TARNAME='src-spshed-c'
PACKAGE_URL=''
PACKAGE_VERSION='1.8'
PATH_SEPARATOR=':'
SET_MAKE=''
SHELL='/bin/bash'
SOCKLIBS=''
SPOOLUSER='gnuspool'
XMKMF=''
XWIN_LIBS=''
YACC='yacc'
YFLAGS=''
ac_ct_CC='gcc'
bindir='${exec_prefix}/bin'
build='x86_64-unknown-linux-gnu'
build_alias=''
build_cpu='x86_64'
build_os='linux-gnu'
build_vendor='unknown'
cupspydir='${prefix}/etc/cups/cupspy'
datadir='${datarootdir}'
datarootdir='${prefix}/share'
docdir='${datarootdir}/doc/${PACKAGE_TARNAME}'
dvidir='${docdir}'
exec_prefix='${prefix}'
funny_compiler_options=''
gcc_useful_options='-g -Wall -fno-stack-protector'
host='x86_64-unknown-linux-gnu'
host_alias=''
host_cpu='x86_64'
host_os='linux-gnu'
host_vendor='unknown'
htmldir='${docdir}'
includedir='${prefix}/include'
infodir='${datarootdir}/info'
libdir='${exec_prefix}/lib'
libexecdir='${exec_prefix}/libexec'
localedir='${datarootdir}/locale'
localstatedir='${prefix}/var'
mailer=''
mandir='${datarootdir}/man'
netsubdirs='termservd lpdintd apilibd remcgid'
oldincludedir='/usr/include'
pdfdir='${docdir}'
perlbin='/usr/bin/perl'
pkgdatadir='${datarootdir}/gnuspool'
pkgexecdir='${exec_prefix}/libexec/gnuspool'
prefix='/usr/local'
program_transform_name='s,x,x,'
psdir='${docdir}'
sbindir='${exec_prefix}/sbin'
sharedstatedir='${prefix}/com'
shell='/bin/sh'
sphelpdir='${datarootdir}/gnuspool/help'
spooldir='${prefix}/var/gnuspool'
spoolpt='${datarootdir}/gnuspool/ptrs'
sysconfdir='${prefix}/etc'
target='x86_64-unknown-linux-gnu'
target_alias=''
target_cpu='x86_64'
target_os='linux-gnu'
target_vendor='unknown'

## ----------- ##
## confdefs.h. ##
## ----------- ##

/* confdefs.h */
#define PACKAGE_NAME "src/spshed.c"
#define PACKAGE_TARNAME "src-spshed-c"
#define PACKAGE_VERSION "1.8"
#define PACKAGE_STRING "src/spshed.c 1.8"
#define PACKAGE_BUGREPORT ""
#define PACKAGE_URL ""
#define NETWORK_VERSION 1
#define USING_MMAP 1
#define USING_FLOCK 1
#define SOCKLEN_T socklen_t
#define OS_LINUX 1
#define BUGGY_DELCURTERM 1
#define HAVE_LONG_FILE_NAMES 1
#define HAVE_DIRENT_H 1
#define STDC_HEADERS 1
#define HAVE_SYS_TYPES_H 1
#define HAVE_SYS_STAT_H 1
#define HAVE_STDLIB_H 1
#define HAVE_STRING_H 1
#define HAVE_MEMORY_H 1
#define HAVE_STRINGS_H 1
#define HAVE_INTTYPES_H 1
#define HAVE_STDINT_H 1
#define HAVE_UNISTD_H 1
#define HAVE_FCNTL_H 1
#define HAVE_LIMITS_H 1
#define HAVE_MALLOC_H 1
#define HAVE_STDLIB_H 1
#define HAVE_TERMIO_H 1
#define HAVE_TERMIOS_H 1
#define HAVE_UNISTD_H 1
#define HAVE_WAIT_H 1
#define HAVE_SYS_IOCTL_H 1
#define HAVE_SYS_SELECT_H 1
#define HAVE_SYS_TIME_H 1
#define HAVE_SYS_MMAN_H 1
#define SIZEOF_INT 4
#define SIZEOF_SHORT 2
#define SIZEOF_LONG 8
#define SIZEOF_UNSIGNED 4
#define SIZEOF_UNSIGNED_SHORT 2
#define SIZEOF_UNSIGNED_LONG 8
#define SIZEOF_INT_P 8
#define TIME_WITH_SYS_TIME 1
#define HAVE_STRUCT_TM_TM_ZONE 1
#define HAVE_TM_ZONE 1
#define PIDTYPE pid_t
#define SYS_ERRLIST_IN_STDIO_H 1
#define HAVE_MEMCPY 1
#define HAVE_BCOPY 1
#define HAVE_STRCHR 1
#define NO_TERMIO_IN_CURSES 1
#define HAVE_TERMINFO 1
#define HAVE_TIGETSTR 1
#define NUMXBUFS 409
#define INITJALLOC 20000
#define INITPALLOC 200
#define HAVE_ATEXIT 1
#define HAVE_FCHMOD 1
#define HAVE_FCHOWN 1
#define HAVE_FGETC 1
#define HAVE_FTRUNCATE 1
#define HAVE_SETEUID 1
#define HAVE_SETREUID 1
#define HAVE_MKDIR 1
#define HAVE_RMDIR 1
#define HAVE_RENAME 1
#define ID_SWAP 1
#define SHADOW_PW 1
#define GETPGRP_VOID 1
#define SETPGRP_VOID 1
#define RETSIGTYPE void
#define HAVE_SIGACTION 1
#define HAVE_SIGSET 1
#define HAVE_WAITPID 1

configure: exit 0
