This file contains any messages produced by compilers while
running configure, to aid debugging if configure makes a mistake.

It was created by gnupod configure 0.29-rc1, which was
generated by GNU Autoconf 2.53.  Invocation command line was

  $ ./configure 

## --------- ##
## Platform. ##
## --------- ##

hostname = rishon
uname -m = x86_64
uname -r = 4.15.0-72-generic
uname -s = Linux
uname -v = #81-Ubuntu SMP Tue Nov 26 12:20:02 UTC 2019

/usr/bin/uname -p = unknown
/bin/uname -X     = unknown

/bin/arch              = unknown
/usr/bin/arch -k       = unknown
/usr/convex/getsysinfo = unknown
hostinfo               = unknown
/bin/machine           = unknown
/usr/bin/oslevel       = unknown
/bin/universe          = unknown

PATH: /home/carolhanna/miniconda3/bin
PATH: /home/carolhanna/miniconda3/condabin
PATH: /usr/local/sbin
PATH: /usr/local/bin
PATH: /usr/sbin
PATH: /usr/bin
PATH: /sbin
PATH: /bin
PATH: /usr/games
PATH: /usr/local/games
PATH: /snap/bin


## ----------- ##
## Core tests. ##
## ----------- ##

configure:1133: checking for perl-5.8
configure:1166: result: no
configure:1133: checking for perl-5.6
configure:1166: result: no
configure:1133: checking for perl
configure:1151: found /usr/bin/perl
configure:1163: result: /usr/bin/perl

## ---------------- ##
## Cache variables. ##
## ---------------- ##

ac_cv_env_build_alias_set=
ac_cv_env_build_alias_value=
ac_cv_env_host_alias_set=
ac_cv_env_host_alias_value=
ac_cv_env_target_alias_set=
ac_cv_env_target_alias_value=
ac_cv_path_PERL=/usr/bin/perl

## ----------- ##
## confdefs.h. ##
## ----------- ##

#define PACKAGE_NAME "gnupod"
#define PACKAGE_TARNAME "gnupod"
#define PACKAGE_VERSION "0.29-rc1"
#define PACKAGE_STRING "gnupod 0.29-rc1"
#define PACKAGE_BUGREPORT "bug-gnupod@nongnu.org"

configure: exit 1
