This file contains any messages produced by compilers while
running configure, to aid debugging if configure makes a mistake.

It was created by easejs configure 0.2.9, which was
generated by GNU Autoconf 2.69.  Invocation command line was

  $ ./configure 

## --------- ##
## Platform. ##
## --------- ##

hostname = rishon
uname -m = x86_64
uname -r = 4.15.0-72-generic
uname -s = Linux
uname -v = #81-Ubuntu SMP Tue Nov 26 12:20:02 UTC 2019

/usr/bin/uname -p = unknown
/bin/uname -X     = unknown

/bin/arch              = unknown
/usr/bin/arch -k       = unknown
/usr/convex/getsysinfo = unknown
/usr/bin/hostinfo      = unknown
/bin/machine           = unknown
/usr/bin/oslevel       = unknown
/bin/universe          = unknown

PATH: /home/carolhanna/miniconda3/bin
PATH: /home/carolhanna/miniconda3/condabin
PATH: /usr/local/sbin
PATH: /usr/local/bin
PATH: /usr/sbin
PATH: /usr/bin
PATH: /sbin
PATH: /bin
PATH: /usr/games
PATH: /usr/local/games
PATH: /snap/bin


## ----------- ##
## Core tests. ##
## ----------- ##

configure:1787: checking for a BSD-compatible install
configure:1855: result: /usr/bin/install -c
configure:1866: checking whether build environment is sane
configure:1921: result: yes
configure:2072: checking for a thread-safe mkdir -p
configure:2111: result: /bin/mkdir -p
configure:2118: checking for gawk
configure:2134: found /usr/bin/gawk
configure:2145: result: gawk
configure:2156: checking whether make sets $(MAKE)
configure:2178: result: yes
configure:2207: checking whether make supports nested variables
configure:2224: result: yes
configure:2370: checking for node
configure:2400: result: no
configure:2370: checking for nodejs
configure:2400: result: no
configure:2422: WARNING:

  Node.js is not installed; certain make targets have been disabled.

configure:2432: checking for source js files
configure:2438: result: ok
configure:2451: checking for java
configure:2481: result: no
configure:2572: checking for dia
configure:2602: result: no
configure:2613: WARNING: could not locate dia (--without-dia to disable)
configure:2629: checking for performance tests
configure:2634: result: ok
configure:2793: checking that generated files are newer than configure
configure:2799: result: done
configure:2823: creating ./config.status

## ---------------------- ##
## Running config.status. ##
## ---------------------- ##

This file was extended by easejs config.status 0.2.9, which was
generated by GNU Autoconf 2.69.  Invocation command line was

  CONFIG_FILES    = 
  CONFIG_HEADERS  = 
  CONFIG_LINKS    = 
  CONFIG_COMMANDS = 
  $ ./config.status 

on rishon

config.status:773: creating Makefile
config.status:773: creating doc/Makefile
config.status:773: creating package.json
config.status:773: creating lib/version.js
config.status:773: creating test/runner
config.status:773: creating test/perf/runner

## ---------------- ##
## Cache variables. ##
## ---------------- ##

ac_cv_env_CCJAR_set=
ac_cv_env_CCJAR_value=
ac_cv_env_JAVA_set=
ac_cv_env_JAVA_value=
ac_cv_env_NODE_set=
ac_cv_env_NODE_value=
ac_cv_env_build_alias_set=
ac_cv_env_build_alias_value=
ac_cv_env_host_alias_set=
ac_cv_env_host_alias_value=
ac_cv_env_target_alias_set=
ac_cv_env_target_alias_value=
ac_cv_path_install='/usr/bin/install -c'
ac_cv_path_mkdir=/bin/mkdir
ac_cv_prog_AWK=gawk
ac_cv_prog_make_make_set=yes
am_cv_make_support_nested_variables=yes

## ----------------- ##
## Output variables. ##
## ----------------- ##

ACLOCAL='${SHELL} /home/carolhanna/Security_Project/gnu_dataset/easejs-0.2.9/tools/missing aclocal-1.14'
AMTAR='$${TAR-tar}'
AM_BACKSLASH='\'
AM_DEFAULT_V='$(AM_DEFAULT_VERBOSITY)'
AM_DEFAULT_VERBOSITY='1'
AM_V='$(V)'
AUTOCONF='${SHELL} /home/carolhanna/Security_Project/gnu_dataset/easejs-0.2.9/tools/missing autoconf'
AUTOHEADER='${SHELL} /home/carolhanna/Security_Project/gnu_dataset/easejs-0.2.9/tools/missing autoheader'
AUTOMAKE='${SHELL} /home/carolhanna/Security_Project/gnu_dataset/easejs-0.2.9/tools/missing automake-1.14'
AWK='gawk'
CCJAR=''
CYGPATH_W='echo'
DEFS='-DPACKAGE_NAME=\"easejs\" -DPACKAGE_TARNAME=\"easejs\" -DPACKAGE_VERSION=\"0.2.9\" -DPACKAGE_STRING=\"easejs\ 0.2.9\" -DPACKAGE_BUGREPORT=\"bug-easejs@gnu.org\" -DPACKAGE_URL=\"\" -DPACKAGE=\"easejs\" -DVERSION=\"0.2.9\"'
DIA=''
ECHO_C=''
ECHO_N='-n'
ECHO_T=''
HAS_CCJAR_FALSE=''
HAS_CCJAR_TRUE='#'
HAS_DIA_FALSE=''
HAS_DIA_TRUE='#'
HAS_JAVA_FALSE=''
HAS_JAVA_TRUE='#'
HAS_NODE_FALSE=''
HAS_NODE_TRUE='#'
INSTALL_DATA='${INSTALL} -m 644'
INSTALL_PROGRAM='${INSTALL}'
INSTALL_SCRIPT='${INSTALL}'
INSTALL_STRIP_PROGRAM='$(install_sh) -c -s'
JAVA=''
LIBOBJS=''
LIBS=''
LTLIBOBJS=''
MAJOR='0'
MAKEINFO='${SHELL} /home/carolhanna/Security_Project/gnu_dataset/easejs-0.2.9/tools/missing makeinfo'
MINOR='2'
MKDIR_P='/bin/mkdir -p'
NODE=''
PACKAGE='easejs'
PACKAGE_BUGREPORT='bug-easejs@gnu.org'
PACKAGE_NAME='easejs'
PACKAGE_STRING='easejs 0.2.9'
PACKAGE_TARNAME='easejs'
PACKAGE_URL=''
PACKAGE_VERSION='0.2.9'
PATH_SEPARATOR=':'
PERF_TESTS='./test/perf/perf-class-define-properties-keyword-public.js ./test/perf/perf-class-define-methods-keyword-public.js ./test/perf/perf-class-get-property.js ./test/perf/perf-trait-define.js ./test/perf/perf-trait-mixin.js ./test/perf/perf-class-define-properties-keyword-protected.js ./test/perf/perf-class-set-property.js ./test/perf/perf-class-define-properties.js ./test/perf/perf-trait-invoke-method.js ./test/perf/perf-trait-methods.js ./test/perf/perf-class-define-methods-keyword-private.js ./test/perf/perf-class-define-properties-keyword-private.js ./test/perf/perf-class-inst-named-empty.js ./test/perf/perf-class-define-methods.js ./test/perf/perf-class-require.js ./test/perf/perf-class-define-named.js ./test/perf/perf-class-define-methods-keyword-protected.js ./test/perf/perf-class-inst-anon-empty.js ./test/perf/perf-class-define.js ./test/perf/perf-class-invoke-method.js '
REV='9'
SET_MAKE=''
SHELL='/bin/bash'
SRC_JS='./index.js ./lib/ClassBuilder.js ./lib/FallbackMemberBuilder.js ./lib/FallbackVisibilityObjectFactory.js ./lib/MemberBuilder.js ./lib/MemberBuilderValidator.js ./lib/MethodWrapperFactory.js ./lib/MethodWrappers.js ./lib/Trait.js ./lib/VisibilityObjectFactory.js ./lib/VisibilityObjectFactoryFactory.js ./lib/class.js ./lib/class_abstract.js ./lib/class_final.js ./lib/interface.js ./lib/prop_parser.js ./lib/util.js ./lib/version.js ./lib/warn.js '
STRIP=''
SUFFIX=''
VERSION='0.2.9'
am__isrc=''
am__leading_dot='.'
am__tar='$${TAR-tar} chof - "$$tardir"'
am__untar='$${TAR-tar} xf -'
bindir='${exec_prefix}/bin'
build_alias=''
datadir='${datarootdir}'
datarootdir='${prefix}/share'
docdir='${datarootdir}/doc/${PACKAGE_TARNAME}'
dvidir='${docdir}'
exec_prefix='${prefix}'
host_alias=''
htmldir='${docdir}'
includedir='${prefix}/include'
infodir='${datarootdir}/info'
install_sh='${SHELL} /home/carolhanna/Security_Project/gnu_dataset/easejs-0.2.9/tools/install-sh'
libdir='${exec_prefix}/lib'
libexecdir='${exec_prefix}/libexec'
localedir='${datarootdir}/locale'
localstatedir='${prefix}/var'
mandir='${datarootdir}/man'
mkdir_p='$(MKDIR_P)'
oldincludedir='/usr/include'
pdfdir='${docdir}'
prefix='/usr/local'
program_transform_name='s,x,x,'
psdir='${docdir}'
sbindir='${exec_prefix}/sbin'
sharedstatedir='${prefix}/com'
sysconfdir='${prefix}/etc'
target_alias=''

## ----------- ##
## confdefs.h. ##
## ----------- ##

/* confdefs.h */
#define PACKAGE_NAME "easejs"
#define PACKAGE_TARNAME "easejs"
#define PACKAGE_VERSION "0.2.9"
#define PACKAGE_STRING "easejs 0.2.9"
#define PACKAGE_BUGREPORT "bug-easejs@gnu.org"
#define PACKAGE_URL ""
#define PACKAGE "easejs"
#define VERSION "0.2.9"

configure: exit 0
