This file contains any messages produced by compilers while
running configure, to aid debugging if configure makes a mistake.

It was created by configure, which was
generated by GNU Autoconf 2.61.  Invocation command line was

  $ ./configure 

## --------- ##
## Platform. ##
## --------- ##

hostname = rishon
uname -m = x86_64
uname -r = 4.15.0-72-generic
uname -s = Linux
uname -v = #81-Ubuntu SMP Tue Nov 26 12:20:02 UTC 2019

/usr/bin/uname -p = unknown
/bin/uname -X     = unknown

/bin/arch              = unknown
/usr/bin/arch -k       = unknown
/usr/convex/getsysinfo = unknown
/usr/bin/hostinfo      = unknown
/bin/machine           = unknown
/usr/bin/oslevel       = unknown
/bin/universe          = unknown

PATH: /home/carolhanna/miniconda3/bin
PATH: /home/carolhanna/miniconda3/condabin
PATH: /usr/local/sbin
PATH: /usr/local/bin
PATH: /usr/sbin
PATH: /usr/bin
PATH: /sbin
PATH: /bin
PATH: /usr/games
PATH: /usr/local/games
PATH: /snap/bin


## ----------- ##
## Core tests. ##
## ----------- ##

configure:1851: checking for a BSD-compatible install
configure:1907: result: /usr/bin/install -c
configure:1918: checking whether build environment is sane
configure:1961: result: yes
configure:2026: checking for gawk
configure:2042: found /usr/bin/gawk
configure:2053: result: gawk
configure:2064: checking whether make sets $(MAKE)
configure:2085: result: yes
configure:2401: checking for a BSD-compatible install
configure:2457: result: /usr/bin/install -c
configure:2516: checking for gcc
configure:2532: found /usr/bin/gcc
configure:2543: result: gcc
configure:2781: checking for C compiler version
configure:2788: gcc --version >&5
gcc (Ubuntu 7.5.0-3ubuntu1~18.04) 7.5.0
Copyright (C) 2017 Free Software Foundation, Inc.
This is free software; see the source for copying conditions.  There is NO
warranty; not even for MERCHANTABILITY or FITNESS FOR A PARTICULAR PURPOSE.

configure:2791: $? = 0
configure:2798: gcc -v >&5
Using built-in specs.
COLLECT_GCC=gcc
COLLECT_LTO_WRAPPER=/usr/lib/gcc/x86_64-linux-gnu/7/lto-wrapper
OFFLOAD_TARGET_NAMES=nvptx-none
OFFLOAD_TARGET_DEFAULT=1
Target: x86_64-linux-gnu
Configured with: ../src/configure -v --with-pkgversion='Ubuntu 7.5.0-3ubuntu1~18.04' --with-bugurl=file:///usr/share/doc/gcc-7/README.Bugs --enable-languages=c,ada,c++,go,brig,d,fortran,objc,obj-c++ --prefix=/usr --with-gcc-major-version-only --program-suffix=-7 --program-prefix=x86_64-linux-gnu- --enable-shared --enable-linker-build-id --libexecdir=/usr/lib --without-included-gettext --enable-threads=posix --libdir=/usr/lib --enable-nls --enable-bootstrap --enable-clocale=gnu --enable-libstdcxx-debug --enable-libstdcxx-time=yes --with-default-libstdcxx-abi=new --enable-gnu-unique-object --disable-vtable-verify --enable-libmpx --enable-plugin --enable-default-pie --with-system-zlib --with-target-system-zlib --enable-objc-gc=auto --enable-multiarch --disable-werror --with-arch-32=i686 --with-abi=m64 --with-multilib-list=m32,m64,mx32 --enable-multilib --with-tune=generic --enable-offload-targets=nvptx-none --without-cuda-driver --enable-checking=release --build=x86_64-linux-gnu --host=x86_64-linux-gnu --target=x86_64-linux-gnu
Thread model: posix
gcc version 7.5.0 (Ubuntu 7.5.0-3ubuntu1~18.04) 
configure:2801: $? = 0
configure:2808: gcc -V >&5
gcc: error: unrecognized command line option '-V'
gcc: fatal error: no input files
compilation terminated.
configure:2811: $? = 1
configure:2834: checking for C compiler default output file name
configure:2861: gcc    conftest.c  >&5
configure:2864: $? = 0
configure:2902: result: a.out
configure:2919: checking whether the C compiler works
configure:2929: ./a.out
configure:2932: $? = 0
configure:2949: result: yes
configure:2956: checking whether we are cross compiling
configure:2958: result: no
configure:2961: checking for suffix of executables
configure:2968: gcc -o conftest    conftest.c  >&5
configure:2971: $? = 0
configure:2995: result: 
configure:3001: checking for suffix of object files
configure:3027: gcc -c   conftest.c >&5
configure:3030: $? = 0
configure:3053: result: o
configure:3057: checking whether we are using the GNU C compiler
configure:3086: gcc -c   conftest.c >&5
configure:3092: $? = 0
configure:3109: result: yes
configure:3114: checking whether gcc accepts -g
configure:3144: gcc -c -g  conftest.c >&5
configure:3150: $? = 0
configure:3249: result: yes
configure:3266: checking for gcc option to accept ISO C89
configure:3340: gcc  -c -g -O2  conftest.c >&5
configure:3346: $? = 0
configure:3369: result: none needed
configure:3398: checking for style of include used by make
configure:3426: result: GNU
configure:3454: checking dependency style of gcc
configure:3544: result: gcc3
configure:3604: checking for ranlib
configure:3620: found /usr/bin/ranlib
configure:3631: result: ranlib
configure:3669: checking whether NLS is requested
configure:3678: result: yes
configure:3716: checking for msgfmt
configure: trying /usr/bin/msgfmt...
0 translated messages.
configure:3748: result: /usr/bin/msgfmt
configure:3757: checking for gmsgfmt
configure:3788: result: /usr/bin/msgfmt
configure:3839: checking for xgettext
configure: trying /usr/bin/xgettext...
/usr/bin/xgettext: warning: file '/dev/null' extension '' is unknown; will try C
configure:3871: result: /usr/bin/xgettext
configure:3917: checking for msgmerge
configure: trying /usr/bin/msgmerge...
configure:3948: result: /usr/bin/msgmerge
configure:3984: checking build system type
configure:4002: result: x86_64-unknown-linux-gnu
configure:4024: checking host system type
configure:4039: result: x86_64-unknown-linux-gnu
configure:4085: checking for ld used by GCC
configure:4149: result: /usr/bin/ld
configure:4158: checking if the linker (/usr/bin/ld) is GNU ld
configure:4171: result: yes
configure:4178: checking for shared library run path origin
configure:4191: result: done
configure:4649: checking for CFPreferencesCopyAppValue
configure:4677: gcc -o conftest -g -O2   conftest.c  -Wl,-framework -Wl,CoreFoundation >&5
conftest.c:14:10: fatal error: CoreFoundation/CFPreferences.h: No such file or directory
 #include <CoreFoundation/CFPreferences.h>
          ^~~~~~~~~~~~~~~~~~~~~~~~~~~~~~~~
compilation terminated.
configure:4683: $? = 1
configure: failed program was:
| /* confdefs.h.  */
| #define PACKAGE_NAME ""
| #define PACKAGE_TARNAME ""
| #define PACKAGE_VERSION ""
| #define PACKAGE_STRING ""
| #define PACKAGE_BUGREPORT ""
| #define PACKAGE "jwhois"
| #define VERSION "4.0"
| #define DEFAULTHOST "whois.internic.net"
| #define WHOISSERVERS "whois-servers.net"
| #define CACHEEXPIRE "168"
| #define GETTEXT_PACKAGE "jwhois"
| /* end confdefs.h.  */
| #include <CoreFoundation/CFPreferences.h>
| int
| main ()
| {
| CFPreferencesCopyAppValue(NULL, NULL)
|   ;
|   return 0;
| }
configure:4701: result: no
configure:4710: checking for CFLocaleCopyCurrent
configure:4738: gcc -o conftest -g -O2   conftest.c  -Wl,-framework -Wl,CoreFoundation >&5
conftest.c:14:10: fatal error: CoreFoundation/CFLocale.h: No such file or directory
 #include <CoreFoundation/CFLocale.h>
          ^~~~~~~~~~~~~~~~~~~~~~~~~~~
compilation terminated.
configure:4744: $? = 1
configure: failed program was:
| /* confdefs.h.  */
| #define PACKAGE_NAME ""
| #define PACKAGE_TARNAME ""
| #define PACKAGE_VERSION ""
| #define PACKAGE_STRING ""
| #define PACKAGE_BUGREPORT ""
| #define PACKAGE "jwhois"
| #define VERSION "4.0"
| #define DEFAULTHOST "whois.internic.net"
| #define WHOISSERVERS "whois-servers.net"
| #define CACHEEXPIRE "168"
| #define GETTEXT_PACKAGE "jwhois"
| /* end confdefs.h.  */
| #include <CoreFoundation/CFLocale.h>
| int
| main ()
| {
| CFLocaleCopyCurrent();
|   ;
|   return 0;
| }
configure:4762: result: no
configure:4813: checking for GNU gettext in libc
configure:4843: gcc -o conftest -g -O2   conftest.c  >&5
configure:4849: $? = 0
configure:4867: result: yes
configure:5583: checking whether to use NLS
configure:5585: result: yes
configure:5588: checking where the gettext function comes from
configure:5599: result: libc
configure:5691: checking for iconv
configure:5723: gcc -o conftest -g -O2   conftest.c  >&5
configure:5729: $? = 0
configure:5799: result: yes
configure:5822: checking for iconv declaration
configure:5861: gcc -c -g -O2  conftest.c >&5
configure:5867: $? = 0
configure:5886: result: 
         extern size_t iconv (iconv_t cd, char * *inbuf, size_t *inbytesleft, char * *outbuf, size_t *outbytesleft);
configure:5899: checking for chgrp
configure:5917: found /bin/chgrp
configure:5930: result: /bin/chgrp
configure:5940: checking for chmod
configure:5958: found /bin/chmod
configure:5971: result: /bin/chmod
configure:5985: checking how to run the C preprocessor
configure:6025: gcc -E  conftest.c
configure:6031: $? = 0
configure:6062: gcc -E  conftest.c
conftest.c:19:10: fatal error: ac_nonexistent.h: No such file or directory
 #include <ac_nonexistent.h>
          ^~~~~~~~~~~~~~~~~~
compilation terminated.
configure:6068: $? = 1
configure: failed program was:
| /* confdefs.h.  */
| #define PACKAGE_NAME ""
| #define PACKAGE_TARNAME ""
| #define PACKAGE_VERSION ""
| #define PACKAGE_STRING ""
| #define PACKAGE_BUGREPORT ""
| #define PACKAGE "jwhois"
| #define VERSION "4.0"
| #define DEFAULTHOST "whois.internic.net"
| #define WHOISSERVERS "whois-servers.net"
| #define CACHEEXPIRE "168"
| #define GETTEXT_PACKAGE "jwhois"
| #define ENABLE_NLS 1
| #define HAVE_GETTEXT 1
| #define HAVE_DCGETTEXT 1
| #define HAVE_ICONV 1
| #define ICONV_CONST 
| /* end confdefs.h.  */
| #include <ac_nonexistent.h>
configure:6101: result: gcc -E
configure:6130: gcc -E  conftest.c
configure:6136: $? = 0
configure:6167: gcc -E  conftest.c
conftest.c:19:10: fatal error: ac_nonexistent.h: No such file or directory
 #include <ac_nonexistent.h>
          ^~~~~~~~~~~~~~~~~~
compilation terminated.
configure:6173: $? = 1
configure: failed program was:
| /* confdefs.h.  */
| #define PACKAGE_NAME ""
| #define PACKAGE_TARNAME ""
| #define PACKAGE_VERSION ""
| #define PACKAGE_STRING ""
| #define PACKAGE_BUGREPORT ""
| #define PACKAGE "jwhois"
| #define VERSION "4.0"
| #define DEFAULTHOST "whois.internic.net"
| #define WHOISSERVERS "whois-servers.net"
| #define CACHEEXPIRE "168"
| #define GETTEXT_PACKAGE "jwhois"
| #define ENABLE_NLS 1
| #define HAVE_GETTEXT 1
| #define HAVE_DCGETTEXT 1
| #define HAVE_ICONV 1
| #define ICONV_CONST 
| /* end confdefs.h.  */
| #include <ac_nonexistent.h>
configure:6211: checking for grep that handles long lines and -e
configure:6285: result: /bin/grep
configure:6290: checking for egrep
configure:6368: result: /bin/grep -E
configure:6373: checking for ANSI C header files
configure:6403: gcc -c -g -O2  conftest.c >&5
configure:6409: $? = 0
configure:6508: gcc -o conftest -g -O2   conftest.c  >&5
configure:6511: $? = 0
configure:6517: ./conftest
configure:6520: $? = 0
configure:6537: result: yes
configure:6561: checking for sys/types.h
configure:6582: gcc -c -g -O2  conftest.c >&5
configure:6588: $? = 0
configure:6604: result: yes
configure:6561: checking for sys/stat.h
configure:6582: gcc -c -g -O2  conftest.c >&5
configure:6588: $? = 0
configure:6604: result: yes
configure:6561: checking for stdlib.h
configure:6582: gcc -c -g -O2  conftest.c >&5
configure:6588: $? = 0
configure:6604: result: yes
configure:6561: checking for string.h
configure:6582: gcc -c -g -O2  conftest.c >&5
configure:6588: $? = 0
configure:6604: result: yes
configure:6561: checking for memory.h
configure:6582: gcc -c -g -O2  conftest.c >&5
configure:6588: $? = 0
configure:6604: result: yes
configure:6561: checking for strings.h
configure:6582: gcc -c -g -O2  conftest.c >&5
configure:6588: $? = 0
configure:6604: result: yes
configure:6561: checking for inttypes.h
configure:6582: gcc -c -g -O2  conftest.c >&5
configure:6588: $? = 0
configure:6604: result: yes
configure:6561: checking for stdint.h
configure:6582: gcc -c -g -O2  conftest.c >&5
configure:6588: $? = 0
configure:6604: result: yes
configure:6561: checking for unistd.h
configure:6582: gcc -c -g -O2  conftest.c >&5
configure:6588: $? = 0
configure:6604: result: yes
configure:6616: checking whether byte ordering is bigendian
configure:6649: gcc -c -g -O2  conftest.c >&5
configure:6655: $? = 0
configure:6687: gcc -c -g -O2  conftest.c >&5
conftest.c: In function 'main':
conftest.c:36:2: error: unknown type name 'not'; did you mean 'ino_t'?
  not big endian
  ^~~
  ino_t
conftest.c:36:10: error: expected '=', ',', ';', 'asm' or '__attribute__' before 'endian'
  not big endian
          ^~~~~~
configure:6693: $? = 1
configure: failed program was:
| /* confdefs.h.  */
| #define PACKAGE_NAME ""
| #define PACKAGE_TARNAME ""
| #define PACKAGE_VERSION ""
| #define PACKAGE_STRING ""
| #define PACKAGE_BUGREPORT ""
| #define PACKAGE "jwhois"
| #define VERSION "4.0"
| #define DEFAULTHOST "whois.internic.net"
| #define WHOISSERVERS "whois-servers.net"
| #define CACHEEXPIRE "168"
| #define GETTEXT_PACKAGE "jwhois"
| #define ENABLE_NLS 1
| #define HAVE_GETTEXT 1
| #define HAVE_DCGETTEXT 1
| #define HAVE_ICONV 1
| #define ICONV_CONST 
| #define STDC_HEADERS 1
| #define HAVE_SYS_TYPES_H 1
| #define HAVE_SYS_STAT_H 1
| #define HAVE_STDLIB_H 1
| #define HAVE_STRING_H 1
| #define HAVE_MEMORY_H 1
| #define HAVE_STRINGS_H 1
| #define HAVE_INTTYPES_H 1
| #define HAVE_STDINT_H 1
| #define HAVE_UNISTD_H 1
| /* end confdefs.h.  */
| #include <sys/types.h>
| #include <sys/param.h>
| 
| int
| main ()
| {
| #if BYTE_ORDER != BIG_ENDIAN
|  not big endian
| #endif
| 
|   ;
|   return 0;
| }
configure:6833: result: no
configure:6853: checking for connect
configure:6909: gcc -o conftest -g -O2   conftest.c  >&5
configure:6915: $? = 0
configure:6932: result: yes
configure:7010: checking for socket
configure:7066: gcc -o conftest -g -O2   conftest.c  >&5
configure:7072: $? = 0
configure:7089: result: yes
configure:7242: checking for getipnodebyname
configure:7298: gcc -o conftest -g -O2   conftest.c  >&5
/tmp/ccHIzO26.o: In function `main':
/home/carolhanna/Security_Project/gnu_dataset/jwhois-4.0/conftest.c:63: undefined reference to `getipnodebyname'
collect2: error: ld returned 1 exit status
configure:7304: $? = 1
configure: failed program was:
| /* confdefs.h.  */
| #define PACKAGE_NAME ""
| #define PACKAGE_TARNAME ""
| #define PACKAGE_VERSION ""
| #define PACKAGE_STRING ""
| #define PACKAGE_BUGREPORT ""
| #define PACKAGE "jwhois"
| #define VERSION "4.0"
| #define DEFAULTHOST "whois.internic.net"
| #define WHOISSERVERS "whois-servers.net"
| #define CACHEEXPIRE "168"
| #define GETTEXT_PACKAGE "jwhois"
| #define ENABLE_NLS 1
| #define HAVE_GETTEXT 1
| #define HAVE_DCGETTEXT 1
| #define HAVE_ICONV 1
| #define ICONV_CONST 
| #define STDC_HEADERS 1
| #define HAVE_SYS_TYPES_H 1
| #define HAVE_SYS_STAT_H 1
| #define HAVE_STDLIB_H 1
| #define HAVE_STRING_H 1
| #define HAVE_MEMORY_H 1
| #define HAVE_STRINGS_H 1
| #define HAVE_INTTYPES_H 1
| #define HAVE_STDINT_H 1
| #define HAVE_UNISTD_H 1
| /* end confdefs.h.  */
| /* Define getipnodebyname to an innocuous variant, in case <limits.h> declares getipnodebyname.
|    For example, HP-UX 11i <limits.h> declares gettimeofday.  */
| #define getipnodebyname innocuous_getipnodebyname
| 
| /* System header to define __stub macros and hopefully few prototypes,
|     which can conflict with char getipnodebyname (); below.
|     Prefer <limits.h> to <assert.h> if __STDC__ is defined, since
|     <limits.h> exists even on freestanding compilers.  */
| 
| #ifdef __STDC__
| # include <limits.h>
| #else
| # include <assert.h>
| #endif
| 
| #undef getipnodebyname
| 
| /* Override any GCC internal prototype to avoid an error.
|    Use char because int might match the return type of a GCC
|    builtin and then its argument prototype would still apply.  */
| #ifdef __cplusplus
| extern "C"
| #endif
| char getipnodebyname ();
| /* The GNU C library defines this for functions which it implements
|     to always fail with ENOSYS.  Some functions are actually named
|     something starting with __ and the normal name is an alias.  */
| #if defined __stub_getipnodebyname || defined __stub___getipnodebyname
| choke me
| #endif
| 
| int
| main ()
| {
| return getipnodebyname ();
|   ;
|   return 0;
| }
configure:7322: result: no
configure:7332: checking for getaddrinfo
configure:7388: gcc -o conftest -g -O2   conftest.c  >&5
configure:7394: $? = 0
configure:7411: result: yes
configure:7422: checking for gai_strerror
configure:7478: gcc -o conftest -g -O2   conftest.c  >&5
configure:7484: $? = 0
configure:7502: result: yes
configure:7755: checking for main in -linet6
configure:7784: gcc -o conftest -g -O2   conftest.c -linet6   >&5
/usr/bin/ld: cannot find -linet6
collect2: error: ld returned 1 exit status
configure:7790: $? = 1
configure: failed program was:
| /* confdefs.h.  */
| #define PACKAGE_NAME ""
| #define PACKAGE_TARNAME ""
| #define PACKAGE_VERSION ""
| #define PACKAGE_STRING ""
| #define PACKAGE_BUGREPORT ""
| #define PACKAGE "jwhois"
| #define VERSION "4.0"
| #define DEFAULTHOST "whois.internic.net"
| #define WHOISSERVERS "whois-servers.net"
| #define CACHEEXPIRE "168"
| #define GETTEXT_PACKAGE "jwhois"
| #define ENABLE_NLS 1
| #define HAVE_GETTEXT 1
| #define HAVE_DCGETTEXT 1
| #define HAVE_ICONV 1
| #define ICONV_CONST 
| #define STDC_HEADERS 1
| #define HAVE_SYS_TYPES_H 1
| #define HAVE_SYS_STAT_H 1
| #define HAVE_STDLIB_H 1
| #define HAVE_STRING_H 1
| #define HAVE_MEMORY_H 1
| #define HAVE_STRINGS_H 1
| #define HAVE_INTTYPES_H 1
| #define HAVE_STDINT_H 1
| #define HAVE_UNISTD_H 1
| #define HAVE_GETADDRINFO 1
| #define HAVE_GAI_STRERROR 1
| /* end confdefs.h.  */
| 
| 
| int
| main ()
| {
| return main ();
|   ;
|   return 0;
| }
configure:7808: result: no
configure:7884: checking for memcpy
configure:7940: gcc -o conftest -g -O2   conftest.c  >&5
conftest.c:54:6: warning: conflicting types for built-in function 'memcpy' [-Wbuiltin-declaration-mismatch]
 char memcpy ();
      ^~~~~~
configure:7946: $? = 0
configure:7964: result: yes
configure:7884: checking for strtol
configure:7940: gcc -o conftest -g -O2   conftest.c  >&5
configure:7946: $? = 0
configure:7964: result: yes
configure:7980: checking for strcasecmp
configure:8036: gcc -o conftest -g -O2   conftest.c  >&5
conftest.c:56:6: warning: conflicting types for built-in function 'strcasecmp' [-Wbuiltin-declaration-mismatch]
 char strcasecmp ();
      ^~~~~~~~~~
configure:8042: $? = 0
configure:8060: result: yes
configure:7980: checking for strncasecmp
configure:8036: gcc -o conftest -g -O2   conftest.c  >&5
conftest.c:57:6: warning: conflicting types for built-in function 'strncasecmp' [-Wbuiltin-declaration-mismatch]
 char strncasecmp ();
      ^~~~~~~~~~~
configure:8042: $? = 0
configure:8060: result: yes
configure:7980: checking for getopt_long
configure:8036: gcc -o conftest -g -O2   conftest.c  >&5
configure:8042: $? = 0
configure:8060: result: yes
configure:8070: checking for ANSI C header files
configure:8234: result: yes
configure:8260: checking for sys/types.h
configure:8266: result: yes
configure:8270: checking sys/socket.h usability
configure:8287: gcc -c -g -O2  conftest.c >&5
configure:8293: $? = 0
configure:8307: result: yes
configure:8311: checking sys/socket.h presence
configure:8326: gcc -E  conftest.c
configure:8332: $? = 0
configure:8346: result: yes
configure:8374: checking for sys/socket.h
configure:8382: result: yes
configure:8270: checking netinet/in.h usability
configure:8287: gcc -c -g -O2  conftest.c >&5
configure:8293: $? = 0
configure:8307: result: yes
configure:8311: checking netinet/in.h presence
configure:8326: gcc -E  conftest.c
configure:8332: $? = 0
configure:8346: result: yes
configure:8374: checking for netinet/in.h
configure:8382: result: yes
configure:8270: checking netdb.h usability
configure:8287: gcc -c -g -O2  conftest.c >&5
configure:8293: $? = 0
configure:8307: result: yes
configure:8311: checking netdb.h presence
configure:8326: gcc -E  conftest.c
configure:8332: $? = 0
configure:8346: result: yes
configure:8374: checking for netdb.h
configure:8382: result: yes
configure:8270: checking sys/time.h usability
configure:8287: gcc -c -g -O2  conftest.c >&5
configure:8293: $? = 0
configure:8307: result: yes
configure:8311: checking sys/time.h presence
configure:8326: gcc -E  conftest.c
configure:8332: $? = 0
configure:8346: result: yes
configure:8374: checking for sys/time.h
configure:8382: result: yes
configure:8260: checking for sys/stat.h
configure:8266: result: yes
configure:8270: checking sys/fcntl.h usability
configure:8287: gcc -c -g -O2  conftest.c >&5
configure:8293: $? = 0
configure:8307: result: yes
configure:8311: checking sys/fcntl.h presence
configure:8326: gcc -E  conftest.c
configure:8332: $? = 0
configure:8346: result: yes
configure:8374: checking for sys/fcntl.h
configure:8382: result: yes
configure:8270: checking malloc.h usability
configure:8287: gcc -c -g -O2  conftest.c >&5
configure:8293: $? = 0
configure:8307: result: yes
configure:8311: checking malloc.h presence
configure:8326: gcc -E  conftest.c
configure:8332: $? = 0
configure:8346: result: yes
configure:8374: checking for malloc.h
configure:8382: result: yes
configure:8270: checking locale.h usability
configure:8287: gcc -c -g -O2  conftest.c >&5
configure:8293: $? = 0
configure:8307: result: yes
configure:8311: checking locale.h presence
configure:8326: gcc -E  conftest.c
configure:8332: $? = 0
configure:8346: result: yes
configure:8374: checking for locale.h
configure:8382: result: yes
configure:8260: checking for stdint.h
configure:8266: result: yes
configure:8260: checking for inttypes.h
configure:8266: result: yes
configure:8270: checking idna.h usability
configure:8287: gcc -c -g -O2  conftest.c >&5
conftest.c:81:10: fatal error: idna.h: No such file or directory
 #include <idna.h>
          ^~~~~~~~
compilation terminated.
configure:8293: $? = 1
configure: failed program was:
| /* confdefs.h.  */
| #define PACKAGE_NAME ""
| #define PACKAGE_TARNAME ""
| #define PACKAGE_VERSION ""
| #define PACKAGE_STRING ""
| #define PACKAGE_BUGREPORT ""
| #define PACKAGE "jwhois"
| #define VERSION "4.0"
| #define DEFAULTHOST "whois.internic.net"
| #define WHOISSERVERS "whois-servers.net"
| #define CACHEEXPIRE "168"
| #define GETTEXT_PACKAGE "jwhois"
| #define ENABLE_NLS 1
| #define HAVE_GETTEXT 1
| #define HAVE_DCGETTEXT 1
| #define HAVE_ICONV 1
| #define ICONV_CONST 
| #define STDC_HEADERS 1
| #define HAVE_SYS_TYPES_H 1
| #define HAVE_SYS_STAT_H 1
| #define HAVE_STDLIB_H 1
| #define HAVE_STRING_H 1
| #define HAVE_MEMORY_H 1
| #define HAVE_STRINGS_H 1
| #define HAVE_INTTYPES_H 1
| #define HAVE_STDINT_H 1
| #define HAVE_UNISTD_H 1
| #define HAVE_GETADDRINFO 1
| #define HAVE_GAI_STRERROR 1
| #define HAVE_MEMCPY 1
| #define HAVE_STRTOL 1
| #define HAVE_STRCASECMP 1
| #define HAVE_STRNCASECMP 1
| #define HAVE_GETOPT_LONG 1
| #define STDC_HEADERS 1
| #define HAVE_SYS_TYPES_H 1
| #define HAVE_SYS_SOCKET_H 1
| #define HAVE_NETINET_IN_H 1
| #define HAVE_NETDB_H 1
| #define HAVE_SYS_TIME_H 1
| #define HAVE_SYS_STAT_H 1
| #define HAVE_SYS_FCNTL_H 1
| #define HAVE_MALLOC_H 1
| #define HAVE_LOCALE_H 1
| #define HAVE_STDINT_H 1
| #define HAVE_INTTYPES_H 1
| /* end confdefs.h.  */
| #include <stdio.h>
| #ifdef HAVE_SYS_TYPES_H
| # include <sys/types.h>
| #endif
| #ifdef HAVE_SYS_STAT_H
| # include <sys/stat.h>
| #endif
| #ifdef STDC_HEADERS
| # include <stdlib.h>
| # include <stddef.h>
| #else
| # ifdef HAVE_STDLIB_H
| #  include <stdlib.h>
| # endif
| #endif
| #ifdef HAVE_STRING_H
| # if !defined STDC_HEADERS && defined HAVE_MEMORY_H
| #  include <memory.h>
| # endif
| # include <string.h>
| #endif
| #ifdef HAVE_STRINGS_H
| # include <strings.h>
| #endif
| #ifdef HAVE_INTTYPES_H
| # include <inttypes.h>
| #endif
| #ifdef HAVE_STDINT_H
| # include <stdint.h>
| #endif
| #ifdef HAVE_UNISTD_H
| # include <unistd.h>
| #endif
| #include <idna.h>
configure:8307: result: no
configure:8311: checking idna.h presence
configure:8326: gcc -E  conftest.c
conftest.c:48:10: fatal error: idna.h: No such file or directory
 #include <idna.h>
          ^~~~~~~~
compilation terminated.
configure:8332: $? = 1
configure: failed program was:
| /* confdefs.h.  */
| #define PACKAGE_NAME ""
| #define PACKAGE_TARNAME ""
| #define PACKAGE_VERSION ""
| #define PACKAGE_STRING ""
| #define PACKAGE_BUGREPORT ""
| #define PACKAGE "jwhois"
| #define VERSION "4.0"
| #define DEFAULTHOST "whois.internic.net"
| #define WHOISSERVERS "whois-servers.net"
| #define CACHEEXPIRE "168"
| #define GETTEXT_PACKAGE "jwhois"
| #define ENABLE_NLS 1
| #define HAVE_GETTEXT 1
| #define HAVE_DCGETTEXT 1
| #define HAVE_ICONV 1
| #define ICONV_CONST 
| #define STDC_HEADERS 1
| #define HAVE_SYS_TYPES_H 1
| #define HAVE_SYS_STAT_H 1
| #define HAVE_STDLIB_H 1
| #define HAVE_STRING_H 1
| #define HAVE_MEMORY_H 1
| #define HAVE_STRINGS_H 1
| #define HAVE_INTTYPES_H 1
| #define HAVE_STDINT_H 1
| #define HAVE_UNISTD_H 1
| #define HAVE_GETADDRINFO 1
| #define HAVE_GAI_STRERROR 1
| #define HAVE_MEMCPY 1
| #define HAVE_STRTOL 1
| #define HAVE_STRCASECMP 1
| #define HAVE_STRNCASECMP 1
| #define HAVE_GETOPT_LONG 1
| #define STDC_HEADERS 1
| #define HAVE_SYS_TYPES_H 1
| #define HAVE_SYS_SOCKET_H 1
| #define HAVE_NETINET_IN_H 1
| #define HAVE_NETDB_H 1
| #define HAVE_SYS_TIME_H 1
| #define HAVE_SYS_STAT_H 1
| #define HAVE_SYS_FCNTL_H 1
| #define HAVE_MALLOC_H 1
| #define HAVE_LOCALE_H 1
| #define HAVE_STDINT_H 1
| #define HAVE_INTTYPES_H 1
| /* end confdefs.h.  */
| #include <idna.h>
configure:8346: result: no
configure:8374: checking for idna.h
configure:8382: result: no
configure:8395: checking whether time.h and sys/time.h may both be included
configure:8425: gcc -c -g -O2  conftest.c >&5
configure:8431: $? = 0
configure:8446: result: yes
configure:8461: checking for inet_pton
configure:8517: gcc -o conftest -g -O2   conftest.c  >&5
configure:8523: $? = 0
configure:8541: result: yes
configure:8552: checking if inet_pton supports IPv6
configure:8590: gcc -o conftest -g -O2   conftest.c  >&5
conftest.c: In function 'main':
conftest.c:63:9: warning: implicit declaration of function 'inet_pton' [-Wimplicit-function-declaration]
     if (inet_pton(AF_INET6, "::1", &addr6) < 1)
         ^~~~~~~~~
conftest.c:64:7: warning: implicit declaration of function 'exit' [-Wimplicit-function-declaration]
       exit(1);
       ^~~~
conftest.c:64:7: warning: incompatible implicit declaration of built-in function 'exit'
conftest.c:64:7: note: include '<stdlib.h>' or provide a declaration of 'exit'
conftest.c:66:7: warning: incompatible implicit declaration of built-in function 'exit'
       exit(0);
       ^~~~
conftest.c:66:7: note: include '<stdlib.h>' or provide a declaration of 'exit'
configure:8593: $? = 0
configure:8599: ./conftest
configure:8602: $? = 0
configure:8605: result: yes
configure:8642: checking for idna.h
configure:8647: result: no
configure:8847: WARNING: Libidn not found
configure:8850: checking if Libidn should be used
configure:8852: result: no
configure:8858: checking for dbm_open
configure:8914: gcc -o conftest -g -O2   conftest.c  >&5
/tmp/ccjCWGai.o: In function `main':
/home/carolhanna/Security_Project/gnu_dataset/jwhois-4.0/conftest.c:85: undefined reference to `dbm_open'
collect2: error: ld returned 1 exit status
configure:8920: $? = 1
configure: failed program was:
| /* confdefs.h.  */
| #define PACKAGE_NAME ""
| #define PACKAGE_TARNAME ""
| #define PACKAGE_VERSION ""
| #define PACKAGE_STRING ""
| #define PACKAGE_BUGREPORT ""
| #define PACKAGE "jwhois"
| #define VERSION "4.0"
| #define DEFAULTHOST "whois.internic.net"
| #define WHOISSERVERS "whois-servers.net"
| #define CACHEEXPIRE "168"
| #define GETTEXT_PACKAGE "jwhois"
| #define ENABLE_NLS 1
| #define HAVE_GETTEXT 1
| #define HAVE_DCGETTEXT 1
| #define HAVE_ICONV 1
| #define ICONV_CONST 
| #define STDC_HEADERS 1
| #define HAVE_SYS_TYPES_H 1
| #define HAVE_SYS_STAT_H 1
| #define HAVE_STDLIB_H 1
| #define HAVE_STRING_H 1
| #define HAVE_MEMORY_H 1
| #define HAVE_STRINGS_H 1
| #define HAVE_INTTYPES_H 1
| #define HAVE_STDINT_H 1
| #define HAVE_UNISTD_H 1
| #define HAVE_GETADDRINFO 1
| #define HAVE_GAI_STRERROR 1
| #define HAVE_MEMCPY 1
| #define HAVE_STRTOL 1
| #define HAVE_STRCASECMP 1
| #define HAVE_STRNCASECMP 1
| #define HAVE_GETOPT_LONG 1
| #define STDC_HEADERS 1
| #define HAVE_SYS_TYPES_H 1
| #define HAVE_SYS_SOCKET_H 1
| #define HAVE_NETINET_IN_H 1
| #define HAVE_NETDB_H 1
| #define HAVE_SYS_TIME_H 1
| #define HAVE_SYS_STAT_H 1
| #define HAVE_SYS_FCNTL_H 1
| #define HAVE_MALLOC_H 1
| #define HAVE_LOCALE_H 1
| #define HAVE_STDINT_H 1
| #define HAVE_INTTYPES_H 1
| #define TIME_WITH_SYS_TIME 1
| #define HAVE_INET_PTON 1
| #define HAVE_INET_PTON_IPV6 1
| /* end confdefs.h.  */
| /* Define dbm_open to an innocuous variant, in case <limits.h> declares dbm_open.
|    For example, HP-UX 11i <limits.h> declares gettimeofday.  */
| #define dbm_open innocuous_dbm_open
| 
| /* System header to define __stub macros and hopefully few prototypes,
|     which can conflict with char dbm_open (); below.
|     Prefer <limits.h> to <assert.h> if __STDC__ is defined, since
|     <limits.h> exists even on freestanding compilers.  */
| 
| #ifdef __STDC__
| # include <limits.h>
| #else
| # include <assert.h>
| #endif
| 
| #undef dbm_open
| 
| /* Override any GCC internal prototype to avoid an error.
|    Use char because int might match the return type of a GCC
|    builtin and then its argument prototype would still apply.  */
| #ifdef __cplusplus
| extern "C"
| #endif
| char dbm_open ();
| /* The GNU C library defines this for functions which it implements
|     to always fail with ENOSYS.  Some functions are actually named
|     something starting with __ and the normal name is an alias.  */
| #if defined __stub_dbm_open || defined __stub___dbm_open
| choke me
| #endif
| 
| int
| main ()
| {
| return dbm_open ();
|   ;
|   return 0;
| }
configure:8937: result: no
configure:8948: checking for gdbm_open in -lgdbm
configure:8983: gcc -o conftest -g -O2   conftest.c -lgdbm   >&5
/usr/bin/ld: cannot find -lgdbm
collect2: error: ld returned 1 exit status
configure:8989: $? = 1
configure: failed program was:
| /* confdefs.h.  */
| #define PACKAGE_NAME ""
| #define PACKAGE_TARNAME ""
| #define PACKAGE_VERSION ""
| #define PACKAGE_STRING ""
| #define PACKAGE_BUGREPORT ""
| #define PACKAGE "jwhois"
| #define VERSION "4.0"
| #define DEFAULTHOST "whois.internic.net"
| #define WHOISSERVERS "whois-servers.net"
| #define CACHEEXPIRE "168"
| #define GETTEXT_PACKAGE "jwhois"
| #define ENABLE_NLS 1
| #define HAVE_GETTEXT 1
| #define HAVE_DCGETTEXT 1
| #define HAVE_ICONV 1
| #define ICONV_CONST 
| #define STDC_HEADERS 1
| #define HAVE_SYS_TYPES_H 1
| #define HAVE_SYS_STAT_H 1
| #define HAVE_STDLIB_H 1
| #define HAVE_STRING_H 1
| #define HAVE_MEMORY_H 1
| #define HAVE_STRINGS_H 1
| #define HAVE_INTTYPES_H 1
| #define HAVE_STDINT_H 1
| #define HAVE_UNISTD_H 1
| #define HAVE_GETADDRINFO 1
| #define HAVE_GAI_STRERROR 1
| #define HAVE_MEMCPY 1
| #define HAVE_STRTOL 1
| #define HAVE_STRCASECMP 1
| #define HAVE_STRNCASECMP 1
| #define HAVE_GETOPT_LONG 1
| #define STDC_HEADERS 1
| #define HAVE_SYS_TYPES_H 1
| #define HAVE_SYS_SOCKET_H 1
| #define HAVE_NETINET_IN_H 1
| #define HAVE_NETDB_H 1
| #define HAVE_SYS_TIME_H 1
| #define HAVE_SYS_STAT_H 1
| #define HAVE_SYS_FCNTL_H 1
| #define HAVE_MALLOC_H 1
| #define HAVE_LOCALE_H 1
| #define HAVE_STDINT_H 1
| #define HAVE_INTTYPES_H 1
| #define TIME_WITH_SYS_TIME 1
| #define HAVE_INET_PTON 1
| #define HAVE_INET_PTON_IPV6 1
| /* end confdefs.h.  */
| 
| /* Override any GCC internal prototype to avoid an error.
|    Use char because int might match the return type of a GCC
|    builtin and then its argument prototype would still apply.  */
| #ifdef __cplusplus
| extern "C"
| #endif
| char gdbm_open ();
| int
| main ()
| {
| return gdbm_open ();
|   ;
|   return 0;
| }
configure:9007: result: no
configure:9020: checking for dbm_open in -lndbm
configure:9055: gcc -o conftest -g -O2   conftest.c -lndbm   >&5
/usr/bin/ld: cannot find -lndbm
collect2: error: ld returned 1 exit status
configure:9061: $? = 1
configure: failed program was:
| /* confdefs.h.  */
| #define PACKAGE_NAME ""
| #define PACKAGE_TARNAME ""
| #define PACKAGE_VERSION ""
| #define PACKAGE_STRING ""
| #define PACKAGE_BUGREPORT ""
| #define PACKAGE "jwhois"
| #define VERSION "4.0"
| #define DEFAULTHOST "whois.internic.net"
| #define WHOISSERVERS "whois-servers.net"
| #define CACHEEXPIRE "168"
| #define GETTEXT_PACKAGE "jwhois"
| #define ENABLE_NLS 1
| #define HAVE_GETTEXT 1
| #define HAVE_DCGETTEXT 1
| #define HAVE_ICONV 1
| #define ICONV_CONST 
| #define STDC_HEADERS 1
| #define HAVE_SYS_TYPES_H 1
| #define HAVE_SYS_STAT_H 1
| #define HAVE_STDLIB_H 1
| #define HAVE_STRING_H 1
| #define HAVE_MEMORY_H 1
| #define HAVE_STRINGS_H 1
| #define HAVE_INTTYPES_H 1
| #define HAVE_STDINT_H 1
| #define HAVE_UNISTD_H 1
| #define HAVE_GETADDRINFO 1
| #define HAVE_GAI_STRERROR 1
| #define HAVE_MEMCPY 1
| #define HAVE_STRTOL 1
| #define HAVE_STRCASECMP 1
| #define HAVE_STRNCASECMP 1
| #define HAVE_GETOPT_LONG 1
| #define STDC_HEADERS 1
| #define HAVE_SYS_TYPES_H 1
| #define HAVE_SYS_SOCKET_H 1
| #define HAVE_NETINET_IN_H 1
| #define HAVE_NETDB_H 1
| #define HAVE_SYS_TIME_H 1
| #define HAVE_SYS_STAT_H 1
| #define HAVE_SYS_FCNTL_H 1
| #define HAVE_MALLOC_H 1
| #define HAVE_LOCALE_H 1
| #define HAVE_STDINT_H 1
| #define HAVE_INTTYPES_H 1
| #define TIME_WITH_SYS_TIME 1
| #define HAVE_INET_PTON 1
| #define HAVE_INET_PTON_IPV6 1
| /* end confdefs.h.  */
| 
| /* Override any GCC internal prototype to avoid an error.
|    Use char because int might match the return type of a GCC
|    builtin and then its argument prototype would still apply.  */
| #ifdef __cplusplus
| extern "C"
| #endif
| char dbm_open ();
| int
| main ()
| {
| return dbm_open ();
|   ;
|   return 0;
| }
configure:9079: result: no
configure:9092: WARNING: "You don\'t have any dbm libraries installed -- disabling cache functions"
configure:9394: checking for working alloca.h
configure:9421: gcc -o conftest -g -O2   conftest.c  >&5
configure:9427: $? = 0
configure:9444: result: yes
configure:9454: checking for alloca
configure:9501: gcc -o conftest -g -O2   conftest.c  >&5
configure:9507: $? = 0
configure:9524: result: yes
configure:9772: checking whether snprintf is declared
configure:9801: gcc -c -g -O2  conftest.c >&5
configure:9807: $? = 0
configure:9822: result: yes
configure:9860: checking stdio.h usability
configure:9877: gcc -c -g -O2  conftest.c >&5
configure:9883: $? = 0
configure:9897: result: yes
configure:9901: checking stdio.h presence
configure:9916: gcc -E  conftest.c
configure:9922: $? = 0
configure:9936: result: yes
configure:9964: checking for stdio.h
configure:9972: result: yes
configure:9992: checking for EOVERFLOW
configure:10390: result: yes
configure:10410: checking for vasnprintf
configure:10466: gcc -o conftest -g -O2   conftest.c  >&5
/tmp/ccbtZZ9M.o: In function `main':
/home/carolhanna/Security_Project/gnu_dataset/jwhois-4.0/conftest.c:90: undefined reference to `vasnprintf'
collect2: error: ld returned 1 exit status
configure:10472: $? = 1
configure: failed program was:
| /* confdefs.h.  */
| #define PACKAGE_NAME ""
| #define PACKAGE_TARNAME ""
| #define PACKAGE_VERSION ""
| #define PACKAGE_STRING ""
| #define PACKAGE_BUGREPORT ""
| #define PACKAGE "jwhois"
| #define VERSION "4.0"
| #define DEFAULTHOST "whois.internic.net"
| #define WHOISSERVERS "whois-servers.net"
| #define CACHEEXPIRE "168"
| #define GETTEXT_PACKAGE "jwhois"
| #define ENABLE_NLS 1
| #define HAVE_GETTEXT 1
| #define HAVE_DCGETTEXT 1
| #define HAVE_ICONV 1
| #define ICONV_CONST 
| #define STDC_HEADERS 1
| #define HAVE_SYS_TYPES_H 1
| #define HAVE_SYS_STAT_H 1
| #define HAVE_STDLIB_H 1
| #define HAVE_STRING_H 1
| #define HAVE_MEMORY_H 1
| #define HAVE_STRINGS_H 1
| #define HAVE_INTTYPES_H 1
| #define HAVE_STDINT_H 1
| #define HAVE_UNISTD_H 1
| #define HAVE_GETADDRINFO 1
| #define HAVE_GAI_STRERROR 1
| #define HAVE_MEMCPY 1
| #define HAVE_STRTOL 1
| #define HAVE_STRCASECMP 1
| #define HAVE_STRNCASECMP 1
| #define HAVE_GETOPT_LONG 1
| #define STDC_HEADERS 1
| #define HAVE_SYS_TYPES_H 1
| #define HAVE_SYS_SOCKET_H 1
| #define HAVE_NETINET_IN_H 1
| #define HAVE_NETDB_H 1
| #define HAVE_SYS_TIME_H 1
| #define HAVE_SYS_STAT_H 1
| #define HAVE_SYS_FCNTL_H 1
| #define HAVE_MALLOC_H 1
| #define HAVE_LOCALE_H 1
| #define HAVE_STDINT_H 1
| #define HAVE_INTTYPES_H 1
| #define TIME_WITH_SYS_TIME 1
| #define HAVE_INET_PTON 1
| #define HAVE_INET_PTON_IPV6 1
| #define NOCACHE 1
| #define HAVE_ALLOCA_H 1
| #define HAVE_ALLOCA 1
| #define HAVE_DECL_SNPRINTF 1
| #define HAVE_STDIO_H 1
| /* end confdefs.h.  */
| /* Define vasnprintf to an innocuous variant, in case <limits.h> declares vasnprintf.
|    For example, HP-UX 11i <limits.h> declares gettimeofday.  */
| #define vasnprintf innocuous_vasnprintf
| 
| /* System header to define __stub macros and hopefully few prototypes,
|     which can conflict with char vasnprintf (); below.
|     Prefer <limits.h> to <assert.h> if __STDC__ is defined, since
|     <limits.h> exists even on freestanding compilers.  */
| 
| #ifdef __STDC__
| # include <limits.h>
| #else
| # include <assert.h>
| #endif
| 
| #undef vasnprintf
| 
| /* Override any GCC internal prototype to avoid an error.
|    Use char because int might match the return type of a GCC
|    builtin and then its argument prototype would still apply.  */
| #ifdef __cplusplus
| extern "C"
| #endif
| char vasnprintf ();
| /* The GNU C library defines this for functions which it implements
|     to always fail with ENOSYS.  Some functions are actually named
|     something starting with __ and the normal name is an alias.  */
| #if defined __stub_vasnprintf || defined __stub___vasnprintf
| choke me
| #endif
| 
| int
| main ()
| {
| return vasnprintf ();
|   ;
|   return 0;
| }
configure:10490: result: no
configure:10506: checking for long long int
configure:10539: gcc -o conftest -g -O2   conftest.c  >&5
configure:10545: $? = 0
configure:10590: gcc -o conftest -g -O2   conftest.c  >&5
configure:10593: $? = 0
configure:10599: ./conftest
configure:10602: $? = 0
configure:10627: result: yes
configure:10638: checking for long double
configure:10694: result: yes
configure:10705: checking for wchar_t
configure:10732: gcc -c -g -O2  conftest.c >&5
configure:10738: $? = 0
configure:10753: result: yes
configure:10764: checking for wint_t
configure:10799: gcc -c -g -O2  conftest.c >&5
configure:10805: $? = 0
configure:10820: result: yes
configure:10830: checking for size_t
configure:10860: gcc -c -g -O2  conftest.c >&5
configure:10866: $? = 0
configure:10881: result: yes
configure:10894: checking for inttypes.h
configure:10921: gcc -c -g -O2  conftest.c >&5
configure:10927: $? = 0
configure:10942: result: yes
configure:10953: checking for stdint.h
configure:10980: gcc -c -g -O2  conftest.c >&5
configure:10986: $? = 0
configure:11001: result: yes
configure:11025: checking for intmax_t
configure:11060: gcc -c -g -O2  conftest.c >&5
configure:11066: $? = 0
configure:11081: result: yes
configure:11101: checking for inline
configure:11127: gcc -c -g -O2  conftest.c >&5
configure:11133: $? = 0
configure:11151: result: inline
configure:11199: checking for alloca as a compiler built-in
configure:11227: result: yes
configure:11256: checking for stdint.h
configure:11262: result: yes
configure:11391: checking for SIZE_MAX
configure:12104: result: yes
configure:12120: checking for snprintf
configure:12176: gcc -o conftest -g -O2   conftest.c  >&5
conftest.c:90:6: warning: conflicting types for built-in function 'snprintf' [-Wbuiltin-declaration-mismatch]
 char snprintf ();
      ^~~~~~~~
configure:12182: $? = 0
configure:12200: result: yes
configure:12237: checking absolute name of <stdio.h>
configure:12262: result: ///usr/include/stdio.h
configure:12313: checking for ptrdiff_t
configure:12343: gcc -c -g -O2  conftest.c >&5
configure:12349: $? = 0
configure:12364: result: yes
configure:12388: checking for snprintf
configure:12468: result: yes
configure:12388: checking for wcslen
configure:12444: gcc -o conftest -g -O2   conftest.c  >&5
configure:12450: $? = 0
configure:12468: result: yes
configure:12492: checking for stdint.h
configure:12498: result: yes
configure:12777: creating ./config.status

## ---------------------- ##
## Running config.status. ##
## ---------------------- ##

This file was extended by config.status, which was
generated by GNU Autoconf 2.61.  Invocation command line was

  CONFIG_FILES    = 
  CONFIG_HEADERS  = 
  CONFIG_LINKS    = 
  CONFIG_COMMANDS = 
  $ ./config.status 

on rishon

config.status:711: creating po/Makefile.in
config.status:711: creating m4/Makefile
config.status:711: creating Makefile
config.status:711: creating doc/Makefile
config.status:711: creating doc/sv/Makefile
config.status:711: creating src/Makefile
config.status:711: creating gl/Makefile
config.status:711: creating example/Makefile
config.status:711: creating jwhois.spec
config.status:711: creating config.h
config.status:1038: executing depfiles commands
config.status:1038: executing po-directories commands

## ---------------- ##
## Cache variables. ##
## ---------------- ##

ac_cv_build=x86_64-unknown-linux-gnu
ac_cv_c_bigendian=no
ac_cv_c_compiler_gnu=yes
ac_cv_c_inline=inline
ac_cv_decl_EOVERFLOW=yes
ac_cv_env_CC_set=
ac_cv_env_CC_value=
ac_cv_env_CFLAGS_set=
ac_cv_env_CFLAGS_value=
ac_cv_env_CPPFLAGS_set=
ac_cv_env_CPPFLAGS_value=
ac_cv_env_CPP_set=
ac_cv_env_CPP_value=
ac_cv_env_LDFLAGS_set=
ac_cv_env_LDFLAGS_value=
ac_cv_env_LIBS_set=
ac_cv_env_LIBS_value=
ac_cv_env_build_alias_set=
ac_cv_env_build_alias_value=
ac_cv_env_host_alias_set=
ac_cv_env_host_alias_value=
ac_cv_env_target_alias_set=
ac_cv_env_target_alias_value=
ac_cv_func_alloca_works=yes
ac_cv_func_connect=yes
ac_cv_func_dbm_open=no
ac_cv_func_gai_strerror=yes
ac_cv_func_getaddrinfo=yes
ac_cv_func_getipnodebyname=no
ac_cv_func_getopt_long=yes
ac_cv_func_inet_pton=yes
ac_cv_func_memcpy=yes
ac_cv_func_snprintf=yes
ac_cv_func_socket=yes
ac_cv_func_strcasecmp=yes
ac_cv_func_strncasecmp=yes
ac_cv_func_strtol=yes
ac_cv_func_vasnprintf=no
ac_cv_func_wcslen=yes
ac_cv_have_decl_snprintf=yes
ac_cv_header_idna_h=no
ac_cv_header_inttypes_h=yes
ac_cv_header_locale_h=yes
ac_cv_header_malloc_h=yes
ac_cv_header_memory_h=yes
ac_cv_header_netdb_h=yes
ac_cv_header_netinet_in_h=yes
ac_cv_header_stdc=yes
ac_cv_header_stdint_h=yes
ac_cv_header_stdio_h=yes
ac_cv_header_stdlib_h=yes
ac_cv_header_string_h=yes
ac_cv_header_strings_h=yes
ac_cv_header_sys_fcntl_h=yes
ac_cv_header_sys_socket_h=yes
ac_cv_header_sys_stat_h=yes
ac_cv_header_sys_time_h=yes
ac_cv_header_sys_types_h=yes
ac_cv_header_time=yes
ac_cv_header_unistd_h=yes
ac_cv_host=x86_64-unknown-linux-gnu
ac_cv_lib_gdbm_gdbm_open=no
ac_cv_lib_inet6_main=no
ac_cv_lib_ndbm_dbm_open=no
ac_cv_objext=o
ac_cv_path_CHGRP=/bin/chgrp
ac_cv_path_CHMOD=/bin/chmod
ac_cv_path_EGREP='/bin/grep -E'
ac_cv_path_GMSGFMT=/usr/bin/msgfmt
ac_cv_path_GREP=/bin/grep
ac_cv_path_MSGFMT=/usr/bin/msgfmt
ac_cv_path_MSGMERGE=/usr/bin/msgmerge
ac_cv_path_XGETTEXT=/usr/bin/xgettext
ac_cv_path_install='/usr/bin/install -c'
ac_cv_prog_AWK=gawk
ac_cv_prog_CPP='gcc -E'
ac_cv_prog_ac_ct_CC=gcc
ac_cv_prog_ac_ct_RANLIB=ranlib
ac_cv_prog_cc_c89=
ac_cv_prog_cc_g=yes
ac_cv_prog_make_make_set=yes
ac_cv_type_long_long=yes
ac_cv_type_long_long_int=yes
ac_cv_type_ptrdiff_t=yes
ac_cv_type_size_t=yes
ac_cv_working_alloca_h=yes
acl_cv_hardcode_direct=no
acl_cv_hardcode_libdir_flag_spec='${wl}-rpath ${wl}$libdir'
acl_cv_hardcode_libdir_separator=
acl_cv_hardcode_minus_L=no
acl_cv_libext=a
acl_cv_path_LD=/usr/bin/ld
acl_cv_prog_gnu_ld=yes
acl_cv_rpath=done
acl_cv_shlibext=so
acl_cv_wl=-Wl,
am_cv_CC_dependencies_compiler_type=gcc3
am_cv_func_iconv=yes
am_cv_lib_iconv=no
am_cv_proto_iconv='extern size_t iconv (iconv_t cd, char * *inbuf, size_t *inbytesleft, char * *outbuf, size_t *outbytesleft);'
am_cv_proto_iconv_arg1=
gl_cv_absolute_stdio_h=///usr/include/stdio.h
gl_cv_header_inttypes_h=yes
gl_cv_header_stdint_h=yes
gl_cv_rpl_alloca=yes
gl_cv_size_max=yes
gt_cv_c_intmax_t=yes
gt_cv_c_long_double=yes
gt_cv_c_wchar_t=yes
gt_cv_c_wint_t=yes
gt_cv_func_CFLocaleCopyCurrent=no
gt_cv_func_CFPreferencesCopyAppValue=no
gt_cv_func_gnugettext1_libc=yes

## ----------------- ##
## Output variables. ##
## ----------------- ##

ABSOLUTE_STDIO_H='"///usr/include/stdio.h"'
ACLOCAL='${SHELL} /home/carolhanna/Security_Project/gnu_dataset/jwhois-4.0/missing --run aclocal-1.9'
ALLOCA=''
ALLOCA_H='alloca.h'
AMDEPBACKSLASH='\'
AMDEP_FALSE='#'
AMDEP_TRUE=''
AMTAR='${SHELL} /home/carolhanna/Security_Project/gnu_dataset/jwhois-4.0/missing --run tar'
AUTOCONF='${SHELL} /home/carolhanna/Security_Project/gnu_dataset/jwhois-4.0/missing --run autoconf'
AUTOHEADER='${SHELL} /home/carolhanna/Security_Project/gnu_dataset/jwhois-4.0/missing --run autoheader'
AUTOMAKE='${SHELL} /home/carolhanna/Security_Project/gnu_dataset/jwhois-4.0/missing --run automake-1.9'
AWK='gawk'
CC='gcc'
CCDEPMODE='depmode=gcc3'
CFLAGS='-g -O2'
CHGRP='/bin/chgrp'
CHMOD='/bin/chmod'
CPP='gcc -E'
CPPFLAGS=''
CYGPATH_W='echo'
DEFS='-DHAVE_CONFIG_H'
DEPDIR='.deps'
ECHO_C=''
ECHO_N='-n'
ECHO_T=''
EGREP='/bin/grep -E'
EOVERFLOW=''
EXEEXT=''
GETTEXT_PACKAGE='jwhois'
GL_COND_LIBTOOL_FALSE=''
GL_COND_LIBTOOL_TRUE='#'
GMSGFMT='/usr/bin/msgfmt'
GMSGFMT_015='/usr/bin/msgfmt'
GNULIB_FPRINTF_POSIX='0'
GNULIB_PRINTF_POSIX='0'
GNULIB_SNPRINTF='1'
GNULIB_SPRINTF_POSIX='0'
GNULIB_VFPRINTF_POSIX='0'
GNULIB_VPRINTF_POSIX='0'
GNULIB_VSNPRINTF='0'
GNULIB_VSPRINTF_POSIX='0'
GREP='/bin/grep'
GROUP='nogroup'
HAVE_DECL_SNPRINTF='1'
HAVE_DECL_VSNPRINTF='1'
INSTALL_DATA='${INSTALL} -m 644'
INSTALL_PROGRAM='${INSTALL}'
INSTALL_SCRIPT='${INSTALL}'
INSTALL_STRIP_PROGRAM='${SHELL} $(install_sh) -c -s'
INTLLIBS=''
INTL_MACOSX_LIBS=''
LDFLAGS=''
LIBGNU_LIBDEPS=''
LIBGNU_LTLIBDEPS=''
LIBICONV=''
LIBINTL=''
LIBOBJS=''
LIBS=''
LTLIBICONV=''
LTLIBINTL=''
LTLIBOBJS=''
MAKEINFO='${SHELL} /home/carolhanna/Security_Project/gnu_dataset/jwhois-4.0/missing --run makeinfo'
MSGFMT='/usr/bin/msgfmt'
MSGFMT_015='/usr/bin/msgfmt'
MSGMERGE='/usr/bin/msgmerge'
OBJEXT='o'
OLDCFLAGS='-g -O2'
PACKAGE='jwhois'
PACKAGE_BUGREPORT=''
PACKAGE_NAME=''
PACKAGE_STRING=''
PACKAGE_TARNAME=''
PACKAGE_VERSION=''
PATH_SEPARATOR=':'
POSUB='po'
RANLIB='ranlib'
REPLACE_FPRINTF='0'
REPLACE_PRINTF='0'
REPLACE_SNPRINTF='0'
REPLACE_SPRINTF='0'
REPLACE_VFPRINTF='0'
REPLACE_VPRINTF='0'
REPLACE_VSNPRINTF='0'
REPLACE_VSPRINTF='0'
SET_MAKE=''
SHELL='/bin/bash'
STRIP=''
USE_NLS='yes'
VERSION='4.0'
XGETTEXT='/usr/bin/xgettext'
XGETTEXT_015='/usr/bin/xgettext'
ac_ct_CC='gcc'
am__fastdepCC_FALSE='#'
am__fastdepCC_TRUE=''
am__include='include'
am__leading_dot='.'
am__quote=''
am__tar='${AMTAR} chof - "$$tardir"'
am__untar='${AMTAR} xf -'
bindir='${exec_prefix}/bin'
build='x86_64-unknown-linux-gnu'
build_alias=''
build_cpu='x86_64'
build_os='linux-gnu'
build_vendor='unknown'
cache='no'
datadir='${datarootdir}'
datarootdir='${prefix}/share'
docdir='${datarootdir}/doc/${PACKAGE}'
dvidir='${docdir}'
exec_prefix='${prefix}'
gl_LIBOBJS=' asnprintf.o printf-args.o printf-parse.o vasnprintf.o'
gl_LTLIBOBJS=' asnprintf.lo printf-args.lo printf-parse.lo vasnprintf.lo'
host='x86_64-unknown-linux-gnu'
host_alias=''
host_cpu='x86_64'
host_os='linux-gnu'
host_vendor='unknown'
htmldir='${docdir}'
includedir='${prefix}/include'
infodir='${datarootdir}/info'
install_sh='/home/carolhanna/Security_Project/gnu_dataset/jwhois-4.0/install-sh'
libdir='${exec_prefix}/lib'
libexecdir='${exec_prefix}/libexec'
localedir='${prefix}/share/locale'
localstatedir='${prefix}/var'
mandir='${datarootdir}/man'
mkdir_p='mkdir -p --'
oldincludedir='/usr/include'
pdfdir='${docdir}'
prefix='/usr/local'
program_transform_name='s,x,x,'
psdir='${docdir}'
sbindir='${exec_prefix}/sbin'
sgid='no'
sharedstatedir='${prefix}/com'
sysconfdir='${prefix}/etc'
target_alias=''

## ----------- ##
## confdefs.h. ##
## ----------- ##

#define PACKAGE_NAME ""
#define PACKAGE_TARNAME ""
#define PACKAGE_VERSION ""
#define PACKAGE_STRING ""
#define PACKAGE_BUGREPORT ""
#define PACKAGE "jwhois"
#define VERSION "4.0"
#define DEFAULTHOST "whois.internic.net"
#define WHOISSERVERS "whois-servers.net"
#define CACHEEXPIRE "168"
#define GETTEXT_PACKAGE "jwhois"
#define ENABLE_NLS 1
#define HAVE_GETTEXT 1
#define HAVE_DCGETTEXT 1
#define HAVE_ICONV 1
#define ICONV_CONST 
#define STDC_HEADERS 1
#define HAVE_SYS_TYPES_H 1
#define HAVE_SYS_STAT_H 1
#define HAVE_STDLIB_H 1
#define HAVE_STRING_H 1
#define HAVE_MEMORY_H 1
#define HAVE_STRINGS_H 1
#define HAVE_INTTYPES_H 1
#define HAVE_STDINT_H 1
#define HAVE_UNISTD_H 1
#define HAVE_GETADDRINFO 1
#define HAVE_GAI_STRERROR 1
#define HAVE_MEMCPY 1
#define HAVE_STRTOL 1
#define HAVE_STRCASECMP 1
#define HAVE_STRNCASECMP 1
#define HAVE_GETOPT_LONG 1
#define STDC_HEADERS 1
#define HAVE_SYS_TYPES_H 1
#define HAVE_SYS_SOCKET_H 1
#define HAVE_NETINET_IN_H 1
#define HAVE_NETDB_H 1
#define HAVE_SYS_TIME_H 1
#define HAVE_SYS_STAT_H 1
#define HAVE_SYS_FCNTL_H 1
#define HAVE_MALLOC_H 1
#define HAVE_LOCALE_H 1
#define HAVE_STDINT_H 1
#define HAVE_INTTYPES_H 1
#define TIME_WITH_SYS_TIME 1
#define HAVE_INET_PTON 1
#define HAVE_INET_PTON_IPV6 1
#define NOCACHE 1
#define HAVE_ALLOCA_H 1
#define HAVE_ALLOCA 1
#define HAVE_DECL_SNPRINTF 1
#define HAVE_STDIO_H 1
#define HAVE_LONG_LONG_INT 1
#define HAVE_LONG_DOUBLE 1
#define HAVE_WCHAR_T 1
#define HAVE_WINT_T 1
#define HAVE_INTTYPES_H_WITH_UINTMAX 1
#define HAVE_STDINT_H_WITH_UINTMAX 1
#define HAVE_LONG_LONG 1
#define HAVE_INTMAX_T 1
#define HAVE_ALLOCA 1
#define HAVE_ALLOCA_H 1
#define HAVE_STDINT_H 1
#define HAVE_SNPRINTF 1
#define ABSOLUTE_STDIO_H "///usr/include/stdio.h"
#define HAVE_PTRDIFF_T 1
#define HAVE_SNPRINTF 1
#define HAVE_WCSLEN 1
#define HAVE_STDINT_H 1

configure: exit 0
