This file contains any messages produced by compilers while
running configure, to aid debugging if configure makes a mistake.

It was created by gengen configure 1.4, which was
generated by GNU Autoconf 2.63.  Invocation command line was

  $ ./configure 

## --------- ##
## Platform. ##
## --------- ##

hostname = rishon
uname -m = x86_64
uname -r = 4.15.0-72-generic
uname -s = Linux
uname -v = #81-Ubuntu SMP Tue Nov 26 12:20:02 UTC 2019

/usr/bin/uname -p = unknown
/bin/uname -X     = unknown

/bin/arch              = unknown
/usr/bin/arch -k       = unknown
/usr/convex/getsysinfo = unknown
/usr/bin/hostinfo      = unknown
/bin/machine           = unknown
/usr/bin/oslevel       = unknown
/bin/universe          = unknown

PATH: /home/carolhanna/miniconda3/bin
PATH: /home/carolhanna/miniconda3/condabin
PATH: /usr/local/sbin
PATH: /usr/local/bin
PATH: /usr/sbin
PATH: /usr/bin
PATH: /sbin
PATH: /bin
PATH: /usr/games
PATH: /usr/local/games
PATH: /snap/bin


## ----------- ##
## Core tests. ##
## ----------- ##

configure:2071: checking for a BSD-compatible install
configure:2139: result: /usr/bin/install -c
configure:2150: checking whether build environment is sane
configure:2193: result: yes
configure:2218: checking for a thread-safe mkdir -p
configure:2257: result: /bin/mkdir -p
configure:2270: checking for gawk
configure:2286: found /usr/bin/gawk
configure:2297: result: gawk
configure:2308: checking whether make sets $(MAKE)
configure:2330: result: yes
configure:2569: checking for gcc
configure:2585: found /usr/bin/gcc
configure:2596: result: gcc
configure:2828: checking for C compiler version
configure:2836: gcc --version >&5
gcc (Ubuntu 7.5.0-3ubuntu1~18.04) 7.5.0
Copyright (C) 2017 Free Software Foundation, Inc.
This is free software; see the source for copying conditions.  There is NO
warranty; not even for MERCHANTABILITY or FITNESS FOR A PARTICULAR PURPOSE.

configure:2840: $? = 0
configure:2847: gcc -v >&5
Using built-in specs.
COLLECT_GCC=gcc
COLLECT_LTO_WRAPPER=/usr/lib/gcc/x86_64-linux-gnu/7/lto-wrapper
OFFLOAD_TARGET_NAMES=nvptx-none
OFFLOAD_TARGET_DEFAULT=1
Target: x86_64-linux-gnu
Configured with: ../src/configure -v --with-pkgversion='Ubuntu 7.5.0-3ubuntu1~18.04' --with-bugurl=file:///usr/share/doc/gcc-7/README.Bugs --enable-languages=c,ada,c++,go,brig,d,fortran,objc,obj-c++ --prefix=/usr --with-gcc-major-version-only --program-suffix=-7 --program-prefix=x86_64-linux-gnu- --enable-shared --enable-linker-build-id --libexecdir=/usr/lib --without-included-gettext --enable-threads=posix --libdir=/usr/lib --enable-nls --enable-bootstrap --enable-clocale=gnu --enable-libstdcxx-debug --enable-libstdcxx-time=yes --with-default-libstdcxx-abi=new --enable-gnu-unique-object --disable-vtable-verify --enable-libmpx --enable-plugin --enable-default-pie --with-system-zlib --with-target-system-zlib --enable-objc-gc=auto --enable-multiarch --disable-werror --with-arch-32=i686 --with-abi=m64 --with-multilib-list=m32,m64,mx32 --enable-multilib --with-tune=generic --enable-offload-targets=nvptx-none --without-cuda-driver --enable-checking=release --build=x86_64-linux-gnu --host=x86_64-linux-gnu --target=x86_64-linux-gnu
Thread model: posix
gcc version 7.5.0 (Ubuntu 7.5.0-3ubuntu1~18.04) 
configure:2851: $? = 0
configure:2858: gcc -V >&5
gcc: error: unrecognized command line option '-V'
gcc: fatal error: no input files
compilation terminated.
configure:2862: $? = 1
configure:2885: checking for C compiler default output file name
configure:2907: gcc    conftest.c  >&5
configure:2911: $? = 0
configure:2949: result: a.out
configure:2968: checking whether the C compiler works
configure:2978: ./a.out
configure:2982: $? = 0
configure:3001: result: yes
configure:3008: checking whether we are cross compiling
configure:3010: result: no
configure:3013: checking for suffix of executables
configure:3020: gcc -o conftest    conftest.c  >&5
configure:3024: $? = 0
configure:3050: result: 
configure:3056: checking for suffix of object files
configure:3082: gcc -c   conftest.c >&5
configure:3086: $? = 0
configure:3111: result: o
configure:3115: checking whether we are using the GNU C compiler
configure:3144: gcc -c   conftest.c >&5
configure:3151: $? = 0
configure:3168: result: yes
configure:3177: checking whether gcc accepts -g
configure:3207: gcc -c -g  conftest.c >&5
configure:3214: $? = 0
configure:3315: result: yes
configure:3332: checking for gcc option to accept ISO C89
configure:3406: gcc  -c -g -O2  conftest.c >&5
configure:3413: $? = 0
configure:3436: result: none needed
configure:3465: checking for style of include used by make
configure:3493: result: GNU
configure:3518: checking dependency style of gcc
configure:3609: result: gcc3
configure:3668: checking for ranlib
configure:3684: found /usr/bin/ranlib
configure:3695: result: ranlib
configure:3723: checking build system type
configure:3741: result: x86_64-unknown-linux-gnu
configure:3763: checking host system type
configure:3778: result: x86_64-unknown-linux-gnu
configure:3806: checking how to run the C preprocessor
configure:3846: gcc -E  conftest.c
configure:3853: $? = 0
configure:3884: gcc -E  conftest.c
conftest.c:10:10: fatal error: ac_nonexistent.h: No such file or directory
 #include <ac_nonexistent.h>
          ^~~~~~~~~~~~~~~~~~
compilation terminated.
configure:3891: $? = 1
configure: failed program was:
| /* confdefs.h.  */
| #define PACKAGE_NAME "gengen"
| #define PACKAGE_TARNAME "gengen"
| #define PACKAGE_VERSION "1.4"
| #define PACKAGE_STRING "gengen 1.4"
| #define PACKAGE_BUGREPORT ""
| #define PACKAGE "gengen"
| #define VERSION "1.4"
| /* end confdefs.h.  */
| #include <ac_nonexistent.h>
configure:3924: result: gcc -E
configure:3953: gcc -E  conftest.c
configure:3960: $? = 0
configure:3991: gcc -E  conftest.c
conftest.c:10:10: fatal error: ac_nonexistent.h: No such file or directory
 #include <ac_nonexistent.h>
          ^~~~~~~~~~~~~~~~~~
compilation terminated.
configure:3998: $? = 1
configure: failed program was:
| /* confdefs.h.  */
| #define PACKAGE_NAME "gengen"
| #define PACKAGE_TARNAME "gengen"
| #define PACKAGE_VERSION "1.4"
| #define PACKAGE_STRING "gengen 1.4"
| #define PACKAGE_BUGREPORT ""
| #define PACKAGE "gengen"
| #define VERSION "1.4"
| /* end confdefs.h.  */
| #include <ac_nonexistent.h>
configure:4038: checking for grep that handles long lines and -e
configure:4098: result: /bin/grep
configure:4103: checking for egrep
configure:4167: result: /bin/grep -E
configure:4172: checking for ANSI C header files
configure:4202: gcc -c -g -O2  conftest.c >&5
configure:4209: $? = 0
configure:4308: gcc -o conftest -g -O2   conftest.c  >&5
configure:4312: $? = 0
configure:4318: ./conftest
configure:4322: $? = 0
configure:4340: result: yes
configure:4364: checking for sys/types.h
configure:4385: gcc -c -g -O2  conftest.c >&5
configure:4392: $? = 0
configure:4409: result: yes
configure:4364: checking for sys/stat.h
configure:4385: gcc -c -g -O2  conftest.c >&5
configure:4392: $? = 0
configure:4409: result: yes
configure:4364: checking for stdlib.h
configure:4385: gcc -c -g -O2  conftest.c >&5
configure:4392: $? = 0
configure:4409: result: yes
configure:4364: checking for string.h
configure:4385: gcc -c -g -O2  conftest.c >&5
configure:4392: $? = 0
configure:4409: result: yes
configure:4364: checking for memory.h
configure:4385: gcc -c -g -O2  conftest.c >&5
configure:4392: $? = 0
configure:4409: result: yes
configure:4364: checking for strings.h
configure:4385: gcc -c -g -O2  conftest.c >&5
configure:4392: $? = 0
configure:4409: result: yes
configure:4364: checking for inttypes.h
configure:4385: gcc -c -g -O2  conftest.c >&5
configure:4392: $? = 0
configure:4409: result: yes
configure:4364: checking for stdint.h
configure:4385: gcc -c -g -O2  conftest.c >&5
configure:4392: $? = 0
configure:4409: result: yes
configure:4364: checking for unistd.h
configure:4385: gcc -c -g -O2  conftest.c >&5
configure:4392: $? = 0
configure:4409: result: yes
configure:4436: checking minix/config.h usability
configure:4453: gcc -c -g -O2  conftest.c >&5
conftest.c:53:10: fatal error: minix/config.h: No such file or directory
 #include <minix/config.h>
          ^~~~~~~~~~~~~~~~
compilation terminated.
configure:4460: $? = 1
configure: failed program was:
| /* confdefs.h.  */
| #define PACKAGE_NAME "gengen"
| #define PACKAGE_TARNAME "gengen"
| #define PACKAGE_VERSION "1.4"
| #define PACKAGE_STRING "gengen 1.4"
| #define PACKAGE_BUGREPORT ""
| #define PACKAGE "gengen"
| #define VERSION "1.4"
| #define STDC_HEADERS 1
| #define HAVE_SYS_TYPES_H 1
| #define HAVE_SYS_STAT_H 1
| #define HAVE_STDLIB_H 1
| #define HAVE_STRING_H 1
| #define HAVE_MEMORY_H 1
| #define HAVE_STRINGS_H 1
| #define HAVE_INTTYPES_H 1
| #define HAVE_STDINT_H 1
| #define HAVE_UNISTD_H 1
| /* end confdefs.h.  */
| #include <stdio.h>
| #ifdef HAVE_SYS_TYPES_H
| # include <sys/types.h>
| #endif
| #ifdef HAVE_SYS_STAT_H
| # include <sys/stat.h>
| #endif
| #ifdef STDC_HEADERS
| # include <stdlib.h>
| # include <stddef.h>
| #else
| # ifdef HAVE_STDLIB_H
| #  include <stdlib.h>
| # endif
| #endif
| #ifdef HAVE_STRING_H
| # if !defined STDC_HEADERS && defined HAVE_MEMORY_H
| #  include <memory.h>
| # endif
| # include <string.h>
| #endif
| #ifdef HAVE_STRINGS_H
| # include <strings.h>
| #endif
| #ifdef HAVE_INTTYPES_H
| # include <inttypes.h>
| #endif
| #ifdef HAVE_STDINT_H
| # include <stdint.h>
| #endif
| #ifdef HAVE_UNISTD_H
| # include <unistd.h>
| #endif
| #include <minix/config.h>
configure:4474: result: no
configure:4478: checking minix/config.h presence
configure:4493: gcc -E  conftest.c
conftest.c:20:10: fatal error: minix/config.h: No such file or directory
 #include <minix/config.h>
          ^~~~~~~~~~~~~~~~
compilation terminated.
configure:4500: $? = 1
configure: failed program was:
| /* confdefs.h.  */
| #define PACKAGE_NAME "gengen"
| #define PACKAGE_TARNAME "gengen"
| #define PACKAGE_VERSION "1.4"
| #define PACKAGE_STRING "gengen 1.4"
| #define PACKAGE_BUGREPORT ""
| #define PACKAGE "gengen"
| #define VERSION "1.4"
| #define STDC_HEADERS 1
| #define HAVE_SYS_TYPES_H 1
| #define HAVE_SYS_STAT_H 1
| #define HAVE_STDLIB_H 1
| #define HAVE_STRING_H 1
| #define HAVE_MEMORY_H 1
| #define HAVE_STRINGS_H 1
| #define HAVE_INTTYPES_H 1
| #define HAVE_STDINT_H 1
| #define HAVE_UNISTD_H 1
| /* end confdefs.h.  */
| #include <minix/config.h>
configure:4514: result: no
configure:4542: checking for minix/config.h
configure:4549: result: no
configure:4590: checking whether it is safe to define __EXTENSIONS__
configure:4618: gcc -c -g -O2  conftest.c >&5
configure:4625: $? = 0
configure:4640: result: yes
configure:4700: checking checking whether to use ar cru or CC -xar -o 
configure:4711: result: $(AR) cru 
configure:4715: checking for an ANSI C-conforming const
configure:4790: gcc -c -g -O2  conftest.c >&5
configure:4797: $? = 0
configure:4812: result: yes
configure:4822: checking for size_t
configure:4850: gcc -c -g -O2  conftest.c >&5
configure:4857: $? = 0
configure:4884: gcc -c -g -O2  conftest.c >&5
conftest.c: In function 'main':
conftest.c:61:21: error: expected expression before ')' token
 if (sizeof ((size_t)))
                     ^
configure:4891: $? = 1
configure: failed program was:
| /* confdefs.h.  */
| #define PACKAGE_NAME "gengen"
| #define PACKAGE_TARNAME "gengen"
| #define PACKAGE_VERSION "1.4"
| #define PACKAGE_STRING "gengen 1.4"
| #define PACKAGE_BUGREPORT ""
| #define PACKAGE "gengen"
| #define VERSION "1.4"
| #define STDC_HEADERS 1
| #define HAVE_SYS_TYPES_H 1
| #define HAVE_SYS_STAT_H 1
| #define HAVE_STDLIB_H 1
| #define HAVE_STRING_H 1
| #define HAVE_MEMORY_H 1
| #define HAVE_STRINGS_H 1
| #define HAVE_INTTYPES_H 1
| #define HAVE_STDINT_H 1
| #define HAVE_UNISTD_H 1
| #define __EXTENSIONS__ 1
| #define _ALL_SOURCE 1
| #define _GNU_SOURCE 1
| #define _POSIX_PTHREAD_SEMANTICS 1
| #define _TANDEM_SOURCE 1
| /* end confdefs.h.  */
| #include <stdio.h>
| #ifdef HAVE_SYS_TYPES_H
| # include <sys/types.h>
| #endif
| #ifdef HAVE_SYS_STAT_H
| # include <sys/stat.h>
| #endif
| #ifdef STDC_HEADERS
| # include <stdlib.h>
| # include <stddef.h>
| #else
| # ifdef HAVE_STDLIB_H
| #  include <stdlib.h>
| # endif
| #endif
| #ifdef HAVE_STRING_H
| # if !defined STDC_HEADERS && defined HAVE_MEMORY_H
| #  include <memory.h>
| # endif
| # include <string.h>
| #endif
| #ifdef HAVE_STRINGS_H
| # include <strings.h>
| #endif
| #ifdef HAVE_INTTYPES_H
| # include <inttypes.h>
| #endif
| #ifdef HAVE_STDINT_H
| # include <stdint.h>
| #endif
| #ifdef HAVE_UNISTD_H
| # include <unistd.h>
| #endif
| int
| main ()
| {
| if (sizeof ((size_t)))
| 	  return 0;
|   ;
|   return 0;
| }
configure:4914: result: yes
configure:5011: checking getopt.h usability
configure:5028: gcc -c -g -O2  conftest.c >&5
configure:5035: $? = 0
configure:5049: result: yes
configure:5053: checking getopt.h presence
configure:5068: gcc -E  conftest.c
configure:5075: $? = 0
configure:5089: result: yes
configure:5117: checking for getopt.h
configure:5126: result: yes
configure:5150: checking for getopt_long_only
configure:5206: gcc -o conftest -g -O2   conftest.c  >&5
configure:5213: $? = 0
configure:5235: result: yes
configure:5313: checking whether getopt is POSIX compatible
configure:5416: gcc -o conftest -g -O2   conftest.c  >&5
configure:5420: $? = 0
configure:5426: ./conftest
configure:5430: $? = 0
configure:5448: result: yes
configure:5456: checking for working GNU getopt function
configure:5521: gcc -o conftest -g -O2   conftest.c  >&5
configure:5525: $? = 0
configure:5531: ./conftest
configure:5535: $? = 0
configure:5553: result: yes
configure:5561: checking whether getenv is declared
configure:5590: gcc -c -g -O2  conftest.c >&5
configure:5597: $? = 0
configure:5612: result: yes
configure:5690: checking for wchar_t
configure:5717: gcc -c -g -O2  conftest.c >&5
configure:5724: $? = 0
configure:5739: result: yes
configure:5751: checking whether the preprocessor supports include_next
configure:5794: gcc -c -g -O2  -Iconftestd1b -Iconftestd2 conftest.c >&5
configure:5801: $? = 0
configure:5850: result: yes
configure:5892: checking stddef.h usability
configure:5909: gcc -c -g -O2  conftest.c >&5
configure:5916: $? = 0
configure:5930: result: yes
configure:5934: checking stddef.h presence
configure:5949: gcc -E  conftest.c
configure:5956: $? = 0
configure:5970: result: yes
configure:5998: checking for stddef.h
configure:6007: result: yes
configure:5881: checking for string.h
configure:5888: result: yes
configure:5881: checking for unistd.h
configure:5888: result: yes
configure:6088: checking whether strdup is declared
configure:6117: gcc -c -g -O2  conftest.c >&5
configure:6124: $? = 0
configure:6139: result: yes
configure:6158: checking for C/C++ restrict keyword
configure:6193: gcc -c -g -O2  conftest.c >&5
configure:6200: $? = 0
configure:6218: result: __restrict
configure:6409: checking whether NULL can be used in arbitrary expressions
configure:6437: gcc -c -g -O2  conftest.c >&5
configure:6444: $? = 0
configure:6459: result: yes
configure:6545: checking for strdup
configure:6601: gcc -o conftest -g -O2   conftest.c  >&5
conftest.c:58:6: warning: conflicting types for built-in function 'strdup' [-Wbuiltin-declaration-mismatch]
 char strdup ();
      ^~~~~~
configure:6608: $? = 0
configure:6630: result: yes
configure:6841: checking for g++
configure:6857: found /usr/bin/g++
configure:6868: result: g++
configure:6895: checking for C++ compiler version
configure:6903: g++ --version >&5
g++ (Ubuntu 7.5.0-3ubuntu1~18.04) 7.5.0
Copyright (C) 2017 Free Software Foundation, Inc.
This is free software; see the source for copying conditions.  There is NO
warranty; not even for MERCHANTABILITY or FITNESS FOR A PARTICULAR PURPOSE.

configure:6907: $? = 0
configure:6914: g++ -v >&5
Using built-in specs.
COLLECT_GCC=g++
COLLECT_LTO_WRAPPER=/usr/lib/gcc/x86_64-linux-gnu/7/lto-wrapper
OFFLOAD_TARGET_NAMES=nvptx-none
OFFLOAD_TARGET_DEFAULT=1
Target: x86_64-linux-gnu
Configured with: ../src/configure -v --with-pkgversion='Ubuntu 7.5.0-3ubuntu1~18.04' --with-bugurl=file:///usr/share/doc/gcc-7/README.Bugs --enable-languages=c,ada,c++,go,brig,d,fortran,objc,obj-c++ --prefix=/usr --with-gcc-major-version-only --program-suffix=-7 --program-prefix=x86_64-linux-gnu- --enable-shared --enable-linker-build-id --libexecdir=/usr/lib --without-included-gettext --enable-threads=posix --libdir=/usr/lib --enable-nls --enable-bootstrap --enable-clocale=gnu --enable-libstdcxx-debug --enable-libstdcxx-time=yes --with-default-libstdcxx-abi=new --enable-gnu-unique-object --disable-vtable-verify --enable-libmpx --enable-plugin --enable-default-pie --with-system-zlib --with-target-system-zlib --enable-objc-gc=auto --enable-multiarch --disable-werror --with-arch-32=i686 --with-abi=m64 --with-multilib-list=m32,m64,mx32 --enable-multilib --with-tune=generic --enable-offload-targets=nvptx-none --without-cuda-driver --enable-checking=release --build=x86_64-linux-gnu --host=x86_64-linux-gnu --target=x86_64-linux-gnu
Thread model: posix
gcc version 7.5.0 (Ubuntu 7.5.0-3ubuntu1~18.04) 
configure:6918: $? = 0
configure:6925: g++ -V >&5
g++: error: unrecognized command line option '-V'
g++: fatal error: no input files
compilation terminated.
configure:6929: $? = 1
configure:6932: checking whether we are using the GNU C++ compiler
configure:6961: g++ -c   conftest.cpp >&5
configure:6968: $? = 0
configure:6985: result: yes
configure:6994: checking whether g++ accepts -g
configure:7024: g++ -c -g  conftest.cpp >&5
configure:7031: $? = 0
configure:7132: result: yes
configure:7157: checking dependency style of g++
configure:7248: result: gcc3
configure:7273: checking for gawk
configure:7300: result: gawk
configure:7326: checking for a BSD-compatible install
configure:7394: result: /usr/bin/install -c
configure:7449: checking for ranlib
configure:7476: result: ranlib
configure:7531: checking whether the compiler implements namespaces
configure:7564: g++ -c -g -O2  conftest.cpp >&5
configure:7571: $? = 0
configure:7593: result: yes
configure:7603: checking whether the compiler supports Standard Template Library
configure:7642: g++ -c -g -O2  conftest.cpp >&5
configure:7649: $? = 0
configure:7671: result: yes
configure:7682: checking whether the compiler has stringstream
configure:7719: g++ -c -g -O2  conftest.cpp >&5
configure:7726: $? = 0
configure:7748: result: yes
configure:7763: checking for bison
configure:7793: result: no
configure:7763: checking for byacc
configure:7793: result: no
configure:7809: checking for flex
configure:7839: result: no
configure:7809: checking for lex
configure:7839: result: no
configure:8023: checking for main in -lfl
configure:8052: g++ -o conftest -g -O2   conftest.cpp -lfl   >&5
/usr/bin/ld: cannot find -lfl
collect2: error: ld returned 1 exit status
configure:8059: $? = 1
configure: failed program was:
| /* confdefs.h.  */
| #define PACKAGE_NAME "gengen"
| #define PACKAGE_TARNAME "gengen"
| #define PACKAGE_VERSION "1.4"
| #define PACKAGE_STRING "gengen 1.4"
| #define PACKAGE_BUGREPORT ""
| #define PACKAGE "gengen"
| #define VERSION "1.4"
| #define STDC_HEADERS 1
| #define HAVE_SYS_TYPES_H 1
| #define HAVE_SYS_STAT_H 1
| #define HAVE_STDLIB_H 1
| #define HAVE_STRING_H 1
| #define HAVE_MEMORY_H 1
| #define HAVE_STRINGS_H 1
| #define HAVE_INTTYPES_H 1
| #define HAVE_STDINT_H 1
| #define HAVE_UNISTD_H 1
| #define __EXTENSIONS__ 1
| #define _ALL_SOURCE 1
| #define _GNU_SOURCE 1
| #define _POSIX_PTHREAD_SEMANTICS 1
| #define _TANDEM_SOURCE 1
| #define HAVE_GETOPT_H 1
| #define HAVE_GETOPT_LONG_ONLY 1
| #define HAVE_DECL_GETENV 1
| #define HAVE_WCHAR_T 1
| #define HAVE_STDDEF_H 1
| #define HAVE_STRING_H 1
| #define HAVE_UNISTD_H 1
| #define HAVE_DECL_STRDUP 1
| #define restrict __restrict
| #define GNULIB_GETOPT_GNU 1
| #define HAVE_STRDUP 1
| #define HAVE_NAMESPACES /**/
| #define HAVE_STL /**/
| #define HAVE_SSTREAM /**/
| /* end confdefs.h.  */
| 
| 
| int
| main ()
| {
| return main ();
|   ;
|   return 0;
| }
configure:8080: result: no
configure:8096: checking for yywrap
configure:8152: g++ -o conftest -g -O2   conftest.cpp  >&5
/tmp/ccbhp0in.o: In function `main':
/home/carolhanna/Security_Project/gnu_dataset/gengen-1.4/conftest.cpp:73: undefined reference to `yywrap'
collect2: error: ld returned 1 exit status
configure:8159: $? = 1
configure: failed program was:
| /* confdefs.h.  */
| #define PACKAGE_NAME "gengen"
| #define PACKAGE_TARNAME "gengen"
| #define PACKAGE_VERSION "1.4"
| #define PACKAGE_STRING "gengen 1.4"
| #define PACKAGE_BUGREPORT ""
| #define PACKAGE "gengen"
| #define VERSION "1.4"
| #define STDC_HEADERS 1
| #define HAVE_SYS_TYPES_H 1
| #define HAVE_SYS_STAT_H 1
| #define HAVE_STDLIB_H 1
| #define HAVE_STRING_H 1
| #define HAVE_MEMORY_H 1
| #define HAVE_STRINGS_H 1
| #define HAVE_INTTYPES_H 1
| #define HAVE_STDINT_H 1
| #define HAVE_UNISTD_H 1
| #define __EXTENSIONS__ 1
| #define _ALL_SOURCE 1
| #define _GNU_SOURCE 1
| #define _POSIX_PTHREAD_SEMANTICS 1
| #define _TANDEM_SOURCE 1
| #define HAVE_GETOPT_H 1
| #define HAVE_GETOPT_LONG_ONLY 1
| #define HAVE_DECL_GETENV 1
| #define HAVE_WCHAR_T 1
| #define HAVE_STDDEF_H 1
| #define HAVE_STRING_H 1
| #define HAVE_UNISTD_H 1
| #define HAVE_DECL_STRDUP 1
| #define restrict __restrict
| #define GNULIB_GETOPT_GNU 1
| #define HAVE_STRDUP 1
| #define HAVE_NAMESPACES /**/
| #define HAVE_STL /**/
| #define HAVE_SSTREAM /**/
| /* end confdefs.h.  */
| /* Define yywrap to an innocuous variant, in case <limits.h> declares yywrap.
|    For example, HP-UX 11i <limits.h> declares gettimeofday.  */
| #define yywrap innocuous_yywrap
| 
| /* System header to define __stub macros and hopefully few prototypes,
|     which can conflict with char yywrap (); below.
|     Prefer <limits.h> to <assert.h> if __STDC__ is defined, since
|     <limits.h> exists even on freestanding compilers.  */
| 
| #ifdef __STDC__
| # include <limits.h>
| #else
| # include <assert.h>
| #endif
| 
| #undef yywrap
| 
| /* Override any GCC internal prototype to avoid an error.
|    Use char because int might match the return type of a GCC
|    builtin and then its argument prototype would still apply.  */
| #ifdef __cplusplus
| extern "C"
| #endif
| char yywrap ();
| /* The GNU C library defines this for functions which it implements
|     to always fail with ENOSYS.  Some functions are actually named
|     something starting with __ and the normal name is an alias.  */
| #if defined __stub_yywrap || defined __stub___yywrap
| choke me
| #endif
| 
| int
| main ()
| {
| return yywrap ();
|   ;
|   return 0;
| }
configure:8181: result: no
configure:8207: checking how to run the C++ preprocessor
configure:8243: g++ -E  conftest.cpp
configure:8250: $? = 0
configure:8281: g++ -E  conftest.cpp
conftest.cpp:39:10: fatal error: ac_nonexistent.h: No such file or directory
 #include <ac_nonexistent.h>
          ^~~~~~~~~~~~~~~~~~
compilation terminated.
configure:8288: $? = 1
configure: failed program was:
| /* confdefs.h.  */
| #define PACKAGE_NAME "gengen"
| #define PACKAGE_TARNAME "gengen"
| #define PACKAGE_VERSION "1.4"
| #define PACKAGE_STRING "gengen 1.4"
| #define PACKAGE_BUGREPORT ""
| #define PACKAGE "gengen"
| #define VERSION "1.4"
| #define STDC_HEADERS 1
| #define HAVE_SYS_TYPES_H 1
| #define HAVE_SYS_STAT_H 1
| #define HAVE_STDLIB_H 1
| #define HAVE_STRING_H 1
| #define HAVE_MEMORY_H 1
| #define HAVE_STRINGS_H 1
| #define HAVE_INTTYPES_H 1
| #define HAVE_STDINT_H 1
| #define HAVE_UNISTD_H 1
| #define __EXTENSIONS__ 1
| #define _ALL_SOURCE 1
| #define _GNU_SOURCE 1
| #define _POSIX_PTHREAD_SEMANTICS 1
| #define _TANDEM_SOURCE 1
| #define HAVE_GETOPT_H 1
| #define HAVE_GETOPT_LONG_ONLY 1
| #define HAVE_DECL_GETENV 1
| #define HAVE_WCHAR_T 1
| #define HAVE_STDDEF_H 1
| #define HAVE_STRING_H 1
| #define HAVE_UNISTD_H 1
| #define HAVE_DECL_STRDUP 1
| #define restrict __restrict
| #define GNULIB_GETOPT_GNU 1
| #define HAVE_STRDUP 1
| #define HAVE_NAMESPACES /**/
| #define HAVE_STL /**/
| #define HAVE_SSTREAM /**/
| /* end confdefs.h.  */
| #include <ac_nonexistent.h>
configure:8321: result: g++ -E
configure:8350: g++ -E  conftest.cpp
configure:8357: $? = 0
configure:8388: g++ -E  conftest.cpp
conftest.cpp:39:10: fatal error: ac_nonexistent.h: No such file or directory
 #include <ac_nonexistent.h>
          ^~~~~~~~~~~~~~~~~~
compilation terminated.
configure:8395: $? = 1
configure: failed program was:
| /* confdefs.h.  */
| #define PACKAGE_NAME "gengen"
| #define PACKAGE_TARNAME "gengen"
| #define PACKAGE_VERSION "1.4"
| #define PACKAGE_STRING "gengen 1.4"
| #define PACKAGE_BUGREPORT ""
| #define PACKAGE "gengen"
| #define VERSION "1.4"
| #define STDC_HEADERS 1
| #define HAVE_SYS_TYPES_H 1
| #define HAVE_SYS_STAT_H 1
| #define HAVE_STDLIB_H 1
| #define HAVE_STRING_H 1
| #define HAVE_MEMORY_H 1
| #define HAVE_STRINGS_H 1
| #define HAVE_INTTYPES_H 1
| #define HAVE_STDINT_H 1
| #define HAVE_UNISTD_H 1
| #define __EXTENSIONS__ 1
| #define _ALL_SOURCE 1
| #define _GNU_SOURCE 1
| #define _POSIX_PTHREAD_SEMANTICS 1
| #define _TANDEM_SOURCE 1
| #define HAVE_GETOPT_H 1
| #define HAVE_GETOPT_LONG_ONLY 1
| #define HAVE_DECL_GETENV 1
| #define HAVE_WCHAR_T 1
| #define HAVE_STDDEF_H 1
| #define HAVE_STRING_H 1
| #define HAVE_UNISTD_H 1
| #define HAVE_DECL_STRDUP 1
| #define restrict __restrict
| #define GNULIB_GETOPT_GNU 1
| #define HAVE_STRDUP 1
| #define HAVE_NAMESPACES /**/
| #define HAVE_STL /**/
| #define HAVE_SSTREAM /**/
| /* end confdefs.h.  */
| #include <ac_nonexistent.h>
configure:8435: checking for ANSI C header files
configure:8603: result: yes
configure:8618: checking for unistd.h
configure:8625: result: yes
configure:8764: checking for valgrind
configure:8797: result: no
configure:8810: checking for gengetopt
configure:8843: result: no
configure:8864: checking for help2man
configure:8897: result: no
configure:8927: checking for doublecpp
configure:8960: result: no
configure:8981: checking for tar
configure:8999: found /bin/tar
configure:9011: result: /bin/tar
configure:9027: checking for texi2html
configure:9060: result: no
configure:9073: checking for source-highlight
configure:9106: result: no
configure:9128: checking for bash
configure:9146: found /bin/bash
configure:9158: result: /bin/bash
configure:9371: creating ./config.status

## ---------------------- ##
## Running config.status. ##
## ---------------------- ##

This file was extended by gengen config.status 1.4, which was
generated by GNU Autoconf 2.63.  Invocation command line was

  CONFIG_FILES    = 
  CONFIG_HEADERS  = 
  CONFIG_LINKS    = 
  CONFIG_COMMANDS = 
  $ ./config.status 

on rishon

config.status:974: creating Makefile
config.status:974: creating lib/Makefile
config.status:974: creating src/Makefile
config.status:974: creating src/includes/Makefile
config.status:974: creating src/skels/Makefile
config.status:974: creating src/tests/Makefile
config.status:974: creating doc/Makefile
config.status:974: creating tests/Makefile
config.status:974: creating tests/otherdir/Makefile
config.status:974: creating tests/valgrind_tests.sh
config.status:974: creating tests/valgrind_gengen_tests.sh
config.status:974: creating config.h
config.status:1196: config.h is unchanged
config.status:1248: executing depfiles commands

## ---------------- ##
## Cache variables. ##
## ---------------- ##

ac_cv_build=x86_64-unknown-linux-gnu
ac_cv_c_compiler_gnu=yes
ac_cv_c_const=yes
ac_cv_c_restrict=__restrict
ac_cv_cxx_compiler_gnu=yes
ac_cv_cxx_have_sstream=yes
ac_cv_cxx_have_stl=yes
ac_cv_cxx_namespaces=yes
ac_cv_env_CCC_set=
ac_cv_env_CCC_value=
ac_cv_env_CC_set=
ac_cv_env_CC_value=
ac_cv_env_CFLAGS_set=
ac_cv_env_CFLAGS_value=
ac_cv_env_CPPFLAGS_set=
ac_cv_env_CPPFLAGS_value=
ac_cv_env_CPP_set=
ac_cv_env_CPP_value=
ac_cv_env_CXXCPP_set=
ac_cv_env_CXXCPP_value=
ac_cv_env_CXXFLAGS_set=
ac_cv_env_CXXFLAGS_value=
ac_cv_env_CXX_set=
ac_cv_env_CXX_value=
ac_cv_env_LDFLAGS_set=
ac_cv_env_LDFLAGS_value=
ac_cv_env_LIBS_set=
ac_cv_env_LIBS_value=
ac_cv_env_YACC_set=
ac_cv_env_YACC_value=
ac_cv_env_YFLAGS_set=
ac_cv_env_YFLAGS_value=
ac_cv_env_build_alias_set=
ac_cv_env_build_alias_value=
ac_cv_env_host_alias_set=
ac_cv_env_host_alias_value=
ac_cv_env_target_alias_set=
ac_cv_env_target_alias_value=
ac_cv_func_getopt_long_only=yes
ac_cv_func_strdup=yes
ac_cv_func_yywrap=no
ac_cv_have_decl_getenv=yes
ac_cv_have_decl_strdup=yes
ac_cv_header_getopt_h=yes
ac_cv_header_inttypes_h=yes
ac_cv_header_memory_h=yes
ac_cv_header_minix_config_h=no
ac_cv_header_stdc=yes
ac_cv_header_stddef_h=yes
ac_cv_header_stdint_h=yes
ac_cv_header_stdlib_h=yes
ac_cv_header_string_h=yes
ac_cv_header_strings_h=yes
ac_cv_header_sys_stat_h=yes
ac_cv_header_sys_types_h=yes
ac_cv_header_unistd_h=yes
ac_cv_host=x86_64-unknown-linux-gnu
ac_cv_lib_fl_main=no
ac_cv_objext=o
ac_cv_path_BASH_SHELL=/bin/bash
ac_cv_path_EGREP='/bin/grep -E'
ac_cv_path_GREP=/bin/grep
ac_cv_path_TAR=/bin/tar
ac_cv_path_install='/usr/bin/install -c'
ac_cv_path_mkdir=/bin/mkdir
ac_cv_prog_AWK=gawk
ac_cv_prog_CPP='gcc -E'
ac_cv_prog_CXXCPP='g++ -E'
ac_cv_prog_ac_ct_CC=gcc
ac_cv_prog_ac_ct_CXX=g++
ac_cv_prog_ac_ct_RANLIB=ranlib
ac_cv_prog_cc_c89=
ac_cv_prog_cc_g=yes
ac_cv_prog_cxx_g=yes
ac_cv_prog_make_make_set=yes
ac_cv_safe_to_define___extensions__=yes
ac_cv_type_size_t=yes
am_cv_CC_dependencies_compiler_type=gcc3
am_cv_CXX_dependencies_compiler_type=gcc3
gl_cv_decl_null_works=yes
gl_cv_func_getopt_gnu=yes
gl_cv_func_getopt_posix=yes
gl_cv_have_include_next=yes
gl_cv_next_string_h='<string.h>'
gl_cv_next_unistd_h='<unistd.h>'
gt_cv_c_wchar_t=yes

## ----------------- ##
## Output variables. ##
## ----------------- ##

ACLOCAL='${SHELL} /home/carolhanna/Security_Project/gnu_dataset/gengen-1.4/build-aux/missing --run aclocal-1.10'
AMDEPBACKSLASH='\'
AMDEP_FALSE='#'
AMDEP_TRUE=''
AMTAR='${SHELL} /home/carolhanna/Security_Project/gnu_dataset/gengen-1.4/build-aux/missing --run tar'
AUTOCONF='${SHELL} /home/carolhanna/Security_Project/gnu_dataset/gengen-1.4/build-aux/missing --run autoconf'
AUTOHEADER='${SHELL} /home/carolhanna/Security_Project/gnu_dataset/gengen-1.4/build-aux/missing --run autoheader'
AUTOMAKE='${SHELL} /home/carolhanna/Security_Project/gnu_dataset/gengen-1.4/build-aux/missing --run automake-1.10'
AWK='gawk'
BASH_SHELL='/bin/bash'
CC='gcc'
CCDEPMODE='depmode=gcc3'
CFLAGS='-g -O2'
CPP='gcc -E'
CPPFLAGS=''
CXX='g++'
CXXCPP='g++ -E'
CXXDEPMODE='depmode=gcc3'
CXXFLAGS='-g -O2'
CYGPATH_W='echo'
DEFS='-DHAVE_CONFIG_H'
DEPDIR='.deps'
DOUBLECPP=''
ECHO_C=''
ECHO_N='-n'
ECHO_T=''
EGREP='/bin/grep -E'
EXEEXT=''
GENGETOPT=''
GETOPT_H=''
GL_COND_LIBTOOL_FALSE=''
GL_COND_LIBTOOL_TRUE='#'
GNULIB_CHOWN='0'
GNULIB_CLOSE='0'
GNULIB_DUP2='0'
GNULIB_ENVIRON='0'
GNULIB_EUIDACCESS='0'
GNULIB_FCHDIR='0'
GNULIB_FSYNC='0'
GNULIB_FTRUNCATE='0'
GNULIB_GETCWD='0'
GNULIB_GETDOMAINNAME='0'
GNULIB_GETDTABLESIZE='0'
GNULIB_GETHOSTNAME='0'
GNULIB_GETLOGIN_R='0'
GNULIB_GETPAGESIZE='0'
GNULIB_GETUSERSHELL='0'
GNULIB_LCHOWN='0'
GNULIB_LINK='0'
GNULIB_LSEEK='0'
GNULIB_MBSCASECMP='0'
GNULIB_MBSCASESTR='0'
GNULIB_MBSCHR='0'
GNULIB_MBSCSPN='0'
GNULIB_MBSLEN='0'
GNULIB_MBSNCASECMP='0'
GNULIB_MBSNLEN='0'
GNULIB_MBSPBRK='0'
GNULIB_MBSPCASECMP='0'
GNULIB_MBSRCHR='0'
GNULIB_MBSSEP='0'
GNULIB_MBSSPN='0'
GNULIB_MBSSTR='0'
GNULIB_MBSTOK_R='0'
GNULIB_MEMCHR='0'
GNULIB_MEMMEM='0'
GNULIB_MEMPCPY='0'
GNULIB_MEMRCHR='0'
GNULIB_RAWMEMCHR='0'
GNULIB_READLINK='0'
GNULIB_SLEEP='0'
GNULIB_STPCPY='0'
GNULIB_STPNCPY='0'
GNULIB_STRCASESTR='0'
GNULIB_STRCHRNUL='0'
GNULIB_STRDUP='1'
GNULIB_STRERROR='0'
GNULIB_STRNDUP='0'
GNULIB_STRNLEN='0'
GNULIB_STRPBRK='0'
GNULIB_STRSEP='0'
GNULIB_STRSIGNAL='0'
GNULIB_STRSTR='0'
GNULIB_STRTOK_R='0'
GNULIB_STRVERSCMP='0'
GNULIB_UNISTD_H_GETOPT='0'
GNULIB_UNISTD_H_SIGPIPE='0'
GNULIB_WRITE='0'
GREP='/bin/grep'
HAVE_DECL_ENVIRON='1'
HAVE_DECL_GETLOGIN_R='1'
HAVE_DECL_MEMMEM='1'
HAVE_DECL_MEMRCHR='1'
HAVE_DECL_STRDUP='1'
HAVE_DECL_STRERROR='1'
HAVE_DECL_STRNDUP='1'
HAVE_DECL_STRNLEN='1'
HAVE_DECL_STRSIGNAL='1'
HAVE_DECL_STRTOK_R='1'
HAVE_DUP2='1'
HAVE_EUIDACCESS='1'
HAVE_FSYNC='1'
HAVE_FTRUNCATE='1'
HAVE_GETDOMAINNAME='1'
HAVE_GETDTABLESIZE='1'
HAVE_GETHOSTNAME='1'
HAVE_GETPAGESIZE='1'
HAVE_GETUSERSHELL='1'
HAVE_LINK='1'
HAVE_MEMPCPY='1'
HAVE_OS_H='0'
HAVE_RAWMEMCHR='1'
HAVE_READLINK='1'
HAVE_SLEEP='1'
HAVE_STPCPY='1'
HAVE_STPNCPY='1'
HAVE_STRCASESTR='1'
HAVE_STRCHRNUL='1'
HAVE_STRNDUP='1'
HAVE_STRPBRK='1'
HAVE_STRSEP='1'
HAVE_STRVERSCMP='1'
HAVE_SYS_PARAM_H='0'
HAVE_UNISTD_H='1'
HAVE_WCHAR_T='1'
HELP2MAN=''
INCLUDE_NEXT='include_next'
INCLUDE_NEXT_AS_FIRST_DIRECTIVE='include_next'
INSTALL_DATA='${INSTALL} -m 644'
INSTALL_PROGRAM='${INSTALL}'
INSTALL_SCRIPT='${INSTALL}'
INSTALL_STRIP_PROGRAM='$(install_sh) -c -s'
LDFLAGS=''
LEX='${SHELL} /home/carolhanna/Security_Project/gnu_dataset/gengen-1.4/build-aux/missing --run flex'
LEXLIB=''
LEX_OUTPUT_ROOT=''
LIBGNU_LIBDEPS=''
LIBGNU_LTLIBDEPS=''
LIBINTL=''
LIBOBJS=' ${LIBOBJDIR}yywrap$U.o'
LIBS=''
LTLIBINTL=''
LTLIBOBJS=' ${LIBOBJDIR}yywrap$U.lo'
MAKEINFO='${SHELL} /home/carolhanna/Security_Project/gnu_dataset/gengen-1.4/build-aux/missing --run makeinfo'
MKDIR_P='/bin/mkdir -p'
NEXT_AS_FIRST_DIRECTIVE_STDDEF_H=''
NEXT_AS_FIRST_DIRECTIVE_STRING_H='<string.h>'
NEXT_AS_FIRST_DIRECTIVE_UNISTD_H='<unistd.h>'
NEXT_STDDEF_H=''
NEXT_STRING_H='<string.h>'
NEXT_UNISTD_H='<unistd.h>'
NO_BUILDMAN_FALSE='#'
NO_BUILDMAN_TRUE=''
NO_DOUBLECPP_FALSE='#'
NO_DOUBLECPP_TRUE=''
NO_GENGETOPT_FALSE='#'
NO_GENGETOPT_TRUE=''
NO_HELP2MAN_FALSE='#'
NO_HELP2MAN_TRUE=''
NO_SOURCEHIGHLIGHT_FALSE='#'
NO_SOURCEHIGHLIGHT_TRUE=''
OBJEXT='o'
PACKAGE='gengen'
PACKAGE_BUGREPORT=''
PACKAGE_NAME='gengen'
PACKAGE_STRING='gengen 1.4'
PACKAGE_TARNAME='gengen'
PACKAGE_VERSION='1.4'
PATH_SEPARATOR=':'
PRAGMA_SYSTEM_HEADER='#pragma GCC system_header'
RANLIB='ranlib'
REPLACE_CHOWN='0'
REPLACE_CLOSE='0'
REPLACE_DUP2='0'
REPLACE_FCHDIR='0'
REPLACE_GETCWD='0'
REPLACE_GETPAGESIZE='0'
REPLACE_LCHOWN='0'
REPLACE_LSEEK='0'
REPLACE_MEMCHR='0'
REPLACE_MEMMEM='0'
REPLACE_NULL='0'
REPLACE_STRCASESTR='0'
REPLACE_STRDUP='0'
REPLACE_STRERROR='0'
REPLACE_STRSIGNAL='0'
REPLACE_STRSTR='0'
REPLACE_WRITE='0'
SET_MAKE=''
SHELL='/bin/bash'
SOURCEHIGHLIGHT=''
STDDEF_H=''
STRIP=''
TAR='/bin/tar'
TEXI2HTML=''
UNISTD_H_HAVE_WINSOCK2_H='0'
UNISTD_H_HAVE_WINSOCK2_H_AND_USE_SOCKETS='0'
VALGRIND=''
VERSION='1.4'
YACC='yacc'
YFLAGS=' -d'
ac_ct_CC='gcc'
ac_ct_CXX='g++'
am__fastdepCC_FALSE='#'
am__fastdepCC_TRUE=''
am__fastdepCXX_FALSE='#'
am__fastdepCXX_TRUE=''
am__include='include'
am__isrc=''
am__leading_dot='.'
am__quote=''
am__tar='${AMTAR} chof - "$$tardir"'
am__untar='${AMTAR} xf -'
ar_to_use='$(AR) cru'
bindir='${exec_prefix}/bin'
build='x86_64-unknown-linux-gnu'
build_alias=''
build_cpu='x86_64'
build_os='linux-gnu'
build_vendor='unknown'
datadir='${datarootdir}'
datarootdir='${prefix}/share'
docdir='${datarootdir}/doc/${PACKAGE_TARNAME}'
dvidir='${docdir}'
exec_prefix='${prefix}'
gengendatadir='${datarootdir}/gengen'
gengendocdir='${datarootdir}/doc/${PACKAGE_TARNAME}'
gl_LIBOBJS=''
gl_LTLIBOBJS=''
gltests_LIBOBJS=''
gltests_LTLIBOBJS=''
host='x86_64-unknown-linux-gnu'
host_alias=''
host_cpu='x86_64'
host_os='linux-gnu'
host_vendor='unknown'
htmldir='${docdir}'
includedir='${prefix}/include'
infodir='${datarootdir}/info'
install_sh='$(SHELL) /home/carolhanna/Security_Project/gnu_dataset/gengen-1.4/build-aux/install-sh'
libdir='${exec_prefix}/lib'
libexecdir='${exec_prefix}/libexec'
localedir='${datarootdir}/locale'
localstatedir='${prefix}/var'
mandir='${datarootdir}/man'
mkdir_p='/bin/mkdir -p'
oldincludedir='/usr/include'
pdfdir='${docdir}'
prefix='/usr/local'
program_transform_name='s,x,x,'
psdir='${docdir}'
sbindir='${exec_prefix}/sbin'
sharedstatedir='${prefix}/com'
sysconfdir='${prefix}/etc'
target_alias=''

## ----------- ##
## confdefs.h. ##
## ----------- ##

#define PACKAGE_NAME "gengen"
#define PACKAGE_TARNAME "gengen"
#define PACKAGE_VERSION "1.4"
#define PACKAGE_STRING "gengen 1.4"
#define PACKAGE_BUGREPORT ""
#define PACKAGE "gengen"
#define VERSION "1.4"
#define STDC_HEADERS 1
#define HAVE_SYS_TYPES_H 1
#define HAVE_SYS_STAT_H 1
#define HAVE_STDLIB_H 1
#define HAVE_STRING_H 1
#define HAVE_MEMORY_H 1
#define HAVE_STRINGS_H 1
#define HAVE_INTTYPES_H 1
#define HAVE_STDINT_H 1
#define HAVE_UNISTD_H 1
#define __EXTENSIONS__ 1
#define _ALL_SOURCE 1
#define _GNU_SOURCE 1
#define _POSIX_PTHREAD_SEMANTICS 1
#define _TANDEM_SOURCE 1
#define HAVE_GETOPT_H 1
#define HAVE_GETOPT_LONG_ONLY 1
#define HAVE_DECL_GETENV 1
#define HAVE_WCHAR_T 1
#define HAVE_STDDEF_H 1
#define HAVE_STRING_H 1
#define HAVE_UNISTD_H 1
#define HAVE_DECL_STRDUP 1
#define restrict __restrict
#define GNULIB_GETOPT_GNU 1
#define HAVE_STRDUP 1
#define HAVE_NAMESPACES /**/
#define HAVE_STL /**/
#define HAVE_SSTREAM /**/
#define STDC_HEADERS 1
#define HAVE_UNISTD_H 1

configure: exit 0
