This file contains any messages produced by compilers while
running configure, to aid debugging if configure makes a mistake.

It was created by Xnee configure 3.19, which was
generated by GNU Autoconf 2.69.  Invocation command line was

  $ ./configure 

## --------- ##
## Platform. ##
## --------- ##

hostname = rishon
uname -m = x86_64
uname -r = 4.15.0-72-generic
uname -s = Linux
uname -v = #81-Ubuntu SMP Tue Nov 26 12:20:02 UTC 2019

/usr/bin/uname -p = unknown
/bin/uname -X     = unknown

/bin/arch              = unknown
/usr/bin/arch -k       = unknown
/usr/convex/getsysinfo = unknown
/usr/bin/hostinfo      = unknown
/bin/machine           = unknown
/usr/bin/oslevel       = unknown
/bin/universe          = unknown

PATH: /home/carolhanna/miniconda3/bin
PATH: /home/carolhanna/miniconda3/condabin
PATH: /usr/local/sbin
PATH: /usr/local/bin
PATH: /usr/sbin
PATH: /usr/bin
PATH: /sbin
PATH: /bin
PATH: /usr/games
PATH: /usr/local/games
PATH: /snap/bin


## ----------- ##
## Core tests. ##
## ----------- ##

configure:2363: checking for a BSD-compatible install
configure:2431: result: /usr/bin/install -c
configure:2442: checking whether build environment is sane
configure:2497: result: yes
configure:2648: checking for a thread-safe mkdir -p
configure:2687: result: /bin/mkdir -p
configure:2694: checking for gawk
configure:2710: found /usr/bin/gawk
configure:2721: result: gawk
configure:2732: checking whether make sets $(MAKE)
configure:2754: result: yes
configure:2783: checking whether make supports nested variables
configure:2800: result: yes
configure:2977: checking for gcc
configure:2993: found /usr/bin/gcc
configure:3004: result: gcc
configure:3233: checking for C compiler version
configure:3242: gcc --version >&5
gcc (Ubuntu 7.5.0-3ubuntu1~18.04) 7.5.0
Copyright (C) 2017 Free Software Foundation, Inc.
This is free software; see the source for copying conditions.  There is NO
warranty; not even for MERCHANTABILITY or FITNESS FOR A PARTICULAR PURPOSE.

configure:3253: $? = 0
configure:3242: gcc -v >&5
Using built-in specs.
COLLECT_GCC=gcc
COLLECT_LTO_WRAPPER=/usr/lib/gcc/x86_64-linux-gnu/7/lto-wrapper
OFFLOAD_TARGET_NAMES=nvptx-none
OFFLOAD_TARGET_DEFAULT=1
Target: x86_64-linux-gnu
Configured with: ../src/configure -v --with-pkgversion='Ubuntu 7.5.0-3ubuntu1~18.04' --with-bugurl=file:///usr/share/doc/gcc-7/README.Bugs --enable-languages=c,ada,c++,go,brig,d,fortran,objc,obj-c++ --prefix=/usr --with-gcc-major-version-only --program-suffix=-7 --program-prefix=x86_64-linux-gnu- --enable-shared --enable-linker-build-id --libexecdir=/usr/lib --without-included-gettext --enable-threads=posix --libdir=/usr/lib --enable-nls --enable-bootstrap --enable-clocale=gnu --enable-libstdcxx-debug --enable-libstdcxx-time=yes --with-default-libstdcxx-abi=new --enable-gnu-unique-object --disable-vtable-verify --enable-libmpx --enable-plugin --enable-default-pie --with-system-zlib --with-target-system-zlib --enable-objc-gc=auto --enable-multiarch --disable-werror --with-arch-32=i686 --with-abi=m64 --with-multilib-list=m32,m64,mx32 --enable-multilib --with-tune=generic --enable-offload-targets=nvptx-none --without-cuda-driver --enable-checking=release --build=x86_64-linux-gnu --host=x86_64-linux-gnu --target=x86_64-linux-gnu
Thread model: posix
gcc version 7.5.0 (Ubuntu 7.5.0-3ubuntu1~18.04) 
configure:3253: $? = 0
configure:3242: gcc -V >&5
gcc: error: unrecognized command line option '-V'
gcc: fatal error: no input files
compilation terminated.
configure:3253: $? = 1
configure:3242: gcc -qversion >&5
gcc: error: unrecognized command line option '-qversion'; did you mean '--version'?
gcc: fatal error: no input files
compilation terminated.
configure:3253: $? = 1
configure:3273: checking whether the C compiler works
configure:3295: gcc    conftest.c  >&5
configure:3299: $? = 0
configure:3347: result: yes
configure:3350: checking for C compiler default output file name
configure:3352: result: a.out
configure:3358: checking for suffix of executables
configure:3365: gcc -o conftest    conftest.c  >&5
configure:3369: $? = 0
configure:3391: result: 
configure:3413: checking whether we are cross compiling
configure:3421: gcc -o conftest    conftest.c  >&5
configure:3425: $? = 0
configure:3432: ./conftest
configure:3436: $? = 0
configure:3451: result: no
configure:3456: checking for suffix of object files
configure:3478: gcc -c   conftest.c >&5
configure:3482: $? = 0
configure:3503: result: o
configure:3507: checking whether we are using the GNU C compiler
configure:3526: gcc -c   conftest.c >&5
configure:3526: $? = 0
configure:3535: result: yes
configure:3544: checking whether gcc accepts -g
configure:3564: gcc -c -g  conftest.c >&5
configure:3564: $? = 0
configure:3605: result: yes
configure:3622: checking for gcc option to accept ISO C89
configure:3685: gcc  -c -g -O2  conftest.c >&5
configure:3685: $? = 0
configure:3698: result: none needed
configure:3723: checking whether gcc understands -c and -o together
configure:3745: gcc -c conftest.c -o conftest2.o
configure:3748: $? = 0
configure:3745: gcc -c conftest.c -o conftest2.o
configure:3748: $? = 0
configure:3760: result: yes
configure:3788: checking for style of include used by make
configure:3816: result: GNU
configure:3842: checking dependency style of gcc
configure:3953: result: gcc3
configure:3974: checking whether make sets $(MAKE)
configure:3996: result: yes
configure:4012: checking how to run the C preprocessor
configure:4043: gcc -E  conftest.c
configure:4043: $? = 0
configure:4057: gcc -E  conftest.c
conftest.c:11:10: fatal error: ac_nonexistent.h: No such file or directory
 #include <ac_nonexistent.h>
          ^~~~~~~~~~~~~~~~~~
compilation terminated.
configure:4057: $? = 1
configure: failed program was:
| /* confdefs.h */
| #define PACKAGE_NAME "Xnee"
| #define PACKAGE_TARNAME "xnee"
| #define PACKAGE_VERSION "3.19"
| #define PACKAGE_STRING "Xnee 3.19"
| #define PACKAGE_BUGREPORT "bug-xnee@gnu.org"
| #define PACKAGE_URL ""
| #define PACKAGE "xnee"
| #define VERSION "3.19"
| /* end confdefs.h.  */
| #include <ac_nonexistent.h>
configure:4082: result: gcc -E
configure:4102: gcc -E  conftest.c
configure:4102: $? = 0
configure:4116: gcc -E  conftest.c
conftest.c:11:10: fatal error: ac_nonexistent.h: No such file or directory
 #include <ac_nonexistent.h>
          ^~~~~~~~~~~~~~~~~~
compilation terminated.
configure:4116: $? = 1
configure: failed program was:
| /* confdefs.h */
| #define PACKAGE_NAME "Xnee"
| #define PACKAGE_TARNAME "xnee"
| #define PACKAGE_VERSION "3.19"
| #define PACKAGE_STRING "Xnee 3.19"
| #define PACKAGE_BUGREPORT "bug-xnee@gnu.org"
| #define PACKAGE_URL ""
| #define PACKAGE "xnee"
| #define VERSION "3.19"
| /* end confdefs.h.  */
| #include <ac_nonexistent.h>
configure:4145: checking for X
configure:4253: gcc -E  conftest.c
configure:4253: $? = 0
configure:4284: gcc -o conftest -g -O2   conftest.c -lX11  >&5
configure:4284: $? = 0
configure:4334: result: libraries , headers 
configure:4433: gcc -o conftest -g -O2   conftest.c   -lX11 >&5
configure:4433: $? = 0
configure:4531: checking for gethostbyname
configure:4531: gcc -o conftest -g -O2   conftest.c  >&5
configure:4531: $? = 0
configure:4531: result: yes
configure:4628: checking for connect
configure:4628: gcc -o conftest -g -O2   conftest.c  >&5
configure:4628: $? = 0
configure:4628: result: yes
configure:4677: checking for remove
configure:4677: gcc -o conftest -g -O2   conftest.c  >&5
configure:4677: $? = 0
configure:4677: result: yes
configure:4726: checking for shmat
configure:4726: gcc -o conftest -g -O2   conftest.c  >&5
configure:4726: $? = 0
configure:4726: result: yes
configure:4784: checking for IceConnectionNumber in -lICE
configure:4809: gcc -o conftest -g -O2   conftest.c -lICE   >&5
configure:4809: $? = 0
configure:4818: result: yes
configure:4830: checking for vprintf
configure:4830: gcc -o conftest -g -O2   conftest.c  >&5
conftest.c:34:6: warning: conflicting types for built-in function 'vprintf' [-Wbuiltin-declaration-mismatch]
 char vprintf ();
      ^~~~~~~
configure:4830: $? = 0
configure:4830: result: yes
configure:4836: checking for _doprnt
configure:4836: gcc -o conftest -g -O2   conftest.c  >&5
/tmp/ccqFC5hU.o: In function `main':
/home/carolhanna/Security_Project/gnu_dataset/xnee-3.19/conftest.c:46: undefined reference to `_doprnt'
collect2: error: ld returned 1 exit status
configure:4836: $? = 1
configure: failed program was:
| /* confdefs.h */
| #define PACKAGE_NAME "Xnee"
| #define PACKAGE_TARNAME "xnee"
| #define PACKAGE_VERSION "3.19"
| #define PACKAGE_STRING "Xnee 3.19"
| #define PACKAGE_BUGREPORT "bug-xnee@gnu.org"
| #define PACKAGE_URL ""
| #define PACKAGE "xnee"
| #define VERSION "3.19"
| #define HAVE_VPRINTF 1
| /* end confdefs.h.  */
| /* Define _doprnt to an innocuous variant, in case <limits.h> declares _doprnt.
|    For example, HP-UX 11i <limits.h> declares gettimeofday.  */
| #define _doprnt innocuous__doprnt
| 
| /* System header to define __stub macros and hopefully few prototypes,
|     which can conflict with char _doprnt (); below.
|     Prefer <limits.h> to <assert.h> if __STDC__ is defined, since
|     <limits.h> exists even on freestanding compilers.  */
| 
| #ifdef __STDC__
| # include <limits.h>
| #else
| # include <assert.h>
| #endif
| 
| #undef _doprnt
| 
| /* Override any GCC internal prototype to avoid an error.
|    Use char because int might match the return type of a GCC
|    builtin and then its argument prototype would still apply.  */
| #ifdef __cplusplus
| extern "C"
| #endif
| char _doprnt ();
| /* The GNU C library defines this for functions which it implements
|     to always fail with ENOSYS.  Some functions are actually named
|     something starting with __ and the normal name is an alias.  */
| #if defined __stub__doprnt || defined __stub____doprnt
| choke me
| #endif
| 
| int
| main ()
| {
| return _doprnt ();
|   ;
|   return 0;
| }
configure:4836: result: no
configure:4847: checking for grep that handles long lines and -e
configure:4905: result: /bin/grep
configure:4910: checking for egrep
configure:4972: result: /bin/grep -E
configure:4977: checking for ANSI C header files
configure:4997: gcc -c -g -O2  conftest.c >&5
configure:4997: $? = 0
configure:5070: gcc -o conftest -g -O2   conftest.c  >&5
configure:5070: $? = 0
configure:5070: ./conftest
configure:5070: $? = 0
configure:5081: result: yes
configure:5094: checking for sys/types.h
configure:5094: gcc -c -g -O2  conftest.c >&5
configure:5094: $? = 0
configure:5094: result: yes
configure:5094: checking for sys/stat.h
configure:5094: gcc -c -g -O2  conftest.c >&5
configure:5094: $? = 0
configure:5094: result: yes
configure:5094: checking for stdlib.h
configure:5094: gcc -c -g -O2  conftest.c >&5
configure:5094: $? = 0
configure:5094: result: yes
configure:5094: checking for string.h
configure:5094: gcc -c -g -O2  conftest.c >&5
configure:5094: $? = 0
configure:5094: result: yes
configure:5094: checking for memory.h
configure:5094: gcc -c -g -O2  conftest.c >&5
configure:5094: $? = 0
configure:5094: result: yes
configure:5094: checking for strings.h
configure:5094: gcc -c -g -O2  conftest.c >&5
configure:5094: $? = 0
configure:5094: result: yes
configure:5094: checking for inttypes.h
configure:5094: gcc -c -g -O2  conftest.c >&5
configure:5094: $? = 0
configure:5094: result: yes
configure:5094: checking for stdint.h
configure:5094: gcc -c -g -O2  conftest.c >&5
configure:5094: $? = 0
configure:5094: result: yes
configure:5094: checking for unistd.h
configure:5094: gcc -c -g -O2  conftest.c >&5
configure:5094: $? = 0
configure:5094: result: yes
configure:5109: checking stdarg.h usability
configure:5109: gcc -c -g -O2  conftest.c >&5
configure:5109: $? = 0
configure:5109: result: yes
configure:5109: checking stdarg.h presence
configure:5109: gcc -E  conftest.c
configure:5109: $? = 0
configure:5109: result: yes
configure:5109: checking for stdarg.h
configure:5109: result: yes
configure:5122: checking for awk
configure:5140: found /usr/bin/awk
configure:5152: result: /usr/bin/awk
configure:5162: checking for bash
configure:5193: result: /bin/bash
configure:5203: checking for pkg-config
configure:5221: found /usr/bin/pkg-config
configure:5233: result: /usr/bin/pkg-config
configure:5243: checking for convert
configure:5276: result: no
configure:5283: checking for makeinfo
configure:5316: result: no
configure:5323: checking for gtk-config
configure:5356: result: no
configure:5392: checking build system type
configure:5406: result: x86_64-unknown-linux-gnu
configure:5426: checking host system type
configure:5439: result: x86_64-unknown-linux-gnu
configure:5480: checking how to print strings
configure:5507: result: printf
configure:5528: checking for a sed that does not truncate output
configure:5592: result: /bin/sed
configure:5610: checking for fgrep
configure:5672: result: /bin/grep -F
configure:5707: checking for ld used by gcc
configure:5774: result: /usr/bin/ld
configure:5781: checking if the linker (/usr/bin/ld) is GNU ld
configure:5796: result: yes
configure:5808: checking for BSD- or MS-compatible name lister (nm)
configure:5857: result: /usr/bin/nm -B
configure:5987: checking the name lister (/usr/bin/nm -B) interface
configure:5994: gcc -c -g -O2  conftest.c >&5
configure:5997: /usr/bin/nm -B "conftest.o"
configure:6000: output
0000000000000000 B some_variable
configure:6007: result: BSD nm
configure:6010: checking whether ln -s works
configure:6014: result: yes
configure:6022: checking the maximum length of command line arguments
configure:6153: result: 1572864
configure:6170: checking whether the shell understands some XSI constructs
configure:6180: result: yes
configure:6184: checking whether the shell understands "+="
configure:6190: result: yes
configure:6225: checking how to convert x86_64-unknown-linux-gnu file names to x86_64-unknown-linux-gnu format
configure:6265: result: func_convert_file_noop
configure:6272: checking how to convert x86_64-unknown-linux-gnu file names to toolchain format
configure:6292: result: func_convert_file_noop
configure:6299: checking for /usr/bin/ld option to reload object files
configure:6306: result: -r
configure:6380: checking for objdump
configure:6396: found /usr/bin/objdump
configure:6407: result: objdump
configure:6439: checking how to recognize dependent libraries
configure:6637: result: pass_all
configure:6722: checking for dlltool
configure:6752: result: no
configure:6782: checking how to associate runtime and link libraries
configure:6809: result: printf %s\n
configure:6869: checking for ar
configure:6885: found /usr/bin/ar
configure:6896: result: ar
configure:6933: checking for archiver @FILE support
configure:6950: gcc -c -g -O2  conftest.c >&5
configure:6950: $? = 0
configure:6953: ar cru libconftest.a @conftest.lst >&5
ar: `u' modifier ignored since `D' is the default (see `U')
configure:6956: $? = 0
configure:6961: ar cru libconftest.a @conftest.lst >&5
ar: `u' modifier ignored since `D' is the default (see `U')
ar: conftest.o: No such file or directory
configure:6964: $? = 1
configure:6976: result: @
configure:7034: checking for strip
configure:7050: found /usr/bin/strip
configure:7061: result: strip
configure:7133: checking for ranlib
configure:7149: found /usr/bin/ranlib
configure:7160: result: ranlib
configure:7262: checking command to parse /usr/bin/nm -B output from gcc object
configure:7382: gcc -c -g -O2  conftest.c >&5
configure:7385: $? = 0
configure:7389: /usr/bin/nm -B conftest.o \| sed -n -e 's/^.*[ ]\([ABCDGIRSTW][ABCDGIRSTW]*\)[ ][ ]*\([_A-Za-z][_A-Za-z0-9]*\)$/\1 \2 \2/p' | sed '/ __gnu_lto/d' \> conftest.nm
configure:7392: $? = 0
configure:7458: gcc -o conftest -g -O2   conftest.c conftstm.o >&5
configure:7461: $? = 0
configure:7499: result: ok
configure:7536: checking for sysroot
configure:7566: result: no
configure:7643: gcc -c -g -O2  conftest.c >&5
configure:7646: $? = 0
configure:7835: checking for mt
configure:7851: found /bin/mt
configure:7862: result: mt
configure:7885: checking if mt is a manifest tool
configure:7891: mt '-?'
configure:7899: result: no
configure:8538: checking for dlfcn.h
configure:8538: gcc -c -g -O2  conftest.c >&5
configure:8538: $? = 0
configure:8538: result: yes
configure:8744: checking for objdir
configure:8759: result: .libs
configure:9026: checking if gcc supports -fno-rtti -fno-exceptions
configure:9044: gcc -c -g -O2  -fno-rtti -fno-exceptions conftest.c >&5
cc1: warning: command line option '-fno-rtti' is valid for C++/ObjC++ but not for C
configure:9048: $? = 0
configure:9061: result: no
configure:9388: checking for gcc option to produce PIC
configure:9395: result: -fPIC -DPIC
configure:9403: checking if gcc PIC flag -fPIC -DPIC works
configure:9421: gcc -c -g -O2  -fPIC -DPIC -DPIC conftest.c >&5
configure:9425: $? = 0
configure:9438: result: yes
configure:9467: checking if gcc static flag -static works
configure:9495: result: yes
configure:9510: checking if gcc supports -c -o file.o
configure:9531: gcc -c -g -O2  -o out/conftest2.o conftest.c >&5
configure:9535: $? = 0
configure:9557: result: yes
configure:9565: checking if gcc supports -c -o file.o
configure:9612: result: yes
configure:9645: checking whether the gcc linker (/usr/bin/ld -m elf_x86_64) supports shared libraries
configure:10802: result: yes
configure:10839: checking whether -lc should be explicitly linked in
configure:10847: gcc -c -g -O2  conftest.c >&5
configure:10850: $? = 0
configure:10865: gcc -shared  -fPIC -DPIC conftest.o  -v -Wl,-soname -Wl,conftest -o conftest 2\>\&1 \| /bin/grep  -lc  \>/dev/null 2\>\&1
configure:10868: $? = 0
configure:10882: result: no
configure:11042: checking dynamic linker characteristics
configure:11542: gcc -o conftest -g -O2   -Wl,-rpath -Wl,/foo conftest.c  >&5
configure:11542: $? = 0
configure:11776: result: GNU/Linux ld.so
configure:11883: checking how to hardcode library paths into programs
configure:11908: result: immediate
configure:12448: checking whether stripping libraries is possible
configure:12453: result: yes
configure:12488: checking if libtool supports shared libraries
configure:12490: result: yes
configure:12493: checking whether to build shared libraries
configure:12514: result: yes
configure:12517: checking whether to build static libraries
configure:12521: result: yes
configure:12563: checking for dlopen in -lc
configure:12588: gcc -o conftest -g -O2   conftest.c -lc    >&5
/tmp/ccx7Gxcj.o: In function `main':
/home/carolhanna/Security_Project/gnu_dataset/xnee-3.19/conftest.c:36: undefined reference to `dlopen'
collect2: error: ld returned 1 exit status
configure:12588: $? = 1
configure: failed program was:
| /* confdefs.h */
| #define PACKAGE_NAME "Xnee"
| #define PACKAGE_TARNAME "xnee"
| #define PACKAGE_VERSION "3.19"
| #define PACKAGE_STRING "Xnee 3.19"
| #define PACKAGE_BUGREPORT "bug-xnee@gnu.org"
| #define PACKAGE_URL ""
| #define PACKAGE "xnee"
| #define VERSION "3.19"
| #define HAVE_VPRINTF 1
| #define STDC_HEADERS 1
| #define HAVE_SYS_TYPES_H 1
| #define HAVE_SYS_STAT_H 1
| #define HAVE_STDLIB_H 1
| #define HAVE_STRING_H 1
| #define HAVE_MEMORY_H 1
| #define HAVE_STRINGS_H 1
| #define HAVE_INTTYPES_H 1
| #define HAVE_STDINT_H 1
| #define HAVE_UNISTD_H 1
| #define HAVE_STDARG_H 1
| #define HAVE_DLFCN_H 1
| #define LT_OBJDIR ".libs/"
| /* end confdefs.h.  */
| 
| /* Override any GCC internal prototype to avoid an error.
|    Use char because int might match the return type of a GCC
|    builtin and then its argument prototype would still apply.  */
| #ifdef __cplusplus
| extern "C"
| #endif
| char dlopen ();
| int
| main ()
| {
| return dlopen ();
|   ;
|   return 0;
| }
configure:12597: result: no
configure:12602: checking for dlopen in -ldl
configure:12627: gcc -o conftest -g -O2   conftest.c -ldl    >&5
configure:12627: $? = 0
configure:12636: result: yes
configure:12644: checking for sem_init in -lc
configure:12669: gcc -o conftest -g -O2   conftest.c -lc    >&5
/tmp/ccppBRms.o: In function `main':
/home/carolhanna/Security_Project/gnu_dataset/xnee-3.19/conftest.c:36: undefined reference to `sem_init'
collect2: error: ld returned 1 exit status
configure:12669: $? = 1
configure: failed program was:
| /* confdefs.h */
| #define PACKAGE_NAME "Xnee"
| #define PACKAGE_TARNAME "xnee"
| #define PACKAGE_VERSION "3.19"
| #define PACKAGE_STRING "Xnee 3.19"
| #define PACKAGE_BUGREPORT "bug-xnee@gnu.org"
| #define PACKAGE_URL ""
| #define PACKAGE "xnee"
| #define VERSION "3.19"
| #define HAVE_VPRINTF 1
| #define STDC_HEADERS 1
| #define HAVE_SYS_TYPES_H 1
| #define HAVE_SYS_STAT_H 1
| #define HAVE_STDLIB_H 1
| #define HAVE_STRING_H 1
| #define HAVE_MEMORY_H 1
| #define HAVE_STRINGS_H 1
| #define HAVE_INTTYPES_H 1
| #define HAVE_STDINT_H 1
| #define HAVE_UNISTD_H 1
| #define HAVE_STDARG_H 1
| #define HAVE_DLFCN_H 1
| #define LT_OBJDIR ".libs/"
| /* end confdefs.h.  */
| 
| /* Override any GCC internal prototype to avoid an error.
|    Use char because int might match the return type of a GCC
|    builtin and then its argument prototype would still apply.  */
| #ifdef __cplusplus
| extern "C"
| #endif
| char sem_init ();
| int
| main ()
| {
| return sem_init ();
|   ;
|   return 0;
| }
configure:12678: result: no
configure:12683: checking for sem_init in -lpthread
configure:12708: gcc -o conftest -g -O2   conftest.c -lpthread    >&5
configure:12708: $? = 0
configure:12717: result: yes
configure:12725: checking for XTestFakeMotionEvent in -lXtst
configure:12750: gcc -o conftest -g -O2   conftest.c -lXtst    >&5
/usr/bin/ld: cannot find -lXtst
collect2: error: ld returned 1 exit status
configure:12750: $? = 1
configure: failed program was:
| /* confdefs.h */
| #define PACKAGE_NAME "Xnee"
| #define PACKAGE_TARNAME "xnee"
| #define PACKAGE_VERSION "3.19"
| #define PACKAGE_STRING "Xnee 3.19"
| #define PACKAGE_BUGREPORT "bug-xnee@gnu.org"
| #define PACKAGE_URL ""
| #define PACKAGE "xnee"
| #define VERSION "3.19"
| #define HAVE_VPRINTF 1
| #define STDC_HEADERS 1
| #define HAVE_SYS_TYPES_H 1
| #define HAVE_SYS_STAT_H 1
| #define HAVE_STDLIB_H 1
| #define HAVE_STRING_H 1
| #define HAVE_MEMORY_H 1
| #define HAVE_STRINGS_H 1
| #define HAVE_INTTYPES_H 1
| #define HAVE_STDINT_H 1
| #define HAVE_UNISTD_H 1
| #define HAVE_STDARG_H 1
| #define HAVE_DLFCN_H 1
| #define LT_OBJDIR ".libs/"
| /* end confdefs.h.  */
| 
| /* Override any GCC internal prototype to avoid an error.
|    Use char because int might match the return type of a GCC
|    builtin and then its argument prototype would still apply.  */
| #ifdef __cplusplus
| extern "C"
| #endif
| char XTestFakeMotionEvent ();
| int
| main ()
| {
| return XTestFakeMotionEvent ();
|   ;
|   return 0;
| }
configure:12759: result: no
configure:12764: checking for XTestFakeMotionEvent  in -lXext
configure:12789: gcc -o conftest -g -O2   conftest.c -lXext    >&5
/tmp/cc8BRBcL.o: In function `main':
/home/carolhanna/Security_Project/gnu_dataset/xnee-3.19/conftest.c:36: undefined reference to `XTestFakeMotionEvent'
collect2: error: ld returned 1 exit status
configure:12789: $? = 1
configure: failed program was:
| /* confdefs.h */
| #define PACKAGE_NAME "Xnee"
| #define PACKAGE_TARNAME "xnee"
| #define PACKAGE_VERSION "3.19"
| #define PACKAGE_STRING "Xnee 3.19"
| #define PACKAGE_BUGREPORT "bug-xnee@gnu.org"
| #define PACKAGE_URL ""
| #define PACKAGE "xnee"
| #define VERSION "3.19"
| #define HAVE_VPRINTF 1
| #define STDC_HEADERS 1
| #define HAVE_SYS_TYPES_H 1
| #define HAVE_SYS_STAT_H 1
| #define HAVE_STDLIB_H 1
| #define HAVE_STRING_H 1
| #define HAVE_MEMORY_H 1
| #define HAVE_STRINGS_H 1
| #define HAVE_INTTYPES_H 1
| #define HAVE_STDINT_H 1
| #define HAVE_UNISTD_H 1
| #define HAVE_STDARG_H 1
| #define HAVE_DLFCN_H 1
| #define LT_OBJDIR ".libs/"
| /* end confdefs.h.  */
| 
| /* Override any GCC internal prototype to avoid an error.
|    Use char because int might match the return type of a GCC
|    builtin and then its argument prototype would still apply.  */
| #ifdef __cplusplus
| extern "C"
| #endif
| char XTestFakeMotionEvent  ();
| int
| main ()
| {
| return XTestFakeMotionEvent  ();
|   ;
|   return 0;
| }
configure:12798: result: no

## ---------------- ##
## Cache variables. ##
## ---------------- ##

ac_cv_build=x86_64-unknown-linux-gnu
ac_cv_c_compiler_gnu=yes
ac_cv_env_CC_set=
ac_cv_env_CC_value=
ac_cv_env_CFLAGS_set=
ac_cv_env_CFLAGS_value=
ac_cv_env_CPPFLAGS_set=
ac_cv_env_CPPFLAGS_value=
ac_cv_env_CPP_set=
ac_cv_env_CPP_value=
ac_cv_env_LDFLAGS_set=
ac_cv_env_LDFLAGS_value=
ac_cv_env_LIBS_set=
ac_cv_env_LIBS_value=
ac_cv_env_XMKMF_set=
ac_cv_env_XMKMF_value=
ac_cv_env_build_alias_set=
ac_cv_env_build_alias_value=
ac_cv_env_host_alias_set=
ac_cv_env_host_alias_value=
ac_cv_env_target_alias_set=
ac_cv_env_target_alias_value=
ac_cv_func__doprnt=no
ac_cv_func_connect=yes
ac_cv_func_gethostbyname=yes
ac_cv_func_remove=yes
ac_cv_func_shmat=yes
ac_cv_func_vprintf=yes
ac_cv_have_x='have_x=yes	ac_x_includes='\'''\''	ac_x_libraries='\'''\'''
ac_cv_header_dlfcn_h=yes
ac_cv_header_inttypes_h=yes
ac_cv_header_memory_h=yes
ac_cv_header_stdarg_h=yes
ac_cv_header_stdc=yes
ac_cv_header_stdint_h=yes
ac_cv_header_stdlib_h=yes
ac_cv_header_string_h=yes
ac_cv_header_strings_h=yes
ac_cv_header_sys_stat_h=yes
ac_cv_header_sys_types_h=yes
ac_cv_header_unistd_h=yes
ac_cv_host=x86_64-unknown-linux-gnu
ac_cv_lib_ICE_IceConnectionNumber=yes
ac_cv_lib_Xext_XTestFakeMotionEvent_=no
ac_cv_lib_Xtst_XTestFakeMotionEvent=no
ac_cv_lib_c_dlopen=no
ac_cv_lib_c_sem_init=no
ac_cv_lib_dl_dlopen=yes
ac_cv_lib_pthread_sem_init=yes
ac_cv_objext=o
ac_cv_path_AWK=/usr/bin/awk
ac_cv_path_BASH=/bin/bash
ac_cv_path_EGREP='/bin/grep -E'
ac_cv_path_FGREP='/bin/grep -F'
ac_cv_path_GREP=/bin/grep
ac_cv_path_PKGCFG=/usr/bin/pkg-config
ac_cv_path_SED=/bin/sed
ac_cv_path_install='/usr/bin/install -c'
ac_cv_path_mkdir=/bin/mkdir
ac_cv_prog_AWK=gawk
ac_cv_prog_CPP='gcc -E'
ac_cv_prog_ac_ct_AR=ar
ac_cv_prog_ac_ct_CC=gcc
ac_cv_prog_ac_ct_MANIFEST_TOOL=mt
ac_cv_prog_ac_ct_OBJDUMP=objdump
ac_cv_prog_ac_ct_RANLIB=ranlib
ac_cv_prog_ac_ct_STRIP=strip
ac_cv_prog_cc_c89=
ac_cv_prog_cc_g=yes
ac_cv_prog_make_make_set=yes
am_cv_CC_dependencies_compiler_type=gcc3
am_cv_make_support_nested_variables=yes
am_cv_prog_cc_c_o=yes
lt_cv_ar_at_file=@
lt_cv_archive_cmds_need_lc=no
lt_cv_deplibs_check_method=pass_all
lt_cv_file_magic_cmd='$MAGIC_CMD'
lt_cv_file_magic_test_file=
lt_cv_ld_reload_flag=-r
lt_cv_nm_interface='BSD nm'
lt_cv_objdir=.libs
lt_cv_path_LD=/usr/bin/ld
lt_cv_path_NM='/usr/bin/nm -B'
lt_cv_path_mainfest_tool=no
lt_cv_prog_compiler_c_o=yes
lt_cv_prog_compiler_pic='-fPIC -DPIC'
lt_cv_prog_compiler_pic_works=yes
lt_cv_prog_compiler_rtti_exceptions=no
lt_cv_prog_compiler_static_works=yes
lt_cv_prog_gnu_ld=yes
lt_cv_sharedlib_from_linklib_cmd='printf %s\n'
lt_cv_shlibpath_overrides_runpath=yes
lt_cv_sys_global_symbol_pipe='sed -n -e '\''s/^.*[	 ]\([ABCDGIRSTW][ABCDGIRSTW]*\)[	 ][	 ]*\([_A-Za-z][_A-Za-z0-9]*\)$/\1 \2 \2/p'\'' | sed '\''/ __gnu_lto/d'\'''
lt_cv_sys_global_symbol_to_c_name_address='sed -n -e '\''s/^: \([^ ]*\)[ ]*$/  {\"\1\", (void *) 0},/p'\'' -e '\''s/^[ABCDGIRSTW]* \([^ ]*\) \([^ ]*\)$/  {"\2", (void *) \&\2},/p'\'''
lt_cv_sys_global_symbol_to_c_name_address_lib_prefix='sed -n -e '\''s/^: \([^ ]*\)[ ]*$/  {\"\1\", (void *) 0},/p'\'' -e '\''s/^[ABCDGIRSTW]* \([^ ]*\) \(lib[^ ]*\)$/  {"\2", (void *) \&\2},/p'\'' -e '\''s/^[ABCDGIRSTW]* \([^ ]*\) \([^ ]*\)$/  {"lib\2", (void *) \&\2},/p'\'''
lt_cv_sys_global_symbol_to_cdecl='sed -n -e '\''s/^T .* \(.*\)$/extern int \1();/p'\'' -e '\''s/^[ABCDGIRSTW]* .* \(.*\)$/extern char \1;/p'\'''
lt_cv_sys_max_cmd_len=1572864
lt_cv_to_host_file_cmd=func_convert_file_noop
lt_cv_to_tool_file_cmd=func_convert_file_noop

## ----------------- ##
## Output variables. ##
## ----------------- ##

ACLOCAL='${SHELL} /home/carolhanna/Security_Project/gnu_dataset/xnee-3.19/autotools/missing aclocal-1.14'
AMDEPBACKSLASH='\'
AMDEP_FALSE='#'
AMDEP_TRUE=''
AMTAR='$${TAR-tar}'
AM_BACKSLASH='\'
AM_DEFAULT_V='$(AM_DEFAULT_VERBOSITY)'
AM_DEFAULT_VERBOSITY='1'
AM_V='$(V)'
AR='ar'
AUTOCONF='${SHELL} /home/carolhanna/Security_Project/gnu_dataset/xnee-3.19/autotools/missing autoconf'
AUTOHEADER='${SHELL} /home/carolhanna/Security_Project/gnu_dataset/xnee-3.19/autotools/missing autoheader'
AUTOMAKE='${SHELL} /home/carolhanna/Security_Project/gnu_dataset/xnee-3.19/autotools/missing automake-1.14'
AWK='/usr/bin/awk'
BASH='/bin/bash'
BUF_VERBOSE_FALSE=''
BUF_VERBOSE_TRUE=''
BUILDDOC_FALSE=''
BUILDDOC_TRUE=''
BUILDGUI_FALSE=''
BUILDGUI_TRUE=''
BUILDMAN_FALSE=''
BUILDMAN_TRUE=''
BUILDPNEE_FALSE=''
BUILDPNEE_TRUE=''
BUILD_STATIC_FALSE=''
BUILD_STATIC_TRUE=''
CC='gcc'
CCDEPMODE='depmode=gcc3'
CFLAGS='-g -O2'
CLI_DIR=''
CNEE_INFO=''
CONVERT=''
CPP='gcc -E'
CPPFLAGS=''
CYGPATH_W='echo'
DEFS=''
DEPDIR='.deps'
DIA=''
DLLTOOL='false'
DOCONLY_FALSE=''
DOCONLY_TRUE=''
DOC_DIR=''
DOC_TARGETS=''
DSYMUTIL=''
DUMPBIN=''
DVIPDF=''
ECHO_C=''
ECHO_N='-n'
ECHO_T=''
EGREP='/bin/grep -E'
EPSTOPDF=''
EXEEXT=''
FGREP='/bin/grep -F'
FOO_DIR=''
GCOV_FALSE=''
GCOV_TRUE=''
GNOME_APPLET_DIR=''
GPROF_FALSE=''
GPROF_TRUE=''
GREP='/bin/grep'
GTKCONF=''
GUI_DIR=''
INSTALL_DATA='${INSTALL} -m 644'
INSTALL_PROGRAM='${INSTALL}'
INSTALL_SCRIPT='${INSTALL}'
INSTALL_STRIP_PROGRAM='$(install_sh) -c -s'
LD='/usr/bin/ld -m elf_x86_64'
LDFLAGS=''
LIBDL='-ldl'
LIBOBJS=''
LIBS=' '
LIBSEMA='-lpthread'
LIBTOOL='$(SHELL) $(top_builddir)/libtool'
LIB_DIR=''
LIPO=''
LN_S='ln -s'
LTLIBOBJS=''
MAINT=''
MAINTAINER_MODE_FALSE=''
MAINTAINER_MODE_TRUE=''
MAKEFILES_TO_GEN=''
MAKEINFO=''
MANIFEST_TOOL=':'
MKDIR_P='/bin/mkdir -p'
NM='/usr/bin/nm -B'
NMEDIT=''
NOT_INSTALL_LIBS_FALSE=''
NOT_INSTALL_LIBS_TRUE=''
OBJDUMP='objdump'
OBJEXT='o'
OTOOL64=''
OTOOL=''
PACKAGE='xnee'
PACKAGE_BUGREPORT='bug-xnee@gnu.org'
PACKAGE_NAME='Xnee'
PACKAGE_STRING='Xnee 3.19'
PACKAGE_TARNAME='xnee'
PACKAGE_URL=''
PACKAGE_VERSION='3.19'
PANEL_APPLET_DIR=''
PANEL_FLAGS=''
PANEL_LD_FLAGS=''
PANEL_SERVER_DIR=''
PATH_SEPARATOR=':'
PDF2PS=''
PEDANTIC_FALSE=''
PEDANTIC_TRUE=''
PIXMAP_DIR=''
PKGCFG='/usr/bin/pkg-config'
PS2PDF=''
RANLIB='ranlib'
SED='/bin/sed'
SET_MAKE=''
SHELL='/bin/bash'
STRIP='strip'
TEXI2HTML=''
TEXI2PDF=''
VERBOSE_FALSE=''
VERBOSE_TRUE=''
VERSION='3.19'
WANTED_LIBXNEE=''
X11_LIBS=''
XMKMF=''
XNEE_DOC_DIR=''
XNEE_XINPUT_SUPPORT_FALSE=''
XNEE_XINPUT_SUPPORT_TRUE=''
XOSD_FALSE=''
XOSD_TRUE=''
X_CFLAGS=''
X_EXTRA_LIBS=''
X_LIBS=''
X_PRE_LIBS=' -lSM -lICE'
ac_ct_AR='ar'
ac_ct_CC='gcc'
ac_ct_DUMPBIN=''
am__EXEEXT_FALSE=''
am__EXEEXT_TRUE=''
am__fastdepCC_FALSE='#'
am__fastdepCC_TRUE=''
am__include='include'
am__isrc=''
am__leading_dot='.'
am__nodep='_no'
am__quote=''
am__tar='$${TAR-tar} chof - "$$tardir"'
am__untar='$${TAR-tar} xf -'
bindir='${exec_prefix}/bin'
build='x86_64-unknown-linux-gnu'
build_alias=''
build_cpu='x86_64'
build_os='linux-gnu'
build_vendor='unknown'
datadir='${datarootdir}'
datarootdir='${prefix}/share'
docdir='${datarootdir}/doc/${PACKAGE_TARNAME}'
dvidir='${docdir}'
exec_prefix='NONE'
gtk_CFLAGS=''
gtk_LIBS=''
host='x86_64-unknown-linux-gnu'
host_alias=''
host_cpu='x86_64'
host_os='linux-gnu'
host_vendor='unknown'
htmldir='${docdir}'
includedir='${prefix}/include'
infodir='${datarootdir}/info'
install_sh='${SHELL} /home/carolhanna/Security_Project/gnu_dataset/xnee-3.19/autotools/install-sh'
libdir='${exec_prefix}/lib'
libexecdir='${exec_prefix}/libexec'
libgnomeui_CFLAGS=''
libgnomeui_LIBS=''
localedir='${datarootdir}/locale'
localstatedir='${prefix}/var'
mandir='${datarootdir}/man'
mkdir_p='$(MKDIR_P)'
oldincludedir='/usr/include'
pdfdir='${docdir}'
prefix='NONE'
program_transform_name='s,x,x,'
psdir='${docdir}'
sbindir='${exec_prefix}/sbin'
sharedstatedir='${prefix}/com'
sysconfdir='${prefix}/etc'
target_alias=''

## ----------- ##
## confdefs.h. ##
## ----------- ##

/* confdefs.h */
#define PACKAGE_NAME "Xnee"
#define PACKAGE_TARNAME "xnee"
#define PACKAGE_VERSION "3.19"
#define PACKAGE_STRING "Xnee 3.19"
#define PACKAGE_BUGREPORT "bug-xnee@gnu.org"
#define PACKAGE_URL ""
#define PACKAGE "xnee"
#define VERSION "3.19"
#define HAVE_VPRINTF 1
#define STDC_HEADERS 1
#define HAVE_SYS_TYPES_H 1
#define HAVE_SYS_STAT_H 1
#define HAVE_STDLIB_H 1
#define HAVE_STRING_H 1
#define HAVE_MEMORY_H 1
#define HAVE_STRINGS_H 1
#define HAVE_INTTYPES_H 1
#define HAVE_STDINT_H 1
#define HAVE_UNISTD_H 1
#define HAVE_STDARG_H 1
#define HAVE_DLFCN_H 1
#define LT_OBJDIR ".libs/"

configure: exit 1
