This file contains any messages produced by compilers while
running configure, to aid debugging if configure makes a mistake.

It was created by GNU WebSocket4J configure 1.3, which was
generated by GNU Autoconf 2.67.  Invocation command line was

  $ ./configure 

## --------- ##
## Platform. ##
## --------- ##

hostname = rishon
uname -m = x86_64
uname -r = 4.15.0-72-generic
uname -s = Linux
uname -v = #81-Ubuntu SMP Tue Nov 26 12:20:02 UTC 2019

/usr/bin/uname -p = unknown
/bin/uname -X     = unknown

/bin/arch              = unknown
/usr/bin/arch -k       = unknown
/usr/convex/getsysinfo = unknown
/usr/bin/hostinfo      = unknown
/bin/machine           = unknown
/usr/bin/oslevel       = unknown
/bin/universe          = unknown

PATH: /home/carolhanna/miniconda3/bin
PATH: /home/carolhanna/miniconda3/condabin
PATH: /usr/local/sbin
PATH: /usr/local/bin
PATH: /usr/sbin
PATH: /usr/bin
PATH: /sbin
PATH: /bin
PATH: /usr/games
PATH: /usr/local/games
PATH: /snap/bin


## ----------- ##
## Core tests. ##
## ----------- ##

configure:1742: checking for a BSD-compatible install
configure:1810: result: /usr/bin/install -c
configure:1821: checking whether build environment is sane
configure:1871: result: yes
configure:2012: checking for a thread-safe mkdir -p
configure:2051: result: /bin/mkdir -p
configure:2064: checking for gawk
configure:2080: found /usr/bin/gawk
configure:2091: result: gawk
configure:2102: checking whether make sets $(MAKE)
configure:2124: result: yes
configure:2221: checking for javac
configure:2251: result: no
configure:2258: checking for java
configure:2288: result: no
configure:2295: checking for javadoc
configure:2325: result: no
configure:2332: checking for ant
configure:2362: result: no
configure:2370: error: "Software required for compilation is not present"

## ---------------- ##
## Cache variables. ##
## ---------------- ##

ac_cv_env_build_alias_set=
ac_cv_env_build_alias_value=
ac_cv_env_host_alias_set=
ac_cv_env_host_alias_value=
ac_cv_env_target_alias_set=
ac_cv_env_target_alias_value=
ac_cv_path_install='/usr/bin/install -c'
ac_cv_path_mkdir=/bin/mkdir
ac_cv_prog_AWK=gawk
ac_cv_prog_make_make_set=yes

## ----------------- ##
## Output variables. ##
## ----------------- ##

ACLOCAL='${SHELL} /home/carolhanna/Security_Project/gnu_dataset/websocket4j-1.3/missing --run aclocal-1.11'
AMTAR='${SHELL} /home/carolhanna/Security_Project/gnu_dataset/websocket4j-1.3/missing --run tar'
AUTOCONF='${SHELL} /home/carolhanna/Security_Project/gnu_dataset/websocket4j-1.3/missing --run autoconf'
AUTOHEADER='${SHELL} /home/carolhanna/Security_Project/gnu_dataset/websocket4j-1.3/missing --run autoheader'
AUTOMAKE='${SHELL} /home/carolhanna/Security_Project/gnu_dataset/websocket4j-1.3/missing --run automake-1.11'
AWK='gawk'
BUILD_TYPE=''
CONFIGURE_TIME=''
CYGPATH_W='echo'
DEFS=''
ECHO_C=''
ECHO_N='-n'
ECHO_T=''
HAVE_ANT=''
HAVE_DH_BUILDDEB=''
HAVE_DH_CLEAN=''
HAVE_DH_COMPRESS=''
HAVE_DH_FIXPERMS=''
HAVE_DH_GENCONTROL=''
HAVE_DH_INSTALLDEB=''
HAVE_DH_MD5SUMS=''
HAVE_DH_PREP=''
HAVE_DH_TESTDIR=''
HAVE_DPKG=''
HAVE_FAKEROOT=''
HAVE_JAVA=''
HAVE_JAVAC=''
HAVE_JAVADOC=''
HAVE_JH_CLEAN=''
HAVE_JH_DEPENDS=''
HAVE_JH_INSTALLJAVADOC=''
HAVE_JH_INSTALLLIBS=''
HAVE_RPM=''
HAVE_RPMBUILD=''
INSTALL_DATA='${INSTALL} -m 644'
INSTALL_INFO=''
INSTALL_PROGRAM='${INSTALL}'
INSTALL_SCRIPT='${INSTALL}'
INSTALL_STRIP_PROGRAM='$(install_sh) -c -s'
LIBOBJS=''
LIBS=''
LN_S=''
LTLIBOBJS=''
MAKEINFO='${SHELL} /home/carolhanna/Security_Project/gnu_dataset/websocket4j-1.3/missing --run makeinfo'
MKDIR_P='/bin/mkdir -p'
PACKAGE='websocket4j'
PACKAGE_BUGREPORT=''
PACKAGE_DESCRIPTION=''
PACKAGE_DOWNLOAD_URL=''
PACKAGE_MAINTAINER=''
PACKAGE_NAME='GNU WebSocket4J'
PACKAGE_STRING='GNU WebSocket4J 1.3'
PACKAGE_SUMMARY=''
PACKAGE_TARNAME='websocket4j'
PACKAGE_URL='http://students.mimuw.edu.pl/~ms262969/maarons/wsgi.py/software/WebSocket4J/'
PACKAGE_VERSION='1.3'
PATH_SEPARATOR=':'
SET_MAKE=''
SHELL='/bin/bash'
STRIP=''
VERSION='1.3'
am__isrc=''
am__leading_dot='.'
am__tar='${AMTAR} chof - "$$tardir"'
am__untar='${AMTAR} xf -'
bindir='${exec_prefix}/bin'
build_alias=''
datadir='${datarootdir}'
datarootdir='${prefix}/share'
docdir='${datarootdir}/doc/${PACKAGE_TARNAME}'
dvidir='${docdir}'
exec_prefix='NONE'
host_alias=''
htmldir='${docdir}'
includedir='${prefix}/include'
infodir='${datarootdir}/info'
install_sh='${SHELL} /home/carolhanna/Security_Project/gnu_dataset/websocket4j-1.3/install-sh'
libdir='${exec_prefix}/lib'
libexecdir='${exec_prefix}/libexec'
localedir='${datarootdir}/locale'
localstatedir='${prefix}/var'
mandir='${datarootdir}/man'
mkdir_p='/bin/mkdir -p'
oldincludedir='/usr/include'
pdfdir='${docdir}'
prefix='NONE'
program_transform_name='s,x,x,'
psdir='${docdir}'
sbindir='${exec_prefix}/sbin'
sharedstatedir='${prefix}/com'
sysconfdir='${prefix}/etc'
target_alias=''

## ----------- ##
## confdefs.h. ##
## ----------- ##

/* confdefs.h */
#define PACKAGE_NAME "GNU WebSocket4J"
#define PACKAGE_TARNAME "websocket4j"
#define PACKAGE_VERSION "1.3"
#define PACKAGE_STRING "GNU WebSocket4J 1.3"
#define PACKAGE_BUGREPORT ""
#define PACKAGE_URL "http://students.mimuw.edu.pl/~ms262969/maarons/wsgi.py/software/WebSocket4J/"
#define PACKAGE "websocket4j"
#define VERSION "1.3"

configure: exit 1
