This file contains any messages produced by compilers while
running configure, to aid debugging if configure makes a mistake.

It was created by ddd configure 3.3.12, which was
generated by GNU Autoconf 2.61.  Invocation command line was

  $ ./configure 

## --------- ##
## Platform. ##
## --------- ##

hostname = rishon
uname -m = x86_64
uname -r = 4.15.0-72-generic
uname -s = Linux
uname -v = #81-Ubuntu SMP Tue Nov 26 12:20:02 UTC 2019

/usr/bin/uname -p = unknown
/bin/uname -X     = unknown

/bin/arch              = unknown
/usr/bin/arch -k       = unknown
/usr/convex/getsysinfo = unknown
/usr/bin/hostinfo      = unknown
/bin/machine           = unknown
/usr/bin/oslevel       = unknown
/bin/universe          = unknown

PATH: /home/carolhanna/miniconda3/bin
PATH: /home/carolhanna/miniconda3/condabin
PATH: /usr/local/sbin
PATH: /usr/local/bin
PATH: /usr/sbin
PATH: /usr/bin
PATH: /sbin
PATH: /bin
PATH: /usr/games
PATH: /usr/local/games
PATH: /snap/bin


## ----------- ##
## Core tests. ##
## ----------- ##

configure:2064: checking for product name
configure:2070: result: ddd 3.3.12 "Dale Head"
configure:2072: checking for expiration date
configure:2075: result: no
configure:2124: checking build system type
configure:2142: result: x86_64-unknown-linux-gnu
configure:2164: checking host system type
configure:2179: result: x86_64-unknown-linux-gnu
configure:2201: checking target system type
configure:2216: result: x86_64-unknown-linux-gnu
configure:2272: checking for a BSD-compatible install
configure:2328: result: /usr/bin/install -c
configure:2339: checking whether build environment is sane
configure:2382: result: yes
configure:2397: checking for a thread-safe mkdir -p
configure:2436: result: /bin/mkdir -p
configure:2449: checking for gawk
configure:2465: found /usr/bin/gawk
configure:2476: result: gawk
configure:2487: checking whether make sets $(MAKE)
configure:2508: result: yes
configure:2696: checking whether make sets $(MAKE)
configure:2717: result: yes
configure:2730: checking for g77
configure:2760: result: no
configure:2730: checking for fort77
configure:2760: result: no
configure:2730: checking for f77
configure:2746: found /usr/bin/f77
configure:2757: result: f77
configure:2771: checking whether ln -s works
configure:2775: result: yes
configure:2786: checking for sh
configure:2804: found /bin/sh
configure:2816: result: /bin/sh
configure:2831: checking for gtar
configure:2861: result: no
configure:2831: checking for tar
configure:2847: found /bin/tar
configure:2858: result: tar
configure:2873: checking for gm4
configure:2903: result: no
configure:2873: checking for m4
configure:2889: found /usr/bin/m4
configure:2900: result: m4
configure:2915: checking for gsed
configure:2945: result: no
configure:2915: checking for sed
configure:2931: found /bin/sed
configure:2942: result: sed
configure:2957: checking for gdiff
configure:2987: result: no
configure:2957: checking for diff
configure:2973: found /usr/bin/diff
configure:2984: result: diff
configure:2999: checking for gzip
configure:3015: found /bin/gzip
configure:3026: result: gzip
configure:3045: checking for gzip
configure:3061: found /bin/gzip
configure:3072: result: gzip
configure:3094: checking for remsh
configure:3127: result: no
configure:3094: checking for rsh
configure:3112: found /usr/bin/rsh
configure:3124: result: /usr/bin/rsh
configure:3139: checking for lp
configure:3169: result: no
configure:3139: checking for lpr
configure:3169: result: no
configure:3188: checking for gcore
configure:3218: result: no
configure:3235: checking for compface
configure:3265: result: no
configure:3293: checking for xbm2xface.pl
configure:3323: result: no
configure:3293: checking for xbm2xface
configure:3323: result: no
configure:3337: checking for gdb
configure:3367: result: no
configure:3337: checking for wdb
configure:3367: result: no
configure:3337: checking for dbx
configure:3367: result: no
configure:3337: checking for ladebug
configure:3367: result: no
configure:3337: checking for xdb
configure:3367: result: no
configure:3337: checking for jdb
configure:3367: result: no
configure:3395: checking for perl
configure:3411: found /usr/bin/perl
configure:3422: result: perl
configure:3436: checking for perl version greater than or equal to 5.8.0
configure:3449: result: ok
configure:3462: checking for xterm
configure:3492: result: no
configure:3462: checking for kterm
configure:3492: result: no
configure:3462: checking for dtterm
configure:3492: result: no
configure:3462: checking for hpterm
configure:3492: result: no
configure:3504: checking for xfontsel
configure:3534: result: no
configure:3555: checking for a BSD-compatible install
configure:3611: result: /usr/bin/install -c
configure:3626: checking for bison
configure:3656: result: no
configure:3626: checking for byacc
configure:3656: result: no
configure:3665: checking for yacc flags
configure:3668: result: 
configure:3699: checking for style of include used by make
configure:3727: result: GNU
configure:3797: checking for gcc
configure:3813: found /usr/bin/gcc
configure:3824: result: gcc
configure:4062: checking for C compiler version
configure:4069: gcc --version >&5
gcc (Ubuntu 7.5.0-3ubuntu1~18.04) 7.5.0
Copyright (C) 2017 Free Software Foundation, Inc.
This is free software; see the source for copying conditions.  There is NO
warranty; not even for MERCHANTABILITY or FITNESS FOR A PARTICULAR PURPOSE.

configure:4072: $? = 0
configure:4079: gcc -v >&5
Using built-in specs.
COLLECT_GCC=gcc
COLLECT_LTO_WRAPPER=/usr/lib/gcc/x86_64-linux-gnu/7/lto-wrapper
OFFLOAD_TARGET_NAMES=nvptx-none
OFFLOAD_TARGET_DEFAULT=1
Target: x86_64-linux-gnu
Configured with: ../src/configure -v --with-pkgversion='Ubuntu 7.5.0-3ubuntu1~18.04' --with-bugurl=file:///usr/share/doc/gcc-7/README.Bugs --enable-languages=c,ada,c++,go,brig,d,fortran,objc,obj-c++ --prefix=/usr --with-gcc-major-version-only --program-suffix=-7 --program-prefix=x86_64-linux-gnu- --enable-shared --enable-linker-build-id --libexecdir=/usr/lib --without-included-gettext --enable-threads=posix --libdir=/usr/lib --enable-nls --enable-bootstrap --enable-clocale=gnu --enable-libstdcxx-debug --enable-libstdcxx-time=yes --with-default-libstdcxx-abi=new --enable-gnu-unique-object --disable-vtable-verify --enable-libmpx --enable-plugin --enable-default-pie --with-system-zlib --with-target-system-zlib --enable-objc-gc=auto --enable-multiarch --disable-werror --with-arch-32=i686 --with-abi=m64 --with-multilib-list=m32,m64,mx32 --enable-multilib --with-tune=generic --enable-offload-targets=nvptx-none --without-cuda-driver --enable-checking=release --build=x86_64-linux-gnu --host=x86_64-linux-gnu --target=x86_64-linux-gnu
Thread model: posix
gcc version 7.5.0 (Ubuntu 7.5.0-3ubuntu1~18.04) 
configure:4082: $? = 0
configure:4089: gcc -V >&5
gcc: error: unrecognized command line option '-V'
gcc: fatal error: no input files
compilation terminated.
configure:4092: $? = 1
configure:4115: checking for C compiler default output file name
configure:4142: gcc    conftest.c  >&5
configure:4145: $? = 0
configure:4183: result: a.out
configure:4200: checking whether the C compiler works
configure:4210: ./a.out
configure:4213: $? = 0
configure:4230: result: yes
configure:4237: checking whether we are cross compiling
configure:4239: result: no
configure:4242: checking for suffix of executables
configure:4249: gcc -o conftest    conftest.c  >&5
configure:4252: $? = 0
configure:4276: result: 
configure:4282: checking for suffix of object files
configure:4308: gcc -c   conftest.c >&5
configure:4311: $? = 0
configure:4334: result: o
configure:4338: checking whether we are using the GNU C compiler
configure:4367: gcc -c   conftest.c >&5
configure:4373: $? = 0
configure:4390: result: yes
configure:4395: checking whether gcc accepts -g
configure:4425: gcc -c -g  conftest.c >&5
configure:4431: $? = 0
configure:4530: result: yes
configure:4547: checking for gcc option to accept ISO C89
configure:4621: gcc  -c -g -O2  conftest.c >&5
configure:4627: $? = 0
configure:4650: result: none needed
configure:4670: checking dependency style of gcc
configure:4761: result: gcc3
configure:4781: checking for flex
configure:4811: result: no
configure:4781: checking for lex
configure:4811: result: no
configure:4984: checking for ${SHELL} /home/carolhanna/Security_Project/gnu_dataset/ddd-3.3.12/missing --run flex flags
configure:4990: result: 
configure:4996: checking for gawk
configure:5023: result: gawk
configure:5046: checking for library containing strerror
configure:5087: gcc -o conftest -g -O2   conftest.c  >&5
configure:5093: $? = 0
configure:5121: result: none required
configure:5132: checking whether the C compiler (gcc) compiles and links a simple C program
configure:5165: gcc -o conftest -g -O2   conftest.c  >&5
configure:5171: $? = 0
configure:5195: result: yes
configure:5265: checking for g++
configure:5281: found /usr/bin/g++
configure:5292: result: g++
configure:5323: checking for C++ compiler version
configure:5330: g++ --version >&5
g++ (Ubuntu 7.5.0-3ubuntu1~18.04) 7.5.0
Copyright (C) 2017 Free Software Foundation, Inc.
This is free software; see the source for copying conditions.  There is NO
warranty; not even for MERCHANTABILITY or FITNESS FOR A PARTICULAR PURPOSE.

configure:5333: $? = 0
configure:5340: g++ -v >&5
Using built-in specs.
COLLECT_GCC=g++
COLLECT_LTO_WRAPPER=/usr/lib/gcc/x86_64-linux-gnu/7/lto-wrapper
OFFLOAD_TARGET_NAMES=nvptx-none
OFFLOAD_TARGET_DEFAULT=1
Target: x86_64-linux-gnu
Configured with: ../src/configure -v --with-pkgversion='Ubuntu 7.5.0-3ubuntu1~18.04' --with-bugurl=file:///usr/share/doc/gcc-7/README.Bugs --enable-languages=c,ada,c++,go,brig,d,fortran,objc,obj-c++ --prefix=/usr --with-gcc-major-version-only --program-suffix=-7 --program-prefix=x86_64-linux-gnu- --enable-shared --enable-linker-build-id --libexecdir=/usr/lib --without-included-gettext --enable-threads=posix --libdir=/usr/lib --enable-nls --enable-bootstrap --enable-clocale=gnu --enable-libstdcxx-debug --enable-libstdcxx-time=yes --with-default-libstdcxx-abi=new --enable-gnu-unique-object --disable-vtable-verify --enable-libmpx --enable-plugin --enable-default-pie --with-system-zlib --with-target-system-zlib --enable-objc-gc=auto --enable-multiarch --disable-werror --with-arch-32=i686 --with-abi=m64 --with-multilib-list=m32,m64,mx32 --enable-multilib --with-tune=generic --enable-offload-targets=nvptx-none --without-cuda-driver --enable-checking=release --build=x86_64-linux-gnu --host=x86_64-linux-gnu --target=x86_64-linux-gnu
Thread model: posix
gcc version 7.5.0 (Ubuntu 7.5.0-3ubuntu1~18.04) 
configure:5343: $? = 0
configure:5350: g++ -V >&5
g++: error: unrecognized command line option '-V'
g++: fatal error: no input files
compilation terminated.
configure:5353: $? = 1
configure:5356: checking whether we are using the GNU C++ compiler
configure:5385: g++ -c   conftest.cpp >&5
configure:5391: $? = 0
configure:5408: result: yes
configure:5413: checking whether g++ accepts -g
configure:5443: g++ -c -g  conftest.cpp >&5
configure:5449: $? = 0
configure:5548: result: yes
configure:5573: checking dependency style of g++
configure:5664: result: gcc3
configure:5899: checking whether the C++ compiler (g++) compiles a simple program
configure:5932: g++ -o conftest -g -O2   conftest.cpp  >&5
configure:5938: $? = 0
configure:5962: result: yes
configure:6005: checking how to run the C preprocessor
configure:6045: gcc -E  conftest.c
configure:6051: $? = 0
configure:6082: gcc -E  conftest.c
conftest.c:10:10: fatal error: ac_nonexistent.h: No such file or directory
 #include <ac_nonexistent.h>
          ^~~~~~~~~~~~~~~~~~
compilation terminated.
configure:6088: $? = 1
configure: failed program was:
| /* confdefs.h.  */
| #define PACKAGE_NAME "ddd"
| #define PACKAGE_TARNAME "ddd"
| #define PACKAGE_VERSION "3.3.12"
| #define PACKAGE_STRING "ddd 3.3.12"
| #define PACKAGE_BUGREPORT "ddd@gnu.org"
| #define PACKAGE "ddd"
| #define VERSION "3.3.12"
| /* end confdefs.h.  */
| #include <ac_nonexistent.h>
configure:6121: result: gcc -E
configure:6150: gcc -E  conftest.c
configure:6156: $? = 0
configure:6187: gcc -E  conftest.c
conftest.c:10:10: fatal error: ac_nonexistent.h: No such file or directory
 #include <ac_nonexistent.h>
          ^~~~~~~~~~~~~~~~~~
compilation terminated.
configure:6193: $? = 1
configure: failed program was:
| /* confdefs.h.  */
| #define PACKAGE_NAME "ddd"
| #define PACKAGE_TARNAME "ddd"
| #define PACKAGE_VERSION "3.3.12"
| #define PACKAGE_STRING "ddd 3.3.12"
| #define PACKAGE_BUGREPORT "ddd@gnu.org"
| #define PACKAGE "ddd"
| #define VERSION "3.3.12"
| /* end confdefs.h.  */
| #include <ac_nonexistent.h>
configure:6235: checking how to run the C++ preprocessor
configure:6271: g++ -E  conftest.cpp
configure:6277: $? = 0
configure:6308: g++ -E  conftest.cpp
conftest.cpp:10:10: fatal error: ac_nonexistent.h: No such file or directory
 #include <ac_nonexistent.h>
          ^~~~~~~~~~~~~~~~~~
compilation terminated.
configure:6314: $? = 1
configure: failed program was:
| /* confdefs.h.  */
| #define PACKAGE_NAME "ddd"
| #define PACKAGE_TARNAME "ddd"
| #define PACKAGE_VERSION "3.3.12"
| #define PACKAGE_STRING "ddd 3.3.12"
| #define PACKAGE_BUGREPORT "ddd@gnu.org"
| #define PACKAGE "ddd"
| #define VERSION "3.3.12"
| /* end confdefs.h.  */
| #include <ac_nonexistent.h>
configure:6347: result: g++ -E
configure:6376: g++ -E  conftest.cpp
configure:6382: $? = 0
configure:6413: g++ -E  conftest.cpp
conftest.cpp:10:10: fatal error: ac_nonexistent.h: No such file or directory
 #include <ac_nonexistent.h>
          ^~~~~~~~~~~~~~~~~~
compilation terminated.
configure:6419: $? = 1
configure: failed program was:
| /* confdefs.h.  */
| #define PACKAGE_NAME "ddd"
| #define PACKAGE_TARNAME "ddd"
| #define PACKAGE_VERSION "3.3.12"
| #define PACKAGE_STRING "ddd 3.3.12"
| #define PACKAGE_BUGREPORT "ddd@gnu.org"
| #define PACKAGE "ddd"
| #define VERSION "3.3.12"
| /* end confdefs.h.  */
| #include <ac_nonexistent.h>
configure:6459: checking if this is a problematic g++ version
configure:6502: g++ -E  conftest.cpp
configure:6508: $? = 0
configure:6530: result: no
configure:6545: checking whether the C++ compiler (g++) accepts -Weffc++
configure:6580: g++ -c -Weffc++  conftest.cpp >&5
configure:6586: $? = 0
configure:6609: result: yes
configure:6622: checking whether the C++ compiler (g++) accepts -Wuninitialized
configure:6657: g++ -c -Wuninitialized  conftest.cpp >&5
configure:6663: $? = 0
configure:6686: result: yes
configure:6701: checking whether the C++ compiler (g++) accepts -mminimal-toc
configure:6736: g++ -o conftest -mminimal-toc   conftest.cpp  >&5
g++: error: unrecognized command line option '-mminimal-toc'; did you mean '-mmitigate-rop'?
configure:6742: $? = 1
configure: failed program was:
| /* confdefs.h.  */
| #define PACKAGE_NAME "ddd"
| #define PACKAGE_TARNAME "ddd"
| #define PACKAGE_VERSION "3.3.12"
| #define PACKAGE_STRING "ddd 3.3.12"
| #define PACKAGE_BUGREPORT "ddd@gnu.org"
| #define PACKAGE "ddd"
| #define VERSION "3.3.12"
| /* end confdefs.h.  */
| 
| int
| main ()
| {
| int a;
|   ;
|   return 0;
| }
configure:6767: result: no
configure:6985: checking for C++ compiler (g++) warning options
configure:6987: result: -Wall -W -Wwrite-strings
configure:6989: checking for C++ compiler (g++) optimizing options
configure:6991: result:  -O2
configure:6993: checking for C++ compiler (g++) debugging options
configure:6995: result: -g
configure:6997: checking for C++ compiler (g++) extra libraries
configure:6999: result: 
configure:7001: checking for C++ compiler (g++) static binding options
configure:7003: result: -Bstatic
configure:7005: checking for C++ compiler (g++) dynamic binding options
configure:7007: result: -Bdynamic
configure:7013: checking whether the C++ compiler (g++) accepts -fpermissive
configure:7048: g++ -c -fpermissive  conftest.cpp >&5
configure:7054: $? = 0
configure:7077: result: yes
configure:7088: checking whether the C++ compiler (g++) accepts -trigraphs
configure:7123: g++ -c -trigraphs  conftest.cpp >&5
configure:7129: $? = 0
configure:7152: result: yes
configure:7165: checking whether the C++ compiler (g++) supports bool types
configure:7198: g++ -c -g -O2  conftest.cpp >&5
configure:7204: $? = 0
configure:7226: result: yes
configure:7238: checking whether the C++ compiler (g++) supports explicit constructors
configure:7271: g++ -c -g -O2  conftest.cpp >&5
configure:7277: $? = 0
configure:7299: result: yes
configure:7311: checking whether the C++ compiler (g++) supports mutable members
configure:7344: g++ -c -g -O2  conftest.cpp >&5
configure:7350: $? = 0
configure:7372: result: yes
configure:7384: checking whether the C++ compiler (g++) supports exception handling
configure:7417: g++ -c -g -O2  conftest.cpp >&5
configure:7423: $? = 0
configure:7445: result: yes
configure:7457: checking whether the C++ compiler (g++) supports standard exceptions
configure:7494: g++ -c -g -O2  conftest.cpp >&5
configure:7500: $? = 0
configure:7522: result: yes
configure:7534: checking whether the C++ compiler (g++) supports namespaces
configure:7575: g++ -c -g -O2  conftest.cpp >&5
configure:7581: $? = 0
configure:7603: result: yes
configure:7615: checking whether the C++ compiler (g++) supports run-time type info
configure:7651: g++ -c -g -O2  conftest.cpp >&5
configure:7657: $? = 0
configure:7679: result: yes
configure:7691: checking whether the C++ compiler (g++) supports long long types
configure:7724: g++ -c -g -O2  conftest.cpp >&5
configure:7730: $? = 0
configure:7752: result: yes
configure:7764: checking whether the C++ compiler (g++) supports __PRETTY_FUNCTION__
configure:7799: g++ -o conftest -g -O2   conftest.cpp  >&5
configure:7805: $? = 0
configure:7829: result: yes
configure:7841: checking whether the C++ compiler (g++) supports overloaded new
configure:7876: g++ -c -g -O2  conftest.cpp >&5
configure:7882: $? = 0
configure:7904: result: yes
configure:7916: checking whether the C++ compiler (g++) supports placement new
configure:7949: g++ -c -g -O2  conftest.cpp >&5
configure:7955: $? = 0
configure:7977: result: yes
configure:7990: checking whether the C++ compiler (g++) accepts -isystem
configure:8025: g++ -c -isystem .  conftest.cpp >&5
configure:8031: $? = 0
configure:8054: result: yes
configure:8068: checking whether the C++ compiler (g++) supports new style casts
configure:8101: g++ -c -g -O2  conftest.cpp >&5
configure:8107: $? = 0
configure:8129: result: yes
configure:8141: checking whether the C++ compiler (g++) supports __attribute__ ((noreturn))
configure:8174: g++ -c -g -O2  conftest.cpp >&5
configure:8180: $? = 0
configure:8202: result: yes
configure:8214: checking whether the C++ compiler (g++) supports __builtin_expect
configure:8247: g++ -c -g -O2  conftest.cpp >&5
configure:8253: $? = 0
configure:8275: result: yes
configure:8288: checking for a traditional C preprocessor
configure:8330: gcc -E  conftest.c
conftest.c:26:1: warning: missing terminating " character
 "this is an unterminated string
 ^
configure:8336: $? = 0
configure:8359: result: gcc -E
configure:8456: checking for a sed that does not truncate output
configure:8512: result: /bin/sed
configure:8515: checking for grep that handles long lines and -e
configure:8589: result: /bin/grep
configure:8594: checking for egrep
configure:8672: result: /bin/grep -E
configure:8688: checking for ld used by gcc
configure:8755: result: /usr/bin/ld
configure:8764: checking if the linker (/usr/bin/ld) is GNU ld
configure:8779: result: yes
configure:8784: checking for /usr/bin/ld option to reload object files
configure:8791: result: -r
configure:8809: checking for BSD-compatible nm
configure:8858: result: /usr/bin/nm -B
configure:8862: checking how to recognize dependent libraries
configure:9048: result: pass_all
configure:9134: g++ -c -g -O2  conftest.cpp >&5
configure:9137: $? = 0
configure:9285: checking for ANSI C header files
configure:9315: g++ -c -g -O2  conftest.cpp >&5
configure:9321: $? = 0
configure:9420: g++ -o conftest -g -O2   conftest.cpp  >&5
configure:9423: $? = 0
configure:9429: ./conftest
configure:9432: $? = 0
configure:9449: result: yes
configure:9473: checking for sys/types.h
configure:9494: g++ -c -g -O2  conftest.cpp >&5
configure:9500: $? = 0
configure:9516: result: yes
configure:9473: checking for sys/stat.h
configure:9494: g++ -c -g -O2  conftest.cpp >&5
configure:9500: $? = 0
configure:9516: result: yes
configure:9473: checking for stdlib.h
configure:9494: g++ -c -g -O2  conftest.cpp >&5
configure:9500: $? = 0
configure:9516: result: yes
configure:9473: checking for string.h
configure:9494: g++ -c -g -O2  conftest.cpp >&5
configure:9500: $? = 0
configure:9516: result: yes
configure:9473: checking for memory.h
configure:9494: g++ -c -g -O2  conftest.cpp >&5
configure:9500: $? = 0
configure:9516: result: yes
configure:9473: checking for strings.h
configure:9494: g++ -c -g -O2  conftest.cpp >&5
configure:9500: $? = 0
configure:9516: result: yes
configure:9473: checking for inttypes.h
configure:9494: g++ -c -g -O2  conftest.cpp >&5
configure:9500: $? = 0
configure:9516: result: yes
configure:9473: checking for stdint.h
configure:9494: g++ -c -g -O2  conftest.cpp >&5
configure:9500: $? = 0
configure:9516: result: yes
configure:9473: checking for unistd.h
configure:9494: g++ -c -g -O2  conftest.cpp >&5
configure:9500: $? = 0
configure:9516: result: yes
configure:9543: checking dlfcn.h usability
configure:9560: g++ -c -g -O2  conftest.cpp >&5
configure:9566: $? = 0
configure:9580: result: yes
configure:9584: checking dlfcn.h presence
configure:9599: g++ -E  conftest.cpp
configure:9605: $? = 0
configure:9619: result: yes
configure:9652: checking for dlfcn.h
configure:9660: result: yes
configure:9683: checking how to run the C++ preprocessor
configure:9795: result: g++ -E
configure:9824: g++ -E  conftest.cpp
configure:9830: $? = 0
configure:9861: g++ -E  conftest.cpp
conftest.cpp:35:10: fatal error: ac_nonexistent.h: No such file or directory
 #include <ac_nonexistent.h>
          ^~~~~~~~~~~~~~~~~~
compilation terminated.
configure:9867: $? = 1
configure: failed program was:
| /* confdefs.h.  */
| #define PACKAGE_NAME "ddd"
| #define PACKAGE_TARNAME "ddd"
| #define PACKAGE_VERSION "3.3.12"
| #define PACKAGE_STRING "ddd 3.3.12"
| #define PACKAGE_BUGREPORT "ddd@gnu.org"
| #define PACKAGE "ddd"
| #define VERSION "3.3.12"
| #define HAVE_BOOL 1
| #define HAVE_EXPLICIT 1
| #define HAVE_MUTABLE 1
| #define HAVE_EXCEPTIONS 1
| #define HAVE_STD_EXCEPTIONS 1
| #define HAVE_NAMESPACE 1
| #define HAVE_TYPEINFO 1
| #define HAVE_LONG_LONG 1
| #define HAVE_PRETTY_FUNCTION 1
| #define HAVE_ARRAY_OPERATOR_NEW 1
| #define HAVE_PLACEMENT_NEW 1
| #define HAVE_NEW_CASTS 1
| #define HAVE_ATTRIBUTE_NORETURN 1
| #define HAVE_BUILTIN_EXPECT 1
| #define STDC_HEADERS 1
| #define HAVE_SYS_TYPES_H 1
| #define HAVE_SYS_STAT_H 1
| #define HAVE_STDLIB_H 1
| #define HAVE_STRING_H 1
| #define HAVE_MEMORY_H 1
| #define HAVE_STRINGS_H 1
| #define HAVE_INTTYPES_H 1
| #define HAVE_STDINT_H 1
| #define HAVE_UNISTD_H 1
| #define HAVE_DLFCN_H 1
| /* end confdefs.h.  */
| #include <ac_nonexistent.h>
configure:10016: checking for Fortran 77 compiler version
configure:10023: f77 --version >&5
GNU Fortran (Ubuntu 7.5.0-3ubuntu1~18.04) 7.5.0
Copyright (C) 2017 Free Software Foundation, Inc.
This is free software; see the source for copying conditions.  There is NO
warranty; not even for MERCHANTABILITY or FITNESS FOR A PARTICULAR PURPOSE.

configure:10026: $? = 0
configure:10033: f77 -v >&5
Using built-in specs.
COLLECT_GCC=f77
COLLECT_LTO_WRAPPER=/usr/lib/gcc/x86_64-linux-gnu/7/lto-wrapper
OFFLOAD_TARGET_NAMES=nvptx-none
OFFLOAD_TARGET_DEFAULT=1
Target: x86_64-linux-gnu
Configured with: ../src/configure -v --with-pkgversion='Ubuntu 7.5.0-3ubuntu1~18.04' --with-bugurl=file:///usr/share/doc/gcc-7/README.Bugs --enable-languages=c,ada,c++,go,brig,d,fortran,objc,obj-c++ --prefix=/usr --with-gcc-major-version-only --program-suffix=-7 --program-prefix=x86_64-linux-gnu- --enable-shared --enable-linker-build-id --libexecdir=/usr/lib --without-included-gettext --enable-threads=posix --libdir=/usr/lib --enable-nls --enable-bootstrap --enable-clocale=gnu --enable-libstdcxx-debug --enable-libstdcxx-time=yes --with-default-libstdcxx-abi=new --enable-gnu-unique-object --disable-vtable-verify --enable-libmpx --enable-plugin --enable-default-pie --with-system-zlib --with-target-system-zlib --enable-objc-gc=auto --enable-multiarch --disable-werror --with-arch-32=i686 --with-abi=m64 --with-multilib-list=m32,m64,mx32 --enable-multilib --with-tune=generic --enable-offload-targets=nvptx-none --without-cuda-driver --enable-checking=release --build=x86_64-linux-gnu --host=x86_64-linux-gnu --target=x86_64-linux-gnu
Thread model: posix
gcc version 7.5.0 (Ubuntu 7.5.0-3ubuntu1~18.04) 
configure:10036: $? = 0
configure:10043: f77 -V >&5
f77: error: unrecognized command line option '-V'
f77: fatal error: no input files
compilation terminated.
configure:10046: $? = 1
configure:10054: checking whether we are using the GNU Fortran 77 compiler
configure:10073: f77 -c -g conftest.F >&5
configure:10079: $? = 0
configure:10096: result: yes
configure:10102: checking whether f77 accepts -g
configure:10119: f77 -c -g conftest.f >&5
configure:10125: $? = 0
configure:10141: result: yes
configure:10170: checking the maximum length of command line arguments
configure:10282: result: 1572864
configure:10294: checking command to parse /usr/bin/nm -B output from gcc object
configure:10399: g++ -c -g -O2  conftest.cpp >&5
configure:10402: $? = 0
configure:10406: /usr/bin/nm -B conftest.o \| sed -n -e 's/^.*[ 	]\([ABCDGIRSTW][ABCDGIRSTW]*\)[ 	][ 	]*\([_A-Za-z][_A-Za-z0-9]*\)$/\1 \2 \2/p' \> conftest.nm
configure:10409: $? = 0
configure:10461: g++ -o conftest -g -O2   conftest.cpp conftstm.o >&5
configure:10464: $? = 0
configure:10502: result: ok
configure:10506: checking for objdir
configure:10521: result: .libs
configure:10613: checking for ar
configure:10629: found /usr/bin/ar
configure:10640: result: ar
configure:10709: checking for ranlib
configure:10725: found /usr/bin/ranlib
configure:10736: result: ranlib
configure:10805: checking for strip
configure:10821: found /usr/bin/strip
configure:10832: result: strip
configure:11430: checking if gcc supports -fno-rtti -fno-exceptions
configure:11448: gcc -c -g -O2  -fno-rtti -fno-exceptions conftest.c >&5
cc1: warning: command line option '-fno-rtti' is valid for C++/ObjC++ but not for C
configure:11452: $? = 0
configure:11465: result: no
configure:11480: checking for gcc option to produce PIC
configure:11712: result: -fPIC
configure:11720: checking if gcc PIC flag -fPIC works
configure:11738: gcc -c -g -O2  -fPIC -DPIC conftest.c >&5
configure:11742: $? = 0
configure:11755: result: yes
configure:11783: checking if gcc static flag -static works
configure:11811: result: yes
configure:11821: checking if gcc supports -c -o file.o
configure:11842: gcc -c -g -O2  -o out/conftest2.o conftest.c >&5
configure:11846: $? = 0
configure:11868: result: yes
configure:11894: checking whether the gcc linker (/usr/bin/ld -m elf_x86_64) supports shared libraries
configure:12875: result: yes
configure:12896: checking whether -lc should be explicitly linked in
configure:12901: gcc -c -g -O2  conftest.c >&5
configure:12904: $? = 0
configure:12919: gcc -shared conftest.o  -v -Wl,-soname -Wl,conftest -o conftest 2\>\&1 \| grep  -lc  \>/dev/null 2\>\&1
configure:12922: $? = 0
configure:12934: result: no
configure:12942: checking dynamic linker characteristics
configure:13556: result: GNU/Linux ld.so
configure:13580: checking how to hardcode library paths into programs
configure:13605: result: immediate
configure:13619: checking whether stripping libraries is possible
configure:13624: result: yes
configure:14426: checking if libtool supports shared libraries
configure:14428: result: yes
configure:14431: checking whether to build shared libraries
configure:14452: result: yes
configure:14455: checking whether to build static libraries
configure:14459: result: yes
configure:14553: creating libtool
configure:15146: checking for ld used by g++
configure:15213: result: /usr/bin/ld -m elf_x86_64
configure:15222: checking if the linker (/usr/bin/ld -m elf_x86_64) is GNU ld
configure:15237: result: yes
configure:15288: checking whether the g++ linker (/usr/bin/ld -m elf_x86_64) supports shared libraries
configure:16234: result: yes
configure:16251: g++ -c -g -O2  conftest.cpp >&5
configure:16254: $? = 0
configure:16410: checking for g++ option to produce PIC
configure:16694: result: -fPIC
configure:16702: checking if g++ PIC flag -fPIC works
configure:16720: g++ -c -g -O2  -fPIC -DPIC conftest.cpp >&5
configure:16724: $? = 0
configure:16737: result: yes
configure:16765: checking if g++ static flag -static works
configure:16793: result: yes
configure:16803: checking if g++ supports -c -o file.o
configure:16824: g++ -c -g -O2  -o out/conftest2.o conftest.cpp >&5
configure:16828: $? = 0
configure:16850: result: yes
configure:16876: checking whether the g++ linker (/usr/bin/ld -m elf_x86_64) supports shared libraries
configure:16905: result: yes
configure:16972: checking dynamic linker characteristics
configure:17534: result: GNU/Linux ld.so
configure:17558: checking how to hardcode library paths into programs
configure:17583: result: immediate
configure:18122: checking if libtool supports shared libraries
configure:18124: result: yes
configure:18127: checking whether to build shared libraries
configure:18147: result: yes
configure:18150: checking whether to build static libraries
configure:18154: result: yes
configure:18164: checking for f77 option to produce PIC
configure:18396: result: -fPIC
configure:18404: checking if f77 PIC flag -fPIC works
configure:18422: f77 -c -g -fPIC conftest.f >&5
configure:18426: $? = 0
configure:18439: result: yes
configure:18467: checking if f77 static flag -static works
configure:18495: result: yes
configure:18505: checking if f77 supports -c -o file.o
configure:18526: f77 -c -g -o out/conftest2.o conftest.f >&5
configure:18530: $? = 0
configure:18552: result: yes
configure:18578: checking whether the f77 linker (/usr/bin/ld -m elf_x86_64) supports shared libraries
configure:19539: result: yes
configure:19606: checking dynamic linker characteristics
configure:20168: result: GNU/Linux ld.so
configure:20192: checking how to hardcode library paths into programs
configure:20217: result: immediate
configure:23831: checking for connect
configure:23887: g++ -o conftest -g -O2   conftest.cpp  >&5
configure:23893: $? = 0
configure:23910: result: yes
configure:23917: checking for gethostbyname
configure:23973: g++ -o conftest -g -O2   conftest.cpp  >&5
configure:23979: $? = 0
configure:23996: result: yes
configure:24003: checking for regcmp
configure:24059: g++ -o conftest -g -O2   conftest.cpp  >&5
/tmp/cc0QnpyY.o: In function `main':
/home/carolhanna/Security_Project/gnu_dataset/ddd-3.3.12/conftest.cpp:69: undefined reference to `regcmp'
collect2: error: ld returned 1 exit status
configure:24065: $? = 1
configure: failed program was:
| /* confdefs.h.  */
| #define PACKAGE_NAME "ddd"
| #define PACKAGE_TARNAME "ddd"
| #define PACKAGE_VERSION "3.3.12"
| #define PACKAGE_STRING "ddd 3.3.12"
| #define PACKAGE_BUGREPORT "ddd@gnu.org"
| #define PACKAGE "ddd"
| #define VERSION "3.3.12"
| #define HAVE_BOOL 1
| #define HAVE_EXPLICIT 1
| #define HAVE_MUTABLE 1
| #define HAVE_EXCEPTIONS 1
| #define HAVE_STD_EXCEPTIONS 1
| #define HAVE_NAMESPACE 1
| #define HAVE_TYPEINFO 1
| #define HAVE_LONG_LONG 1
| #define HAVE_PRETTY_FUNCTION 1
| #define HAVE_ARRAY_OPERATOR_NEW 1
| #define HAVE_PLACEMENT_NEW 1
| #define HAVE_NEW_CASTS 1
| #define HAVE_ATTRIBUTE_NORETURN 1
| #define HAVE_BUILTIN_EXPECT 1
| #define STDC_HEADERS 1
| #define HAVE_SYS_TYPES_H 1
| #define HAVE_SYS_STAT_H 1
| #define HAVE_STDLIB_H 1
| #define HAVE_STRING_H 1
| #define HAVE_MEMORY_H 1
| #define HAVE_STRINGS_H 1
| #define HAVE_INTTYPES_H 1
| #define HAVE_STDINT_H 1
| #define HAVE_UNISTD_H 1
| #define HAVE_DLFCN_H 1
| /* end confdefs.h.  */
| /* Define regcmp to an innocuous variant, in case <limits.h> declares regcmp.
|    For example, HP-UX 11i <limits.h> declares gettimeofday.  */
| #define regcmp innocuous_regcmp
| 
| /* System header to define __stub macros and hopefully few prototypes,
|     which can conflict with char regcmp (); below.
|     Prefer <limits.h> to <assert.h> if __STDC__ is defined, since
|     <limits.h> exists even on freestanding compilers.  */
| 
| #ifdef __STDC__
| # include <limits.h>
| #else
| # include <assert.h>
| #endif
| 
| #undef regcmp
| 
| /* Override any GCC internal prototype to avoid an error.
|    Use char because int might match the return type of a GCC
|    builtin and then its argument prototype would still apply.  */
| #ifdef __cplusplus
| extern "C"
| #endif
| char regcmp ();
| /* The GNU C library defines this for functions which it implements
|     to always fail with ENOSYS.  Some functions are actually named
|     something starting with __ and the normal name is an alias.  */
| #if defined __stub_regcmp || defined __stub___regcmp
| choke me
| #endif
| 
| int
| main ()
| {
| return regcmp ();
|   ;
|   return 0;
| }
configure:24082: result: no
configure:24225: checking for regcmp in -lgen
configure:24260: g++ -o conftest -g -O2   conftest.cpp -lgen   >&5
/usr/bin/ld: cannot find -lgen
collect2: error: ld returned 1 exit status
configure:24266: $? = 1
configure: failed program was:
| /* confdefs.h.  */
| #define PACKAGE_NAME "ddd"
| #define PACKAGE_TARNAME "ddd"
| #define PACKAGE_VERSION "3.3.12"
| #define PACKAGE_STRING "ddd 3.3.12"
| #define PACKAGE_BUGREPORT "ddd@gnu.org"
| #define PACKAGE "ddd"
| #define VERSION "3.3.12"
| #define HAVE_BOOL 1
| #define HAVE_EXPLICIT 1
| #define HAVE_MUTABLE 1
| #define HAVE_EXCEPTIONS 1
| #define HAVE_STD_EXCEPTIONS 1
| #define HAVE_NAMESPACE 1
| #define HAVE_TYPEINFO 1
| #define HAVE_LONG_LONG 1
| #define HAVE_PRETTY_FUNCTION 1
| #define HAVE_ARRAY_OPERATOR_NEW 1
| #define HAVE_PLACEMENT_NEW 1
| #define HAVE_NEW_CASTS 1
| #define HAVE_ATTRIBUTE_NORETURN 1
| #define HAVE_BUILTIN_EXPECT 1
| #define STDC_HEADERS 1
| #define HAVE_SYS_TYPES_H 1
| #define HAVE_SYS_STAT_H 1
| #define HAVE_STDLIB_H 1
| #define HAVE_STRING_H 1
| #define HAVE_MEMORY_H 1
| #define HAVE_STRINGS_H 1
| #define HAVE_INTTYPES_H 1
| #define HAVE_STDINT_H 1
| #define HAVE_UNISTD_H 1
| #define HAVE_DLFCN_H 1
| /* end confdefs.h.  */
| 
| /* Override any GCC internal prototype to avoid an error.
|    Use char because int might match the return type of a GCC
|    builtin and then its argument prototype would still apply.  */
| #ifdef __cplusplus
| extern "C"
| #endif
| char regcmp ();
| int
| main ()
| {
| return regcmp ();
|   ;
|   return 0;
| }
configure:24284: result: no
configure:24292: checking for yyerror in -ly
configure:24327: g++ -o conftest -g -O2   conftest.cpp -ly   >&5
/usr/bin/ld: cannot find -ly
collect2: error: ld returned 1 exit status
configure:24333: $? = 1
configure: failed program was:
| /* confdefs.h.  */
| #define PACKAGE_NAME "ddd"
| #define PACKAGE_TARNAME "ddd"
| #define PACKAGE_VERSION "3.3.12"
| #define PACKAGE_STRING "ddd 3.3.12"
| #define PACKAGE_BUGREPORT "ddd@gnu.org"
| #define PACKAGE "ddd"
| #define VERSION "3.3.12"
| #define HAVE_BOOL 1
| #define HAVE_EXPLICIT 1
| #define HAVE_MUTABLE 1
| #define HAVE_EXCEPTIONS 1
| #define HAVE_STD_EXCEPTIONS 1
| #define HAVE_NAMESPACE 1
| #define HAVE_TYPEINFO 1
| #define HAVE_LONG_LONG 1
| #define HAVE_PRETTY_FUNCTION 1
| #define HAVE_ARRAY_OPERATOR_NEW 1
| #define HAVE_PLACEMENT_NEW 1
| #define HAVE_NEW_CASTS 1
| #define HAVE_ATTRIBUTE_NORETURN 1
| #define HAVE_BUILTIN_EXPECT 1
| #define STDC_HEADERS 1
| #define HAVE_SYS_TYPES_H 1
| #define HAVE_SYS_STAT_H 1
| #define HAVE_STDLIB_H 1
| #define HAVE_STRING_H 1
| #define HAVE_MEMORY_H 1
| #define HAVE_STRINGS_H 1
| #define HAVE_INTTYPES_H 1
| #define HAVE_STDINT_H 1
| #define HAVE_UNISTD_H 1
| #define HAVE_DLFCN_H 1
| /* end confdefs.h.  */
| 
| /* Override any GCC internal prototype to avoid an error.
|    Use char because int might match the return type of a GCC
|    builtin and then its argument prototype would still apply.  */
| #ifdef __cplusplus
| extern "C"
| #endif
| char yyerror ();
| int
| main ()
| {
| return yyerror ();
|   ;
|   return 0;
| }
configure:24351: result: no
configure:24358: checking for sin in -lm
configure:24393: g++ -o conftest -g -O2   conftest.cpp -lm   >&5
conftest.cpp:42:6: warning: declaration of 'char sin()' conflicts with built-in declaration 'double sin(double)' [-Wbuiltin-declaration-mismatch]
 char sin ();
      ^~~
configure:24399: $? = 0
configure:24417: result: yes
configure:24424: checking for open in -lc
configure:24459: g++ -o conftest -g -O2   conftest.cpp -lc   >&5
configure:24465: $? = 0
configure:24483: result: yes
configure:24490: checking for elf_version in -lelf
configure:24525: g++ -o conftest -g -O2   conftest.cpp -lelf   >&5
/usr/bin/ld: cannot find -lelf
collect2: error: ld returned 1 exit status
configure:24531: $? = 1
configure: failed program was:
| /* confdefs.h.  */
| #define PACKAGE_NAME "ddd"
| #define PACKAGE_TARNAME "ddd"
| #define PACKAGE_VERSION "3.3.12"
| #define PACKAGE_STRING "ddd 3.3.12"
| #define PACKAGE_BUGREPORT "ddd@gnu.org"
| #define PACKAGE "ddd"
| #define VERSION "3.3.12"
| #define HAVE_BOOL 1
| #define HAVE_EXPLICIT 1
| #define HAVE_MUTABLE 1
| #define HAVE_EXCEPTIONS 1
| #define HAVE_STD_EXCEPTIONS 1
| #define HAVE_NAMESPACE 1
| #define HAVE_TYPEINFO 1
| #define HAVE_LONG_LONG 1
| #define HAVE_PRETTY_FUNCTION 1
| #define HAVE_ARRAY_OPERATOR_NEW 1
| #define HAVE_PLACEMENT_NEW 1
| #define HAVE_NEW_CASTS 1
| #define HAVE_ATTRIBUTE_NORETURN 1
| #define HAVE_BUILTIN_EXPECT 1
| #define STDC_HEADERS 1
| #define HAVE_SYS_TYPES_H 1
| #define HAVE_SYS_STAT_H 1
| #define HAVE_STDLIB_H 1
| #define HAVE_STRING_H 1
| #define HAVE_MEMORY_H 1
| #define HAVE_STRINGS_H 1
| #define HAVE_INTTYPES_H 1
| #define HAVE_STDINT_H 1
| #define HAVE_UNISTD_H 1
| #define HAVE_DLFCN_H 1
| /* end confdefs.h.  */
| 
| /* Override any GCC internal prototype to avoid an error.
|    Use char because int might match the return type of a GCC
|    builtin and then its argument prototype would still apply.  */
| #ifdef __cplusplus
| extern "C"
| #endif
| char elf_version ();
| int
| main ()
| {
| return elf_version ();
|   ;
|   return 0;
| }
configure:24549: result: no
configure:24659: checking for tgetent in -lmytinfo
configure:24694: g++ -o conftest -g -O2   conftest.cpp -lmytinfo   >&5
/usr/bin/ld: cannot find -lmytinfo
collect2: error: ld returned 1 exit status
configure:24700: $? = 1
configure: failed program was:
| /* confdefs.h.  */
| #define PACKAGE_NAME "ddd"
| #define PACKAGE_TARNAME "ddd"
| #define PACKAGE_VERSION "3.3.12"
| #define PACKAGE_STRING "ddd 3.3.12"
| #define PACKAGE_BUGREPORT "ddd@gnu.org"
| #define PACKAGE "ddd"
| #define VERSION "3.3.12"
| #define HAVE_BOOL 1
| #define HAVE_EXPLICIT 1
| #define HAVE_MUTABLE 1
| #define HAVE_EXCEPTIONS 1
| #define HAVE_STD_EXCEPTIONS 1
| #define HAVE_NAMESPACE 1
| #define HAVE_TYPEINFO 1
| #define HAVE_LONG_LONG 1
| #define HAVE_PRETTY_FUNCTION 1
| #define HAVE_ARRAY_OPERATOR_NEW 1
| #define HAVE_PLACEMENT_NEW 1
| #define HAVE_NEW_CASTS 1
| #define HAVE_ATTRIBUTE_NORETURN 1
| #define HAVE_BUILTIN_EXPECT 1
| #define STDC_HEADERS 1
| #define HAVE_SYS_TYPES_H 1
| #define HAVE_SYS_STAT_H 1
| #define HAVE_STDLIB_H 1
| #define HAVE_STRING_H 1
| #define HAVE_MEMORY_H 1
| #define HAVE_STRINGS_H 1
| #define HAVE_INTTYPES_H 1
| #define HAVE_STDINT_H 1
| #define HAVE_UNISTD_H 1
| #define HAVE_DLFCN_H 1
| /* end confdefs.h.  */
| 
| /* Override any GCC internal prototype to avoid an error.
|    Use char because int might match the return type of a GCC
|    builtin and then its argument prototype would still apply.  */
| #ifdef __cplusplus
| extern "C"
| #endif
| char tgetent ();
| int
| main ()
| {
| return tgetent ();
|   ;
|   return 0;
| }
configure:24719: result: no
configure:24659: checking for tgetent in -lncurses
configure:24694: g++ -o conftest -g -O2   conftest.cpp -lncurses   >&5
configure:24700: $? = 0
configure:24719: result: yes
configure:25718: checking for streampos
configure:25752: g++ -c -g -O2  conftest.cpp >&5
conftest.cpp: In function 'int main()':
conftest.cpp:40:1: error: 'streampos' was not declared in this scope
 streampos p;
 ^~~~~~~~~
conftest.cpp:40:1: note: suggested alternative:
In file included from /usr/include/c++/7/iosfwd:40:0,
                 from /usr/include/c++/7/ios:38,
                 from /usr/include/c++/7/ostream:38,
                 from /usr/include/c++/7/iostream:39,
                 from conftest.cpp:35:
/usr/include/c++/7/bits/postypes.h:228:27: note:   'std::streampos'
   typedef fpos<mbstate_t> streampos;
                           ^~~~~~~~~
configure:25758: $? = 1
configure: failed program was:
| /* confdefs.h.  */
| #define PACKAGE_NAME "ddd"
| #define PACKAGE_TARNAME "ddd"
| #define PACKAGE_VERSION "3.3.12"
| #define PACKAGE_STRING "ddd 3.3.12"
| #define PACKAGE_BUGREPORT "ddd@gnu.org"
| #define PACKAGE "ddd"
| #define VERSION "3.3.12"
| #define HAVE_BOOL 1
| #define HAVE_EXPLICIT 1
| #define HAVE_MUTABLE 1
| #define HAVE_EXCEPTIONS 1
| #define HAVE_STD_EXCEPTIONS 1
| #define HAVE_NAMESPACE 1
| #define HAVE_TYPEINFO 1
| #define HAVE_LONG_LONG 1
| #define HAVE_PRETTY_FUNCTION 1
| #define HAVE_ARRAY_OPERATOR_NEW 1
| #define HAVE_PLACEMENT_NEW 1
| #define HAVE_NEW_CASTS 1
| #define HAVE_ATTRIBUTE_NORETURN 1
| #define HAVE_BUILTIN_EXPECT 1
| #define STDC_HEADERS 1
| #define HAVE_SYS_TYPES_H 1
| #define HAVE_SYS_STAT_H 1
| #define HAVE_STDLIB_H 1
| #define HAVE_STRING_H 1
| #define HAVE_MEMORY_H 1
| #define HAVE_STRINGS_H 1
| #define HAVE_INTTYPES_H 1
| #define HAVE_STDINT_H 1
| #define HAVE_UNISTD_H 1
| #define HAVE_DLFCN_H 1
| /* end confdefs.h.  */
| #include <iostream>
| #include <fstream>
| int
| main ()
| {
| streampos p;
|   ;
|   return 0;
| }
configure:25780: result: no
configure:25792: checking for std::streampos
configure:25826: g++ -c -g -O2  conftest.cpp >&5
configure:25832: $? = 0
configure:25854: result: yes
configure:25887: checking whether the C++ compiler (g++) accepts -fpermissive
configure:25951: result: yes
configure:25960: checking for X
configure:26075: g++ -E  conftest.cpp
configure:26081: $? = 0
configure:26130: g++ -o conftest -g -O2 -fpermissive   conftest.cpp -lX11  >&5
configure:26136: $? = 0
configure:26195: result: libraries , headers 
configure:26356: g++ -o conftest -g -O2 -fpermissive   conftest.cpp   -lX11 >&5
configure:26362: $? = 0
configure:26519: checking for gethostbyname
configure:26598: result: yes
configure:26743: checking for connect
configure:26822: result: yes
configure:26894: checking for remove
configure:26950: g++ -o conftest -g -O2 -fpermissive   conftest.cpp  >&5
configure:26956: $? = 0
configure:26973: result: yes
configure:27045: checking for shmat
configure:27101: g++ -o conftest -g -O2 -fpermissive   conftest.cpp  >&5
configure:27107: $? = 0
configure:27124: result: yes
configure:27205: checking for IceConnectionNumber in -lICE
configure:27240: g++ -o conftest -g -O2 -fpermissive   conftest.cpp -lICE   >&5
configure:27246: $? = 0
configure:27264: result: yes
configure:27277: checking whether libXext is in the standard X library path
configure:27314: g++ -o conftest -g -O2 -fpermissive   conftest.cpp -lXext  -lSM -lICE -lX11   >&5
configure:27320: $? = 0
configure:27340: result: yes
configure:27348: checking whether libXp is in the standard X library path
configure:27385: g++ -o conftest -g -O2 -fpermissive   conftest.cpp -lXp -lXext  -lSM -lICE -lX11   >&5
/usr/bin/ld: cannot find -lXp
collect2: error: ld returned 1 exit status
configure:27391: $? = 1
configure: failed program was:
| /* confdefs.h.  */
| #define PACKAGE_NAME "ddd"
| #define PACKAGE_TARNAME "ddd"
| #define PACKAGE_VERSION "3.3.12"
| #define PACKAGE_STRING "ddd 3.3.12"
| #define PACKAGE_BUGREPORT "ddd@gnu.org"
| #define PACKAGE "ddd"
| #define VERSION "3.3.12"
| #define HAVE_BOOL 1
| #define HAVE_EXPLICIT 1
| #define HAVE_MUTABLE 1
| #define HAVE_EXCEPTIONS 1
| #define HAVE_STD_EXCEPTIONS 1
| #define HAVE_NAMESPACE 1
| #define HAVE_TYPEINFO 1
| #define HAVE_LONG_LONG 1
| #define HAVE_PRETTY_FUNCTION 1
| #define HAVE_ARRAY_OPERATOR_NEW 1
| #define HAVE_PLACEMENT_NEW 1
| #define HAVE_NEW_CASTS 1
| #define HAVE_ATTRIBUTE_NORETURN 1
| #define HAVE_BUILTIN_EXPECT 1
| #define STDC_HEADERS 1
| #define HAVE_SYS_TYPES_H 1
| #define HAVE_SYS_STAT_H 1
| #define HAVE_STDLIB_H 1
| #define HAVE_STRING_H 1
| #define HAVE_MEMORY_H 1
| #define HAVE_STRINGS_H 1
| #define HAVE_INTTYPES_H 1
| #define HAVE_STDINT_H 1
| #define HAVE_UNISTD_H 1
| #define HAVE_DLFCN_H 1
| #define HAVE_STD_STREAMPOS 1
| /* end confdefs.h.  */
| 
| /* Override any GCC internal prototype to avoid an error.
|    Use char because int might match the return type of a GCC
|    builtin and then its argument prototype would still apply.  */
| #ifdef __cplusplus
| extern "C"
| #endif
| char XpSelectInput ();
| int
| main ()
| {
| return XpSelectInput ();
|   ;
|   return 0;
| }
configure:27411: result: no
configure:27419: checking whether libXmu is in the standard X library path
configure:27456: g++ -o conftest -g -O2 -fpermissive   conftest.cpp -lXmu -lXt -lXext  -lSM -lICE -lX11   >&5
/usr/bin/ld: cannot find -lXmu
/usr/bin/ld: cannot find -lXt
collect2: error: ld returned 1 exit status
configure:27462: $? = 1
configure: failed program was:
| /* confdefs.h.  */
| #define PACKAGE_NAME "ddd"
| #define PACKAGE_TARNAME "ddd"
| #define PACKAGE_VERSION "3.3.12"
| #define PACKAGE_STRING "ddd 3.3.12"
| #define PACKAGE_BUGREPORT "ddd@gnu.org"
| #define PACKAGE "ddd"
| #define VERSION "3.3.12"
| #define HAVE_BOOL 1
| #define HAVE_EXPLICIT 1
| #define HAVE_MUTABLE 1
| #define HAVE_EXCEPTIONS 1
| #define HAVE_STD_EXCEPTIONS 1
| #define HAVE_NAMESPACE 1
| #define HAVE_TYPEINFO 1
| #define HAVE_LONG_LONG 1
| #define HAVE_PRETTY_FUNCTION 1
| #define HAVE_ARRAY_OPERATOR_NEW 1
| #define HAVE_PLACEMENT_NEW 1
| #define HAVE_NEW_CASTS 1
| #define HAVE_ATTRIBUTE_NORETURN 1
| #define HAVE_BUILTIN_EXPECT 1
| #define STDC_HEADERS 1
| #define HAVE_SYS_TYPES_H 1
| #define HAVE_SYS_STAT_H 1
| #define HAVE_STDLIB_H 1
| #define HAVE_STRING_H 1
| #define HAVE_MEMORY_H 1
| #define HAVE_STRINGS_H 1
| #define HAVE_INTTYPES_H 1
| #define HAVE_STDINT_H 1
| #define HAVE_UNISTD_H 1
| #define HAVE_DLFCN_H 1
| #define HAVE_STD_STREAMPOS 1
| /* end confdefs.h.  */
| 
| /* Override any GCC internal prototype to avoid an error.
|    Use char because int might match the return type of a GCC
|    builtin and then its argument prototype would still apply.  */
| #ifdef __cplusplus
| extern "C"
| #endif
| char XmuCvtStringToOrientation ();
| int
| main ()
| {
| return XmuCvtStringToOrientation ();
|   ;
|   return 0;
| }
configure:27482: result: no
configure:27518: checking for Motif
configure:27560: g++ -c -g -O2 -fpermissive   conftest.cpp >&5
conftest.cpp:36:10: fatal error: Xm/Xm.h: No such file or directory
 #include <Xm/Xm.h>
          ^~~~~~~~~
compilation terminated.
configure:27566: $? = 1
configure: failed program was:
| /* confdefs.h.  */
| #define PACKAGE_NAME "ddd"
| #define PACKAGE_TARNAME "ddd"
| #define PACKAGE_VERSION "3.3.12"
| #define PACKAGE_STRING "ddd 3.3.12"
| #define PACKAGE_BUGREPORT "ddd@gnu.org"
| #define PACKAGE "ddd"
| #define VERSION "3.3.12"
| #define HAVE_BOOL 1
| #define HAVE_EXPLICIT 1
| #define HAVE_MUTABLE 1
| #define HAVE_EXCEPTIONS 1
| #define HAVE_STD_EXCEPTIONS 1
| #define HAVE_NAMESPACE 1
| #define HAVE_TYPEINFO 1
| #define HAVE_LONG_LONG 1
| #define HAVE_PRETTY_FUNCTION 1
| #define HAVE_ARRAY_OPERATOR_NEW 1
| #define HAVE_PLACEMENT_NEW 1
| #define HAVE_NEW_CASTS 1
| #define HAVE_ATTRIBUTE_NORETURN 1
| #define HAVE_BUILTIN_EXPECT 1
| #define STDC_HEADERS 1
| #define HAVE_SYS_TYPES_H 1
| #define HAVE_SYS_STAT_H 1
| #define HAVE_STDLIB_H 1
| #define HAVE_STRING_H 1
| #define HAVE_MEMORY_H 1
| #define HAVE_STRINGS_H 1
| #define HAVE_INTTYPES_H 1
| #define HAVE_STDINT_H 1
| #define HAVE_UNISTD_H 1
| #define HAVE_DLFCN_H 1
| #define HAVE_STD_STREAMPOS 1
| /* end confdefs.h.  */
| #include <Xm/Xm.h>
| int
| main ()
| {
| int a;
|   ;
|   return 0;
| }
configure:27665: g++ -o conftest -g -O2 -fpermissive     conftest.cpp -lXm  -lXt  -lXext  -lSM -lICE -lX11   >&5
conftest.cpp:37:10: fatal error: X11/Intrinsic.h: No such file or directory
 #include <X11/Intrinsic.h>
          ^~~~~~~~~~~~~~~~~
compilation terminated.
configure:27671: $? = 1
configure: failed program was:
| /* confdefs.h.  */
| #define PACKAGE_NAME "ddd"
| #define PACKAGE_TARNAME "ddd"
| #define PACKAGE_VERSION "3.3.12"
| #define PACKAGE_STRING "ddd 3.3.12"
| #define PACKAGE_BUGREPORT "ddd@gnu.org"
| #define PACKAGE "ddd"
| #define VERSION "3.3.12"
| #define HAVE_BOOL 1
| #define HAVE_EXPLICIT 1
| #define HAVE_MUTABLE 1
| #define HAVE_EXCEPTIONS 1
| #define HAVE_STD_EXCEPTIONS 1
| #define HAVE_NAMESPACE 1
| #define HAVE_TYPEINFO 1
| #define HAVE_LONG_LONG 1
| #define HAVE_PRETTY_FUNCTION 1
| #define HAVE_ARRAY_OPERATOR_NEW 1
| #define HAVE_PLACEMENT_NEW 1
| #define HAVE_NEW_CASTS 1
| #define HAVE_ATTRIBUTE_NORETURN 1
| #define HAVE_BUILTIN_EXPECT 1
| #define STDC_HEADERS 1
| #define HAVE_SYS_TYPES_H 1
| #define HAVE_SYS_STAT_H 1
| #define HAVE_STDLIB_H 1
| #define HAVE_STRING_H 1
| #define HAVE_MEMORY_H 1
| #define HAVE_STRINGS_H 1
| #define HAVE_INTTYPES_H 1
| #define HAVE_STDINT_H 1
| #define HAVE_UNISTD_H 1
| #define HAVE_DLFCN_H 1
| #define HAVE_STD_STREAMPOS 1
| /* end confdefs.h.  */
| 
| #include <X11/Intrinsic.h>
| #include <Xm/Xm.h>
| 
| int
| main ()
| {
| XtToolkitInitialize();
|   ;
|   return 0;
| }
configure:27755: result: libraries (none), headers (none)
configure:27786: checking for Xpm
configure:27831: g++ -c -g -O2 -fpermissive   conftest.cpp >&5
conftest.cpp:37:10: fatal error: X11/xpm.h: No such file or directory
 #include <X11/xpm.h>
          ^~~~~~~~~~~
compilation terminated.
configure:27837: $? = 1
configure: failed program was:
| /* confdefs.h.  */
| #define PACKAGE_NAME "ddd"
| #define PACKAGE_TARNAME "ddd"
| #define PACKAGE_VERSION "3.3.12"
| #define PACKAGE_STRING "ddd 3.3.12"
| #define PACKAGE_BUGREPORT "ddd@gnu.org"
| #define PACKAGE "ddd"
| #define VERSION "3.3.12"
| #define HAVE_BOOL 1
| #define HAVE_EXPLICIT 1
| #define HAVE_MUTABLE 1
| #define HAVE_EXCEPTIONS 1
| #define HAVE_STD_EXCEPTIONS 1
| #define HAVE_NAMESPACE 1
| #define HAVE_TYPEINFO 1
| #define HAVE_LONG_LONG 1
| #define HAVE_PRETTY_FUNCTION 1
| #define HAVE_ARRAY_OPERATOR_NEW 1
| #define HAVE_PLACEMENT_NEW 1
| #define HAVE_NEW_CASTS 1
| #define HAVE_ATTRIBUTE_NORETURN 1
| #define HAVE_BUILTIN_EXPECT 1
| #define STDC_HEADERS 1
| #define HAVE_SYS_TYPES_H 1
| #define HAVE_SYS_STAT_H 1
| #define HAVE_STDLIB_H 1
| #define HAVE_STRING_H 1
| #define HAVE_MEMORY_H 1
| #define HAVE_STRINGS_H 1
| #define HAVE_INTTYPES_H 1
| #define HAVE_STDINT_H 1
| #define HAVE_UNISTD_H 1
| #define HAVE_DLFCN_H 1
| #define HAVE_STD_STREAMPOS 1
| /* end confdefs.h.  */
| 
| #include <X11/xpm.h>
| 
| int
| main ()
| {
| int a;
|   ;
|   return 0;
| }
configure:27936: g++ -o conftest -g -O2 -fpermissive     conftest.cpp -lXt -lXpm  -lSM -lICE -lX11   >&5
conftest.cpp:37:10: fatal error: X11/Intrinsic.h: No such file or directory
 #include <X11/Intrinsic.h>
          ^~~~~~~~~~~~~~~~~
compilation terminated.
configure:27942: $? = 1
configure: failed program was:
| /* confdefs.h.  */
| #define PACKAGE_NAME "ddd"
| #define PACKAGE_TARNAME "ddd"
| #define PACKAGE_VERSION "3.3.12"
| #define PACKAGE_STRING "ddd 3.3.12"
| #define PACKAGE_BUGREPORT "ddd@gnu.org"
| #define PACKAGE "ddd"
| #define VERSION "3.3.12"
| #define HAVE_BOOL 1
| #define HAVE_EXPLICIT 1
| #define HAVE_MUTABLE 1
| #define HAVE_EXCEPTIONS 1
| #define HAVE_STD_EXCEPTIONS 1
| #define HAVE_NAMESPACE 1
| #define HAVE_TYPEINFO 1
| #define HAVE_LONG_LONG 1
| #define HAVE_PRETTY_FUNCTION 1
| #define HAVE_ARRAY_OPERATOR_NEW 1
| #define HAVE_PLACEMENT_NEW 1
| #define HAVE_NEW_CASTS 1
| #define HAVE_ATTRIBUTE_NORETURN 1
| #define HAVE_BUILTIN_EXPECT 1
| #define STDC_HEADERS 1
| #define HAVE_SYS_TYPES_H 1
| #define HAVE_SYS_STAT_H 1
| #define HAVE_STDLIB_H 1
| #define HAVE_STRING_H 1
| #define HAVE_MEMORY_H 1
| #define HAVE_STRINGS_H 1
| #define HAVE_INTTYPES_H 1
| #define HAVE_STDINT_H 1
| #define HAVE_UNISTD_H 1
| #define HAVE_DLFCN_H 1
| #define HAVE_STD_STREAMPOS 1
| /* end confdefs.h.  */
| 
| #include <X11/Intrinsic.h>
| #include <X11/xpm.h>
| 
| int
| main ()
| {
| XtToolkitInitialize();
|   ;
|   return 0;
| }
configure:28022: result: libraries in default path, headers (none)
configure:28055: checking for Athena
configure:28103: g++ -c -g -O2 -fpermissive   conftest.cpp >&5
conftest.cpp:37:10: fatal error: X11/Intrinsic.h: No such file or directory
 #include <X11/Intrinsic.h>
          ^~~~~~~~~~~~~~~~~
compilation terminated.
configure:28109: $? = 1
configure: failed program was:
| /* confdefs.h.  */
| #define PACKAGE_NAME "ddd"
| #define PACKAGE_TARNAME "ddd"
| #define PACKAGE_VERSION "3.3.12"
| #define PACKAGE_STRING "ddd 3.3.12"
| #define PACKAGE_BUGREPORT "ddd@gnu.org"
| #define PACKAGE "ddd"
| #define VERSION "3.3.12"
| #define HAVE_BOOL 1
| #define HAVE_EXPLICIT 1
| #define HAVE_MUTABLE 1
| #define HAVE_EXCEPTIONS 1
| #define HAVE_STD_EXCEPTIONS 1
| #define HAVE_NAMESPACE 1
| #define HAVE_TYPEINFO 1
| #define HAVE_LONG_LONG 1
| #define HAVE_PRETTY_FUNCTION 1
| #define HAVE_ARRAY_OPERATOR_NEW 1
| #define HAVE_PLACEMENT_NEW 1
| #define HAVE_NEW_CASTS 1
| #define HAVE_ATTRIBUTE_NORETURN 1
| #define HAVE_BUILTIN_EXPECT 1
| #define STDC_HEADERS 1
| #define HAVE_SYS_TYPES_H 1
| #define HAVE_SYS_STAT_H 1
| #define HAVE_STDLIB_H 1
| #define HAVE_STRING_H 1
| #define HAVE_MEMORY_H 1
| #define HAVE_STRINGS_H 1
| #define HAVE_INTTYPES_H 1
| #define HAVE_STDINT_H 1
| #define HAVE_UNISTD_H 1
| #define HAVE_DLFCN_H 1
| #define HAVE_STD_STREAMPOS 1
| /* end confdefs.h.  */
| 
| #include <X11/Intrinsic.h>
| #include <X11/Xaw/Text.h>
| 
| int
| main ()
| {
| int a;
|   ;
|   return 0;
| }
configure:28212: g++ -o conftest -g -O2 -fpermissive     conftest.cpp -lXaw -lXmu -lXt -lXpm -lXext  -lSM -lICE -lX11   >&5
conftest.cpp:37:10: fatal error: X11/Intrinsic.h: No such file or directory
 #include <X11/Intrinsic.h>
          ^~~~~~~~~~~~~~~~~
compilation terminated.
configure:28218: $? = 1
configure: failed program was:
| /* confdefs.h.  */
| #define PACKAGE_NAME "ddd"
| #define PACKAGE_TARNAME "ddd"
| #define PACKAGE_VERSION "3.3.12"
| #define PACKAGE_STRING "ddd 3.3.12"
| #define PACKAGE_BUGREPORT "ddd@gnu.org"
| #define PACKAGE "ddd"
| #define VERSION "3.3.12"
| #define HAVE_BOOL 1
| #define HAVE_EXPLICIT 1
| #define HAVE_MUTABLE 1
| #define HAVE_EXCEPTIONS 1
| #define HAVE_STD_EXCEPTIONS 1
| #define HAVE_NAMESPACE 1
| #define HAVE_TYPEINFO 1
| #define HAVE_LONG_LONG 1
| #define HAVE_PRETTY_FUNCTION 1
| #define HAVE_ARRAY_OPERATOR_NEW 1
| #define HAVE_PLACEMENT_NEW 1
| #define HAVE_NEW_CASTS 1
| #define HAVE_ATTRIBUTE_NORETURN 1
| #define HAVE_BUILTIN_EXPECT 1
| #define STDC_HEADERS 1
| #define HAVE_SYS_TYPES_H 1
| #define HAVE_SYS_STAT_H 1
| #define HAVE_STDLIB_H 1
| #define HAVE_STRING_H 1
| #define HAVE_MEMORY_H 1
| #define HAVE_STRINGS_H 1
| #define HAVE_INTTYPES_H 1
| #define HAVE_STDINT_H 1
| #define HAVE_UNISTD_H 1
| #define HAVE_DLFCN_H 1
| #define HAVE_STD_STREAMPOS 1
| /* end confdefs.h.  */
| 
| #include <X11/Intrinsic.h>
| #include <X11/Xaw/Text.h>
| 
| int
| main ()
| {
| XtToolkitInitialize();
|   ;
|   return 0;
| }
configure:28299: result: libraries in default path, headers (none)
configure:28306: checking whether compiling X headers requires -fpermissive
configure:28341: g++ -c -g -O2 -fpermissive  conftest.cpp >&5
conftest.cpp:37:10: fatal error: Xm/Xm.h: No such file or directory
 #include <Xm/Xm.h>
          ^~~~~~~~~
compilation terminated.
configure:28347: $? = 1
configure: failed program was:
| /* confdefs.h.  */
| #define PACKAGE_NAME "ddd"
| #define PACKAGE_TARNAME "ddd"
| #define PACKAGE_VERSION "3.3.12"
| #define PACKAGE_STRING "ddd 3.3.12"
| #define PACKAGE_BUGREPORT "ddd@gnu.org"
| #define PACKAGE "ddd"
| #define VERSION "3.3.12"
| #define HAVE_BOOL 1
| #define HAVE_EXPLICIT 1
| #define HAVE_MUTABLE 1
| #define HAVE_EXCEPTIONS 1
| #define HAVE_STD_EXCEPTIONS 1
| #define HAVE_NAMESPACE 1
| #define HAVE_TYPEINFO 1
| #define HAVE_LONG_LONG 1
| #define HAVE_PRETTY_FUNCTION 1
| #define HAVE_ARRAY_OPERATOR_NEW 1
| #define HAVE_PLACEMENT_NEW 1
| #define HAVE_NEW_CASTS 1
| #define HAVE_ATTRIBUTE_NORETURN 1
| #define HAVE_BUILTIN_EXPECT 1
| #define STDC_HEADERS 1
| #define HAVE_SYS_TYPES_H 1
| #define HAVE_SYS_STAT_H 1
| #define HAVE_STDLIB_H 1
| #define HAVE_STRING_H 1
| #define HAVE_MEMORY_H 1
| #define HAVE_STRINGS_H 1
| #define HAVE_INTTYPES_H 1
| #define HAVE_STDINT_H 1
| #define HAVE_UNISTD_H 1
| #define HAVE_DLFCN_H 1
| #define HAVE_STD_STREAMPOS 1
| /* end confdefs.h.  */
| 
| #include <Xm/Xm.h>
| 
| int
| main ()
| {
| int a;
|   ;
|   return 0;
| }
configure:28387: g++ -c -g -O2 -fpermissive -fpermissive  conftest.cpp >&5
conftest.cpp:37:10: fatal error: Xm/Xm.h: No such file or directory
 #include <Xm/Xm.h>
          ^~~~~~~~~
compilation terminated.
configure:28393: $? = 1
configure: failed program was:
| /* confdefs.h.  */
| #define PACKAGE_NAME "ddd"
| #define PACKAGE_TARNAME "ddd"
| #define PACKAGE_VERSION "3.3.12"
| #define PACKAGE_STRING "ddd 3.3.12"
| #define PACKAGE_BUGREPORT "ddd@gnu.org"
| #define PACKAGE "ddd"
| #define VERSION "3.3.12"
| #define HAVE_BOOL 1
| #define HAVE_EXPLICIT 1
| #define HAVE_MUTABLE 1
| #define HAVE_EXCEPTIONS 1
| #define HAVE_STD_EXCEPTIONS 1
| #define HAVE_NAMESPACE 1
| #define HAVE_TYPEINFO 1
| #define HAVE_LONG_LONG 1
| #define HAVE_PRETTY_FUNCTION 1
| #define HAVE_ARRAY_OPERATOR_NEW 1
| #define HAVE_PLACEMENT_NEW 1
| #define HAVE_NEW_CASTS 1
| #define HAVE_ATTRIBUTE_NORETURN 1
| #define HAVE_BUILTIN_EXPECT 1
| #define STDC_HEADERS 1
| #define HAVE_SYS_TYPES_H 1
| #define HAVE_SYS_STAT_H 1
| #define HAVE_STDLIB_H 1
| #define HAVE_STRING_H 1
| #define HAVE_MEMORY_H 1
| #define HAVE_STRINGS_H 1
| #define HAVE_INTTYPES_H 1
| #define HAVE_STDINT_H 1
| #define HAVE_UNISTD_H 1
| #define HAVE_DLFCN_H 1
| #define HAVE_STD_STREAMPOS 1
| /* end confdefs.h.  */
| 
| #include <Xm/Xm.h>
| 
| int
| main ()
| {
| int a;
|   ;
|   return 0;
| }
configure:28417: result: no
configure:28435: checking for XOpenDisplay in -lX11
configure:28470: g++ -o conftest -g -O2 -fpermissive      conftest.cpp -lX11  -lSM -lICE    >&5
configure:28476: $? = 0
configure:28494: result: yes
configure:28516: checking for _Xlcmbcurmax in -lXintl
configure:28551: g++ -o conftest -g -O2 -fpermissive      conftest.cpp -lXintl  -lSM -lICE -lX11    >&5
/usr/bin/ld: cannot find -lXintl
collect2: error: ld returned 1 exit status
configure:28557: $? = 1
configure: failed program was:
| /* confdefs.h.  */
| #define PACKAGE_NAME "ddd"
| #define PACKAGE_TARNAME "ddd"
| #define PACKAGE_VERSION "3.3.12"
| #define PACKAGE_STRING "ddd 3.3.12"
| #define PACKAGE_BUGREPORT "ddd@gnu.org"
| #define PACKAGE "ddd"
| #define VERSION "3.3.12"
| #define HAVE_BOOL 1
| #define HAVE_EXPLICIT 1
| #define HAVE_MUTABLE 1
| #define HAVE_EXCEPTIONS 1
| #define HAVE_STD_EXCEPTIONS 1
| #define HAVE_NAMESPACE 1
| #define HAVE_TYPEINFO 1
| #define HAVE_LONG_LONG 1
| #define HAVE_PRETTY_FUNCTION 1
| #define HAVE_ARRAY_OPERATOR_NEW 1
| #define HAVE_PLACEMENT_NEW 1
| #define HAVE_NEW_CASTS 1
| #define HAVE_ATTRIBUTE_NORETURN 1
| #define HAVE_BUILTIN_EXPECT 1
| #define STDC_HEADERS 1
| #define HAVE_SYS_TYPES_H 1
| #define HAVE_SYS_STAT_H 1
| #define HAVE_STDLIB_H 1
| #define HAVE_STRING_H 1
| #define HAVE_MEMORY_H 1
| #define HAVE_STRINGS_H 1
| #define HAVE_INTTYPES_H 1
| #define HAVE_STDINT_H 1
| #define HAVE_UNISTD_H 1
| #define HAVE_DLFCN_H 1
| #define HAVE_STD_STREAMPOS 1
| /* end confdefs.h.  */
| 
| /* Override any GCC internal prototype to avoid an error.
|    Use char because int might match the return type of a GCC
|    builtin and then its argument prototype would still apply.  */
| #ifdef __cplusplus
| extern "C"
| #endif
| char _Xlcmbcurmax ();
| int
| main ()
| {
| return _Xlcmbcurmax ();
|   ;
|   return 0;
| }
configure:28575: result: no
configure:28581: checking for shmap in -lipc
configure:28616: g++ -o conftest -g -O2 -fpermissive      conftest.cpp -lipc  -lSM -lICE -lX11    >&5
/usr/bin/ld: cannot find -lipc
collect2: error: ld returned 1 exit status
configure:28622: $? = 1
configure: failed program was:
| /* confdefs.h.  */
| #define PACKAGE_NAME "ddd"
| #define PACKAGE_TARNAME "ddd"
| #define PACKAGE_VERSION "3.3.12"
| #define PACKAGE_STRING "ddd 3.3.12"
| #define PACKAGE_BUGREPORT "ddd@gnu.org"
| #define PACKAGE "ddd"
| #define VERSION "3.3.12"
| #define HAVE_BOOL 1
| #define HAVE_EXPLICIT 1
| #define HAVE_MUTABLE 1
| #define HAVE_EXCEPTIONS 1
| #define HAVE_STD_EXCEPTIONS 1
| #define HAVE_NAMESPACE 1
| #define HAVE_TYPEINFO 1
| #define HAVE_LONG_LONG 1
| #define HAVE_PRETTY_FUNCTION 1
| #define HAVE_ARRAY_OPERATOR_NEW 1
| #define HAVE_PLACEMENT_NEW 1
| #define HAVE_NEW_CASTS 1
| #define HAVE_ATTRIBUTE_NORETURN 1
| #define HAVE_BUILTIN_EXPECT 1
| #define STDC_HEADERS 1
| #define HAVE_SYS_TYPES_H 1
| #define HAVE_SYS_STAT_H 1
| #define HAVE_STDLIB_H 1
| #define HAVE_STRING_H 1
| #define HAVE_MEMORY_H 1
| #define HAVE_STRINGS_H 1
| #define HAVE_INTTYPES_H 1
| #define HAVE_STDINT_H 1
| #define HAVE_UNISTD_H 1
| #define HAVE_DLFCN_H 1
| #define HAVE_STD_STREAMPOS 1
| /* end confdefs.h.  */
| 
| /* Override any GCC internal prototype to avoid an error.
|    Use char because int might match the return type of a GCC
|    builtin and then its argument prototype would still apply.  */
| #ifdef __cplusplus
| extern "C"
| #endif
| char shmap ();
| int
| main ()
| {
| return shmap ();
|   ;
|   return 0;
| }
configure:28640: result: no
configure:28647: checking for XtToolkitInitialize in -lXt
configure:28682: g++ -o conftest -g -O2 -fpermissive      conftest.cpp -lXt  -lSM -lICE -lX11    >&5
/usr/bin/ld: cannot find -lXt
collect2: error: ld returned 1 exit status
configure:28688: $? = 1
configure: failed program was:
| /* confdefs.h.  */
| #define PACKAGE_NAME "ddd"
| #define PACKAGE_TARNAME "ddd"
| #define PACKAGE_VERSION "3.3.12"
| #define PACKAGE_STRING "ddd 3.3.12"
| #define PACKAGE_BUGREPORT "ddd@gnu.org"
| #define PACKAGE "ddd"
| #define VERSION "3.3.12"
| #define HAVE_BOOL 1
| #define HAVE_EXPLICIT 1
| #define HAVE_MUTABLE 1
| #define HAVE_EXCEPTIONS 1
| #define HAVE_STD_EXCEPTIONS 1
| #define HAVE_NAMESPACE 1
| #define HAVE_TYPEINFO 1
| #define HAVE_LONG_LONG 1
| #define HAVE_PRETTY_FUNCTION 1
| #define HAVE_ARRAY_OPERATOR_NEW 1
| #define HAVE_PLACEMENT_NEW 1
| #define HAVE_NEW_CASTS 1
| #define HAVE_ATTRIBUTE_NORETURN 1
| #define HAVE_BUILTIN_EXPECT 1
| #define STDC_HEADERS 1
| #define HAVE_SYS_TYPES_H 1
| #define HAVE_SYS_STAT_H 1
| #define HAVE_STDLIB_H 1
| #define HAVE_STRING_H 1
| #define HAVE_MEMORY_H 1
| #define HAVE_STRINGS_H 1
| #define HAVE_INTTYPES_H 1
| #define HAVE_STDINT_H 1
| #define HAVE_UNISTD_H 1
| #define HAVE_DLFCN_H 1
| #define HAVE_STD_STREAMPOS 1
| /* end confdefs.h.  */
| 
| /* Override any GCC internal prototype to avoid an error.
|    Use char because int might match the return type of a GCC
|    builtin and then its argument prototype would still apply.  */
| #ifdef __cplusplus
| extern "C"
| #endif
| char XtToolkitInitialize ();
| int
| main ()
| {
| return XtToolkitInitialize ();
|   ;
|   return 0;
| }
configure:28706: result: no
configure:28717: error: The X toolkit library '-lXt' could not be found.
                  Please use the configure options '--x-includes=DIR'
                  and '--x-libraries=DIR' to specify the X location.
                  See the files 'config.log' and 'ddd/config.log'
                  for further diagnostics.

## ---------------- ##
## Cache variables. ##
## ---------------- ##

ac_cv_build=x86_64-unknown-linux-gnu
ac_cv_c_compiler_gnu=yes
ac_cv_cxx_compiler_gnu=yes
ac_cv_env_CCC_set=
ac_cv_env_CCC_value=
ac_cv_env_CC_set=
ac_cv_env_CC_value=
ac_cv_env_CFLAGS_set=
ac_cv_env_CFLAGS_value=
ac_cv_env_CPPFLAGS_set=
ac_cv_env_CPPFLAGS_value=
ac_cv_env_CPP_set=
ac_cv_env_CPP_value=
ac_cv_env_CXXCPP_set=
ac_cv_env_CXXCPP_value=
ac_cv_env_CXXFLAGS_set=
ac_cv_env_CXXFLAGS_value=
ac_cv_env_CXX_set=
ac_cv_env_CXX_value=
ac_cv_env_F77_set=
ac_cv_env_F77_value=
ac_cv_env_FFLAGS_set=
ac_cv_env_FFLAGS_value=
ac_cv_env_LDFLAGS_set=
ac_cv_env_LDFLAGS_value=
ac_cv_env_LIBS_set=
ac_cv_env_LIBS_value=
ac_cv_env_XMKMF_set=
ac_cv_env_XMKMF_value=
ac_cv_env_YACC_set=
ac_cv_env_YACC_value=
ac_cv_env_YFLAGS_set=
ac_cv_env_YFLAGS_value=
ac_cv_env_build_alias_set=
ac_cv_env_build_alias_value=
ac_cv_env_host_alias_set=
ac_cv_env_host_alias_value=
ac_cv_env_target_alias_set=
ac_cv_env_target_alias_value=
ac_cv_f77_compiler_gnu=yes
ac_cv_func_connect=yes
ac_cv_func_gethostbyname=yes
ac_cv_func_regcmp=no
ac_cv_func_remove=yes
ac_cv_func_shmat=yes
ac_cv_have_x='have_x=yes	ac_x_includes='\'''\''	ac_x_libraries='\'''\'''
ac_cv_header_dlfcn_h=yes
ac_cv_header_inttypes_h=yes
ac_cv_header_memory_h=yes
ac_cv_header_stdc=yes
ac_cv_header_stdint_h=yes
ac_cv_header_stdlib_h=yes
ac_cv_header_string_h=yes
ac_cv_header_strings_h=yes
ac_cv_header_sys_stat_h=yes
ac_cv_header_sys_types_h=yes
ac_cv_header_unistd_h=yes
ac_cv_host=x86_64-unknown-linux-gnu
ac_cv_lib_ICE_IceConnectionNumber=yes
ac_cv_lib_X11_XOpenDisplay=yes
ac_cv_lib_Xintl__Xlcmbcurmax=no
ac_cv_lib_Xt_XtToolkitInitialize=no
ac_cv_lib_c_open=yes
ac_cv_lib_elf_elf_version=no
ac_cv_lib_gen_regcmp=no
ac_cv_lib_ipc_shmap=no
ac_cv_lib_m_sin=yes
ac_cv_lib_mytinfo___tgetent=no
ac_cv_lib_ncurses___tgetent=yes
ac_cv_lib_y_yyerror=no
ac_cv_objext=o
ac_cv_path_EGREP='/bin/grep -E'
ac_cv_path_GREP=/bin/grep
ac_cv_path_RSH=/usr/bin/rsh
ac_cv_path_SH=/bin/sh
ac_cv_path_install='/usr/bin/install -c'
ac_cv_path_mkdir=/bin/mkdir
ac_cv_prog_AWK=gawk
ac_cv_prog_COMPRESS=gzip
ac_cv_prog_CPP='gcc -E'
ac_cv_prog_CXXCPP='g++ -E'
ac_cv_prog_DIFF=diff
ac_cv_prog_F77=f77
ac_cv_prog_M4=m4
ac_cv_prog_PERL=perl
ac_cv_prog_SED=sed
ac_cv_prog_TAR=tar
ac_cv_prog_UNCOMPRESS=gzip
ac_cv_prog_ac_ct_AR=ar
ac_cv_prog_ac_ct_CC=gcc
ac_cv_prog_ac_ct_CXX=g++
ac_cv_prog_ac_ct_RANLIB=ranlib
ac_cv_prog_ac_ct_STRIP=strip
ac_cv_prog_cc_c89=
ac_cv_prog_cc_g=yes
ac_cv_prog_cxx_g=yes
ac_cv_prog_f77_g=yes
ac_cv_prog_make_make_set=yes
ac_cv_search_strerror='none required'
ac_cv_target=x86_64-unknown-linux-gnu
am_cv_CC_dependencies_compiler_type=gcc3
am_cv_CXX_dependencies_compiler_type=gcc3
ice_cv_athena_includes=no
ice_cv_cxx_isystem=yes
ice_cv_cxx_problematic_version=no
ice_cv_find_xext=yes
ice_cv_find_xmu=no
ice_cv_find_xp=no
ice_cv_have_array_operator_new=yes
ice_cv_have_attribute_noreturn=yes
ice_cv_have_bool=yes
ice_cv_have_builtin_expect=yes
ice_cv_have_exceptions=yes
ice_cv_have_explicit=yes
ice_cv_have_long_long=yes
ice_cv_have_mutable=yes
ice_cv_have_namespace=yes
ice_cv_have_new_casts=yes
ice_cv_have_placement_new=yes
ice_cv_have_pretty_function=yes
ice_cv_have_std_exceptions=yes
ice_cv_have_std_streampos=yes
ice_cv_have_streampos=no
ice_cv_have_typeinfo=yes
ice_cv_minimal_toc=no
ice_cv_motif_includes=no
ice_cv_motif_libraries=no
ice_cv_permissive=yes
ice_cv_prog_cc=yes
ice_cv_prog_cxx=yes
ice_cv_traditional_cpp='gcc -E'
ice_cv_trigraphs=yes
ice_cv_warn_effective_cxx=yes
ice_cv_warn_uninitialized=yes
ice_cv_x_permissive=no
ice_cv_xpm_includes=no
lt_cv_deplibs_check_method=pass_all
lt_cv_file_magic_cmd='$MAGIC_CMD'
lt_cv_file_magic_test_file=
lt_cv_ld_reload_flag=-r
lt_cv_objdir=.libs
lt_cv_path_LD=/usr/bin/ld
lt_cv_path_LDCXX='/usr/bin/ld -m elf_x86_64'
lt_cv_path_NM='/usr/bin/nm -B'
lt_cv_path_SED=/bin/sed
lt_cv_prog_compiler_c_o=yes
lt_cv_prog_compiler_c_o_CXX=yes
lt_cv_prog_compiler_c_o_F77=yes
lt_cv_prog_compiler_pic_works=yes
lt_cv_prog_compiler_pic_works_CXX=yes
lt_cv_prog_compiler_pic_works_F77=yes
lt_cv_prog_compiler_rtti_exceptions=no
lt_cv_prog_compiler_static_works=yes
lt_cv_prog_compiler_static_works_CXX=yes
lt_cv_prog_compiler_static_works_F77=yes
lt_cv_prog_gnu_ld=yes
lt_cv_prog_gnu_ldcxx=yes
lt_cv_sys_global_symbol_pipe='sed -n -e '\''s/^.*[ 	]\([ABCDGIRSTW][ABCDGIRSTW]*\)[ 	][ 	]*\([_A-Za-z][_A-Za-z0-9]*\)$/\1 \2 \2/p'\'''
lt_cv_sys_global_symbol_to_c_name_address='sed -n -e '\''s/^: \([^ ]*\) $/  {\"\1\", (lt_ptr) 0},/p'\'' -e '\''s/^[BCDEGRST] \([^ ]*\) \([^ ]*\)$/  {"\2", (lt_ptr) \&\2},/p'\'''
lt_cv_sys_global_symbol_to_cdecl='sed -n -e '\''s/^. .* \(.*\)$/extern int \1;/p'\'''
lt_cv_sys_lib_dlsearch_path_spec='/lib /usr/lib /usr/lib/x86_64-linux-gnu/libfakeroot /usr/local/lib/x86_64-linux-gnu /lib/x86_64-linux-gnu /usr/lib/x86_64-linux-gnu '
lt_cv_sys_lib_search_path_spec='/usr/lib/gcc/x86_64-linux-gnu/7 /usr/lib/x86_64-linux-gnu /usr/lib /lib/x86_64-linux-gnu /lib'
lt_cv_sys_max_cmd_len=1572864
lt_lt_cv_prog_compiler_c_o='"yes"'
lt_lt_cv_prog_compiler_c_o_CXX='"yes"'
lt_lt_cv_prog_compiler_c_o_F77='"yes"'
lt_lt_cv_sys_global_symbol_pipe='"sed -n -e '\''s/^.*[ 	]\\([ABCDGIRSTW][ABCDGIRSTW]*\\)[ 	][ 	]*\\([_A-Za-z][_A-Za-z0-9]*\\)\$/\\1 \\2 \\2/p'\''"'
lt_lt_cv_sys_global_symbol_to_c_name_address='"sed -n -e '\''s/^: \\([^ ]*\\) \$/  {\\\"\\1\\\", (lt_ptr) 0},/p'\'' -e '\''s/^[BCDEGRST] \\([^ ]*\\) \\([^ ]*\\)\$/  {\"\\2\", (lt_ptr) \\&\\2},/p'\''"'
lt_lt_cv_sys_global_symbol_to_cdecl='"sed -n -e '\''s/^. .* \\(.*\\)\$/extern int \\1;/p'\''"'

## ----------------- ##
## Output variables. ##
## ----------------- ##

ACLOCAL='${SHELL} /home/carolhanna/Security_Project/gnu_dataset/ddd-3.3.12/missing --run aclocal-1.10'
AMDEPBACKSLASH='\'
AMDEP_FALSE='#'
AMDEP_TRUE=''
AMTAR='${SHELL} /home/carolhanna/Security_Project/gnu_dataset/ddd-3.3.12/missing --run tar'
AR='ar'
AUTOCONF='${SHELL} /home/carolhanna/Security_Project/gnu_dataset/ddd-3.3.12/missing --run autoconf'
AUTOHEADER='${SHELL} /home/carolhanna/Security_Project/gnu_dataset/ddd-3.3.12/missing --run autoheader'
AUTOMAKE='${SHELL} /home/carolhanna/Security_Project/gnu_dataset/ddd-3.3.12/missing --run automake-1.10'
AWK='gawk'
BIG_TOC=''
CC='gcc'
CCDEPMODE='depmode=gcc3'
CFLAGS='-g -O2 '
COMPFACE=''
COMPRESS='gzip -c -9'
CPP='gcc -E'
CPPFLAGS=' '
CPP_TRADITIONAL='gcc -E'
CXX='g++'
CXXCPP='g++ -E'
CXXDEBUG='-g'
CXXDEPMODE='depmode=gcc3'
CXXDYNAMIC_BINDING='-Bdynamic'
CXXFLAGS='-g -O2 -fpermissive '
CXXLIBS=''
CXXOPT=' -O2'
CXXSTATIC_BINDING='-Bstatic'
CXXSTUFF=' -trigraphs'
CXXWARNINGS='-Wall -W -Wwrite-strings'
CYGPATH_W='echo'
DDD='DDD'
DEBUGGER=''
DEBUGGER_OPTION=' --debugger '
DEFS=''
DELETE_CR='cat'
DEPDIR='.deps'
DIFF='diff'
DSYMUTIL=''
Ddd='Ddd'
ECHO='echo'
ECHO_C=''
ECHO_N='-n'
ECHO_T=''
EGREP='/bin/grep -E'
EXEEXT=''
EXPIRES=''
F77='f77'
FFLAGS='-g'
GCORE=''
GCORE_COMMAND=''
GREP='/bin/grep'
INSTALL_DATA='${INSTALL} -m 644'
INSTALL_PROGRAM='${INSTALL}'
INSTALL_SCRIPT='${INSTALL}'
INSTALL_STRIP_PROGRAM='$(install_sh) -c -s'
ISYSTEM='-isystem '
LDFLAGS=' '
LEX='${SHELL} /home/carolhanna/Security_Project/gnu_dataset/ddd-3.3.12/missing --run flex'
LEXLIB=''
LEX_OUTPUT_ROOT=''
LFLAGS=''
LIBC='-lc'
LIBELF=''
LIBGEN=''
LIBM='-lm'
LIBNSL=''
LIBOBJS=''
LIBREADLINE=''
LIBRX=''
LIBS=' '
LIBSOCKET=''
LIBTERMCAP='-lncurses'
LIBTOOL='$(SHELL) $(top_builddir)/libtool'
LIBY=''
LN_S='ln -s'
LPR=''
LTLIBOBJS=''
M4='m4'
MAKEINFO='${SHELL} /home/carolhanna/Security_Project/gnu_dataset/ddd-3.3.12/missing --run makeinfo'
MINIMAL_TOC=''
NICKNAME='Dale Head'
NMEDIT=''
OBJEXT='o'
PACKAGE='ddd'
PACKAGE_BUGREPORT='ddd@gnu.org'
PACKAGE_NAME='ddd'
PACKAGE_STRING='ddd 3.3.12'
PACKAGE_TARNAME='ddd'
PACKAGE_VERSION='3.3.12'
PATH_SEPARATOR=':'
PERL='perl'
PERMISSIVE='-fpermissive'
PRINT_COMMAND='lp'
RANLIB='ranlib'
RPATH=''
RSH='/usr/bin/rsh'
SED='/bin/sed'
SET_MAKE=''
SH='/bin/sh'
SHELL='/bin/bash'
STRIP='strip'
TAR='tar'
TRANSLATIONS=''
TRIGRAPHS='-trigraphs'
UNCOMPRESS='gzip -d -c'
VERSION='3.3.12'
WARN_EFFECTIVE_CXX='-Weffc++'
WARN_NO_EFFECTIVE_CXX='-Wno-effc++'
WARN_NO_UNINITIALIZED='-Wno-uninitialized'
WARN_UNINITIALIZED='-Wuninitialized'
X11_LIBS='-lX11'
XAW_LIBS=''
XBM2XFACE='false'
XEXT_LIBS=''
XFONTSEL='xfontsel'
XMKMF=''
XMU_LIBS=''
XM_LIBS=''
XPM_LIBS=''
XP_LIBS=''
XS_DEBUG_INFO=''
XTERM='xterm'
XT_LIBS=''
X_CFLAGS=''
X_EXTRA_LIBS=''
X_LIBS=''
X_PERMISSIVE=''
X_PRE_LIBS=' -lSM -lICE'
YACC='yacc'
YFLAGS=''
ac_ct_CC='gcc'
ac_ct_CXX='g++'
ac_ct_F77=''
am__fastdepCC_FALSE='#'
am__fastdepCC_TRUE=''
am__fastdepCXX_FALSE='#'
am__fastdepCXX_TRUE=''
am__include='include'
am__isrc=''
am__leading_dot='.'
am__quote=''
am__tar='${AMTAR} chof - "$$tardir"'
am__untar='${AMTAR} xf -'
bindir='${exec_prefix}/bin'
build='x86_64-unknown-linux-gnu'
build_alias=''
build_cpu='x86_64'
build_os='linux-gnu'
build_vendor='unknown'
datadir='${datarootdir}'
datarootdir='${prefix}/share'
ddd='ddd'
docdir='${datarootdir}/doc/${PACKAGE_TARNAME}'
dvidir='${docdir}'
exec_prefix='NONE'
host='x86_64-unknown-linux-gnu'
host_alias=''
host_cpu='x86_64'
host_os='linux-gnu'
host_vendor='unknown'
htmldir='${docdir}'
includedir='${prefix}/include'
infodir='${datarootdir}/info'
install_sh='$(SHELL) /home/carolhanna/Security_Project/gnu_dataset/ddd-3.3.12/install-sh'
libdir='${exec_prefix}/lib'
libexecdir='${exec_prefix}/libexec'
localedir='${datarootdir}/locale'
localstatedir='${prefix}/var'
mandir='${datarootdir}/man'
mkdir_p='/bin/mkdir -p'
oldincludedir='/usr/include'
pdfdir='${docdir}'
prefix='NONE'
program_transform_name='s,x,x,'
psdir='${docdir}'
sbindir='${exec_prefix}/sbin'
sharedstatedir='${prefix}/com'
sysconfdir='${prefix}/etc'
target='x86_64-unknown-linux-gnu'
target_alias=''
target_cpu='x86_64'
target_os='linux-gnu'
target_vendor='unknown'

## ----------- ##
## confdefs.h. ##
## ----------- ##

#define PACKAGE_NAME "ddd"
#define PACKAGE_TARNAME "ddd"
#define PACKAGE_VERSION "3.3.12"
#define PACKAGE_STRING "ddd 3.3.12"
#define PACKAGE_BUGREPORT "ddd@gnu.org"
#define PACKAGE "ddd"
#define VERSION "3.3.12"
#define HAVE_BOOL 1
#define HAVE_EXPLICIT 1
#define HAVE_MUTABLE 1
#define HAVE_EXCEPTIONS 1
#define HAVE_STD_EXCEPTIONS 1
#define HAVE_NAMESPACE 1
#define HAVE_TYPEINFO 1
#define HAVE_LONG_LONG 1
#define HAVE_PRETTY_FUNCTION 1
#define HAVE_ARRAY_OPERATOR_NEW 1
#define HAVE_PLACEMENT_NEW 1
#define HAVE_NEW_CASTS 1
#define HAVE_ATTRIBUTE_NORETURN 1
#define HAVE_BUILTIN_EXPECT 1
#define STDC_HEADERS 1
#define HAVE_SYS_TYPES_H 1
#define HAVE_SYS_STAT_H 1
#define HAVE_STDLIB_H 1
#define HAVE_STRING_H 1
#define HAVE_MEMORY_H 1
#define HAVE_STRINGS_H 1
#define HAVE_INTTYPES_H 1
#define HAVE_STDINT_H 1
#define HAVE_UNISTD_H 1
#define HAVE_DLFCN_H 1
#define HAVE_STD_STREAMPOS 1

configure: exit 1
