This file contains any messages produced by compilers while
running configure, to aid debugging if configure makes a mistake.

It was created by serveez configure 0.1.7, which was
generated by GNU Autoconf 2.63.  Invocation command line was

  $ ./configure 

## --------- ##
## Platform. ##
## --------- ##

hostname = rishon
uname -m = x86_64
uname -r = 4.15.0-72-generic
uname -s = Linux
uname -v = #81-Ubuntu SMP Tue Nov 26 12:20:02 UTC 2019

/usr/bin/uname -p = unknown
/bin/uname -X     = unknown

/bin/arch              = unknown
/usr/bin/arch -k       = unknown
/usr/convex/getsysinfo = unknown
/usr/bin/hostinfo      = unknown
/bin/machine           = unknown
/usr/bin/oslevel       = unknown
/bin/universe          = unknown

PATH: /home/carolhanna/miniconda3/bin
PATH: /home/carolhanna/miniconda3/condabin
PATH: /usr/local/sbin
PATH: /usr/local/bin
PATH: /usr/sbin
PATH: /usr/bin
PATH: /sbin
PATH: /bin
PATH: /usr/games
PATH: /usr/local/games
PATH: /snap/bin


## ----------- ##
## Core tests. ##
## ----------- ##

configure:2145: checking build system type
configure:2163: result: x86_64-unknown-linux-gnu
configure:2185: checking host system type
configure:2200: result: x86_64-unknown-linux-gnu
configure:2222: checking target system type
configure:2237: result: x86_64-unknown-linux-gnu
configure:2280: checking for a BSD-compatible install
configure:2348: result: /usr/bin/install -c
configure:2359: checking whether build environment is sane
configure:2402: result: yes
configure:2456: checking for gawk
configure:2472: found /usr/bin/gawk
configure:2483: result: gawk
configure:2494: checking whether make sets $(MAKE)
configure:2516: result: yes
configure:2686: checking whether to enable maintainer-specific portions of Makefiles
configure:2695: result: no
configure:2760: checking for gcc
configure:2776: found /usr/bin/gcc
configure:2787: result: gcc
configure:3019: checking for C compiler version
configure:3027: gcc --version >&5
gcc (Ubuntu 7.5.0-3ubuntu1~18.04) 7.5.0
Copyright (C) 2017 Free Software Foundation, Inc.
This is free software; see the source for copying conditions.  There is NO
warranty; not even for MERCHANTABILITY or FITNESS FOR A PARTICULAR PURPOSE.

configure:3031: $? = 0
configure:3038: gcc -v >&5
Using built-in specs.
COLLECT_GCC=gcc
COLLECT_LTO_WRAPPER=/usr/lib/gcc/x86_64-linux-gnu/7/lto-wrapper
OFFLOAD_TARGET_NAMES=nvptx-none
OFFLOAD_TARGET_DEFAULT=1
Target: x86_64-linux-gnu
Configured with: ../src/configure -v --with-pkgversion='Ubuntu 7.5.0-3ubuntu1~18.04' --with-bugurl=file:///usr/share/doc/gcc-7/README.Bugs --enable-languages=c,ada,c++,go,brig,d,fortran,objc,obj-c++ --prefix=/usr --with-gcc-major-version-only --program-suffix=-7 --program-prefix=x86_64-linux-gnu- --enable-shared --enable-linker-build-id --libexecdir=/usr/lib --without-included-gettext --enable-threads=posix --libdir=/usr/lib --enable-nls --enable-bootstrap --enable-clocale=gnu --enable-libstdcxx-debug --enable-libstdcxx-time=yes --with-default-libstdcxx-abi=new --enable-gnu-unique-object --disable-vtable-verify --enable-libmpx --enable-plugin --enable-default-pie --with-system-zlib --with-target-system-zlib --enable-objc-gc=auto --enable-multiarch --disable-werror --with-arch-32=i686 --with-abi=m64 --with-multilib-list=m32,m64,mx32 --enable-multilib --with-tune=generic --enable-offload-targets=nvptx-none --without-cuda-driver --enable-checking=release --build=x86_64-linux-gnu --host=x86_64-linux-gnu --target=x86_64-linux-gnu
Thread model: posix
gcc version 7.5.0 (Ubuntu 7.5.0-3ubuntu1~18.04) 
configure:3042: $? = 0
configure:3049: gcc -V >&5
gcc: error: unrecognized command line option '-V'
gcc: fatal error: no input files
compilation terminated.
configure:3053: $? = 1
configure:3076: checking for C compiler default output file name
configure:3098: gcc    conftest.c  >&5
configure:3102: $? = 0
configure:3140: result: a.out
configure:3159: checking whether the C compiler works
configure:3169: ./a.out
configure:3173: $? = 0
configure:3192: result: yes
configure:3199: checking whether we are cross compiling
configure:3201: result: no
configure:3204: checking for suffix of executables
configure:3211: gcc -o conftest    conftest.c  >&5
configure:3215: $? = 0
configure:3241: result: 
configure:3247: checking for suffix of object files
configure:3273: gcc -c   conftest.c >&5
configure:3277: $? = 0
configure:3302: result: o
configure:3306: checking whether we are using the GNU C compiler
configure:3335: gcc -c   conftest.c >&5
configure:3342: $? = 0
configure:3359: result: yes
configure:3368: checking whether gcc accepts -g
configure:3398: gcc -c -g  conftest.c >&5
configure:3405: $? = 0
configure:3506: result: yes
configure:3523: checking for gcc option to accept ISO C89
configure:3597: gcc  -c -g -O2  conftest.c >&5
configure:3604: $? = 0
configure:3627: result: none needed
configure:3656: checking for style of include used by make
configure:3684: result: GNU
configure:3712: checking dependency style of gcc
configure:3802: result: gcc3
configure:3821: checking for an ANSI C-conforming const
configure:3896: gcc -c -g -O2  conftest.c >&5
configure:3903: $? = 0
configure:3918: result: yes
configure:3939: checking whether byte ordering is bigendian
configure:3968: gcc -o conftest -g -O2   conftest.c  >&5
conftest.c:11:3: warning: return type defaults to 'int' [-Wimplicit-int]
   main () {
   ^~~~
conftest.c: In function 'main':
conftest.c:15:7: warning: implicit declaration of function 'exit' [-Wimplicit-function-declaration]
       exit (0);
       ^~~~
conftest.c:15:7: warning: incompatible implicit declaration of built-in function 'exit'
conftest.c:15:7: note: include '<stdlib.h>' or provide a declaration of 'exit'
conftest.c:16:5: warning: incompatible implicit declaration of built-in function 'exit'
     exit (1);}
     ^~~~
conftest.c:16:5: note: include '<stdlib.h>' or provide a declaration of 'exit'
configure:3972: $? = 0
configure:3978: ./conftest
configure:3982: $? = 1
configure: program exited with status 1
configure: failed program was:
| /* confdefs.h.  */
| #define PACKAGE_NAME "serveez"
| #define PACKAGE_TARNAME "serveez"
| #define PACKAGE_VERSION "0.1.7"
| #define PACKAGE_STRING "serveez 0.1.7"
| #define PACKAGE_BUGREPORT "bug-serveez@gnu.org"
| #define svz_c_const const
| /* end confdefs.h.  */
| #include <stdio.h>
|   #include <string.h>
|   main () {
|     unsigned char c_big[] = {0x12, 0x34};
|     unsigned short s_big = 0x1234;
|     if (!memcmp (c_big, &s_big, sizeof (char) * 2))
|       exit (0);
|     exit (1);}
configure:3999: result: no
configure:4015: checking how to run the C preprocessor
configure:4055: gcc -E  conftest.c
configure:4062: $? = 0
configure:4093: gcc -E  conftest.c
conftest.c:9:10: fatal error: ac_nonexistent.h: No such file or directory
 #include <ac_nonexistent.h>
          ^~~~~~~~~~~~~~~~~~
compilation terminated.
configure:4100: $? = 1
configure: failed program was:
| /* confdefs.h.  */
| #define PACKAGE_NAME "serveez"
| #define PACKAGE_TARNAME "serveez"
| #define PACKAGE_VERSION "0.1.7"
| #define PACKAGE_STRING "serveez 0.1.7"
| #define PACKAGE_BUGREPORT "bug-serveez@gnu.org"
| #define svz_c_const const
| /* end confdefs.h.  */
| #include <ac_nonexistent.h>
configure:4133: result: gcc -E
configure:4162: gcc -E  conftest.c
configure:4169: $? = 0
configure:4200: gcc -E  conftest.c
conftest.c:9:10: fatal error: ac_nonexistent.h: No such file or directory
 #include <ac_nonexistent.h>
          ^~~~~~~~~~~~~~~~~~
compilation terminated.
configure:4207: $? = 1
configure: failed program was:
| /* confdefs.h.  */
| #define PACKAGE_NAME "serveez"
| #define PACKAGE_TARNAME "serveez"
| #define PACKAGE_VERSION "0.1.7"
| #define PACKAGE_STRING "serveez 0.1.7"
| #define PACKAGE_BUGREPORT "bug-serveez@gnu.org"
| #define svz_c_const const
| /* end confdefs.h.  */
| #include <ac_nonexistent.h>
configure:4247: checking for grep that handles long lines and -e
configure:4307: result: /bin/grep
configure:4312: checking for egrep
configure:4376: result: /bin/grep -E
configure:4381: checking for ANSI C header files
configure:4411: gcc -c -g -O2  conftest.c >&5
configure:4418: $? = 0
configure:4517: gcc -o conftest -g -O2   conftest.c  >&5
configure:4521: $? = 0
configure:4527: ./conftest
configure:4531: $? = 0
configure:4549: result: yes
configure:4573: checking for sys/types.h
configure:4594: gcc -c -g -O2  conftest.c >&5
configure:4601: $? = 0
configure:4618: result: yes
configure:4573: checking for sys/stat.h
configure:4594: gcc -c -g -O2  conftest.c >&5
configure:4601: $? = 0
configure:4618: result: yes
configure:4573: checking for stdlib.h
configure:4594: gcc -c -g -O2  conftest.c >&5
configure:4601: $? = 0
configure:4618: result: yes
configure:4573: checking for string.h
configure:4594: gcc -c -g -O2  conftest.c >&5
configure:4601: $? = 0
configure:4618: result: yes
configure:4573: checking for memory.h
configure:4594: gcc -c -g -O2  conftest.c >&5
configure:4601: $? = 0
configure:4618: result: yes
configure:4573: checking for strings.h
configure:4594: gcc -c -g -O2  conftest.c >&5
configure:4601: $? = 0
configure:4618: result: yes
configure:4573: checking for inttypes.h
configure:4594: gcc -c -g -O2  conftest.c >&5
configure:4601: $? = 0
configure:4618: result: yes
configure:4573: checking for stdint.h
configure:4594: gcc -c -g -O2  conftest.c >&5
configure:4601: $? = 0
configure:4618: result: yes
configure:4573: checking for unistd.h
configure:4594: gcc -c -g -O2  conftest.c >&5
configure:4601: $? = 0
configure:4618: result: yes
configure:4636: checking size of long
configure:4941: gcc -o conftest -g -O2   conftest.c  >&5
configure:4945: $? = 0
configure:4951: ./conftest
configure:4955: $? = 0
configure:4981: result: 8
configure:4995: checking size of void *
configure:5300: gcc -o conftest -g -O2   conftest.c  >&5
configure:5304: $? = 0
configure:5310: ./conftest
configure:5314: $? = 0
configure:5340: result: 8
configure:5370: checking for a BSD-compatible install
configure:5438: result: /usr/bin/install -c
configure:5453: checking for gawk
configure:5480: result: gawk
configure:5493: checking for ar
configure:5509: found /usr/bin/ar
configure:5521: result: ar
configure:5531: checking for windres
configure:5559: result: :
configure:5576: result:
  The Serveez package has never been compiled or run on this platform.
  Please send an email to <dev-serveez@gnu.org> including your compiler
  version and whether it worked correctly or not.  'x86_64-unknown-linux-gnu'
  will then be added to the PLATFORMS file included in this package.

configure:5695: checking whether to enable optimizations
configure:5710: result: no
configure:6106: checking whether to enable debug output
configure:6121: result: yes
configure:6143: checking whether to enable list of local interfaces
configure:6158: result: yes
configure:6174: checking whether to enable poll loop
configure:6189: result: yes
configure:6205: checking whether to use sendfile() if possible
configure:6220: result: yes
configure:6251: checking whether to enable the SNTP server
configure:6266: result: yes
configure:6284: checking whether to enable the Gnutella spider
configure:6299: result: yes
configure:6317: checking whether to enable the port forwarder
configure:6332: result: yes
configure:6350: checking whether to enable support for the control protocol
configure:6365: result: yes
configure:6383: checking whether to enable support for the IRC protocol
configure:6398: result: yes
configure:6416: checking whether to enable TimeStamp for the IRC protocol
configure:6431: result: yes
configure:6447: checking whether to enable password encryption
configure:6462: result: no
configure:6469: checking whether to enable support for the aWCS protocol
configure:6484: result: yes
configure:6502: checking whether to enable support for the HTTP protocol
configure:6517: result: yes
configure:6535: checking whether to enable the fake ident server
configure:6550: result: yes
configure:6568: checking whether to enable the passthrough server
configure:6583: result: yes
configure:6601: checking whether to enable support for flood protection
configure:6616: result: yes
configure:7452: checking for a sed that does not truncate output
configure:7518: result: /bin/sed
configure:7536: checking for fgrep
configure:7600: result: /bin/grep -F
configure:7635: checking for ld used by gcc
configure:7702: result: /usr/bin/ld
configure:7711: checking if the linker (/usr/bin/ld) is GNU ld
configure:7726: result: yes
configure:7738: checking for BSD- or MS-compatible name lister (nm)
configure:7787: result: /usr/bin/nm -B
configure:7905: checking the name lister (/usr/bin/nm -B) interface
configure:7912: gcc -c -g -O2  conftest.c >&5
configure:7915: /usr/bin/nm -B "conftest.o"
configure:7918: output
0000000000000000 B some_variable
configure:7925: result: BSD nm
configure:7928: checking whether ln -s works
configure:7932: result: yes
configure:7940: checking the maximum length of command line arguments
configure:8060: result: 1572864
configure:8077: checking whether the shell understands some XSI constructs
configure:8087: result: yes
configure:8091: checking whether the shell understands "+="
configure:8097: result: yes
configure:8132: checking for /usr/bin/ld option to reload object files
configure:8139: result: -r
configure:8208: checking for objdump
configure:8235: result: objdump
configure:8264: checking how to recognize dependent libraries
configure:8460: result: pass_all
configure:8625: checking for strip
configure:8641: found /usr/bin/strip
configure:8652: result: strip
configure:8724: checking for ranlib
configure:8740: found /usr/bin/ranlib
configure:8751: result: ranlib
configure:8841: checking command to parse /usr/bin/nm -B output from gcc object
configure:8959: gcc -c -g -O2  conftest.c >&5
configure:8962: $? = 0
configure:8966: /usr/bin/nm -B conftest.o \| sed -n -e 's/^.*[	 ]\([ABCDGIRSTW][ABCDGIRSTW]*\)[	 ][	 ]*\([_A-Za-z][_A-Za-z0-9]*\)$/\1 \2 \2/p' \> conftest.nm
configure:8969: $? = 0
configure:9023: gcc -o conftest -g -O2   conftest.c conftstm.o >&5
configure:9026: $? = 0
configure:9064: result: ok
configure:9159: gcc -c -g -O2  conftest.c >&5
configure:9162: $? = 0
configure:9929: checking for dlfcn.h
configure:9950: gcc -c -g -O2  conftest.c >&5
configure:9957: $? = 0
configure:9974: result: yes
configure:10158: checking for objdir
configure:10173: result: .libs
configure:10465: checking if gcc supports -fno-rtti -fno-exceptions
configure:10483: gcc -c -g -O2  -fno-rtti -fno-exceptions conftest.c >&5
cc1: warning: command line option '-fno-rtti' is valid for C++/ObjC++ but not for C
configure:10487: $? = 0
configure:10500: result: no
configure:10520: checking for gcc option to produce PIC
configure:10792: result: -fPIC -DPIC
configure:10804: checking if gcc PIC flag -fPIC -DPIC works
configure:10822: gcc -c -g -O2  -fPIC -DPIC -DPIC conftest.c >&5
configure:10826: $? = 0
configure:10839: result: yes
configure:10863: checking if gcc static flag -static works
configure:10891: result: yes
configure:10906: checking if gcc supports -c -o file.o
configure:10927: gcc -c -g -O2  -o out/conftest2.o conftest.c >&5
configure:10931: $? = 0
configure:10953: result: yes
configure:10961: checking if gcc supports -c -o file.o
configure:11008: result: yes
configure:11041: checking whether the gcc linker (/usr/bin/ld -m elf_x86_64) supports shared libraries
configure:12119: result: yes
configure:12156: checking whether -lc should be explicitly linked in
configure:12161: gcc -c -g -O2  conftest.c >&5
configure:12164: $? = 0
configure:12179: gcc -shared conftest.o  -v -Wl,-soname -Wl,conftest -o conftest 2\>\&1 \| /bin/grep  -lc  \>/dev/null 2\>\&1
configure:12182: $? = 0
configure:12194: result: no
configure:12358: checking dynamic linker characteristics
configure:12801: gcc -o conftest -g -O2   -Wl,-rpath -Wl,/foo conftest.c  >&5
configure:12808: $? = 0
configure:13053: result: GNU/Linux ld.so
configure:13155: checking how to hardcode library paths into programs
configure:13180: result: immediate
configure:14013: checking whether stripping libraries is possible
configure:14018: result: yes
configure:14053: checking if libtool supports shared libraries
configure:14055: result: yes
configure:14058: checking whether to build shared libraries
configure:14079: result: yes
configure:14082: checking whether to build static libraries
configure:14086: result: yes
configure:14138: checking for guile installation
configure:14191: result: missing
configure:14216: checking for guile source tree
configure:14248: result: missing
configure:14266: error:
  The serveez 0.1.7 package requires either an installed Guile
  version or an unpacked source tarball at hand.  You can specify the
  install location by passing `--with-guile=<directory>' or the source
  location by passing `--with-guile-source=<directory>'.  Guile
  version 1.4 is preferred.

## ---------------- ##
## Cache variables. ##
## ---------------- ##

ac_cv_build=x86_64-unknown-linux-gnu
ac_cv_c_compiler_gnu=yes
ac_cv_c_const=yes
ac_cv_env_CC_set=
ac_cv_env_CC_value=
ac_cv_env_CFLAGS_set=
ac_cv_env_CFLAGS_value=
ac_cv_env_CPPFLAGS_set=
ac_cv_env_CPPFLAGS_value=
ac_cv_env_CPP_set=
ac_cv_env_CPP_value=
ac_cv_env_LDFLAGS_set=
ac_cv_env_LDFLAGS_value=
ac_cv_env_LIBS_set=
ac_cv_env_LIBS_value=
ac_cv_env_build_alias_set=
ac_cv_env_build_alias_value=
ac_cv_env_host_alias_set=
ac_cv_env_host_alias_value=
ac_cv_env_target_alias_set=
ac_cv_env_target_alias_value=
ac_cv_header_dlfcn_h=yes
ac_cv_header_inttypes_h=yes
ac_cv_header_memory_h=yes
ac_cv_header_stdc=yes
ac_cv_header_stdint_h=yes
ac_cv_header_stdlib_h=yes
ac_cv_header_string_h=yes
ac_cv_header_strings_h=yes
ac_cv_header_sys_stat_h=yes
ac_cv_header_sys_types_h=yes
ac_cv_header_unistd_h=yes
ac_cv_host=x86_64-unknown-linux-gnu
ac_cv_objext=o
ac_cv_path_EGREP='/bin/grep -E'
ac_cv_path_FGREP='/bin/grep -F'
ac_cv_path_GREP=/bin/grep
ac_cv_path_SED=/bin/sed
ac_cv_path_install='/usr/bin/install -c'
ac_cv_prog_AR=ar
ac_cv_prog_AWK=gawk
ac_cv_prog_CPP='gcc -E'
ac_cv_prog_WINDRES=:
ac_cv_prog_ac_ct_CC=gcc
ac_cv_prog_ac_ct_OBJDUMP=objdump
ac_cv_prog_ac_ct_RANLIB=ranlib
ac_cv_prog_ac_ct_STRIP=strip
ac_cv_prog_cc_c89=
ac_cv_prog_cc_g=yes
ac_cv_prog_make_make_set=yes
ac_cv_sizeof_long=8
ac_cv_sizeof_void_p=8
ac_cv_target=x86_64-unknown-linux-gnu
am_cv_CC_dependencies_compiler_type=gcc3
lt_cv_deplibs_check_method=pass_all
lt_cv_file_magic_cmd='$MAGIC_CMD'
lt_cv_file_magic_test_file=
lt_cv_ld_reload_flag=-r
lt_cv_nm_interface='BSD nm'
lt_cv_objdir=.libs
lt_cv_path_LD=/usr/bin/ld
lt_cv_path_NM='/usr/bin/nm -B'
lt_cv_prog_compiler_c_o=yes
lt_cv_prog_compiler_pic_works=yes
lt_cv_prog_compiler_rtti_exceptions=no
lt_cv_prog_compiler_static_works=yes
lt_cv_prog_gnu_ld=yes
lt_cv_sys_global_symbol_pipe='sed -n -e '\''s/^.*[	 ]\([ABCDGIRSTW][ABCDGIRSTW]*\)[	 ][	 ]*\([_A-Za-z][_A-Za-z0-9]*\)$/\1 \2 \2/p'\'''
lt_cv_sys_global_symbol_to_c_name_address='sed -n -e '\''s/^: \([^ ]*\) $/  {\"\1\", (void *) 0},/p'\'' -e '\''s/^[ABCDGIRSTW]* \([^ ]*\) \([^ ]*\)$/  {"\2", (void *) \&\2},/p'\'''
lt_cv_sys_global_symbol_to_c_name_address_lib_prefix='sed -n -e '\''s/^: \([^ ]*\) $/  {\"\1\", (void *) 0},/p'\'' -e '\''s/^[ABCDGIRSTW]* \([^ ]*\) \(lib[^ ]*\)$/  {"\2", (void *) \&\2},/p'\'' -e '\''s/^[ABCDGIRSTW]* \([^ ]*\) \([^ ]*\)$/  {"lib\2", (void *) \&\2},/p'\'''
lt_cv_sys_global_symbol_to_cdecl='sed -n -e '\''s/^T .* \(.*\)$/extern int \1();/p'\'' -e '\''s/^[ABCDGIRSTW]* .* \(.*\)$/extern char \1;/p'\'''
lt_cv_sys_max_cmd_len=1572864
svz_cv_sys_bigendian=no

## ----------------- ##
## Output variables. ##
## ----------------- ##

ACLOCAL='${SHELL} /home/carolhanna/Security_Project/gnu_dataset/serveez-0.1.7/missing --run aclocal-1.8'
AMDEPBACKSLASH='\'
AMDEP_FALSE='#'
AMDEP_TRUE=''
AMTAR='${SHELL} /home/carolhanna/Security_Project/gnu_dataset/serveez-0.1.7/missing --run tar'
AR='ar'
AS='as'
AUTOCONF='${SHELL} /home/carolhanna/Security_Project/gnu_dataset/serveez-0.1.7/missing --run autoconf'
AUTOHEADER='${SHELL} /home/carolhanna/Security_Project/gnu_dataset/serveez-0.1.7/missing --run autoheader'
AUTOMAKE='${SHELL} /home/carolhanna/Security_Project/gnu_dataset/serveez-0.1.7/missing --run automake-1.8'
AWK='gawk'
CC='gcc'
CCDEPMODE='depmode=gcc3'
CFLAGS='-g -O2'
CODECLIBS=''
CPP='gcc -E'
CPPEXTRAFLAGS=''
CPPFLAGS=''
CYGPATH_W='echo'
DEFS=''
DEPDIR='.deps'
DLLTOOL='dlltool'
DSYMUTIL=''
DUMPBIN=''
ECHO_C=''
ECHO_N='-n'
ECHO_T=''
EGREP='/bin/grep -E'
EXEEXT=''
FGREP='/bin/grep -F'
GREP='/bin/grep'
GUILE_CFLAGS=''
GUILE_DEPENDENCY=''
GUILE_LDFLAGS=''
GUILE_MAKE_LIB=''
GUILE_MAKE_LTDL=''
GUILE_RULE=''
GUILE_SOURCE='no'
INSTALL_DATA='${INSTALL} -m 644'
INSTALL_PROGRAM='${INSTALL}'
INSTALL_SCRIPT='${INSTALL}'
INSTALL_STRIP_PROGRAM='${SHELL} $(install_sh) -c -s'
LD='/usr/bin/ld -m elf_x86_64'
LDFLAGS=''
LIBOBJS=''
LIBS=''
LIBSERVEEZLIBS=''
LIBTOOL='$(SHELL) $(top_builddir)/libtool'
LIPO=''
LN_S='ln -s'
LTLIBOBJS=''
MAINT='#'
MAINTAINER_MODE_FALSE=''
MAINTAINER_MODE_TRUE='#'
MAKEINFO='${SHELL} /home/carolhanna/Security_Project/gnu_dataset/serveez-0.1.7/missing --run makeinfo'
MKPASSWORD=''
NM='/usr/bin/nm -B'
NMEDIT=''
NOUNDEFINED='-no-undefined'
OBJDUMP='objdump'
OBJEXT='o'
OTOOL64=''
OTOOL=''
PACKAGE='serveez'
PACKAGE_BUGREPORT='bug-serveez@gnu.org'
PACKAGE_NAME='serveez'
PACKAGE_STRING='serveez 0.1.7'
PACKAGE_TARNAME='serveez'
PACKAGE_VERSION='0.1.7'
PATH_SEPARATOR=':'
RANLIB='ranlib'
REDHAT_TOPDIR=''
RPM3=''
RPM=''
SED='/bin/sed'
SERVEEZ_CFLAGS=''
SERVEEZ_CONFIG_CFLAGS=''
SERVEEZ_CONFIG_LDFLAGS=''
SERVEEZ_LDFLAGS=''
SERVEEZ_LIBS=''
SERVERDIRS=' sntp-server nut-server tunnel-server ctrl-server irc-server irc-core awcs-server http-server fakeident-server prog-server'
SERVERLIBS=' sntp-server/libsntp.a nut-server/libnut.a tunnel-server/libtunnel.a ctrl-server/libctrl.a irc-server/libircserver.a irc-core/libirccore.a awcs-server/libawcs.a http-server/libhttp.a fakeident-server/libfakeident.a prog-server/libprog.a'
SET_MAKE=''
SHELL='/bin/bash'
STRIP='strip'
TEXI2DVI=''
TEXI2HTML=''
TIMESTAMP=''
TIMESTAMP_RFC822=''
VERSION='0.1.7'
WINDRES=':'
ac_ct_CC='gcc'
ac_ct_DUMPBIN=''
am__fastdepCC_FALSE='#'
am__fastdepCC_TRUE=''
am__include='include'
am__leading_dot='.'
am__quote=''
bindir='${exec_prefix}/bin'
build='x86_64-unknown-linux-gnu'
build_alias=''
build_cpu='x86_64'
build_os='linux-gnu'
build_vendor='unknown'
datadir='${datarootdir}'
datarootdir='${prefix}/share'
docdir='${datarootdir}/doc/${PACKAGE_TARNAME}'
dvidir='${docdir}'
exec_prefix='NONE'
host='x86_64-unknown-linux-gnu'
host_alias=''
host_cpu='x86_64'
host_os='linux-gnu'
host_vendor='unknown'
htmldir='${docdir}'
includedir='${prefix}/include'
infodir='${datarootdir}/info'
install_sh='/home/carolhanna/Security_Project/gnu_dataset/serveez-0.1.7/install-sh'
libdir='${exec_prefix}/lib'
libexecdir='${exec_prefix}/libexec'
localedir='${datarootdir}/locale'
localstatedir='${prefix}/var'
lt_ECHO='echo'
mandir='${datarootdir}/man'
mkdir_p='mkdir -p -- .'
oldincludedir='/usr/include'
pdfdir='${docdir}'
prefix='NONE'
program_transform_name='s,x,x,'
psdir='${docdir}'
resource_FILES=''
sbindir='${exec_prefix}/sbin'
sharedstatedir='${prefix}/com'
sysconfdir='${prefix}/etc'
target='x86_64-unknown-linux-gnu'
target_alias=''
target_cpu='x86_64'
target_os='linux-gnu'
target_vendor='unknown'

## ----------- ##
## confdefs.h. ##
## ----------- ##

#define PACKAGE_NAME "serveez"
#define PACKAGE_TARNAME "serveez"
#define PACKAGE_VERSION "0.1.7"
#define PACKAGE_STRING "serveez 0.1.7"
#define PACKAGE_BUGREPORT "bug-serveez@gnu.org"
#define svz_c_const const
#define STDC_HEADERS 1
#define HAVE_SYS_TYPES_H 1
#define HAVE_SYS_STAT_H 1
#define HAVE_STDLIB_H 1
#define HAVE_STRING_H 1
#define HAVE_MEMORY_H 1
#define HAVE_STRINGS_H 1
#define HAVE_INTTYPES_H 1
#define HAVE_STDINT_H 1
#define HAVE_UNISTD_H 1
#define SIZEOF_LONG 8
#define SIZEOF_VOID_P 8
#define SVZ_ENABLE_DEBUG 1
#define ENABLE_IFLIST 1
#define ENABLE_POLL 1
#define ENABLE_SENDFILE 1
#define ENABLE_SNTP_PROTO 1
#define ENABLE_GNUTELLA 1
#define ENABLE_TUNNEL 1
#define ENABLE_CONTROL_PROTO 1
#define ENABLE_IRC_PROTO 1
#define ENABLE_TIMESTAMP 1
#define ENABLE_AWCS_PROTO 1
#define ENABLE_HTTP_PROTO 1
#define ENABLE_FAKEIDENT 1
#define ENABLE_PROG_SERVER 1
#define SVZ_ENABLE_FLOOD_PROTECTION 1
#define HAVE_DLFCN_H 1
#define LT_OBJDIR ".libs/"

configure: exit 1
