This file contains any messages produced by compilers while
running configure, to aid debugging if configure makes a mistake.

It was created by GNU help2man configure 1.41.1, which was
generated by GNU Autoconf 2.69.  Invocation command line was

  $ ./configure 

## --------- ##
## Platform. ##
## --------- ##

hostname = rishon
uname -m = x86_64
uname -r = 4.15.0-72-generic
uname -s = Linux
uname -v = #81-Ubuntu SMP Tue Nov 26 12:20:02 UTC 2019

/usr/bin/uname -p = unknown
/bin/uname -X     = unknown

/bin/arch              = unknown
/usr/bin/arch -k       = unknown
/usr/convex/getsysinfo = unknown
/usr/bin/hostinfo      = unknown
/bin/machine           = unknown
/usr/bin/oslevel       = unknown
/bin/universe          = unknown

PATH: /home/carolhanna/miniconda3/bin
PATH: /home/carolhanna/miniconda3/condabin
PATH: /usr/local/sbin
PATH: /usr/local/bin
PATH: /usr/sbin
PATH: /usr/bin
PATH: /sbin
PATH: /bin
PATH: /usr/games
PATH: /usr/local/games
PATH: /snap/bin


## ----------- ##
## Core tests. ##
## ----------- ##

configure:1799: checking for perl
configure:1804: ...version 5.008 required
configure:1813: trying perl
found version 5.026
configure:1822: result: perl
configure:1832: checking for module Locale::gettext
configure:1844: result: yes
configure:1849: checking for msgfmt
configure:1867: found /usr/bin/msgfmt
configure:1879: result: /usr/bin/msgfmt
configure:1936: checking for gcc
configure:1952: found /usr/bin/gcc
configure:1963: result: gcc
configure:2192: checking for C compiler version
configure:2201: gcc --version >&5
gcc (Ubuntu 7.5.0-3ubuntu1~18.04) 7.5.0
Copyright (C) 2017 Free Software Foundation, Inc.
This is free software; see the source for copying conditions.  There is NO
warranty; not even for MERCHANTABILITY or FITNESS FOR A PARTICULAR PURPOSE.

configure:2212: $? = 0
configure:2201: gcc -v >&5
Using built-in specs.
COLLECT_GCC=gcc
COLLECT_LTO_WRAPPER=/usr/lib/gcc/x86_64-linux-gnu/7/lto-wrapper
OFFLOAD_TARGET_NAMES=nvptx-none
OFFLOAD_TARGET_DEFAULT=1
Target: x86_64-linux-gnu
Configured with: ../src/configure -v --with-pkgversion='Ubuntu 7.5.0-3ubuntu1~18.04' --with-bugurl=file:///usr/share/doc/gcc-7/README.Bugs --enable-languages=c,ada,c++,go,brig,d,fortran,objc,obj-c++ --prefix=/usr --with-gcc-major-version-only --program-suffix=-7 --program-prefix=x86_64-linux-gnu- --enable-shared --enable-linker-build-id --libexecdir=/usr/lib --without-included-gettext --enable-threads=posix --libdir=/usr/lib --enable-nls --enable-bootstrap --enable-clocale=gnu --enable-libstdcxx-debug --enable-libstdcxx-time=yes --with-default-libstdcxx-abi=new --enable-gnu-unique-object --disable-vtable-verify --enable-libmpx --enable-plugin --enable-default-pie --with-system-zlib --with-target-system-zlib --enable-objc-gc=auto --enable-multiarch --disable-werror --with-arch-32=i686 --with-abi=m64 --with-multilib-list=m32,m64,mx32 --enable-multilib --with-tune=generic --enable-offload-targets=nvptx-none --without-cuda-driver --enable-checking=release --build=x86_64-linux-gnu --host=x86_64-linux-gnu --target=x86_64-linux-gnu
Thread model: posix
gcc version 7.5.0 (Ubuntu 7.5.0-3ubuntu1~18.04) 
configure:2212: $? = 0
configure:2201: gcc -V >&5
gcc: error: unrecognized command line option '-V'
gcc: fatal error: no input files
compilation terminated.
configure:2212: $? = 1
configure:2201: gcc -qversion >&5
gcc: error: unrecognized command line option '-qversion'; did you mean '--version'?
gcc: fatal error: no input files
compilation terminated.
configure:2212: $? = 1
configure:2232: checking whether the C compiler works
configure:2254: gcc    conftest.c  >&5
configure:2258: $? = 0
configure:2306: result: yes
configure:2309: checking for C compiler default output file name
configure:2311: result: a.out
configure:2317: checking for suffix of executables
configure:2324: gcc -o conftest    conftest.c  >&5
configure:2328: $? = 0
configure:2350: result: 
configure:2372: checking whether we are cross compiling
configure:2380: gcc -o conftest    conftest.c  >&5
configure:2384: $? = 0
configure:2391: ./conftest
configure:2395: $? = 0
configure:2410: result: no
configure:2415: checking for suffix of object files
configure:2437: gcc -c   conftest.c >&5
configure:2441: $? = 0
configure:2462: result: o
configure:2466: checking whether we are using the GNU C compiler
configure:2485: gcc -c   conftest.c >&5
configure:2485: $? = 0
configure:2494: result: yes
configure:2503: checking whether gcc accepts -g
configure:2523: gcc -c -g  conftest.c >&5
configure:2523: $? = 0
configure:2564: result: yes
configure:2581: checking for gcc option to accept ISO C89
configure:2644: gcc  -c -g -O2  conftest.c >&5
configure:2644: $? = 0
configure:2657: result: none needed
configure:2678: checking for library containing dlsym
configure:2709: gcc -o conftest -g -O2   conftest.c  >&5
/tmp/ccqpE8X7.o: In function `main':
/home/carolhanna/Security_Project/gnu_dataset/help2man-1.41.1/conftest.c:20: undefined reference to `dlsym'
collect2: error: ld returned 1 exit status
configure:2709: $? = 1
configure: failed program was:
| /* confdefs.h */
| #define PACKAGE_NAME "GNU help2man"
| #define PACKAGE_TARNAME "help2man"
| #define PACKAGE_VERSION "1.41.1"
| #define PACKAGE_STRING "GNU help2man 1.41.1"
| #define PACKAGE_BUGREPORT "bug-help2man@gnu.org"
| #define PACKAGE_URL "http://www.gnu.org/software/help2man/"
| /* end confdefs.h.  */
| 
| /* Override any GCC internal prototype to avoid an error.
|    Use char because int might match the return type of a GCC
|    builtin and then its argument prototype would still apply.  */
| #ifdef __cplusplus
| extern "C"
| #endif
| char dlsym ();
| int
| main ()
| {
| return dlsym ();
|   ;
|   return 0;
| }
configure:2709: gcc -o conftest -g -O2   conftest.c -ldl   >&5
configure:2709: $? = 0
configure:2726: result: -ldl
configure:2734: checking for library containing bindtextdomain
configure:2765: gcc -o conftest -g -O2   conftest.c -ldl  >&5
configure:2765: $? = 0
configure:2782: result: none required
configure:2873: checking for a BSD-compatible install
configure:2941: result: /usr/bin/install -c
configure:2954: checking for makeinfo
configure:2985: result: :
configure:2995: checking for install-info
configure:3013: found /usr/bin/install-info
configure:3026: result: /usr/bin/install-info
configure:3187: creating ./config.status

## ---------------------- ##
## Running config.status. ##
## ---------------------- ##

This file was extended by GNU help2man config.status 1.41.1, which was
generated by GNU Autoconf 2.69.  Invocation command line was

  CONFIG_FILES    = 
  CONFIG_HEADERS  = 
  CONFIG_LINKS    = 
  CONFIG_COMMANDS = 
  $ ./config.status 

on rishon

config.status:732: creating Makefile

## ---------------- ##
## Cache variables. ##
## ---------------- ##

ac_cv_c_compiler_gnu=yes
ac_cv_enable_nls=yes
ac_cv_env_CC_set=
ac_cv_env_CC_value=
ac_cv_env_CFLAGS_set=
ac_cv_env_CFLAGS_value=
ac_cv_env_CPPFLAGS_set=
ac_cv_env_CPPFLAGS_value=
ac_cv_env_LDFLAGS_set=
ac_cv_env_LDFLAGS_value=
ac_cv_env_LIBS_set=
ac_cv_env_LIBS_value=
ac_cv_env_build_alias_set=
ac_cv_env_build_alias_value=
ac_cv_env_host_alias_set=
ac_cv_env_host_alias_value=
ac_cv_env_target_alias_set=
ac_cv_env_target_alias_value=
ac_cv_module_Locale__gettext=yes
ac_cv_objext=o
ac_cv_path_INSTALL_INFO=/usr/bin/install-info
ac_cv_path_MAKEINFO=:
ac_cv_path_MSGFMT=/usr/bin/msgfmt
ac_cv_path_install='/usr/bin/install -c'
ac_cv_prog_PERL=perl
ac_cv_prog_ac_ct_CC=gcc
ac_cv_prog_cc_c89=
ac_cv_prog_cc_g=yes
ac_cv_search_bindtextdomain='none required'
ac_cv_search_dlsym=-ldl

## ----------------- ##
## Output variables. ##
## ----------------- ##

CC='gcc'
CFLAGS='-g -O2'
CPPFLAGS=''
DEFS='-DPACKAGE_NAME=\"GNU\ help2man\" -DPACKAGE_TARNAME=\"help2man\" -DPACKAGE_VERSION=\"1.41.1\" -DPACKAGE_STRING=\"GNU\ help2man\ 1.41.1\" -DPACKAGE_BUGREPORT=\"bug-help2man@gnu.org\" -DPACKAGE_URL=\"http://www.gnu.org/software/help2man/\"'
ECHO_C=''
ECHO_N='-n'
ECHO_T=''
EXEEXT=''
INSTALL_DATA='${INSTALL} -m 644'
INSTALL_INFO='/usr/bin/install-info'
INSTALL_PROGRAM='${INSTALL}'
INSTALL_SCRIPT='${INSTALL}'
LDFLAGS=''
LIBOBJS=''
LIBS='-ldl '
LTLIBOBJS=''
MAKEINFO=':'
MSGFMT='/usr/bin/msgfmt'
OBJEXT='o'
PACKAGE_BUGREPORT='bug-help2man@gnu.org'
PACKAGE_NAME='GNU help2man'
PACKAGE_STRING='GNU help2man 1.41.1'
PACKAGE_TARNAME='help2man'
PACKAGE_URL='http://www.gnu.org/software/help2man/'
PACKAGE_VERSION='1.41.1'
PATH_SEPARATOR=':'
PERL='perl'
SHELL='/bin/bash'
ac_ct_CC='gcc'
bindir='${exec_prefix}/bin'
build_alias=''
datadir='${datarootdir}'
datarootdir='${prefix}/share'
docdir='${datarootdir}/doc/${PACKAGE_TARNAME}'
dvidir='${docdir}'
exec_prefix='${prefix}'
extra_extract_args='--with-gettext'
extra_make_all='preload man_l10n'
extra_make_install='install_preload install_l10n'
host_alias=''
htmldir='${docdir}'
includedir='${prefix}/include'
infodir='${datarootdir}/info'
libdir='${exec_prefix}/lib'
libexecdir='${exec_prefix}/libexec'
localedir='${datarootdir}/locale'
localstatedir='${prefix}/var'
mandir='${datarootdir}/man'
oldincludedir='/usr/include'
pdfdir='${docdir}'
prefix='/usr/local'
program_transform_name='s,x,x,'
psdir='${docdir}'
sbindir='${exec_prefix}/sbin'
sharedstatedir='${prefix}/com'
sysconfdir='${prefix}/etc'
target_alias=''

## ----------- ##
## confdefs.h. ##
## ----------- ##

/* confdefs.h */
#define PACKAGE_NAME "GNU help2man"
#define PACKAGE_TARNAME "help2man"
#define PACKAGE_VERSION "1.41.1"
#define PACKAGE_STRING "GNU help2man 1.41.1"
#define PACKAGE_BUGREPORT "bug-help2man@gnu.org"
#define PACKAGE_URL "http://www.gnu.org/software/help2man/"

configure: exit 0
