This file contains any messages produced by compilers while
running configure, to aid debugging if configure makes a mistake.

It was created by Tramp configure 2.4.4, which was
generated by GNU Autoconf 2.69.  Invocation command line was

  $ ./configure 

## --------- ##
## Platform. ##
## --------- ##

hostname = rishon
uname -m = x86_64
uname -r = 4.15.0-72-generic
uname -s = Linux
uname -v = #81-Ubuntu SMP Tue Nov 26 12:20:02 UTC 2019

/usr/bin/uname -p = unknown
/bin/uname -X     = unknown

/bin/arch              = unknown
/usr/bin/arch -k       = unknown
/usr/convex/getsysinfo = unknown
/usr/bin/hostinfo      = unknown
/bin/machine           = unknown
/usr/bin/oslevel       = unknown
/bin/universe          = unknown

PATH: /home/carolhanna/miniconda3/bin
PATH: /home/carolhanna/miniconda3/condabin
PATH: /usr/local/sbin
PATH: /usr/local/bin
PATH: /usr/sbin
PATH: /usr/bin
PATH: /sbin
PATH: /bin
PATH: /usr/games
PATH: /usr/local/games
PATH: /snap/bin


## ----------- ##
## Core tests. ##
## ----------- ##

configure:1700: Tramp 2.4.4
configure:1708: checking for gmake
configure:1738: result: no
configure:1708: checking for make
configure:1724: found /usr/bin/make
configure:1735: result: make
configure:1751: checking for reasonable make version
configure:1754: result: ok
configure:1762: checking whether make sets $(MAKE)
configure:1784: result: yes
configure:1810: checking for emacs
configure:1842: result: no
configure:1851: error: no not found

## ---------------- ##
## Cache variables. ##
## ---------------- ##

ac_cv_env_build_alias_set=
ac_cv_env_build_alias_value=
ac_cv_env_host_alias_set=
ac_cv_env_host_alias_value=
ac_cv_env_target_alias_set=
ac_cv_env_target_alias_value=
ac_cv_path_EMACS=no
ac_cv_prog_MAKE=make
ac_cv_prog_make_make_set=yes

## ----------------- ##
## Output variables. ##
## ----------------- ##

DEFS=''
ECHO_C=''
ECHO_N='-n'
ECHO_T=''
EMACS='no'
EMACS_GVFS=''
FTP_UPLOAD=''
INSTALL_CHAPTER=''
INSTALL_INFO=''
LIBOBJS=''
LIBS=''
LTLIBOBJS=''
MAKE='make'
MAKEINFO=''
PACKAGE_BUGREPORT='tramp-devel@gnu.org'
PACKAGE_NAME='Tramp'
PACKAGE_STRING='Tramp 2.4.4'
PACKAGE_TARNAME='tramp'
PACKAGE_URL=''
PACKAGE_VERSION='2.4.4'
PATH_SEPARATOR=':'
SET_MAKE=''
SHELL='/bin/bash'
TEXI2DVI=''
TEXI2PDF=''
TRAMP_BUGREPORT_TEXI=''
TRAMP_CLEAN_FILES=''
TRAMP_CONFIG_FILES=''
TRAMP_EMACS_REQUIRED_VERSION=''
TRAMP_EMACS_VERSION_CHECK=''
abs_builddir=''
bindir='${exec_prefix}/bin'
build_alias=''
datadir='${datarootdir}'
datadir_default=''
datarootdir='${prefix}/share'
datarootdir_default=''
docdir='${datarootdir}/doc/${PACKAGE_TARNAME}'
dvidir='${docdir}'
exec_prefix='NONE'
host_alias=''
htmldir='${docdir}'
includedir='${prefix}/include'
infodir='${datarootdir}/info'
infodir_default=''
libdir='${exec_prefix}/lib'
libexecdir='${exec_prefix}/libexec'
lispdir=''
lispdir_default=''
localedir='${datarootdir}/locale'
localstatedir='${prefix}/var'
mandir='${datarootdir}/man'
oldincludedir='/usr/include'
pdfdir='${docdir}'
prefix='NONE'
prefix_default=''
program_transform_name='s,x,x,'
psdir='${docdir}'
sbindir='${exec_prefix}/sbin'
sharedstatedir='${prefix}/com'
sysconfdir='${prefix}/etc'
target_alias=''

## ----------- ##
## confdefs.h. ##
## ----------- ##

/* confdefs.h */
#define PACKAGE_NAME "Tramp"
#define PACKAGE_TARNAME "tramp"
#define PACKAGE_VERSION "2.4.4"
#define PACKAGE_STRING "Tramp 2.4.4"
#define PACKAGE_BUGREPORT "tramp-devel@gnu.org"
#define PACKAGE_URL ""

configure: exit 1
