This file contains any messages produced by compilers while
running configure, to aid debugging if configure makes a mistake.

It was created by GNU Shepherd configure 0.8.1, which was
generated by GNU Autoconf 2.69.  Invocation command line was

  $ ./configure 

## --------- ##
## Platform. ##
## --------- ##

hostname = rishon
uname -m = x86_64
uname -r = 4.15.0-72-generic
uname -s = Linux
uname -v = #81-Ubuntu SMP Tue Nov 26 12:20:02 UTC 2019

/usr/bin/uname -p = unknown
/bin/uname -X     = unknown

/bin/arch              = unknown
/usr/bin/arch -k       = unknown
/usr/convex/getsysinfo = unknown
/usr/bin/hostinfo      = unknown
/bin/machine           = unknown
/usr/bin/oslevel       = unknown
/bin/universe          = unknown

PATH: /home/carolhanna/miniconda3/bin
PATH: /home/carolhanna/miniconda3/condabin
PATH: /usr/local/sbin
PATH: /usr/local/bin
PATH: /usr/sbin
PATH: /usr/bin
PATH: /sbin
PATH: /bin
PATH: /usr/games
PATH: /usr/local/games
PATH: /snap/bin


## ----------- ##
## Core tests. ##
## ----------- ##

configure:2238: checking for a BSD-compatible install
configure:2306: result: /usr/bin/install -c
configure:2317: checking whether build environment is sane
configure:2372: result: yes
configure:2523: checking for a thread-safe mkdir -p
configure:2562: result: /bin/mkdir -p
configure:2569: checking for gawk
configure:2585: found /usr/bin/gawk
configure:2596: result: gawk
configure:2607: checking whether make sets $(MAKE)
configure:2629: result: yes
configure:2658: checking whether make supports nested variables
configure:2675: result: yes
configure:2813: checking whether make supports nested variables
configure:2830: result: yes
configure:2842: checking for a sed that does not truncate output
configure:2906: result: /bin/sed
configure:2912: checking whether NLS is requested
configure:2921: result: yes
configure:2961: checking for msgfmt
configure: trying /usr/bin/msgfmt...
0 translated messages.
configure:2993: result: /usr/bin/msgfmt
configure:3002: checking for gmsgfmt
configure:3033: result: /usr/bin/msgfmt
configure:3083: checking for xgettext
configure: trying /usr/bin/xgettext...
/usr/bin/xgettext: warning: file '/dev/null' extension '' is unknown; will try C
configure:3115: result: /usr/bin/xgettext
configure:3160: checking for msgmerge
configure: trying /usr/bin/msgmerge...
configure:3191: result: /usr/bin/msgmerge
configure:3228: checking whether make supports the include directive
configure:3243: make -f confmf.GNU && cat confinc.out
this is the am__doit target
configure:3246: $? = 0
configure:3265: result: yes (GNU style)
configure:3335: checking for gcc
configure:3351: found /usr/bin/gcc
configure:3362: result: gcc
configure:3591: checking for C compiler version
configure:3600: gcc --version >&5
gcc (Ubuntu 7.5.0-3ubuntu1~18.04) 7.5.0
Copyright (C) 2017 Free Software Foundation, Inc.
This is free software; see the source for copying conditions.  There is NO
warranty; not even for MERCHANTABILITY or FITNESS FOR A PARTICULAR PURPOSE.

configure:3611: $? = 0
configure:3600: gcc -v >&5
Using built-in specs.
COLLECT_GCC=gcc
COLLECT_LTO_WRAPPER=/usr/lib/gcc/x86_64-linux-gnu/7/lto-wrapper
OFFLOAD_TARGET_NAMES=nvptx-none
OFFLOAD_TARGET_DEFAULT=1
Target: x86_64-linux-gnu
Configured with: ../src/configure -v --with-pkgversion='Ubuntu 7.5.0-3ubuntu1~18.04' --with-bugurl=file:///usr/share/doc/gcc-7/README.Bugs --enable-languages=c,ada,c++,go,brig,d,fortran,objc,obj-c++ --prefix=/usr --with-gcc-major-version-only --program-suffix=-7 --program-prefix=x86_64-linux-gnu- --enable-shared --enable-linker-build-id --libexecdir=/usr/lib --without-included-gettext --enable-threads=posix --libdir=/usr/lib --enable-nls --enable-bootstrap --enable-clocale=gnu --enable-libstdcxx-debug --enable-libstdcxx-time=yes --with-default-libstdcxx-abi=new --enable-gnu-unique-object --disable-vtable-verify --enable-libmpx --enable-plugin --enable-default-pie --with-system-zlib --with-target-system-zlib --enable-objc-gc=auto --enable-multiarch --disable-werror --with-arch-32=i686 --with-abi=m64 --with-multilib-list=m32,m64,mx32 --enable-multilib --with-tune=generic --enable-offload-targets=nvptx-none --without-cuda-driver --enable-checking=release --build=x86_64-linux-gnu --host=x86_64-linux-gnu --target=x86_64-linux-gnu
Thread model: posix
gcc version 7.5.0 (Ubuntu 7.5.0-3ubuntu1~18.04) 
configure:3611: $? = 0
configure:3600: gcc -V >&5
gcc: error: unrecognized command line option '-V'
gcc: fatal error: no input files
compilation terminated.
configure:3611: $? = 1
configure:3600: gcc -qversion >&5
gcc: error: unrecognized command line option '-qversion'; did you mean '--version'?
gcc: fatal error: no input files
compilation terminated.
configure:3611: $? = 1
configure:3631: checking whether the C compiler works
configure:3653: gcc    conftest.c  >&5
configure:3657: $? = 0
configure:3705: result: yes
configure:3708: checking for C compiler default output file name
configure:3710: result: a.out
configure:3716: checking for suffix of executables
configure:3723: gcc -o conftest    conftest.c  >&5
configure:3727: $? = 0
configure:3749: result: 
configure:3771: checking whether we are cross compiling
configure:3779: gcc -o conftest    conftest.c  >&5
configure:3783: $? = 0
configure:3790: ./conftest
configure:3794: $? = 0
configure:3809: result: no
configure:3814: checking for suffix of object files
configure:3836: gcc -c   conftest.c >&5
configure:3840: $? = 0
configure:3861: result: o
configure:3865: checking whether we are using the GNU C compiler
configure:3884: gcc -c   conftest.c >&5
configure:3884: $? = 0
configure:3893: result: yes
configure:3902: checking whether gcc accepts -g
configure:3922: gcc -c -g  conftest.c >&5
configure:3922: $? = 0
configure:3963: result: yes
configure:3980: checking for gcc option to accept ISO C89
configure:4043: gcc  -c -g -O2  conftest.c >&5
configure:4043: $? = 0
configure:4056: result: none needed
configure:4081: checking whether gcc understands -c and -o together
configure:4103: gcc -c conftest.c -o conftest2.o
configure:4106: $? = 0
configure:4103: gcc -c conftest.c -o conftest2.o
configure:4106: $? = 0
configure:4118: result: yes
configure:4137: checking dependency style of gcc
configure:4248: result: none
configure:4267: checking build system type
configure:4281: result: x86_64-pc-linux-gnu
configure:4301: checking host system type
configure:4314: result: x86_64-pc-linux-gnu
configure:4359: checking for ld used by gcc
configure:4426: result: /usr/bin/ld
configure:4433: checking if the linker (/usr/bin/ld) is GNU ld
configure:4448: result: yes
configure:4455: checking for shared library run path origin
configure:4468: result: done
configure:4493: checking how to run the C preprocessor
configure:4524: gcc -E  conftest.c
configure:4524: $? = 0
configure:4538: gcc -E  conftest.c
conftest.c:11:10: fatal error: ac_nonexistent.h: No such file or directory
 #include <ac_nonexistent.h>
          ^~~~~~~~~~~~~~~~~~
compilation terminated.
configure:4538: $? = 1
configure: failed program was:
| /* confdefs.h */
| #define PACKAGE_NAME "GNU Shepherd"
| #define PACKAGE_TARNAME "shepherd"
| #define PACKAGE_VERSION "0.8.1"
| #define PACKAGE_STRING "GNU Shepherd 0.8.1"
| #define PACKAGE_BUGREPORT "bug-guix@gnu.org"
| #define PACKAGE_URL "http://www.gnu.org/software/shepherd/"
| #define PACKAGE "shepherd"
| #define VERSION "0.8.1"
| /* end confdefs.h.  */
| #include <ac_nonexistent.h>
configure:4563: result: gcc -E
configure:4583: gcc -E  conftest.c
configure:4583: $? = 0
configure:4597: gcc -E  conftest.c
conftest.c:11:10: fatal error: ac_nonexistent.h: No such file or directory
 #include <ac_nonexistent.h>
          ^~~~~~~~~~~~~~~~~~
compilation terminated.
configure:4597: $? = 1
configure: failed program was:
| /* confdefs.h */
| #define PACKAGE_NAME "GNU Shepherd"
| #define PACKAGE_TARNAME "shepherd"
| #define PACKAGE_VERSION "0.8.1"
| #define PACKAGE_STRING "GNU Shepherd 0.8.1"
| #define PACKAGE_BUGREPORT "bug-guix@gnu.org"
| #define PACKAGE_URL "http://www.gnu.org/software/shepherd/"
| #define PACKAGE "shepherd"
| #define VERSION "0.8.1"
| /* end confdefs.h.  */
| #include <ac_nonexistent.h>
configure:4626: checking for grep that handles long lines and -e
configure:4684: result: /bin/grep
configure:4689: checking for egrep
configure:4751: result: /bin/grep -E
configure:5309: checking for CFPreferencesCopyAppValue
configure:5327: gcc -o conftest -g -O2   conftest.c  -Wl,-framework -Wl,CoreFoundation >&5
conftest.c:11:10: fatal error: CoreFoundation/CFPreferences.h: No such file or directory
 #include <CoreFoundation/CFPreferences.h>
          ^~~~~~~~~~~~~~~~~~~~~~~~~~~~~~~~
compilation terminated.
configure:5327: $? = 1
configure: failed program was:
| /* confdefs.h */
| #define PACKAGE_NAME "GNU Shepherd"
| #define PACKAGE_TARNAME "shepherd"
| #define PACKAGE_VERSION "0.8.1"
| #define PACKAGE_STRING "GNU Shepherd 0.8.1"
| #define PACKAGE_BUGREPORT "bug-guix@gnu.org"
| #define PACKAGE_URL "http://www.gnu.org/software/shepherd/"
| #define PACKAGE "shepherd"
| #define VERSION "0.8.1"
| /* end confdefs.h.  */
| #include <CoreFoundation/CFPreferences.h>
| int
| main ()
| {
| CFPreferencesCopyAppValue(NULL, NULL)
|   ;
|   return 0;
| }
configure:5336: result: no
configure:5343: checking for CFLocaleCopyCurrent
configure:5361: gcc -o conftest -g -O2   conftest.c  -Wl,-framework -Wl,CoreFoundation >&5
conftest.c:11:10: fatal error: CoreFoundation/CFLocale.h: No such file or directory
 #include <CoreFoundation/CFLocale.h>
          ^~~~~~~~~~~~~~~~~~~~~~~~~~~
compilation terminated.
configure:5361: $? = 1
configure: failed program was:
| /* confdefs.h */
| #define PACKAGE_NAME "GNU Shepherd"
| #define PACKAGE_TARNAME "shepherd"
| #define PACKAGE_VERSION "0.8.1"
| #define PACKAGE_STRING "GNU Shepherd 0.8.1"
| #define PACKAGE_BUGREPORT "bug-guix@gnu.org"
| #define PACKAGE_URL "http://www.gnu.org/software/shepherd/"
| #define PACKAGE "shepherd"
| #define VERSION "0.8.1"
| /* end confdefs.h.  */
| #include <CoreFoundation/CFLocale.h>
| int
| main ()
| {
| CFLocaleCopyCurrent();
|   ;
|   return 0;
| }
configure:5370: result: no
configure:5419: checking for GNU gettext in libc
configure:5448: gcc -o conftest -g -O2   conftest.c  >&5
configure:5448: $? = 0
configure:5457: result: yes
configure:6304: checking whether to use NLS
configure:6306: result: yes
configure:6309: checking where the gettext function comes from
configure:6320: result: libc
configure:6381: checking for a sed that does not truncate output
configure:6445: result: /bin/sed
configure:6506: checking for pkg-config
configure:6524: found /usr/bin/pkg-config
configure:6536: result: /usr/bin/pkg-config
configure:6561: checking pkg-config is at least version 0.9.0
configure:6564: result: yes
configure:6592: checking for guile 3.0
configure:6595: $PKG_CONFIG --exists --print-errors "guile-$v"
Package guile-3.0 was not found in the pkg-config search path.
Perhaps you should add the directory containing `guile-3.0.pc'
to the PKG_CONFIG_PATH environment variable
No package 'guile-3.0' found
configure:6598: $? = 1
configure:6592: checking for guile 2.2
configure:6595: $PKG_CONFIG --exists --print-errors "guile-$v"
Package guile-2.2 was not found in the pkg-config search path.
Perhaps you should add the directory containing `guile-2.2.pc'
to the PKG_CONFIG_PATH environment variable
No package 'guile-2.2' found
configure:6598: $? = 1
configure:6592: checking for guile 2.0
configure:6595: $PKG_CONFIG --exists --print-errors "guile-$v"
Package guile-2.0 was not found in the pkg-config search path.
Perhaps you should add the directory containing `guile-2.0.pc'
to the PKG_CONFIG_PATH environment variable
No package 'guile-2.0' found
configure:6598: $? = 1
configure:6606: error: 
No Guile development packages were found.

Please verify that you have Guile installed.  If you installed Guile
from a binary distribution, please verify that you have also installed
the development packages.  If you installed it yourself, you might need
to adjust your PKG_CONFIG_PATH; see the pkg-config man page for more.


## ---------------- ##
## Cache variables. ##
## ---------------- ##

ac_cv_build=x86_64-pc-linux-gnu
ac_cv_c_compiler_gnu=yes
ac_cv_env_CC_set=
ac_cv_env_CC_value=
ac_cv_env_CFLAGS_set=
ac_cv_env_CFLAGS_value=
ac_cv_env_CPPFLAGS_set=
ac_cv_env_CPPFLAGS_value=
ac_cv_env_CPP_set=
ac_cv_env_CPP_value=
ac_cv_env_GUILE_CFLAGS_set=
ac_cv_env_GUILE_CFLAGS_value=
ac_cv_env_GUILE_LIBS_set=
ac_cv_env_GUILE_LIBS_value=
ac_cv_env_LDFLAGS_set=
ac_cv_env_LDFLAGS_value=
ac_cv_env_LIBS_set=
ac_cv_env_LIBS_value=
ac_cv_env_PKG_CONFIG_LIBDIR_set=
ac_cv_env_PKG_CONFIG_LIBDIR_value=
ac_cv_env_PKG_CONFIG_PATH_set=
ac_cv_env_PKG_CONFIG_PATH_value=
ac_cv_env_PKG_CONFIG_set=
ac_cv_env_PKG_CONFIG_value=
ac_cv_env_build_alias_set=
ac_cv_env_build_alias_value=
ac_cv_env_host_alias_set=
ac_cv_env_host_alias_value=
ac_cv_env_target_alias_set=
ac_cv_env_target_alias_value=
ac_cv_host=x86_64-pc-linux-gnu
ac_cv_objext=o
ac_cv_path_EGREP='/bin/grep -E'
ac_cv_path_GMSGFMT=/usr/bin/msgfmt
ac_cv_path_GREP=/bin/grep
ac_cv_path_MSGFMT=/usr/bin/msgfmt
ac_cv_path_MSGMERGE=/usr/bin/msgmerge
ac_cv_path_SED=/bin/sed
ac_cv_path_XGETTEXT=/usr/bin/xgettext
ac_cv_path_ac_pt_PKG_CONFIG=/usr/bin/pkg-config
ac_cv_path_install='/usr/bin/install -c'
ac_cv_path_mkdir=/bin/mkdir
ac_cv_prog_AWK=gawk
ac_cv_prog_CPP='gcc -E'
ac_cv_prog_ac_ct_CC=gcc
ac_cv_prog_cc_c89=
ac_cv_prog_cc_g=yes
ac_cv_prog_make_make_set=yes
acl_cv_hardcode_direct=no
acl_cv_hardcode_libdir_flag_spec='${wl}-rpath ${wl}$libdir'
acl_cv_hardcode_libdir_separator=
acl_cv_hardcode_minus_L=no
acl_cv_libext=a
acl_cv_libname_spec='lib$name'
acl_cv_library_names_spec='$libname$shrext'
acl_cv_path_LD=/usr/bin/ld
acl_cv_prog_gnu_ld=yes
acl_cv_rpath=done
acl_cv_shlibext=so
acl_cv_wl=-Wl,
am_cv_CC_dependencies_compiler_type=none
am_cv_make_support_nested_variables=yes
am_cv_prog_cc_c_o=yes
gt_cv_func_CFLocaleCopyCurrent=no
gt_cv_func_CFPreferencesCopyAppValue=no
gt_cv_func_gnugettext1_libc=yes

## ----------------- ##
## Output variables. ##
## ----------------- ##

ACLOCAL='${SHELL} /home/carolhanna/Security_Project/gnu_dataset/shepherd-0.8.1/build-aux/missing aclocal-1.16'
AMDEPBACKSLASH='\'
AMDEP_FALSE='#'
AMDEP_TRUE=''
AMTAR='$${TAR-tar}'
AM_BACKSLASH='\'
AM_DEFAULT_V='$(AM_DEFAULT_VERBOSITY)'
AM_DEFAULT_VERBOSITY='0'
AM_V='$(V)'
AUTOCONF='${SHELL} /home/carolhanna/Security_Project/gnu_dataset/shepherd-0.8.1/build-aux/missing autoconf'
AUTOHEADER='${SHELL} /home/carolhanna/Security_Project/gnu_dataset/shepherd-0.8.1/build-aux/missing autoheader'
AUTOMAKE='${SHELL} /home/carolhanna/Security_Project/gnu_dataset/shepherd-0.8.1/build-aux/missing automake-1.16'
AWK='gawk'
BUILD_CRASH_HANDLER_FALSE=''
BUILD_CRASH_HANDLER_TRUE=''
CC='gcc'
CCDEPMODE='depmode=none'
CFLAGS='-g -O2'
CPP='gcc -E'
CPPFLAGS=''
CYGPATH_W='echo'
DEFS=''
DEPDIR='.deps'
ECHO_C=''
ECHO_N='-n'
ECHO_T=''
EGREP='/bin/grep -E'
EXEEXT=''
GETTEXT_MACRO_VERSION='0.19'
GMSGFMT='/usr/bin/msgfmt'
GMSGFMT_015='/usr/bin/msgfmt'
GREP='/bin/grep'
GUILD=''
GUILE=''
GUILE_CFLAGS=''
GUILE_CONFIG=''
GUILE_EFFECTIVE_VERSION=''
GUILE_LIBS=''
GUILE_TOOLS=''
HELP2MAN=''
INSTALL_DATA='${INSTALL} -m 644'
INSTALL_PROGRAM='${INSTALL}'
INSTALL_SCRIPT='${INSTALL}'
INSTALL_STRIP_PROGRAM='$(install_sh) -c -s'
INTLLIBS=''
INTL_MACOSX_LIBS=''
LDFLAGS=''
LIBICONV='-liconv'
LIBINTL=''
LIBOBJS=''
LIBS=''
LTLIBICONV='-liconv'
LTLIBINTL=''
LTLIBOBJS=''
MAKEINFO='${SHELL} /home/carolhanna/Security_Project/gnu_dataset/shepherd-0.8.1/build-aux/missing makeinfo'
MKDIR_P='/bin/mkdir -p'
MSGFMT='/usr/bin/msgfmt'
MSGFMT_015='/usr/bin/msgfmt'
MSGMERGE='/usr/bin/msgmerge'
OBJEXT='o'
PACKAGE='shepherd'
PACKAGE_BUGREPORT='bug-guix@gnu.org'
PACKAGE_NAME='GNU Shepherd'
PACKAGE_STRING='GNU Shepherd 0.8.1'
PACKAGE_TARNAME='shepherd'
PACKAGE_URL='http://www.gnu.org/software/shepherd/'
PACKAGE_VERSION='0.8.1'
PATH_SEPARATOR=':'
PKG_CONFIG='/usr/bin/pkg-config'
PKG_CONFIG_LIBDIR=''
PKG_CONFIG_PATH=''
POSUB='po'
PR_SET_CHILD_SUBREAPER=''
RB_AUTOBOOT=''
RB_DISABLE_CAD=''
RB_HALT_SYSTEM=''
RB_POWER_OFF=''
SED='/bin/sed'
SET_MAKE=''
SFD_CLOEXEC=''
SHELL='/bin/bash'
SIG_BLOCK=''
SIG_SETMASK=''
SIG_UNBLOCK=''
SIZEOF_SIGSET_T=''
SIZEOF_STRUCT_SIGNALFD_SIGINFO=''
STRIP=''
USE_NLS='yes'
VERSION='0.8.1'
XGETTEXT='/usr/bin/xgettext'
XGETTEXT_015='/usr/bin/xgettext'
XGETTEXT_EXTRA_OPTIONS=''
_SC_OPEN_MAX=''
ac_ct_CC='gcc'
am__EXEEXT_FALSE=''
am__EXEEXT_TRUE=''
am__fastdepCC_FALSE=''
am__fastdepCC_TRUE='#'
am__include='include'
am__isrc=''
am__leading_dot='.'
am__nodep='_no'
am__quote=''
am__tar='$${TAR-tar} chof - "$$tardir"'
am__untar='$${TAR-tar} xf -'
bindir='${exec_prefix}/bin'
build='x86_64-pc-linux-gnu'
build_alias=''
build_cpu='x86_64'
build_os='linux-gnu'
build_vendor='pc'
datadir='${datarootdir}'
datarootdir='${prefix}/share'
docdir='${datarootdir}/doc/${PACKAGE_TARNAME}'
dvidir='${docdir}'
exec_prefix='NONE'
guilemoduledir=''
guileobjectdir=''
host='x86_64-pc-linux-gnu'
host_alias=''
host_cpu='x86_64'
host_os='linux-gnu'
host_vendor='pc'
htmldir='${docdir}'
includedir='${prefix}/include'
infodir='${datarootdir}/info'
install_sh='${SHELL} /home/carolhanna/Security_Project/gnu_dataset/shepherd-0.8.1/build-aux/install-sh'
libdir='${exec_prefix}/lib'
libexecdir='${exec_prefix}/libexec'
localedir='${datarootdir}/locale'
localstatedir='${prefix}/var'
mandir='${datarootdir}/man'
mkdir_p='$(MKDIR_P)'
oldincludedir='/usr/include'
pdfdir='${docdir}'
prefix='NONE'
program_transform_name='s,x,x,'
psdir='${docdir}'
sbindir='${exec_prefix}/sbin'
sharedstatedir='${prefix}/com'
sysconfdir='${prefix}/etc'
target_alias=''

## ----------- ##
## confdefs.h. ##
## ----------- ##

/* confdefs.h */
#define PACKAGE_NAME "GNU Shepherd"
#define PACKAGE_TARNAME "shepherd"
#define PACKAGE_VERSION "0.8.1"
#define PACKAGE_STRING "GNU Shepherd 0.8.1"
#define PACKAGE_BUGREPORT "bug-guix@gnu.org"
#define PACKAGE_URL "http://www.gnu.org/software/shepherd/"
#define PACKAGE "shepherd"
#define VERSION "0.8.1"
#define ENABLE_NLS 1
#define HAVE_GETTEXT 1
#define HAVE_DCGETTEXT 1

configure: exit 1
