This file contains any messages produced by compilers while
running configure, to aid debugging if configure makes a mistake.

It was created by sqltutor configure 1.0, which was
generated by GNU Autoconf 2.69.  Invocation command line was

  $ ./configure 

## --------- ##
## Platform. ##
## --------- ##

hostname = rishon
uname -m = x86_64
uname -r = 4.15.0-72-generic
uname -s = Linux
uname -v = #81-Ubuntu SMP Tue Nov 26 12:20:02 UTC 2019

/usr/bin/uname -p = unknown
/bin/uname -X     = unknown

/bin/arch              = unknown
/usr/bin/arch -k       = unknown
/usr/convex/getsysinfo = unknown
/usr/bin/hostinfo      = unknown
/bin/machine           = unknown
/usr/bin/oslevel       = unknown
/bin/universe          = unknown

PATH: /home/carolhanna/miniconda3/bin
PATH: /home/carolhanna/miniconda3/condabin
PATH: /usr/local/sbin
PATH: /usr/local/bin
PATH: /usr/sbin
PATH: /usr/bin
PATH: /sbin
PATH: /bin
PATH: /usr/games
PATH: /usr/local/games
PATH: /snap/bin


## ----------- ##
## Core tests. ##
## ----------- ##

configure:2337: checking for a BSD-compatible install
configure:2405: result: /usr/bin/install -c
configure:2416: checking whether build environment is sane
configure:2471: result: yes
configure:2622: checking for a thread-safe mkdir -p
configure:2661: result: /bin/mkdir -p
configure:2668: checking for gawk
configure:2684: found /usr/bin/gawk
configure:2695: result: gawk
configure:2706: checking whether make sets $(MAKE)
configure:2728: result: yes
configure:2757: checking whether make supports nested variables
configure:2774: result: yes
configure:2944: checking for gawk
configure:2971: result: gawk
configure:3040: checking for g++
configure:3056: found /usr/bin/g++
configure:3067: result: g++
configure:3094: checking for C++ compiler version
configure:3103: g++ --version >&5
g++ (Ubuntu 7.5.0-3ubuntu1~18.04) 7.5.0
Copyright (C) 2017 Free Software Foundation, Inc.
This is free software; see the source for copying conditions.  There is NO
warranty; not even for MERCHANTABILITY or FITNESS FOR A PARTICULAR PURPOSE.

configure:3114: $? = 0
configure:3103: g++ -v >&5
Using built-in specs.
COLLECT_GCC=g++
COLLECT_LTO_WRAPPER=/usr/lib/gcc/x86_64-linux-gnu/7/lto-wrapper
OFFLOAD_TARGET_NAMES=nvptx-none
OFFLOAD_TARGET_DEFAULT=1
Target: x86_64-linux-gnu
Configured with: ../src/configure -v --with-pkgversion='Ubuntu 7.5.0-3ubuntu1~18.04' --with-bugurl=file:///usr/share/doc/gcc-7/README.Bugs --enable-languages=c,ada,c++,go,brig,d,fortran,objc,obj-c++ --prefix=/usr --with-gcc-major-version-only --program-suffix=-7 --program-prefix=x86_64-linux-gnu- --enable-shared --enable-linker-build-id --libexecdir=/usr/lib --without-included-gettext --enable-threads=posix --libdir=/usr/lib --enable-nls --enable-bootstrap --enable-clocale=gnu --enable-libstdcxx-debug --enable-libstdcxx-time=yes --with-default-libstdcxx-abi=new --enable-gnu-unique-object --disable-vtable-verify --enable-libmpx --enable-plugin --enable-default-pie --with-system-zlib --with-target-system-zlib --enable-objc-gc=auto --enable-multiarch --disable-werror --with-arch-32=i686 --with-abi=m64 --with-multilib-list=m32,m64,mx32 --enable-multilib --with-tune=generic --enable-offload-targets=nvptx-none --without-cuda-driver --enable-checking=release --build=x86_64-linux-gnu --host=x86_64-linux-gnu --target=x86_64-linux-gnu
Thread model: posix
gcc version 7.5.0 (Ubuntu 7.5.0-3ubuntu1~18.04) 
configure:3114: $? = 0
configure:3103: g++ -V >&5
g++: error: unrecognized command line option '-V'
g++: fatal error: no input files
compilation terminated.
configure:3114: $? = 1
configure:3103: g++ -qversion >&5
g++: error: unrecognized command line option '-qversion'; did you mean '--version'?
g++: fatal error: no input files
compilation terminated.
configure:3114: $? = 1
configure:3134: checking whether the C++ compiler works
configure:3156: g++    conftest.cpp  >&5
configure:3160: $? = 0
configure:3208: result: yes
configure:3211: checking for C++ compiler default output file name
configure:3213: result: a.out
configure:3219: checking for suffix of executables
configure:3226: g++ -o conftest    conftest.cpp  >&5
configure:3230: $? = 0
configure:3252: result: 
configure:3274: checking whether we are cross compiling
configure:3282: g++ -o conftest    conftest.cpp  >&5
configure:3286: $? = 0
configure:3293: ./conftest
configure:3297: $? = 0
configure:3312: result: no
configure:3317: checking for suffix of object files
configure:3339: g++ -c   conftest.cpp >&5
configure:3343: $? = 0
configure:3364: result: o
configure:3368: checking whether we are using the GNU C++ compiler
configure:3387: g++ -c   conftest.cpp >&5
configure:3387: $? = 0
configure:3396: result: yes
configure:3405: checking whether g++ accepts -g
configure:3425: g++ -c -g  conftest.cpp >&5
configure:3425: $? = 0
configure:3466: result: yes
configure:3500: checking for style of include used by make
configure:3528: result: GNU
configure:3554: checking dependency style of g++
configure:3665: result: gcc3
configure:3728: checking for gcc
configure:3744: found /usr/bin/gcc
configure:3755: result: gcc
configure:3984: checking for C compiler version
configure:3993: gcc --version >&5
gcc (Ubuntu 7.5.0-3ubuntu1~18.04) 7.5.0
Copyright (C) 2017 Free Software Foundation, Inc.
This is free software; see the source for copying conditions.  There is NO
warranty; not even for MERCHANTABILITY or FITNESS FOR A PARTICULAR PURPOSE.

configure:4004: $? = 0
configure:3993: gcc -v >&5
Using built-in specs.
COLLECT_GCC=gcc
COLLECT_LTO_WRAPPER=/usr/lib/gcc/x86_64-linux-gnu/7/lto-wrapper
OFFLOAD_TARGET_NAMES=nvptx-none
OFFLOAD_TARGET_DEFAULT=1
Target: x86_64-linux-gnu
Configured with: ../src/configure -v --with-pkgversion='Ubuntu 7.5.0-3ubuntu1~18.04' --with-bugurl=file:///usr/share/doc/gcc-7/README.Bugs --enable-languages=c,ada,c++,go,brig,d,fortran,objc,obj-c++ --prefix=/usr --with-gcc-major-version-only --program-suffix=-7 --program-prefix=x86_64-linux-gnu- --enable-shared --enable-linker-build-id --libexecdir=/usr/lib --without-included-gettext --enable-threads=posix --libdir=/usr/lib --enable-nls --enable-bootstrap --enable-clocale=gnu --enable-libstdcxx-debug --enable-libstdcxx-time=yes --with-default-libstdcxx-abi=new --enable-gnu-unique-object --disable-vtable-verify --enable-libmpx --enable-plugin --enable-default-pie --with-system-zlib --with-target-system-zlib --enable-objc-gc=auto --enable-multiarch --disable-werror --with-arch-32=i686 --with-abi=m64 --with-multilib-list=m32,m64,mx32 --enable-multilib --with-tune=generic --enable-offload-targets=nvptx-none --without-cuda-driver --enable-checking=release --build=x86_64-linux-gnu --host=x86_64-linux-gnu --target=x86_64-linux-gnu
Thread model: posix
gcc version 7.5.0 (Ubuntu 7.5.0-3ubuntu1~18.04) 
configure:4004: $? = 0
configure:3993: gcc -V >&5
gcc: error: unrecognized command line option '-V'
gcc: fatal error: no input files
compilation terminated.
configure:4004: $? = 1
configure:3993: gcc -qversion >&5
gcc: error: unrecognized command line option '-qversion'; did you mean '--version'?
gcc: fatal error: no input files
compilation terminated.
configure:4004: $? = 1
configure:4008: checking whether we are using the GNU C compiler
configure:4027: gcc -c   conftest.c >&5
configure:4027: $? = 0
configure:4036: result: yes
configure:4045: checking whether gcc accepts -g
configure:4065: gcc -c -g  conftest.c >&5
configure:4065: $? = 0
configure:4106: result: yes
configure:4123: checking for gcc option to accept ISO C89
configure:4186: gcc  -c -g -O2  conftest.c >&5
configure:4186: $? = 0
configure:4199: result: none needed
configure:4224: checking whether gcc understands -c and -o together
configure:4246: gcc -c conftest.c -o conftest2.o
configure:4249: $? = 0
configure:4246: gcc -c conftest.c -o conftest2.o
configure:4249: $? = 0
configure:4261: result: yes
configure:4280: checking dependency style of gcc
configure:4391: result: gcc3
configure:4411: checking how to run the C preprocessor
configure:4442: gcc -E  conftest.c
configure:4442: $? = 0
configure:4456: gcc -E  conftest.c
conftest.c:16:10: fatal error: ac_nonexistent.h: No such file or directory
 #include <ac_nonexistent.h>
          ^~~~~~~~~~~~~~~~~~
compilation terminated.
configure:4456: $? = 1
configure: failed program was:
| /* confdefs.h */
| #define PACKAGE_NAME "sqltutor"
| #define PACKAGE_TARNAME "sqltutor"
| #define PACKAGE_VERSION "1.0"
| #define PACKAGE_STRING "sqltutor 1.0"
| #define PACKAGE_BUGREPORT "cepek@gnu.org"
| #define PACKAGE_URL ""
| #define PACKAGE "sqltutor"
| #define VERSION "1.0"
| #define SQLTUTOR_DATABASE sqltutor
| #define SQLTUTOR_WWW_USER sqlquiz
| #define SQLTUTOR_PASSWORD sqlkrok
| #define SQLTUTOR_WWW_EXEC sqlexec
| #define SQLTUTOR_PASSEXEC sqlkrok
| /* end confdefs.h.  */
| #include <ac_nonexistent.h>
configure:4481: result: gcc -E
configure:4501: gcc -E  conftest.c
configure:4501: $? = 0
configure:4515: gcc -E  conftest.c
conftest.c:16:10: fatal error: ac_nonexistent.h: No such file or directory
 #include <ac_nonexistent.h>
          ^~~~~~~~~~~~~~~~~~
compilation terminated.
configure:4515: $? = 1
configure: failed program was:
| /* confdefs.h */
| #define PACKAGE_NAME "sqltutor"
| #define PACKAGE_TARNAME "sqltutor"
| #define PACKAGE_VERSION "1.0"
| #define PACKAGE_STRING "sqltutor 1.0"
| #define PACKAGE_BUGREPORT "cepek@gnu.org"
| #define PACKAGE_URL ""
| #define PACKAGE "sqltutor"
| #define VERSION "1.0"
| #define SQLTUTOR_DATABASE sqltutor
| #define SQLTUTOR_WWW_USER sqlquiz
| #define SQLTUTOR_PASSWORD sqlkrok
| #define SQLTUTOR_WWW_EXEC sqlexec
| #define SQLTUTOR_PASSEXEC sqlkrok
| /* end confdefs.h.  */
| #include <ac_nonexistent.h>
configure:4543: checking whether ln -s works
configure:4547: result: yes
configure:4554: checking whether make sets $(MAKE)
configure:4576: result: yes
configure:4628: checking for ranlib
configure:4644: found /usr/bin/ranlib
configure:4655: result: ranlib
configure:4680: checking for main in -lpqxx
configure:4699: gcc -o conftest -g -O2   conftest.c -lpqxx   >&5
/usr/bin/ld: cannot find -lpqxx
collect2: error: ld returned 1 exit status
configure:4699: $? = 1
configure: failed program was:
| /* confdefs.h */
| #define PACKAGE_NAME "sqltutor"
| #define PACKAGE_TARNAME "sqltutor"
| #define PACKAGE_VERSION "1.0"
| #define PACKAGE_STRING "sqltutor 1.0"
| #define PACKAGE_BUGREPORT "cepek@gnu.org"
| #define PACKAGE_URL ""
| #define PACKAGE "sqltutor"
| #define VERSION "1.0"
| #define SQLTUTOR_DATABASE sqltutor
| #define SQLTUTOR_WWW_USER sqlquiz
| #define SQLTUTOR_PASSWORD sqlkrok
| #define SQLTUTOR_WWW_EXEC sqlexec
| #define SQLTUTOR_PASSEXEC sqlkrok
| /* end confdefs.h.  */
| 
| 
| int
| main ()
| {
| return main ();
|   ;
|   return 0;
| }
configure:4708: result: no
configure:4774: checking for pkg-config
configure:4792: found /usr/bin/pkg-config
configure:4804: result: /usr/bin/pkg-config
configure:4829: checking pkg-config is at least version 0.9.0
configure:4832: result: yes
configure:4842: checking for LIBPQXX
configure:4849: $PKG_CONFIG --exists --print-errors "libpqxx >= 4.0.1"
Package libpqxx was not found in the pkg-config search path.
Perhaps you should add the directory containing `libpqxx.pc'
to the PKG_CONFIG_PATH environment variable
No package 'libpqxx' found
configure:4852: $? = 1
configure:4866: $PKG_CONFIG --exists --print-errors "libpqxx >= 4.0.1"
Package libpqxx was not found in the pkg-config search path.
Perhaps you should add the directory containing `libpqxx.pc'
to the PKG_CONFIG_PATH environment variable
No package 'libpqxx' found
configure:4869: $? = 1
configure:4883: result: no
No package 'libpqxx' found
configure:4899: error: Package requirements (libpqxx >= 4.0.1) were not met:

No package 'libpqxx' found

Consider adjusting the PKG_CONFIG_PATH environment variable if you
installed software in a non-standard prefix.

Alternatively, you may set the environment variables LIBPQXX_CFLAGS
and LIBPQXX_LIBS to avoid the need to call pkg-config.
See the pkg-config man page for more details.

## ---------------- ##
## Cache variables. ##
## ---------------- ##

ac_cv_c_compiler_gnu=yes
ac_cv_cxx_compiler_gnu=yes
ac_cv_env_CCC_set=
ac_cv_env_CCC_value=
ac_cv_env_CC_set=
ac_cv_env_CC_value=
ac_cv_env_CFLAGS_set=
ac_cv_env_CFLAGS_value=
ac_cv_env_CPPFLAGS_set=
ac_cv_env_CPPFLAGS_value=
ac_cv_env_CPP_set=
ac_cv_env_CPP_value=
ac_cv_env_CXXFLAGS_set=
ac_cv_env_CXXFLAGS_value=
ac_cv_env_CXX_set=
ac_cv_env_CXX_value=
ac_cv_env_LDFLAGS_set=
ac_cv_env_LDFLAGS_value=
ac_cv_env_LIBPQXX_CFLAGS_set=
ac_cv_env_LIBPQXX_CFLAGS_value=
ac_cv_env_LIBPQXX_LIBS_set=
ac_cv_env_LIBPQXX_LIBS_value=
ac_cv_env_LIBS_set=
ac_cv_env_LIBS_value=
ac_cv_env_PKG_CONFIG_LIBDIR_set=
ac_cv_env_PKG_CONFIG_LIBDIR_value=
ac_cv_env_PKG_CONFIG_PATH_set=
ac_cv_env_PKG_CONFIG_PATH_value=
ac_cv_env_PKG_CONFIG_set=
ac_cv_env_PKG_CONFIG_value=
ac_cv_env_build_alias_set=
ac_cv_env_build_alias_value=
ac_cv_env_host_alias_set=
ac_cv_env_host_alias_value=
ac_cv_env_target_alias_set=
ac_cv_env_target_alias_value=
ac_cv_lib_pqxx_main=no
ac_cv_objext=o
ac_cv_path_ac_pt_PKG_CONFIG=/usr/bin/pkg-config
ac_cv_path_install='/usr/bin/install -c'
ac_cv_path_mkdir=/bin/mkdir
ac_cv_prog_AWK=gawk
ac_cv_prog_CPP='gcc -E'
ac_cv_prog_ac_ct_CC=gcc
ac_cv_prog_ac_ct_CXX=g++
ac_cv_prog_ac_ct_RANLIB=ranlib
ac_cv_prog_cc_c89=
ac_cv_prog_cc_g=yes
ac_cv_prog_cxx_g=yes
ac_cv_prog_make_make_set=yes
am_cv_CC_dependencies_compiler_type=gcc3
am_cv_CXX_dependencies_compiler_type=gcc3
am_cv_make_support_nested_variables=yes
am_cv_prog_cc_c_o=yes

## ----------------- ##
## Output variables. ##
## ----------------- ##

ACLOCAL='${SHELL} /home/carolhanna/Security_Project/gnu_dataset/sqltutor-1.0/config.aux/missing aclocal-1.15'
AMDEPBACKSLASH='\'
AMDEP_FALSE='#'
AMDEP_TRUE=''
AMTAR='$${TAR-tar}'
AM_BACKSLASH='\'
AM_DEFAULT_V='$(AM_DEFAULT_VERBOSITY)'
AM_DEFAULT_VERBOSITY='1'
AM_V='$(V)'
AUTOCONF='${SHELL} /home/carolhanna/Security_Project/gnu_dataset/sqltutor-1.0/config.aux/missing autoconf'
AUTOHEADER='${SHELL} /home/carolhanna/Security_Project/gnu_dataset/sqltutor-1.0/config.aux/missing autoheader'
AUTOMAKE='${SHELL} /home/carolhanna/Security_Project/gnu_dataset/sqltutor-1.0/config.aux/missing automake-1.15'
AWK='gawk'
CC='gcc'
CCDEPMODE='depmode=gcc3'
CFLAGS='-g -O2'
CPP='gcc -E'
CPPFLAGS=''
CXX='g++'
CXXDEPMODE='depmode=gcc3'
CXXFLAGS='-g -O2'
CYGPATH_W='echo'
DEFS=''
DEPDIR='.deps'
ECHO_C=''
ECHO_N='-n'
ECHO_T=''
EGREP=''
EXEEXT=''
GREP=''
INSTALL_DATA='${INSTALL} -m 644'
INSTALL_PROGRAM='${INSTALL}'
INSTALL_SCRIPT='${INSTALL}'
INSTALL_STRIP_PROGRAM='$(install_sh) -c -s'
LDFLAGS=''
LIBOBJS=''
LIBPQXX_CFLAGS=''
LIBPQXX_LIBS=''
LIBS=''
LN_S='ln -s'
LTLIBOBJS=''
MAKEINFO='${SHELL} /home/carolhanna/Security_Project/gnu_dataset/sqltutor-1.0/config.aux/missing makeinfo'
MKDIR_P='/bin/mkdir -p'
OBJEXT='o'
PACKAGE='sqltutor'
PACKAGE_BUGREPORT='cepek@gnu.org'
PACKAGE_NAME='sqltutor'
PACKAGE_STRING='sqltutor 1.0'
PACKAGE_TARNAME='sqltutor'
PACKAGE_URL=''
PACKAGE_VERSION='1.0'
PATH_SEPARATOR=':'
PKG_CONFIG='/usr/bin/pkg-config'
PKG_CONFIG_LIBDIR=''
PKG_CONFIG_PATH=''
RANLIB='ranlib'
SET_MAKE=''
SHELL='/bin/bash'
SQLTUTOR_DATABASE='sqltutor'
SQLTUTOR_PASSEXEC='sqlkrok'
SQLTUTOR_PASSWORD='sqlkrok'
SQLTUTOR_WWW_EXEC='sqlexec'
SQLTUTOR_WWW_USER='sqlquiz'
STRIP=''
VERSION='1.0'
ac_ct_CC='gcc'
ac_ct_CXX='g++'
am__EXEEXT_FALSE=''
am__EXEEXT_TRUE=''
am__fastdepCC_FALSE='#'
am__fastdepCC_TRUE=''
am__fastdepCXX_FALSE='#'
am__fastdepCXX_TRUE=''
am__include='include'
am__isrc=''
am__leading_dot='.'
am__nodep='_no'
am__quote=''
am__tar='$${TAR-tar} chof - "$$tardir"'
am__untar='$${TAR-tar} xf -'
bindir='${exec_prefix}/bin'
build_alias=''
datadir='${datarootdir}'
datarootdir='${prefix}/share'
docdir='${datarootdir}/doc/${PACKAGE_TARNAME}'
dvidir='${docdir}'
exec_prefix='NONE'
host_alias=''
htmldir='${docdir}'
includedir='${prefix}/include'
infodir='${datarootdir}/info'
install_sh='${SHELL} /home/carolhanna/Security_Project/gnu_dataset/sqltutor-1.0/config.aux/install-sh'
libdir='${exec_prefix}/lib'
libexecdir='${exec_prefix}/libexec'
localedir='${datarootdir}/locale'
localstatedir='${prefix}/var'
mandir='${datarootdir}/man'
mkdir_p='$(MKDIR_P)'
oldincludedir='/usr/include'
pdfdir='${docdir}'
prefix='NONE'
program_transform_name='s,x,x,'
psdir='${docdir}'
runstatedir='${localstatedir}/run'
sbindir='${exec_prefix}/sbin'
sharedstatedir='${prefix}/com'
sysconfdir='${prefix}/etc'
target_alias=''

## ----------- ##
## confdefs.h. ##
## ----------- ##

/* confdefs.h */
#define PACKAGE_NAME "sqltutor"
#define PACKAGE_TARNAME "sqltutor"
#define PACKAGE_VERSION "1.0"
#define PACKAGE_STRING "sqltutor 1.0"
#define PACKAGE_BUGREPORT "cepek@gnu.org"
#define PACKAGE_URL ""
#define PACKAGE "sqltutor"
#define VERSION "1.0"
#define SQLTUTOR_DATABASE sqltutor
#define SQLTUTOR_WWW_USER sqlquiz
#define SQLTUTOR_PASSWORD sqlkrok
#define SQLTUTOR_WWW_EXEC sqlexec
#define SQLTUTOR_PASSEXEC sqlkrok

configure: exit 1
