This file contains any messages produced by compilers while
running configure, to aid debugging if configure makes a mistake.

It was created by gnufdisk-debug configure 2.0.0, which was
generated by GNU Autoconf 2.65.  Invocation command line was

  $ ./configure --disable-option-checking --prefix=/usr/local --cache-file=/dev/null --srcdir=.

## --------- ##
## Platform. ##
## --------- ##

hostname = rishon
uname -m = x86_64
uname -r = 4.15.0-72-generic
uname -s = Linux
uname -v = #81-Ubuntu SMP Tue Nov 26 12:20:02 UTC 2019

/usr/bin/uname -p = unknown
/bin/uname -X     = unknown

/bin/arch              = unknown
/usr/bin/arch -k       = unknown
/usr/convex/getsysinfo = unknown
/usr/bin/hostinfo      = unknown
/bin/machine           = unknown
/usr/bin/oslevel       = unknown
/bin/universe          = unknown

PATH: /home/carolhanna/miniconda3/bin
PATH: /home/carolhanna/miniconda3/condabin
PATH: /usr/local/sbin
PATH: /usr/local/bin
PATH: /usr/sbin
PATH: /usr/bin
PATH: /sbin
PATH: /bin
PATH: /usr/games
PATH: /usr/local/games
PATH: /snap/bin


## ----------- ##
## Core tests. ##
## ----------- ##

configure:2250: checking for a BSD-compatible install
configure:2318: result: /usr/bin/install -c
configure:2329: checking whether build environment is sane
configure:2379: result: yes
configure:2520: checking for a thread-safe mkdir -p
configure:2559: result: /bin/mkdir -p
configure:2572: checking for gawk
configure:2588: found /usr/bin/gawk
configure:2599: result: gawk
configure:2610: checking whether make sets $(MAKE)
configure:2632: result: yes
configure:2741: checking build system type
configure:2755: result: x86_64-unknown-linux-gnu
configure:2775: checking host system type
configure:2788: result: x86_64-unknown-linux-gnu
configure:2820: checking for style of include used by make
configure:2848: result: GNU
configure:2918: checking for gcc
configure:2934: found /usr/bin/gcc
configure:2945: result: gcc
configure:3174: checking for C compiler version
configure:3183: gcc --version >&5
gcc (Ubuntu 7.5.0-3ubuntu1~18.04) 7.5.0
Copyright (C) 2017 Free Software Foundation, Inc.
This is free software; see the source for copying conditions.  There is NO
warranty; not even for MERCHANTABILITY or FITNESS FOR A PARTICULAR PURPOSE.

configure:3194: $? = 0
configure:3183: gcc -v >&5
Using built-in specs.
COLLECT_GCC=gcc
COLLECT_LTO_WRAPPER=/usr/lib/gcc/x86_64-linux-gnu/7/lto-wrapper
OFFLOAD_TARGET_NAMES=nvptx-none
OFFLOAD_TARGET_DEFAULT=1
Target: x86_64-linux-gnu
Configured with: ../src/configure -v --with-pkgversion='Ubuntu 7.5.0-3ubuntu1~18.04' --with-bugurl=file:///usr/share/doc/gcc-7/README.Bugs --enable-languages=c,ada,c++,go,brig,d,fortran,objc,obj-c++ --prefix=/usr --with-gcc-major-version-only --program-suffix=-7 --program-prefix=x86_64-linux-gnu- --enable-shared --enable-linker-build-id --libexecdir=/usr/lib --without-included-gettext --enable-threads=posix --libdir=/usr/lib --enable-nls --enable-bootstrap --enable-clocale=gnu --enable-libstdcxx-debug --enable-libstdcxx-time=yes --with-default-libstdcxx-abi=new --enable-gnu-unique-object --disable-vtable-verify --enable-libmpx --enable-plugin --enable-default-pie --with-system-zlib --with-target-system-zlib --enable-objc-gc=auto --enable-multiarch --disable-werror --with-arch-32=i686 --with-abi=m64 --with-multilib-list=m32,m64,mx32 --enable-multilib --with-tune=generic --enable-offload-targets=nvptx-none --without-cuda-driver --enable-checking=release --build=x86_64-linux-gnu --host=x86_64-linux-gnu --target=x86_64-linux-gnu
Thread model: posix
gcc version 7.5.0 (Ubuntu 7.5.0-3ubuntu1~18.04) 
configure:3194: $? = 0
configure:3183: gcc -V >&5
gcc: error: unrecognized command line option '-V'
gcc: fatal error: no input files
compilation terminated.
configure:3194: $? = 1
configure:3183: gcc -qversion >&5
gcc: error: unrecognized command line option '-qversion'; did you mean '--version'?
gcc: fatal error: no input files
compilation terminated.
configure:3194: $? = 1
configure:3214: checking whether the C compiler works
configure:3236: gcc    conftest.c  >&5
configure:3240: $? = 0
configure:3289: result: yes
configure:3292: checking for C compiler default output file name
configure:3294: result: a.out
configure:3300: checking for suffix of executables
configure:3307: gcc -o conftest    conftest.c  >&5
configure:3311: $? = 0
configure:3333: result: 
configure:3355: checking whether we are cross compiling
configure:3363: gcc -o conftest    conftest.c  >&5
configure:3367: $? = 0
configure:3374: ./conftest
configure:3378: $? = 0
configure:3393: result: no
configure:3398: checking for suffix of object files
configure:3420: gcc -c   conftest.c >&5
configure:3424: $? = 0
configure:3445: result: o
configure:3449: checking whether we are using the GNU C compiler
configure:3468: gcc -c   conftest.c >&5
configure:3468: $? = 0
configure:3477: result: yes
configure:3486: checking whether gcc accepts -g
configure:3506: gcc -c -g  conftest.c >&5
configure:3506: $? = 0
configure:3547: result: yes
configure:3564: checking for gcc option to accept ISO C89
configure:3628: gcc  -c -g -O2  conftest.c >&5
configure:3628: $? = 0
configure:3641: result: none needed
configure:3663: checking dependency style of gcc
configure:3773: result: gcc3
configure:3788: checking for a sed that does not truncate output
configure:3852: result: /bin/sed
configure:3870: checking for grep that handles long lines and -e
configure:3928: result: /bin/grep
configure:3933: checking for egrep
configure:3995: result: /bin/grep -E
configure:4000: checking for fgrep
configure:4062: result: /bin/grep -F
configure:4097: checking for ld used by gcc
configure:4164: result: /usr/bin/ld
configure:4171: checking if the linker (/usr/bin/ld) is GNU ld
configure:4186: result: yes
configure:4198: checking for BSD- or MS-compatible name lister (nm)
configure:4247: result: /usr/bin/nm -B
configure:4365: checking the name lister (/usr/bin/nm -B) interface
configure:4372: gcc -c -g -O2  conftest.c >&5
configure:4375: /usr/bin/nm -B "conftest.o"
configure:4378: output
0000000000000000 B some_variable
configure:4385: result: BSD nm
configure:4388: checking whether ln -s works
configure:4392: result: yes
configure:4400: checking the maximum length of command line arguments
configure:4520: result: 1572864
configure:4537: checking whether the shell understands some XSI constructs
configure:4547: result: yes
configure:4551: checking whether the shell understands "+="
configure:4557: result: yes
configure:4592: checking for /usr/bin/ld option to reload object files
configure:4599: result: -r
configure:4626: checking how to recognize dependent libraries
configure:4816: result: pass_all
configure:4876: checking for ar
configure:4892: found /usr/bin/ar
configure:4903: result: ar
configure:4981: checking for strip
configure:4997: found /usr/bin/strip
configure:5008: result: strip
configure:5080: checking for ranlib
configure:5096: found /usr/bin/ranlib
configure:5107: result: ranlib
configure:5197: checking command to parse /usr/bin/nm -B output from gcc object
configure:5315: gcc -c -g -O2  conftest.c >&5
configure:5318: $? = 0
configure:5322: /usr/bin/nm -B conftest.o \| sed -n -e 's/^.*[	 ]\([ABCDGIRSTW][ABCDGIRSTW]*\)[	 ][	 ]*\([_A-Za-z][_A-Za-z0-9]*\)$/\1 \2 \2/p' \> conftest.nm
configure:5325: $? = 0
configure:5379: gcc -o conftest -g -O2   conftest.c conftstm.o >&5
configure:5382: $? = 0
configure:5420: result: ok
configure:5516: gcc -c -g -O2  conftest.c >&5
configure:5519: $? = 0
configure:6229: checking how to run the C preprocessor
configure:6260: gcc -E  conftest.c
configure:6260: $? = 0
configure:6274: gcc -E  conftest.c
conftest.c:11:10: fatal error: ac_nonexistent.h: No such file or directory
 #include <ac_nonexistent.h>
          ^~~~~~~~~~~~~~~~~~
compilation terminated.
configure:6274: $? = 1
configure: failed program was:
| /* confdefs.h */
| #define PACKAGE_NAME "gnufdisk-debug"
| #define PACKAGE_TARNAME "gnufdisk-debug"
| #define PACKAGE_VERSION "2.0.0"
| #define PACKAGE_STRING "gnufdisk-debug 2.0.0"
| #define PACKAGE_BUGREPORT "bug-fdisk@gnu.org"
| #define PACKAGE_URL ""
| #define PACKAGE "gnufdisk-debug"
| #define VERSION "2.0.0"
| /* end confdefs.h.  */
| #include <ac_nonexistent.h>
configure:6299: result: gcc -E
configure:6319: gcc -E  conftest.c
configure:6319: $? = 0
configure:6333: gcc -E  conftest.c
conftest.c:11:10: fatal error: ac_nonexistent.h: No such file or directory
 #include <ac_nonexistent.h>
          ^~~~~~~~~~~~~~~~~~
compilation terminated.
configure:6333: $? = 1
configure: failed program was:
| /* confdefs.h */
| #define PACKAGE_NAME "gnufdisk-debug"
| #define PACKAGE_TARNAME "gnufdisk-debug"
| #define PACKAGE_VERSION "2.0.0"
| #define PACKAGE_STRING "gnufdisk-debug 2.0.0"
| #define PACKAGE_BUGREPORT "bug-fdisk@gnu.org"
| #define PACKAGE_URL ""
| #define PACKAGE "gnufdisk-debug"
| #define VERSION "2.0.0"
| /* end confdefs.h.  */
| #include <ac_nonexistent.h>
configure:6362: checking for ANSI C header files
configure:6382: gcc -c -g -O2  conftest.c >&5
configure:6382: $? = 0
configure:6455: gcc -o conftest -g -O2   conftest.c  >&5
configure:6455: $? = 0
configure:6455: ./conftest
configure:6455: $? = 0
configure:6466: result: yes
configure:6479: checking for sys/types.h
configure:6479: gcc -c -g -O2  conftest.c >&5
configure:6479: $? = 0
configure:6479: result: yes
configure:6479: checking for sys/stat.h
configure:6479: gcc -c -g -O2  conftest.c >&5
configure:6479: $? = 0
configure:6479: result: yes
configure:6479: checking for stdlib.h
configure:6479: gcc -c -g -O2  conftest.c >&5
configure:6479: $? = 0
configure:6479: result: yes
configure:6479: checking for string.h
configure:6479: gcc -c -g -O2  conftest.c >&5
configure:6479: $? = 0
configure:6479: result: yes
configure:6479: checking for memory.h
configure:6479: gcc -c -g -O2  conftest.c >&5
configure:6479: $? = 0
configure:6479: result: yes
configure:6479: checking for strings.h
configure:6479: gcc -c -g -O2  conftest.c >&5
configure:6479: $? = 0
configure:6479: result: yes
configure:6479: checking for inttypes.h
configure:6479: gcc -c -g -O2  conftest.c >&5
configure:6479: $? = 0
configure:6479: result: yes
configure:6479: checking for stdint.h
configure:6479: gcc -c -g -O2  conftest.c >&5
configure:6479: $? = 0
configure:6479: result: yes
configure:6479: checking for unistd.h
configure:6479: gcc -c -g -O2  conftest.c >&5
configure:6479: $? = 0
configure:6479: result: yes
configure:6494: checking for dlfcn.h
configure:6494: gcc -c -g -O2  conftest.c >&5
configure:6494: $? = 0
configure:6494: result: yes
configure:6678: checking for objdir
configure:6693: result: .libs
configure:6989: checking if gcc supports -fno-rtti -fno-exceptions
configure:7007: gcc -c -g -O2  -fno-rtti -fno-exceptions conftest.c >&5
cc1: warning: command line option '-fno-rtti' is valid for C++/ObjC++ but not for C
configure:7011: $? = 0
configure:7024: result: no
configure:7044: checking for gcc option to produce PIC
configure:7301: result: -fPIC -DPIC
configure:7313: checking if gcc PIC flag -fPIC -DPIC works
configure:7331: gcc -c -g -O2  -fPIC -DPIC -DPIC conftest.c >&5
configure:7335: $? = 0
configure:7348: result: yes
configure:7372: checking if gcc static flag -static works
configure:7400: result: yes
configure:7415: checking if gcc supports -c -o file.o
configure:7436: gcc -c -g -O2  -o out/conftest2.o conftest.c >&5
configure:7440: $? = 0
configure:7462: result: yes
configure:7470: checking if gcc supports -c -o file.o
configure:7517: result: yes
configure:7550: checking whether the gcc linker (/usr/bin/ld -m elf_x86_64) supports shared libraries
configure:8529: result: yes
configure:8566: checking whether -lc should be explicitly linked in
configure:8571: gcc -c -g -O2  conftest.c >&5
configure:8574: $? = 0
configure:8589: gcc -shared conftest.o  -v -Wl,-soname -Wl,conftest -o conftest 2\>\&1 \| /bin/grep  -lc  \>/dev/null 2\>\&1
configure:8592: $? = 0
configure:8604: result: no
configure:8768: checking dynamic linker characteristics
configure:9201: gcc -o conftest -g -O2   -Wl,-rpath -Wl,/foo conftest.c  >&5
configure:9201: $? = 0
configure:9431: result: GNU/Linux ld.so
configure:9533: checking how to hardcode library paths into programs
configure:9558: result: immediate
configure:10086: checking whether stripping libraries is possible
configure:10091: result: yes
configure:10126: checking if libtool supports shared libraries
configure:10128: result: yes
configure:10131: checking whether to build shared libraries
configure:10152: result: yes
configure:10155: checking whether to build static libraries
configure:10159: result: yes
configure:10247: checking for gcc
configure:10274: result: gcc
configure:10503: checking for C compiler version
configure:10512: gcc --version >&5
gcc (Ubuntu 7.5.0-3ubuntu1~18.04) 7.5.0
Copyright (C) 2017 Free Software Foundation, Inc.
This is free software; see the source for copying conditions.  There is NO
warranty; not even for MERCHANTABILITY or FITNESS FOR A PARTICULAR PURPOSE.

configure:10523: $? = 0
configure:10512: gcc -v >&5
Using built-in specs.
COLLECT_GCC=gcc
COLLECT_LTO_WRAPPER=/usr/lib/gcc/x86_64-linux-gnu/7/lto-wrapper
OFFLOAD_TARGET_NAMES=nvptx-none
OFFLOAD_TARGET_DEFAULT=1
Target: x86_64-linux-gnu
Configured with: ../src/configure -v --with-pkgversion='Ubuntu 7.5.0-3ubuntu1~18.04' --with-bugurl=file:///usr/share/doc/gcc-7/README.Bugs --enable-languages=c,ada,c++,go,brig,d,fortran,objc,obj-c++ --prefix=/usr --with-gcc-major-version-only --program-suffix=-7 --program-prefix=x86_64-linux-gnu- --enable-shared --enable-linker-build-id --libexecdir=/usr/lib --without-included-gettext --enable-threads=posix --libdir=/usr/lib --enable-nls --enable-bootstrap --enable-clocale=gnu --enable-libstdcxx-debug --enable-libstdcxx-time=yes --with-default-libstdcxx-abi=new --enable-gnu-unique-object --disable-vtable-verify --enable-libmpx --enable-plugin --enable-default-pie --with-system-zlib --with-target-system-zlib --enable-objc-gc=auto --enable-multiarch --disable-werror --with-arch-32=i686 --with-abi=m64 --with-multilib-list=m32,m64,mx32 --enable-multilib --with-tune=generic --enable-offload-targets=nvptx-none --without-cuda-driver --enable-checking=release --build=x86_64-linux-gnu --host=x86_64-linux-gnu --target=x86_64-linux-gnu
Thread model: posix
gcc version 7.5.0 (Ubuntu 7.5.0-3ubuntu1~18.04) 
configure:10523: $? = 0
configure:10512: gcc -V >&5
gcc: error: unrecognized command line option '-V'
gcc: fatal error: no input files
compilation terminated.
configure:10523: $? = 1
configure:10512: gcc -qversion >&5
gcc: error: unrecognized command line option '-qversion'; did you mean '--version'?
gcc: fatal error: no input files
compilation terminated.
configure:10523: $? = 1
configure:10527: checking whether we are using the GNU C compiler
configure:10555: result: yes
configure:10564: checking whether gcc accepts -g
configure:10625: result: yes
configure:10642: checking for gcc option to accept ISO C89
configure:10719: result: none needed
configure:10741: checking dependency style of gcc
configure:10851: result: gcc3
configure:10867: checking whether gcc and cc understand -c and -o together
configure:10898: gcc -c conftest.c -o conftest2.o >&5
configure:10902: $? = 0
configure:10908: gcc -c conftest.c -o conftest2.o >&5
configure:10912: $? = 0
configure:10923: cc -c conftest.c >&5
configure:10927: $? = 0
configure:10935: cc -c conftest.c -o conftest2.o >&5
configure:10939: $? = 0
configure:10945: cc -c conftest.c -o conftest2.o >&5
configure:10949: $? = 0
configure:10967: result: yes
configure:11126: creating ./config.status

## ---------------------- ##
## Running config.status. ##
## ---------------------- ##

This file was extended by gnufdisk-debug config.status 2.0.0, which was
generated by GNU Autoconf 2.65.  Invocation command line was

  CONFIG_FILES    = 
  CONFIG_HEADERS  = 
  CONFIG_LINKS    = 
  CONFIG_COMMANDS = 
  $ ./config.status 

on rishon

config.status:1102: creating Makefile
config.status:1102: creating src/Makefile
config.status:1102: creating src/config.h
config.status:1322: executing depfiles commands
config.status:1322: executing libtool commands

## ---------------- ##
## Cache variables. ##
## ---------------- ##

ac_cv_build=x86_64-unknown-linux-gnu
ac_cv_c_compiler_gnu=yes
ac_cv_env_CC_set=
ac_cv_env_CC_value=
ac_cv_env_CFLAGS_set=
ac_cv_env_CFLAGS_value=
ac_cv_env_CPPFLAGS_set=
ac_cv_env_CPPFLAGS_value=
ac_cv_env_CPP_set=
ac_cv_env_CPP_value=
ac_cv_env_LDFLAGS_set=
ac_cv_env_LDFLAGS_value=
ac_cv_env_LIBS_set=
ac_cv_env_LIBS_value=
ac_cv_env_build_alias_set=
ac_cv_env_build_alias_value=
ac_cv_env_host_alias_set=
ac_cv_env_host_alias_value=
ac_cv_env_target_alias_set=
ac_cv_env_target_alias_value=
ac_cv_header_dlfcn_h=yes
ac_cv_header_inttypes_h=yes
ac_cv_header_memory_h=yes
ac_cv_header_stdc=yes
ac_cv_header_stdint_h=yes
ac_cv_header_stdlib_h=yes
ac_cv_header_string_h=yes
ac_cv_header_strings_h=yes
ac_cv_header_sys_stat_h=yes
ac_cv_header_sys_types_h=yes
ac_cv_header_unistd_h=yes
ac_cv_host=x86_64-unknown-linux-gnu
ac_cv_objext=o
ac_cv_path_EGREP='/bin/grep -E'
ac_cv_path_FGREP='/bin/grep -F'
ac_cv_path_GREP=/bin/grep
ac_cv_path_SED=/bin/sed
ac_cv_path_install='/usr/bin/install -c'
ac_cv_path_mkdir=/bin/mkdir
ac_cv_prog_AWK=gawk
ac_cv_prog_CPP='gcc -E'
ac_cv_prog_ac_ct_AR=ar
ac_cv_prog_ac_ct_CC=gcc
ac_cv_prog_ac_ct_RANLIB=ranlib
ac_cv_prog_ac_ct_STRIP=strip
ac_cv_prog_cc_c89=
ac_cv_prog_cc_g=yes
ac_cv_prog_cc_gcc_c_o=yes
ac_cv_prog_make_make_set=yes
am_cv_CC_dependencies_compiler_type=gcc3
lt_cv_deplibs_check_method=pass_all
lt_cv_file_magic_cmd='$MAGIC_CMD'
lt_cv_file_magic_test_file=
lt_cv_ld_reload_flag=-r
lt_cv_nm_interface='BSD nm'
lt_cv_objdir=.libs
lt_cv_path_LD=/usr/bin/ld
lt_cv_path_NM='/usr/bin/nm -B'
lt_cv_prog_compiler_c_o=yes
lt_cv_prog_compiler_pic_works=yes
lt_cv_prog_compiler_rtti_exceptions=no
lt_cv_prog_compiler_static_works=yes
lt_cv_prog_gnu_ld=yes
lt_cv_sys_global_symbol_pipe='sed -n -e '\''s/^.*[	 ]\([ABCDGIRSTW][ABCDGIRSTW]*\)[	 ][	 ]*\([_A-Za-z][_A-Za-z0-9]*\)$/\1 \2 \2/p'\'''
lt_cv_sys_global_symbol_to_c_name_address='sed -n -e '\''s/^: \([^ ]*\) $/  {\"\1\", (void *) 0},/p'\'' -e '\''s/^[ABCDGIRSTW]* \([^ ]*\) \([^ ]*\)$/  {"\2", (void *) \&\2},/p'\'''
lt_cv_sys_global_symbol_to_c_name_address_lib_prefix='sed -n -e '\''s/^: \([^ ]*\) $/  {\"\1\", (void *) 0},/p'\'' -e '\''s/^[ABCDGIRSTW]* \([^ ]*\) \(lib[^ ]*\)$/  {"\2", (void *) \&\2},/p'\'' -e '\''s/^[ABCDGIRSTW]* \([^ ]*\) \([^ ]*\)$/  {"lib\2", (void *) \&\2},/p'\'''
lt_cv_sys_global_symbol_to_cdecl='sed -n -e '\''s/^T .* \(.*\)$/extern int \1();/p'\'' -e '\''s/^[ABCDGIRSTW]* .* \(.*\)$/extern char \1;/p'\'''
lt_cv_sys_max_cmd_len=1572864

## ----------------- ##
## Output variables. ##
## ----------------- ##

ACLOCAL='${SHELL} /home/carolhanna/Security_Project/gnu_dataset/gnufdisk-2.0.0a/debug/autoconf/missing --run aclocal-1.11'
AMDEPBACKSLASH='\'
AMDEP_FALSE='#'
AMDEP_TRUE=''
AMTAR='${SHELL} /home/carolhanna/Security_Project/gnu_dataset/gnufdisk-2.0.0a/debug/autoconf/missing --run tar'
AR='ar'
AUTOCONF='${SHELL} /home/carolhanna/Security_Project/gnu_dataset/gnufdisk-2.0.0a/debug/autoconf/missing --run autoconf'
AUTOHEADER='${SHELL} /home/carolhanna/Security_Project/gnu_dataset/gnufdisk-2.0.0a/debug/autoconf/missing --run autoheader'
AUTOMAKE='${SHELL} /home/carolhanna/Security_Project/gnu_dataset/gnufdisk-2.0.0a/debug/autoconf/missing --run automake-1.11'
AWK='gawk'
CC='gcc'
CCDEPMODE='depmode=gcc3'
CFLAGS='-g -O2'
CPP='gcc -E'
CPPFLAGS=''
CYGPATH_W='echo'
DEFS='-DHAVE_CONFIG_H'
DEPDIR='.deps'
DSYMUTIL=''
DUMPBIN=''
ECHO_C=''
ECHO_N='-n'
ECHO_T=''
EGREP='/bin/grep -E'
EXEEXT=''
FGREP='/bin/grep -F'
GREP='/bin/grep'
INSTALL_DATA='${INSTALL} -m 644'
INSTALL_PROGRAM='${INSTALL}'
INSTALL_SCRIPT='${INSTALL}'
INSTALL_STRIP_PROGRAM='$(install_sh) -c -s'
LD='/usr/bin/ld -m elf_x86_64'
LDFLAGS=''
LIBOBJS=''
LIBS=''
LIBTOOL='$(SHELL) $(top_builddir)/libtool'
LIPO=''
LN_S='ln -s'
LTLIBOBJS=''
MAKEINFO='${SHELL} /home/carolhanna/Security_Project/gnu_dataset/gnufdisk-2.0.0a/debug/autoconf/missing --run makeinfo'
MKDIR_P='/bin/mkdir -p'
NM='/usr/bin/nm -B'
NMEDIT=''
OBJEXT='o'
OTOOL64=''
OTOOL=''
PACKAGE='gnufdisk-debug'
PACKAGE_BUGREPORT='bug-fdisk@gnu.org'
PACKAGE_NAME='gnufdisk-debug'
PACKAGE_STRING='gnufdisk-debug 2.0.0'
PACKAGE_TARNAME='gnufdisk-debug'
PACKAGE_URL=''
PACKAGE_VERSION='2.0.0'
PATH_SEPARATOR=':'
RANLIB='ranlib'
SED='/bin/sed'
SET_MAKE=''
SHELL='/bin/bash'
STRIP='strip'
VERSION='2.0.0'
ac_ct_CC='gcc'
ac_ct_DUMPBIN=''
am__EXEEXT_FALSE=''
am__EXEEXT_TRUE='#'
am__fastdepCC_FALSE='#'
am__fastdepCC_TRUE=''
am__include='include'
am__isrc=''
am__leading_dot='.'
am__quote=''
am__tar='${AMTAR} chof - "$$tardir"'
am__untar='${AMTAR} xf -'
bindir='${exec_prefix}/bin'
build='x86_64-unknown-linux-gnu'
build_alias=''
build_cpu='x86_64'
build_os='linux-gnu'
build_vendor='unknown'
datadir='${datarootdir}'
datarootdir='${prefix}/share'
docdir='${datarootdir}/doc/${PACKAGE_TARNAME}'
dvidir='${docdir}'
exec_prefix='${prefix}'
host='x86_64-unknown-linux-gnu'
host_alias=''
host_cpu='x86_64'
host_os='linux-gnu'
host_vendor='unknown'
htmldir='${docdir}'
includedir='${prefix}/include'
infodir='${datarootdir}/info'
install_sh='${SHELL} /home/carolhanna/Security_Project/gnu_dataset/gnufdisk-2.0.0a/debug/autoconf/install-sh'
libdir='${exec_prefix}/lib'
libexecdir='${exec_prefix}/libexec'
localedir='${datarootdir}/locale'
localstatedir='${prefix}/var'
lt_ECHO='echo'
mandir='${datarootdir}/man'
mkdir_p='/bin/mkdir -p'
oldincludedir='/usr/include'
pdfdir='${docdir}'
prefix='/usr/local'
program_transform_name='s,x,x,'
psdir='${docdir}'
sbindir='${exec_prefix}/sbin'
sharedstatedir='${prefix}/com'
sysconfdir='${prefix}/etc'
target_alias=''

## ----------- ##
## confdefs.h. ##
## ----------- ##

/* confdefs.h */
#define PACKAGE_NAME "gnufdisk-debug"
#define PACKAGE_TARNAME "gnufdisk-debug"
#define PACKAGE_VERSION "2.0.0"
#define PACKAGE_STRING "gnufdisk-debug 2.0.0"
#define PACKAGE_BUGREPORT "bug-fdisk@gnu.org"
#define PACKAGE_URL ""
#define PACKAGE "gnufdisk-debug"
#define VERSION "2.0.0"
#define STDC_HEADERS 1
#define HAVE_SYS_TYPES_H 1
#define HAVE_SYS_STAT_H 1
#define HAVE_STDLIB_H 1
#define HAVE_STRING_H 1
#define HAVE_MEMORY_H 1
#define HAVE_STRINGS_H 1
#define HAVE_INTTYPES_H 1
#define HAVE_STDINT_H 1
#define HAVE_UNISTD_H 1
#define HAVE_DLFCN_H 1
#define LT_OBJDIR ".libs/"

configure: exit 0
