This file contains any messages produced by compilers while
running configure, to aid debugging if configure makes a mistake.

It was created by gnufdisk-exception configure 2.0.0, which was
generated by GNU Autoconf 2.65.  Invocation command line was

  $ ./configure --disable-option-checking --prefix=/usr/local --cache-file=/dev/null --srcdir=.

## --------- ##
## Platform. ##
## --------- ##

hostname = rishon
uname -m = x86_64
uname -r = 4.15.0-72-generic
uname -s = Linux
uname -v = #81-Ubuntu SMP Tue Nov 26 12:20:02 UTC 2019

/usr/bin/uname -p = unknown
/bin/uname -X     = unknown

/bin/arch              = unknown
/usr/bin/arch -k       = unknown
/usr/convex/getsysinfo = unknown
/usr/bin/hostinfo      = unknown
/bin/machine           = unknown
/usr/bin/oslevel       = unknown
/bin/universe          = unknown

PATH: /home/carolhanna/miniconda3/bin
PATH: /home/carolhanna/miniconda3/condabin
PATH: /usr/local/sbin
PATH: /usr/local/bin
PATH: /usr/sbin
PATH: /usr/bin
PATH: /sbin
PATH: /bin
PATH: /usr/games
PATH: /usr/local/games
PATH: /snap/bin


## ----------- ##
## Core tests. ##
## ----------- ##

configure:2344: checking for a BSD-compatible install
configure:2412: result: /usr/bin/install -c
configure:2423: checking whether build environment is sane
configure:2473: result: yes
configure:2614: checking for a thread-safe mkdir -p
configure:2653: result: /bin/mkdir -p
configure:2666: checking for gawk
configure:2682: found /usr/bin/gawk
configure:2693: result: gawk
configure:2704: checking whether make sets $(MAKE)
configure:2726: result: yes
configure:2835: checking build system type
configure:2849: result: x86_64-unknown-linux-gnu
configure:2869: checking host system type
configure:2882: result: x86_64-unknown-linux-gnu
configure:2914: checking for style of include used by make
configure:2942: result: GNU
configure:3012: checking for gcc
configure:3028: found /usr/bin/gcc
configure:3039: result: gcc
configure:3268: checking for C compiler version
configure:3277: gcc --version >&5
gcc (Ubuntu 7.5.0-3ubuntu1~18.04) 7.5.0
Copyright (C) 2017 Free Software Foundation, Inc.
This is free software; see the source for copying conditions.  There is NO
warranty; not even for MERCHANTABILITY or FITNESS FOR A PARTICULAR PURPOSE.

configure:3288: $? = 0
configure:3277: gcc -v >&5
Using built-in specs.
COLLECT_GCC=gcc
COLLECT_LTO_WRAPPER=/usr/lib/gcc/x86_64-linux-gnu/7/lto-wrapper
OFFLOAD_TARGET_NAMES=nvptx-none
OFFLOAD_TARGET_DEFAULT=1
Target: x86_64-linux-gnu
Configured with: ../src/configure -v --with-pkgversion='Ubuntu 7.5.0-3ubuntu1~18.04' --with-bugurl=file:///usr/share/doc/gcc-7/README.Bugs --enable-languages=c,ada,c++,go,brig,d,fortran,objc,obj-c++ --prefix=/usr --with-gcc-major-version-only --program-suffix=-7 --program-prefix=x86_64-linux-gnu- --enable-shared --enable-linker-build-id --libexecdir=/usr/lib --without-included-gettext --enable-threads=posix --libdir=/usr/lib --enable-nls --enable-bootstrap --enable-clocale=gnu --enable-libstdcxx-debug --enable-libstdcxx-time=yes --with-default-libstdcxx-abi=new --enable-gnu-unique-object --disable-vtable-verify --enable-libmpx --enable-plugin --enable-default-pie --with-system-zlib --with-target-system-zlib --enable-objc-gc=auto --enable-multiarch --disable-werror --with-arch-32=i686 --with-abi=m64 --with-multilib-list=m32,m64,mx32 --enable-multilib --with-tune=generic --enable-offload-targets=nvptx-none --without-cuda-driver --enable-checking=release --build=x86_64-linux-gnu --host=x86_64-linux-gnu --target=x86_64-linux-gnu
Thread model: posix
gcc version 7.5.0 (Ubuntu 7.5.0-3ubuntu1~18.04) 
configure:3288: $? = 0
configure:3277: gcc -V >&5
gcc: error: unrecognized command line option '-V'
gcc: fatal error: no input files
compilation terminated.
configure:3288: $? = 1
configure:3277: gcc -qversion >&5
gcc: error: unrecognized command line option '-qversion'; did you mean '--version'?
gcc: fatal error: no input files
compilation terminated.
configure:3288: $? = 1
configure:3308: checking whether the C compiler works
configure:3330: gcc    conftest.c  >&5
configure:3334: $? = 0
configure:3383: result: yes
configure:3386: checking for C compiler default output file name
configure:3388: result: a.out
configure:3394: checking for suffix of executables
configure:3401: gcc -o conftest    conftest.c  >&5
configure:3405: $? = 0
configure:3427: result: 
configure:3449: checking whether we are cross compiling
configure:3457: gcc -o conftest    conftest.c  >&5
configure:3461: $? = 0
configure:3468: ./conftest
configure:3472: $? = 0
configure:3487: result: no
configure:3492: checking for suffix of object files
configure:3514: gcc -c   conftest.c >&5
configure:3518: $? = 0
configure:3539: result: o
configure:3543: checking whether we are using the GNU C compiler
configure:3562: gcc -c   conftest.c >&5
configure:3562: $? = 0
configure:3571: result: yes
configure:3580: checking whether gcc accepts -g
configure:3600: gcc -c -g  conftest.c >&5
configure:3600: $? = 0
configure:3641: result: yes
configure:3658: checking for gcc option to accept ISO C89
configure:3722: gcc  -c -g -O2  conftest.c >&5
configure:3722: $? = 0
configure:3735: result: none needed
configure:3757: checking dependency style of gcc
configure:3867: result: gcc3
configure:3882: checking for a sed that does not truncate output
configure:3946: result: /bin/sed
configure:3964: checking for grep that handles long lines and -e
configure:4022: result: /bin/grep
configure:4027: checking for egrep
configure:4089: result: /bin/grep -E
configure:4094: checking for fgrep
configure:4156: result: /bin/grep -F
configure:4191: checking for ld used by gcc
configure:4258: result: /usr/bin/ld
configure:4265: checking if the linker (/usr/bin/ld) is GNU ld
configure:4280: result: yes
configure:4292: checking for BSD- or MS-compatible name lister (nm)
configure:4341: result: /usr/bin/nm -B
configure:4459: checking the name lister (/usr/bin/nm -B) interface
configure:4466: gcc -c -g -O2  conftest.c >&5
configure:4469: /usr/bin/nm -B "conftest.o"
configure:4472: output
0000000000000000 B some_variable
configure:4479: result: BSD nm
configure:4482: checking whether ln -s works
configure:4486: result: yes
configure:4494: checking the maximum length of command line arguments
configure:4614: result: 1572864
configure:4631: checking whether the shell understands some XSI constructs
configure:4641: result: yes
configure:4645: checking whether the shell understands "+="
configure:4651: result: yes
configure:4686: checking for /usr/bin/ld option to reload object files
configure:4693: result: -r
configure:4720: checking how to recognize dependent libraries
configure:4910: result: pass_all
configure:4970: checking for ar
configure:4986: found /usr/bin/ar
configure:4997: result: ar
configure:5075: checking for strip
configure:5091: found /usr/bin/strip
configure:5102: result: strip
configure:5174: checking for ranlib
configure:5190: found /usr/bin/ranlib
configure:5201: result: ranlib
configure:5291: checking command to parse /usr/bin/nm -B output from gcc object
configure:5409: gcc -c -g -O2  conftest.c >&5
configure:5412: $? = 0
configure:5416: /usr/bin/nm -B conftest.o \| sed -n -e 's/^.*[	 ]\([ABCDGIRSTW][ABCDGIRSTW]*\)[	 ][	 ]*\([_A-Za-z][_A-Za-z0-9]*\)$/\1 \2 \2/p' \> conftest.nm
configure:5419: $? = 0
configure:5473: gcc -o conftest -g -O2   conftest.c conftstm.o >&5
configure:5476: $? = 0
configure:5514: result: ok
configure:5610: gcc -c -g -O2  conftest.c >&5
configure:5613: $? = 0
configure:6323: checking how to run the C preprocessor
configure:6354: gcc -E  conftest.c
configure:6354: $? = 0
configure:6368: gcc -E  conftest.c
conftest.c:11:10: fatal error: ac_nonexistent.h: No such file or directory
 #include <ac_nonexistent.h>
          ^~~~~~~~~~~~~~~~~~
compilation terminated.
configure:6368: $? = 1
configure: failed program was:
| /* confdefs.h */
| #define PACKAGE_NAME "gnufdisk-exception"
| #define PACKAGE_TARNAME "gnufdisk-exception"
| #define PACKAGE_VERSION "2.0.0"
| #define PACKAGE_STRING "gnufdisk-exception 2.0.0"
| #define PACKAGE_BUGREPORT "bug-fdisk@gnu.org"
| #define PACKAGE_URL ""
| #define PACKAGE "gnufdisk-exception"
| #define VERSION "2.0.0"
| /* end confdefs.h.  */
| #include <ac_nonexistent.h>
configure:6393: result: gcc -E
configure:6413: gcc -E  conftest.c
configure:6413: $? = 0
configure:6427: gcc -E  conftest.c
conftest.c:11:10: fatal error: ac_nonexistent.h: No such file or directory
 #include <ac_nonexistent.h>
          ^~~~~~~~~~~~~~~~~~
compilation terminated.
configure:6427: $? = 1
configure: failed program was:
| /* confdefs.h */
| #define PACKAGE_NAME "gnufdisk-exception"
| #define PACKAGE_TARNAME "gnufdisk-exception"
| #define PACKAGE_VERSION "2.0.0"
| #define PACKAGE_STRING "gnufdisk-exception 2.0.0"
| #define PACKAGE_BUGREPORT "bug-fdisk@gnu.org"
| #define PACKAGE_URL ""
| #define PACKAGE "gnufdisk-exception"
| #define VERSION "2.0.0"
| /* end confdefs.h.  */
| #include <ac_nonexistent.h>
configure:6456: checking for ANSI C header files
configure:6476: gcc -c -g -O2  conftest.c >&5
configure:6476: $? = 0
configure:6549: gcc -o conftest -g -O2   conftest.c  >&5
configure:6549: $? = 0
configure:6549: ./conftest
configure:6549: $? = 0
configure:6560: result: yes
configure:6573: checking for sys/types.h
configure:6573: gcc -c -g -O2  conftest.c >&5
configure:6573: $? = 0
configure:6573: result: yes
configure:6573: checking for sys/stat.h
configure:6573: gcc -c -g -O2  conftest.c >&5
configure:6573: $? = 0
configure:6573: result: yes
configure:6573: checking for stdlib.h
configure:6573: gcc -c -g -O2  conftest.c >&5
configure:6573: $? = 0
configure:6573: result: yes
configure:6573: checking for string.h
configure:6573: gcc -c -g -O2  conftest.c >&5
configure:6573: $? = 0
configure:6573: result: yes
configure:6573: checking for memory.h
configure:6573: gcc -c -g -O2  conftest.c >&5
configure:6573: $? = 0
configure:6573: result: yes
configure:6573: checking for strings.h
configure:6573: gcc -c -g -O2  conftest.c >&5
configure:6573: $? = 0
configure:6573: result: yes
configure:6573: checking for inttypes.h
configure:6573: gcc -c -g -O2  conftest.c >&5
configure:6573: $? = 0
configure:6573: result: yes
configure:6573: checking for stdint.h
configure:6573: gcc -c -g -O2  conftest.c >&5
configure:6573: $? = 0
configure:6573: result: yes
configure:6573: checking for unistd.h
configure:6573: gcc -c -g -O2  conftest.c >&5
configure:6573: $? = 0
configure:6573: result: yes
configure:6588: checking for dlfcn.h
configure:6588: gcc -c -g -O2  conftest.c >&5
configure:6588: $? = 0
configure:6588: result: yes
configure:6772: checking for objdir
configure:6787: result: .libs
configure:7083: checking if gcc supports -fno-rtti -fno-exceptions
configure:7101: gcc -c -g -O2  -fno-rtti -fno-exceptions conftest.c >&5
cc1: warning: command line option '-fno-rtti' is valid for C++/ObjC++ but not for C
configure:7105: $? = 0
configure:7118: result: no
configure:7138: checking for gcc option to produce PIC
configure:7395: result: -fPIC -DPIC
configure:7407: checking if gcc PIC flag -fPIC -DPIC works
configure:7425: gcc -c -g -O2  -fPIC -DPIC -DPIC conftest.c >&5
configure:7429: $? = 0
configure:7442: result: yes
configure:7466: checking if gcc static flag -static works
configure:7494: result: yes
configure:7509: checking if gcc supports -c -o file.o
configure:7530: gcc -c -g -O2  -o out/conftest2.o conftest.c >&5
configure:7534: $? = 0
configure:7556: result: yes
configure:7564: checking if gcc supports -c -o file.o
configure:7611: result: yes
configure:7644: checking whether the gcc linker (/usr/bin/ld -m elf_x86_64) supports shared libraries
configure:8623: result: yes
configure:8660: checking whether -lc should be explicitly linked in
configure:8665: gcc -c -g -O2  conftest.c >&5
configure:8668: $? = 0
configure:8683: gcc -shared conftest.o  -v -Wl,-soname -Wl,conftest -o conftest 2\>\&1 \| /bin/grep  -lc  \>/dev/null 2\>\&1
configure:8686: $? = 0
configure:8698: result: no
configure:8862: checking dynamic linker characteristics
configure:9295: gcc -o conftest -g -O2   -Wl,-rpath -Wl,/foo conftest.c  >&5
configure:9295: $? = 0
configure:9525: result: GNU/Linux ld.so
configure:9627: checking how to hardcode library paths into programs
configure:9652: result: immediate
configure:10180: checking whether stripping libraries is possible
configure:10185: result: yes
configure:10220: checking if libtool supports shared libraries
configure:10222: result: yes
configure:10225: checking whether to build shared libraries
configure:10246: result: yes
configure:10249: checking whether to build static libraries
configure:10253: result: yes
configure:10341: checking for gcc
configure:10368: result: gcc
configure:10597: checking for C compiler version
configure:10606: gcc --version >&5
gcc (Ubuntu 7.5.0-3ubuntu1~18.04) 7.5.0
Copyright (C) 2017 Free Software Foundation, Inc.
This is free software; see the source for copying conditions.  There is NO
warranty; not even for MERCHANTABILITY or FITNESS FOR A PARTICULAR PURPOSE.

configure:10617: $? = 0
configure:10606: gcc -v >&5
Using built-in specs.
COLLECT_GCC=gcc
COLLECT_LTO_WRAPPER=/usr/lib/gcc/x86_64-linux-gnu/7/lto-wrapper
OFFLOAD_TARGET_NAMES=nvptx-none
OFFLOAD_TARGET_DEFAULT=1
Target: x86_64-linux-gnu
Configured with: ../src/configure -v --with-pkgversion='Ubuntu 7.5.0-3ubuntu1~18.04' --with-bugurl=file:///usr/share/doc/gcc-7/README.Bugs --enable-languages=c,ada,c++,go,brig,d,fortran,objc,obj-c++ --prefix=/usr --with-gcc-major-version-only --program-suffix=-7 --program-prefix=x86_64-linux-gnu- --enable-shared --enable-linker-build-id --libexecdir=/usr/lib --without-included-gettext --enable-threads=posix --libdir=/usr/lib --enable-nls --enable-bootstrap --enable-clocale=gnu --enable-libstdcxx-debug --enable-libstdcxx-time=yes --with-default-libstdcxx-abi=new --enable-gnu-unique-object --disable-vtable-verify --enable-libmpx --enable-plugin --enable-default-pie --with-system-zlib --with-target-system-zlib --enable-objc-gc=auto --enable-multiarch --disable-werror --with-arch-32=i686 --with-abi=m64 --with-multilib-list=m32,m64,mx32 --enable-multilib --with-tune=generic --enable-offload-targets=nvptx-none --without-cuda-driver --enable-checking=release --build=x86_64-linux-gnu --host=x86_64-linux-gnu --target=x86_64-linux-gnu
Thread model: posix
gcc version 7.5.0 (Ubuntu 7.5.0-3ubuntu1~18.04) 
configure:10617: $? = 0
configure:10606: gcc -V >&5
gcc: error: unrecognized command line option '-V'
gcc: fatal error: no input files
compilation terminated.
configure:10617: $? = 1
configure:10606: gcc -qversion >&5
gcc: error: unrecognized command line option '-qversion'; did you mean '--version'?
gcc: fatal error: no input files
compilation terminated.
configure:10617: $? = 1
configure:10621: checking whether we are using the GNU C compiler
configure:10649: result: yes
configure:10658: checking whether gcc accepts -g
configure:10719: result: yes
configure:10736: checking for gcc option to accept ISO C89
configure:10813: result: none needed
configure:10835: checking dependency style of gcc
configure:10945: result: gcc3
configure:10961: checking whether gcc and cc understand -c and -o together
configure:10992: gcc -c conftest.c -o conftest2.o >&5
configure:10996: $? = 0
configure:11002: gcc -c conftest.c -o conftest2.o >&5
configure:11006: $? = 0
configure:11017: cc -c conftest.c >&5
configure:11021: $? = 0
configure:11029: cc -c conftest.c -o conftest2.o >&5
configure:11033: $? = 0
configure:11039: cc -c conftest.c -o conftest2.o >&5
configure:11043: $? = 0
configure:11061: result: yes
configure:11093: checking setjmp.h usability
configure:11093: gcc -c -g -O2  conftest.c >&5
configure:11093: $? = 0
configure:11093: result: yes
configure:11093: checking setjmp.h presence
configure:11093: gcc -E  conftest.c
configure:11093: $? = 0
configure:11093: result: yes
configure:11093: checking for setjmp.h
configure:11093: result: yes
configure:11093: checking for stdlib.h
configure:11093: result: yes
configure:11108: checking for stdlib.h
configure:11108: result: yes
configure:11118: checking for GNU libc compatible malloc
configure:11142: gcc -o conftest -g -O2   conftest.c  >&5
configure:11142: $? = 0
configure:11142: ./conftest
configure:11142: $? = 0
configure:11152: result: yes
configure:11175: checking for vsnprintf
configure:11175: gcc -o conftest -g -O2   conftest.c  >&5
conftest.c:50:6: warning: conflicting types for built-in function 'vsnprintf' [-Wbuiltin-declaration-mismatch]
 char vsnprintf ();
      ^~~~~~~~~
configure:11175: $? = 0
configure:11175: result: yes
configure:11187: checking wether jmp_buf works
configure:11224: gcc -o conftest -g -O2   conftest.c  >&5
configure:11224: $? = 0
configure:11224: ./conftest
configure:11224: $? = 0
configure:11225: result: yes
configure:11364: creating ./config.status

## ---------------------- ##
## Running config.status. ##
## ---------------------- ##

This file was extended by gnufdisk-exception config.status 2.0.0, which was
generated by GNU Autoconf 2.65.  Invocation command line was

  CONFIG_FILES    = 
  CONFIG_HEADERS  = 
  CONFIG_LINKS    = 
  CONFIG_COMMANDS = 
  $ ./config.status 

on rishon

config.status:1107: creating Makefile
config.status:1107: creating src/Makefile
config.status:1107: creating src/config.h
config.status:1327: executing depfiles commands
config.status:1327: executing libtool commands

## ---------------- ##
## Cache variables. ##
## ---------------- ##

ac_cv_build=x86_64-unknown-linux-gnu
ac_cv_c_compiler_gnu=yes
ac_cv_env_CC_set=
ac_cv_env_CC_value=
ac_cv_env_CFLAGS_set=
ac_cv_env_CFLAGS_value=
ac_cv_env_CPPFLAGS_set=
ac_cv_env_CPPFLAGS_value=
ac_cv_env_CPP_set=
ac_cv_env_CPP_value=
ac_cv_env_LDFLAGS_set=
ac_cv_env_LDFLAGS_value=
ac_cv_env_LIBS_set=
ac_cv_env_LIBS_value=
ac_cv_env_build_alias_set=
ac_cv_env_build_alias_value=
ac_cv_env_host_alias_set=
ac_cv_env_host_alias_value=
ac_cv_env_target_alias_set=
ac_cv_env_target_alias_value=
ac_cv_func_malloc_0_nonnull=yes
ac_cv_func_vsnprintf=yes
ac_cv_header_dlfcn_h=yes
ac_cv_header_inttypes_h=yes
ac_cv_header_memory_h=yes
ac_cv_header_setjmp_h=yes
ac_cv_header_stdc=yes
ac_cv_header_stdint_h=yes
ac_cv_header_stdlib_h=yes
ac_cv_header_string_h=yes
ac_cv_header_strings_h=yes
ac_cv_header_sys_stat_h=yes
ac_cv_header_sys_types_h=yes
ac_cv_header_unistd_h=yes
ac_cv_host=x86_64-unknown-linux-gnu
ac_cv_objext=o
ac_cv_path_EGREP='/bin/grep -E'
ac_cv_path_FGREP='/bin/grep -F'
ac_cv_path_GREP=/bin/grep
ac_cv_path_SED=/bin/sed
ac_cv_path_install='/usr/bin/install -c'
ac_cv_path_mkdir=/bin/mkdir
ac_cv_prog_AWK=gawk
ac_cv_prog_CPP='gcc -E'
ac_cv_prog_ac_ct_AR=ar
ac_cv_prog_ac_ct_CC=gcc
ac_cv_prog_ac_ct_RANLIB=ranlib
ac_cv_prog_ac_ct_STRIP=strip
ac_cv_prog_cc_c89=
ac_cv_prog_cc_g=yes
ac_cv_prog_cc_gcc_c_o=yes
ac_cv_prog_make_make_set=yes
am_cv_CC_dependencies_compiler_type=gcc3
lt_cv_deplibs_check_method=pass_all
lt_cv_file_magic_cmd='$MAGIC_CMD'
lt_cv_file_magic_test_file=
lt_cv_ld_reload_flag=-r
lt_cv_nm_interface='BSD nm'
lt_cv_objdir=.libs
lt_cv_path_LD=/usr/bin/ld
lt_cv_path_NM='/usr/bin/nm -B'
lt_cv_prog_compiler_c_o=yes
lt_cv_prog_compiler_pic_works=yes
lt_cv_prog_compiler_rtti_exceptions=no
lt_cv_prog_compiler_static_works=yes
lt_cv_prog_gnu_ld=yes
lt_cv_sys_global_symbol_pipe='sed -n -e '\''s/^.*[	 ]\([ABCDGIRSTW][ABCDGIRSTW]*\)[	 ][	 ]*\([_A-Za-z][_A-Za-z0-9]*\)$/\1 \2 \2/p'\'''
lt_cv_sys_global_symbol_to_c_name_address='sed -n -e '\''s/^: \([^ ]*\) $/  {\"\1\", (void *) 0},/p'\'' -e '\''s/^[ABCDGIRSTW]* \([^ ]*\) \([^ ]*\)$/  {"\2", (void *) \&\2},/p'\'''
lt_cv_sys_global_symbol_to_c_name_address_lib_prefix='sed -n -e '\''s/^: \([^ ]*\) $/  {\"\1\", (void *) 0},/p'\'' -e '\''s/^[ABCDGIRSTW]* \([^ ]*\) \(lib[^ ]*\)$/  {"\2", (void *) \&\2},/p'\'' -e '\''s/^[ABCDGIRSTW]* \([^ ]*\) \([^ ]*\)$/  {"lib\2", (void *) \&\2},/p'\'''
lt_cv_sys_global_symbol_to_cdecl='sed -n -e '\''s/^T .* \(.*\)$/extern int \1();/p'\'' -e '\''s/^[ABCDGIRSTW]* .* \(.*\)$/extern char \1;/p'\'''
lt_cv_sys_max_cmd_len=1572864

## ----------------- ##
## Output variables. ##
## ----------------- ##

ACLOCAL='${SHELL} /home/carolhanna/Security_Project/gnu_dataset/gnufdisk-2.0.0a/exception/autoconf/missing --run aclocal-1.11'
AMDEPBACKSLASH='\'
AMDEP_FALSE='#'
AMDEP_TRUE=''
AMTAR='${SHELL} /home/carolhanna/Security_Project/gnu_dataset/gnufdisk-2.0.0a/exception/autoconf/missing --run tar'
AR='ar'
AUTOCONF='${SHELL} /home/carolhanna/Security_Project/gnu_dataset/gnufdisk-2.0.0a/exception/autoconf/missing --run autoconf'
AUTOHEADER='${SHELL} /home/carolhanna/Security_Project/gnu_dataset/gnufdisk-2.0.0a/exception/autoconf/missing --run autoheader'
AUTOMAKE='${SHELL} /home/carolhanna/Security_Project/gnu_dataset/gnufdisk-2.0.0a/exception/autoconf/missing --run automake-1.11'
AWK='gawk'
CC='gcc'
CCDEPMODE='depmode=gcc3'
CFLAGS='-g -O2'
CPP='gcc -E'
CPPFLAGS=''
CYGPATH_W='echo'
DEFS='-DHAVE_CONFIG_H'
DEPDIR='.deps'
DSYMUTIL=''
DUMPBIN=''
ECHO_C=''
ECHO_N='-n'
ECHO_T=''
EGREP='/bin/grep -E'
EXEEXT=''
FGREP='/bin/grep -F'
GREP='/bin/grep'
INSTALL_DATA='${INSTALL} -m 644'
INSTALL_PROGRAM='${INSTALL}'
INSTALL_SCRIPT='${INSTALL}'
INSTALL_STRIP_PROGRAM='$(install_sh) -c -s'
LD='/usr/bin/ld -m elf_x86_64'
LDFLAGS=''
LIBOBJS=''
LIBS=''
LIBTOOL='$(SHELL) $(top_builddir)/libtool'
LIPO=''
LN_S='ln -s'
LTLIBOBJS=''
MAKEINFO='${SHELL} /home/carolhanna/Security_Project/gnu_dataset/gnufdisk-2.0.0a/exception/autoconf/missing --run makeinfo'
MKDIR_P='/bin/mkdir -p'
NM='/usr/bin/nm -B'
NMEDIT=''
OBJEXT='o'
OTOOL64=''
OTOOL=''
PACKAGE='gnufdisk-exception'
PACKAGE_BUGREPORT='bug-fdisk@gnu.org'
PACKAGE_NAME='gnufdisk-exception'
PACKAGE_STRING='gnufdisk-exception 2.0.0'
PACKAGE_TARNAME='gnufdisk-exception'
PACKAGE_URL=''
PACKAGE_VERSION='2.0.0'
PATH_SEPARATOR=':'
RANLIB='ranlib'
SED='/bin/sed'
SET_MAKE=''
SHELL='/bin/bash'
STRIP='strip'
VERSION='2.0.0'
ac_ct_CC='gcc'
ac_ct_DUMPBIN=''
am__EXEEXT_FALSE=''
am__EXEEXT_TRUE='#'
am__fastdepCC_FALSE='#'
am__fastdepCC_TRUE=''
am__include='include'
am__isrc=''
am__leading_dot='.'
am__quote=''
am__tar='${AMTAR} chof - "$$tardir"'
am__untar='${AMTAR} xf -'
bindir='${exec_prefix}/bin'
build='x86_64-unknown-linux-gnu'
build_alias=''
build_cpu='x86_64'
build_os='linux-gnu'
build_vendor='unknown'
datadir='${datarootdir}'
datarootdir='${prefix}/share'
docdir='${datarootdir}/doc/${PACKAGE_TARNAME}'
dvidir='${docdir}'
exec_prefix='${prefix}'
host='x86_64-unknown-linux-gnu'
host_alias=''
host_cpu='x86_64'
host_os='linux-gnu'
host_vendor='unknown'
htmldir='${docdir}'
includedir='${prefix}/include'
infodir='${datarootdir}/info'
install_sh='${SHELL} /home/carolhanna/Security_Project/gnu_dataset/gnufdisk-2.0.0a/exception/autoconf/install-sh'
libdir='${exec_prefix}/lib'
libexecdir='${exec_prefix}/libexec'
localedir='${datarootdir}/locale'
localstatedir='${prefix}/var'
lt_ECHO='echo'
mandir='${datarootdir}/man'
mkdir_p='/bin/mkdir -p'
oldincludedir='/usr/include'
pdfdir='${docdir}'
prefix='/usr/local'
program_transform_name='s,x,x,'
psdir='${docdir}'
sbindir='${exec_prefix}/sbin'
sharedstatedir='${prefix}/com'
sysconfdir='${prefix}/etc'
target_alias=''

## ----------- ##
## confdefs.h. ##
## ----------- ##

/* confdefs.h */
#define PACKAGE_NAME "gnufdisk-exception"
#define PACKAGE_TARNAME "gnufdisk-exception"
#define PACKAGE_VERSION "2.0.0"
#define PACKAGE_STRING "gnufdisk-exception 2.0.0"
#define PACKAGE_BUGREPORT "bug-fdisk@gnu.org"
#define PACKAGE_URL ""
#define PACKAGE "gnufdisk-exception"
#define VERSION "2.0.0"
#define STDC_HEADERS 1
#define HAVE_SYS_TYPES_H 1
#define HAVE_SYS_STAT_H 1
#define HAVE_STDLIB_H 1
#define HAVE_STRING_H 1
#define HAVE_MEMORY_H 1
#define HAVE_STRINGS_H 1
#define HAVE_INTTYPES_H 1
#define HAVE_STDINT_H 1
#define HAVE_UNISTD_H 1
#define HAVE_DLFCN_H 1
#define LT_OBJDIR ".libs/"
#define HAVE_SETJMP_H 1
#define HAVE_STDLIB_H 1
#define HAVE_STDLIB_H 1
#define HAVE_MALLOC 1
#define HAVE_VSNPRINTF 1

configure: exit 0
