This file contains any messages produced by compilers while
running configure, to aid debugging if configure makes a mistake.

It was created by fontopia configure 1.8, which was
generated by GNU Autoconf 2.69.  Invocation command line was

  $ ./configure 

## --------- ##
## Platform. ##
## --------- ##

hostname = rishon
uname -m = x86_64
uname -r = 4.15.0-72-generic
uname -s = Linux
uname -v = #81-Ubuntu SMP Tue Nov 26 12:20:02 UTC 2019

/usr/bin/uname -p = unknown
/bin/uname -X     = unknown

/bin/arch              = unknown
/usr/bin/arch -k       = unknown
/usr/convex/getsysinfo = unknown
/usr/bin/hostinfo      = unknown
/bin/machine           = unknown
/usr/bin/oslevel       = unknown
/bin/universe          = unknown

PATH: /home/carolhanna/miniconda3/bin
PATH: /home/carolhanna/miniconda3/condabin
PATH: /usr/local/sbin
PATH: /usr/local/bin
PATH: /usr/sbin
PATH: /usr/bin
PATH: /sbin
PATH: /bin
PATH: /usr/games
PATH: /usr/local/games
PATH: /snap/bin


## ----------- ##
## Core tests. ##
## ----------- ##

configure:2453: checking for a BSD-compatible install
configure:2521: result: /usr/bin/install -c
configure:2532: checking whether build environment is sane
configure:2587: result: yes
configure:2738: checking for a thread-safe mkdir -p
configure:2777: result: /bin/mkdir -p
configure:2784: checking for gawk
configure:2800: found /usr/bin/gawk
configure:2811: result: gawk
configure:2822: checking whether make sets $(MAKE)
configure:2844: result: yes
configure:2873: checking whether make supports nested variables
configure:2890: result: yes
configure:3028: checking for style of include used by make
configure:3056: result: GNU
configure:3127: checking for gcc
configure:3143: found /usr/bin/gcc
configure:3154: result: gcc
configure:3383: checking for C compiler version
configure:3392: gcc --version >&5
gcc (Ubuntu 7.5.0-3ubuntu1~18.04) 7.5.0
Copyright (C) 2017 Free Software Foundation, Inc.
This is free software; see the source for copying conditions.  There is NO
warranty; not even for MERCHANTABILITY or FITNESS FOR A PARTICULAR PURPOSE.

configure:3403: $? = 0
configure:3392: gcc -v >&5
Using built-in specs.
COLLECT_GCC=gcc
COLLECT_LTO_WRAPPER=/usr/lib/gcc/x86_64-linux-gnu/7/lto-wrapper
OFFLOAD_TARGET_NAMES=nvptx-none
OFFLOAD_TARGET_DEFAULT=1
Target: x86_64-linux-gnu
Configured with: ../src/configure -v --with-pkgversion='Ubuntu 7.5.0-3ubuntu1~18.04' --with-bugurl=file:///usr/share/doc/gcc-7/README.Bugs --enable-languages=c,ada,c++,go,brig,d,fortran,objc,obj-c++ --prefix=/usr --with-gcc-major-version-only --program-suffix=-7 --program-prefix=x86_64-linux-gnu- --enable-shared --enable-linker-build-id --libexecdir=/usr/lib --without-included-gettext --enable-threads=posix --libdir=/usr/lib --enable-nls --enable-bootstrap --enable-clocale=gnu --enable-libstdcxx-debug --enable-libstdcxx-time=yes --with-default-libstdcxx-abi=new --enable-gnu-unique-object --disable-vtable-verify --enable-libmpx --enable-plugin --enable-default-pie --with-system-zlib --with-target-system-zlib --enable-objc-gc=auto --enable-multiarch --disable-werror --with-arch-32=i686 --with-abi=m64 --with-multilib-list=m32,m64,mx32 --enable-multilib --with-tune=generic --enable-offload-targets=nvptx-none --without-cuda-driver --enable-checking=release --build=x86_64-linux-gnu --host=x86_64-linux-gnu --target=x86_64-linux-gnu
Thread model: posix
gcc version 7.5.0 (Ubuntu 7.5.0-3ubuntu1~18.04) 
configure:3403: $? = 0
configure:3392: gcc -V >&5
gcc: error: unrecognized command line option '-V'
gcc: fatal error: no input files
compilation terminated.
configure:3403: $? = 1
configure:3392: gcc -qversion >&5
gcc: error: unrecognized command line option '-qversion'; did you mean '--version'?
gcc: fatal error: no input files
compilation terminated.
configure:3403: $? = 1
configure:3423: checking whether the C compiler works
configure:3445: gcc    conftest.c  >&5
configure:3449: $? = 0
configure:3497: result: yes
configure:3500: checking for C compiler default output file name
configure:3502: result: a.out
configure:3508: checking for suffix of executables
configure:3515: gcc -o conftest    conftest.c  >&5
configure:3519: $? = 0
configure:3541: result: 
configure:3563: checking whether we are cross compiling
configure:3571: gcc -o conftest    conftest.c  >&5
configure:3575: $? = 0
configure:3582: ./conftest
configure:3586: $? = 0
configure:3601: result: no
configure:3606: checking for suffix of object files
configure:3628: gcc -c   conftest.c >&5
configure:3632: $? = 0
configure:3653: result: o
configure:3657: checking whether we are using the GNU C compiler
configure:3676: gcc -c   conftest.c >&5
configure:3676: $? = 0
configure:3685: result: yes
configure:3694: checking whether gcc accepts -g
configure:3714: gcc -c -g  conftest.c >&5
configure:3714: $? = 0
configure:3755: result: yes
configure:3772: checking for gcc option to accept ISO C89
configure:3835: gcc  -c -g -O2  conftest.c >&5
configure:3835: $? = 0
configure:3848: result: none needed
configure:3873: checking whether gcc understands -c and -o together
configure:3895: gcc -c conftest.c -o conftest2.o
configure:3898: $? = 0
configure:3895: gcc -c conftest.c -o conftest2.o
configure:3898: $? = 0
configure:3910: result: yes
configure:3929: checking dependency style of gcc
configure:4040: result: gcc3
configure:4105: checking for ar
configure:4121: found /usr/bin/ar
configure:4132: result: ar
configure:4158: checking the archiver (ar) interface
configure:4174: gcc -c -g -O2  conftest.c >&5
configure:4174: $? = 0
configure:4176: ar cru libconftest.a conftest.o >&5
ar: `u' modifier ignored since `D' is the default (see `U')
configure:4179: $? = 0
configure:4207: result: ar
configure:4256: checking build system type
configure:4270: result: x86_64-pc-linux-gnu
configure:4290: checking host system type
configure:4303: result: x86_64-pc-linux-gnu
configure:4344: checking how to print strings
configure:4371: result: printf
configure:4392: checking for a sed that does not truncate output
configure:4456: result: /bin/sed
configure:4474: checking for grep that handles long lines and -e
configure:4532: result: /bin/grep
configure:4537: checking for egrep
configure:4599: result: /bin/grep -E
configure:4604: checking for fgrep
configure:4666: result: /bin/grep -F
configure:4701: checking for ld used by gcc
configure:4768: result: /usr/bin/ld
configure:4775: checking if the linker (/usr/bin/ld) is GNU ld
configure:4790: result: yes
configure:4802: checking for BSD- or MS-compatible name lister (nm)
configure:4856: result: /usr/bin/nm -B
configure:4986: checking the name lister (/usr/bin/nm -B) interface
configure:4993: gcc -c -g -O2  conftest.c >&5
configure:4996: /usr/bin/nm -B "conftest.o"
configure:4999: output
0000000000000000 B some_variable
configure:5006: result: BSD nm
configure:5009: checking whether ln -s works
configure:5013: result: yes
configure:5021: checking the maximum length of command line arguments
configure:5152: result: 1572864
configure:5200: checking how to convert x86_64-pc-linux-gnu file names to x86_64-pc-linux-gnu format
configure:5240: result: func_convert_file_noop
configure:5247: checking how to convert x86_64-pc-linux-gnu file names to toolchain format
configure:5267: result: func_convert_file_noop
configure:5274: checking for /usr/bin/ld option to reload object files
configure:5281: result: -r
configure:5355: checking for objdump
configure:5371: found /usr/bin/objdump
configure:5382: result: objdump
configure:5414: checking how to recognize dependent libraries
configure:5614: result: pass_all
configure:5699: checking for dlltool
configure:5729: result: no
configure:5759: checking how to associate runtime and link libraries
configure:5786: result: printf %s\n
configure:5910: checking for archiver @FILE support
configure:5927: gcc -c -g -O2  conftest.c >&5
configure:5927: $? = 0
configure:5930: ar cru libconftest.a @conftest.lst >&5
ar: `u' modifier ignored since `D' is the default (see `U')
configure:5933: $? = 0
configure:5938: ar cru libconftest.a @conftest.lst >&5
ar: `u' modifier ignored since `D' is the default (see `U')
ar: conftest.o: No such file or directory
configure:5941: $? = 1
configure:5953: result: @
configure:6011: checking for strip
configure:6027: found /usr/bin/strip
configure:6038: result: strip
configure:6110: checking for ranlib
configure:6126: found /usr/bin/ranlib
configure:6137: result: ranlib
configure:6239: checking command to parse /usr/bin/nm -B output from gcc object
configure:6392: gcc -c -g -O2  conftest.c >&5
configure:6395: $? = 0
configure:6399: /usr/bin/nm -B conftest.o \| sed -n -e 's/^.*[ ]\([ABCDGIRSTW][ABCDGIRSTW]*\)[ ][ ]*\([_A-Za-z][_A-Za-z0-9]*\)$/\1 \2 \2/p' | sed '/ __gnu_lto/d' \> conftest.nm
configure:6402: $? = 0
configure:6468: gcc -o conftest -g -O2   conftest.c conftstm.o >&5
configure:6471: $? = 0
configure:6509: result: ok
configure:6556: checking for sysroot
configure:6586: result: no
configure:6593: checking for a working dd
configure:6631: result: /bin/dd
configure:6635: checking how to truncate binary pipes
configure:6650: result: /bin/dd bs=4096 count=1
configure:6786: gcc -c -g -O2  conftest.c >&5
configure:6789: $? = 0
configure:6979: checking for mt
configure:6995: found /bin/mt
configure:7006: result: mt
configure:7029: checking if mt is a manifest tool
configure:7035: mt '-?'
configure:7043: result: no
configure:7720: checking how to run the C preprocessor
configure:7751: gcc -E  conftest.c
configure:7751: $? = 0
configure:7765: gcc -E  conftest.c
conftest.c:11:10: fatal error: ac_nonexistent.h: No such file or directory
 #include <ac_nonexistent.h>
          ^~~~~~~~~~~~~~~~~~
compilation terminated.
configure:7765: $? = 1
configure: failed program was:
| /* confdefs.h */
| #define PACKAGE_NAME "fontopia"
| #define PACKAGE_TARNAME "fontopia"
| #define PACKAGE_VERSION "1.8"
| #define PACKAGE_STRING "fontopia 1.8"
| #define PACKAGE_BUGREPORT "mohammed_isam1984@yahoo.com"
| #define PACKAGE_URL ""
| #define PACKAGE "fontopia"
| #define VERSION "1.8"
| /* end confdefs.h.  */
| #include <ac_nonexistent.h>
configure:7790: result: gcc -E
configure:7810: gcc -E  conftest.c
configure:7810: $? = 0
configure:7824: gcc -E  conftest.c
conftest.c:11:10: fatal error: ac_nonexistent.h: No such file or directory
 #include <ac_nonexistent.h>
          ^~~~~~~~~~~~~~~~~~
compilation terminated.
configure:7824: $? = 1
configure: failed program was:
| /* confdefs.h */
| #define PACKAGE_NAME "fontopia"
| #define PACKAGE_TARNAME "fontopia"
| #define PACKAGE_VERSION "1.8"
| #define PACKAGE_STRING "fontopia 1.8"
| #define PACKAGE_BUGREPORT "mohammed_isam1984@yahoo.com"
| #define PACKAGE_URL ""
| #define PACKAGE "fontopia"
| #define VERSION "1.8"
| /* end confdefs.h.  */
| #include <ac_nonexistent.h>
configure:7853: checking for ANSI C header files
configure:7873: gcc -c -g -O2  conftest.c >&5
configure:7873: $? = 0
configure:7946: gcc -o conftest -g -O2   conftest.c  >&5
configure:7946: $? = 0
configure:7946: ./conftest
configure:7946: $? = 0
configure:7957: result: yes
configure:7970: checking for sys/types.h
configure:7970: gcc -c -g -O2  conftest.c >&5
configure:7970: $? = 0
configure:7970: result: yes
configure:7970: checking for sys/stat.h
configure:7970: gcc -c -g -O2  conftest.c >&5
configure:7970: $? = 0
configure:7970: result: yes
configure:7970: checking for stdlib.h
configure:7970: gcc -c -g -O2  conftest.c >&5
configure:7970: $? = 0
configure:7970: result: yes
configure:7970: checking for string.h
configure:7970: gcc -c -g -O2  conftest.c >&5
configure:7970: $? = 0
configure:7970: result: yes
configure:7970: checking for memory.h
configure:7970: gcc -c -g -O2  conftest.c >&5
configure:7970: $? = 0
configure:7970: result: yes
configure:7970: checking for strings.h
configure:7970: gcc -c -g -O2  conftest.c >&5
configure:7970: $? = 0
configure:7970: result: yes
configure:7970: checking for inttypes.h
configure:7970: gcc -c -g -O2  conftest.c >&5
configure:7970: $? = 0
configure:7970: result: yes
configure:7970: checking for stdint.h
configure:7970: gcc -c -g -O2  conftest.c >&5
configure:7970: $? = 0
configure:7970: result: yes
configure:7970: checking for unistd.h
configure:7970: gcc -c -g -O2  conftest.c >&5
configure:7970: $? = 0
configure:7970: result: yes
configure:7984: checking for dlfcn.h
configure:7984: gcc -c -g -O2  conftest.c >&5
configure:7984: $? = 0
configure:7984: result: yes
configure:8240: checking for objdir
configure:8255: result: .libs
configure:8519: checking if gcc supports -fno-rtti -fno-exceptions
configure:8537: gcc -c -g -O2  -fno-rtti -fno-exceptions conftest.c >&5
cc1: warning: command line option '-fno-rtti' is valid for C++/ObjC++ but not for C
configure:8541: $? = 0
configure:8554: result: no
configure:8912: checking for gcc option to produce PIC
configure:8919: result: -fPIC -DPIC
configure:8927: checking if gcc PIC flag -fPIC -DPIC works
configure:8945: gcc -c -g -O2  -fPIC -DPIC -DPIC conftest.c >&5
configure:8949: $? = 0
configure:8962: result: yes
configure:8991: checking if gcc static flag -static works
configure:9019: result: yes
configure:9034: checking if gcc supports -c -o file.o
configure:9055: gcc -c -g -O2  -o out/conftest2.o conftest.c >&5
configure:9059: $? = 0
configure:9081: result: yes
configure:9089: checking if gcc supports -c -o file.o
configure:9136: result: yes
configure:9169: checking whether the gcc linker (/usr/bin/ld -m elf_x86_64) supports shared libraries
configure:10428: result: yes
configure:10465: checking whether -lc should be explicitly linked in
configure:10473: gcc -c -g -O2  conftest.c >&5
configure:10476: $? = 0
configure:10491: gcc -shared  -fPIC -DPIC conftest.o  -v -Wl,-soname -Wl,conftest -o conftest 2\>\&1 \| /bin/grep  -lc  \>/dev/null 2\>\&1
configure:10494: $? = 0
configure:10508: result: no
configure:10668: checking dynamic linker characteristics
configure:11249: gcc -o conftest -g -O2   -Wl,-rpath -Wl,/foo conftest.c  >&5
configure:11249: $? = 0
configure:11489: result: GNU/Linux ld.so
configure:11611: checking how to hardcode library paths into programs
configure:11636: result: immediate
configure:12184: checking whether stripping libraries is possible
configure:12189: result: yes
configure:12224: checking if libtool supports shared libraries
configure:12226: result: yes
configure:12229: checking whether to build shared libraries
configure:12254: result: yes
configure:12257: checking whether to build static libraries
configure:12261: result: yes
configure:12348: checking for gcc
configure:12375: result: gcc
configure:12604: checking for C compiler version
configure:12613: gcc --version >&5
gcc (Ubuntu 7.5.0-3ubuntu1~18.04) 7.5.0
Copyright (C) 2017 Free Software Foundation, Inc.
This is free software; see the source for copying conditions.  There is NO
warranty; not even for MERCHANTABILITY or FITNESS FOR A PARTICULAR PURPOSE.

configure:12624: $? = 0
configure:12613: gcc -v >&5
Using built-in specs.
COLLECT_GCC=gcc
COLLECT_LTO_WRAPPER=/usr/lib/gcc/x86_64-linux-gnu/7/lto-wrapper
OFFLOAD_TARGET_NAMES=nvptx-none
OFFLOAD_TARGET_DEFAULT=1
Target: x86_64-linux-gnu
Configured with: ../src/configure -v --with-pkgversion='Ubuntu 7.5.0-3ubuntu1~18.04' --with-bugurl=file:///usr/share/doc/gcc-7/README.Bugs --enable-languages=c,ada,c++,go,brig,d,fortran,objc,obj-c++ --prefix=/usr --with-gcc-major-version-only --program-suffix=-7 --program-prefix=x86_64-linux-gnu- --enable-shared --enable-linker-build-id --libexecdir=/usr/lib --without-included-gettext --enable-threads=posix --libdir=/usr/lib --enable-nls --enable-bootstrap --enable-clocale=gnu --enable-libstdcxx-debug --enable-libstdcxx-time=yes --with-default-libstdcxx-abi=new --enable-gnu-unique-object --disable-vtable-verify --enable-libmpx --enable-plugin --enable-default-pie --with-system-zlib --with-target-system-zlib --enable-objc-gc=auto --enable-multiarch --disable-werror --with-arch-32=i686 --with-abi=m64 --with-multilib-list=m32,m64,mx32 --enable-multilib --with-tune=generic --enable-offload-targets=nvptx-none --without-cuda-driver --enable-checking=release --build=x86_64-linux-gnu --host=x86_64-linux-gnu --target=x86_64-linux-gnu
Thread model: posix
gcc version 7.5.0 (Ubuntu 7.5.0-3ubuntu1~18.04) 
configure:12624: $? = 0
configure:12613: gcc -V >&5
gcc: error: unrecognized command line option '-V'
gcc: fatal error: no input files
compilation terminated.
configure:12624: $? = 1
configure:12613: gcc -qversion >&5
gcc: error: unrecognized command line option '-qversion'; did you mean '--version'?
gcc: fatal error: no input files
compilation terminated.
configure:12624: $? = 1
configure:12628: checking whether we are using the GNU C compiler
configure:12656: result: yes
configure:12665: checking whether gcc accepts -g
configure:12726: result: yes
configure:12743: checking for gcc option to accept ISO C89
configure:12819: result: none needed
configure:12844: checking whether gcc understands -c and -o together
configure:12881: result: yes
configure:12900: checking dependency style of gcc
configure:13011: result: gcc3
configure:13084: checking for g++
configure:13100: found /usr/bin/g++
configure:13111: result: g++
configure:13138: checking for C++ compiler version
configure:13147: g++ --version >&5
g++ (Ubuntu 7.5.0-3ubuntu1~18.04) 7.5.0
Copyright (C) 2017 Free Software Foundation, Inc.
This is free software; see the source for copying conditions.  There is NO
warranty; not even for MERCHANTABILITY or FITNESS FOR A PARTICULAR PURPOSE.

configure:13158: $? = 0
configure:13147: g++ -v >&5
Using built-in specs.
COLLECT_GCC=g++
COLLECT_LTO_WRAPPER=/usr/lib/gcc/x86_64-linux-gnu/7/lto-wrapper
OFFLOAD_TARGET_NAMES=nvptx-none
OFFLOAD_TARGET_DEFAULT=1
Target: x86_64-linux-gnu
Configured with: ../src/configure -v --with-pkgversion='Ubuntu 7.5.0-3ubuntu1~18.04' --with-bugurl=file:///usr/share/doc/gcc-7/README.Bugs --enable-languages=c,ada,c++,go,brig,d,fortran,objc,obj-c++ --prefix=/usr --with-gcc-major-version-only --program-suffix=-7 --program-prefix=x86_64-linux-gnu- --enable-shared --enable-linker-build-id --libexecdir=/usr/lib --without-included-gettext --enable-threads=posix --libdir=/usr/lib --enable-nls --enable-bootstrap --enable-clocale=gnu --enable-libstdcxx-debug --enable-libstdcxx-time=yes --with-default-libstdcxx-abi=new --enable-gnu-unique-object --disable-vtable-verify --enable-libmpx --enable-plugin --enable-default-pie --with-system-zlib --with-target-system-zlib --enable-objc-gc=auto --enable-multiarch --disable-werror --with-arch-32=i686 --with-abi=m64 --with-multilib-list=m32,m64,mx32 --enable-multilib --with-tune=generic --enable-offload-targets=nvptx-none --without-cuda-driver --enable-checking=release --build=x86_64-linux-gnu --host=x86_64-linux-gnu --target=x86_64-linux-gnu
Thread model: posix
gcc version 7.5.0 (Ubuntu 7.5.0-3ubuntu1~18.04) 
configure:13158: $? = 0
configure:13147: g++ -V >&5
g++: error: unrecognized command line option '-V'
g++: fatal error: no input files
compilation terminated.
configure:13158: $? = 1
configure:13147: g++ -qversion >&5
g++: error: unrecognized command line option '-qversion'; did you mean '--version'?
g++: fatal error: no input files
compilation terminated.
configure:13158: $? = 1
configure:13162: checking whether we are using the GNU C++ compiler
configure:13181: g++ -c   conftest.cpp >&5
configure:13181: $? = 0
configure:13190: result: yes
configure:13199: checking whether g++ accepts -g
configure:13219: g++ -c -g  conftest.cpp >&5
configure:13219: $? = 0
configure:13260: result: yes
configure:13285: checking dependency style of g++
configure:13396: result: gcc3
configure:13429: checking how to run the C++ preprocessor
configure:13456: g++ -E  conftest.cpp
configure:13456: $? = 0
configure:13470: g++ -E  conftest.cpp
conftest.cpp:23:10: fatal error: ac_nonexistent.h: No such file or directory
 #include <ac_nonexistent.h>
          ^~~~~~~~~~~~~~~~~~
compilation terminated.
configure:13470: $? = 1
configure: failed program was:
| /* confdefs.h */
| #define PACKAGE_NAME "fontopia"
| #define PACKAGE_TARNAME "fontopia"
| #define PACKAGE_VERSION "1.8"
| #define PACKAGE_STRING "fontopia 1.8"
| #define PACKAGE_BUGREPORT "mohammed_isam1984@yahoo.com"
| #define PACKAGE_URL ""
| #define PACKAGE "fontopia"
| #define VERSION "1.8"
| #define STDC_HEADERS 1
| #define HAVE_SYS_TYPES_H 1
| #define HAVE_SYS_STAT_H 1
| #define HAVE_STDLIB_H 1
| #define HAVE_STRING_H 1
| #define HAVE_MEMORY_H 1
| #define HAVE_STRINGS_H 1
| #define HAVE_INTTYPES_H 1
| #define HAVE_STDINT_H 1
| #define HAVE_UNISTD_H 1
| #define HAVE_DLFCN_H 1
| #define LT_OBJDIR ".libs/"
| /* end confdefs.h.  */
| #include <ac_nonexistent.h>
configure:13495: result: g++ -E
configure:13515: g++ -E  conftest.cpp
configure:13515: $? = 0
configure:13529: g++ -E  conftest.cpp
conftest.cpp:23:10: fatal error: ac_nonexistent.h: No such file or directory
 #include <ac_nonexistent.h>
          ^~~~~~~~~~~~~~~~~~
compilation terminated.
configure:13529: $? = 1
configure: failed program was:
| /* confdefs.h */
| #define PACKAGE_NAME "fontopia"
| #define PACKAGE_TARNAME "fontopia"
| #define PACKAGE_VERSION "1.8"
| #define PACKAGE_STRING "fontopia 1.8"
| #define PACKAGE_BUGREPORT "mohammed_isam1984@yahoo.com"
| #define PACKAGE_URL ""
| #define PACKAGE "fontopia"
| #define VERSION "1.8"
| #define STDC_HEADERS 1
| #define HAVE_SYS_TYPES_H 1
| #define HAVE_SYS_STAT_H 1
| #define HAVE_STDLIB_H 1
| #define HAVE_STRING_H 1
| #define HAVE_MEMORY_H 1
| #define HAVE_STRINGS_H 1
| #define HAVE_INTTYPES_H 1
| #define HAVE_STDINT_H 1
| #define HAVE_UNISTD_H 1
| #define HAVE_DLFCN_H 1
| #define LT_OBJDIR ".libs/"
| /* end confdefs.h.  */
| #include <ac_nonexistent.h>
configure:13691: checking for ld used by g++
configure:13758: result: /usr/bin/ld -m elf_x86_64
configure:13765: checking if the linker (/usr/bin/ld -m elf_x86_64) is GNU ld
configure:13780: result: yes
configure:13835: checking whether the g++ linker (/usr/bin/ld -m elf_x86_64) supports shared libraries
configure:14908: result: yes
configure:14944: g++ -c -g -O2  conftest.cpp >&5
configure:14947: $? = 0
configure:15428: checking for g++ option to produce PIC
configure:15435: result: -fPIC -DPIC
configure:15443: checking if g++ PIC flag -fPIC -DPIC works
configure:15461: g++ -c -g -O2  -fPIC -DPIC -DPIC conftest.cpp >&5
configure:15465: $? = 0
configure:15478: result: yes
configure:15501: checking if g++ static flag -static works
configure:15529: result: yes
configure:15541: checking if g++ supports -c -o file.o
configure:15562: g++ -c -g -O2  -o out/conftest2.o conftest.cpp >&5
configure:15566: $? = 0
configure:15588: result: yes
configure:15593: checking if g++ supports -c -o file.o
configure:15640: result: yes
configure:15670: checking whether the g++ linker (/usr/bin/ld -m elf_x86_64) supports shared libraries
configure:15710: result: yes
configure:15851: checking dynamic linker characteristics
configure:16599: result: GNU/Linux ld.so
configure:16664: checking how to hardcode library paths into programs
configure:16689: result: immediate
configure:16736: checking stdio.h usability
configure:16736: gcc -c -g -O2  conftest.c >&5
configure:16736: $? = 0
configure:16736: result: yes
configure:16736: checking stdio.h presence
configure:16736: gcc -E  conftest.c
configure:16736: $? = 0
configure:16736: result: yes
configure:16736: checking for stdio.h
configure:16736: result: yes
configure:16736: checking for stdlib.h
configure:16736: result: yes
configure:16736: checking getopt.h usability
configure:16736: gcc -c -g -O2  conftest.c >&5
configure:16736: $? = 0
configure:16736: result: yes
configure:16736: checking getopt.h presence
configure:16736: gcc -E  conftest.c
configure:16736: $? = 0
configure:16736: result: yes
configure:16736: checking for getopt.h
configure:16736: result: yes
configure:16736: checking for string.h
configure:16736: result: yes
configure:16736: checking asm/types.h usability
configure:16736: gcc -c -g -O2  conftest.c >&5
configure:16736: $? = 0
configure:16736: result: yes
configure:16736: checking asm/types.h presence
configure:16736: gcc -E  conftest.c
configure:16736: $? = 0
configure:16736: result: yes
configure:16736: checking for asm/types.h
configure:16736: result: yes
configure:16736: checking limits.h usability
configure:16736: gcc -c -g -O2  conftest.c >&5
configure:16736: $? = 0
configure:16736: result: yes
configure:16736: checking limits.h presence
configure:16736: gcc -E  conftest.c
configure:16736: $? = 0
configure:16736: result: yes
configure:16736: checking for limits.h
configure:16736: result: yes
configure:16736: checking for unistd.h
configure:16736: result: yes
configure:16748: checking for stdbool.h that conforms to C99
configure:16815: gcc -c -g -O2  conftest.c >&5
configure:16815: $? = 0
configure:16822: result: yes
configure:16824: checking for _Bool
configure:16824: gcc -c -g -O2  conftest.c >&5
configure:16824: $? = 0
configure:16824: gcc -c -g -O2  conftest.c >&5
conftest.c: In function 'main':
conftest.c:66:20: error: expected expression before ')' token
 if (sizeof ((_Bool)))
                    ^
configure:16824: $? = 1
configure: failed program was:
| /* confdefs.h */
| #define PACKAGE_NAME "fontopia"
| #define PACKAGE_TARNAME "fontopia"
| #define PACKAGE_VERSION "1.8"
| #define PACKAGE_STRING "fontopia 1.8"
| #define PACKAGE_BUGREPORT "mohammed_isam1984@yahoo.com"
| #define PACKAGE_URL ""
| #define PACKAGE "fontopia"
| #define VERSION "1.8"
| #define STDC_HEADERS 1
| #define HAVE_SYS_TYPES_H 1
| #define HAVE_SYS_STAT_H 1
| #define HAVE_STDLIB_H 1
| #define HAVE_STRING_H 1
| #define HAVE_MEMORY_H 1
| #define HAVE_STRINGS_H 1
| #define HAVE_INTTYPES_H 1
| #define HAVE_STDINT_H 1
| #define HAVE_UNISTD_H 1
| #define HAVE_DLFCN_H 1
| #define LT_OBJDIR ".libs/"
| #define HAVE_STDIO_H 1
| #define HAVE_STDLIB_H 1
| #define HAVE_GETOPT_H 1
| #define HAVE_STRING_H 1
| #define HAVE_ASM_TYPES_H 1
| #define HAVE_LIMITS_H 1
| #define HAVE_UNISTD_H 1
| /* end confdefs.h.  */
| #include <stdio.h>
| #ifdef HAVE_SYS_TYPES_H
| # include <sys/types.h>
| #endif
| #ifdef HAVE_SYS_STAT_H
| # include <sys/stat.h>
| #endif
| #ifdef STDC_HEADERS
| # include <stdlib.h>
| # include <stddef.h>
| #else
| # ifdef HAVE_STDLIB_H
| #  include <stdlib.h>
| # endif
| #endif
| #ifdef HAVE_STRING_H
| # if !defined STDC_HEADERS && defined HAVE_MEMORY_H
| #  include <memory.h>
| # endif
| # include <string.h>
| #endif
| #ifdef HAVE_STRINGS_H
| # include <strings.h>
| #endif
| #ifdef HAVE_INTTYPES_H
| # include <inttypes.h>
| #endif
| #ifdef HAVE_STDINT_H
| # include <stdint.h>
| #endif
| #ifdef HAVE_UNISTD_H
| # include <unistd.h>
| #endif
| int
| main ()
| {
| if (sizeof ((_Bool)))
| 	    return 0;
|   ;
|   return 0;
| }
configure:16824: result: yes
configure:16837: checking whether lstat correctly handles trailing slash
configure:16863: gcc -o conftest -g -O2   conftest.c  >&5
configure:16863: $? = 0
configure:16863: ./conftest
configure:16863: $? = 0
configure:16880: result: yes
configure:16901: checking for stdlib.h
configure:16901: result: yes
configure:16911: checking for GNU libc compatible malloc
configure:16935: gcc -o conftest -g -O2   conftest.c  >&5
configure:16935: $? = 0
configure:16935: ./conftest
configure:16935: $? = 0
configure:16945: result: yes
configure:16968: checking for stdlib.h
configure:16968: result: yes
configure:16978: checking for GNU libc compatible realloc
configure:17002: gcc -o conftest -g -O2   conftest.c  >&5
configure:17002: $? = 0
configure:17002: ./conftest
configure:17002: $? = 0
configure:17012: result: yes
configure:17039: checking for stdlib.h
configure:17039: result: yes
configure:17039: checking for unistd.h
configure:17039: result: yes
configure:17039: checking for sys/param.h
configure:17039: gcc -c -g -O2  conftest.c >&5
configure:17039: $? = 0
configure:17039: result: yes
configure:17059: checking for getpagesize
configure:17059: gcc -o conftest -g -O2   conftest.c  >&5
configure:17059: $? = 0
configure:17059: result: yes
configure:17068: checking for working mmap
configure:17215: gcc -o conftest -g -O2   conftest.c  >&5
configure:17215: $? = 0
configure:17215: ./conftest
configure:17215: $? = 0
configure:17225: result: yes
configure:17237: checking for malloc
configure:17237: gcc -o conftest -g -O2   conftest.c  >&5
conftest.c:64:6: warning: conflicting types for built-in function 'malloc' [-Wbuiltin-declaration-mismatch]
 char malloc ();
      ^~~~~~
configure:17237: $? = 0
configure:17237: result: yes
configure:17237: checking for getcwd
configure:17237: gcc -o conftest -g -O2   conftest.c  >&5
configure:17237: $? = 0
configure:17237: result: yes
configure:17237: checking for memset
configure:17237: gcc -o conftest -g -O2   conftest.c  >&5
conftest.c:66:6: warning: conflicting types for built-in function 'memset' [-Wbuiltin-declaration-mismatch]
 char memset ();
      ^~~~~~
configure:17237: $? = 0
configure:17237: result: yes
configure:17237: checking for strcasecmp
configure:17237: gcc -o conftest -g -O2   conftest.c  >&5
conftest.c:67:6: warning: conflicting types for built-in function 'strcasecmp' [-Wbuiltin-declaration-mismatch]
 char strcasecmp ();
      ^~~~~~~~~~
configure:17237: $? = 0
configure:17237: result: yes
configure:17237: checking for strchr
configure:17237: gcc -o conftest -g -O2   conftest.c  >&5
conftest.c:68:6: warning: conflicting types for built-in function 'strchr' [-Wbuiltin-declaration-mismatch]
 char strchr ();
      ^~~~~~
configure:17237: $? = 0
configure:17237: result: yes
configure:17237: checking for strndup
configure:17237: gcc -o conftest -g -O2   conftest.c  >&5
conftest.c:69:6: warning: conflicting types for built-in function 'strndup' [-Wbuiltin-declaration-mismatch]
 char strndup ();
      ^~~~~~~
configure:17237: $? = 0
configure:17237: result: yes
configure:17237: checking for strrchr
configure:17237: gcc -o conftest -g -O2   conftest.c  >&5
conftest.c:70:6: warning: conflicting types for built-in function 'strrchr' [-Wbuiltin-declaration-mismatch]
 char strrchr ();
      ^~~~~~~
configure:17237: $? = 0
configure:17237: result: yes
configure:17247: checking for inline
configure:17263: gcc -c -g -O2  conftest.c >&5
configure:17263: $? = 0
configure:17271: result: inline
configure:17402: checking that generated files are newer than configure
configure:17408: result: done
configure:17439: creating ./config.status

## ---------------------- ##
## Running config.status. ##
## ---------------------- ##

This file was extended by fontopia config.status 1.8, which was
generated by GNU Autoconf 2.69.  Invocation command line was

  CONFIG_FILES    = 
  CONFIG_HEADERS  = 
  CONFIG_LINKS    = 
  CONFIG_COMMANDS = 
  $ ./config.status 

on rishon

config.status:1173: creating Makefile
config.status:1173: creating info/Makefile
config.status:1173: creating man/Makefile
config.status:1173: creating config.h
config.status:1402: executing depfiles commands
config.status:1402: executing libtool commands

## ---------------- ##
## Cache variables. ##
## ---------------- ##

ac_cv_build=x86_64-pc-linux-gnu
ac_cv_c_compiler_gnu=yes
ac_cv_c_inline=inline
ac_cv_cxx_compiler_gnu=yes
ac_cv_env_CCC_set=
ac_cv_env_CCC_value=
ac_cv_env_CC_set=
ac_cv_env_CC_value=
ac_cv_env_CFLAGS_set=
ac_cv_env_CFLAGS_value=
ac_cv_env_CPPFLAGS_set=
ac_cv_env_CPPFLAGS_value=
ac_cv_env_CPP_set=
ac_cv_env_CPP_value=
ac_cv_env_CXXCPP_set=
ac_cv_env_CXXCPP_value=
ac_cv_env_CXXFLAGS_set=
ac_cv_env_CXXFLAGS_value=
ac_cv_env_CXX_set=
ac_cv_env_CXX_value=
ac_cv_env_LDFLAGS_set=
ac_cv_env_LDFLAGS_value=
ac_cv_env_LIBS_set=
ac_cv_env_LIBS_value=
ac_cv_env_LT_SYS_LIBRARY_PATH_set=
ac_cv_env_LT_SYS_LIBRARY_PATH_value=
ac_cv_env_build_alias_set=
ac_cv_env_build_alias_value=
ac_cv_env_host_alias_set=
ac_cv_env_host_alias_value=
ac_cv_env_target_alias_set=
ac_cv_env_target_alias_value=
ac_cv_func_getcwd=yes
ac_cv_func_getpagesize=yes
ac_cv_func_lstat_dereferences_slashed_symlink=yes
ac_cv_func_malloc=yes
ac_cv_func_malloc_0_nonnull=yes
ac_cv_func_memset=yes
ac_cv_func_mmap_fixed_mapped=yes
ac_cv_func_realloc_0_nonnull=yes
ac_cv_func_strcasecmp=yes
ac_cv_func_strchr=yes
ac_cv_func_strndup=yes
ac_cv_func_strrchr=yes
ac_cv_header_asm_types_h=yes
ac_cv_header_dlfcn_h=yes
ac_cv_header_getopt_h=yes
ac_cv_header_inttypes_h=yes
ac_cv_header_limits_h=yes
ac_cv_header_memory_h=yes
ac_cv_header_stdbool_h=yes
ac_cv_header_stdc=yes
ac_cv_header_stdint_h=yes
ac_cv_header_stdio_h=yes
ac_cv_header_stdlib_h=yes
ac_cv_header_string_h=yes
ac_cv_header_strings_h=yes
ac_cv_header_sys_param_h=yes
ac_cv_header_sys_stat_h=yes
ac_cv_header_sys_types_h=yes
ac_cv_header_unistd_h=yes
ac_cv_host=x86_64-pc-linux-gnu
ac_cv_objext=o
ac_cv_path_EGREP='/bin/grep -E'
ac_cv_path_FGREP='/bin/grep -F'
ac_cv_path_GREP=/bin/grep
ac_cv_path_SED=/bin/sed
ac_cv_path_install='/usr/bin/install -c'
ac_cv_path_lt_DD=/bin/dd
ac_cv_path_mkdir=/bin/mkdir
ac_cv_prog_AWK=gawk
ac_cv_prog_CPP='gcc -E'
ac_cv_prog_CXXCPP='g++ -E'
ac_cv_prog_ac_ct_AR=ar
ac_cv_prog_ac_ct_CC=gcc
ac_cv_prog_ac_ct_CXX=g++
ac_cv_prog_ac_ct_MANIFEST_TOOL=mt
ac_cv_prog_ac_ct_OBJDUMP=objdump
ac_cv_prog_ac_ct_RANLIB=ranlib
ac_cv_prog_ac_ct_STRIP=strip
ac_cv_prog_cc_c89=
ac_cv_prog_cc_g=yes
ac_cv_prog_cxx_g=yes
ac_cv_prog_make_make_set=yes
ac_cv_type__Bool=yes
am_cv_CC_dependencies_compiler_type=gcc3
am_cv_CXX_dependencies_compiler_type=gcc3
am_cv_ar_interface=ar
am_cv_make_support_nested_variables=yes
am_cv_prog_cc_c_o=yes
lt_cv_ar_at_file=@
lt_cv_archive_cmds_need_lc=no
lt_cv_deplibs_check_method=pass_all
lt_cv_file_magic_cmd='$MAGIC_CMD'
lt_cv_file_magic_test_file=
lt_cv_ld_reload_flag=-r
lt_cv_nm_interface='BSD nm'
lt_cv_objdir=.libs
lt_cv_path_LD=/usr/bin/ld
lt_cv_path_LDCXX='/usr/bin/ld -m elf_x86_64'
lt_cv_path_NM='/usr/bin/nm -B'
lt_cv_path_mainfest_tool=no
lt_cv_prog_compiler_c_o=yes
lt_cv_prog_compiler_c_o_CXX=yes
lt_cv_prog_compiler_pic='-fPIC -DPIC'
lt_cv_prog_compiler_pic_CXX='-fPIC -DPIC'
lt_cv_prog_compiler_pic_works=yes
lt_cv_prog_compiler_pic_works_CXX=yes
lt_cv_prog_compiler_rtti_exceptions=no
lt_cv_prog_compiler_static_works=yes
lt_cv_prog_compiler_static_works_CXX=yes
lt_cv_prog_gnu_ld=yes
lt_cv_prog_gnu_ldcxx=yes
lt_cv_sharedlib_from_linklib_cmd='printf %s\n'
lt_cv_shlibpath_overrides_runpath=yes
lt_cv_sys_global_symbol_pipe='sed -n -e '\''s/^.*[	 ]\([ABCDGIRSTW][ABCDGIRSTW]*\)[	 ][	 ]*\([_A-Za-z][_A-Za-z0-9]*\)$/\1 \2 \2/p'\'' | sed '\''/ __gnu_lto/d'\'''
lt_cv_sys_global_symbol_to_c_name_address='sed -n -e '\''s/^: \(.*\) .*$/  {"\1", (void *) 0},/p'\'' -e '\''s/^[ABCDGIRSTW][ABCDGIRSTW]* .* \(.*\)$/  {"\1", (void *) \&\1},/p'\'''
lt_cv_sys_global_symbol_to_c_name_address_lib_prefix='sed -n -e '\''s/^: \(.*\) .*$/  {"\1", (void *) 0},/p'\'' -e '\''s/^[ABCDGIRSTW][ABCDGIRSTW]* .* \(lib.*\)$/  {"\1", (void *) \&\1},/p'\'' -e '\''s/^[ABCDGIRSTW][ABCDGIRSTW]* .* \(.*\)$/  {"lib\1", (void *) \&\1},/p'\'''
lt_cv_sys_global_symbol_to_cdecl='sed -n -e '\''s/^T .* \(.*\)$/extern int \1();/p'\'' -e '\''s/^[ABCDGIRSTW][ABCDGIRSTW]* .* \(.*\)$/extern char \1;/p'\'''
lt_cv_sys_global_symbol_to_import=
lt_cv_sys_max_cmd_len=1572864
lt_cv_to_host_file_cmd=func_convert_file_noop
lt_cv_to_tool_file_cmd=func_convert_file_noop
lt_cv_truncate_bin='/bin/dd bs=4096 count=1'

## ----------------- ##
## Output variables. ##
## ----------------- ##

ACLOCAL='${SHELL} /home/carolhanna/Security_Project/gnu_dataset/fontopia-1.8/missing aclocal-1.15'
AMDEPBACKSLASH='\'
AMDEP_FALSE='#'
AMDEP_TRUE=''
AMTAR='$${TAR-tar}'
AM_BACKSLASH='\'
AM_DEFAULT_V='$(AM_DEFAULT_VERBOSITY)'
AM_DEFAULT_VERBOSITY='1'
AM_V='$(V)'
AR='ar'
AUTOCONF='${SHELL} /home/carolhanna/Security_Project/gnu_dataset/fontopia-1.8/missing autoconf'
AUTOHEADER='${SHELL} /home/carolhanna/Security_Project/gnu_dataset/fontopia-1.8/missing autoheader'
AUTOMAKE='${SHELL} /home/carolhanna/Security_Project/gnu_dataset/fontopia-1.8/missing automake-1.15'
AWK='gawk'
CC='gcc'
CCDEPMODE='depmode=gcc3'
CFLAGS='-g -O2'
CPP='gcc -E'
CPPFLAGS=''
CXX='g++'
CXXCPP='g++ -E'
CXXDEPMODE='depmode=gcc3'
CXXFLAGS='-g -O2'
CYGPATH_W='echo'
DEFS='-DHAVE_CONFIG_H'
DEPDIR='.deps'
DLLTOOL='false'
DSYMUTIL=''
DUMPBIN=''
ECHO_C=''
ECHO_N='-n'
ECHO_T=''
EGREP='/bin/grep -E'
EXEEXT=''
FGREP='/bin/grep -F'
GREP='/bin/grep'
INSTALL_DATA='${INSTALL} -m 644'
INSTALL_PROGRAM='${INSTALL}'
INSTALL_SCRIPT='${INSTALL}'
INSTALL_STRIP_PROGRAM='$(install_sh) -c -s'
LD='/usr/bin/ld -m elf_x86_64'
LDFLAGS=''
LIBOBJS=''
LIBS=''
LIBTOOL='$(SHELL) $(top_builddir)/libtool'
LIPO=''
LN_S='ln -s'
LTLIBOBJS=''
LT_SYS_LIBRARY_PATH=''
MAKEINFO='${SHELL} /home/carolhanna/Security_Project/gnu_dataset/fontopia-1.8/missing makeinfo'
MANIFEST_TOOL=':'
MKDIR_P='/bin/mkdir -p'
NM='/usr/bin/nm -B'
NMEDIT=''
OBJDUMP='objdump'
OBJEXT='o'
OTOOL64=''
OTOOL=''
PACKAGE='fontopia'
PACKAGE_BUGREPORT='mohammed_isam1984@yahoo.com'
PACKAGE_NAME='fontopia'
PACKAGE_STRING='fontopia 1.8'
PACKAGE_TARNAME='fontopia'
PACKAGE_URL=''
PACKAGE_VERSION='1.8'
PATH_SEPARATOR=':'
RANLIB='ranlib'
SED='/bin/sed'
SET_MAKE=''
SHELL='/bin/bash'
STRIP='strip'
VERSION='1.8'
ac_ct_AR='ar'
ac_ct_CC='gcc'
ac_ct_CXX='g++'
ac_ct_DUMPBIN=''
am__EXEEXT_FALSE=''
am__EXEEXT_TRUE='#'
am__fastdepCC_FALSE='#'
am__fastdepCC_TRUE=''
am__fastdepCXX_FALSE='#'
am__fastdepCXX_TRUE=''
am__include='include'
am__isrc=''
am__leading_dot='.'
am__nodep='_no'
am__quote=''
am__tar='$${TAR-tar} chof - "$$tardir"'
am__untar='$${TAR-tar} xf -'
bindir='${exec_prefix}/bin'
build='x86_64-pc-linux-gnu'
build_alias=''
build_cpu='x86_64'
build_os='linux-gnu'
build_vendor='pc'
datadir='${datarootdir}'
datarootdir='${prefix}/share'
docdir='${datarootdir}/doc/${PACKAGE_TARNAME}'
dvidir='${docdir}'
exec_prefix='${prefix}'
host='x86_64-pc-linux-gnu'
host_alias=''
host_cpu='x86_64'
host_os='linux-gnu'
host_vendor='pc'
htmldir='${docdir}'
includedir='${prefix}/include'
infodir='${datarootdir}/info'
install_sh='${SHELL} /home/carolhanna/Security_Project/gnu_dataset/fontopia-1.8/install-sh'
libdir='${exec_prefix}/lib'
libexecdir='${exec_prefix}/libexec'
localedir='${datarootdir}/locale'
localstatedir='${prefix}/var'
mandir='${datarootdir}/man'
mkdir_p='$(MKDIR_P)'
oldincludedir='/usr/include'
pdfdir='${docdir}'
prefix='/usr/local'
program_transform_name='s,x,x,'
psdir='${docdir}'
sbindir='${exec_prefix}/sbin'
sharedstatedir='${prefix}/com'
sysconfdir='${prefix}/etc'
target_alias=''

## ----------- ##
## confdefs.h. ##
## ----------- ##

/* confdefs.h */
#define PACKAGE_NAME "fontopia"
#define PACKAGE_TARNAME "fontopia"
#define PACKAGE_VERSION "1.8"
#define PACKAGE_STRING "fontopia 1.8"
#define PACKAGE_BUGREPORT "mohammed_isam1984@yahoo.com"
#define PACKAGE_URL ""
#define PACKAGE "fontopia"
#define VERSION "1.8"
#define STDC_HEADERS 1
#define HAVE_SYS_TYPES_H 1
#define HAVE_SYS_STAT_H 1
#define HAVE_STDLIB_H 1
#define HAVE_STRING_H 1
#define HAVE_MEMORY_H 1
#define HAVE_STRINGS_H 1
#define HAVE_INTTYPES_H 1
#define HAVE_STDINT_H 1
#define HAVE_UNISTD_H 1
#define HAVE_DLFCN_H 1
#define LT_OBJDIR ".libs/"
#define HAVE_STDIO_H 1
#define HAVE_STDLIB_H 1
#define HAVE_GETOPT_H 1
#define HAVE_STRING_H 1
#define HAVE_ASM_TYPES_H 1
#define HAVE_LIMITS_H 1
#define HAVE_UNISTD_H 1
#define HAVE__BOOL 1
#define LSTAT_FOLLOWS_SLASHED_SYMLINK 1
#define HAVE_STDLIB_H 1
#define HAVE_MALLOC 1
#define HAVE_STDLIB_H 1
#define HAVE_REALLOC 1
#define HAVE_STDLIB_H 1
#define HAVE_UNISTD_H 1
#define HAVE_SYS_PARAM_H 1
#define HAVE_GETPAGESIZE 1
#define HAVE_MMAP 1
#define HAVE_MALLOC 1
#define HAVE_GETCWD 1
#define HAVE_MEMSET 1
#define HAVE_STRCASECMP 1
#define HAVE_STRCHR 1
#define HAVE_STRNDUP 1
#define HAVE_STRRCHR 1

configure: exit 0
