This file contains any messages produced by compilers while
running configure, to aid debugging if configure makes a mistake.

It was created by swstructlib configure 0.1, which was
generated by GNU Autoconf 2.61.  Invocation command line was

  $ ./configure --disable-option-checking --prefix=/usr/local --cache-file=/dev/null --srcdir=.

## --------- ##
## Platform. ##
## --------- ##

hostname = rishon
uname -m = x86_64
uname -r = 4.15.0-72-generic
uname -s = Linux
uname -v = #81-Ubuntu SMP Tue Nov 26 12:20:02 UTC 2019

/usr/bin/uname -p = unknown
/bin/uname -X     = unknown

/bin/arch              = unknown
/usr/bin/arch -k       = unknown
/usr/convex/getsysinfo = unknown
/usr/bin/hostinfo      = unknown
/bin/machine           = unknown
/usr/bin/oslevel       = unknown
/bin/universe          = unknown

PATH: /home/carolhanna/miniconda3/bin
PATH: /home/carolhanna/miniconda3/condabin
PATH: /usr/local/sbin
PATH: /usr/local/bin
PATH: /usr/sbin
PATH: /usr/bin
PATH: /sbin
PATH: /bin
PATH: /usr/games
PATH: /usr/local/games
PATH: /snap/bin


## ----------- ##
## Core tests. ##
## ----------- ##

configure:1826: checking for a BSD-compatible install
configure:1882: result: /usr/bin/install -c
configure:1893: checking whether build environment is sane
configure:1936: result: yes
configure:2001: checking for gawk
configure:2017: found /usr/bin/gawk
configure:2028: result: gawk
configure:2039: checking whether make sets $(MAKE)
configure:2060: result: yes
configure:2259: checking for style of include used by make
configure:2287: result: GNU
configure:2360: checking for gcc
configure:2376: found /usr/bin/gcc
configure:2387: result: gcc
configure:2625: checking for C compiler version
configure:2632: gcc --version >&5
gcc (Ubuntu 7.5.0-3ubuntu1~18.04) 7.5.0
Copyright (C) 2017 Free Software Foundation, Inc.
This is free software; see the source for copying conditions.  There is NO
warranty; not even for MERCHANTABILITY or FITNESS FOR A PARTICULAR PURPOSE.

configure:2635: $? = 0
configure:2642: gcc -v >&5
Using built-in specs.
COLLECT_GCC=gcc
COLLECT_LTO_WRAPPER=/usr/lib/gcc/x86_64-linux-gnu/7/lto-wrapper
OFFLOAD_TARGET_NAMES=nvptx-none
OFFLOAD_TARGET_DEFAULT=1
Target: x86_64-linux-gnu
Configured with: ../src/configure -v --with-pkgversion='Ubuntu 7.5.0-3ubuntu1~18.04' --with-bugurl=file:///usr/share/doc/gcc-7/README.Bugs --enable-languages=c,ada,c++,go,brig,d,fortran,objc,obj-c++ --prefix=/usr --with-gcc-major-version-only --program-suffix=-7 --program-prefix=x86_64-linux-gnu- --enable-shared --enable-linker-build-id --libexecdir=/usr/lib --without-included-gettext --enable-threads=posix --libdir=/usr/lib --enable-nls --enable-bootstrap --enable-clocale=gnu --enable-libstdcxx-debug --enable-libstdcxx-time=yes --with-default-libstdcxx-abi=new --enable-gnu-unique-object --disable-vtable-verify --enable-libmpx --enable-plugin --enable-default-pie --with-system-zlib --with-target-system-zlib --enable-objc-gc=auto --enable-multiarch --disable-werror --with-arch-32=i686 --with-abi=m64 --with-multilib-list=m32,m64,mx32 --enable-multilib --with-tune=generic --enable-offload-targets=nvptx-none --without-cuda-driver --enable-checking=release --build=x86_64-linux-gnu --host=x86_64-linux-gnu --target=x86_64-linux-gnu
Thread model: posix
gcc version 7.5.0 (Ubuntu 7.5.0-3ubuntu1~18.04) 
configure:2645: $? = 0
configure:2652: gcc -V >&5
gcc: error: unrecognized command line option '-V'
gcc: fatal error: no input files
compilation terminated.
configure:2655: $? = 1
configure:2678: checking for C compiler default output file name
configure:2705: gcc    conftest.c  >&5
configure:2708: $? = 0
configure:2746: result: a.out
configure:2763: checking whether the C compiler works
configure:2773: ./a.out
configure:2776: $? = 0
configure:2793: result: yes
configure:2800: checking whether we are cross compiling
configure:2802: result: no
configure:2805: checking for suffix of executables
configure:2812: gcc -o conftest    conftest.c  >&5
configure:2815: $? = 0
configure:2839: result: 
configure:2845: checking for suffix of object files
configure:2871: gcc -c   conftest.c >&5
configure:2874: $? = 0
configure:2897: result: o
configure:2901: checking whether we are using the GNU C compiler
configure:2930: gcc -c   conftest.c >&5
configure:2936: $? = 0
configure:2953: result: yes
configure:2958: checking whether gcc accepts -g
configure:2988: gcc -c -g  conftest.c >&5
configure:2994: $? = 0
configure:3093: result: yes
configure:3110: checking for gcc option to accept ISO C89
configure:3184: gcc  -c -g -O2  conftest.c >&5
configure:3190: $? = 0
configure:3213: result: none needed
configure:3233: checking dependency style of gcc
configure:3323: result: none
configure:3348: checking for special C compiler options needed for large files
configure:3441: result: no
configure:3447: checking for _FILE_OFFSET_BITS value needed for large files
configure:3482: gcc -c -g -O2  conftest.c >&5
configure:3488: $? = 0
configure:3556: result: no
configure:3697: checking build system type
configure:3715: result: x86_64-unknown-linux-gnu
configure:3737: checking host system type
configure:3752: result: x86_64-unknown-linux-gnu
configure:3822: checking for gcc
configure:3849: result: gcc
configure:4087: checking for C compiler version
configure:4094: gcc --version >&5
gcc (Ubuntu 7.5.0-3ubuntu1~18.04) 7.5.0
Copyright (C) 2017 Free Software Foundation, Inc.
This is free software; see the source for copying conditions.  There is NO
warranty; not even for MERCHANTABILITY or FITNESS FOR A PARTICULAR PURPOSE.

configure:4097: $? = 0
configure:4104: gcc -v >&5
Using built-in specs.
COLLECT_GCC=gcc
COLLECT_LTO_WRAPPER=/usr/lib/gcc/x86_64-linux-gnu/7/lto-wrapper
OFFLOAD_TARGET_NAMES=nvptx-none
OFFLOAD_TARGET_DEFAULT=1
Target: x86_64-linux-gnu
Configured with: ../src/configure -v --with-pkgversion='Ubuntu 7.5.0-3ubuntu1~18.04' --with-bugurl=file:///usr/share/doc/gcc-7/README.Bugs --enable-languages=c,ada,c++,go,brig,d,fortran,objc,obj-c++ --prefix=/usr --with-gcc-major-version-only --program-suffix=-7 --program-prefix=x86_64-linux-gnu- --enable-shared --enable-linker-build-id --libexecdir=/usr/lib --without-included-gettext --enable-threads=posix --libdir=/usr/lib --enable-nls --enable-bootstrap --enable-clocale=gnu --enable-libstdcxx-debug --enable-libstdcxx-time=yes --with-default-libstdcxx-abi=new --enable-gnu-unique-object --disable-vtable-verify --enable-libmpx --enable-plugin --enable-default-pie --with-system-zlib --with-target-system-zlib --enable-objc-gc=auto --enable-multiarch --disable-werror --with-arch-32=i686 --with-abi=m64 --with-multilib-list=m32,m64,mx32 --enable-multilib --with-tune=generic --enable-offload-targets=nvptx-none --without-cuda-driver --enable-checking=release --build=x86_64-linux-gnu --host=x86_64-linux-gnu --target=x86_64-linux-gnu
Thread model: posix
gcc version 7.5.0 (Ubuntu 7.5.0-3ubuntu1~18.04) 
configure:4107: $? = 0
configure:4114: gcc -V >&5
gcc: error: unrecognized command line option '-V'
gcc: fatal error: no input files
compilation terminated.
configure:4117: $? = 1
configure:4120: checking whether we are using the GNU C compiler
configure:4172: result: yes
configure:4177: checking whether gcc accepts -g
configure:4312: result: yes
configure:4329: checking for gcc option to accept ISO C89
configure:4432: result: none needed
configure:4452: checking dependency style of gcc
configure:4542: result: none
configure:4617: checking for g++
configure:4633: found /usr/bin/g++
configure:4644: result: g++
configure:4675: checking for C++ compiler version
configure:4682: g++ --version >&5
g++ (Ubuntu 7.5.0-3ubuntu1~18.04) 7.5.0
Copyright (C) 2017 Free Software Foundation, Inc.
This is free software; see the source for copying conditions.  There is NO
warranty; not even for MERCHANTABILITY or FITNESS FOR A PARTICULAR PURPOSE.

configure:4685: $? = 0
configure:4692: g++ -v >&5
Using built-in specs.
COLLECT_GCC=g++
COLLECT_LTO_WRAPPER=/usr/lib/gcc/x86_64-linux-gnu/7/lto-wrapper
OFFLOAD_TARGET_NAMES=nvptx-none
OFFLOAD_TARGET_DEFAULT=1
Target: x86_64-linux-gnu
Configured with: ../src/configure -v --with-pkgversion='Ubuntu 7.5.0-3ubuntu1~18.04' --with-bugurl=file:///usr/share/doc/gcc-7/README.Bugs --enable-languages=c,ada,c++,go,brig,d,fortran,objc,obj-c++ --prefix=/usr --with-gcc-major-version-only --program-suffix=-7 --program-prefix=x86_64-linux-gnu- --enable-shared --enable-linker-build-id --libexecdir=/usr/lib --without-included-gettext --enable-threads=posix --libdir=/usr/lib --enable-nls --enable-bootstrap --enable-clocale=gnu --enable-libstdcxx-debug --enable-libstdcxx-time=yes --with-default-libstdcxx-abi=new --enable-gnu-unique-object --disable-vtable-verify --enable-libmpx --enable-plugin --enable-default-pie --with-system-zlib --with-target-system-zlib --enable-objc-gc=auto --enable-multiarch --disable-werror --with-arch-32=i686 --with-abi=m64 --with-multilib-list=m32,m64,mx32 --enable-multilib --with-tune=generic --enable-offload-targets=nvptx-none --without-cuda-driver --enable-checking=release --build=x86_64-linux-gnu --host=x86_64-linux-gnu --target=x86_64-linux-gnu
Thread model: posix
gcc version 7.5.0 (Ubuntu 7.5.0-3ubuntu1~18.04) 
configure:4695: $? = 0
configure:4702: g++ -V >&5
g++: error: unrecognized command line option '-V'
g++: fatal error: no input files
compilation terminated.
configure:4705: $? = 1
configure:4708: checking whether we are using the GNU C++ compiler
configure:4737: g++ -c   conftest.cpp >&5
configure:4743: $? = 0
configure:4760: result: yes
configure:4765: checking whether g++ accepts -g
configure:4795: g++ -c -g  conftest.cpp >&5
configure:4801: $? = 0
configure:4900: result: yes
configure:4925: checking dependency style of g++
configure:5015: result: none
configure:5032: checking for gcc option to accept ISO C99
configure:5191: gcc  -c -g -O2  conftest.c >&5
configure:5197: $? = 0
configure:5220: result: none needed
configure:5246: checking for a BSD-compatible install
configure:5302: result: /usr/bin/install -c
configure:5318: checking how to run the C preprocessor
configure:5358: gcc -E  conftest.c
configure:5364: $? = 0
configure:5395: gcc -E  conftest.c
conftest.c:10:10: fatal error: ac_nonexistent.h: No such file or directory
 #include <ac_nonexistent.h>
          ^~~~~~~~~~~~~~~~~~
compilation terminated.
configure:5401: $? = 1
configure: failed program was:
| /* confdefs.h.  */
| #define PACKAGE_NAME "swstructlib"
| #define PACKAGE_TARNAME "swstructlib"
| #define PACKAGE_VERSION "0.1"
| #define PACKAGE_STRING "swstructlib 0.1"
| #define PACKAGE_BUGREPORT "bug-swbis@gnu.org"
| #define PACKAGE "swstructlib"
| #define VERSION "0.1"
| /* end confdefs.h.  */
| #include <ac_nonexistent.h>
configure:5434: result: gcc -E
configure:5463: gcc -E  conftest.c
configure:5469: $? = 0
configure:5500: gcc -E  conftest.c
conftest.c:10:10: fatal error: ac_nonexistent.h: No such file or directory
 #include <ac_nonexistent.h>
          ^~~~~~~~~~~~~~~~~~
compilation terminated.
configure:5506: $? = 1
configure: failed program was:
| /* confdefs.h.  */
| #define PACKAGE_NAME "swstructlib"
| #define PACKAGE_TARNAME "swstructlib"
| #define PACKAGE_VERSION "0.1"
| #define PACKAGE_STRING "swstructlib 0.1"
| #define PACKAGE_BUGREPORT "bug-swbis@gnu.org"
| #define PACKAGE "swstructlib"
| #define VERSION "0.1"
| /* end confdefs.h.  */
| #include <ac_nonexistent.h>
configure:5543: checking whether gcc and cc understand -c and -o together
configure:5578: gcc -c conftest.c -o conftest2.o >&5
configure:5581: $? = 0
configure:5587: gcc -c conftest.c -o conftest2.o >&5
configure:5590: $? = 0
configure:5601: cc -c conftest.c >&5
configure:5604: $? = 0
configure:5612: cc -c conftest.c -o conftest2.o >&5
configure:5615: $? = 0
configure:5621: cc -c conftest.c -o conftest2.o >&5
configure:5624: $? = 0
configure:5642: result: yes
configure:5658: checking for flex
configure:5688: result: no
configure:5658: checking for lex
configure:5688: result: no
configure:5862: checking for bison
configure:5892: result: no
configure:5862: checking for byacc
configure:5892: result: no
configure:5905: checking for gawk
configure:5932: result: gawk
configure:5943: checking whether ln -s works
configure:5947: result: yes
configure:5954: checking whether make sets $(MAKE)
configure:5975: result: yes
configure:6027: checking for ranlib
configure:6043: found /usr/bin/ranlib
configure:6054: result: ranlib
configure:6080: checking for library containing strerror
configure:6121: gcc -o conftest -g -O2   conftest.c  >&5
configure:6127: $? = 0
configure:6155: result: none required
configure:6164: checking for grep that handles long lines and -e
configure:6238: result: /bin/grep
configure:6243: checking for egrep
configure:6321: result: /bin/grep -E
configure:6326: checking for ANSI C header files
configure:6356: gcc -c -g -O2  conftest.c >&5
configure:6362: $? = 0
configure:6461: gcc -o conftest -g -O2   conftest.c  >&5
configure:6464: $? = 0
configure:6470: ./conftest
configure:6473: $? = 0
configure:6490: result: yes
configure:6514: checking for sys/types.h
configure:6535: gcc -c -g -O2  conftest.c >&5
configure:6541: $? = 0
configure:6557: result: yes
configure:6514: checking for sys/stat.h
configure:6535: gcc -c -g -O2  conftest.c >&5
configure:6541: $? = 0
configure:6557: result: yes
configure:6514: checking for stdlib.h
configure:6535: gcc -c -g -O2  conftest.c >&5
configure:6541: $? = 0
configure:6557: result: yes
configure:6514: checking for string.h
configure:6535: gcc -c -g -O2  conftest.c >&5
configure:6541: $? = 0
configure:6557: result: yes
configure:6514: checking for memory.h
configure:6535: gcc -c -g -O2  conftest.c >&5
configure:6541: $? = 0
configure:6557: result: yes
configure:6514: checking for strings.h
configure:6535: gcc -c -g -O2  conftest.c >&5
configure:6541: $? = 0
configure:6557: result: yes
configure:6514: checking for inttypes.h
configure:6535: gcc -c -g -O2  conftest.c >&5
configure:6541: $? = 0
configure:6557: result: yes
configure:6514: checking for stdint.h
configure:6535: gcc -c -g -O2  conftest.c >&5
configure:6541: $? = 0
configure:6557: result: yes
configure:6514: checking for unistd.h
configure:6535: gcc -c -g -O2  conftest.c >&5
configure:6541: $? = 0
configure:6557: result: yes
configure:6569: checking for size_t
configure:6599: gcc -c -g -O2  conftest.c >&5
configure:6605: $? = 0
configure:6620: result: yes
configure:6632: checking for pid_t
configure:6662: gcc -c -g -O2  conftest.c >&5
configure:6668: $? = 0
configure:6683: result: yes
configure:6695: checking return type of signal handlers
configure:6723: gcc -c -g -O2  conftest.c >&5
conftest.c: In function 'main':
conftest.c:26:10: error: void value not ignored as it ought to be
 return *(signal (0, 0)) (0) == 1;
         ~^~~~~~~~~~~~~~~~~~
configure:6729: $? = 1
configure: failed program was:
| /* confdefs.h.  */
| #define PACKAGE_NAME "swstructlib"
| #define PACKAGE_TARNAME "swstructlib"
| #define PACKAGE_VERSION "0.1"
| #define PACKAGE_STRING "swstructlib 0.1"
| #define PACKAGE_BUGREPORT "bug-swbis@gnu.org"
| #define PACKAGE "swstructlib"
| #define VERSION "0.1"
| #define STDC_HEADERS 1
| #define HAVE_SYS_TYPES_H 1
| #define HAVE_SYS_STAT_H 1
| #define HAVE_STDLIB_H 1
| #define HAVE_STRING_H 1
| #define HAVE_MEMORY_H 1
| #define HAVE_STRINGS_H 1
| #define HAVE_INTTYPES_H 1
| #define HAVE_STDINT_H 1
| #define HAVE_UNISTD_H 1
| /* end confdefs.h.  */
| #include <sys/types.h>
| #include <signal.h>
| 
| int
| main ()
| {
| return *(signal (0, 0)) (0) == 1;
|   ;
|   return 0;
| }
configure:6744: result: void
configure:6752: checking for an ANSI C-conforming const
configure:6827: gcc -c -g -O2  conftest.c >&5
configure:6833: $? = 0
configure:6848: result: yes
configure:6937: checking for int
configure:6967: gcc -c -W -Wall -g -O2  conftest.c >&5
configure:6973: $? = 0
configure:6988: result: yes
configure:6995: checking size of int
configure:7297: gcc -o conftest -W -Wall -g -O2   conftest.c  >&5
configure:7300: $? = 0
configure:7306: ./conftest
configure:7309: $? = 0
configure:7332: result: 4
configure:7342: checking for unsigned short
configure:7372: gcc -c -W -Wall -g -O2  conftest.c >&5
configure:7378: $? = 0
configure:7393: result: yes
configure:7400: checking size of unsigned short
configure:7702: gcc -o conftest -W -Wall -g -O2   conftest.c  >&5
configure:7705: $? = 0
configure:7711: ./conftest
configure:7714: $? = 0
configure:7737: result: 2
configure:7747: checking for unsigned int
configure:7777: gcc -c -W -Wall -g -O2  conftest.c >&5
configure:7783: $? = 0
configure:7798: result: yes
configure:7805: checking size of unsigned int
configure:8107: gcc -o conftest -W -Wall -g -O2   conftest.c  >&5
configure:8110: $? = 0
configure:8116: ./conftest
configure:8119: $? = 0
configure:8142: result: 4
configure:8152: checking for unsigned long
configure:8182: gcc -c -W -Wall -g -O2  conftest.c >&5
configure:8188: $? = 0
configure:8203: result: yes
configure:8210: checking size of unsigned long
configure:8512: gcc -o conftest -W -Wall -g -O2   conftest.c  >&5
configure:8515: $? = 0
configure:8521: ./conftest
configure:8524: $? = 0
configure:8547: result: 8
configure:8713: creating ./config.status

## ---------------------- ##
## Running config.status. ##
## ---------------------- ##

This file was extended by swstructlib config.status 0.1, which was
generated by GNU Autoconf 2.61.  Invocation command line was

  CONFIG_FILES    = 
  CONFIG_HEADERS  = 
  CONFIG_LINKS    = 
  CONFIG_COMMANDS = 
  $ ./config.status 

on rishon

config.status:676: creating Makefile
config.status:811: WARNING:  Makefile.in seems to ignore the --datarootdir setting
config.status:676: creating Makefile.inc
config.status:676: creating config.h
config.status:902: config.h is unchanged
config.status:948: executing depfiles commands
configure:10056: === configuring in src (/home/carolhanna/Security_Project/gnu_dataset/swbis-1.9/swstructlib/src)
configure:10159: running /bin/bash ./configure '--prefix=/usr/local'  '--disable-option-checking' --cache-file=/dev/null --srcdir=.

## ---------------- ##
## Cache variables. ##
## ---------------- ##

ac_cv_build=x86_64-unknown-linux-gnu
ac_cv_c_compiler_gnu=yes
ac_cv_c_const=yes
ac_cv_cxx_compiler_gnu=yes
ac_cv_env_CCC_set=
ac_cv_env_CCC_value=
ac_cv_env_CC_set=
ac_cv_env_CC_value=
ac_cv_env_CFLAGS_set=
ac_cv_env_CFLAGS_value=
ac_cv_env_CPPFLAGS_set=
ac_cv_env_CPPFLAGS_value=
ac_cv_env_CPP_set=
ac_cv_env_CPP_value=
ac_cv_env_CXXFLAGS_set=
ac_cv_env_CXXFLAGS_value=
ac_cv_env_CXX_set=
ac_cv_env_CXX_value=
ac_cv_env_LDFLAGS_set=
ac_cv_env_LDFLAGS_value=
ac_cv_env_LIBS_set=
ac_cv_env_LIBS_value=
ac_cv_env_YACC_set=
ac_cv_env_YACC_value=
ac_cv_env_YFLAGS_set=
ac_cv_env_YFLAGS_value=
ac_cv_env_build_alias_set=
ac_cv_env_build_alias_value=
ac_cv_env_host_alias_set=
ac_cv_env_host_alias_value=
ac_cv_env_target_alias_set=
ac_cv_env_target_alias_value=
ac_cv_header_inttypes_h=yes
ac_cv_header_memory_h=yes
ac_cv_header_stdc=yes
ac_cv_header_stdint_h=yes
ac_cv_header_stdlib_h=yes
ac_cv_header_string_h=yes
ac_cv_header_strings_h=yes
ac_cv_header_sys_stat_h=yes
ac_cv_header_sys_types_h=yes
ac_cv_header_unistd_h=yes
ac_cv_host=x86_64-unknown-linux-gnu
ac_cv_objext=o
ac_cv_path_EGREP='/bin/grep -E'
ac_cv_path_GREP=/bin/grep
ac_cv_path_install='/usr/bin/install -c'
ac_cv_prog_AWK=gawk
ac_cv_prog_CPP='gcc -E'
ac_cv_prog_ac_ct_CC=gcc
ac_cv_prog_ac_ct_CXX=g++
ac_cv_prog_ac_ct_RANLIB=ranlib
ac_cv_prog_cc_c89=
ac_cv_prog_cc_c99=
ac_cv_prog_cc_g=yes
ac_cv_prog_cc_gcc_c_o=yes
ac_cv_prog_cxx_g=yes
ac_cv_prog_make_make_set=yes
ac_cv_search_strerror='none required'
ac_cv_sizeof_int=4
ac_cv_sizeof_unsigned_int=4
ac_cv_sizeof_unsigned_long=8
ac_cv_sizeof_unsigned_short=2
ac_cv_sys_file_offset_bits=no
ac_cv_sys_largefile_CC=no
ac_cv_type_int=yes
ac_cv_type_pid_t=yes
ac_cv_type_signal=void
ac_cv_type_size_t=yes
ac_cv_type_unsigned_int=yes
ac_cv_type_unsigned_long=yes
ac_cv_type_unsigned_short=yes
am_cv_CC_dependencies_compiler_type=none
am_cv_CXX_dependencies_compiler_type=none

## ----------------- ##
## Output variables. ##
## ----------------- ##

ACLOCAL='${SHELL} /home/carolhanna/Security_Project/gnu_dataset/swbis-1.9/missing --run aclocal-1.9'
AMDEPBACKSLASH='\'
AMDEP_FALSE='#'
AMDEP_TRUE=''
AMTAR='${SHELL} /home/carolhanna/Security_Project/gnu_dataset/swbis-1.9/missing --run tar'
AUTOCONF='${SHELL} /home/carolhanna/Security_Project/gnu_dataset/swbis-1.9/missing --run autoconf'
AUTOHEADER='${SHELL} /home/carolhanna/Security_Project/gnu_dataset/swbis-1.9/missing --run autoheader'
AUTOMAKE='${SHELL} /home/carolhanna/Security_Project/gnu_dataset/swbis-1.9/missing --run automake-1.9'
AWK='gawk'
CC='gcc'
CCDEPMODE='depmode=none'
CFLAGS='-W -Wall -g -O2'
CPP='gcc -E'
CPPFLAGS=''
CXX='g++'
CXXDEPMODE='depmode=none'
CXXFLAGS='-g -O2'
CYGPATH_W='echo'
DEFS='-DHAVE_CONFIG_H'
DEPDIR='.deps'
DO_DEBUG=''
ECHO_C=''
ECHO_N='-n'
ECHO_T=''
EGREP='/bin/grep -E'
EXEEXT=''
FIXPERMS=''
GETTEXTSTUB=''
GREP='/bin/grep'
INCPATH=''
INSTALL_DATA='${INSTALL} -m 644'
INSTALL_PROGRAM='${INSTALL}'
INSTALL_SCRIPT='${INSTALL}'
INSTALL_STRIP_PROGRAM='${SHELL} $(install_sh) -c -s'
INTLDEF=''
LDFLAGS=''
LEX=':'
LEXLIB=''
LEX_OUTPUT_ROOT=''
LIBINTL=''
LIBMISC=''
LIBOBJS=''
LIBS=''
LN_S='ln -s'
LTLIBOBJS=''
MAKEINFO='${SHELL} /home/carolhanna/Security_Project/gnu_dataset/swbis-1.9/missing --run makeinfo'
OBJEXT='o'
PACKAGE='swstructlib'
PACKAGE_BUGREPORT='bug-swbis@gnu.org'
PACKAGE_NAME='swstructlib'
PACKAGE_STRING='swstructlib 0.1'
PACKAGE_TARNAME='swstructlib'
PACKAGE_VERSION='0.1'
PATH_SEPARATOR=':'
PO=''
RANLIB='ranlib'
SET_MAKE=''
SHELL='/bin/bash'
STRIP=''
SWSTRUCTLOADLIB_='SWSTRUCTLOADLIB='
SWSTRUCT_DIR_='SWSTRUCT_DIR='
VERSION='0.1'
XGETTEXT=''
YACC='yacc'
YFLAGS=''
ac_ct_CC='gcc'
ac_ct_CXX='g++'
am__fastdepCC_FALSE=''
am__fastdepCC_TRUE='#'
am__fastdepCXX_FALSE=''
am__fastdepCXX_TRUE='#'
am__include='include'
am__leading_dot='.'
am__quote=''
am__tar='${AMTAR} chof - "$$tardir"'
am__untar='${AMTAR} xf -'
bindir='${exec_prefix}/bin'
build='x86_64-unknown-linux-gnu'
build_alias=''
build_cpu='x86_64'
build_os='linux-gnu'
build_vendor='unknown'
datadir='${datarootdir}'
datarootdir='${prefix}/share'
docdir='${datarootdir}/doc/${PACKAGE_TARNAME}'
dvidir='${docdir}'
exec_prefix='${prefix}'
host='x86_64-unknown-linux-gnu'
host_alias=''
host_cpu='x86_64'
host_os='linux-gnu'
host_vendor='unknown'
htmldir='${docdir}'
includedir='${prefix}/include'
infodir='${datarootdir}/info'
install_sh='/home/carolhanna/Security_Project/gnu_dataset/swbis-1.9/install-sh'
libdir='${exec_prefix}/lib'
libexecdir='${exec_prefix}/libexec'
localedir='${datarootdir}/locale'
localstatedir='${prefix}/var'
mandir='${datarootdir}/man'
mkdir_p='mkdir -p --'
nounusedparameter='no-unused'
oldincludedir='/usr/include'
pdfdir='${docdir}'
prefix='/usr/local'
program_transform_name='s,x,x,'
psdir='${docdir}'
sbindir='${exec_prefix}/sbin'
sharedstatedir='${prefix}/com'
subdirs=' src'
sysconfdir='${prefix}/etc'
target_alias=''
tmpdir=''
topdir='/home/carolhanna/Security_Project/gnu_dataset/swbis-1.9/swstructlib'
topdirswsupplib='/home/carolhanna/Security_Project/gnu_dataset/swbis-1.9/swsupplib'
topincdir='/home/carolhanna/Security_Project/gnu_dataset/swbis-1.9/include'
varprefix=''

## ----------- ##
## confdefs.h. ##
## ----------- ##

#define PACKAGE_NAME "swstructlib"
#define PACKAGE_TARNAME "swstructlib"
#define PACKAGE_VERSION "0.1"
#define PACKAGE_STRING "swstructlib 0.1"
#define PACKAGE_BUGREPORT "bug-swbis@gnu.org"
#define PACKAGE "swstructlib"
#define VERSION "0.1"
#define STDC_HEADERS 1
#define HAVE_SYS_TYPES_H 1
#define HAVE_SYS_STAT_H 1
#define HAVE_STDLIB_H 1
#define HAVE_STRING_H 1
#define HAVE_MEMORY_H 1
#define HAVE_STRINGS_H 1
#define HAVE_INTTYPES_H 1
#define HAVE_STDINT_H 1
#define HAVE_UNISTD_H 1
#define RETSIGTYPE void
#define SWBISNEEDFAIL 1
#define SIZEOF_INT 4
#define SIZEOF_UNSIGNED_SHORT 2
#define SIZEOF_UNSIGNED_INT 4
#define SIZEOF_UNSIGNED_LONG 8

configure: exit 0
