This file contains any messages produced by compilers while
running configure, to aid debugging if configure makes a mistake.

It was created by GNU Aspell configure 0.60, which was
generated by GNU Autoconf 2.59.  Invocation command line was

  $ ./configure 

## --------- ##
## Platform. ##
## --------- ##

hostname = rishon
uname -m = x86_64
uname -r = 4.15.0-72-generic
uname -s = Linux
uname -v = #81-Ubuntu SMP Tue Nov 26 12:20:02 UTC 2019

/usr/bin/uname -p = unknown
/bin/uname -X     = unknown

/bin/arch              = unknown
/usr/bin/arch -k       = unknown
/usr/convex/getsysinfo = unknown
hostinfo               = unknown
/bin/machine           = unknown
/usr/bin/oslevel       = unknown
/bin/universe          = unknown

PATH: /home/carolhanna/miniconda3/bin
PATH: /home/carolhanna/miniconda3/condabin
PATH: /usr/local/sbin
PATH: /usr/local/bin
PATH: /usr/sbin
PATH: /usr/bin
PATH: /sbin
PATH: /bin
PATH: /usr/games
PATH: /usr/local/games
PATH: /snap/bin


## ----------- ##
## Core tests. ##
## ----------- ##

configure:1563: checking build system type
configure:1581: result: x86_64-unknown-linux-gnu
configure:1589: checking host system type
configure:1603: result: x86_64-unknown-linux-gnu
configure:1611: checking target system type
configure:1625: result: x86_64-unknown-linux-gnu
configure:1653: checking for a BSD-compatible install
configure:1708: result: /usr/bin/install -c
configure:1719: checking whether build environment is sane
configure:1762: result: yes
configure:1827: checking for gawk
configure:1843: found /usr/bin/gawk
configure:1853: result: gawk
configure:1863: checking whether make sets $(MAKE)
configure:1883: result: yes
configure:2054: checking whether to enable maintainer-specific portions of Makefiles
configure:2063: result: no
configure:2227: checking for g++
configure:2243: found /usr/bin/g++
configure:2253: result: g++
configure:2269: checking for C++ compiler version
configure:2272: g++ --version </dev/null >&5
g++ (Ubuntu 7.5.0-3ubuntu1~18.04) 7.5.0
Copyright (C) 2017 Free Software Foundation, Inc.
This is free software; see the source for copying conditions.  There is NO
warranty; not even for MERCHANTABILITY or FITNESS FOR A PARTICULAR PURPOSE.

configure:2275: $? = 0
configure:2277: g++ -v </dev/null >&5
Using built-in specs.
COLLECT_GCC=g++
COLLECT_LTO_WRAPPER=/usr/lib/gcc/x86_64-linux-gnu/7/lto-wrapper
OFFLOAD_TARGET_NAMES=nvptx-none
OFFLOAD_TARGET_DEFAULT=1
Target: x86_64-linux-gnu
Configured with: ../src/configure -v --with-pkgversion='Ubuntu 7.5.0-3ubuntu1~18.04' --with-bugurl=file:///usr/share/doc/gcc-7/README.Bugs --enable-languages=c,ada,c++,go,brig,d,fortran,objc,obj-c++ --prefix=/usr --with-gcc-major-version-only --program-suffix=-7 --program-prefix=x86_64-linux-gnu- --enable-shared --enable-linker-build-id --libexecdir=/usr/lib --without-included-gettext --enable-threads=posix --libdir=/usr/lib --enable-nls --enable-bootstrap --enable-clocale=gnu --enable-libstdcxx-debug --enable-libstdcxx-time=yes --with-default-libstdcxx-abi=new --enable-gnu-unique-object --disable-vtable-verify --enable-libmpx --enable-plugin --enable-default-pie --with-system-zlib --with-target-system-zlib --enable-objc-gc=auto --enable-multiarch --disable-werror --with-arch-32=i686 --with-abi=m64 --with-multilib-list=m32,m64,mx32 --enable-multilib --with-tune=generic --enable-offload-targets=nvptx-none --without-cuda-driver --enable-checking=release --build=x86_64-linux-gnu --host=x86_64-linux-gnu --target=x86_64-linux-gnu
Thread model: posix
gcc version 7.5.0 (Ubuntu 7.5.0-3ubuntu1~18.04) 
configure:2280: $? = 0
configure:2282: g++ -V </dev/null >&5
g++: error: unrecognized command line option '-V'
g++: fatal error: no input files
compilation terminated.
configure:2285: $? = 1
configure:2308: checking for C++ compiler default output file name
configure:2311: g++    conftest.cc  >&5
configure:2314: $? = 0
configure:2360: result: a.out
configure:2365: checking whether the C++ compiler works
configure:2371: ./a.out
configure:2374: $? = 0
configure:2391: result: yes
configure:2398: checking whether we are cross compiling
configure:2400: result: no
configure:2403: checking for suffix of executables
configure:2405: g++ -o conftest    conftest.cc  >&5
configure:2408: $? = 0
configure:2433: result: 
configure:2439: checking for suffix of object files
configure:2460: g++ -c   conftest.cc >&5
configure:2463: $? = 0
configure:2485: result: o
configure:2489: checking whether we are using the GNU C++ compiler
configure:2513: g++ -c   conftest.cc >&5
configure:2519: $? = 0
configure:2523: test -z 
			 || test ! -s conftest.err
configure:2526: $? = 0
configure:2529: test -s conftest.o
configure:2532: $? = 0
configure:2545: result: yes
configure:2551: checking whether g++ accepts -g
configure:2572: g++ -c -g  conftest.cc >&5
configure:2578: $? = 0
configure:2582: test -z 
			 || test ! -s conftest.err
configure:2585: $? = 0
configure:2588: test -s conftest.o
configure:2591: $? = 0
configure:2602: result: yes
configure:2644: g++ -c -g -O2  conftest.cc >&5
configure:2650: $? = 0
configure:2654: test -z 
			 || test ! -s conftest.err
configure:2657: $? = 0
configure:2660: test -s conftest.o
configure:2663: $? = 0
configure:2689: g++ -c -g -O2  conftest.cc >&5
conftest.cc: In function 'int main()':
conftest.cc:15:1: error: 'exit' was not declared in this scope
 exit (42);
 ^~~~
configure:2695: $? = 1
configure: failed program was:
| /* confdefs.h.  */
| 
| #define PACKAGE_NAME "GNU Aspell"
| #define PACKAGE_TARNAME "aspell"
| #define PACKAGE_VERSION "0.60"
| #define PACKAGE_STRING "GNU Aspell 0.60"
| #define PACKAGE_BUGREPORT ""
| #define PACKAGE "aspell"
| #define VERSION "0.60"
| /* end confdefs.h.  */
| 
| int
| main ()
| {
| exit (42);
|   ;
|   return 0;
| }
configure:2644: g++ -c -g -O2  conftest.cc >&5
configure:2650: $? = 0
configure:2654: test -z 
			 || test ! -s conftest.err
configure:2657: $? = 0
configure:2660: test -s conftest.o
configure:2663: $? = 0
configure:2689: g++ -c -g -O2  conftest.cc >&5
configure:2695: $? = 0
configure:2699: test -z 
			 || test ! -s conftest.err
configure:2702: $? = 0
configure:2705: test -s conftest.o
configure:2708: $? = 0
configure:2742: checking for style of include used by make
configure:2770: result: GNU
configure:2798: checking dependency style of g++
configure:2888: result: gcc3
configure:2963: checking for gcc
configure:2979: found /usr/bin/gcc
configure:2989: result: gcc
configure:3233: checking for C compiler version
configure:3236: gcc --version </dev/null >&5
gcc (Ubuntu 7.5.0-3ubuntu1~18.04) 7.5.0
Copyright (C) 2017 Free Software Foundation, Inc.
This is free software; see the source for copying conditions.  There is NO
warranty; not even for MERCHANTABILITY or FITNESS FOR A PARTICULAR PURPOSE.

configure:3239: $? = 0
configure:3241: gcc -v </dev/null >&5
Using built-in specs.
COLLECT_GCC=gcc
COLLECT_LTO_WRAPPER=/usr/lib/gcc/x86_64-linux-gnu/7/lto-wrapper
OFFLOAD_TARGET_NAMES=nvptx-none
OFFLOAD_TARGET_DEFAULT=1
Target: x86_64-linux-gnu
Configured with: ../src/configure -v --with-pkgversion='Ubuntu 7.5.0-3ubuntu1~18.04' --with-bugurl=file:///usr/share/doc/gcc-7/README.Bugs --enable-languages=c,ada,c++,go,brig,d,fortran,objc,obj-c++ --prefix=/usr --with-gcc-major-version-only --program-suffix=-7 --program-prefix=x86_64-linux-gnu- --enable-shared --enable-linker-build-id --libexecdir=/usr/lib --without-included-gettext --enable-threads=posix --libdir=/usr/lib --enable-nls --enable-bootstrap --enable-clocale=gnu --enable-libstdcxx-debug --enable-libstdcxx-time=yes --with-default-libstdcxx-abi=new --enable-gnu-unique-object --disable-vtable-verify --enable-libmpx --enable-plugin --enable-default-pie --with-system-zlib --with-target-system-zlib --enable-objc-gc=auto --enable-multiarch --disable-werror --with-arch-32=i686 --with-abi=m64 --with-multilib-list=m32,m64,mx32 --enable-multilib --with-tune=generic --enable-offload-targets=nvptx-none --without-cuda-driver --enable-checking=release --build=x86_64-linux-gnu --host=x86_64-linux-gnu --target=x86_64-linux-gnu
Thread model: posix
gcc version 7.5.0 (Ubuntu 7.5.0-3ubuntu1~18.04) 
configure:3244: $? = 0
configure:3246: gcc -V </dev/null >&5
gcc: error: unrecognized command line option '-V'
gcc: fatal error: no input files
compilation terminated.
configure:3249: $? = 1
configure:3252: checking whether we are using the GNU C compiler
configure:3276: gcc -c   conftest.c >&5
configure:3282: $? = 0
configure:3286: test -z 
			 || test ! -s conftest.err
configure:3289: $? = 0
configure:3292: test -s conftest.o
configure:3295: $? = 0
configure:3308: result: yes
configure:3314: checking whether gcc accepts -g
configure:3335: gcc -c -g  conftest.c >&5
configure:3341: $? = 0
configure:3345: test -z 
			 || test ! -s conftest.err
configure:3348: $? = 0
configure:3351: test -s conftest.o
configure:3354: $? = 0
configure:3365: result: yes
configure:3382: checking for gcc option to accept ANSI C
configure:3452: gcc  -c -g -O2  conftest.c >&5
configure:3458: $? = 0
configure:3462: test -z 
			 || test ! -s conftest.err
configure:3465: $? = 0
configure:3468: test -s conftest.o
configure:3471: $? = 0
configure:3489: result: none needed
configure:3507: gcc -c -g -O2  conftest.c >&5
conftest.c:2:3: error: unknown type name 'choke'
   choke me
   ^~~~~
conftest.c:2:3: error: expected '=', ',', ';', 'asm' or '__attribute__' at end of input
configure:3513: $? = 1
configure: failed program was:
| #ifndef __cplusplus
|   choke me
| #endif
configure:3648: checking dependency style of gcc
configure:3738: result: gcc3
configure:3756: checking whether gcc and cc understand -c and -o together
configure:3786: gcc -c conftest.cc -o conftest.o >&5
configure:3789: $? = 0
configure:3791: gcc -c conftest.cc -o conftest.o >&5
configure:3794: $? = 0
configure:3801: cc -c conftest.cc >&5
configure:3804: $? = 0
configure:3807: cc -c conftest.cc -o conftest.o >&5
configure:3810: $? = 0
configure:3812: cc -c conftest.cc -o conftest.o >&5
configure:3815: $? = 0
configure:3833: result: yes
configure:3934: checking for a sed that does not truncate output
configure:3988: result: /bin/sed
configure:3991: checking for egrep
configure:4001: result: grep -E
configure:4017: checking for ld used by gcc
configure:4084: result: /usr/bin/ld
configure:4093: checking if the linker (/usr/bin/ld) is GNU ld
configure:4108: result: yes
configure:4113: checking for /usr/bin/ld option to reload object files
configure:4120: result: -r
configure:4138: checking for BSD-compatible nm
configure:4180: result: /usr/bin/nm -B
configure:4184: checking whether ln -s works
configure:4188: result: yes
configure:4195: checking how to recognise dependent libraries
configure:4376: result: pass_all
configure:4461: g++ -c -g -O2 -fno-exceptions  conftest.cc >&5
configure:4464: $? = 0
configure:4590: checking how to run the C preprocessor
configure:4625: gcc -E  conftest.c
configure:4631: $? = 0
configure:4663: gcc -E  conftest.c
conftest.c:14:10: fatal error: ac_nonexistent.h: No such file or directory
 #include <ac_nonexistent.h>
          ^~~~~~~~~~~~~~~~~~
compilation terminated.
configure:4669: $? = 1
configure: failed program was:
| /* confdefs.h.  */
| 
| #define PACKAGE_NAME "GNU Aspell"
| #define PACKAGE_TARNAME "aspell"
| #define PACKAGE_VERSION "0.60"
| #define PACKAGE_STRING "GNU Aspell 0.60"
| #define PACKAGE_BUGREPORT ""
| #define PACKAGE "aspell"
| #define VERSION "0.60"
| #ifdef __cplusplus
| extern "C" void std::exit (int) throw (); using std::exit;
| #endif
| /* end confdefs.h.  */
| #include <ac_nonexistent.h>
configure:4708: result: gcc -E
configure:4732: gcc -E  conftest.c
configure:4738: $? = 0
configure:4770: gcc -E  conftest.c
conftest.c:14:10: fatal error: ac_nonexistent.h: No such file or directory
 #include <ac_nonexistent.h>
          ^~~~~~~~~~~~~~~~~~
compilation terminated.
configure:4776: $? = 1
configure: failed program was:
| /* confdefs.h.  */
| 
| #define PACKAGE_NAME "GNU Aspell"
| #define PACKAGE_TARNAME "aspell"
| #define PACKAGE_VERSION "0.60"
| #define PACKAGE_STRING "GNU Aspell 0.60"
| #define PACKAGE_BUGREPORT ""
| #define PACKAGE "aspell"
| #define VERSION "0.60"
| #ifdef __cplusplus
| extern "C" void std::exit (int) throw (); using std::exit;
| #endif
| /* end confdefs.h.  */
| #include <ac_nonexistent.h>
configure:4820: checking for ANSI C header files
configure:4845: gcc -c -g -O2  conftest.c >&5
configure:4851: $? = 0
configure:4855: test -z 
			 || test ! -s conftest.err
configure:4858: $? = 0
configure:4861: test -s conftest.o
configure:4864: $? = 0
configure:4953: gcc -o conftest -g -O2   conftest.c  >&5
conftest.c: In function 'main':
conftest.c:31:7: warning: implicit declaration of function 'exit' [-Wimplicit-function-declaration]
       exit(2);
       ^~~~
conftest.c:31:7: warning: incompatible implicit declaration of built-in function 'exit'
conftest.c:31:7: note: include '<stdlib.h>' or provide a declaration of 'exit'
conftest.c:32:3: warning: incompatible implicit declaration of built-in function 'exit'
   exit (0);
   ^~~~
conftest.c:32:3: note: include '<stdlib.h>' or provide a declaration of 'exit'
configure:4956: $? = 0
configure:4958: ./conftest
configure:4961: $? = 0
configure:4976: result: yes
configure:5000: checking for sys/types.h
configure:5016: gcc -c -g -O2  conftest.c >&5
configure:5022: $? = 0
configure:5026: test -z 
			 || test ! -s conftest.err
configure:5029: $? = 0
configure:5032: test -s conftest.o
configure:5035: $? = 0
configure:5046: result: yes
configure:5000: checking for sys/stat.h
configure:5016: gcc -c -g -O2  conftest.c >&5
configure:5022: $? = 0
configure:5026: test -z 
			 || test ! -s conftest.err
configure:5029: $? = 0
configure:5032: test -s conftest.o
configure:5035: $? = 0
configure:5046: result: yes
configure:5000: checking for stdlib.h
configure:5016: gcc -c -g -O2  conftest.c >&5
configure:5022: $? = 0
configure:5026: test -z 
			 || test ! -s conftest.err
configure:5029: $? = 0
configure:5032: test -s conftest.o
configure:5035: $? = 0
configure:5046: result: yes
configure:5000: checking for string.h
configure:5016: gcc -c -g -O2  conftest.c >&5
configure:5022: $? = 0
configure:5026: test -z 
			 || test ! -s conftest.err
configure:5029: $? = 0
configure:5032: test -s conftest.o
configure:5035: $? = 0
configure:5046: result: yes
configure:5000: checking for memory.h
configure:5016: gcc -c -g -O2  conftest.c >&5
configure:5022: $? = 0
configure:5026: test -z 
			 || test ! -s conftest.err
configure:5029: $? = 0
configure:5032: test -s conftest.o
configure:5035: $? = 0
configure:5046: result: yes
configure:5000: checking for strings.h
configure:5016: gcc -c -g -O2  conftest.c >&5
configure:5022: $? = 0
configure:5026: test -z 
			 || test ! -s conftest.err
configure:5029: $? = 0
configure:5032: test -s conftest.o
configure:5035: $? = 0
configure:5046: result: yes
configure:5000: checking for inttypes.h
configure:5016: gcc -c -g -O2  conftest.c >&5
configure:5022: $? = 0
configure:5026: test -z 
			 || test ! -s conftest.err
configure:5029: $? = 0
configure:5032: test -s conftest.o
configure:5035: $? = 0
configure:5046: result: yes
configure:5000: checking for stdint.h
configure:5016: gcc -c -g -O2  conftest.c >&5
configure:5022: $? = 0
configure:5026: test -z 
			 || test ! -s conftest.err
configure:5029: $? = 0
configure:5032: test -s conftest.o
configure:5035: $? = 0
configure:5046: result: yes
configure:5000: checking for unistd.h
configure:5016: gcc -c -g -O2  conftest.c >&5
configure:5022: $? = 0
configure:5026: test -z 
			 || test ! -s conftest.err
configure:5029: $? = 0
configure:5032: test -s conftest.o
configure:5035: $? = 0
configure:5046: result: yes
configure:5072: checking dlfcn.h usability
configure:5084: gcc -c -g -O2  conftest.c >&5
configure:5090: $? = 0
configure:5094: test -z 
			 || test ! -s conftest.err
configure:5097: $? = 0
configure:5100: test -s conftest.o
configure:5103: $? = 0
configure:5113: result: yes
configure:5117: checking dlfcn.h presence
configure:5127: gcc -E  conftest.c
configure:5133: $? = 0
configure:5153: result: yes
configure:5188: checking for dlfcn.h
configure:5195: result: yes
configure:5213: checking how to run the C++ preprocessor
configure:5244: g++ -E  conftest.cc
configure:5250: $? = 0
configure:5282: g++ -E  conftest.cc
conftest.cc:25:10: fatal error: ac_nonexistent.h: No such file or directory
 #include <ac_nonexistent.h>
          ^~~~~~~~~~~~~~~~~~
compilation terminated.
configure:5288: $? = 1
configure: failed program was:
| /* confdefs.h.  */
| 
| #define PACKAGE_NAME "GNU Aspell"
| #define PACKAGE_TARNAME "aspell"
| #define PACKAGE_VERSION "0.60"
| #define PACKAGE_STRING "GNU Aspell 0.60"
| #define PACKAGE_BUGREPORT ""
| #define PACKAGE "aspell"
| #define VERSION "0.60"
| #ifdef __cplusplus
| extern "C" void std::exit (int) throw (); using std::exit;
| #endif
| #define STDC_HEADERS 1
| #define HAVE_SYS_TYPES_H 1
| #define HAVE_SYS_STAT_H 1
| #define HAVE_STDLIB_H 1
| #define HAVE_STRING_H 1
| #define HAVE_MEMORY_H 1
| #define HAVE_STRINGS_H 1
| #define HAVE_INTTYPES_H 1
| #define HAVE_STDINT_H 1
| #define HAVE_UNISTD_H 1
| #define HAVE_DLFCN_H 1
| /* end confdefs.h.  */
| #include <ac_nonexistent.h>
configure:5327: result: g++ -E
configure:5351: g++ -E  conftest.cc
configure:5357: $? = 0
configure:5389: g++ -E  conftest.cc
conftest.cc:25:10: fatal error: ac_nonexistent.h: No such file or directory
 #include <ac_nonexistent.h>
          ^~~~~~~~~~~~~~~~~~
compilation terminated.
configure:5395: $? = 1
configure: failed program was:
| /* confdefs.h.  */
| 
| #define PACKAGE_NAME "GNU Aspell"
| #define PACKAGE_TARNAME "aspell"
| #define PACKAGE_VERSION "0.60"
| #define PACKAGE_STRING "GNU Aspell 0.60"
| #define PACKAGE_BUGREPORT ""
| #define PACKAGE "aspell"
| #define VERSION "0.60"
| #ifdef __cplusplus
| extern "C" void std::exit (int) throw (); using std::exit;
| #endif
| #define STDC_HEADERS 1
| #define HAVE_SYS_TYPES_H 1
| #define HAVE_SYS_STAT_H 1
| #define HAVE_STDLIB_H 1
| #define HAVE_STRING_H 1
| #define HAVE_MEMORY_H 1
| #define HAVE_STRINGS_H 1
| #define HAVE_INTTYPES_H 1
| #define HAVE_STDINT_H 1
| #define HAVE_UNISTD_H 1
| #define HAVE_DLFCN_H 1
| /* end confdefs.h.  */
| #include <ac_nonexistent.h>
configure:5490: checking for g77
configure:5519: result: no
configure:5490: checking for f77
configure:5506: found /usr/bin/f77
configure:5516: result: f77
configure:5531: checking for Fortran 77 compiler version
configure:5534: f77 --version </dev/null >&5
GNU Fortran (Ubuntu 7.5.0-3ubuntu1~18.04) 7.5.0
Copyright (C) 2017 Free Software Foundation, Inc.
This is free software; see the source for copying conditions.  There is NO
warranty; not even for MERCHANTABILITY or FITNESS FOR A PARTICULAR PURPOSE.

configure:5537: $? = 0
configure:5539: f77 -v </dev/null >&5
Using built-in specs.
COLLECT_GCC=f77
COLLECT_LTO_WRAPPER=/usr/lib/gcc/x86_64-linux-gnu/7/lto-wrapper
OFFLOAD_TARGET_NAMES=nvptx-none
OFFLOAD_TARGET_DEFAULT=1
Target: x86_64-linux-gnu
Configured with: ../src/configure -v --with-pkgversion='Ubuntu 7.5.0-3ubuntu1~18.04' --with-bugurl=file:///usr/share/doc/gcc-7/README.Bugs --enable-languages=c,ada,c++,go,brig,d,fortran,objc,obj-c++ --prefix=/usr --with-gcc-major-version-only --program-suffix=-7 --program-prefix=x86_64-linux-gnu- --enable-shared --enable-linker-build-id --libexecdir=/usr/lib --without-included-gettext --enable-threads=posix --libdir=/usr/lib --enable-nls --enable-bootstrap --enable-clocale=gnu --enable-libstdcxx-debug --enable-libstdcxx-time=yes --with-default-libstdcxx-abi=new --enable-gnu-unique-object --disable-vtable-verify --enable-libmpx --enable-plugin --enable-default-pie --with-system-zlib --with-target-system-zlib --enable-objc-gc=auto --enable-multiarch --disable-werror --with-arch-32=i686 --with-abi=m64 --with-multilib-list=m32,m64,mx32 --enable-multilib --with-tune=generic --enable-offload-targets=nvptx-none --without-cuda-driver --enable-checking=release --build=x86_64-linux-gnu --host=x86_64-linux-gnu --target=x86_64-linux-gnu
Thread model: posix
gcc version 7.5.0 (Ubuntu 7.5.0-3ubuntu1~18.04) 
configure:5542: $? = 0
configure:5544: f77 -V </dev/null >&5
f77: error: unrecognized command line option '-V'
f77: fatal error: no input files
compilation terminated.
configure:5547: $? = 1
configure:5555: checking whether we are using the GNU Fortran 77 compiler
configure:5569: f77 -c  conftest.F >&5
configure:5575: $? = 0
configure:5579: test -z 
			 || test ! -s conftest.err
configure:5582: $? = 0
configure:5585: test -s conftest.o
configure:5588: $? = 0
configure:5601: result: yes
configure:5607: checking whether f77 accepts -g
configure:5619: f77 -c -g conftest.f >&5
configure:5625: $? = 0
configure:5629: test -z 
			 || test ! -s conftest.err
configure:5632: $? = 0
configure:5635: test -s conftest.o
configure:5638: $? = 0
configure:5650: result: yes
configure:5680: checking the maximum length of command line arguments
configure:5759: result: 32768
configure:5770: checking command to parse /usr/bin/nm -B output from gcc object
configure:5859: g++ -c -g -O2 -fno-exceptions  conftest.cc >&5
configure:5862: $? = 0
configure:5866: /usr/bin/nm -B conftest.o \| sed -n -e 's/^.*[ 	]\([ABCDGIRSTW][ABCDGIRSTW]*\)[ 	][ 	]*\(\)\([_A-Za-z][_A-Za-z0-9]*\)$/\1 \2\3 \3/p' \> conftest.nm
configure:5869: $? = 0
configure:5921: g++ -o conftest -g -O2 -fno-exceptions   conftest.cc conftstm.o >&5
configure:5924: $? = 0
configure:5962: result: ok
configure:5966: checking for objdir
configure:5981: result: .libs
configure:6071: checking for ar
configure:6087: found /usr/bin/ar
configure:6098: result: ar
configure:6151: checking for ranlib
configure:6167: found /usr/bin/ranlib
configure:6178: result: ranlib
configure:6231: checking for strip
configure:6247: found /usr/bin/strip
configure:6258: result: strip
configure:6522: checking if gcc static flag  works
configure:6545: result: yes
configure:6563: checking if gcc supports -fno-rtti -fno-exceptions
configure:6581: gcc -c -g -O2  -fno-rtti -fno-exceptions conftest.c >&5
cc1: warning: command line option '-fno-rtti' is valid for C++/ObjC++ but not for C
configure:6585: $? = 0
configure:6596: result: no
configure:6611: checking for gcc option to produce PIC
configure:6798: result: -fPIC
configure:6806: checking if gcc PIC flag -fPIC works
configure:6824: gcc -c -g -O2  -fPIC -DPIC conftest.c >&5
configure:6828: $? = 0
configure:6839: result: yes
configure:6863: checking if gcc supports -c -o file.o
configure:6884: gcc -c -g -O2  -o out/conftest2.o conftest.c >&5
configure:6888: $? = 0
configure:6908: result: yes
configure:6934: checking whether the gcc linker (/usr/bin/ld -m elf_x86_64) supports shared libraries
configure:7783: result: yes
configure:7809: checking whether -lc should be explicitly linked in
configure:7814: gcc -c -g -O2  conftest.c >&5
configure:7817: $? = 0
configure:7831: gcc -shared conftest.o  -v -Wl,-soname -Wl,conftest -o conftest 2\>\&1 \| grep  -lc  \>/dev/null 2\>\&1
configure:7834: $? = 0
configure:7846: result: no
configure:7854: checking dynamic linker characteristics
configure:8394: result: GNU/Linux ld.so
configure:8398: checking how to hardcode library paths into programs
configure:8423: result: immediate
configure:8437: checking whether stripping libraries is possible
configure:8442: result: yes
configure:8568: checking for shl_load
configure:8625: gcc -o conftest -g -O2   conftest.c  >&5
/tmp/ccb5BSOW.o: In function `main':
/home/carolhanna/Security_Project/gnu_dataset/aspell-0.60/conftest.c:65: undefined reference to `shl_load'
/tmp/ccb5BSOW.o:/home/carolhanna/Security_Project/gnu_dataset/aspell-0.60/conftest.c:56: undefined reference to `shl_load'
collect2: error: ld returned 1 exit status
configure:8631: $? = 1
configure: failed program was:
| /* confdefs.h.  */
| 
| #define PACKAGE_NAME "GNU Aspell"
| #define PACKAGE_TARNAME "aspell"
| #define PACKAGE_VERSION "0.60"
| #define PACKAGE_STRING "GNU Aspell 0.60"
| #define PACKAGE_BUGREPORT ""
| #define PACKAGE "aspell"
| #define VERSION "0.60"
| #ifdef __cplusplus
| extern "C" void std::exit (int) throw (); using std::exit;
| #endif
| #define STDC_HEADERS 1
| #define HAVE_SYS_TYPES_H 1
| #define HAVE_SYS_STAT_H 1
| #define HAVE_STDLIB_H 1
| #define HAVE_STRING_H 1
| #define HAVE_MEMORY_H 1
| #define HAVE_STRINGS_H 1
| #define HAVE_INTTYPES_H 1
| #define HAVE_STDINT_H 1
| #define HAVE_UNISTD_H 1
| #define HAVE_DLFCN_H 1
| /* end confdefs.h.  */
| /* Define shl_load to an innocuous variant, in case <limits.h> declares shl_load.
|    For example, HP-UX 11i <limits.h> declares gettimeofday.  */
| #define shl_load innocuous_shl_load
| 
| /* System header to define __stub macros and hopefully few prototypes,
|     which can conflict with char shl_load (); below.
|     Prefer <limits.h> to <assert.h> if __STDC__ is defined, since
|     <limits.h> exists even on freestanding compilers.  */
| 
| #ifdef __STDC__
| # include <limits.h>
| #else
| # include <assert.h>
| #endif
| 
| #undef shl_load
| 
| /* Override any gcc2 internal prototype to avoid an error.  */
| #ifdef __cplusplus
| extern "C"
| {
| #endif
| /* We use char because int might match the return type of a gcc2
|    builtin and then its argument prototype would still apply.  */
| char shl_load ();
| /* The GNU C library defines this for functions which it implements
|     to always fail with ENOSYS.  Some functions are actually named
|     something starting with __ and the normal name is an alias.  */
| #if defined (__stub_shl_load) || defined (__stub___shl_load)
| choke me
| #else
| char (*f) () = shl_load;
| #endif
| #ifdef __cplusplus
| }
| #endif
| 
| int
| main ()
| {
| return f != shl_load;
|   ;
|   return 0;
| }
configure:8656: result: no
configure:8661: checking for shl_load in -ldld
configure:8691: gcc -o conftest -g -O2   conftest.c -ldld   >&5
/usr/bin/ld: cannot find -ldld
collect2: error: ld returned 1 exit status
configure:8697: $? = 1
configure: failed program was:
| /* confdefs.h.  */
| 
| #define PACKAGE_NAME "GNU Aspell"
| #define PACKAGE_TARNAME "aspell"
| #define PACKAGE_VERSION "0.60"
| #define PACKAGE_STRING "GNU Aspell 0.60"
| #define PACKAGE_BUGREPORT ""
| #define PACKAGE "aspell"
| #define VERSION "0.60"
| #ifdef __cplusplus
| extern "C" void std::exit (int) throw (); using std::exit;
| #endif
| #define STDC_HEADERS 1
| #define HAVE_SYS_TYPES_H 1
| #define HAVE_SYS_STAT_H 1
| #define HAVE_STDLIB_H 1
| #define HAVE_STRING_H 1
| #define HAVE_MEMORY_H 1
| #define HAVE_STRINGS_H 1
| #define HAVE_INTTYPES_H 1
| #define HAVE_STDINT_H 1
| #define HAVE_UNISTD_H 1
| #define HAVE_DLFCN_H 1
| /* end confdefs.h.  */
| 
| /* Override any gcc2 internal prototype to avoid an error.  */
| #ifdef __cplusplus
| extern "C"
| #endif
| /* We use char because int might match the return type of a gcc2
|    builtin and then its argument prototype would still apply.  */
| char shl_load ();
| int
| main ()
| {
| shl_load ();
|   ;
|   return 0;
| }
configure:8723: result: no
configure:8728: checking for dlopen
configure:8785: gcc -o conftest -g -O2   conftest.c  >&5
/tmp/ccGbnm2E.o: In function `main':
/home/carolhanna/Security_Project/gnu_dataset/aspell-0.60/conftest.c:65: undefined reference to `dlopen'
/tmp/ccGbnm2E.o:/home/carolhanna/Security_Project/gnu_dataset/aspell-0.60/conftest.c:56: undefined reference to `dlopen'
collect2: error: ld returned 1 exit status
configure:8791: $? = 1
configure: failed program was:
| /* confdefs.h.  */
| 
| #define PACKAGE_NAME "GNU Aspell"
| #define PACKAGE_TARNAME "aspell"
| #define PACKAGE_VERSION "0.60"
| #define PACKAGE_STRING "GNU Aspell 0.60"
| #define PACKAGE_BUGREPORT ""
| #define PACKAGE "aspell"
| #define VERSION "0.60"
| #ifdef __cplusplus
| extern "C" void std::exit (int) throw (); using std::exit;
| #endif
| #define STDC_HEADERS 1
| #define HAVE_SYS_TYPES_H 1
| #define HAVE_SYS_STAT_H 1
| #define HAVE_STDLIB_H 1
| #define HAVE_STRING_H 1
| #define HAVE_MEMORY_H 1
| #define HAVE_STRINGS_H 1
| #define HAVE_INTTYPES_H 1
| #define HAVE_STDINT_H 1
| #define HAVE_UNISTD_H 1
| #define HAVE_DLFCN_H 1
| /* end confdefs.h.  */
| /* Define dlopen to an innocuous variant, in case <limits.h> declares dlopen.
|    For example, HP-UX 11i <limits.h> declares gettimeofday.  */
| #define dlopen innocuous_dlopen
| 
| /* System header to define __stub macros and hopefully few prototypes,
|     which can conflict with char dlopen (); below.
|     Prefer <limits.h> to <assert.h> if __STDC__ is defined, since
|     <limits.h> exists even on freestanding compilers.  */
| 
| #ifdef __STDC__
| # include <limits.h>
| #else
| # include <assert.h>
| #endif
| 
| #undef dlopen
| 
| /* Override any gcc2 internal prototype to avoid an error.  */
| #ifdef __cplusplus
| extern "C"
| {
| #endif
| /* We use char because int might match the return type of a gcc2
|    builtin and then its argument prototype would still apply.  */
| char dlopen ();
| /* The GNU C library defines this for functions which it implements
|     to always fail with ENOSYS.  Some functions are actually named
|     something starting with __ and the normal name is an alias.  */
| #if defined (__stub_dlopen) || defined (__stub___dlopen)
| choke me
| #else
| char (*f) () = dlopen;
| #endif
| #ifdef __cplusplus
| }
| #endif
| 
| int
| main ()
| {
| return f != dlopen;
|   ;
|   return 0;
| }
configure:8816: result: no
configure:8821: checking for dlopen in -ldl
configure:8851: gcc -o conftest -g -O2   conftest.c -ldl   >&5
configure:8857: $? = 0
configure:8861: test -z 
			 || test ! -s conftest.err
configure:8864: $? = 0
configure:8867: test -s conftest
configure:8870: $? = 0
configure:8883: result: yes
configure:9058: checking whether a program can dlopen itself
configure:9130: gcc -o conftest -g -O2  -DHAVE_DLFCN_H  -Wl,--export-dynamic conftest.c -ldl  >&5
configure: In function 'main':
configure:9126:5: warning: implicit declaration of function 'exit' [-Wimplicit-function-declaration]
 
     ^   
configure:9126:5: warning: incompatible implicit declaration of built-in function 'exit'
configure:9126:5: note: include '<stdlib.h>' or provide a declaration of 'exit'
configure:9133: $? = 0
configure:9151: result: yes
configure:9156: checking whether a statically linked program can dlopen itself
configure:9228: gcc -o conftest -g -O2  -DHAVE_DLFCN_H  -Wl,--export-dynamic  conftest.c -ldl  >&5
configure: In function 'main':
configure:9224:5: warning: implicit declaration of function 'exit' [-Wimplicit-function-declaration]
 
     ^   
configure:9224:5: warning: incompatible implicit declaration of built-in function 'exit'
configure:9224:5: note: include '<stdlib.h>' or provide a declaration of 'exit'
configure:9231: $? = 0
configure:9249: result: yes
configure:9272: checking if libtool supports shared libraries
configure:9274: result: yes
configure:9277: checking whether to build shared libraries
configure:9298: result: yes
configure:9301: checking whether to build static libraries
configure:9305: result: no
configure:9397: creating libtool
configure:9944: checking for ld used by g++
configure:10011: result: /usr/bin/ld -m elf_x86_64
configure:10020: checking if the linker (/usr/bin/ld -m elf_x86_64) is GNU ld
configure:10035: result: yes
configure:10086: checking whether the g++ linker (/usr/bin/ld -m elf_x86_64) supports shared libraries
configure:10951: result: yes
configure:10969: g++ -c -g -O2 -fno-exceptions  conftest.cc >&5
configure:10972: $? = 0
configure:11068: checking for g++ option to produce PIC
configure:11330: result: -fPIC
configure:11338: checking if g++ PIC flag -fPIC works
configure:11356: g++ -c -g -O2 -fno-exceptions  -fPIC -DPIC conftest.cc >&5
configure:11360: $? = 0
configure:11371: result: yes
configure:11395: checking if g++ supports -c -o file.o
configure:11416: g++ -c -g -O2 -fno-exceptions  -o out/conftest2.o conftest.cc >&5
configure:11420: $? = 0
configure:11440: result: yes
configure:11466: checking whether the g++ linker (/usr/bin/ld -m elf_x86_64) supports shared libraries
configure:11491: result: yes
configure:11562: checking dynamic linker characteristics
configure:12102: result: GNU/Linux ld.so
configure:12106: checking how to hardcode library paths into programs
configure:12131: result: immediate
configure:12145: checking whether stripping libraries is possible
configure:12150: result: yes
configure:12276: checking for shl_load
configure:12364: result: no
configure:12369: checking for shl_load in -ldld
configure:12431: result: no
configure:12436: checking for dlopen
configure:12524: result: no
configure:12529: checking for dlopen in -ldl
configure:12591: result: yes
configure:12766: checking whether a program can dlopen itself
configure:12859: result: yes
configure:12864: checking whether a statically linked program can dlopen itself
configure:12957: result: yes
configure:13457: checking if libtool supports shared libraries
configure:13459: result: yes
configure:13462: checking whether to build shared libraries
configure:13480: result: yes
configure:13483: checking whether to build static libraries
configure:13487: result: no
configure:13499: checking for f77 option to produce PIC
configure:13686: result: -fPIC
configure:13694: checking if f77 PIC flag -fPIC works
configure:13712: f77 -c -g -O2 -fPIC conftest.f >&5
configure:13716: $? = 0
configure:13727: result: yes
configure:13751: checking if f77 supports -c -o file.o
configure:13772: f77 -c -g -O2 -o out/conftest2.o conftest.f >&5
configure:13776: $? = 0
configure:13796: result: yes
configure:13822: checking whether the f77 linker (/usr/bin/ld -m elf_x86_64) supports shared libraries
configure:14651: result: yes
configure:14722: checking dynamic linker characteristics
configure:15262: result: GNU/Linux ld.so
configure:15266: checking how to hardcode library paths into programs
configure:15291: result: immediate
configure:15305: checking whether stripping libraries is possible
configure:15310: result: yes
configure:19415: checking for dlfcn.h
configure:19420: result: yes
configure:19563: checking for dlopen in -ldl
configure:19625: result: yes
configure:19642: checking for sed
configure:19668: result: /bin/sed
configure:19677: checking for perl
configure:19695: found /usr/bin/perl
configure:19707: result: /usr/bin/perl
configure:19777: checking whether NLS is requested
configure:19786: result: yes
configure:19824: checking for msgfmt
configure:19855: result: /usr/bin/msgfmt
configure:19864: checking for gmsgfmt
configure:19895: result: /usr/bin/msgfmt
configure:19934: checking for xgettext
configure:19965: result: /usr/bin/xgettext
configure:20005: checking for msgmerge
configure:20035: result: /usr/bin/msgmerge
configure:20110: checking for ld used by GCC
configure:20174: result: /usr/bin/ld -m elf_x86_64
configure:20183: checking if the linker (/usr/bin/ld -m elf_x86_64) is GNU ld
configure:20196: result: yes
configure:20202: checking for shared library run path origin
configure:20215: result: done
configure:20631: checking whether NLS is requested
configure:20640: result: yes
configure:20658: checking for GNU gettext in libc
configure:20682: g++ -o conftest -g -O2 -fno-exceptions   conftest.cc -ldl  >&5
conftest.cc: In function 'int main()':
conftest.cc:34:25: error: cast from 'char*' to 'int' loses precision [-fpermissive]
 return (int) gettext ("") + _nl_msg_cat_cntr + *_nl_domain_bindings
                         ^
configure:20688: $? = 1
configure: failed program was:
| /* confdefs.h.  */
| 
| #define PACKAGE_NAME "GNU Aspell"
| #define PACKAGE_TARNAME "aspell"
| #define PACKAGE_VERSION "0.60"
| #define PACKAGE_STRING "GNU Aspell 0.60"
| #define PACKAGE_BUGREPORT ""
| #define PACKAGE "aspell"
| #define VERSION "0.60"
| #ifdef __cplusplus
| extern "C" void std::exit (int) throw (); using std::exit;
| #endif
| #define STDC_HEADERS 1
| #define HAVE_SYS_TYPES_H 1
| #define HAVE_SYS_STAT_H 1
| #define HAVE_STDLIB_H 1
| #define HAVE_STRING_H 1
| #define HAVE_MEMORY_H 1
| #define HAVE_STRINGS_H 1
| #define HAVE_INTTYPES_H 1
| #define HAVE_STDINT_H 1
| #define HAVE_UNISTD_H 1
| #define HAVE_DLFCN_H 1
| #define HAVE_DLFCN_H 1
| #define HAVE_LIBDL 1
| /* end confdefs.h.  */
| #include <libintl.h>
| extern int _nl_msg_cat_cntr;
| extern int *_nl_domain_bindings;
| int
| main ()
| {
| bindtextdomain ("", "");
| return (int) gettext ("") + _nl_msg_cat_cntr + *_nl_domain_bindings
|   ;
|   return 0;
| }
configure:20713: result: no
configure:20747: checking for iconv
configure:20774: g++ -o conftest -g -O2 -fno-exceptions   conftest.cc -ldl  >&5
configure:20780: $? = 0
configure:20784: test -z 
			 || test ! -s conftest.err
configure:20787: $? = 0
configure:20790: test -s conftest
configure:20793: $? = 0
configure:20859: result: yes
configure:21260: checking for GNU gettext in libintl
configure:21292: g++ -o conftest -g -O2 -fno-exceptions    conftest.cc -ldl  -lintl >&5
conftest.cc: In function 'int main()':
conftest.cc:39:25: error: cast from 'char*' to 'int' loses precision [-fpermissive]
 return (int) gettext ("") + _nl_msg_cat_cntr + *_nl_expand_alias (0)
                         ^
conftest.cc:39:68: error: too many arguments to function 'const char* _nl_expand_alias()'
 return (int) gettext ("") + _nl_msg_cat_cntr + *_nl_expand_alias (0)
                                                                    ^
conftest.cc:34:13: note: declared here
 const char *_nl_expand_alias ();
             ^~~~~~~~~~~~~~~~
configure:21298: $? = 1
configure: failed program was:
| /* confdefs.h.  */
| 
| #define PACKAGE_NAME "GNU Aspell"
| #define PACKAGE_TARNAME "aspell"
| #define PACKAGE_VERSION "0.60"
| #define PACKAGE_STRING "GNU Aspell 0.60"
| #define PACKAGE_BUGREPORT ""
| #define PACKAGE "aspell"
| #define VERSION "0.60"
| #ifdef __cplusplus
| extern "C" void std::exit (int) throw (); using std::exit;
| #endif
| #define STDC_HEADERS 1
| #define HAVE_SYS_TYPES_H 1
| #define HAVE_SYS_STAT_H 1
| #define HAVE_STDLIB_H 1
| #define HAVE_STRING_H 1
| #define HAVE_MEMORY_H 1
| #define HAVE_STRINGS_H 1
| #define HAVE_INTTYPES_H 1
| #define HAVE_STDINT_H 1
| #define HAVE_UNISTD_H 1
| #define HAVE_DLFCN_H 1
| #define HAVE_DLFCN_H 1
| #define HAVE_LIBDL 1
| #define HAVE_ICONV 1
| /* end confdefs.h.  */
| #include <libintl.h>
| extern int _nl_msg_cat_cntr;
| extern
| #ifdef __cplusplus
| "C"
| #endif
| const char *_nl_expand_alias ();
| int
| main ()
| {
| bindtextdomain ("", "");
| return (int) gettext ("") + _nl_msg_cat_cntr + *_nl_expand_alias (0)
|   ;
|   return 0;
| }
configure:21383: result: no
configure:21412: checking whether to use NLS
configure:21414: result: no
configure:21516: checking for dlfcn.h
configure:21521: result: yes
configure:21662: checking for dlopen in -ldl
configure:21724: result: yes
configure:21742: checking if file locking and truncating is supported
configure:21764: g++ -o conftest -g -O2 -fno-exceptions   conftest.cc -ldl -ldl  >&5
conftest.cc: In function 'int main()':
conftest.cc:38:13: warning: ignoring return value of 'int ftruncate(int, __off_t)', declared with attribute warn_unused_result [-Wunused-result]
    ftruncate(fd,0);
    ~~~~~~~~~^~~~~~
configure:21770: $? = 0
configure:21774: test -z 
			 || test ! -s conftest.err
configure:21777: $? = 0
configure:21780: test -s conftest
configure:21783: $? = 0
configure:21785: result: yes
configure:21803: checking if mmap and friends is supported
configure:21824: g++ -o conftest -g -O2 -fno-exceptions   conftest.cc -ldl -ldl  >&5
configure:21830: $? = 0
configure:21834: test -z 
			 || test ! -s conftest.err
configure:21837: $? = 0
configure:21840: test -s conftest
configure:21843: $? = 0
configure:21845: result: yes
configure:21862: checking if file ino is supported
configure:21898: g++ -o conftest -g -O2 -fno-exceptions   conftest.cc -ldl -ldl  >&5
configure:21901: $? = 0
configure:21903: ./conftest
configure:21906: $? = 0
configure:21908: result: yes
configure:21928: checking if posix locals are supported
configure:21947: g++ -c -g -O2 -fno-exceptions  conftest.cc >&5
configure:21953: $? = 0
configure:21957: test -z 
			 || test ! -s conftest.err
configure:21960: $? = 0
configure:21963: test -s conftest.o
configure:21966: $? = 0
configure:21968: result: yes
configure:22047: checking for nl_langinfo and CODESET
configure:22068: g++ -o conftest -g -O2 -fno-exceptions   conftest.cc -ldl -ldl  >&5
configure:22074: $? = 0
configure:22078: test -z 
			 || test ! -s conftest.err
configure:22081: $? = 0
configure:22084: test -s conftest
configure:22087: $? = 0
configure:22100: result: yes
configure:22119: checking if posix mutexes are supported
configure:22149: g++ -o conftest -g -O2 -fno-exceptions   conftest.cc  -ldl -ldl  >&5
configure:22155: $? = 0
configure:22159: test -z 
			 || test ! -s conftest.err
configure:22162: $? = 0
configure:22165: test -s conftest
configure:22168: $? = 0
configure:22188: result: yes
configure:22213: checking if mblen is supported
configure:22233: g++ -o conftest -g -O2 -fno-exceptions   conftest.cc -ldl -ldl  >&5
configure:22239: $? = 0
configure:22243: test -z 
			 || test ! -s conftest.err
configure:22246: $? = 0
configure:22249: test -s conftest
configure:22252: $? = 0
configure:22254: result: yes
configure:22301: checking for working curses library
configure:22321: g++ -o conftest -g -O2 -fno-exceptions    conftest.cc -lncursesw -ldl -ldl  >&5
conftest.cc:37:10: fatal error: ncursesw/curses.h: No such file or directory
 #include <ncursesw/curses.h>
          ^~~~~~~~~~~~~~~~~~~
compilation terminated.
configure:22327: $? = 1
configure: failed program was:
| /* confdefs.h.  */
| 
| #define PACKAGE_NAME "GNU Aspell"
| #define PACKAGE_TARNAME "aspell"
| #define PACKAGE_VERSION "0.60"
| #define PACKAGE_STRING "GNU Aspell 0.60"
| #define PACKAGE_BUGREPORT ""
| #define PACKAGE "aspell"
| #define VERSION "0.60"
| #ifdef __cplusplus
| extern "C" void std::exit (int) throw (); using std::exit;
| #endif
| #define STDC_HEADERS 1
| #define HAVE_SYS_TYPES_H 1
| #define HAVE_SYS_STAT_H 1
| #define HAVE_STDLIB_H 1
| #define HAVE_STRING_H 1
| #define HAVE_MEMORY_H 1
| #define HAVE_STRINGS_H 1
| #define HAVE_INTTYPES_H 1
| #define HAVE_STDINT_H 1
| #define HAVE_UNISTD_H 1
| #define HAVE_DLFCN_H 1
| #define HAVE_DLFCN_H 1
| #define HAVE_LIBDL 1
| #define HAVE_ICONV 1
| #define HAVE_DLFCN_H 1
| #define HAVE_LIBDL 1
| #define USE_FILE_LOCKS 1
| #define HAVE_MMAP 1
| #define USE_FILE_INO 1
| #define USE_LOCALE 1
| #define HAVE_LANGINFO_CODESET 1
| #define USE_POSIX_MUTEX 1
| #define HAVE_MBLEN 1
| /* end confdefs.h.  */
| #include <ncursesw/curses.h>
| int
| main ()
| {
| initscr()
|   ;
|   return 0;
| }
configure:22370: g++ -o conftest -g -O2 -fno-exceptions    conftest.cc -lncurses -ldl -ldl  >&5
conftest.cc:37:10: fatal error: ncurses/curses.h: No such file or directory
 #include <ncurses/curses.h>
          ^~~~~~~~~~~~~~~~~~
compilation terminated.
configure:22376: $? = 1
configure: failed program was:
| /* confdefs.h.  */
| 
| #define PACKAGE_NAME "GNU Aspell"
| #define PACKAGE_TARNAME "aspell"
| #define PACKAGE_VERSION "0.60"
| #define PACKAGE_STRING "GNU Aspell 0.60"
| #define PACKAGE_BUGREPORT ""
| #define PACKAGE "aspell"
| #define VERSION "0.60"
| #ifdef __cplusplus
| extern "C" void std::exit (int) throw (); using std::exit;
| #endif
| #define STDC_HEADERS 1
| #define HAVE_SYS_TYPES_H 1
| #define HAVE_SYS_STAT_H 1
| #define HAVE_STDLIB_H 1
| #define HAVE_STRING_H 1
| #define HAVE_MEMORY_H 1
| #define HAVE_STRINGS_H 1
| #define HAVE_INTTYPES_H 1
| #define HAVE_STDINT_H 1
| #define HAVE_UNISTD_H 1
| #define HAVE_DLFCN_H 1
| #define HAVE_DLFCN_H 1
| #define HAVE_LIBDL 1
| #define HAVE_ICONV 1
| #define HAVE_DLFCN_H 1
| #define HAVE_LIBDL 1
| #define USE_FILE_LOCKS 1
| #define HAVE_MMAP 1
| #define USE_FILE_INO 1
| #define USE_LOCALE 1
| #define HAVE_LANGINFO_CODESET 1
| #define USE_POSIX_MUTEX 1
| #define HAVE_MBLEN 1
| /* end confdefs.h.  */
| #include <ncurses/curses.h>
| int
| main ()
| {
| initscr()
|   ;
|   return 0;
| }
configure:22419: g++ -o conftest -g -O2 -fno-exceptions    conftest.cc -lncurses -ldl -ldl  >&5
configure:22425: $? = 0
configure:22429: test -z 
			 || test ! -s conftest.err
configure:22432: $? = 0
configure:22435: test -s conftest
configure:22438: $? = 0
configure:22566: result: found in -lncurses
configure:22587: checking for wide character support in curses libraray
configure:22610: g++ -o conftest -g -O2 -fno-exceptions    conftest.cc -lncurses -ldl -ldl  >&5
conftest.cc: In function 'int main()':
conftest.cc:45:11: error: 'addnwstr' was not declared in this scope
           addnwstr(&wch, 1);
           ^~~~~~~~
conftest.cc:45:11: note: suggested alternative: 'addnstr'
           addnwstr(&wch, 1);
           ^~~~~~~~
           addnstr
configure:22616: $? = 1
configure: failed program was:
| /* confdefs.h.  */
| 
| #define PACKAGE_NAME "GNU Aspell"
| #define PACKAGE_TARNAME "aspell"
| #define PACKAGE_VERSION "0.60"
| #define PACKAGE_STRING "GNU Aspell 0.60"
| #define PACKAGE_BUGREPORT ""
| #define PACKAGE "aspell"
| #define VERSION "0.60"
| #ifdef __cplusplus
| extern "C" void std::exit (int) throw (); using std::exit;
| #endif
| #define STDC_HEADERS 1
| #define HAVE_SYS_TYPES_H 1
| #define HAVE_SYS_STAT_H 1
| #define HAVE_STDLIB_H 1
| #define HAVE_STRING_H 1
| #define HAVE_MEMORY_H 1
| #define HAVE_STRINGS_H 1
| #define HAVE_INTTYPES_H 1
| #define HAVE_STDINT_H 1
| #define HAVE_UNISTD_H 1
| #define HAVE_DLFCN_H 1
| #define HAVE_DLFCN_H 1
| #define HAVE_LIBDL 1
| #define HAVE_ICONV 1
| #define HAVE_DLFCN_H 1
| #define HAVE_LIBDL 1
| #define USE_FILE_LOCKS 1
| #define HAVE_MMAP 1
| #define USE_FILE_INO 1
| #define USE_LOCALE 1
| #define HAVE_LANGINFO_CODESET 1
| #define USE_POSIX_MUTEX 1
| #define HAVE_MBLEN 1
| #define CURSES_HEADER <ncurses.h>
| /* end confdefs.h.  */
| #include <wchar.h>
|           #include CURSES_HEADER
| 
| int
| main ()
| {
| wchar_t wch = 0;
|           addnwstr(&wch, 1);
|   ;
|   return 0;
| }
configure:22642: result: no
configure:22644: WARNING: Aspell will not be able to Display UTF-8 characters correctly.
configure:22656: checking if standard curses include sequence will work
configure:22678: g++ -o conftest -g -O2 -fno-exceptions    conftest.cc -lncurses -ldl -ldl  >&5
configure:22684: $? = 0
configure:22688: test -z 
			 || test ! -s conftest.err
configure:22691: $? = 0
configure:22694: test -s conftest
configure:22697: $? = 0
configure:22699: result: yes
configure:22999: checking for STL rel_ops pollution
configure:23027: g++ -c -g -O2 -fno-exceptions  conftest.cc >&5
configure:23033: $? = 0
configure:23037: test -z 
			 || test ! -s conftest.err
configure:23040: $? = 0
configure:23043: test -s conftest.o
configure:23046: $? = 0
configure:23048: result: no
configure:23218: creating ./config.status

## ---------------------- ##
## Running config.status. ##
## ---------------------- ##

This file was extended by GNU Aspell config.status 0.60, which was
generated by GNU Autoconf 2.59.  Invocation command line was

  CONFIG_FILES    = 
  CONFIG_HEADERS  = 
  CONFIG_LINKS    = 
  CONFIG_COMMANDS = 
  $ ./config.status 

on rishon

config.status:775: creating Makefile
config.status:775: creating gen/Makefile
config.status:775: creating common/Makefile
config.status:775: creating lib/Makefile
config.status:775: creating data/Makefile
config.status:775: creating m4/Makefile
config.status:775: creating auto/Makefile
config.status:775: creating modules/Makefile
config.status:775: creating modules/tokenizer/Makefile
config.status:775: creating modules/speller/Makefile
config.status:775: creating modules/speller/default/Makefile
config.status:775: creating interfaces/Makefile
config.status:775: creating interfaces/cc/Makefile
config.status:775: creating scripts/Makefile
config.status:775: creating examples/Makefile
config.status:775: creating prog/Makefile
config.status:775: creating manual/Makefile
config.status:775: creating po/Makefile.in
config.status:775: creating modules/filter/Makefile
config.status:775: creating myspell/Makefile
config.status:775: creating lib5/Makefile
config.status:879: creating gen/settings.h
config.status:1197: executing depfiles commands
config.status:1197: executing default-1 commands

## ---------------- ##
## Cache variables. ##
## ---------------- ##

ac_cv_build=x86_64-unknown-linux-gnu
ac_cv_build_alias=x86_64-unknown-linux-gnu
ac_cv_c_compiler_gnu=yes
ac_cv_cxx_compiler_gnu=yes
ac_cv_env_CC_set=
ac_cv_env_CC_value=
ac_cv_env_CFLAGS_set=
ac_cv_env_CFLAGS_value=
ac_cv_env_CPPFLAGS_set=
ac_cv_env_CPPFLAGS_value=
ac_cv_env_CPP_set=
ac_cv_env_CPP_value=
ac_cv_env_CXXCPP_set=
ac_cv_env_CXXCPP_value=
ac_cv_env_CXXFLAGS_set=
ac_cv_env_CXXFLAGS_value=
ac_cv_env_CXX_set=
ac_cv_env_CXX_value=
ac_cv_env_F77_set=
ac_cv_env_F77_value=
ac_cv_env_FFLAGS_set=
ac_cv_env_FFLAGS_value=
ac_cv_env_LDFLAGS_set=
ac_cv_env_LDFLAGS_value=
ac_cv_env_build_alias_set=
ac_cv_env_build_alias_value=
ac_cv_env_host_alias_set=
ac_cv_env_host_alias_value=
ac_cv_env_target_alias_set=
ac_cv_env_target_alias_value=
ac_cv_exeext=
ac_cv_f77_compiler_gnu=yes
ac_cv_func_dlopen=no
ac_cv_func_shl_load=no
ac_cv_header_dlfcn_h=yes
ac_cv_header_inttypes_h=yes
ac_cv_header_memory_h=yes
ac_cv_header_stdc=yes
ac_cv_header_stdint_h=yes
ac_cv_header_stdlib_h=yes
ac_cv_header_string_h=yes
ac_cv_header_strings_h=yes
ac_cv_header_sys_stat_h=yes
ac_cv_header_sys_types_h=yes
ac_cv_header_unistd_h=yes
ac_cv_host=x86_64-unknown-linux-gnu
ac_cv_host_alias=x86_64-unknown-linux-gnu
ac_cv_lib_dl_dlopen=yes
ac_cv_lib_dld_shl_load=no
ac_cv_objext=o
ac_cv_path_GMSGFMT=/usr/bin/msgfmt
ac_cv_path_MSGFMT=/usr/bin/msgfmt
ac_cv_path_MSGMERGE=/usr/bin/msgmerge
ac_cv_path_PERLPROG=/usr/bin/perl
ac_cv_path_XGETTEXT=/usr/bin/xgettext
ac_cv_path_install='/usr/bin/install -c'
ac_cv_prog_AWK=gawk
ac_cv_prog_CPP='gcc -E'
ac_cv_prog_CXXCPP='g++ -E'
ac_cv_prog_SED=/bin/sed
ac_cv_prog_ac_ct_AR=ar
ac_cv_prog_ac_ct_CC=gcc
ac_cv_prog_ac_ct_CXX=g++
ac_cv_prog_ac_ct_F77=f77
ac_cv_prog_ac_ct_RANLIB=ranlib
ac_cv_prog_ac_ct_STRIP=strip
ac_cv_prog_cc_g=yes
ac_cv_prog_cc_gcc_c_o=yes
ac_cv_prog_cc_stdc=
ac_cv_prog_cxx_g=yes
ac_cv_prog_egrep='grep -E'
ac_cv_prog_f77_g=yes
ac_cv_prog_make_make_set=yes
ac_cv_target=x86_64-unknown-linux-gnu
ac_cv_target_alias=x86_64-unknown-linux-gnu
acl_cv_hardcode_direct=no
acl_cv_hardcode_libdir_flag_spec='${wl}-rpath ${wl}$libdir'
acl_cv_hardcode_libdir_separator=
acl_cv_hardcode_minus_L=no
acl_cv_libext=a
acl_cv_path_LD='/usr/bin/ld -m elf_x86_64'
acl_cv_prog_gnu_ld=yes
acl_cv_rpath=done
acl_cv_shlibext=so
acl_cv_wl=-Wl,
am_cv_CC_dependencies_compiler_type=gcc3
am_cv_CXX_dependencies_compiler_type=gcc3
am_cv_func_iconv=yes
am_cv_langinfo_codeset=yes
am_cv_lib_iconv=no
gt_cv_func_gnugettext1_libc=no
gt_cv_func_gnugettext1_libintl=no
lt_cv_deplibs_check_method=pass_all
lt_cv_dlopen=dlopen
lt_cv_dlopen_libs=-ldl
lt_cv_dlopen_self=yes
lt_cv_dlopen_self_static=yes
lt_cv_file_magic_cmd='$MAGIC_CMD'
lt_cv_file_magic_test_file='/lib/libc.so* /lib/libc-*.so'
lt_cv_ld_reload_flag=-r
lt_cv_objdir=.libs
lt_cv_path_LD=/usr/bin/ld
lt_cv_path_LDCXX='/usr/bin/ld -m elf_x86_64'
lt_cv_path_NM='/usr/bin/nm -B'
lt_cv_path_SED=/bin/sed
lt_cv_prog_compiler_c_o=yes
lt_cv_prog_compiler_c_o_CXX=yes
lt_cv_prog_compiler_c_o_F77=yes
lt_cv_prog_compiler_rtti_exceptions=no
lt_cv_prog_gnu_ld=yes
lt_cv_prog_gnu_ldcxx=yes
lt_cv_sys_global_symbol_pipe='sed -n -e '\''s/^.*[ 	]\([ABCDGIRSTW][ABCDGIRSTW]*\)[ 	][ 	]*\(\)\([_A-Za-z][_A-Za-z0-9]*\)$/\1 \2\3 \3/p'\'''
lt_cv_sys_global_symbol_to_c_name_address='sed -n -e '\''s/^: \([^ ]*\) $/  {\"\1\", (lt_ptr) 0},/p'\'' -e '\''s/^[BCDEGRST] \([^ ]*\) \([^ ]*\)$/  {"\2", (lt_ptr) \&\2},/p'\'''
lt_cv_sys_global_symbol_to_cdecl='sed -n -e '\''s/^. .* \(.*\)$/extern int \1;/p'\'''
lt_cv_sys_max_cmd_len=32768
lt_lt_cv_prog_compiler_c_o='"yes"'
lt_lt_cv_prog_compiler_c_o_CXX='"yes"'
lt_lt_cv_prog_compiler_c_o_F77='"yes"'
lt_lt_cv_sys_global_symbol_pipe='"sed -n -e '\''s/^.*[ 	]\\([ABCDGIRSTW][ABCDGIRSTW]*\\)[ 	][ 	]*\\(\\)\\([_A-Za-z][_A-Za-z0-9]*\\)\$/\\1 \\2\\3 \\3/p'\''"'
lt_lt_cv_sys_global_symbol_to_c_name_address='"sed -n -e '\''s/^: \\([^ ]*\\) \$/  {\\\"\\1\\\", (lt_ptr) 0},/p'\'' -e '\''s/^[BCDEGRST] \\([^ ]*\\) \\([^ ]*\\)\$/  {\"\\2\", (lt_ptr) \\&\\2},/p'\''"'
lt_lt_cv_sys_global_symbol_to_cdecl='"sed -n -e '\''s/^. .* \\(.*\\)\$/extern int \\1;/p'\''"'

## ----------------- ##
## Output variables. ##
## ----------------- ##

ACLOCAL='${SHELL} /home/carolhanna/Security_Project/gnu_dataset/aspell-0.60/missing --run aclocal-1.9'
AMDEPBACKSLASH='\'
AMDEP_FALSE='#'
AMDEP_TRUE=''
AMTAR='${SHELL} /home/carolhanna/Security_Project/gnu_dataset/aspell-0.60/missing --run tar'
AR='ar'
AUTOCONF='${SHELL} /home/carolhanna/Security_Project/gnu_dataset/aspell-0.60/missing --run autoconf'
AUTOHEADER='${SHELL} /home/carolhanna/Security_Project/gnu_dataset/aspell-0.60/missing --run autoheader'
AUTOMAKE='${SHELL} /home/carolhanna/Security_Project/gnu_dataset/aspell-0.60/missing --run automake-1.9'
AWK='gawk'
CC='gcc'
CCDEPMODE='depmode=gcc3'
CFLAGS='-g -O2'
COMPILE_IN_FILTERS_FALSE=''
COMPILE_IN_FILTERS_TRUE='#'
CPP='gcc -E'
CPPFLAGS=''
CURSES_INCLUDE=''
CURSES_LIB='-lncurses'
CXX='g++'
CXXCPP='g++ -E'
CXXDEPMODE='depmode=gcc3'
CXXFLAGS='-g -O2 -fno-exceptions'
CYGPATH_W='echo'
DEFS='-DHAVE_CONFIG_H'
DEPDIR='.deps'
ECHO='echo'
ECHO_C=''
ECHO_N='-n'
ECHO_T=''
EGREP='grep -E'
EXEEXT=''
F77='f77'
FFLAGS='-g -O2'
GMSGFMT='/usr/bin/msgfmt'
INCREMENTED_SONAME_FALSE=''
INCREMENTED_SONAME_TRUE='#'
INSTALL_DATA='${INSTALL} -m 644'
INSTALL_PROGRAM='${INSTALL}'
INSTALL_SCRIPT='${INSTALL}'
INSTALL_STRIP_PROGRAM='${SHELL} $(install_sh) -c -s'
INTLLIBS=''
LDFLAGS=''
LIBICONV=''
LIBINTL=''
LIBOBJS=''
LIBS='-ldl -ldl '
LIBTOOL='$(SHELL) $(top_builddir)/libtool'
LN_S='ln -s'
LTLIBICONV=''
LTLIBINTL=''
LTLIBOBJS=''
MAINT='#'
MAINTAINER_MODE_FALSE=''
MAINTAINER_MODE_TRUE='#'
MAKEINFO='${SHELL} /home/carolhanna/Security_Project/gnu_dataset/aspell-0.60/missing --run makeinfo'
MKINSTALLDIRS='$(top_builddir)/./mkinstalldirs'
MSGFMT='/usr/bin/msgfmt'
MSGMERGE='/usr/bin/msgmerge'
OBJEXT='o'
PACKAGE='aspell'
PACKAGE_BUGREPORT=''
PACKAGE_NAME='GNU Aspell'
PACKAGE_STRING='GNU Aspell 0.60'
PACKAGE_TARNAME='aspell'
PACKAGE_VERSION='0.60'
PATH_SEPARATOR=':'
PERLPROG='/usr/bin/perl'
POSUB=''
PSPELL_COMPATIBILITY_FALSE='#'
PSPELL_COMPATIBILITY_TRUE=''
PTHREAD_LIB=''
RANLIB='ranlib'
SED='/bin/sed'
SET_MAKE=''
SHELL='/bin/bash'
STRIP='strip'
USE_NLS='no'
VERSION='0.60'
XGETTEXT='/usr/bin/xgettext'
ac_ct_AR='ar'
ac_ct_CC='gcc'
ac_ct_CXX='g++'
ac_ct_F77='f77'
ac_ct_RANLIB='ranlib'
ac_ct_STRIP='strip'
am__fastdepCC_FALSE='#'
am__fastdepCC_TRUE=''
am__fastdepCXX_FALSE='#'
am__fastdepCXX_TRUE=''
am__include='include'
am__leading_dot='.'
am__quote=''
am__tar='${AMTAR} chof - "$$tardir"'
am__untar='${AMTAR} xf -'
bindir='${exec_prefix}/bin'
build='x86_64-unknown-linux-gnu'
build_alias=''
build_cpu='x86_64'
build_os='linux-gnu'
build_vendor='unknown'
datadir='${prefix}/share'
exec_prefix='${prefix}'
host='x86_64-unknown-linux-gnu'
host_alias=''
host_cpu='x86_64'
host_os='linux-gnu'
host_vendor='unknown'
includedir='${prefix}/include'
infodir='${prefix}/info'
install_sh='/home/carolhanna/Security_Project/gnu_dataset/aspell-0.60/install-sh'
libdir='${exec_prefix}/lib'
libexecdir='${exec_prefix}/libexec'
localstatedir='${prefix}/var'
mandir='${prefix}/man'
mkdir_p='mkdir -p --'
oldincludedir='/usr/include'
pkgdatadir='${libdir}/aspell-0.60'
pkgdocdir='${prefix}/share/doc/aspell'
pkglibdir='${libdir}/aspell-0.60'
prefix='/usr/local'
program_transform_name='s,x,x,'
sbindir='${exec_prefix}/sbin'
sharedstatedir='${prefix}/com'
sysconfdir='${prefix}/etc'
target='x86_64-unknown-linux-gnu'
target_alias=''
target_cpu='x86_64'
target_os='linux-gnu'
target_vendor='unknown'

## ----------- ##
## confdefs.h. ##
## ----------- ##

#define CURSES_HEADER <ncurses.h>
#define CURSES_INCLUDE_STANDARD 1
#define HAVE_DLFCN_H 1
#define HAVE_DLFCN_H 1
#define HAVE_DLFCN_H 1
#define HAVE_ICONV 1
#define HAVE_INTTYPES_H 1
#define HAVE_LANGINFO_CODESET 1
#define HAVE_LIBCURSES 1
#define HAVE_LIBDL 1
#define HAVE_LIBDL 1
#define HAVE_MBLEN 1
#define HAVE_MEMORY_H 1
#define HAVE_MMAP 1
#define HAVE_STDINT_H 1
#define HAVE_STDLIB_H 1
#define HAVE_STRINGS_H 1
#define HAVE_STRING_H 1
#define HAVE_SYS_STAT_H 1
#define HAVE_SYS_TYPES_H 1
#define HAVE_UNISTD_H 1
#define PACKAGE "aspell"
#define PACKAGE_BUGREPORT ""
#define PACKAGE_NAME "GNU Aspell"
#define PACKAGE_STRING "GNU Aspell 0.60"
#define PACKAGE_TARNAME "aspell"
#define PACKAGE_VERSION "0.60"
#define POSIX_TERMIOS 1
#define STDC_HEADERS 1
#define USE_FILE_INO 1
#define USE_FILE_LOCKS 1
#define USE_LOCALE 1
#define USE_POSIX_MUTEX 1
#define VERSION "0.60"
#endif
#ifdef __cplusplus
extern "C" void std::exit (int) throw (); using std::exit;

configure: exit 0
