This file contains any messages produced by compilers while
running configure, to aid debugging if configure makes a mistake.

configure:579: checking host system type
configure:721: checking for gcc
configure:798: checking whether the C compiler (gcc  ) works
configure:812: gcc -o conftest    conftest.c  1>&5
configure:809:1: warning: return type defaults to 'int' [-Wimplicit-int]
 main(){return(0);}
 ^~~~
configure:832: checking whether the C compiler (gcc  ) is a cross-compiler
configure:837: checking whether we are using GNU C
configure:846: gcc -E conftest.c
configure:861: checking whether gcc accepts -g
configure:899: checking for a BSD compatible install
configure:951: checking for find
configure:983: checking for pwd
configure:1017: checking for perl5.00401
configure:1017: checking for perl5.004
configure:1017: checking for perl5.003
configure:1017: checking for perl5.002
configure:1017: checking for perl5
configure:1017: checking for perl
configure:1048: checking for ranlib
configure:1076: checking how to run the C preprocessor
configure:1097: gcc -E  conftest.c >/dev/null 2>conftest.out
configure:1137: checking for ANSI C header files
configure:1150: gcc -E  conftest.c >/dev/null 2>conftest.out
configure:1217: gcc -o conftest -g -O2   conftest.c  1>&5
configure: In function 'main':
configure:1212:67: warning: implicit declaration of function 'exit' [-Wimplicit-function-declaration]
 if (XOR (islower (i), ISLOWER (i)) || toupper (i) != TOUPPER (i)) exit(2);
                                                                   ^~~~
configure:1212:67: warning: incompatible implicit declaration of built-in function 'exit'
configure:1212:67: note: include '<stdlib.h>' or provide a declaration of 'exit'
configure:1213:1: warning: incompatible implicit declaration of built-in function 'exit'
 exit (0); }
 ^~~~
configure:1213:1: note: include '<stdlib.h>' or provide a declaration of 'exit'
configure:1245: checking for dirent.h that defines DIR
configure:1258: gcc -c -g -O2  conftest.c 1>&5
configure:1283: checking for opendir in -ldir
configure:1302: gcc -o conftest -g -O2   conftest.c -ldir   1>&5
/usr/bin/ld: cannot find -ldir
collect2: error: ld returned 1 exit status
configure: failed program was:
#line 1291 "configure"
#include "confdefs.h"
/* Override any gcc2 internal prototype to avoid an error.  */
/* We use char because int might match the return type of a gcc2
    builtin and then its argument prototype would still apply.  */
char opendir();

int main() {
opendir()
; return 0; }
configure:1369: checking for unistd.h
configure:1379: gcc -E  conftest.c >/dev/null 2>conftest.out
configure:1369: checking for stdarg.h
configure:1379: gcc -E  conftest.c >/dev/null 2>conftest.out
configure:1369: checking for string.h
configure:1379: gcc -E  conftest.c >/dev/null 2>conftest.out
configure:1369: checking for math.h
configure:1379: gcc -E  conftest.c >/dev/null 2>conftest.out
configure:1409: checking for time.h
configure:1419: gcc -E  conftest.c >/dev/null 2>conftest.out
configure:1409: checking for sys/time.h
configure:1419: gcc -E  conftest.c >/dev/null 2>conftest.out
configure:1409: checking for file.h
configure:1419: gcc -E  conftest.c >/dev/null 2>conftest.out
configure:1415:10: fatal error: file.h: No such file or directory
 #include <$ac_hdr>
          ^~~~~~~~
compilation terminated.
configure: failed program was:
#line 1414 "configure"
#include "confdefs.h"
#include <file.h>
configure:1409: checking for sys/file.h
configure:1419: gcc -E  conftest.c >/dev/null 2>conftest.out
configure:1449: checking for sys/resource.h
configure:1459: gcc -E  conftest.c >/dev/null 2>conftest.out
configure:1449: checking for fcntl.h
configure:1459: gcc -E  conftest.c >/dev/null 2>conftest.out
configure:1449: checking for sys/fcntl.h
configure:1459: gcc -E  conftest.c >/dev/null 2>conftest.out
configure:1489: checking for sys/ttold.h
configure:1499: gcc -E  conftest.c >/dev/null 2>conftest.out
configure:1495:10: fatal error: sys/ttold.h: No such file or directory
 #include <$ac_hdr>
          ^~~~~~~~~    
compilation terminated.
configure: failed program was:
#line 1494 "configure"
#include "confdefs.h"
#include <sys/ttold.h>
configure:1489: checking for bstring.h
configure:1499: gcc -E  conftest.c >/dev/null 2>conftest.out
configure:1495:10: fatal error: bstring.h: No such file or directory
 #include <$ac_hdr>
          ^~~~~~~~~  
compilation terminated.
configure: failed program was:
#line 1494 "configure"
#include "confdefs.h"
#include <bstring.h>
configure:1489: checking for ioctl.h
configure:1499: gcc -E  conftest.c >/dev/null 2>conftest.out
configure:1495:10: fatal error: ioctl.h: No such file or directory
 #include <$ac_hdr>
          ^~~~~~~~~
compilation terminated.
configure: failed program was:
#line 1494 "configure"
#include "confdefs.h"
#include <ioctl.h>
configure:1489: checking for sys/ioctl.h
configure:1499: gcc -E  conftest.c >/dev/null 2>conftest.out
configure:1529: checking for termio.h
configure:1539: gcc -E  conftest.c >/dev/null 2>conftest.out
configure:1529: checking for termios.h
configure:1539: gcc -E  conftest.c >/dev/null 2>conftest.out
configure:1569: checking for sys/select.h
configure:1579: gcc -E  conftest.c >/dev/null 2>conftest.out
configure:1569: checking for crypt.h
configure:1579: gcc -E  conftest.c >/dev/null 2>conftest.out
configure:1606: checking whether time.h and sys/time.h may both be included
configure:1620: gcc -c -g -O2  conftest.c 1>&5
