This file contains any messages produced by compilers while
running configure, to aid debugging if configure makes a mistake.

It was created by GNU Smalltalk configure 3.2, which was
generated by GNU Autoconf 2.64.  Invocation command line was

  $ ./configure 

## --------- ##
## Platform. ##
## --------- ##

hostname = rishon
uname -m = x86_64
uname -r = 4.15.0-72-generic
uname -s = Linux
uname -v = #81-Ubuntu SMP Tue Nov 26 12:20:02 UTC 2019

/usr/bin/uname -p = unknown
/bin/uname -X     = unknown

/bin/arch              = unknown
/usr/bin/arch -k       = unknown
/usr/convex/getsysinfo = unknown
/usr/bin/hostinfo      = unknown
/bin/machine           = unknown
/usr/bin/oslevel       = unknown
/bin/universe          = unknown

PATH: /home/carolhanna/miniconda3/bin
PATH: /home/carolhanna/miniconda3/condabin
PATH: /usr/local/sbin
PATH: /usr/local/bin
PATH: /usr/sbin
PATH: /usr/bin
PATH: /sbin
PATH: /bin
PATH: /usr/games
PATH: /usr/local/games
PATH: /snap/bin


## ----------- ##
## Core tests. ##
## ----------- ##

configure:3108: checking for gawk
configure:3124: found /usr/bin/gawk
configure:3135: result: gawk
configure:3169: checking for a BSD-compatible install
configure:3237: result: /usr/bin/install -c
configure:3248: checking whether build environment is sane
configure:3298: result: yes
configure:3439: checking for a thread-safe mkdir -p
configure:3478: result: /bin/mkdir -p
configure:3491: checking for gawk
configure:3518: result: gawk
configure:3529: checking whether make sets $(MAKE)
configure:3551: result: yes
configure:3635: checking build system type
configure:3649: result: x86_64-unknown-linux-gnu
configure:3669: checking host system type
configure:3682: result: x86_64-unknown-linux-gnu
configure:3777: checking for style of include used by make
configure:3805: result: GNU
configure:3875: checking for gcc
configure:3891: found /usr/bin/gcc
configure:3902: result: gcc
configure:4131: checking for C compiler version
configure:4140: gcc --version >&5
gcc (Ubuntu 7.5.0-3ubuntu1~18.04) 7.5.0
Copyright (C) 2017 Free Software Foundation, Inc.
This is free software; see the source for copying conditions.  There is NO
warranty; not even for MERCHANTABILITY or FITNESS FOR A PARTICULAR PURPOSE.

configure:4151: $? = 0
configure:4140: gcc -v >&5
Using built-in specs.
COLLECT_GCC=gcc
COLLECT_LTO_WRAPPER=/usr/lib/gcc/x86_64-linux-gnu/7/lto-wrapper
OFFLOAD_TARGET_NAMES=nvptx-none
OFFLOAD_TARGET_DEFAULT=1
Target: x86_64-linux-gnu
Configured with: ../src/configure -v --with-pkgversion='Ubuntu 7.5.0-3ubuntu1~18.04' --with-bugurl=file:///usr/share/doc/gcc-7/README.Bugs --enable-languages=c,ada,c++,go,brig,d,fortran,objc,obj-c++ --prefix=/usr --with-gcc-major-version-only --program-suffix=-7 --program-prefix=x86_64-linux-gnu- --enable-shared --enable-linker-build-id --libexecdir=/usr/lib --without-included-gettext --enable-threads=posix --libdir=/usr/lib --enable-nls --enable-bootstrap --enable-clocale=gnu --enable-libstdcxx-debug --enable-libstdcxx-time=yes --with-default-libstdcxx-abi=new --enable-gnu-unique-object --disable-vtable-verify --enable-libmpx --enable-plugin --enable-default-pie --with-system-zlib --with-target-system-zlib --enable-objc-gc=auto --enable-multiarch --disable-werror --with-arch-32=i686 --with-abi=m64 --with-multilib-list=m32,m64,mx32 --enable-multilib --with-tune=generic --enable-offload-targets=nvptx-none --without-cuda-driver --enable-checking=release --build=x86_64-linux-gnu --host=x86_64-linux-gnu --target=x86_64-linux-gnu
Thread model: posix
gcc version 7.5.0 (Ubuntu 7.5.0-3ubuntu1~18.04) 
configure:4151: $? = 0
configure:4140: gcc -V >&5
gcc: error: unrecognized command line option '-V'
gcc: fatal error: no input files
compilation terminated.
configure:4151: $? = 1
configure:4140: gcc -qversion >&5
gcc: error: unrecognized command line option '-qversion'; did you mean '--version'?
gcc: fatal error: no input files
compilation terminated.
configure:4151: $? = 1
configure:4173: checking for C compiler default output file name
configure:4195: gcc    conftest.c  >&5
configure:4199: $? = 0
configure:4236: result: a.out
configure:4252: checking whether the C compiler works
configure:4261: ./a.out
configure:4265: $? = 0
configure:4280: result: yes
configure:4287: checking whether we are cross compiling
configure:4289: result: no
configure:4292: checking for suffix of executables
configure:4299: gcc -o conftest    conftest.c  >&5
configure:4303: $? = 0
configure:4325: result: 
configure:4331: checking for suffix of object files
configure:4353: gcc -c   conftest.c >&5
configure:4357: $? = 0
configure:4378: result: o
configure:4382: checking whether we are using the GNU C compiler
configure:4401: gcc -c   conftest.c >&5
configure:4401: $? = 0
configure:4410: result: yes
configure:4419: checking whether gcc accepts -g
configure:4439: gcc -c -g  conftest.c >&5
configure:4439: $? = 0
configure:4480: result: yes
configure:4497: checking for gcc option to accept ISO C89
configure:4561: gcc  -c -g -O2  conftest.c >&5
configure:4561: $? = 0
configure:4574: result: none needed
configure:4596: checking dependency style of gcc
configure:4706: result: gcc3
configure:4726: checking how to run the C preprocessor
configure:4757: gcc -E  conftest.c
configure:4757: $? = 0
configure:4771: gcc -E  conftest.c
conftest.c:16:10: fatal error: ac_nonexistent.h: No such file or directory
 #include <ac_nonexistent.h>
          ^~~~~~~~~~~~~~~~~~
compilation terminated.
configure:4771: $? = 1
configure: failed program was:
| /* confdefs.h */
| #define PACKAGE_NAME "GNU Smalltalk"
| #define PACKAGE_TARNAME "smalltalk"
| #define PACKAGE_VERSION "3.2"
| #define PACKAGE_STRING "GNU Smalltalk 3.2"
| #define PACKAGE_BUGREPORT "help-smalltalk@gnu.org"
| #define PACKAGE_URL "http://smalltalk.gnu.org/"
| #define ST_MAJOR_VERSION 3
| #define ST_MINOR_VERSION 2
| #define ST_EDIT_VERSION 0
| #define MAINTAINER "bonzini@gnu.org"
| #define PACKAGE "smalltalk"
| #define VERSION "3.2"
| #define PACKAGE_GIT_REVISION ""
| /* end confdefs.h.  */
| #include <ac_nonexistent.h>
configure:4796: result: gcc -E
configure:4816: gcc -E  conftest.c
configure:4816: $? = 0
configure:4830: gcc -E  conftest.c
conftest.c:16:10: fatal error: ac_nonexistent.h: No such file or directory
 #include <ac_nonexistent.h>
          ^~~~~~~~~~~~~~~~~~
compilation terminated.
configure:4830: $? = 1
configure: failed program was:
| /* confdefs.h */
| #define PACKAGE_NAME "GNU Smalltalk"
| #define PACKAGE_TARNAME "smalltalk"
| #define PACKAGE_VERSION "3.2"
| #define PACKAGE_STRING "GNU Smalltalk 3.2"
| #define PACKAGE_BUGREPORT "help-smalltalk@gnu.org"
| #define PACKAGE_URL "http://smalltalk.gnu.org/"
| #define ST_MAJOR_VERSION 3
| #define ST_MINOR_VERSION 2
| #define ST_EDIT_VERSION 0
| #define MAINTAINER "bonzini@gnu.org"
| #define PACKAGE "smalltalk"
| #define VERSION "3.2"
| #define PACKAGE_GIT_REVISION ""
| /* end confdefs.h.  */
| #include <ac_nonexistent.h>
configure:4860: checking for grep that handles long lines and -e
configure:4918: result: /bin/grep
configure:4923: checking for egrep
configure:4985: result: /bin/grep -E
configure:4990: checking for ANSI C header files
configure:5010: gcc -c -g -O2  conftest.c >&5
configure:5010: $? = 0
configure:5083: gcc -o conftest -g -O2   conftest.c  >&5
configure:5083: $? = 0
configure:5083: ./conftest
configure:5083: $? = 0
configure:5094: result: yes
configure:5107: checking for sys/types.h
configure:5107: gcc -c -g -O2  conftest.c >&5
configure:5107: $? = 0
configure:5107: result: yes
configure:5107: checking for sys/stat.h
configure:5107: gcc -c -g -O2  conftest.c >&5
configure:5107: $? = 0
configure:5107: result: yes
configure:5107: checking for stdlib.h
configure:5107: gcc -c -g -O2  conftest.c >&5
configure:5107: $? = 0
configure:5107: result: yes
configure:5107: checking for string.h
configure:5107: gcc -c -g -O2  conftest.c >&5
configure:5107: $? = 0
configure:5107: result: yes
configure:5107: checking for memory.h
configure:5107: gcc -c -g -O2  conftest.c >&5
configure:5107: $? = 0
configure:5107: result: yes
configure:5107: checking for strings.h
configure:5107: gcc -c -g -O2  conftest.c >&5
configure:5107: $? = 0
configure:5107: result: yes
configure:5107: checking for inttypes.h
configure:5107: gcc -c -g -O2  conftest.c >&5
configure:5107: $? = 0
configure:5107: result: yes
configure:5107: checking for stdint.h
configure:5107: gcc -c -g -O2  conftest.c >&5
configure:5107: $? = 0
configure:5107: result: yes
configure:5107: checking for unistd.h
configure:5107: gcc -c -g -O2  conftest.c >&5
configure:5107: $? = 0
configure:5107: result: yes
configure:5121: checking minix/config.h usability
configure:5121: gcc -c -g -O2  conftest.c >&5
conftest.c:59:10: fatal error: minix/config.h: No such file or directory
 #include <minix/config.h>
          ^~~~~~~~~~~~~~~~
compilation terminated.
configure:5121: $? = 1
configure: failed program was:
| /* confdefs.h */
| #define PACKAGE_NAME "GNU Smalltalk"
| #define PACKAGE_TARNAME "smalltalk"
| #define PACKAGE_VERSION "3.2"
| #define PACKAGE_STRING "GNU Smalltalk 3.2"
| #define PACKAGE_BUGREPORT "help-smalltalk@gnu.org"
| #define PACKAGE_URL "http://smalltalk.gnu.org/"
| #define ST_MAJOR_VERSION 3
| #define ST_MINOR_VERSION 2
| #define ST_EDIT_VERSION 0
| #define MAINTAINER "bonzini@gnu.org"
| #define PACKAGE "smalltalk"
| #define VERSION "3.2"
| #define PACKAGE_GIT_REVISION ""
| #define STDC_HEADERS 1
| #define HAVE_SYS_TYPES_H 1
| #define HAVE_SYS_STAT_H 1
| #define HAVE_STDLIB_H 1
| #define HAVE_STRING_H 1
| #define HAVE_MEMORY_H 1
| #define HAVE_STRINGS_H 1
| #define HAVE_INTTYPES_H 1
| #define HAVE_STDINT_H 1
| #define HAVE_UNISTD_H 1
| /* end confdefs.h.  */
| #include <stdio.h>
| #ifdef HAVE_SYS_TYPES_H
| # include <sys/types.h>
| #endif
| #ifdef HAVE_SYS_STAT_H
| # include <sys/stat.h>
| #endif
| #ifdef STDC_HEADERS
| # include <stdlib.h>
| # include <stddef.h>
| #else
| # ifdef HAVE_STDLIB_H
| #  include <stdlib.h>
| # endif
| #endif
| #ifdef HAVE_STRING_H
| # if !defined STDC_HEADERS && defined HAVE_MEMORY_H
| #  include <memory.h>
| # endif
| # include <string.h>
| #endif
| #ifdef HAVE_STRINGS_H
| # include <strings.h>
| #endif
| #ifdef HAVE_INTTYPES_H
| # include <inttypes.h>
| #endif
| #ifdef HAVE_STDINT_H
| # include <stdint.h>
| #endif
| #ifdef HAVE_UNISTD_H
| # include <unistd.h>
| #endif
| #include <minix/config.h>
configure:5121: result: no
configure:5121: checking minix/config.h presence
configure:5121: gcc -E  conftest.c
conftest.c:26:10: fatal error: minix/config.h: No such file or directory
 #include <minix/config.h>
          ^~~~~~~~~~~~~~~~
compilation terminated.
configure:5121: $? = 1
configure: failed program was:
| /* confdefs.h */
| #define PACKAGE_NAME "GNU Smalltalk"
| #define PACKAGE_TARNAME "smalltalk"
| #define PACKAGE_VERSION "3.2"
| #define PACKAGE_STRING "GNU Smalltalk 3.2"
| #define PACKAGE_BUGREPORT "help-smalltalk@gnu.org"
| #define PACKAGE_URL "http://smalltalk.gnu.org/"
| #define ST_MAJOR_VERSION 3
| #define ST_MINOR_VERSION 2
| #define ST_EDIT_VERSION 0
| #define MAINTAINER "bonzini@gnu.org"
| #define PACKAGE "smalltalk"
| #define VERSION "3.2"
| #define PACKAGE_GIT_REVISION ""
| #define STDC_HEADERS 1
| #define HAVE_SYS_TYPES_H 1
| #define HAVE_SYS_STAT_H 1
| #define HAVE_STDLIB_H 1
| #define HAVE_STRING_H 1
| #define HAVE_MEMORY_H 1
| #define HAVE_STRINGS_H 1
| #define HAVE_INTTYPES_H 1
| #define HAVE_STDINT_H 1
| #define HAVE_UNISTD_H 1
| /* end confdefs.h.  */
| #include <minix/config.h>
configure:5121: result: no
configure:5121: checking for minix/config.h
configure:5121: result: no
configure:5142: checking whether it is safe to define __EXTENSIONS__
configure:5160: gcc -c -g -O2  conftest.c >&5
configure:5160: $? = 0
configure:5167: result: yes
configure:5282: checking dependency style of gcc
configure:5390: result: gcc3
configure:5406: checking for a sed that does not truncate output
configure:5470: result: /bin/sed
configure:5475: checking whether ln -s works
configure:5479: result: yes
configure:5486: checking whether ln works
configure:5504: result: yes
configure:5560: checking for pkg-config
configure:5578: found /usr/bin/pkg-config
configure:5590: result: /usr/bin/pkg-config
configure:5615: checking pkg-config is at least version 0.9.0
configure:5618: result: yes
configure:5673: checking for windres
configure:5706: result: no
configure:5727: checking for install-info
configure:5746: found /usr/bin/install-info
configure:5759: result: /usr/bin/install-info
configure:5769: checking for zip
configure:5800: result: no
configure:5809: error: Please install InfoZIP to use GNU Smalltalk.

## ---------------- ##
## Cache variables. ##
## ---------------- ##

ac_cv_build=x86_64-unknown-linux-gnu
ac_cv_c_compiler_gnu=yes
ac_cv_env_ATK_CFLAGS_set=
ac_cv_env_ATK_CFLAGS_value=
ac_cv_env_ATK_LIBS_set=
ac_cv_env_ATK_LIBS_value=
ac_cv_env_CAIRO_CFLAGS_set=
ac_cv_env_CAIRO_CFLAGS_value=
ac_cv_env_CAIRO_LIBS_set=
ac_cv_env_CAIRO_LIBS_value=
ac_cv_env_CC_set=
ac_cv_env_CC_value=
ac_cv_env_CFLAGS_set=
ac_cv_env_CFLAGS_value=
ac_cv_env_CPPFLAGS_set=
ac_cv_env_CPPFLAGS_value=
ac_cv_env_CPP_set=
ac_cv_env_CPP_value=
ac_cv_env_EMACSLOADPATH_set=
ac_cv_env_EMACSLOADPATH_value=
ac_cv_env_EMACS_set=
ac_cv_env_EMACS_value=
ac_cv_env_FFI_CFLAGS_set=
ac_cv_env_FFI_CFLAGS_value=
ac_cv_env_FFI_LIBS_set=
ac_cv_env_FFI_LIBS_value=
ac_cv_env_GTHREAD_CFLAGS_set=
ac_cv_env_GTHREAD_CFLAGS_value=
ac_cv_env_GTHREAD_LIBS_set=
ac_cv_env_GTHREAD_LIBS_value=
ac_cv_env_LDFLAGS_set=
ac_cv_env_LDFLAGS_value=
ac_cv_env_LIBS_set=
ac_cv_env_LIBS_value=
ac_cv_env_PANGO_CFLAGS_set=
ac_cv_env_PANGO_CFLAGS_value=
ac_cv_env_PANGO_LIBS_set=
ac_cv_env_PANGO_LIBS_value=
ac_cv_env_PKG_CONFIG_set=
ac_cv_env_PKG_CONFIG_value=
ac_cv_env_SDL_CFLAGS_set=
ac_cv_env_SDL_CFLAGS_value=
ac_cv_env_SDL_LIBS_set=
ac_cv_env_SDL_LIBS_value=
ac_cv_env_XMKMF_set=
ac_cv_env_XMKMF_value=
ac_cv_env_build_alias_set=
ac_cv_env_build_alias_value=
ac_cv_env_host_alias_set=
ac_cv_env_host_alias_value=
ac_cv_env_target_alias_set=
ac_cv_env_target_alias_value=
ac_cv_header_inttypes_h=yes
ac_cv_header_memory_h=yes
ac_cv_header_minix_config_h=no
ac_cv_header_stdc=yes
ac_cv_header_stdint_h=yes
ac_cv_header_stdlib_h=yes
ac_cv_header_string_h=yes
ac_cv_header_strings_h=yes
ac_cv_header_sys_stat_h=yes
ac_cv_header_sys_types_h=yes
ac_cv_header_unistd_h=yes
ac_cv_host=x86_64-unknown-linux-gnu
ac_cv_objext=o
ac_cv_path_EGREP='/bin/grep -E'
ac_cv_path_GREP=/bin/grep
ac_cv_path_INSTALL_INFO=/usr/bin/install-info
ac_cv_path_SED=/bin/sed
ac_cv_path_ZIP=no
ac_cv_path_ac_pt_PKG_CONFIG=/usr/bin/pkg-config
ac_cv_path_install='/usr/bin/install -c'
ac_cv_path_mkdir=/bin/mkdir
ac_cv_prog_AWK=gawk
ac_cv_prog_CPP='gcc -E'
ac_cv_prog_ac_ct_CC=gcc
ac_cv_prog_cc_c89=
ac_cv_prog_cc_g=yes
ac_cv_prog_make_make_set=yes
ac_cv_safe_to_define___extensions__=yes
am_cv_CC_dependencies_compiler_type=gcc3
am_cv_OBJC_dependencies_compiler_type=gcc3

## ----------------- ##
## Output variables. ##
## ----------------- ##

ACLOCAL='${SHELL} /home/carolhanna/Security_Project/gnu_dataset/smalltalk-3.2/build-aux/missing --run aclocal-1.11'
ALLOCA=''
ALL_PACKAGES=''
AMDEPBACKSLASH='\'
AMDEP_FALSE='#'
AMDEP_TRUE=''
AMTAR='${SHELL} /home/carolhanna/Security_Project/gnu_dataset/smalltalk-3.2/build-aux/missing --run tar'
AR=''
AS=''
ATK_CFLAGS=''
ATK_LIBS=''
AUTOCONF='${SHELL} /home/carolhanna/Security_Project/gnu_dataset/smalltalk-3.2/build-aux/missing --run autoconf'
AUTOHEADER='${SHELL} /home/carolhanna/Security_Project/gnu_dataset/smalltalk-3.2/build-aux/missing --run autoheader'
AUTOM4TE=''
AUTOMAKE='${SHELL} /home/carolhanna/Security_Project/gnu_dataset/smalltalk-3.2/build-aux/missing --run automake-1.11'
AWK='gawk'
BLOX_IMPLEMENTATION=''
BUILT_PACKAGES=''
CAIRO_CFLAGS=''
CAIRO_LIBS=''
CC='gcc'
CCDEPMODE='depmode=gcc3'
CFLAGS='-g -O2 -Wall -Wno-format -Wdeclaration-after-statement -Wno-format -Wpointer-arith -Wno-pointer-sign -Wno-switch -Wwrite-strings -Wno-strict-aliasing -fno-gcse -fstrict-aliasing '
CPP='gcc -E'
CPPFLAGS=''
CYGPATH_W='echo'
DEFS=''
DEPDIR='.deps'
DLLTOOL=''
DSYMUTIL=''
DUMPBIN=''
ECHO_C=''
ECHO_N='-n'
ECHO_T=''
EGREP='/bin/grep -E'
EMACS=''
EMACSLOADPATH=''
ENABLE_DISASSEMBLER_FALSE=''
ENABLE_DISASSEMBLER_TRUE=''
EXEEXT=''
FFI_CFLAGS=''
FFI_LIBS=''
FGREP=''
GLIB_CFLAGS=''
GLIB_GENMARSHAL=''
GLIB_LIBS=''
GLIB_MKENUMS=''
GOBJECT_QUERY=''
GPERF=''
GREP='/bin/grep'
GST_RUN=''
GTHREAD_CFLAGS=''
GTHREAD_LIBS=''
GTK_CFLAGS=''
GTK_LIBS=''
HAVE_COCOA_FALSE=''
HAVE_COCOA_TRUE=''
HAVE_INSTALLED_LIGHTNING_FALSE=''
HAVE_INSTALLED_LIGHTNING_TRUE=''
ICON=''
INCFFI=''
INCLTDL=''
INCSIGSEGV=''
INCSNPRINTFV=''
INCTCLTK=''
INSTALL_DATA='${INSTALL} -m 644'
INSTALL_INFO='/usr/bin/install-info'
INSTALL_PROGRAM='${INSTALL}'
INSTALL_SCRIPT='${INSTALL}'
INSTALL_STRIP_PROGRAM='$(install_sh) -c -s'
LD=''
LDFLAGS=''
LEX=''
LIBADD_DL=''
LIBC_SO_DIR=''
LIBC_SO_NAME=''
LIBFFI=''
LIBGLUT=''
LIBGMP=''
LIBGST_CFLAGS=''
LIBICONV=''
LIBLTDL=''
LIBOBJS=''
LIBOPENGL=''
LIBREADLINE=''
LIBS=''
LIBSIGSEGV=''
LIBSNPRINTFV=''
LIBTCLTK=''
LIBTHREAD=''
LIBTOOL=''
LIGHTNING_MAIN_FALSE=''
LIGHTNING_MAIN_TRUE=''
LIPO=''
LN='ln'
LN_S='ln -s'
LTALLOCA=''
LTLIBICONV=''
LTLIBOBJS=''
MAINTAINER='bonzini@gnu.org'
MAKEINFO='${SHELL} /home/carolhanna/Security_Project/gnu_dataset/smalltalk-3.2/build-aux/missing --run makeinfo'
MKDIR_P='/bin/mkdir -p'
MODULES=''
NM=''
NMEDIT=''
OBJC='gcc'
OBJCDEPMODE='depmode=gcc3'
OBJCFLAGS='-g -O2 -Wall -Wno-format -Wdeclaration-after-statement -Wno-format -Wpointer-arith -Wno-pointer-sign -Wno-switch -Wwrite-strings -Wno-strict-aliasing -fno-gcse -fstrict-aliasing '
OBJDUMP=''
OBJEXT='o'
OTOOL64=''
OTOOL=''
PACKAGE='smalltalk'
PACKAGE_BUGREPORT='help-smalltalk@gnu.org'
PACKAGE_DLOPEN_FLAGS=''
PACKAGE_NAME='GNU Smalltalk'
PACKAGE_STRING='GNU Smalltalk 3.2'
PACKAGE_TARNAME='smalltalk'
PACKAGE_URL='http://smalltalk.gnu.org/'
PACKAGE_VERSION='3.2'
PANGO_CFLAGS=''
PANGO_LIBS=''
PATH_SEPARATOR=':'
PKG_CONFIG='/usr/bin/pkg-config'
RANLIB=''
RELOCATABLE=''
RELOC_CPPFLAGS=''
RELOC_LDFLAGS=''
SDL_CFLAGS=''
SDL_LIBS=''
SED='/bin/sed'
SET_MAKE=''
SHELL='/bin/bash'
SOCKET_LIBS=''
STRIP=''
TCLSH=''
VERSION='3.2'
VERSION_INFO='7:2:0'
WINDRES='no'
WINEWRAPPER=''
WINEWRAPPERDEP=''
WITH_EMACS_COMINT_FALSE=''
WITH_EMACS_COMINT_TRUE=''
WITH_EMACS_FALSE=''
WITH_EMACS_TRUE=''
XMKMF=''
XZIP=''
X_CFLAGS=''
X_EXTRA_LIBS=''
X_LIBS=''
X_PRE_LIBS=''
YACC=''
ZIP='no'
ac_ct_CC='gcc'
ac_ct_DUMPBIN=''
am__EXEEXT_FALSE=''
am__EXEEXT_TRUE=''
am__fastdepCC_FALSE='#'
am__fastdepCC_TRUE=''
am__fastdepOBJC_FALSE='#'
am__fastdepOBJC_TRUE=''
am__include='include'
am__isrc=''
am__leading_dot='.'
am__quote=''
am__tar='${AMTAR} chof - "$$tardir"'
am__untar='${AMTAR} xf -'
bindir='${exec_prefix}/bin'
build='x86_64-unknown-linux-gnu'
build_alias=''
build_cpu='x86_64'
build_os='linux-gnu'
build_vendor='unknown'
datadir='${datarootdir}'
datarootdir='${prefix}/share'
docdir='${datarootdir}/doc/${PACKAGE_TARNAME}'
dvidir='${docdir}'
enable_mysql_tests=''
exec_prefix='NONE'
host='x86_64-unknown-linux-gnu'
host_alias=''
host_cpu='x86_64'
host_os='linux-gnu'
host_vendor='unknown'
htmldir='${docdir}'
imagedir=''
includedir='${prefix}/include'
infodir='${datarootdir}/info'
install_sh='${SHELL} /home/carolhanna/Security_Project/gnu_dataset/smalltalk-3.2/build-aux/install-sh'
libdir='${exec_prefix}/lib'
libexecdir='${exec_prefix}/libexec'
lispdir=''
localedir='${datarootdir}/locale'
localstatedir='${prefix}/var'
lt_ECHO='echo'
mandir='${datarootdir}/man'
mkdir_p='/bin/mkdir -p'
moduledir=''
moduleexecdir=''
oldincludedir='/usr/include'
pdfdir='${docdir}'
prefix='NONE'
program_transform_name='s,x,x,'
psdir='${docdir}'
sbindir='${exec_prefix}/sbin'
sharedstatedir='${prefix}/com'
subdirs=''
sysconfdir='${prefix}/etc'
target_alias=''

## ------------------- ##
## File substitutions. ##
## ------------------- ##

PACKAGE_RULES=''
lightning_frag=''

## ----------- ##
## confdefs.h. ##
## ----------- ##

/* confdefs.h */
#define PACKAGE_NAME "GNU Smalltalk"
#define PACKAGE_TARNAME "smalltalk"
#define PACKAGE_VERSION "3.2"
#define PACKAGE_STRING "GNU Smalltalk 3.2"
#define PACKAGE_BUGREPORT "help-smalltalk@gnu.org"
#define PACKAGE_URL "http://smalltalk.gnu.org/"
#define ST_MAJOR_VERSION 3
#define ST_MINOR_VERSION 2
#define ST_EDIT_VERSION 0
#define MAINTAINER "bonzini@gnu.org"
#define PACKAGE "smalltalk"
#define VERSION "3.2"
#define PACKAGE_GIT_REVISION ""
#define STDC_HEADERS 1
#define HAVE_SYS_TYPES_H 1
#define HAVE_SYS_STAT_H 1
#define HAVE_STDLIB_H 1
#define HAVE_STRING_H 1
#define HAVE_MEMORY_H 1
#define HAVE_STRINGS_H 1
#define HAVE_INTTYPES_H 1
#define HAVE_STDINT_H 1
#define HAVE_UNISTD_H 1
#define __EXTENSIONS__ 1
#define _ALL_SOURCE 1
#define _GNU_SOURCE 1
#define _POSIX_PTHREAD_SEMANTICS 1
#define _TANDEM_SOURCE 1

configure: exit 1
