This file contains any messages produced by compilers while
running configure, to aid debugging if configure makes a mistake.

It was created by gnunet-qt configure 0.8.1, which was
generated by GNU Autoconf 2.61.  Invocation command line was

  $ ./configure 

## --------- ##
## Platform. ##
## --------- ##

hostname = rishon
uname -m = x86_64
uname -r = 4.15.0-72-generic
uname -s = Linux
uname -v = #81-Ubuntu SMP Tue Nov 26 12:20:02 UTC 2019

/usr/bin/uname -p = unknown
/bin/uname -X     = unknown

/bin/arch              = unknown
/usr/bin/arch -k       = unknown
/usr/convex/getsysinfo = unknown
/usr/bin/hostinfo      = unknown
/bin/machine           = unknown
/usr/bin/oslevel       = unknown
/bin/universe          = unknown

PATH: /home/carolhanna/miniconda3/bin
PATH: /home/carolhanna/miniconda3/condabin
PATH: /usr/local/sbin
PATH: /usr/local/bin
PATH: /usr/sbin
PATH: /usr/bin
PATH: /sbin
PATH: /bin
PATH: /usr/games
PATH: /usr/local/games
PATH: /snap/bin


## ----------- ##
## Core tests. ##
## ----------- ##

configure:2022: checking for a BSD-compatible install
configure:2078: result: /usr/bin/install -c
configure:2089: checking whether build environment is sane
configure:2132: result: yes
configure:2189: checking for gawk
configure:2205: found /usr/bin/gawk
configure:2216: result: gawk
configure:2227: checking whether make sets $(MAKE)
configure:2248: result: yes
configure:2444: checking build system type
configure:2462: result: x86_64-unknown-linux-gnu
configure:2484: checking host system type
configure:2499: result: x86_64-unknown-linux-gnu
configure:2557: checking for style of include used by make
configure:2585: result: GNU
configure:2658: checking for gcc
configure:2674: found /usr/bin/gcc
configure:2685: result: gcc
configure:2923: checking for C compiler version
configure:2930: gcc --version >&5
gcc (Ubuntu 7.5.0-3ubuntu1~18.04) 7.5.0
Copyright (C) 2017 Free Software Foundation, Inc.
This is free software; see the source for copying conditions.  There is NO
warranty; not even for MERCHANTABILITY or FITNESS FOR A PARTICULAR PURPOSE.

configure:2933: $? = 0
configure:2940: gcc -v >&5
Using built-in specs.
COLLECT_GCC=gcc
COLLECT_LTO_WRAPPER=/usr/lib/gcc/x86_64-linux-gnu/7/lto-wrapper
OFFLOAD_TARGET_NAMES=nvptx-none
OFFLOAD_TARGET_DEFAULT=1
Target: x86_64-linux-gnu
Configured with: ../src/configure -v --with-pkgversion='Ubuntu 7.5.0-3ubuntu1~18.04' --with-bugurl=file:///usr/share/doc/gcc-7/README.Bugs --enable-languages=c,ada,c++,go,brig,d,fortran,objc,obj-c++ --prefix=/usr --with-gcc-major-version-only --program-suffix=-7 --program-prefix=x86_64-linux-gnu- --enable-shared --enable-linker-build-id --libexecdir=/usr/lib --without-included-gettext --enable-threads=posix --libdir=/usr/lib --enable-nls --enable-bootstrap --enable-clocale=gnu --enable-libstdcxx-debug --enable-libstdcxx-time=yes --with-default-libstdcxx-abi=new --enable-gnu-unique-object --disable-vtable-verify --enable-libmpx --enable-plugin --enable-default-pie --with-system-zlib --with-target-system-zlib --enable-objc-gc=auto --enable-multiarch --disable-werror --with-arch-32=i686 --with-abi=m64 --with-multilib-list=m32,m64,mx32 --enable-multilib --with-tune=generic --enable-offload-targets=nvptx-none --without-cuda-driver --enable-checking=release --build=x86_64-linux-gnu --host=x86_64-linux-gnu --target=x86_64-linux-gnu
Thread model: posix
gcc version 7.5.0 (Ubuntu 7.5.0-3ubuntu1~18.04) 
configure:2943: $? = 0
configure:2950: gcc -V >&5
gcc: error: unrecognized command line option '-V'
gcc: fatal error: no input files
compilation terminated.
configure:2953: $? = 1
configure:2976: checking for C compiler default output file name
configure:3003: gcc    conftest.c  >&5
configure:3006: $? = 0
configure:3044: result: a.out
configure:3061: checking whether the C compiler works
configure:3071: ./a.out
configure:3074: $? = 0
configure:3091: result: yes
configure:3098: checking whether we are cross compiling
configure:3100: result: no
configure:3103: checking for suffix of executables
configure:3110: gcc -o conftest    conftest.c  >&5
configure:3113: $? = 0
configure:3137: result: 
configure:3143: checking for suffix of object files
configure:3169: gcc -c   conftest.c >&5
configure:3172: $? = 0
configure:3195: result: o
configure:3199: checking whether we are using the GNU C compiler
configure:3228: gcc -c   conftest.c >&5
configure:3234: $? = 0
configure:3251: result: yes
configure:3256: checking whether gcc accepts -g
configure:3286: gcc -c -g  conftest.c >&5
configure:3292: $? = 0
configure:3391: result: yes
configure:3408: checking for gcc option to accept ISO C89
configure:3482: gcc  -c -g -O2  conftest.c >&5
configure:3488: $? = 0
configure:3511: result: none needed
configure:3531: checking dependency style of gcc
configure:3614: result: gcc3
configure:3637: checking how to run the C preprocessor
configure:3677: gcc -E  conftest.c
configure:3683: $? = 0
configure:3714: gcc -E  conftest.c
conftest.c:10:10: fatal error: ac_nonexistent.h: No such file or directory
 #include <ac_nonexistent.h>
          ^~~~~~~~~~~~~~~~~~
compilation terminated.
configure:3720: $? = 1
configure: failed program was:
| /* confdefs.h.  */
| #define PACKAGE_NAME "gnunet-qt"
| #define PACKAGE_TARNAME "gnunet-qt"
| #define PACKAGE_VERSION "0.8.1"
| #define PACKAGE_STRING "gnunet-qt 0.8.1"
| #define PACKAGE_BUGREPORT "bug-gnunet@gnu.org"
| #define PACKAGE "gnunet-qt"
| #define VERSION "0.8.1"
| /* end confdefs.h.  */
| #include <ac_nonexistent.h>
configure:3753: result: gcc -E
configure:3782: gcc -E  conftest.c
configure:3788: $? = 0
configure:3819: gcc -E  conftest.c
conftest.c:10:10: fatal error: ac_nonexistent.h: No such file or directory
 #include <ac_nonexistent.h>
          ^~~~~~~~~~~~~~~~~~
compilation terminated.
configure:3825: $? = 1
configure: failed program was:
| /* confdefs.h.  */
| #define PACKAGE_NAME "gnunet-qt"
| #define PACKAGE_TARNAME "gnunet-qt"
| #define PACKAGE_VERSION "0.8.1"
| #define PACKAGE_STRING "gnunet-qt 0.8.1"
| #define PACKAGE_BUGREPORT "bug-gnunet@gnu.org"
| #define PACKAGE "gnunet-qt"
| #define VERSION "0.8.1"
| /* end confdefs.h.  */
| #include <ac_nonexistent.h>
configure:3863: checking for X
configure:3978: gcc -E  conftest.c
configure:3984: $? = 0
configure:4033: gcc -o conftest -g -O2   conftest.c -lX11  >&5
configure:4039: $? = 0
configure:4098: result: libraries , headers 
configure:4259: gcc -o conftest -g -O2   conftest.c   -lX11 >&5
configure:4265: $? = 0
configure:4422: checking for gethostbyname
configure:4478: gcc -o conftest -g -O2   conftest.c  >&5
configure:4484: $? = 0
configure:4501: result: yes
configure:4646: checking for connect
configure:4702: gcc -o conftest -g -O2   conftest.c  >&5
configure:4708: $? = 0
configure:4725: result: yes
configure:4797: checking for remove
configure:4853: gcc -o conftest -g -O2   conftest.c  >&5
configure:4859: $? = 0
configure:4876: result: yes
configure:4948: checking for shmat
configure:5004: gcc -o conftest -g -O2   conftest.c  >&5
configure:5010: $? = 0
configure:5027: result: yes
configure:5108: checking for IceConnectionNumber in -lICE
configure:5143: gcc -o conftest -g -O2   conftest.c -lICE   >&5
configure:5149: $? = 0
configure:5167: result: yes
configure:5798: checking for gawk
configure:5825: result: gawk
configure:5884: checking for gcc
configure:5911: result: gcc
configure:6149: checking for C compiler version
configure:6156: gcc --version >&5
gcc (Ubuntu 7.5.0-3ubuntu1~18.04) 7.5.0
Copyright (C) 2017 Free Software Foundation, Inc.
This is free software; see the source for copying conditions.  There is NO
warranty; not even for MERCHANTABILITY or FITNESS FOR A PARTICULAR PURPOSE.

configure:6159: $? = 0
configure:6166: gcc -v >&5
Using built-in specs.
COLLECT_GCC=gcc
COLLECT_LTO_WRAPPER=/usr/lib/gcc/x86_64-linux-gnu/7/lto-wrapper
OFFLOAD_TARGET_NAMES=nvptx-none
OFFLOAD_TARGET_DEFAULT=1
Target: x86_64-linux-gnu
Configured with: ../src/configure -v --with-pkgversion='Ubuntu 7.5.0-3ubuntu1~18.04' --with-bugurl=file:///usr/share/doc/gcc-7/README.Bugs --enable-languages=c,ada,c++,go,brig,d,fortran,objc,obj-c++ --prefix=/usr --with-gcc-major-version-only --program-suffix=-7 --program-prefix=x86_64-linux-gnu- --enable-shared --enable-linker-build-id --libexecdir=/usr/lib --without-included-gettext --enable-threads=posix --libdir=/usr/lib --enable-nls --enable-bootstrap --enable-clocale=gnu --enable-libstdcxx-debug --enable-libstdcxx-time=yes --with-default-libstdcxx-abi=new --enable-gnu-unique-object --disable-vtable-verify --enable-libmpx --enable-plugin --enable-default-pie --with-system-zlib --with-target-system-zlib --enable-objc-gc=auto --enable-multiarch --disable-werror --with-arch-32=i686 --with-abi=m64 --with-multilib-list=m32,m64,mx32 --enable-multilib --with-tune=generic --enable-offload-targets=nvptx-none --without-cuda-driver --enable-checking=release --build=x86_64-linux-gnu --host=x86_64-linux-gnu --target=x86_64-linux-gnu
Thread model: posix
gcc version 7.5.0 (Ubuntu 7.5.0-3ubuntu1~18.04) 
configure:6169: $? = 0
configure:6176: gcc -V >&5
gcc: error: unrecognized command line option '-V'
gcc: fatal error: no input files
compilation terminated.
configure:6179: $? = 1
configure:6182: checking whether we are using the GNU C compiler
configure:6234: result: yes
configure:6239: checking whether gcc accepts -g
configure:6374: result: yes
configure:6391: checking for gcc option to accept ISO C89
configure:6494: result: none needed
configure:6514: checking dependency style of gcc
configure:6597: result: gcc3
configure:6619: checking how to run the C preprocessor
configure:6735: result: gcc -E
configure:6764: gcc -E  conftest.c
configure:6770: $? = 0
configure:6801: gcc -E  conftest.c
conftest.c:11:10: fatal error: ac_nonexistent.h: No such file or directory
 #include <ac_nonexistent.h>
          ^~~~~~~~~~~~~~~~~~
compilation terminated.
configure:6807: $? = 1
configure: failed program was:
| /* confdefs.h.  */
| #define PACKAGE_NAME "gnunet-qt"
| #define PACKAGE_TARNAME "gnunet-qt"
| #define PACKAGE_VERSION "0.8.1"
| #define PACKAGE_STRING "gnunet-qt 0.8.1"
| #define PACKAGE_BUGREPORT "bug-gnunet@gnu.org"
| #define PACKAGE "gnunet-qt"
| #define VERSION "0.8.1"
| #define LINUX 1
| /* end confdefs.h.  */
| #include <ac_nonexistent.h>
configure:6902: checking for g++
configure:6918: found /usr/bin/g++
configure:6929: result: g++
configure:6960: checking for C++ compiler version
configure:6967: g++ --version >&5
g++ (Ubuntu 7.5.0-3ubuntu1~18.04) 7.5.0
Copyright (C) 2017 Free Software Foundation, Inc.
This is free software; see the source for copying conditions.  There is NO
warranty; not even for MERCHANTABILITY or FITNESS FOR A PARTICULAR PURPOSE.

configure:6970: $? = 0
configure:6977: g++ -v >&5
Using built-in specs.
COLLECT_GCC=g++
COLLECT_LTO_WRAPPER=/usr/lib/gcc/x86_64-linux-gnu/7/lto-wrapper
OFFLOAD_TARGET_NAMES=nvptx-none
OFFLOAD_TARGET_DEFAULT=1
Target: x86_64-linux-gnu
Configured with: ../src/configure -v --with-pkgversion='Ubuntu 7.5.0-3ubuntu1~18.04' --with-bugurl=file:///usr/share/doc/gcc-7/README.Bugs --enable-languages=c,ada,c++,go,brig,d,fortran,objc,obj-c++ --prefix=/usr --with-gcc-major-version-only --program-suffix=-7 --program-prefix=x86_64-linux-gnu- --enable-shared --enable-linker-build-id --libexecdir=/usr/lib --without-included-gettext --enable-threads=posix --libdir=/usr/lib --enable-nls --enable-bootstrap --enable-clocale=gnu --enable-libstdcxx-debug --enable-libstdcxx-time=yes --with-default-libstdcxx-abi=new --enable-gnu-unique-object --disable-vtable-verify --enable-libmpx --enable-plugin --enable-default-pie --with-system-zlib --with-target-system-zlib --enable-objc-gc=auto --enable-multiarch --disable-werror --with-arch-32=i686 --with-abi=m64 --with-multilib-list=m32,m64,mx32 --enable-multilib --with-tune=generic --enable-offload-targets=nvptx-none --without-cuda-driver --enable-checking=release --build=x86_64-linux-gnu --host=x86_64-linux-gnu --target=x86_64-linux-gnu
Thread model: posix
gcc version 7.5.0 (Ubuntu 7.5.0-3ubuntu1~18.04) 
configure:6980: $? = 0
configure:6987: g++ -V >&5
g++: error: unrecognized command line option '-V'
g++: fatal error: no input files
compilation terminated.
configure:6990: $? = 1
configure:6993: checking whether we are using the GNU C++ compiler
configure:7022: g++ -c   conftest.cpp >&5
configure:7028: $? = 0
configure:7045: result: yes
configure:7050: checking whether g++ accepts -g
configure:7080: g++ -c -g  conftest.cpp >&5
configure:7086: $? = 0
configure:7185: result: yes
configure:7210: checking dependency style of g++
configure:7293: result: gcc3
configure:7323: checking for a BSD-compatible install
configure:7379: result: /usr/bin/install -c
configure:7390: checking whether ln -s works
configure:7394: result: yes
configure:7401: checking whether make sets $(MAKE)
configure:7422: result: yes
configure:7918: checking for a sed that does not truncate output
configure:7997: result: /bin/sed
configure:8015: checking for grep that handles long lines and -e
configure:8089: result: /bin/grep
configure:8094: checking for egrep
configure:8172: result: /bin/grep -E
configure:8177: checking for fgrep
configure:8255: result: /bin/grep -F
configure:8290: checking for ld used by gcc
configure:8357: result: /usr/bin/ld
configure:8366: checking if the linker (/usr/bin/ld) is GNU ld
configure:8381: result: yes
configure:8394: checking for BSD- or MS-compatible name lister (nm)
configure:8443: result: /usr/bin/nm -B
configure:8565: checking the name lister (/usr/bin/nm -B) interface
configure:8572: gcc -c -g -O2  conftest.c >&5
configure:8575: /usr/bin/nm -B "conftest.o"
configure:8578: output
0000000000000000 B some_variable
configure:8585: result: BSD nm
configure:8589: checking the maximum length of command line arguments
configure:8709: result: 1572864
configure:8727: checking whether the shell understands some XSI constructs
configure:8735: result: yes
configure:8739: checking whether the shell understands "+="
configure:8745: result: yes
configure:8780: checking for /usr/bin/ld option to reload object files
configure:8787: result: -r
configure:8814: checking how to recognize dependent libraries
configure:9004: result: pass_all
configure:9064: checking for ar
configure:9080: found /usr/bin/ar
configure:9091: result: ar
configure:9173: checking for strip
configure:9189: found /usr/bin/strip
configure:9200: result: strip
configure:9276: checking for ranlib
configure:9292: found /usr/bin/ranlib
configure:9303: result: ranlib
configure:9397: checking command to parse /usr/bin/nm -B output from gcc object
configure:9515: gcc -c -g -O2  conftest.c >&5
configure:9518: $? = 0
configure:9522: /usr/bin/nm -B conftest.o \| sed -n -e 's/^.*[	 ]\([ABCDGIRSTW][ABCDGIRSTW]*\)[	 ][	 ]*\([_A-Za-z][_A-Za-z0-9]*\)$/\1 \2 \2/p' \> conftest.nm
configure:9525: $? = 0
configure:9579: gcc -o conftest -g -O2   conftest.c conftstm.o >&5
configure:9582: $? = 0
configure:9620: result: ok
configure:9715: gcc -c -g -O2  conftest.c >&5
configure:9718: $? = 0
configure:10184: checking for ANSI C header files
configure:10214: gcc -c -g -O2  conftest.c >&5
configure:10220: $? = 0
configure:10319: gcc -o conftest -g -O2   conftest.c  >&5
configure:10322: $? = 0
configure:10328: ./conftest
configure:10331: $? = 0
configure:10348: result: yes
configure:10372: checking for sys/types.h
configure:10393: gcc -c -g -O2  conftest.c >&5
configure:10399: $? = 0
configure:10415: result: yes
configure:10372: checking for sys/stat.h
configure:10393: gcc -c -g -O2  conftest.c >&5
configure:10399: $? = 0
configure:10415: result: yes
configure:10372: checking for stdlib.h
configure:10393: gcc -c -g -O2  conftest.c >&5
configure:10399: $? = 0
configure:10415: result: yes
configure:10372: checking for string.h
configure:10393: gcc -c -g -O2  conftest.c >&5
configure:10399: $? = 0
configure:10415: result: yes
configure:10372: checking for memory.h
configure:10393: gcc -c -g -O2  conftest.c >&5
configure:10399: $? = 0
configure:10415: result: yes
configure:10372: checking for strings.h
configure:10393: gcc -c -g -O2  conftest.c >&5
configure:10399: $? = 0
configure:10415: result: yes
configure:10372: checking for inttypes.h
configure:10393: gcc -c -g -O2  conftest.c >&5
configure:10399: $? = 0
configure:10415: result: yes
configure:10372: checking for stdint.h
configure:10393: gcc -c -g -O2  conftest.c >&5
configure:10399: $? = 0
configure:10415: result: yes
configure:10372: checking for unistd.h
configure:10393: gcc -c -g -O2  conftest.c >&5
configure:10399: $? = 0
configure:10415: result: yes
configure:10431: checking for dlfcn.h
configure:10452: gcc -c -g -O2  conftest.c >&5
configure:10458: $? = 0
configure:10474: result: yes
configure:10603: checking for C++ compiler version
configure:10610: g++ --version >&5
g++ (Ubuntu 7.5.0-3ubuntu1~18.04) 7.5.0
Copyright (C) 2017 Free Software Foundation, Inc.
This is free software; see the source for copying conditions.  There is NO
warranty; not even for MERCHANTABILITY or FITNESS FOR A PARTICULAR PURPOSE.

configure:10613: $? = 0
configure:10620: g++ -v >&5
Using built-in specs.
COLLECT_GCC=g++
COLLECT_LTO_WRAPPER=/usr/lib/gcc/x86_64-linux-gnu/7/lto-wrapper
OFFLOAD_TARGET_NAMES=nvptx-none
OFFLOAD_TARGET_DEFAULT=1
Target: x86_64-linux-gnu
Configured with: ../src/configure -v --with-pkgversion='Ubuntu 7.5.0-3ubuntu1~18.04' --with-bugurl=file:///usr/share/doc/gcc-7/README.Bugs --enable-languages=c,ada,c++,go,brig,d,fortran,objc,obj-c++ --prefix=/usr --with-gcc-major-version-only --program-suffix=-7 --program-prefix=x86_64-linux-gnu- --enable-shared --enable-linker-build-id --libexecdir=/usr/lib --without-included-gettext --enable-threads=posix --libdir=/usr/lib --enable-nls --enable-bootstrap --enable-clocale=gnu --enable-libstdcxx-debug --enable-libstdcxx-time=yes --with-default-libstdcxx-abi=new --enable-gnu-unique-object --disable-vtable-verify --enable-libmpx --enable-plugin --enable-default-pie --with-system-zlib --with-target-system-zlib --enable-objc-gc=auto --enable-multiarch --disable-werror --with-arch-32=i686 --with-abi=m64 --with-multilib-list=m32,m64,mx32 --enable-multilib --with-tune=generic --enable-offload-targets=nvptx-none --without-cuda-driver --enable-checking=release --build=x86_64-linux-gnu --host=x86_64-linux-gnu --target=x86_64-linux-gnu
Thread model: posix
gcc version 7.5.0 (Ubuntu 7.5.0-3ubuntu1~18.04) 
configure:10623: $? = 0
configure:10630: g++ -V >&5
g++: error: unrecognized command line option '-V'
g++: fatal error: no input files
compilation terminated.
configure:10633: $? = 1
configure:10636: checking whether we are using the GNU C++ compiler
configure:10688: result: yes
configure:10693: checking whether g++ accepts -g
configure:10828: result: yes
configure:10853: checking dependency style of g++
configure:10936: result: gcc3
configure:10961: checking how to run the C++ preprocessor
configure:10997: g++ -E  conftest.cpp
configure:11003: $? = 0
configure:11034: g++ -E  conftest.cpp
conftest.cpp:22:10: fatal error: ac_nonexistent.h: No such file or directory
 #include <ac_nonexistent.h>
          ^~~~~~~~~~~~~~~~~~
compilation terminated.
configure:11040: $? = 1
configure: failed program was:
| /* confdefs.h.  */
| #define PACKAGE_NAME "gnunet-qt"
| #define PACKAGE_TARNAME "gnunet-qt"
| #define PACKAGE_VERSION "0.8.1"
| #define PACKAGE_STRING "gnunet-qt 0.8.1"
| #define PACKAGE_BUGREPORT "bug-gnunet@gnu.org"
| #define PACKAGE "gnunet-qt"
| #define VERSION "0.8.1"
| #define LINUX 1
| #define STDC_HEADERS 1
| #define HAVE_SYS_TYPES_H 1
| #define HAVE_SYS_STAT_H 1
| #define HAVE_STDLIB_H 1
| #define HAVE_STRING_H 1
| #define HAVE_MEMORY_H 1
| #define HAVE_STRINGS_H 1
| #define HAVE_INTTYPES_H 1
| #define HAVE_STDINT_H 1
| #define HAVE_UNISTD_H 1
| #define HAVE_DLFCN_H 1
| /* end confdefs.h.  */
| #include <ac_nonexistent.h>
configure:11073: result: g++ -E
configure:11102: g++ -E  conftest.cpp
configure:11108: $? = 0
configure:11139: g++ -E  conftest.cpp
conftest.cpp:22:10: fatal error: ac_nonexistent.h: No such file or directory
 #include <ac_nonexistent.h>
          ^~~~~~~~~~~~~~~~~~
compilation terminated.
configure:11145: $? = 1
configure: failed program was:
| /* confdefs.h.  */
| #define PACKAGE_NAME "gnunet-qt"
| #define PACKAGE_TARNAME "gnunet-qt"
| #define PACKAGE_VERSION "0.8.1"
| #define PACKAGE_STRING "gnunet-qt 0.8.1"
| #define PACKAGE_BUGREPORT "bug-gnunet@gnu.org"
| #define PACKAGE "gnunet-qt"
| #define VERSION "0.8.1"
| #define LINUX 1
| #define STDC_HEADERS 1
| #define HAVE_SYS_TYPES_H 1
| #define HAVE_SYS_STAT_H 1
| #define HAVE_STDLIB_H 1
| #define HAVE_STRING_H 1
| #define HAVE_MEMORY_H 1
| #define HAVE_STRINGS_H 1
| #define HAVE_INTTYPES_H 1
| #define HAVE_STDINT_H 1
| #define HAVE_UNISTD_H 1
| #define HAVE_DLFCN_H 1
| /* end confdefs.h.  */
| #include <ac_nonexistent.h>
configure:11323: checking for objdir
configure:11338: result: .libs
configure:11630: checking if gcc supports -fno-rtti -fno-exceptions
configure:11648: gcc -c -g -O2  -fno-rtti -fno-exceptions conftest.c >&5
cc1: warning: command line option '-fno-rtti' is valid for C++/ObjC++ but not for C
configure:11652: $? = 0
configure:11665: result: no
configure:11685: checking for gcc option to produce PIC
configure:11936: result: -fPIC -DPIC
configure:11948: checking if gcc PIC flag -fPIC -DPIC works
configure:11966: gcc -c -g -O2  -fPIC -DPIC -DPIC conftest.c >&5
configure:11970: $? = 0
configure:11983: result: yes
configure:12007: checking if gcc static flag -static works
configure:12035: result: yes
configure:12050: checking if gcc supports -c -o file.o
configure:12071: gcc -c -g -O2  -o out/conftest2.o conftest.c >&5
configure:12075: $? = 0
configure:12097: result: yes
configure:12105: checking if gcc supports -c -o file.o
configure:12152: result: yes
configure:12185: checking whether the gcc linker (/usr/bin/ld -m elf_x86_64) supports shared libraries
configure:13235: result: yes
configure:13272: checking whether -lc should be explicitly linked in
configure:13277: gcc -c -g -O2  conftest.c >&5
configure:13280: $? = 0
configure:13295: gcc -shared conftest.o  -v -Wl,-soname -Wl,conftest -o conftest 2\>\&1 \| /bin/grep  -lc  \>/dev/null 2\>\&1
configure:13298: $? = 0
configure:13310: result: no
configure:13474: checking dynamic linker characteristics
configure:13912: gcc -o conftest -g -O2   -Wl,-rpath -Wl,/foo conftest.c  >&5
configure:13918: $? = 0
configure:14148: result: GNU/Linux ld.so
configure:14250: checking how to hardcode library paths into programs
configure:14275: result: immediate
configure:14394: checking for shl_load
configure:14450: gcc -o conftest -g -O2   conftest.c  >&5
/tmp/cc5FzrLe.o: In function `main':
/home/carolhanna/Security_Project/gnu_dataset/gnunet-qt-0.8.1/conftest.c:57: undefined reference to `shl_load'
collect2: error: ld returned 1 exit status
configure:14456: $? = 1
configure: failed program was:
| /* confdefs.h.  */
| #define PACKAGE_NAME "gnunet-qt"
| #define PACKAGE_TARNAME "gnunet-qt"
| #define PACKAGE_VERSION "0.8.1"
| #define PACKAGE_STRING "gnunet-qt 0.8.1"
| #define PACKAGE_BUGREPORT "bug-gnunet@gnu.org"
| #define PACKAGE "gnunet-qt"
| #define VERSION "0.8.1"
| #define LINUX 1
| #define STDC_HEADERS 1
| #define HAVE_SYS_TYPES_H 1
| #define HAVE_SYS_STAT_H 1
| #define HAVE_STDLIB_H 1
| #define HAVE_STRING_H 1
| #define HAVE_MEMORY_H 1
| #define HAVE_STRINGS_H 1
| #define HAVE_INTTYPES_H 1
| #define HAVE_STDINT_H 1
| #define HAVE_UNISTD_H 1
| #define HAVE_DLFCN_H 1
| #define LT_OBJDIR ".libs/"
| /* end confdefs.h.  */
| /* Define shl_load to an innocuous variant, in case <limits.h> declares shl_load.
|    For example, HP-UX 11i <limits.h> declares gettimeofday.  */
| #define shl_load innocuous_shl_load
| 
| /* System header to define __stub macros and hopefully few prototypes,
|     which can conflict with char shl_load (); below.
|     Prefer <limits.h> to <assert.h> if __STDC__ is defined, since
|     <limits.h> exists even on freestanding compilers.  */
| 
| #ifdef __STDC__
| # include <limits.h>
| #else
| # include <assert.h>
| #endif
| 
| #undef shl_load
| 
| /* Override any GCC internal prototype to avoid an error.
|    Use char because int might match the return type of a GCC
|    builtin and then its argument prototype would still apply.  */
| #ifdef __cplusplus
| extern "C"
| #endif
| char shl_load ();
| /* The GNU C library defines this for functions which it implements
|     to always fail with ENOSYS.  Some functions are actually named
|     something starting with __ and the normal name is an alias.  */
| #if defined __stub_shl_load || defined __stub___shl_load
| choke me
| #endif
| 
| int
| main ()
| {
| return shl_load ();
|   ;
|   return 0;
| }
configure:14473: result: no
configure:14478: checking for shl_load in -ldld
configure:14513: gcc -o conftest -g -O2   conftest.c -ldld   >&5
/usr/bin/ld: cannot find -ldld
collect2: error: ld returned 1 exit status
configure:14519: $? = 1
configure: failed program was:
| /* confdefs.h.  */
| #define PACKAGE_NAME "gnunet-qt"
| #define PACKAGE_TARNAME "gnunet-qt"
| #define PACKAGE_VERSION "0.8.1"
| #define PACKAGE_STRING "gnunet-qt 0.8.1"
| #define PACKAGE_BUGREPORT "bug-gnunet@gnu.org"
| #define PACKAGE "gnunet-qt"
| #define VERSION "0.8.1"
| #define LINUX 1
| #define STDC_HEADERS 1
| #define HAVE_SYS_TYPES_H 1
| #define HAVE_SYS_STAT_H 1
| #define HAVE_STDLIB_H 1
| #define HAVE_STRING_H 1
| #define HAVE_MEMORY_H 1
| #define HAVE_STRINGS_H 1
| #define HAVE_INTTYPES_H 1
| #define HAVE_STDINT_H 1
| #define HAVE_UNISTD_H 1
| #define HAVE_DLFCN_H 1
| #define LT_OBJDIR ".libs/"
| /* end confdefs.h.  */
| 
| /* Override any GCC internal prototype to avoid an error.
|    Use char because int might match the return type of a GCC
|    builtin and then its argument prototype would still apply.  */
| #ifdef __cplusplus
| extern "C"
| #endif
| char shl_load ();
| int
| main ()
| {
| return shl_load ();
|   ;
|   return 0;
| }
configure:14537: result: no
configure:14542: checking for dlopen
configure:14598: gcc -o conftest -g -O2   conftest.c  >&5
/tmp/cc11uWLo.o: In function `main':
/home/carolhanna/Security_Project/gnu_dataset/gnunet-qt-0.8.1/conftest.c:57: undefined reference to `dlopen'
collect2: error: ld returned 1 exit status
configure:14604: $? = 1
configure: failed program was:
| /* confdefs.h.  */
| #define PACKAGE_NAME "gnunet-qt"
| #define PACKAGE_TARNAME "gnunet-qt"
| #define PACKAGE_VERSION "0.8.1"
| #define PACKAGE_STRING "gnunet-qt 0.8.1"
| #define PACKAGE_BUGREPORT "bug-gnunet@gnu.org"
| #define PACKAGE "gnunet-qt"
| #define VERSION "0.8.1"
| #define LINUX 1
| #define STDC_HEADERS 1
| #define HAVE_SYS_TYPES_H 1
| #define HAVE_SYS_STAT_H 1
| #define HAVE_STDLIB_H 1
| #define HAVE_STRING_H 1
| #define HAVE_MEMORY_H 1
| #define HAVE_STRINGS_H 1
| #define HAVE_INTTYPES_H 1
| #define HAVE_STDINT_H 1
| #define HAVE_UNISTD_H 1
| #define HAVE_DLFCN_H 1
| #define LT_OBJDIR ".libs/"
| /* end confdefs.h.  */
| /* Define dlopen to an innocuous variant, in case <limits.h> declares dlopen.
|    For example, HP-UX 11i <limits.h> declares gettimeofday.  */
| #define dlopen innocuous_dlopen
| 
| /* System header to define __stub macros and hopefully few prototypes,
|     which can conflict with char dlopen (); below.
|     Prefer <limits.h> to <assert.h> if __STDC__ is defined, since
|     <limits.h> exists even on freestanding compilers.  */
| 
| #ifdef __STDC__
| # include <limits.h>
| #else
| # include <assert.h>
| #endif
| 
| #undef dlopen
| 
| /* Override any GCC internal prototype to avoid an error.
|    Use char because int might match the return type of a GCC
|    builtin and then its argument prototype would still apply.  */
| #ifdef __cplusplus
| extern "C"
| #endif
| char dlopen ();
| /* The GNU C library defines this for functions which it implements
|     to always fail with ENOSYS.  Some functions are actually named
|     something starting with __ and the normal name is an alias.  */
| #if defined __stub_dlopen || defined __stub___dlopen
| choke me
| #endif
| 
| int
| main ()
| {
| return dlopen ();
|   ;
|   return 0;
| }
configure:14621: result: no
configure:14626: checking for dlopen in -ldl
configure:14661: gcc -o conftest -g -O2   conftest.c -ldl   >&5
configure:14667: $? = 0
configure:14685: result: yes
configure:14854: checking whether a program can dlopen itself
configure:14928: gcc -o conftest -g -O2  -DHAVE_DLFCN_H  -Wl,--export-dynamic conftest.c -ldl  >&5
configure: In function 'main':
configure:14924:5: warning: implicit declaration of function 'exit' [-Wimplicit-function-declaration]
 
     ^   
configure:14924:5: warning: incompatible implicit declaration of built-in function 'exit'
configure:14924:5: note: include '<stdlib.h>' or provide a declaration of 'exit'
configure:14931: $? = 0
configure:14949: result: yes
configure:14954: checking whether a statically linked program can dlopen itself
configure:15028: gcc -o conftest -g -O2  -DHAVE_DLFCN_H  -Wl,--export-dynamic -static conftest.c -ldl  >&5
configure: In function 'main':
configure:15024:5: warning: implicit declaration of function 'exit' [-Wimplicit-function-declaration]
 
     ^   
configure:15024:5: warning: incompatible implicit declaration of built-in function 'exit'
configure:15024:5: note: include '<stdlib.h>' or provide a declaration of 'exit'
/tmp/ccOoIRFC.o: In function `main':
/home/carolhanna/Security_Project/gnu_dataset/gnunet-qt-0.8.1/configure:15012: warning: Using 'dlopen' in statically linked applications requires at runtime the shared libraries from the glibc version used for linking
configure:15031: $? = 0
configure:15049: result: no
configure:15088: checking whether stripping libraries is possible
configure:15093: result: yes
configure:15128: checking if libtool supports shared libraries
configure:15130: result: yes
configure:15133: checking whether to build shared libraries
configure:15154: result: yes
configure:15157: checking whether to build static libraries
configure:15161: result: no
configure:15311: checking for ld used by g++
configure:15378: result: /usr/bin/ld -m elf_x86_64
configure:15387: checking if the linker (/usr/bin/ld -m elf_x86_64) is GNU ld
configure:15402: result: yes
configure:15457: checking whether the g++ linker (/usr/bin/ld -m elf_x86_64) supports shared libraries
configure:16419: result: yes
configure:16447: g++ -c -g -O2  conftest.cpp >&5
configure:16450: $? = 0
configure:16632: checking for g++ option to produce PIC
configure:16933: result: -fPIC -DPIC
configure:16942: checking if g++ PIC flag -fPIC -DPIC works
configure:16960: g++ -c -g -O2  -fPIC -DPIC -DPIC conftest.cpp >&5
configure:16964: $? = 0
configure:16977: result: yes
configure:16998: checking if g++ static flag -static works
configure:17026: result: yes
configure:17038: checking if g++ supports -c -o file.o
configure:17059: g++ -c -g -O2  -o out/conftest2.o conftest.cpp >&5
configure:17063: $? = 0
configure:17085: result: yes
configure:17090: checking if g++ supports -c -o file.o
configure:17137: result: yes
configure:17167: checking whether the g++ linker (/usr/bin/ld -m elf_x86_64) supports shared libraries
configure:17193: result: yes
configure:17330: checking dynamic linker characteristics
configure:17716: g++ -o conftest -g -O2   -Wl,-rpath -Wl,/foo conftest.cpp  >&5
configure:17722: $? = 0
configure:17952: result: GNU/Linux ld.so
configure:18003: checking how to hardcode library paths into programs
configure:18028: result: immediate
configure:18086: checking host system type
configure:18101: result: x86_64-unknown-linux-gnu
configure:18123: checking which extension is used for runtime loadable modules
configure:18133: result: .so
configure:18143: checking which variable specifies run-time module search path
configure:18150: result: LD_LIBRARY_PATH
configure:18160: checking for the default library search path
configure:18167: result: /lib /usr/lib /usr/lib/x86_64-linux-gnu/libfakeroot /usr/local/lib/x86_64-linux-gnu /lib/x86_64-linux-gnu /usr/lib/x86_64-linux-gnu 
configure:18197: checking for library containing dlopen
configure:18238: gcc -o conftest -g -O2   conftest.c  >&5
/tmp/ccecPuik.o: In function `main':
/home/carolhanna/Security_Project/gnu_dataset/gnunet-qt-0.8.1/conftest.c:37: undefined reference to `dlopen'
collect2: error: ld returned 1 exit status
configure:18244: $? = 1
configure: failed program was:
| /* confdefs.h.  */
| #define PACKAGE_NAME "gnunet-qt"
| #define PACKAGE_TARNAME "gnunet-qt"
| #define PACKAGE_VERSION "0.8.1"
| #define PACKAGE_STRING "gnunet-qt 0.8.1"
| #define PACKAGE_BUGREPORT "bug-gnunet@gnu.org"
| #define PACKAGE "gnunet-qt"
| #define VERSION "0.8.1"
| #define LINUX 1
| #define STDC_HEADERS 1
| #define HAVE_SYS_TYPES_H 1
| #define HAVE_SYS_STAT_H 1
| #define HAVE_STDLIB_H 1
| #define HAVE_STRING_H 1
| #define HAVE_MEMORY_H 1
| #define HAVE_STRINGS_H 1
| #define HAVE_INTTYPES_H 1
| #define HAVE_STDINT_H 1
| #define HAVE_UNISTD_H 1
| #define HAVE_DLFCN_H 1
| #define LT_OBJDIR ".libs/"
| #define LT_MODULE_EXT ".so"
| #define LT_MODULE_PATH_VAR "LD_LIBRARY_PATH"
| #define LT_DLSEARCH_PATH "/lib:/usr/lib:/usr/lib/x86_64-linux-gnu/libfakeroot:/usr/local/lib/x86_64-linux-gnu:/lib/x86_64-linux-gnu:/usr/lib/x86_64-linux-gnu"
| /* end confdefs.h.  */
| 
| /* Override any GCC internal prototype to avoid an error.
|    Use char because int might match the return type of a GCC
|    builtin and then its argument prototype would still apply.  */
| #ifdef __cplusplus
| extern "C"
| #endif
| char dlopen ();
| int
| main ()
| {
| return dlopen ();
|   ;
|   return 0;
| }
configure:18238: gcc -o conftest -g -O2   conftest.c -ldl   >&5
configure:18244: $? = 0
configure:18272: result: -ldl
configure:18420: checking for dlerror
configure:18476: gcc -o conftest -g -O2   conftest.c -ldl  -ldl >&5
configure:18482: $? = 0
configure:18500: result: yes
configure:18515: checking for shl_load
configure:18594: result: no
configure:18604: checking for shl_load in -ldld
configure:18663: result: no
configure:18781: checking for dld_link in -ldld
configure:18816: gcc -o conftest -g -O2   conftest.c -ldld  -ldl  >&5
/usr/bin/ld: cannot find -ldld
collect2: error: ld returned 1 exit status
configure:18822: $? = 1
configure: failed program was:
| /* confdefs.h.  */
| #define PACKAGE_NAME "gnunet-qt"
| #define PACKAGE_TARNAME "gnunet-qt"
| #define PACKAGE_VERSION "0.8.1"
| #define PACKAGE_STRING "gnunet-qt 0.8.1"
| #define PACKAGE_BUGREPORT "bug-gnunet@gnu.org"
| #define PACKAGE "gnunet-qt"
| #define VERSION "0.8.1"
| #define LINUX 1
| #define STDC_HEADERS 1
| #define HAVE_SYS_TYPES_H 1
| #define HAVE_SYS_STAT_H 1
| #define HAVE_STDLIB_H 1
| #define HAVE_STRING_H 1
| #define HAVE_MEMORY_H 1
| #define HAVE_STRINGS_H 1
| #define HAVE_INTTYPES_H 1
| #define HAVE_STDINT_H 1
| #define HAVE_UNISTD_H 1
| #define HAVE_DLFCN_H 1
| #define LT_OBJDIR ".libs/"
| #define LT_MODULE_EXT ".so"
| #define LT_MODULE_PATH_VAR "LD_LIBRARY_PATH"
| #define LT_DLSEARCH_PATH "/lib:/usr/lib:/usr/lib/x86_64-linux-gnu/libfakeroot:/usr/local/lib/x86_64-linux-gnu:/lib/x86_64-linux-gnu:/usr/lib/x86_64-linux-gnu"
| #define HAVE_LIBDL 1
| #define HAVE_DLERROR 1
| /* end confdefs.h.  */
| 
| /* Override any GCC internal prototype to avoid an error.
|    Use char because int might match the return type of a GCC
|    builtin and then its argument prototype would still apply.  */
| #ifdef __cplusplus
| extern "C"
| #endif
| char dld_link ();
| int
| main ()
| {
| return dld_link ();
|   ;
|   return 0;
| }
configure:18840: result: no
configure:18878: checking for _ prefix in compiled symbols
configure:18888: gcc -c -g -O2  conftest.c >&5
configure:18891: $? = 0
configure:18895: /usr/bin/nm -B conftest.o \| sed -n -e 's/^.*[	 ]\([ABCDGIRSTW][ABCDGIRSTW]*\)[	 ][	 ]*\([_A-Za-z][_A-Za-z0-9]*\)$/\1 \2 \2/p' \> conftest.nm
configure:18898: $? = 0
configure:18920: result: no
configure:19040: checking whether deplibs are loaded by dlopen
configure:19127: result: yes
configure:19143: checking for argz.h
configure:19164: gcc -c -g -O2  conftest.c >&5
configure:19170: $? = 0
configure:19186: result: yes
configure:19198: checking for error_t
configure:19231: gcc -c -g -O2  conftest.c >&5
configure:19237: $? = 0
configure:19252: result: yes
configure:19287: checking for argz_add
configure:19343: gcc -o conftest -g -O2   conftest.c -ldl  >&5
configure:19349: $? = 0
configure:19367: result: yes
configure:19287: checking for argz_append
configure:19343: gcc -o conftest -g -O2   conftest.c -ldl  >&5
configure:19349: $? = 0
configure:19367: result: yes
configure:19287: checking for argz_count
configure:19343: gcc -o conftest -g -O2   conftest.c -ldl  >&5
configure:19349: $? = 0
configure:19367: result: yes
configure:19287: checking for argz_create_sep
configure:19343: gcc -o conftest -g -O2   conftest.c -ldl  >&5
configure:19349: $? = 0
configure:19367: result: yes
configure:19287: checking for argz_insert
configure:19343: gcc -o conftest -g -O2   conftest.c -ldl  >&5
configure:19349: $? = 0
configure:19367: result: yes
configure:19287: checking for argz_next
configure:19343: gcc -o conftest -g -O2   conftest.c -ldl  >&5
configure:19349: $? = 0
configure:19367: result: yes
configure:19287: checking for argz_stringify
configure:19343: gcc -o conftest -g -O2   conftest.c -ldl  >&5
configure:19349: $? = 0
configure:19367: result: yes
configure:19388: checking if argz actually works
configure:19419: result: yes
configure:19444: checking whether libtool supports -dlopen/-dlpreopen
configure:19456: result: yes
configure:19488: checking for ltdl.h
configure:19510: gcc -c -g -O2  conftest.c >&5
configure:19516: $? = 0
configure:19531: result: yes
configure:19534: checking whether lt_dlinterface_register is declared
configure:19565: gcc -c -g -O2  conftest.c >&5
configure:19571: $? = 0
configure:19586: result: yes
configure:19589: checking for lt_dlinterface_register in -lltdl
configure:19624: gcc -o conftest -g -O2   conftest.c -lltdl  -ldl  >&5
configure:19630: $? = 0
configure:19648: result: yes
configure:19758: checking where to find libltdl headers
configure:19760: result: 
configure:19762: checking where to find libltdl library
configure:19764: result: -lltdl
configure:19834: checking for unistd.h
configure:19877: result: yes
configure:19834: checking for dl.h
configure:19855: gcc -c -g -O2  conftest.c >&5
conftest.c:77:10: fatal error: dl.h: No such file or directory
 #include <dl.h>
          ^~~~~~
compilation terminated.
configure:19861: $? = 1
configure: failed program was:
| /* confdefs.h.  */
| #define PACKAGE_NAME "gnunet-qt"
| #define PACKAGE_TARNAME "gnunet-qt"
| #define PACKAGE_VERSION "0.8.1"
| #define PACKAGE_STRING "gnunet-qt 0.8.1"
| #define PACKAGE_BUGREPORT "bug-gnunet@gnu.org"
| #define PACKAGE "gnunet-qt"
| #define VERSION "0.8.1"
| #define LINUX 1
| #define STDC_HEADERS 1
| #define HAVE_SYS_TYPES_H 1
| #define HAVE_SYS_STAT_H 1
| #define HAVE_STDLIB_H 1
| #define HAVE_STRING_H 1
| #define HAVE_MEMORY_H 1
| #define HAVE_STRINGS_H 1
| #define HAVE_INTTYPES_H 1
| #define HAVE_STDINT_H 1
| #define HAVE_UNISTD_H 1
| #define HAVE_DLFCN_H 1
| #define LT_OBJDIR ".libs/"
| #define LT_MODULE_EXT ".so"
| #define LT_MODULE_PATH_VAR "LD_LIBRARY_PATH"
| #define LT_DLSEARCH_PATH "/lib:/usr/lib:/usr/lib/x86_64-linux-gnu/libfakeroot:/usr/local/lib/x86_64-linux-gnu:/lib/x86_64-linux-gnu:/usr/lib/x86_64-linux-gnu"
| #define HAVE_LIBDL 1
| #define HAVE_DLERROR 1
| #define HAVE_LIBDLLOADER 1
| #define HAVE_ARGZ_H 1
| #define HAVE_ERROR_T 1
| #define HAVE_ARGZ_ADD 1
| #define HAVE_ARGZ_APPEND 1
| #define HAVE_ARGZ_COUNT 1
| #define HAVE_ARGZ_CREATE_SEP 1
| #define HAVE_ARGZ_INSERT 1
| #define HAVE_ARGZ_NEXT 1
| #define HAVE_ARGZ_STRINGIFY 1
| #define HAVE_WORKING_ARGZ 1
| #define HAVE_PRELOADED_SYMBOLS 1
| #define HAVE_LTDL 1
| #define LTDL_DLOPEN_SELF_WORKS 1
| #define HAVE_UNISTD_H 1
| /* end confdefs.h.  */
| #include <stdio.h>
| #ifdef HAVE_SYS_TYPES_H
| # include <sys/types.h>
| #endif
| #ifdef HAVE_SYS_STAT_H
| # include <sys/stat.h>
| #endif
| #ifdef STDC_HEADERS
| # include <stdlib.h>
| # include <stddef.h>
| #else
| # ifdef HAVE_STDLIB_H
| #  include <stdlib.h>
| # endif
| #endif
| #ifdef HAVE_STRING_H
| # if !defined STDC_HEADERS && defined HAVE_MEMORY_H
| #  include <memory.h>
| # endif
| # include <string.h>
| #endif
| #ifdef HAVE_STRINGS_H
| # include <strings.h>
| #endif
| #ifdef HAVE_INTTYPES_H
| # include <inttypes.h>
| #endif
| #ifdef HAVE_STDINT_H
| # include <stdint.h>
| #endif
| #ifdef HAVE_UNISTD_H
| # include <unistd.h>
| #endif
| 
| #include <dl.h>
configure:19877: result: no
configure:19834: checking for sys/dl.h
configure:19855: gcc -c -g -O2  conftest.c >&5
conftest.c:77:10: fatal error: sys/dl.h: No such file or directory
 #include <sys/dl.h>
          ^~~~~~~~~~
compilation terminated.
configure:19861: $? = 1
configure: failed program was:
| /* confdefs.h.  */
| #define PACKAGE_NAME "gnunet-qt"
| #define PACKAGE_TARNAME "gnunet-qt"
| #define PACKAGE_VERSION "0.8.1"
| #define PACKAGE_STRING "gnunet-qt 0.8.1"
| #define PACKAGE_BUGREPORT "bug-gnunet@gnu.org"
| #define PACKAGE "gnunet-qt"
| #define VERSION "0.8.1"
| #define LINUX 1
| #define STDC_HEADERS 1
| #define HAVE_SYS_TYPES_H 1
| #define HAVE_SYS_STAT_H 1
| #define HAVE_STDLIB_H 1
| #define HAVE_STRING_H 1
| #define HAVE_MEMORY_H 1
| #define HAVE_STRINGS_H 1
| #define HAVE_INTTYPES_H 1
| #define HAVE_STDINT_H 1
| #define HAVE_UNISTD_H 1
| #define HAVE_DLFCN_H 1
| #define LT_OBJDIR ".libs/"
| #define LT_MODULE_EXT ".so"
| #define LT_MODULE_PATH_VAR "LD_LIBRARY_PATH"
| #define LT_DLSEARCH_PATH "/lib:/usr/lib:/usr/lib/x86_64-linux-gnu/libfakeroot:/usr/local/lib/x86_64-linux-gnu:/lib/x86_64-linux-gnu:/usr/lib/x86_64-linux-gnu"
| #define HAVE_LIBDL 1
| #define HAVE_DLERROR 1
| #define HAVE_LIBDLLOADER 1
| #define HAVE_ARGZ_H 1
| #define HAVE_ERROR_T 1
| #define HAVE_ARGZ_ADD 1
| #define HAVE_ARGZ_APPEND 1
| #define HAVE_ARGZ_COUNT 1
| #define HAVE_ARGZ_CREATE_SEP 1
| #define HAVE_ARGZ_INSERT 1
| #define HAVE_ARGZ_NEXT 1
| #define HAVE_ARGZ_STRINGIFY 1
| #define HAVE_WORKING_ARGZ 1
| #define HAVE_PRELOADED_SYMBOLS 1
| #define HAVE_LTDL 1
| #define LTDL_DLOPEN_SELF_WORKS 1
| #define HAVE_UNISTD_H 1
| /* end confdefs.h.  */
| #include <stdio.h>
| #ifdef HAVE_SYS_TYPES_H
| # include <sys/types.h>
| #endif
| #ifdef HAVE_SYS_STAT_H
| # include <sys/stat.h>
| #endif
| #ifdef STDC_HEADERS
| # include <stdlib.h>
| # include <stddef.h>
| #else
| # ifdef HAVE_STDLIB_H
| #  include <stdlib.h>
| # endif
| #endif
| #ifdef HAVE_STRING_H
| # if !defined STDC_HEADERS && defined HAVE_MEMORY_H
| #  include <memory.h>
| # endif
| # include <string.h>
| #endif
| #ifdef HAVE_STRINGS_H
| # include <strings.h>
| #endif
| #ifdef HAVE_INTTYPES_H
| # include <inttypes.h>
| #endif
| #ifdef HAVE_STDINT_H
| # include <stdint.h>
| #endif
| #ifdef HAVE_UNISTD_H
| # include <unistd.h>
| #endif
| 
| #include <sys/dl.h>
configure:19877: result: no
configure:19834: checking for dld.h
configure:19855: gcc -c -g -O2  conftest.c >&5
conftest.c:77:10: fatal error: dld.h: No such file or directory
 #include <dld.h>
          ^~~~~~~
compilation terminated.
configure:19861: $? = 1
configure: failed program was:
| /* confdefs.h.  */
| #define PACKAGE_NAME "gnunet-qt"
| #define PACKAGE_TARNAME "gnunet-qt"
| #define PACKAGE_VERSION "0.8.1"
| #define PACKAGE_STRING "gnunet-qt 0.8.1"
| #define PACKAGE_BUGREPORT "bug-gnunet@gnu.org"
| #define PACKAGE "gnunet-qt"
| #define VERSION "0.8.1"
| #define LINUX 1
| #define STDC_HEADERS 1
| #define HAVE_SYS_TYPES_H 1
| #define HAVE_SYS_STAT_H 1
| #define HAVE_STDLIB_H 1
| #define HAVE_STRING_H 1
| #define HAVE_MEMORY_H 1
| #define HAVE_STRINGS_H 1
| #define HAVE_INTTYPES_H 1
| #define HAVE_STDINT_H 1
| #define HAVE_UNISTD_H 1
| #define HAVE_DLFCN_H 1
| #define LT_OBJDIR ".libs/"
| #define LT_MODULE_EXT ".so"
| #define LT_MODULE_PATH_VAR "LD_LIBRARY_PATH"
| #define LT_DLSEARCH_PATH "/lib:/usr/lib:/usr/lib/x86_64-linux-gnu/libfakeroot:/usr/local/lib/x86_64-linux-gnu:/lib/x86_64-linux-gnu:/usr/lib/x86_64-linux-gnu"
| #define HAVE_LIBDL 1
| #define HAVE_DLERROR 1
| #define HAVE_LIBDLLOADER 1
| #define HAVE_ARGZ_H 1
| #define HAVE_ERROR_T 1
| #define HAVE_ARGZ_ADD 1
| #define HAVE_ARGZ_APPEND 1
| #define HAVE_ARGZ_COUNT 1
| #define HAVE_ARGZ_CREATE_SEP 1
| #define HAVE_ARGZ_INSERT 1
| #define HAVE_ARGZ_NEXT 1
| #define HAVE_ARGZ_STRINGIFY 1
| #define HAVE_WORKING_ARGZ 1
| #define HAVE_PRELOADED_SYMBOLS 1
| #define HAVE_LTDL 1
| #define LTDL_DLOPEN_SELF_WORKS 1
| #define HAVE_UNISTD_H 1
| /* end confdefs.h.  */
| #include <stdio.h>
| #ifdef HAVE_SYS_TYPES_H
| # include <sys/types.h>
| #endif
| #ifdef HAVE_SYS_STAT_H
| # include <sys/stat.h>
| #endif
| #ifdef STDC_HEADERS
| # include <stdlib.h>
| # include <stddef.h>
| #else
| # ifdef HAVE_STDLIB_H
| #  include <stdlib.h>
| # endif
| #endif
| #ifdef HAVE_STRING_H
| # if !defined STDC_HEADERS && defined HAVE_MEMORY_H
| #  include <memory.h>
| # endif
| # include <string.h>
| #endif
| #ifdef HAVE_STRINGS_H
| # include <strings.h>
| #endif
| #ifdef HAVE_INTTYPES_H
| # include <inttypes.h>
| #endif
| #ifdef HAVE_STDINT_H
| # include <stdint.h>
| #endif
| #ifdef HAVE_UNISTD_H
| # include <unistd.h>
| #endif
| 
| #include <dld.h>
configure:19877: result: no
configure:19834: checking for mach-o/dyld.h
configure:19855: gcc -c -g -O2  conftest.c >&5
conftest.c:77:10: fatal error: mach-o/dyld.h: No such file or directory
 #include <mach-o/dyld.h>
          ^~~~~~~~~~~~~~~
compilation terminated.
configure:19861: $? = 1
configure: failed program was:
| /* confdefs.h.  */
| #define PACKAGE_NAME "gnunet-qt"
| #define PACKAGE_TARNAME "gnunet-qt"
| #define PACKAGE_VERSION "0.8.1"
| #define PACKAGE_STRING "gnunet-qt 0.8.1"
| #define PACKAGE_BUGREPORT "bug-gnunet@gnu.org"
| #define PACKAGE "gnunet-qt"
| #define VERSION "0.8.1"
| #define LINUX 1
| #define STDC_HEADERS 1
| #define HAVE_SYS_TYPES_H 1
| #define HAVE_SYS_STAT_H 1
| #define HAVE_STDLIB_H 1
| #define HAVE_STRING_H 1
| #define HAVE_MEMORY_H 1
| #define HAVE_STRINGS_H 1
| #define HAVE_INTTYPES_H 1
| #define HAVE_STDINT_H 1
| #define HAVE_UNISTD_H 1
| #define HAVE_DLFCN_H 1
| #define LT_OBJDIR ".libs/"
| #define LT_MODULE_EXT ".so"
| #define LT_MODULE_PATH_VAR "LD_LIBRARY_PATH"
| #define LT_DLSEARCH_PATH "/lib:/usr/lib:/usr/lib/x86_64-linux-gnu/libfakeroot:/usr/local/lib/x86_64-linux-gnu:/lib/x86_64-linux-gnu:/usr/lib/x86_64-linux-gnu"
| #define HAVE_LIBDL 1
| #define HAVE_DLERROR 1
| #define HAVE_LIBDLLOADER 1
| #define HAVE_ARGZ_H 1
| #define HAVE_ERROR_T 1
| #define HAVE_ARGZ_ADD 1
| #define HAVE_ARGZ_APPEND 1
| #define HAVE_ARGZ_COUNT 1
| #define HAVE_ARGZ_CREATE_SEP 1
| #define HAVE_ARGZ_INSERT 1
| #define HAVE_ARGZ_NEXT 1
| #define HAVE_ARGZ_STRINGIFY 1
| #define HAVE_WORKING_ARGZ 1
| #define HAVE_PRELOADED_SYMBOLS 1
| #define HAVE_LTDL 1
| #define LTDL_DLOPEN_SELF_WORKS 1
| #define HAVE_UNISTD_H 1
| /* end confdefs.h.  */
| #include <stdio.h>
| #ifdef HAVE_SYS_TYPES_H
| # include <sys/types.h>
| #endif
| #ifdef HAVE_SYS_STAT_H
| # include <sys/stat.h>
| #endif
| #ifdef STDC_HEADERS
| # include <stdlib.h>
| # include <stddef.h>
| #else
| # ifdef HAVE_STDLIB_H
| #  include <stdlib.h>
| # endif
| #endif
| #ifdef HAVE_STRING_H
| # if !defined STDC_HEADERS && defined HAVE_MEMORY_H
| #  include <memory.h>
| # endif
| # include <string.h>
| #endif
| #ifdef HAVE_STRINGS_H
| # include <strings.h>
| #endif
| #ifdef HAVE_INTTYPES_H
| # include <inttypes.h>
| #endif
| #ifdef HAVE_STDINT_H
| # include <stdint.h>
| #endif
| #ifdef HAVE_UNISTD_H
| # include <unistd.h>
| #endif
| 
| #include <mach-o/dyld.h>
configure:19877: result: no
configure:19834: checking for dirent.h
configure:19855: gcc -c -g -O2  conftest.c >&5
configure:19861: $? = 0
configure:19877: result: yes
configure:19895: checking for closedir
configure:19951: gcc -o conftest -g -O2   conftest.c -ldl  >&5
configure:19957: $? = 0
configure:19975: result: yes
configure:19895: checking for opendir
configure:19951: gcc -o conftest -g -O2   conftest.c -ldl  >&5
configure:19957: $? = 0
configure:19975: result: yes
configure:19895: checking for readdir
configure:19951: gcc -o conftest -g -O2   conftest.c -ldl  >&5
configure:19957: $? = 0
configure:19975: result: yes
configure:19999: checking for strlcat
configure:20055: gcc -o conftest -g -O2   conftest.c -ldl  >&5
/tmp/cchqmAyz.o: In function `main':
/home/carolhanna/Security_Project/gnu_dataset/gnunet-qt-0.8.1/conftest.c:81: undefined reference to `strlcat'
collect2: error: ld returned 1 exit status
configure:20061: $? = 1
configure: failed program was:
| /* confdefs.h.  */
| #define PACKAGE_NAME "gnunet-qt"
| #define PACKAGE_TARNAME "gnunet-qt"
| #define PACKAGE_VERSION "0.8.1"
| #define PACKAGE_STRING "gnunet-qt 0.8.1"
| #define PACKAGE_BUGREPORT "bug-gnunet@gnu.org"
| #define PACKAGE "gnunet-qt"
| #define VERSION "0.8.1"
| #define LINUX 1
| #define STDC_HEADERS 1
| #define HAVE_SYS_TYPES_H 1
| #define HAVE_SYS_STAT_H 1
| #define HAVE_STDLIB_H 1
| #define HAVE_STRING_H 1
| #define HAVE_MEMORY_H 1
| #define HAVE_STRINGS_H 1
| #define HAVE_INTTYPES_H 1
| #define HAVE_STDINT_H 1
| #define HAVE_UNISTD_H 1
| #define HAVE_DLFCN_H 1
| #define LT_OBJDIR ".libs/"
| #define LT_MODULE_EXT ".so"
| #define LT_MODULE_PATH_VAR "LD_LIBRARY_PATH"
| #define LT_DLSEARCH_PATH "/lib:/usr/lib:/usr/lib/x86_64-linux-gnu/libfakeroot:/usr/local/lib/x86_64-linux-gnu:/lib/x86_64-linux-gnu:/usr/lib/x86_64-linux-gnu"
| #define HAVE_LIBDL 1
| #define HAVE_DLERROR 1
| #define HAVE_LIBDLLOADER 1
| #define HAVE_ARGZ_H 1
| #define HAVE_ERROR_T 1
| #define HAVE_ARGZ_ADD 1
| #define HAVE_ARGZ_APPEND 1
| #define HAVE_ARGZ_COUNT 1
| #define HAVE_ARGZ_CREATE_SEP 1
| #define HAVE_ARGZ_INSERT 1
| #define HAVE_ARGZ_NEXT 1
| #define HAVE_ARGZ_STRINGIFY 1
| #define HAVE_WORKING_ARGZ 1
| #define HAVE_PRELOADED_SYMBOLS 1
| #define HAVE_LTDL 1
| #define LTDL_DLOPEN_SELF_WORKS 1
| #define HAVE_UNISTD_H 1
| #define HAVE_DIRENT_H 1
| #define HAVE_CLOSEDIR 1
| #define HAVE_OPENDIR 1
| #define HAVE_READDIR 1
| /* end confdefs.h.  */
| /* Define strlcat to an innocuous variant, in case <limits.h> declares strlcat.
|    For example, HP-UX 11i <limits.h> declares gettimeofday.  */
| #define strlcat innocuous_strlcat
| 
| /* System header to define __stub macros and hopefully few prototypes,
|     which can conflict with char strlcat (); below.
|     Prefer <limits.h> to <assert.h> if __STDC__ is defined, since
|     <limits.h> exists even on freestanding compilers.  */
| 
| #ifdef __STDC__
| # include <limits.h>
| #else
| # include <assert.h>
| #endif
| 
| #undef strlcat
| 
| /* Override any GCC internal prototype to avoid an error.
|    Use char because int might match the return type of a GCC
|    builtin and then its argument prototype would still apply.  */
| #ifdef __cplusplus
| extern "C"
| #endif
| char strlcat ();
| /* The GNU C library defines this for functions which it implements
|     to always fail with ENOSYS.  Some functions are actually named
|     something starting with __ and the normal name is an alias.  */
| #if defined __stub_strlcat || defined __stub___strlcat
| choke me
| #endif
| 
| int
| main ()
| {
| return strlcat ();
|   ;
|   return 0;
| }
configure:20079: result: no
configure:19999: checking for strlcpy
configure:20055: gcc -o conftest -g -O2   conftest.c -ldl  >&5
/tmp/ccY5bi0D.o: In function `main':
/home/carolhanna/Security_Project/gnu_dataset/gnunet-qt-0.8.1/conftest.c:81: undefined reference to `strlcpy'
collect2: error: ld returned 1 exit status
configure:20061: $? = 1
configure: failed program was:
| /* confdefs.h.  */
| #define PACKAGE_NAME "gnunet-qt"
| #define PACKAGE_TARNAME "gnunet-qt"
| #define PACKAGE_VERSION "0.8.1"
| #define PACKAGE_STRING "gnunet-qt 0.8.1"
| #define PACKAGE_BUGREPORT "bug-gnunet@gnu.org"
| #define PACKAGE "gnunet-qt"
| #define VERSION "0.8.1"
| #define LINUX 1
| #define STDC_HEADERS 1
| #define HAVE_SYS_TYPES_H 1
| #define HAVE_SYS_STAT_H 1
| #define HAVE_STDLIB_H 1
| #define HAVE_STRING_H 1
| #define HAVE_MEMORY_H 1
| #define HAVE_STRINGS_H 1
| #define HAVE_INTTYPES_H 1
| #define HAVE_STDINT_H 1
| #define HAVE_UNISTD_H 1
| #define HAVE_DLFCN_H 1
| #define LT_OBJDIR ".libs/"
| #define LT_MODULE_EXT ".so"
| #define LT_MODULE_PATH_VAR "LD_LIBRARY_PATH"
| #define LT_DLSEARCH_PATH "/lib:/usr/lib:/usr/lib/x86_64-linux-gnu/libfakeroot:/usr/local/lib/x86_64-linux-gnu:/lib/x86_64-linux-gnu:/usr/lib/x86_64-linux-gnu"
| #define HAVE_LIBDL 1
| #define HAVE_DLERROR 1
| #define HAVE_LIBDLLOADER 1
| #define HAVE_ARGZ_H 1
| #define HAVE_ERROR_T 1
| #define HAVE_ARGZ_ADD 1
| #define HAVE_ARGZ_APPEND 1
| #define HAVE_ARGZ_COUNT 1
| #define HAVE_ARGZ_CREATE_SEP 1
| #define HAVE_ARGZ_INSERT 1
| #define HAVE_ARGZ_NEXT 1
| #define HAVE_ARGZ_STRINGIFY 1
| #define HAVE_WORKING_ARGZ 1
| #define HAVE_PRELOADED_SYMBOLS 1
| #define HAVE_LTDL 1
| #define LTDL_DLOPEN_SELF_WORKS 1
| #define HAVE_UNISTD_H 1
| #define HAVE_DIRENT_H 1
| #define HAVE_CLOSEDIR 1
| #define HAVE_OPENDIR 1
| #define HAVE_READDIR 1
| /* end confdefs.h.  */
| /* Define strlcpy to an innocuous variant, in case <limits.h> declares strlcpy.
|    For example, HP-UX 11i <limits.h> declares gettimeofday.  */
| #define strlcpy innocuous_strlcpy
| 
| /* System header to define __stub macros and hopefully few prototypes,
|     which can conflict with char strlcpy (); below.
|     Prefer <limits.h> to <assert.h> if __STDC__ is defined, since
|     <limits.h> exists even on freestanding compilers.  */
| 
| #ifdef __STDC__
| # include <limits.h>
| #else
| # include <assert.h>
| #endif
| 
| #undef strlcpy
| 
| /* Override any GCC internal prototype to avoid an error.
|    Use char because int might match the return type of a GCC
|    builtin and then its argument prototype would still apply.  */
| #ifdef __cplusplus
| extern "C"
| #endif
| char strlcpy ();
| /* The GNU C library defines this for functions which it implements
|     to always fail with ENOSYS.  Some functions are actually named
|     something starting with __ and the normal name is an alias.  */
| #if defined __stub_strlcpy || defined __stub___strlcpy
| choke me
| #endif
| 
| int
| main ()
| {
| return strlcpy ();
|   ;
|   return 0;
| }
configure:20079: result: no
configure:20119: checking whether sys/types.h defines makedev
configure:20145: gcc -o conftest -g -O2   conftest.c -ldl  >&5
conftest.c: In function 'main':
conftest.c:51:13: warning: In the GNU C Library, "makedev" is defined
 by <sys/sysmacros.h>. For historical compatibility, it is
 currently defined by <sys/types.h> as well, but we plan to
 remove this soon. To use "makedev", include <sys/sysmacros.h>
 directly. If you did not intend to use a system-defined macro
 "makedev", you should undefine it after including <sys/types.h>.
 return makedev(0, 0);
             ^~~~~~~~~                                                                                                                                                                                                                                                                                                                                                                     
configure:20151: $? = 0
configure:20169: result: yes
configure:20472: checking for qmake-qt4
configure:20500: result: qmake
configure:20511: checking for libextractor
configure:20822: result: --with-extractor not specified
configure:20839: checking extractor.h usability
configure:20856: gcc -c -Wall -g -O2  conftest.c >&5
conftest.c:80:10: fatal error: extractor.h: No such file or directory
 #include <extractor.h>
          ^~~~~~~~~~~~~
compilation terminated.
configure:20862: $? = 1
configure: failed program was:
| /* confdefs.h.  */
| #define PACKAGE_NAME "gnunet-qt"
| #define PACKAGE_TARNAME "gnunet-qt"
| #define PACKAGE_VERSION "0.8.1"
| #define PACKAGE_STRING "gnunet-qt 0.8.1"
| #define PACKAGE_BUGREPORT "bug-gnunet@gnu.org"
| #define PACKAGE "gnunet-qt"
| #define VERSION "0.8.1"
| #define LINUX 1
| #define STDC_HEADERS 1
| #define HAVE_SYS_TYPES_H 1
| #define HAVE_SYS_STAT_H 1
| #define HAVE_STDLIB_H 1
| #define HAVE_STRING_H 1
| #define HAVE_MEMORY_H 1
| #define HAVE_STRINGS_H 1
| #define HAVE_INTTYPES_H 1
| #define HAVE_STDINT_H 1
| #define HAVE_UNISTD_H 1
| #define HAVE_DLFCN_H 1
| #define LT_OBJDIR ".libs/"
| #define LT_MODULE_EXT ".so"
| #define LT_MODULE_PATH_VAR "LD_LIBRARY_PATH"
| #define LT_DLSEARCH_PATH "/lib:/usr/lib:/usr/lib/x86_64-linux-gnu/libfakeroot:/usr/local/lib/x86_64-linux-gnu:/lib/x86_64-linux-gnu:/usr/lib/x86_64-linux-gnu"
| #define HAVE_LIBDL 1
| #define HAVE_DLERROR 1
| #define HAVE_LIBDLLOADER 1
| #define HAVE_ARGZ_H 1
| #define HAVE_ERROR_T 1
| #define HAVE_ARGZ_ADD 1
| #define HAVE_ARGZ_APPEND 1
| #define HAVE_ARGZ_COUNT 1
| #define HAVE_ARGZ_CREATE_SEP 1
| #define HAVE_ARGZ_INSERT 1
| #define HAVE_ARGZ_NEXT 1
| #define HAVE_ARGZ_STRINGIFY 1
| #define HAVE_WORKING_ARGZ 1
| #define HAVE_PRELOADED_SYMBOLS 1
| #define HAVE_LTDL 1
| #define LTDL_DLOPEN_SELF_WORKS 1
| #define HAVE_UNISTD_H 1
| #define HAVE_DIRENT_H 1
| #define HAVE_CLOSEDIR 1
| #define HAVE_OPENDIR 1
| #define HAVE_READDIR 1
| /* end confdefs.h.  */
| #include <stdio.h>
| #ifdef HAVE_SYS_TYPES_H
| # include <sys/types.h>
| #endif
| #ifdef HAVE_SYS_STAT_H
| # include <sys/stat.h>
| #endif
| #ifdef STDC_HEADERS
| # include <stdlib.h>
| # include <stddef.h>
| #else
| # ifdef HAVE_STDLIB_H
| #  include <stdlib.h>
| # endif
| #endif
| #ifdef HAVE_STRING_H
| # if !defined STDC_HEADERS && defined HAVE_MEMORY_H
| #  include <memory.h>
| # endif
| # include <string.h>
| #endif
| #ifdef HAVE_STRINGS_H
| # include <strings.h>
| #endif
| #ifdef HAVE_INTTYPES_H
| # include <inttypes.h>
| #endif
| #ifdef HAVE_STDINT_H
| # include <stdint.h>
| #endif
| #ifdef HAVE_UNISTD_H
| # include <unistd.h>
| #endif
| #include <extractor.h>
configure:20876: result: no
configure:20880: checking extractor.h presence
configure:20895: gcc -E  conftest.c
conftest.c:47:10: fatal error: extractor.h: No such file or directory
 #include <extractor.h>
          ^~~~~~~~~~~~~
compilation terminated.
configure:20901: $? = 1
configure: failed program was:
| /* confdefs.h.  */
| #define PACKAGE_NAME "gnunet-qt"
| #define PACKAGE_TARNAME "gnunet-qt"
| #define PACKAGE_VERSION "0.8.1"
| #define PACKAGE_STRING "gnunet-qt 0.8.1"
| #define PACKAGE_BUGREPORT "bug-gnunet@gnu.org"
| #define PACKAGE "gnunet-qt"
| #define VERSION "0.8.1"
| #define LINUX 1
| #define STDC_HEADERS 1
| #define HAVE_SYS_TYPES_H 1
| #define HAVE_SYS_STAT_H 1
| #define HAVE_STDLIB_H 1
| #define HAVE_STRING_H 1
| #define HAVE_MEMORY_H 1
| #define HAVE_STRINGS_H 1
| #define HAVE_INTTYPES_H 1
| #define HAVE_STDINT_H 1
| #define HAVE_UNISTD_H 1
| #define HAVE_DLFCN_H 1
| #define LT_OBJDIR ".libs/"
| #define LT_MODULE_EXT ".so"
| #define LT_MODULE_PATH_VAR "LD_LIBRARY_PATH"
| #define LT_DLSEARCH_PATH "/lib:/usr/lib:/usr/lib/x86_64-linux-gnu/libfakeroot:/usr/local/lib/x86_64-linux-gnu:/lib/x86_64-linux-gnu:/usr/lib/x86_64-linux-gnu"
| #define HAVE_LIBDL 1
| #define HAVE_DLERROR 1
| #define HAVE_LIBDLLOADER 1
| #define HAVE_ARGZ_H 1
| #define HAVE_ERROR_T 1
| #define HAVE_ARGZ_ADD 1
| #define HAVE_ARGZ_APPEND 1
| #define HAVE_ARGZ_COUNT 1
| #define HAVE_ARGZ_CREATE_SEP 1
| #define HAVE_ARGZ_INSERT 1
| #define HAVE_ARGZ_NEXT 1
| #define HAVE_ARGZ_STRINGIFY 1
| #define HAVE_WORKING_ARGZ 1
| #define HAVE_PRELOADED_SYMBOLS 1
| #define HAVE_LTDL 1
| #define LTDL_DLOPEN_SELF_WORKS 1
| #define HAVE_UNISTD_H 1
| #define HAVE_DIRENT_H 1
| #define HAVE_CLOSEDIR 1
| #define HAVE_OPENDIR 1
| #define HAVE_READDIR 1
| /* end confdefs.h.  */
| #include <extractor.h>
configure:20915: result: no
configure:20948: checking for extractor.h
configure:20956: result: no
configure:20973: error: gnunet-qt requires libextractor headers

## ---------------- ##
## Cache variables. ##
## ---------------- ##

ac_cv_build=x86_64-unknown-linux-gnu
ac_cv_c_compiler_gnu=yes
ac_cv_cxx_compiler_gnu=yes
ac_cv_env_CCC_set=
ac_cv_env_CCC_value=
ac_cv_env_CC_set=
ac_cv_env_CC_value=
ac_cv_env_CFLAGS_set=
ac_cv_env_CFLAGS_value=
ac_cv_env_CPPFLAGS_set=
ac_cv_env_CPPFLAGS_value=
ac_cv_env_CPP_set=
ac_cv_env_CPP_value=
ac_cv_env_CXXCPP_set=
ac_cv_env_CXXCPP_value=
ac_cv_env_CXXFLAGS_set=
ac_cv_env_CXXFLAGS_value=
ac_cv_env_CXX_set=
ac_cv_env_CXX_value=
ac_cv_env_LDFLAGS_set=
ac_cv_env_LDFLAGS_value=
ac_cv_env_LIBS_set=
ac_cv_env_LIBS_value=
ac_cv_env_XMKMF_set=
ac_cv_env_XMKMF_value=
ac_cv_env_build_alias_set=
ac_cv_env_build_alias_value=
ac_cv_env_host_alias_set=
ac_cv_env_host_alias_value=
ac_cv_env_target_alias_set=
ac_cv_env_target_alias_value=
ac_cv_func_argz_add=yes
ac_cv_func_argz_append=yes
ac_cv_func_argz_count=yes
ac_cv_func_argz_create_sep=yes
ac_cv_func_argz_insert=yes
ac_cv_func_argz_next=yes
ac_cv_func_argz_stringify=yes
ac_cv_func_closedir=yes
ac_cv_func_connect=yes
ac_cv_func_dlerror=yes
ac_cv_func_dlopen=no
ac_cv_func_gethostbyname=yes
ac_cv_func_opendir=yes
ac_cv_func_readdir=yes
ac_cv_func_remove=yes
ac_cv_func_shl_load=no
ac_cv_func_shmat=yes
ac_cv_func_strlcat=no
ac_cv_func_strlcpy=no
ac_cv_have_decl_lt_dlinterface_register=yes
ac_cv_have_x='have_x=yes	ac_x_includes='\'''\''	ac_x_libraries='\'''\'''
ac_cv_header_argz_h=yes
ac_cv_header_dirent_h=yes
ac_cv_header_dl_h=no
ac_cv_header_dld_h=no
ac_cv_header_dlfcn_h=yes
ac_cv_header_extractor_h=no
ac_cv_header_inttypes_h=yes
ac_cv_header_ltdl_h=yes
ac_cv_header_mach_o_dyld_h=no
ac_cv_header_memory_h=yes
ac_cv_header_stdc=yes
ac_cv_header_stdint_h=yes
ac_cv_header_stdlib_h=yes
ac_cv_header_string_h=yes
ac_cv_header_strings_h=yes
ac_cv_header_sys_dl_h=no
ac_cv_header_sys_stat_h=yes
ac_cv_header_sys_types_h=yes
ac_cv_header_sys_types_h_makedev=yes
ac_cv_header_unistd_h=yes
ac_cv_host=x86_64-unknown-linux-gnu
ac_cv_lib_ICE_IceConnectionNumber=yes
ac_cv_lib_dl_dlopen=yes
ac_cv_lib_dld_dld_link=no
ac_cv_lib_dld_shl_load=no
ac_cv_lib_ltdl_lt_dlinterface_register=yes
ac_cv_objext=o
ac_cv_path_EGREP='/bin/grep -E'
ac_cv_path_FGREP='/bin/grep -F'
ac_cv_path_GREP=/bin/grep
ac_cv_path_SED=/bin/sed
ac_cv_path_install='/usr/bin/install -c'
ac_cv_prog_AWK=gawk
ac_cv_prog_CPP='gcc -E'
ac_cv_prog_CXXCPP='g++ -E'
ac_cv_prog_QMAKE=qmake
ac_cv_prog_ac_ct_AR=ar
ac_cv_prog_ac_ct_CC=gcc
ac_cv_prog_ac_ct_CXX=g++
ac_cv_prog_ac_ct_RANLIB=ranlib
ac_cv_prog_ac_ct_STRIP=strip
ac_cv_prog_cc_c89=
ac_cv_prog_cc_g=yes
ac_cv_prog_cxx_g=yes
ac_cv_prog_make_make_set=yes
ac_cv_search_dlopen=-ldl
ac_cv_type_error_t=yes
am_cv_CC_dependencies_compiler_type=gcc3
am_cv_CXX_dependencies_compiler_type=gcc3
libltdl_cv_lib_dl_dlopen=yes
libltdl_cv_preloaded_symbols=yes
libltdl_cv_shlibext=.so
lt_cv_deplibs_check_method=pass_all
lt_cv_dlopen=dlopen
lt_cv_dlopen_libs=-ldl
lt_cv_dlopen_self=yes
lt_cv_dlopen_self_static=no
lt_cv_file_magic_cmd='$MAGIC_CMD'
lt_cv_file_magic_test_file=
lt_cv_ld_reload_flag=-r
lt_cv_module_path_var=LD_LIBRARY_PATH
lt_cv_nm_interface='BSD nm'
lt_cv_objdir=.libs
lt_cv_path_LD=/usr/bin/ld
lt_cv_path_LDCXX='/usr/bin/ld -m elf_x86_64'
lt_cv_path_NM='/usr/bin/nm -B'
lt_cv_prog_compiler_c_o=yes
lt_cv_prog_compiler_c_o_CXX=yes
lt_cv_prog_compiler_pic_works=yes
lt_cv_prog_compiler_pic_works_CXX=yes
lt_cv_prog_compiler_rtti_exceptions=no
lt_cv_prog_compiler_static_works=yes
lt_cv_prog_compiler_static_works_CXX=yes
lt_cv_prog_gnu_ld=yes
lt_cv_prog_gnu_ldcxx=yes
lt_cv_sys_argz_works=yes
lt_cv_sys_dlopen_deplibs=yes
lt_cv_sys_dlsearch_path='/lib /usr/lib /usr/lib/x86_64-linux-gnu/libfakeroot /usr/local/lib/x86_64-linux-gnu /lib/x86_64-linux-gnu /usr/lib/x86_64-linux-gnu '
lt_cv_sys_global_symbol_pipe='sed -n -e '\''s/^.*[	 ]\([ABCDGIRSTW][ABCDGIRSTW]*\)[	 ][	 ]*\([_A-Za-z][_A-Za-z0-9]*\)$/\1 \2 \2/p'\'''
lt_cv_sys_global_symbol_to_c_name_address='sed -n -e '\''s/^: \([^ ]*\) $/  {\"\1\", (void *) 0},/p'\'' -e '\''s/^[ABCDGIRSTW]* \([^ ]*\) \([^ ]*\)$/  {"\2", (void *) \&\2},/p'\'''
lt_cv_sys_global_symbol_to_c_name_address_lib_prefix='sed -n -e '\''s/^: \([^ ]*\) $/  {\"\1\", (void *) 0},/p'\'' -e '\''s/^[ABCDGIRSTW]* \([^ ]*\) \(lib[^ ]*\)$/  {"\2", (void *) \&\2},/p'\'' -e '\''s/^[ABCDGIRSTW]* \([^ ]*\) \([^ ]*\)$/  {"lib\2", (void *) \&\2},/p'\'''
lt_cv_sys_global_symbol_to_cdecl='sed -n -e '\''s/^T .* \(.*\)$/extern int \1();/p'\'' -e '\''s/^[ABCDGIRSTW]* .* \(.*\)$/extern char \1;/p'\'''
lt_cv_sys_max_cmd_len=1572864
lt_cv_sys_symbol_underscore=no

## ----------------- ##
## Output variables. ##
## ----------------- ##

ACLOCAL='${SHELL} /home/carolhanna/Security_Project/gnu_dataset/gnunet-qt-0.8.1/missing --run aclocal-1.8'
AMDEPBACKSLASH='\'
AMDEP_FALSE='#'
AMDEP_TRUE=''
AMTAR='${SHELL} /home/carolhanna/Security_Project/gnu_dataset/gnunet-qt-0.8.1/missing --run tar'
AR='ar'
ARGZ_H=''
AS='as'
AUTOCONF='${SHELL} /home/carolhanna/Security_Project/gnu_dataset/gnunet-qt-0.8.1/missing --run autoconf'
AUTOHEADER='${SHELL} /home/carolhanna/Security_Project/gnu_dataset/gnunet-qt-0.8.1/missing --run autoheader'
AUTOMAKE='${SHELL} /home/carolhanna/Security_Project/gnu_dataset/gnunet-qt-0.8.1/missing --run automake-1.8'
AWK='gawk'
CC='gcc'
CCDEPMODE='depmode=gcc3'
CFLAGS='-Wall -g -O2'
CONVENIENCE_LTDL_FALSE=''
CONVENIENCE_LTDL_TRUE='#'
CPP='gcc -E'
CPPFLAGS=''
CXX='g++'
CXXCPP='g++ -E'
CXXDEPMODE='depmode=gcc3'
CXXFLAGS='-g -O2'
CYGPATH_W='echo'
DEFS=''
DEPDIR='.deps'
DLLTOOL='dlltool'
DSYMUTIL=''
DUMPBIN=''
ECHO_C=''
ECHO_N='-n'
ECHO_T=''
EGREP='/bin/grep -E'
EXEEXT=''
FGREP='/bin/grep -F'
GREP='/bin/grep'
INCLTDL=''
INCLUDEPATH=''
INSTALL_DATA='${INSTALL} -m 644'
INSTALL_LTDL_FALSE='#'
INSTALL_LTDL_TRUE=''
INSTALL_PROGRAM='${INSTALL}'
INSTALL_SCRIPT='${INSTALL}'
INSTALL_STRIP_PROGRAM='${SHELL} $(install_sh) -c -s'
ISODATE='2020-08-30'
LD='/usr/bin/ld -m elf_x86_64'
LDFLAGS=''
LIBADD_DL='-ldl '
LIBADD_DLD_LINK=''
LIBADD_DLOPEN='-ldl'
LIBADD_SHL_LOAD=''
LIBLTDL='-lltdl'
LIBOBJS=''
LIBPATH=''
LIBS='-ldl '
LIBTOOL='$(SHELL) $(top_builddir)/libtool'
LN_S='ln -s'
LTDLDEPS=''
LTDLINCL=''
LTDLOPEN='libltdl'
LTLIBOBJS=''
LT_CONFIG_H=''
LT_DLLOADERS=' libltdl/dlopen.la'
LT_DLPREOPEN='-dlpreopen libltdl/dlopen.la '
MAKEINFO='${SHELL} /home/carolhanna/Security_Project/gnu_dataset/gnunet-qt-0.8.1/missing --run makeinfo'
MKDIR_P=''
NM='/usr/bin/nm -B'
NMEDIT=''
OBJDUMP='objdump'
OBJEXT='o'
PACKAGE='gnunet-qt'
PACKAGE_BUGREPORT='bug-gnunet@gnu.org'
PACKAGE_NAME='gnunet-qt'
PACKAGE_STRING='gnunet-qt 0.8.1'
PACKAGE_TARNAME='gnunet-qt'
PACKAGE_VERSION='0.8.1'
PATH_SEPARATOR=':'
QMAKE='qmake'
RANLIB='ranlib'
SED='/bin/sed'
SET_MAKE=''
SHELL='/bin/bash'
STRIP='strip'
VERSION='0.8.1'
XMKMF=''
X_CFLAGS=''
X_EXTRA_LIBS=''
X_LIBS=''
X_PRE_LIBS=' -lSM -lICE'
ac_ct_CC='gcc'
ac_ct_CXX='g++'
ac_ct_DUMPBIN=''
am__fastdepCC_FALSE='#'
am__fastdepCC_TRUE=''
am__fastdepCXX_FALSE='#'
am__fastdepCXX_TRUE=''
am__include='include'
am__leading_dot='.'
am__quote=''
bindir='${exec_prefix}/bin'
build='x86_64-unknown-linux-gnu'
build_alias=''
build_cpu='x86_64'
build_os='linux-gnu'
build_vendor='unknown'
datadir='${datarootdir}'
datarootdir='${prefix}/share'
docdir='${datarootdir}/doc/${PACKAGE_TARNAME}'
dvidir='${docdir}'
exec_prefix='NONE'
host='x86_64-unknown-linux-gnu'
host_alias=''
host_cpu='x86_64'
host_os='linux-gnu'
host_vendor='unknown'
htmldir='${docdir}'
includedir='${prefix}/include'
infodir='${datarootdir}/info'
install_sh='/home/carolhanna/Security_Project/gnu_dataset/gnunet-qt-0.8.1/install-sh'
libdir='${exec_prefix}/lib'
libexecdir='${exec_prefix}/libexec'
localedir='${datarootdir}/locale'
localstatedir='${prefix}/var'
lt_ECHO='echo'
ltdl_LIBOBJS=''
ltdl_LTLIBOBJS=''
mandir='${datarootdir}/man'
mkdir_p='mkdir -p -- .'
oldincludedir='/usr/include'
pdfdir='${docdir}'
prefix='NONE'
program_transform_name='s,x,x,'
psdir='${docdir}'
sbindir='${exec_prefix}/sbin'
sharedstatedir='${prefix}/com'
subdirs=' libltdl'
sys_symbol_underscore='no'
sysconfdir='${prefix}/etc'
target_alias=''

## ----------- ##
## confdefs.h. ##
## ----------- ##

#define PACKAGE_NAME "gnunet-qt"
#define PACKAGE_TARNAME "gnunet-qt"
#define PACKAGE_VERSION "0.8.1"
#define PACKAGE_STRING "gnunet-qt 0.8.1"
#define PACKAGE_BUGREPORT "bug-gnunet@gnu.org"
#define PACKAGE "gnunet-qt"
#define VERSION "0.8.1"
#define LINUX 1
#define STDC_HEADERS 1
#define HAVE_SYS_TYPES_H 1
#define HAVE_SYS_STAT_H 1
#define HAVE_STDLIB_H 1
#define HAVE_STRING_H 1
#define HAVE_MEMORY_H 1
#define HAVE_STRINGS_H 1
#define HAVE_INTTYPES_H 1
#define HAVE_STDINT_H 1
#define HAVE_UNISTD_H 1
#define HAVE_DLFCN_H 1
#define LT_OBJDIR ".libs/"
#define LT_MODULE_EXT ".so"
#define LT_MODULE_PATH_VAR "LD_LIBRARY_PATH"
#define LT_DLSEARCH_PATH "/lib:/usr/lib:/usr/lib/x86_64-linux-gnu/libfakeroot:/usr/local/lib/x86_64-linux-gnu:/lib/x86_64-linux-gnu:/usr/lib/x86_64-linux-gnu"
#define HAVE_LIBDL 1
#define HAVE_DLERROR 1
#define HAVE_LIBDLLOADER 1
#define HAVE_ARGZ_H 1
#define HAVE_ERROR_T 1
#define HAVE_ARGZ_ADD 1
#define HAVE_ARGZ_APPEND 1
#define HAVE_ARGZ_COUNT 1
#define HAVE_ARGZ_CREATE_SEP 1
#define HAVE_ARGZ_INSERT 1
#define HAVE_ARGZ_NEXT 1
#define HAVE_ARGZ_STRINGIFY 1
#define HAVE_WORKING_ARGZ 1
#define HAVE_PRELOADED_SYMBOLS 1
#define HAVE_LTDL 1
#define LTDL_DLOPEN_SELF_WORKS 1
#define HAVE_UNISTD_H 1
#define HAVE_DIRENT_H 1
#define HAVE_CLOSEDIR 1
#define HAVE_OPENDIR 1
#define HAVE_READDIR 1

configure: exit 1
