This file contains any messages produced by compilers while
running configure, to aid debugging if configure makes a mistake.

It was created by GNU GNATS configure 4.2.0, which was
generated by GNU Autoconf 2.69.  Invocation command line was

  $ ./configure 

## --------- ##
## Platform. ##
## --------- ##

hostname = rishon
uname -m = x86_64
uname -r = 4.15.0-72-generic
uname -s = Linux
uname -v = #81-Ubuntu SMP Tue Nov 26 12:20:02 UTC 2019

/usr/bin/uname -p = unknown
/bin/uname -X     = unknown

/bin/arch              = unknown
/usr/bin/arch -k       = unknown
/usr/convex/getsysinfo = unknown
/usr/bin/hostinfo      = unknown
/bin/machine           = unknown
/usr/bin/oslevel       = unknown
/bin/universe          = unknown

PATH: /home/carolhanna/miniconda3/bin
PATH: /home/carolhanna/miniconda3/condabin
PATH: /usr/local/sbin
PATH: /usr/local/bin
PATH: /usr/sbin
PATH: /usr/bin
PATH: /sbin
PATH: /bin
PATH: /usr/games
PATH: /usr/local/games
PATH: /snap/bin


## ----------- ##
## Core tests. ##
## ----------- ##

configure:2399: checking for a BSD-compatible install
configure:2467: result: /usr/bin/install -c
configure:2478: checking whether build environment is sane
configure:2533: result: yes
configure:2684: checking for a thread-safe mkdir -p
configure:2723: result: /bin/mkdir -p
configure:2730: checking for gawk
configure:2746: found /usr/bin/gawk
configure:2757: result: gawk
configure:2768: checking whether make sets $(MAKE)
configure:2790: result: yes
configure:2819: checking whether make supports nested variables
configure:2836: result: yes
configure:2970: checking build system type
configure:2984: result: x86_64-unknown-linux-gnu
configure:3004: checking host system type
configure:3017: result: x86_64-unknown-linux-gnu
configure:3045: checking for emacs
configure:3075: result: no
configure:3045: checking for xemacs
configure:3075: result: no
configure:3096: checking where .elc files should go
configure:3125: result: ${datadir}/emacs/site-lisp
configure:3157: checking for style of include used by make
configure:3185: result: GNU
configure:3256: checking for gcc
configure:3272: found /usr/bin/gcc
configure:3283: result: gcc
configure:3512: checking for C compiler version
configure:3521: gcc --version >&5
gcc (Ubuntu 7.5.0-3ubuntu1~18.04) 7.5.0
Copyright (C) 2017 Free Software Foundation, Inc.
This is free software; see the source for copying conditions.  There is NO
warranty; not even for MERCHANTABILITY or FITNESS FOR A PARTICULAR PURPOSE.

configure:3532: $? = 0
configure:3521: gcc -v >&5
Using built-in specs.
COLLECT_GCC=gcc
COLLECT_LTO_WRAPPER=/usr/lib/gcc/x86_64-linux-gnu/7/lto-wrapper
OFFLOAD_TARGET_NAMES=nvptx-none
OFFLOAD_TARGET_DEFAULT=1
Target: x86_64-linux-gnu
Configured with: ../src/configure -v --with-pkgversion='Ubuntu 7.5.0-3ubuntu1~18.04' --with-bugurl=file:///usr/share/doc/gcc-7/README.Bugs --enable-languages=c,ada,c++,go,brig,d,fortran,objc,obj-c++ --prefix=/usr --with-gcc-major-version-only --program-suffix=-7 --program-prefix=x86_64-linux-gnu- --enable-shared --enable-linker-build-id --libexecdir=/usr/lib --without-included-gettext --enable-threads=posix --libdir=/usr/lib --enable-nls --enable-bootstrap --enable-clocale=gnu --enable-libstdcxx-debug --enable-libstdcxx-time=yes --with-default-libstdcxx-abi=new --enable-gnu-unique-object --disable-vtable-verify --enable-libmpx --enable-plugin --enable-default-pie --with-system-zlib --with-target-system-zlib --enable-objc-gc=auto --enable-multiarch --disable-werror --with-arch-32=i686 --with-abi=m64 --with-multilib-list=m32,m64,mx32 --enable-multilib --with-tune=generic --enable-offload-targets=nvptx-none --without-cuda-driver --enable-checking=release --build=x86_64-linux-gnu --host=x86_64-linux-gnu --target=x86_64-linux-gnu
Thread model: posix
gcc version 7.5.0 (Ubuntu 7.5.0-3ubuntu1~18.04) 
configure:3532: $? = 0
configure:3521: gcc -V >&5
gcc: error: unrecognized command line option '-V'
gcc: fatal error: no input files
compilation terminated.
configure:3532: $? = 1
configure:3521: gcc -qversion >&5
gcc: error: unrecognized command line option '-qversion'; did you mean '--version'?
gcc: fatal error: no input files
compilation terminated.
configure:3532: $? = 1
configure:3552: checking whether the C compiler works
configure:3574: gcc    conftest.c  >&5
configure:3578: $? = 0
configure:3626: result: yes
configure:3629: checking for C compiler default output file name
configure:3631: result: a.out
configure:3637: checking for suffix of executables
configure:3644: gcc -o conftest    conftest.c  >&5
configure:3648: $? = 0
configure:3670: result: 
configure:3692: checking whether we are cross compiling
configure:3700: gcc -o conftest    conftest.c  >&5
configure:3704: $? = 0
configure:3711: ./conftest
configure:3715: $? = 0
configure:3730: result: no
configure:3735: checking for suffix of object files
configure:3757: gcc -c   conftest.c >&5
configure:3761: $? = 0
configure:3782: result: o
configure:3786: checking whether we are using the GNU C compiler
configure:3805: gcc -c   conftest.c >&5
configure:3805: $? = 0
configure:3814: result: yes
configure:3823: checking whether gcc accepts -g
configure:3843: gcc -c -g  conftest.c >&5
configure:3843: $? = 0
configure:3884: result: yes
configure:3901: checking for gcc option to accept ISO C89
configure:3964: gcc  -c -g -O2  conftest.c >&5
configure:3964: $? = 0
configure:3977: result: none needed
configure:4002: checking whether gcc understands -c and -o together
configure:4024: gcc -c conftest.c -o conftest2.o
configure:4027: $? = 0
configure:4024: gcc -c conftest.c -o conftest2.o
configure:4027: $? = 0
configure:4039: result: yes
configure:4058: checking dependency style of gcc
configure:4169: result: gcc3
configure:4190: checking how to run the C preprocessor
configure:4221: gcc -E  conftest.c
configure:4221: $? = 0
configure:4235: gcc -E  conftest.c
conftest.c:11:10: fatal error: ac_nonexistent.h: No such file or directory
 #include <ac_nonexistent.h>
          ^~~~~~~~~~~~~~~~~~
compilation terminated.
configure:4235: $? = 1
configure: failed program was:
| /* confdefs.h */
| #define PACKAGE_NAME "GNU GNATS"
| #define PACKAGE_TARNAME "gnats"
| #define PACKAGE_VERSION "4.2.0"
| #define PACKAGE_STRING "GNU GNATS 4.2.0"
| #define PACKAGE_BUGREPORT "bug-gnats@gnu.org"
| #define PACKAGE_URL "http://www.gnu.org/software/gnats/"
| #define PACKAGE "gnats"
| #define VERSION "4.2.0"
| /* end confdefs.h.  */
| #include <ac_nonexistent.h>
configure:4260: result: gcc -E
configure:4280: gcc -E  conftest.c
configure:4280: $? = 0
configure:4294: gcc -E  conftest.c
conftest.c:11:10: fatal error: ac_nonexistent.h: No such file or directory
 #include <ac_nonexistent.h>
          ^~~~~~~~~~~~~~~~~~
compilation terminated.
configure:4294: $? = 1
configure: failed program was:
| /* confdefs.h */
| #define PACKAGE_NAME "GNU GNATS"
| #define PACKAGE_TARNAME "gnats"
| #define PACKAGE_VERSION "4.2.0"
| #define PACKAGE_STRING "GNU GNATS 4.2.0"
| #define PACKAGE_BUGREPORT "bug-gnats@gnu.org"
| #define PACKAGE_URL "http://www.gnu.org/software/gnats/"
| #define PACKAGE "gnats"
| #define VERSION "4.2.0"
| /* end confdefs.h.  */
| #include <ac_nonexistent.h>
configure:4323: checking for grep that handles long lines and -e
configure:4381: result: /bin/grep
configure:4386: checking for egrep
configure:4448: result: /bin/grep -E
configure:4453: checking for ANSI C header files
configure:4473: gcc -c -g -O2  conftest.c >&5
configure:4473: $? = 0
configure:4546: gcc -o conftest -g -O2   conftest.c  >&5
configure:4546: $? = 0
configure:4546: ./conftest
configure:4546: $? = 0
configure:4557: result: yes
configure:4570: checking for sys/types.h
configure:4570: gcc -c -g -O2  conftest.c >&5
configure:4570: $? = 0
configure:4570: result: yes
configure:4570: checking for sys/stat.h
configure:4570: gcc -c -g -O2  conftest.c >&5
configure:4570: $? = 0
configure:4570: result: yes
configure:4570: checking for stdlib.h
configure:4570: gcc -c -g -O2  conftest.c >&5
configure:4570: $? = 0
configure:4570: result: yes
configure:4570: checking for string.h
configure:4570: gcc -c -g -O2  conftest.c >&5
configure:4570: $? = 0
configure:4570: result: yes
configure:4570: checking for memory.h
configure:4570: gcc -c -g -O2  conftest.c >&5
configure:4570: $? = 0
configure:4570: result: yes
configure:4570: checking for strings.h
configure:4570: gcc -c -g -O2  conftest.c >&5
configure:4570: $? = 0
configure:4570: result: yes
configure:4570: checking for inttypes.h
configure:4570: gcc -c -g -O2  conftest.c >&5
configure:4570: $? = 0
configure:4570: result: yes
configure:4570: checking for stdint.h
configure:4570: gcc -c -g -O2  conftest.c >&5
configure:4570: $? = 0
configure:4570: result: yes
configure:4570: checking for unistd.h
configure:4570: gcc -c -g -O2  conftest.c >&5
configure:4570: $? = 0
configure:4570: result: yes
configure:4583: checking minix/config.h usability
configure:4583: gcc -c -g -O2  conftest.c >&5
conftest.c:54:10: fatal error: minix/config.h: No such file or directory
 #include <minix/config.h>
          ^~~~~~~~~~~~~~~~
compilation terminated.
configure:4583: $? = 1
configure: failed program was:
| /* confdefs.h */
| #define PACKAGE_NAME "GNU GNATS"
| #define PACKAGE_TARNAME "gnats"
| #define PACKAGE_VERSION "4.2.0"
| #define PACKAGE_STRING "GNU GNATS 4.2.0"
| #define PACKAGE_BUGREPORT "bug-gnats@gnu.org"
| #define PACKAGE_URL "http://www.gnu.org/software/gnats/"
| #define PACKAGE "gnats"
| #define VERSION "4.2.0"
| #define STDC_HEADERS 1
| #define HAVE_SYS_TYPES_H 1
| #define HAVE_SYS_STAT_H 1
| #define HAVE_STDLIB_H 1
| #define HAVE_STRING_H 1
| #define HAVE_MEMORY_H 1
| #define HAVE_STRINGS_H 1
| #define HAVE_INTTYPES_H 1
| #define HAVE_STDINT_H 1
| #define HAVE_UNISTD_H 1
| /* end confdefs.h.  */
| #include <stdio.h>
| #ifdef HAVE_SYS_TYPES_H
| # include <sys/types.h>
| #endif
| #ifdef HAVE_SYS_STAT_H
| # include <sys/stat.h>
| #endif
| #ifdef STDC_HEADERS
| # include <stdlib.h>
| # include <stddef.h>
| #else
| # ifdef HAVE_STDLIB_H
| #  include <stdlib.h>
| # endif
| #endif
| #ifdef HAVE_STRING_H
| # if !defined STDC_HEADERS && defined HAVE_MEMORY_H
| #  include <memory.h>
| # endif
| # include <string.h>
| #endif
| #ifdef HAVE_STRINGS_H
| # include <strings.h>
| #endif
| #ifdef HAVE_INTTYPES_H
| # include <inttypes.h>
| #endif
| #ifdef HAVE_STDINT_H
| # include <stdint.h>
| #endif
| #ifdef HAVE_UNISTD_H
| # include <unistd.h>
| #endif
| #include <minix/config.h>
configure:4583: result: no
configure:4583: checking minix/config.h presence
configure:4583: gcc -E  conftest.c
conftest.c:21:10: fatal error: minix/config.h: No such file or directory
 #include <minix/config.h>
          ^~~~~~~~~~~~~~~~
compilation terminated.
configure:4583: $? = 1
configure: failed program was:
| /* confdefs.h */
| #define PACKAGE_NAME "GNU GNATS"
| #define PACKAGE_TARNAME "gnats"
| #define PACKAGE_VERSION "4.2.0"
| #define PACKAGE_STRING "GNU GNATS 4.2.0"
| #define PACKAGE_BUGREPORT "bug-gnats@gnu.org"
| #define PACKAGE_URL "http://www.gnu.org/software/gnats/"
| #define PACKAGE "gnats"
| #define VERSION "4.2.0"
| #define STDC_HEADERS 1
| #define HAVE_SYS_TYPES_H 1
| #define HAVE_SYS_STAT_H 1
| #define HAVE_STDLIB_H 1
| #define HAVE_STRING_H 1
| #define HAVE_MEMORY_H 1
| #define HAVE_STRINGS_H 1
| #define HAVE_INTTYPES_H 1
| #define HAVE_STDINT_H 1
| #define HAVE_UNISTD_H 1
| /* end confdefs.h.  */
| #include <minix/config.h>
configure:4583: result: no
configure:4583: checking for minix/config.h
configure:4583: result: no
configure:4604: checking whether it is safe to define __EXTENSIONS__
configure:4622: gcc -c -g -O2  conftest.c >&5
configure:4622: $? = 0
configure:4629: result: yes
configure:4984: checking for --enable-gnats-service
configure:4991: result: support
configure:4999: checking for --enable-gnats-user
configure:5006: result: gnats
configure:5014: checking for --enable-gnatsd-user-access-file
configure:5021: result: ${prefix}/etc/gnats/gnatsd.user_access
configure:5024: checking for --enable-gnatsd-host-access-file
configure:5031: result: ${prefix}/etc/gnats/gnatsd.host_access
configure:5034: checking for --enable-gnats-dblist-file
configure:5041: result: ${prefix}/etc/gnats/databases
configure:5044: checking for --enable-gnats-default-db
configure:5051: result: ${prefix}/com/gnats/gnatsdb
configure:5054: checking for --enable-submitter
configure:5061: result: unknown
configure:5064: checking for --enable-organization
configure:5071: result: unknown
configure:5075: checking for --enable-ds-type
configure:5085: result: no
configure:5239: checking for gcc
configure:5266: result: gcc
configure:5495: checking for C compiler version
configure:5504: gcc --version >&5
gcc (Ubuntu 7.5.0-3ubuntu1~18.04) 7.5.0
Copyright (C) 2017 Free Software Foundation, Inc.
This is free software; see the source for copying conditions.  There is NO
warranty; not even for MERCHANTABILITY or FITNESS FOR A PARTICULAR PURPOSE.

configure:5515: $? = 0
configure:5504: gcc -v >&5
Using built-in specs.
COLLECT_GCC=gcc
COLLECT_LTO_WRAPPER=/usr/lib/gcc/x86_64-linux-gnu/7/lto-wrapper
OFFLOAD_TARGET_NAMES=nvptx-none
OFFLOAD_TARGET_DEFAULT=1
Target: x86_64-linux-gnu
Configured with: ../src/configure -v --with-pkgversion='Ubuntu 7.5.0-3ubuntu1~18.04' --with-bugurl=file:///usr/share/doc/gcc-7/README.Bugs --enable-languages=c,ada,c++,go,brig,d,fortran,objc,obj-c++ --prefix=/usr --with-gcc-major-version-only --program-suffix=-7 --program-prefix=x86_64-linux-gnu- --enable-shared --enable-linker-build-id --libexecdir=/usr/lib --without-included-gettext --enable-threads=posix --libdir=/usr/lib --enable-nls --enable-bootstrap --enable-clocale=gnu --enable-libstdcxx-debug --enable-libstdcxx-time=yes --with-default-libstdcxx-abi=new --enable-gnu-unique-object --disable-vtable-verify --enable-libmpx --enable-plugin --enable-default-pie --with-system-zlib --with-target-system-zlib --enable-objc-gc=auto --enable-multiarch --disable-werror --with-arch-32=i686 --with-abi=m64 --with-multilib-list=m32,m64,mx32 --enable-multilib --with-tune=generic --enable-offload-targets=nvptx-none --without-cuda-driver --enable-checking=release --build=x86_64-linux-gnu --host=x86_64-linux-gnu --target=x86_64-linux-gnu
Thread model: posix
gcc version 7.5.0 (Ubuntu 7.5.0-3ubuntu1~18.04) 
configure:5515: $? = 0
configure:5504: gcc -V >&5
gcc: error: unrecognized command line option '-V'
gcc: fatal error: no input files
compilation terminated.
configure:5515: $? = 1
configure:5504: gcc -qversion >&5
gcc: error: unrecognized command line option '-qversion'; did you mean '--version'?
gcc: fatal error: no input files
compilation terminated.
configure:5515: $? = 1
configure:5519: checking whether we are using the GNU C compiler
configure:5547: result: yes
configure:5556: checking whether gcc accepts -g
configure:5617: result: yes
configure:5634: checking for gcc option to accept ISO C89
configure:5710: result: none needed
configure:5735: checking whether gcc understands -c and -o together
configure:5772: result: yes
configure:5791: checking dependency style of gcc
configure:5902: result: gcc3
configure:5922: checking how to run the C preprocessor
configure:5992: result: gcc -E
configure:6012: gcc -E  conftest.c
configure:6012: $? = 0
configure:6026: gcc -E  conftest.c
conftest.c:29:10: fatal error: ac_nonexistent.h: No such file or directory
 #include <ac_nonexistent.h>
          ^~~~~~~~~~~~~~~~~~
compilation terminated.
configure:6026: $? = 1
configure: failed program was:
| /* confdefs.h */
| #define PACKAGE_NAME "GNU GNATS"
| #define PACKAGE_TARNAME "gnats"
| #define PACKAGE_VERSION "4.2.0"
| #define PACKAGE_STRING "GNU GNATS 4.2.0"
| #define PACKAGE_BUGREPORT "bug-gnats@gnu.org"
| #define PACKAGE_URL "http://www.gnu.org/software/gnats/"
| #define PACKAGE "gnats"
| #define VERSION "4.2.0"
| #define STDC_HEADERS 1
| #define HAVE_SYS_TYPES_H 1
| #define HAVE_SYS_STAT_H 1
| #define HAVE_STDLIB_H 1
| #define HAVE_STRING_H 1
| #define HAVE_MEMORY_H 1
| #define HAVE_STRINGS_H 1
| #define HAVE_INTTYPES_H 1
| #define HAVE_STDINT_H 1
| #define HAVE_UNISTD_H 1
| #define __EXTENSIONS__ 1
| #define _ALL_SOURCE 1
| #define _GNU_SOURCE 1
| #define _POSIX_PTHREAD_SEMANTICS 1
| #define _TANDEM_SOURCE 1
| #define GNATS_SERVICE "support"
| #define GNATS_USER "gnats"
| #define DS_FILE 1
| /* end confdefs.h.  */
| #include <ac_nonexistent.h>
configure:6098: checking for ranlib
configure:6114: found /usr/bin/ranlib
configure:6125: result: ranlib
configure:6151: checking for bison
configure:6181: result: no
configure:6151: checking for byacc
configure:6181: result: no
configure:6194: checking for flex
configure:6224: result: no
configure:6194: checking for lex
configure:6224: result: no
configure:6362: checking for gm4
configure:6395: result: no
configure:6362: checking for gnum4
configure:6395: result: no
configure:6362: checking for m4
configure:6380: found /usr/bin/m4
configure:6392: result: /usr/bin/m4
configure:6408: checking for gawk
configure:6435: result: gawk
configure:6465: checking for mktemp
configure:6481: found /bin/mktemp
configure:6493: result: yes
configure:6688: checking whether C compiler accepts -fno-unit-at-a-time
configure:6707: gcc -c -g -O2 -Werror -fno-unit-at-a-time  conftest.c >&5
configure:6707: $? = 0
configure:6715: result: yes
configure:6727: checking whether C compiler accepts -Wextra
configure:6746: gcc -c -g -O2 -fno-unit-at-a-time  -Wextra  conftest.c >&5
configure:6746: $? = 0
configure:6754: result: yes
configure:6763: checking whether C compiler accepts -Wpedantic
configure:6782: gcc -c -g -O2 -fno-unit-at-a-time -Werror -Wpedantic  conftest.c >&5
configure:6782: $? = 0
configure:6790: result: yes
configure:6801: checking getopt.h usability
configure:6801: gcc -c -g -O2 -fno-unit-at-a-time  conftest.c >&5
configure:6801: $? = 0
configure:6801: result: yes
configure:6801: checking getopt.h presence
configure:6801: gcc -E  conftest.c
configure:6801: $? = 0
configure:6801: result: yes
configure:6801: checking for getopt.h
configure:6801: result: yes
configure:6806: checking whether C compiler accepts -Wwrite-strings
configure:6829: gcc -c -g -O2 -fno-unit-at-a-time -Werror -Wwrite-strings  conftest.c >&5
configure:6829: $? = 0
configure:6837: result: yes
configure:6855: checking for main in -lintl
configure:6874: gcc -o conftest -g -O2 -fno-unit-at-a-time   conftest.c -lintl   >&5
/usr/bin/ld: cannot find -lintl
collect2: error: ld returned 1 exit status
configure:6874: $? = 1
configure: failed program was:
| /* confdefs.h */
| #define PACKAGE_NAME "GNU GNATS"
| #define PACKAGE_TARNAME "gnats"
| #define PACKAGE_VERSION "4.2.0"
| #define PACKAGE_STRING "GNU GNATS 4.2.0"
| #define PACKAGE_BUGREPORT "bug-gnats@gnu.org"
| #define PACKAGE_URL "http://www.gnu.org/software/gnats/"
| #define PACKAGE "gnats"
| #define VERSION "4.2.0"
| #define STDC_HEADERS 1
| #define HAVE_SYS_TYPES_H 1
| #define HAVE_SYS_STAT_H 1
| #define HAVE_STDLIB_H 1
| #define HAVE_STRING_H 1
| #define HAVE_MEMORY_H 1
| #define HAVE_STRINGS_H 1
| #define HAVE_INTTYPES_H 1
| #define HAVE_STDINT_H 1
| #define HAVE_UNISTD_H 1
| #define __EXTENSIONS__ 1
| #define _ALL_SOURCE 1
| #define _GNU_SOURCE 1
| #define _POSIX_PTHREAD_SEMANTICS 1
| #define _TANDEM_SOURCE 1
| #define GNATS_SERVICE "support"
| #define GNATS_USER "gnats"
| #define DS_FILE 1
| #define HAVE_GETOPT_H 1
| /* end confdefs.h.  */
| 
| 
| int
| main ()
| {
| return main ();
|   ;
|   return 0;
| }
configure:6883: result: no
configure:6895: checking for connect
configure:6895: gcc -o conftest -g -O2 -fno-unit-at-a-time   conftest.c  >&5
configure:6895: $? = 0
configure:6895: result: yes
configure:6982: checking for main in -linet
configure:7001: gcc -o conftest -g -O2 -fno-unit-at-a-time   conftest.c -linet   >&5
/usr/bin/ld: cannot find -linet
collect2: error: ld returned 1 exit status
configure:7001: $? = 1
configure: failed program was:
| /* confdefs.h */
| #define PACKAGE_NAME "GNU GNATS"
| #define PACKAGE_TARNAME "gnats"
| #define PACKAGE_VERSION "4.2.0"
| #define PACKAGE_STRING "GNU GNATS 4.2.0"
| #define PACKAGE_BUGREPORT "bug-gnats@gnu.org"
| #define PACKAGE_URL "http://www.gnu.org/software/gnats/"
| #define PACKAGE "gnats"
| #define VERSION "4.2.0"
| #define STDC_HEADERS 1
| #define HAVE_SYS_TYPES_H 1
| #define HAVE_SYS_STAT_H 1
| #define HAVE_STDLIB_H 1
| #define HAVE_STRING_H 1
| #define HAVE_MEMORY_H 1
| #define HAVE_STRINGS_H 1
| #define HAVE_INTTYPES_H 1
| #define HAVE_STDINT_H 1
| #define HAVE_UNISTD_H 1
| #define __EXTENSIONS__ 1
| #define _ALL_SOURCE 1
| #define _GNU_SOURCE 1
| #define _POSIX_PTHREAD_SEMANTICS 1
| #define _TANDEM_SOURCE 1
| #define GNATS_SERVICE "support"
| #define GNATS_USER "gnats"
| #define DS_FILE 1
| #define HAVE_GETOPT_H 1
| /* end confdefs.h.  */
| 
| 
| int
| main ()
| {
| return main ();
|   ;
|   return 0;
| }
configure:7010: result: no
configure:7022: checking for main in -lmalloc
configure:7041: gcc -o conftest -g -O2 -fno-unit-at-a-time   conftest.c -lmalloc   >&5
/usr/bin/ld: cannot find -lmalloc
collect2: error: ld returned 1 exit status
configure:7041: $? = 1
configure: failed program was:
| /* confdefs.h */
| #define PACKAGE_NAME "GNU GNATS"
| #define PACKAGE_TARNAME "gnats"
| #define PACKAGE_VERSION "4.2.0"
| #define PACKAGE_STRING "GNU GNATS 4.2.0"
| #define PACKAGE_BUGREPORT "bug-gnats@gnu.org"
| #define PACKAGE_URL "http://www.gnu.org/software/gnats/"
| #define PACKAGE "gnats"
| #define VERSION "4.2.0"
| #define STDC_HEADERS 1
| #define HAVE_SYS_TYPES_H 1
| #define HAVE_SYS_STAT_H 1
| #define HAVE_STDLIB_H 1
| #define HAVE_STRING_H 1
| #define HAVE_MEMORY_H 1
| #define HAVE_STRINGS_H 1
| #define HAVE_INTTYPES_H 1
| #define HAVE_STDINT_H 1
| #define HAVE_UNISTD_H 1
| #define __EXTENSIONS__ 1
| #define _ALL_SOURCE 1
| #define _GNU_SOURCE 1
| #define _POSIX_PTHREAD_SEMANTICS 1
| #define _TANDEM_SOURCE 1
| #define GNATS_SERVICE "support"
| #define GNATS_USER "gnats"
| #define DS_FILE 1
| #define HAVE_GETOPT_H 1
| /* end confdefs.h.  */
| 
| 
| int
| main ()
| {
| return main ();
|   ;
|   return 0;
| }
configure:7050: result: no
configure:7062: checking for main in -lgen
configure:7081: gcc -o conftest -g -O2 -fno-unit-at-a-time   conftest.c -lgen   >&5
/usr/bin/ld: cannot find -lgen
collect2: error: ld returned 1 exit status
configure:7081: $? = 1
configure: failed program was:
| /* confdefs.h */
| #define PACKAGE_NAME "GNU GNATS"
| #define PACKAGE_TARNAME "gnats"
| #define PACKAGE_VERSION "4.2.0"
| #define PACKAGE_STRING "GNU GNATS 4.2.0"
| #define PACKAGE_BUGREPORT "bug-gnats@gnu.org"
| #define PACKAGE_URL "http://www.gnu.org/software/gnats/"
| #define PACKAGE "gnats"
| #define VERSION "4.2.0"
| #define STDC_HEADERS 1
| #define HAVE_SYS_TYPES_H 1
| #define HAVE_SYS_STAT_H 1
| #define HAVE_STDLIB_H 1
| #define HAVE_STRING_H 1
| #define HAVE_MEMORY_H 1
| #define HAVE_STRINGS_H 1
| #define HAVE_INTTYPES_H 1
| #define HAVE_STDINT_H 1
| #define HAVE_UNISTD_H 1
| #define __EXTENSIONS__ 1
| #define _ALL_SOURCE 1
| #define _GNU_SOURCE 1
| #define _POSIX_PTHREAD_SEMANTICS 1
| #define _TANDEM_SOURCE 1
| #define GNATS_SERVICE "support"
| #define GNATS_USER "gnats"
| #define DS_FILE 1
| #define HAVE_GETOPT_H 1
| /* end confdefs.h.  */
| 
| 
| int
| main ()
| {
| return main ();
|   ;
|   return 0;
| }
configure:7090: result: no
configure:7102: checking for crypt in -lcrypt
configure:7127: gcc -o conftest -g -O2 -fno-unit-at-a-time   conftest.c -lcrypt   >&5
configure:7127: $? = 0
configure:7136: result: yes
configure:7234: checking for ANSI C header files
configure:7338: result: yes
configure:7350: checking crypt.h usability
configure:7350: gcc -c -g -O2 -fno-unit-at-a-time  conftest.c >&5
configure:7350: $? = 0
configure:7350: result: yes
configure:7350: checking crypt.h presence
configure:7350: gcc -E  conftest.c
configure:7350: $? = 0
configure:7350: result: yes
configure:7350: checking for crypt.h
configure:7350: result: yes
configure:7350: checking fcntl.h usability
configure:7350: gcc -c -g -O2 -fno-unit-at-a-time  conftest.c >&5
configure:7350: $? = 0
configure:7350: result: yes
configure:7350: checking fcntl.h presence
configure:7350: gcc -E  conftest.c
configure:7350: $? = 0
configure:7350: result: yes
configure:7350: checking for fcntl.h
configure:7350: result: yes
configure:7350: checking libgen.h usability
configure:7350: gcc -c -g -O2 -fno-unit-at-a-time  conftest.c >&5
configure:7350: $? = 0
configure:7350: result: yes
configure:7350: checking libgen.h presence
configure:7350: gcc -E  conftest.c
configure:7350: $? = 0
configure:7350: result: yes
configure:7350: checking for libgen.h
configure:7350: result: yes
configure:7350: checking limits.h usability
configure:7350: gcc -c -g -O2 -fno-unit-at-a-time  conftest.c >&5
configure:7350: $? = 0
configure:7350: result: yes
configure:7350: checking limits.h presence
configure:7350: gcc -E  conftest.c
configure:7350: $? = 0
configure:7350: result: yes
configure:7350: checking for limits.h
configure:7350: result: yes
configure:7350: checking for memory.h
configure:7350: result: yes
configure:7350: checking netdb.h usability
configure:7350: gcc -c -g -O2 -fno-unit-at-a-time  conftest.c >&5
configure:7350: $? = 0
configure:7350: result: yes
configure:7350: checking netdb.h presence
configure:7350: gcc -E  conftest.c
configure:7350: $? = 0
configure:7350: result: yes
configure:7350: checking for netdb.h
configure:7350: result: yes
configure:7350: checking for string.h
configure:7350: result: yes
configure:7350: checking syslog.h usability
configure:7350: gcc -c -g -O2 -fno-unit-at-a-time  conftest.c >&5
configure:7350: $? = 0
configure:7350: result: yes
configure:7350: checking syslog.h presence
configure:7350: gcc -E  conftest.c
configure:7350: $? = 0
configure:7350: result: yes
configure:7350: checking for syslog.h
configure:7350: result: yes
configure:7350: checking for unistd.h
configure:7350: result: yes
configure:7350: checking machine/endian.h usability
configure:7350: gcc -c -g -O2 -fno-unit-at-a-time  conftest.c >&5
conftest.c:74:10: fatal error: machine/endian.h: No such file or directory
 #include <machine/endian.h>
          ^~~~~~~~~~~~~~~~~~
compilation terminated.
configure:7350: $? = 1
configure: failed program was:
| /* confdefs.h */
| #define PACKAGE_NAME "GNU GNATS"
| #define PACKAGE_TARNAME "gnats"
| #define PACKAGE_VERSION "4.2.0"
| #define PACKAGE_STRING "GNU GNATS 4.2.0"
| #define PACKAGE_BUGREPORT "bug-gnats@gnu.org"
| #define PACKAGE_URL "http://www.gnu.org/software/gnats/"
| #define PACKAGE "gnats"
| #define VERSION "4.2.0"
| #define STDC_HEADERS 1
| #define HAVE_SYS_TYPES_H 1
| #define HAVE_SYS_STAT_H 1
| #define HAVE_STDLIB_H 1
| #define HAVE_STRING_H 1
| #define HAVE_MEMORY_H 1
| #define HAVE_STRINGS_H 1
| #define HAVE_INTTYPES_H 1
| #define HAVE_STDINT_H 1
| #define HAVE_UNISTD_H 1
| #define __EXTENSIONS__ 1
| #define _ALL_SOURCE 1
| #define _GNU_SOURCE 1
| #define _POSIX_PTHREAD_SEMANTICS 1
| #define _TANDEM_SOURCE 1
| #define GNATS_SERVICE "support"
| #define GNATS_USER "gnats"
| #define DS_FILE 1
| #define HAVE_GETOPT_H 1
| #define HAVE_LIBCRYPT 1
| #define STDC_HEADERS 1
| #define HAVE_CRYPT_H 1
| #define HAVE_FCNTL_H 1
| #define HAVE_LIBGEN_H 1
| #define HAVE_LIMITS_H 1
| #define HAVE_MEMORY_H 1
| #define HAVE_NETDB_H 1
| #define HAVE_STRING_H 1
| #define HAVE_SYSLOG_H 1
| #define HAVE_UNISTD_H 1
| /* end confdefs.h.  */
| #include <stdio.h>
| #ifdef HAVE_SYS_TYPES_H
| # include <sys/types.h>
| #endif
| #ifdef HAVE_SYS_STAT_H
| # include <sys/stat.h>
| #endif
| #ifdef STDC_HEADERS
| # include <stdlib.h>
| # include <stddef.h>
| #else
| # ifdef HAVE_STDLIB_H
| #  include <stdlib.h>
| # endif
| #endif
| #ifdef HAVE_STRING_H
| # if !defined STDC_HEADERS && defined HAVE_MEMORY_H
| #  include <memory.h>
| # endif
| # include <string.h>
| #endif
| #ifdef HAVE_STRINGS_H
| # include <strings.h>
| #endif
| #ifdef HAVE_INTTYPES_H
| # include <inttypes.h>
| #endif
| #ifdef HAVE_STDINT_H
| # include <stdint.h>
| #endif
| #ifdef HAVE_UNISTD_H
| # include <unistd.h>
| #endif
| #include <machine/endian.h>
configure:7350: result: no
configure:7350: checking machine/endian.h presence
configure:7350: gcc -E  conftest.c
conftest.c:41:10: fatal error: machine/endian.h: No such file or directory
 #include <machine/endian.h>
          ^~~~~~~~~~~~~~~~~~
compilation terminated.
configure:7350: $? = 1
configure: failed program was:
| /* confdefs.h */
| #define PACKAGE_NAME "GNU GNATS"
| #define PACKAGE_TARNAME "gnats"
| #define PACKAGE_VERSION "4.2.0"
| #define PACKAGE_STRING "GNU GNATS 4.2.0"
| #define PACKAGE_BUGREPORT "bug-gnats@gnu.org"
| #define PACKAGE_URL "http://www.gnu.org/software/gnats/"
| #define PACKAGE "gnats"
| #define VERSION "4.2.0"
| #define STDC_HEADERS 1
| #define HAVE_SYS_TYPES_H 1
| #define HAVE_SYS_STAT_H 1
| #define HAVE_STDLIB_H 1
| #define HAVE_STRING_H 1
| #define HAVE_MEMORY_H 1
| #define HAVE_STRINGS_H 1
| #define HAVE_INTTYPES_H 1
| #define HAVE_STDINT_H 1
| #define HAVE_UNISTD_H 1
| #define __EXTENSIONS__ 1
| #define _ALL_SOURCE 1
| #define _GNU_SOURCE 1
| #define _POSIX_PTHREAD_SEMANTICS 1
| #define _TANDEM_SOURCE 1
| #define GNATS_SERVICE "support"
| #define GNATS_USER "gnats"
| #define DS_FILE 1
| #define HAVE_GETOPT_H 1
| #define HAVE_LIBCRYPT 1
| #define STDC_HEADERS 1
| #define HAVE_CRYPT_H 1
| #define HAVE_FCNTL_H 1
| #define HAVE_LIBGEN_H 1
| #define HAVE_LIMITS_H 1
| #define HAVE_MEMORY_H 1
| #define HAVE_NETDB_H 1
| #define HAVE_STRING_H 1
| #define HAVE_SYSLOG_H 1
| #define HAVE_UNISTD_H 1
| /* end confdefs.h.  */
| #include <machine/endian.h>
configure:7350: result: no
configure:7350: checking for machine/endian.h
configure:7350: result: no
configure:7350: checking sys/select.h usability
configure:7350: gcc -c -g -O2 -fno-unit-at-a-time  conftest.c >&5
configure:7350: $? = 0
configure:7350: result: yes
configure:7350: checking sys/select.h presence
configure:7350: gcc -E  conftest.c
configure:7350: $? = 0
configure:7350: result: yes
configure:7350: checking for sys/select.h
configure:7350: result: yes
configure:7363: checking for dirent.h that defines DIR
configure:7382: gcc -c -g -O2 -fno-unit-at-a-time  conftest.c >&5
configure:7382: $? = 0
configure:7390: result: yes
configure:7403: checking for library containing opendir
configure:7434: gcc -o conftest -g -O2 -fno-unit-at-a-time   conftest.c -lcrypt  >&5
configure:7434: $? = 0
configure:7451: result: none required
configure:7604: checking whether unsetenv is declared
configure:7604: gcc -c -g -O2 -fno-unit-at-a-time  conftest.c >&5
configure:7604: $? = 0
configure:7604: result: yes
configure:7614: checking whether AF_INET6 is declared
configure:7614: gcc -c -g -O2 -fno-unit-at-a-time  conftest.c >&5
conftest.c: In function 'main':
conftest.c:84:10: error: 'AF_INET6' undeclared (first use in this function)
   (void) AF_INET6;
          ^~~~~~~~
conftest.c:84:10: note: each undeclared identifier is reported only once for each function it appears in
configure:7614: $? = 1
configure: failed program was:
| /* confdefs.h */
| #define PACKAGE_NAME "GNU GNATS"
| #define PACKAGE_TARNAME "gnats"
| #define PACKAGE_VERSION "4.2.0"
| #define PACKAGE_STRING "GNU GNATS 4.2.0"
| #define PACKAGE_BUGREPORT "bug-gnats@gnu.org"
| #define PACKAGE_URL "http://www.gnu.org/software/gnats/"
| #define PACKAGE "gnats"
| #define VERSION "4.2.0"
| #define STDC_HEADERS 1
| #define HAVE_SYS_TYPES_H 1
| #define HAVE_SYS_STAT_H 1
| #define HAVE_STDLIB_H 1
| #define HAVE_STRING_H 1
| #define HAVE_MEMORY_H 1
| #define HAVE_STRINGS_H 1
| #define HAVE_INTTYPES_H 1
| #define HAVE_STDINT_H 1
| #define HAVE_UNISTD_H 1
| #define __EXTENSIONS__ 1
| #define _ALL_SOURCE 1
| #define _GNU_SOURCE 1
| #define _POSIX_PTHREAD_SEMANTICS 1
| #define _TANDEM_SOURCE 1
| #define GNATS_SERVICE "support"
| #define GNATS_USER "gnats"
| #define DS_FILE 1
| #define HAVE_GETOPT_H 1
| #define HAVE_LIBCRYPT 1
| #define STDC_HEADERS 1
| #define HAVE_CRYPT_H 1
| #define HAVE_FCNTL_H 1
| #define HAVE_LIBGEN_H 1
| #define HAVE_LIMITS_H 1
| #define HAVE_MEMORY_H 1
| #define HAVE_NETDB_H 1
| #define HAVE_STRING_H 1
| #define HAVE_SYSLOG_H 1
| #define HAVE_UNISTD_H 1
| #define HAVE_SYS_SELECT_H 1
| #define HAVE_DIRENT_H 1
| #define HAVE_DECL_UNSETENV 1
| /* end confdefs.h.  */
| #include <stdio.h>
| #ifdef HAVE_SYS_TYPES_H
| # include <sys/types.h>
| #endif
| #ifdef HAVE_SYS_STAT_H
| # include <sys/stat.h>
| #endif
| #ifdef STDC_HEADERS
| # include <stdlib.h>
| # include <stddef.h>
| #else
| # ifdef HAVE_STDLIB_H
| #  include <stdlib.h>
| # endif
| #endif
| #ifdef HAVE_STRING_H
| # if !defined STDC_HEADERS && defined HAVE_MEMORY_H
| #  include <memory.h>
| # endif
| # include <string.h>
| #endif
| #ifdef HAVE_STRINGS_H
| # include <strings.h>
| #endif
| #ifdef HAVE_INTTYPES_H
| # include <inttypes.h>
| #endif
| #ifdef HAVE_STDINT_H
| # include <stdint.h>
| #endif
| #ifdef HAVE_UNISTD_H
| # include <unistd.h>
| #endif
| int
| main ()
| {
| #ifndef AF_INET6
| #ifdef __cplusplus
|   (void) AF_INET6;
| #else
|   (void) AF_INET6;
| #endif
| #endif
| 
|   ;
|   return 0;
| }
configure:7614: result: no
configure:7711: checking for size_t
configure:7711: gcc -c -g -O2 -fno-unit-at-a-time  conftest.c >&5
configure:7711: $? = 0
configure:7711: gcc -c -g -O2 -fno-unit-at-a-time  conftest.c >&5
conftest.c: In function 'main':
conftest.c:81:21: error: expected expression before ')' token
 if (sizeof ((size_t)))
                     ^
configure:7711: $? = 1
configure: failed program was:
| /* confdefs.h */
| #define PACKAGE_NAME "GNU GNATS"
| #define PACKAGE_TARNAME "gnats"
| #define PACKAGE_VERSION "4.2.0"
| #define PACKAGE_STRING "GNU GNATS 4.2.0"
| #define PACKAGE_BUGREPORT "bug-gnats@gnu.org"
| #define PACKAGE_URL "http://www.gnu.org/software/gnats/"
| #define PACKAGE "gnats"
| #define VERSION "4.2.0"
| #define STDC_HEADERS 1
| #define HAVE_SYS_TYPES_H 1
| #define HAVE_SYS_STAT_H 1
| #define HAVE_STDLIB_H 1
| #define HAVE_STRING_H 1
| #define HAVE_MEMORY_H 1
| #define HAVE_STRINGS_H 1
| #define HAVE_INTTYPES_H 1
| #define HAVE_STDINT_H 1
| #define HAVE_UNISTD_H 1
| #define __EXTENSIONS__ 1
| #define _ALL_SOURCE 1
| #define _GNU_SOURCE 1
| #define _POSIX_PTHREAD_SEMANTICS 1
| #define _TANDEM_SOURCE 1
| #define GNATS_SERVICE "support"
| #define GNATS_USER "gnats"
| #define DS_FILE 1
| #define HAVE_GETOPT_H 1
| #define HAVE_LIBCRYPT 1
| #define STDC_HEADERS 1
| #define HAVE_CRYPT_H 1
| #define HAVE_FCNTL_H 1
| #define HAVE_LIBGEN_H 1
| #define HAVE_LIMITS_H 1
| #define HAVE_MEMORY_H 1
| #define HAVE_NETDB_H 1
| #define HAVE_STRING_H 1
| #define HAVE_SYSLOG_H 1
| #define HAVE_UNISTD_H 1
| #define HAVE_SYS_SELECT_H 1
| #define HAVE_DIRENT_H 1
| #define HAVE_DECL_UNSETENV 1
| #define HAVE_DECL_AF_INET6 0
| /* end confdefs.h.  */
| #include <stdio.h>
| #ifdef HAVE_SYS_TYPES_H
| # include <sys/types.h>
| #endif
| #ifdef HAVE_SYS_STAT_H
| # include <sys/stat.h>
| #endif
| #ifdef STDC_HEADERS
| # include <stdlib.h>
| # include <stddef.h>
| #else
| # ifdef HAVE_STDLIB_H
| #  include <stdlib.h>
| # endif
| #endif
| #ifdef HAVE_STRING_H
| # if !defined STDC_HEADERS && defined HAVE_MEMORY_H
| #  include <memory.h>
| # endif
| # include <string.h>
| #endif
| #ifdef HAVE_STRINGS_H
| # include <strings.h>
| #endif
| #ifdef HAVE_INTTYPES_H
| # include <inttypes.h>
| #endif
| #ifdef HAVE_STDINT_H
| # include <stdint.h>
| #endif
| #ifdef HAVE_UNISTD_H
| # include <unistd.h>
| #endif
| int
| main ()
| {
| if (sizeof ((size_t)))
| 	    return 0;
|   ;
|   return 0;
| }
configure:7711: result: yes
configure:7727: gcc -E  conftest.c
configure:7727: $? = 0
configure:7834: checking for working alloca.h
configure:7851: gcc -o conftest -g -O2 -fno-unit-at-a-time   conftest.c -lcrypt  >&5
configure:7851: $? = 0
configure:7859: result: yes
configure:7867: checking for alloca
configure:7904: gcc -o conftest -g -O2 -fno-unit-at-a-time   conftest.c -lcrypt  >&5
configure:7904: $? = 0
configure:7912: result: yes
configure:8021: checking for basename
configure:8021: gcc -o conftest -g -O2 -fno-unit-at-a-time   conftest.c -lcrypt  >&5
configure:8021: $? = 0
configure:8021: result: yes
configure:8021: checking for ftime
configure:8021: gcc -o conftest -g -O2 -fno-unit-at-a-time   conftest.c -lcrypt  >&5
configure:8021: $? = 0
configure:8021: result: yes
configure:8021: checking for fileno
configure:8021: gcc -o conftest -g -O2 -fno-unit-at-a-time   conftest.c -lcrypt  >&5
configure:8021: $? = 0
configure:8021: result: yes
configure:8021: checking for getopt
configure:8021: gcc -o conftest -g -O2 -fno-unit-at-a-time   conftest.c -lcrypt  >&5
configure:8021: $? = 0
configure:8021: result: yes
configure:8021: checking for getopt_long
configure:8021: gcc -o conftest -g -O2 -fno-unit-at-a-time   conftest.c -lcrypt  >&5
configure:8021: $? = 0
configure:8021: result: yes
configure:8021: checking for mkdir
configure:8021: gcc -o conftest -g -O2 -fno-unit-at-a-time   conftest.c -lcrypt  >&5
configure:8021: $? = 0
configure:8021: result: yes
configure:8021: checking for mktemp
configure:8021: gcc -o conftest -g -O2 -fno-unit-at-a-time   conftest.c -lcrypt  >&5
/tmp/cc7EukZ6.o: In function `main':
/home/carolhanna/Security_Project/gnu_dataset/gnats-4.2.0/conftest.c:88: warning: the use of `mktemp' is dangerous, better use `mkstemp' or `mkdtemp'
configure:8021: $? = 0
configure:8021: result: yes
configure:8021: checking for mkstemp
configure:8021: gcc -o conftest -g -O2 -fno-unit-at-a-time   conftest.c -lcrypt  >&5
configure:8021: $? = 0
configure:8021: result: yes
configure:8021: checking for unsetenv
configure:8021: gcc -o conftest -g -O2 -fno-unit-at-a-time   conftest.c -lcrypt  >&5
configure:8021: $? = 0
configure:8021: result: yes
configure:8021: checking for asprintf
configure:8021: gcc -o conftest -g -O2 -fno-unit-at-a-time   conftest.c -lcrypt  >&5
configure:8021: $? = 0
configure:8021: result: yes
configure:8021: checking for vasprintf
configure:8021: gcc -o conftest -g -O2 -fno-unit-at-a-time   conftest.c -lcrypt  >&5
configure:8021: $? = 0
configure:8021: result: yes
configure:8117: checking for --with-kerberos
configure:8119: result: no
configure:8615: checking for sendmail
configure:8649: result: no
configure:8657: *** Warning: sendmail binary not available
configure:8791: checking that generated files are newer than configure
configure:8797: result: done
configure:8836: creating ./config.status

## ---------------------- ##
## Running config.status. ##
## ---------------------- ##

This file was extended by GNU GNATS config.status 4.2.0, which was
generated by GNU Autoconf 2.69.  Invocation command line was

  CONFIG_FILES    = 
  CONFIG_HEADERS  = 
  CONFIG_LINKS    = 
  CONFIG_COMMANDS = 
  $ ./config.status 

on rishon

config.status:947: creating Makefile
config.status:947: creating gnats/Makefile
config.status:947: creating gnats/ds-file/Makefile
config.status:947: creating doc/Makefile
config.status:947: creating doc/man/Makefile
config.status:947: creating gnats/autoconf.h
config.status:1176: executing depfiles commands

## ---------------- ##
## Cache variables. ##
## ---------------- ##

ac_cv_build=x86_64-unknown-linux-gnu
ac_cv_c_compiler_gnu=yes
ac_cv_env_CC_set=
ac_cv_env_CC_value=
ac_cv_env_CFLAGS_set=
ac_cv_env_CFLAGS_value=
ac_cv_env_CPPFLAGS_set=
ac_cv_env_CPPFLAGS_value=
ac_cv_env_CPP_set=
ac_cv_env_CPP_value=
ac_cv_env_EMACSLOADPATH_set=
ac_cv_env_EMACSLOADPATH_value=
ac_cv_env_EMACS_set=
ac_cv_env_EMACS_value=
ac_cv_env_LDFLAGS_set=
ac_cv_env_LDFLAGS_value=
ac_cv_env_LIBS_set=
ac_cv_env_LIBS_value=
ac_cv_env_YACC_set=
ac_cv_env_YACC_value=
ac_cv_env_YFLAGS_set=
ac_cv_env_YFLAGS_value=
ac_cv_env_build_alias_set=
ac_cv_env_build_alias_value=
ac_cv_env_host_alias_set=
ac_cv_env_host_alias_value=
ac_cv_env_target_alias_set=
ac_cv_env_target_alias_value=
ac_cv_func_alloca_works=yes
ac_cv_func_asprintf=yes
ac_cv_func_basename=yes
ac_cv_func_connect=yes
ac_cv_func_fileno=yes
ac_cv_func_ftime=yes
ac_cv_func_getopt=yes
ac_cv_func_getopt_long=yes
ac_cv_func_mkdir=yes
ac_cv_func_mkstemp=yes
ac_cv_func_mktemp=yes
ac_cv_func_unsetenv=yes
ac_cv_func_vasprintf=yes
ac_cv_have_decl_AF_INET6=no
ac_cv_have_decl_unsetenv=yes
ac_cv_header_crypt_h=yes
ac_cv_header_dirent_dirent_h=yes
ac_cv_header_fcntl_h=yes
ac_cv_header_getopt_h=yes
ac_cv_header_inttypes_h=yes
ac_cv_header_libgen_h=yes
ac_cv_header_limits_h=yes
ac_cv_header_machine_endian_h=no
ac_cv_header_memory_h=yes
ac_cv_header_minix_config_h=no
ac_cv_header_netdb_h=yes
ac_cv_header_stdc=yes
ac_cv_header_stdint_h=yes
ac_cv_header_stdlib_h=yes
ac_cv_header_string_h=yes
ac_cv_header_strings_h=yes
ac_cv_header_sys_select_h=yes
ac_cv_header_sys_stat_h=yes
ac_cv_header_sys_types_h=yes
ac_cv_header_syslog_h=yes
ac_cv_header_unistd_h=yes
ac_cv_host=x86_64-unknown-linux-gnu
ac_cv_lib_crypt_crypt=yes
ac_cv_lib_gen_main=no
ac_cv_lib_inet_main=no
ac_cv_lib_intl_main=no
ac_cv_lib_malloc_main=no
ac_cv_objext=o
ac_cv_path_EGREP='/bin/grep -E'
ac_cv_path_GREP=/bin/grep
ac_cv_path_M4=/usr/bin/m4
ac_cv_path_install='/usr/bin/install -c'
ac_cv_path_mkdir=/bin/mkdir
ac_cv_prog_AWK=gawk
ac_cv_prog_CPP='gcc -E'
ac_cv_prog_MKTEMP=yes
ac_cv_prog_ac_ct_CC=gcc
ac_cv_prog_ac_ct_RANLIB=ranlib
ac_cv_prog_cc_c89=
ac_cv_prog_cc_g=yes
ac_cv_prog_make_make_set=yes
ac_cv_safe_to_define___extensions__=yes
ac_cv_search_opendir='none required'
ac_cv_type_size_t=yes
ac_cv_use_default_organization=no
ac_cv_use_default_submitter=no
ac_cv_use_ds_type=no
ac_cv_use_gnats_dblist_file=no
ac_cv_use_gnats_default_db=no
ac_cv_use_gnats_service=no
ac_cv_use_gnats_user=no
ac_cv_use_gnatsd_host_access_file=no
ac_cv_use_gnatsd_user_access_file=no
ac_cv_use_kerberos=no
ac_cv_working_alloca_h=yes
am_cv_CC_dependencies_compiler_type=gcc3
am_cv_lispdir='${datadir}/emacs/site-lisp'
am_cv_make_support_nested_variables=yes
am_cv_prog_cc_c_o=yes
ax_cv_check_cflags__Werror__Wpedantic=yes
ax_cv_check_cflags__Werror__Wwrite_strings=yes
ax_cv_check_cflags__Werror__fno_unit_at_a_time=yes
ax_cv_check_cflags___Wextra=yes

## ----------------- ##
## Output variables. ##
## ----------------- ##

ACLOCAL='${SHELL} /home/carolhanna/Security_Project/gnu_dataset/gnats-4.2.0/config/missing aclocal-1.14'
ALLOCA=''
AMDEPBACKSLASH='\'
AMDEP_FALSE='#'
AMDEP_TRUE=''
AMTAR='$${TAR-tar}'
AM_BACKSLASH='\'
AM_DEFAULT_V='$(AM_DEFAULT_VERBOSITY)'
AM_DEFAULT_VERBOSITY='1'
AM_V='$(V)'
AUTOCONF='${SHELL} /home/carolhanna/Security_Project/gnu_dataset/gnats-4.2.0/config/missing autoconf'
AUTOHEADER='${SHELL} /home/carolhanna/Security_Project/gnu_dataset/gnats-4.2.0/config/missing autoheader'
AUTOMAKE='${SHELL} /home/carolhanna/Security_Project/gnu_dataset/gnats-4.2.0/config/missing automake-1.14'
AWK='gawk'
BDAY_END='17'
BDAY_START='8'
BUILD_MKAUTH_FALSE=''
BUILD_MKAUTH_TRUE='#'
BWEEK_END='5'
BWEEK_START='1'
CC='gcc'
CCDEPMODE='depmode=gcc3'
CFLAGS='-g -O2 -fno-unit-at-a-time'
CPP='gcc -E'
CPPFLAGS=''
CYGPATH_W='echo'
DEFAULT_MAIL_AGENT='false'
DEFAULT_ORGANIZATION='unknown'
DEFAULT_RELEASE='unknown-1.0'
DEFS='-DHAVE_CONFIG_H'
DEPDIR='.deps'
DSLIB_DIR='ds-file'
DS_TYPE_FILE_FALSE='#'
DS_TYPE_FILE_TRUE=''
ECHO_C=''
ECHO_N='-n'
ECHO_T=''
EGREP='/bin/grep -E'
EMACS='no'
EMACSLOADPATH=''
EXEEXT=''
EXTRA_OBJS=''
FLEX_CFLAGS=''
FLEX_LFLAGS=''
GCC_CFLAGS='-ansi -Werror -Wall -Wextra -Wpedantic -Wno-error=format -Wno-unused-result -Wwrite-strings -Wmissing-prototypes -Wstrict-prototypes'
GLOBAL_DB_LIST_FILE='${prefix}/etc/gnats/databases'
GNATSD_HOST_ACCESS_FILE='${prefix}/etc/gnats/gnatsd.host_access'
GNATSD_USER_ACCESS_FILE='${prefix}/etc/gnats/gnatsd.user_access'
GNATS_ALL='all-gnats'
GNATS_DEFAULT_DB_DIR='${prefix}/com/gnats/gnatsdb'
GNATS_INSTALL='install-gnats'
GNATS_SERVICE='support'
GNATS_USER='gnats'
GREP='/bin/grep'
INSTALL_DATA='${INSTALL} -m 644'
INSTALL_PROGRAM='${INSTALL}'
INSTALL_SCRIPT='${INSTALL}'
INSTALL_STRIP_PROGRAM='$(install_sh) -c -s'
KRB4=''
KRBINCLUDE=''
LDFLAGS=''
LEX='${SHELL} /home/carolhanna/Security_Project/gnu_dataset/gnats-4.2.0/config/missing flex'
LEXLIB=''
LEX_OUTPUT_ROOT=''
LIBOBJS=''
LIBS='-lcrypt '
LTLIBOBJS=''
M4='/usr/bin/m4'
MAKEINFO='${SHELL} /home/carolhanna/Security_Project/gnu_dataset/gnats-4.2.0/config/missing makeinfo'
MAN=''
MKDIR_P='/bin/mkdir -p'
MKTEMP='yes'
OBJEXT='o'
PACKAGE='gnats'
PACKAGE_BUGREPORT='bug-gnats@gnu.org'
PACKAGE_NAME='GNU GNATS'
PACKAGE_STRING='GNU GNATS 4.2.0'
PACKAGE_TARNAME='gnats'
PACKAGE_URL='http://www.gnu.org/software/gnats/'
PACKAGE_VERSION='4.2.0'
PASSWD='cat /etc/passwd'
PATH_SEPARATOR=':'
PROGS=''
RANLIB='ranlib'
SENDMAIL=''
SET_MAKE=''
SHELL='/bin/bash'
STRIP=''
SUBMITTER='unknown'
VERSION='4.2.0'
YACC='yacc'
YFLAGS=''
ac_ct_CC='gcc'
am__EXEEXT_FALSE=''
am__EXEEXT_TRUE='#'
am__fastdepCC_FALSE='#'
am__fastdepCC_TRUE=''
am__include='include'
am__isrc=''
am__leading_dot='.'
am__nodep='_no'
am__quote=''
am__tar='$${TAR-tar} chof - "$$tardir"'
am__untar='$${TAR-tar} xf -'
bindir='${exec_prefix}/bin'
build='x86_64-unknown-linux-gnu'
build_alias=''
build_cpu='x86_64'
build_os='linux-gnu'
build_vendor='unknown'
datadir='${datarootdir}'
datarootdir='${prefix}/share'
docdir='${datarootdir}/doc/${PACKAGE_TARNAME}'
dvidir='${docdir}'
exec_prefix='${prefix}'
host='x86_64-unknown-linux-gnu'
host_alias=''
host_cpu='x86_64'
host_os='linux-gnu'
host_vendor='unknown'
htmldir='${docdir}'
includedir='${prefix}/include'
infodir='${datarootdir}/info'
install_sh='${SHELL} /home/carolhanna/Security_Project/gnu_dataset/gnats-4.2.0/config/install-sh'
libdir='${exec_prefix}/lib'
libexecdir='${exec_prefix}/libexec'
lispdir='${datadir}/emacs/site-lisp'
localedir='${datarootdir}/locale'
localstatedir='${prefix}/var'
mandir='${datarootdir}/man'
mkdir_p='$(MKDIR_P)'
oldincludedir='/usr/include'
pdfdir='${docdir}'
prefix='/usr/local'
program_transform_name='s,x,x,'
psdir='${docdir}'
sbindir='${exec_prefix}/sbin'
sharedstatedir='${prefix}/com'
sysconfdir='${prefix}/etc'
target_alias=''

## ----------- ##
## confdefs.h. ##
## ----------- ##

/* confdefs.h */
#define PACKAGE_NAME "GNU GNATS"
#define PACKAGE_TARNAME "gnats"
#define PACKAGE_VERSION "4.2.0"
#define PACKAGE_STRING "GNU GNATS 4.2.0"
#define PACKAGE_BUGREPORT "bug-gnats@gnu.org"
#define PACKAGE_URL "http://www.gnu.org/software/gnats/"
#define PACKAGE "gnats"
#define VERSION "4.2.0"
#define STDC_HEADERS 1
#define HAVE_SYS_TYPES_H 1
#define HAVE_SYS_STAT_H 1
#define HAVE_STDLIB_H 1
#define HAVE_STRING_H 1
#define HAVE_MEMORY_H 1
#define HAVE_STRINGS_H 1
#define HAVE_INTTYPES_H 1
#define HAVE_STDINT_H 1
#define HAVE_UNISTD_H 1
#define __EXTENSIONS__ 1
#define _ALL_SOURCE 1
#define _GNU_SOURCE 1
#define _POSIX_PTHREAD_SEMANTICS 1
#define _TANDEM_SOURCE 1
#define GNATS_SERVICE "support"
#define GNATS_USER "gnats"
#define DS_FILE 1
#define HAVE_GETOPT_H 1
#define HAVE_LIBCRYPT 1
#define STDC_HEADERS 1
#define HAVE_CRYPT_H 1
#define HAVE_FCNTL_H 1
#define HAVE_LIBGEN_H 1
#define HAVE_LIMITS_H 1
#define HAVE_MEMORY_H 1
#define HAVE_NETDB_H 1
#define HAVE_STRING_H 1
#define HAVE_SYSLOG_H 1
#define HAVE_UNISTD_H 1
#define HAVE_SYS_SELECT_H 1
#define HAVE_DIRENT_H 1
#define HAVE_DECL_UNSETENV 1
#define HAVE_DECL_AF_INET6 0
#define HAVE_SOCKLEN_T 1
#define HAVE_ALLOCA_H 1
#define HAVE_ALLOCA 1
#define HAVE_BASENAME 1
#define HAVE_FTIME 1
#define HAVE_FILENO 1
#define HAVE_GETOPT 1
#define HAVE_GETOPT_LONG 1
#define HAVE_MKDIR 1
#define HAVE_MKTEMP 1
#define HAVE_MKSTEMP 1
#define HAVE_UNSETENV 1
#define HAVE_ASPRINTF 1
#define HAVE_VASPRINTF 1

configure: exit 0
