This file contains any messages produced by compilers while
running configure, to aid debugging if configure makes a mistake.

It was created by configure, which was
generated by GNU Autoconf 2.57.  Invocation command line was

  $ ./configure 

## --------- ##
## Platform. ##
## --------- ##

hostname = rishon
uname -m = x86_64
uname -r = 4.15.0-72-generic
uname -s = Linux
uname -v = #81-Ubuntu SMP Tue Nov 26 12:20:02 UTC 2019

/usr/bin/uname -p = unknown
/bin/uname -X     = unknown

/bin/arch              = unknown
/usr/bin/arch -k       = unknown
/usr/convex/getsysinfo = unknown
hostinfo               = unknown
/bin/machine           = unknown
/usr/bin/oslevel       = unknown
/bin/universe          = unknown

PATH: /home/carolhanna/miniconda3/bin
PATH: /home/carolhanna/miniconda3/condabin
PATH: /usr/local/sbin
PATH: /usr/local/bin
PATH: /usr/sbin
PATH: /usr/bin
PATH: /sbin
PATH: /bin
PATH: /usr/games
PATH: /usr/local/games
PATH: /snap/bin


## ----------- ##
## Core tests. ##
## ----------- ##

configure:1318: checking for a BSD-compatible install
configure:1372: result: /usr/bin/install -c
configure:1383: checking whether build environment is sane
configure:1426: result: yes
configure:1459: checking for gawk
configure:1475: found /usr/bin/gawk
configure:1485: result: gawk
configure:1495: checking whether make sets $(MAKE)
configure:1515: result: yes
configure:1723: checking for gcc
configure:1739: found /usr/bin/gcc
configure:1749: result: gcc
configure:1993: checking for C compiler version
configure:1996: gcc --version </dev/null >&5
gcc (Ubuntu 7.5.0-3ubuntu1~18.04) 7.5.0
Copyright (C) 2017 Free Software Foundation, Inc.
This is free software; see the source for copying conditions.  There is NO
warranty; not even for MERCHANTABILITY or FITNESS FOR A PARTICULAR PURPOSE.

configure:1999: $? = 0
configure:2001: gcc -v </dev/null >&5
Using built-in specs.
COLLECT_GCC=gcc
COLLECT_LTO_WRAPPER=/usr/lib/gcc/x86_64-linux-gnu/7/lto-wrapper
OFFLOAD_TARGET_NAMES=nvptx-none
OFFLOAD_TARGET_DEFAULT=1
Target: x86_64-linux-gnu
Configured with: ../src/configure -v --with-pkgversion='Ubuntu 7.5.0-3ubuntu1~18.04' --with-bugurl=file:///usr/share/doc/gcc-7/README.Bugs --enable-languages=c,ada,c++,go,brig,d,fortran,objc,obj-c++ --prefix=/usr --with-gcc-major-version-only --program-suffix=-7 --program-prefix=x86_64-linux-gnu- --enable-shared --enable-linker-build-id --libexecdir=/usr/lib --without-included-gettext --enable-threads=posix --libdir=/usr/lib --enable-nls --enable-bootstrap --enable-clocale=gnu --enable-libstdcxx-debug --enable-libstdcxx-time=yes --with-default-libstdcxx-abi=new --enable-gnu-unique-object --disable-vtable-verify --enable-libmpx --enable-plugin --enable-default-pie --with-system-zlib --with-target-system-zlib --enable-objc-gc=auto --enable-multiarch --disable-werror --with-arch-32=i686 --with-abi=m64 --with-multilib-list=m32,m64,mx32 --enable-multilib --with-tune=generic --enable-offload-targets=nvptx-none --without-cuda-driver --enable-checking=release --build=x86_64-linux-gnu --host=x86_64-linux-gnu --target=x86_64-linux-gnu
Thread model: posix
gcc version 7.5.0 (Ubuntu 7.5.0-3ubuntu1~18.04) 
configure:2004: $? = 0
configure:2006: gcc -V </dev/null >&5
gcc: error: unrecognized command line option '-V'
gcc: fatal error: no input files
compilation terminated.
configure:2009: $? = 1
configure:2033: checking for C compiler default output
configure:2036: gcc    conftest.c  >&5
configure:2039: $? = 0
configure:2085: result: a.out
configure:2090: checking whether the C compiler works
configure:2096: ./a.out
configure:2099: $? = 0
configure:2116: result: yes
configure:2123: checking whether we are cross compiling
configure:2125: result: no
configure:2128: checking for suffix of executables
configure:2130: gcc -o conftest    conftest.c  >&5
configure:2133: $? = 0
configure:2158: result: 
configure:2164: checking for suffix of object files
configure:2186: gcc -c   conftest.c >&5
configure:2189: $? = 0
configure:2211: result: o
configure:2215: checking whether we are using the GNU C compiler
configure:2240: gcc -c   conftest.c >&5
configure:2243: $? = 0
configure:2246: test -s conftest.o
configure:2249: $? = 0
configure:2262: result: yes
configure:2268: checking whether gcc accepts -g
configure:2290: gcc -c -g  conftest.c >&5
configure:2293: $? = 0
configure:2296: test -s conftest.o
configure:2299: $? = 0
configure:2310: result: yes
configure:2327: checking for gcc option to accept ANSI C
configure:2388: gcc  -c -g -O2  conftest.c >&5
configure:2391: $? = 0
configure:2394: test -s conftest.o
configure:2397: $? = 0
configure:2415: result: none needed
configure:2433: gcc -c -g -O2  conftest.c >&5
conftest.c:2:3: error: unknown type name 'choke'
   choke me
   ^~~~~
conftest.c:2:3: error: expected '=', ',', ';', 'asm' or '__attribute__' at end of input
configure:2436: $? = 1
configure: failed program was:
| #ifndef __cplusplus
|   choke me
| #endif
configure:2564: checking for style of include used by make
configure:2592: result: GNU
configure:2620: checking dependency style of gcc
configure:2682: result: gcc3
configure:2725: checking for an ANSI C-conforming const
configure:2793: gcc -c -g -O2  conftest.c >&5
configure:2796: $? = 0
configure:2799: test -s conftest.o
configure:2802: $? = 0
configure:2813: result: yes
configure:2828: checking how to run the C preprocessor
configure:2864: gcc -E  conftest.c
configure:2870: $? = 0
configure:2902: gcc -E  conftest.c
configure:2903:10: fatal error: ac_nonexistent.h: No such file or directory
   (eval $ac_cpp conftest.$ac_ext) 2>conftest.er1
          ^~~~~~~~~~~~~~~~~~
compilation terminated.
configure:2908: $? = 1
configure: failed program was:
| #line 2893 "configure"
| /* confdefs.h.  */
| 
| #define PACKAGE_NAME ""
| #define PACKAGE_TARNAME ""
| #define PACKAGE_VERSION ""
| #define PACKAGE_STRING ""
| #define PACKAGE_BUGREPORT ""
| #define PACKAGE "gengetopt"
| #define VERSION "2.9"
| /* end confdefs.h.  */
| #include <ac_nonexistent.h>
configure:2946: result: gcc -E
configure:2971: gcc -E  conftest.c
configure:2977: $? = 0
configure:3009: gcc -E  conftest.c
configure:3010:10: fatal error: ac_nonexistent.h: No such file or directory
   (eval $ac_cpp conftest.$ac_ext) 2>conftest.er1
          ^~~~~~~~~~~~~~~~~~
compilation terminated.
configure:3015: $? = 1
configure: failed program was:
| #line 3000 "configure"
| /* confdefs.h.  */
| 
| #define PACKAGE_NAME ""
| #define PACKAGE_TARNAME ""
| #define PACKAGE_VERSION ""
| #define PACKAGE_STRING ""
| #define PACKAGE_BUGREPORT ""
| #define PACKAGE "gengetopt"
| #define VERSION "2.9"
| /* end confdefs.h.  */
| #include <ac_nonexistent.h>
configure:3058: checking for egrep
configure:3068: result: grep -E
configure:3073: checking for ANSI C header files
configure:3099: gcc -c -g -O2  conftest.c >&5
configure:3102: $? = 0
configure:3105: test -s conftest.o
configure:3108: $? = 0
configure:3200: gcc -o conftest -g -O2   conftest.c  >&5
configure: In function 'main':
configure:3195:7: warning: implicit declaration of function 'exit' [-Wimplicit-function-declaration]
       exit(2);
       ^~~~
configure:3195:7: warning: incompatible implicit declaration of built-in function 'exit'
configure:3195:7: note: include '<stdlib.h>' or provide a declaration of 'exit'
configure:3196:3: warning: incompatible implicit declaration of built-in function 'exit'
   exit (0);
   ^~~~
configure:3196:3: note: include '<stdlib.h>' or provide a declaration of 'exit'
configure:3203: $? = 0
configure:3205: ./conftest
configure:3208: $? = 0
configure:3223: result: yes
configure:3247: checking for sys/types.h
configure:3264: gcc -c -g -O2  conftest.c >&5
configure:3267: $? = 0
configure:3270: test -s conftest.o
configure:3273: $? = 0
configure:3284: result: yes
configure:3247: checking for sys/stat.h
configure:3264: gcc -c -g -O2  conftest.c >&5
configure:3267: $? = 0
configure:3270: test -s conftest.o
configure:3273: $? = 0
configure:3284: result: yes
configure:3247: checking for stdlib.h
configure:3264: gcc -c -g -O2  conftest.c >&5
configure:3267: $? = 0
configure:3270: test -s conftest.o
configure:3273: $? = 0
configure:3284: result: yes
configure:3247: checking for string.h
configure:3264: gcc -c -g -O2  conftest.c >&5
configure:3267: $? = 0
configure:3270: test -s conftest.o
configure:3273: $? = 0
configure:3284: result: yes
configure:3247: checking for memory.h
configure:3264: gcc -c -g -O2  conftest.c >&5
configure:3267: $? = 0
configure:3270: test -s conftest.o
configure:3273: $? = 0
configure:3284: result: yes
configure:3247: checking for strings.h
configure:3264: gcc -c -g -O2  conftest.c >&5
configure:3267: $? = 0
configure:3270: test -s conftest.o
configure:3273: $? = 0
configure:3284: result: yes
configure:3247: checking for inttypes.h
configure:3264: gcc -c -g -O2  conftest.c >&5
configure:3267: $? = 0
configure:3270: test -s conftest.o
configure:3273: $? = 0
configure:3284: result: yes
configure:3247: checking for stdint.h
configure:3264: gcc -c -g -O2  conftest.c >&5
configure:3267: $? = 0
configure:3270: test -s conftest.o
configure:3273: $? = 0
configure:3284: result: yes
configure:3247: checking for unistd.h
configure:3264: gcc -c -g -O2  conftest.c >&5
configure:3267: $? = 0
configure:3270: test -s conftest.o
configure:3273: $? = 0
configure:3284: result: yes
configure:3296: checking for size_t
configure:3321: gcc -c -g -O2  conftest.c >&5
configure:3324: $? = 0
configure:3327: test -s conftest.o
configure:3330: $? = 0
configure:3341: result: yes
configure:3406: checking for g++
configure:3422: found /usr/bin/g++
configure:3432: result: g++
configure:3448: checking for C++ compiler version
configure:3451: g++ --version </dev/null >&5
g++ (Ubuntu 7.5.0-3ubuntu1~18.04) 7.5.0
Copyright (C) 2017 Free Software Foundation, Inc.
This is free software; see the source for copying conditions.  There is NO
warranty; not even for MERCHANTABILITY or FITNESS FOR A PARTICULAR PURPOSE.

configure:3454: $? = 0
configure:3456: g++ -v </dev/null >&5
Using built-in specs.
COLLECT_GCC=g++
COLLECT_LTO_WRAPPER=/usr/lib/gcc/x86_64-linux-gnu/7/lto-wrapper
OFFLOAD_TARGET_NAMES=nvptx-none
OFFLOAD_TARGET_DEFAULT=1
Target: x86_64-linux-gnu
Configured with: ../src/configure -v --with-pkgversion='Ubuntu 7.5.0-3ubuntu1~18.04' --with-bugurl=file:///usr/share/doc/gcc-7/README.Bugs --enable-languages=c,ada,c++,go,brig,d,fortran,objc,obj-c++ --prefix=/usr --with-gcc-major-version-only --program-suffix=-7 --program-prefix=x86_64-linux-gnu- --enable-shared --enable-linker-build-id --libexecdir=/usr/lib --without-included-gettext --enable-threads=posix --libdir=/usr/lib --enable-nls --enable-bootstrap --enable-clocale=gnu --enable-libstdcxx-debug --enable-libstdcxx-time=yes --with-default-libstdcxx-abi=new --enable-gnu-unique-object --disable-vtable-verify --enable-libmpx --enable-plugin --enable-default-pie --with-system-zlib --with-target-system-zlib --enable-objc-gc=auto --enable-multiarch --disable-werror --with-arch-32=i686 --with-abi=m64 --with-multilib-list=m32,m64,mx32 --enable-multilib --with-tune=generic --enable-offload-targets=nvptx-none --without-cuda-driver --enable-checking=release --build=x86_64-linux-gnu --host=x86_64-linux-gnu --target=x86_64-linux-gnu
Thread model: posix
gcc version 7.5.0 (Ubuntu 7.5.0-3ubuntu1~18.04) 
configure:3459: $? = 0
configure:3461: g++ -V </dev/null >&5
g++: error: unrecognized command line option '-V'
g++: fatal error: no input files
compilation terminated.
configure:3464: $? = 1
configure:3467: checking whether we are using the GNU C++ compiler
configure:3492: g++ -c   conftest.cc >&5
configure:3495: $? = 0
configure:3498: test -s conftest.o
configure:3501: $? = 0
configure:3514: result: yes
configure:3520: checking whether g++ accepts -g
configure:3542: g++ -c -g  conftest.cc >&5
configure:3545: $? = 0
configure:3548: test -s conftest.o
configure:3551: $? = 0
configure:3562: result: yes
configure:3606: g++ -c -g -O2  conftest.cc >&5
configure:3609: $? = 0
configure:3612: test -s conftest.o
configure:3615: $? = 0
configure:3642: g++ -c -g -O2  conftest.cc >&5
configure: In function 'int main()':
configure:3649:1: error: 'exit' was not declared in this scope
   (eval $ac_try) 2>&5
 ^ ~~
configure:3645: $? = 1
configure: failed program was:
| #line 3625 "configure"
| /* confdefs.h.  */
| 
| #define PACKAGE_NAME ""
| #define PACKAGE_TARNAME ""
| #define PACKAGE_VERSION ""
| #define PACKAGE_STRING ""
| #define PACKAGE_BUGREPORT ""
| #define PACKAGE "gengetopt"
| #define VERSION "2.9"
| #define STDC_HEADERS 1
| #define HAVE_SYS_TYPES_H 1
| #define HAVE_SYS_STAT_H 1
| #define HAVE_STDLIB_H 1
| #define HAVE_STRING_H 1
| #define HAVE_MEMORY_H 1
| #define HAVE_STRINGS_H 1
| #define HAVE_INTTYPES_H 1
| #define HAVE_STDINT_H 1
| #define HAVE_UNISTD_H 1
| /* end confdefs.h.  */
| 
| int
| main ()
| {
| exit (42);
|   ;
|   return 0;
| }
configure:3606: g++ -c -g -O2  conftest.cc >&5
configure:3609: $? = 0
configure:3612: test -s conftest.o
configure:3615: $? = 0
configure:3642: g++ -c -g -O2  conftest.cc >&5
configure:3645: $? = 0
configure:3648: test -s conftest.o
configure:3651: $? = 0
configure:3676: checking dependency style of g++
configure:3738: result: gcc3
configure:3768: checking for a BSD-compatible install
configure:3822: result: /usr/bin/install -c
configure:3875: checking for ranlib
configure:3891: found /usr/bin/ranlib
configure:3902: result: ranlib
configure:3947: checking whether the compiler implements namespaces
configure:3977: g++ -c -g -O2  conftest.cc >&5
configure:3980: $? = 0
configure:3983: test -s conftest.o
configure:3986: $? = 0
configure:4004: result: yes
configure:4014: checking whether the compiler supports Standard Template Library
configure:4050: g++ -c -g -O2  conftest.cc >&5
configure:4053: $? = 0
configure:4056: test -s conftest.o
configure:4059: $? = 0
configure:4077: result: yes
configure:4088: checking whether the compiler has stringstream
configure:4122: g++ -c -g -O2  conftest.cc >&5
configure:4125: $? = 0
configure:4128: test -s conftest.o
configure:4131: $? = 0
configure:4149: result: yes
configure:4166: checking for gawk
configure:4192: result: gawk
configure:4203: checking for the txtc compiler
configure:4208: result: yes
configure:4227: checking for bison
configure:4256: result: no
configure:4227: checking for byacc
configure:4256: result: no
configure:4271: checking for flex
configure:4300: result: no
configure:4271: checking for lex
configure:4300: result: no
configure:4310: checking for yywrap in -lfl
configure:4341: gcc -o conftest -g -O2   conftest.c -lfl   >&5
/usr/bin/ld: cannot find -lfl
collect2: error: ld returned 1 exit status
configure:4344: $? = 1
configure: failed program was:
| #line 4317 "configure"
| /* confdefs.h.  */
| 
| #define PACKAGE_NAME ""
| #define PACKAGE_TARNAME ""
| #define PACKAGE_VERSION ""
| #define PACKAGE_STRING ""
| #define PACKAGE_BUGREPORT ""
| #define PACKAGE "gengetopt"
| #define VERSION "2.9"
| #define STDC_HEADERS 1
| #define HAVE_SYS_TYPES_H 1
| #define HAVE_SYS_STAT_H 1
| #define HAVE_STDLIB_H 1
| #define HAVE_STRING_H 1
| #define HAVE_MEMORY_H 1
| #define HAVE_STRINGS_H 1
| #define HAVE_INTTYPES_H 1
| #define HAVE_STDINT_H 1
| #define HAVE_UNISTD_H 1
| #ifdef __cplusplus
| #include <stdlib.h>
| #endif
| #define HAVE_NAMESPACES
| #define HAVE_STL
| #define HAVE_SSTREAM
| /* end confdefs.h.  */
| 
| /* Override any gcc2 internal prototype to avoid an error.  */
| #ifdef __cplusplus
| extern "C"
| #endif
| /* We use char because int might match the return type of a gcc2
|    builtin and then its argument prototype would still apply.  */
| char yywrap ();
| int
| main ()
| {
| yywrap ();
|   ;
|   return 0;
| }
configure:4362: result: no
configure:4367: checking for yywrap in -ll
configure:4398: gcc -o conftest -g -O2   conftest.c -ll   >&5
/usr/bin/ld: cannot find -ll
collect2: error: ld returned 1 exit status
configure:4401: $? = 1
configure: failed program was:
| #line 4374 "configure"
| /* confdefs.h.  */
| 
| #define PACKAGE_NAME ""
| #define PACKAGE_TARNAME ""
| #define PACKAGE_VERSION ""
| #define PACKAGE_STRING ""
| #define PACKAGE_BUGREPORT ""
| #define PACKAGE "gengetopt"
| #define VERSION "2.9"
| #define STDC_HEADERS 1
| #define HAVE_SYS_TYPES_H 1
| #define HAVE_SYS_STAT_H 1
| #define HAVE_STDLIB_H 1
| #define HAVE_STRING_H 1
| #define HAVE_MEMORY_H 1
| #define HAVE_STRINGS_H 1
| #define HAVE_INTTYPES_H 1
| #define HAVE_STDINT_H 1
| #define HAVE_UNISTD_H 1
| #ifdef __cplusplus
| #include <stdlib.h>
| #endif
| #define HAVE_NAMESPACES
| #define HAVE_STL
| #define HAVE_SSTREAM
| /* end confdefs.h.  */
| 
| /* Override any gcc2 internal prototype to avoid an error.  */
| #ifdef __cplusplus
| extern "C"
| #endif
| /* We use char because int might match the return type of a gcc2
|    builtin and then its argument prototype would still apply.  */
| char yywrap ();
| int
| main ()
| {
| yywrap ();
|   ;
|   return 0;
| }
configure:4419: result: no
configure:4515: checking for main in -lfl
configure:4540: gcc -o conftest -g -O2   conftest.c -lfl   >&5
/usr/bin/ld: cannot find -lfl
collect2: error: ld returned 1 exit status
configure:4543: $? = 1
configure: failed program was:
| #line 4522 "configure"
| /* confdefs.h.  */
| 
| #define PACKAGE_NAME ""
| #define PACKAGE_TARNAME ""
| #define PACKAGE_VERSION ""
| #define PACKAGE_STRING ""
| #define PACKAGE_BUGREPORT ""
| #define PACKAGE "gengetopt"
| #define VERSION "2.9"
| #define STDC_HEADERS 1
| #define HAVE_SYS_TYPES_H 1
| #define HAVE_SYS_STAT_H 1
| #define HAVE_STDLIB_H 1
| #define HAVE_STRING_H 1
| #define HAVE_MEMORY_H 1
| #define HAVE_STRINGS_H 1
| #define HAVE_INTTYPES_H 1
| #define HAVE_STDINT_H 1
| #define HAVE_UNISTD_H 1
| #ifdef __cplusplus
| #include <stdlib.h>
| #endif
| #define HAVE_NAMESPACES
| #define HAVE_STL
| #define HAVE_SSTREAM
| /* end confdefs.h.  */
| 
| 
| int
| main ()
| {
| main ();
|   ;
|   return 0;
| }
configure:4561: result: no
configure:4577: checking for yywrap
configure:4627: gcc -o conftest -g -O2   conftest.c  >&5
/tmp/cccKD4vq.o: In function `main':
/home/carolhanna/Security_Project/gnu_dataset/gengetopt-2.9/configure:4640: undefined reference to `yywrap'
/tmp/cccKD4vq.o:/home/carolhanna/Security_Project/gnu_dataset/gengetopt-2.9/configure:4631: undefined reference to `yywrap'
collect2: error: ld returned 1 exit status
configure:4630: $? = 1
configure: failed program was:
| #line 4582 "configure"
| /* confdefs.h.  */
| 
| #define PACKAGE_NAME ""
| #define PACKAGE_TARNAME ""
| #define PACKAGE_VERSION ""
| #define PACKAGE_STRING ""
| #define PACKAGE_BUGREPORT ""
| #define PACKAGE "gengetopt"
| #define VERSION "2.9"
| #define STDC_HEADERS 1
| #define HAVE_SYS_TYPES_H 1
| #define HAVE_SYS_STAT_H 1
| #define HAVE_STDLIB_H 1
| #define HAVE_STRING_H 1
| #define HAVE_MEMORY_H 1
| #define HAVE_STRINGS_H 1
| #define HAVE_INTTYPES_H 1
| #define HAVE_STDINT_H 1
| #define HAVE_UNISTD_H 1
| #ifdef __cplusplus
| #include <stdlib.h>
| #endif
| #define HAVE_NAMESPACES
| #define HAVE_STL
| #define HAVE_SSTREAM
| /* end confdefs.h.  */
| /* System header to define __stub macros and hopefully few prototypes,
|     which can conflict with char yywrap (); below.
|     Prefer <limits.h> to <assert.h> if __STDC__ is defined, since
|     <limits.h> exists even on freestanding compilers.  */
| #ifdef __STDC__
| # include <limits.h>
| #else
| # include <assert.h>
| #endif
| /* Override any gcc2 internal prototype to avoid an error.  */
| #ifdef __cplusplus
| extern "C"
| {
| #endif
| /* We use char because int might match the return type of a gcc2
|    builtin and then its argument prototype would still apply.  */
| char yywrap ();
| /* The GNU C library defines this for functions which it implements
|     to always fail with ENOSYS.  Some functions are actually named
|     something starting with __ and the normal name is an alias.  */
| #if defined (__stub_yywrap) || defined (__stub___yywrap)
| choke me
| #else
| char (*f) () = yywrap;
| #endif
| #ifdef __cplusplus
| }
| #endif
| 
| int
| main ()
| {
| return f != yywrap;
|   ;
|   return 0;
| }
configure:4647: result: no
configure:4661: checking for ANSI C header files
configure:4811: result: yes
configure:4837: checking malloc.h usability
configure:4850: gcc -c -g -O2  conftest.c >&5
configure:4853: $? = 0
configure:4856: test -s conftest.o
configure:4859: $? = 0
configure:4869: result: yes
configure:4873: checking malloc.h presence
configure:4884: gcc -E  conftest.c
configure:4890: $? = 0
configure:4909: result: yes
configure:4945: checking for malloc.h
configure:4952: result: yes
configure:4828: checking for strings.h
configure:4833: result: yes
configure:4828: checking for unistd.h
configure:4833: result: yes
configure:4966: checking for an ANSI C-conforming const
configure:5054: result: yes
configure:5069: checking for strdup
configure:5119: gcc -o conftest -g -O2   conftest.c  >&5
configure:5120:6: warning: conflicting types for built-in function 'strdup' [-Wbuiltin-declaration-mismatch]
   (eval $ac_link) 2>&5
      ^~~~~~
configure:5122: $? = 0
configure:5125: test -s conftest
configure:5128: $? = 0
configure:5139: result: yes
configure:5157: checking for getopt_long
configure:5207: gcc -o conftest -g -O2   conftest.c  >&5
configure:5210: $? = 0
configure:5213: test -s conftest
configure:5216: $? = 0
configure:5227: result: yes
configure:5243: checking for getopt_long
configure:5313: result: yes
configure:5330: checking for tar
configure:5348: found /bin/tar
configure:5360: result: /bin/tar
configure:5375: checking for cpp2html
configure:5408: result: no
configure:5420: checking for gengen
configure:5453: result: no
configure:5651: creating ./config.status

## ---------------------- ##
## Running config.status. ##
## ---------------------- ##

This file was extended by config.status, which was
generated by GNU Autoconf 2.57.  Invocation command line was

  CONFIG_FILES    = 
  CONFIG_HEADERS  = 
  CONFIG_LINKS    = 
  CONFIG_COMMANDS = 
  $ ./config.status 

on rishon

config.status:694: creating Makefile
config.status:694: creating txtc.sh
config.status:694: creating src/Makefile
config.status:694: creating src/includes/Makefile
config.status:694: creating src/skels/Makefile
config.status:694: creating doc/Makefile
config.status:694: creating doc/gengetopt.1
config.status:694: creating doc/gengetopt.html
config.status:694: creating tests/Makefile
config.status:694: creating tests/no_optgiven.sh
config.status:694: creating tests/more_than_once.sh
config.status:694: creating tests/test_all_opts.sh
config.status:694: creating tests/test_groups.sh
config.status:694: creating tests/test_conf_parser.sh
config.status:694: creating tests/test_conf_parser_err.sh
config.status:694: creating tests/test_multiple.sh
config.status:798: creating config.h
config.status:921: config.h is unchanged
config.status:1034: executing depfiles commands
config.status:1034: executing default commands

## ---------------- ##
## Cache variables. ##
## ---------------- ##

ac_cv_c_compiler_gnu=yes
ac_cv_c_const=yes
ac_cv_cxx_compiler_gnu=yes
ac_cv_cxx_have_sstream=yes
ac_cv_cxx_have_stl=yes
ac_cv_cxx_namespaces=yes
ac_cv_env_CC_set=
ac_cv_env_CC_value=
ac_cv_env_CFLAGS_set=
ac_cv_env_CFLAGS_value=
ac_cv_env_CPPFLAGS_set=
ac_cv_env_CPPFLAGS_value=
ac_cv_env_CPP_set=
ac_cv_env_CPP_value=
ac_cv_env_CXXFLAGS_set=
ac_cv_env_CXXFLAGS_value=
ac_cv_env_CXX_set=
ac_cv_env_CXX_value=
ac_cv_env_LDFLAGS_set=
ac_cv_env_LDFLAGS_value=
ac_cv_env_build_alias_set=
ac_cv_env_build_alias_value=
ac_cv_env_host_alias_set=
ac_cv_env_host_alias_value=
ac_cv_env_target_alias_set=
ac_cv_env_target_alias_value=
ac_cv_exeext=
ac_cv_func_getopt_long=yes
ac_cv_func_strdup=yes
ac_cv_func_yywrap=no
ac_cv_header_inttypes_h=yes
ac_cv_header_malloc_h=yes
ac_cv_header_memory_h=yes
ac_cv_header_stdc=yes
ac_cv_header_stdint_h=yes
ac_cv_header_stdlib_h=yes
ac_cv_header_string_h=yes
ac_cv_header_strings_h=yes
ac_cv_header_sys_stat_h=yes
ac_cv_header_sys_types_h=yes
ac_cv_header_unistd_h=yes
ac_cv_lib_fl_main=no
ac_cv_lib_fl_yywrap=no
ac_cv_lib_l_yywrap=no
ac_cv_objext=o
ac_cv_path_TAR=/bin/tar
ac_cv_path_install='/usr/bin/install -c'
ac_cv_prog_AWK=gawk
ac_cv_prog_CPP='gcc -E'
ac_cv_prog_ac_ct_CC=gcc
ac_cv_prog_ac_ct_CXX=g++
ac_cv_prog_ac_ct_RANLIB=ranlib
ac_cv_prog_cc_g=yes
ac_cv_prog_cc_stdc=
ac_cv_prog_cxx_g=yes
ac_cv_prog_egrep='grep -E'
ac_cv_prog_make_make_set=yes
ac_cv_type_size_t=yes
am_cv_CC_dependencies_compiler_type=gcc3
am_cv_CXX_dependencies_compiler_type=gcc3

## ----------------- ##
## Output variables. ##
## ----------------- ##

ACLOCAL='${SHELL} /home/carolhanna/Security_Project/gnu_dataset/gengetopt-2.9/missing --run aclocal-1.7'
AMDEPBACKSLASH='\'
AMDEP_FALSE='#'
AMDEP_TRUE=''
AMTAR='${SHELL} /home/carolhanna/Security_Project/gnu_dataset/gengetopt-2.9/missing --run tar'
AUTOCONF='${SHELL} /home/carolhanna/Security_Project/gnu_dataset/gengetopt-2.9/missing --run autoconf'
AUTOHEADER='${SHELL} /home/carolhanna/Security_Project/gnu_dataset/gengetopt-2.9/missing --run autoheader'
AUTOMAKE='${SHELL} /home/carolhanna/Security_Project/gnu_dataset/gengetopt-2.9/missing --run automake-1.7'
AWK='gawk'
CC='gcc'
CCDEPMODE='depmode=gcc3'
CFLAGS='-g -O2'
CPP2HTML=''
CPP='gcc -E'
CPPFLAGS=''
CXX='g++'
CXXDEPMODE='depmode=gcc3'
CXXFLAGS='-g -O2'
CYGPATH_W='echo'
DEFS='-DHAVE_CONFIG_H'
DEPDIR='.deps'
ECHO_C=''
ECHO_N='-n'
ECHO_T=''
EGREP='grep -E'
EXEEXT=''
GENGEN=''
INSTALL_DATA='${INSTALL} -m 644'
INSTALL_PROGRAM='${INSTALL}'
INSTALL_SCRIPT='${INSTALL}'
INSTALL_STRIP_PROGRAM='${SHELL} $(install_sh) -c -s'
LDFLAGS=''
LEX='${SHELL} /home/carolhanna/Security_Project/gnu_dataset/gengetopt-2.9/missing --run flex'
LEXLIB=''
LEX_OUTPUT_ROOT=''
LIBOBJS=' yywrap$U.o'
LIBS=''
LTLIBOBJS=' yywrap$U.lo'
MAKEINFO='${SHELL} /home/carolhanna/Security_Project/gnu_dataset/gengetopt-2.9/missing --run makeinfo'
NO_CPP2HTML_FALSE='#'
NO_CPP2HTML_TRUE=''
NO_GENGEN_FALSE='#'
NO_GENGEN_TRUE=''
NO_GETOPTLONG_FALSE=''
NO_GETOPTLONG_TRUE='#'
NO_STRDUP_FALSE=''
NO_STRDUP_TRUE='#'
OBJEXT='o'
PACKAGE='gengetopt'
PACKAGE_BUGREPORT=''
PACKAGE_NAME=''
PACKAGE_STRING=''
PACKAGE_TARNAME=''
PACKAGE_VERSION=''
PATH_SEPARATOR=':'
RANLIB='ranlib'
SET_MAKE=''
SHELL='/bin/bash'
STRIP=''
TAR='/bin/tar'
TXTC='$(SHELL) $(top_builddir)/txtc.sh'
VERSION='2.9'
YACC='yacc'
YFLAGS=' -d -v'
ac_ct_CC='gcc'
ac_ct_CXX='g++'
ac_ct_RANLIB='ranlib'
ac_ct_STRIP=''
am__fastdepCC_FALSE='#'
am__fastdepCC_TRUE=''
am__fastdepCXX_FALSE='#'
am__fastdepCXX_TRUE=''
am__include='include'
am__quote=''
bindir='${exec_prefix}/bin'
build_alias=''
datadir='${prefix}/share'
exec_prefix='${prefix}'
gengetoptdocdir='${prefix}/share/doc/gengetopt'
gengetoptexamplesdir='${prefix}/share/doc/gengetopt/examples'
host_alias=''
includedir='${prefix}/include'
infodir='${prefix}/info'
install_sh='/home/carolhanna/Security_Project/gnu_dataset/gengetopt-2.9/install-sh'
libdir='${exec_prefix}/lib'
libexecdir='${exec_prefix}/libexec'
localstatedir='${prefix}/var'
mandir='${prefix}/man'
oldincludedir='/usr/include'
prefix='/usr/local'
program_transform_name='s,x,x,'
sbindir='${exec_prefix}/sbin'
sharedstatedir='${prefix}/com'
sysconfdir='${prefix}/etc'
target_alias=''

## ----------- ##
## confdefs.h. ##
## ----------- ##

#define HAVE_GETOPT_LONG 1
#define HAVE_GETOPT_LONG 1
#define HAVE_INTTYPES_H 1
#define HAVE_MALLOC_H 1
#define HAVE_MEMORY_H 1
#define HAVE_NAMESPACES
#define HAVE_SSTREAM
#define HAVE_STDINT_H 1
#define HAVE_STDLIB_H 1
#define HAVE_STL
#define HAVE_STRDUP 1
#define HAVE_STRINGS_H 1
#define HAVE_STRINGS_H 1
#define HAVE_STRING_H 1
#define HAVE_SYS_STAT_H 1
#define HAVE_SYS_TYPES_H 1
#define HAVE_UNISTD_H 1
#define HAVE_UNISTD_H 1
#define PACKAGE "gengetopt"
#define PACKAGE_BUGREPORT ""
#define PACKAGE_NAME ""
#define PACKAGE_STRING ""
#define PACKAGE_TARNAME ""
#define PACKAGE_VERSION ""
#define STDC_HEADERS 1
#define STDC_HEADERS 1
#define VERSION "2.9"
#endif
#ifdef __cplusplus
#include <stdlib.h>

configure: exit 0
