This file contains any messages produced by compilers while
running configure, to aid debugging if configure makes a mistake.

It was created by mcsim configure 6.2.0, which was
generated by GNU Autoconf 2.69.  Invocation command line was

  $ ./configure 

## --------- ##
## Platform. ##
## --------- ##

hostname = rishon
uname -m = x86_64
uname -r = 4.15.0-72-generic
uname -s = Linux
uname -v = #81-Ubuntu SMP Tue Nov 26 12:20:02 UTC 2019

/usr/bin/uname -p = unknown
/bin/uname -X     = unknown

/bin/arch              = unknown
/usr/bin/arch -k       = unknown
/usr/convex/getsysinfo = unknown
/usr/bin/hostinfo      = unknown
/bin/machine           = unknown
/usr/bin/oslevel       = unknown
/bin/universe          = unknown

PATH: /home/carolhanna/miniconda3/bin
PATH: /home/carolhanna/miniconda3/condabin
PATH: /usr/local/sbin
PATH: /usr/local/bin
PATH: /usr/sbin
PATH: /usr/bin
PATH: /sbin
PATH: /bin
PATH: /usr/games
PATH: /usr/local/games
PATH: /snap/bin


## ----------- ##
## Core tests. ##
## ----------- ##

configure:2284: checking for a BSD-compatible install
configure:2352: result: /usr/bin/install -c
configure:2363: checking whether build environment is sane
configure:2418: result: yes
configure:2569: checking for a thread-safe mkdir -p
configure:2608: result: /bin/mkdir -p
configure:2615: checking for gawk
configure:2631: found /usr/bin/gawk
configure:2642: result: gawk
configure:2653: checking whether make sets $(MAKE)
configure:2675: result: yes
configure:2704: checking whether make supports nested variables
configure:2721: result: yes
configure:2859: checking for style of include used by make
configure:2887: result: GNU
configure:2958: checking for gcc
configure:2974: found /usr/bin/gcc
configure:2985: result: gcc
configure:3214: checking for C compiler version
configure:3223: gcc --version >&5
gcc (Ubuntu 7.5.0-3ubuntu1~18.04) 7.5.0
Copyright (C) 2017 Free Software Foundation, Inc.
This is free software; see the source for copying conditions.  There is NO
warranty; not even for MERCHANTABILITY or FITNESS FOR A PARTICULAR PURPOSE.

configure:3234: $? = 0
configure:3223: gcc -v >&5
Using built-in specs.
COLLECT_GCC=gcc
COLLECT_LTO_WRAPPER=/usr/lib/gcc/x86_64-linux-gnu/7/lto-wrapper
OFFLOAD_TARGET_NAMES=nvptx-none
OFFLOAD_TARGET_DEFAULT=1
Target: x86_64-linux-gnu
Configured with: ../src/configure -v --with-pkgversion='Ubuntu 7.5.0-3ubuntu1~18.04' --with-bugurl=file:///usr/share/doc/gcc-7/README.Bugs --enable-languages=c,ada,c++,go,brig,d,fortran,objc,obj-c++ --prefix=/usr --with-gcc-major-version-only --program-suffix=-7 --program-prefix=x86_64-linux-gnu- --enable-shared --enable-linker-build-id --libexecdir=/usr/lib --without-included-gettext --enable-threads=posix --libdir=/usr/lib --enable-nls --enable-bootstrap --enable-clocale=gnu --enable-libstdcxx-debug --enable-libstdcxx-time=yes --with-default-libstdcxx-abi=new --enable-gnu-unique-object --disable-vtable-verify --enable-libmpx --enable-plugin --enable-default-pie --with-system-zlib --with-target-system-zlib --enable-objc-gc=auto --enable-multiarch --disable-werror --with-arch-32=i686 --with-abi=m64 --with-multilib-list=m32,m64,mx32 --enable-multilib --with-tune=generic --enable-offload-targets=nvptx-none --without-cuda-driver --enable-checking=release --build=x86_64-linux-gnu --host=x86_64-linux-gnu --target=x86_64-linux-gnu
Thread model: posix
gcc version 7.5.0 (Ubuntu 7.5.0-3ubuntu1~18.04) 
configure:3234: $? = 0
configure:3223: gcc -V >&5
gcc: error: unrecognized command line option '-V'
gcc: fatal error: no input files
compilation terminated.
configure:3234: $? = 1
configure:3223: gcc -qversion >&5
gcc: error: unrecognized command line option '-qversion'; did you mean '--version'?
gcc: fatal error: no input files
compilation terminated.
configure:3234: $? = 1
configure:3254: checking whether the C compiler works
configure:3276: gcc    conftest.c  >&5
configure:3280: $? = 0
configure:3328: result: yes
configure:3331: checking for C compiler default output file name
configure:3333: result: a.out
configure:3339: checking for suffix of executables
configure:3346: gcc -o conftest    conftest.c  >&5
configure:3350: $? = 0
configure:3372: result: 
configure:3394: checking whether we are cross compiling
configure:3402: gcc -o conftest    conftest.c  >&5
configure:3406: $? = 0
configure:3413: ./conftest
configure:3417: $? = 0
configure:3432: result: no
configure:3437: checking for suffix of object files
configure:3459: gcc -c   conftest.c >&5
configure:3463: $? = 0
configure:3484: result: o
configure:3488: checking whether we are using the GNU C compiler
configure:3507: gcc -c   conftest.c >&5
configure:3507: $? = 0
configure:3516: result: yes
configure:3525: checking whether gcc accepts -g
configure:3545: gcc -c -g  conftest.c >&5
configure:3545: $? = 0
configure:3586: result: yes
configure:3603: checking for gcc option to accept ISO C89
configure:3666: gcc  -c -g -O2  conftest.c >&5
configure:3666: $? = 0
configure:3679: result: none needed
configure:3704: checking whether gcc understands -c and -o together
configure:3726: gcc -c conftest.c -o conftest2.o
configure:3729: $? = 0
configure:3726: gcc -c conftest.c -o conftest2.o
configure:3729: $? = 0
configure:3741: result: yes
configure:3760: checking dependency style of gcc
configure:3871: result: gcc3
configure:3936: checking for ar
configure:3952: found /usr/bin/ar
configure:3963: result: ar
configure:3989: checking the archiver (ar) interface
configure:4005: gcc -c -g -O2  conftest.c >&5
configure:4005: $? = 0
configure:4007: ar cru libconftest.a conftest.o >&5
ar: `u' modifier ignored since `D' is the default (see `U')
configure:4010: $? = 0
configure:4038: result: ar
configure:4087: checking build system type
configure:4101: result: x86_64-pc-linux-gnu
configure:4121: checking host system type
configure:4134: result: x86_64-pc-linux-gnu
configure:4175: checking how to print strings
configure:4202: result: printf
configure:4223: checking for a sed that does not truncate output
configure:4287: result: /bin/sed
configure:4305: checking for grep that handles long lines and -e
configure:4363: result: /bin/grep
configure:4368: checking for egrep
configure:4430: result: /bin/grep -E
configure:4435: checking for fgrep
configure:4497: result: /bin/grep -F
configure:4532: checking for ld used by gcc
configure:4599: result: /usr/bin/ld
configure:4606: checking if the linker (/usr/bin/ld) is GNU ld
configure:4621: result: yes
configure:4633: checking for BSD- or MS-compatible name lister (nm)
configure:4687: result: /usr/bin/nm -B
configure:4817: checking the name lister (/usr/bin/nm -B) interface
configure:4824: gcc -c -g -O2  conftest.c >&5
configure:4827: /usr/bin/nm -B "conftest.o"
configure:4830: output
0000000000000000 B some_variable
configure:4837: result: BSD nm
configure:4840: checking whether ln -s works
configure:4844: result: yes
configure:4852: checking the maximum length of command line arguments
configure:4983: result: 1572864
configure:5031: checking how to convert x86_64-pc-linux-gnu file names to x86_64-pc-linux-gnu format
configure:5071: result: func_convert_file_noop
configure:5078: checking how to convert x86_64-pc-linux-gnu file names to toolchain format
configure:5098: result: func_convert_file_noop
configure:5105: checking for /usr/bin/ld option to reload object files
configure:5112: result: -r
configure:5186: checking for objdump
configure:5202: found /usr/bin/objdump
configure:5213: result: objdump
configure:5245: checking how to recognize dependent libraries
configure:5445: result: pass_all
configure:5530: checking for dlltool
configure:5560: result: no
configure:5590: checking how to associate runtime and link libraries
configure:5617: result: printf %s\n
configure:5741: checking for archiver @FILE support
configure:5758: gcc -c -g -O2  conftest.c >&5
configure:5758: $? = 0
configure:5761: ar cru libconftest.a @conftest.lst >&5
ar: `u' modifier ignored since `D' is the default (see `U')
configure:5764: $? = 0
configure:5769: ar cru libconftest.a @conftest.lst >&5
ar: `u' modifier ignored since `D' is the default (see `U')
ar: conftest.o: No such file or directory
configure:5772: $? = 1
configure:5784: result: @
configure:5842: checking for strip
configure:5858: found /usr/bin/strip
configure:5869: result: strip
configure:5941: checking for ranlib
configure:5957: found /usr/bin/ranlib
configure:5968: result: ranlib
configure:6070: checking command to parse /usr/bin/nm -B output from gcc object
configure:6223: gcc -c -g -O2  conftest.c >&5
configure:6226: $? = 0
configure:6230: /usr/bin/nm -B conftest.o \| sed -n -e 's/^.*[ ]\([ABCDGIRSTW][ABCDGIRSTW]*\)[ ][ ]*\([_A-Za-z][_A-Za-z0-9]*\)$/\1 \2 \2/p' | sed '/ __gnu_lto/d' \> conftest.nm
configure:6233: $? = 0
configure:6299: gcc -o conftest -g -O2   conftest.c conftstm.o >&5
configure:6302: $? = 0
configure:6340: result: ok
configure:6387: checking for sysroot
configure:6417: result: no
configure:6424: checking for a working dd
configure:6462: result: /bin/dd
configure:6466: checking how to truncate binary pipes
configure:6481: result: /bin/dd bs=4096 count=1
configure:6617: gcc -c -g -O2  conftest.c >&5
configure:6620: $? = 0
configure:6810: checking for mt
configure:6826: found /bin/mt
configure:6837: result: mt
configure:6860: checking if mt is a manifest tool
configure:6866: mt '-?'
configure:6874: result: no
configure:7551: checking how to run the C preprocessor
configure:7582: gcc -E  conftest.c
configure:7582: $? = 0
configure:7596: gcc -E  conftest.c
conftest.c:11:10: fatal error: ac_nonexistent.h: No such file or directory
 #include <ac_nonexistent.h>
          ^~~~~~~~~~~~~~~~~~
compilation terminated.
configure:7596: $? = 1
configure: failed program was:
| /* confdefs.h */
| #define PACKAGE_NAME "mcsim"
| #define PACKAGE_TARNAME "mcsim"
| #define PACKAGE_VERSION "6.2.0"
| #define PACKAGE_STRING "mcsim 6.2.0"
| #define PACKAGE_BUGREPORT "bug-mcsim@gnu.org"
| #define PACKAGE_URL ""
| #define PACKAGE "mcsim"
| #define VERSION "6.2.0"
| /* end confdefs.h.  */
| #include <ac_nonexistent.h>
configure:7621: result: gcc -E
configure:7641: gcc -E  conftest.c
configure:7641: $? = 0
configure:7655: gcc -E  conftest.c
conftest.c:11:10: fatal error: ac_nonexistent.h: No such file or directory
 #include <ac_nonexistent.h>
          ^~~~~~~~~~~~~~~~~~
compilation terminated.
configure:7655: $? = 1
configure: failed program was:
| /* confdefs.h */
| #define PACKAGE_NAME "mcsim"
| #define PACKAGE_TARNAME "mcsim"
| #define PACKAGE_VERSION "6.2.0"
| #define PACKAGE_STRING "mcsim 6.2.0"
| #define PACKAGE_BUGREPORT "bug-mcsim@gnu.org"
| #define PACKAGE_URL ""
| #define PACKAGE "mcsim"
| #define VERSION "6.2.0"
| /* end confdefs.h.  */
| #include <ac_nonexistent.h>
configure:7684: checking for ANSI C header files
configure:7704: gcc -c -g -O2  conftest.c >&5
configure:7704: $? = 0
configure:7777: gcc -o conftest -g -O2   conftest.c  >&5
configure:7777: $? = 0
configure:7777: ./conftest
configure:7777: $? = 0
configure:7788: result: yes
configure:7801: checking for sys/types.h
configure:7801: gcc -c -g -O2  conftest.c >&5
configure:7801: $? = 0
configure:7801: result: yes
configure:7801: checking for sys/stat.h
configure:7801: gcc -c -g -O2  conftest.c >&5
configure:7801: $? = 0
configure:7801: result: yes
configure:7801: checking for stdlib.h
configure:7801: gcc -c -g -O2  conftest.c >&5
configure:7801: $? = 0
configure:7801: result: yes
configure:7801: checking for string.h
configure:7801: gcc -c -g -O2  conftest.c >&5
configure:7801: $? = 0
configure:7801: result: yes
configure:7801: checking for memory.h
configure:7801: gcc -c -g -O2  conftest.c >&5
configure:7801: $? = 0
configure:7801: result: yes
configure:7801: checking for strings.h
configure:7801: gcc -c -g -O2  conftest.c >&5
configure:7801: $? = 0
configure:7801: result: yes
configure:7801: checking for inttypes.h
configure:7801: gcc -c -g -O2  conftest.c >&5
configure:7801: $? = 0
configure:7801: result: yes
configure:7801: checking for stdint.h
configure:7801: gcc -c -g -O2  conftest.c >&5
configure:7801: $? = 0
configure:7801: result: yes
configure:7801: checking for unistd.h
configure:7801: gcc -c -g -O2  conftest.c >&5
configure:7801: $? = 0
configure:7801: result: yes
configure:7815: checking for dlfcn.h
configure:7815: gcc -c -g -O2  conftest.c >&5
configure:7815: $? = 0
configure:7815: result: yes
configure:8071: checking for objdir
configure:8086: result: .libs
configure:8350: checking if gcc supports -fno-rtti -fno-exceptions
configure:8368: gcc -c -g -O2  -fno-rtti -fno-exceptions conftest.c >&5
cc1: warning: command line option '-fno-rtti' is valid for C++/ObjC++ but not for C
configure:8372: $? = 0
configure:8385: result: no
configure:8743: checking for gcc option to produce PIC
configure:8750: result: -fPIC -DPIC
configure:8758: checking if gcc PIC flag -fPIC -DPIC works
configure:8776: gcc -c -g -O2  -fPIC -DPIC -DPIC conftest.c >&5
configure:8780: $? = 0
configure:8793: result: yes
configure:8822: checking if gcc static flag -static works
configure:8850: result: yes
configure:8865: checking if gcc supports -c -o file.o
configure:8886: gcc -c -g -O2  -o out/conftest2.o conftest.c >&5
configure:8890: $? = 0
configure:8912: result: yes
configure:8920: checking if gcc supports -c -o file.o
configure:8967: result: yes
configure:9000: checking whether the gcc linker (/usr/bin/ld -m elf_x86_64) supports shared libraries
configure:10263: result: yes
configure:10300: checking whether -lc should be explicitly linked in
configure:10308: gcc -c -g -O2  conftest.c >&5
configure:10311: $? = 0
configure:10326: gcc -shared  -fPIC -DPIC conftest.o  -v -Wl,-soname -Wl,conftest -o conftest 2\>\&1 \| /bin/grep  -lc  \>/dev/null 2\>\&1
configure:10329: $? = 0
configure:10343: result: no
configure:10503: checking dynamic linker characteristics
configure:11084: gcc -o conftest -g -O2   -Wl,-rpath -Wl,/foo conftest.c  >&5
configure:11084: $? = 0
configure:11333: result: GNU/Linux ld.so
configure:11455: checking how to hardcode library paths into programs
configure:11480: result: immediate
configure:12028: checking whether stripping libraries is possible
configure:12033: result: yes
configure:12068: checking if libtool supports shared libraries
configure:12070: result: yes
configure:12073: checking whether to build shared libraries
configure:12098: result: yes
configure:12101: checking whether to build static libraries
configure:12105: result: yes
configure:12192: checking for gcc
configure:12219: result: gcc
configure:12448: checking for C compiler version
configure:12457: gcc --version >&5
gcc (Ubuntu 7.5.0-3ubuntu1~18.04) 7.5.0
Copyright (C) 2017 Free Software Foundation, Inc.
This is free software; see the source for copying conditions.  There is NO
warranty; not even for MERCHANTABILITY or FITNESS FOR A PARTICULAR PURPOSE.

configure:12468: $? = 0
configure:12457: gcc -v >&5
Using built-in specs.
COLLECT_GCC=gcc
COLLECT_LTO_WRAPPER=/usr/lib/gcc/x86_64-linux-gnu/7/lto-wrapper
OFFLOAD_TARGET_NAMES=nvptx-none
OFFLOAD_TARGET_DEFAULT=1
Target: x86_64-linux-gnu
Configured with: ../src/configure -v --with-pkgversion='Ubuntu 7.5.0-3ubuntu1~18.04' --with-bugurl=file:///usr/share/doc/gcc-7/README.Bugs --enable-languages=c,ada,c++,go,brig,d,fortran,objc,obj-c++ --prefix=/usr --with-gcc-major-version-only --program-suffix=-7 --program-prefix=x86_64-linux-gnu- --enable-shared --enable-linker-build-id --libexecdir=/usr/lib --without-included-gettext --enable-threads=posix --libdir=/usr/lib --enable-nls --enable-bootstrap --enable-clocale=gnu --enable-libstdcxx-debug --enable-libstdcxx-time=yes --with-default-libstdcxx-abi=new --enable-gnu-unique-object --disable-vtable-verify --enable-libmpx --enable-plugin --enable-default-pie --with-system-zlib --with-target-system-zlib --enable-objc-gc=auto --enable-multiarch --disable-werror --with-arch-32=i686 --with-abi=m64 --with-multilib-list=m32,m64,mx32 --enable-multilib --with-tune=generic --enable-offload-targets=nvptx-none --without-cuda-driver --enable-checking=release --build=x86_64-linux-gnu --host=x86_64-linux-gnu --target=x86_64-linux-gnu
Thread model: posix
gcc version 7.5.0 (Ubuntu 7.5.0-3ubuntu1~18.04) 
configure:12468: $? = 0
configure:12457: gcc -V >&5
gcc: error: unrecognized command line option '-V'
gcc: fatal error: no input files
compilation terminated.
configure:12468: $? = 1
configure:12457: gcc -qversion >&5
gcc: error: unrecognized command line option '-qversion'; did you mean '--version'?
gcc: fatal error: no input files
compilation terminated.
configure:12468: $? = 1
configure:12472: checking whether we are using the GNU C compiler
configure:12500: result: yes
configure:12509: checking whether gcc accepts -g
configure:12570: result: yes
configure:12587: checking for gcc option to accept ISO C89
configure:12663: result: none needed
configure:12688: checking whether gcc understands -c and -o together
configure:12725: result: yes
configure:12744: checking dependency style of gcc
configure:12855: result: gcc3
configure:12886: checking whether to compile using MPI
configure:12893: result: yes
configure:13050: checking for gcc
configure:13077: result: gcc
configure:13306: checking for C compiler version
configure:13315: gcc --version >&5
gcc (Ubuntu 7.5.0-3ubuntu1~18.04) 7.5.0
Copyright (C) 2017 Free Software Foundation, Inc.
This is free software; see the source for copying conditions.  There is NO
warranty; not even for MERCHANTABILITY or FITNESS FOR A PARTICULAR PURPOSE.

configure:13326: $? = 0
configure:13315: gcc -v >&5
Using built-in specs.
COLLECT_GCC=gcc
COLLECT_LTO_WRAPPER=/usr/lib/gcc/x86_64-linux-gnu/7/lto-wrapper
OFFLOAD_TARGET_NAMES=nvptx-none
OFFLOAD_TARGET_DEFAULT=1
Target: x86_64-linux-gnu
Configured with: ../src/configure -v --with-pkgversion='Ubuntu 7.5.0-3ubuntu1~18.04' --with-bugurl=file:///usr/share/doc/gcc-7/README.Bugs --enable-languages=c,ada,c++,go,brig,d,fortran,objc,obj-c++ --prefix=/usr --with-gcc-major-version-only --program-suffix=-7 --program-prefix=x86_64-linux-gnu- --enable-shared --enable-linker-build-id --libexecdir=/usr/lib --without-included-gettext --enable-threads=posix --libdir=/usr/lib --enable-nls --enable-bootstrap --enable-clocale=gnu --enable-libstdcxx-debug --enable-libstdcxx-time=yes --with-default-libstdcxx-abi=new --enable-gnu-unique-object --disable-vtable-verify --enable-libmpx --enable-plugin --enable-default-pie --with-system-zlib --with-target-system-zlib --enable-objc-gc=auto --enable-multiarch --disable-werror --with-arch-32=i686 --with-abi=m64 --with-multilib-list=m32,m64,mx32 --enable-multilib --with-tune=generic --enable-offload-targets=nvptx-none --without-cuda-driver --enable-checking=release --build=x86_64-linux-gnu --host=x86_64-linux-gnu --target=x86_64-linux-gnu
Thread model: posix
gcc version 7.5.0 (Ubuntu 7.5.0-3ubuntu1~18.04) 
configure:13326: $? = 0
configure:13315: gcc -V >&5
gcc: error: unrecognized command line option '-V'
gcc: fatal error: no input files
compilation terminated.
configure:13326: $? = 1
configure:13315: gcc -qversion >&5
gcc: error: unrecognized command line option '-qversion'; did you mean '--version'?
gcc: fatal error: no input files
compilation terminated.
configure:13326: $? = 1
configure:13330: checking whether we are using the GNU C compiler
configure:13358: result: yes
configure:13367: checking whether gcc accepts -g
configure:13428: result: yes
configure:13445: checking for gcc option to accept ISO C89
configure:13521: result: none needed
configure:13546: checking whether gcc understands -c and -o together
configure:13583: result: yes
configure:13602: checking dependency style of gcc
configure:13713: result: gcc3
configure:13754: checking for function MPI_Init
configure:13779: gcc -o conftest -g -O2   conftest.c  >&5
/tmp/ccwmsCqf.o: In function `main':
/home/carolhanna/Security_Project/gnu_dataset/mcsim-6.2.0/conftest.c:34: undefined reference to `MPI_Init'
collect2: error: ld returned 1 exit status
configure:13779: $? = 1
configure: failed program was:
| /* confdefs.h */
| #define PACKAGE_NAME "mcsim"
| #define PACKAGE_TARNAME "mcsim"
| #define PACKAGE_VERSION "6.2.0"
| #define PACKAGE_STRING "mcsim 6.2.0"
| #define PACKAGE_BUGREPORT "bug-mcsim@gnu.org"
| #define PACKAGE_URL ""
| #define PACKAGE "mcsim"
| #define VERSION "6.2.0"
| #define STDC_HEADERS 1
| #define HAVE_SYS_TYPES_H 1
| #define HAVE_SYS_STAT_H 1
| #define HAVE_STDLIB_H 1
| #define HAVE_STRING_H 1
| #define HAVE_MEMORY_H 1
| #define HAVE_STRINGS_H 1
| #define HAVE_INTTYPES_H 1
| #define HAVE_STDINT_H 1
| #define HAVE_UNISTD_H 1
| #define HAVE_DLFCN_H 1
| #define LT_OBJDIR ".libs/"
| /* end confdefs.h.  */
| 
| /* Override any GCC internal prototype to avoid an error.
|    Use char because int might match the return type of a GCC
|    builtin and then its argument prototype would still apply.  */
| #ifdef __cplusplus
| extern "C"
| #endif
| char MPI_Init ();
| int
| main ()
| {
| return MPI_Init ();
|   ;
|   return 0;
| }
configure:13786: result: no
configure:13757: checking for function MPI_Init in -lmpi
configure:13779: gcc -o conftest -g -O2   conftest.c -lmpi  >&5
configure:13779: $? = 0
configure:13786: result: yes
configure:13797: checking for mpi.h
configure:13810: gcc -c -g -O2  conftest.c >&5
configure:13810: $? = 0
configure:13811: result: yes
configure:13909: checking for mpicc
configure:13925: found /usr/local/bin/mpicc
configure:13936: result: mpicc
configure:13987: checking for wish
configure:14003: found /home/carolhanna/miniconda3/bin/wish
configure:14014: result: yes
configure:14024: checking for gnuplot
configure:14054: result: no
configure:14061: checking for main in -llapack
configure:14080: gcc -o conftest -g -O2   conftest.c -llapack  -lmpi  >&5
/usr/bin/ld: cannot find -llapack
collect2: error: ld returned 1 exit status
configure:14080: $? = 1
configure: failed program was:
| /* confdefs.h */
| #define PACKAGE_NAME "mcsim"
| #define PACKAGE_TARNAME "mcsim"
| #define PACKAGE_VERSION "6.2.0"
| #define PACKAGE_STRING "mcsim 6.2.0"
| #define PACKAGE_BUGREPORT "bug-mcsim@gnu.org"
| #define PACKAGE_URL ""
| #define PACKAGE "mcsim"
| #define VERSION "6.2.0"
| #define STDC_HEADERS 1
| #define HAVE_SYS_TYPES_H 1
| #define HAVE_SYS_STAT_H 1
| #define HAVE_STDLIB_H 1
| #define HAVE_STRING_H 1
| #define HAVE_MEMORY_H 1
| #define HAVE_STRINGS_H 1
| #define HAVE_INTTYPES_H 1
| #define HAVE_STDINT_H 1
| #define HAVE_UNISTD_H 1
| #define HAVE_DLFCN_H 1
| #define LT_OBJDIR ".libs/"
| /* end confdefs.h.  */
| 
| 
| int
| main ()
| {
| return main ();
|   ;
|   return 0;
| }
configure:14089: result: no
configure:14100: checking for main in -lsundials_nvecserial
configure:14119: gcc -o conftest -g -O2   conftest.c -lsundials_nvecserial  -lmpi  >&5
/usr/bin/ld: cannot find -lsundials_nvecserial
collect2: error: ld returned 1 exit status
configure:14119: $? = 1
configure: failed program was:
| /* confdefs.h */
| #define PACKAGE_NAME "mcsim"
| #define PACKAGE_TARNAME "mcsim"
| #define PACKAGE_VERSION "6.2.0"
| #define PACKAGE_STRING "mcsim 6.2.0"
| #define PACKAGE_BUGREPORT "bug-mcsim@gnu.org"
| #define PACKAGE_URL ""
| #define PACKAGE "mcsim"
| #define VERSION "6.2.0"
| #define STDC_HEADERS 1
| #define HAVE_SYS_TYPES_H 1
| #define HAVE_SYS_STAT_H 1
| #define HAVE_STDLIB_H 1
| #define HAVE_STRING_H 1
| #define HAVE_MEMORY_H 1
| #define HAVE_STRINGS_H 1
| #define HAVE_INTTYPES_H 1
| #define HAVE_STDINT_H 1
| #define HAVE_UNISTD_H 1
| #define HAVE_DLFCN_H 1
| #define LT_OBJDIR ".libs/"
| /* end confdefs.h.  */
| 
| 
| int
| main ()
| {
| return main ();
|   ;
|   return 0;
| }
configure:14128: result: no
configure:14139: checking for main in -lsundials_cvodes
configure:14158: gcc -o conftest -g -O2   conftest.c -lsundials_cvodes  -lmpi  >&5
/usr/bin/ld: cannot find -lsundials_cvodes
collect2: error: ld returned 1 exit status
configure:14158: $? = 1
configure: failed program was:
| /* confdefs.h */
| #define PACKAGE_NAME "mcsim"
| #define PACKAGE_TARNAME "mcsim"
| #define PACKAGE_VERSION "6.2.0"
| #define PACKAGE_STRING "mcsim 6.2.0"
| #define PACKAGE_BUGREPORT "bug-mcsim@gnu.org"
| #define PACKAGE_URL ""
| #define PACKAGE "mcsim"
| #define VERSION "6.2.0"
| #define STDC_HEADERS 1
| #define HAVE_SYS_TYPES_H 1
| #define HAVE_SYS_STAT_H 1
| #define HAVE_STDLIB_H 1
| #define HAVE_STRING_H 1
| #define HAVE_MEMORY_H 1
| #define HAVE_STRINGS_H 1
| #define HAVE_INTTYPES_H 1
| #define HAVE_STDINT_H 1
| #define HAVE_UNISTD_H 1
| #define HAVE_DLFCN_H 1
| #define LT_OBJDIR ".libs/"
| /* end confdefs.h.  */
| 
| 
| int
| main ()
| {
| return main ();
|   ;
|   return 0;
| }
configure:14167: result: no
configure:14178: checking for main in -lgslcblas
configure:14197: gcc -o conftest -g -O2   conftest.c -lgslcblas  -lmpi  >&5
/usr/bin/ld: cannot find -lgslcblas
collect2: error: ld returned 1 exit status
configure:14197: $? = 1
configure: failed program was:
| /* confdefs.h */
| #define PACKAGE_NAME "mcsim"
| #define PACKAGE_TARNAME "mcsim"
| #define PACKAGE_VERSION "6.2.0"
| #define PACKAGE_STRING "mcsim 6.2.0"
| #define PACKAGE_BUGREPORT "bug-mcsim@gnu.org"
| #define PACKAGE_URL ""
| #define PACKAGE "mcsim"
| #define VERSION "6.2.0"
| #define STDC_HEADERS 1
| #define HAVE_SYS_TYPES_H 1
| #define HAVE_SYS_STAT_H 1
| #define HAVE_STDLIB_H 1
| #define HAVE_STRING_H 1
| #define HAVE_MEMORY_H 1
| #define HAVE_STRINGS_H 1
| #define HAVE_INTTYPES_H 1
| #define HAVE_STDINT_H 1
| #define HAVE_UNISTD_H 1
| #define HAVE_DLFCN_H 1
| #define LT_OBJDIR ".libs/"
| /* end confdefs.h.  */
| 
| 
| int
| main ()
| {
| return main ();
|   ;
|   return 0;
| }
configure:14206: result: no
configure:14217: checking for gsl_cdf_gamma_P in -lgsl
configure:14242: gcc -o conftest -g -O2   conftest.c -lgsl  -lmpi  >&5
/usr/bin/ld: cannot find -lgsl
collect2: error: ld returned 1 exit status
configure:14242: $? = 1
configure: failed program was:
| /* confdefs.h */
| #define PACKAGE_NAME "mcsim"
| #define PACKAGE_TARNAME "mcsim"
| #define PACKAGE_VERSION "6.2.0"
| #define PACKAGE_STRING "mcsim 6.2.0"
| #define PACKAGE_BUGREPORT "bug-mcsim@gnu.org"
| #define PACKAGE_URL ""
| #define PACKAGE "mcsim"
| #define VERSION "6.2.0"
| #define STDC_HEADERS 1
| #define HAVE_SYS_TYPES_H 1
| #define HAVE_SYS_STAT_H 1
| #define HAVE_STDLIB_H 1
| #define HAVE_STRING_H 1
| #define HAVE_MEMORY_H 1
| #define HAVE_STRINGS_H 1
| #define HAVE_INTTYPES_H 1
| #define HAVE_STDINT_H 1
| #define HAVE_UNISTD_H 1
| #define HAVE_DLFCN_H 1
| #define LT_OBJDIR ".libs/"
| /* end confdefs.h.  */
| 
| /* Override any GCC internal prototype to avoid an error.
|    Use char because int might match the return type of a GCC
|    builtin and then its argument prototype would still apply.  */
| #ifdef __cplusplus
| extern "C"
| #endif
| char gsl_cdf_gamma_P ();
| int
| main ()
| {
| return gsl_cdf_gamma_P ();
|   ;
|   return 0;
| }
configure:14251: result: no
configure:14262: checking for main in -lm
configure:14281: gcc -o conftest -g -O2   conftest.c -lm  -lmpi  >&5
configure:14281: $? = 0
configure:14290: result: yes
configure:14301: checking for main in -lsbml
configure:14320: gcc -o conftest -g -O2   conftest.c -lsbml  -lm -lmpi  >&5
/usr/bin/ld: cannot find -lsbml
collect2: error: ld returned 1 exit status
configure:14320: $? = 1
configure: failed program was:
| /* confdefs.h */
| #define PACKAGE_NAME "mcsim"
| #define PACKAGE_TARNAME "mcsim"
| #define PACKAGE_VERSION "6.2.0"
| #define PACKAGE_STRING "mcsim 6.2.0"
| #define PACKAGE_BUGREPORT "bug-mcsim@gnu.org"
| #define PACKAGE_URL ""
| #define PACKAGE "mcsim"
| #define VERSION "6.2.0"
| #define STDC_HEADERS 1
| #define HAVE_SYS_TYPES_H 1
| #define HAVE_SYS_STAT_H 1
| #define HAVE_STDLIB_H 1
| #define HAVE_STRING_H 1
| #define HAVE_MEMORY_H 1
| #define HAVE_STRINGS_H 1
| #define HAVE_INTTYPES_H 1
| #define HAVE_STDINT_H 1
| #define HAVE_UNISTD_H 1
| #define HAVE_DLFCN_H 1
| #define LT_OBJDIR ".libs/"
| #define HAVE_LIBM 1
| /* end confdefs.h.  */
| 
| 
| int
| main ()
| {
| return main ();
|   ;
|   return 0;
| }
configure:14329: result: no
configure:14342: checking for ANSI C header files
configure:14446: result: yes
configure:14457: checking float.h usability
configure:14457: gcc -c -g -O2  conftest.c >&5
configure:14457: $? = 0
configure:14457: result: yes
configure:14457: checking float.h presence
configure:14457: gcc -E  conftest.c
configure:14457: $? = 0
configure:14457: result: yes
configure:14457: checking for float.h
configure:14457: result: yes
configure:14457: checking limits.h usability
configure:14457: gcc -c -g -O2  conftest.c >&5
configure:14457: $? = 0
configure:14457: result: yes
configure:14457: checking limits.h presence
configure:14457: gcc -E  conftest.c
configure:14457: $? = 0
configure:14457: result: yes
configure:14457: checking for limits.h
configure:14457: result: yes
configure:14469: checking for an ANSI C-conforming const
configure:14535: gcc -c -g -O2  conftest.c >&5
configure:14535: $? = 0
configure:14542: result: yes
configure:14550: checking whether struct tm is in sys/time.h or time.h
configure:14570: gcc -c -g -O2  conftest.c >&5
configure:14570: $? = 0
configure:14577: result: time.h
configure:14589: checking for stdlib.h
configure:14589: result: yes
configure:14599: checking for GNU libc compatible malloc
configure:14623: gcc -o conftest -g -O2   conftest.c -lm -lmpi  >&5
configure:14623: $? = 0
configure:14623: ./conftest
configure:14623: $? = 0
configure:14633: result: yes
configure:14656: checking for stdlib.h
configure:14656: result: yes
configure:14666: checking for GNU libc compatible realloc
configure:14690: gcc -o conftest -g -O2   conftest.c -lm -lmpi  >&5
configure:14690: $? = 0
configure:14690: ./conftest
configure:14690: $? = 0
configure:14700: result: yes
configure:14724: checking for floor
configure:14724: gcc -o conftest -g -O2   conftest.c -lm -lmpi  >&5
conftest.c:54:6: warning: conflicting types for built-in function 'floor' [-Wbuiltin-declaration-mismatch]
 char floor ();
      ^~~~~
configure:14724: $? = 0
configure:14724: result: yes
configure:14724: checking for modf
configure:14724: gcc -o conftest -g -O2   conftest.c -lm -lmpi  >&5
conftest.c:55:6: warning: conflicting types for built-in function 'modf' [-Wbuiltin-declaration-mismatch]
 char modf ();
      ^~~~
configure:14724: $? = 0
configure:14724: result: yes
configure:14724: checking for pow
configure:14724: gcc -o conftest -g -O2   conftest.c -lm -lmpi  >&5
conftest.c:56:6: warning: conflicting types for built-in function 'pow' [-Wbuiltin-declaration-mismatch]
 char pow ();
      ^~~
configure:14724: $? = 0
configure:14724: result: yes
configure:14724: checking for sqrt
configure:14724: gcc -o conftest -g -O2   conftest.c -lm -lmpi  >&5
conftest.c:57:6: warning: conflicting types for built-in function 'sqrt' [-Wbuiltin-declaration-mismatch]
 char sqrt ();
      ^~~~
configure:14724: $? = 0
configure:14724: result: yes
configure:14724: checking for strchr
configure:14724: gcc -o conftest -g -O2   conftest.c -lm -lmpi  >&5
conftest.c:58:6: warning: conflicting types for built-in function 'strchr' [-Wbuiltin-declaration-mismatch]
 char strchr ();
      ^~~~~~
configure:14724: $? = 0
configure:14724: result: yes
configure:14724: checking for erfc
configure:14724: gcc -o conftest -g -O2   conftest.c -lm -lmpi  >&5
conftest.c:59:6: warning: conflicting types for built-in function 'erfc' [-Wbuiltin-declaration-mismatch]
 char erfc ();
      ^~~~
configure:14724: $? = 0
configure:14724: result: yes
configure:14724: checking for nextafter
configure:14724: gcc -o conftest -g -O2   conftest.c -lm -lmpi  >&5
conftest.c:60:6: warning: conflicting types for built-in function 'nextafter' [-Wbuiltin-declaration-mismatch]
 char nextafter ();
      ^~~~~~~~~
configure:14724: $? = 0
configure:14724: result: yes
configure:14852: checking that generated files are newer than configure
configure:14858: result: done
configure:14889: creating ./config.status

## ---------------------- ##
## Running config.status. ##
## ---------------------- ##

This file was extended by mcsim config.status 6.2.0, which was
generated by GNU Autoconf 2.69.  Invocation command line was

  CONFIG_FILES    = 
  CONFIG_HEADERS  = 
  CONFIG_LINKS    = 
  CONFIG_COMMANDS = 
  $ ./config.status 

on rishon

config.status:1111: creating Makefile
config.status:1111: creating mod/Makefile
config.status:1111: creating sim/Makefile
config.status:1111: creating doc/Makefile
config.status:1111: creating sim/makemcsim
config.status:1111: creating sim/makemcsimp
config.status:1111: creating sim/makemcsimd
config.status:1111: creating sim/makemcsims
config.status:1111: creating examples/perc/Makefile
config.status:1111: creating config.h
config.status:1340: executing depfiles commands
config.status:1340: executing libtool commands

## ---------------- ##
## Cache variables. ##
## ---------------- ##

ac_cv_build=x86_64-pc-linux-gnu
ac_cv_c_compiler_gnu=yes
ac_cv_c_const=yes
ac_cv_env_CC_set=
ac_cv_env_CC_value=
ac_cv_env_CFLAGS_set=
ac_cv_env_CFLAGS_value=
ac_cv_env_CPPFLAGS_set=
ac_cv_env_CPPFLAGS_value=
ac_cv_env_CPP_set=
ac_cv_env_CPP_value=
ac_cv_env_LDFLAGS_set=
ac_cv_env_LDFLAGS_value=
ac_cv_env_LIBS_set=
ac_cv_env_LIBS_value=
ac_cv_env_LT_SYS_LIBRARY_PATH_set=
ac_cv_env_LT_SYS_LIBRARY_PATH_value=
ac_cv_env_MPICC_set=
ac_cv_env_MPICC_value=
ac_cv_env_build_alias_set=
ac_cv_env_build_alias_value=
ac_cv_env_host_alias_set=
ac_cv_env_host_alias_value=
ac_cv_env_target_alias_set=
ac_cv_env_target_alias_value=
ac_cv_func_erfc=yes
ac_cv_func_floor=yes
ac_cv_func_malloc_0_nonnull=yes
ac_cv_func_modf=yes
ac_cv_func_nextafter=yes
ac_cv_func_pow=yes
ac_cv_func_realloc_0_nonnull=yes
ac_cv_func_sqrt=yes
ac_cv_func_strchr=yes
ac_cv_header_dlfcn_h=yes
ac_cv_header_float_h=yes
ac_cv_header_inttypes_h=yes
ac_cv_header_limits_h=yes
ac_cv_header_memory_h=yes
ac_cv_header_stdc=yes
ac_cv_header_stdint_h=yes
ac_cv_header_stdlib_h=yes
ac_cv_header_string_h=yes
ac_cv_header_strings_h=yes
ac_cv_header_sys_stat_h=yes
ac_cv_header_sys_types_h=yes
ac_cv_header_unistd_h=yes
ac_cv_host=x86_64-pc-linux-gnu
ac_cv_lib_gsl_gsl_cdf_gamma_P=no
ac_cv_lib_gslcblas_main=no
ac_cv_lib_lapack_main=no
ac_cv_lib_m_main=yes
ac_cv_lib_sbml_main=no
ac_cv_lib_sundials_cvodes_main=no
ac_cv_lib_sundials_nvecserial_main=no
ac_cv_objext=o
ac_cv_path_EGREP='/bin/grep -E'
ac_cv_path_FGREP='/bin/grep -F'
ac_cv_path_GREP=/bin/grep
ac_cv_path_SED=/bin/sed
ac_cv_path_install='/usr/bin/install -c'
ac_cv_path_lt_DD=/bin/dd
ac_cv_path_mkdir=/bin/mkdir
ac_cv_prog_AWK=gawk
ac_cv_prog_CPP='gcc -E'
ac_cv_prog_WISH_FOUND=yes
ac_cv_prog_ac_ct_AR=ar
ac_cv_prog_ac_ct_CC=gcc
ac_cv_prog_ac_ct_MANIFEST_TOOL=mt
ac_cv_prog_ac_ct_MPICC=mpicc
ac_cv_prog_ac_ct_OBJDUMP=objdump
ac_cv_prog_ac_ct_RANLIB=ranlib
ac_cv_prog_ac_ct_STRIP=strip
ac_cv_prog_cc_c89=
ac_cv_prog_cc_g=yes
ac_cv_prog_make_make_set=yes
ac_cv_struct_tm=time.h
am_cv_CC_dependencies_compiler_type=gcc3
am_cv_ar_interface=ar
am_cv_make_support_nested_variables=yes
am_cv_prog_cc_c_o=yes
lt_cv_ar_at_file=@
lt_cv_archive_cmds_need_lc=no
lt_cv_deplibs_check_method=pass_all
lt_cv_file_magic_cmd='$MAGIC_CMD'
lt_cv_file_magic_test_file=
lt_cv_ld_reload_flag=-r
lt_cv_nm_interface='BSD nm'
lt_cv_objdir=.libs
lt_cv_path_LD=/usr/bin/ld
lt_cv_path_NM='/usr/bin/nm -B'
lt_cv_path_mainfest_tool=no
lt_cv_prog_compiler_c_o=yes
lt_cv_prog_compiler_pic='-fPIC -DPIC'
lt_cv_prog_compiler_pic_works=yes
lt_cv_prog_compiler_rtti_exceptions=no
lt_cv_prog_compiler_static_works=yes
lt_cv_prog_gnu_ld=yes
lt_cv_sharedlib_from_linklib_cmd='printf %s\n'
lt_cv_shlibpath_overrides_runpath=yes
lt_cv_sys_global_symbol_pipe='sed -n -e '\''s/^.*[	 ]\([ABCDGIRSTW][ABCDGIRSTW]*\)[	 ][	 ]*\([_A-Za-z][_A-Za-z0-9]*\)$/\1 \2 \2/p'\'' | sed '\''/ __gnu_lto/d'\'''
lt_cv_sys_global_symbol_to_c_name_address='sed -n -e '\''s/^: \(.*\) .*$/  {"\1", (void *) 0},/p'\'' -e '\''s/^[ABCDGIRSTW][ABCDGIRSTW]* .* \(.*\)$/  {"\1", (void *) \&\1},/p'\'''
lt_cv_sys_global_symbol_to_c_name_address_lib_prefix='sed -n -e '\''s/^: \(.*\) .*$/  {"\1", (void *) 0},/p'\'' -e '\''s/^[ABCDGIRSTW][ABCDGIRSTW]* .* \(lib.*\)$/  {"\1", (void *) \&\1},/p'\'' -e '\''s/^[ABCDGIRSTW][ABCDGIRSTW]* .* \(.*\)$/  {"lib\1", (void *) \&\1},/p'\'''
lt_cv_sys_global_symbol_to_cdecl='sed -n -e '\''s/^T .* \(.*\)$/extern int \1();/p'\'' -e '\''s/^[ABCDGIRSTW][ABCDGIRSTW]* .* \(.*\)$/extern char \1;/p'\'''
lt_cv_sys_global_symbol_to_import=
lt_cv_sys_max_cmd_len=1572864
lt_cv_to_host_file_cmd=func_convert_file_noop
lt_cv_to_tool_file_cmd=func_convert_file_noop
lt_cv_truncate_bin='/bin/dd bs=4096 count=1'

## ----------------- ##
## Output variables. ##
## ----------------- ##

ACLOCAL='${SHELL} /home/carolhanna/Security_Project/gnu_dataset/mcsim-6.2.0/missing aclocal-1.15'
AMDEPBACKSLASH='\'
AMDEP_FALSE='#'
AMDEP_TRUE=''
AMTAR='$${TAR-tar}'
AM_BACKSLASH='\'
AM_DEFAULT_V='$(AM_DEFAULT_VERBOSITY)'
AM_DEFAULT_VERBOSITY='1'
AM_V='$(V)'
AR='ar'
AUTOCONF='${SHELL} /home/carolhanna/Security_Project/gnu_dataset/mcsim-6.2.0/missing autoconf'
AUTOHEADER='${SHELL} /home/carolhanna/Security_Project/gnu_dataset/mcsim-6.2.0/missing autoheader'
AUTOMAKE='${SHELL} /home/carolhanna/Security_Project/gnu_dataset/mcsim-6.2.0/missing automake-1.15'
AWK='gawk'
CC='gcc'
CCDEPMODE='depmode=gcc3'
CFLAGS='-g -O2'
CPP='gcc -E'
CPPFLAGS=''
CYGPATH_W='echo'
DEFS='-DHAVE_CONFIG_H'
DEPDIR='.deps'
DLLTOOL='false'
DSYMUTIL=''
DUMPBIN=''
ECHO_C=''
ECHO_N='-n'
ECHO_T=''
EGREP='/bin/grep -E'
EXEEXT=''
FGREP='/bin/grep -F'
GREP='/bin/grep'
INSTALL_DATA='${INSTALL} -m 644'
INSTALL_PROGRAM='${INSTALL}'
INSTALL_SCRIPT='${INSTALL}'
INSTALL_STRIP_PROGRAM='$(install_sh) -c -s'
LD='/usr/bin/ld -m elf_x86_64'
LDFLAGS=''
LIBOBJS=''
LIBS='-lm -lmpi '
LIBTOOL='$(SHELL) $(top_builddir)/libtool'
LIPO=''
LN_S='ln -s'
LTLIBOBJS=''
LT_SYS_LIBRARY_PATH=''
MAKEINFO='${SHELL} /home/carolhanna/Security_Project/gnu_dataset/mcsim-6.2.0/missing makeinfo'
MANIFEST_TOOL=':'
MKDIR_P='/bin/mkdir -p'
MPICC='mpicc'
NM='/usr/bin/nm -B'
NMEDIT=''
OBJDUMP='objdump'
OBJEXT='o'
OTOOL64=''
OTOOL=''
PACKAGE='mcsim'
PACKAGE_BUGREPORT='bug-mcsim@gnu.org'
PACKAGE_NAME='mcsim'
PACKAGE_STRING='mcsim 6.2.0'
PACKAGE_TARNAME='mcsim'
PACKAGE_URL=''
PACKAGE_VERSION='6.2.0'
PATH_SEPARATOR=':'
PLOT_FOUND=''
RANLIB='ranlib'
SED='/bin/sed'
SET_MAKE=''
SHELL='/bin/bash'
STRIP='strip'
VERSION='6.2.0'
WISH_FOUND='yes'
ac_ct_AR='ar'
ac_ct_CC='gcc'
ac_ct_DUMPBIN=''
ac_ct_MPICC='mpicc'
am__EXEEXT_FALSE=''
am__EXEEXT_TRUE='#'
am__fastdepCC_FALSE='#'
am__fastdepCC_TRUE=''
am__include='include'
am__isrc=''
am__leading_dot='.'
am__nodep='_no'
am__quote=''
am__tar='$${TAR-tar} chof - "$$tardir"'
am__untar='$${TAR-tar} xf -'
bindir='${exec_prefix}/bin'
build='x86_64-pc-linux-gnu'
build_alias=''
build_cpu='x86_64'
build_os='linux-gnu'
build_vendor='pc'
datadir='${datarootdir}'
datarootdir='${prefix}/share'
docdir='${datarootdir}/doc/${PACKAGE_TARNAME}'
dvidir='${docdir}'
exec_prefix='${prefix}'
host='x86_64-pc-linux-gnu'
host_alias=''
host_cpu='x86_64'
host_os='linux-gnu'
host_vendor='pc'
htmldir='${docdir}'
includedir='${prefix}/include'
infodir='${datarootdir}/info'
install_sh='${SHELL} /home/carolhanna/Security_Project/gnu_dataset/mcsim-6.2.0/install-sh'
libdir='${exec_prefix}/lib'
libexecdir='${exec_prefix}/libexec'
localedir='${datarootdir}/locale'
localstatedir='${prefix}/var'
mandir='${datarootdir}/man'
mkdir_p='$(MKDIR_P)'
oldincludedir='/usr/include'
pdfdir='${docdir}'
prefix='/usr/local'
program_transform_name='s,x,x,'
psdir='${docdir}'
runstatedir='${localstatedir}/run'
sbindir='${exec_prefix}/sbin'
sharedstatedir='${prefix}/com'
sysconfdir='${prefix}/etc'
target_alias=''

## ----------- ##
## confdefs.h. ##
## ----------- ##

/* confdefs.h */
#define PACKAGE_NAME "mcsim"
#define PACKAGE_TARNAME "mcsim"
#define PACKAGE_VERSION "6.2.0"
#define PACKAGE_STRING "mcsim 6.2.0"
#define PACKAGE_BUGREPORT "bug-mcsim@gnu.org"
#define PACKAGE_URL ""
#define PACKAGE "mcsim"
#define VERSION "6.2.0"
#define STDC_HEADERS 1
#define HAVE_SYS_TYPES_H 1
#define HAVE_SYS_STAT_H 1
#define HAVE_STDLIB_H 1
#define HAVE_STRING_H 1
#define HAVE_MEMORY_H 1
#define HAVE_STRINGS_H 1
#define HAVE_INTTYPES_H 1
#define HAVE_STDINT_H 1
#define HAVE_UNISTD_H 1
#define HAVE_DLFCN_H 1
#define LT_OBJDIR ".libs/"
#define HAVE_LIBM 1
#define STDC_HEADERS 1
#define HAVE_FLOAT_H 1
#define HAVE_LIMITS_H 1
#define HAVE_STDLIB_H 1
#define HAVE_MALLOC 1
#define HAVE_STDLIB_H 1
#define HAVE_REALLOC 1
#define HAVE_FLOOR 1
#define HAVE_MODF 1
#define HAVE_POW 1
#define HAVE_SQRT 1
#define HAVE_STRCHR 1
#define HAVE_ERFC 1
#define HAVE_NEXTAFTER 1

configure: exit 0
