This file contains any messages produced by compilers while
running configure, to aid debugging if configure makes a mistake.

It was created by GNU dap configure 3.9, which was
generated by GNU Autoconf 2.69.  Invocation command line was

  $ ./configure 

## --------- ##
## Platform. ##
## --------- ##

hostname = rishon
uname -m = x86_64
uname -r = 4.15.0-72-generic
uname -s = Linux
uname -v = #81-Ubuntu SMP Tue Nov 26 12:20:02 UTC 2019

/usr/bin/uname -p = unknown
/bin/uname -X     = unknown

/bin/arch              = unknown
/usr/bin/arch -k       = unknown
/usr/convex/getsysinfo = unknown
/usr/bin/hostinfo      = unknown
/bin/machine           = unknown
/usr/bin/oslevel       = unknown
/bin/universe          = unknown

PATH: /home/carolhanna/miniconda3/bin
PATH: /home/carolhanna/miniconda3/condabin
PATH: /usr/local/sbin
PATH: /usr/local/bin
PATH: /usr/sbin
PATH: /usr/bin
PATH: /sbin
PATH: /bin
PATH: /usr/games
PATH: /usr/local/games
PATH: /snap/bin


## ----------- ##
## Core tests. ##
## ----------- ##

configure:2297: checking for a BSD-compatible install
configure:2365: result: /usr/bin/install -c
configure:2376: checking whether build environment is sane
configure:2426: result: yes
configure:2567: checking for a thread-safe mkdir -p
configure:2606: result: /bin/mkdir -p
configure:2619: checking for gawk
configure:2635: found /usr/bin/gawk
configure:2646: result: gawk
configure:2657: checking whether make sets $(MAKE)
configure:2679: result: yes
configure:2775: checking for style of include used by make
configure:2803: result: GNU
configure:2874: checking for gcc
configure:2890: found /usr/bin/gcc
configure:2901: result: gcc
configure:3130: checking for C compiler version
configure:3139: gcc --version >&5
gcc (Ubuntu 7.5.0-3ubuntu1~18.04) 7.5.0
Copyright (C) 2017 Free Software Foundation, Inc.
This is free software; see the source for copying conditions.  There is NO
warranty; not even for MERCHANTABILITY or FITNESS FOR A PARTICULAR PURPOSE.

configure:3150: $? = 0
configure:3139: gcc -v >&5
Using built-in specs.
COLLECT_GCC=gcc
COLLECT_LTO_WRAPPER=/usr/lib/gcc/x86_64-linux-gnu/7/lto-wrapper
OFFLOAD_TARGET_NAMES=nvptx-none
OFFLOAD_TARGET_DEFAULT=1
Target: x86_64-linux-gnu
Configured with: ../src/configure -v --with-pkgversion='Ubuntu 7.5.0-3ubuntu1~18.04' --with-bugurl=file:///usr/share/doc/gcc-7/README.Bugs --enable-languages=c,ada,c++,go,brig,d,fortran,objc,obj-c++ --prefix=/usr --with-gcc-major-version-only --program-suffix=-7 --program-prefix=x86_64-linux-gnu- --enable-shared --enable-linker-build-id --libexecdir=/usr/lib --without-included-gettext --enable-threads=posix --libdir=/usr/lib --enable-nls --enable-bootstrap --enable-clocale=gnu --enable-libstdcxx-debug --enable-libstdcxx-time=yes --with-default-libstdcxx-abi=new --enable-gnu-unique-object --disable-vtable-verify --enable-libmpx --enable-plugin --enable-default-pie --with-system-zlib --with-target-system-zlib --enable-objc-gc=auto --enable-multiarch --disable-werror --with-arch-32=i686 --with-abi=m64 --with-multilib-list=m32,m64,mx32 --enable-multilib --with-tune=generic --enable-offload-targets=nvptx-none --without-cuda-driver --enable-checking=release --build=x86_64-linux-gnu --host=x86_64-linux-gnu --target=x86_64-linux-gnu
Thread model: posix
gcc version 7.5.0 (Ubuntu 7.5.0-3ubuntu1~18.04) 
configure:3150: $? = 0
configure:3139: gcc -V >&5
gcc: error: unrecognized command line option '-V'
gcc: fatal error: no input files
compilation terminated.
configure:3150: $? = 1
configure:3139: gcc -qversion >&5
gcc: error: unrecognized command line option '-qversion'; did you mean '--version'?
gcc: fatal error: no input files
compilation terminated.
configure:3150: $? = 1
configure:3170: checking whether the C compiler works
configure:3192: gcc    conftest.c  >&5
configure:3196: $? = 0
configure:3244: result: yes
configure:3247: checking for C compiler default output file name
configure:3249: result: a.out
configure:3255: checking for suffix of executables
configure:3262: gcc -o conftest    conftest.c  >&5
configure:3266: $? = 0
configure:3288: result: 
configure:3310: checking whether we are cross compiling
configure:3318: gcc -o conftest    conftest.c  >&5
configure:3322: $? = 0
configure:3329: ./conftest
configure:3333: $? = 0
configure:3348: result: no
configure:3353: checking for suffix of object files
configure:3375: gcc -c   conftest.c >&5
configure:3379: $? = 0
configure:3400: result: o
configure:3404: checking whether we are using the GNU C compiler
configure:3423: gcc -c   conftest.c >&5
configure:3423: $? = 0
configure:3432: result: yes
configure:3441: checking whether gcc accepts -g
configure:3461: gcc -c -g  conftest.c >&5
configure:3461: $? = 0
configure:3502: result: yes
configure:3519: checking for gcc option to accept ISO C89
configure:3582: gcc  -c -g -O2  conftest.c >&5
configure:3582: $? = 0
configure:3595: result: none needed
configure:3617: checking dependency style of gcc
configure:3728: result: gcc3
configure:3748: checking whether make sets $(MAKE)
configure:3770: result: yes
configure:3810: checking build system type
configure:3824: result: x86_64-unknown-linux-gnu
configure:3844: checking host system type
configure:3857: result: x86_64-unknown-linux-gnu
configure:3898: checking how to print strings
configure:3925: result: printf
configure:3946: checking for a sed that does not truncate output
configure:4010: result: /bin/sed
configure:4028: checking for grep that handles long lines and -e
configure:4086: result: /bin/grep
configure:4091: checking for egrep
configure:4153: result: /bin/grep -E
configure:4158: checking for fgrep
configure:4220: result: /bin/grep -F
configure:4255: checking for ld used by gcc
configure:4322: result: /usr/bin/ld
configure:4329: checking if the linker (/usr/bin/ld) is GNU ld
configure:4344: result: yes
configure:4356: checking for BSD- or MS-compatible name lister (nm)
configure:4405: result: /usr/bin/nm -B
configure:4535: checking the name lister (/usr/bin/nm -B) interface
configure:4542: gcc -c -g -O2  conftest.c >&5
configure:4545: /usr/bin/nm -B "conftest.o"
configure:4548: output
0000000000000000 B some_variable
configure:4555: result: BSD nm
configure:4558: checking whether ln -s works
configure:4562: result: yes
configure:4570: checking the maximum length of command line arguments
configure:4701: result: 1572864
configure:4718: checking whether the shell understands some XSI constructs
configure:4728: result: yes
configure:4732: checking whether the shell understands "+="
configure:4738: result: yes
configure:4773: checking how to convert x86_64-unknown-linux-gnu file names to x86_64-unknown-linux-gnu format
configure:4813: result: func_convert_file_noop
configure:4820: checking how to convert x86_64-unknown-linux-gnu file names to toolchain format
configure:4840: result: func_convert_file_noop
configure:4847: checking for /usr/bin/ld option to reload object files
configure:4854: result: -r
configure:4928: checking for objdump
configure:4944: found /usr/bin/objdump
configure:4955: result: objdump
configure:4987: checking how to recognize dependent libraries
configure:5185: result: pass_all
configure:5270: checking for dlltool
configure:5300: result: no
configure:5330: checking how to associate runtime and link libraries
configure:5357: result: printf %s\n
configure:5418: checking for ar
configure:5434: found /usr/bin/ar
configure:5445: result: ar
configure:5482: checking for archiver @FILE support
configure:5499: gcc -c -g -O2  conftest.c >&5
configure:5499: $? = 0
configure:5502: ar cru libconftest.a @conftest.lst >&5
ar: `u' modifier ignored since `D' is the default (see `U')
configure:5505: $? = 0
configure:5510: ar cru libconftest.a @conftest.lst >&5
ar: `u' modifier ignored since `D' is the default (see `U')
ar: conftest.o: No such file or directory
configure:5513: $? = 1
configure:5525: result: @
configure:5583: checking for strip
configure:5599: found /usr/bin/strip
configure:5610: result: strip
configure:5682: checking for ranlib
configure:5698: found /usr/bin/ranlib
configure:5709: result: ranlib
configure:5811: checking command to parse /usr/bin/nm -B output from gcc object
configure:5931: gcc -c -g -O2  conftest.c >&5
configure:5934: $? = 0
configure:5938: /usr/bin/nm -B conftest.o \| sed -n -e 's/^.*[ ]\([ABCDGIRSTW][ABCDGIRSTW]*\)[ ][ ]*\([_A-Za-z][_A-Za-z0-9]*\)$/\1 \2 \2/p' | sed '/ __gnu_lto/d' \> conftest.nm
configure:5941: $? = 0
configure:6007: gcc -o conftest -g -O2   conftest.c conftstm.o >&5
configure:6010: $? = 0
configure:6048: result: ok
configure:6085: checking for sysroot
configure:6115: result: no
configure:6192: gcc -c -g -O2  conftest.c >&5
configure:6195: $? = 0
configure:6378: checking for mt
configure:6394: found /bin/mt
configure:6405: result: mt
configure:6428: checking if mt is a manifest tool
configure:6434: mt '-?'
configure:6442: result: no
configure:7084: checking how to run the C preprocessor
configure:7115: gcc -E  conftest.c
configure:7115: $? = 0
configure:7129: gcc -E  conftest.c
conftest.c:11:10: fatal error: ac_nonexistent.h: No such file or directory
 #include <ac_nonexistent.h>
          ^~~~~~~~~~~~~~~~~~
compilation terminated.
configure:7129: $? = 1
configure: failed program was:
| /* confdefs.h */
| #define PACKAGE_NAME "GNU dap"
| #define PACKAGE_TARNAME "dap"
| #define PACKAGE_VERSION "3.9"
| #define PACKAGE_STRING "GNU dap 3.9"
| #define PACKAGE_BUGREPORT "bug-dap@gnu.org"
| #define PACKAGE_URL "http://www.gnu.org/software/dap/"
| #define PACKAGE "dap"
| #define VERSION "3.9"
| /* end confdefs.h.  */
| #include <ac_nonexistent.h>
configure:7154: result: gcc -E
configure:7174: gcc -E  conftest.c
configure:7174: $? = 0
configure:7188: gcc -E  conftest.c
conftest.c:11:10: fatal error: ac_nonexistent.h: No such file or directory
 #include <ac_nonexistent.h>
          ^~~~~~~~~~~~~~~~~~
compilation terminated.
configure:7188: $? = 1
configure: failed program was:
| /* confdefs.h */
| #define PACKAGE_NAME "GNU dap"
| #define PACKAGE_TARNAME "dap"
| #define PACKAGE_VERSION "3.9"
| #define PACKAGE_STRING "GNU dap 3.9"
| #define PACKAGE_BUGREPORT "bug-dap@gnu.org"
| #define PACKAGE_URL "http://www.gnu.org/software/dap/"
| #define PACKAGE "dap"
| #define VERSION "3.9"
| /* end confdefs.h.  */
| #include <ac_nonexistent.h>
configure:7217: checking for ANSI C header files
configure:7237: gcc -c -g -O2  conftest.c >&5
configure:7237: $? = 0
configure:7310: gcc -o conftest -g -O2   conftest.c  >&5
configure:7310: $? = 0
configure:7310: ./conftest
configure:7310: $? = 0
configure:7321: result: yes
configure:7334: checking for sys/types.h
configure:7334: gcc -c -g -O2  conftest.c >&5
configure:7334: $? = 0
configure:7334: result: yes
configure:7334: checking for sys/stat.h
configure:7334: gcc -c -g -O2  conftest.c >&5
configure:7334: $? = 0
configure:7334: result: yes
configure:7334: checking for stdlib.h
configure:7334: gcc -c -g -O2  conftest.c >&5
configure:7334: $? = 0
configure:7334: result: yes
configure:7334: checking for string.h
configure:7334: gcc -c -g -O2  conftest.c >&5
configure:7334: $? = 0
configure:7334: result: yes
configure:7334: checking for memory.h
configure:7334: gcc -c -g -O2  conftest.c >&5
configure:7334: $? = 0
configure:7334: result: yes
configure:7334: checking for strings.h
configure:7334: gcc -c -g -O2  conftest.c >&5
configure:7334: $? = 0
configure:7334: result: yes
configure:7334: checking for inttypes.h
configure:7334: gcc -c -g -O2  conftest.c >&5
configure:7334: $? = 0
configure:7334: result: yes
configure:7334: checking for stdint.h
configure:7334: gcc -c -g -O2  conftest.c >&5
configure:7334: $? = 0
configure:7334: result: yes
configure:7334: checking for unistd.h
configure:7334: gcc -c -g -O2  conftest.c >&5
configure:7334: $? = 0
configure:7334: result: yes
configure:7348: checking for dlfcn.h
configure:7348: gcc -c -g -O2  conftest.c >&5
configure:7348: $? = 0
configure:7348: result: yes
configure:7554: checking for objdir
configure:7569: result: .libs
configure:7836: checking if gcc supports -fno-rtti -fno-exceptions
configure:7854: gcc -c -g -O2  -fno-rtti -fno-exceptions conftest.c >&5
cc1: warning: command line option '-fno-rtti' is valid for C++/ObjC++ but not for C
configure:7858: $? = 0
configure:7871: result: no
configure:8198: checking for gcc option to produce PIC
configure:8205: result: -fPIC -DPIC
configure:8213: checking if gcc PIC flag -fPIC -DPIC works
configure:8231: gcc -c -g -O2  -fPIC -DPIC -DPIC conftest.c >&5
configure:8235: $? = 0
configure:8248: result: yes
configure:8277: checking if gcc static flag -static works
configure:8305: result: yes
configure:8320: checking if gcc supports -c -o file.o
configure:8341: gcc -c -g -O2  -o out/conftest2.o conftest.c >&5
configure:8345: $? = 0
configure:8367: result: yes
configure:8375: checking if gcc supports -c -o file.o
configure:8422: result: yes
configure:8455: checking whether the gcc linker (/usr/bin/ld -m elf_x86_64) supports shared libraries
configure:9612: result: yes
configure:9649: checking whether -lc should be explicitly linked in
configure:9657: gcc -c -g -O2  conftest.c >&5
configure:9660: $? = 0
configure:9675: gcc -shared  -fPIC -DPIC conftest.o  -v -Wl,-soname -Wl,conftest -o conftest 2\>\&1 \| /bin/grep  -lc  \>/dev/null 2\>\&1
configure:9678: $? = 0
configure:9692: result: no
configure:9852: checking dynamic linker characteristics
configure:10352: gcc -o conftest -g -O2   -Wl,-rpath -Wl,/foo conftest.c  >&5
configure:10352: $? = 0
configure:10586: result: GNU/Linux ld.so
configure:10693: checking how to hardcode library paths into programs
configure:10718: result: immediate
configure:11258: checking whether stripping libraries is possible
configure:11263: result: yes
configure:11298: checking if libtool supports shared libraries
configure:11300: result: yes
configure:11303: checking whether to build shared libraries
configure:11324: result: yes
configure:11327: checking whether to build static libraries
configure:11331: result: yes
configure:11369: checking for ANSI C header files
configure:11473: result: yes
configure:11481: checking for sys/wait.h that is POSIX.1 compatible
configure:11507: gcc -c -g -O2  conftest.c >&5
configure:11507: $? = 0
configure:11514: result: yes
configure:11525: checking fcntl.h usability
configure:11525: gcc -c -g -O2  conftest.c >&5
configure:11525: $? = 0
configure:11525: result: yes
configure:11525: checking fcntl.h presence
configure:11525: gcc -E  conftest.c
configure:11525: $? = 0
configure:11525: result: yes
configure:11525: checking for fcntl.h
configure:11525: result: yes
configure:11525: checking for strings.h
configure:11525: result: yes
configure:11525: checking for unistd.h
configure:11525: result: yes
configure:11536: checking for mode_t
configure:11536: gcc -c -g -O2  conftest.c >&5
configure:11536: $? = 0
configure:11536: gcc -c -g -O2  conftest.c >&5
conftest.c: In function 'main':
conftest.c:64:21: error: expected expression before ')' token
 if (sizeof ((mode_t)))
                     ^
configure:11536: $? = 1
configure: failed program was:
| /* confdefs.h */
| #define PACKAGE_NAME "GNU dap"
| #define PACKAGE_TARNAME "dap"
| #define PACKAGE_VERSION "3.9"
| #define PACKAGE_STRING "GNU dap 3.9"
| #define PACKAGE_BUGREPORT "bug-dap@gnu.org"
| #define PACKAGE_URL "http://www.gnu.org/software/dap/"
| #define PACKAGE "dap"
| #define VERSION "3.9"
| #define STDC_HEADERS 1
| #define HAVE_SYS_TYPES_H 1
| #define HAVE_SYS_STAT_H 1
| #define HAVE_STDLIB_H 1
| #define HAVE_STRING_H 1
| #define HAVE_MEMORY_H 1
| #define HAVE_STRINGS_H 1
| #define HAVE_INTTYPES_H 1
| #define HAVE_STDINT_H 1
| #define HAVE_UNISTD_H 1
| #define HAVE_DLFCN_H 1
| #define LT_OBJDIR ".libs/"
| #define STDC_HEADERS 1
| #define HAVE_SYS_WAIT_H 1
| #define HAVE_FCNTL_H 1
| #define HAVE_STRINGS_H 1
| #define HAVE_UNISTD_H 1
| /* end confdefs.h.  */
| #include <stdio.h>
| #ifdef HAVE_SYS_TYPES_H
| # include <sys/types.h>
| #endif
| #ifdef HAVE_SYS_STAT_H
| # include <sys/stat.h>
| #endif
| #ifdef STDC_HEADERS
| # include <stdlib.h>
| # include <stddef.h>
| #else
| # ifdef HAVE_STDLIB_H
| #  include <stdlib.h>
| # endif
| #endif
| #ifdef HAVE_STRING_H
| # if !defined STDC_HEADERS && defined HAVE_MEMORY_H
| #  include <memory.h>
| # endif
| # include <string.h>
| #endif
| #ifdef HAVE_STRINGS_H
| # include <strings.h>
| #endif
| #ifdef HAVE_INTTYPES_H
| # include <inttypes.h>
| #endif
| #ifdef HAVE_STDINT_H
| # include <stdint.h>
| #endif
| #ifdef HAVE_UNISTD_H
| # include <unistd.h>
| #endif
| int
| main ()
| {
| if (sizeof ((mode_t)))
| 	    return 0;
|   ;
|   return 0;
| }
configure:11536: result: yes
configure:11547: checking for size_t
configure:11547: gcc -c -g -O2  conftest.c >&5
configure:11547: $? = 0
configure:11547: gcc -c -g -O2  conftest.c >&5
conftest.c: In function 'main':
conftest.c:64:21: error: expected expression before ')' token
 if (sizeof ((size_t)))
                     ^
configure:11547: $? = 1
configure: failed program was:
| /* confdefs.h */
| #define PACKAGE_NAME "GNU dap"
| #define PACKAGE_TARNAME "dap"
| #define PACKAGE_VERSION "3.9"
| #define PACKAGE_STRING "GNU dap 3.9"
| #define PACKAGE_BUGREPORT "bug-dap@gnu.org"
| #define PACKAGE_URL "http://www.gnu.org/software/dap/"
| #define PACKAGE "dap"
| #define VERSION "3.9"
| #define STDC_HEADERS 1
| #define HAVE_SYS_TYPES_H 1
| #define HAVE_SYS_STAT_H 1
| #define HAVE_STDLIB_H 1
| #define HAVE_STRING_H 1
| #define HAVE_MEMORY_H 1
| #define HAVE_STRINGS_H 1
| #define HAVE_INTTYPES_H 1
| #define HAVE_STDINT_H 1
| #define HAVE_UNISTD_H 1
| #define HAVE_DLFCN_H 1
| #define LT_OBJDIR ".libs/"
| #define STDC_HEADERS 1
| #define HAVE_SYS_WAIT_H 1
| #define HAVE_FCNTL_H 1
| #define HAVE_STRINGS_H 1
| #define HAVE_UNISTD_H 1
| /* end confdefs.h.  */
| #include <stdio.h>
| #ifdef HAVE_SYS_TYPES_H
| # include <sys/types.h>
| #endif
| #ifdef HAVE_SYS_STAT_H
| # include <sys/stat.h>
| #endif
| #ifdef STDC_HEADERS
| # include <stdlib.h>
| # include <stddef.h>
| #else
| # ifdef HAVE_STDLIB_H
| #  include <stdlib.h>
| # endif
| #endif
| #ifdef HAVE_STRING_H
| # if !defined STDC_HEADERS && defined HAVE_MEMORY_H
| #  include <memory.h>
| # endif
| # include <string.h>
| #endif
| #ifdef HAVE_STRINGS_H
| # include <strings.h>
| #endif
| #ifdef HAVE_INTTYPES_H
| # include <inttypes.h>
| #endif
| #ifdef HAVE_STDINT_H
| # include <stdint.h>
| #endif
| #ifdef HAVE_UNISTD_H
| # include <unistd.h>
| #endif
| int
| main ()
| {
| if (sizeof ((size_t)))
| 	    return 0;
|   ;
|   return 0;
| }
configure:11547: result: yes
configure:11558: checking for pid_t
configure:11558: gcc -c -g -O2  conftest.c >&5
configure:11558: $? = 0
configure:11558: gcc -c -g -O2  conftest.c >&5
conftest.c: In function 'main':
conftest.c:64:20: error: expected expression before ')' token
 if (sizeof ((pid_t)))
                    ^
configure:11558: $? = 1
configure: failed program was:
| /* confdefs.h */
| #define PACKAGE_NAME "GNU dap"
| #define PACKAGE_TARNAME "dap"
| #define PACKAGE_VERSION "3.9"
| #define PACKAGE_STRING "GNU dap 3.9"
| #define PACKAGE_BUGREPORT "bug-dap@gnu.org"
| #define PACKAGE_URL "http://www.gnu.org/software/dap/"
| #define PACKAGE "dap"
| #define VERSION "3.9"
| #define STDC_HEADERS 1
| #define HAVE_SYS_TYPES_H 1
| #define HAVE_SYS_STAT_H 1
| #define HAVE_STDLIB_H 1
| #define HAVE_STRING_H 1
| #define HAVE_MEMORY_H 1
| #define HAVE_STRINGS_H 1
| #define HAVE_INTTYPES_H 1
| #define HAVE_STDINT_H 1
| #define HAVE_UNISTD_H 1
| #define HAVE_DLFCN_H 1
| #define LT_OBJDIR ".libs/"
| #define STDC_HEADERS 1
| #define HAVE_SYS_WAIT_H 1
| #define HAVE_FCNTL_H 1
| #define HAVE_STRINGS_H 1
| #define HAVE_UNISTD_H 1
| /* end confdefs.h.  */
| #include <stdio.h>
| #ifdef HAVE_SYS_TYPES_H
| # include <sys/types.h>
| #endif
| #ifdef HAVE_SYS_STAT_H
| # include <sys/stat.h>
| #endif
| #ifdef STDC_HEADERS
| # include <stdlib.h>
| # include <stddef.h>
| #else
| # ifdef HAVE_STDLIB_H
| #  include <stdlib.h>
| # endif
| #endif
| #ifdef HAVE_STRING_H
| # if !defined STDC_HEADERS && defined HAVE_MEMORY_H
| #  include <memory.h>
| # endif
| # include <string.h>
| #endif
| #ifdef HAVE_STRINGS_H
| # include <strings.h>
| #endif
| #ifdef HAVE_INTTYPES_H
| # include <inttypes.h>
| #endif
| #ifdef HAVE_STDINT_H
| # include <stdint.h>
| #endif
| #ifdef HAVE_UNISTD_H
| # include <unistd.h>
| #endif
| int
| main ()
| {
| if (sizeof ((pid_t)))
| 	    return 0;
|   ;
|   return 0;
| }
configure:11558: result: yes
configure:11569: checking for ssize_t
configure:11569: gcc -c -g -O2  conftest.c >&5
configure:11569: $? = 0
configure:11569: gcc -c -g -O2  conftest.c >&5
conftest.c: In function 'main':
conftest.c:64:22: error: expected expression before ')' token
 if (sizeof ((ssize_t)))
                      ^
configure:11569: $? = 1
configure: failed program was:
| /* confdefs.h */
| #define PACKAGE_NAME "GNU dap"
| #define PACKAGE_TARNAME "dap"
| #define PACKAGE_VERSION "3.9"
| #define PACKAGE_STRING "GNU dap 3.9"
| #define PACKAGE_BUGREPORT "bug-dap@gnu.org"
| #define PACKAGE_URL "http://www.gnu.org/software/dap/"
| #define PACKAGE "dap"
| #define VERSION "3.9"
| #define STDC_HEADERS 1
| #define HAVE_SYS_TYPES_H 1
| #define HAVE_SYS_STAT_H 1
| #define HAVE_STDLIB_H 1
| #define HAVE_STRING_H 1
| #define HAVE_MEMORY_H 1
| #define HAVE_STRINGS_H 1
| #define HAVE_INTTYPES_H 1
| #define HAVE_STDINT_H 1
| #define HAVE_UNISTD_H 1
| #define HAVE_DLFCN_H 1
| #define LT_OBJDIR ".libs/"
| #define STDC_HEADERS 1
| #define HAVE_SYS_WAIT_H 1
| #define HAVE_FCNTL_H 1
| #define HAVE_STRINGS_H 1
| #define HAVE_UNISTD_H 1
| /* end confdefs.h.  */
| #include <stdio.h>
| #ifdef HAVE_SYS_TYPES_H
| # include <sys/types.h>
| #endif
| #ifdef HAVE_SYS_STAT_H
| # include <sys/stat.h>
| #endif
| #ifdef STDC_HEADERS
| # include <stdlib.h>
| # include <stddef.h>
| #else
| # ifdef HAVE_STDLIB_H
| #  include <stdlib.h>
| # endif
| #endif
| #ifdef HAVE_STRING_H
| # if !defined STDC_HEADERS && defined HAVE_MEMORY_H
| #  include <memory.h>
| # endif
| # include <string.h>
| #endif
| #ifdef HAVE_STRINGS_H
| # include <strings.h>
| #endif
| #ifdef HAVE_INTTYPES_H
| # include <inttypes.h>
| #endif
| #ifdef HAVE_STDINT_H
| # include <stdint.h>
| #endif
| #ifdef HAVE_UNISTD_H
| # include <unistd.h>
| #endif
| int
| main ()
| {
| if (sizeof ((ssize_t)))
| 	    return 0;
|   ;
|   return 0;
| }
configure:11569: result: yes
configure:11583: checking for mkdir
configure:11583: gcc -o conftest -g -O2   conftest.c  >&5
configure:11583: $? = 0
configure:11583: result: yes
configure:11594: checking for floor
configure:11594: gcc -o conftest -g -O2   conftest.c  >&5
conftest.c:52:6: warning: conflicting types for built-in function 'floor' [-Wbuiltin-declaration-mismatch]
 char floor ();
      ^~~~~
/tmp/ccyiIpBO.o: In function `main':
/home/carolhanna/Security_Project/gnu_dataset/dap-3.9/conftest.c:63: undefined reference to `floor'
collect2: error: ld returned 1 exit status
configure:11594: $? = 1
configure: failed program was:
| /* confdefs.h */
| #define PACKAGE_NAME "GNU dap"
| #define PACKAGE_TARNAME "dap"
| #define PACKAGE_VERSION "3.9"
| #define PACKAGE_STRING "GNU dap 3.9"
| #define PACKAGE_BUGREPORT "bug-dap@gnu.org"
| #define PACKAGE_URL "http://www.gnu.org/software/dap/"
| #define PACKAGE "dap"
| #define VERSION "3.9"
| #define STDC_HEADERS 1
| #define HAVE_SYS_TYPES_H 1
| #define HAVE_SYS_STAT_H 1
| #define HAVE_STDLIB_H 1
| #define HAVE_STRING_H 1
| #define HAVE_MEMORY_H 1
| #define HAVE_STRINGS_H 1
| #define HAVE_INTTYPES_H 1
| #define HAVE_STDINT_H 1
| #define HAVE_UNISTD_H 1
| #define HAVE_DLFCN_H 1
| #define LT_OBJDIR ".libs/"
| #define STDC_HEADERS 1
| #define HAVE_SYS_WAIT_H 1
| #define HAVE_FCNTL_H 1
| #define HAVE_STRINGS_H 1
| #define HAVE_UNISTD_H 1
| #define HAVE_MKDIR 1
| /* end confdefs.h.  */
| /* Define floor to an innocuous variant, in case <limits.h> declares floor.
|    For example, HP-UX 11i <limits.h> declares gettimeofday.  */
| #define floor innocuous_floor
| 
| /* System header to define __stub macros and hopefully few prototypes,
|     which can conflict with char floor (); below.
|     Prefer <limits.h> to <assert.h> if __STDC__ is defined, since
|     <limits.h> exists even on freestanding compilers.  */
| 
| #ifdef __STDC__
| # include <limits.h>
| #else
| # include <assert.h>
| #endif
| 
| #undef floor
| 
| /* Override any GCC internal prototype to avoid an error.
|    Use char because int might match the return type of a GCC
|    builtin and then its argument prototype would still apply.  */
| #ifdef __cplusplus
| extern "C"
| #endif
| char floor ();
| /* The GNU C library defines this for functions which it implements
|     to always fail with ENOSYS.  Some functions are actually named
|     something starting with __ and the normal name is an alias.  */
| #if defined __stub_floor || defined __stub___floor
| choke me
| #endif
| 
| int
| main ()
| {
| return floor ();
|   ;
|   return 0;
| }
configure:11594: result: no
configure:11605: checking for rint
configure:11605: gcc -o conftest -g -O2   conftest.c  >&5
conftest.c:52:6: warning: conflicting types for built-in function 'rint' [-Wbuiltin-declaration-mismatch]
 char rint ();
      ^~~~
/tmp/cc2et8L2.o: In function `main':
/home/carolhanna/Security_Project/gnu_dataset/dap-3.9/conftest.c:63: undefined reference to `rint'
collect2: error: ld returned 1 exit status
configure:11605: $? = 1
configure: failed program was:
| /* confdefs.h */
| #define PACKAGE_NAME "GNU dap"
| #define PACKAGE_TARNAME "dap"
| #define PACKAGE_VERSION "3.9"
| #define PACKAGE_STRING "GNU dap 3.9"
| #define PACKAGE_BUGREPORT "bug-dap@gnu.org"
| #define PACKAGE_URL "http://www.gnu.org/software/dap/"
| #define PACKAGE "dap"
| #define VERSION "3.9"
| #define STDC_HEADERS 1
| #define HAVE_SYS_TYPES_H 1
| #define HAVE_SYS_STAT_H 1
| #define HAVE_STDLIB_H 1
| #define HAVE_STRING_H 1
| #define HAVE_MEMORY_H 1
| #define HAVE_STRINGS_H 1
| #define HAVE_INTTYPES_H 1
| #define HAVE_STDINT_H 1
| #define HAVE_UNISTD_H 1
| #define HAVE_DLFCN_H 1
| #define LT_OBJDIR ".libs/"
| #define STDC_HEADERS 1
| #define HAVE_SYS_WAIT_H 1
| #define HAVE_FCNTL_H 1
| #define HAVE_STRINGS_H 1
| #define HAVE_UNISTD_H 1
| #define HAVE_MKDIR 1
| /* end confdefs.h.  */
| /* Define rint to an innocuous variant, in case <limits.h> declares rint.
|    For example, HP-UX 11i <limits.h> declares gettimeofday.  */
| #define rint innocuous_rint
| 
| /* System header to define __stub macros and hopefully few prototypes,
|     which can conflict with char rint (); below.
|     Prefer <limits.h> to <assert.h> if __STDC__ is defined, since
|     <limits.h> exists even on freestanding compilers.  */
| 
| #ifdef __STDC__
| # include <limits.h>
| #else
| # include <assert.h>
| #endif
| 
| #undef rint
| 
| /* Override any GCC internal prototype to avoid an error.
|    Use char because int might match the return type of a GCC
|    builtin and then its argument prototype would still apply.  */
| #ifdef __cplusplus
| extern "C"
| #endif
| char rint ();
| /* The GNU C library defines this for functions which it implements
|     to always fail with ENOSYS.  Some functions are actually named
|     something starting with __ and the normal name is an alias.  */
| #if defined __stub_rint || defined __stub___rint
| choke me
| #endif
| 
| int
| main ()
| {
| return rint ();
|   ;
|   return 0;
| }
configure:11605: result: no
configure:11616: checking for sqrt
configure:11616: gcc -o conftest -g -O2   conftest.c  >&5
conftest.c:52:6: warning: conflicting types for built-in function 'sqrt' [-Wbuiltin-declaration-mismatch]
 char sqrt ();
      ^~~~
/tmp/ccGpVvLs.o: In function `main':
/home/carolhanna/Security_Project/gnu_dataset/dap-3.9/conftest.c:63: undefined reference to `sqrt'
collect2: error: ld returned 1 exit status
configure:11616: $? = 1
configure: failed program was:
| /* confdefs.h */
| #define PACKAGE_NAME "GNU dap"
| #define PACKAGE_TARNAME "dap"
| #define PACKAGE_VERSION "3.9"
| #define PACKAGE_STRING "GNU dap 3.9"
| #define PACKAGE_BUGREPORT "bug-dap@gnu.org"
| #define PACKAGE_URL "http://www.gnu.org/software/dap/"
| #define PACKAGE "dap"
| #define VERSION "3.9"
| #define STDC_HEADERS 1
| #define HAVE_SYS_TYPES_H 1
| #define HAVE_SYS_STAT_H 1
| #define HAVE_STDLIB_H 1
| #define HAVE_STRING_H 1
| #define HAVE_MEMORY_H 1
| #define HAVE_STRINGS_H 1
| #define HAVE_INTTYPES_H 1
| #define HAVE_STDINT_H 1
| #define HAVE_UNISTD_H 1
| #define HAVE_DLFCN_H 1
| #define LT_OBJDIR ".libs/"
| #define STDC_HEADERS 1
| #define HAVE_SYS_WAIT_H 1
| #define HAVE_FCNTL_H 1
| #define HAVE_STRINGS_H 1
| #define HAVE_UNISTD_H 1
| #define HAVE_MKDIR 1
| /* end confdefs.h.  */
| /* Define sqrt to an innocuous variant, in case <limits.h> declares sqrt.
|    For example, HP-UX 11i <limits.h> declares gettimeofday.  */
| #define sqrt innocuous_sqrt
| 
| /* System header to define __stub macros and hopefully few prototypes,
|     which can conflict with char sqrt (); below.
|     Prefer <limits.h> to <assert.h> if __STDC__ is defined, since
|     <limits.h> exists even on freestanding compilers.  */
| 
| #ifdef __STDC__
| # include <limits.h>
| #else
| # include <assert.h>
| #endif
| 
| #undef sqrt
| 
| /* Override any GCC internal prototype to avoid an error.
|    Use char because int might match the return type of a GCC
|    builtin and then its argument prototype would still apply.  */
| #ifdef __cplusplus
| extern "C"
| #endif
| char sqrt ();
| /* The GNU C library defines this for functions which it implements
|     to always fail with ENOSYS.  Some functions are actually named
|     something starting with __ and the normal name is an alias.  */
| #if defined __stub_sqrt || defined __stub___sqrt
| choke me
| #endif
| 
| int
| main ()
| {
| return sqrt ();
|   ;
|   return 0;
| }
configure:11616: result: no
configure:11627: checking for pow
configure:11627: gcc -o conftest -g -O2   conftest.c  >&5
conftest.c:52:6: warning: conflicting types for built-in function 'pow' [-Wbuiltin-declaration-mismatch]
 char pow ();
      ^~~
/tmp/ccMtDfKN.o: In function `main':
/home/carolhanna/Security_Project/gnu_dataset/dap-3.9/conftest.c:63: undefined reference to `pow'
collect2: error: ld returned 1 exit status
configure:11627: $? = 1
configure: failed program was:
| /* confdefs.h */
| #define PACKAGE_NAME "GNU dap"
| #define PACKAGE_TARNAME "dap"
| #define PACKAGE_VERSION "3.9"
| #define PACKAGE_STRING "GNU dap 3.9"
| #define PACKAGE_BUGREPORT "bug-dap@gnu.org"
| #define PACKAGE_URL "http://www.gnu.org/software/dap/"
| #define PACKAGE "dap"
| #define VERSION "3.9"
| #define STDC_HEADERS 1
| #define HAVE_SYS_TYPES_H 1
| #define HAVE_SYS_STAT_H 1
| #define HAVE_STDLIB_H 1
| #define HAVE_STRING_H 1
| #define HAVE_MEMORY_H 1
| #define HAVE_STRINGS_H 1
| #define HAVE_INTTYPES_H 1
| #define HAVE_STDINT_H 1
| #define HAVE_UNISTD_H 1
| #define HAVE_DLFCN_H 1
| #define LT_OBJDIR ".libs/"
| #define STDC_HEADERS 1
| #define HAVE_SYS_WAIT_H 1
| #define HAVE_FCNTL_H 1
| #define HAVE_STRINGS_H 1
| #define HAVE_UNISTD_H 1
| #define HAVE_MKDIR 1
| /* end confdefs.h.  */
| /* Define pow to an innocuous variant, in case <limits.h> declares pow.
|    For example, HP-UX 11i <limits.h> declares gettimeofday.  */
| #define pow innocuous_pow
| 
| /* System header to define __stub macros and hopefully few prototypes,
|     which can conflict with char pow (); below.
|     Prefer <limits.h> to <assert.h> if __STDC__ is defined, since
|     <limits.h> exists even on freestanding compilers.  */
| 
| #ifdef __STDC__
| # include <limits.h>
| #else
| # include <assert.h>
| #endif
| 
| #undef pow
| 
| /* Override any GCC internal prototype to avoid an error.
|    Use char because int might match the return type of a GCC
|    builtin and then its argument prototype would still apply.  */
| #ifdef __cplusplus
| extern "C"
| #endif
| char pow ();
| /* The GNU C library defines this for functions which it implements
|     to always fail with ENOSYS.  Some functions are actually named
|     something starting with __ and the normal name is an alias.  */
| #if defined __stub_pow || defined __stub___pow
| choke me
| #endif
| 
| int
| main ()
| {
| return pow ();
|   ;
|   return 0;
| }
configure:11627: result: no
configure:11638: checking vfork.h usability
configure:11638: gcc -c -g -O2  conftest.c >&5
conftest.c:62:10: fatal error: vfork.h: No such file or directory
 #include <vfork.h>
          ^~~~~~~~~
compilation terminated.
configure:11638: $? = 1
configure: failed program was:
| /* confdefs.h */
| #define PACKAGE_NAME "GNU dap"
| #define PACKAGE_TARNAME "dap"
| #define PACKAGE_VERSION "3.9"
| #define PACKAGE_STRING "GNU dap 3.9"
| #define PACKAGE_BUGREPORT "bug-dap@gnu.org"
| #define PACKAGE_URL "http://www.gnu.org/software/dap/"
| #define PACKAGE "dap"
| #define VERSION "3.9"
| #define STDC_HEADERS 1
| #define HAVE_SYS_TYPES_H 1
| #define HAVE_SYS_STAT_H 1
| #define HAVE_STDLIB_H 1
| #define HAVE_STRING_H 1
| #define HAVE_MEMORY_H 1
| #define HAVE_STRINGS_H 1
| #define HAVE_INTTYPES_H 1
| #define HAVE_STDINT_H 1
| #define HAVE_UNISTD_H 1
| #define HAVE_DLFCN_H 1
| #define LT_OBJDIR ".libs/"
| #define STDC_HEADERS 1
| #define HAVE_SYS_WAIT_H 1
| #define HAVE_FCNTL_H 1
| #define HAVE_STRINGS_H 1
| #define HAVE_UNISTD_H 1
| #define HAVE_MKDIR 1
| /* end confdefs.h.  */
| #include <stdio.h>
| #ifdef HAVE_SYS_TYPES_H
| # include <sys/types.h>
| #endif
| #ifdef HAVE_SYS_STAT_H
| # include <sys/stat.h>
| #endif
| #ifdef STDC_HEADERS
| # include <stdlib.h>
| # include <stddef.h>
| #else
| # ifdef HAVE_STDLIB_H
| #  include <stdlib.h>
| # endif
| #endif
| #ifdef HAVE_STRING_H
| # if !defined STDC_HEADERS && defined HAVE_MEMORY_H
| #  include <memory.h>
| # endif
| # include <string.h>
| #endif
| #ifdef HAVE_STRINGS_H
| # include <strings.h>
| #endif
| #ifdef HAVE_INTTYPES_H
| # include <inttypes.h>
| #endif
| #ifdef HAVE_STDINT_H
| # include <stdint.h>
| #endif
| #ifdef HAVE_UNISTD_H
| # include <unistd.h>
| #endif
| #include <vfork.h>
configure:11638: result: no
configure:11638: checking vfork.h presence
configure:11638: gcc -E  conftest.c
conftest.c:29:10: fatal error: vfork.h: No such file or directory
 #include <vfork.h>
          ^~~~~~~~~
compilation terminated.
configure:11638: $? = 1
configure: failed program was:
| /* confdefs.h */
| #define PACKAGE_NAME "GNU dap"
| #define PACKAGE_TARNAME "dap"
| #define PACKAGE_VERSION "3.9"
| #define PACKAGE_STRING "GNU dap 3.9"
| #define PACKAGE_BUGREPORT "bug-dap@gnu.org"
| #define PACKAGE_URL "http://www.gnu.org/software/dap/"
| #define PACKAGE "dap"
| #define VERSION "3.9"
| #define STDC_HEADERS 1
| #define HAVE_SYS_TYPES_H 1
| #define HAVE_SYS_STAT_H 1
| #define HAVE_STDLIB_H 1
| #define HAVE_STRING_H 1
| #define HAVE_MEMORY_H 1
| #define HAVE_STRINGS_H 1
| #define HAVE_INTTYPES_H 1
| #define HAVE_STDINT_H 1
| #define HAVE_UNISTD_H 1
| #define HAVE_DLFCN_H 1
| #define LT_OBJDIR ".libs/"
| #define STDC_HEADERS 1
| #define HAVE_SYS_WAIT_H 1
| #define HAVE_FCNTL_H 1
| #define HAVE_STRINGS_H 1
| #define HAVE_UNISTD_H 1
| #define HAVE_MKDIR 1
| /* end confdefs.h.  */
| #include <vfork.h>
configure:11638: result: no
configure:11638: checking for vfork.h
configure:11638: result: no
configure:11651: checking for fork
configure:11651: gcc -o conftest -g -O2   conftest.c  >&5
conftest.c:52:6: warning: conflicting types for built-in function 'fork' [-Wbuiltin-declaration-mismatch]
 char fork ();
      ^~~~
configure:11651: $? = 0
configure:11651: result: yes
configure:11651: checking for vfork
configure:11651: gcc -o conftest -g -O2   conftest.c  >&5
configure:11651: $? = 0
configure:11651: result: yes
configure:11661: checking for working fork
configure:11683: gcc -o conftest -g -O2   conftest.c  >&5
configure:11683: $? = 0
configure:11683: ./conftest
configure:11683: $? = 0
configure:11693: result: yes
configure:11714: checking for working vfork
configure:11824: result: yes
configure:11851: checking for stdlib.h
configure:11851: result: yes
configure:11861: checking for GNU libc compatible malloc
configure:11885: gcc -o conftest -g -O2   conftest.c  >&5
configure:11885: $? = 0
configure:11885: ./conftest
configure:11885: $? = 0
configure:11895: result: yes
configure:12050: creating ./config.status

## ---------------------- ##
## Running config.status. ##
## ---------------------- ##

This file was extended by GNU dap config.status 3.9, which was
generated by GNU Autoconf 2.69.  Invocation command line was

  CONFIG_FILES    = 
  CONFIG_HEADERS  = 
  CONFIG_LINKS    = 
  CONFIG_COMMANDS = 
  $ ./config.status 

on rishon

config.status:1093: creating doc/Makefile
config.status:1093: creating src/Makefile
config.status:1093: creating examples/Makefile
config.status:1093: creating Makefile
config.status:1093: creating config.h
config.status:1322: executing depfiles commands
config.status:1322: executing libtool commands

## ---------------- ##
## Cache variables. ##
## ---------------- ##

ac_cv_build=x86_64-unknown-linux-gnu
ac_cv_c_compiler_gnu=yes
ac_cv_env_CC_set=
ac_cv_env_CC_value=
ac_cv_env_CFLAGS_set=
ac_cv_env_CFLAGS_value=
ac_cv_env_CPPFLAGS_set=
ac_cv_env_CPPFLAGS_value=
ac_cv_env_CPP_set=
ac_cv_env_CPP_value=
ac_cv_env_LDFLAGS_set=
ac_cv_env_LDFLAGS_value=
ac_cv_env_LIBS_set=
ac_cv_env_LIBS_value=
ac_cv_env_build_alias_set=
ac_cv_env_build_alias_value=
ac_cv_env_host_alias_set=
ac_cv_env_host_alias_value=
ac_cv_env_target_alias_set=
ac_cv_env_target_alias_value=
ac_cv_func_floor=no
ac_cv_func_fork=yes
ac_cv_func_fork_works=yes
ac_cv_func_malloc_0_nonnull=yes
ac_cv_func_mkdir=yes
ac_cv_func_pow=no
ac_cv_func_rint=no
ac_cv_func_sqrt=no
ac_cv_func_vfork=yes
ac_cv_func_vfork_works=yes
ac_cv_header_dlfcn_h=yes
ac_cv_header_fcntl_h=yes
ac_cv_header_inttypes_h=yes
ac_cv_header_memory_h=yes
ac_cv_header_stdc=yes
ac_cv_header_stdint_h=yes
ac_cv_header_stdlib_h=yes
ac_cv_header_string_h=yes
ac_cv_header_strings_h=yes
ac_cv_header_sys_stat_h=yes
ac_cv_header_sys_types_h=yes
ac_cv_header_sys_wait_h=yes
ac_cv_header_unistd_h=yes
ac_cv_header_vfork_h=no
ac_cv_host=x86_64-unknown-linux-gnu
ac_cv_objext=o
ac_cv_path_EGREP='/bin/grep -E'
ac_cv_path_FGREP='/bin/grep -F'
ac_cv_path_GREP=/bin/grep
ac_cv_path_SED=/bin/sed
ac_cv_path_install='/usr/bin/install -c'
ac_cv_path_mkdir=/bin/mkdir
ac_cv_prog_AWK=gawk
ac_cv_prog_CPP='gcc -E'
ac_cv_prog_ac_ct_AR=ar
ac_cv_prog_ac_ct_CC=gcc
ac_cv_prog_ac_ct_MANIFEST_TOOL=mt
ac_cv_prog_ac_ct_OBJDUMP=objdump
ac_cv_prog_ac_ct_RANLIB=ranlib
ac_cv_prog_ac_ct_STRIP=strip
ac_cv_prog_cc_c89=
ac_cv_prog_cc_g=yes
ac_cv_prog_make_make_set=yes
ac_cv_type_mode_t=yes
ac_cv_type_pid_t=yes
ac_cv_type_size_t=yes
ac_cv_type_ssize_t=yes
am_cv_CC_dependencies_compiler_type=gcc3
am_cv_prog_cc_stdc=
lt_cv_ar_at_file=@
lt_cv_archive_cmds_need_lc=no
lt_cv_deplibs_check_method=pass_all
lt_cv_file_magic_cmd='$MAGIC_CMD'
lt_cv_file_magic_test_file=
lt_cv_ld_reload_flag=-r
lt_cv_nm_interface='BSD nm'
lt_cv_objdir=.libs
lt_cv_path_LD=/usr/bin/ld
lt_cv_path_NM='/usr/bin/nm -B'
lt_cv_path_mainfest_tool=no
lt_cv_prog_compiler_c_o=yes
lt_cv_prog_compiler_pic='-fPIC -DPIC'
lt_cv_prog_compiler_pic_works=yes
lt_cv_prog_compiler_rtti_exceptions=no
lt_cv_prog_compiler_static_works=yes
lt_cv_prog_gnu_ld=yes
lt_cv_sharedlib_from_linklib_cmd='printf %s\n'
lt_cv_shlibpath_overrides_runpath=yes
lt_cv_sys_global_symbol_pipe='sed -n -e '\''s/^.*[	 ]\([ABCDGIRSTW][ABCDGIRSTW]*\)[	 ][	 ]*\([_A-Za-z][_A-Za-z0-9]*\)$/\1 \2 \2/p'\'' | sed '\''/ __gnu_lto/d'\'''
lt_cv_sys_global_symbol_to_c_name_address='sed -n -e '\''s/^: \([^ ]*\)[ ]*$/  {\"\1\", (void *) 0},/p'\'' -e '\''s/^[ABCDGIRSTW]* \([^ ]*\) \([^ ]*\)$/  {"\2", (void *) \&\2},/p'\'''
lt_cv_sys_global_symbol_to_c_name_address_lib_prefix='sed -n -e '\''s/^: \([^ ]*\)[ ]*$/  {\"\1\", (void *) 0},/p'\'' -e '\''s/^[ABCDGIRSTW]* \([^ ]*\) \(lib[^ ]*\)$/  {"\2", (void *) \&\2},/p'\'' -e '\''s/^[ABCDGIRSTW]* \([^ ]*\) \([^ ]*\)$/  {"lib\2", (void *) \&\2},/p'\'''
lt_cv_sys_global_symbol_to_cdecl='sed -n -e '\''s/^T .* \(.*\)$/extern int \1();/p'\'' -e '\''s/^[ABCDGIRSTW]* .* \(.*\)$/extern char \1;/p'\'''
lt_cv_sys_max_cmd_len=1572864
lt_cv_to_host_file_cmd=func_convert_file_noop
lt_cv_to_tool_file_cmd=func_convert_file_noop

## ----------------- ##
## Output variables. ##
## ----------------- ##

ACLOCAL='${SHELL} /home/carolhanna/Security_Project/gnu_dataset/dap-3.9/build-aux/missing --run aclocal-1.11'
AMDEPBACKSLASH='\'
AMDEP_FALSE='#'
AMDEP_TRUE=''
AMTAR='$${TAR-tar}'
AR='ar'
AUTOCONF='${SHELL} /home/carolhanna/Security_Project/gnu_dataset/dap-3.9/build-aux/missing --run autoconf'
AUTOHEADER='${SHELL} /home/carolhanna/Security_Project/gnu_dataset/dap-3.9/build-aux/missing --run autoheader'
AUTOMAKE='${SHELL} /home/carolhanna/Security_Project/gnu_dataset/dap-3.9/build-aux/missing --run automake-1.11'
AWK='gawk'
CC='gcc'
CCDEPMODE='depmode=gcc3'
CFLAGS='-g -O2'
CPP='gcc -E'
CPPFLAGS=''
CYGPATH_W='echo'
DEFS='-DHAVE_CONFIG_H'
DEPDIR='.deps'
DLLTOOL='false'
DSYMUTIL=''
DUMPBIN=''
ECHO_C=''
ECHO_N='-n'
ECHO_T=''
EGREP='/bin/grep -E'
EXEEXT=''
FGREP='/bin/grep -F'
GREP='/bin/grep'
INSTALL_DATA='${INSTALL} -m 644'
INSTALL_PROGRAM='${INSTALL}'
INSTALL_SCRIPT='${INSTALL}'
INSTALL_STRIP_PROGRAM='$(install_sh) -c -s'
LD='/usr/bin/ld -m elf_x86_64'
LDFLAGS=''
LIBOBJS=''
LIBS=''
LIBTOOL='$(SHELL) $(top_builddir)/libtool'
LIPO=''
LN_S='ln -s'
LTLIBOBJS=''
MAKEINFO='${SHELL} /home/carolhanna/Security_Project/gnu_dataset/dap-3.9/build-aux/missing --run makeinfo'
MANIFEST_TOOL=':'
MKDIR_P='/bin/mkdir -p'
NM='/usr/bin/nm -B'
NMEDIT=''
OBJDUMP='objdump'
OBJEXT='o'
OTOOL64=''
OTOOL=''
PACKAGE='dap'
PACKAGE_BUGREPORT='bug-dap@gnu.org'
PACKAGE_NAME='GNU dap'
PACKAGE_STRING='GNU dap 3.9'
PACKAGE_TARNAME='dap'
PACKAGE_URL='http://www.gnu.org/software/dap/'
PACKAGE_VERSION='3.9'
PATH_SEPARATOR=':'
RANLIB='ranlib'
SED='/bin/sed'
SET_MAKE=''
SHELL='/bin/bash'
STRIP='strip'
VERSION='3.9'
ac_ct_AR='ar'
ac_ct_CC='gcc'
ac_ct_DUMPBIN=''
am__EXEEXT_FALSE=''
am__EXEEXT_TRUE='#'
am__fastdepCC_FALSE='#'
am__fastdepCC_TRUE=''
am__include='include'
am__isrc=''
am__leading_dot='.'
am__nodep='_no'
am__quote=''
am__tar='$${TAR-tar} chof - "$$tardir"'
am__untar='$${TAR-tar} xf -'
bindir='${exec_prefix}/bin'
build='x86_64-unknown-linux-gnu'
build_alias=''
build_cpu='x86_64'
build_os='linux-gnu'
build_vendor='unknown'
datadir='${datarootdir}'
datarootdir='${prefix}/share'
docdir='${datarootdir}/doc/${PACKAGE_TARNAME}'
dvidir='${docdir}'
exec_prefix='${prefix}'
host='x86_64-unknown-linux-gnu'
host_alias=''
host_cpu='x86_64'
host_os='linux-gnu'
host_vendor='unknown'
htmldir='${docdir}'
includedir='${prefix}/include'
infodir='${datarootdir}/info'
install_sh='${SHELL} /home/carolhanna/Security_Project/gnu_dataset/dap-3.9/build-aux/install-sh'
libdir='${exec_prefix}/lib'
libexecdir='${exec_prefix}/libexec'
localedir='${datarootdir}/locale'
localstatedir='${prefix}/var'
mandir='${datarootdir}/man'
mkdir_p='/bin/mkdir -p'
oldincludedir='/usr/include'
pdfdir='${docdir}'
prefix='/usr/local'
program_transform_name='s,x,x,'
psdir='${docdir}'
sbindir='${exec_prefix}/sbin'
sharedstatedir='${prefix}/com'
sysconfdir='${prefix}/etc'
target_alias=''

## ----------- ##
## confdefs.h. ##
## ----------- ##

/* confdefs.h */
#define PACKAGE_NAME "GNU dap"
#define PACKAGE_TARNAME "dap"
#define PACKAGE_VERSION "3.9"
#define PACKAGE_STRING "GNU dap 3.9"
#define PACKAGE_BUGREPORT "bug-dap@gnu.org"
#define PACKAGE_URL "http://www.gnu.org/software/dap/"
#define PACKAGE "dap"
#define VERSION "3.9"
#define STDC_HEADERS 1
#define HAVE_SYS_TYPES_H 1
#define HAVE_SYS_STAT_H 1
#define HAVE_STDLIB_H 1
#define HAVE_STRING_H 1
#define HAVE_MEMORY_H 1
#define HAVE_STRINGS_H 1
#define HAVE_INTTYPES_H 1
#define HAVE_STDINT_H 1
#define HAVE_UNISTD_H 1
#define HAVE_DLFCN_H 1
#define LT_OBJDIR ".libs/"
#define STDC_HEADERS 1
#define HAVE_SYS_WAIT_H 1
#define HAVE_FCNTL_H 1
#define HAVE_STRINGS_H 1
#define HAVE_UNISTD_H 1
#define HAVE_MKDIR 1
#define HAVE_FORK 1
#define HAVE_VFORK 1
#define HAVE_WORKING_VFORK 1
#define HAVE_WORKING_FORK 1
#define HAVE_STDLIB_H 1
#define HAVE_MALLOC 1

configure: exit 0
