This file contains any messages produced by compilers while
running configure, to aid debugging if configure makes a mistake.

It was created by gsrc configure 2014.10.11, which was
generated by GNU Autoconf 2.69.  Invocation command line was

  $ ./configure 

## --------- ##
## Platform. ##
## --------- ##

hostname = rishon
uname -m = x86_64
uname -r = 4.15.0-72-generic
uname -s = Linux
uname -v = #81-Ubuntu SMP Tue Nov 26 12:20:02 UTC 2019

/usr/bin/uname -p = unknown
/bin/uname -X     = unknown

/bin/arch              = unknown
/usr/bin/arch -k       = unknown
/usr/convex/getsysinfo = unknown
/usr/bin/hostinfo      = unknown
/bin/machine           = unknown
/usr/bin/oslevel       = unknown
/bin/universe          = unknown

PATH: /home/carolhanna/miniconda3/bin
PATH: /home/carolhanna/miniconda3/condabin
PATH: /usr/local/sbin
PATH: /usr/local/bin
PATH: /usr/sbin
PATH: /usr/bin
PATH: /sbin
PATH: /bin
PATH: /usr/games
PATH: /usr/local/games
PATH: /snap/bin


## ----------- ##
## Core tests. ##
## ----------- ##

configure:1766: checking for a BSD-compatible install
configure:1834: result: /usr/bin/install -c
configure:1845: checking whether build environment is sane
configure:1900: result: yes
configure:2051: checking for a thread-safe mkdir -p
configure:2090: result: /bin/mkdir -p
configure:2097: checking for gawk
configure:2113: found /usr/bin/gawk
configure:2124: result: gawk
configure:2135: checking whether make sets $(MAKE)
configure:2157: result: yes
configure:2186: checking whether make supports nested variables
configure:2203: result: yes
configure:2343: checking for recsel
configure:2376: result: no
configure:2383: checking for recfmt
configure:2416: result: no
configure:2571: checking that generated files are newer than configure
configure:2577: result: done
configure:2585: creating ./config.status

## ---------------------- ##
## Running config.status. ##
## ---------------------- ##

This file was extended by gsrc config.status 2014.10.11, which was
generated by GNU Autoconf 2.69.  Invocation command line was

  CONFIG_FILES    = 
  CONFIG_HEADERS  = 
  CONFIG_LINKS    = 
  CONFIG_COMMANDS = 
  $ ./config.status 

on rishon

config.status:749: creating gsrc
config.status:749: creating config.mk
config.status:749: creating setup.sh
config.status:749: creating GNUmakefile
config.status:749: creating doc/Makefile

## ---------------- ##
## Cache variables. ##
## ---------------- ##

ac_cv_env_build_alias_set=
ac_cv_env_build_alias_value=
ac_cv_env_host_alias_set=
ac_cv_env_host_alias_value=
ac_cv_env_target_alias_set=
ac_cv_env_target_alias_value=
ac_cv_path_install='/usr/bin/install -c'
ac_cv_path_mkdir=/bin/mkdir
ac_cv_prog_AWK=gawk
ac_cv_prog_make_make_set=yes
am_cv_make_support_nested_variables=yes

## ----------------- ##
## Output variables. ##
## ----------------- ##

ACLOCAL='${SHELL} /home/carolhanna/Security_Project/gnu_dataset/gsrc-2014.10.11/missing aclocal-1.14'
AMTAR='$${TAR-tar}'
AM_BACKSLASH='\'
AM_DEFAULT_V='$(AM_DEFAULT_VERBOSITY)'
AM_DEFAULT_VERBOSITY='1'
AM_V='$(V)'
AUTOCONF='${SHELL} /home/carolhanna/Security_Project/gnu_dataset/gsrc-2014.10.11/missing autoconf'
AUTOHEADER='${SHELL} /home/carolhanna/Security_Project/gnu_dataset/gsrc-2014.10.11/missing autoheader'
AUTOMAKE='${SHELL} /home/carolhanna/Security_Project/gnu_dataset/gsrc-2014.10.11/missing automake-1.14'
AWK='gawk'
CONFIGURE_ARGS=''
CYGPATH_W='echo'
DEFS='-DPACKAGE_NAME=\"gsrc\" -DPACKAGE_TARNAME=\"gsrc\" -DPACKAGE_VERSION=\"2014.10.11\" -DPACKAGE_STRING=\"gsrc\ 2014.10.11\" -DPACKAGE_BUGREPORT=\"bug-gsrc@gnu.org\" -DPACKAGE_URL=\"\" -DPACKAGE=\"gsrc\" -DVERSION=\"2014.10.11\"'
ECHO_C=''
ECHO_N='-n'
ECHO_T=''
INSTALL_DATA='${INSTALL} -m 644'
INSTALL_PROGRAM='${INSTALL}'
INSTALL_SCRIPT='${INSTALL}'
INSTALL_STRIP_PROGRAM='$(install_sh) -c -s'
LIBOBJS=''
LIBS=''
LTLIBOBJS=''
MAKEINFO='${SHELL} /home/carolhanna/Security_Project/gnu_dataset/gsrc-2014.10.11/missing makeinfo'
MKDIR_P='/bin/mkdir -p'
PACKAGE='gsrc'
PACKAGE_BUGREPORT='bug-gsrc@gnu.org'
PACKAGE_NAME='gsrc'
PACKAGE_STRING='gsrc 2014.10.11'
PACKAGE_TARNAME='gsrc'
PACKAGE_URL=''
PACKAGE_VERSION='2014.10.11'
PATH_SEPARATOR=':'
RECFMT=''
RECSEL=''
SET_MAKE=''
SHELL='/bin/bash'
STRIP=''
VERSION='2014.10.11'
am__isrc=''
am__leading_dot='.'
am__tar='$${TAR-tar} chof - "$$tardir"'
am__untar='$${TAR-tar} xf -'
bindir='${exec_prefix}/bin'
build_alias=''
datadir='${datarootdir}'
datarootdir='${prefix}/share'
docdir='${datarootdir}/doc/${PACKAGE_TARNAME}'
dvidir='${docdir}'
exec_prefix='${prefix}'
host_alias=''
htmldir='${docdir}'
includedir='${prefix}/include'
infodir='${datarootdir}/info'
install_sh='${SHELL} /home/carolhanna/Security_Project/gnu_dataset/gsrc-2014.10.11/install-sh'
libdir='${exec_prefix}/lib'
libexecdir='${exec_prefix}/libexec'
localedir='${datarootdir}/locale'
localstatedir='${prefix}/var'
mandir='${datarootdir}/man'
mkdir_p='$(MKDIR_P)'
oldincludedir='/usr/include'
pdfdir='${docdir}'
prefix='/usr/local'
program_transform_name='s,x,x,'
psdir='${docdir}'
sbindir='${exec_prefix}/sbin'
sharedstatedir='${prefix}/com'
sysconfdir='${prefix}/etc'
target_alias=''

## ----------- ##
## confdefs.h. ##
## ----------- ##

/* confdefs.h */
#define PACKAGE_NAME "gsrc"
#define PACKAGE_TARNAME "gsrc"
#define PACKAGE_VERSION "2014.10.11"
#define PACKAGE_STRING "gsrc 2014.10.11"
#define PACKAGE_BUGREPORT "bug-gsrc@gnu.org"
#define PACKAGE_URL ""
#define PACKAGE "gsrc"
#define VERSION "2014.10.11"

configure: exit 0
