This file contains any messages produced by compilers while
running configure, to aid debugging if configure makes a mistake.

It was created by stow configure 2.3.1, which was
generated by GNU Autoconf 2.69.  Invocation command line was

  $ ./configure 

## --------- ##
## Platform. ##
## --------- ##

hostname = rishon
uname -m = x86_64
uname -r = 4.15.0-72-generic
uname -s = Linux
uname -v = #81-Ubuntu SMP Tue Nov 26 12:20:02 UTC 2019

/usr/bin/uname -p = unknown
/bin/uname -X     = unknown

/bin/arch              = unknown
/usr/bin/arch -k       = unknown
/usr/convex/getsysinfo = unknown
/usr/bin/hostinfo      = unknown
/bin/machine           = unknown
/usr/bin/oslevel       = unknown
/bin/universe          = unknown

PATH: /home/carolhanna/miniconda3/bin
PATH: /home/carolhanna/miniconda3/condabin
PATH: /usr/local/sbin
PATH: /usr/local/bin
PATH: /usr/sbin
PATH: /usr/bin
PATH: /sbin
PATH: /bin
PATH: /usr/games
PATH: /usr/local/games
PATH: /snap/bin


## ----------- ##
## Core tests. ##
## ----------- ##

configure:1764: checking for a BSD-compatible install
configure:1832: result: /usr/bin/install -c
configure:1843: checking whether build environment is sane
configure:1898: result: yes
configure:2049: checking for a thread-safe mkdir -p
configure:2088: result: /bin/mkdir -p
configure:2095: checking for gawk
configure:2111: found /usr/bin/gawk
configure:2122: result: gawk
configure:2133: checking whether make sets $(MAKE)
configure:2155: result: yes
configure:2184: checking whether make supports nested variables
configure:2201: result: yes
configure:2333: checking for perl
configure:2351: found /usr/bin/perl
configure:2363: result: /usr/bin/perl
configure:2382: checking Test::More
configure:2386: result: yes
configure:2382: checking Test::Output
configure:2389: result: no
configure:2572: checking that generated files are newer than configure
configure:2578: result: done
configure:2586: creating ./config.status

## ---------------------- ##
## Running config.status. ##
## ---------------------- ##

This file was extended by stow config.status 2.3.1, which was
generated by GNU Autoconf 2.69.  Invocation command line was

  CONFIG_FILES    = 
  CONFIG_HEADERS  = 
  CONFIG_LINKS    = 
  CONFIG_COMMANDS = 
  $ ./config.status 

on rishon

config.status:744: creating Makefile

## ---------------- ##
## Cache variables. ##
## ---------------- ##

ac_cv_env_build_alias_set=
ac_cv_env_build_alias_value=
ac_cv_env_host_alias_set=
ac_cv_env_host_alias_value=
ac_cv_env_target_alias_set=
ac_cv_env_target_alias_value=
ac_cv_path_PERL=/usr/bin/perl
ac_cv_path_install='/usr/bin/install -c'
ac_cv_path_mkdir=/bin/mkdir
ac_cv_prog_AWK=gawk
ac_cv_prog_make_make_set=yes
am_cv_make_support_nested_variables=yes

## ----------------- ##
## Output variables. ##
## ----------------- ##

ACLOCAL='${SHELL} /home/carolhanna/Security_Project/gnu_dataset/stow-2.3.1/automake/missing aclocal-1.14'
AMTAR='$${TAR-tar}'
AM_BACKSLASH='\'
AM_DEFAULT_V='$(AM_DEFAULT_VERBOSITY)'
AM_DEFAULT_VERBOSITY='1'
AM_V='$(V)'
AUTOCONF='${SHELL} /home/carolhanna/Security_Project/gnu_dataset/stow-2.3.1/automake/missing autoconf'
AUTOHEADER='${SHELL} /home/carolhanna/Security_Project/gnu_dataset/stow-2.3.1/automake/missing autoheader'
AUTOMAKE='${SHELL} /home/carolhanna/Security_Project/gnu_dataset/stow-2.3.1/automake/missing automake-1.14'
AWK='gawk'
CYGPATH_W='echo'
DEFS='-DPACKAGE_NAME=\"stow\" -DPACKAGE_TARNAME=\"stow\" -DPACKAGE_VERSION=\"2.3.1\" -DPACKAGE_STRING=\"stow\ 2.3.1\" -DPACKAGE_BUGREPORT=\"bug-stow@gnu.org\" -DPACKAGE_URL=\"\" -DPACKAGE=\"stow\" -DVERSION=\"2.3.1\"'
ECHO_C=''
ECHO_N='-n'
ECHO_T=''
INSTALL_DATA='${INSTALL} -m 644'
INSTALL_PROGRAM='${INSTALL}'
INSTALL_SCRIPT='${INSTALL}'
INSTALL_STRIP_PROGRAM='$(install_sh) -c -s'
LIBOBJS=''
LIBS=''
LTLIBOBJS=''
MAKEINFO='${SHELL} /home/carolhanna/Security_Project/gnu_dataset/stow-2.3.1/automake/missing makeinfo'
MKDIR_P='/bin/mkdir -p'
PACKAGE='stow'
PACKAGE_BUGREPORT='bug-stow@gnu.org'
PACKAGE_NAME='stow'
PACKAGE_STRING='stow 2.3.1'
PACKAGE_TARNAME='stow'
PACKAGE_URL=''
PACKAGE_VERSION='2.3.1'
PATH_SEPARATOR=':'
PERL='/usr/bin/perl'
PMDIR='${prefix}/share/perl/5.26.1'
SET_MAKE=''
SHELL='/bin/bash'
STRIP=''
VERSION='2.3.1'
am__isrc=''
am__leading_dot='.'
am__tar='$${TAR-tar} chof - "$$tardir"'
am__untar='$${TAR-tar} xf -'
bindir='${exec_prefix}/bin'
build_alias=''
datadir='${datarootdir}'
datarootdir='${prefix}/share'
docdir='${datarootdir}/doc/${PACKAGE_TARNAME}'
dvidir='${docdir}'
exec_prefix='${prefix}'
host_alias=''
htmldir='${docdir}'
includedir='${prefix}/include'
infodir='${datarootdir}/info'
install_sh='${SHELL} /home/carolhanna/Security_Project/gnu_dataset/stow-2.3.1/automake/install-sh'
libdir='${exec_prefix}/lib'
libexecdir='${exec_prefix}/libexec'
localedir='${datarootdir}/locale'
localstatedir='${prefix}/var'
mandir='${datarootdir}/man'
mkdir_p='$(MKDIR_P)'
oldincludedir='/usr/include'
pdfdir='${docdir}'
prefix='/usr/local'
program_transform_name='s,x,x,'
psdir='${docdir}'
sbindir='${exec_prefix}/sbin'
sharedstatedir='${prefix}/com'
sysconfdir='${prefix}/etc'
target_alias=''

## ----------- ##
## confdefs.h. ##
## ----------- ##

/* confdefs.h */
#define PACKAGE_NAME "stow"
#define PACKAGE_TARNAME "stow"
#define PACKAGE_VERSION "2.3.1"
#define PACKAGE_STRING "stow 2.3.1"
#define PACKAGE_BUGREPORT "bug-stow@gnu.org"
#define PACKAGE_URL ""
#define PACKAGE "stow"
#define VERSION "2.3.1"

configure: exit 0
