This file contains any messages produced by compilers while
running configure, to aid debugging if configure makes a mistake.

It was created by kawa configure 3.1, which was
generated by GNU Autoconf 2.69.  Invocation command line was

  $ ./configure 

## --------- ##
## Platform. ##
## --------- ##

hostname = rishon
uname -m = x86_64
uname -r = 4.15.0-72-generic
uname -s = Linux
uname -v = #81-Ubuntu SMP Tue Nov 26 12:20:02 UTC 2019

/usr/bin/uname -p = unknown
/bin/uname -X     = unknown

/bin/arch              = unknown
/usr/bin/arch -k       = unknown
/usr/convex/getsysinfo = unknown
/usr/bin/hostinfo      = unknown
/bin/machine           = unknown
/usr/bin/oslevel       = unknown
/bin/universe          = unknown

PATH: /home/carolhanna/miniconda3/bin
PATH: /home/carolhanna/miniconda3/condabin
PATH: /usr/local/sbin
PATH: /usr/local/bin
PATH: /usr/sbin
PATH: /usr/bin
PATH: /sbin
PATH: /bin
PATH: /usr/games
PATH: /usr/local/games
PATH: /snap/bin


## ----------- ##
## Core tests. ##
## ----------- ##

configure:1889: checking whether to enable maintainer-specific portions of Makefiles
configure:1898: result: yes
configure:1915: checking build system type
configure:1929: result: x86_64-pc-linux-gnu
configure:1949: checking host system type
configure:1962: result: x86_64-pc-linux-gnu
configure:1999: checking for a BSD-compatible install
configure:2067: result: /usr/bin/install -c
configure:2078: checking whether build environment is sane
configure:2133: result: yes
configure:2284: checking for a thread-safe mkdir -p
configure:2323: result: /bin/mkdir -p
configure:2330: checking for gawk
configure:2346: found /usr/bin/gawk
configure:2357: result: gawk
configure:2368: checking whether make sets $(MAKE)
configure:2390: result: yes
configure:2419: checking whether make supports nested variables
configure:2436: result: yes
configure:2790: checking whether ln -s works
configure:2794: result: yes
configure:2821: checking for Posix find command
configure:2855: result: /usr/bin/find
configure:3356: checking that generated files are newer than configure
configure:3362: result: done
configure:3458: creating ./config.status

## ---------------------- ##
## Running config.status. ##
## ---------------------- ##

This file was extended by kawa config.status 3.1, which was
generated by GNU Autoconf 2.69.  Invocation command line was

  CONFIG_FILES    = 
  CONFIG_HEADERS  = 
  CONFIG_LINKS    = 
  CONFIG_COMMANDS = 
  $ ./config.status 

on rishon

config.status:880: creating bin/kawa
config.status:880: creating Makefile
config.status:880: creating gnu/bytecode/Makefile
config.status:880: creating gnu/Makefile
config.status:880: creating gnu/kawa/servlet/Makefile
config.status:880: creating gnu/brl/Makefile
config.status:880: creating gnu/kawa/brl/Makefile
config.status:880: creating kawa/lib/Makefile
config.status:880: creating gnu/kawa/slib/Makefile
config.status:880: creating gnu/commonlisp/lisp/Makefile
config.status:880: creating gnu/commonlisp/testsuite/Makefile
config.status:880: creating gnu/jemacs/lisp/Makefile
config.status:880: creating gnu/jemacs/testsuite/Makefile
config.status:880: creating gnu/q2/testsuite/Makefile
config.status:880: creating gnu/xquery/testsuite/Makefile
config.status:880: creating gnu/kawa/android/Makefile
config.status:880: creating gnu/kawa/javafx/Makefile
config.status:880: creating doc/Makefile
config.status:880: creating testsuite/Makefile
config.status:880: creating bin/kawa.bat
config.status:880: creating bin/qexo
config.status:1069: linking testsuite/scribble.html.in to testsuite/scribble.html
configure:4647: === configuring in bin (/home/carolhanna/Security_Project/gnu_dataset/kawa-3.1/bin)
configure:4710: running /bin/bash ./configure --disable-option-checking '--prefix=/usr/local'  --cache-file=/dev/null --srcdir=.

## ---------------- ##
## Cache variables. ##
## ---------------- ##

ac_cv_build=x86_64-pc-linux-gnu
ac_cv_env_build_alias_set=
ac_cv_env_build_alias_value=
ac_cv_env_host_alias_set=
ac_cv_env_host_alias_value=
ac_cv_env_target_alias_set=
ac_cv_env_target_alias_value=
ac_cv_host=x86_64-pc-linux-gnu
ac_cv_path_FIND=/usr/bin/find
ac_cv_path_install='/usr/bin/install -c'
ac_cv_path_mkdir=/bin/mkdir
ac_cv_prog_AWK=gawk
ac_cv_prog_make_make_set=yes
am_cv_make_support_nested_variables=yes

## ----------------- ##
## Output variables. ##
## ----------------- ##

ACLOCAL='${SHELL} /home/carolhanna/Security_Project/gnu_dataset/kawa-3.1/build-aux/missing aclocal-1.16'
AMTAR='$${TAR-tar}'
AM_BACKSLASH='\'
AM_DEFAULT_V='$(AM_DEFAULT_VERBOSITY)'
AM_DEFAULT_VERBOSITY='1'
AM_V='$(V)'
AUTOCONF='${SHELL} /home/carolhanna/Security_Project/gnu_dataset/kawa-3.1/build-aux/missing autoconf'
AUTOHEADER='${SHELL} /home/carolhanna/Security_Project/gnu_dataset/kawa-3.1/build-aux/missing autoheader'
AUTOMAKE='${SHELL} /home/carolhanna/Security_Project/gnu_dataset/kawa-3.1/build-aux/missing automake-1.16'
AWK='gawk'
BYTECODE_VERSION='3.1'
CLASSPATH_SEPARATOR=':'
CYGPATH_W='echo'
DEFS='-DPACKAGE_NAME=\"kawa\" -DPACKAGE_TARNAME=\"kawa\" -DPACKAGE_VERSION=\"3.1\" -DPACKAGE_STRING=\"kawa\ 3.1\" -DPACKAGE_BUGREPORT=\"\" -DPACKAGE_URL=\"\" -DPACKAGE=\"kawa\" -DVERSION=\"3.1\"'
DOCBOOK_STYLESHEETS_PATH='$(TOP_BUILDDIR)/docbook-xsl'
ECHO_C=''
ECHO_N='-n'
ECHO_T=''
ENABLE_BRL_FALSE=''
ENABLE_BRL_TRUE='#'
ENABLE_ECHO2_FALSE=''
ENABLE_ECHO2_TRUE='#'
ENABLE_JEMACS_FALSE=''
ENABLE_JEMACS_TRUE='#'
ENABLE_KAWA_FRONTEND_FALSE=''
ENABLE_KAWA_FRONTEND_TRUE='#'
ENABLE_SERVLET_FALSE=''
ENABLE_SERVLET_TRUE='#'
ENABLE_XML_FALSE='#'
ENABLE_XML_TRUE=''
ENABLE_XQUERY_FALSE='#'
ENABLE_XQUERY_TRUE=''
FIND='/usr/bin/find'
INSTALL_DATA='${INSTALL} -m 644'
INSTALL_PROGRAM='${INSTALL}'
INSTALL_SCRIPT='${INSTALL}'
INSTALL_STRIP_PROGRAM='$(install_sh) -c -s'
JAVA='java'
JAVAC='javac'
JAVACFLAGS='-g'
JAVA_SOURCE='8'
JAVA_SOURCE_SELECTOR='%java8'
JEMACS_VERSION='3.1'
KAWA_SCRIPT='kawa'
KAWA_SHELL='/bin/bash'
LIBOBJS=''
LIBS=''
LN_S='ln -s'
LTLIBOBJS=''
MAINT=''
MAINTAINER_MODE_FALSE='#'
MAINTAINER_MODE_TRUE=''
MAKEINFO='${SHELL} /home/carolhanna/Security_Project/gnu_dataset/kawa-3.1/build-aux/missing makeinfo'
MKDIR_P='/bin/mkdir -p'
ON_WINDOWS_FALSE=''
ON_WINDOWS_TRUE='#'
PACKAGE='kawa'
PACKAGE_BUGREPORT=''
PACKAGE_NAME='kawa'
PACKAGE_STRING='kawa 3.1'
PACKAGE_TARNAME='kawa'
PACKAGE_URL=''
PACKAGE_VERSION='3.1'
PATH_SEPARATOR=':'
SAX2_PREPROCESS=''
SET_MAKE=''
SHELL='/bin/bash'
STRIP=''
TOP_BUILDDIR='/home/carolhanna/Security_Project/gnu_dataset/kawa-3.1'
VERSION='3.1'
WITH_ANDROID_FALSE=''
WITH_ANDROID_TRUE='#'
WITH_AWT_FALSE='#'
WITH_AWT_TRUE=''
WITH_DOCBOOK_STYLESHEETS_FALSE=''
WITH_DOCBOOK_STYLESHEETS_TRUE='#'
WITH_DOMTERM_ARG=''
WITH_DOMTERM_FALSE=''
WITH_DOMTERM_TRUE='#'
WITH_GSON_PATH=''
WITH_HTTPSERVER_FALSE='#'
WITH_HTTPSERVER_TRUE=''
WITH_JAVAFX_ARG=''
WITH_JAVAFX_FALSE=''
WITH_JAVAFX_MODULE=''
WITH_JAVAFX_MODULE_FALSE=''
WITH_JAVAFX_MODULE_TRUE='#'
WITH_JAVAFX_TRUE='#'
WITH_JAVAX_SCRIPT_FALSE='#'
WITH_JAVAX_SCRIPT_TRUE=''
WITH_JLINE3=''
WITH_JLINE3_FALSE=''
WITH_JLINE3_TRUE='#'
WITH_JLINE_PATH=''
WITH_LSP4J_FALSE=''
WITH_LSP4J_JSONRPC_PATH=''
WITH_LSP4J_PATH=''
WITH_LSP4J_TRUE='#'
WITH_SAX2_FALSE='#'
WITH_SAX2_TRUE=''
WITH_SERVLET_ARG=''
WITH_SWING_FALSE='#'
WITH_SWING_TRUE=''
WITH_SWT_FALSE=''
WITH_SWT_TRUE='#'
WITH_XQTS_FALSE=''
WITH_XQTS_TRUE='#'
XQTS_PATH='XQTS'
am__isrc=''
am__leading_dot='.'
am__tar='$${TAR-tar} chof - "$$tardir"'
am__untar='$${TAR-tar} xf -'
bindir='${exec_prefix}/bin'
build='x86_64-pc-linux-gnu'
build_alias=''
build_cpu='x86_64'
build_os='linux-gnu'
build_vendor='pc'
conf_classpath=''
datadir='${datarootdir}'
datarootdir='${prefix}/share'
docdir='${datarootdir}/doc/${PACKAGE_TARNAME}'
dvidir='${docdir}'
exec_prefix='${prefix}'
filesep='/'
host='x86_64-pc-linux-gnu'
host_alias=''
host_cpu='x86_64'
host_os='linux-gnu'
host_vendor='pc'
htmldir='${docdir}'
includedir='${prefix}/include'
infodir='${datarootdir}/info'
install_sh='${SHELL} /home/carolhanna/Security_Project/gnu_dataset/kawa-3.1/build-aux/install-sh'
libdir='${exec_prefix}/lib'
libexecdir='${exec_prefix}/libexec'
localedir='${datarootdir}/locale'
localstatedir='${prefix}/var'
mandir='${datarootdir}/man'
mkdir_p='$(MKDIR_P)'
oldincludedir='/usr/include'
pathsep=':'
pdfdir='${docdir}'
prefix='/usr/local'
program_transform_name='s,x,x,'
psdir='${docdir}'
run_classpath=''
sbindir='${exec_prefix}/sbin'
sharedstatedir='${prefix}/com'
subdirs=' bin'
sysconfdir='${prefix}/etc'
target_alias=''

## ------------------- ##
## File substitutions. ##
## ------------------- ##

Make_rules='./Make-rules'

## ----------- ##
## confdefs.h. ##
## ----------- ##

/* confdefs.h */
#define PACKAGE_NAME "kawa"
#define PACKAGE_TARNAME "kawa"
#define PACKAGE_VERSION "3.1"
#define PACKAGE_STRING "kawa 3.1"
#define PACKAGE_BUGREPORT ""
#define PACKAGE_URL ""
#define PACKAGE "kawa"
#define VERSION "3.1"

configure: exit 0
