This file contains any messages produced by compilers while
running configure, to aid debugging if configure makes a mistake.

It was created by GNUnited Nations configure 1.0, which was
generated by GNU Autoconf 2.69.  Invocation command line was

  $ ./configure 

## --------- ##
## Platform. ##
## --------- ##

hostname = rishon
uname -m = x86_64
uname -r = 4.15.0-72-generic
uname -s = Linux
uname -v = #81-Ubuntu SMP Tue Nov 26 12:20:02 UTC 2019

/usr/bin/uname -p = unknown
/bin/uname -X     = unknown

/bin/arch              = unknown
/usr/bin/arch -k       = unknown
/usr/convex/getsysinfo = unknown
/usr/bin/hostinfo      = unknown
/bin/machine           = unknown
/usr/bin/oslevel       = unknown
/bin/universe          = unknown

PATH: /home/carolhanna/miniconda3/bin
PATH: /home/carolhanna/miniconda3/condabin
PATH: /usr/local/sbin
PATH: /usr/local/bin
PATH: /usr/sbin
PATH: /usr/bin
PATH: /sbin
PATH: /bin
PATH: /usr/games
PATH: /usr/local/games
PATH: /snap/bin


## ----------- ##
## Core tests. ##
## ----------- ##

configure:1868: checking for a BSD-compatible install
configure:1936: result: /usr/bin/install -c
configure:1947: checking whether build environment is sane
configure:2002: result: yes
configure:2153: checking for a thread-safe mkdir -p
configure:2192: result: /bin/mkdir -p
configure:2199: checking for gawk
configure:2215: found /usr/bin/gawk
configure:2226: result: gawk
configure:2237: checking whether make sets $(MAKE)
configure:2259: result: yes
configure:2288: checking whether make supports nested variables
configure:2305: result: yes
configure:2437: checking for grep that handles long lines and -e
configure:2495: result: /bin/grep
configure:2500: checking for GNU make
configure:2517: result: make
configure:2533: checking whether to use www.gnu.org Multiviews naming conventions
configure:2546: result: yes
configure:2551: checking whether to enable sorting
configure:2565: checking whether `date' supports the `-d' option
configure:2578: result: yes
configure:2595: checking if gawk supports gsub()
configure:2611: result: yes
configure:2635: checking if gawk supports match(a,b,c)
configure:2658: result: yes
configure:2699: checking for /bin/bash
configure:2729: result: /bin/bash
configure:2752: checking for egrep
configure:2814: result: /bin/grep -E
configure:2821: checking for a sed that does not truncate output
configure:2885: result: /bin/sed
configure:2892: checking whether sed supports --in-place option
configure:2901: result: yes
configure:2911: checking whether sed supports the `e' option of the `s' command
configure:2915: result: yes
configure:2926: checking whether sed supports the `q' command with an exit code
configure:2932: result: yes
configure:2943: checking for sed-4.3 bug
configure:2974: result: no
configure:2994: checking for base64
configure:3012: found /usr/bin/base64
configure:3024: result: /usr/bin/base64
configure:3043: checking for uuencode
configure:3076: result: no
configure:3130: checking for mktemp
configure:3148: found /bin/mktemp
configure:3160: result: /bin/mktemp
configure:3181: checking whether mktemp supports -t
configure:3200: result: yes
configure:3217: checking for msgcat
configure:3235: found /usr/bin/msgcat
configure:3247: result: /usr/bin/msgcat
configure:3271: checking for msgfmt
configure:3289: found /usr/bin/msgfmt
configure:3301: result: /usr/bin/msgfmt
configure:3325: checking for msgexec
configure:3343: found /usr/bin/msgexec
configure:3355: result: /usr/bin/msgexec
configure:3374: checking for msgmerge that supports --previous
configure:3409: result: /usr/bin/msgmerge
configure:3430: checking for msgattrib that supports --clear-previous
configure:3465: result: /usr/bin/msgattrib
configure:3483: checking whether msgattrib supports --previous
configure:3491: result: yes
configure:3504: checking for wdiff
configure:3537: result: no
configure:3568: checking for po4a-gettextize
configure:3601: result: no
configure:3618: checking for po4a-translate
configure:3651: result: no
configure:3730: checking for mail
configure:3763: result: no
configure:3798: checking for cvs
configure:3831: result: no
configure:3841: checking for svn
configure:3874: result: no
configure:3884: checking for bzr
configure:3917: result: no
configure:3933: checking for xmllint
configure:3951: found /usr/bin/xmllint
configure:3963: result: /usr/bin/xmllint
configure:3993: checking if xmllint supports --path
configure:4002: result: yes
configure:4011: checking if xmllint supports --nonet
configure:4017: result: yes
configure:4029: checking if XHTML DTDs are installed
configure:4036: result: no (will use our copy)
configure:4060: checking for sort
configure:4078: found /usr/bin/sort
configure:4090: result: /usr/bin/sort
configure:4116: checking for localedef
configure:4134: found /usr/bin/localedef
configure:4146: result: /usr/bin/localedef
configure:4376: checking that generated files are newer than configure
configure:4382: result: done
configure:4422: creating ./config.status

## ---------------------- ##
## Running config.status. ##
## ---------------------- ##

This file was extended by GNUnited Nations config.status 1.0, which was
generated by GNU Autoconf 2.69.  Invocation command line was

  CONFIG_FILES    = 
  CONFIG_HEADERS  = 
  CONFIG_LINKS    = 
  CONFIG_COMMANDS = 
  $ ./config.status 

on rishon

config.status:793: creating Makefile
config.status:793: creating doc/Makefile
config.status:793: creating dtd/Makefile
config.status:793: creating config.mk
config.status:793: creating expand-ssi.awk

## ---------------- ##
## Cache variables. ##
## ---------------- ##

_cv_gnu_make_command=make
ac_cv_env_AWK_set=
ac_cv_env_AWK_value=
ac_cv_env_BASE64_set=
ac_cv_env_BASE64_value=
ac_cv_env_BASH_set=set
ac_cv_env_BASH_value=/bin/bash
ac_cv_env_EGREP_set=
ac_cv_env_EGREP_value=
ac_cv_env_GREP_set=
ac_cv_env_GREP_value=
ac_cv_env_LOCALEDEF_set=
ac_cv_env_LOCALEDEF_value=
ac_cv_env_MAIL_set=
ac_cv_env_MAIL_value=
ac_cv_env_MKTEMP_set=
ac_cv_env_MKTEMP_value=
ac_cv_env_MSGCAT_set=
ac_cv_env_MSGCAT_value=
ac_cv_env_MSGEXEC_set=
ac_cv_env_MSGEXEC_value=
ac_cv_env_MSGFMT_set=
ac_cv_env_MSGFMT_value=
ac_cv_env_MSGMERGE_set=
ac_cv_env_MSGMERGE_value=
ac_cv_env_PO4A_GETTEXTIZE_set=
ac_cv_env_PO4A_GETTEXTIZE_value=
ac_cv_env_PO4A_TRANSLATE_set=
ac_cv_env_PO4A_TRANSLATE_value=
ac_cv_env_SED_set=
ac_cv_env_SED_value=
ac_cv_env_SORT_set=
ac_cv_env_SORT_value=
ac_cv_env_UUENCODE_set=
ac_cv_env_UUENCODE_value=
ac_cv_env_WDIFF_set=
ac_cv_env_WDIFF_value=
ac_cv_env_build_alias_set=
ac_cv_env_build_alias_value=
ac_cv_env_host_alias_set=
ac_cv_env_host_alias_value=
ac_cv_env_target_alias_set=
ac_cv_env_target_alias_value=
ac_cv_path_BASE64=/usr/bin/base64
ac_cv_path_BASH=/bin/bash
ac_cv_path_EGREP='/bin/grep -E'
ac_cv_path_GREP=/bin/grep
ac_cv_path_LOCALEDEF=/usr/bin/localedef
ac_cv_path_MKTEMP=/bin/mktemp
ac_cv_path_MSGATTRIB=/usr/bin/msgattrib
ac_cv_path_MSGCAT=/usr/bin/msgcat
ac_cv_path_MSGEXEC=/usr/bin/msgexec
ac_cv_path_MSGFMT=/usr/bin/msgfmt
ac_cv_path_MSGMERGE=/usr/bin/msgmerge
ac_cv_path_SED=/bin/sed
ac_cv_path_SORT=/usr/bin/sort
ac_cv_path_XMLLINT=/usr/bin/xmllint
ac_cv_path_install='/usr/bin/install -c'
ac_cv_path_mkdir=/bin/mkdir
ac_cv_prog_AWK=gawk
ac_cv_prog_make_make_set=yes
am_cv_make_support_nested_variables=yes

## ----------------- ##
## Output variables. ##
## ----------------- ##

ACLOCAL='${SHELL} /home/carolhanna/Security_Project/gnu_dataset/gnun-1.0/missing aclocal-1.15'
AMTAR='$${TAR-tar}'
AM_BACKSLASH='\'
AM_DEFAULT_V='$(AM_DEFAULT_VERBOSITY)'
AM_DEFAULT_VERBOSITY='1'
AM_V='$(V)'
AUTOCONF='${SHELL} /home/carolhanna/Security_Project/gnu_dataset/gnun-1.0/missing autoconf'
AUTOHEADER='${SHELL} /home/carolhanna/Security_Project/gnu_dataset/gnun-1.0/missing autoheader'
AUTOMAKE='${SHELL} /home/carolhanna/Security_Project/gnu_dataset/gnun-1.0/missing automake-1.15'
AWK='gawk'
BASE64='/usr/bin/base64'
BASE64_ENCODE='/usr/bin/base64 --wrap=0'
BASH='/bin/bash'
BZR=''
CVS=''
CYGPATH_W='echo'
DEFS='-DPACKAGE_NAME=\"GNUnited\ Nations\" -DPACKAGE_TARNAME=\"gnun\" -DPACKAGE_VERSION=\"1.0\" -DPACKAGE_STRING=\"GNUnited\ Nations\ 1.0\" -DPACKAGE_BUGREPORT=\"bug-gnun@gnu.org\" -DPACKAGE_URL=\"https://www.gnu.org/software/gnun/\" -DPACKAGE=\"gnun\" -DVERSION=\"1.0\"'
ECHO_C=''
ECHO_N='-n'
ECHO_T=''
EGREP='/bin/grep -E'
GREP='/bin/grep'
HAVE_GETTEXT_FALSE='#'
HAVE_GETTEXT_TRUE=''
HAVE_MATCH3_FALSE='#'
HAVE_MATCH3_TRUE=''
HAVE_PO4A_FALSE=''
HAVE_PO4A_TRUE='#'
HAVE_SORT_FALSE='#'
HAVE_SORT_TRUE=''
HAVE_VALIDATION_FALSE='#'
HAVE_VALIDATION_TRUE=''
HAVE_WDIFF_FALSE=''
HAVE_WDIFF_TRUE='#'
INSTALL_DATA='${INSTALL} -m 644'
INSTALL_PROGRAM='${INSTALL}'
INSTALL_SCRIPT='${INSTALL}'
INSTALL_STRIP_PROGRAM='$(install_sh) -c -s'
LIBOBJS=''
LIBS=''
LOCALEDEF='/usr/bin/localedef'
LTLIBOBJS=''
MAIL=''
MAKEINFO='${SHELL} /home/carolhanna/Security_Project/gnu_dataset/gnun-1.0/missing makeinfo'
MATCH3='match'
MKDIR_P='/bin/mkdir -p'
MKTEMP='/bin/mktemp'
MKTEMP_T='-t'
MSGATTRIB='/usr/bin/msgattrib'
MSGATTRIB_PREV='yes'
MSGCAT='/usr/bin/msgcat'
MSGEXEC='/usr/bin/msgexec'
MSGFMT='/usr/bin/msgfmt'
MSGMERGE='/usr/bin/msgmerge'
MULTIVIEWS='yes'
NEW_MSGATTRIB_FALSE='#'
NEW_MSGATTRIB_TRUE=''
NO_DTD_FALSE='#'
NO_DTD_TRUE=''
PACKAGE='gnun'
PACKAGE_BUGREPORT='bug-gnun@gnu.org'
PACKAGE_NAME='GNUnited Nations'
PACKAGE_STRING='GNUnited Nations 1.0'
PACKAGE_TARNAME='gnun'
PACKAGE_URL='https://www.gnu.org/software/gnun/'
PACKAGE_VERSION='1.0'
PATH_SEPARATOR=':'
PO4A_GETTEXTIZE=''
PO4A_TRANSLATE=''
SED='/bin/sed'
SET_MAKE=''
SHELL='/bin/bash'
SORT='/usr/bin/sort'
STRIP=''
SVN=''
UUENCODE=''
VERSION='1.0'
WDIFF=''
XMLLINT='/usr/bin/xmllint'
am__isrc=''
am__leading_dot='.'
am__tar='$${TAR-tar} chof - "$$tardir"'
am__untar='$${TAR-tar} xf -'
bindir='${exec_prefix}/bin'
build_alias=''
datadir='${datarootdir}'
datarootdir='${prefix}/share'
docdir='${datarootdir}/doc/${PACKAGE_TARNAME}'
dvidir='${docdir}'
exec_prefix='${prefix}'
host_alias=''
htmldir='${docdir}'
ifGNUmake=''
includedir='${prefix}/include'
infodir='${datarootdir}/info'
install_sh='${SHELL} /home/carolhanna/Security_Project/gnu_dataset/gnun-1.0/install-sh'
libdir='${exec_prefix}/lib'
libexecdir='${exec_prefix}/libexec'
localedir='${datarootdir}/locale'
localstatedir='${prefix}/var'
mandir='${datarootdir}/man'
mkdir_p='$(MKDIR_P)'
oldincludedir='/usr/include'
pdfdir='${docdir}'
prefix='/usr/local'
program_transform_name='s,x,x,'
psdir='${docdir}'
runstatedir='${localstatedir}/run'
sbindir='${exec_prefix}/sbin'
sharedstatedir='${prefix}/com'
sysconfdir='${prefix}/etc'
target_alias=''

## ----------- ##
## confdefs.h. ##
## ----------- ##

/* confdefs.h */
#define PACKAGE_NAME "GNUnited Nations"
#define PACKAGE_TARNAME "gnun"
#define PACKAGE_VERSION "1.0"
#define PACKAGE_STRING "GNUnited Nations 1.0"
#define PACKAGE_BUGREPORT "bug-gnun@gnu.org"
#define PACKAGE_URL "https://www.gnu.org/software/gnun/"
#define PACKAGE "gnun"
#define VERSION "1.0"

configure: exit 0
