This file contains any messages produced by compilers while
running configure, to aid debugging if configure makes a mistake.

It was created by guile-sdl configure 0.5.1, which was
generated by GNU Autoconf 2.69.  Invocation command line was

  $ ./configure 

## --------- ##
## Platform. ##
## --------- ##

hostname = rishon
uname -m = x86_64
uname -r = 4.15.0-72-generic
uname -s = Linux
uname -v = #81-Ubuntu SMP Tue Nov 26 12:20:02 UTC 2019

/usr/bin/uname -p = unknown
/bin/uname -X     = unknown

/bin/arch              = unknown
/usr/bin/arch -k       = unknown
/usr/convex/getsysinfo = unknown
/usr/bin/hostinfo      = unknown
/bin/machine           = unknown
/usr/bin/oslevel       = unknown
/bin/universe          = unknown

PATH: /home/carolhanna/miniconda3/bin
PATH: /home/carolhanna/miniconda3/condabin
PATH: /usr/local/sbin
PATH: /usr/local/bin
PATH: /usr/sbin
PATH: /usr/bin
PATH: /sbin
PATH: /bin
PATH: /usr/games
PATH: /usr/local/games
PATH: /snap/bin


## ----------- ##
## Core tests. ##
## ----------- ##

configure:2432: checking for a BSD-compatible install
configure:2500: result: /usr/bin/install -c
configure:2511: checking whether build environment is sane
configure:2566: result: yes
configure:2717: checking for a thread-safe mkdir -p
configure:2756: result: /bin/mkdir -p
configure:2763: checking for gawk
configure:2779: found /usr/bin/gawk
configure:2790: result: gawk
configure:2801: checking whether make sets $(MAKE)
configure:2823: result: yes
configure:2852: checking whether make supports nested variables
configure:2869: result: yes
configure:2954: checking whether to enable maintainer-specific portions of Makefiles
configure:2963: result: no
configure:2983: checking build system type
configure:2997: result: x86_64-unknown-linux-gnu
configure:3017: checking host system type
configure:3030: result: x86_64-unknown-linux-gnu
configure:3052: checking sofix flags
configure:3064: result: no-la,no-symlinks
configure:3120: checking how to print strings
configure:3147: result: printf
configure:3180: checking for style of include used by make
configure:3208: result: GNU
configure:3279: checking for gcc
configure:3295: found /usr/bin/gcc
configure:3306: result: gcc
configure:3535: checking for C compiler version
configure:3544: gcc --version >&5
gcc (Ubuntu 7.5.0-3ubuntu1~18.04) 7.5.0
Copyright (C) 2017 Free Software Foundation, Inc.
This is free software; see the source for copying conditions.  There is NO
warranty; not even for MERCHANTABILITY or FITNESS FOR A PARTICULAR PURPOSE.

configure:3555: $? = 0
configure:3544: gcc -v >&5
Using built-in specs.
COLLECT_GCC=gcc
COLLECT_LTO_WRAPPER=/usr/lib/gcc/x86_64-linux-gnu/7/lto-wrapper
OFFLOAD_TARGET_NAMES=nvptx-none
OFFLOAD_TARGET_DEFAULT=1
Target: x86_64-linux-gnu
Configured with: ../src/configure -v --with-pkgversion='Ubuntu 7.5.0-3ubuntu1~18.04' --with-bugurl=file:///usr/share/doc/gcc-7/README.Bugs --enable-languages=c,ada,c++,go,brig,d,fortran,objc,obj-c++ --prefix=/usr --with-gcc-major-version-only --program-suffix=-7 --program-prefix=x86_64-linux-gnu- --enable-shared --enable-linker-build-id --libexecdir=/usr/lib --without-included-gettext --enable-threads=posix --libdir=/usr/lib --enable-nls --enable-bootstrap --enable-clocale=gnu --enable-libstdcxx-debug --enable-libstdcxx-time=yes --with-default-libstdcxx-abi=new --enable-gnu-unique-object --disable-vtable-verify --enable-libmpx --enable-plugin --enable-default-pie --with-system-zlib --with-target-system-zlib --enable-objc-gc=auto --enable-multiarch --disable-werror --with-arch-32=i686 --with-abi=m64 --with-multilib-list=m32,m64,mx32 --enable-multilib --with-tune=generic --enable-offload-targets=nvptx-none --without-cuda-driver --enable-checking=release --build=x86_64-linux-gnu --host=x86_64-linux-gnu --target=x86_64-linux-gnu
Thread model: posix
gcc version 7.5.0 (Ubuntu 7.5.0-3ubuntu1~18.04) 
configure:3555: $? = 0
configure:3544: gcc -V >&5
gcc: error: unrecognized command line option '-V'
gcc: fatal error: no input files
compilation terminated.
configure:3555: $? = 1
configure:3544: gcc -qversion >&5
gcc: error: unrecognized command line option '-qversion'; did you mean '--version'?
gcc: fatal error: no input files
compilation terminated.
configure:3555: $? = 1
configure:3575: checking whether the C compiler works
configure:3597: gcc    conftest.c  >&5
configure:3601: $? = 0
configure:3649: result: yes
configure:3652: checking for C compiler default output file name
configure:3654: result: a.out
configure:3660: checking for suffix of executables
configure:3667: gcc -o conftest    conftest.c  >&5
configure:3671: $? = 0
configure:3693: result: 
configure:3715: checking whether we are cross compiling
configure:3723: gcc -o conftest    conftest.c  >&5
configure:3727: $? = 0
configure:3734: ./conftest
configure:3738: $? = 0
configure:3753: result: no
configure:3758: checking for suffix of object files
configure:3780: gcc -c   conftest.c >&5
configure:3784: $? = 0
configure:3805: result: o
configure:3809: checking whether we are using the GNU C compiler
configure:3828: gcc -c   conftest.c >&5
configure:3828: $? = 0
configure:3837: result: yes
configure:3846: checking whether gcc accepts -g
configure:3866: gcc -c -g  conftest.c >&5
configure:3866: $? = 0
configure:3907: result: yes
configure:3924: checking for gcc option to accept ISO C89
configure:3987: gcc  -c -g -O2  conftest.c >&5
configure:3987: $? = 0
configure:4000: result: none needed
configure:4022: checking dependency style of gcc
configure:4133: result: gcc3
configure:4148: checking for a sed that does not truncate output
configure:4212: result: /bin/sed
configure:4230: checking for grep that handles long lines and -e
configure:4288: result: /bin/grep
configure:4293: checking for egrep
configure:4355: result: /bin/grep -E
configure:4360: checking for fgrep
configure:4422: result: /bin/grep -F
configure:4457: checking for ld used by gcc
configure:4524: result: /usr/bin/ld
configure:4531: checking if the linker (/usr/bin/ld) is GNU ld
configure:4546: result: yes
configure:4558: checking for BSD- or MS-compatible name lister (nm)
configure:4607: result: /usr/bin/nm -B
configure:4737: checking the name lister (/usr/bin/nm -B) interface
configure:4744: gcc -c -g -O2  conftest.c >&5
configure:4747: /usr/bin/nm -B "conftest.o"
configure:4750: output
0000000000000000 B some_variable
configure:4757: result: BSD nm
configure:4760: checking whether ln -s works
configure:4764: result: yes
configure:4772: checking the maximum length of command line arguments
configure:4902: result: 1572864
configure:4919: checking whether the shell understands some XSI constructs
configure:4929: result: yes
configure:4933: checking whether the shell understands "+="
configure:4939: result: yes
configure:4974: checking how to convert x86_64-unknown-linux-gnu file names to x86_64-unknown-linux-gnu format
configure:5014: result: func_convert_file_noop
configure:5021: checking how to convert x86_64-unknown-linux-gnu file names to toolchain format
configure:5041: result: func_convert_file_noop
configure:5048: checking for /usr/bin/ld option to reload object files
configure:5055: result: -r
configure:5129: checking for objdump
configure:5145: found /usr/bin/objdump
configure:5156: result: objdump
configure:5188: checking how to recognize dependent libraries
configure:5390: result: pass_all
configure:5475: checking for dlltool
configure:5505: result: no
configure:5535: checking how to associate runtime and link libraries
configure:5562: result: printf %s\n
configure:5623: checking for ar
configure:5639: found /usr/bin/ar
configure:5650: result: ar
configure:5687: checking for archiver @FILE support
configure:5704: gcc -c -g -O2  conftest.c >&5
configure:5704: $? = 0
configure:5707: ar cru libconftest.a @conftest.lst >&5
ar: `u' modifier ignored since `D' is the default (see `U')
configure:5710: $? = 0
configure:5715: ar cru libconftest.a @conftest.lst >&5
ar: `u' modifier ignored since `D' is the default (see `U')
ar: conftest.o: No such file or directory
configure:5718: $? = 1
configure:5730: result: @
configure:5788: checking for strip
configure:5804: found /usr/bin/strip
configure:5815: result: strip
configure:5887: checking for ranlib
configure:5903: found /usr/bin/ranlib
configure:5914: result: ranlib
configure:6016: checking command to parse /usr/bin/nm -B output from gcc object
configure:6136: gcc -c -g -O2  conftest.c >&5
configure:6139: $? = 0
configure:6143: /usr/bin/nm -B conftest.o \| sed -n -e 's/^.*[ ]\([ABCDGIRSTW][ABCDGIRSTW]*\)[ ][ ]*\([_A-Za-z][_A-Za-z0-9]*\)$/\1 \2 \2/p' | sed '/ __gnu_lto/d' \> conftest.nm
configure:6146: $? = 0
configure:6212: gcc -o conftest -g -O2   conftest.c conftstm.o >&5
configure:6215: $? = 0
configure:6253: result: ok
configure:6290: checking for sysroot
configure:6320: result: no
configure:6397: gcc -c -g -O2  conftest.c >&5
configure:6400: $? = 0
configure:6576: checking for mt
configure:6592: found /bin/mt
configure:6603: result: mt
configure:6626: checking if mt is a manifest tool
configure:6632: mt '-?'
configure:6640: result: no
configure:7282: checking how to run the C preprocessor
configure:7313: gcc -E  conftest.c
configure:7313: $? = 0
configure:7327: gcc -E  conftest.c
conftest.c:11:10: fatal error: ac_nonexistent.h: No such file or directory
 #include <ac_nonexistent.h>
          ^~~~~~~~~~~~~~~~~~
compilation terminated.
configure:7327: $? = 1
configure: failed program was:
| /* confdefs.h */
| #define PACKAGE_NAME "guile-sdl"
| #define PACKAGE_TARNAME "guile-sdl"
| #define PACKAGE_VERSION "0.5.1"
| #define PACKAGE_STRING "guile-sdl 0.5.1"
| #define PACKAGE_BUGREPORT "bug-guile-sdl@gnu.org"
| #define PACKAGE_URL ""
| #define PACKAGE "guile-sdl"
| #define VERSION "0.5.1"
| /* end confdefs.h.  */
| #include <ac_nonexistent.h>
configure:7352: result: gcc -E
configure:7372: gcc -E  conftest.c
configure:7372: $? = 0
configure:7386: gcc -E  conftest.c
conftest.c:11:10: fatal error: ac_nonexistent.h: No such file or directory
 #include <ac_nonexistent.h>
          ^~~~~~~~~~~~~~~~~~
compilation terminated.
configure:7386: $? = 1
configure: failed program was:
| /* confdefs.h */
| #define PACKAGE_NAME "guile-sdl"
| #define PACKAGE_TARNAME "guile-sdl"
| #define PACKAGE_VERSION "0.5.1"
| #define PACKAGE_STRING "guile-sdl 0.5.1"
| #define PACKAGE_BUGREPORT "bug-guile-sdl@gnu.org"
| #define PACKAGE_URL ""
| #define PACKAGE "guile-sdl"
| #define VERSION "0.5.1"
| /* end confdefs.h.  */
| #include <ac_nonexistent.h>
configure:7415: checking for ANSI C header files
configure:7435: gcc -c -g -O2  conftest.c >&5
configure:7435: $? = 0
configure:7508: gcc -o conftest -g -O2   conftest.c  >&5
configure:7508: $? = 0
configure:7508: ./conftest
configure:7508: $? = 0
configure:7519: result: yes
configure:7532: checking for sys/types.h
configure:7532: gcc -c -g -O2  conftest.c >&5
configure:7532: $? = 0
configure:7532: result: yes
configure:7532: checking for sys/stat.h
configure:7532: gcc -c -g -O2  conftest.c >&5
configure:7532: $? = 0
configure:7532: result: yes
configure:7532: checking for stdlib.h
configure:7532: gcc -c -g -O2  conftest.c >&5
configure:7532: $? = 0
configure:7532: result: yes
configure:7532: checking for string.h
configure:7532: gcc -c -g -O2  conftest.c >&5
configure:7532: $? = 0
configure:7532: result: yes
configure:7532: checking for memory.h
configure:7532: gcc -c -g -O2  conftest.c >&5
configure:7532: $? = 0
configure:7532: result: yes
configure:7532: checking for strings.h
configure:7532: gcc -c -g -O2  conftest.c >&5
configure:7532: $? = 0
configure:7532: result: yes
configure:7532: checking for inttypes.h
configure:7532: gcc -c -g -O2  conftest.c >&5
configure:7532: $? = 0
configure:7532: result: yes
configure:7532: checking for stdint.h
configure:7532: gcc -c -g -O2  conftest.c >&5
configure:7532: $? = 0
configure:7532: result: yes
configure:7532: checking for unistd.h
configure:7532: gcc -c -g -O2  conftest.c >&5
configure:7532: $? = 0
configure:7532: result: yes
configure:7546: checking for dlfcn.h
configure:7546: gcc -c -g -O2  conftest.c >&5
configure:7546: $? = 0
configure:7546: result: yes
configure:7750: checking for objdir
configure:7765: result: .libs
configure:8036: checking if gcc supports -fno-rtti -fno-exceptions
configure:8054: gcc -c -g -O2  -fno-rtti -fno-exceptions conftest.c >&5
cc1: warning: command line option '-fno-rtti' is valid for C++/ObjC++ but not for C
configure:8058: $? = 0
configure:8071: result: no
configure:8398: checking for gcc option to produce PIC
configure:8405: result: -fPIC -DPIC
configure:8413: checking if gcc PIC flag -fPIC -DPIC works
configure:8431: gcc -c -g -O2  -fPIC -DPIC -DPIC conftest.c >&5
configure:8435: $? = 0
configure:8448: result: yes
configure:8477: checking if gcc static flag -static works
configure:8505: result: yes
configure:8520: checking if gcc supports -c -o file.o
configure:8541: gcc -c -g -O2  -o out/conftest2.o conftest.c >&5
configure:8545: $? = 0
configure:8567: result: yes
configure:8575: checking if gcc supports -c -o file.o
configure:8622: result: yes
configure:8655: checking whether the gcc linker (/usr/bin/ld -m elf_x86_64) supports shared libraries
configure:9808: result: yes
configure:9845: checking whether -lc should be explicitly linked in
configure:9853: gcc -c -g -O2  conftest.c >&5
configure:9856: $? = 0
configure:9871: gcc -shared  -fPIC -DPIC conftest.o  -v -Wl,-soname -Wl,conftest -o conftest 2\>\&1 \| /bin/grep  -lc  \>/dev/null 2\>\&1
configure:9874: $? = 0
configure:9888: result: no
configure:10048: checking dynamic linker characteristics
configure:10559: gcc -o conftest -g -O2   -Wl,-rpath -Wl,/foo conftest.c  >&5
configure:10559: $? = 0
configure:10781: result: GNU/Linux ld.so
configure:10888: checking how to hardcode library paths into programs
configure:10913: result: immediate
configure:11007: checking for shl_load
configure:11007: gcc -o conftest -g -O2   conftest.c  >&5
/tmp/cc8D2vxB.o: In function `main':
/home/carolhanna/Security_Project/gnu_dataset/guile-sdl-0.5.1/conftest.c:57: undefined reference to `shl_load'
collect2: error: ld returned 1 exit status
configure:11007: $? = 1
configure: failed program was:
| /* confdefs.h */
| #define PACKAGE_NAME "guile-sdl"
| #define PACKAGE_TARNAME "guile-sdl"
| #define PACKAGE_VERSION "0.5.1"
| #define PACKAGE_STRING "guile-sdl 0.5.1"
| #define PACKAGE_BUGREPORT "bug-guile-sdl@gnu.org"
| #define PACKAGE_URL ""
| #define PACKAGE "guile-sdl"
| #define VERSION "0.5.1"
| #define STDC_HEADERS 1
| #define HAVE_SYS_TYPES_H 1
| #define HAVE_SYS_STAT_H 1
| #define HAVE_STDLIB_H 1
| #define HAVE_STRING_H 1
| #define HAVE_MEMORY_H 1
| #define HAVE_STRINGS_H 1
| #define HAVE_INTTYPES_H 1
| #define HAVE_STDINT_H 1
| #define HAVE_UNISTD_H 1
| #define HAVE_DLFCN_H 1
| #define LT_OBJDIR ".libs/"
| /* end confdefs.h.  */
| /* Define shl_load to an innocuous variant, in case <limits.h> declares shl_load.
|    For example, HP-UX 11i <limits.h> declares gettimeofday.  */
| #define shl_load innocuous_shl_load
| 
| /* System header to define __stub macros and hopefully few prototypes,
|     which can conflict with char shl_load (); below.
|     Prefer <limits.h> to <assert.h> if __STDC__ is defined, since
|     <limits.h> exists even on freestanding compilers.  */
| 
| #ifdef __STDC__
| # include <limits.h>
| #else
| # include <assert.h>
| #endif
| 
| #undef shl_load
| 
| /* Override any GCC internal prototype to avoid an error.
|    Use char because int might match the return type of a GCC
|    builtin and then its argument prototype would still apply.  */
| #ifdef __cplusplus
| extern "C"
| #endif
| char shl_load ();
| /* The GNU C library defines this for functions which it implements
|     to always fail with ENOSYS.  Some functions are actually named
|     something starting with __ and the normal name is an alias.  */
| #if defined __stub_shl_load || defined __stub___shl_load
| choke me
| #endif
| 
| int
| main ()
| {
| return shl_load ();
|   ;
|   return 0;
| }
configure:11007: result: no
configure:11011: checking for shl_load in -ldld
configure:11036: gcc -o conftest -g -O2   conftest.c -ldld   >&5
/usr/bin/ld: cannot find -ldld
collect2: error: ld returned 1 exit status
configure:11036: $? = 1
configure: failed program was:
| /* confdefs.h */
| #define PACKAGE_NAME "guile-sdl"
| #define PACKAGE_TARNAME "guile-sdl"
| #define PACKAGE_VERSION "0.5.1"
| #define PACKAGE_STRING "guile-sdl 0.5.1"
| #define PACKAGE_BUGREPORT "bug-guile-sdl@gnu.org"
| #define PACKAGE_URL ""
| #define PACKAGE "guile-sdl"
| #define VERSION "0.5.1"
| #define STDC_HEADERS 1
| #define HAVE_SYS_TYPES_H 1
| #define HAVE_SYS_STAT_H 1
| #define HAVE_STDLIB_H 1
| #define HAVE_STRING_H 1
| #define HAVE_MEMORY_H 1
| #define HAVE_STRINGS_H 1
| #define HAVE_INTTYPES_H 1
| #define HAVE_STDINT_H 1
| #define HAVE_UNISTD_H 1
| #define HAVE_DLFCN_H 1
| #define LT_OBJDIR ".libs/"
| /* end confdefs.h.  */
| 
| /* Override any GCC internal prototype to avoid an error.
|    Use char because int might match the return type of a GCC
|    builtin and then its argument prototype would still apply.  */
| #ifdef __cplusplus
| extern "C"
| #endif
| char shl_load ();
| int
| main ()
| {
| return shl_load ();
|   ;
|   return 0;
| }
configure:11045: result: no
configure:11050: checking for dlopen
configure:11050: gcc -o conftest -g -O2   conftest.c  >&5
/tmp/ccJOUedO.o: In function `main':
/home/carolhanna/Security_Project/gnu_dataset/guile-sdl-0.5.1/conftest.c:57: undefined reference to `dlopen'
collect2: error: ld returned 1 exit status
configure:11050: $? = 1
configure: failed program was:
| /* confdefs.h */
| #define PACKAGE_NAME "guile-sdl"
| #define PACKAGE_TARNAME "guile-sdl"
| #define PACKAGE_VERSION "0.5.1"
| #define PACKAGE_STRING "guile-sdl 0.5.1"
| #define PACKAGE_BUGREPORT "bug-guile-sdl@gnu.org"
| #define PACKAGE_URL ""
| #define PACKAGE "guile-sdl"
| #define VERSION "0.5.1"
| #define STDC_HEADERS 1
| #define HAVE_SYS_TYPES_H 1
| #define HAVE_SYS_STAT_H 1
| #define HAVE_STDLIB_H 1
| #define HAVE_STRING_H 1
| #define HAVE_MEMORY_H 1
| #define HAVE_STRINGS_H 1
| #define HAVE_INTTYPES_H 1
| #define HAVE_STDINT_H 1
| #define HAVE_UNISTD_H 1
| #define HAVE_DLFCN_H 1
| #define LT_OBJDIR ".libs/"
| /* end confdefs.h.  */
| /* Define dlopen to an innocuous variant, in case <limits.h> declares dlopen.
|    For example, HP-UX 11i <limits.h> declares gettimeofday.  */
| #define dlopen innocuous_dlopen
| 
| /* System header to define __stub macros and hopefully few prototypes,
|     which can conflict with char dlopen (); below.
|     Prefer <limits.h> to <assert.h> if __STDC__ is defined, since
|     <limits.h> exists even on freestanding compilers.  */
| 
| #ifdef __STDC__
| # include <limits.h>
| #else
| # include <assert.h>
| #endif
| 
| #undef dlopen
| 
| /* Override any GCC internal prototype to avoid an error.
|    Use char because int might match the return type of a GCC
|    builtin and then its argument prototype would still apply.  */
| #ifdef __cplusplus
| extern "C"
| #endif
| char dlopen ();
| /* The GNU C library defines this for functions which it implements
|     to always fail with ENOSYS.  Some functions are actually named
|     something starting with __ and the normal name is an alias.  */
| #if defined __stub_dlopen || defined __stub___dlopen
| choke me
| #endif
| 
| int
| main ()
| {
| return dlopen ();
|   ;
|   return 0;
| }
configure:11050: result: no
configure:11054: checking for dlopen in -ldl
configure:11079: gcc -o conftest -g -O2   conftest.c -ldl   >&5
configure:11079: $? = 0
configure:11088: result: yes
configure:11207: checking whether a program can dlopen itself
configure:11287: gcc -o conftest -g -O2  -DHAVE_DLFCN_H  -Wl,--export-dynamic conftest.c -ldl  >&5
configure:11290: $? = 0
configure:11308: result: yes
configure:11313: checking whether a statically linked program can dlopen itself
configure:11393: gcc -o conftest -g -O2  -DHAVE_DLFCN_H  -Wl,--export-dynamic -static conftest.c -ldl  >&5
/tmp/ccB6K8F2.o: In function `main':
/home/carolhanna/Security_Project/gnu_dataset/guile-sdl-0.5.1/configure:11372: warning: Using 'dlopen' in statically linked applications requires at runtime the shared libraries from the glibc version used for linking
configure:11396: $? = 0
conftest: undefined symbol: _fnord
configure:11414: result: no
configure:11453: checking whether stripping libraries is possible
configure:11458: result: yes
configure:11493: checking if libtool supports shared libraries
configure:11495: result: yes
configure:11498: checking whether to build shared libraries
configure:11519: result: yes
configure:11522: checking whether to build static libraries
configure:11526: result: no
configure:11563: checking for gcc option to accept ISO C99
configure:11712: gcc  -c -g -O2  conftest.c >&5
configure:11712: $? = 0
configure:11725: result: none needed
configure:11755: checking for guile
configure:11788: result: no
configure:11794: error: guile required but not found

## ---------------- ##
## Cache variables. ##
## ---------------- ##

ac_cv_build=x86_64-unknown-linux-gnu
ac_cv_c_compiler_gnu=yes
ac_cv_env_CC_set=
ac_cv_env_CC_value=
ac_cv_env_CFLAGS_set=
ac_cv_env_CFLAGS_value=
ac_cv_env_CPPFLAGS_set=
ac_cv_env_CPPFLAGS_value=
ac_cv_env_CPP_set=
ac_cv_env_CPP_value=
ac_cv_env_IMFI_CFLAGS_set=
ac_cv_env_IMFI_CFLAGS_value=
ac_cv_env_LDFLAGS_set=
ac_cv_env_LDFLAGS_value=
ac_cv_env_LIBS_set=
ac_cv_env_LIBS_value=
ac_cv_env_build_alias_set=
ac_cv_env_build_alias_value=
ac_cv_env_host_alias_set=
ac_cv_env_host_alias_value=
ac_cv_env_target_alias_set=
ac_cv_env_target_alias_value=
ac_cv_func_dlopen=no
ac_cv_func_shl_load=no
ac_cv_header_dlfcn_h=yes
ac_cv_header_inttypes_h=yes
ac_cv_header_memory_h=yes
ac_cv_header_stdc=yes
ac_cv_header_stdint_h=yes
ac_cv_header_stdlib_h=yes
ac_cv_header_string_h=yes
ac_cv_header_strings_h=yes
ac_cv_header_sys_stat_h=yes
ac_cv_header_sys_types_h=yes
ac_cv_header_unistd_h=yes
ac_cv_host=x86_64-unknown-linux-gnu
ac_cv_lib_dl_dlopen=yes
ac_cv_lib_dld_shl_load=no
ac_cv_objext=o
ac_cv_path_EGREP='/bin/grep -E'
ac_cv_path_FGREP='/bin/grep -F'
ac_cv_path_GREP=/bin/grep
ac_cv_path_SED=/bin/sed
ac_cv_path_install='/usr/bin/install -c'
ac_cv_path_mkdir=/bin/mkdir
ac_cv_prog_AWK=gawk
ac_cv_prog_CPP='gcc -E'
ac_cv_prog_ac_ct_AR=ar
ac_cv_prog_ac_ct_CC=gcc
ac_cv_prog_ac_ct_MANIFEST_TOOL=mt
ac_cv_prog_ac_ct_OBJDUMP=objdump
ac_cv_prog_ac_ct_RANLIB=ranlib
ac_cv_prog_ac_ct_STRIP=strip
ac_cv_prog_cc_c89=
ac_cv_prog_cc_c99=
ac_cv_prog_cc_g=yes
ac_cv_prog_make_make_set=yes
am_cv_CC_dependencies_compiler_type=gcc3
am_cv_make_support_nested_variables=yes
host_cv_sofixflags=no-la,no-symlinks
lt_cv_ar_at_file=@
lt_cv_archive_cmds_need_lc=no
lt_cv_deplibs_check_method=pass_all
lt_cv_dlopen=dlopen
lt_cv_dlopen_libs=-ldl
lt_cv_dlopen_self=yes
lt_cv_dlopen_self_static=no
lt_cv_file_magic_cmd='$MAGIC_CMD'
lt_cv_file_magic_test_file=
lt_cv_ld_reload_flag=-r
lt_cv_nm_interface='BSD nm'
lt_cv_objdir=.libs
lt_cv_path_LD=/usr/bin/ld
lt_cv_path_NM='/usr/bin/nm -B'
lt_cv_path_mainfest_tool=no
lt_cv_prog_compiler_c_o=yes
lt_cv_prog_compiler_pic='-fPIC -DPIC'
lt_cv_prog_compiler_pic_works=yes
lt_cv_prog_compiler_rtti_exceptions=no
lt_cv_prog_compiler_static_works=yes
lt_cv_prog_gnu_ld=yes
lt_cv_sharedlib_from_linklib_cmd='printf %s\n'
lt_cv_shlibpath_overrides_runpath=yes
lt_cv_sys_global_symbol_pipe='sed -n -e '\''s/^.*[	 ]\([ABCDGIRSTW][ABCDGIRSTW]*\)[	 ][	 ]*\([_A-Za-z][_A-Za-z0-9]*\)$/\1 \2 \2/p'\'' | sed '\''/ __gnu_lto/d'\'''
lt_cv_sys_global_symbol_to_c_name_address='sed -n -e '\''s/^: \([^ ]*\)[ ]*$/  {\"\1\", (void *) 0},/p'\'' -e '\''s/^[ABCDGIRSTW]* \([^ ]*\) \([^ ]*\)$/  {"\2", (void *) \&\2},/p'\'''
lt_cv_sys_global_symbol_to_c_name_address_lib_prefix='sed -n -e '\''s/^: \([^ ]*\)[ ]*$/  {\"\1\", (void *) 0},/p'\'' -e '\''s/^[ABCDGIRSTW]* \([^ ]*\) \(lib[^ ]*\)$/  {"\2", (void *) \&\2},/p'\'' -e '\''s/^[ABCDGIRSTW]* \([^ ]*\) \([^ ]*\)$/  {"lib\2", (void *) \&\2},/p'\'''
lt_cv_sys_global_symbol_to_cdecl='sed -n -e '\''s/^T .* \(.*\)$/extern int \1();/p'\'' -e '\''s/^[ABCDGIRSTW]* .* \(.*\)$/extern char \1;/p'\'''
lt_cv_sys_max_cmd_len=1572864
lt_cv_to_host_file_cmd=func_convert_file_noop
lt_cv_to_tool_file_cmd=func_convert_file_noop

## ----------------- ##
## Output variables. ##
## ----------------- ##

ACLOCAL='${SHELL} /home/carolhanna/Security_Project/gnu_dataset/guile-sdl-0.5.1/build-aux/missing aclocal-1.13'
AMDEPBACKSLASH='\'
AMDEP_FALSE='#'
AMDEP_TRUE=''
AMTAR='$${TAR-tar}'
AM_BACKSLASH='\'
AM_DEFAULT_V='$(AM_DEFAULT_VERBOSITY)'
AM_DEFAULT_VERBOSITY='1'
AM_V='$(V)'
AR='ar'
AUTOCONF='${SHELL} /home/carolhanna/Security_Project/gnu_dataset/guile-sdl-0.5.1/build-aux/missing autoconf'
AUTOHEADER='${SHELL} /home/carolhanna/Security_Project/gnu_dataset/guile-sdl-0.5.1/build-aux/missing autoheader'
AUTOMAKE='${SHELL} /home/carolhanna/Security_Project/gnu_dataset/guile-sdl-0.5.1/build-aux/missing automake-1.13'
AWK='gawk'
CC='gcc'
CCDEPMODE='depmode=gcc3'
CFLAGS='-g -O2'
CPP='gcc -E'
CPPFLAGS=''
CYGPATH_W='echo'
DEFS=''
DEPDIR='.deps'
DLLTOOL='false'
DSYMUTIL=''
DUMPBIN=''
ECHO_C=''
ECHO_N='-n'
ECHO_T=''
EGREP='/bin/grep -E'
EXEEXT=''
FGREP='/bin/grep -F'
GREP='/bin/grep'
GUILE=''
GUILE_CFLAGS=''
GUILE_CONFIG=''
GUILE_LDFLAGS=''
GUILE_LIBSITE=''
GUILE_TOOLS=''
HAVE_MIXER=''
HAVE_MIXER_FALSE=''
HAVE_MIXER_TRUE=''
HAVE_TTF=''
HAVE_TTF_FALSE=''
HAVE_TTF_TRUE=''
IMFI_CFLAGS=''
INSTALL_DATA='${INSTALL} -m 644'
INSTALL_PROGRAM='${INSTALL}'
INSTALL_SCRIPT='${INSTALL}'
INSTALL_STRIP_PROGRAM='$(install_sh) -c -s'
LAME_FALSE=''
LAME_TRUE=''
LD='/usr/bin/ld -m elf_x86_64'
LDFLAGS=''
LIBOBJS=''
LIBS=''
LIBTOOL='$(SHELL) $(top_builddir)/libtool'
LIPO=''
LN_S='ln -s'
LTLIBOBJS=''
MAINT='#'
MAINTAINER_MODE_FALSE=''
MAINTAINER_MODE_TRUE='#'
MAKEINFO='${SHELL} /home/carolhanna/Security_Project/gnu_dataset/guile-sdl-0.5.1/build-aux/missing makeinfo'
MANIFEST_TOOL=':'
MKDIR_P='/bin/mkdir -p'
NM='/usr/bin/nm -B'
NMEDIT=''
NORMAL_CFLAGS=''
OBJDUMP='objdump'
OBJEXT='o'
OTOOL64=''
OTOOL=''
PACKAGE='guile-sdl'
PACKAGE_BUGREPORT='bug-guile-sdl@gnu.org'
PACKAGE_NAME='guile-sdl'
PACKAGE_STRING='guile-sdl 0.5.1'
PACKAGE_TARNAME='guile-sdl'
PACKAGE_URL=''
PACKAGE_VERSION='0.5.1'
PATH_SEPARATOR=':'
RANLIB='ranlib'
SDLMINUSI=''
SDL_CFLAGS=''
SDL_CONFIG=''
SDL_LIBS=''
SED='/bin/sed'
SET_MAKE=''
SHELL='/bin/bash'
SOFIXFLAGS='no-la,no-symlinks'
STRIP='strip'
VERSION='0.5.1'
ac_ct_AR='ar'
ac_ct_CC='gcc'
ac_ct_DUMPBIN=''
am__EXEEXT_FALSE=''
am__EXEEXT_TRUE=''
am__fastdepCC_FALSE='#'
am__fastdepCC_TRUE=''
am__include='include'
am__isrc=''
am__leading_dot='.'
am__nodep='_no'
am__quote=''
am__tar='$${TAR-tar} chof - "$$tardir"'
am__untar='$${TAR-tar} xf -'
bindir='${exec_prefix}/bin'
build='x86_64-unknown-linux-gnu'
build_alias=''
build_cpu='x86_64'
build_os='linux-gnu'
build_vendor='unknown'
datadir='${datarootdir}'
datarootdir='${prefix}/share'
docdir='${datarootdir}/doc/${PACKAGE_TARNAME}'
dvidir='${docdir}'
exec_prefix='NONE'
host='x86_64-unknown-linux-gnu'
host_alias=''
host_cpu='x86_64'
host_os='linux-gnu'
host_vendor='unknown'
htmldir='${docdir}'
includedir='${prefix}/include'
infodir='${datarootdir}/info'
install_sh='${SHELL} /home/carolhanna/Security_Project/gnu_dataset/guile-sdl-0.5.1/build-aux/install-sh'
keepinside='--visibility=hidden'
libdir='${exec_prefix}/lib'
libexecdir='${exec_prefix}/libexec'
localedir='${datarootdir}/locale'
localstatedir='${prefix}/var'
mandir='${datarootdir}/man'
mkdir_p='$(MKDIR_P)'
oldincludedir='/usr/include'
pdfdir='${docdir}'
prefix='NONE'
program_transform_name='s,x,x,'
psdir='${docdir}'
sbindir='${exec_prefix}/sbin'
sharedstatedir='${prefix}/com'
sysconfdir='${prefix}/etc'
target_alias=''

## ----------- ##
## confdefs.h. ##
## ----------- ##

/* confdefs.h */
#define PACKAGE_NAME "guile-sdl"
#define PACKAGE_TARNAME "guile-sdl"
#define PACKAGE_VERSION "0.5.1"
#define PACKAGE_STRING "guile-sdl 0.5.1"
#define PACKAGE_BUGREPORT "bug-guile-sdl@gnu.org"
#define PACKAGE_URL ""
#define PACKAGE "guile-sdl"
#define VERSION "0.5.1"
#define STDC_HEADERS 1
#define HAVE_SYS_TYPES_H 1
#define HAVE_SYS_STAT_H 1
#define HAVE_STDLIB_H 1
#define HAVE_STRING_H 1
#define HAVE_MEMORY_H 1
#define HAVE_STRINGS_H 1
#define HAVE_INTTYPES_H 1
#define HAVE_STDINT_H 1
#define HAVE_UNISTD_H 1
#define HAVE_DLFCN_H 1
#define LT_OBJDIR ".libs/"

configure: exit 1
