This file contains any messages produced by compilers while
running configure, to aid debugging if configure makes a mistake.

It was created by GNU BPEL2oWFN configure 2.0.4, which was
generated by GNU Autoconf 2.61.  Invocation command line was

  $ ./configure 

## --------- ##
## Platform. ##
## --------- ##

hostname = rishon
uname -m = x86_64
uname -r = 4.15.0-72-generic
uname -s = Linux
uname -v = #81-Ubuntu SMP Tue Nov 26 12:20:02 UTC 2019

/usr/bin/uname -p = unknown
/bin/uname -X     = unknown

/bin/arch              = unknown
/usr/bin/arch -k       = unknown
/usr/convex/getsysinfo = unknown
/usr/bin/hostinfo      = unknown
/bin/machine           = unknown
/usr/bin/oslevel       = unknown
/bin/universe          = unknown

PATH: /home/carolhanna/miniconda3/bin
PATH: /home/carolhanna/miniconda3/condabin
PATH: /usr/local/sbin
PATH: /usr/local/bin
PATH: /usr/sbin
PATH: /usr/bin
PATH: /sbin
PATH: /bin
PATH: /usr/games
PATH: /usr/local/games
PATH: /snap/bin


## ----------- ##
## Core tests. ##
## ----------- ##

configure:1803: checking for a BSD-compatible install
configure:1859: result: /usr/bin/install -c
configure:1870: checking whether build environment is sane
configure:1913: result: yes
configure:1978: checking for gawk
configure:1994: found /usr/bin/gawk
configure:2005: result: gawk
configure:2016: checking whether make sets $(MAKE)
configure:2037: result: yes
configure:2241: checking build system type
configure:2259: result: x86_64-unknown-linux-gnu
configure:2342: checking for g++
configure:2358: found /usr/bin/g++
configure:2369: result: g++
configure:2400: checking for C++ compiler version
configure:2407: g++ --version >&5
g++ (Ubuntu 7.5.0-3ubuntu1~18.04) 7.5.0
Copyright (C) 2017 Free Software Foundation, Inc.
This is free software; see the source for copying conditions.  There is NO
warranty; not even for MERCHANTABILITY or FITNESS FOR A PARTICULAR PURPOSE.

configure:2410: $? = 0
configure:2417: g++ -v >&5
Using built-in specs.
COLLECT_GCC=g++
COLLECT_LTO_WRAPPER=/usr/lib/gcc/x86_64-linux-gnu/7/lto-wrapper
OFFLOAD_TARGET_NAMES=nvptx-none
OFFLOAD_TARGET_DEFAULT=1
Target: x86_64-linux-gnu
Configured with: ../src/configure -v --with-pkgversion='Ubuntu 7.5.0-3ubuntu1~18.04' --with-bugurl=file:///usr/share/doc/gcc-7/README.Bugs --enable-languages=c,ada,c++,go,brig,d,fortran,objc,obj-c++ --prefix=/usr --with-gcc-major-version-only --program-suffix=-7 --program-prefix=x86_64-linux-gnu- --enable-shared --enable-linker-build-id --libexecdir=/usr/lib --without-included-gettext --enable-threads=posix --libdir=/usr/lib --enable-nls --enable-bootstrap --enable-clocale=gnu --enable-libstdcxx-debug --enable-libstdcxx-time=yes --with-default-libstdcxx-abi=new --enable-gnu-unique-object --disable-vtable-verify --enable-libmpx --enable-plugin --enable-default-pie --with-system-zlib --with-target-system-zlib --enable-objc-gc=auto --enable-multiarch --disable-werror --with-arch-32=i686 --with-abi=m64 --with-multilib-list=m32,m64,mx32 --enable-multilib --with-tune=generic --enable-offload-targets=nvptx-none --without-cuda-driver --enable-checking=release --build=x86_64-linux-gnu --host=x86_64-linux-gnu --target=x86_64-linux-gnu
Thread model: posix
gcc version 7.5.0 (Ubuntu 7.5.0-3ubuntu1~18.04) 
configure:2420: $? = 0
configure:2427: g++ -V >&5
g++: error: unrecognized command line option '-V'
g++: fatal error: no input files
compilation terminated.
configure:2430: $? = 1
configure:2453: checking for C++ compiler default output file name
configure:2480: g++    conftest.cpp  >&5
configure:2483: $? = 0
configure:2521: result: a.out
configure:2538: checking whether the C++ compiler works
configure:2548: ./a.out
configure:2551: $? = 0
configure:2568: result: yes
configure:2575: checking whether we are cross compiling
configure:2577: result: no
configure:2580: checking for suffix of executables
configure:2587: g++ -o conftest    conftest.cpp  >&5
configure:2590: $? = 0
configure:2614: result: 
configure:2620: checking for suffix of object files
configure:2646: g++ -c   conftest.cpp >&5
configure:2649: $? = 0
configure:2672: result: o
configure:2676: checking whether we are using the GNU C++ compiler
configure:2705: g++ -c   conftest.cpp >&5
configure:2711: $? = 0
configure:2728: result: yes
configure:2733: checking whether g++ accepts -g
configure:2763: g++ -c -g  conftest.cpp >&5
configure:2769: $? = 0
configure:2868: result: yes
configure:2902: checking for style of include used by make
configure:2930: result: GNU
configure:2958: checking dependency style of g++
configure:3048: result: gcc3
configure:3113: checking for gcc
configure:3129: found /usr/bin/gcc
configure:3140: result: gcc
configure:3378: checking for C compiler version
configure:3385: gcc --version >&5
gcc (Ubuntu 7.5.0-3ubuntu1~18.04) 7.5.0
Copyright (C) 2017 Free Software Foundation, Inc.
This is free software; see the source for copying conditions.  There is NO
warranty; not even for MERCHANTABILITY or FITNESS FOR A PARTICULAR PURPOSE.

configure:3388: $? = 0
configure:3395: gcc -v >&5
Using built-in specs.
COLLECT_GCC=gcc
COLLECT_LTO_WRAPPER=/usr/lib/gcc/x86_64-linux-gnu/7/lto-wrapper
OFFLOAD_TARGET_NAMES=nvptx-none
OFFLOAD_TARGET_DEFAULT=1
Target: x86_64-linux-gnu
Configured with: ../src/configure -v --with-pkgversion='Ubuntu 7.5.0-3ubuntu1~18.04' --with-bugurl=file:///usr/share/doc/gcc-7/README.Bugs --enable-languages=c,ada,c++,go,brig,d,fortran,objc,obj-c++ --prefix=/usr --with-gcc-major-version-only --program-suffix=-7 --program-prefix=x86_64-linux-gnu- --enable-shared --enable-linker-build-id --libexecdir=/usr/lib --without-included-gettext --enable-threads=posix --libdir=/usr/lib --enable-nls --enable-bootstrap --enable-clocale=gnu --enable-libstdcxx-debug --enable-libstdcxx-time=yes --with-default-libstdcxx-abi=new --enable-gnu-unique-object --disable-vtable-verify --enable-libmpx --enable-plugin --enable-default-pie --with-system-zlib --with-target-system-zlib --enable-objc-gc=auto --enable-multiarch --disable-werror --with-arch-32=i686 --with-abi=m64 --with-multilib-list=m32,m64,mx32 --enable-multilib --with-tune=generic --enable-offload-targets=nvptx-none --without-cuda-driver --enable-checking=release --build=x86_64-linux-gnu --host=x86_64-linux-gnu --target=x86_64-linux-gnu
Thread model: posix
gcc version 7.5.0 (Ubuntu 7.5.0-3ubuntu1~18.04) 
configure:3398: $? = 0
configure:3405: gcc -V >&5
gcc: error: unrecognized command line option '-V'
gcc: fatal error: no input files
compilation terminated.
configure:3408: $? = 1
configure:3411: checking whether we are using the GNU C compiler
configure:3440: gcc -c   conftest.c >&5
configure:3446: $? = 0
configure:3463: result: yes
configure:3468: checking whether gcc accepts -g
configure:3498: gcc -c -g  conftest.c >&5
configure:3504: $? = 0
configure:3603: result: yes
configure:3620: checking for gcc option to accept ISO C89
configure:3694: gcc  -c -g -O2  conftest.c >&5
configure:3700: $? = 0
configure:3723: result: none needed
configure:3743: checking dependency style of gcc
configure:3833: result: gcc3
configure:3864: checking how to run the C preprocessor
configure:3904: gcc -E  conftest.c
configure:3910: $? = 0
configure:3941: gcc -E  conftest.c
conftest.c:10:10: fatal error: ac_nonexistent.h: No such file or directory
 #include <ac_nonexistent.h>
          ^~~~~~~~~~~~~~~~~~
compilation terminated.
configure:3947: $? = 1
configure: failed program was:
| /* confdefs.h.  */
| #define PACKAGE_NAME "GNU BPEL2oWFN"
| #define PACKAGE_TARNAME "bpel2owfn"
| #define PACKAGE_VERSION "2.0.4"
| #define PACKAGE_STRING "GNU BPEL2oWFN 2.0.4"
| #define PACKAGE_BUGREPORT "bpel2owfn-bug@gnu.org"
| #define PACKAGE "bpel2owfn"
| #define VERSION "2.0.4"
| /* end confdefs.h.  */
| #include <ac_nonexistent.h>
configure:3980: result: gcc -E
configure:4009: gcc -E  conftest.c
configure:4015: $? = 0
configure:4046: gcc -E  conftest.c
conftest.c:10:10: fatal error: ac_nonexistent.h: No such file or directory
 #include <ac_nonexistent.h>
          ^~~~~~~~~~~~~~~~~~
compilation terminated.
configure:4052: $? = 1
configure: failed program was:
| /* confdefs.h.  */
| #define PACKAGE_NAME "GNU BPEL2oWFN"
| #define PACKAGE_TARNAME "bpel2owfn"
| #define PACKAGE_VERSION "2.0.4"
| #define PACKAGE_STRING "GNU BPEL2oWFN 2.0.4"
| #define PACKAGE_BUGREPORT "bpel2owfn-bug@gnu.org"
| #define PACKAGE "bpel2owfn"
| #define VERSION "2.0.4"
| /* end confdefs.h.  */
| #include <ac_nonexistent.h>
configure:4090: checking for grep that handles long lines and -e
configure:4164: result: /bin/grep
configure:4169: checking for egrep
configure:4247: result: /bin/grep -E
configure:4252: checking for ANSI C header files
configure:4282: gcc -c   conftest.c >&5
configure:4288: $? = 0
configure:4387: gcc -o conftest    conftest.c  >&5
configure:4390: $? = 0
configure:4396: ./conftest
configure:4399: $? = 0
configure:4416: result: yes
configure:4440: checking for sys/types.h
configure:4461: gcc -c   conftest.c >&5
configure:4467: $? = 0
configure:4483: result: yes
configure:4440: checking for sys/stat.h
configure:4461: gcc -c   conftest.c >&5
configure:4467: $? = 0
configure:4483: result: yes
configure:4440: checking for stdlib.h
configure:4461: gcc -c   conftest.c >&5
configure:4467: $? = 0
configure:4483: result: yes
configure:4440: checking for string.h
configure:4461: gcc -c   conftest.c >&5
configure:4467: $? = 0
configure:4483: result: yes
configure:4440: checking for memory.h
configure:4461: gcc -c   conftest.c >&5
configure:4467: $? = 0
configure:4483: result: yes
configure:4440: checking for strings.h
configure:4461: gcc -c   conftest.c >&5
configure:4467: $? = 0
configure:4483: result: yes
configure:4440: checking for inttypes.h
configure:4461: gcc -c   conftest.c >&5
configure:4467: $? = 0
configure:4483: result: yes
configure:4440: checking for stdint.h
configure:4461: gcc -c   conftest.c >&5
configure:4467: $? = 0
configure:4483: result: yes
configure:4440: checking for unistd.h
configure:4461: gcc -c   conftest.c >&5
configure:4467: $? = 0
configure:4483: result: yes
configure:4510: checking windows.h usability
configure:4527: gcc -c   conftest.c >&5
conftest.c:53:10: fatal error: windows.h: No such file or directory
 #include <windows.h>
          ^~~~~~~~~~~
compilation terminated.
configure:4533: $? = 1
configure: failed program was:
| /* confdefs.h.  */
| #define PACKAGE_NAME "GNU BPEL2oWFN"
| #define PACKAGE_TARNAME "bpel2owfn"
| #define PACKAGE_VERSION "2.0.4"
| #define PACKAGE_STRING "GNU BPEL2oWFN 2.0.4"
| #define PACKAGE_BUGREPORT "bpel2owfn-bug@gnu.org"
| #define PACKAGE "bpel2owfn"
| #define VERSION "2.0.4"
| #define STDC_HEADERS 1
| #define HAVE_SYS_TYPES_H 1
| #define HAVE_SYS_STAT_H 1
| #define HAVE_STDLIB_H 1
| #define HAVE_STRING_H 1
| #define HAVE_MEMORY_H 1
| #define HAVE_STRINGS_H 1
| #define HAVE_INTTYPES_H 1
| #define HAVE_STDINT_H 1
| #define HAVE_UNISTD_H 1
| /* end confdefs.h.  */
| #include <stdio.h>
| #ifdef HAVE_SYS_TYPES_H
| # include <sys/types.h>
| #endif
| #ifdef HAVE_SYS_STAT_H
| # include <sys/stat.h>
| #endif
| #ifdef STDC_HEADERS
| # include <stdlib.h>
| # include <stddef.h>
| #else
| # ifdef HAVE_STDLIB_H
| #  include <stdlib.h>
| # endif
| #endif
| #ifdef HAVE_STRING_H
| # if !defined STDC_HEADERS && defined HAVE_MEMORY_H
| #  include <memory.h>
| # endif
| # include <string.h>
| #endif
| #ifdef HAVE_STRINGS_H
| # include <strings.h>
| #endif
| #ifdef HAVE_INTTYPES_H
| # include <inttypes.h>
| #endif
| #ifdef HAVE_STDINT_H
| # include <stdint.h>
| #endif
| #ifdef HAVE_UNISTD_H
| # include <unistd.h>
| #endif
| #include <windows.h>
configure:4547: result: no
configure:4551: checking windows.h presence
configure:4566: gcc -E  conftest.c
conftest.c:20:10: fatal error: windows.h: No such file or directory
 #include <windows.h>
          ^~~~~~~~~~~
compilation terminated.
configure:4572: $? = 1
configure: failed program was:
| /* confdefs.h.  */
| #define PACKAGE_NAME "GNU BPEL2oWFN"
| #define PACKAGE_TARNAME "bpel2owfn"
| #define PACKAGE_VERSION "2.0.4"
| #define PACKAGE_STRING "GNU BPEL2oWFN 2.0.4"
| #define PACKAGE_BUGREPORT "bpel2owfn-bug@gnu.org"
| #define PACKAGE "bpel2owfn"
| #define VERSION "2.0.4"
| #define STDC_HEADERS 1
| #define HAVE_SYS_TYPES_H 1
| #define HAVE_SYS_STAT_H 1
| #define HAVE_STDLIB_H 1
| #define HAVE_STRING_H 1
| #define HAVE_MEMORY_H 1
| #define HAVE_STRINGS_H 1
| #define HAVE_INTTYPES_H 1
| #define HAVE_STDINT_H 1
| #define HAVE_UNISTD_H 1
| /* end confdefs.h.  */
| #include <windows.h>
configure:4586: result: no
configure:4619: checking for windows.h
configure:4627: result: no
configure:4644: checking for pow
configure:4700: gcc -o conftest    conftest.c  >&5
conftest.c:43:6: warning: conflicting types for built-in function 'pow' [-Wbuiltin-declaration-mismatch]
 char pow ();
      ^~~
/tmp/ccUl97jA.o: In function `main':
conftest.c:(.text+0xa): undefined reference to `pow'
collect2: error: ld returned 1 exit status
configure:4706: $? = 1
configure: failed program was:
| /* confdefs.h.  */
| #define PACKAGE_NAME "GNU BPEL2oWFN"
| #define PACKAGE_TARNAME "bpel2owfn"
| #define PACKAGE_VERSION "2.0.4"
| #define PACKAGE_STRING "GNU BPEL2oWFN 2.0.4"
| #define PACKAGE_BUGREPORT "bpel2owfn-bug@gnu.org"
| #define PACKAGE "bpel2owfn"
| #define VERSION "2.0.4"
| #define STDC_HEADERS 1
| #define HAVE_SYS_TYPES_H 1
| #define HAVE_SYS_STAT_H 1
| #define HAVE_STDLIB_H 1
| #define HAVE_STRING_H 1
| #define HAVE_MEMORY_H 1
| #define HAVE_STRINGS_H 1
| #define HAVE_INTTYPES_H 1
| #define HAVE_STDINT_H 1
| #define HAVE_UNISTD_H 1
| /* end confdefs.h.  */
| /* Define pow to an innocuous variant, in case <limits.h> declares pow.
|    For example, HP-UX 11i <limits.h> declares gettimeofday.  */
| #define pow innocuous_pow
| 
| /* System header to define __stub macros and hopefully few prototypes,
|     which can conflict with char pow (); below.
|     Prefer <limits.h> to <assert.h> if __STDC__ is defined, since
|     <limits.h> exists even on freestanding compilers.  */
| 
| #ifdef __STDC__
| # include <limits.h>
| #else
| # include <assert.h>
| #endif
| 
| #undef pow
| 
| /* Override any GCC internal prototype to avoid an error.
|    Use char because int might match the return type of a GCC
|    builtin and then its argument prototype would still apply.  */
| #ifdef __cplusplus
| extern "C"
| #endif
| char pow ();
| /* The GNU C library defines this for functions which it implements
|     to always fail with ENOSYS.  Some functions are actually named
|     something starting with __ and the normal name is an alias.  */
| #if defined __stub_pow || defined __stub___pow
| choke me
| #endif
| 
| int
| main ()
| {
| return pow ();
|   ;
|   return 0;
| }
configure:4724: result: no
configure:4736: checking whether gcc and cc understand -c and -o together
configure:4771: gcc -c conftest.c -o conftest2.o >&5
configure:4774: $? = 0
configure:4780: gcc -c conftest.c -o conftest2.o >&5
configure:4783: $? = 0
configure:4794: cc -c conftest.c >&5
configure:4797: $? = 0
configure:4805: cc -c conftest.c -o conftest2.o >&5
configure:4808: $? = 0
configure:4814: cc -c conftest.c -o conftest2.o >&5
configure:4817: $? = 0
configure:4835: result: yes
configure:4867: checking for bison
configure:4897: result: no
configure:4867: checking for byacc
configure:4897: result: no
configure:4910: checking for flex
configure:4940: result: no
configure:4910: checking for lex
configure:4940: result: no
configure:5113: checking for kc++
configure:5141: result: not found
configure:5150: WARNING: Kimwitu++ was not found. You will not be able to complile BPEL2oWFN from scratch.
configure:5156: checking for dot
configure:5184: result: not found
configure:5193: WARNING: Graphviz dot was not found.
configure:5335: creating ./config.status

## ---------------------- ##
## Running config.status. ##
## ---------------------- ##

This file was extended by GNU BPEL2oWFN config.status 2.0.4, which was
generated by GNU Autoconf 2.61.  Invocation command line was

  CONFIG_FILES    = 
  CONFIG_HEADERS  = 
  CONFIG_LINKS    = 
  CONFIG_COMMANDS = 
  $ ./config.status 

on rishon

config.status:655: creating Makefile
config.status:655: creating doc/Makefile
config.status:655: creating src/Makefile
config.status:655: creating src/Doxyfile
config.status:655: creating tests/Makefile
config.status:655: creating gui/static_release.sh
config.status:655: creating rpm/Makefile
config.status:655: creating rpm/bpel2owfn.spec
config.status:655: creating src/bpel2owfn.h
config.status:922: executing depfiles commands

## ---------------- ##
## Cache variables. ##
## ---------------- ##

ac_cv_build=x86_64-unknown-linux-gnu
ac_cv_c_compiler_gnu=yes
ac_cv_cxx_compiler_gnu=yes
ac_cv_env_CCC_set=
ac_cv_env_CCC_value=
ac_cv_env_CC_set=
ac_cv_env_CC_value=
ac_cv_env_CFLAGS_set=
ac_cv_env_CFLAGS_value=
ac_cv_env_CPPFLAGS_set=
ac_cv_env_CPPFLAGS_value=
ac_cv_env_CPP_set=
ac_cv_env_CPP_value=
ac_cv_env_CXXFLAGS_set=
ac_cv_env_CXXFLAGS_value=
ac_cv_env_CXX_set=
ac_cv_env_CXX_value=
ac_cv_env_LDFLAGS_set=
ac_cv_env_LDFLAGS_value=
ac_cv_env_LIBS_set=
ac_cv_env_LIBS_value=
ac_cv_env_YACC_set=
ac_cv_env_YACC_value=
ac_cv_env_YFLAGS_set=
ac_cv_env_YFLAGS_value=
ac_cv_env_build_alias_set=
ac_cv_env_build_alias_value=
ac_cv_env_host_alias_set=
ac_cv_env_host_alias_value=
ac_cv_env_target_alias_set=
ac_cv_env_target_alias_value=
ac_cv_func_pow=no
ac_cv_header_inttypes_h=yes
ac_cv_header_memory_h=yes
ac_cv_header_stdc=yes
ac_cv_header_stdint_h=yes
ac_cv_header_stdlib_h=yes
ac_cv_header_string_h=yes
ac_cv_header_strings_h=yes
ac_cv_header_sys_stat_h=yes
ac_cv_header_sys_types_h=yes
ac_cv_header_unistd_h=yes
ac_cv_header_windows_h=no
ac_cv_objext=o
ac_cv_path_EGREP='/bin/grep -E'
ac_cv_path_GREP=/bin/grep
ac_cv_path_install='/usr/bin/install -c'
ac_cv_prog_AWK=gawk
ac_cv_prog_CPP='gcc -E'
ac_cv_prog_DOT='not found'
ac_cv_prog_KC='not found'
ac_cv_prog_ac_ct_CC=gcc
ac_cv_prog_ac_ct_CXX=g++
ac_cv_prog_cc_c89=
ac_cv_prog_cc_g=yes
ac_cv_prog_cc_gcc_c_o=yes
ac_cv_prog_cxx_g=yes
ac_cv_prog_make_make_set=yes
am_cv_CC_dependencies_compiler_type=gcc3
am_cv_CXX_dependencies_compiler_type=gcc3

## ----------------- ##
## Output variables. ##
## ----------------- ##

ACLOCAL='${SHELL} /home/carolhanna/Security_Project/gnu_dataset/bpel2owfn-2.0.4/missing --run aclocal-1.9'
AMDEPBACKSLASH='\'
AMDEP_FALSE='#'
AMDEP_TRUE=''
AMTAR='${SHELL} /home/carolhanna/Security_Project/gnu_dataset/bpel2owfn-2.0.4/missing --run tar'
AUTOCONF='${SHELL} /home/carolhanna/Security_Project/gnu_dataset/bpel2owfn-2.0.4/missing --run autoconf'
AUTOHEADER='${SHELL} /home/carolhanna/Security_Project/gnu_dataset/bpel2owfn-2.0.4/missing --run autoheader'
AUTOMAKE='${SHELL} /home/carolhanna/Security_Project/gnu_dataset/bpel2owfn-2.0.4/missing --run automake-1.9'
AWK='gawk'
CC='gcc'
CCDEPMODE='depmode=gcc3'
CFLAGS=''
CPP='gcc -E'
CPPFLAGS=''
CXX='g++'
CXXDEPMODE='depmode=gcc3'
CXXFLAGS=''
CYGPATH_W='echo'
DEFS='-DHAVE_CONFIG_H'
DEPDIR='.deps'
DOT='not found'
ECHO_C=''
ECHO_N='-n'
ECHO_T=''
EGREP='/bin/grep -E'
EXEEXT=''
GREP='/bin/grep'
INSTALL_DATA='${INSTALL} -m 644'
INSTALL_PROGRAM='${INSTALL}'
INSTALL_SCRIPT='${INSTALL}'
INSTALL_STRIP_PROGRAM='${SHELL} $(install_sh) -c -s'
KC='not found'
LDFLAGS=''
LEX=':'
LEXLIB=''
LEX_OUTPUT_ROOT=''
LIBOBJS=''
LIBS=''
LTLIBOBJS=''
MAKEINFO='${SHELL} /home/carolhanna/Security_Project/gnu_dataset/bpel2owfn-2.0.4/missing --run makeinfo'
OBJEXT='o'
PACKAGE='bpel2owfn'
PACKAGE_BUGREPORT='bpel2owfn-bug@gnu.org'
PACKAGE_NAME='GNU BPEL2oWFN'
PACKAGE_STRING='GNU BPEL2oWFN 2.0.4'
PACKAGE_TARNAME='bpel2owfn'
PACKAGE_VERSION='2.0.4'
PATH_SEPARATOR=':'
SET_MAKE=''
SHELL='/bin/bash'
STRIP=''
VERSION='2.0.4'
YACC='yacc'
YFLAGS=''
ac_ct_CC='gcc'
ac_ct_CXX='g++'
am__fastdepCC_FALSE='#'
am__fastdepCC_TRUE=''
am__fastdepCXX_FALSE='#'
am__fastdepCXX_TRUE=''
am__include='include'
am__leading_dot='.'
am__quote=''
am__tar='${AMTAR} chof - "$$tardir"'
am__untar='${AMTAR} xf -'
bindir='${exec_prefix}/bin'
build='x86_64-unknown-linux-gnu'
build_alias=''
build_cpu='x86_64'
build_os='linux-gnu'
build_vendor='unknown'
datadir='${datarootdir}'
datarootdir='${prefix}/share'
docdir='${datarootdir}/doc/${PACKAGE_TARNAME}'
dvidir='${docdir}'
exec_prefix='${prefix}'
host_alias=''
htmldir='${docdir}'
includedir='${prefix}/include'
infodir='${datarootdir}/info'
install_sh='/home/carolhanna/Security_Project/gnu_dataset/bpel2owfn-2.0.4/install-sh'
libdir='${exec_prefix}/lib'
libexecdir='${exec_prefix}/libexec'
localedir='${datarootdir}/locale'
localstatedir='${prefix}/var'
mandir='${datarootdir}/man'
mkdir_p='mkdir -p --'
oldincludedir='/usr/include'
pdfdir='${docdir}'
prefix='/usr/local'
program_transform_name='s,x,x,'
psdir='${docdir}'
sbindir='${exec_prefix}/sbin'
sharedstatedir='${prefix}/com'
sysconfdir='${prefix}/etc'
target_alias=''

## ----------- ##
## confdefs.h. ##
## ----------- ##

#define PACKAGE_NAME "GNU BPEL2oWFN"
#define PACKAGE_TARNAME "bpel2owfn"
#define PACKAGE_VERSION "2.0.4"
#define PACKAGE_STRING "GNU BPEL2oWFN 2.0.4"
#define PACKAGE_BUGREPORT "bpel2owfn-bug@gnu.org"
#define PACKAGE "bpel2owfn"
#define VERSION "2.0.4"
#define STDC_HEADERS 1
#define HAVE_SYS_TYPES_H 1
#define HAVE_SYS_STAT_H 1
#define HAVE_STDLIB_H 1
#define HAVE_STRING_H 1
#define HAVE_MEMORY_H 1
#define HAVE_STRINGS_H 1
#define HAVE_INTTYPES_H 1
#define HAVE_STDINT_H 1
#define HAVE_UNISTD_H 1
#define HAVE_DOT 0

configure: exit 0
