This file contains any messages produced by compilers while
running configure, to aid debugging if configure makes a mistake.

configure:557: checking for a BSD compatible install
configure:610: checking whether build environment is sane
configure:667: checking whether make sets ${MAKE}
configure:713: checking for working aclocal
configure:726: checking for working autoconf
configure:739: checking for working automake
configure:752: checking for working autoheader
configure:765: checking for working makeinfo
configure:787: checking for gawk
configure:819: checking for gcc
configure:932: checking whether the C compiler (gcc  ) works
configure:948: gcc -o conftest    conftest.c  1>&5
configure:945:1: warning: return type defaults to 'int' [-Wimplicit-int]
 main(){return(0);}
 ^~~~
configure:974: checking whether the C compiler (gcc  ) is a cross-compiler
configure:979: checking whether we are using GNU C
configure:988: gcc -E conftest.c
configure:1007: checking whether gcc accepts -g
configure:1050: checking for a BSD compatible install
configure:1104: checking how to run the C preprocessor
configure:1125: gcc -E  conftest.c >/dev/null 2>conftest.out
configure:1184: checking for ANSI C header files
configure:1197: gcc -E  conftest.c >/dev/null 2>conftest.out
configure:1264: gcc -o conftest -g -O2   conftest.c  1>&5
configure: In function 'main':
configure:1259:67: warning: implicit declaration of function 'exit' [-Wimplicit-function-declaration]
 if (XOR (islower (i), ISLOWER (i)) || toupper (i) != TOUPPER (i)) exit(2);
                                                                   ^~~~
configure:1259:67: warning: incompatible implicit declaration of built-in function 'exit'
configure:1259:67: note: include '<stdlib.h>' or provide a declaration of 'exit'
configure:1260:1: warning: incompatible implicit declaration of built-in function 'exit'
 exit (0); }
 ^~~~
configure:1260:1: note: include '<stdlib.h>' or provide a declaration of 'exit'
configure:1288: checking for size_t
configure:1321: checking for ssize_t
configure:1354: checking for working const
configure:1408: gcc -c -g -O2  conftest.c 1>&5
configure:1430: checking for ANSI C header files
configure:1537: checking for string.h
configure:1547: gcc -E  conftest.c >/dev/null 2>conftest.out
configure:1537: checking for stdlib.h
configure:1547: gcc -E  conftest.c >/dev/null 2>conftest.out
configure:1537: checking for unistd.h
configure:1547: gcc -E  conftest.c >/dev/null 2>conftest.out
configure:1577: checking for memmove
configure:1605: gcc -o conftest -g -O2   conftest.c  1>&5
configure:1589:6: warning: conflicting types for built-in function 'memmove' [-Wbuiltin-declaration-mismatch]
 char $ac_func();
      ^~~~~~~
configure:1577: checking for strerror
configure:1605: gcc -o conftest -g -O2   conftest.c  1>&5
