This file contains any messages produced by compilers while
running configure, to aid debugging if configure makes a mistake.

It was created by xorriso configure 1.5.2, which was
generated by GNU Autoconf 2.69.  Invocation command line was

  $ ./configure 

## --------- ##
## Platform. ##
## --------- ##

hostname = rishon
uname -m = x86_64
uname -r = 4.15.0-72-generic
uname -s = Linux
uname -v = #81-Ubuntu SMP Tue Nov 26 12:20:02 UTC 2019

/usr/bin/uname -p = unknown
/bin/uname -X     = unknown

/bin/arch              = unknown
/usr/bin/arch -k       = unknown
/usr/convex/getsysinfo = unknown
/usr/bin/hostinfo      = unknown
/bin/machine           = unknown
/usr/bin/oslevel       = unknown
/bin/universe          = unknown

PATH: /home/carolhanna/miniconda3/bin
PATH: /home/carolhanna/miniconda3/condabin
PATH: /usr/local/sbin
PATH: /usr/local/bin
PATH: /usr/sbin
PATH: /usr/bin
PATH: /sbin
PATH: /bin
PATH: /usr/games
PATH: /usr/local/games
PATH: /snap/bin


## ----------- ##
## Core tests. ##
## ----------- ##

configure:2418: checking build system type
configure:2432: result: x86_64-unknown-linux-gnu
configure:2452: checking host system type
configure:2465: result: x86_64-unknown-linux-gnu
configure:2485: checking target system type
configure:2498: result: x86_64-unknown-linux-gnu
configure:2556: checking for a BSD-compatible install
configure:2624: result: /usr/bin/install -c
configure:2635: checking whether build environment is sane
configure:2690: result: yes
configure:2841: checking for a thread-safe mkdir -p
configure:2880: result: /bin/mkdir -p
configure:2887: checking for gawk
configure:2903: found /usr/bin/gawk
configure:2914: result: gawk
configure:2925: checking whether make sets $(MAKE)
configure:2947: result: yes
configure:2976: checking whether make supports nested variables
configure:2993: result: yes
configure:3160: checking for style of include used by make
configure:3188: result: GNU
configure:3259: checking for gcc
configure:3275: found /usr/bin/gcc
configure:3286: result: gcc
configure:3515: checking for C compiler version
configure:3524: gcc --version >&5
gcc (Ubuntu 7.5.0-3ubuntu1~18.04) 7.5.0
Copyright (C) 2017 Free Software Foundation, Inc.
This is free software; see the source for copying conditions.  There is NO
warranty; not even for MERCHANTABILITY or FITNESS FOR A PARTICULAR PURPOSE.

configure:3535: $? = 0
configure:3524: gcc -v >&5
Using built-in specs.
COLLECT_GCC=gcc
COLLECT_LTO_WRAPPER=/usr/lib/gcc/x86_64-linux-gnu/7/lto-wrapper
OFFLOAD_TARGET_NAMES=nvptx-none
OFFLOAD_TARGET_DEFAULT=1
Target: x86_64-linux-gnu
Configured with: ../src/configure -v --with-pkgversion='Ubuntu 7.5.0-3ubuntu1~18.04' --with-bugurl=file:///usr/share/doc/gcc-7/README.Bugs --enable-languages=c,ada,c++,go,brig,d,fortran,objc,obj-c++ --prefix=/usr --with-gcc-major-version-only --program-suffix=-7 --program-prefix=x86_64-linux-gnu- --enable-shared --enable-linker-build-id --libexecdir=/usr/lib --without-included-gettext --enable-threads=posix --libdir=/usr/lib --enable-nls --enable-bootstrap --enable-clocale=gnu --enable-libstdcxx-debug --enable-libstdcxx-time=yes --with-default-libstdcxx-abi=new --enable-gnu-unique-object --disable-vtable-verify --enable-libmpx --enable-plugin --enable-default-pie --with-system-zlib --with-target-system-zlib --enable-objc-gc=auto --enable-multiarch --disable-werror --with-arch-32=i686 --with-abi=m64 --with-multilib-list=m32,m64,mx32 --enable-multilib --with-tune=generic --enable-offload-targets=nvptx-none --without-cuda-driver --enable-checking=release --build=x86_64-linux-gnu --host=x86_64-linux-gnu --target=x86_64-linux-gnu
Thread model: posix
gcc version 7.5.0 (Ubuntu 7.5.0-3ubuntu1~18.04) 
configure:3535: $? = 0
configure:3524: gcc -V >&5
gcc: error: unrecognized command line option '-V'
gcc: fatal error: no input files
compilation terminated.
configure:3535: $? = 1
configure:3524: gcc -qversion >&5
gcc: error: unrecognized command line option '-qversion'; did you mean '--version'?
gcc: fatal error: no input files
compilation terminated.
configure:3535: $? = 1
configure:3555: checking whether the C compiler works
configure:3577: gcc    conftest.c  >&5
configure:3581: $? = 0
configure:3629: result: yes
configure:3632: checking for C compiler default output file name
configure:3634: result: a.out
configure:3640: checking for suffix of executables
configure:3647: gcc -o conftest    conftest.c  >&5
configure:3651: $? = 0
configure:3673: result: 
configure:3695: checking whether we are cross compiling
configure:3703: gcc -o conftest    conftest.c  >&5
configure:3707: $? = 0
configure:3714: ./conftest
configure:3718: $? = 0
configure:3733: result: no
configure:3738: checking for suffix of object files
configure:3760: gcc -c   conftest.c >&5
configure:3764: $? = 0
configure:3785: result: o
configure:3789: checking whether we are using the GNU C compiler
configure:3808: gcc -c   conftest.c >&5
configure:3808: $? = 0
configure:3817: result: yes
configure:3826: checking whether gcc accepts -g
configure:3846: gcc -c -g  conftest.c >&5
configure:3846: $? = 0
configure:3887: result: yes
configure:3904: checking for gcc option to accept ISO C89
configure:3967: gcc  -c -g -O2  conftest.c >&5
configure:3967: $? = 0
configure:3980: result: none needed
configure:4005: checking whether gcc understands -c and -o together
configure:4027: gcc -c conftest.c -o conftest2.o
configure:4030: $? = 0
configure:4027: gcc -c conftest.c -o conftest2.o
configure:4030: $? = 0
configure:4042: result: yes
configure:4061: checking dependency style of gcc
configure:4172: result: gcc3
configure:4189: checking for an ANSI C-conforming const
configure:4255: gcc -c -g -O2  conftest.c >&5
configure:4255: $? = 0
configure:4262: result: yes
configure:4270: checking for inline
configure:4286: gcc -c -g -O2  conftest.c >&5
configure:4286: $? = 0
configure:4294: result: inline
configure:4317: checking how to run the C preprocessor
configure:4348: gcc -E  conftest.c
configure:4348: $? = 0
configure:4362: gcc -E  conftest.c
conftest.c:12:10: fatal error: ac_nonexistent.h: No such file or directory
 #include <ac_nonexistent.h>
          ^~~~~~~~~~~~~~~~~~
compilation terminated.
configure:4362: $? = 1
configure: failed program was:
| /* confdefs.h */
| #define PACKAGE_NAME "xorriso"
| #define PACKAGE_TARNAME "xorriso"
| #define PACKAGE_VERSION "1.5.2"
| #define PACKAGE_STRING "xorriso 1.5.2"
| #define PACKAGE_BUGREPORT "http://libburnia-project.org"
| #define PACKAGE_URL ""
| #define PACKAGE "xorriso"
| #define VERSION "1.5.2"
| #define Xorriso_standalonE /**/
| /* end confdefs.h.  */
| #include <ac_nonexistent.h>
configure:4387: result: gcc -E
configure:4407: gcc -E  conftest.c
configure:4407: $? = 0
configure:4421: gcc -E  conftest.c
conftest.c:12:10: fatal error: ac_nonexistent.h: No such file or directory
 #include <ac_nonexistent.h>
          ^~~~~~~~~~~~~~~~~~
compilation terminated.
configure:4421: $? = 1
configure: failed program was:
| /* confdefs.h */
| #define PACKAGE_NAME "xorriso"
| #define PACKAGE_TARNAME "xorriso"
| #define PACKAGE_VERSION "1.5.2"
| #define PACKAGE_STRING "xorriso 1.5.2"
| #define PACKAGE_BUGREPORT "http://libburnia-project.org"
| #define PACKAGE_URL ""
| #define PACKAGE "xorriso"
| #define VERSION "1.5.2"
| #define Xorriso_standalonE /**/
| /* end confdefs.h.  */
| #include <ac_nonexistent.h>
configure:4450: checking for grep that handles long lines and -e
configure:4508: result: /bin/grep
configure:4513: checking for egrep
configure:4575: result: /bin/grep -E
configure:4580: checking for ANSI C header files
configure:4600: gcc -c -g -O2  conftest.c >&5
configure:4600: $? = 0
configure:4673: gcc -o conftest -g -O2   conftest.c  >&5
configure:4673: $? = 0
configure:4673: ./conftest
configure:4673: $? = 0
configure:4684: result: yes
configure:4697: checking for sys/types.h
configure:4697: gcc -c -g -O2  conftest.c >&5
configure:4697: $? = 0
configure:4697: result: yes
configure:4697: checking for sys/stat.h
configure:4697: gcc -c -g -O2  conftest.c >&5
configure:4697: $? = 0
configure:4697: result: yes
configure:4697: checking for stdlib.h
configure:4697: gcc -c -g -O2  conftest.c >&5
configure:4697: $? = 0
configure:4697: result: yes
configure:4697: checking for string.h
configure:4697: gcc -c -g -O2  conftest.c >&5
configure:4697: $? = 0
configure:4697: result: yes
configure:4697: checking for memory.h
configure:4697: gcc -c -g -O2  conftest.c >&5
configure:4697: $? = 0
configure:4697: result: yes
configure:4697: checking for strings.h
configure:4697: gcc -c -g -O2  conftest.c >&5
configure:4697: $? = 0
configure:4697: result: yes
configure:4697: checking for inttypes.h
configure:4697: gcc -c -g -O2  conftest.c >&5
configure:4697: $? = 0
configure:4697: result: yes
configure:4697: checking for stdint.h
configure:4697: gcc -c -g -O2  conftest.c >&5
configure:4697: $? = 0
configure:4697: result: yes
configure:4697: checking for unistd.h
configure:4697: gcc -c -g -O2  conftest.c >&5
configure:4697: $? = 0
configure:4697: result: yes
configure:4709: checking whether byte ordering is bigendian
configure:4724: gcc -c -g -O2  conftest.c >&5
conftest.c:23:9: error: unknown type name 'not'
         not a universal capable compiler
         ^~~
conftest.c:23:15: error: expected '=', ',', ';', 'asm' or '__attribute__' before 'universal'
         not a universal capable compiler
               ^~~~~~~~~
conftest.c:23:15: error: unknown type name 'universal'
configure:4724: $? = 1
configure: failed program was:
| /* confdefs.h */
| #define PACKAGE_NAME "xorriso"
| #define PACKAGE_TARNAME "xorriso"
| #define PACKAGE_VERSION "1.5.2"
| #define PACKAGE_STRING "xorriso 1.5.2"
| #define PACKAGE_BUGREPORT "http://libburnia-project.org"
| #define PACKAGE_URL ""
| #define PACKAGE "xorriso"
| #define VERSION "1.5.2"
| #define Xorriso_standalonE /**/
| #define STDC_HEADERS 1
| #define HAVE_SYS_TYPES_H 1
| #define HAVE_SYS_STAT_H 1
| #define HAVE_STDLIB_H 1
| #define HAVE_STRING_H 1
| #define HAVE_MEMORY_H 1
| #define HAVE_STRINGS_H 1
| #define HAVE_INTTYPES_H 1
| #define HAVE_STDINT_H 1
| #define HAVE_UNISTD_H 1
| /* end confdefs.h.  */
| #ifndef __APPLE_CC__
| 	       not a universal capable compiler
| 	     #endif
| 	     typedef int dummy;
| 
configure:4769: gcc -c -g -O2  conftest.c >&5
configure:4769: $? = 0
configure:4787: gcc -c -g -O2  conftest.c >&5
conftest.c: In function 'main':
conftest.c:29:4: error: unknown type name 'not'; did you mean 'ino_t'?
    not big endian
    ^~~
    ino_t
conftest.c:29:12: error: expected '=', ',', ';', 'asm' or '__attribute__' before 'endian'
    not big endian
            ^~~~~~
configure:4787: $? = 1
configure: failed program was:
| /* confdefs.h */
| #define PACKAGE_NAME "xorriso"
| #define PACKAGE_TARNAME "xorriso"
| #define PACKAGE_VERSION "1.5.2"
| #define PACKAGE_STRING "xorriso 1.5.2"
| #define PACKAGE_BUGREPORT "http://libburnia-project.org"
| #define PACKAGE_URL ""
| #define PACKAGE "xorriso"
| #define VERSION "1.5.2"
| #define Xorriso_standalonE /**/
| #define STDC_HEADERS 1
| #define HAVE_SYS_TYPES_H 1
| #define HAVE_SYS_STAT_H 1
| #define HAVE_STDLIB_H 1
| #define HAVE_STRING_H 1
| #define HAVE_MEMORY_H 1
| #define HAVE_STRINGS_H 1
| #define HAVE_INTTYPES_H 1
| #define HAVE_STDINT_H 1
| #define HAVE_UNISTD_H 1
| /* end confdefs.h.  */
| #include <sys/types.h>
| 		#include <sys/param.h>
| 
| int
| main ()
| {
| #if BYTE_ORDER != BIG_ENDIAN
| 		 not big endian
| 		#endif
| 
|   ;
|   return 0;
| }
configure:4915: result: no
configure:4941: checking for special C compiler options needed for large files
configure:4986: result: no
configure:4992: checking for _FILE_OFFSET_BITS value needed for large files
configure:5017: gcc -c -g -O2  conftest.c >&5
configure:5017: $? = 0
configure:5049: result: no
configure:5134: checking for _LARGEFILE_SOURCE value needed for large files
configure:5153: gcc -o conftest -g -O2   conftest.c  >&5
configure:5153: $? = 0
configure:5181: result: no
configure:5202: checking for fseeko
configure:5202: gcc -o conftest -g -O2   conftest.c  >&5
configure:5202: $? = 0
configure:5202: result: yes
configure:5217: checking for iconv() in separate -liconv 
configure:5236: gcc -o conftest -g -O2   conftest.c  -liconv >&5
/usr/bin/ld: cannot find -liconv
collect2: error: ld returned 1 exit status
configure:5236: $? = 1
configure: failed program was:
| /* confdefs.h */
| #define PACKAGE_NAME "xorriso"
| #define PACKAGE_TARNAME "xorriso"
| #define PACKAGE_VERSION "1.5.2"
| #define PACKAGE_STRING "xorriso 1.5.2"
| #define PACKAGE_BUGREPORT "http://libburnia-project.org"
| #define PACKAGE_URL ""
| #define PACKAGE "xorriso"
| #define VERSION "1.5.2"
| #define Xorriso_standalonE /**/
| #define STDC_HEADERS 1
| #define HAVE_SYS_TYPES_H 1
| #define HAVE_SYS_STAT_H 1
| #define HAVE_STDLIB_H 1
| #define HAVE_STRING_H 1
| #define HAVE_MEMORY_H 1
| #define HAVE_STRINGS_H 1
| #define HAVE_INTTYPES_H 1
| #define HAVE_STDINT_H 1
| #define HAVE_UNISTD_H 1
| #define HAVE_FSEEKO 1
| /* end confdefs.h.  */
| #include <stdlib.h>
| #include <iconv.h>
| int
| main ()
| {
| iconv_t cd = iconv_open("","");
|      iconv(cd,NULL,NULL,NULL,NULL);
|      iconv_close(cd);
|   ;
|   return 0;
| }
configure:5244: result: no
configure:5249: checking for libiconv in -liconv
configure:5274: gcc -o conftest -g -O2   conftest.c -liconv   >&5
/usr/bin/ld: cannot find -liconv
collect2: error: ld returned 1 exit status
configure:5274: $? = 1
configure: failed program was:
| /* confdefs.h */
| #define PACKAGE_NAME "xorriso"
| #define PACKAGE_TARNAME "xorriso"
| #define PACKAGE_VERSION "1.5.2"
| #define PACKAGE_STRING "xorriso 1.5.2"
| #define PACKAGE_BUGREPORT "http://libburnia-project.org"
| #define PACKAGE_URL ""
| #define PACKAGE "xorriso"
| #define VERSION "1.5.2"
| #define Xorriso_standalonE /**/
| #define STDC_HEADERS 1
| #define HAVE_SYS_TYPES_H 1
| #define HAVE_SYS_STAT_H 1
| #define HAVE_STDLIB_H 1
| #define HAVE_STRING_H 1
| #define HAVE_MEMORY_H 1
| #define HAVE_STRINGS_H 1
| #define HAVE_INTTYPES_H 1
| #define HAVE_STDINT_H 1
| #define HAVE_UNISTD_H 1
| #define HAVE_FSEEKO 1
| /* end confdefs.h.  */
| 
| /* Override any GCC internal prototype to avoid an error.
|    Use char because int might match the return type of a GCC
|    builtin and then its argument prototype would still apply.  */
| #ifdef __cplusplus
| extern "C"
| #endif
| char libiconv ();
| int
| main ()
| {
| return libiconv ();
|   ;
|   return 0;
| }
configure:5283: result: no
configure:5296: checking for const qualifier with iconv() 
configure:5313: gcc -c -g -O2  conftest.c >&5
configure:5313: $? = 0
configure:5333: result: no
configure:5339: checking for iconv() to be accessible now 
configure:5366: gcc -o conftest -g -O2   conftest.c  >&5
configure:5366: $? = 0
configure:5374: result: yes
configure:5534: checking how to print strings
configure:5561: result: printf
configure:5582: checking for a sed that does not truncate output
configure:5646: result: /bin/sed
configure:5664: checking for fgrep
configure:5726: result: /bin/grep -F
configure:5761: checking for ld used by gcc
configure:5828: result: /usr/bin/ld
configure:5835: checking if the linker (/usr/bin/ld) is GNU ld
configure:5850: result: yes
configure:5862: checking for BSD- or MS-compatible name lister (nm)
configure:5911: result: /usr/bin/nm -B
configure:6041: checking the name lister (/usr/bin/nm -B) interface
configure:6048: gcc -c -g -O2  conftest.c >&5
configure:6051: /usr/bin/nm -B "conftest.o"
configure:6054: output
0000000000000000 B some_variable
configure:6061: result: BSD nm
configure:6064: checking whether ln -s works
configure:6068: result: yes
configure:6076: checking the maximum length of command line arguments
configure:6207: result: 1572864
configure:6224: checking whether the shell understands some XSI constructs
configure:6234: result: yes
configure:6238: checking whether the shell understands "+="
configure:6244: result: yes
configure:6279: checking how to convert x86_64-unknown-linux-gnu file names to x86_64-unknown-linux-gnu format
configure:6319: result: func_convert_file_noop
configure:6326: checking how to convert x86_64-unknown-linux-gnu file names to toolchain format
configure:6346: result: func_convert_file_noop
configure:6353: checking for /usr/bin/ld option to reload object files
configure:6360: result: -r
configure:6434: checking for objdump
configure:6450: found /usr/bin/objdump
configure:6461: result: objdump
configure:6493: checking how to recognize dependent libraries
configure:6691: result: pass_all
configure:6776: checking for dlltool
configure:6806: result: no
configure:6836: checking how to associate runtime and link libraries
configure:6863: result: printf %s\n
configure:6923: checking for ar
configure:6939: found /usr/bin/ar
configure:6950: result: ar
configure:6987: checking for archiver @FILE support
configure:7004: gcc -c -g -O2  conftest.c >&5
configure:7004: $? = 0
configure:7007: ar cru libconftest.a @conftest.lst >&5
ar: `u' modifier ignored since `D' is the default (see `U')
configure:7010: $? = 0
configure:7015: ar cru libconftest.a @conftest.lst >&5
ar: `u' modifier ignored since `D' is the default (see `U')
ar: conftest.o: No such file or directory
configure:7018: $? = 1
configure:7030: result: @
configure:7088: checking for strip
configure:7104: found /usr/bin/strip
configure:7115: result: strip
configure:7187: checking for ranlib
configure:7203: found /usr/bin/ranlib
configure:7214: result: ranlib
configure:7316: checking command to parse /usr/bin/nm -B output from gcc object
configure:7436: gcc -c -g -O2  conftest.c >&5
configure:7439: $? = 0
configure:7443: /usr/bin/nm -B conftest.o \| sed -n -e 's/^.*[ ]\([ABCDGIRSTW][ABCDGIRSTW]*\)[ ][ ]*\([_A-Za-z][_A-Za-z0-9]*\)$/\1 \2 \2/p' | sed '/ __gnu_lto/d' \> conftest.nm
configure:7446: $? = 0
configure:7512: gcc -o conftest -g -O2   conftest.c conftstm.o >&5
configure:7515: $? = 0
configure:7553: result: ok
configure:7590: checking for sysroot
configure:7620: result: no
configure:7697: gcc -c -g -O2  conftest.c >&5
configure:7700: $? = 0
configure:7889: checking for mt
configure:7905: found /bin/mt
configure:7916: result: mt
configure:7939: checking if mt is a manifest tool
configure:7945: mt '-?'
configure:7953: result: no
configure:8592: checking for dlfcn.h
configure:8592: gcc -c -g -O2  conftest.c >&5
configure:8592: $? = 0
configure:8592: result: yes
configure:8798: checking for objdir
configure:8813: result: .libs
configure:9080: checking if gcc supports -fno-rtti -fno-exceptions
configure:9098: gcc -c -g -O2  -fno-rtti -fno-exceptions conftest.c >&5
cc1: warning: command line option '-fno-rtti' is valid for C++/ObjC++ but not for C
configure:9102: $? = 0
configure:9115: result: no
configure:9442: checking for gcc option to produce PIC
configure:9449: result: -fPIC -DPIC
configure:9457: checking if gcc PIC flag -fPIC -DPIC works
configure:9475: gcc -c -g -O2  -fPIC -DPIC -DPIC conftest.c >&5
configure:9479: $? = 0
configure:9492: result: yes
configure:9521: checking if gcc static flag -static works
configure:9549: result: yes
configure:9564: checking if gcc supports -c -o file.o
configure:9585: gcc -c -g -O2  -o out/conftest2.o conftest.c >&5
configure:9589: $? = 0
configure:9611: result: yes
configure:9619: checking if gcc supports -c -o file.o
configure:9666: result: yes
configure:9699: checking whether the gcc linker (/usr/bin/ld -m elf_x86_64) supports shared libraries
configure:10856: result: yes
configure:10893: checking whether -lc should be explicitly linked in
configure:10901: gcc -c -g -O2  conftest.c >&5
configure:10904: $? = 0
configure:10919: gcc -shared  -fPIC -DPIC conftest.o  -v -Wl,-soname -Wl,conftest -o conftest 2\>\&1 \| /bin/grep  -lc  \>/dev/null 2\>\&1
configure:10922: $? = 0
configure:10936: result: no
configure:11096: checking dynamic linker characteristics
configure:11596: gcc -o conftest -g -O2   -Wl,-rpath -Wl,/foo conftest.c  >&5
configure:11596: $? = 0
configure:11834: result: GNU/Linux ld.so
configure:11941: checking how to hardcode library paths into programs
configure:11966: result: immediate
configure:12506: checking whether stripping libraries is possible
configure:12511: result: yes
configure:12546: checking if libtool supports shared libraries
configure:12548: result: yes
configure:12551: checking whether to build shared libraries
configure:12572: result: yes
configure:12575: checking whether to build static libraries
configure:12579: result: yes
configure:12623: checking dummy usability
configure:12623: gcc -c -g -O2  conftest.c >&5
conftest.c:59:10: fatal error: dummy: No such file or directory
 #include <dummy>
          ^~~~~~~
compilation terminated.
configure:12623: $? = 1
configure: failed program was:
| /* confdefs.h */
| #define PACKAGE_NAME "xorriso"
| #define PACKAGE_TARNAME "xorriso"
| #define PACKAGE_VERSION "1.5.2"
| #define PACKAGE_STRING "xorriso 1.5.2"
| #define PACKAGE_BUGREPORT "http://libburnia-project.org"
| #define PACKAGE_URL ""
| #define PACKAGE "xorriso"
| #define VERSION "1.5.2"
| #define Xorriso_standalonE /**/
| #define STDC_HEADERS 1
| #define HAVE_SYS_TYPES_H 1
| #define HAVE_SYS_STAT_H 1
| #define HAVE_STDLIB_H 1
| #define HAVE_STRING_H 1
| #define HAVE_MEMORY_H 1
| #define HAVE_STRINGS_H 1
| #define HAVE_INTTYPES_H 1
| #define HAVE_STDINT_H 1
| #define HAVE_UNISTD_H 1
| #define HAVE_FSEEKO 1
| #define ICONV_CONST /**/
| #define HAVE_DLFCN_H 1
| #define LT_OBJDIR ".libs/"
| /* end confdefs.h.  */
| #include <stdio.h>
| #ifdef HAVE_SYS_TYPES_H
| # include <sys/types.h>
| #endif
| #ifdef HAVE_SYS_STAT_H
| # include <sys/stat.h>
| #endif
| #ifdef STDC_HEADERS
| # include <stdlib.h>
| # include <stddef.h>
| #else
| # ifdef HAVE_STDLIB_H
| #  include <stdlib.h>
| # endif
| #endif
| #ifdef HAVE_STRING_H
| # if !defined STDC_HEADERS && defined HAVE_MEMORY_H
| #  include <memory.h>
| # endif
| # include <string.h>
| #endif
| #ifdef HAVE_STRINGS_H
| # include <strings.h>
| #endif
| #ifdef HAVE_INTTYPES_H
| # include <inttypes.h>
| #endif
| #ifdef HAVE_STDINT_H
| # include <stdint.h>
| #endif
| #ifdef HAVE_UNISTD_H
| # include <unistd.h>
| #endif
| #include <dummy>
configure:12623: result: no
configure:12623: checking dummy presence
configure:12623: gcc -E  conftest.c
conftest.c:26:10: fatal error: dummy: No such file or directory
 #include <dummy>
          ^~~~~~~
compilation terminated.
configure:12623: $? = 1
configure: failed program was:
| /* confdefs.h */
| #define PACKAGE_NAME "xorriso"
| #define PACKAGE_TARNAME "xorriso"
| #define PACKAGE_VERSION "1.5.2"
| #define PACKAGE_STRING "xorriso 1.5.2"
| #define PACKAGE_BUGREPORT "http://libburnia-project.org"
| #define PACKAGE_URL ""
| #define PACKAGE "xorriso"
| #define VERSION "1.5.2"
| #define Xorriso_standalonE /**/
| #define STDC_HEADERS 1
| #define HAVE_SYS_TYPES_H 1
| #define HAVE_SYS_STAT_H 1
| #define HAVE_STDLIB_H 1
| #define HAVE_STRING_H 1
| #define HAVE_MEMORY_H 1
| #define HAVE_STRINGS_H 1
| #define HAVE_INTTYPES_H 1
| #define HAVE_STDINT_H 1
| #define HAVE_UNISTD_H 1
| #define HAVE_FSEEKO 1
| #define ICONV_CONST /**/
| #define HAVE_DLFCN_H 1
| #define LT_OBJDIR ".libs/"
| /* end confdefs.h.  */
| #include <dummy>
configure:12623: result: no
configure:12623: checking for dummy
configure:12623: result: no
configure:12623: checking mt usability
configure:12623: gcc -c -g -O2  conftest.c >&5
conftest.c:59:10: fatal error: mt: No such file or directory
 #include <mt>
          ^~~~
compilation terminated.
configure:12623: $? = 1
configure: failed program was:
| /* confdefs.h */
| #define PACKAGE_NAME "xorriso"
| #define PACKAGE_TARNAME "xorriso"
| #define PACKAGE_VERSION "1.5.2"
| #define PACKAGE_STRING "xorriso 1.5.2"
| #define PACKAGE_BUGREPORT "http://libburnia-project.org"
| #define PACKAGE_URL ""
| #define PACKAGE "xorriso"
| #define VERSION "1.5.2"
| #define Xorriso_standalonE /**/
| #define STDC_HEADERS 1
| #define HAVE_SYS_TYPES_H 1
| #define HAVE_SYS_STAT_H 1
| #define HAVE_STDLIB_H 1
| #define HAVE_STRING_H 1
| #define HAVE_MEMORY_H 1
| #define HAVE_STRINGS_H 1
| #define HAVE_INTTYPES_H 1
| #define HAVE_STDINT_H 1
| #define HAVE_UNISTD_H 1
| #define HAVE_FSEEKO 1
| #define ICONV_CONST /**/
| #define HAVE_DLFCN_H 1
| #define LT_OBJDIR ".libs/"
| /* end confdefs.h.  */
| #include <stdio.h>
| #ifdef HAVE_SYS_TYPES_H
| # include <sys/types.h>
| #endif
| #ifdef HAVE_SYS_STAT_H
| # include <sys/stat.h>
| #endif
| #ifdef STDC_HEADERS
| # include <stdlib.h>
| # include <stddef.h>
| #else
| # ifdef HAVE_STDLIB_H
| #  include <stdlib.h>
| # endif
| #endif
| #ifdef HAVE_STRING_H
| # if !defined STDC_HEADERS && defined HAVE_MEMORY_H
| #  include <memory.h>
| # endif
| # include <string.h>
| #endif
| #ifdef HAVE_STRINGS_H
| # include <strings.h>
| #endif
| #ifdef HAVE_INTTYPES_H
| # include <inttypes.h>
| #endif
| #ifdef HAVE_STDINT_H
| # include <stdint.h>
| #endif
| #ifdef HAVE_UNISTD_H
| # include <unistd.h>
| #endif
| #include <mt>
configure:12623: result: no
configure:12623: checking mt presence
configure:12623: gcc -E  conftest.c
conftest.c:26:10: fatal error: mt: No such file or directory
 #include <mt>
          ^~~~
compilation terminated.
configure:12623: $? = 1
configure: failed program was:
| /* confdefs.h */
| #define PACKAGE_NAME "xorriso"
| #define PACKAGE_TARNAME "xorriso"
| #define PACKAGE_VERSION "1.5.2"
| #define PACKAGE_STRING "xorriso 1.5.2"
| #define PACKAGE_BUGREPORT "http://libburnia-project.org"
| #define PACKAGE_URL ""
| #define PACKAGE "xorriso"
| #define VERSION "1.5.2"
| #define Xorriso_standalonE /**/
| #define STDC_HEADERS 1
| #define HAVE_SYS_TYPES_H 1
| #define HAVE_SYS_STAT_H 1
| #define HAVE_STDLIB_H 1
| #define HAVE_STRING_H 1
| #define HAVE_MEMORY_H 1
| #define HAVE_STRINGS_H 1
| #define HAVE_INTTYPES_H 1
| #define HAVE_STDINT_H 1
| #define HAVE_UNISTD_H 1
| #define HAVE_FSEEKO 1
| #define ICONV_CONST /**/
| #define HAVE_DLFCN_H 1
| #define LT_OBJDIR ".libs/"
| /* end confdefs.h.  */
| #include <mt>
configure:12623: result: no
configure:12623: checking for mt
configure:12623: result: no
configure:12634: checking for struct tm.tm_gmtoff
configure:12634: gcc -c -g -O2  conftest.c >&5
configure:12634: $? = 0
configure:12634: result: yes
configure:12643: checking whether timegm is declared
configure:12643: gcc -c -g -O2  conftest.c >&5
configure:12643: $? = 0
configure:12643: result: yes
configure:12666: gcc -o conftest -g -O2   conftest.c  >&5
configure:12666: $? = 0
configure:12685: checking whether eaccess is declared
configure:12685: gcc -c -g -O2  conftest.c >&5
conftest.c: In function 'main':
conftest.c:38:10: error: 'eaccess' undeclared (first use in this function); did you mean 'access'?
   (void) eaccess;
          ^~~~~~~
          access
conftest.c:38:10: note: each undeclared identifier is reported only once for each function it appears in
configure:12685: $? = 1
configure: failed program was:
| /* confdefs.h */
| #define PACKAGE_NAME "xorriso"
| #define PACKAGE_TARNAME "xorriso"
| #define PACKAGE_VERSION "1.5.2"
| #define PACKAGE_STRING "xorriso 1.5.2"
| #define PACKAGE_BUGREPORT "http://libburnia-project.org"
| #define PACKAGE_URL ""
| #define PACKAGE "xorriso"
| #define VERSION "1.5.2"
| #define Xorriso_standalonE /**/
| #define STDC_HEADERS 1
| #define HAVE_SYS_TYPES_H 1
| #define HAVE_SYS_STAT_H 1
| #define HAVE_STDLIB_H 1
| #define HAVE_STRING_H 1
| #define HAVE_MEMORY_H 1
| #define HAVE_STRINGS_H 1
| #define HAVE_INTTYPES_H 1
| #define HAVE_STDINT_H 1
| #define HAVE_UNISTD_H 1
| #define HAVE_FSEEKO 1
| #define ICONV_CONST /**/
| #define HAVE_DLFCN_H 1
| #define LT_OBJDIR ".libs/"
| #define HAVE_TM_GMTOFF 1
| #define HAVE_TIMEGM 1
| #define Libburnia_timezonE timezone
| /* end confdefs.h.  */
| #include <unistd.h>
| 
| int
| main ()
| {
| #ifndef eaccess
| #ifdef __cplusplus
|   (void) eaccess;
| #else
|   (void) eaccess;
| #endif
| #endif
| 
|   ;
|   return 0;
| }
configure:12685: result: no
configure:12701: checking target operating system
configure:12739: result: linux
configure:12748: checking sys/statvfs.h usability
configure:12748: gcc -c -g -O2  conftest.c >&5
configure:12748: $? = 0
configure:12748: result: yes
configure:12748: checking sys/statvfs.h presence
configure:12748: gcc -E  conftest.c
configure:12748: $? = 0
configure:12748: result: yes
configure:12748: checking for sys/statvfs.h
configure:12748: result: yes
configure:12756: checking for statvfs
configure:12756: gcc -o conftest -g -O2   conftest.c  >&5
configure:12756: $? = 0
configure:12756: result: yes
configure:12825: checking for overridden pkgconfig directory path
configure:12841: result: no
configure:12868: checking for desired functions in libreadline
configure:12897: gcc -o conftest -DDEBUG -g -pedantic -Wall -Wextra -Wno-unused-parameter -Wno-char-subscripts -Wno-strict-aliasing -g -O2   conftest.c  -lreadline >&5
conftest.c: In function 'main':
conftest.c:42:14: warning: variable 'hl' set but not used [-Wunused-but-set-variable]
 HIST_ENTRY **hl;
              ^~
configure:12897: $? = 0
configure:12953: result: yes 
configure:13205: checking sys/acl.h usability
configure:13205: gcc -c -DDEBUG -g -pedantic -Wall -Wextra -Wno-unused-parameter -Wno-char-subscripts -Wno-strict-aliasing -g -O2  conftest.c >&5
conftest.c:64:10: fatal error: sys/acl.h: No such file or directory
 #include <sys/acl.h>
          ^~~~~~~~~~~
compilation terminated.
configure:13205: $? = 1
configure: failed program was:
| /* confdefs.h */
| #define PACKAGE_NAME "xorriso"
| #define PACKAGE_TARNAME "xorriso"
| #define PACKAGE_VERSION "1.5.2"
| #define PACKAGE_STRING "xorriso 1.5.2"
| #define PACKAGE_BUGREPORT "http://libburnia-project.org"
| #define PACKAGE_URL ""
| #define PACKAGE "xorriso"
| #define VERSION "1.5.2"
| #define Xorriso_standalonE /**/
| #define STDC_HEADERS 1
| #define HAVE_SYS_TYPES_H 1
| #define HAVE_SYS_STAT_H 1
| #define HAVE_STDLIB_H 1
| #define HAVE_STRING_H 1
| #define HAVE_MEMORY_H 1
| #define HAVE_STRINGS_H 1
| #define HAVE_INTTYPES_H 1
| #define HAVE_STDINT_H 1
| #define HAVE_UNISTD_H 1
| #define HAVE_FSEEKO 1
| #define ICONV_CONST /**/
| #define HAVE_DLFCN_H 1
| #define LT_OBJDIR ".libs/"
| #define HAVE_TM_GMTOFF 1
| #define HAVE_TIMEGM 1
| #define Libburnia_timezonE timezone
| #define Libburn_os_has_statvfS /**/
| #define Xorriso_with_readlinE /**/
| /* end confdefs.h.  */
| #include <stdio.h>
| #ifdef HAVE_SYS_TYPES_H
| # include <sys/types.h>
| #endif
| #ifdef HAVE_SYS_STAT_H
| # include <sys/stat.h>
| #endif
| #ifdef STDC_HEADERS
| # include <stdlib.h>
| # include <stddef.h>
| #else
| # ifdef HAVE_STDLIB_H
| #  include <stdlib.h>
| # endif
| #endif
| #ifdef HAVE_STRING_H
| # if !defined STDC_HEADERS && defined HAVE_MEMORY_H
| #  include <memory.h>
| # endif
| # include <string.h>
| #endif
| #ifdef HAVE_STRINGS_H
| # include <strings.h>
| #endif
| #ifdef HAVE_INTTYPES_H
| # include <inttypes.h>
| #endif
| #ifdef HAVE_STDINT_H
| # include <stdint.h>
| #endif
| #ifdef HAVE_UNISTD_H
| # include <unistd.h>
| #endif
| #include <sys/acl.h>
configure:13205: result: no
configure:13205: checking sys/acl.h presence
configure:13205: gcc -E  conftest.c
conftest.c:31:10: fatal error: sys/acl.h: No such file or directory
 #include <sys/acl.h>
          ^~~~~~~~~~~
compilation terminated.
configure:13205: $? = 1
configure: failed program was:
| /* confdefs.h */
| #define PACKAGE_NAME "xorriso"
| #define PACKAGE_TARNAME "xorriso"
| #define PACKAGE_VERSION "1.5.2"
| #define PACKAGE_STRING "xorriso 1.5.2"
| #define PACKAGE_BUGREPORT "http://libburnia-project.org"
| #define PACKAGE_URL ""
| #define PACKAGE "xorriso"
| #define VERSION "1.5.2"
| #define Xorriso_standalonE /**/
| #define STDC_HEADERS 1
| #define HAVE_SYS_TYPES_H 1
| #define HAVE_SYS_STAT_H 1
| #define HAVE_STDLIB_H 1
| #define HAVE_STRING_H 1
| #define HAVE_MEMORY_H 1
| #define HAVE_STRINGS_H 1
| #define HAVE_INTTYPES_H 1
| #define HAVE_STDINT_H 1
| #define HAVE_UNISTD_H 1
| #define HAVE_FSEEKO 1
| #define ICONV_CONST /**/
| #define HAVE_DLFCN_H 1
| #define LT_OBJDIR ".libs/"
| #define HAVE_TM_GMTOFF 1
| #define HAVE_TIMEGM 1
| #define Libburnia_timezonE timezone
| #define Libburn_os_has_statvfS /**/
| #define Xorriso_with_readlinE /**/
| /* end confdefs.h.  */
| #include <sys/acl.h>
configure:13205: result: no
configure:13205: checking for sys/acl.h
configure:13205: result: no
configure:13461: checking sys/xattr.h usability
configure:13461: gcc -c -DDEBUG -g -pedantic -Wall -Wextra -Wno-unused-parameter -Wno-char-subscripts -Wno-strict-aliasing -g -O2  conftest.c >&5
configure:13461: $? = 0
configure:13461: result: yes
configure:13461: checking sys/xattr.h presence
configure:13461: gcc -E  conftest.c
configure:13461: $? = 0
configure:13461: result: yes
configure:13461: checking for sys/xattr.h
configure:13461: result: yes
configure:13463: checking for listxattr in -lc
configure:13488: gcc -o conftest -DDEBUG -g -pedantic -Wall -Wextra -Wno-unused-parameter -Wno-char-subscripts -Wno-strict-aliasing -g -O2   conftest.c -lc   -lreadline >&5
configure:13488: $? = 0
configure:13497: result: yes
configure:13662: checking zlib.h usability
configure:13662: gcc -c -DDEBUG -g -pedantic -Wall -Wextra -Wno-unused-parameter -Wno-char-subscripts -Wno-strict-aliasing -g -O2  conftest.c >&5
configure:13662: $? = 0
configure:13662: result: yes
configure:13662: checking zlib.h presence
configure:13662: gcc -E  conftest.c
configure:13662: $? = 0
configure:13662: result: yes
configure:13662: checking for zlib.h
configure:13662: result: yes
configure:13664: checking for compressBound in -lz
configure:13689: gcc -o conftest -DDEBUG -g -pedantic -Wall -Wextra -Wno-unused-parameter -Wno-char-subscripts -Wno-strict-aliasing -g -O2   conftest.c -lz   -lreadline >&5
configure:13689: $? = 0
configure:13698: result: yes
configure:13730: checking for missing scsi/scsi.h on Linux
configure:13747: gcc -c -DDEBUG -g -pedantic -Wall -Wextra -Wno-unused-parameter -Wno-char-subscripts -Wno-strict-aliasing -g -O2  conftest.c >&5
configure:13747: $? = 0
configure:13748: result: no
configure:13790: checking for pthread_cancel()
configure:13803: gcc -o conftest -DDEBUG -g -pedantic -Wall -Wextra -Wno-unused-parameter -Wno-char-subscripts -Wno-strict-aliasing -g -O2   -lpthread conftest.c -lz  -lreadline >&5
/tmp/cccMiq6z.o: In function `main':
/home/carolhanna/Security_Project/gnu_dataset/xorriso-1.5.2/conftest.c:42: undefined reference to `pthread_cancel'
collect2: error: ld returned 1 exit status
configure:13803: $? = 1
configure: failed program was:
| /* confdefs.h */
| #define PACKAGE_NAME "xorriso"
| #define PACKAGE_TARNAME "xorriso"
| #define PACKAGE_VERSION "1.5.2"
| #define PACKAGE_STRING "xorriso 1.5.2"
| #define PACKAGE_BUGREPORT "http://libburnia-project.org"
| #define PACKAGE_URL ""
| #define PACKAGE "xorriso"
| #define VERSION "1.5.2"
| #define Xorriso_standalonE /**/
| #define STDC_HEADERS 1
| #define HAVE_SYS_TYPES_H 1
| #define HAVE_SYS_STAT_H 1
| #define HAVE_STDLIB_H 1
| #define HAVE_STRING_H 1
| #define HAVE_MEMORY_H 1
| #define HAVE_STRINGS_H 1
| #define HAVE_INTTYPES_H 1
| #define HAVE_STDINT_H 1
| #define HAVE_UNISTD_H 1
| #define HAVE_FSEEKO 1
| #define ICONV_CONST /**/
| #define HAVE_DLFCN_H 1
| #define LT_OBJDIR ".libs/"
| #define HAVE_TM_GMTOFF 1
| #define HAVE_TIMEGM 1
| #define Libburnia_timezonE timezone
| #define Libburn_os_has_statvfS /**/
| #define Xorriso_with_readlinE /**/
| #define Libisofs_with_sys_xattR /**/
| #define Libisofs_with_aaip_xattR /**/
| #define HAVE_LIBZ 1
| #define Libisofs_with_zliB /**/
| #define LIBJTE_WITH_ZLIB /**/
| #define Xorriso_with_libjtE /**/
| #define Libisofs_with_libjtE /**/
| /* end confdefs.h.  */
| #include <pthread.h>
| int
| main ()
| {
| pthread_cancel((pthread_t) NULL);
|   ;
|   return 0;
| }
configure:13810: result: no
configure:13835: checking bzlib.h usability
configure:13835: gcc -c -DDEBUG -g -pedantic -Wall -Wextra -Wno-unused-parameter -Wno-char-subscripts -Wno-strict-aliasing -g -O2  conftest.c >&5
conftest.c:71:10: fatal error: bzlib.h: No such file or directory
 #include <bzlib.h>
          ^~~~~~~~~
compilation terminated.
configure:13835: $? = 1
configure: failed program was:
| /* confdefs.h */
| #define PACKAGE_NAME "xorriso"
| #define PACKAGE_TARNAME "xorriso"
| #define PACKAGE_VERSION "1.5.2"
| #define PACKAGE_STRING "xorriso 1.5.2"
| #define PACKAGE_BUGREPORT "http://libburnia-project.org"
| #define PACKAGE_URL ""
| #define PACKAGE "xorriso"
| #define VERSION "1.5.2"
| #define Xorriso_standalonE /**/
| #define STDC_HEADERS 1
| #define HAVE_SYS_TYPES_H 1
| #define HAVE_SYS_STAT_H 1
| #define HAVE_STDLIB_H 1
| #define HAVE_STRING_H 1
| #define HAVE_MEMORY_H 1
| #define HAVE_STRINGS_H 1
| #define HAVE_INTTYPES_H 1
| #define HAVE_STDINT_H 1
| #define HAVE_UNISTD_H 1
| #define HAVE_FSEEKO 1
| #define ICONV_CONST /**/
| #define HAVE_DLFCN_H 1
| #define LT_OBJDIR ".libs/"
| #define HAVE_TM_GMTOFF 1
| #define HAVE_TIMEGM 1
| #define Libburnia_timezonE timezone
| #define Libburn_os_has_statvfS /**/
| #define Xorriso_with_readlinE /**/
| #define Libisofs_with_sys_xattR /**/
| #define Libisofs_with_aaip_xattR /**/
| #define HAVE_LIBZ 1
| #define Libisofs_with_zliB /**/
| #define LIBJTE_WITH_ZLIB /**/
| #define Xorriso_with_libjtE /**/
| #define Libisofs_with_libjtE /**/
| /* end confdefs.h.  */
| #include <stdio.h>
| #ifdef HAVE_SYS_TYPES_H
| # include <sys/types.h>
| #endif
| #ifdef HAVE_SYS_STAT_H
| # include <sys/stat.h>
| #endif
| #ifdef STDC_HEADERS
| # include <stdlib.h>
| # include <stddef.h>
| #else
| # ifdef HAVE_STDLIB_H
| #  include <stdlib.h>
| # endif
| #endif
| #ifdef HAVE_STRING_H
| # if !defined STDC_HEADERS && defined HAVE_MEMORY_H
| #  include <memory.h>
| # endif
| # include <string.h>
| #endif
| #ifdef HAVE_STRINGS_H
| # include <strings.h>
| #endif
| #ifdef HAVE_INTTYPES_H
| # include <inttypes.h>
| #endif
| #ifdef HAVE_STDINT_H
| # include <stdint.h>
| #endif
| #ifdef HAVE_UNISTD_H
| # include <unistd.h>
| #endif
| #include <bzlib.h>
configure:13835: result: no
configure:13835: checking bzlib.h presence
configure:13835: gcc -E  conftest.c
conftest.c:38:10: fatal error: bzlib.h: No such file or directory
 #include <bzlib.h>
          ^~~~~~~~~
compilation terminated.
configure:13835: $? = 1
configure: failed program was:
| /* confdefs.h */
| #define PACKAGE_NAME "xorriso"
| #define PACKAGE_TARNAME "xorriso"
| #define PACKAGE_VERSION "1.5.2"
| #define PACKAGE_STRING "xorriso 1.5.2"
| #define PACKAGE_BUGREPORT "http://libburnia-project.org"
| #define PACKAGE_URL ""
| #define PACKAGE "xorriso"
| #define VERSION "1.5.2"
| #define Xorriso_standalonE /**/
| #define STDC_HEADERS 1
| #define HAVE_SYS_TYPES_H 1
| #define HAVE_SYS_STAT_H 1
| #define HAVE_STDLIB_H 1
| #define HAVE_STRING_H 1
| #define HAVE_MEMORY_H 1
| #define HAVE_STRINGS_H 1
| #define HAVE_INTTYPES_H 1
| #define HAVE_STDINT_H 1
| #define HAVE_UNISTD_H 1
| #define HAVE_FSEEKO 1
| #define ICONV_CONST /**/
| #define HAVE_DLFCN_H 1
| #define LT_OBJDIR ".libs/"
| #define HAVE_TM_GMTOFF 1
| #define HAVE_TIMEGM 1
| #define Libburnia_timezonE timezone
| #define Libburn_os_has_statvfS /**/
| #define Xorriso_with_readlinE /**/
| #define Libisofs_with_sys_xattR /**/
| #define Libisofs_with_aaip_xattR /**/
| #define HAVE_LIBZ 1
| #define Libisofs_with_zliB /**/
| #define LIBJTE_WITH_ZLIB /**/
| #define Xorriso_with_libjtE /**/
| #define Libisofs_with_libjtE /**/
| /* end confdefs.h.  */
| #include <bzlib.h>
configure:13835: result: no
configure:13835: checking for bzlib.h
configure:13835: result: no
configure:14526: checking that generated files are newer than configure
configure:14532: result: done
configure:14556: creating ./config.status

## ---------------------- ##
## Running config.status. ##
## ---------------------- ##

This file was extended by xorriso config.status 1.5.2, which was
generated by GNU Autoconf 2.69.  Invocation command line was

  CONFIG_FILES    = 
  CONFIG_HEADERS  = 
  CONFIG_LINKS    = 
  CONFIG_COMMANDS = 
  $ ./config.status 

on rishon

config.status:1118: creating Makefile
config.status:1118: creating version.h
config.status:1118: creating config.h
config.status:1347: executing depfiles commands
config.status:1347: executing libtool commands

## ---------------- ##
## Cache variables. ##
## ---------------- ##

ac_cv_build=x86_64-unknown-linux-gnu
ac_cv_c_bigendian=no
ac_cv_c_compiler_gnu=yes
ac_cv_c_const=yes
ac_cv_c_inline=inline
ac_cv_env_CC_set=
ac_cv_env_CC_value=
ac_cv_env_CFLAGS_set=
ac_cv_env_CFLAGS_value=
ac_cv_env_CPPFLAGS_set=
ac_cv_env_CPPFLAGS_value=
ac_cv_env_CPP_set=
ac_cv_env_CPP_value=
ac_cv_env_LDFLAGS_set=
ac_cv_env_LDFLAGS_value=
ac_cv_env_LIBCDIO_CFLAGS_set=
ac_cv_env_LIBCDIO_CFLAGS_value=
ac_cv_env_LIBCDIO_LIBS_set=
ac_cv_env_LIBCDIO_LIBS_value=
ac_cv_env_LIBS_set=
ac_cv_env_LIBS_value=
ac_cv_env_PKG_CONFIG_LIBDIR_set=
ac_cv_env_PKG_CONFIG_LIBDIR_value=
ac_cv_env_PKG_CONFIG_PATH_set=
ac_cv_env_PKG_CONFIG_PATH_value=
ac_cv_env_PKG_CONFIG_set=
ac_cv_env_PKG_CONFIG_value=
ac_cv_env_build_alias_set=
ac_cv_env_build_alias_value=
ac_cv_env_host_alias_set=
ac_cv_env_host_alias_value=
ac_cv_env_target_alias_set=
ac_cv_env_target_alias_value=
ac_cv_func_fseeko=yes
ac_cv_func_statvfs=yes
ac_cv_have_decl_eaccess=no
ac_cv_have_decl_timegm=yes
ac_cv_header_bzlib_h=no
ac_cv_header_dlfcn_h=yes
ac_cv_header_dummy=no
ac_cv_header_inttypes_h=yes
ac_cv_header_memory_h=yes
ac_cv_header_mt=no
ac_cv_header_stdc=yes
ac_cv_header_stdint_h=yes
ac_cv_header_stdlib_h=yes
ac_cv_header_string_h=yes
ac_cv_header_strings_h=yes
ac_cv_header_sys_acl_h=no
ac_cv_header_sys_stat_h=yes
ac_cv_header_sys_statvfs_h=yes
ac_cv_header_sys_types_h=yes
ac_cv_header_sys_xattr_h=yes
ac_cv_header_unistd_h=yes
ac_cv_header_zlib_h=yes
ac_cv_host=x86_64-unknown-linux-gnu
ac_cv_lib_c_listxattr=yes
ac_cv_lib_iconv_libiconv=no
ac_cv_lib_z_compressBound=yes
ac_cv_member_struct_tm_tm_gmtoff=yes
ac_cv_objext=o
ac_cv_path_EGREP='/bin/grep -E'
ac_cv_path_FGREP='/bin/grep -F'
ac_cv_path_GREP=/bin/grep
ac_cv_path_SED=/bin/sed
ac_cv_path_install='/usr/bin/install -c'
ac_cv_path_mkdir=/bin/mkdir
ac_cv_prog_AWK=gawk
ac_cv_prog_CPP='gcc -E'
ac_cv_prog_ac_ct_AR=ar
ac_cv_prog_ac_ct_CC=gcc
ac_cv_prog_ac_ct_MANIFEST_TOOL=mt
ac_cv_prog_ac_ct_OBJDUMP=objdump
ac_cv_prog_ac_ct_RANLIB=ranlib
ac_cv_prog_ac_ct_STRIP=strip
ac_cv_prog_cc_c89=
ac_cv_prog_cc_g=yes
ac_cv_prog_make_make_set=yes
ac_cv_sys_file_offset_bits=no
ac_cv_sys_largefile_CC=no
ac_cv_sys_largefile_source=no
ac_cv_target=x86_64-unknown-linux-gnu
am_cv_CC_dependencies_compiler_type=gcc3
am_cv_make_support_nested_variables=yes
am_cv_prog_cc_c_o=yes
lt_cv_ar_at_file=@
lt_cv_archive_cmds_need_lc=no
lt_cv_deplibs_check_method=pass_all
lt_cv_file_magic_cmd='$MAGIC_CMD'
lt_cv_file_magic_test_file=
lt_cv_ld_reload_flag=-r
lt_cv_nm_interface='BSD nm'
lt_cv_objdir=.libs
lt_cv_path_LD=/usr/bin/ld
lt_cv_path_NM='/usr/bin/nm -B'
lt_cv_path_mainfest_tool=no
lt_cv_prog_compiler_c_o=yes
lt_cv_prog_compiler_pic='-fPIC -DPIC'
lt_cv_prog_compiler_pic_works=yes
lt_cv_prog_compiler_rtti_exceptions=no
lt_cv_prog_compiler_static_works=yes
lt_cv_prog_gnu_ld=yes
lt_cv_sharedlib_from_linklib_cmd='printf %s\n'
lt_cv_shlibpath_overrides_runpath=yes
lt_cv_sys_global_symbol_pipe='sed -n -e '\''s/^.*[	 ]\([ABCDGIRSTW][ABCDGIRSTW]*\)[	 ][	 ]*\([_A-Za-z][_A-Za-z0-9]*\)$/\1 \2 \2/p'\'' | sed '\''/ __gnu_lto/d'\'''
lt_cv_sys_global_symbol_to_c_name_address='sed -n -e '\''s/^: \([^ ]*\)[ ]*$/  {\"\1\", (void *) 0},/p'\'' -e '\''s/^[ABCDGIRSTW]* \([^ ]*\) \([^ ]*\)$/  {"\2", (void *) \&\2},/p'\'''
lt_cv_sys_global_symbol_to_c_name_address_lib_prefix='sed -n -e '\''s/^: \([^ ]*\)[ ]*$/  {\"\1\", (void *) 0},/p'\'' -e '\''s/^[ABCDGIRSTW]* \([^ ]*\) \(lib[^ ]*\)$/  {"\2", (void *) \&\2},/p'\'' -e '\''s/^[ABCDGIRSTW]* \([^ ]*\) \([^ ]*\)$/  {"lib\2", (void *) \&\2},/p'\'''
lt_cv_sys_global_symbol_to_cdecl='sed -n -e '\''s/^T .* \(.*\)$/extern int \1();/p'\'' -e '\''s/^[ABCDGIRSTW]* .* \(.*\)$/extern char \1;/p'\'''
lt_cv_sys_max_cmd_len=1572864
lt_cv_to_host_file_cmd=func_convert_file_noop
lt_cv_to_tool_file_cmd=func_convert_file_noop

## ----------------- ##
## Output variables. ##
## ----------------- ##

ACLOCAL='${SHELL} /home/carolhanna/Security_Project/gnu_dataset/xorriso-1.5.2/missing aclocal-1.14'
AMDEPBACKSLASH='\'
AMDEP_FALSE='#'
AMDEP_TRUE=''
AMTAR='$${TAR-tar}'
AM_BACKSLASH='\'
AM_DEFAULT_V='$(AM_DEFAULT_VERBOSITY)'
AM_DEFAULT_VERBOSITY='1'
AM_V='$(V)'
AR='ar'
ARCH='linux'
AUTOCONF='${SHELL} /home/carolhanna/Security_Project/gnu_dataset/xorriso-1.5.2/missing autoconf'
AUTOHEADER='${SHELL} /home/carolhanna/Security_Project/gnu_dataset/xorriso-1.5.2/missing autoheader'
AUTOMAKE='${SHELL} /home/carolhanna/Security_Project/gnu_dataset/xorriso-1.5.2/missing automake-1.14'
AWK='gawk'
BURN_MAJOR_VERSION='1'
BURN_MICRO_VERSION='2'
BURN_MINOR_VERSION='5'
CC='gcc'
CCDEPMODE='depmode=gcc3'
CFLAGS='-DDEBUG -g -pedantic -Wall -Wextra -Wno-unused-parameter -Wno-char-subscripts -Wno-strict-aliasing -g -O2'
CPP='gcc -E'
CPPFLAGS=''
CYGPATH_W='echo'
DEFS='-DHAVE_CONFIG_H'
DEPDIR='.deps'
DLLTOOL='false'
DSYMUTIL=''
DUMPBIN=''
ECHO_C=''
ECHO_N='-n'
ECHO_T=''
EGREP='/bin/grep -E'
EXEEXT=''
FGREP='/bin/grep -F'
GREP='/bin/grep'
INSTALL_DATA='${INSTALL} -m 644'
INSTALL_PROGRAM='${INSTALL}'
INSTALL_SCRIPT='${INSTALL}'
INSTALL_STRIP_PROGRAM='$(install_sh) -c -s'
LD='/usr/bin/ld -m elf_x86_64'
LDFLAGS=''
LIBBURNIA_PKGCONFDIR='${exec_prefix}/lib/pkgconfig'
LIBBURN_ARCH_LIBS=''
LIBCDIO_CFLAGS=''
LIBCDIO_LIBS=''
LIBISOFS_MAJOR_VERSION='1'
LIBISOFS_MICRO_VERSION='2'
LIBISOFS_MINOR_VERSION='5'
LIBOBJS=''
LIBS='-lz  -lreadline'
LIBTOOL='$(SHELL) $(top_builddir)/libtool'
LIBTOOL_DEPS='./ltmain.sh'
LIPO=''
LN_S='ln -s'
LTLIBOBJS=''
MAKEINFO='${SHELL} /home/carolhanna/Security_Project/gnu_dataset/xorriso-1.5.2/missing makeinfo'
MANIFEST_TOOL=':'
MKDIR_P='/bin/mkdir -p'
NM='/usr/bin/nm -B'
NMEDIT=''
OBJDUMP='objdump'
OBJEXT='o'
OTOOL64=''
OTOOL=''
PACKAGE='xorriso'
PACKAGE_BUGREPORT='http://libburnia-project.org'
PACKAGE_NAME='xorriso'
PACKAGE_STRING='xorriso 1.5.2'
PACKAGE_TARNAME='xorriso'
PACKAGE_URL=''
PACKAGE_VERSION='1.5.2'
PATH_SEPARATOR=':'
PKG_CONFIG=''
PKG_CONFIG_LIBDIR=''
PKG_CONFIG_PATH=''
RANLIB='ranlib'
SED='/bin/sed'
SET_MAKE=''
SHELL='/bin/bash'
STRIP='strip'
THREAD_LIBS='-lpthread'
VERSION='1.5.2'
ac_ct_AR='ar'
ac_ct_CC='gcc'
ac_ct_DUMPBIN=''
am__EXEEXT_FALSE=''
am__EXEEXT_TRUE='#'
am__fastdepCC_FALSE='#'
am__fastdepCC_TRUE=''
am__include='include'
am__isrc=''
am__leading_dot='.'
am__nodep='_no'
am__quote=''
am__tar='$${TAR-tar} chof - "$$tardir"'
am__untar='$${TAR-tar} xf -'
bindir='${exec_prefix}/bin'
build='x86_64-unknown-linux-gnu'
build_alias=''
build_cpu='x86_64'
build_os='linux-gnu'
build_vendor='unknown'
datadir='${datarootdir}'
datarootdir='${prefix}/share'
docdir='${datarootdir}/doc/${PACKAGE_TARNAME}'
dvidir='${docdir}'
exec_prefix='${prefix}'
host='x86_64-unknown-linux-gnu'
host_alias=''
host_cpu='x86_64'
host_os='linux-gnu'
host_vendor='unknown'
htmldir='${docdir}'
includedir='${prefix}/include'
infodir='${datarootdir}/info'
install_sh='${SHELL} /home/carolhanna/Security_Project/gnu_dataset/xorriso-1.5.2/install-sh'
libdir='${exec_prefix}/lib'
libexecdir='${exec_prefix}/libexec'
localedir='${datarootdir}/locale'
localstatedir='${prefix}/var'
mandir='${datarootdir}/man'
mkdir_p='$(MKDIR_P)'
oldincludedir='/usr/include'
pdfdir='${docdir}'
prefix='/usr/local'
program_transform_name='s,x,x,'
psdir='${docdir}'
sbindir='${exec_prefix}/sbin'
sharedstatedir='${prefix}/com'
sysconfdir='${prefix}/etc'
target='x86_64-unknown-linux-gnu'
target_alias=''
target_cpu='x86_64'
target_os='linux-gnu'
target_vendor='unknown'

## ----------- ##
## confdefs.h. ##
## ----------- ##

/* confdefs.h */
#define PACKAGE_NAME "xorriso"
#define PACKAGE_TARNAME "xorriso"
#define PACKAGE_VERSION "1.5.2"
#define PACKAGE_STRING "xorriso 1.5.2"
#define PACKAGE_BUGREPORT "http://libburnia-project.org"
#define PACKAGE_URL ""
#define PACKAGE "xorriso"
#define VERSION "1.5.2"
#define Xorriso_standalonE /**/
#define STDC_HEADERS 1
#define HAVE_SYS_TYPES_H 1
#define HAVE_SYS_STAT_H 1
#define HAVE_STDLIB_H 1
#define HAVE_STRING_H 1
#define HAVE_MEMORY_H 1
#define HAVE_STRINGS_H 1
#define HAVE_INTTYPES_H 1
#define HAVE_STDINT_H 1
#define HAVE_UNISTD_H 1
#define HAVE_FSEEKO 1
#define ICONV_CONST /**/
#define HAVE_DLFCN_H 1
#define LT_OBJDIR ".libs/"
#define HAVE_TM_GMTOFF 1
#define HAVE_TIMEGM 1
#define Libburnia_timezonE timezone
#define Libburn_os_has_statvfS /**/
#define Xorriso_with_readlinE /**/
#define Libisofs_with_sys_xattR /**/
#define Libisofs_with_aaip_xattR /**/
#define HAVE_LIBZ 1
#define Libisofs_with_zliB /**/
#define LIBJTE_WITH_ZLIB /**/
#define Xorriso_with_libjtE /**/
#define Libisofs_with_libjtE /**/
#define Xorriso_allow_external_filterS /**/
#define Xorriso_allow_launch_frontenD /**/

configure: exit 0
