This file contains any messages produced by compilers while
running configure, to aid debugging if configure makes a mistake.

It was created by sipwitch configure 1.9.9, which was
generated by GNU Autoconf 2.69.  Invocation command line was

  $ ./configure 

## --------- ##
## Platform. ##
## --------- ##

hostname = rishon
uname -m = x86_64
uname -r = 4.15.0-72-generic
uname -s = Linux
uname -v = #81-Ubuntu SMP Tue Nov 26 12:20:02 UTC 2019

/usr/bin/uname -p = unknown
/bin/uname -X     = unknown

/bin/arch              = unknown
/usr/bin/arch -k       = unknown
/usr/convex/getsysinfo = unknown
/usr/bin/hostinfo      = unknown
/bin/machine           = unknown
/usr/bin/oslevel       = unknown
/bin/universe          = unknown

PATH: /home/carolhanna/miniconda3/bin
PATH: /home/carolhanna/miniconda3/condabin
PATH: /usr/local/sbin
PATH: /usr/local/bin
PATH: /usr/sbin
PATH: /usr/bin
PATH: /sbin
PATH: /bin
PATH: /usr/games
PATH: /usr/local/games
PATH: /snap/bin


## ----------- ##
## Core tests. ##
## ----------- ##

configure:2482: checking build system type
configure:2496: result: x86_64-unknown-linux-gnu
configure:2516: checking host system type
configure:2529: result: x86_64-unknown-linux-gnu
configure:2549: checking target system type
configure:2562: result: x86_64-unknown-linux-gnu
configure:2640: checking for gcc
configure:2656: found /usr/bin/gcc
configure:2667: result: gcc
configure:2896: checking for C compiler version
configure:2905: gcc --version >&5
gcc (Ubuntu 7.5.0-3ubuntu1~18.04) 7.5.0
Copyright (C) 2017 Free Software Foundation, Inc.
This is free software; see the source for copying conditions.  There is NO
warranty; not even for MERCHANTABILITY or FITNESS FOR A PARTICULAR PURPOSE.

configure:2916: $? = 0
configure:2905: gcc -v >&5
Using built-in specs.
COLLECT_GCC=gcc
COLLECT_LTO_WRAPPER=/usr/lib/gcc/x86_64-linux-gnu/7/lto-wrapper
OFFLOAD_TARGET_NAMES=nvptx-none
OFFLOAD_TARGET_DEFAULT=1
Target: x86_64-linux-gnu
Configured with: ../src/configure -v --with-pkgversion='Ubuntu 7.5.0-3ubuntu1~18.04' --with-bugurl=file:///usr/share/doc/gcc-7/README.Bugs --enable-languages=c,ada,c++,go,brig,d,fortran,objc,obj-c++ --prefix=/usr --with-gcc-major-version-only --program-suffix=-7 --program-prefix=x86_64-linux-gnu- --enable-shared --enable-linker-build-id --libexecdir=/usr/lib --without-included-gettext --enable-threads=posix --libdir=/usr/lib --enable-nls --enable-bootstrap --enable-clocale=gnu --enable-libstdcxx-debug --enable-libstdcxx-time=yes --with-default-libstdcxx-abi=new --enable-gnu-unique-object --disable-vtable-verify --enable-libmpx --enable-plugin --enable-default-pie --with-system-zlib --with-target-system-zlib --enable-objc-gc=auto --enable-multiarch --disable-werror --with-arch-32=i686 --with-abi=m64 --with-multilib-list=m32,m64,mx32 --enable-multilib --with-tune=generic --enable-offload-targets=nvptx-none --without-cuda-driver --enable-checking=release --build=x86_64-linux-gnu --host=x86_64-linux-gnu --target=x86_64-linux-gnu
Thread model: posix
gcc version 7.5.0 (Ubuntu 7.5.0-3ubuntu1~18.04) 
configure:2916: $? = 0
configure:2905: gcc -V >&5
gcc: error: unrecognized command line option '-V'
gcc: fatal error: no input files
compilation terminated.
configure:2916: $? = 1
configure:2905: gcc -qversion >&5
gcc: error: unrecognized command line option '-qversion'; did you mean '--version'?
gcc: fatal error: no input files
compilation terminated.
configure:2916: $? = 1
configure:2936: checking whether the C compiler works
configure:2958: gcc    conftest.c  >&5
configure:2962: $? = 0
configure:3010: result: yes
configure:3013: checking for C compiler default output file name
configure:3015: result: a.out
configure:3021: checking for suffix of executables
configure:3028: gcc -o conftest    conftest.c  >&5
configure:3032: $? = 0
configure:3054: result: 
configure:3076: checking whether we are cross compiling
configure:3084: gcc -o conftest    conftest.c  >&5
configure:3088: $? = 0
configure:3095: ./conftest
configure:3099: $? = 0
configure:3114: result: no
configure:3119: checking for suffix of object files
configure:3141: gcc -c   conftest.c >&5
configure:3145: $? = 0
configure:3166: result: o
configure:3170: checking whether we are using the GNU C compiler
configure:3189: gcc -c   conftest.c >&5
configure:3189: $? = 0
configure:3198: result: yes
configure:3207: checking whether gcc accepts -g
configure:3227: gcc -c -g  conftest.c >&5
configure:3227: $? = 0
configure:3268: result: yes
configure:3285: checking for gcc option to accept ISO C89
configure:3348: gcc  -c -g -O2  conftest.c >&5
configure:3348: $? = 0
configure:3361: result: none needed
configure:3386: checking whether gcc understands -c and -o together
configure:3408: gcc -c conftest.c -o conftest2.o
configure:3411: $? = 0
configure:3408: gcc -c conftest.c -o conftest2.o
configure:3411: $? = 0
configure:3423: result: yes
configure:3445: checking how to run the C preprocessor
configure:3476: gcc -E  conftest.c
configure:3476: $? = 0
configure:3490: gcc -E  conftest.c
conftest.c:9:10: fatal error: ac_nonexistent.h: No such file or directory
 #include <ac_nonexistent.h>
          ^~~~~~~~~~~~~~~~~~
compilation terminated.
configure:3490: $? = 1
configure: failed program was:
| /* confdefs.h */
| #define PACKAGE_NAME "sipwitch"
| #define PACKAGE_TARNAME "sipwitch"
| #define PACKAGE_VERSION "1.9.9"
| #define PACKAGE_STRING "sipwitch 1.9.9"
| #define PACKAGE_BUGREPORT ""
| #define PACKAGE_URL ""
| /* end confdefs.h.  */
| #include <ac_nonexistent.h>
configure:3515: result: gcc -E
configure:3535: gcc -E  conftest.c
configure:3535: $? = 0
configure:3549: gcc -E  conftest.c
conftest.c:9:10: fatal error: ac_nonexistent.h: No such file or directory
 #include <ac_nonexistent.h>
          ^~~~~~~~~~~~~~~~~~
compilation terminated.
configure:3549: $? = 1
configure: failed program was:
| /* confdefs.h */
| #define PACKAGE_NAME "sipwitch"
| #define PACKAGE_TARNAME "sipwitch"
| #define PACKAGE_VERSION "1.9.9"
| #define PACKAGE_STRING "sipwitch 1.9.9"
| #define PACKAGE_BUGREPORT ""
| #define PACKAGE_URL ""
| /* end confdefs.h.  */
| #include <ac_nonexistent.h>
configure:3625: checking for gcc
configure:3652: result: gcc
configure:3881: checking for C compiler version
configure:3890: gcc --version >&5
gcc (Ubuntu 7.5.0-3ubuntu1~18.04) 7.5.0
Copyright (C) 2017 Free Software Foundation, Inc.
This is free software; see the source for copying conditions.  There is NO
warranty; not even for MERCHANTABILITY or FITNESS FOR A PARTICULAR PURPOSE.

configure:3901: $? = 0
configure:3890: gcc -v >&5
Using built-in specs.
COLLECT_GCC=gcc
COLLECT_LTO_WRAPPER=/usr/lib/gcc/x86_64-linux-gnu/7/lto-wrapper
OFFLOAD_TARGET_NAMES=nvptx-none
OFFLOAD_TARGET_DEFAULT=1
Target: x86_64-linux-gnu
Configured with: ../src/configure -v --with-pkgversion='Ubuntu 7.5.0-3ubuntu1~18.04' --with-bugurl=file:///usr/share/doc/gcc-7/README.Bugs --enable-languages=c,ada,c++,go,brig,d,fortran,objc,obj-c++ --prefix=/usr --with-gcc-major-version-only --program-suffix=-7 --program-prefix=x86_64-linux-gnu- --enable-shared --enable-linker-build-id --libexecdir=/usr/lib --without-included-gettext --enable-threads=posix --libdir=/usr/lib --enable-nls --enable-bootstrap --enable-clocale=gnu --enable-libstdcxx-debug --enable-libstdcxx-time=yes --with-default-libstdcxx-abi=new --enable-gnu-unique-object --disable-vtable-verify --enable-libmpx --enable-plugin --enable-default-pie --with-system-zlib --with-target-system-zlib --enable-objc-gc=auto --enable-multiarch --disable-werror --with-arch-32=i686 --with-abi=m64 --with-multilib-list=m32,m64,mx32 --enable-multilib --with-tune=generic --enable-offload-targets=nvptx-none --without-cuda-driver --enable-checking=release --build=x86_64-linux-gnu --host=x86_64-linux-gnu --target=x86_64-linux-gnu
Thread model: posix
gcc version 7.5.0 (Ubuntu 7.5.0-3ubuntu1~18.04) 
configure:3901: $? = 0
configure:3890: gcc -V >&5
gcc: error: unrecognized command line option '-V'
gcc: fatal error: no input files
compilation terminated.
configure:3901: $? = 1
configure:3890: gcc -qversion >&5
gcc: error: unrecognized command line option '-qversion'; did you mean '--version'?
gcc: fatal error: no input files
compilation terminated.
configure:3901: $? = 1
configure:3905: checking whether we are using the GNU C compiler
configure:3933: result: yes
configure:3942: checking whether gcc accepts -g
configure:4003: result: yes
configure:4020: checking for gcc option to accept ISO C89
configure:4096: result: none needed
configure:4121: checking whether gcc understands -c and -o together
configure:4158: result: yes
configure:4233: checking for g++
configure:4249: found /usr/bin/g++
configure:4260: result: g++
configure:4287: checking for C++ compiler version
configure:4296: g++ --version >&5
g++ (Ubuntu 7.5.0-3ubuntu1~18.04) 7.5.0
Copyright (C) 2017 Free Software Foundation, Inc.
This is free software; see the source for copying conditions.  There is NO
warranty; not even for MERCHANTABILITY or FITNESS FOR A PARTICULAR PURPOSE.

configure:4307: $? = 0
configure:4296: g++ -v >&5
Using built-in specs.
COLLECT_GCC=g++
COLLECT_LTO_WRAPPER=/usr/lib/gcc/x86_64-linux-gnu/7/lto-wrapper
OFFLOAD_TARGET_NAMES=nvptx-none
OFFLOAD_TARGET_DEFAULT=1
Target: x86_64-linux-gnu
Configured with: ../src/configure -v --with-pkgversion='Ubuntu 7.5.0-3ubuntu1~18.04' --with-bugurl=file:///usr/share/doc/gcc-7/README.Bugs --enable-languages=c,ada,c++,go,brig,d,fortran,objc,obj-c++ --prefix=/usr --with-gcc-major-version-only --program-suffix=-7 --program-prefix=x86_64-linux-gnu- --enable-shared --enable-linker-build-id --libexecdir=/usr/lib --without-included-gettext --enable-threads=posix --libdir=/usr/lib --enable-nls --enable-bootstrap --enable-clocale=gnu --enable-libstdcxx-debug --enable-libstdcxx-time=yes --with-default-libstdcxx-abi=new --enable-gnu-unique-object --disable-vtable-verify --enable-libmpx --enable-plugin --enable-default-pie --with-system-zlib --with-target-system-zlib --enable-objc-gc=auto --enable-multiarch --disable-werror --with-arch-32=i686 --with-abi=m64 --with-multilib-list=m32,m64,mx32 --enable-multilib --with-tune=generic --enable-offload-targets=nvptx-none --without-cuda-driver --enable-checking=release --build=x86_64-linux-gnu --host=x86_64-linux-gnu --target=x86_64-linux-gnu
Thread model: posix
gcc version 7.5.0 (Ubuntu 7.5.0-3ubuntu1~18.04) 
configure:4307: $? = 0
configure:4296: g++ -V >&5
g++: error: unrecognized command line option '-V'
g++: fatal error: no input files
compilation terminated.
configure:4307: $? = 1
configure:4296: g++ -qversion >&5
g++: error: unrecognized command line option '-qversion'; did you mean '--version'?
g++: fatal error: no input files
compilation terminated.
configure:4307: $? = 1
configure:4311: checking whether we are using the GNU C++ compiler
configure:4330: g++ -c   conftest.cpp >&5
configure:4330: $? = 0
configure:4339: result: yes
configure:4348: checking whether g++ accepts -g
configure:4368: g++ -c -g  conftest.cpp >&5
configure:4368: $? = 0
configure:4409: result: yes
configure:4437: checking how to run the C++ preprocessor
configure:4464: g++ -E  conftest.cpp
configure:4464: $? = 0
configure:4478: g++ -E  conftest.cpp
conftest.cpp:9:10: fatal error: ac_nonexistent.h: No such file or directory
 #include <ac_nonexistent.h>
          ^~~~~~~~~~~~~~~~~~
compilation terminated.
configure:4478: $? = 1
configure: failed program was:
| /* confdefs.h */
| #define PACKAGE_NAME "sipwitch"
| #define PACKAGE_TARNAME "sipwitch"
| #define PACKAGE_VERSION "1.9.9"
| #define PACKAGE_STRING "sipwitch 1.9.9"
| #define PACKAGE_BUGREPORT ""
| #define PACKAGE_URL ""
| /* end confdefs.h.  */
| #include <ac_nonexistent.h>
configure:4503: result: g++ -E
configure:4523: g++ -E  conftest.cpp
configure:4523: $? = 0
configure:4537: g++ -E  conftest.cpp
conftest.cpp:9:10: fatal error: ac_nonexistent.h: No such file or directory
 #include <ac_nonexistent.h>
          ^~~~~~~~~~~~~~~~~~
compilation terminated.
configure:4537: $? = 1
configure: failed program was:
| /* confdefs.h */
| #define PACKAGE_NAME "sipwitch"
| #define PACKAGE_TARNAME "sipwitch"
| #define PACKAGE_VERSION "1.9.9"
| #define PACKAGE_STRING "sipwitch 1.9.9"
| #define PACKAGE_BUGREPORT ""
| #define PACKAGE_URL ""
| /* end confdefs.h.  */
| #include <ac_nonexistent.h>
configure:4677: checking for C++ compiler version
configure:4686: g++ --version >&5
g++ (Ubuntu 7.5.0-3ubuntu1~18.04) 7.5.0
Copyright (C) 2017 Free Software Foundation, Inc.
This is free software; see the source for copying conditions.  There is NO
warranty; not even for MERCHANTABILITY or FITNESS FOR A PARTICULAR PURPOSE.

configure:4697: $? = 0
configure:4686: g++ -v >&5
Using built-in specs.
COLLECT_GCC=g++
COLLECT_LTO_WRAPPER=/usr/lib/gcc/x86_64-linux-gnu/7/lto-wrapper
OFFLOAD_TARGET_NAMES=nvptx-none
OFFLOAD_TARGET_DEFAULT=1
Target: x86_64-linux-gnu
Configured with: ../src/configure -v --with-pkgversion='Ubuntu 7.5.0-3ubuntu1~18.04' --with-bugurl=file:///usr/share/doc/gcc-7/README.Bugs --enable-languages=c,ada,c++,go,brig,d,fortran,objc,obj-c++ --prefix=/usr --with-gcc-major-version-only --program-suffix=-7 --program-prefix=x86_64-linux-gnu- --enable-shared --enable-linker-build-id --libexecdir=/usr/lib --without-included-gettext --enable-threads=posix --libdir=/usr/lib --enable-nls --enable-bootstrap --enable-clocale=gnu --enable-libstdcxx-debug --enable-libstdcxx-time=yes --with-default-libstdcxx-abi=new --enable-gnu-unique-object --disable-vtable-verify --enable-libmpx --enable-plugin --enable-default-pie --with-system-zlib --with-target-system-zlib --enable-objc-gc=auto --enable-multiarch --disable-werror --with-arch-32=i686 --with-abi=m64 --with-multilib-list=m32,m64,mx32 --enable-multilib --with-tune=generic --enable-offload-targets=nvptx-none --without-cuda-driver --enable-checking=release --build=x86_64-linux-gnu --host=x86_64-linux-gnu --target=x86_64-linux-gnu
Thread model: posix
gcc version 7.5.0 (Ubuntu 7.5.0-3ubuntu1~18.04) 
configure:4697: $? = 0
configure:4686: g++ -V >&5
g++: error: unrecognized command line option '-V'
g++: fatal error: no input files
compilation terminated.
configure:4697: $? = 1
configure:4686: g++ -qversion >&5
g++: error: unrecognized command line option '-qversion'; did you mean '--version'?
g++: fatal error: no input files
compilation terminated.
configure:4697: $? = 1
configure:4701: checking whether we are using the GNU C++ compiler
configure:4729: result: yes
configure:4738: checking whether g++ accepts -g
configure:4799: result: yes
configure:4822: checking whether ln -s works
configure:4826: result: yes
configure:5186: checking how to print strings
configure:5213: result: printf
configure:5234: checking for a sed that does not truncate output
configure:5298: result: /bin/sed
configure:5316: checking for grep that handles long lines and -e
configure:5374: result: /bin/grep
configure:5379: checking for egrep
configure:5441: result: /bin/grep -E
configure:5446: checking for fgrep
configure:5508: result: /bin/grep -F
configure:5543: checking for ld used by gcc
configure:5610: result: /usr/bin/ld
configure:5617: checking if the linker (/usr/bin/ld) is GNU ld
configure:5632: result: yes
configure:5644: checking for BSD- or MS-compatible name lister (nm)
configure:5693: result: /usr/bin/nm -B
configure:5823: checking the name lister (/usr/bin/nm -B) interface
configure:5830: gcc -c -g -O2  conftest.c >&5
configure:5833: /usr/bin/nm -B "conftest.o"
configure:5836: output
0000000000000000 B some_variable
configure:5843: result: BSD nm
configure:5847: checking the maximum length of command line arguments
configure:5978: result: 1572864
configure:5995: checking whether the shell understands some XSI constructs
configure:6005: result: yes
configure:6009: checking whether the shell understands "+="
configure:6015: result: yes
configure:6050: checking how to convert x86_64-unknown-linux-gnu file names to x86_64-unknown-linux-gnu format
configure:6090: result: func_convert_file_noop
configure:6097: checking how to convert x86_64-unknown-linux-gnu file names to toolchain format
configure:6117: result: func_convert_file_noop
configure:6124: checking for /usr/bin/ld option to reload object files
configure:6131: result: -r
configure:6205: checking for objdump
configure:6232: result: objdump
configure:6261: checking how to recognize dependent libraries
configure:6459: result: pass_all
configure:6544: checking for dlltool
configure:6571: result: dlltool
configure:6601: checking how to associate runtime and link libraries
configure:6628: result: printf %s\n
configure:6689: checking for ar
configure:6705: found /usr/bin/ar
configure:6716: result: ar
configure:6753: checking for archiver @FILE support
configure:6770: gcc -c -g -O2  conftest.c >&5
configure:6770: $? = 0
configure:6773: ar cru libconftest.a @conftest.lst >&5
ar: `u' modifier ignored since `D' is the default (see `U')
configure:6776: $? = 0
configure:6781: ar cru libconftest.a @conftest.lst >&5
ar: `u' modifier ignored since `D' is the default (see `U')
ar: conftest.o: No such file or directory
configure:6784: $? = 1
configure:6796: result: @
configure:6854: checking for strip
configure:6870: found /usr/bin/strip
configure:6881: result: strip
configure:6953: checking for ranlib
configure:6969: found /usr/bin/ranlib
configure:6980: result: ranlib
configure:7057: checking for gawk
configure:7073: found /usr/bin/gawk
configure:7084: result: gawk
configure:7124: checking command to parse /usr/bin/nm -B output from gcc object
configure:7244: gcc -c -g -O2  conftest.c >&5
configure:7247: $? = 0
configure:7251: /usr/bin/nm -B conftest.o \| sed -n -e 's/^.*[ ]\([ABCDGIRSTW][ABCDGIRSTW]*\)[ ][ ]*\([_A-Za-z][_A-Za-z0-9]*\)$/\1 \2 \2/p' | sed '/ __gnu_lto/d' \> conftest.nm
configure:7254: $? = 0
configure:7320: gcc -o conftest -g -O2   conftest.c conftstm.o >&5
configure:7323: $? = 0
configure:7361: result: ok
configure:7398: checking for sysroot
configure:7428: result: no
configure:7505: gcc -c -g -O2  conftest.c >&5
configure:7508: $? = 0
configure:7697: checking for mt
configure:7713: found /bin/mt
configure:7724: result: mt
configure:7747: checking if mt is a manifest tool
configure:7753: mt '-?'
configure:7761: result: no
configure:8399: checking for ANSI C header files
configure:8419: gcc -c -g -O2  conftest.c >&5
configure:8419: $? = 0
configure:8492: gcc -o conftest -g -O2   conftest.c  >&5
configure:8492: $? = 0
configure:8492: ./conftest
configure:8492: $? = 0
configure:8503: result: yes
configure:8516: checking for sys/types.h
configure:8516: gcc -c -g -O2  conftest.c >&5
configure:8516: $? = 0
configure:8516: result: yes
configure:8516: checking for sys/stat.h
configure:8516: gcc -c -g -O2  conftest.c >&5
configure:8516: $? = 0
configure:8516: result: yes
configure:8516: checking for stdlib.h
configure:8516: gcc -c -g -O2  conftest.c >&5
configure:8516: $? = 0
configure:8516: result: yes
configure:8516: checking for string.h
configure:8516: gcc -c -g -O2  conftest.c >&5
configure:8516: $? = 0
configure:8516: result: yes
configure:8516: checking for memory.h
configure:8516: gcc -c -g -O2  conftest.c >&5
configure:8516: $? = 0
configure:8516: result: yes
configure:8516: checking for strings.h
configure:8516: gcc -c -g -O2  conftest.c >&5
configure:8516: $? = 0
configure:8516: result: yes
configure:8516: checking for inttypes.h
configure:8516: gcc -c -g -O2  conftest.c >&5
configure:8516: $? = 0
configure:8516: result: yes
configure:8516: checking for stdint.h
configure:8516: gcc -c -g -O2  conftest.c >&5
configure:8516: $? = 0
configure:8516: result: yes
configure:8516: checking for unistd.h
configure:8516: gcc -c -g -O2  conftest.c >&5
configure:8516: $? = 0
configure:8516: result: yes
configure:8530: checking for dlfcn.h
configure:8530: gcc -c -g -O2  conftest.c >&5
configure:8530: $? = 0
configure:8530: result: yes
configure:8743: checking for objdir
configure:8758: result: .libs
configure:9025: checking if gcc supports -fno-rtti -fno-exceptions
configure:9043: gcc -c -g -O2  -fno-rtti -fno-exceptions conftest.c >&5
cc1: warning: command line option '-fno-rtti' is valid for C++/ObjC++ but not for C
configure:9047: $? = 0
configure:9060: result: no
configure:9387: checking for gcc option to produce PIC
configure:9394: result: -fPIC -DPIC
configure:9402: checking if gcc PIC flag -fPIC -DPIC works
configure:9420: gcc -c -g -O2  -fPIC -DPIC -DPIC conftest.c >&5
configure:9424: $? = 0
configure:9437: result: yes
configure:9466: checking if gcc static flag -static works
configure:9494: result: yes
configure:9509: checking if gcc supports -c -o file.o
configure:9530: gcc -c -g -O2  -o out/conftest2.o conftest.c >&5
configure:9534: $? = 0
configure:9556: result: yes
configure:9564: checking if gcc supports -c -o file.o
configure:9611: result: yes
configure:9644: checking whether the gcc linker (/usr/bin/ld -m elf_x86_64) supports shared libraries
configure:10801: result: yes
configure:10838: checking whether -lc should be explicitly linked in
configure:10846: gcc -c -g -O2  conftest.c >&5
configure:10849: $? = 0
configure:10864: gcc -shared  -fPIC -DPIC conftest.o  -v -Wl,-soname -Wl,conftest -o conftest 2\>\&1 \| /bin/grep  -lc  \>/dev/null 2\>\&1
configure:10867: $? = 0
configure:10881: result: no
configure:11041: checking dynamic linker characteristics
configure:11541: gcc -o conftest -g -O2   -Wl,-rpath -Wl,/foo conftest.c  >&5
configure:11541: $? = 0
configure:11775: result: GNU/Linux ld.so
configure:11882: checking how to hardcode library paths into programs
configure:11907: result: immediate
configure:12001: checking for shl_load
configure:12001: gcc -o conftest -g -O2   conftest.c  >&5
/tmp/cc8KNDQv.o: In function `main':
/home/carolhanna/Security_Project/gnu_dataset/sipwitch-1.9.9/conftest.c:55: undefined reference to `shl_load'
collect2: error: ld returned 1 exit status
configure:12001: $? = 1
configure: failed program was:
| /* confdefs.h */
| #define PACKAGE_NAME "sipwitch"
| #define PACKAGE_TARNAME "sipwitch"
| #define PACKAGE_VERSION "1.9.9"
| #define PACKAGE_STRING "sipwitch 1.9.9"
| #define PACKAGE_BUGREPORT ""
| #define PACKAGE_URL ""
| #define STDC_HEADERS 1
| #define HAVE_SYS_TYPES_H 1
| #define HAVE_SYS_STAT_H 1
| #define HAVE_STDLIB_H 1
| #define HAVE_STRING_H 1
| #define HAVE_MEMORY_H 1
| #define HAVE_STRINGS_H 1
| #define HAVE_INTTYPES_H 1
| #define HAVE_STDINT_H 1
| #define HAVE_UNISTD_H 1
| #define HAVE_DLFCN_H 1
| #define LT_OBJDIR ".libs/"
| /* end confdefs.h.  */
| /* Define shl_load to an innocuous variant, in case <limits.h> declares shl_load.
|    For example, HP-UX 11i <limits.h> declares gettimeofday.  */
| #define shl_load innocuous_shl_load
| 
| /* System header to define __stub macros and hopefully few prototypes,
|     which can conflict with char shl_load (); below.
|     Prefer <limits.h> to <assert.h> if __STDC__ is defined, since
|     <limits.h> exists even on freestanding compilers.  */
| 
| #ifdef __STDC__
| # include <limits.h>
| #else
| # include <assert.h>
| #endif
| 
| #undef shl_load
| 
| /* Override any GCC internal prototype to avoid an error.
|    Use char because int might match the return type of a GCC
|    builtin and then its argument prototype would still apply.  */
| #ifdef __cplusplus
| extern "C"
| #endif
| char shl_load ();
| /* The GNU C library defines this for functions which it implements
|     to always fail with ENOSYS.  Some functions are actually named
|     something starting with __ and the normal name is an alias.  */
| #if defined __stub_shl_load || defined __stub___shl_load
| choke me
| #endif
| 
| int
| main ()
| {
| return shl_load ();
|   ;
|   return 0;
| }
configure:12001: result: no
configure:12005: checking for shl_load in -ldld
configure:12030: gcc -o conftest -g -O2   conftest.c -ldld   >&5
/usr/bin/ld: cannot find -ldld
collect2: error: ld returned 1 exit status
configure:12030: $? = 1
configure: failed program was:
| /* confdefs.h */
| #define PACKAGE_NAME "sipwitch"
| #define PACKAGE_TARNAME "sipwitch"
| #define PACKAGE_VERSION "1.9.9"
| #define PACKAGE_STRING "sipwitch 1.9.9"
| #define PACKAGE_BUGREPORT ""
| #define PACKAGE_URL ""
| #define STDC_HEADERS 1
| #define HAVE_SYS_TYPES_H 1
| #define HAVE_SYS_STAT_H 1
| #define HAVE_STDLIB_H 1
| #define HAVE_STRING_H 1
| #define HAVE_MEMORY_H 1
| #define HAVE_STRINGS_H 1
| #define HAVE_INTTYPES_H 1
| #define HAVE_STDINT_H 1
| #define HAVE_UNISTD_H 1
| #define HAVE_DLFCN_H 1
| #define LT_OBJDIR ".libs/"
| /* end confdefs.h.  */
| 
| /* Override any GCC internal prototype to avoid an error.
|    Use char because int might match the return type of a GCC
|    builtin and then its argument prototype would still apply.  */
| #ifdef __cplusplus
| extern "C"
| #endif
| char shl_load ();
| int
| main ()
| {
| return shl_load ();
|   ;
|   return 0;
| }
configure:12039: result: no
configure:12044: checking for dlopen
configure:12044: gcc -o conftest -g -O2   conftest.c  >&5
/tmp/ccIIufYG.o: In function `main':
/home/carolhanna/Security_Project/gnu_dataset/sipwitch-1.9.9/conftest.c:55: undefined reference to `dlopen'
collect2: error: ld returned 1 exit status
configure:12044: $? = 1
configure: failed program was:
| /* confdefs.h */
| #define PACKAGE_NAME "sipwitch"
| #define PACKAGE_TARNAME "sipwitch"
| #define PACKAGE_VERSION "1.9.9"
| #define PACKAGE_STRING "sipwitch 1.9.9"
| #define PACKAGE_BUGREPORT ""
| #define PACKAGE_URL ""
| #define STDC_HEADERS 1
| #define HAVE_SYS_TYPES_H 1
| #define HAVE_SYS_STAT_H 1
| #define HAVE_STDLIB_H 1
| #define HAVE_STRING_H 1
| #define HAVE_MEMORY_H 1
| #define HAVE_STRINGS_H 1
| #define HAVE_INTTYPES_H 1
| #define HAVE_STDINT_H 1
| #define HAVE_UNISTD_H 1
| #define HAVE_DLFCN_H 1
| #define LT_OBJDIR ".libs/"
| /* end confdefs.h.  */
| /* Define dlopen to an innocuous variant, in case <limits.h> declares dlopen.
|    For example, HP-UX 11i <limits.h> declares gettimeofday.  */
| #define dlopen innocuous_dlopen
| 
| /* System header to define __stub macros and hopefully few prototypes,
|     which can conflict with char dlopen (); below.
|     Prefer <limits.h> to <assert.h> if __STDC__ is defined, since
|     <limits.h> exists even on freestanding compilers.  */
| 
| #ifdef __STDC__
| # include <limits.h>
| #else
| # include <assert.h>
| #endif
| 
| #undef dlopen
| 
| /* Override any GCC internal prototype to avoid an error.
|    Use char because int might match the return type of a GCC
|    builtin and then its argument prototype would still apply.  */
| #ifdef __cplusplus
| extern "C"
| #endif
| char dlopen ();
| /* The GNU C library defines this for functions which it implements
|     to always fail with ENOSYS.  Some functions are actually named
|     something starting with __ and the normal name is an alias.  */
| #if defined __stub_dlopen || defined __stub___dlopen
| choke me
| #endif
| 
| int
| main ()
| {
| return dlopen ();
|   ;
|   return 0;
| }
configure:12044: result: no
configure:12048: checking for dlopen in -ldl
configure:12073: gcc -o conftest -g -O2   conftest.c -ldl   >&5
configure:12073: $? = 0
configure:12082: result: yes
configure:12201: checking whether a program can dlopen itself
configure:12281: gcc -o conftest -g -O2  -DHAVE_DLFCN_H  -Wl,--export-dynamic conftest.c -ldl  >&5
configure:12284: $? = 0
configure:12302: result: yes
configure:12307: checking whether a statically linked program can dlopen itself
configure:12387: gcc -o conftest -g -O2  -DHAVE_DLFCN_H  -Wl,--export-dynamic -static conftest.c -ldl  >&5
/tmp/ccg9eiLV.o: In function `main':
/home/carolhanna/Security_Project/gnu_dataset/sipwitch-1.9.9/configure:12366: warning: Using 'dlopen' in statically linked applications requires at runtime the shared libraries from the glibc version used for linking
configure:12390: $? = 0
conftest: undefined symbol: _fnord
configure:12408: result: no
configure:12447: checking whether stripping libraries is possible
configure:12452: result: yes
configure:12487: checking if libtool supports shared libraries
configure:12489: result: yes
configure:12492: checking whether to build shared libraries
configure:12513: result: yes
configure:12516: checking whether to build static libraries
configure:12520: result: yes
configure:12543: checking how to run the C++ preprocessor
configure:12609: result: g++ -E
configure:12629: g++ -E  conftest.cpp
configure:12629: $? = 0
configure:12643: g++ -E  conftest.cpp
conftest.cpp:21:10: fatal error: ac_nonexistent.h: No such file or directory
 #include <ac_nonexistent.h>
          ^~~~~~~~~~~~~~~~~~
compilation terminated.
configure:12643: $? = 1
configure: failed program was:
| /* confdefs.h */
| #define PACKAGE_NAME "sipwitch"
| #define PACKAGE_TARNAME "sipwitch"
| #define PACKAGE_VERSION "1.9.9"
| #define PACKAGE_STRING "sipwitch 1.9.9"
| #define PACKAGE_BUGREPORT ""
| #define PACKAGE_URL ""
| #define STDC_HEADERS 1
| #define HAVE_SYS_TYPES_H 1
| #define HAVE_SYS_STAT_H 1
| #define HAVE_STDLIB_H 1
| #define HAVE_STRING_H 1
| #define HAVE_MEMORY_H 1
| #define HAVE_STRINGS_H 1
| #define HAVE_INTTYPES_H 1
| #define HAVE_STDINT_H 1
| #define HAVE_UNISTD_H 1
| #define HAVE_DLFCN_H 1
| #define LT_OBJDIR ".libs/"
| /* end confdefs.h.  */
| #include <ac_nonexistent.h>
configure:12812: checking for ld used by g++
configure:12879: result: /usr/bin/ld -m elf_x86_64
configure:12886: checking if the linker (/usr/bin/ld -m elf_x86_64) is GNU ld
configure:12901: result: yes
configure:12956: checking whether the g++ linker (/usr/bin/ld -m elf_x86_64) supports shared libraries
configure:13958: result: yes
configure:13994: g++ -c -g -O2  conftest.cpp >&5
configure:13997: $? = 0
configure:14517: checking for g++ option to produce PIC
configure:14524: result: -fPIC -DPIC
configure:14532: checking if g++ PIC flag -fPIC -DPIC works
configure:14550: g++ -c -g -O2  -fPIC -DPIC -DPIC conftest.cpp >&5
configure:14554: $? = 0
configure:14567: result: yes
configure:14590: checking if g++ static flag -static works
configure:14618: result: yes
configure:14630: checking if g++ supports -c -o file.o
configure:14651: g++ -c -g -O2  -o out/conftest2.o conftest.cpp >&5
configure:14655: $? = 0
configure:14677: result: yes
configure:14682: checking if g++ supports -c -o file.o
configure:14729: result: yes
configure:14759: checking whether the g++ linker (/usr/bin/ld -m elf_x86_64) supports shared libraries
configure:14798: result: yes
configure:14939: checking dynamic linker characteristics
configure:15607: result: GNU/Linux ld.so
configure:15660: checking how to hardcode library paths into programs
configure:15685: result: immediate
configure:15762: checking for a BSD-compatible install
configure:15830: result: /usr/bin/install -c
configure:15841: checking whether build environment is sane
configure:15896: result: yes
configure:16044: checking for a thread-safe mkdir -p
configure:16083: result: /bin/mkdir -p
configure:16086: checking whether make sets $(MAKE)
configure:16108: result: yes
configure:16138: checking for style of include used by make
configure:16166: result: GNU
configure:16200: checking whether make supports nested variables
configure:16217: result: yes
configure:16302: checking dependency style of gcc
configure:16413: result: gcc3
configure:16430: checking dependency style of g++
configure:16541: result: gcc3
configure:16601: checking for C/C++ restrict keyword
configure:16626: gcc -c -g -O2  conftest.c >&5
configure:16626: $? = 0
configure:16634: result: __restrict
configure:16647: checking for working volatile
configure:16666: gcc -c -g -O2  conftest.c >&5
configure:16666: $? = 0
configure:16673: result: yes
configure:16681: checking for inline
configure:16697: gcc -c -g -O2  conftest.c >&5
configure:16697: $? = 0
configure:16705: result: inline
configure:16756: checking for pkg-config
configure:16772: found /usr/bin/pkg-config
configure:16783: result: pkg-config
configure:16807: checking openssl/openssl.h usability
configure:16807: gcc -c -g -O2  conftest.c >&5
conftest.c:57:10: fatal error: openssl/openssl.h: No such file or directory
 #include <openssl/openssl.h>
          ^~~~~~~~~~~~~~~~~~~
compilation terminated.
configure:16807: $? = 1
configure: failed program was:
| /* confdefs.h */
| #define PACKAGE_NAME "sipwitch"
| #define PACKAGE_TARNAME "sipwitch"
| #define PACKAGE_VERSION "1.9.9"
| #define PACKAGE_STRING "sipwitch 1.9.9"
| #define PACKAGE_BUGREPORT ""
| #define PACKAGE_URL ""
| #define STDC_HEADERS 1
| #define HAVE_SYS_TYPES_H 1
| #define HAVE_SYS_STAT_H 1
| #define HAVE_STDLIB_H 1
| #define HAVE_STRING_H 1
| #define HAVE_MEMORY_H 1
| #define HAVE_STRINGS_H 1
| #define HAVE_INTTYPES_H 1
| #define HAVE_STDINT_H 1
| #define HAVE_UNISTD_H 1
| #define HAVE_DLFCN_H 1
| #define LT_OBJDIR ".libs/"
| #define PACKAGE "sipwitch"
| #define VERSION "1.9.9"
| #define restrict __restrict
| /* end confdefs.h.  */
| #include <stdio.h>
| #ifdef HAVE_SYS_TYPES_H
| # include <sys/types.h>
| #endif
| #ifdef HAVE_SYS_STAT_H
| # include <sys/stat.h>
| #endif
| #ifdef STDC_HEADERS
| # include <stdlib.h>
| # include <stddef.h>
| #else
| # ifdef HAVE_STDLIB_H
| #  include <stdlib.h>
| # endif
| #endif
| #ifdef HAVE_STRING_H
| # if !defined STDC_HEADERS && defined HAVE_MEMORY_H
| #  include <memory.h>
| # endif
| # include <string.h>
| #endif
| #ifdef HAVE_STRINGS_H
| # include <strings.h>
| #endif
| #ifdef HAVE_INTTYPES_H
| # include <inttypes.h>
| #endif
| #ifdef HAVE_STDINT_H
| # include <stdint.h>
| #endif
| #ifdef HAVE_UNISTD_H
| # include <unistd.h>
| #endif
| #include <openssl/openssl.h>
configure:16807: result: no
configure:16807: checking openssl/openssl.h presence
configure:16807: gcc -E  conftest.c
conftest.c:24:10: fatal error: openssl/openssl.h: No such file or directory
 #include <openssl/openssl.h>
          ^~~~~~~~~~~~~~~~~~~
compilation terminated.
configure:16807: $? = 1
configure: failed program was:
| /* confdefs.h */
| #define PACKAGE_NAME "sipwitch"
| #define PACKAGE_TARNAME "sipwitch"
| #define PACKAGE_VERSION "1.9.9"
| #define PACKAGE_STRING "sipwitch 1.9.9"
| #define PACKAGE_BUGREPORT ""
| #define PACKAGE_URL ""
| #define STDC_HEADERS 1
| #define HAVE_SYS_TYPES_H 1
| #define HAVE_SYS_STAT_H 1
| #define HAVE_STDLIB_H 1
| #define HAVE_STRING_H 1
| #define HAVE_MEMORY_H 1
| #define HAVE_STRINGS_H 1
| #define HAVE_INTTYPES_H 1
| #define HAVE_STDINT_H 1
| #define HAVE_UNISTD_H 1
| #define HAVE_DLFCN_H 1
| #define LT_OBJDIR ".libs/"
| #define PACKAGE "sipwitch"
| #define VERSION "1.9.9"
| #define restrict __restrict
| /* end confdefs.h.  */
| #include <openssl/openssl.h>
configure:16807: result: no
configure:16807: checking for openssl/openssl.h
configure:16807: result: no
configure:16943: checking for pkg-config
configure:16961: found /usr/bin/pkg-config
configure:16973: result: /usr/bin/pkg-config
configure:16998: checking pkg-config is at least version 0.9.0
configure:17001: result: yes
configure:17109: checking for ucommon-config
configure:17140: result: none
configure:17149: error: "required ucommon library missing"

## ---------------- ##
## Cache variables. ##
## ---------------- ##

ac_cv_build=x86_64-unknown-linux-gnu
ac_cv_c_compiler_gnu=yes
ac_cv_c_inline=inline
ac_cv_c_restrict=__restrict
ac_cv_c_volatile=yes
ac_cv_cxx_compiler_gnu=yes
ac_cv_env_CCC_set=
ac_cv_env_CCC_value=
ac_cv_env_CC_set=
ac_cv_env_CC_value=
ac_cv_env_CFLAGS_set=
ac_cv_env_CFLAGS_value=
ac_cv_env_CPPFLAGS_set=
ac_cv_env_CPPFLAGS_value=
ac_cv_env_CPP_set=
ac_cv_env_CPP_value=
ac_cv_env_CXXCPP_set=
ac_cv_env_CXXCPP_value=
ac_cv_env_CXXFLAGS_set=
ac_cv_env_CXXFLAGS_value=
ac_cv_env_CXX_set=
ac_cv_env_CXX_value=
ac_cv_env_EXOSIP2_CFLAGS_set=
ac_cv_env_EXOSIP2_CFLAGS_value=
ac_cv_env_EXOSIP2_LIBS_set=
ac_cv_env_EXOSIP2_LIBS_value=
ac_cv_env_LDFLAGS_set=
ac_cv_env_LDFLAGS_value=
ac_cv_env_LIBOSIP2_CFLAGS_set=
ac_cv_env_LIBOSIP2_CFLAGS_value=
ac_cv_env_LIBOSIP2_LIBS_set=
ac_cv_env_LIBOSIP2_LIBS_value=
ac_cv_env_LIBS_set=
ac_cv_env_LIBS_value=
ac_cv_env_PKG_CONFIG_LIBDIR_set=
ac_cv_env_PKG_CONFIG_LIBDIR_value=
ac_cv_env_PKG_CONFIG_PATH_set=
ac_cv_env_PKG_CONFIG_PATH_value=
ac_cv_env_PKG_CONFIG_set=
ac_cv_env_PKG_CONFIG_value=
ac_cv_env_SYSTEMD_CFLAGS_set=
ac_cv_env_SYSTEMD_CFLAGS_value=
ac_cv_env_SYSTEMD_LIBS_set=
ac_cv_env_SYSTEMD_LIBS_value=
ac_cv_env_UCOMMON_CFLAGS_set=
ac_cv_env_UCOMMON_CFLAGS_value=
ac_cv_env_UCOMMON_LIBS_set=
ac_cv_env_UCOMMON_LIBS_value=
ac_cv_env_ZEROCONF_CFLAGS_set=
ac_cv_env_ZEROCONF_CFLAGS_value=
ac_cv_env_ZEROCONF_LIBS_set=
ac_cv_env_ZEROCONF_LIBS_value=
ac_cv_env_build_alias_set=
ac_cv_env_build_alias_value=
ac_cv_env_host_alias_set=
ac_cv_env_host_alias_value=
ac_cv_env_target_alias_set=
ac_cv_env_target_alias_value=
ac_cv_func_dlopen=no
ac_cv_func_shl_load=no
ac_cv_header_dlfcn_h=yes
ac_cv_header_inttypes_h=yes
ac_cv_header_memory_h=yes
ac_cv_header_openssl_openssl_h=no
ac_cv_header_stdc=yes
ac_cv_header_stdint_h=yes
ac_cv_header_stdlib_h=yes
ac_cv_header_string_h=yes
ac_cv_header_strings_h=yes
ac_cv_header_sys_stat_h=yes
ac_cv_header_sys_types_h=yes
ac_cv_header_unistd_h=yes
ac_cv_host=x86_64-unknown-linux-gnu
ac_cv_lib_dl_dlopen=yes
ac_cv_lib_dld_shl_load=no
ac_cv_objext=o
ac_cv_path_EGREP='/bin/grep -E'
ac_cv_path_FGREP='/bin/grep -F'
ac_cv_path_GREP=/bin/grep
ac_cv_path_SED=/bin/sed
ac_cv_path_UCOMMON=none
ac_cv_path_ac_pt_PKG_CONFIG=/usr/bin/pkg-config
ac_cv_path_install='/usr/bin/install -c'
ac_cv_path_mkdir=/bin/mkdir
ac_cv_prog_AWK=gawk
ac_cv_prog_CPP='gcc -E'
ac_cv_prog_CXXCPP='g++ -E'
ac_cv_prog_PKG_CONFIG=pkg-config
ac_cv_prog_ac_ct_AR=ar
ac_cv_prog_ac_ct_CC=gcc
ac_cv_prog_ac_ct_CXX=g++
ac_cv_prog_ac_ct_DLLTOOL=dlltool
ac_cv_prog_ac_ct_MANIFEST_TOOL=mt
ac_cv_prog_ac_ct_OBJDUMP=objdump
ac_cv_prog_ac_ct_RANLIB=ranlib
ac_cv_prog_ac_ct_STRIP=strip
ac_cv_prog_cc_c89=
ac_cv_prog_cc_g=yes
ac_cv_prog_cxx_g=yes
ac_cv_prog_make_make_set=yes
ac_cv_target=x86_64-unknown-linux-gnu
am_cv_CC_dependencies_compiler_type=gcc3
am_cv_CXX_dependencies_compiler_type=gcc3
am_cv_make_support_nested_variables=yes
am_cv_prog_cc_c_o=yes
lt_cv_ar_at_file=@
lt_cv_archive_cmds_need_lc=no
lt_cv_deplibs_check_method=pass_all
lt_cv_dlopen=dlopen
lt_cv_dlopen_libs=-ldl
lt_cv_dlopen_self=yes
lt_cv_dlopen_self_static=no
lt_cv_file_magic_cmd='$MAGIC_CMD'
lt_cv_file_magic_test_file=
lt_cv_ld_reload_flag=-r
lt_cv_nm_interface='BSD nm'
lt_cv_objdir=.libs
lt_cv_path_LD=/usr/bin/ld
lt_cv_path_LDCXX='/usr/bin/ld -m elf_x86_64'
lt_cv_path_NM='/usr/bin/nm -B'
lt_cv_path_mainfest_tool=no
lt_cv_prog_compiler_c_o=yes
lt_cv_prog_compiler_c_o_CXX=yes
lt_cv_prog_compiler_pic='-fPIC -DPIC'
lt_cv_prog_compiler_pic_CXX='-fPIC -DPIC'
lt_cv_prog_compiler_pic_works=yes
lt_cv_prog_compiler_pic_works_CXX=yes
lt_cv_prog_compiler_rtti_exceptions=no
lt_cv_prog_compiler_static_works=yes
lt_cv_prog_compiler_static_works_CXX=yes
lt_cv_prog_gnu_ld=yes
lt_cv_prog_gnu_ldcxx=yes
lt_cv_sharedlib_from_linklib_cmd='printf %s\n'
lt_cv_shlibpath_overrides_runpath=yes
lt_cv_sys_global_symbol_pipe='sed -n -e '\''s/^.*[	 ]\([ABCDGIRSTW][ABCDGIRSTW]*\)[	 ][	 ]*\([_A-Za-z][_A-Za-z0-9]*\)$/\1 \2 \2/p'\'' | sed '\''/ __gnu_lto/d'\'''
lt_cv_sys_global_symbol_to_c_name_address='sed -n -e '\''s/^: \([^ ]*\)[ ]*$/  {\"\1\", (void *) 0},/p'\'' -e '\''s/^[ABCDGIRSTW]* \([^ ]*\) \([^ ]*\)$/  {"\2", (void *) \&\2},/p'\'''
lt_cv_sys_global_symbol_to_c_name_address_lib_prefix='sed -n -e '\''s/^: \([^ ]*\)[ ]*$/  {\"\1\", (void *) 0},/p'\'' -e '\''s/^[ABCDGIRSTW]* \([^ ]*\) \(lib[^ ]*\)$/  {"\2", (void *) \&\2},/p'\'' -e '\''s/^[ABCDGIRSTW]* \([^ ]*\) \([^ ]*\)$/  {"lib\2", (void *) \&\2},/p'\'''
lt_cv_sys_global_symbol_to_cdecl='sed -n -e '\''s/^T .* \(.*\)$/extern int \1();/p'\'' -e '\''s/^[ABCDGIRSTW]* .* \(.*\)$/extern char \1;/p'\'''
lt_cv_sys_max_cmd_len=1572864
lt_cv_to_host_file_cmd=func_convert_file_noop
lt_cv_to_tool_file_cmd=func_convert_file_noop

## ----------------- ##
## Output variables. ##
## ----------------- ##

ACLOCAL='${SHELL} /home/carolhanna/Security_Project/gnu_dataset/sipwitch-1.9.9/autoconf/missing aclocal-1.14'
AMDEPBACKSLASH='\'
AMDEP_FALSE='#'
AMDEP_TRUE=''
AMTAR='$${TAR-tar}'
AM_BACKSLASH='\'
AM_DEFAULT_V='$(AM_DEFAULT_VERBOSITY)'
AM_DEFAULT_VERBOSITY='1'
AM_V='$(V)'
AR='ar'
AS='as'
AUTOCONF='${SHELL} /home/carolhanna/Security_Project/gnu_dataset/sipwitch-1.9.9/autoconf/missing autoconf'
AUTOHEADER='${SHELL} /home/carolhanna/Security_Project/gnu_dataset/sipwitch-1.9.9/autoconf/missing autoheader'
AUTOMAKE='${SHELL} /home/carolhanna/Security_Project/gnu_dataset/sipwitch-1.9.9/autoconf/missing automake-1.14'
AWK='gawk'
CC='gcc'
CCDEPMODE='depmode=gcc3'
CFLAGS='-g -O2'
CPP='gcc -E'
CPPFLAGS=''
CXX='g++'
CXXCPP='g++ -E'
CXXDEPMODE='depmode=gcc3'
CXXFLAGS='-g -O2'
CYGPATH_W='echo'
DAEMON_LIBS=''
DEFAULTDIR=''
DEFS=''
DEPDIR='.deps'
DLLTOOL='dlltool'
DLOPEN=''
DSYMUTIL=''
DUMPBIN=''
ECHO_C=''
ECHO_N='-n'
ECHO_T=''
EGREP='/bin/grep -E'
EXEEXT=''
EXOSIP2_CFLAGS=''
EXOSIP2_LIBS=''
FGREP='/bin/grep -F'
GREP='/bin/grep'
INCLUDE_FLAGS=''
INITRDDIR=''
INSTALL_DATA='${INSTALL} -m 644'
INSTALL_PROGRAM='${INSTALL}'
INSTALL_SCRIPT='${INSTALL}'
INSTALL_STRIP_PROGRAM='$(install_sh) -c -s'
LD='/usr/bin/ld -m elf_x86_64'
LDFLAGS=''
LIBOBJS=''
LIBOSIP2_CFLAGS=''
LIBOSIP2_LIBS=''
LIBS=''
LIBTOOL='$(SHELL) $(top_builddir)/libtool'
LIPO=''
LN_S='ln -s'
LTLIBOBJS=''
LT_VERSION='1:25:0'
MAKEINFO='${SHELL} /home/carolhanna/Security_Project/gnu_dataset/sipwitch-1.9.9/autoconf/missing makeinfo'
MANIFEST_TOOL=':'
MKDIR_P='/bin/mkdir -p'
MODFLAGS=''
NETWORK_DOWN=''
NETWORK_RELOAD=''
NETWORK_UP=''
NM='/usr/bin/nm -B'
NMEDIT=''
OBJDUMP='objdump'
OBJEXT='o'
OTOOL64=''
OTOOL=''
PACKAGE='sipwitch'
PACKAGE_BUGREPORT=''
PACKAGE_NAME='sipwitch'
PACKAGE_STRING='sipwitch 1.9.9'
PACKAGE_TARNAME='sipwitch'
PACKAGE_URL=''
PACKAGE_VERSION='1.9.9'
PATH_SEPARATOR=':'
PKG_CONFIG='/usr/bin/pkg-config'
PKG_CONFIG_LIBDIR=''
PKG_CONFIG_PATH='/usr/local/lib/pkgconfig:/usr/lib/pkgconfig'
PKG_SIPWITCH_FLAGS=''
PKG_SIPWITCH_LIBS=''
RANLIB='ranlib'
SED='/bin/sed'
SET_MAKE=''
SHELL='/bin/bash'
SIPWITCH_EXOSIP2=''
SIPWITCH_FLAGS=''
SIPWITCH_LIBS=''
STATIC_MODULES_FALSE=''
STATIC_MODULES_TRUE=''
STRIP='strip'
SYSTEMD_CFLAGS=''
SYSTEMD_LIBS=''
UCOMMON='none'
UCOMMON_CFLAGS=''
UCOMMON_LIBS=''
UCOMMON_LINK=''
USECURE_LINK=''
USES_UCOMMON_REQUIRED='6.4.4'
VERSION='1.9.9'
ZEROCONF_CFLAGS=''
ZEROCONF_FALSE=''
ZEROCONF_LIBS=''
ZEROCONF_TRUE=''
ac_ct_AR='ar'
ac_ct_CC='gcc'
ac_ct_CXX='g++'
ac_ct_DUMPBIN=''
am__EXEEXT_FALSE=''
am__EXEEXT_TRUE=''
am__fastdepCC_FALSE='#'
am__fastdepCC_TRUE=''
am__fastdepCXX_FALSE='#'
am__fastdepCXX_TRUE=''
am__include='include'
am__isrc=''
am__leading_dot='.'
am__nodep='_no'
am__quote=''
am__tar='$${TAR-tar} chof - "$$tardir"'
am__untar='$${TAR-tar} xf -'
bindir='${exec_prefix}/bin'
build='x86_64-unknown-linux-gnu'
build_alias=''
build_cpu='x86_64'
build_os='linux-gnu'
build_vendor='unknown'
cgibindir='${exec_prefix}/lib/cgi-bin'
datadir='${datarootdir}'
datarootdir='${prefix}/share'
default_cfgpath=''
default_incpath=''
default_libexec=''
default_libpath=''
default_varpath=''
docdir='${datarootdir}/doc/${PACKAGE_TARNAME}'
dvidir='${docdir}'
exec_prefix='NONE'
host='x86_64-unknown-linux-gnu'
host_alias=''
host_cpu='x86_64'
host_os='linux-gnu'
host_vendor='unknown'
htmldir='${docdir}'
includedir='${prefix}/include'
infodir='${datarootdir}/info'
install_sh='${SHELL} /home/carolhanna/Security_Project/gnu_dataset/sipwitch-1.9.9/autoconf/install-sh'
libdir='${exec_prefix}/lib'
libexecdir='${exec_prefix}/libexec'
localedir='${datarootdir}/locale'
localstatedir='${prefix}/var'
mandir='${datarootdir}/man'
mkdir_p='$(MKDIR_P)'
oldincludedir='/usr/include'
pdfdir='${docdir}'
plugindir='${libdir}'
prefix='NONE'
prefix_libdir=''
program_transform_name='s,x,x,'
psdir='${docdir}'
sbindir='${exec_prefix}/sbin'
sharedstatedir='${prefix}/com'
sysconfdir='${prefix}/etc'
target='x86_64-unknown-linux-gnu'
target_alias=''
target_cpu='x86_64'
target_os='linux-gnu'
target_vendor='unknown'
translatedir='${datadir}/sipwitch/translations'
translations=''

## ----------- ##
## confdefs.h. ##
## ----------- ##

/* confdefs.h */
#define PACKAGE_NAME "sipwitch"
#define PACKAGE_TARNAME "sipwitch"
#define PACKAGE_VERSION "1.9.9"
#define PACKAGE_STRING "sipwitch 1.9.9"
#define PACKAGE_BUGREPORT ""
#define PACKAGE_URL ""
#define STDC_HEADERS 1
#define HAVE_SYS_TYPES_H 1
#define HAVE_SYS_STAT_H 1
#define HAVE_STDLIB_H 1
#define HAVE_STRING_H 1
#define HAVE_MEMORY_H 1
#define HAVE_STRINGS_H 1
#define HAVE_INTTYPES_H 1
#define HAVE_STDINT_H 1
#define HAVE_UNISTD_H 1
#define HAVE_DLFCN_H 1
#define LT_OBJDIR ".libs/"
#define PACKAGE "sipwitch"
#define VERSION "1.9.9"
#define restrict __restrict

configure: exit 1
