This file contains any messages produced by compilers while
running configure, to aid debugging if configure makes a mistake.

It was created by GNU lightning configure 2.1.3, which was
generated by GNU Autoconf 2.69.  Invocation command line was

  $ ./configure 

## --------- ##
## Platform. ##
## --------- ##

hostname = rishon
uname -m = x86_64
uname -r = 4.15.0-72-generic
uname -s = Linux
uname -v = #81-Ubuntu SMP Tue Nov 26 12:20:02 UTC 2019

/usr/bin/uname -p = unknown
/bin/uname -X     = unknown

/bin/arch              = unknown
/usr/bin/arch -k       = unknown
/usr/convex/getsysinfo = unknown
/usr/bin/hostinfo      = unknown
/bin/machine           = unknown
/usr/bin/oslevel       = unknown
/bin/universe          = unknown

PATH: /home/carolhanna/miniconda3/bin
PATH: /home/carolhanna/miniconda3/condabin
PATH: /usr/local/sbin
PATH: /usr/local/bin
PATH: /usr/sbin
PATH: /usr/bin
PATH: /sbin
PATH: /bin
PATH: /usr/games
PATH: /usr/local/games
PATH: /snap/bin


## ----------- ##
## Core tests. ##
## ----------- ##

configure:2300: checking build system type
configure:2314: result: x86_64-pc-linux-gnu
configure:2334: checking host system type
configure:2347: result: x86_64-pc-linux-gnu
configure:2367: checking target system type
configure:2380: result: x86_64-pc-linux-gnu
configure:2423: checking for a BSD-compatible install
configure:2491: result: /usr/bin/install -c
configure:2502: checking whether build environment is sane
configure:2557: result: yes
configure:2708: checking for a thread-safe mkdir -p
configure:2747: result: /bin/mkdir -p
configure:2754: checking for gawk
configure:2770: found /usr/bin/gawk
configure:2781: result: gawk
configure:2792: checking whether make sets $(MAKE)
configure:2814: result: yes
configure:2843: checking whether make supports nested variables
configure:2860: result: yes
configure:2997: checking whether make supports nested variables
configure:3014: result: yes
configure:3078: checking for gcc
configure:3094: found /usr/bin/gcc
configure:3105: result: gcc
configure:3334: checking for C compiler version
configure:3343: gcc --version >&5
gcc (Ubuntu 7.5.0-3ubuntu1~18.04) 7.5.0
Copyright (C) 2017 Free Software Foundation, Inc.
This is free software; see the source for copying conditions.  There is NO
warranty; not even for MERCHANTABILITY or FITNESS FOR A PARTICULAR PURPOSE.

configure:3354: $? = 0
configure:3343: gcc -v >&5
Using built-in specs.
COLLECT_GCC=gcc
COLLECT_LTO_WRAPPER=/usr/lib/gcc/x86_64-linux-gnu/7/lto-wrapper
OFFLOAD_TARGET_NAMES=nvptx-none
OFFLOAD_TARGET_DEFAULT=1
Target: x86_64-linux-gnu
Configured with: ../src/configure -v --with-pkgversion='Ubuntu 7.5.0-3ubuntu1~18.04' --with-bugurl=file:///usr/share/doc/gcc-7/README.Bugs --enable-languages=c,ada,c++,go,brig,d,fortran,objc,obj-c++ --prefix=/usr --with-gcc-major-version-only --program-suffix=-7 --program-prefix=x86_64-linux-gnu- --enable-shared --enable-linker-build-id --libexecdir=/usr/lib --without-included-gettext --enable-threads=posix --libdir=/usr/lib --enable-nls --enable-bootstrap --enable-clocale=gnu --enable-libstdcxx-debug --enable-libstdcxx-time=yes --with-default-libstdcxx-abi=new --enable-gnu-unique-object --disable-vtable-verify --enable-libmpx --enable-plugin --enable-default-pie --with-system-zlib --with-target-system-zlib --enable-objc-gc=auto --enable-multiarch --disable-werror --with-arch-32=i686 --with-abi=m64 --with-multilib-list=m32,m64,mx32 --enable-multilib --with-tune=generic --enable-offload-targets=nvptx-none --without-cuda-driver --enable-checking=release --build=x86_64-linux-gnu --host=x86_64-linux-gnu --target=x86_64-linux-gnu
Thread model: posix
gcc version 7.5.0 (Ubuntu 7.5.0-3ubuntu1~18.04) 
configure:3354: $? = 0
configure:3343: gcc -V >&5
gcc: error: unrecognized command line option '-V'
gcc: fatal error: no input files
compilation terminated.
configure:3354: $? = 1
configure:3343: gcc -qversion >&5
gcc: error: unrecognized command line option '-qversion'; did you mean '--version'?
gcc: fatal error: no input files
compilation terminated.
configure:3354: $? = 1
configure:3374: checking whether the C compiler works
configure:3396: gcc    conftest.c  >&5
configure:3400: $? = 0
configure:3448: result: yes
configure:3451: checking for C compiler default output file name
configure:3453: result: a.out
configure:3459: checking for suffix of executables
configure:3466: gcc -o conftest    conftest.c  >&5
configure:3470: $? = 0
configure:3492: result: 
configure:3514: checking whether we are cross compiling
configure:3522: gcc -o conftest    conftest.c  >&5
configure:3526: $? = 0
configure:3533: ./conftest
configure:3537: $? = 0
configure:3552: result: no
configure:3557: checking for suffix of object files
configure:3579: gcc -c   conftest.c >&5
configure:3583: $? = 0
configure:3604: result: o
configure:3608: checking whether we are using the GNU C compiler
configure:3627: gcc -c   conftest.c >&5
configure:3627: $? = 0
configure:3636: result: yes
configure:3645: checking whether gcc accepts -g
configure:3665: gcc -c -g  conftest.c >&5
configure:3665: $? = 0
configure:3706: result: yes
configure:3723: checking for gcc option to accept ISO C89
configure:3786: gcc  -c -g -O2  conftest.c >&5
configure:3786: $? = 0
configure:3799: result: none needed
configure:3824: checking whether gcc understands -c and -o together
configure:3846: gcc -c conftest.c -o conftest2.o
configure:3849: $? = 0
configure:3846: gcc -c conftest.c -o conftest2.o
configure:3849: $? = 0
configure:3861: result: yes
configure:3881: checking whether make supports the include directive
configure:3896: make -f confmf.GNU && cat confinc.out
this is the am__doit target
configure:3899: $? = 0
configure:3918: result: yes (GNU style)
configure:3943: checking dependency style of gcc
configure:4054: result: gcc3
configure:4116: checking how to print strings
configure:4143: result: printf
configure:4164: checking for a sed that does not truncate output
configure:4228: result: /bin/sed
configure:4246: checking for grep that handles long lines and -e
configure:4304: result: /bin/grep
configure:4309: checking for egrep
configure:4371: result: /bin/grep -E
configure:4376: checking for fgrep
configure:4438: result: /bin/grep -F
configure:4473: checking for ld used by gcc
configure:4540: result: /usr/bin/ld
configure:4547: checking if the linker (/usr/bin/ld) is GNU ld
configure:4562: result: yes
configure:4574: checking for BSD- or MS-compatible name lister (nm)
configure:4628: result: /usr/bin/nm -B
configure:4758: checking the name lister (/usr/bin/nm -B) interface
configure:4765: gcc -c -g -O2  conftest.c >&5
configure:4768: /usr/bin/nm -B "conftest.o"
configure:4771: output
0000000000000000 B some_variable
configure:4778: result: BSD nm
configure:4781: checking whether ln -s works
configure:4785: result: yes
configure:4793: checking the maximum length of command line arguments
configure:4924: result: 1572864
configure:4972: checking how to convert x86_64-pc-linux-gnu file names to x86_64-pc-linux-gnu format
configure:5012: result: func_convert_file_noop
configure:5019: checking how to convert x86_64-pc-linux-gnu file names to toolchain format
configure:5039: result: func_convert_file_noop
configure:5046: checking for /usr/bin/ld option to reload object files
configure:5053: result: -r
configure:5127: checking for objdump
configure:5143: found /usr/bin/objdump
configure:5154: result: objdump
configure:5186: checking how to recognize dependent libraries
configure:5386: result: pass_all
configure:5471: checking for dlltool
configure:5501: result: no
configure:5531: checking how to associate runtime and link libraries
configure:5558: result: printf %s\n
configure:5619: checking for ar
configure:5635: found /usr/bin/ar
configure:5646: result: ar
configure:5683: checking for archiver @FILE support
configure:5700: gcc -c -g -O2  conftest.c >&5
configure:5700: $? = 0
configure:5703: ar cru libconftest.a @conftest.lst >&5
ar: `u' modifier ignored since `D' is the default (see `U')
configure:5706: $? = 0
configure:5711: ar cru libconftest.a @conftest.lst >&5
ar: `u' modifier ignored since `D' is the default (see `U')
ar: conftest.o: No such file or directory
configure:5714: $? = 1
configure:5726: result: @
configure:5784: checking for strip
configure:5800: found /usr/bin/strip
configure:5811: result: strip
configure:5883: checking for ranlib
configure:5899: found /usr/bin/ranlib
configure:5910: result: ranlib
configure:6012: checking command to parse /usr/bin/nm -B output from gcc object
configure:6165: gcc -c -g -O2  conftest.c >&5
configure:6168: $? = 0
configure:6172: /usr/bin/nm -B conftest.o \| sed -n -e 's/^.*[ ]\([ABCDGIRSTW][ABCDGIRSTW]*\)[ ][ ]*\([_A-Za-z][_A-Za-z0-9]*\)$/\1 \2 \2/p' | sed '/ __gnu_lto/d' \> conftest.nm
configure:6175: $? = 0
configure:6241: gcc -o conftest -g -O2   conftest.c conftstm.o >&5
configure:6244: $? = 0
configure:6282: result: ok
configure:6329: checking for sysroot
configure:6359: result: no
configure:6366: checking for a working dd
configure:6404: result: /bin/dd
configure:6408: checking how to truncate binary pipes
configure:6423: result: /bin/dd bs=4096 count=1
configure:6559: gcc -c -g -O2  conftest.c >&5
configure:6562: $? = 0
configure:6752: checking for mt
configure:6768: found /bin/mt
configure:6779: result: mt
configure:6802: checking if mt is a manifest tool
configure:6808: mt '-?'
configure:6816: result: no
configure:7493: checking how to run the C preprocessor
configure:7524: gcc -E  conftest.c
configure:7524: $? = 0
configure:7538: gcc -E  conftest.c
conftest.c:11:10: fatal error: ac_nonexistent.h: No such file or directory
 #include <ac_nonexistent.h>
          ^~~~~~~~~~~~~~~~~~
compilation terminated.
configure:7538: $? = 1
configure: failed program was:
| /* confdefs.h */
| #define PACKAGE_NAME "GNU lightning"
| #define PACKAGE_TARNAME "lightning"
| #define PACKAGE_VERSION "2.1.3"
| #define PACKAGE_STRING "GNU lightning 2.1.3"
| #define PACKAGE_BUGREPORT "pcpa@gnu.org"
| #define PACKAGE_URL "http://www.gnu.org/software/lightning/"
| #define PACKAGE "lightning"
| #define VERSION "2.1.3"
| /* end confdefs.h.  */
| #include <ac_nonexistent.h>
configure:7563: result: gcc -E
configure:7583: gcc -E  conftest.c
configure:7583: $? = 0
configure:7597: gcc -E  conftest.c
conftest.c:11:10: fatal error: ac_nonexistent.h: No such file or directory
 #include <ac_nonexistent.h>
          ^~~~~~~~~~~~~~~~~~
compilation terminated.
configure:7597: $? = 1
configure: failed program was:
| /* confdefs.h */
| #define PACKAGE_NAME "GNU lightning"
| #define PACKAGE_TARNAME "lightning"
| #define PACKAGE_VERSION "2.1.3"
| #define PACKAGE_STRING "GNU lightning 2.1.3"
| #define PACKAGE_BUGREPORT "pcpa@gnu.org"
| #define PACKAGE_URL "http://www.gnu.org/software/lightning/"
| #define PACKAGE "lightning"
| #define VERSION "2.1.3"
| /* end confdefs.h.  */
| #include <ac_nonexistent.h>
configure:7626: checking for ANSI C header files
configure:7646: gcc -c -g -O2  conftest.c >&5
configure:7646: $? = 0
configure:7719: gcc -o conftest -g -O2   conftest.c  >&5
configure:7719: $? = 0
configure:7719: ./conftest
configure:7719: $? = 0
configure:7730: result: yes
configure:7743: checking for sys/types.h
configure:7743: gcc -c -g -O2  conftest.c >&5
configure:7743: $? = 0
configure:7743: result: yes
configure:7743: checking for sys/stat.h
configure:7743: gcc -c -g -O2  conftest.c >&5
configure:7743: $? = 0
configure:7743: result: yes
configure:7743: checking for stdlib.h
configure:7743: gcc -c -g -O2  conftest.c >&5
configure:7743: $? = 0
configure:7743: result: yes
configure:7743: checking for string.h
configure:7743: gcc -c -g -O2  conftest.c >&5
configure:7743: $? = 0
configure:7743: result: yes
configure:7743: checking for memory.h
configure:7743: gcc -c -g -O2  conftest.c >&5
configure:7743: $? = 0
configure:7743: result: yes
configure:7743: checking for strings.h
configure:7743: gcc -c -g -O2  conftest.c >&5
configure:7743: $? = 0
configure:7743: result: yes
configure:7743: checking for inttypes.h
configure:7743: gcc -c -g -O2  conftest.c >&5
configure:7743: $? = 0
configure:7743: result: yes
configure:7743: checking for stdint.h
configure:7743: gcc -c -g -O2  conftest.c >&5
configure:7743: $? = 0
configure:7743: result: yes
configure:7743: checking for unistd.h
configure:7743: gcc -c -g -O2  conftest.c >&5
configure:7743: $? = 0
configure:7743: result: yes
configure:7757: checking for dlfcn.h
configure:7757: gcc -c -g -O2  conftest.c >&5
configure:7757: $? = 0
configure:7757: result: yes
configure:8013: checking for objdir
configure:8028: result: .libs
configure:8292: checking if gcc supports -fno-rtti -fno-exceptions
configure:8310: gcc -c -g -O2  -fno-rtti -fno-exceptions conftest.c >&5
cc1: warning: command line option '-fno-rtti' is valid for C++/ObjC++ but not for C
configure:8314: $? = 0
configure:8327: result: no
configure:8685: checking for gcc option to produce PIC
configure:8692: result: -fPIC -DPIC
configure:8700: checking if gcc PIC flag -fPIC -DPIC works
configure:8718: gcc -c -g -O2  -fPIC -DPIC -DPIC conftest.c >&5
configure:8722: $? = 0
configure:8735: result: yes
configure:8764: checking if gcc static flag -static works
configure:8792: result: yes
configure:8807: checking if gcc supports -c -o file.o
configure:8828: gcc -c -g -O2  -o out/conftest2.o conftest.c >&5
configure:8832: $? = 0
configure:8854: result: yes
configure:8862: checking if gcc supports -c -o file.o
configure:8909: result: yes
configure:8942: checking whether the gcc linker (/usr/bin/ld -m elf_x86_64) supports shared libraries
configure:10201: result: yes
configure:10238: checking whether -lc should be explicitly linked in
configure:10246: gcc -c -g -O2  conftest.c >&5
configure:10249: $? = 0
configure:10264: gcc -shared  -fPIC -DPIC conftest.o  -v -Wl,-soname -Wl,conftest -o conftest 2\>\&1 \| /bin/grep  -lc  \>/dev/null 2\>\&1
configure:10267: $? = 0
configure:10281: result: no
configure:10441: checking dynamic linker characteristics
configure:11022: gcc -o conftest -g -O2   -Wl,-rpath -Wl,/foo conftest.c  >&5
configure:11022: $? = 0
configure:11262: result: GNU/Linux ld.so
configure:11384: checking how to hardcode library paths into programs
configure:11409: result: immediate
configure:11957: checking whether stripping libraries is possible
configure:11962: result: yes
configure:11997: checking if libtool supports shared libraries
configure:11999: result: yes
configure:12002: checking whether to build shared libraries
configure:12027: result: yes
configure:12030: checking whether to build static libraries
configure:12034: result: yes
configure:12107: checking for mremap
configure:12107: gcc -o conftest -g -O2   conftest.c  >&5
configure:12107: $? = 0
configure:12107: result: yes
configure:12107: checking for ffsl
configure:12107: gcc -o conftest -g -O2   conftest.c  >&5
conftest.c:47:6: warning: conflicting types for built-in function 'ffsl' [-Wbuiltin-declaration-mismatch]
 char ffsl ();
      ^~~~
configure:12107: $? = 0
configure:12107: result: yes
configure:12107: checking for getopt_long_only
configure:12107: gcc -o conftest -g -O2   conftest.c  >&5
configure:12107: $? = 0
configure:12107: result: yes
configure:12107: checking for isnan
configure:12107: gcc -o conftest -g -O2   conftest.c  >&5
conftest.c:49:6: warning: conflicting types for built-in function 'isnan' [-Wbuiltin-declaration-mismatch]
 char isnan ();
      ^~~~~
configure:12107: $? = 0
configure:12107: result: yes
configure:12107: checking for isinf
configure:12107: gcc -o conftest -g -O2   conftest.c  >&5
conftest.c:50:6: warning: conflicting types for built-in function 'isinf' [-Wbuiltin-declaration-mismatch]
 char isinf ();
      ^~~~~
configure:12107: $? = 0
configure:12107: result: yes
configure:12120: checking getopt.h usability
configure:12120: gcc -c -g -O2  conftest.c >&5
configure:12120: $? = 0
configure:12120: result: yes
configure:12120: checking getopt.h presence
configure:12120: gcc -E  conftest.c
configure:12120: $? = 0
configure:12120: result: yes
configure:12120: checking for getopt.h
configure:12120: result: yes
configure:12120: checking for stdint.h
configure:12120: result: yes
configure:12140: checking for htab_try_create in -liberty
configure:12165: gcc -o conftest -g -O2   conftest.c -liberty   >&5
/usr/bin/ld: cannot find -liberty
collect2: error: ld returned 1 exit status
configure:12165: $? = 1
configure: failed program was:
| /* confdefs.h */
| #define PACKAGE_NAME "GNU lightning"
| #define PACKAGE_TARNAME "lightning"
| #define PACKAGE_VERSION "2.1.3"
| #define PACKAGE_STRING "GNU lightning 2.1.3"
| #define PACKAGE_BUGREPORT "pcpa@gnu.org"
| #define PACKAGE_URL "http://www.gnu.org/software/lightning/"
| #define PACKAGE "lightning"
| #define VERSION "2.1.3"
| #define STDC_HEADERS 1
| #define HAVE_SYS_TYPES_H 1
| #define HAVE_SYS_STAT_H 1
| #define HAVE_STDLIB_H 1
| #define HAVE_STRING_H 1
| #define HAVE_MEMORY_H 1
| #define HAVE_STRINGS_H 1
| #define HAVE_INTTYPES_H 1
| #define HAVE_STDINT_H 1
| #define HAVE_UNISTD_H 1
| #define HAVE_DLFCN_H 1
| #define LT_OBJDIR ".libs/"
| #define HAVE_MREMAP 1
| #define HAVE_FFSL 1
| #define HAVE_GETOPT_LONG_ONLY 1
| #define HAVE_ISNAN 1
| #define HAVE_ISINF 1
| #define HAVE_GETOPT_H 1
| #define HAVE_STDINT_H 1
| /* end confdefs.h.  */
| 
| /* Override any GCC internal prototype to avoid an error.
|    Use char because int might match the return type of a GCC
|    builtin and then its argument prototype would still apply.  */
| #ifdef __cplusplus
| extern "C"
| #endif
| char htab_try_create ();
| int
| main ()
| {
| return htab_try_create ();
|   ;
|   return 0;
| }
configure:12174: result: no
configure:12187: checking for bfd_init in -lbfd
configure:12212: gcc -o conftest -g -O2   conftest.c -lbfd   >&5
/usr/bin/ld: cannot find -lbfd
collect2: error: ld returned 1 exit status
configure:12212: $? = 1
configure: failed program was:
| /* confdefs.h */
| #define PACKAGE_NAME "GNU lightning"
| #define PACKAGE_TARNAME "lightning"
| #define PACKAGE_VERSION "2.1.3"
| #define PACKAGE_STRING "GNU lightning 2.1.3"
| #define PACKAGE_BUGREPORT "pcpa@gnu.org"
| #define PACKAGE_URL "http://www.gnu.org/software/lightning/"
| #define PACKAGE "lightning"
| #define VERSION "2.1.3"
| #define STDC_HEADERS 1
| #define HAVE_SYS_TYPES_H 1
| #define HAVE_SYS_STAT_H 1
| #define HAVE_STDLIB_H 1
| #define HAVE_STRING_H 1
| #define HAVE_MEMORY_H 1
| #define HAVE_STRINGS_H 1
| #define HAVE_INTTYPES_H 1
| #define HAVE_STDINT_H 1
| #define HAVE_UNISTD_H 1
| #define HAVE_DLFCN_H 1
| #define LT_OBJDIR ".libs/"
| #define HAVE_MREMAP 1
| #define HAVE_FFSL 1
| #define HAVE_GETOPT_LONG_ONLY 1
| #define HAVE_ISNAN 1
| #define HAVE_ISINF 1
| #define HAVE_GETOPT_H 1
| #define HAVE_STDINT_H 1
| /* end confdefs.h.  */
| 
| /* Override any GCC internal prototype to avoid an error.
|    Use char because int might match the return type of a GCC
|    builtin and then its argument prototype would still apply.  */
| #ifdef __cplusplus
| extern "C"
| #endif
| char bfd_init ();
| int
| main ()
| {
| return bfd_init ();
|   ;
|   return 0;
| }
configure:12221: result: no
configure:12234: checking for compressBound in -lz
configure:12259: gcc -o conftest -g -O2   conftest.c -lz   >&5
configure:12259: $? = 0
configure:12268: result: yes
configure:12281: checking for init_disassemble_info in -lopcodes
configure:12306: gcc -o conftest -g -O2   conftest.c -lopcodes  -lz  >&5
/usr/bin/ld: cannot find -lopcodes
collect2: error: ld returned 1 exit status
configure:12306: $? = 1
configure: failed program was:
| /* confdefs.h */
| #define PACKAGE_NAME "GNU lightning"
| #define PACKAGE_TARNAME "lightning"
| #define PACKAGE_VERSION "2.1.3"
| #define PACKAGE_STRING "GNU lightning 2.1.3"
| #define PACKAGE_BUGREPORT "pcpa@gnu.org"
| #define PACKAGE_URL "http://www.gnu.org/software/lightning/"
| #define PACKAGE "lightning"
| #define VERSION "2.1.3"
| #define STDC_HEADERS 1
| #define HAVE_SYS_TYPES_H 1
| #define HAVE_SYS_STAT_H 1
| #define HAVE_STDLIB_H 1
| #define HAVE_STRING_H 1
| #define HAVE_MEMORY_H 1
| #define HAVE_STRINGS_H 1
| #define HAVE_INTTYPES_H 1
| #define HAVE_STDINT_H 1
| #define HAVE_UNISTD_H 1
| #define HAVE_DLFCN_H 1
| #define LT_OBJDIR ".libs/"
| #define HAVE_MREMAP 1
| #define HAVE_FFSL 1
| #define HAVE_GETOPT_LONG_ONLY 1
| #define HAVE_ISNAN 1
| #define HAVE_ISINF 1
| #define HAVE_GETOPT_H 1
| #define HAVE_STDINT_H 1
| #define HAVE_LIBZ 1
| /* end confdefs.h.  */
| 
| /* Override any GCC internal prototype to avoid an error.
|    Use char because int might match the return type of a GCC
|    builtin and then its argument prototype would still apply.  */
| #ifdef __cplusplus
| extern "C"
| #endif
| char init_disassemble_info ();
| int
| main ()
| {
| return init_disassemble_info ();
|   ;
|   return 0;
| }
configure:12315: result: no
configure:12335: WARNING: binutils not found, see http://www.gnu.org/software/binutils/
configure:12579: gcc -o conftest -g -O2 -I/home/carolhanna/Security_Project/gnu_dataset/lightning-2.1.3/include -D_GNU_SOURCE   conftest.c -lz  >&5
configure:12579: $? = 0
configure:12579: ./conftest
configure:12579: $? = 1
configure: program exited with status 1
configure: failed program was:
| /* confdefs.h */
| #define PACKAGE_NAME "GNU lightning"
| #define PACKAGE_TARNAME "lightning"
| #define PACKAGE_VERSION "2.1.3"
| #define PACKAGE_STRING "GNU lightning 2.1.3"
| #define PACKAGE_BUGREPORT "pcpa@gnu.org"
| #define PACKAGE_URL "http://www.gnu.org/software/lightning/"
| #define PACKAGE "lightning"
| #define VERSION "2.1.3"
| #define STDC_HEADERS 1
| #define HAVE_SYS_TYPES_H 1
| #define HAVE_SYS_STAT_H 1
| #define HAVE_STDLIB_H 1
| #define HAVE_STRING_H 1
| #define HAVE_MEMORY_H 1
| #define HAVE_STRINGS_H 1
| #define HAVE_INTTYPES_H 1
| #define HAVE_STDINT_H 1
| #define HAVE_UNISTD_H 1
| #define HAVE_DLFCN_H 1
| #define LT_OBJDIR ".libs/"
| #define HAVE_MREMAP 1
| #define HAVE_FFSL 1
| #define HAVE_GETOPT_LONG_ONLY 1
| #define HAVE_ISNAN 1
| #define HAVE_ISINF 1
| #define HAVE_GETOPT_H 1
| #define HAVE_STDINT_H 1
| #define HAVE_LIBZ 1
| /* end confdefs.h.  */
| 
|     #include <lightning.h>
|     int main(void) {
| 	int		    ac, flags;
| 	unsigned int	    eax, ebx, ecx, edx;
| 	if (__WORDSIZE == 64)
| 	    return 1;
| 	__asm__ volatile ("pushfl;\n\t"
| 			  "popl %0;\n\t"
| 			  "movl $0x240000, %1;\n\t"
| 			  "xorl %0, %1;\n\t"
| 			  "pushl %1;\n\t"
| 			  "popfl;\n\t"
| 			  "pushfl;\n\t"
| 			  "popl %1;\n\t"
| 			  "xorl %0, %1;\n\t"
| 			  "pushl %0;\n\t"
| 			  "popfl"
| 			  : "=r" (flags), "=r" (ac));
| 	if ((ac & (1 << 21)) == 0)
| 	    return 1;
| 	__asm__ volatile ("xchgl %%ebx, %1; cpuid; xchgl %%ebx, %1"
| 			  : "=a" (eax), "=r" (ebx),
| 			  "=c" (ecx), "=d" (edx)
| 			  : "0" (1));
| 	return (edx & 1 << 26) ? 0 : 1;
|     }
| 
configure:12881: checking that generated files are newer than configure
configure:12887: result: done
configure:12978: creating ./config.status

## ---------------------- ##
## Running config.status. ##
## ---------------------- ##

This file was extended by GNU lightning config.status 2.1.3, which was
generated by GNU Autoconf 2.69.  Invocation command line was

  CONFIG_FILES    = 
  CONFIG_HEADERS  = 
  CONFIG_LINKS    = 
  CONFIG_COMMANDS = 
  $ ./config.status 

on rishon

config.status:1142: creating Makefile
config.status:1142: creating lightning.pc
config.status:1142: creating doc/Makefile
config.status:1142: creating include/Makefile
config.status:1142: creating include/lightning/Makefile
config.status:1142: creating include/lightning.h
config.status:1142: creating lib/Makefile
config.status:1142: creating check/Makefile
config.status:1142: creating config.h
config.status:1371: executing depfiles commands
config.status:1448: cd .       && sed -e '/# am--include-marker/d' Makefile         | make -f - am--depfiles
config.status:1453: $? = 0
config.status:1448: cd doc       && sed -e '/# am--include-marker/d' Makefile         | make -f - am--depfiles
config.status:1453: $? = 0
config.status:1448: cd lib       && sed -e '/# am--include-marker/d' Makefile         | make -f - am--depfiles
config.status:1453: $? = 0
config.status:1448: cd check       && sed -e '/# am--include-marker/d' Makefile         | make -f - am--depfiles
config.status:1453: $? = 0
config.status:1371: executing libtool commands

## ---------------- ##
## Cache variables. ##
## ---------------- ##

ac_cv_build=x86_64-pc-linux-gnu
ac_cv_c_compiler_gnu=yes
ac_cv_env_CC_set=
ac_cv_env_CC_value=
ac_cv_env_CFLAGS_set=
ac_cv_env_CFLAGS_value=
ac_cv_env_CPPFLAGS_set=
ac_cv_env_CPPFLAGS_value=
ac_cv_env_CPP_set=
ac_cv_env_CPP_value=
ac_cv_env_LDFLAGS_set=
ac_cv_env_LDFLAGS_value=
ac_cv_env_LIBS_set=
ac_cv_env_LIBS_value=
ac_cv_env_LT_SYS_LIBRARY_PATH_set=
ac_cv_env_LT_SYS_LIBRARY_PATH_value=
ac_cv_env_build_alias_set=
ac_cv_env_build_alias_value=
ac_cv_env_host_alias_set=
ac_cv_env_host_alias_value=
ac_cv_env_target_alias_set=
ac_cv_env_target_alias_value=
ac_cv_func_ffsl=yes
ac_cv_func_getopt_long_only=yes
ac_cv_func_isinf=yes
ac_cv_func_isnan=yes
ac_cv_func_mremap=yes
ac_cv_header_dlfcn_h=yes
ac_cv_header_getopt_h=yes
ac_cv_header_inttypes_h=yes
ac_cv_header_memory_h=yes
ac_cv_header_stdc=yes
ac_cv_header_stdint_h=yes
ac_cv_header_stdlib_h=yes
ac_cv_header_string_h=yes
ac_cv_header_strings_h=yes
ac_cv_header_sys_stat_h=yes
ac_cv_header_sys_types_h=yes
ac_cv_header_unistd_h=yes
ac_cv_host=x86_64-pc-linux-gnu
ac_cv_lib_bfd_bfd_init=no
ac_cv_lib_iberty_htab_try_create=no
ac_cv_lib_opcodes_init_disassemble_info=no
ac_cv_lib_z_compressBound=yes
ac_cv_objext=o
ac_cv_path_EGREP='/bin/grep -E'
ac_cv_path_FGREP='/bin/grep -F'
ac_cv_path_GREP=/bin/grep
ac_cv_path_SED=/bin/sed
ac_cv_path_install='/usr/bin/install -c'
ac_cv_path_lt_DD=/bin/dd
ac_cv_path_mkdir=/bin/mkdir
ac_cv_prog_AWK=gawk
ac_cv_prog_CPP='gcc -E'
ac_cv_prog_ac_ct_AR=ar
ac_cv_prog_ac_ct_CC=gcc
ac_cv_prog_ac_ct_MANIFEST_TOOL=mt
ac_cv_prog_ac_ct_OBJDUMP=objdump
ac_cv_prog_ac_ct_RANLIB=ranlib
ac_cv_prog_ac_ct_STRIP=strip
ac_cv_prog_cc_c89=
ac_cv_prog_cc_g=yes
ac_cv_prog_make_make_set=yes
ac_cv_target=x86_64-pc-linux-gnu
ac_cv_test_arm_arm=
ac_cv_test_arm_swf=
ac_cv_test_x86_x87=
am_cv_CC_dependencies_compiler_type=gcc3
am_cv_make_support_nested_variables=yes
am_cv_prog_cc_c_o=yes
lt_cv_ar_at_file=@
lt_cv_archive_cmds_need_lc=no
lt_cv_deplibs_check_method=pass_all
lt_cv_file_magic_cmd='$MAGIC_CMD'
lt_cv_file_magic_test_file=
lt_cv_ld_reload_flag=-r
lt_cv_nm_interface='BSD nm'
lt_cv_objdir=.libs
lt_cv_path_LD=/usr/bin/ld
lt_cv_path_NM='/usr/bin/nm -B'
lt_cv_path_mainfest_tool=no
lt_cv_prog_compiler_c_o=yes
lt_cv_prog_compiler_pic='-fPIC -DPIC'
lt_cv_prog_compiler_pic_works=yes
lt_cv_prog_compiler_rtti_exceptions=no
lt_cv_prog_compiler_static_works=yes
lt_cv_prog_gnu_ld=yes
lt_cv_sharedlib_from_linklib_cmd='printf %s\n'
lt_cv_shlibpath_overrides_runpath=yes
lt_cv_sys_global_symbol_pipe='sed -n -e '\''s/^.*[	 ]\([ABCDGIRSTW][ABCDGIRSTW]*\)[	 ][	 ]*\([_A-Za-z][_A-Za-z0-9]*\)$/\1 \2 \2/p'\'' | sed '\''/ __gnu_lto/d'\'''
lt_cv_sys_global_symbol_to_c_name_address='sed -n -e '\''s/^: \(.*\) .*$/  {"\1", (void *) 0},/p'\'' -e '\''s/^[ABCDGIRSTW][ABCDGIRSTW]* .* \(.*\)$/  {"\1", (void *) \&\1},/p'\'''
lt_cv_sys_global_symbol_to_c_name_address_lib_prefix='sed -n -e '\''s/^: \(.*\) .*$/  {"\1", (void *) 0},/p'\'' -e '\''s/^[ABCDGIRSTW][ABCDGIRSTW]* .* \(lib.*\)$/  {"\1", (void *) \&\1},/p'\'' -e '\''s/^[ABCDGIRSTW][ABCDGIRSTW]* .* \(.*\)$/  {"lib\1", (void *) \&\1},/p'\'''
lt_cv_sys_global_symbol_to_cdecl='sed -n -e '\''s/^T .* \(.*\)$/extern int \1();/p'\'' -e '\''s/^[ABCDGIRSTW][ABCDGIRSTW]* .* \(.*\)$/extern char \1;/p'\'''
lt_cv_sys_global_symbol_to_import=
lt_cv_sys_max_cmd_len=1572864
lt_cv_to_host_file_cmd=func_convert_file_noop
lt_cv_to_tool_file_cmd=func_convert_file_noop
lt_cv_truncate_bin='/bin/dd bs=4096 count=1'

## ----------------- ##
## Output variables. ##
## ----------------- ##

ACLOCAL='${SHELL} /home/carolhanna/Security_Project/gnu_dataset/lightning-2.1.3/missing aclocal-1.16'
AMDEPBACKSLASH='\'
AMDEP_FALSE='#'
AMDEP_TRUE=''
AMTAR='$${TAR-tar}'
AM_BACKSLASH='\'
AM_DEFAULT_V='$(AM_DEFAULT_VERBOSITY)'
AM_DEFAULT_VERBOSITY='0'
AM_V='$(V)'
AR='ar'
AUTOCONF='${SHELL} /home/carolhanna/Security_Project/gnu_dataset/lightning-2.1.3/missing autoconf'
AUTOHEADER='${SHELL} /home/carolhanna/Security_Project/gnu_dataset/lightning-2.1.3/missing autoheader'
AUTOMAKE='${SHELL} /home/carolhanna/Security_Project/gnu_dataset/lightning-2.1.3/missing automake-1.16'
AWK='gawk'
CC='gcc'
CCDEPMODE='depmode=gcc3'
CFLAGS='-g -O2'
CPP='gcc -E'
CPPFLAGS=''
CYGPATH_W='echo'
DEFS='-DHAVE_CONFIG_H'
DEPDIR='.deps'
DLLTOOL='false'
DSYMUTIL=''
DUMPBIN=''
ECHO_C=''
ECHO_N='-n'
ECHO_T=''
EGREP='/bin/grep -E'
EXEEXT=''
FGREP='/bin/grep -F'
GREP='/bin/grep'
INSTALL_DATA='${INSTALL} -m 644'
INSTALL_PROGRAM='${INSTALL}'
INSTALL_SCRIPT='${INSTALL}'
INSTALL_STRIP_PROGRAM='$(install_sh) -c -s'
LD='/usr/bin/ld -m elf_x86_64'
LDFLAGS=''
LIBOBJS=''
LIBS='-lz '
LIBTOOL='$(SHELL) $(top_builddir)/libtool'
LIGHTNING_CFLAGS=' -DNDEBUG'
LIPO=''
LN_S='ln -s'
LTLIBOBJS=''
LT_SYS_LIBRARY_PATH=''
MAKEINFO='${SHELL} /home/carolhanna/Security_Project/gnu_dataset/lightning-2.1.3/missing makeinfo'
MANIFEST_TOOL=':'
MAYBE_INCLUDE_STDINT_H='#include <stdint.h>'
MKDIR_P='/bin/mkdir -p'
NM='/usr/bin/nm -B'
NMEDIT=''
OBJDUMP='objdump'
OBJEXT='o'
OTOOL64=''
OTOOL=''
PACKAGE='lightning'
PACKAGE_BUGREPORT='pcpa@gnu.org'
PACKAGE_NAME='GNU lightning'
PACKAGE_STRING='GNU lightning 2.1.3'
PACKAGE_TARNAME='lightning'
PACKAGE_URL='http://www.gnu.org/software/lightning/'
PACKAGE_VERSION='2.1.3'
PATH_SEPARATOR=':'
RANLIB='ranlib'
SED='/bin/sed'
SET_MAKE=''
SHELL='/bin/bash'
SHLIB='-ldl'
STRIP='strip'
VERSION='2.1.3'
ac_ct_AR='ar'
ac_ct_CC='gcc'
ac_ct_DUMPBIN=''
am__EXEEXT_FALSE=''
am__EXEEXT_TRUE='#'
am__fastdepCC_FALSE='#'
am__fastdepCC_TRUE=''
am__include='include'
am__isrc=''
am__leading_dot='.'
am__nodep='_no'
am__quote=''
am__tar='$${TAR-tar} chof - "$$tardir"'
am__untar='$${TAR-tar} xf -'
bindir='${exec_prefix}/bin'
build='x86_64-pc-linux-gnu'
build_alias=''
build_cpu='x86_64'
build_os='linux-gnu'
build_vendor='pc'
cpu='x86'
cpu_aarch64_FALSE=''
cpu_aarch64_TRUE='#'
cpu_alpha_FALSE=''
cpu_alpha_TRUE='#'
cpu_arm_FALSE=''
cpu_arm_TRUE='#'
cpu_hppa_FALSE=''
cpu_hppa_TRUE='#'
cpu_ia64_FALSE=''
cpu_ia64_TRUE='#'
cpu_mips_FALSE=''
cpu_mips_TRUE='#'
cpu_ppc_FALSE=''
cpu_ppc_TRUE='#'
cpu_riscv_FALSE=''
cpu_riscv_TRUE='#'
cpu_s390_FALSE=''
cpu_s390_TRUE='#'
cpu_sparc_FALSE=''
cpu_sparc_TRUE='#'
cpu_x86_FALSE='#'
cpu_x86_TRUE=''
datadir='${datarootdir}'
datarootdir='${prefix}/share'
docdir='${datarootdir}/doc/${PACKAGE_TARNAME}'
dvidir='${docdir}'
exec_prefix='${prefix}'
get_jit_size_FALSE=''
get_jit_size_TRUE='#'
host='x86_64-pc-linux-gnu'
host_alias=''
host_cpu='x86_64'
host_os='linux-gnu'
host_vendor='pc'
htmldir='${docdir}'
includedir='${prefix}/include'
infodir='${datarootdir}/info'
install_sh='${SHELL} /home/carolhanna/Security_Project/gnu_dataset/lightning-2.1.3/install-sh'
libdir='${exec_prefix}/lib'
libexecdir='${exec_prefix}/libexec'
localedir='${datarootdir}/locale'
localstatedir='${prefix}/var'
mandir='${datarootdir}/man'
mkdir_p='$(MKDIR_P)'
oldincludedir='/usr/include'
pdfdir='${docdir}'
prefix='/usr/local'
program_transform_name='s,x,x,'
psdir='${docdir}'
sbindir='${exec_prefix}/sbin'
sharedstatedir='${prefix}/com'
sysconfdir='${prefix}/etc'
target='x86_64-pc-linux-gnu'
target_alias=''
target_cpu='x86_64'
target_os='linux-gnu'
target_vendor='pc'
test_arm_arm_FALSE=''
test_arm_arm_TRUE='#'
test_arm_swf_FALSE=''
test_arm_swf_TRUE='#'
test_nodata_FALSE='#'
test_nodata_TRUE=''
test_x86_x87_FALSE=''
test_x86_x87_TRUE='#'
with_disassembler_FALSE=''
with_disassembler_TRUE='#'

## ----------- ##
## confdefs.h. ##
## ----------- ##

/* confdefs.h */
#define PACKAGE_NAME "GNU lightning"
#define PACKAGE_TARNAME "lightning"
#define PACKAGE_VERSION "2.1.3"
#define PACKAGE_STRING "GNU lightning 2.1.3"
#define PACKAGE_BUGREPORT "pcpa@gnu.org"
#define PACKAGE_URL "http://www.gnu.org/software/lightning/"
#define PACKAGE "lightning"
#define VERSION "2.1.3"
#define STDC_HEADERS 1
#define HAVE_SYS_TYPES_H 1
#define HAVE_SYS_STAT_H 1
#define HAVE_STDLIB_H 1
#define HAVE_STRING_H 1
#define HAVE_MEMORY_H 1
#define HAVE_STRINGS_H 1
#define HAVE_INTTYPES_H 1
#define HAVE_STDINT_H 1
#define HAVE_UNISTD_H 1
#define HAVE_DLFCN_H 1
#define LT_OBJDIR ".libs/"
#define HAVE_MREMAP 1
#define HAVE_FFSL 1
#define HAVE_GETOPT_LONG_ONLY 1
#define HAVE_ISNAN 1
#define HAVE_ISINF 1
#define HAVE_GETOPT_H 1
#define HAVE_STDINT_H 1
#define HAVE_LIBZ 1

configure: exit 0
