This file contains any messages produced by compilers while
running configure, to aid debugging if configure makes a mistake.

It was created by GNU Indent configure 2.2.9, which was
generated by GNU Autoconf 2.53.  Invocation command line was

  $ ./configure 

## --------- ##
## Platform. ##
## --------- ##

hostname = rishon
uname -m = x86_64
uname -r = 4.15.0-72-generic
uname -s = Linux
uname -v = #81-Ubuntu SMP Tue Nov 26 12:20:02 UTC 2019

/usr/bin/uname -p = unknown
/bin/uname -X     = unknown

/bin/arch              = unknown
/usr/bin/arch -k       = unknown
/usr/convex/getsysinfo = unknown
hostinfo               = unknown
/bin/machine           = unknown
/usr/bin/oslevel       = unknown
/bin/universe          = unknown

PATH: /home/carolhanna/miniconda3/bin
PATH: /home/carolhanna/miniconda3/condabin
PATH: /usr/local/sbin
PATH: /usr/local/bin
PATH: /usr/sbin
PATH: /usr/bin
PATH: /sbin
PATH: /bin
PATH: /usr/games
PATH: /usr/local/games
PATH: /snap/bin


## ----------- ##
## Core tests. ##
## ----------- ##

configure:1262: checking for a BSD-compatible install
configure:1316: result: /usr/bin/install -c
configure:1327: checking whether build environment is sane
configure:1370: result: yes
configure:1403: checking for gawk
configure:1419: found /usr/bin/gawk
configure:1429: result: gawk
configure:1439: checking whether make sets ${MAKE}
configure:1459: result: yes
configure:1611: checking whether to enable maintainer-specific portions of Makefiles
configure:1620: result: no
configure:1682: checking for gcc
configure:1698: found /usr/bin/gcc
configure:1708: result: gcc
configure:1952: checking for C compiler version
configure:1955: gcc --version </dev/null >&5
gcc (Ubuntu 7.5.0-3ubuntu1~18.04) 7.5.0
Copyright (C) 2017 Free Software Foundation, Inc.
This is free software; see the source for copying conditions.  There is NO
warranty; not even for MERCHANTABILITY or FITNESS FOR A PARTICULAR PURPOSE.

configure:1958: $? = 0
configure:1960: gcc -v </dev/null >&5
Using built-in specs.
COLLECT_GCC=gcc
COLLECT_LTO_WRAPPER=/usr/lib/gcc/x86_64-linux-gnu/7/lto-wrapper
OFFLOAD_TARGET_NAMES=nvptx-none
OFFLOAD_TARGET_DEFAULT=1
Target: x86_64-linux-gnu
Configured with: ../src/configure -v --with-pkgversion='Ubuntu 7.5.0-3ubuntu1~18.04' --with-bugurl=file:///usr/share/doc/gcc-7/README.Bugs --enable-languages=c,ada,c++,go,brig,d,fortran,objc,obj-c++ --prefix=/usr --with-gcc-major-version-only --program-suffix=-7 --program-prefix=x86_64-linux-gnu- --enable-shared --enable-linker-build-id --libexecdir=/usr/lib --without-included-gettext --enable-threads=posix --libdir=/usr/lib --enable-nls --enable-bootstrap --enable-clocale=gnu --enable-libstdcxx-debug --enable-libstdcxx-time=yes --with-default-libstdcxx-abi=new --enable-gnu-unique-object --disable-vtable-verify --enable-libmpx --enable-plugin --enable-default-pie --with-system-zlib --with-target-system-zlib --enable-objc-gc=auto --enable-multiarch --disable-werror --with-arch-32=i686 --with-abi=m64 --with-multilib-list=m32,m64,mx32 --enable-multilib --with-tune=generic --enable-offload-targets=nvptx-none --without-cuda-driver --enable-checking=release --build=x86_64-linux-gnu --host=x86_64-linux-gnu --target=x86_64-linux-gnu
Thread model: posix
gcc version 7.5.0 (Ubuntu 7.5.0-3ubuntu1~18.04) 
configure:1963: $? = 0
configure:1965: gcc -V </dev/null >&5
gcc: error: unrecognized command line option '-V'
gcc: fatal error: no input files
compilation terminated.
configure:1968: $? = 1
configure:1994: checking for C compiler default output
configure:1997: gcc    conftest.c  >&5
configure:2000: $? = 0
configure:2033: result: a.out
configure:2038: checking whether the C compiler works
configure:2044: ./a.out
configure:2047: $? = 0
configure:2062: result: yes
configure:2069: checking whether we are cross compiling
configure:2071: result: no
configure:2074: checking for suffix of executables
configure:2076: gcc -o conftest    conftest.c  >&5
configure:2079: $? = 0
configure:2101: result: 
configure:2107: checking for suffix of object files
configure:2131: gcc -c   conftest.c >&5
configure:2134: $? = 0
configure:2153: result: o
configure:2157: checking whether we are using the GNU C compiler
configure:2184: gcc -c   conftest.c >&5
configure:2187: $? = 0
configure:2190: test -s conftest.o
configure:2193: $? = 0
configure:2205: result: yes
configure:2211: checking whether gcc accepts -g
configure:2235: gcc -c -g  conftest.c >&5
configure:2238: $? = 0
configure:2241: test -s conftest.o
configure:2244: $? = 0
configure:2254: result: yes
configure:2281: gcc -c -g -O2  conftest.c >&5
conftest.c:2:3: error: unknown type name 'choke'
   choke me
   ^~~~~
conftest.c:2:3: error: expected '=', ',', ';', 'asm' or '__attribute__' at end of input
configure:2284: $? = 1
configure: failed program was:
#ifndef __cplusplus
  choke me
#endif
configure:2413: checking for style of include used by make
configure:2441: result: GNU
configure:2469: checking dependency style of gcc
configure:2531: result: gcc3
configure:2541: checking how to run the C preprocessor
configure:2567: gcc -E  conftest.c
configure:2573: $? = 0
configure:2600: gcc -E  conftest.c
configure:2596:10: fatal error: ac_nonexistent.h: No such file or directory
 #line $LINENO "configure"
          ^~~~~~~~~~~~~~~~  
compilation terminated.
configure:2606: $? = 1
configure: failed program was:
#line 2595 "configure"
#include "confdefs.h"
#include <ac_nonexistent.h>
configure:2643: result: gcc -E
configure:2658: gcc -E  conftest.c
configure:2664: $? = 0
configure:2691: gcc -E  conftest.c
configure:2687:10: fatal error: ac_nonexistent.h: No such file or directory
 #line $LINENO "configure"
          ^~~~~~~~~~~~~~~~  
compilation terminated.
configure:2697: $? = 1
configure: failed program was:
#line 2686 "configure"
#include "confdefs.h"
#include <ac_nonexistent.h>
configure:2748: checking for a BSD-compatible install
configure:2802: result: /usr/bin/install -c
configure:2817: checking for AIX
configure:2836: result: no
configure:2842: checking for ANSI C header files
configure:2856: gcc -E  conftest.c
configure:2862: $? = 0
configure:2949: gcc -o conftest -g -O2   conftest.c  >&5
configure: In function 'main':
configure:2940:7: warning: implicit declaration of function 'exit' [-Wimplicit-function-declaration]
   int i;
       ^~  
configure:2940:7: warning: incompatible implicit declaration of built-in function 'exit'
configure:2940:7: note: include '<stdlib.h>' or provide a declaration of 'exit'
configure:2941:3: warning: incompatible implicit declaration of built-in function 'exit'
   for (i = 0; i < 256; i++)
   ^~~~
configure:2941:3: note: include '<stdlib.h>' or provide a declaration of 'exit'
configure:2952: $? = 0
configure:2954: ./conftest
configure:2957: $? = 0
configure:2971: result: yes
configure:2995: checking for sys/types.h
configure:3008: gcc -c -g -O2  conftest.c >&5
configure:3011: $? = 0
configure:3014: test -s conftest.o
configure:3017: $? = 0
configure:3027: result: yes
configure:2995: checking for sys/stat.h
configure:3008: gcc -c -g -O2  conftest.c >&5
configure:3011: $? = 0
configure:3014: test -s conftest.o
configure:3017: $? = 0
configure:3027: result: yes
configure:2995: checking for stdlib.h
configure:3008: gcc -c -g -O2  conftest.c >&5
configure:3011: $? = 0
configure:3014: test -s conftest.o
configure:3017: $? = 0
configure:3027: result: yes
configure:2995: checking for string.h
configure:3008: gcc -c -g -O2  conftest.c >&5
configure:3011: $? = 0
configure:3014: test -s conftest.o
configure:3017: $? = 0
configure:3027: result: yes
configure:2995: checking for memory.h
configure:3008: gcc -c -g -O2  conftest.c >&5
configure:3011: $? = 0
configure:3014: test -s conftest.o
configure:3017: $? = 0
configure:3027: result: yes
configure:2995: checking for strings.h
configure:3008: gcc -c -g -O2  conftest.c >&5
configure:3011: $? = 0
configure:3014: test -s conftest.o
configure:3017: $? = 0
configure:3027: result: yes
configure:2995: checking for inttypes.h
configure:3008: gcc -c -g -O2  conftest.c >&5
configure:3011: $? = 0
configure:3014: test -s conftest.o
configure:3017: $? = 0
configure:3027: result: yes
configure:2995: checking for stdint.h
configure:3008: gcc -c -g -O2  conftest.c >&5
configure:3011: $? = 0
configure:3014: test -s conftest.o
configure:3017: $? = 0
configure:3027: result: yes
configure:2995: checking for unistd.h
configure:3008: gcc -c -g -O2  conftest.c >&5
configure:3011: $? = 0
configure:3014: test -s conftest.o
configure:3017: $? = 0
configure:3027: result: yes
configure:3049: checking minix/config.h usability
configure:3058: gcc -c -g -O2  conftest.c >&5
configure:3086:10: fatal error: minix/config.h: No such file or directory
 _ACEOF
          ^               
compilation terminated.
configure:3061: $? = 1
configure: failed program was:
#line 3051 "configure"
#include "confdefs.h"
#include <stdio.h>
#if HAVE_SYS_TYPES_H
# include <sys/types.h>
#endif
#if HAVE_SYS_STAT_H
# include <sys/stat.h>
#endif
#if STDC_HEADERS
# include <stdlib.h>
# include <stddef.h>
#else
# if HAVE_STDLIB_H
#  include <stdlib.h>
# endif
#endif
#if HAVE_STRING_H
# if !STDC_HEADERS && HAVE_MEMORY_H
#  include <memory.h>
# endif
# include <string.h>
#endif
#if HAVE_STRINGS_H
# include <strings.h>
#endif
#if HAVE_INTTYPES_H
# include <inttypes.h>
#else
# if HAVE_STDINT_H
#  include <stdint.h>
# endif
#endif
#if HAVE_UNISTD_H
# include <unistd.h>
#endif
#include <minix/config.h>
configure:3076: result: no
configure:3080: checking minix/config.h presence
configure:3087: gcc -E  conftest.c
configure:3083:10: fatal error: minix/config.h: No such file or directory
 #line $LINENO "configure"
          ^~~~~~~~~~~~~~~~
compilation terminated.
configure:3093: $? = 1
configure: failed program was:
#line 3082 "configure"
#include "confdefs.h"
#include <minix/config.h>
configure:3111: result: no
configure:3129: checking for minix/config.h
configure:3136: result: no
configure:3167: checking for strerror in -lcposix
configure:3200: gcc -o conftest -g -O2   conftest.c -lcposix   >&5
/usr/bin/ld: cannot find -lcposix
collect2: error: ld returned 1 exit status
configure:3203: $? = 1
configure: failed program was:
#line 3174 "configure"
#include "confdefs.h"

/* Override any gcc2 internal prototype to avoid an error.  */
#ifdef __cplusplus
extern "C"
#endif
/* We use char because int might match the return type of a gcc2
   builtin and then its argument prototype would still apply.  */
char strerror ();
#ifdef F77_DUMMY_MAIN
#  ifdef __cplusplus
     extern "C"
#  endif
   int F77_DUMMY_MAIN() { return 1; }
#endif
int
main ()
{
strerror ();
  ;
  return 0;
}
configure:3220: result: no
configure:3232: checking for gcc option to accept ANSI C
configure:3295: gcc  -c -g -O2  conftest.c >&5
configure:3298: $? = 0
configure:3301: test -s conftest.o
configure:3304: $? = 0
configure:3321: result: none needed
configure:3329: checking for an ANSI C-conforming const
configure:3399: gcc -c -g -O2  conftest.c >&5
configure:3402: $? = 0
configure:3405: test -s conftest.o
configure:3408: $? = 0
configure:3418: result: yes
configure:3432: checking for dvips
configure:3463: result: /home/carolhanna/Security_Project/gnu_dataset/indent-2.2.9/config/missing dvips
configure:3472: checking for texi2pdf
configure:3503: result: /home/carolhanna/Security_Project/gnu_dataset/indent-2.2.9/config/missing texi2pdf
configure:3512: checking for texi2html
configure:3543: result: /home/carolhanna/Security_Project/gnu_dataset/indent-2.2.9/config/missing texi2html
configure:3566: checking for msgfmt
configure:3594: result: /usr/bin/msgfmt
configure:3603: checking for gmsgfmt
configure:3634: result: /usr/bin/msgfmt
configure:3644: checking for xgettext
configure:3672: result: /usr/bin/xgettext
configure:3683: checking for msgmerge
configure:3710: result: /usr/bin/msgmerge
configure:3751: checking build system type
configure:3769: result: x86_64-unknown-linux
configure:3779: checking host system type
configure:3793: result: x86_64-unknown-linux
configure:3844: checking for ranlib
configure:3860: found /usr/bin/ranlib
configure:3871: result: ranlib
configure:3883: checking for inline
configure:3900: gcc -c -g -O2  conftest.c >&5
configure:3903: $? = 0
configure:3906: test -s conftest.o
configure:3909: $? = 0
configure:3920: result: inline
configure:3935: checking for off_t
configure:3962: gcc -c -g -O2  conftest.c >&5
configure:3965: $? = 0
configure:3968: test -s conftest.o
configure:3971: $? = 0
configure:3981: result: yes
configure:3993: checking for size_t
configure:4020: gcc -c -g -O2  conftest.c >&5
configure:4023: $? = 0
configure:4026: test -s conftest.o
configure:4029: $? = 0
configure:4039: result: yes
configure:4053: checking for working alloca.h
configure:4077: gcc -o conftest -g -O2   conftest.c  >&5
configure:4080: $? = 0
configure:4083: test -s conftest
configure:4086: $? = 0
configure:4096: result: yes
configure:4106: checking for alloca
configure:4150: gcc -o conftest -g -O2   conftest.c  >&5
configure:4153: $? = 0
configure:4156: test -s conftest
configure:4159: $? = 0
configure:4169: result: yes
configure:4365: checking for stdlib.h
configure:4370: result: yes
configure:4365: checking for unistd.h
configure:4370: result: yes
configure:4478: checking for getpagesize
configure:4521: gcc -o conftest -g -O2   conftest.c  >&5
configure:4524: $? = 0
configure:4527: test -s conftest
configure:4530: $? = 0
configure:4540: result: yes
configure:4550: checking for working mmap
configure:4689: gcc -o conftest -g -O2   conftest.c  >&5
configure: In function 'main':
configure:4694:25: warning: cast from pointer to integer of different size [-Wpointer-to-int-cast]
   { (eval echo "$as_me:$LINENO: \"$ac_try\"") >&5
                         ^
configure:4692: $? = 0
configure:4694: ./conftest
configure:4697: $? = 0
configure:4710: result: yes
configure:4722: checking whether we are using the GNU C Library 2.1 or newer
configure:4750: result: yes
configure:4758: checking whether integer division by zero raises SIGFPE
configure:4817: gcc -o conftest -g -O2   conftest.c  >&5
configure:4794:5: warning: built-in function 'nan' declared as non-function
 int y = 0;
     ^~~
configure:4820: $? = 0
configure:4822: ./conftest
configure:4825: $? = 0
configure:4839: result: yes
configure:4852: checking for inttypes.h
configure:4877: gcc -c -g -O2  conftest.c >&5
configure:4880: $? = 0
configure:4883: test -s conftest.o
configure:4886: $? = 0
configure:4896: result: yes
configure:4907: checking for stdint.h
configure:4932: gcc -c -g -O2  conftest.c >&5
configure:4935: $? = 0
configure:4938: test -s conftest.o
configure:4941: $? = 0
configure:4951: result: yes
configure:4962: checking for unsigned long long
configure:4987: gcc -o conftest -g -O2   conftest.c  >&5
configure:4990: $? = 0
configure:4993: test -s conftest
configure:4996: $? = 0
configure:5006: result: yes
configure:5032: checking for inttypes.h
configure:5058: gcc -c -g -O2  conftest.c >&5
configure:5061: $? = 0
configure:5064: test -s conftest.o
configure:5067: $? = 0
configure:5078: result: yes
configure:5091: checking whether the inttypes.h PRIxNN macros are broken
configure:5120: gcc -c -g -O2  conftest.c >&5
configure:5123: $? = 0
configure:5126: test -s conftest.o
configure:5129: $? = 0
configure:5140: result: no
configure:5178: checking for ld used by GCC
configure:5241: result: /usr/bin/ld
configure:5250: checking if the linker (/usr/bin/ld) is GNU ld
GNU ld (GNU Binutils for Ubuntu) 2.30
configure:5262: result: yes
configure:5268: checking for shared library run path origin
configure:5281: result: done
configure:5709: checking argz.h usability
configure:5718: gcc -c -g -O2  conftest.c >&5
configure:5721: $? = 0
configure:5724: test -s conftest.o
configure:5727: $? = 0
configure:5736: result: yes
configure:5740: checking argz.h presence
configure:5747: gcc -E  conftest.c
configure:5753: $? = 0
configure:5771: result: yes
configure:5789: checking for argz.h
configure:5796: result: yes
configure:5709: checking limits.h usability
configure:5718: gcc -c -g -O2  conftest.c >&5
configure:5721: $? = 0
configure:5724: test -s conftest.o
configure:5727: $? = 0
configure:5736: result: yes
configure:5740: checking limits.h presence
configure:5747: gcc -E  conftest.c
configure:5753: $? = 0
configure:5771: result: yes
configure:5789: checking for limits.h
configure:5796: result: yes
configure:5709: checking locale.h usability
configure:5718: gcc -c -g -O2  conftest.c >&5
configure:5721: $? = 0
configure:5724: test -s conftest.o
configure:5727: $? = 0
configure:5736: result: yes
configure:5740: checking locale.h presence
configure:5747: gcc -E  conftest.c
configure:5753: $? = 0
configure:5771: result: yes
configure:5789: checking for locale.h
configure:5796: result: yes
configure:5709: checking nl_types.h usability
configure:5718: gcc -c -g -O2  conftest.c >&5
configure:5721: $? = 0
configure:5724: test -s conftest.o
configure:5727: $? = 0
configure:5736: result: yes
configure:5740: checking nl_types.h presence
configure:5747: gcc -E  conftest.c
configure:5753: $? = 0
configure:5771: result: yes
configure:5789: checking for nl_types.h
configure:5796: result: yes
configure:5709: checking malloc.h usability
configure:5718: gcc -c -g -O2  conftest.c >&5
configure:5721: $? = 0
configure:5724: test -s conftest.o
configure:5727: $? = 0
configure:5736: result: yes
configure:5740: checking malloc.h presence
configure:5747: gcc -E  conftest.c
configure:5753: $? = 0
configure:5771: result: yes
configure:5789: checking for malloc.h
configure:5796: result: yes
configure:5709: checking stddef.h usability
configure:5718: gcc -c -g -O2  conftest.c >&5
configure:5721: $? = 0
configure:5724: test -s conftest.o
configure:5727: $? = 0
configure:5736: result: yes
configure:5740: checking stddef.h presence
configure:5747: gcc -E  conftest.c
configure:5753: $? = 0
configure:5771: result: yes
configure:5789: checking for stddef.h
configure:5796: result: yes
configure:5700: checking for stdlib.h
configure:5705: result: yes
configure:5700: checking for string.h
configure:5705: result: yes
configure:5700: checking for unistd.h
configure:5705: result: yes
configure:5709: checking sys/param.h usability
configure:5718: gcc -c -g -O2  conftest.c >&5
configure:5721: $? = 0
configure:5724: test -s conftest.o
configure:5727: $? = 0
configure:5736: result: yes
configure:5740: checking sys/param.h presence
configure:5747: gcc -E  conftest.c
configure:5753: $? = 0
configure:5771: result: yes
configure:5789: checking for sys/param.h
configure:5796: result: yes
configure:5835: checking for feof_unlocked
configure:5878: gcc -o conftest -g -O2   conftest.c  >&5
configure:5881: $? = 0
configure:5884: test -s conftest
configure:5887: $? = 0
configure:5897: result: yes
configure:5835: checking for fgets_unlocked
configure:5878: gcc -o conftest -g -O2   conftest.c  >&5
configure:5881: $? = 0
configure:5884: test -s conftest
configure:5887: $? = 0
configure:5897: result: yes
configure:5835: checking for getc_unlocked
configure:5878: gcc -o conftest -g -O2   conftest.c  >&5
configure:5881: $? = 0
configure:5884: test -s conftest
configure:5887: $? = 0
configure:5897: result: yes
configure:5835: checking for getcwd
configure:5878: gcc -o conftest -g -O2   conftest.c  >&5
configure:5881: $? = 0
configure:5884: test -s conftest
configure:5887: $? = 0
configure:5897: result: yes
configure:5835: checking for getegid
configure:5878: gcc -o conftest -g -O2   conftest.c  >&5
configure:5881: $? = 0
configure:5884: test -s conftest
configure:5887: $? = 0
configure:5897: result: yes
configure:5835: checking for geteuid
configure:5878: gcc -o conftest -g -O2   conftest.c  >&5
configure:5881: $? = 0
configure:5884: test -s conftest
configure:5887: $? = 0
configure:5897: result: yes
configure:5835: checking for getgid
configure:5878: gcc -o conftest -g -O2   conftest.c  >&5
configure:5881: $? = 0
configure:5884: test -s conftest
configure:5887: $? = 0
configure:5897: result: yes
configure:5835: checking for getuid
configure:5878: gcc -o conftest -g -O2   conftest.c  >&5
configure:5881: $? = 0
configure:5884: test -s conftest
configure:5887: $? = 0
configure:5897: result: yes
configure:5835: checking for mempcpy
configure:5878: gcc -o conftest -g -O2   conftest.c  >&5
configure:5850:6: warning: conflicting types for built-in function 'mempcpy' [-Wbuiltin-declaration-mismatch]
 /* We use char because int might match the return type of a gcc2
      ^~~~~~~
configure:5881: $? = 0
configure:5884: test -s conftest
configure:5887: $? = 0
configure:5897: result: yes
configure:5835: checking for munmap
configure:5878: gcc -o conftest -g -O2   conftest.c  >&5
configure:5881: $? = 0
configure:5884: test -s conftest
configure:5887: $? = 0
configure:5897: result: yes
configure:5835: checking for putenv
configure:5878: gcc -o conftest -g -O2   conftest.c  >&5
configure:5881: $? = 0
configure:5884: test -s conftest
configure:5887: $? = 0
configure:5897: result: yes
configure:5835: checking for setenv
configure:5878: gcc -o conftest -g -O2   conftest.c  >&5
configure:5881: $? = 0
configure:5884: test -s conftest
configure:5887: $? = 0
configure:5897: result: yes
configure:5835: checking for setlocale
configure:5878: gcc -o conftest -g -O2   conftest.c  >&5
configure:5881: $? = 0
configure:5884: test -s conftest
configure:5887: $? = 0
configure:5897: result: yes
configure:5835: checking for stpcpy
configure:5878: gcc -o conftest -g -O2   conftest.c  >&5
configure:5850:6: warning: conflicting types for built-in function 'stpcpy' [-Wbuiltin-declaration-mismatch]
 /* We use char because int might match the return type of a gcc2
      ^~~~~~
configure:5881: $? = 0
configure:5884: test -s conftest
configure:5887: $? = 0
configure:5897: result: yes
configure:5835: checking for strcasecmp
configure:5878: gcc -o conftest -g -O2   conftest.c  >&5
configure:5850:6: warning: conflicting types for built-in function 'strcasecmp' [-Wbuiltin-declaration-mismatch]
 /* We use char because int might match the return type of a gcc2
      ^~~~~~~~~~
configure:5881: $? = 0
configure:5884: test -s conftest
configure:5887: $? = 0
configure:5897: result: yes
configure:5835: checking for strdup
configure:5878: gcc -o conftest -g -O2   conftest.c  >&5
configure:5850:6: warning: conflicting types for built-in function 'strdup' [-Wbuiltin-declaration-mismatch]
 /* We use char because int might match the return type of a gcc2
      ^~~~~~
configure:5881: $? = 0
configure:5884: test -s conftest
configure:5887: $? = 0
configure:5897: result: yes
configure:5835: checking for strtoul
configure:5878: gcc -o conftest -g -O2   conftest.c  >&5
configure:5881: $? = 0
configure:5884: test -s conftest
configure:5887: $? = 0
configure:5897: result: yes
configure:5835: checking for tsearch
configure:5878: gcc -o conftest -g -O2   conftest.c  >&5
configure:5881: $? = 0
configure:5884: test -s conftest
configure:5887: $? = 0
configure:5897: result: yes
configure:5835: checking for __argz_count
configure:5878: gcc -o conftest -g -O2   conftest.c  >&5
configure:5881: $? = 0
configure:5884: test -s conftest
configure:5887: $? = 0
configure:5897: result: yes
configure:5835: checking for __argz_stringify
configure:5878: gcc -o conftest -g -O2   conftest.c  >&5
configure:5881: $? = 0
configure:5884: test -s conftest
configure:5887: $? = 0
configure:5897: result: yes
configure:5835: checking for __argz_next
configure:5878: gcc -o conftest -g -O2   conftest.c  >&5
configure:5881: $? = 0
configure:5884: test -s conftest
configure:5887: $? = 0
configure:5897: result: yes
configure:5938: checking for iconv
configure:5968: gcc -o conftest -g -O2   conftest.c  >&5
configure:5971: $? = 0
configure:5974: test -s conftest
configure:5977: $? = 0
configure:6032: result: yes
configure:6055: checking for iconv declaration
configure:6092: gcc -c -g -O2  conftest.c >&5
configure:6095: $? = 0
configure:6098: test -s conftest.o
configure:6101: $? = 0
configure:6115: result: 
         extern size_t iconv (iconv_t cd, char * *inbuf, size_t *inbytesleft, char * *outbuf, size_t *outbytesleft);
configure:6126: checking for nl_langinfo and CODESET
configure:6150: gcc -o conftest -g -O2   conftest.c  >&5
configure:6153: $? = 0
configure:6156: test -s conftest
configure:6159: $? = 0
configure:6170: result: yes
configure:6182: checking for LC_MESSAGES
configure:6206: gcc -o conftest -g -O2   conftest.c  >&5
configure:6209: $? = 0
configure:6212: test -s conftest
configure:6215: $? = 0
configure:6225: result: yes
configure:6241: checking for bison
configure:6270: result: no
configure:6310: checking whether NLS is requested
configure:6319: result: yes
configure:6334: checking whether included gettext is requested
configure:6344: result: no
configure:6355: checking for GNU gettext in libc
configure:6382: gcc -o conftest -g -O2   conftest.c  >&5
configure: In function 'main':
configure:6374:8: warning: cast from pointer to integer of different size [-Wpointer-to-int-cast]
 {
        ^
configure:6385: $? = 0
configure:6388: test -s conftest
configure:6391: $? = 0
configure:6401: result: yes
configure:7032: checking for ANSI C header files
configure:7161: result: yes
configure:7178: checking for strchr
configure:7221: gcc -o conftest -g -O2   conftest.c  >&5
configure:7193:6: warning: conflicting types for built-in function 'strchr' [-Wbuiltin-declaration-mismatch]
 /* We use char because int might match the return type of a gcc2
      ^~~~~~
configure:7224: $? = 0
configure:7227: test -s conftest
configure:7230: $? = 0
configure:7240: result: yes
configure:7178: checking for memcpy
configure:7221: gcc -o conftest -g -O2   conftest.c  >&5
configure:7193:6: warning: conflicting types for built-in function 'memcpy' [-Wbuiltin-declaration-mismatch]
 /* We use char because int might match the return type of a gcc2
      ^~~~~~
configure:7224: $? = 0
configure:7227: test -s conftest
configure:7230: $? = 0
configure:7240: result: yes
configure:7178: checking for memmove
configure:7221: gcc -o conftest -g -O2   conftest.c  >&5
configure:7193:6: warning: conflicting types for built-in function 'memmove' [-Wbuiltin-declaration-mismatch]
 /* We use char because int might match the return type of a gcc2
      ^~~~~~~
configure:7224: $? = 0
configure:7227: test -s conftest
configure:7230: $? = 0
configure:7240: result: yes
configure:7178: checking for utime
configure:7221: gcc -o conftest -g -O2   conftest.c  >&5
configure:7224: $? = 0
configure:7227: test -s conftest
configure:7230: $? = 0
configure:7240: result: yes
configure:7259: checking for unistd.h
configure:7264: result: yes
configure:7259: checking for string.h
configure:7264: result: yes
configure:7259: checking for malloc.h
configure:7264: result: yes
configure:7268: checking utime.h usability
configure:7277: gcc -c -g -O2  conftest.c >&5
configure:7280: $? = 0
configure:7283: test -s conftest.o
configure:7286: $? = 0
configure:7295: result: yes
configure:7299: checking utime.h presence
configure:7306: gcc -E  conftest.c
configure:7312: $? = 0
configure:7330: result: yes
configure:7348: checking for utime.h
configure:7355: result: yes
configure:7268: checking sys/utime.h usability
configure:7277: gcc -c -g -O2  conftest.c >&5
configure:7305:10: fatal error: sys/utime.h: No such file or directory
 _ACEOF
          ^            
compilation terminated.
configure:7280: $? = 1
configure: failed program was:
#line 7270 "configure"
#include "confdefs.h"
#include <stdio.h>
#if HAVE_SYS_TYPES_H
# include <sys/types.h>
#endif
#if HAVE_SYS_STAT_H
# include <sys/stat.h>
#endif
#if STDC_HEADERS
# include <stdlib.h>
# include <stddef.h>
#else
# if HAVE_STDLIB_H
#  include <stdlib.h>
# endif
#endif
#if HAVE_STRING_H
# if !STDC_HEADERS && HAVE_MEMORY_H
#  include <memory.h>
# endif
# include <string.h>
#endif
#if HAVE_STRINGS_H
# include <strings.h>
#endif
#if HAVE_INTTYPES_H
# include <inttypes.h>
#else
# if HAVE_STDINT_H
#  include <stdint.h>
# endif
#endif
#if HAVE_UNISTD_H
# include <unistd.h>
#endif
#include <sys/utime.h>
configure:7295: result: no
configure:7299: checking sys/utime.h presence
configure:7306: gcc -E  conftest.c
configure:7302:10: fatal error: sys/utime.h: No such file or directory
 #line $LINENO "configure"
          ^~~~~~~~~~~~~
compilation terminated.
configure:7312: $? = 1
configure: failed program was:
#line 7301 "configure"
#include "confdefs.h"
#include <sys/utime.h>
configure:7330: result: no
configure:7348: checking for sys/utime.h
configure:7355: result: no
configure:7383: checking for dirent.h that defines DIR
configure:7410: gcc -c -g -O2  conftest.c >&5
configure:7413: $? = 0
configure:7416: test -s conftest.o
configure:7419: $? = 0
configure:7429: result: yes
configure:7442: checking for library containing opendir
configure:7475: gcc -o conftest -g -O2   conftest.c  >&5
configure:7478: $? = 0
configure:7481: test -s conftest
configure:7484: $? = 0
configure:7543: result: none required
configure:7758: creating ./config.status

## ---------------------- ##
## Running config.status. ##
## ---------------------- ##

This file was extended by GNU Indent config.status 2.2.9, which was
generated by GNU Autoconf 2.53.  Invocation command line was

  CONFIG_FILES    = 
  CONFIG_HEADERS  = 
  CONFIG_LINKS    = 
  CONFIG_COMMANDS = 
  $ ./config.status 

on rishon

config.status:654: creating m4/Makefile
config.status:654: creating Makefile
config.status:654: creating src/Makefile
config.status:654: creating doc/Makefile
config.status:654: creating man/Makefile
config.status:654: creating po/Makefile.in
config.status:654: creating intl/Makefile
config.status:758: creating config.h
config.status:1109: executing depfiles commands
config.status:1109: executing default-1 commands
config.status:1109: executing default commands

## ---------------- ##
## Cache variables. ##
## ---------------- ##

ac_cv_build=x86_64-unknown-linux
ac_cv_build_alias=x86_64-unknown-linux
ac_cv_c_compiler_gnu=yes
ac_cv_c_const=yes
ac_cv_c_inline=inline
ac_cv_env_CC_set=
ac_cv_env_CC_value=
ac_cv_env_CFLAGS_set=
ac_cv_env_CFLAGS_value=
ac_cv_env_CPPFLAGS_set=
ac_cv_env_CPPFLAGS_value=
ac_cv_env_CPP_set=
ac_cv_env_CPP_value=
ac_cv_env_LDFLAGS_set=
ac_cv_env_LDFLAGS_value=
ac_cv_env_build_alias_set=
ac_cv_env_build_alias_value=
ac_cv_env_host_alias_set=
ac_cv_env_host_alias_value=
ac_cv_env_target_alias_set=
ac_cv_env_target_alias_value=
ac_cv_exeext=
ac_cv_func___argz_count=yes
ac_cv_func___argz_next=yes
ac_cv_func___argz_stringify=yes
ac_cv_func_alloca_works=yes
ac_cv_func_feof_unlocked=yes
ac_cv_func_fgets_unlocked=yes
ac_cv_func_getc_unlocked=yes
ac_cv_func_getcwd=yes
ac_cv_func_getegid=yes
ac_cv_func_geteuid=yes
ac_cv_func_getgid=yes
ac_cv_func_getpagesize=yes
ac_cv_func_getuid=yes
ac_cv_func_memcpy=yes
ac_cv_func_memmove=yes
ac_cv_func_mempcpy=yes
ac_cv_func_mmap_fixed_mapped=yes
ac_cv_func_munmap=yes
ac_cv_func_putenv=yes
ac_cv_func_setenv=yes
ac_cv_func_setlocale=yes
ac_cv_func_stpcpy=yes
ac_cv_func_strcasecmp=yes
ac_cv_func_strchr=yes
ac_cv_func_strdup=yes
ac_cv_func_strtoul=yes
ac_cv_func_tsearch=yes
ac_cv_func_utime=yes
ac_cv_gnu_library_2_1=yes
ac_cv_header_argz_h=yes
ac_cv_header_dirent_dirent_h=yes
ac_cv_header_inttypes_h=yes
ac_cv_header_limits_h=yes
ac_cv_header_locale_h=yes
ac_cv_header_malloc_h=yes
ac_cv_header_memory_h=yes
ac_cv_header_minix_config_h=no
ac_cv_header_nl_types_h=yes
ac_cv_header_stdc=yes
ac_cv_header_stddef_h=yes
ac_cv_header_stdint_h=yes
ac_cv_header_stdlib_h=yes
ac_cv_header_string_h=yes
ac_cv_header_strings_h=yes
ac_cv_header_sys_param_h=yes
ac_cv_header_sys_stat_h=yes
ac_cv_header_sys_types_h=yes
ac_cv_header_sys_utime_h=no
ac_cv_header_unistd_h=yes
ac_cv_header_utime_h=yes
ac_cv_host=x86_64-unknown-linux
ac_cv_host_alias=x86_64-unknown-linux
ac_cv_lib_cposix_strerror=no
ac_cv_objext=o
ac_cv_path_DVIPS='/home/carolhanna/Security_Project/gnu_dataset/indent-2.2.9/config/missing dvips'
ac_cv_path_GMSGFMT=/usr/bin/msgfmt
ac_cv_path_MSGFMT=/usr/bin/msgfmt
ac_cv_path_MSGMERGE=/usr/bin/msgmerge
ac_cv_path_TEXI2HTML='/home/carolhanna/Security_Project/gnu_dataset/indent-2.2.9/config/missing texi2html'
ac_cv_path_TEXI2PDF='/home/carolhanna/Security_Project/gnu_dataset/indent-2.2.9/config/missing texi2pdf'
ac_cv_path_XGETTEXT=/usr/bin/xgettext
ac_cv_path_install='/usr/bin/install -c'
ac_cv_prog_AWK=gawk
ac_cv_prog_CPP='gcc -E'
ac_cv_prog_ac_ct_CC=gcc
ac_cv_prog_ac_ct_RANLIB=ranlib
ac_cv_prog_cc_g=yes
ac_cv_prog_cc_stdc=
ac_cv_prog_make_make_set=yes
ac_cv_search_opendir='none required'
ac_cv_type_off_t=yes
ac_cv_type_size_t=yes
ac_cv_type_unsigned_long_long=yes
ac_cv_working_alloca_h=yes
acl_cv_hardcode_direct=no
acl_cv_hardcode_libdir_flag_spec='${wl}-rpath ${wl}$libdir'
acl_cv_hardcode_libdir_separator=
acl_cv_hardcode_minus_L=no
acl_cv_libext=a
acl_cv_path_LD=/usr/bin/ld
acl_cv_prog_gnu_ld=yes
acl_cv_rpath=done
acl_cv_shlibext=
acl_cv_sys_lib_dlsearch_path_spec='/lib /usr/lib'
acl_cv_sys_lib_search_path_spec='/lib /usr/lib /usr/local/lib'
acl_cv_wl=-Wl,
am_cv_CC_dependencies_compiler_type=gcc3
am_cv_func_iconv=yes
am_cv_langinfo_codeset=yes
am_cv_lib_iconv=no
am_cv_proto_iconv='extern size_t iconv (iconv_t cd, char * *inbuf, size_t *inbytesleft, char * *outbuf, size_t *outbytesleft);'
am_cv_proto_iconv_arg1=
am_cv_val_LC_MESSAGES=yes
gt_cv_func_gnugettext1_libc=yes
gt_cv_header_inttypes_h=yes
gt_cv_int_divbyzero_sigfpe=yes
gt_cv_inttypes_pri_broken=no
jm_ac_cv_header_inttypes_h=yes
jm_ac_cv_header_stdint_h=yes
nls_cv_force_use_gnu_gettext=no
nls_cv_header_intl=
nls_cv_header_libgt=
nls_cv_use_gnu_gettext=no

## ----------- ##
## confdefs.h. ##
## ----------- ##

#define PACKAGE_NAME "GNU Indent"
#define PACKAGE_TARNAME "indent"
#define PACKAGE_VERSION "2.2.9"
#define PACKAGE_STRING "GNU Indent 2.2.9"
#define PACKAGE_BUGREPORT "bug-indent@gnu.org"
#define PACKAGE "indent"
#define VERSION "2.2.9"
#define STDC_HEADERS 1
#define HAVE_SYS_TYPES_H 1
#define HAVE_SYS_STAT_H 1
#define HAVE_STDLIB_H 1
#define HAVE_STRING_H 1
#define HAVE_MEMORY_H 1
#define HAVE_STRINGS_H 1
#define HAVE_INTTYPES_H 1
#define HAVE_STDINT_H 1
#define HAVE_UNISTD_H 1
#define HAVE_ALLOCA_H 1
#define HAVE_ALLOCA 1
#define HAVE_STDLIB_H 1
#define HAVE_UNISTD_H 1
#define HAVE_GETPAGESIZE 1
#define HAVE_MMAP 1
#define INTDIV0_RAISES_SIGFPE 1
#define HAVE_INTTYPES_H_WITH_UINTMAX 1
#define HAVE_STDINT_H_WITH_UINTMAX 1
#define HAVE_UNSIGNED_LONG_LONG 1
#define HAVE_INTTYPES_H 1
#define HAVE_ARGZ_H 1
#define HAVE_LIMITS_H 1
#define HAVE_LOCALE_H 1
#define HAVE_NL_TYPES_H 1
#define HAVE_MALLOC_H 1
#define HAVE_STDDEF_H 1
#define HAVE_STDLIB_H 1
#define HAVE_STRING_H 1
#define HAVE_UNISTD_H 1
#define HAVE_SYS_PARAM_H 1
#define HAVE_FEOF_UNLOCKED 1
#define HAVE_FGETS_UNLOCKED 1
#define HAVE_GETC_UNLOCKED 1
#define HAVE_GETCWD 1
#define HAVE_GETEGID 1
#define HAVE_GETEUID 1
#define HAVE_GETGID 1
#define HAVE_GETUID 1
#define HAVE_MEMPCPY 1
#define HAVE_MUNMAP 1
#define HAVE_PUTENV 1
#define HAVE_SETENV 1
#define HAVE_SETLOCALE 1
#define HAVE_STPCPY 1
#define HAVE_STRCASECMP 1
#define HAVE_STRDUP 1
#define HAVE_STRTOUL 1
#define HAVE_TSEARCH 1
#define HAVE___ARGZ_COUNT 1
#define HAVE___ARGZ_STRINGIFY 1
#define HAVE___ARGZ_NEXT 1
#define HAVE_ICONV 1
#define ICONV_CONST 
#define HAVE_LANGINFO_CODESET 1
#define HAVE_LC_MESSAGES 1
#define ENABLE_NLS 1
#define HAVE_GETTEXT 1
#define HAVE_DCGETTEXT 1
#define STDC_HEADERS 1
#define HAVE_STRCHR 1
#define HAVE_MEMCPY 1
#define HAVE_MEMMOVE 1
#define HAVE_UTIME 1
#define HAVE_UNISTD_H 1
#define HAVE_STRING_H 1
#define HAVE_MALLOC_H 1
#define HAVE_UTIME_H 1
#define HAVE_DIRENT_H 1

configure: exit 0
