This file contains any messages produced by compilers while
running configure, to aid debugging if configure makes a mistake.

It was created by GNU cppi configure 1.12, which was
generated by GNU Autoconf 2.59c.  Invocation command line was

  $ ./configure 

## --------- ##
## Platform. ##
## --------- ##

hostname = rishon
uname -m = x86_64
uname -r = 4.15.0-72-generic
uname -s = Linux
uname -v = #81-Ubuntu SMP Tue Nov 26 12:20:02 UTC 2019

/usr/bin/uname -p = unknown
/bin/uname -X     = unknown

/bin/arch              = unknown
/usr/bin/arch -k       = unknown
/usr/convex/getsysinfo = unknown
/usr/bin/hostinfo      = unknown
/bin/machine           = unknown
/usr/bin/oslevel       = unknown
/bin/universe          = unknown

PATH: /home/carolhanna/miniconda3/bin
PATH: /home/carolhanna/miniconda3/condabin
PATH: /usr/local/sbin
PATH: /usr/local/bin
PATH: /usr/sbin
PATH: /usr/bin
PATH: /sbin
PATH: /bin
PATH: /usr/games
PATH: /usr/local/games
PATH: /snap/bin


## ----------- ##
## Core tests. ##
## ----------- ##

configure:1721: checking for a BSD-compatible install
configure:1776: result: /usr/bin/install -c
configure:1787: checking whether build environment is sane
configure:1830: result: yes
configure:1895: checking for gawk
configure:1911: found /usr/bin/gawk
configure:1921: result: gawk
configure:1931: checking whether make sets $(MAKE)
configure:1952: result: yes
configure:2181: checking for gcc
configure:2197: found /usr/bin/gcc
configure:2207: result: gcc
configure:2433: checking for C compiler version
configure:2435: gcc --version >&5
gcc (Ubuntu 7.5.0-3ubuntu1~18.04) 7.5.0
Copyright (C) 2017 Free Software Foundation, Inc.
This is free software; see the source for copying conditions.  There is NO
warranty; not even for MERCHANTABILITY or FITNESS FOR A PARTICULAR PURPOSE.

configure:2438: $? = 0
configure:2440: gcc -v >&5
Using built-in specs.
COLLECT_GCC=gcc
COLLECT_LTO_WRAPPER=/usr/lib/gcc/x86_64-linux-gnu/7/lto-wrapper
OFFLOAD_TARGET_NAMES=nvptx-none
OFFLOAD_TARGET_DEFAULT=1
Target: x86_64-linux-gnu
Configured with: ../src/configure -v --with-pkgversion='Ubuntu 7.5.0-3ubuntu1~18.04' --with-bugurl=file:///usr/share/doc/gcc-7/README.Bugs --enable-languages=c,ada,c++,go,brig,d,fortran,objc,obj-c++ --prefix=/usr --with-gcc-major-version-only --program-suffix=-7 --program-prefix=x86_64-linux-gnu- --enable-shared --enable-linker-build-id --libexecdir=/usr/lib --without-included-gettext --enable-threads=posix --libdir=/usr/lib --enable-nls --enable-bootstrap --enable-clocale=gnu --enable-libstdcxx-debug --enable-libstdcxx-time=yes --with-default-libstdcxx-abi=new --enable-gnu-unique-object --disable-vtable-verify --enable-libmpx --enable-plugin --enable-default-pie --with-system-zlib --with-target-system-zlib --enable-objc-gc=auto --enable-multiarch --disable-werror --with-arch-32=i686 --with-abi=m64 --with-multilib-list=m32,m64,mx32 --enable-multilib --with-tune=generic --enable-offload-targets=nvptx-none --without-cuda-driver --enable-checking=release --build=x86_64-linux-gnu --host=x86_64-linux-gnu --target=x86_64-linux-gnu
Thread model: posix
gcc version 7.5.0 (Ubuntu 7.5.0-3ubuntu1~18.04) 
configure:2443: $? = 0
configure:2445: gcc -V >&5
gcc: error: unrecognized command line option '-V'
gcc: fatal error: no input files
compilation terminated.
configure:2448: $? = 1
configure:2471: checking for C compiler default output file name
configure:2493: gcc    conftest.c  >&5
configure:2496: $? = 0
configure:2534: result: a.out
configure:2539: checking whether the C compiler works
configure:2545: ./a.out
configure:2548: $? = 0
configure:2565: result: yes
configure:2572: checking whether we are cross compiling
configure:2574: result: no
configure:2577: checking for suffix of executables
configure:2579: gcc -o conftest    conftest.c  >&5
configure:2582: $? = 0
configure:2607: result: 
configure:2613: checking for suffix of object files
configure:2634: gcc -c   conftest.c >&5
configure:2637: $? = 0
configure:2660: result: o
configure:2664: checking whether we are using the GNU C compiler
configure:2688: gcc -c   conftest.c >&5
configure:2694: $? = 0
configure:2698: test -z 
			 || test ! -s conftest.err
configure:2701: $? = 0
configure:2704: test -s conftest.o
configure:2707: $? = 0
configure:2720: result: yes
configure:2725: checking whether gcc accepts -g
configure:2750: gcc -c -g  conftest.c >&5
configure:2756: $? = 0
configure:2760: test -z yes
			 || test ! -s conftest.err
configure:2763: $? = 0
configure:2766: test -s conftest.o
configure:2769: $? = 0
configure:2871: result: yes
configure:2888: checking for gcc option to accept ISO C89
configure:2952: gcc  -c -g -O2  conftest.c >&5
configure:2958: $? = 0
configure:2962: test -z 
			 || test ! -s conftest.err
configure:2965: $? = 0
configure:2968: test -s conftest.o
configure:2971: $? = 0
configure:2989: result: none needed
configure:3011: gcc -c -g -O2  conftest.c >&5
conftest.c:2:3: error: unknown type name 'choke'
   choke me
   ^~~~~
conftest.c:2:3: error: expected '=', ',', ';', 'asm' or '__attribute__' at end of input
configure:3017: $? = 1
configure: failed program was:
| #ifndef __cplusplus
|   choke me
| #endif
configure:3161: checking for style of include used by make
configure:3189: result: GNU
configure:3218: checking dependency style of gcc
configure:3308: result: gcc3
configure:3337: checking how to run the C preprocessor
configure:3372: gcc -E  conftest.c
configure:3378: $? = 0
configure:3410: gcc -E  conftest.c
conftest.c:11:10: fatal error: ac_nonexistent.h: No such file or directory
 #include <ac_nonexistent.h>
          ^~~~~~~~~~~~~~~~~~
compilation terminated.
configure:3416: $? = 1
configure: failed program was:
| /* confdefs.h.  */
| #define PACKAGE_NAME "GNU cppi"
| #define PACKAGE_TARNAME "cppi"
| #define PACKAGE_VERSION "1.12"
| #define PACKAGE_STRING "GNU cppi 1.12"
| #define PACKAGE_BUGREPORT "bug-cppi@gnu.org"
| #define PACKAGE "cppi"
| #define VERSION "1.12"
| #define _GNU_SOURCE 1
| /* end confdefs.h.  */
| #include <ac_nonexistent.h>
configure:3455: result: gcc -E
configure:3479: gcc -E  conftest.c
configure:3485: $? = 0
configure:3517: gcc -E  conftest.c
conftest.c:11:10: fatal error: ac_nonexistent.h: No such file or directory
 #include <ac_nonexistent.h>
          ^~~~~~~~~~~~~~~~~~
compilation terminated.
configure:3523: $? = 1
configure: failed program was:
| /* confdefs.h.  */
| #define PACKAGE_NAME "GNU cppi"
| #define PACKAGE_TARNAME "cppi"
| #define PACKAGE_VERSION "1.12"
| #define PACKAGE_STRING "GNU cppi 1.12"
| #define PACKAGE_BUGREPORT "bug-cppi@gnu.org"
| #define PACKAGE "cppi"
| #define VERSION "1.12"
| #define _GNU_SOURCE 1
| /* end confdefs.h.  */
| #include <ac_nonexistent.h>
configure:3567: checking for grep that handles long lines and -e
configure:3641: result: /bin/grep
configure:3646: checking for egrep
configure:3724: result: /bin/grep -E
configure:3730: checking for AIX
configure:3752: result: no
configure:3758: checking for ANSI C header files
configure:3783: gcc -c -g -O2  conftest.c >&5
configure:3789: $? = 0
configure:3793: test -z 
			 || test ! -s conftest.err
configure:3796: $? = 0
configure:3799: test -s conftest.o
configure:3802: $? = 0
configure:3892: gcc -o conftest -g -O2   conftest.c  >&5
configure:3895: $? = 0
configure:3897: ./conftest
configure:3900: $? = 0
configure:3915: result: yes
configure:3939: checking for sys/types.h
configure:3955: gcc -c -g -O2  conftest.c >&5
configure:3961: $? = 0
configure:3965: test -z 
			 || test ! -s conftest.err
configure:3968: $? = 0
configure:3971: test -s conftest.o
configure:3974: $? = 0
configure:3986: result: yes
configure:3939: checking for sys/stat.h
configure:3955: gcc -c -g -O2  conftest.c >&5
configure:3961: $? = 0
configure:3965: test -z 
			 || test ! -s conftest.err
configure:3968: $? = 0
configure:3971: test -s conftest.o
configure:3974: $? = 0
configure:3986: result: yes
configure:3939: checking for stdlib.h
configure:3955: gcc -c -g -O2  conftest.c >&5
configure:3961: $? = 0
configure:3965: test -z 
			 || test ! -s conftest.err
configure:3968: $? = 0
configure:3971: test -s conftest.o
configure:3974: $? = 0
configure:3986: result: yes
configure:3939: checking for string.h
configure:3955: gcc -c -g -O2  conftest.c >&5
configure:3961: $? = 0
configure:3965: test -z 
			 || test ! -s conftest.err
configure:3968: $? = 0
configure:3971: test -s conftest.o
configure:3974: $? = 0
configure:3986: result: yes
configure:3939: checking for memory.h
configure:3955: gcc -c -g -O2  conftest.c >&5
configure:3961: $? = 0
configure:3965: test -z 
			 || test ! -s conftest.err
configure:3968: $? = 0
configure:3971: test -s conftest.o
configure:3974: $? = 0
configure:3986: result: yes
configure:3939: checking for strings.h
configure:3955: gcc -c -g -O2  conftest.c >&5
configure:3961: $? = 0
configure:3965: test -z 
			 || test ! -s conftest.err
configure:3968: $? = 0
configure:3971: test -s conftest.o
configure:3974: $? = 0
configure:3986: result: yes
configure:3939: checking for inttypes.h
configure:3955: gcc -c -g -O2  conftest.c >&5
configure:3961: $? = 0
configure:3965: test -z 
			 || test ! -s conftest.err
configure:3968: $? = 0
configure:3971: test -s conftest.o
configure:3974: $? = 0
configure:3986: result: yes
configure:3939: checking for stdint.h
configure:3955: gcc -c -g -O2  conftest.c >&5
configure:3961: $? = 0
configure:3965: test -z 
			 || test ! -s conftest.err
configure:3968: $? = 0
configure:3971: test -s conftest.o
configure:3974: $? = 0
configure:3986: result: yes
configure:3939: checking for unistd.h
configure:3955: gcc -c -g -O2  conftest.c >&5
configure:3961: $? = 0
configure:3965: test -z 
			 || test ! -s conftest.err
configure:3968: $? = 0
configure:3971: test -s conftest.o
configure:3974: $? = 0
configure:3986: result: yes
configure:4008: checking minix/config.h usability
configure:4020: gcc -c -g -O2  conftest.c >&5
conftest.c:54:10: fatal error: minix/config.h: No such file or directory
 #include <minix/config.h>
          ^~~~~~~~~~~~~~~~
compilation terminated.
configure:4026: $? = 1
configure: failed program was:
| /* confdefs.h.  */
| #define PACKAGE_NAME "GNU cppi"
| #define PACKAGE_TARNAME "cppi"
| #define PACKAGE_VERSION "1.12"
| #define PACKAGE_STRING "GNU cppi 1.12"
| #define PACKAGE_BUGREPORT "bug-cppi@gnu.org"
| #define PACKAGE "cppi"
| #define VERSION "1.12"
| #define _GNU_SOURCE 1
| #define STDC_HEADERS 1
| #define HAVE_SYS_TYPES_H 1
| #define HAVE_SYS_STAT_H 1
| #define HAVE_STDLIB_H 1
| #define HAVE_STRING_H 1
| #define HAVE_MEMORY_H 1
| #define HAVE_STRINGS_H 1
| #define HAVE_INTTYPES_H 1
| #define HAVE_STDINT_H 1
| #define HAVE_UNISTD_H 1
| /* end confdefs.h.  */
| #include <stdio.h>
| #if HAVE_SYS_TYPES_H
| # include <sys/types.h>
| #endif
| #if HAVE_SYS_STAT_H
| # include <sys/stat.h>
| #endif
| #if STDC_HEADERS
| # include <stdlib.h>
| # include <stddef.h>
| #else
| # if HAVE_STDLIB_H
| #  include <stdlib.h>
| # endif
| #endif
| #if HAVE_STRING_H
| # if !STDC_HEADERS && HAVE_MEMORY_H
| #  include <memory.h>
| # endif
| # include <string.h>
| #endif
| #if HAVE_STRINGS_H
| # include <strings.h>
| #endif
| #if HAVE_INTTYPES_H
| # include <inttypes.h>
| #endif
| #if HAVE_STDINT_H
| # include <stdint.h>
| #endif
| #if HAVE_UNISTD_H
| # include <unistd.h>
| #endif
| #include <minix/config.h>
configure:4049: result: no
configure:4053: checking minix/config.h presence
configure:4063: gcc -E  conftest.c
conftest.c:21:10: fatal error: minix/config.h: No such file or directory
 #include <minix/config.h>
          ^~~~~~~~~~~~~~~~
compilation terminated.
configure:4069: $? = 1
configure: failed program was:
| /* confdefs.h.  */
| #define PACKAGE_NAME "GNU cppi"
| #define PACKAGE_TARNAME "cppi"
| #define PACKAGE_VERSION "1.12"
| #define PACKAGE_STRING "GNU cppi 1.12"
| #define PACKAGE_BUGREPORT "bug-cppi@gnu.org"
| #define PACKAGE "cppi"
| #define VERSION "1.12"
| #define _GNU_SOURCE 1
| #define STDC_HEADERS 1
| #define HAVE_SYS_TYPES_H 1
| #define HAVE_SYS_STAT_H 1
| #define HAVE_STDLIB_H 1
| #define HAVE_STRING_H 1
| #define HAVE_MEMORY_H 1
| #define HAVE_STRINGS_H 1
| #define HAVE_INTTYPES_H 1
| #define HAVE_STDINT_H 1
| #define HAVE_UNISTD_H 1
| /* end confdefs.h.  */
| #include <minix/config.h>
configure:4089: result: no
configure:4124: checking for minix/config.h
configure:4131: result: no
configure:4196: checking for a BSD-compatible install
configure:4251: result: /usr/bin/install -c
configure:4262: checking whether make sets $(MAKE)
configure:4283: result: yes
configure:4296: checking for flex
configure:4325: result: no
configure:4296: checking for lex
configure:4325: result: no
configure:4335: checking for yywrap in -lfl
configure:4365: gcc -o conftest -g -O2   conftest.c -lfl   >&5
/usr/bin/ld: cannot find -lfl
collect2: error: ld returned 1 exit status
configure:4371: $? = 1
configure: failed program was:
| /* confdefs.h.  */
| #define PACKAGE_NAME "GNU cppi"
| #define PACKAGE_TARNAME "cppi"
| #define PACKAGE_VERSION "1.12"
| #define PACKAGE_STRING "GNU cppi 1.12"
| #define PACKAGE_BUGREPORT "bug-cppi@gnu.org"
| #define PACKAGE "cppi"
| #define VERSION "1.12"
| #define _GNU_SOURCE 1
| #define STDC_HEADERS 1
| #define HAVE_SYS_TYPES_H 1
| #define HAVE_SYS_STAT_H 1
| #define HAVE_STDLIB_H 1
| #define HAVE_STRING_H 1
| #define HAVE_MEMORY_H 1
| #define HAVE_STRINGS_H 1
| #define HAVE_INTTYPES_H 1
| #define HAVE_STDINT_H 1
| #define HAVE_UNISTD_H 1
| #define __EXTENSIONS__ 1
| #define _POSIX_PTHREAD_SEMANTICS 1
| /* end confdefs.h.  */
| 
| /* Override any gcc2 internal prototype to avoid an error.  */
| #ifdef __cplusplus
| extern "C"
| #endif
| /* We use char because int might match the return type of a gcc2
|    builtin and then its argument prototype would still apply.  */
| char yywrap ();
| int
| main ()
| {
| yywrap ();
|   ;
|   return 0;
| }
configure:4397: result: no
configure:4402: checking for yywrap in -ll
configure:4432: gcc -o conftest -g -O2   conftest.c -ll   >&5
/usr/bin/ld: cannot find -ll
collect2: error: ld returned 1 exit status
configure:4438: $? = 1
configure: failed program was:
| /* confdefs.h.  */
| #define PACKAGE_NAME "GNU cppi"
| #define PACKAGE_TARNAME "cppi"
| #define PACKAGE_VERSION "1.12"
| #define PACKAGE_STRING "GNU cppi 1.12"
| #define PACKAGE_BUGREPORT "bug-cppi@gnu.org"
| #define PACKAGE "cppi"
| #define VERSION "1.12"
| #define _GNU_SOURCE 1
| #define STDC_HEADERS 1
| #define HAVE_SYS_TYPES_H 1
| #define HAVE_SYS_STAT_H 1
| #define HAVE_STDLIB_H 1
| #define HAVE_STRING_H 1
| #define HAVE_MEMORY_H 1
| #define HAVE_STRINGS_H 1
| #define HAVE_INTTYPES_H 1
| #define HAVE_STDINT_H 1
| #define HAVE_UNISTD_H 1
| #define __EXTENSIONS__ 1
| #define _POSIX_PTHREAD_SEMANTICS 1
| /* end confdefs.h.  */
| 
| /* Override any gcc2 internal prototype to avoid an error.  */
| #ifdef __cplusplus
| extern "C"
| #endif
| /* We use char because int might match the return type of a gcc2
|    builtin and then its argument prototype would still apply.  */
| char yywrap ();
| int
| main ()
| {
| yywrap ();
|   ;
|   return 0;
| }
configure:4464: result: no
configure:4610: checking for ranlib
configure:4626: found /usr/bin/ranlib
configure:4636: result: ranlib
configure:4663: checking for working alloca.h
configure:4684: gcc -o conftest -g -O2   conftest.c  >&5
configure:4690: $? = 0
configure:4694: test -z 
			 || test ! -s conftest.err
configure:4697: $? = 0
configure:4700: test -s conftest
configure:4703: $? = 0
configure:4715: result: yes
configure:4725: checking for alloca
configure:4766: gcc -o conftest -g -O2   conftest.c  >&5
configure:4772: $? = 0
configure:4776: test -z 
			 || test ! -s conftest.err
configure:4779: $? = 0
configure:4782: test -s conftest
configure:4785: $? = 0
configure:4797: result: yes
configure:5022: checking whether strerror_r is declared
configure:5046: gcc -c -g -O2  conftest.c >&5
configure:5052: $? = 0
configure:5056: test -z 
			 || test ! -s conftest.err
configure:5059: $? = 0
configure:5062: test -s conftest.o
configure:5065: $? = 0
configure:5076: result: yes
configure:5098: checking for strerror_r
configure:5155: gcc -o conftest -g -O2   conftest.c  >&5
configure:5161: $? = 0
configure:5165: test -z 
			 || test ! -s conftest.err
configure:5168: $? = 0
configure:5171: test -s conftest
configure:5174: $? = 0
configure:5187: result: yes
configure:5197: checking whether strerror_r returns char *
configure:5225: gcc -c -g -O2  conftest.c >&5
configure:5231: $? = 0
configure:5235: test -z 
			 || test ! -s conftest.err
configure:5238: $? = 0
configure:5241: test -s conftest.o
configure:5244: $? = 0
configure:5304: result: yes
configure:5331: checking getopt.h usability
configure:5343: gcc -c -g -O2  conftest.c >&5
configure:5349: $? = 0
configure:5353: test -z 
			 || test ! -s conftest.err
configure:5356: $? = 0
configure:5359: test -s conftest.o
configure:5362: $? = 0
configure:5372: result: yes
configure:5376: checking getopt.h presence
configure:5386: gcc -E  conftest.c
configure:5392: $? = 0
configure:5412: result: yes
configure:5447: checking for getopt.h
configure:5455: result: yes
configure:5477: checking for getopt_long_only
configure:5534: gcc -o conftest -g -O2   conftest.c  >&5
configure:5540: $? = 0
configure:5544: test -z 
			 || test ! -s conftest.err
configure:5547: $? = 0
configure:5550: test -s conftest
configure:5553: $? = 0
configure:5566: result: yes
configure:5581: checking whether optreset is declared
configure:5606: gcc -c -g -O2  conftest.c >&5
conftest.c: In function 'main':
conftest.c:36:22: error: 'optreset' undeclared (first use in this function); did you mean 'optopt'?
   char *p = (char *) optreset;
                      ^~~~~~~~
                      optopt
conftest.c:36:22: note: each undeclared identifier is reported only once for each function it appears in
configure:5612: $? = 1
configure: failed program was:
| /* confdefs.h.  */
| #define PACKAGE_NAME "GNU cppi"
| #define PACKAGE_TARNAME "cppi"
| #define PACKAGE_VERSION "1.12"
| #define PACKAGE_STRING "GNU cppi 1.12"
| #define PACKAGE_BUGREPORT "bug-cppi@gnu.org"
| #define PACKAGE "cppi"
| #define VERSION "1.12"
| #define _GNU_SOURCE 1
| #define STDC_HEADERS 1
| #define HAVE_SYS_TYPES_H 1
| #define HAVE_SYS_STAT_H 1
| #define HAVE_STDLIB_H 1
| #define HAVE_STRING_H 1
| #define HAVE_MEMORY_H 1
| #define HAVE_STRINGS_H 1
| #define HAVE_INTTYPES_H 1
| #define HAVE_STDINT_H 1
| #define HAVE_UNISTD_H 1
| #define __EXTENSIONS__ 1
| #define _POSIX_PTHREAD_SEMANTICS 1
| #define HAVE_ALLOCA_H 1
| #define HAVE_ALLOCA 1
| #define HAVE_DECL_STRERROR_R 1
| #define HAVE_STRERROR_R 1
| #define STRERROR_R_CHAR_P 1
| #define HAVE_GETOPT_H 1
| #define HAVE_GETOPT_LONG_ONLY 1
| /* end confdefs.h.  */
| #include <getopt.h>
| 
| int
| main ()
| {
| #ifndef optreset
|   char *p = (char *) optreset;
| #endif
| 
|   ;
|   return 0;
| }
configure:5636: result: no
configure:5645: checking for working GNU getopt function
configure:5737: gcc -o conftest -g -O2   conftest.c  >&5
configure:5740: $? = 0
configure:5742: ./conftest
conftest: invalid option -- '+'
configure:5745: $? = 0
configure:5759: result: yes
configure:5767: checking whether memrchr is declared
configure:5791: gcc -c -g -O2  conftest.c >&5
configure:5797: $? = 0
configure:5801: test -z 
			 || test ! -s conftest.err
configure:5804: $? = 0
configure:5807: test -s conftest.o
configure:5810: $? = 0
configure:5821: result: yes
configure:5841: checking for inttypes.h
configure:5863: gcc -c -g -O2  conftest.c >&5
configure:5869: $? = 0
configure:5873: test -z 
			 || test ! -s conftest.err
configure:5876: $? = 0
configure:5879: test -s conftest.o
configure:5882: $? = 0
configure:5893: result: yes
configure:5904: checking for stdint.h
configure:5926: gcc -c -g -O2  conftest.c >&5
configure:5932: $? = 0
configure:5936: test -z 
			 || test ! -s conftest.err
configure:5939: $? = 0
configure:5942: test -s conftest.o
configure:5945: $? = 0
configure:5956: result: yes
configure:5967: checking for unsigned long long
configure:5989: gcc -o conftest -g -O2   conftest.c  >&5
configure:5995: $? = 0
configure:5999: test -z 
			 || test ! -s conftest.err
configure:6002: $? = 0
configure:6005: test -s conftest
configure:6008: $? = 0
configure:6020: result: yes
configure:6070: checking wchar.h usability
configure:6082: gcc -c -g -O2  conftest.c >&5
configure:6088: $? = 0
configure:6092: test -z 
			 || test ! -s conftest.err
configure:6095: $? = 0
configure:6098: test -s conftest.o
configure:6101: $? = 0
configure:6111: result: yes
configure:6115: checking wchar.h presence
configure:6125: gcc -E  conftest.c
configure:6131: $? = 0
configure:6151: result: yes
configure:6186: checking for wchar.h
configure:6194: result: yes
configure:6070: checking wctype.h usability
configure:6082: gcc -c -g -O2  conftest.c >&5
configure:6088: $? = 0
configure:6092: test -z 
			 || test ! -s conftest.err
configure:6095: $? = 0
configure:6098: test -s conftest.o
configure:6101: $? = 0
configure:6111: result: yes
configure:6115: checking wctype.h presence
configure:6125: gcc -E  conftest.c
configure:6131: $? = 0
configure:6151: result: yes
configure:6186: checking for wctype.h
configure:6194: result: yes
configure:6070: checking sys/time.h usability
configure:6082: gcc -c -g -O2  conftest.c >&5
configure:6088: $? = 0
configure:6092: test -z 
			 || test ! -s conftest.err
configure:6095: $? = 0
configure:6098: test -s conftest.o
configure:6101: $? = 0
configure:6111: result: yes
configure:6115: checking sys/time.h presence
configure:6125: gcc -E  conftest.c
configure:6131: $? = 0
configure:6151: result: yes
configure:6186: checking for sys/time.h
configure:6194: result: yes
configure:6226: checking for iswprint
configure:6283: gcc -o conftest -g -O2   conftest.c  >&5
conftest.c:62:6: warning: conflicting types for built-in function 'iswprint' [-Wbuiltin-declaration-mismatch]
 char iswprint ();
      ^~~~~~~~
configure:6289: $? = 0
configure:6293: test -z 
			 || test ! -s conftest.err
configure:6296: $? = 0
configure:6299: test -s conftest
configure:6302: $? = 0
configure:6315: result: yes
configure:6226: checking for mbsinit
configure:6283: gcc -o conftest -g -O2   conftest.c  >&5
configure:6289: $? = 0
configure:6293: test -z 
			 || test ! -s conftest.err
configure:6296: $? = 0
configure:6299: test -s conftest
configure:6302: $? = 0
configure:6315: result: yes
configure:6226: checking for isascii
configure:6283: gcc -o conftest -g -O2   conftest.c  >&5
conftest.c:64:6: warning: conflicting types for built-in function 'isascii' [-Wbuiltin-declaration-mismatch]
 char isascii ();
      ^~~~~~~
configure:6289: $? = 0
configure:6293: test -z 
			 || test ! -s conftest.err
configure:6296: $? = 0
configure:6299: test -s conftest
configure:6302: $? = 0
configure:6315: result: yes
configure:6336: checking whether stat file-mode macros are broken
configure:6384: result: no
configure:6394: checking for stdbool.h that conforms to C99
configure:6453: gcc -c -g -O2  conftest.c >&5
conftest.c:67:4: warning: variably modified 'd' at file scope
    char d[(bool) -0.5 == true ? 1 : -1];
    ^~~~
conftest.c:69:4: warning: variably modified 'f' at file scope
    char f[(_Bool) -0.0 == false ? 1 : -1];
    ^~~~
configure:6459: $? = 0
configure:6463: test -z 
			 || test ! -s conftest.err
configure:6466: $? = 0
configure:6469: test -s conftest.o
configure:6472: $? = 0
configure:6483: result: yes
configure:6485: checking for _Bool
configure:6509: gcc -c -g -O2  conftest.c >&5
configure:6515: $? = 0
configure:6519: test -z 
			 || test ! -s conftest.err
configure:6522: $? = 0
configure:6525: test -s conftest.o
configure:6528: $? = 0
configure:6539: result: yes
configure:6557: checking whether time.h and sys/time.h may both be included
configure:6582: gcc -c -g -O2  conftest.c >&5
configure:6588: $? = 0
configure:6592: test -z 
			 || test ! -s conftest.err
configure:6595: $? = 0
configure:6598: test -s conftest.o
configure:6601: $? = 0
configure:6612: result: yes
configure:6629: checking whether clearerr_unlocked is declared
configure:6653: gcc -c -g -O2  conftest.c >&5
configure:6659: $? = 0
configure:6663: test -z 
			 || test ! -s conftest.err
configure:6666: $? = 0
configure:6669: test -s conftest.o
configure:6672: $? = 0
configure:6683: result: yes
configure:6703: checking whether feof_unlocked is declared
configure:6727: gcc -c -g -O2  conftest.c >&5
configure:6733: $? = 0
configure:6737: test -z 
			 || test ! -s conftest.err
configure:6740: $? = 0
configure:6743: test -s conftest.o
configure:6746: $? = 0
configure:6757: result: yes
configure:6777: checking whether ferror_unlocked is declared
configure:6801: gcc -c -g -O2  conftest.c >&5
configure:6807: $? = 0
configure:6811: test -z 
			 || test ! -s conftest.err
configure:6814: $? = 0
configure:6817: test -s conftest.o
configure:6820: $? = 0
configure:6831: result: yes
configure:6851: checking whether fflush_unlocked is declared
configure:6875: gcc -c -g -O2  conftest.c >&5
configure:6881: $? = 0
configure:6885: test -z 
			 || test ! -s conftest.err
configure:6888: $? = 0
configure:6891: test -s conftest.o
configure:6894: $? = 0
configure:6905: result: yes
configure:6925: checking whether fgets_unlocked is declared
configure:6949: gcc -c -g -O2  conftest.c >&5
configure:6955: $? = 0
configure:6959: test -z 
			 || test ! -s conftest.err
configure:6962: $? = 0
configure:6965: test -s conftest.o
configure:6968: $? = 0
configure:6979: result: yes
configure:6999: checking whether fputc_unlocked is declared
configure:7023: gcc -c -g -O2  conftest.c >&5
configure:7029: $? = 0
configure:7033: test -z 
			 || test ! -s conftest.err
configure:7036: $? = 0
configure:7039: test -s conftest.o
configure:7042: $? = 0
configure:7053: result: yes
configure:7073: checking whether fputs_unlocked is declared
configure:7097: gcc -c -g -O2  conftest.c >&5
configure:7103: $? = 0
configure:7107: test -z 
			 || test ! -s conftest.err
configure:7110: $? = 0
configure:7113: test -s conftest.o
configure:7116: $? = 0
configure:7127: result: yes
configure:7147: checking whether fread_unlocked is declared
configure:7171: gcc -c -g -O2  conftest.c >&5
configure:7177: $? = 0
configure:7181: test -z 
			 || test ! -s conftest.err
configure:7184: $? = 0
configure:7187: test -s conftest.o
configure:7190: $? = 0
configure:7201: result: yes
configure:7221: checking whether fwrite_unlocked is declared
configure:7245: gcc -c -g -O2  conftest.c >&5
configure:7251: $? = 0
configure:7255: test -z 
			 || test ! -s conftest.err
configure:7258: $? = 0
configure:7261: test -s conftest.o
configure:7264: $? = 0
configure:7275: result: yes
configure:7295: checking whether getc_unlocked is declared
configure:7319: gcc -c -g -O2  conftest.c >&5
configure:7325: $? = 0
configure:7329: test -z 
			 || test ! -s conftest.err
configure:7332: $? = 0
configure:7335: test -s conftest.o
configure:7338: $? = 0
configure:7349: result: yes
configure:7369: checking whether getchar_unlocked is declared
configure:7393: gcc -c -g -O2  conftest.c >&5
configure:7399: $? = 0
configure:7403: test -z 
			 || test ! -s conftest.err
configure:7406: $? = 0
configure:7409: test -s conftest.o
configure:7412: $? = 0
configure:7423: result: yes
configure:7443: checking whether putc_unlocked is declared
configure:7467: gcc -c -g -O2  conftest.c >&5
configure:7473: $? = 0
configure:7477: test -z 
			 || test ! -s conftest.err
configure:7480: $? = 0
configure:7483: test -s conftest.o
configure:7486: $? = 0
configure:7497: result: yes
configure:7517: checking whether putchar_unlocked is declared
configure:7541: gcc -c -g -O2  conftest.c >&5
configure:7547: $? = 0
configure:7551: test -z 
			 || test ! -s conftest.err
configure:7554: $? = 0
configure:7557: test -s conftest.o
configure:7560: $? = 0
configure:7571: result: yes
configure:7590: checking for inline
configure:7611: gcc -c -g -O2  conftest.c >&5
configure:7617: $? = 0
configure:7621: test -z 
			 || test ! -s conftest.err
configure:7624: $? = 0
configure:7627: test -s conftest.o
configure:7630: $? = 0
configure:7642: result: inline
configure:7662: checking for long long
configure:7684: gcc -o conftest -g -O2   conftest.c  >&5
configure:7690: $? = 0
configure:7694: test -z 
			 || test ! -s conftest.err
configure:7697: $? = 0
configure:7700: test -s conftest
configure:7703: $? = 0
configure:7715: result: yes
configure:7766: checking whether strtoimax is declared
configure:7790: gcc -c -g -O2  conftest.c >&5
configure:7796: $? = 0
configure:7800: test -z 
			 || test ! -s conftest.err
configure:7803: $? = 0
configure:7806: test -s conftest.o
configure:7809: $? = 0
configure:7820: result: yes
configure:7836: checking whether strtoumax is declared
configure:7860: gcc -c -g -O2  conftest.c >&5
configure:7866: $? = 0
configure:7870: test -z 
			 || test ! -s conftest.err
configure:7873: $? = 0
configure:7876: test -s conftest.o
configure:7879: $? = 0
configure:7890: result: yes
configure:7965: checking for atexit
configure:8022: gcc -o conftest -g -O2   conftest.c  >&5
configure:8028: $? = 0
configure:8032: test -z 
			 || test ! -s conftest.err
configure:8035: $? = 0
configure:8038: test -s conftest
configure:8041: $? = 0
configure:8054: result: yes
configure:8096: checking for error_at_line
configure:8117: gcc -o conftest -g -O2   conftest.c  >&5
conftest.c: In function 'main':
conftest.c:100:1: warning: implicit declaration of function 'error_at_line' [-Wimplicit-function-declaration]
 error_at_line (0, 0, "", 0, "");
 ^~~~~~~~~~~~~
configure:8123: $? = 0
configure:8127: test -z 
			 || test ! -s conftest.err
configure:8130: $? = 0
configure:8133: test -s conftest
configure:8136: $? = 0
configure:8148: result: yes
configure:8199: checking stdio_ext.h usability
configure:8211: gcc -c -g -O2  conftest.c >&5
configure:8217: $? = 0
configure:8221: test -z 
			 || test ! -s conftest.err
configure:8224: $? = 0
configure:8227: test -s conftest.o
configure:8230: $? = 0
configure:8240: result: yes
configure:8244: checking stdio_ext.h presence
configure:8254: gcc -E  conftest.c
configure:8260: $? = 0
configure:8280: result: yes
configure:8315: checking for stdio_ext.h
configure:8323: result: yes
configure:8340: checking for __fpending
configure:8397: gcc -o conftest -g -O2   conftest.c  >&5
configure:8403: $? = 0
configure:8407: test -z 
			 || test ! -s conftest.err
configure:8410: $? = 0
configure:8413: test -s conftest
configure:8416: $? = 0
configure:8429: result: yes
configure:8455: checking whether __fpending is declared
configure:8480: gcc -c -g -O2  conftest.c >&5
configure:8486: $? = 0
configure:8490: test -z 
			 || test ! -s conftest.err
configure:8493: $? = 0
configure:8496: test -s conftest.o
configure:8499: $? = 0
configure:8510: result: yes
configure:8668: checking for stdlib.h
configure:8674: result: yes
configure:8815: checking for GNU libc compatible malloc
configure:8844: gcc -o conftest -g -O2   conftest.c  >&5
configure:8847: $? = 0
configure:8849: ./conftest
configure:8852: $? = 0
configure:8866: result: yes
configure:8914: checking for memrchr
configure:8971: gcc -o conftest -g -O2   conftest.c  >&5
configure:8977: $? = 0
configure:8981: test -z 
			 || test ! -s conftest.err
configure:8984: $? = 0
configure:8987: test -s conftest
configure:8990: $? = 0
configure:9003: result: yes
configure:9029: checking for obstacks
configure:9050: gcc -o conftest -g -O2   conftest.c  >&5
configure:9056: $? = 0
configure:9060: test -z 
			 || test ! -s conftest.err
configure:9063: $? = 0
configure:9066: test -s conftest
configure:9069: $? = 0
configure:9081: result: yes
configure:9155: checking for mbstate_t
configure:9177: gcc -c -g -O2  conftest.c >&5
configure:9183: $? = 0
configure:9187: test -z 
			 || test ! -s conftest.err
configure:9190: $? = 0
configure:9193: test -s conftest.o
configure:9196: $? = 0
configure:9207: result: yes
configure:9223: checking whether mbrtowc and mbstate_t are properly declared
configure:9248: gcc -o conftest -g -O2   conftest.c  >&5
configure:9254: $? = 0
configure:9258: test -z 
			 || test ! -s conftest.err
configure:9261: $? = 0
configure:9264: test -s conftest
configure:9267: $? = 0
configure:9279: result: yes
configure:9295: checking for stdlib.h
configure:9301: result: yes
configure:9442: checking for GNU libc compatible realloc
configure:9471: gcc -o conftest -g -O2   conftest.c  >&5
configure:9474: $? = 0
configure:9476: ./conftest
configure:9479: $? = 0
configure:9493: result: yes
configure:9555: checking for stpcpy
configure:9612: gcc -o conftest -g -O2   conftest.c  >&5
conftest.c:99:6: warning: conflicting types for built-in function 'stpcpy' [-Wbuiltin-declaration-mismatch]
 char stpcpy ();
      ^~~~~~
configure:9618: $? = 0
configure:9622: test -z 
			 || test ! -s conftest.err
configure:9625: $? = 0
configure:9628: test -s conftest
configure:9631: $? = 0
configure:9644: result: yes
configure:9693: checking for struct timespec
configure:9725: gcc -c -g -O2  conftest.c >&5
configure:9731: $? = 0
configure:9735: test -z 
			 || test ! -s conftest.err
configure:9738: $? = 0
configure:9741: test -s conftest.o
configure:9744: $? = 0
configure:9756: result: yes
configure:9767: checking for nanoseconds member of struct stat.st_mtim
configure:9798: gcc -c -g -O2  -DST_MTIM_NSEC=tv_nsec conftest.c >&5
configure:9804: $? = 0
configure:9808: test -z 
			 || test ! -s conftest.err
configure:9811: $? = 0
configure:9814: test -s conftest.o
configure:9817: $? = 0
configure:9829: result: tv_nsec
configure:9844: checking whether nanosleep is declared
configure:9869: gcc -c -g -O2  conftest.c >&5
configure:9875: $? = 0
configure:9879: test -z 
			 || test ! -s conftest.err
configure:9882: $? = 0
configure:9885: test -s conftest.o
configure:9888: $? = 0
configure:9899: result: yes
configure:10019: checking for inline
configure:10071: result: inline
configure:10098: checking for dirent.h that defines DIR
configure:10122: gcc -c -g -O2  conftest.c >&5
configure:10128: $? = 0
configure:10132: test -z 
			 || test ! -s conftest.err
configure:10135: $? = 0
configure:10138: test -s conftest.o
configure:10141: $? = 0
configure:10153: result: yes
configure:10166: checking for library containing opendir
configure:10196: gcc -o conftest -g -O2   conftest.c  >&5
configure:10202: $? = 0
configure:10206: test -z 
			 || test ! -s conftest.err
configure:10209: $? = 0
configure:10212: test -s conftest
configure:10215: $? = 0
configure:10285: result: none required
configure:10485: checking for atexit
configure:10574: result: yes
configure:10618: checking for error_at_line
configure:10670: result: yes
configure:10715: checking for stdio_ext.h
configure:10721: result: yes
configure:10866: checking for __fpending
configure:10955: result: yes
configure:10981: checking whether __fpending is declared
configure:11036: result: yes
configure:11197: checking for stdlib.h
configure:11203: result: yes
configure:11344: checking for GNU libc compatible malloc
configure:11395: result: yes
configure:11444: checking for memrchr
configure:11533: result: yes
configure:11560: checking for obstacks
configure:11612: result: yes
configure:11688: checking for mbstate_t
configure:11740: result: yes
configure:11756: checking whether mbrtowc and mbstate_t are properly declared
configure:11812: result: yes
configure:11829: checking for stdlib.h
configure:11835: result: yes
configure:11976: checking for GNU libc compatible realloc
configure:12027: result: yes
configure:12092: checking for stpcpy
configure:12181: result: yes
configure:12231: checking for struct timespec
configure:12294: result: yes
configure:12305: checking for nanoseconds member of struct stat.st_mtim
configure:12367: result: tv_nsec
configure:12382: checking whether nanosleep is declared
configure:12437: result: yes
configure:12664: creating ./config.status

## ---------------------- ##
## Running config.status. ##
## ---------------------- ##

This file was extended by GNU cppi config.status 1.12, which was
generated by GNU Autoconf 2.59c.  Invocation command line was

  CONFIG_FILES    = 
  CONFIG_HEADERS  = 
  CONFIG_LINKS    = 
  CONFIG_COMMANDS = 
  $ ./config.status 

on rishon

config.status:607: creating Makefile
config.status:607: creating lib/Makefile
config.status:607: creating po/Makefile
config.status:607: creating src/Makefile
config.status:607: creating tests/Makefile
config.status:607: creating man/Makefile
config.status:607: creating config.h
config.status:900: executing depfiles commands

## ---------------- ##
## Cache variables. ##
## ---------------- ##

ac_cv_c_compiler_gnu=yes
ac_cv_c_inline=inline
ac_cv_env_CC_set=
ac_cv_env_CC_value=
ac_cv_env_CFLAGS_set=
ac_cv_env_CFLAGS_value=
ac_cv_env_CPPFLAGS_set=
ac_cv_env_CPPFLAGS_value=
ac_cv_env_CPP_set=
ac_cv_env_CPP_value=
ac_cv_env_LDFLAGS_set=
ac_cv_env_LDFLAGS_value=
ac_cv_env_build_alias_set=
ac_cv_env_build_alias_value=
ac_cv_env_host_alias_set=
ac_cv_env_host_alias_value=
ac_cv_env_target_alias_set=
ac_cv_env_target_alias_value=
ac_cv_exeext=
ac_cv_func___fpending=yes
ac_cv_func_alloca_works=yes
ac_cv_func_atexit=yes
ac_cv_func_getopt_long_only=yes
ac_cv_func_isascii=yes
ac_cv_func_iswprint=yes
ac_cv_func_malloc_0_nonnull=yes
ac_cv_func_mbsinit=yes
ac_cv_func_memrchr=yes
ac_cv_func_obstack=yes
ac_cv_func_realloc_0_nonnull=yes
ac_cv_func_stpcpy=yes
ac_cv_func_strerror_r=yes
ac_cv_func_strerror_r_char_p=yes
ac_cv_have_decl___fpending=yes
ac_cv_have_decl_clearerr_unlocked=yes
ac_cv_have_decl_feof_unlocked=yes
ac_cv_have_decl_ferror_unlocked=yes
ac_cv_have_decl_fflush_unlocked=yes
ac_cv_have_decl_fgets_unlocked=yes
ac_cv_have_decl_fputc_unlocked=yes
ac_cv_have_decl_fputs_unlocked=yes
ac_cv_have_decl_fread_unlocked=yes
ac_cv_have_decl_fwrite_unlocked=yes
ac_cv_have_decl_getc_unlocked=yes
ac_cv_have_decl_getchar_unlocked=yes
ac_cv_have_decl_memrchr=yes
ac_cv_have_decl_nanosleep=yes
ac_cv_have_decl_optreset=no
ac_cv_have_decl_putc_unlocked=yes
ac_cv_have_decl_putchar_unlocked=yes
ac_cv_have_decl_strerror_r=yes
ac_cv_have_decl_strtoimax=yes
ac_cv_have_decl_strtoumax=yes
ac_cv_header_dirent_dirent_h=yes
ac_cv_header_getopt_h=yes
ac_cv_header_inttypes_h=yes
ac_cv_header_memory_h=yes
ac_cv_header_minix_config_h=no
ac_cv_header_stat_broken=no
ac_cv_header_stdbool_h=yes
ac_cv_header_stdc=yes
ac_cv_header_stdint_h=yes
ac_cv_header_stdio_ext_h=yes
ac_cv_header_stdlib_h=yes
ac_cv_header_string_h=yes
ac_cv_header_strings_h=yes
ac_cv_header_sys_stat_h=yes
ac_cv_header_sys_time_h=yes
ac_cv_header_sys_types_h=yes
ac_cv_header_time=yes
ac_cv_header_unistd_h=yes
ac_cv_header_wchar_h=yes
ac_cv_header_wctype_h=yes
ac_cv_lib_error_at_line=yes
ac_cv_lib_fl_yywrap=no
ac_cv_lib_l_yywrap=no
ac_cv_objext=o
ac_cv_path_EGREP='/bin/grep -E'
ac_cv_path_GREP=/bin/grep
ac_cv_path_install='/usr/bin/install -c'
ac_cv_prog_AWK=gawk
ac_cv_prog_CPP='gcc -E'
ac_cv_prog_ac_ct_CC=gcc
ac_cv_prog_ac_ct_RANLIB=ranlib
ac_cv_prog_cc_c89=
ac_cv_prog_cc_g=yes
ac_cv_prog_make_make_set=yes
ac_cv_search_opendir='none required'
ac_cv_struct_st_mtim_nsec=tv_nsec
ac_cv_type__Bool=yes
ac_cv_type_long_long=yes
ac_cv_type_mbstate_t=yes
ac_cv_type_unsigned_long_long=yes
ac_cv_working_alloca_h=yes
am_cv_CC_dependencies_compiler_type=gcc3
fu_cv_sys_struct_timespec=yes
gl_cv_func_gnu_getopt=yes
gl_cv_func_mbrtowc=yes
gl_cv_header_inttypes_h=yes
gl_cv_header_stdint_h=yes

## ----------------- ##
## Output variables. ##
## ----------------- ##

ACLOCAL='${SHELL} /home/carolhanna/Security_Project/gnu_dataset/cppi-1.12/build-aux/missing --run aclocal-1.9'
ALLOCA=''
ALLOCA_H='alloca.h'
AMDEPBACKSLASH='\'
AMDEP_FALSE='#'
AMDEP_TRUE=''
AMTAR='${SHELL} /home/carolhanna/Security_Project/gnu_dataset/cppi-1.12/build-aux/missing --run tar'
AUTOCONF='${SHELL} /home/carolhanna/Security_Project/gnu_dataset/cppi-1.12/build-aux/missing --run autoconf'
AUTOHEADER='${SHELL} /home/carolhanna/Security_Project/gnu_dataset/cppi-1.12/build-aux/missing --run autoheader'
AUTOMAKE='${SHELL} /home/carolhanna/Security_Project/gnu_dataset/cppi-1.12/build-aux/missing --run automake-1.9'
AWK='gawk'
CC='gcc'
CCDEPMODE='depmode=gcc3'
CFLAGS='-g -O2'
CPP='gcc -E'
CPPFLAGS=''
CYGPATH_W='echo'
DEFS='-DHAVE_CONFIG_H'
DEPDIR='.deps'
ECHO_C=''
ECHO_N='-n'
ECHO_T=''
EGREP='/bin/grep -E'
EXEEXT=''
GETOPT_H=''
GNU_PACKAGE='GNU cppi'
GREP='/bin/grep'
HAVE__BOOL='1'
HELP2MAN='${SHELL} /home/carolhanna/Security_Project/gnu_dataset/cppi-1.12/build-aux/missing --run help2man'
INSTALL_DATA='${INSTALL} -m 644'
INSTALL_PROGRAM='${INSTALL}'
INSTALL_SCRIPT='${INSTALL}'
INSTALL_STRIP_PROGRAM='${SHELL} $(install_sh) -c -s'
LDFLAGS=''
LEX='${SHELL} /home/carolhanna/Security_Project/gnu_dataset/cppi-1.12/build-aux/missing --run flex'
LEXLIB=''
LEX_OUTPUT_ROOT=''
LIBOBJS=' ${LIBOBJDIR}closeout$U.o ${LIBOBJDIR}exitfail$U.o ${LIBOBJDIR}quote$U.o ${LIBOBJDIR}quotearg$U.o ${LIBOBJDIR}xmalloc$U.o ${LIBOBJDIR}xstrtol$U.o ${LIBOBJDIR}xstrtoul$U.o'
LIBS=''
LTLIBOBJS=' ${LIBOBJDIR}closeout$U.lo ${LIBOBJDIR}exitfail$U.lo ${LIBOBJDIR}quote$U.lo ${LIBOBJDIR}quotearg$U.lo ${LIBOBJDIR}xmalloc$U.lo ${LIBOBJDIR}xstrtol$U.lo ${LIBOBJDIR}xstrtoul$U.lo'
MAKEINFO='${SHELL} /home/carolhanna/Security_Project/gnu_dataset/cppi-1.12/build-aux/missing --run makeinfo'
OBJEXT='o'
PACKAGE='cppi'
PACKAGE_BUGREPORT='bug-cppi@gnu.org'
PACKAGE_NAME='GNU cppi'
PACKAGE_STRING='GNU cppi 1.12'
PACKAGE_TARNAME='cppi'
PACKAGE_VERSION='1.12'
PATH_SEPARATOR=':'
RANLIB='ranlib'
SET_MAKE=''
SHELL='/bin/bash'
STDBOOL_H=''
STRIP=''
VERSION='1.12'
ac_ct_CC='gcc'
ac_ct_RANLIB='ranlib'
ac_ct_STRIP=''
am__fastdepCC_FALSE='#'
am__fastdepCC_TRUE=''
am__include='include'
am__leading_dot='.'
am__quote=''
am__tar='${AMTAR} chof - "$$tardir"'
am__untar='${AMTAR} xf -'
bindir='${exec_prefix}/bin'
build_alias=''
datadir='${datarootdir}'
datarootdir='${prefix}/share'
docdir='${datarootdir}/doc/${PACKAGE_TARNAME}'
dvidir='${docdir}'
exec_prefix='${prefix}'
host_alias=''
htmldir='${docdir}'
includedir='${prefix}/include'
infodir='${datarootdir}/info'
install_sh='/home/carolhanna/Security_Project/gnu_dataset/cppi-1.12/build-aux/install-sh'
libdir='${exec_prefix}/lib'
libexecdir='${exec_prefix}/libexec'
localedir='${datarootdir}/locale'
localstatedir='${prefix}/var'
mandir='${datarootdir}/man'
mkdir_p='mkdir -p --'
oldincludedir='/usr/include'
pdfdir='${docdir}'
prefix='/usr/local'
program_transform_name='s,x,x,'
psdir='${docdir}'
sbindir='${exec_prefix}/sbin'
sharedstatedir='${prefix}/com'
sysconfdir='${prefix}/etc'
target_alias=''

## ----------- ##
## confdefs.h. ##
## ----------- ##

#define GNU_PACKAGE "GNU cppi"
#define HAVE_ALLOCA 1
#define HAVE_ALLOCA 1
#define HAVE_ALLOCA 1
#define HAVE_ALLOCA_H 1
#define HAVE_ALLOCA_H 1
#define HAVE_ALLOCA_H 1
#define HAVE_ATEXIT 1
#define HAVE_ATEXIT 1
#define HAVE_DECL_CLEARERR_UNLOCKED 1
#define HAVE_DECL_FEOF_UNLOCKED 1
#define HAVE_DECL_FERROR_UNLOCKED 1
#define HAVE_DECL_FFLUSH_UNLOCKED 1
#define HAVE_DECL_FGETS_UNLOCKED 1
#define HAVE_DECL_FPUTC_UNLOCKED 1
#define HAVE_DECL_FPUTS_UNLOCKED 1
#define HAVE_DECL_FREAD_UNLOCKED 1
#define HAVE_DECL_FWRITE_UNLOCKED 1
#define HAVE_DECL_GETCHAR_UNLOCKED 1
#define HAVE_DECL_GETC_UNLOCKED 1
#define HAVE_DECL_MEMRCHR 1
#define HAVE_DECL_NANOSLEEP 1
#define HAVE_DECL_NANOSLEEP 1
#define HAVE_DECL_PUTCHAR_UNLOCKED 1
#define HAVE_DECL_PUTC_UNLOCKED 1
#define HAVE_DECL_STRERROR_R 1
#define HAVE_DECL_STRTOIMAX 1
#define HAVE_DECL_STRTOUMAX 1
#define HAVE_DECL___FPENDING 1
#define HAVE_DECL___FPENDING 1
#define HAVE_DIRENT_H 1
#define HAVE_GETOPT_H 1
#define HAVE_GETOPT_LONG_ONLY 1
#define HAVE_INTMAX_T 1
#define HAVE_INTTYPES_H 1
#define HAVE_INTTYPES_H_WITH_UINTMAX 1
#define HAVE_ISASCII 1
#define HAVE_ISWPRINT 1
#define HAVE_LONG_LONG 1
#define HAVE_MALLOC 1
#define HAVE_MALLOC 1
#define HAVE_MBRTOWC 1
#define HAVE_MBRTOWC 1
#define HAVE_MBSINIT 1
#define HAVE_MBSTATE_T 1
#define HAVE_MBSTATE_T 1
#define HAVE_MEMORY_H 1
#define HAVE_MEMRCHR 1
#define HAVE_MEMRCHR 1
#define HAVE_OBSTACK 1
#define HAVE_OBSTACK 1
#define HAVE_REALLOC 1
#define HAVE_REALLOC 1
#define HAVE_STDBOOL_H 1
#define HAVE_STDINT_H 1
#define HAVE_STDINT_H_WITH_UINTMAX 1
#define HAVE_STDIO_EXT_H 1
#define HAVE_STDIO_EXT_H 1
#define HAVE_STDLIB_H 1
#define HAVE_STDLIB_H 1
#define HAVE_STDLIB_H 1
#define HAVE_STDLIB_H 1
#define HAVE_STDLIB_H 1
#define HAVE_STPCPY 1
#define HAVE_STPCPY 1
#define HAVE_STRERROR_R 1
#define HAVE_STRINGS_H 1
#define HAVE_STRING_H 1
#define HAVE_STRUCT_TIMESPEC 1
#define HAVE_STRUCT_TIMESPEC 1
#define HAVE_SYS_STAT_H 1
#define HAVE_SYS_TIME_H 1
#define HAVE_SYS_TYPES_H 1
#define HAVE_UINTMAX_T 1
#define HAVE_UNISTD_H 1
#define HAVE_UNSIGNED_LONG_LONG 1
#define HAVE_WCHAR_H 1
#define HAVE_WCTYPE_H 1
#define HAVE__BOOL 1
#define HAVE___FPENDING 1
#define HAVE___FPENDING 1
#define PACKAGE "cppi"
#define PACKAGE_BUGREPORT "bug-cppi@gnu.org"
#define PACKAGE_NAME "GNU cppi"
#define PACKAGE_STRING "GNU cppi 1.12"
#define PACKAGE_TARNAME "cppi"
#define PACKAGE_VERSION "1.12"
#define STDC_HEADERS 1
#define STRERROR_R_CHAR_P 1
#define ST_MTIM_NSEC tv_nsec
#define ST_MTIM_NSEC tv_nsec
#define TIME_WITH_SYS_TIME 1
#define USE_UNLOCKED_IO 1
#define USE_UNLOCKED_IO 1
#define VERSION "1.12"
#define _GNU_SOURCE 1
#define _POSIX_PTHREAD_SEMANTICS 1
#define __EXTENSIONS__ 1

configure: exit 0
