This file contains any messages produced by compilers while
running configure, to aid debugging if configure makes a mistake.

configure:590: checking for a BSD compatible install
configure:643: checking whether build environment is sane
configure:700: checking whether make sets ${MAKE}
configure:746: checking for working aclocal
configure:759: checking for working autoconf
configure:772: checking for working automake
configure:785: checking for working autoheader
configure:798: checking for working makeinfo
configure:812: checking whether make sets ${MAKE}
configure:839: checking whether build environment is sane
configure:911: checking for a BSD compatible install
configure:970: checking host system type
configure:993: checking for gcc
configure:1106: checking whether the C compiler (gcc  ) works
configure:1122: gcc -o conftest    conftest.c  1>&5
configure:1119:1: warning: return type defaults to 'int' [-Wimplicit-int]
 main(){return(0);}
 ^~~~
configure:1148: checking whether the C compiler (gcc  ) is a cross-compiler
configure:1153: checking whether we are using GNU C
configure:1162: gcc -E conftest.c
configure:1181: checking whether gcc accepts -g
configure:1213: checking how to run the C preprocessor
configure:1234: gcc -E  conftest.c >/dev/null 2>conftest.out
configure:1387: checking for AIX
configure:1411: checking for POSIXized ISC
configure:1433: checking for minix/config.h
configure:1443: gcc -E  conftest.c >/dev/null 2>conftest.out
configure:1439:10: fatal error: minix/config.h: No such file or directory
 #include <minix/config.h>
          ^~~~~~~~~~~~~~~~
compilation terminated.
configure: failed program was:
#line 1438 "configure"
#include "confdefs.h"
#include <minix/config.h>
configure:1481: checking for getpwnam in -lsun
configure:1500: gcc -o conftest -g -O2   conftest.c -lsun   1>&5
/usr/bin/ld: cannot find -lsun
collect2: error: ld returned 1 exit status
configure: failed program was:
#line 1489 "configure"
#include "confdefs.h"
/* Override any gcc2 internal prototype to avoid an error.  */
/* We use char because int might match the return type of a gcc2
    builtin and then its argument prototype would still apply.  */
char getpwnam();

int main() {
getpwnam()
; return 0; }
configure:1530: checking for ANSI C header files
configure:1543: gcc -E  conftest.c >/dev/null 2>conftest.out
configure:1610: gcc -o conftest -g -O2   conftest.c  1>&5
configure: In function 'main':
configure:1605:67: warning: implicit declaration of function 'exit' [-Wimplicit-function-declaration]
 if (XOR (islower (i), ISLOWER (i)) || toupper (i) != TOUPPER (i)) exit(2);
                                                                   ^~~~
configure:1605:67: warning: incompatible implicit declaration of built-in function 'exit'
configure:1605:67: note: include '<stdlib.h>' or provide a declaration of 'exit'
configure:1606:1: warning: incompatible implicit declaration of built-in function 'exit'
 exit (0); }
 ^~~~
configure:1606:1: note: include '<stdlib.h>' or provide a declaration of 'exit'
configure:1637: checking for unistd.h
configure:1647: gcc -E  conftest.c >/dev/null 2>conftest.out
configure:1637: checking for stdlib.h
configure:1647: gcc -E  conftest.c >/dev/null 2>conftest.out
configure:1637: checking for string.h
configure:1647: gcc -E  conftest.c >/dev/null 2>conftest.out
configure:1637: checking for memory.h
configure:1647: gcc -E  conftest.c >/dev/null 2>conftest.out
configure:1637: checking for values.h
configure:1647: gcc -E  conftest.c >/dev/null 2>conftest.out
configure:1678: checking for sys/param.h
configure:1688: gcc -E  conftest.c >/dev/null 2>conftest.out
configure:1678: checking for sys/mount.h
configure:1688: gcc -E  conftest.c >/dev/null 2>conftest.out
configure:1678: checking for sys/vfs.h
configure:1688: gcc -E  conftest.c >/dev/null 2>conftest.out
configure:1678: checking for sys/filsys.h
configure:1688: gcc -E  conftest.c >/dev/null 2>conftest.out
configure:1684:10: fatal error: sys/filsys.h: No such file or directory
 #include <$ac_hdr>
          ^~~~~~~~~     
compilation terminated.
configure: failed program was:
#line 1683 "configure"
#include "confdefs.h"
#include <sys/filsys.h>
configure:1678: checking for fcntl.h
configure:1688: gcc -E  conftest.c >/dev/null 2>conftest.out
configure:1718: checking for sys/statfs.h
configure:1728: gcc -E  conftest.c >/dev/null 2>conftest.out
configure:1718: checking for sys/dustat.h
configure:1728: gcc -E  conftest.c >/dev/null 2>conftest.out
configure:1724:10: fatal error: sys/dustat.h: No such file or directory
 #include <$ac_hdr>
          ^~~~~~~~~     
compilation terminated.
configure: failed program was:
#line 1723 "configure"
#include "confdefs.h"
#include <sys/dustat.h>
configure:1718: checking for sys/statvfs.h
configure:1728: gcc -E  conftest.c >/dev/null 2>conftest.out
configure:1718: checking for sys/sioctl.h
configure:1728: gcc -E  conftest.c >/dev/null 2>conftest.out
configure:1724:10: fatal error: sys/sioctl.h: No such file or directory
 #include <$ac_hdr>
          ^~~~~~~~~     
compilation terminated.
configure: failed program was:
#line 1723 "configure"
#include "confdefs.h"
#include <sys/sioctl.h>
configure:1718: checking for stddef.h
configure:1728: gcc -E  conftest.c >/dev/null 2>conftest.out
configure:1756: checking for broken sys/filsys.h
configure:1772: gcc -o conftest -g -O2   conftest.c  1>&5
configure:1795: checking for dirent.h that defines DIR
configure:1808: gcc -c -g -O2  conftest.c 1>&5
configure:1833: checking for opendir in -ldir
configure:1852: gcc -o conftest -g -O2   conftest.c -ldir   1>&5
/usr/bin/ld: cannot find -ldir
collect2: error: ld returned 1 exit status
configure: failed program was:
#line 1841 "configure"
#include "confdefs.h"
/* Override any gcc2 internal prototype to avoid an error.  */
/* We use char because int might match the return type of a gcc2
    builtin and then its argument prototype would still apply.  */
char opendir();

int main() {
opendir()
; return 0; }
configure:1917: checking for working const
configure:1971: gcc -c -g -O2  conftest.c 1>&5
configure:1993: checking return type of signal handlers
configure:2015: gcc -c -g -O2  conftest.c 1>&5
configure:2034: checking for mode_t
configure:2067: checking for off_t
configure:2100: checking for pid_t
configure:2133: checking for size_t
configure:2166: checking for uid_t in sys/types.h
configure:2204: checking for sys/time.h
configure:2214: gcc -E  conftest.c >/dev/null 2>conftest.out
configure:2241: checking whether time.h and sys/time.h may both be included
configure:2255: gcc -c -g -O2  conftest.c 1>&5
configure:2277: checking for long file names
configure:2322: checking whether stat file-mode macros are broken
configure:2379: checking for sys/wait.h that is POSIX.1 compatible
configure:2400: gcc -c -g -O2  conftest.c 1>&5
configure:2425: checking for lstat
configure:2453: gcc -o conftest -g -O2   conftest.c  1>&5
configure:2425: checking for sigaction
configure:2453: gcc -o conftest -g -O2   conftest.c  1>&5
configure:2425: checking for strerror
configure:2453: gcc -o conftest -g -O2   conftest.c  1>&5
configure:2425: checking for strcasecmp
configure:2453: gcc -o conftest -g -O2   conftest.c  1>&5
configure:2437:6: warning: conflicting types for built-in function 'strcasecmp' [-Wbuiltin-declaration-mismatch]
 char $ac_func();
      ^~~~~~~~~~
configure:2425: checking for strncasecmp
configure:2453: gcc -o conftest -g -O2   conftest.c  1>&5
configure:2437:6: warning: conflicting types for built-in function 'strncasecmp' [-Wbuiltin-declaration-mismatch]
 char $ac_func();
      ^~~~~~~~~~~
configure:2425: checking for strstr
configure:2453: gcc -o conftest -g -O2   conftest.c  1>&5
configure:2437:6: warning: conflicting types for built-in function 'strstr' [-Wbuiltin-declaration-mismatch]
 char $ac_func();
      ^~~~~~
configure:2425: checking for memmove
configure:2453: gcc -o conftest -g -O2   conftest.c  1>&5
configure:2437:6: warning: conflicting types for built-in function 'memmove' [-Wbuiltin-declaration-mismatch]
 char $ac_func();
      ^~~~~~~
configure:2425: checking for putenv
configure:2453: gcc -o conftest -g -O2   conftest.c  1>&5
configure:2425: checking for setenv
configure:2453: gcc -o conftest -g -O2   conftest.c  1>&5
configure:2425: checking for getcwd
configure:2453: gcc -o conftest -g -O2   conftest.c  1>&5
configure:2425: checking for rename
configure:2453: gcc -o conftest -g -O2   conftest.c  1>&5
configure:2425: checking for readlink
configure:2453: gcc -o conftest -g -O2   conftest.c  1>&5
configure:2479: checking how to get filesystem space usage
configure:2489: checking for statvfs
configure:2517: gcc -o conftest -g -O2   conftest.c  1>&5
configure:2815: checking for tilde_expand in -lreadline
configure:2834: gcc -o conftest -g -O2   conftest.c -lreadline   1>&5
configure:2862: checking for tilde_expand
configure:2890: gcc -o conftest -g -O2   conftest.c -lreadline  1>&5
configure:2911: checking for using_history
configure:2939: gcc -o conftest -g -O2   conftest.c -lreadline  1>&5
configure:2961: checking for dumb C compiler
configure:2979: gcc -o conftest -g -O2   conftest.c -lreadline  1>&5
configure:3003: checking for struct utsname
configure:3025: gcc -o conftest -g -O2   conftest.c -lreadline  1>&5
configure:3049: checking for POSIX compatible terminal interface
configure:3067: gcc -o conftest -g -O2   conftest.c -lreadline  1>&5
configure:3091: checking for System V compatible terminal interface
configure:3109: gcc -o conftest -g -O2   conftest.c -lreadline  1>&5
configure:3133: checking for BSD compatible terminal interface
configure:3155: gcc -o conftest -g -O2   conftest.c -lreadline  1>&5
configure: In function 'main':
configure:3144:20: error: storage size of 'arg' isn't known
      struct sgttyb arg;
                    ^~~
configure:3145:20: error: storage size of 'targ' isn't known
      struct tchars targ;
                    ^~~~
configure:3146:21: error: storage size of 'ltarg' isn't known
      struct ltchars ltarg;
                     ^~~~~
configure:3148:15: error: 'TIOCGETP' undeclared (first use in this function); did you mean 'TIOCGETD'?
      ioctl(0, TIOCGETP,&arg);
               ^~~~~~~~
               TIOCGETD
configure:3148:15: note: each undeclared identifier is reported only once for each function it appears in
configure:3149:15: error: 'TIOCGETC' undeclared (first use in this function); did you mean 'TIOCGETP'?
      ioctl(0, TIOCGETC,&targ);
               ^~~~~~~~
               TIOCGETP
configure:3150:15: error: 'TIOCGLTC' undeclared (first use in this function); did you mean 'TIOCGETC'?
      ioctl(0, TIOCGLTC,&ltarg);
               ^~~~~~~~
               TIOCGETC
configure: failed program was:
#line 3139 "configure"
#include "confdefs.h"

#include <sgtty.h>
int main() {
{
	    struct sgttyb arg;
	    struct tchars targ;
	    struct ltchars ltarg;

	    ioctl(0, TIOCGETP,&arg);
	    ioctl(0, TIOCGETC,&targ);
	    ioctl(0, TIOCGLTC,&ltarg);
	}
; return 0; }
configure:3180: checking for struct winsz
configure:3211: gcc -o conftest -g -O2   conftest.c -lreadline  1>&5
configure:3518: checking for tgetent in -ltermcap
configure:3537: gcc -o conftest -g -O2   conftest.c -ltermcap  -lreadline  1>&5
configure:3804: checking for makeinfo
configure:3838: checking for texi2dvi
configure:3872: checking for texi2html
