This file contains any messages produced by compilers while
running configure, to aid debugging if configure makes a mistake.

It was created by GNU Guile-RPC configure 0.4, which was
generated by GNU Autoconf 2.69.  Invocation command line was

  $ ./configure 

## --------- ##
## Platform. ##
## --------- ##

hostname = rishon
uname -m = x86_64
uname -r = 4.15.0-72-generic
uname -s = Linux
uname -v = #81-Ubuntu SMP Tue Nov 26 12:20:02 UTC 2019

/usr/bin/uname -p = unknown
/bin/uname -X     = unknown

/bin/arch              = unknown
/usr/bin/arch -k       = unknown
/usr/convex/getsysinfo = unknown
/usr/bin/hostinfo      = unknown
/bin/machine           = unknown
/usr/bin/oslevel       = unknown
/bin/universe          = unknown

PATH: /home/carolhanna/miniconda3/bin
PATH: /home/carolhanna/miniconda3/condabin
PATH: /usr/local/sbin
PATH: /usr/local/bin
PATH: /usr/sbin
PATH: /usr/bin
PATH: /sbin
PATH: /bin
PATH: /usr/games
PATH: /usr/local/games
PATH: /snap/bin


## ----------- ##
## Core tests. ##
## ----------- ##

configure:1791: checking for a BSD-compatible install
configure:1859: result: /usr/bin/install -c
configure:1870: checking whether build environment is sane
configure:1925: result: yes
configure:2076: checking for a thread-safe mkdir -p
configure:2115: result: /bin/mkdir -p
configure:2122: checking for gawk
configure:2138: found /usr/bin/gawk
configure:2149: result: gawk
configure:2160: checking whether make sets $(MAKE)
configure:2182: result: yes
configure:2211: checking whether make supports nested variables
configure:2228: result: yes
configure:2414: checking for pkg-config
configure:2432: found /usr/bin/pkg-config
configure:2444: result: /usr/bin/pkg-config
configure:2469: checking pkg-config is at least version 0.9.0
configure:2472: result: yes
configure:2500: checking for guile 2.0
configure:2503: $PKG_CONFIG --exists --print-errors "guile-$v"
Package guile-2.0 was not found in the pkg-config search path.
Perhaps you should add the directory containing `guile-2.0.pc'
to the PKG_CONFIG_PATH environment variable
No package 'guile-2.0' found
configure:2506: $? = 1
configure:2500: checking for guile 1.8
configure:2503: $PKG_CONFIG --exists --print-errors "guile-$v"
Package guile-1.8 was not found in the pkg-config search path.
Perhaps you should add the directory containing `guile-1.8.pc'
to the PKG_CONFIG_PATH environment variable
No package 'guile-1.8' found
configure:2506: $? = 1
configure:2514: error: 
No Guile development packages were found.

Please verify that you have Guile installed.  If you installed Guile
from a binary distribution, please verify that you have also installed
the development packages.  If you installed it yourself, you might need
to adjust your PKG_CONFIG_PATH; see the pkg-config man page for more.


## ---------------- ##
## Cache variables. ##
## ---------------- ##

ac_cv_env_PKG_CONFIG_LIBDIR_set=
ac_cv_env_PKG_CONFIG_LIBDIR_value=
ac_cv_env_PKG_CONFIG_PATH_set=
ac_cv_env_PKG_CONFIG_PATH_value=
ac_cv_env_PKG_CONFIG_set=
ac_cv_env_PKG_CONFIG_value=
ac_cv_env_build_alias_set=
ac_cv_env_build_alias_value=
ac_cv_env_host_alias_set=
ac_cv_env_host_alias_value=
ac_cv_env_target_alias_set=
ac_cv_env_target_alias_value=
ac_cv_path_ac_pt_PKG_CONFIG=/usr/bin/pkg-config
ac_cv_path_install='/usr/bin/install -c'
ac_cv_path_mkdir=/bin/mkdir
ac_cv_prog_AWK=gawk
ac_cv_prog_make_make_set=yes
am_cv_make_support_nested_variables=yes

## ----------------- ##
## Output variables. ##
## ----------------- ##

ACLOCAL='${SHELL} /home/carolhanna/Security_Project/gnu_dataset/guile-rpc-0.4/build-aux/missing aclocal-1.14'
AMTAR='$${TAR-tar}'
AM_BACKSLASH='\'
AM_DEFAULT_V='$(AM_DEFAULT_VERBOSITY)'
AM_DEFAULT_VERBOSITY='1'
AM_V='$(V)'
AUTOCONF='${SHELL} /home/carolhanna/Security_Project/gnu_dataset/guile-rpc-0.4/build-aux/missing autoconf'
AUTOHEADER='${SHELL} /home/carolhanna/Security_Project/gnu_dataset/guile-rpc-0.4/build-aux/missing autoheader'
AUTOMAKE='${SHELL} /home/carolhanna/Security_Project/gnu_dataset/guile-rpc-0.4/build-aux/missing automake-1.14'
AWK='gawk'
CYGPATH_W='echo'
DEFS=''
ECHO_C=''
ECHO_N='-n'
ECHO_T=''
GUILD=''
GUILE=''
GUILE_CONFIG=''
GUILE_EFFECTIVE_VERSION=''
GUILE_SITE=''
GUILE_TOOLS=''
HAVE_GUILE_VM_FALSE=''
HAVE_GUILE_VM_TRUE=''
HAVE_STATPROF_FALSE=''
HAVE_STATPROF_TRUE=''
INSTALL_DATA='${INSTALL} -m 644'
INSTALL_PROGRAM='${INSTALL}'
INSTALL_SCRIPT='${INSTALL}'
INSTALL_STRIP_PROGRAM='$(install_sh) -c -s'
LIBOBJS=''
LIBS=''
LTLIBOBJS=''
MAKEINFO='${SHELL} /home/carolhanna/Security_Project/gnu_dataset/guile-rpc-0.4/build-aux/missing makeinfo'
MKDIR_P='/bin/mkdir -p'
PACKAGE='guile-rpc'
PACKAGE_BUGREPORT='bug-guile-rpc@gnu.org'
PACKAGE_NAME='GNU Guile-RPC'
PACKAGE_STRING='GNU Guile-RPC 0.4'
PACKAGE_TARNAME='guile-rpc'
PACKAGE_URL='http://www.gnu.org/software/guile-rpc/'
PACKAGE_VERSION='0.4'
PATH_SEPARATOR=':'
PKG_CONFIG='/usr/bin/pkg-config'
PKG_CONFIG_LIBDIR=''
PKG_CONFIG_PATH=''
SET_MAKE=''
SHELL='/bin/bash'
STRIP=''
VERSION='0.4'
am__isrc=''
am__leading_dot='.'
am__tar='$${TAR-tar} chof - "$$tardir"'
am__untar='$${TAR-tar} xf -'
bindir='${exec_prefix}/bin'
build_alias=''
datadir='${datarootdir}'
datarootdir='${prefix}/share'
docdir='${datarootdir}/doc/${PACKAGE_TARNAME}'
dvidir='${docdir}'
exec_prefix='NONE'
guilemoduledir=''
host_alias=''
htmldir='${docdir}'
includedir='${prefix}/include'
infodir='${datarootdir}/info'
install_sh='${SHELL} /home/carolhanna/Security_Project/gnu_dataset/guile-rpc-0.4/build-aux/install-sh'
libdir='${exec_prefix}/lib'
libexecdir='${exec_prefix}/libexec'
localedir='${datarootdir}/locale'
localstatedir='${prefix}/var'
mandir='${datarootdir}/man'
mkdir_p='$(MKDIR_P)'
oldincludedir='/usr/include'
pdfdir='${docdir}'
prefix='NONE'
program_transform_name='s,x,x,'
psdir='${docdir}'
sbindir='${exec_prefix}/sbin'
sharedstatedir='${prefix}/com'
sysconfdir='${prefix}/etc'
target_alias=''

## ----------- ##
## confdefs.h. ##
## ----------- ##

/* confdefs.h */
#define PACKAGE_NAME "GNU Guile-RPC"
#define PACKAGE_TARNAME "guile-rpc"
#define PACKAGE_VERSION "0.4"
#define PACKAGE_STRING "GNU Guile-RPC 0.4"
#define PACKAGE_BUGREPORT "bug-guile-rpc@gnu.org"
#define PACKAGE_URL "http://www.gnu.org/software/guile-rpc/"

configure: exit 1
