This file contains any messages produced by compilers while
running configure, to aid debugging if configure makes a mistake.

It was created by denemo configure 2.4.0, which was
generated by GNU Autoconf 2.69.  Invocation command line was

  $ ./configure 

## --------- ##
## Platform. ##
## --------- ##

hostname = rishon
uname -m = x86_64
uname -r = 4.15.0-72-generic
uname -s = Linux
uname -v = #81-Ubuntu SMP Tue Nov 26 12:20:02 UTC 2019

/usr/bin/uname -p = unknown
/bin/uname -X     = unknown

/bin/arch              = unknown
/usr/bin/arch -k       = unknown
/usr/convex/getsysinfo = unknown
/usr/bin/hostinfo      = unknown
/bin/machine           = unknown
/usr/bin/oslevel       = unknown
/bin/universe          = unknown

PATH: /home/carolhanna/miniconda3/bin
PATH: /home/carolhanna/miniconda3/condabin
PATH: /usr/local/sbin
PATH: /usr/local/bin
PATH: /usr/sbin
PATH: /usr/bin
PATH: /sbin
PATH: /bin
PATH: /usr/games
PATH: /usr/local/games
PATH: /snap/bin


## ----------- ##
## Core tests. ##
## ----------- ##

configure:2803: checking for a BSD-compatible install
configure:2871: result: /usr/bin/install -c
configure:2882: checking whether build environment is sane
configure:2937: result: yes
configure:3088: checking for a thread-safe mkdir -p
configure:3127: result: /bin/mkdir -p
configure:3134: checking for gawk
configure:3150: found /usr/bin/gawk
configure:3161: result: gawk
configure:3172: checking whether make sets $(MAKE)
configure:3194: result: yes
configure:3223: checking whether make supports nested variables
configure:3240: result: yes
configure:3319: checking how to create a pax tar archive
configure:3330: tar --version
tar (GNU tar) 1.29
Copyright (C) 2015 Free Software Foundation, Inc.
License GPLv3+: GNU GPL version 3 or later <http://gnu.org/licenses/gpl.html>.
This is free software: you are free to change and redistribute it.
There is NO WARRANTY, to the extent permitted by law.

Written by John Gilmore and Jay Fenlason.
configure:3333: $? = 0
configure:3373: tardir=conftest.dir && eval tar --format=posix -chf - "$tardir" >conftest.tar
configure:3376: $? = 0
configure:3380: tar -xf - <conftest.tar
configure:3383: $? = 0
configure:3385: cat conftest.dir/file
GrepMe
configure:3388: $? = 0
configure:3401: result: gnutar
configure:3456: checking whether to enable maintainer-specific portions of Makefiles
configure:3465: result: no
configure:3490: checking for style of include used by make
configure:3518: result: GNU
configure:3589: checking for gcc
configure:3605: found /usr/bin/gcc
configure:3616: result: gcc
configure:3845: checking for C compiler version
configure:3854: gcc --version >&5
gcc (Ubuntu 7.5.0-3ubuntu1~18.04) 7.5.0
Copyright (C) 2017 Free Software Foundation, Inc.
This is free software; see the source for copying conditions.  There is NO
warranty; not even for MERCHANTABILITY or FITNESS FOR A PARTICULAR PURPOSE.

configure:3865: $? = 0
configure:3854: gcc -v >&5
Using built-in specs.
COLLECT_GCC=gcc
COLLECT_LTO_WRAPPER=/usr/lib/gcc/x86_64-linux-gnu/7/lto-wrapper
OFFLOAD_TARGET_NAMES=nvptx-none
OFFLOAD_TARGET_DEFAULT=1
Target: x86_64-linux-gnu
Configured with: ../src/configure -v --with-pkgversion='Ubuntu 7.5.0-3ubuntu1~18.04' --with-bugurl=file:///usr/share/doc/gcc-7/README.Bugs --enable-languages=c,ada,c++,go,brig,d,fortran,objc,obj-c++ --prefix=/usr --with-gcc-major-version-only --program-suffix=-7 --program-prefix=x86_64-linux-gnu- --enable-shared --enable-linker-build-id --libexecdir=/usr/lib --without-included-gettext --enable-threads=posix --libdir=/usr/lib --enable-nls --enable-bootstrap --enable-clocale=gnu --enable-libstdcxx-debug --enable-libstdcxx-time=yes --with-default-libstdcxx-abi=new --enable-gnu-unique-object --disable-vtable-verify --enable-libmpx --enable-plugin --enable-default-pie --with-system-zlib --with-target-system-zlib --enable-objc-gc=auto --enable-multiarch --disable-werror --with-arch-32=i686 --with-abi=m64 --with-multilib-list=m32,m64,mx32 --enable-multilib --with-tune=generic --enable-offload-targets=nvptx-none --without-cuda-driver --enable-checking=release --build=x86_64-linux-gnu --host=x86_64-linux-gnu --target=x86_64-linux-gnu
Thread model: posix
gcc version 7.5.0 (Ubuntu 7.5.0-3ubuntu1~18.04) 
configure:3865: $? = 0
configure:3854: gcc -V >&5
gcc: error: unrecognized command line option '-V'
gcc: fatal error: no input files
compilation terminated.
configure:3865: $? = 1
configure:3854: gcc -qversion >&5
gcc: error: unrecognized command line option '-qversion'; did you mean '--version'?
gcc: fatal error: no input files
compilation terminated.
configure:3865: $? = 1
configure:3885: checking whether the C compiler works
configure:3907: gcc    conftest.c  >&5
configure:3911: $? = 0
configure:3959: result: yes
configure:3962: checking for C compiler default output file name
configure:3964: result: a.out
configure:3970: checking for suffix of executables
configure:3977: gcc -o conftest    conftest.c  >&5
configure:3981: $? = 0
configure:4003: result: 
configure:4025: checking whether we are cross compiling
configure:4033: gcc -o conftest    conftest.c  >&5
configure:4037: $? = 0
configure:4044: ./conftest
configure:4048: $? = 0
configure:4063: result: no
configure:4068: checking for suffix of object files
configure:4090: gcc -c   conftest.c >&5
configure:4094: $? = 0
configure:4115: result: o
configure:4119: checking whether we are using the GNU C compiler
configure:4138: gcc -c   conftest.c >&5
configure:4138: $? = 0
configure:4147: result: yes
configure:4156: checking whether gcc accepts -g
configure:4176: gcc -c -g  conftest.c >&5
configure:4176: $? = 0
configure:4217: result: yes
configure:4234: checking for gcc option to accept ISO C89
configure:4297: gcc  -c -g -O2  conftest.c >&5
configure:4297: $? = 0
configure:4310: result: none needed
configure:4335: checking whether gcc understands -c and -o together
configure:4357: gcc -c conftest.c -o conftest2.o
configure:4360: $? = 0
configure:4357: gcc -c conftest.c -o conftest2.o
configure:4360: $? = 0
configure:4372: result: yes
configure:4391: checking dependency style of gcc
configure:4502: result: gcc3
configure:4538: checking for /proc/self/maps
configure:4551: result: yes
configure:4557: checking whether everything is installed to the same prefix
configure:4573: result: no
configure:4576: checking whether binary relocation support should be enabled
configure:4594: result: no
configure:4697: checking whether NLS is requested
configure:4706: result: yes
configure:4744: checking for msgfmt
configure:4775: result: /usr/bin/msgfmt
configure:4784: checking for gmsgfmt
configure:4815: result: /usr/bin/msgfmt
configure:4855: checking for xgettext
configure:4886: result: /usr/bin/xgettext
configure:4926: checking for msgmerge
configure:4956: result: /usr/bin/msgmerge
configure:5011: checking build system type
configure:5025: result: x86_64-pc-linux-gnu
configure:5045: checking host system type
configure:5058: result: x86_64-pc-linux-gnu
configure:5102: checking for ld used by GCC
configure:5166: result: /usr/bin/ld
configure:5173: checking if the linker (/usr/bin/ld) is GNU ld
configure:5186: result: yes
configure:5192: checking for shared library run path origin
configure:5205: result: done
configure:5621: checking whether NLS is requested
configure:5630: result: yes
configure:5648: checking for GNU gettext in libc
configure:5667: gcc -o conftest -g -O2   conftest.c  >&5
conftest.c: In function 'main':
conftest.c:18:8: warning: cast from pointer to integer of different size [-Wpointer-to-int-cast]
 return (int) gettext ("") + _nl_msg_cat_cntr + *_nl_domain_bindings
        ^
configure:5667: $? = 0
configure:5675: result: yes
configure:6255: checking whether to use NLS
configure:6257: result: yes
configure:6260: checking where the gettext function comes from
configure:6271: result: libc
configure:6329: checking whether ln -s works
configure:6333: result: yes
configure:6357: checking for intltool >= 0.35.0
configure:6359: result:  found
configure:6362: error: Your intltool is too old.  You need intltool 0.35.0 or later.

## ---------------- ##
## Cache variables. ##
## ---------------- ##

ac_cv_build=x86_64-pc-linux-gnu
ac_cv_c_compiler_gnu=yes
ac_cv_env_ALSA_CFLAGS_set=
ac_cv_env_ALSA_CFLAGS_value=
ac_cv_env_ALSA_LIBS_set=
ac_cv_env_ALSA_LIBS_value=
ac_cv_env_CCC_set=
ac_cv_env_CCC_value=
ac_cv_env_CC_set=
ac_cv_env_CC_value=
ac_cv_env_CFLAGS_set=
ac_cv_env_CFLAGS_value=
ac_cv_env_CPPFLAGS_set=
ac_cv_env_CPPFLAGS_value=
ac_cv_env_CPP_set=
ac_cv_env_CPP_value=
ac_cv_env_CXXCPP_set=
ac_cv_env_CXXCPP_value=
ac_cv_env_CXXFLAGS_set=
ac_cv_env_CXXFLAGS_value=
ac_cv_env_CXX_set=
ac_cv_env_CXX_value=
ac_cv_env_EVINCE_2_0_CFLAGS_set=
ac_cv_env_EVINCE_2_0_CFLAGS_value=
ac_cv_env_EVINCE_2_0_LIBS_set=
ac_cv_env_EVINCE_2_0_LIBS_value=
ac_cv_env_EVINCE_2_30_CFLAGS_set=
ac_cv_env_EVINCE_2_30_CFLAGS_value=
ac_cv_env_EVINCE_2_30_LIBS_set=
ac_cv_env_EVINCE_2_30_LIBS_value=
ac_cv_env_EVINCE_2_32_CFLAGS_set=
ac_cv_env_EVINCE_2_32_CFLAGS_value=
ac_cv_env_EVINCE_2_32_LIBS_set=
ac_cv_env_EVINCE_2_32_LIBS_value=
ac_cv_env_EVINCE_CFLAGS_set=
ac_cv_env_EVINCE_CFLAGS_value=
ac_cv_env_EVINCE_LIBS_set=
ac_cv_env_EVINCE_LIBS_value=
ac_cv_env_FFTW_CFLAGS_set=
ac_cv_env_FFTW_CFLAGS_value=
ac_cv_env_FFTW_LIBS_set=
ac_cv_env_FFTW_LIBS_value=
ac_cv_env_FLUIDSYNTH_CFLAGS_set=
ac_cv_env_FLUIDSYNTH_CFLAGS_value=
ac_cv_env_FLUIDSYNTH_LIBS_set=
ac_cv_env_FLUIDSYNTH_LIBS_value=
ac_cv_env_FONTCONFIG_CFLAGS_set=
ac_cv_env_FONTCONFIG_CFLAGS_value=
ac_cv_env_FONTCONFIG_LIBS_set=
ac_cv_env_FONTCONFIG_LIBS_value=
ac_cv_env_GLIB_CFLAGS_set=
ac_cv_env_GLIB_CFLAGS_value=
ac_cv_env_GLIB_LIBS_set=
ac_cv_env_GLIB_LIBS_value=
ac_cv_env_GTHREAD_CFLAGS_set=
ac_cv_env_GTHREAD_CFLAGS_value=
ac_cv_env_GTHREAD_LIBS_set=
ac_cv_env_GTHREAD_LIBS_value=
ac_cv_env_GTK2_CFLAGS_set=
ac_cv_env_GTK2_CFLAGS_value=
ac_cv_env_GTK2_LIBS_set=
ac_cv_env_GTK2_LIBS_value=
ac_cv_env_GTK3_CFLAGS_set=
ac_cv_env_GTK3_CFLAGS_value=
ac_cv_env_GTK3_LIBS_set=
ac_cv_env_GTK3_LIBS_value=
ac_cv_env_GTKDOC_DEPS_CFLAGS_set=
ac_cv_env_GTKDOC_DEPS_CFLAGS_value=
ac_cv_env_GTKDOC_DEPS_LIBS_set=
ac_cv_env_GTKDOC_DEPS_LIBS_value=
ac_cv_env_GTKSOURCEVIEW_CFLAGS_set=
ac_cv_env_GTKSOURCEVIEW_CFLAGS_value=
ac_cv_env_GTKSOURCEVIEW_LIBS_set=
ac_cv_env_GTKSOURCEVIEW_LIBS_value=
ac_cv_env_GUILE_1_8_CFLAGS_set=
ac_cv_env_GUILE_1_8_CFLAGS_value=
ac_cv_env_GUILE_1_8_LIBS_set=
ac_cv_env_GUILE_1_8_LIBS_value=
ac_cv_env_GUILE_2_0_CFLAGS_set=
ac_cv_env_GUILE_2_0_CFLAGS_value=
ac_cv_env_GUILE_2_0_LIBS_set=
ac_cv_env_GUILE_2_0_LIBS_value=
ac_cv_env_GUILE_2_2_CFLAGS_set=
ac_cv_env_GUILE_2_2_CFLAGS_value=
ac_cv_env_GUILE_2_2_LIBS_set=
ac_cv_env_GUILE_2_2_LIBS_value=
ac_cv_env_GUILE_CFLAGS_set=
ac_cv_env_GUILE_CFLAGS_value=
ac_cv_env_GUILE_LIBS_set=
ac_cv_env_GUILE_LIBS_value=
ac_cv_env_JACK_CFLAGS_set=
ac_cv_env_JACK_CFLAGS_value=
ac_cv_env_JACK_LIBS_set=
ac_cv_env_JACK_LIBS_value=
ac_cv_env_LDFLAGS_set=
ac_cv_env_LDFLAGS_value=
ac_cv_env_LIBAUBIO_CFLAGS_set=
ac_cv_env_LIBAUBIO_CFLAGS_value=
ac_cv_env_LIBAUBIO_LIBS_set=
ac_cv_env_LIBAUBIO_LIBS_value=
ac_cv_env_LIBS_set=
ac_cv_env_LIBS_value=
ac_cv_env_LT_SYS_LIBRARY_PATH_set=
ac_cv_env_LT_SYS_LIBRARY_PATH_value=
ac_cv_env_PKG_CONFIG_LIBDIR_set=
ac_cv_env_PKG_CONFIG_LIBDIR_value=
ac_cv_env_PKG_CONFIG_PATH_set=
ac_cv_env_PKG_CONFIG_PATH_value=
ac_cv_env_PKG_CONFIG_set=
ac_cv_env_PKG_CONFIG_value=
ac_cv_env_PORTAUDIO_CFLAGS_set=
ac_cv_env_PORTAUDIO_CFLAGS_value=
ac_cv_env_PORTAUDIO_LIBS_set=
ac_cv_env_PORTAUDIO_LIBS_value=
ac_cv_env_RSVG_CFLAGS_set=
ac_cv_env_RSVG_CFLAGS_value=
ac_cv_env_RSVG_LIBS_set=
ac_cv_env_RSVG_LIBS_value=
ac_cv_env_RUBBERBAND_CFLAGS_set=
ac_cv_env_RUBBERBAND_CFLAGS_value=
ac_cv_env_RUBBERBAND_LIBS_set=
ac_cv_env_RUBBERBAND_LIBS_value=
ac_cv_env_SMF_CFLAGS_set=
ac_cv_env_SMF_CFLAGS_value=
ac_cv_env_SMF_LIBS_set=
ac_cv_env_SMF_LIBS_value=
ac_cv_env_SNDFILE_CFLAGS_set=
ac_cv_env_SNDFILE_CFLAGS_value=
ac_cv_env_SNDFILE_LIBS_set=
ac_cv_env_SNDFILE_LIBS_value=
ac_cv_env_XML2_CFLAGS_set=
ac_cv_env_XML2_CFLAGS_value=
ac_cv_env_XML2_LIBS_set=
ac_cv_env_XML2_LIBS_value=
ac_cv_env_YACC_set=
ac_cv_env_YACC_value=
ac_cv_env_YFLAGS_set=
ac_cv_env_YFLAGS_value=
ac_cv_env_build_alias_set=
ac_cv_env_build_alias_value=
ac_cv_env_host_alias_set=
ac_cv_env_host_alias_value=
ac_cv_env_target_alias_set=
ac_cv_env_target_alias_value=
ac_cv_file__proc_self_maps=yes
ac_cv_host=x86_64-pc-linux-gnu
ac_cv_objext=o
ac_cv_path_GMSGFMT=/usr/bin/msgfmt
ac_cv_path_MSGFMT=/usr/bin/msgfmt
ac_cv_path_MSGMERGE=/usr/bin/msgmerge
ac_cv_path_XGETTEXT=/usr/bin/xgettext
ac_cv_path_install='/usr/bin/install -c'
ac_cv_path_mkdir=/bin/mkdir
ac_cv_prog_AWK=gawk
ac_cv_prog_ac_ct_CC=gcc
ac_cv_prog_cc_c89=
ac_cv_prog_cc_g=yes
ac_cv_prog_make_make_set=yes
acl_cv_hardcode_direct=no
acl_cv_hardcode_libdir_flag_spec='${wl}-rpath ${wl}$libdir'
acl_cv_hardcode_libdir_separator=
acl_cv_hardcode_minus_L=no
acl_cv_libext=a
acl_cv_path_LD=/usr/bin/ld
acl_cv_prog_gnu_ld=yes
acl_cv_rpath=done
acl_cv_shlibext=so
acl_cv_wl=-Wl,
am_cv_CC_dependencies_compiler_type=gcc3
am_cv_make_support_nested_variables=yes
am_cv_prog_cc_c_o=yes
am_cv_prog_tar_pax=gnutar
br_cv_binreloc=no
br_cv_valid_prefixes=no
gt_cv_func_gnugettext1_libc=yes

## ----------------- ##
## Output variables. ##
## ----------------- ##

ACLOCAL='${SHELL} /home/carolhanna/Security_Project/gnu_dataset/denemo-2.4.0/missing aclocal-1.15'
ALL_LINGUAS=''
ALSA_CFLAGS=''
ALSA_LIBS=''
AMDEPBACKSLASH='\'
AMDEP_FALSE='#'
AMDEP_TRUE=''
AMTAR='$${TAR-tar}'
AM_BACKSLASH='\'
AM_DEFAULT_V='$(AM_DEFAULT_VERBOSITY)'
AM_DEFAULT_VERBOSITY='1'
AM_V='$(V)'
AR=''
AUTOCONF='${SHELL} /home/carolhanna/Security_Project/gnu_dataset/denemo-2.4.0/missing autoconf'
AUTOHEADER='${SHELL} /home/carolhanna/Security_Project/gnu_dataset/denemo-2.4.0/missing autoheader'
AUTOMAKE='${SHELL} /home/carolhanna/Security_Project/gnu_dataset/denemo-2.4.0/missing automake-1.15'
AWK='gawk'
BINRELOC_CFLAGS=''
BINRELOC_LIBS=''
CATALOGS=''
CATOBJEXT=''
CC='gcc'
CCDEPMODE='depmode=gcc3'
CFLAGS='-g -O2'
CPP=''
CPPFLAGS=''
CXX=''
CXXCPP=''
CXXDEPMODE=''
CXXFLAGS=''
CYGPATH_W='echo'
DATADIRNAME=''
DEFS=''
DENEMO_BUILD_DOC_FALSE=''
DENEMO_BUILD_DOC_TRUE=''
DEPDIR='.deps'
DLLTOOL=''
DSYMUTIL=''
DUMPBIN=''
ECHO_C=''
ECHO_N='-n'
ECHO_T=''
EGREP=''
ENABLE_ALWAYS_BUILD_TESTS_FALSE=''
ENABLE_ALWAYS_BUILD_TESTS_TRUE=''
ENABLE_GLIB_TEST_FALSE=''
ENABLE_GLIB_TEST_TRUE=''
ENABLE_GTK_DOC_FALSE=''
ENABLE_GTK_DOC_TRUE=''
ENABLE_INSTALLED_TESTS_FALSE=''
ENABLE_INSTALLED_TESTS_TRUE=''
EVINCE_2_0_CFLAGS=''
EVINCE_2_0_LIBS=''
EVINCE_2_30_CFLAGS=''
EVINCE_2_30_LIBS=''
EVINCE_2_32_CFLAGS=''
EVINCE_2_32_LIBS=''
EVINCE_CFLAGS=''
EVINCE_LIBS=''
EXEEXT=''
FFTW_CFLAGS=''
FFTW_LIBS=''
FGREP=''
FLUIDSYNTH_CFLAGS=''
FLUIDSYNTH_LIBS=''
FONTCONFIG_CFLAGS=''
FONTCONFIG_LIBS=''
GETTEXT_PACKAGE=''
GLIB_CFLAGS=''
GLIB_LIBS=''
GMOFILES=''
GMSGFMT='/usr/bin/msgfmt'
GREP=''
GTHREAD_CFLAGS=''
GTHREAD_LIBS=''
GTK2_CFLAGS=''
GTK2_LIBS=''
GTK3_CFLAGS=''
GTK3_LIBS=''
GTKDOC_CHECK=''
GTKDOC_DEPS_CFLAGS=''
GTKDOC_DEPS_LIBS=''
GTKDOC_MKPDF=''
GTKDOC_REBASE=''
GTKSOURCEVIEW_CFLAGS=''
GTKSOURCEVIEW_LIBS=''
GTK_DOC_BUILD_HTML_FALSE=''
GTK_DOC_BUILD_HTML_TRUE=''
GTK_DOC_BUILD_PDF_FALSE=''
GTK_DOC_BUILD_PDF_TRUE=''
GTK_DOC_USE_LIBTOOL_FALSE=''
GTK_DOC_USE_LIBTOOL_TRUE=''
GTK_DOC_USE_REBASE_FALSE=''
GTK_DOC_USE_REBASE_TRUE=''
GUILE_1_8_CFLAGS=''
GUILE_1_8_LIBS=''
GUILE_2_0_CFLAGS=''
GUILE_2_0_LIBS=''
GUILE_2_2_CFLAGS=''
GUILE_2_2_LIBS=''
GUILE_CFLAGS=''
GUILE_EFFECTIVE_VERSION=''
GUILE_LDFLAGS=''
GUILE_LIBS=''
GUILE_LTLIBS=''
HAVE_ALSA_FALSE=''
HAVE_ALSA_TRUE=''
HAVE_AUBIO_FALSE=''
HAVE_AUBIO_TRUE=''
HAVE_EVINCE_FALSE=''
HAVE_EVINCE_TRUE=''
HAVE_FLUIDSYNTH_FALSE=''
HAVE_FLUIDSYNTH_TRUE=''
HAVE_GCOV_FALSE=''
HAVE_GCOV_TRUE=''
HAVE_JACK_FALSE=''
HAVE_JACK_TRUE=''
HAVE_PORTAUDIO_FALSE=''
HAVE_PORTAUDIO_TRUE=''
HAVE_PORTMIDI_FALSE=''
HAVE_PORTMIDI_TRUE=''
HAVE_RUBBERBAND_FALSE=''
HAVE_RUBBERBAND_TRUE=''
HAVE_SMF_FALSE=''
HAVE_SMF_TRUE=''
HTML_DIR=''
INSTALL_DATA='${INSTALL} -m 644'
INSTALL_PROGRAM='${INSTALL}'
INSTALL_SCRIPT='${INSTALL}'
INSTALL_STRIP_PROGRAM='$(install_sh) -c -s'
INSTOBJEXT=''
INTLLIBS=''
INTLTOOL_CAVES_RULE=''
INTLTOOL_DESKTOP_RULE=''
INTLTOOL_DIRECTORY_RULE=''
INTLTOOL_EXTRACT=''
INTLTOOL_KBD_RULE=''
INTLTOOL_KEYS_RULE=''
INTLTOOL_MERGE=''
INTLTOOL_OAF_RULE=''
INTLTOOL_PERL=''
INTLTOOL_POLICY_RULE=''
INTLTOOL_PONG_RULE=''
INTLTOOL_PROP_RULE=''
INTLTOOL_SCHEMAS_RULE=''
INTLTOOL_SERVER_RULE=''
INTLTOOL_SERVICE_RULE=''
INTLTOOL_SHEET_RULE=''
INTLTOOL_SOUNDLIST_RULE=''
INTLTOOL_THEME_RULE=''
INTLTOOL_UI_RULE=''
INTLTOOL_UPDATE=''
INTLTOOL_V_MERGE=''
INTLTOOL_V_MERGE_OPTIONS=''
INTLTOOL_XAM_RULE=''
INTLTOOL_XML_NOMERGE_RULE=''
INTLTOOL_XML_RULE=''
INTLTOOL__v_MERGE_0=''
INTLTOOL__v_MERGE_=''
JACK_CFLAGS=''
JACK_LIBS=''
LD='/usr/bin/ld'
LDFLAGS=''
LEX=''
LEXLIB=''
LEX_OUTPUT_ROOT=''
LIBAUBIO_CFLAGS=''
LIBAUBIO_LIBS=''
LIBICONV='-liconv'
LIBINTL=''
LIBOBJS=''
LIBS=''
LIBTOOL=''
LIPO=''
LN_S='ln -s'
LOCALEDIR=''
LTLIBICONV='-liconv'
LTLIBINTL=''
LTLIBOBJS=''
LT_SYS_LIBRARY_PATH=''
MAINT='#'
MAINTAINER_MODE_FALSE=''
MAINTAINER_MODE_TRUE='#'
MAKEINFO='${SHELL} /home/carolhanna/Security_Project/gnu_dataset/denemo-2.4.0/missing makeinfo'
MANIFEST_TOOL=''
MKDIR_P='/bin/mkdir -p'
MKINSTALLDIRS='$(top_builddir)/./mkinstalldirs'
MSGFMT='/usr/bin/msgfmt'
MSGFMT_OPTS=''
MSGMERGE='/usr/bin/msgmerge'
NM=''
NMEDIT=''
OBJDUMP=''
OBJEXT='o'
OTOOL64=''
OTOOL=''
PACKAGE='denemo'
PACKAGE_BUGREPORT='denemo-devel@gnu.org'
PACKAGE_DATA_DIR=''
PACKAGE_NAME='denemo'
PACKAGE_STRING='denemo 2.4.0'
PACKAGE_TARNAME='denemo'
PACKAGE_URL=''
PACKAGE_VERSION='2.4.0'
PATH_SEPARATOR=':'
PKG_CONFIG=''
PKG_CONFIG_LIBDIR=''
PKG_CONFIG_PATH=''
POFILES=''
PORTAUDIO_CFLAGS=''
PORTAUDIO_LIBS=''
POSUB='po'
PO_IN_DATADIR_FALSE=''
PO_IN_DATADIR_TRUE=''
RANLIB=''
RSVG_CFLAGS=''
RSVG_LIBS=''
RUBBERBAND_CFLAGS=''
RUBBERBAND_LIBS=''
SED=''
SET_MAKE=''
SHELL='/bin/bash'
SHTOOL=''
SMF_CFLAGS=''
SMF_LIBS=''
SNDFILE_CFLAGS=''
SNDFILE_LIBS=''
STRIP=''
USE_NLS='yes'
VERSION='2.4.0'
WITH_X11_FALSE=''
WITH_X11_TRUE=''
XGETTEXT='/usr/bin/xgettext'
XML2_CFLAGS=''
XML2_LIBS=''
YACC=''
YFLAGS=''
ac_ct_AR=''
ac_ct_CC='gcc'
ac_ct_CXX=''
ac_ct_DUMPBIN=''
am__EXEEXT_FALSE=''
am__EXEEXT_TRUE=''
am__fastdepCC_FALSE='#'
am__fastdepCC_TRUE=''
am__fastdepCXX_FALSE=''
am__fastdepCXX_TRUE=''
am__include='include'
am__isrc=''
am__leading_dot='.'
am__nodep='_no'
am__quote=''
am__tar='tar --format=posix -chf - "$$tardir"'
am__untar='tar -xf -'
bindir='${exec_prefix}/bin'
build='x86_64-pc-linux-gnu'
build_alias=''
build_cpu='x86_64'
build_os='linux-gnu'
build_vendor='pc'
datadir='${datarootdir}'
datarootdir='${prefix}/share'
denemo_bin_path=''
denemo_load_path=''
docdir='${datarootdir}/doc/${PACKAGE_TARNAME}'
dvidir='${docdir}'
exec_prefix='NONE'
host='x86_64-pc-linux-gnu'
host_alias=''
host_cpu='x86_64'
host_os='linux-gnu'
host_vendor='pc'
htmldir='${docdir}'
includedir='${prefix}/include'
infodir='${datarootdir}/info'
install_sh='${SHELL} /home/carolhanna/Security_Project/gnu_dataset/denemo-2.4.0/install-sh'
installed_test_metadir=''
installed_testdir=''
intltool__v_merge_options_0=''
intltool__v_merge_options_=''
libdir='${exec_prefix}/lib'
libexecdir='${exec_prefix}/libexec'
localedir='${datarootdir}/locale'
localstatedir='${prefix}/var'
mandir='${datarootdir}/man'
mkdir_p='$(MKDIR_P)'
oldincludedir='/usr/include'
pdfdir='${docdir}'
pkgdatadir=''
prefix='NONE'
program_transform_name='s,x,x,'
psdir='${docdir}'
runstatedir='${localstatedir}/run'
sbindir='${exec_prefix}/sbin'
sharedstatedir='${prefix}/com'
sysconfdir='${prefix}/etc'
target_alias=''

## ----------- ##
## confdefs.h. ##
## ----------- ##

/* confdefs.h */
#define PACKAGE_NAME "denemo"
#define PACKAGE_TARNAME "denemo"
#define PACKAGE_VERSION "2.4.0"
#define PACKAGE_STRING "denemo 2.4.0"
#define PACKAGE_BUGREPORT "denemo-devel@gnu.org"
#define PACKAGE_URL ""
#define PACKAGE "denemo"
#define VERSION "2.4.0"
#define ENABLE_NLS 1
#define HAVE_GETTEXT 1
#define HAVE_DCGETTEXT 1

configure: exit 1
