This file contains any messages produced by compilers while
running configure, to aid debugging if configure makes a mistake.

It was created by gnufdisk-device configure 2.0.0a, which was
generated by GNU Autoconf 2.65.  Invocation command line was

  $ ./configure --disable-option-checking --prefix=/usr/local --cache-file=/dev/null --srcdir=.

## --------- ##
## Platform. ##
## --------- ##

hostname = rishon
uname -m = x86_64
uname -r = 4.15.0-72-generic
uname -s = Linux
uname -v = #81-Ubuntu SMP Tue Nov 26 12:20:02 UTC 2019

/usr/bin/uname -p = unknown
/bin/uname -X     = unknown

/bin/arch              = unknown
/usr/bin/arch -k       = unknown
/usr/convex/getsysinfo = unknown
/usr/bin/hostinfo      = unknown
/bin/machine           = unknown
/usr/bin/oslevel       = unknown
/bin/universe          = unknown

PATH: /home/carolhanna/miniconda3/bin
PATH: /home/carolhanna/miniconda3/condabin
PATH: /usr/local/sbin
PATH: /usr/local/bin
PATH: /usr/sbin
PATH: /usr/bin
PATH: /sbin
PATH: /bin
PATH: /usr/games
PATH: /usr/local/games
PATH: /snap/bin


## ----------- ##
## Core tests. ##
## ----------- ##

configure:2398: checking for a BSD-compatible install
configure:2466: result: /usr/bin/install -c
configure:2477: checking whether build environment is sane
configure:2527: result: yes
configure:2668: checking for a thread-safe mkdir -p
configure:2707: result: /bin/mkdir -p
configure:2720: checking for gawk
configure:2736: found /usr/bin/gawk
configure:2747: result: gawk
configure:2758: checking whether make sets $(MAKE)
configure:2780: result: yes
configure:2894: checking build system type
configure:2908: result: x86_64-unknown-linux-gnu
configure:2928: checking host system type
configure:2941: result: x86_64-unknown-linux-gnu
configure:2973: checking for style of include used by make
configure:3001: result: GNU
configure:3071: checking for gcc
configure:3087: found /usr/bin/gcc
configure:3098: result: gcc
configure:3327: checking for C compiler version
configure:3336: gcc --version >&5
gcc (Ubuntu 7.5.0-3ubuntu1~18.04) 7.5.0
Copyright (C) 2017 Free Software Foundation, Inc.
This is free software; see the source for copying conditions.  There is NO
warranty; not even for MERCHANTABILITY or FITNESS FOR A PARTICULAR PURPOSE.

configure:3347: $? = 0
configure:3336: gcc -v >&5
Using built-in specs.
COLLECT_GCC=gcc
COLLECT_LTO_WRAPPER=/usr/lib/gcc/x86_64-linux-gnu/7/lto-wrapper
OFFLOAD_TARGET_NAMES=nvptx-none
OFFLOAD_TARGET_DEFAULT=1
Target: x86_64-linux-gnu
Configured with: ../src/configure -v --with-pkgversion='Ubuntu 7.5.0-3ubuntu1~18.04' --with-bugurl=file:///usr/share/doc/gcc-7/README.Bugs --enable-languages=c,ada,c++,go,brig,d,fortran,objc,obj-c++ --prefix=/usr --with-gcc-major-version-only --program-suffix=-7 --program-prefix=x86_64-linux-gnu- --enable-shared --enable-linker-build-id --libexecdir=/usr/lib --without-included-gettext --enable-threads=posix --libdir=/usr/lib --enable-nls --enable-bootstrap --enable-clocale=gnu --enable-libstdcxx-debug --enable-libstdcxx-time=yes --with-default-libstdcxx-abi=new --enable-gnu-unique-object --disable-vtable-verify --enable-libmpx --enable-plugin --enable-default-pie --with-system-zlib --with-target-system-zlib --enable-objc-gc=auto --enable-multiarch --disable-werror --with-arch-32=i686 --with-abi=m64 --with-multilib-list=m32,m64,mx32 --enable-multilib --with-tune=generic --enable-offload-targets=nvptx-none --without-cuda-driver --enable-checking=release --build=x86_64-linux-gnu --host=x86_64-linux-gnu --target=x86_64-linux-gnu
Thread model: posix
gcc version 7.5.0 (Ubuntu 7.5.0-3ubuntu1~18.04) 
configure:3347: $? = 0
configure:3336: gcc -V >&5
gcc: error: unrecognized command line option '-V'
gcc: fatal error: no input files
compilation terminated.
configure:3347: $? = 1
configure:3336: gcc -qversion >&5
gcc: error: unrecognized command line option '-qversion'; did you mean '--version'?
gcc: fatal error: no input files
compilation terminated.
configure:3347: $? = 1
configure:3367: checking whether the C compiler works
configure:3389: gcc    conftest.c  >&5
configure:3393: $? = 0
configure:3442: result: yes
configure:3445: checking for C compiler default output file name
configure:3447: result: a.out
configure:3453: checking for suffix of executables
configure:3460: gcc -o conftest    conftest.c  >&5
configure:3464: $? = 0
configure:3486: result: 
configure:3508: checking whether we are cross compiling
configure:3516: gcc -o conftest    conftest.c  >&5
configure:3520: $? = 0
configure:3527: ./conftest
configure:3531: $? = 0
configure:3546: result: no
configure:3551: checking for suffix of object files
configure:3573: gcc -c   conftest.c >&5
configure:3577: $? = 0
configure:3598: result: o
configure:3602: checking whether we are using the GNU C compiler
configure:3621: gcc -c   conftest.c >&5
configure:3621: $? = 0
configure:3630: result: yes
configure:3639: checking whether gcc accepts -g
configure:3659: gcc -c -g  conftest.c >&5
configure:3659: $? = 0
configure:3700: result: yes
configure:3717: checking for gcc option to accept ISO C89
configure:3781: gcc  -c -g -O2  conftest.c >&5
configure:3781: $? = 0
configure:3794: result: none needed
configure:3816: checking dependency style of gcc
configure:3926: result: gcc3
configure:3941: checking for a sed that does not truncate output
configure:4005: result: /bin/sed
configure:4023: checking for grep that handles long lines and -e
configure:4081: result: /bin/grep
configure:4086: checking for egrep
configure:4148: result: /bin/grep -E
configure:4153: checking for fgrep
configure:4215: result: /bin/grep -F
configure:4250: checking for ld used by gcc
configure:4317: result: /usr/bin/ld
configure:4324: checking if the linker (/usr/bin/ld) is GNU ld
configure:4339: result: yes
configure:4351: checking for BSD- or MS-compatible name lister (nm)
configure:4400: result: /usr/bin/nm -B
configure:4518: checking the name lister (/usr/bin/nm -B) interface
configure:4525: gcc -c -g -O2  conftest.c >&5
configure:4528: /usr/bin/nm -B "conftest.o"
configure:4531: output
0000000000000000 B some_variable
configure:4538: result: BSD nm
configure:4541: checking whether ln -s works
configure:4545: result: yes
configure:4553: checking the maximum length of command line arguments
configure:4673: result: 1572864
configure:4690: checking whether the shell understands some XSI constructs
configure:4700: result: yes
configure:4704: checking whether the shell understands "+="
configure:4710: result: yes
configure:4745: checking for /usr/bin/ld option to reload object files
configure:4752: result: -r
configure:4779: checking how to recognize dependent libraries
configure:4969: result: pass_all
configure:5029: checking for ar
configure:5045: found /usr/bin/ar
configure:5056: result: ar
configure:5134: checking for strip
configure:5150: found /usr/bin/strip
configure:5161: result: strip
configure:5233: checking for ranlib
configure:5249: found /usr/bin/ranlib
configure:5260: result: ranlib
configure:5350: checking command to parse /usr/bin/nm -B output from gcc object
configure:5468: gcc -c -g -O2  conftest.c >&5
configure:5471: $? = 0
configure:5475: /usr/bin/nm -B conftest.o \| sed -n -e 's/^.*[	 ]\([ABCDGIRSTW][ABCDGIRSTW]*\)[	 ][	 ]*\([_A-Za-z][_A-Za-z0-9]*\)$/\1 \2 \2/p' \> conftest.nm
configure:5478: $? = 0
configure:5532: gcc -o conftest -g -O2   conftest.c conftstm.o >&5
configure:5535: $? = 0
configure:5573: result: ok
configure:5669: gcc -c -g -O2  conftest.c >&5
configure:5672: $? = 0
configure:6382: checking how to run the C preprocessor
configure:6413: gcc -E  conftest.c
configure:6413: $? = 0
configure:6427: gcc -E  conftest.c
conftest.c:11:10: fatal error: ac_nonexistent.h: No such file or directory
 #include <ac_nonexistent.h>
          ^~~~~~~~~~~~~~~~~~
compilation terminated.
configure:6427: $? = 1
configure: failed program was:
| /* confdefs.h */
| #define PACKAGE_NAME "gnufdisk-device"
| #define PACKAGE_TARNAME "gnufdisk-device"
| #define PACKAGE_VERSION "2.0.0a"
| #define PACKAGE_STRING "gnufdisk-device 2.0.0a"
| #define PACKAGE_BUGREPORT "bug-fdisk@gnu.org"
| #define PACKAGE_URL ""
| #define PACKAGE "gnufdisk-device"
| #define VERSION "2.0.0a"
| /* end confdefs.h.  */
| #include <ac_nonexistent.h>
configure:6452: result: gcc -E
configure:6472: gcc -E  conftest.c
configure:6472: $? = 0
configure:6486: gcc -E  conftest.c
conftest.c:11:10: fatal error: ac_nonexistent.h: No such file or directory
 #include <ac_nonexistent.h>
          ^~~~~~~~~~~~~~~~~~
compilation terminated.
configure:6486: $? = 1
configure: failed program was:
| /* confdefs.h */
| #define PACKAGE_NAME "gnufdisk-device"
| #define PACKAGE_TARNAME "gnufdisk-device"
| #define PACKAGE_VERSION "2.0.0a"
| #define PACKAGE_STRING "gnufdisk-device 2.0.0a"
| #define PACKAGE_BUGREPORT "bug-fdisk@gnu.org"
| #define PACKAGE_URL ""
| #define PACKAGE "gnufdisk-device"
| #define VERSION "2.0.0a"
| /* end confdefs.h.  */
| #include <ac_nonexistent.h>
configure:6515: checking for ANSI C header files
configure:6535: gcc -c -g -O2  conftest.c >&5
configure:6535: $? = 0
configure:6608: gcc -o conftest -g -O2   conftest.c  >&5
configure:6608: $? = 0
configure:6608: ./conftest
configure:6608: $? = 0
configure:6619: result: yes
configure:6632: checking for sys/types.h
configure:6632: gcc -c -g -O2  conftest.c >&5
configure:6632: $? = 0
configure:6632: result: yes
configure:6632: checking for sys/stat.h
configure:6632: gcc -c -g -O2  conftest.c >&5
configure:6632: $? = 0
configure:6632: result: yes
configure:6632: checking for stdlib.h
configure:6632: gcc -c -g -O2  conftest.c >&5
configure:6632: $? = 0
configure:6632: result: yes
configure:6632: checking for string.h
configure:6632: gcc -c -g -O2  conftest.c >&5
configure:6632: $? = 0
configure:6632: result: yes
configure:6632: checking for memory.h
configure:6632: gcc -c -g -O2  conftest.c >&5
configure:6632: $? = 0
configure:6632: result: yes
configure:6632: checking for strings.h
configure:6632: gcc -c -g -O2  conftest.c >&5
configure:6632: $? = 0
configure:6632: result: yes
configure:6632: checking for inttypes.h
configure:6632: gcc -c -g -O2  conftest.c >&5
configure:6632: $? = 0
configure:6632: result: yes
configure:6632: checking for stdint.h
configure:6632: gcc -c -g -O2  conftest.c >&5
configure:6632: $? = 0
configure:6632: result: yes
configure:6632: checking for unistd.h
configure:6632: gcc -c -g -O2  conftest.c >&5
configure:6632: $? = 0
configure:6632: result: yes
configure:6647: checking for dlfcn.h
configure:6647: gcc -c -g -O2  conftest.c >&5
configure:6647: $? = 0
configure:6647: result: yes
configure:6831: checking for objdir
configure:6846: result: .libs
configure:7142: checking if gcc supports -fno-rtti -fno-exceptions
configure:7160: gcc -c -g -O2  -fno-rtti -fno-exceptions conftest.c >&5
cc1: warning: command line option '-fno-rtti' is valid for C++/ObjC++ but not for C
configure:7164: $? = 0
configure:7177: result: no
configure:7197: checking for gcc option to produce PIC
configure:7454: result: -fPIC -DPIC
configure:7466: checking if gcc PIC flag -fPIC -DPIC works
configure:7484: gcc -c -g -O2  -fPIC -DPIC -DPIC conftest.c >&5
configure:7488: $? = 0
configure:7501: result: yes
configure:7525: checking if gcc static flag -static works
configure:7553: result: yes
configure:7568: checking if gcc supports -c -o file.o
configure:7589: gcc -c -g -O2  -o out/conftest2.o conftest.c >&5
configure:7593: $? = 0
configure:7615: result: yes
configure:7623: checking if gcc supports -c -o file.o
configure:7670: result: yes
configure:7703: checking whether the gcc linker (/usr/bin/ld -m elf_x86_64) supports shared libraries
configure:8682: result: yes
configure:8719: checking whether -lc should be explicitly linked in
configure:8724: gcc -c -g -O2  conftest.c >&5
configure:8727: $? = 0
configure:8742: gcc -shared conftest.o  -v -Wl,-soname -Wl,conftest -o conftest 2\>\&1 \| /bin/grep  -lc  \>/dev/null 2\>\&1
configure:8745: $? = 0
configure:8757: result: no
configure:8921: checking dynamic linker characteristics
configure:9354: gcc -o conftest -g -O2   -Wl,-rpath -Wl,/foo conftest.c  >&5
configure:9354: $? = 0
configure:9584: result: GNU/Linux ld.so
configure:9686: checking how to hardcode library paths into programs
configure:9711: result: immediate
configure:10239: checking whether stripping libraries is possible
configure:10244: result: yes
configure:10279: checking if libtool supports shared libraries
configure:10281: result: yes
configure:10284: checking whether to build shared libraries
configure:10305: result: yes
configure:10308: checking whether to build static libraries
configure:10312: result: yes
configure:10396: checking for gcc
configure:10423: result: gcc
configure:10652: checking for C compiler version
configure:10661: gcc --version >&5
gcc (Ubuntu 7.5.0-3ubuntu1~18.04) 7.5.0
Copyright (C) 2017 Free Software Foundation, Inc.
This is free software; see the source for copying conditions.  There is NO
warranty; not even for MERCHANTABILITY or FITNESS FOR A PARTICULAR PURPOSE.

configure:10672: $? = 0
configure:10661: gcc -v >&5
Using built-in specs.
COLLECT_GCC=gcc
COLLECT_LTO_WRAPPER=/usr/lib/gcc/x86_64-linux-gnu/7/lto-wrapper
OFFLOAD_TARGET_NAMES=nvptx-none
OFFLOAD_TARGET_DEFAULT=1
Target: x86_64-linux-gnu
Configured with: ../src/configure -v --with-pkgversion='Ubuntu 7.5.0-3ubuntu1~18.04' --with-bugurl=file:///usr/share/doc/gcc-7/README.Bugs --enable-languages=c,ada,c++,go,brig,d,fortran,objc,obj-c++ --prefix=/usr --with-gcc-major-version-only --program-suffix=-7 --program-prefix=x86_64-linux-gnu- --enable-shared --enable-linker-build-id --libexecdir=/usr/lib --without-included-gettext --enable-threads=posix --libdir=/usr/lib --enable-nls --enable-bootstrap --enable-clocale=gnu --enable-libstdcxx-debug --enable-libstdcxx-time=yes --with-default-libstdcxx-abi=new --enable-gnu-unique-object --disable-vtable-verify --enable-libmpx --enable-plugin --enable-default-pie --with-system-zlib --with-target-system-zlib --enable-objc-gc=auto --enable-multiarch --disable-werror --with-arch-32=i686 --with-abi=m64 --with-multilib-list=m32,m64,mx32 --enable-multilib --with-tune=generic --enable-offload-targets=nvptx-none --without-cuda-driver --enable-checking=release --build=x86_64-linux-gnu --host=x86_64-linux-gnu --target=x86_64-linux-gnu
Thread model: posix
gcc version 7.5.0 (Ubuntu 7.5.0-3ubuntu1~18.04) 
configure:10672: $? = 0
configure:10661: gcc -V >&5
gcc: error: unrecognized command line option '-V'
gcc: fatal error: no input files
compilation terminated.
configure:10672: $? = 1
configure:10661: gcc -qversion >&5
gcc: error: unrecognized command line option '-qversion'; did you mean '--version'?
gcc: fatal error: no input files
compilation terminated.
configure:10672: $? = 1
configure:10676: checking whether we are using the GNU C compiler
configure:10704: result: yes
configure:10713: checking whether gcc accepts -g
configure:10774: result: yes
configure:10791: checking for gcc option to accept ISO C89
configure:10868: result: none needed
configure:10890: checking dependency style of gcc
configure:11000: result: gcc3
configure:11016: checking whether gcc and cc understand -c and -o together
configure:11047: gcc -c conftest.c -o conftest2.o >&5
configure:11051: $? = 0
configure:11057: gcc -c conftest.c -o conftest2.o >&5
configure:11061: $? = 0
configure:11072: cc -c conftest.c >&5
configure:11076: $? = 0
configure:11084: cc -c conftest.c -o conftest2.o >&5
configure:11088: $? = 0
configure:11094: cc -c conftest.c -o conftest2.o >&5
configure:11098: $? = 0
configure:11116: result: yes
configure:11145: checking for stdint.h
configure:11145: result: yes
configure:11157: checking for size_t
configure:11157: gcc -c -g -O2  conftest.c >&5
configure:11157: $? = 0
configure:11157: gcc -c -g -O2  conftest.c >&5
conftest.c: In function 'main':
conftest.c:60:21: error: expected expression before ')' token
 if (sizeof ((size_t)))
                     ^
configure:11157: $? = 1
configure: failed program was:
| /* confdefs.h */
| #define PACKAGE_NAME "gnufdisk-device"
| #define PACKAGE_TARNAME "gnufdisk-device"
| #define PACKAGE_VERSION "2.0.0a"
| #define PACKAGE_STRING "gnufdisk-device 2.0.0a"
| #define PACKAGE_BUGREPORT "bug-fdisk@gnu.org"
| #define PACKAGE_URL ""
| #define PACKAGE "gnufdisk-device"
| #define VERSION "2.0.0a"
| #define STDC_HEADERS 1
| #define HAVE_SYS_TYPES_H 1
| #define HAVE_SYS_STAT_H 1
| #define HAVE_STDLIB_H 1
| #define HAVE_STRING_H 1
| #define HAVE_MEMORY_H 1
| #define HAVE_STRINGS_H 1
| #define HAVE_INTTYPES_H 1
| #define HAVE_STDINT_H 1
| #define HAVE_UNISTD_H 1
| #define HAVE_DLFCN_H 1
| #define LT_OBJDIR ".libs/"
| #define HAVE_STDINT_H 1
| /* end confdefs.h.  */
| #include <stdio.h>
| #ifdef HAVE_SYS_TYPES_H
| # include <sys/types.h>
| #endif
| #ifdef HAVE_SYS_STAT_H
| # include <sys/stat.h>
| #endif
| #ifdef STDC_HEADERS
| # include <stdlib.h>
| # include <stddef.h>
| #else
| # ifdef HAVE_STDLIB_H
| #  include <stdlib.h>
| # endif
| #endif
| #ifdef HAVE_STRING_H
| # if !defined STDC_HEADERS && defined HAVE_MEMORY_H
| #  include <memory.h>
| # endif
| # include <string.h>
| #endif
| #ifdef HAVE_STRINGS_H
| # include <strings.h>
| #endif
| #ifdef HAVE_INTTYPES_H
| # include <inttypes.h>
| #endif
| #ifdef HAVE_STDINT_H
| # include <stdint.h>
| #endif
| #ifdef HAVE_UNISTD_H
| # include <unistd.h>
| #endif
| int
| main ()
| {
| if (sizeof ((size_t)))
| 	    return 0;
|   ;
|   return 0;
| }
configure:11157: result: yes
configure:11168: checking for an ANSI C-conforming const
configure:11233: gcc -c -g -O2  conftest.c >&5
configure:11233: $? = 0
configure:11240: result: yes
configure:11249: checking for long long int
configure:11289: gcc -o conftest -g -O2   conftest.c  >&5
configure:11289: $? = 0
configure:11319: gcc -o conftest -g -O2   conftest.c  >&5
configure:11319: $? = 0
configure:11319: ./conftest
configure:11319: $? = 0
configure:11334: result: yes
configure:11477: creating ./config.status

## ---------------------- ##
## Running config.status. ##
## ---------------------- ##

This file was extended by gnufdisk-device config.status 2.0.0a, which was
generated by GNU Autoconf 2.65.  Invocation command line was

  CONFIG_FILES    = 
  CONFIG_HEADERS  = 
  CONFIG_LINKS    = 
  CONFIG_COMMANDS = 
  $ ./config.status 

on rishon

config.status:1106: creating Makefile
config.status:1106: creating src/Makefile
config.status:1106: creating include/gnufdisk-device.h
config.status:1106: creating src/config.h
config.status:1326: executing depfiles commands
config.status:1326: executing libtool commands

## ---------------- ##
## Cache variables. ##
## ---------------- ##

ac_cv_build=x86_64-unknown-linux-gnu
ac_cv_c_compiler_gnu=yes
ac_cv_c_const=yes
ac_cv_env_CC_set=
ac_cv_env_CC_value=
ac_cv_env_CFLAGS_set=
ac_cv_env_CFLAGS_value=
ac_cv_env_CPPFLAGS_set=
ac_cv_env_CPPFLAGS_value=
ac_cv_env_CPP_set=
ac_cv_env_CPP_value=
ac_cv_env_LDFLAGS_set=
ac_cv_env_LDFLAGS_value=
ac_cv_env_LIBS_set=
ac_cv_env_LIBS_value=
ac_cv_env_build_alias_set=
ac_cv_env_build_alias_value=
ac_cv_env_host_alias_set=
ac_cv_env_host_alias_value=
ac_cv_env_target_alias_set=
ac_cv_env_target_alias_value=
ac_cv_header_dlfcn_h=yes
ac_cv_header_inttypes_h=yes
ac_cv_header_memory_h=yes
ac_cv_header_stdc=yes
ac_cv_header_stdint_h=yes
ac_cv_header_stdlib_h=yes
ac_cv_header_string_h=yes
ac_cv_header_strings_h=yes
ac_cv_header_sys_stat_h=yes
ac_cv_header_sys_types_h=yes
ac_cv_header_unistd_h=yes
ac_cv_host=x86_64-unknown-linux-gnu
ac_cv_objext=o
ac_cv_path_EGREP='/bin/grep -E'
ac_cv_path_FGREP='/bin/grep -F'
ac_cv_path_GREP=/bin/grep
ac_cv_path_SED=/bin/sed
ac_cv_path_install='/usr/bin/install -c'
ac_cv_path_mkdir=/bin/mkdir
ac_cv_prog_AWK=gawk
ac_cv_prog_CPP='gcc -E'
ac_cv_prog_ac_ct_AR=ar
ac_cv_prog_ac_ct_CC=gcc
ac_cv_prog_ac_ct_RANLIB=ranlib
ac_cv_prog_ac_ct_STRIP=strip
ac_cv_prog_cc_c89=
ac_cv_prog_cc_g=yes
ac_cv_prog_cc_gcc_c_o=yes
ac_cv_prog_make_make_set=yes
ac_cv_type_long_long_int=yes
ac_cv_type_size_t=yes
am_cv_CC_dependencies_compiler_type=gcc3
lt_cv_deplibs_check_method=pass_all
lt_cv_file_magic_cmd='$MAGIC_CMD'
lt_cv_file_magic_test_file=
lt_cv_ld_reload_flag=-r
lt_cv_nm_interface='BSD nm'
lt_cv_objdir=.libs
lt_cv_path_LD=/usr/bin/ld
lt_cv_path_NM='/usr/bin/nm -B'
lt_cv_prog_compiler_c_o=yes
lt_cv_prog_compiler_pic_works=yes
lt_cv_prog_compiler_rtti_exceptions=no
lt_cv_prog_compiler_static_works=yes
lt_cv_prog_gnu_ld=yes
lt_cv_sys_global_symbol_pipe='sed -n -e '\''s/^.*[	 ]\([ABCDGIRSTW][ABCDGIRSTW]*\)[	 ][	 ]*\([_A-Za-z][_A-Za-z0-9]*\)$/\1 \2 \2/p'\'''
lt_cv_sys_global_symbol_to_c_name_address='sed -n -e '\''s/^: \([^ ]*\) $/  {\"\1\", (void *) 0},/p'\'' -e '\''s/^[ABCDGIRSTW]* \([^ ]*\) \([^ ]*\)$/  {"\2", (void *) \&\2},/p'\'''
lt_cv_sys_global_symbol_to_c_name_address_lib_prefix='sed -n -e '\''s/^: \([^ ]*\) $/  {\"\1\", (void *) 0},/p'\'' -e '\''s/^[ABCDGIRSTW]* \([^ ]*\) \(lib[^ ]*\)$/  {"\2", (void *) \&\2},/p'\'' -e '\''s/^[ABCDGIRSTW]* \([^ ]*\) \([^ ]*\)$/  {"lib\2", (void *) \&\2},/p'\'''
lt_cv_sys_global_symbol_to_cdecl='sed -n -e '\''s/^T .* \(.*\)$/extern int \1();/p'\'' -e '\''s/^[ABCDGIRSTW]* .* \(.*\)$/extern char \1;/p'\'''
lt_cv_sys_max_cmd_len=1572864

## ----------------- ##
## Output variables. ##
## ----------------- ##

ACLOCAL='${SHELL} /home/carolhanna/Security_Project/gnu_dataset/gnufdisk-2.0.0a/device/autoconf/missing --run aclocal-1.11'
AMDEPBACKSLASH='\'
AMDEP_FALSE='#'
AMDEP_TRUE=''
AMTAR='${SHELL} /home/carolhanna/Security_Project/gnu_dataset/gnufdisk-2.0.0a/device/autoconf/missing --run tar'
AR='ar'
AUTOCONF='${SHELL} /home/carolhanna/Security_Project/gnu_dataset/gnufdisk-2.0.0a/device/autoconf/missing --run autoconf'
AUTOHEADER='${SHELL} /home/carolhanna/Security_Project/gnu_dataset/gnufdisk-2.0.0a/device/autoconf/missing --run autoheader'
AUTOMAKE='${SHELL} /home/carolhanna/Security_Project/gnu_dataset/gnufdisk-2.0.0a/device/autoconf/missing --run automake-1.11'
AWK='gawk'
CC='gcc'
CCDEPMODE='depmode=gcc3'
CFLAGS='-g -O2'
CPP='gcc -E'
CPPFLAGS=''
CYGPATH_W='echo'
DEFS='-DHAVE_CONFIG_H'
DEPDIR='.deps'
DSYMUTIL=''
DUMPBIN=''
ECHO_C=''
ECHO_N='-n'
ECHO_T=''
EGREP='/bin/grep -E'
EXEEXT=''
FGREP='/bin/grep -F'
GREP='/bin/grep'
INSTALL_DATA='${INSTALL} -m 644'
INSTALL_PROGRAM='${INSTALL}'
INSTALL_SCRIPT='${INSTALL}'
INSTALL_STRIP_PROGRAM='$(install_sh) -c -s'
LD='/usr/bin/ld -m elf_x86_64'
LDFLAGS=''
LIBOBJS=''
LIBS=''
LIBTOOL='$(SHELL) $(top_builddir)/libtool'
LIPO=''
LN_S='ln -s'
LTLIBOBJS=''
MAKEINFO='${SHELL} /home/carolhanna/Security_Project/gnu_dataset/gnufdisk-2.0.0a/device/autoconf/missing --run makeinfo'
MKDIR_P='/bin/mkdir -p'
NM='/usr/bin/nm -B'
NMEDIT=''
OBJEXT='o'
OTOOL64=''
OTOOL=''
PACKAGE='gnufdisk-device'
PACKAGE_BUGREPORT='bug-fdisk@gnu.org'
PACKAGE_NAME='gnufdisk-device'
PACKAGE_STRING='gnufdisk-device 2.0.0a'
PACKAGE_TARNAME='gnufdisk-device'
PACKAGE_URL=''
PACKAGE_VERSION='2.0.0a'
PATH_SEPARATOR=':'
RANLIB='ranlib'
SED='/bin/sed'
SET_MAKE=''
SHELL='/bin/bash'
STRIP='strip'
VERSION='2.0.0a'
WIDE_INTEGER='long long int'
ac_ct_CC='gcc'
ac_ct_DUMPBIN=''
am__EXEEXT_FALSE=''
am__EXEEXT_TRUE='#'
am__fastdepCC_FALSE='#'
am__fastdepCC_TRUE=''
am__include='include'
am__isrc=''
am__leading_dot='.'
am__quote=''
am__tar='${AMTAR} chof - "$$tardir"'
am__untar='${AMTAR} xf -'
bindir='${exec_prefix}/bin'
build='x86_64-unknown-linux-gnu'
build_alias=''
build_cpu='x86_64'
build_os='linux-gnu'
build_vendor='unknown'
datadir='${datarootdir}'
datarootdir='${prefix}/share'
docdir='${datarootdir}/doc/${PACKAGE_TARNAME}'
dvidir='${docdir}'
exec_prefix='${prefix}'
host='x86_64-unknown-linux-gnu'
host_alias=''
host_cpu='x86_64'
host_os='linux-gnu'
host_vendor='unknown'
htmldir='${docdir}'
includedir='${prefix}/include'
infodir='${datarootdir}/info'
install_sh='${SHELL} /home/carolhanna/Security_Project/gnu_dataset/gnufdisk-2.0.0a/device/autoconf/install-sh'
libdir='${exec_prefix}/lib'
libexecdir='${exec_prefix}/libexec'
localedir='${datarootdir}/locale'
localstatedir='${prefix}/var'
lt_ECHO='echo'
mandir='${datarootdir}/man'
mkdir_p='/bin/mkdir -p'
oldincludedir='/usr/include'
pdfdir='${docdir}'
prefix='/usr/local'
program_transform_name='s,x,x,'
psdir='${docdir}'
sbindir='${exec_prefix}/sbin'
sharedstatedir='${prefix}/com'
sysconfdir='${prefix}/etc'
target_alias=''

## ----------- ##
## confdefs.h. ##
## ----------- ##

/* confdefs.h */
#define PACKAGE_NAME "gnufdisk-device"
#define PACKAGE_TARNAME "gnufdisk-device"
#define PACKAGE_VERSION "2.0.0a"
#define PACKAGE_STRING "gnufdisk-device 2.0.0a"
#define PACKAGE_BUGREPORT "bug-fdisk@gnu.org"
#define PACKAGE_URL ""
#define PACKAGE "gnufdisk-device"
#define VERSION "2.0.0a"
#define STDC_HEADERS 1
#define HAVE_SYS_TYPES_H 1
#define HAVE_SYS_STAT_H 1
#define HAVE_STDLIB_H 1
#define HAVE_STRING_H 1
#define HAVE_MEMORY_H 1
#define HAVE_STRINGS_H 1
#define HAVE_INTTYPES_H 1
#define HAVE_STDINT_H 1
#define HAVE_UNISTD_H 1
#define HAVE_DLFCN_H 1
#define LT_OBJDIR ".libs/"
#define HAVE_STDINT_H 1
#define HAVE_LONG_LONG_INT 1

configure: exit 0
