This file contains any messages produced by compilers while
running configure, to aid debugging if configure makes a mistake.

It was created by gama configure 2.08, which was
generated by GNU Autoconf 2.69.  Invocation command line was

  $ ./configure 

## --------- ##
## Platform. ##
## --------- ##

hostname = rishon
uname -m = x86_64
uname -r = 4.15.0-72-generic
uname -s = Linux
uname -v = #81-Ubuntu SMP Tue Nov 26 12:20:02 UTC 2019

/usr/bin/uname -p = unknown
/bin/uname -X     = unknown

/bin/arch              = unknown
/usr/bin/arch -k       = unknown
/usr/convex/getsysinfo = unknown
/usr/bin/hostinfo      = unknown
/bin/machine           = unknown
/usr/bin/oslevel       = unknown
/bin/universe          = unknown

PATH: /home/carolhanna/miniconda3/bin
PATH: /home/carolhanna/miniconda3/condabin
PATH: /usr/local/sbin
PATH: /usr/local/bin
PATH: /usr/sbin
PATH: /usr/bin
PATH: /sbin
PATH: /bin
PATH: /usr/games
PATH: /usr/local/games
PATH: /snap/bin


## ----------- ##
## Core tests. ##
## ----------- ##

configure:2235: checking for a BSD-compatible install
configure:2303: result: /usr/bin/install -c
configure:2314: checking whether build environment is sane
configure:2369: result: yes
configure:2520: checking for a thread-safe mkdir -p
configure:2559: result: /bin/mkdir -p
configure:2566: checking for gawk
configure:2582: found /usr/bin/gawk
configure:2593: result: gawk
configure:2604: checking whether make sets $(MAKE)
configure:2626: result: yes
configure:2655: checking whether make supports nested variables
configure:2672: result: yes
configure:2809: checking whether make supports nested variables
configure:2826: result: yes
configure:2847: checking whether make supports the include directive
configure:2862: make -f confmf.GNU && cat confinc.out
this is the am__doit target
configure:2865: $? = 0
configure:2884: result: yes (GNU style)
configure:2964: checking for g++
configure:2980: found /usr/bin/g++
configure:2991: result: g++
configure:3018: checking for C++ compiler version
configure:3027: g++ --version >&5
g++ (Ubuntu 7.5.0-3ubuntu1~18.04) 7.5.0
Copyright (C) 2017 Free Software Foundation, Inc.
This is free software; see the source for copying conditions.  There is NO
warranty; not even for MERCHANTABILITY or FITNESS FOR A PARTICULAR PURPOSE.

configure:3038: $? = 0
configure:3027: g++ -v >&5
Using built-in specs.
COLLECT_GCC=g++
COLLECT_LTO_WRAPPER=/usr/lib/gcc/x86_64-linux-gnu/7/lto-wrapper
OFFLOAD_TARGET_NAMES=nvptx-none
OFFLOAD_TARGET_DEFAULT=1
Target: x86_64-linux-gnu
Configured with: ../src/configure -v --with-pkgversion='Ubuntu 7.5.0-3ubuntu1~18.04' --with-bugurl=file:///usr/share/doc/gcc-7/README.Bugs --enable-languages=c,ada,c++,go,brig,d,fortran,objc,obj-c++ --prefix=/usr --with-gcc-major-version-only --program-suffix=-7 --program-prefix=x86_64-linux-gnu- --enable-shared --enable-linker-build-id --libexecdir=/usr/lib --without-included-gettext --enable-threads=posix --libdir=/usr/lib --enable-nls --enable-bootstrap --enable-clocale=gnu --enable-libstdcxx-debug --enable-libstdcxx-time=yes --with-default-libstdcxx-abi=new --enable-gnu-unique-object --disable-vtable-verify --enable-libmpx --enable-plugin --enable-default-pie --with-system-zlib --with-target-system-zlib --enable-objc-gc=auto --enable-multiarch --disable-werror --with-arch-32=i686 --with-abi=m64 --with-multilib-list=m32,m64,mx32 --enable-multilib --with-tune=generic --enable-offload-targets=nvptx-none --without-cuda-driver --enable-checking=release --build=x86_64-linux-gnu --host=x86_64-linux-gnu --target=x86_64-linux-gnu
Thread model: posix
gcc version 7.5.0 (Ubuntu 7.5.0-3ubuntu1~18.04) 
configure:3038: $? = 0
configure:3027: g++ -V >&5
g++: error: unrecognized command line option '-V'
g++: fatal error: no input files
compilation terminated.
configure:3038: $? = 1
configure:3027: g++ -qversion >&5
g++: error: unrecognized command line option '-qversion'; did you mean '--version'?
g++: fatal error: no input files
compilation terminated.
configure:3038: $? = 1
configure:3058: checking whether the C++ compiler works
configure:3080: g++    conftest.cpp  >&5
configure:3084: $? = 0
configure:3132: result: yes
configure:3135: checking for C++ compiler default output file name
configure:3137: result: a.out
configure:3143: checking for suffix of executables
configure:3150: g++ -o conftest    conftest.cpp  >&5
configure:3154: $? = 0
configure:3176: result: 
configure:3198: checking whether we are cross compiling
configure:3206: g++ -o conftest    conftest.cpp  >&5
configure:3210: $? = 0
configure:3217: ./conftest
configure:3221: $? = 0
configure:3236: result: no
configure:3241: checking for suffix of object files
configure:3263: g++ -c   conftest.cpp >&5
configure:3267: $? = 0
configure:3288: result: o
configure:3292: checking whether we are using the GNU C++ compiler
configure:3311: g++ -c   conftest.cpp >&5
configure:3311: $? = 0
configure:3320: result: yes
configure:3329: checking whether g++ accepts -g
configure:3349: g++ -c -g  conftest.cpp >&5
configure:3349: $? = 0
configure:3390: result: yes
configure:3415: checking dependency style of g++
configure:3526: result: gcc3
configure:3556: checking whether g++ supports C++11 features with -std=c++11
configure:3854: g++ -std=c++11 -c -g -O2  conftest.cpp >&5
configure:3854: $? = 0
configure:3863: result: yes
configure:3919: checking for valgrind
configure:3949: result: no
configure:4424: checking for C++ compiler version
configure:4433: g++ -std=c++11 --version >&5
g++ (Ubuntu 7.5.0-3ubuntu1~18.04) 7.5.0
Copyright (C) 2017 Free Software Foundation, Inc.
This is free software; see the source for copying conditions.  There is NO
warranty; not even for MERCHANTABILITY or FITNESS FOR A PARTICULAR PURPOSE.

configure:4444: $? = 0
configure:4433: g++ -std=c++11 -v >&5
Using built-in specs.
COLLECT_GCC=g++
COLLECT_LTO_WRAPPER=/usr/lib/gcc/x86_64-linux-gnu/7/lto-wrapper
OFFLOAD_TARGET_NAMES=nvptx-none
OFFLOAD_TARGET_DEFAULT=1
Target: x86_64-linux-gnu
Configured with: ../src/configure -v --with-pkgversion='Ubuntu 7.5.0-3ubuntu1~18.04' --with-bugurl=file:///usr/share/doc/gcc-7/README.Bugs --enable-languages=c,ada,c++,go,brig,d,fortran,objc,obj-c++ --prefix=/usr --with-gcc-major-version-only --program-suffix=-7 --program-prefix=x86_64-linux-gnu- --enable-shared --enable-linker-build-id --libexecdir=/usr/lib --without-included-gettext --enable-threads=posix --libdir=/usr/lib --enable-nls --enable-bootstrap --enable-clocale=gnu --enable-libstdcxx-debug --enable-libstdcxx-time=yes --with-default-libstdcxx-abi=new --enable-gnu-unique-object --disable-vtable-verify --enable-libmpx --enable-plugin --enable-default-pie --with-system-zlib --with-target-system-zlib --enable-objc-gc=auto --enable-multiarch --disable-werror --with-arch-32=i686 --with-abi=m64 --with-multilib-list=m32,m64,mx32 --enable-multilib --with-tune=generic --enable-offload-targets=nvptx-none --without-cuda-driver --enable-checking=release --build=x86_64-linux-gnu --host=x86_64-linux-gnu --target=x86_64-linux-gnu
Thread model: posix
gcc version 7.5.0 (Ubuntu 7.5.0-3ubuntu1~18.04) 
configure:4444: $? = 0
configure:4433: g++ -std=c++11 -V >&5
g++: error: unrecognized command line option '-V'
g++: fatal error: no input files
compilation terminated.
configure:4444: $? = 1
configure:4433: g++ -std=c++11 -qversion >&5
g++: error: unrecognized command line option '-qversion'; did you mean '--version'?
g++: fatal error: no input files
compilation terminated.
configure:4444: $? = 1
configure:4448: checking whether we are using the GNU C++ compiler
configure:4476: result: yes
configure:4485: checking whether g++ -std=c++11 accepts -g
configure:4546: result: yes
configure:4571: checking dependency style of g++ -std=c++11
configure:4682: result: gcc3
configure:4745: checking for gcc
configure:4761: found /usr/bin/gcc
configure:4772: result: gcc
configure:5001: checking for C compiler version
configure:5010: gcc --version >&5
gcc (Ubuntu 7.5.0-3ubuntu1~18.04) 7.5.0
Copyright (C) 2017 Free Software Foundation, Inc.
This is free software; see the source for copying conditions.  There is NO
warranty; not even for MERCHANTABILITY or FITNESS FOR A PARTICULAR PURPOSE.

configure:5021: $? = 0
configure:5010: gcc -v >&5
Using built-in specs.
COLLECT_GCC=gcc
COLLECT_LTO_WRAPPER=/usr/lib/gcc/x86_64-linux-gnu/7/lto-wrapper
OFFLOAD_TARGET_NAMES=nvptx-none
OFFLOAD_TARGET_DEFAULT=1
Target: x86_64-linux-gnu
Configured with: ../src/configure -v --with-pkgversion='Ubuntu 7.5.0-3ubuntu1~18.04' --with-bugurl=file:///usr/share/doc/gcc-7/README.Bugs --enable-languages=c,ada,c++,go,brig,d,fortran,objc,obj-c++ --prefix=/usr --with-gcc-major-version-only --program-suffix=-7 --program-prefix=x86_64-linux-gnu- --enable-shared --enable-linker-build-id --libexecdir=/usr/lib --without-included-gettext --enable-threads=posix --libdir=/usr/lib --enable-nls --enable-bootstrap --enable-clocale=gnu --enable-libstdcxx-debug --enable-libstdcxx-time=yes --with-default-libstdcxx-abi=new --enable-gnu-unique-object --disable-vtable-verify --enable-libmpx --enable-plugin --enable-default-pie --with-system-zlib --with-target-system-zlib --enable-objc-gc=auto --enable-multiarch --disable-werror --with-arch-32=i686 --with-abi=m64 --with-multilib-list=m32,m64,mx32 --enable-multilib --with-tune=generic --enable-offload-targets=nvptx-none --without-cuda-driver --enable-checking=release --build=x86_64-linux-gnu --host=x86_64-linux-gnu --target=x86_64-linux-gnu
Thread model: posix
gcc version 7.5.0 (Ubuntu 7.5.0-3ubuntu1~18.04) 
configure:5021: $? = 0
configure:5010: gcc -V >&5
gcc: error: unrecognized command line option '-V'
gcc: fatal error: no input files
compilation terminated.
configure:5021: $? = 1
configure:5010: gcc -qversion >&5
gcc: error: unrecognized command line option '-qversion'; did you mean '--version'?
gcc: fatal error: no input files
compilation terminated.
configure:5021: $? = 1
configure:5025: checking whether we are using the GNU C compiler
configure:5044: gcc -c   conftest.c >&5
configure:5044: $? = 0
configure:5053: result: yes
configure:5062: checking whether gcc accepts -g
configure:5082: gcc -c -g  conftest.c >&5
configure:5082: $? = 0
configure:5123: result: yes
configure:5140: checking for gcc option to accept ISO C89
configure:5203: gcc  -c -g -O2  conftest.c >&5
configure:5203: $? = 0
configure:5216: result: none needed
configure:5241: checking whether gcc understands -c and -o together
configure:5263: gcc -c conftest.c -o conftest2.o
configure:5266: $? = 0
configure:5263: gcc -c conftest.c -o conftest2.o
configure:5266: $? = 0
configure:5278: result: yes
configure:5297: checking dependency style of gcc
configure:5408: result: gcc3
configure:5423: checking whether make sets $(MAKE)
configure:5445: result: yes
configure:5497: checking for ranlib
configure:5513: found /usr/bin/ranlib
configure:5524: result: ranlib
configure:5575: checking whether gama-g3 build is enabled... yes
configure:5582: checking for makeinfo
configure:5610: result: no
configure:5628: WARNING: makeinfo is missing on your system
configure:5667: checking for XML_ParserCreate in -lexpat
configure:5692: gcc -o conftest -g -O2   conftest.c -lexpat   >&5
configure:5692: $? = 0
configure:5701: result: yes
configure:5719: checking how to run the C preprocessor
configure:5750: gcc -E  conftest.c
configure:5750: $? = 0
configure:5764: gcc -E  conftest.c
conftest.c:13:10: fatal error: ac_nonexistent.h: No such file or directory
 #include <ac_nonexistent.h>
          ^~~~~~~~~~~~~~~~~~
compilation terminated.
configure:5764: $? = 1
configure: failed program was:
| /* confdefs.h */
| #define PACKAGE_NAME "gama"
| #define PACKAGE_TARNAME "gama"
| #define PACKAGE_VERSION "2.08"
| #define PACKAGE_STRING "gama 2.08"
| #define PACKAGE_BUGREPORT "bug-gama@gnu.org"
| #define PACKAGE_URL ""
| #define PACKAGE "gama"
| #define VERSION "2.08"
| #define HAVE_CXX11 1
| #define HAVE_LIBEXPAT 1
| /* end confdefs.h.  */
| #include <ac_nonexistent.h>
configure:5789: result: gcc -E
configure:5809: gcc -E  conftest.c
configure:5809: $? = 0
configure:5823: gcc -E  conftest.c
conftest.c:13:10: fatal error: ac_nonexistent.h: No such file or directory
 #include <ac_nonexistent.h>
          ^~~~~~~~~~~~~~~~~~
compilation terminated.
configure:5823: $? = 1
configure: failed program was:
| /* confdefs.h */
| #define PACKAGE_NAME "gama"
| #define PACKAGE_TARNAME "gama"
| #define PACKAGE_VERSION "2.08"
| #define PACKAGE_STRING "gama 2.08"
| #define PACKAGE_BUGREPORT "bug-gama@gnu.org"
| #define PACKAGE_URL ""
| #define PACKAGE "gama"
| #define VERSION "2.08"
| #define HAVE_CXX11 1
| #define HAVE_LIBEXPAT 1
| /* end confdefs.h.  */
| #include <ac_nonexistent.h>
configure:5852: checking for grep that handles long lines and -e
configure:5910: result: /bin/grep
configure:5915: checking for egrep
configure:5977: result: /bin/grep -E
configure:5982: checking for ANSI C header files
configure:6002: gcc -c -g -O2  conftest.c >&5
configure:6002: $? = 0
configure:6075: gcc -o conftest -g -O2   conftest.c -lexpat  >&5
configure:6075: $? = 0
configure:6075: ./conftest
configure:6075: $? = 0
configure:6086: result: yes
configure:6099: checking for sys/types.h
configure:6099: gcc -c -g -O2  conftest.c >&5
configure:6099: $? = 0
configure:6099: result: yes
configure:6099: checking for sys/stat.h
configure:6099: gcc -c -g -O2  conftest.c >&5
configure:6099: $? = 0
configure:6099: result: yes
configure:6099: checking for stdlib.h
configure:6099: gcc -c -g -O2  conftest.c >&5
configure:6099: $? = 0
configure:6099: result: yes
configure:6099: checking for string.h
configure:6099: gcc -c -g -O2  conftest.c >&5
configure:6099: $? = 0
configure:6099: result: yes
configure:6099: checking for memory.h
configure:6099: gcc -c -g -O2  conftest.c >&5
configure:6099: $? = 0
configure:6099: result: yes
configure:6099: checking for strings.h
configure:6099: gcc -c -g -O2  conftest.c >&5
configure:6099: $? = 0
configure:6099: result: yes
configure:6099: checking for inttypes.h
configure:6099: gcc -c -g -O2  conftest.c >&5
configure:6099: $? = 0
configure:6099: result: yes
configure:6099: checking for stdint.h
configure:6099: gcc -c -g -O2  conftest.c >&5
configure:6099: $? = 0
configure:6099: result: yes
configure:6099: checking for unistd.h
configure:6099: gcc -c -g -O2  conftest.c >&5
configure:6099: $? = 0
configure:6099: result: yes
configure:6113: checking expat.h usability
configure:6113: gcc -c -g -O2  conftest.c >&5
configure:6113: $? = 0
configure:6113: result: yes
configure:6113: checking expat.h presence
configure:6113: gcc -E  conftest.c
configure:6113: $? = 0
configure:6113: result: yes
configure:6113: checking for expat.h
configure:6113: result: yes
configure:6137: checking for sqlite3_open in -lsqlite3
configure:6162: gcc -o conftest -g -O2   conftest.c -lsqlite3  -lexpat  >&5
configure:6162: $? = 0
configure:6171: result: yes
configure:6203: checking for xmllint
configure:6219: found /usr/bin/xmllint
configure:6231: result: yes
configure:6258: checking for octave
configure:6286: result: no
configure:6305: WARNING: octave not found, .m files will not be validated
configure:6311: checking for ANSI C header files
configure:6415: result: yes
configure:6535: checking that generated files are newer than configure
configure:6541: result: done
configure:6612: creating ./config.status

## ---------------------- ##
## Running config.status. ##
## ---------------------- ##

This file was extended by gama config.status 2.08, which was
generated by GNU Autoconf 2.69.  Invocation command line was

  CONFIG_FILES    = 
  CONFIG_HEADERS  = 
  CONFIG_LINKS    = 
  CONFIG_COMMANDS = 
  $ ./config.status 

on rishon

config.status:997: creating Makefile
config.status:997: creating lib/Makefile
config.status:997: creating bin/Makefile
config.status:997: creating scripts/Makefile
config.status:997: creating doc/Makefile
config.status:997: creating xml/Makefile
config.status:997: creating tests/Makefile
config.status:997: creating tests/matvec/Makefile
config.status:997: creating tests/statan/Makefile
config.status:997: creating tests/acord2/Makefile
config.status:997: creating tests/acord2/input/a2g/Makefile
config.status:997: creating tests/acord2/input/a2diff/Makefile
config.status:997: creating tests/gama-local/Makefile
config.status:997: creating tests/gama-local/input/Makefile
config.status:997: creating tests/gama-local/scripts/Makefile
config.status:997: creating tests/gama-g3/Makefile
config.status:997: creating tests/gama-g3/input/Makefile
config.status:997: creating tests/gama-g3/scripts/Makefile
config.status:997: creating config.h
config.status:1178: config.h is unchanged
config.status:1226: executing depfiles commands
config.status:1303: cd lib       && sed -e '/# am--include-marker/d' Makefile         | make -f - am--depfiles
make: Nothing to be done for 'am--depfiles'.
config.status:1308: $? = 0
config.status:1303: cd bin       && sed -e '/# am--include-marker/d' Makefile         | make -f - am--depfiles
make: Nothing to be done for 'am--depfiles'.
config.status:1308: $? = 0
config.status:1303: cd scripts       && sed -e '/# am--include-marker/d' Makefile         | make -f - am--depfiles
make: Nothing to be done for 'am--depfiles'.
config.status:1308: $? = 0
config.status:1303: cd tests/matvec       && sed -e '/# am--include-marker/d' Makefile         | make -f - am--depfiles
make: Nothing to be done for 'am--depfiles'.
config.status:1308: $? = 0
config.status:1303: cd tests/statan       && sed -e '/# am--include-marker/d' Makefile         | make -f - am--depfiles
make: Nothing to be done for 'am--depfiles'.
config.status:1308: $? = 0
config.status:1303: cd tests/acord2       && sed -e '/# am--include-marker/d' Makefile         | make -f - am--depfiles
make: Nothing to be done for 'am--depfiles'.
config.status:1308: $? = 0
config.status:1303: cd tests/gama-local/scripts       && sed -e '/# am--include-marker/d' Makefile         | make -f - am--depfiles
make: Nothing to be done for 'am--depfiles'.
config.status:1308: $? = 0
config.status:1303: cd tests/gama-g3/scripts       && sed -e '/# am--include-marker/d' Makefile         | make -f - am--depfiles
make: Nothing to be done for 'am--depfiles'.
config.status:1308: $? = 0

## ---------------- ##
## Cache variables. ##
## ---------------- ##

ac_cv_c_compiler_gnu=yes
ac_cv_cxx_compiler_gnu=yes
ac_cv_env_CCC_set=
ac_cv_env_CCC_value=
ac_cv_env_CC_set=
ac_cv_env_CC_value=
ac_cv_env_CFLAGS_set=
ac_cv_env_CFLAGS_value=
ac_cv_env_CPPFLAGS_set=
ac_cv_env_CPPFLAGS_value=
ac_cv_env_CPP_set=
ac_cv_env_CPP_value=
ac_cv_env_CXXFLAGS_set=
ac_cv_env_CXXFLAGS_value=
ac_cv_env_CXX_set=
ac_cv_env_CXX_value=
ac_cv_env_LDFLAGS_set=
ac_cv_env_LDFLAGS_value=
ac_cv_env_LIBS_set=
ac_cv_env_LIBS_value=
ac_cv_env_build_alias_set=
ac_cv_env_build_alias_value=
ac_cv_env_host_alias_set=
ac_cv_env_host_alias_value=
ac_cv_env_target_alias_set=
ac_cv_env_target_alias_value=
ac_cv_header_expat_h=yes
ac_cv_header_inttypes_h=yes
ac_cv_header_memory_h=yes
ac_cv_header_stdc=yes
ac_cv_header_stdint_h=yes
ac_cv_header_stdlib_h=yes
ac_cv_header_string_h=yes
ac_cv_header_strings_h=yes
ac_cv_header_sys_stat_h=yes
ac_cv_header_sys_types_h=yes
ac_cv_header_unistd_h=yes
ac_cv_lib_expat_XML_ParserCreate=yes
ac_cv_lib_sqlite3_sqlite3_open=yes
ac_cv_objext=o
ac_cv_path_EGREP='/bin/grep -E'
ac_cv_path_GREP=/bin/grep
ac_cv_path_install='/usr/bin/install -c'
ac_cv_path_mkdir=/bin/mkdir
ac_cv_prog_AWK=gawk
ac_cv_prog_CPP='gcc -E'
ac_cv_prog_GNU_GAMA_LOCAL_TEST_OCTAVE=no
ac_cv_prog_GNU_GAMA_LOCAL_TEST_XMLLINT=yes
ac_cv_prog_ac_ct_CC=gcc
ac_cv_prog_ac_ct_CXX=g++
ac_cv_prog_ac_ct_RANLIB=ranlib
ac_cv_prog_cc_c89=
ac_cv_prog_cc_g=yes
ac_cv_prog_cxx_g=yes
ac_cv_prog_gnu_gama_makeinfo=no
ac_cv_prog_make_make_set=yes
am_cv_CC_dependencies_compiler_type=gcc3
am_cv_CXX_dependencies_compiler_type=gcc3
am_cv_make_support_nested_variables=yes
am_cv_prog_cc_c_o=yes
ax_cv_cxx_compile_cxx11__std_cpp11=yes

## ----------------- ##
## Output variables. ##
## ----------------- ##














		$(foreach tool, $(valgrind_enabled_tools), check-valgrind-$(tool))
		LOG_COMPILER="$$(VALGRIND_LOG_COMPILER)" \
		LOG_FLAGS="$$(valgrind_$(1)_flags)" \
		TESTS_ENVIRONMENT="$$(VALGRIND_TESTS_ENVIRONMENT)" \
		TEST_SUITE_LOG=test-suite-$(1).log
	$$(valgrind_v_use)$$(MAKE) check-TESTS \
	$(AM_V_at)$(MAKE) $(AM_MAKEFLAGS) -k \
	$(TESTS_ENVIRONMENT) \
	$(VALGRIND) $(VALGRIND_SUPPRESSIONS) --error-exitcode=1 $(VALGRIND_FLAGS)
	$(valgrind_lt) \
	@echo "Need to reconfigure with --enable-valgrind"
	@echo "Need to reconfigure with --enable-valgrind"
	@echo "Need to reconfigure with --enable-valgrind-$(1)"
	G_DEBUG=fatal-warnings,fatal-criticals,gc-friendly
	G_SLICE=always-malloc,debug-blocks \
	env VALGRIND=$(VALGRIND) \
#
#    (Default: --num-callers=30)
#    files to load. (Default: empty)
#    memcheck, helgrind, drd, sgcheck). (Default: various)
#  - VALGRIND_$toolname_FLAGS: Flags to pass to Valgrind $toolname (one of:
#  - VALGRIND_FLAGS: General flags to pass to all Valgrind tools.
#  - VALGRIND_SUPPRESSIONS_FILES: Space-separated list of Valgrind suppressions
# Internal use
# Optional variables
# Optional:
# Support running with and without libtool.
# Use recursive makes in order to ignore errors during check
# Valgrind check
# Valgrind running
$(foreach tool,$(valgrind_tools),$(eval $(call valgrind_tool_rule,$(tool))))
'
.PHONY: check-valgrind $(add-prefix check-valgrind-,$(valgrind_tools))
ACLOCAL='${SHELL} /home/carolhanna/Security_Project/gnu_dataset/gama-2.08/scripts/config.aux/missing aclocal-1.16'
AMDEPBACKSLASH='\'
AMDEP_FALSE='#'
AMDEP_TRUE=''
AMTAR='$${TAR-tar}'
AM_BACKSLASH='\'
AM_DEFAULT_V='$(AM_DEFAULT_VERBOSITY)'
AM_DEFAULT_VERBOSITY='0'
AM_DISTCHECK_CONFIGURE_FLAGS += --disable-valgrind
AM_DISTCHECK_CONFIGURE_FLAGS ?=
AM_V='$(V)'
AUTOCONF='${SHELL} /home/carolhanna/Security_Project/gnu_dataset/gama-2.08/scripts/config.aux/missing autoconf'
AUTOHEADER='${SHELL} /home/carolhanna/Security_Project/gnu_dataset/gama-2.08/scripts/config.aux/missing autoheader'
AUTOMAKE='${SHELL} /home/carolhanna/Security_Project/gnu_dataset/gama-2.08/scripts/config.aux/missing automake-1.16'
AWK='gawk'
CC='gcc'
CCDEPMODE='depmode=gcc3'
CFLAGS='-g -O2'
CPP='gcc -E'
CPPFLAGS=' -DGNU_GAMA_LOCAL_SQLITE_READER'
CXX='g++ -std=c++11'
CXXDEPMODE='depmode=gcc3'
CXXFLAGS='-g -O2'
CYGPATH_W='echo'
DEFS='-DHAVE_CONFIG_H'
DEPDIR='.deps'
ECHO_C=''
ECHO_N='-n'
ECHO_T=''
EGREP='/bin/grep -E'
ENABLE_VALGRIND_drd='no'
ENABLE_VALGRIND_helgrind='no'
ENABLE_VALGRIND_memcheck='no'
ENABLE_VALGRIND_sgcheck='no'
EXEEXT=''
GNU_GAMA_G3_ENABLED_FALSE='#'
GNU_GAMA_G3_ENABLED_TRUE=''
GNU_GAMA_LOCAL_TEST_EXPAT_1_1_FALSE=''
GNU_GAMA_LOCAL_TEST_EXPAT_1_1_TRUE='#'
GNU_GAMA_LOCAL_TEST_OCTAVE='no'
GNU_GAMA_LOCAL_TEST_OCTAVE_FALSE=''
GNU_GAMA_LOCAL_TEST_OCTAVE_TRUE='#'
GNU_GAMA_LOCAL_TEST_SQLITE_READER_FALSE='#'
GNU_GAMA_LOCAL_TEST_SQLITE_READER_TRUE=''
GNU_GAMA_LOCAL_TEST_XMLLINT='yes'
GNU_GAMA_LOCAL_TEST_XMLLINT_FALSE='#'
GNU_GAMA_LOCAL_TEST_XMLLINT_TRUE=''
GNU_GAMA_MAKEINFO_FALSE=''
GNU_GAMA_MAKEINFO_TRUE='#'
GREP='/bin/grep'
HAVE_CXX11='1'
INSTALL_DATA='${INSTALL} -m 644'
INSTALL_PROGRAM='${INSTALL}'
INSTALL_SCRIPT='${INSTALL}'
INSTALL_STRIP_PROGRAM='$(install_sh) -c -s'
LDFLAGS=''
LIBOBJS=''
LIBS='-lsqlite3 -lexpat '
LTLIBOBJS=''
MAKEINFO='true'
MKDIR_P='/bin/mkdir -p'
MOSTLYCLEANFILES += $(valgrind_log_files)
MOSTLYCLEANFILES ?=
OBJEXT='o'
PACKAGE='gama'
PACKAGE_BUGREPORT='bug-gama@gnu.org'
PACKAGE_NAME='gama'
PACKAGE_STRING='gama 2.08'
PACKAGE_TARNAME='gama'
PACKAGE_URL=''
PACKAGE_VERSION='2.08'
PATH_SEPARATOR=':'
RANLIB='ranlib'
SET_MAKE=''
SHELL='/bin/bash'
STRIP=''
VALGRIND=''
VALGRIND_CHECK_RULES='
VALGRIND_ENABLED='no'
VALGRIND_ENABLED_FALSE=''
VALGRIND_ENABLED_TRUE='#'
VALGRIND_FLAGS ?= --num-callers=30
VALGRIND_LOG_COMPILER = \
VALGRIND_SUPPRESSIONS ?= $(addprefix --suppressions=,$(VALGRIND_SUPPRESSIONS_FILES))
VALGRIND_TESTS_ENVIRONMENT = \
VALGRIND_drd_FLAGS ?=
VALGRIND_helgrind_FLAGS ?= --history-level=approx
VALGRIND_memcheck_FLAGS ?= --leak-check=full --show-reachable=no
VALGRIND_sgcheck_FLAGS ?=
VERSION='2.08'
ac_ct_CC='gcc'
ac_ct_CXX='g++'
am__EXEEXT_FALSE=''
am__EXEEXT_TRUE='#'
am__fastdepCC_FALSE='#'
am__fastdepCC_TRUE=''
am__fastdepCXX_FALSE='#'
am__fastdepCXX_TRUE=''
am__include='include'
am__isrc=''
am__leading_dot='.'
am__nodep='_no'
am__quote=''
am__tar='$${TAR-tar} chof - "$$tardir"'
am__untar='$${TAR-tar} xf -'
bindir='${exec_prefix}/bin'
build_alias=''
check-valgrind-$(1)-am:
check-valgrind-am:
datadir='${datarootdir}'
datarootdir='${prefix}/share'
define valgrind_tool_rule
docdir='${datarootdir}/doc/${PACKAGE_TARNAME}'
dvidir='${docdir}'
else
else
else
else ifeq ($$(VALGRIND_ENABLED),yes)
endef
endif
endif
endif
endif
exec_prefix='${prefix}'
gnu_gama_makeinfo='no'
host_alias=''
htmldir='${docdir}'
ifeq ($$(VALGRIND_ENABLED)-$$(ENABLE_VALGRIND_$(1)),yes-yes)
ifeq ($(VALGRIND_ENABLED),yes)
ifneq ($$(TESTS),)
ifneq ($(LIBTOOL),)
includedir='${prefix}/include'
infodir='${datarootdir}/info'
install_sh='${SHELL} /home/carolhanna/Security_Project/gnu_dataset/gama-2.08/scripts/config.aux/install-sh'
libdir='${exec_prefix}/lib'
libexecdir='${exec_prefix}/libexec'
localedir='${datarootdir}/locale'
localstatedir='${prefix}/var'
mandir='${datarootdir}/man'
mkdir_p='$(MKDIR_P)'
oldincludedir='/usr/include'
pdfdir='${docdir}'
prefix='/usr/local'
program_transform_name='s,x,x,'
psdir='${docdir}'
runstatedir='${localstatedir}/run'
sbindir='${exec_prefix}/sbin'
sharedstatedir='${prefix}/com'
sysconfdir='${prefix}/etc'
target_alias=''
valgrind_drd_flags = --tool=drd $(VALGRIND_drd_FLAGS)
valgrind_enabled_tools=''
valgrind_helgrind_flags = --tool=helgrind $(VALGRIND_helgrind_FLAGS)
valgrind_log_files = $(addprefix test-suite-,$(addsuffix .log,$(valgrind_tools)))
valgrind_lt =
valgrind_lt = $(LIBTOOL) $(AM_LIBTOOLFLAGS) $(LIBTOOLFLAGS) --mode=execute
valgrind_memcheck_flags = --tool=memcheck $(VALGRIND_memcheck_FLAGS)
valgrind_quiet = $(valgrind_quiet_$(V))
valgrind_quiet_ = $(valgrind_quiet_$(AM_DEFAULT_VERBOSITY))
valgrind_quiet_0 = --quiet
valgrind_sgcheck_flags = --tool=exp-sgcheck $(VALGRIND_sgcheck_FLAGS)
valgrind_tools='memcheck helgrind drd sgcheck'
valgrind_v_use   = $(valgrind_v_use_$(V))
valgrind_v_use_  = $(valgrind_v_use_$(AM_DEFAULT_VERBOSITY))
valgrind_v_use_0 = @echo "  USE   " $(patsubst check-valgrind-%-am,%,$@):;

## ----------- ##
## confdefs.h. ##
## ----------- ##

/* confdefs.h */
#define PACKAGE_NAME "gama"
#define PACKAGE_TARNAME "gama"
#define PACKAGE_VERSION "2.08"
#define PACKAGE_STRING "gama 2.08"
#define PACKAGE_BUGREPORT "bug-gama@gnu.org"
#define PACKAGE_URL ""
#define PACKAGE "gama"
#define VERSION "2.08"
#define HAVE_CXX11 1
#define HAVE_LIBEXPAT 1
#define STDC_HEADERS 1
#define HAVE_SYS_TYPES_H 1
#define HAVE_SYS_STAT_H 1
#define HAVE_STDLIB_H 1
#define HAVE_STRING_H 1
#define HAVE_MEMORY_H 1
#define HAVE_STRINGS_H 1
#define HAVE_INTTYPES_H 1
#define HAVE_STDINT_H 1
#define HAVE_UNISTD_H 1
#define HAVE_EXPAT_H 1
#define HAVE_LIBSQLITE3 1
#define GNU_GAMA_LOCAL_SQLITE_READER 1
#define STDC_HEADERS 1

configure: exit 0
