This file contains any messages produced by compilers while
running configure, to aid debugging if configure makes a mistake.

configure:534: checking for c++
configure:566: checking whether the C++ compiler (c++  ) works
configure:582: c++ -o conftest    conftest.C  1>&5
configure:608: checking whether the C++ compiler (c++  ) is a cross-compiler
configure:613: checking whether we are using GNU C++
configure:622: c++ -E conftest.C
configure:641: checking whether c++ accepts -g
configure:675: checking for gcc
configure:788: checking whether the C compiler (gcc  ) works
configure:804: gcc -o conftest    conftest.c  1>&5
configure:801:1: warning: return type defaults to 'int' [-Wimplicit-int]
 main(){return(0);}
 ^~~~
configure:830: checking whether the C compiler (gcc  ) is a cross-compiler
configure:835: checking whether we are using GNU C
configure:844: gcc -E conftest.c
configure:863: checking whether gcc accepts -g
configure:895: checking how to run the C preprocessor
configure:916: gcc -E  conftest.c >/dev/null 2>conftest.out
configure:976: checking whether gcc needs -traditional
configure:1027: checking for X
configure:1094: gcc -E  conftest.c >/dev/null 2>conftest.out
configure:1090:10: fatal error: X11/Intrinsic.h: No such file or directory
 #include <$x_direct_test_include>
          ^~~~~~~~~~~~~~~~~
compilation terminated.
configure: failed program was:
#line 1089 "configure"
#include "confdefs.h"
#include <X11/Intrinsic.h>
configure:1170: gcc -o conftest -g -O2   conftest.c -lXt  1>&5
configure: In function 'main':
configure:1166:1: warning: implicit declaration of function 'XtMalloc' [-Wimplicit-function-declaration]
 ${x_direct_test_function}()
 ^~~~~~~~
/usr/bin/ld: cannot find -lXt
collect2: error: ld returned 1 exit status
configure: failed program was:
#line 1163 "configure"
#include "confdefs.h"

int main() {
XtMalloc()
; return 0; }
configure:1857: checking for XmuCompareISOLatin1 in -lXmu
configure:1876: gcc -o conftest -g -O2   conftest.c -lXmu   -lXaw -lXt -lXmu -lX11   1>&5
/usr/bin/ld: cannot find -lXmu
/usr/bin/ld: cannot find -lXaw
/usr/bin/ld: cannot find -lXt
/usr/bin/ld: cannot find -lXmu
collect2: error: ld returned 1 exit status
configure: failed program was:
#line 1865 "configure"
#include "confdefs.h"
/* Override any gcc2 internal prototype to avoid an error.  */
/* We use char because int might match the return type of a gcc2
    builtin and then its argument prototype would still apply.  */
char XmuCompareISOLatin1();

int main() {
XmuCompareISOLatin1()
; return 0; }
configure:1898: checking for XShmAttach in -lXext
configure:1917: gcc -o conftest -g -O2   conftest.c -lXext  -lX11  1>&5
configure:1939: checking for XpStartPage in -lXp
configure:1958: gcc -o conftest -g -O2   conftest.c -lXp  -lXext -lX11  1>&5
/usr/bin/ld: cannot find -lXp
collect2: error: ld returned 1 exit status
configure: failed program was:
#line 1947 "configure"
#include "confdefs.h"
/* Override any gcc2 internal prototype to avoid an error.  */
/* We use char because int might match the return type of a gcc2
    builtin and then its argument prototype would still apply.  */
char XpStartPage();

int main() {
XpStartPage()
; return 0; }
configure:1985: checking for dirent.h that defines DIR
configure:1998: gcc -c -g -O2  conftest.c 1>&5
configure:2023: checking for opendir in -ldir
configure:2042: gcc -o conftest -g -O2   conftest.c -ldir   1>&5
/usr/bin/ld: cannot find -ldir
collect2: error: ld returned 1 exit status
configure: failed program was:
#line 2031 "configure"
#include "confdefs.h"
/* Override any gcc2 internal prototype to avoid an error.  */
/* We use char because int might match the return type of a gcc2
    builtin and then its argument prototype would still apply.  */
char opendir();

int main() {
opendir()
; return 0; }
configure:2106: checking for ANSI C header files
configure:2119: gcc -E  conftest.c >/dev/null 2>conftest.out
configure:2186: gcc -o conftest -g -O2   conftest.c  1>&5
configure: In function 'main':
configure:2181:67: warning: implicit declaration of function 'exit' [-Wimplicit-function-declaration]
 if (XOR (islower (i), ISLOWER (i)) || toupper (i) != TOUPPER (i)) exit(2);
                                                                   ^~~~
configure:2181:67: warning: incompatible implicit declaration of built-in function 'exit'
configure:2181:67: note: include '<stdlib.h>' or provide a declaration of 'exit'
configure:2182:1: warning: incompatible implicit declaration of built-in function 'exit'
 exit (0); }
 ^~~~
configure:2182:1: note: include '<stdlib.h>' or provide a declaration of 'exit'
configure:2210: checking for sys/wait.h that is POSIX.1 compatible
configure:2231: gcc -c -g -O2  conftest.c 1>&5
configure:2255: checking for db.h
configure:2265: gcc -E  conftest.c >/dev/null 2>conftest.out
configure:2261:10: fatal error: db.h: No such file or directory
 #include <$ac_hdr>
          ^~~~~~
compilation terminated.
configure: failed program was:
#line 2260 "configure"
#include "confdefs.h"
#include <db.h>
configure:2255: checking for fcntl.h
configure:2265: gcc -E  conftest.c >/dev/null 2>conftest.out
configure:2255: checking for stdint.h
configure:2265: gcc -E  conftest.c >/dev/null 2>conftest.out
configure:2255: checking for inttypes.h
configure:2265: gcc -E  conftest.c >/dev/null 2>conftest.out
configure:2255: checking for sys/int_types.h
configure:2265: gcc -E  conftest.c >/dev/null 2>conftest.out
configure:2261:10: fatal error: sys/int_types.h: No such file or directory
 #include <$ac_hdr>
          ^~~~~~~~~        
compilation terminated.
configure: failed program was:
#line 2260 "configure"
#include "confdefs.h"
#include <sys/int_types.h>
configure:2255: checking for locale.h
configure:2265: gcc -E  conftest.c >/dev/null 2>conftest.out
configure:2255: checking for sgtty.h
configure:2265: gcc -E  conftest.c >/dev/null 2>conftest.out
configure:2255: checking for string.h
configure:2265: gcc -E  conftest.c >/dev/null 2>conftest.out
configure:2255: checking for strings.h
configure:2265: gcc -E  conftest.c >/dev/null 2>conftest.out
configure:2255: checking for sys/time.h
configure:2265: gcc -E  conftest.c >/dev/null 2>conftest.out
configure:2255: checking for sys/timeb.h
configure:2265: gcc -E  conftest.c >/dev/null 2>conftest.out
configure:2255: checking for termios.h
configure:2265: gcc -E  conftest.c >/dev/null 2>conftest.out
configure:2255: checking for termio.h
configure:2265: gcc -E  conftest.c >/dev/null 2>conftest.out
configure:2255: checking for unistd.h
configure:2265: gcc -E  conftest.c >/dev/null 2>conftest.out
configure:2255: checking for Xm.h
configure:2265: gcc -E  conftest.c >/dev/null 2>conftest.out
configure:2261:10: fatal error: Xm.h: No such file or directory
 #include <$ac_hdr>
          ^~~~~~
compilation terminated.
configure: failed program was:
#line 2260 "configure"
#include "confdefs.h"
#include <Xm.h>
configure:2293: checking for working const
configure:2347: gcc -c -g -O2  conftest.c 1>&5
configure:2368: checking whether time.h and sys/time.h may both be included
configure:2382: gcc -c -g -O2  conftest.c 1>&5
configure:2403: checking whether struct tm is in sys/time.h or time.h
configure:2416: gcc -c -g -O2  conftest.c 1>&5
configure:2438: checking for pid_t
configure:2472: checking for vfork.h
configure:2482: gcc -E  conftest.c >/dev/null 2>conftest.out
configure:2478:10: fatal error: vfork.h: No such file or directory
 #include <vfork.h>
          ^~~~~~~~~
compilation terminated.
configure: failed program was:
#line 2477 "configure"
#include "confdefs.h"
#include <vfork.h>
configure:2507: checking for working vfork
configure:2658: gcc -o conftest -g -O2   conftest.c  1>&5
configure:2584:1: warning: return type defaults to 'int' [-Wimplicit-int]
 sparc_address_test (arg) int arg;
 ^~~~~~~~~~~~~~~~~~
configure:2601:1: warning: return type defaults to 'int' [-Wimplicit-int]
 main() {
 ^~~~
configure: In function 'main':
configure:2639:12: warning: implicit declaration of function 'wait'; did you mean 'main'? [-Wimplicit-function-declaration]
     while (wait(&status) != child)
            ^~~~
            main
configure:2641:5: warning: implicit declaration of function 'exit' [-Wimplicit-function-declaration]
     exit(
     ^~~~
configure:2641:5: warning: incompatible implicit declaration of built-in function 'exit'
configure:2641:5: note: include '<stdlib.h>' or provide a declaration of 'exit'
configure: In function 'sparc_address_test':
configure:2596:7: warning: ignoring return value of 'write', declared with attribute warn_unused_result [-Wunused-result]
       write(-1, "", 0);
       ^~~~~~~~~~~~~~~~
configure:2681: checking return type of signal handlers
configure:2703: gcc -c -g -O2  conftest.c 1>&5
configure:2722: checking for vprintf
configure:2750: gcc -o conftest -g -O2   conftest.c  1>&5
configure:2734:6: warning: conflicting types for built-in function 'vprintf' [-Wbuiltin-declaration-mismatch]
 char vprintf();
      ^~~~~~~
configure:2828: checking for type of readdir_r
configure:2854: gcc -o conftest -g -O2   conftest.c  1>&5
configure:2843:1: warning: return type defaults to 'int' [-Wimplicit-int]
 main() {
 ^~~~
configure: In function 'main':
configure:2847:11: warning: implicit declaration of function 'exit' [-Wimplicit-function-declaration]
 if (!dir) exit(1);
           ^~~~
configure:2847:11: warning: incompatible implicit declaration of built-in function 'exit'
configure:2847:11: note: include '<stdlib.h>' or provide a declaration of 'exit'
configure:2848:1: warning: 'readdir_r' is deprecated [-Wdeprecated-declarations]
 if (readdir_r(dir, &entry, &pentry) == 0) exit(0);
 ^~
In file included from configure:2842:0:
/usr/include/dirent.h:183:12: note: declared here
 extern int readdir_r (DIR *__restrict __dirp,
            ^~~~~~~~~
configure:2848:43: warning: incompatible implicit declaration of built-in function 'exit'
 if (readdir_r(dir, &entry, &pentry) == 0) exit(0);
                                           ^~~~
configure:2848:43: note: include '<stdlib.h>' or provide a declaration of 'exit'
configure:2849:1: warning: incompatible implicit declaration of built-in function 'exit'
 exit(1);
 ^~~~
configure:2849:1: note: include '<stdlib.h>' or provide a declaration of 'exit'
configure:2884: checking for ftime
configure:2912: gcc -o conftest -g -O2   conftest.c  1>&5
configure:2884: checking for getcwd
configure:2912: gcc -o conftest -g -O2   conftest.c  1>&5
configure:2884: checking for gethostid
configure:2912: gcc -o conftest -g -O2   conftest.c  1>&5
configure:2884: checking for getpagesize
configure:2912: gcc -o conftest -g -O2   conftest.c  1>&5
configure:2884: checking for gettimeofday
configure:2912: gcc -o conftest -g -O2   conftest.c  1>&5
configure:2884: checking for getwd
configure:2912: gcc -o conftest -g -O2   conftest.c  1>&5
/tmp/ccrj8ZqG.o: In function `main':
/home/carolhanna/Security_Project/gnu_dataset/electric-7.00/configure:2906: warning: the `getwd' function is dangerous and should not be used.
configure:2884: checking for qsort
configure:2912: gcc -o conftest -g -O2   conftest.c  1>&5
configure:2884: checking for scandir
configure:2912: gcc -o conftest -g -O2   conftest.c  1>&5
configure:2884: checking for setlocale
configure:2912: gcc -o conftest -g -O2   conftest.c  1>&5
configure:2884: checking for strstr
configure:2912: gcc -o conftest -g -O2   conftest.c  1>&5
configure:2896:6: warning: conflicting types for built-in function 'strstr' [-Wbuiltin-declaration-mismatch]
 char $ac_func();
      ^~~~~~
configure:2884: checking for strchr
configure:2912: gcc -o conftest -g -O2   conftest.c  1>&5
configure:2896:6: warning: conflicting types for built-in function 'strchr' [-Wbuiltin-declaration-mismatch]
 char $ac_func();
      ^~~~~~
configure:2884: checking for valloc
configure:2912: gcc -o conftest -g -O2   conftest.c  1>&5
configure:2884: checking for vsnprintf
configure:2912: gcc -o conftest -g -O2   conftest.c  1>&5
configure:2896:6: warning: conflicting types for built-in function 'vsnprintf' [-Wbuiltin-declaration-mismatch]
 char $ac_func();
      ^~~~~~~~~
configure:2964: checking host system type
configure:2992: checking for pthread.h
configure:3002: gcc -E  conftest.c >/dev/null 2>conftest.out
configure:3039: checking for pthread_join in LIBS=-lpthread with CFLAGS=
configure:3052: gcc -o conftest -g -O2    conftest.c -lpthread  1>&5
configure:3186: checking for joinable pthread attribute
configure:3195: gcc -o conftest -g -O2    conftest.c -lpthread  1>&5
configure:3237: checking if more special flags are required for pthreads
configure:3255: checking for cc_r
configure:3305: checking for u_int64_t
configure:3338: checking for uint64_t
