This file contains any messages produced by compilers while
running configure, to aid debugging if configure makes a mistake.

It was created by xboard configure 4.9.1, which was
generated by GNU Autoconf 2.69.  Invocation command line was

  $ ./configure 

## --------- ##
## Platform. ##
## --------- ##

hostname = rishon
uname -m = x86_64
uname -r = 4.15.0-72-generic
uname -s = Linux
uname -v = #81-Ubuntu SMP Tue Nov 26 12:20:02 UTC 2019

/usr/bin/uname -p = unknown
/bin/uname -X     = unknown

/bin/arch              = unknown
/usr/bin/arch -k       = unknown
/usr/convex/getsysinfo = unknown
/usr/bin/hostinfo      = unknown
/bin/machine           = unknown
/usr/bin/oslevel       = unknown
/bin/universe          = unknown

PATH: /home/carolhanna/miniconda3/bin
PATH: /home/carolhanna/miniconda3/condabin
PATH: /usr/local/sbin
PATH: /usr/local/bin
PATH: /usr/sbin
PATH: /usr/bin
PATH: /sbin
PATH: /bin
PATH: /usr/games
PATH: /usr/local/games
PATH: /snap/bin


## ----------- ##
## Core tests. ##
## ----------- ##

configure:2339: checking for a BSD-compatible install
configure:2407: result: /usr/bin/install -c
configure:2418: checking whether build environment is sane
configure:2473: result: yes
configure:2624: checking for a thread-safe mkdir -p
configure:2663: result: /bin/mkdir -p
configure:2670: checking for gawk
configure:2686: found /usr/bin/gawk
configure:2697: result: gawk
configure:2708: checking whether make sets $(MAKE)
configure:2730: result: yes
configure:2759: checking whether make supports nested variables
configure:2776: result: yes
configure:2913: checking whether make supports nested variables
configure:2930: result: yes
configure:3020: checking for gcc
configure:3036: found /usr/bin/gcc
configure:3047: result: gcc
configure:3276: checking for C compiler version
configure:3285: gcc --version >&5
gcc (Ubuntu 7.5.0-3ubuntu1~18.04) 7.5.0
Copyright (C) 2017 Free Software Foundation, Inc.
This is free software; see the source for copying conditions.  There is NO
warranty; not even for MERCHANTABILITY or FITNESS FOR A PARTICULAR PURPOSE.

configure:3296: $? = 0
configure:3285: gcc -v >&5
Using built-in specs.
COLLECT_GCC=gcc
COLLECT_LTO_WRAPPER=/usr/lib/gcc/x86_64-linux-gnu/7/lto-wrapper
OFFLOAD_TARGET_NAMES=nvptx-none
OFFLOAD_TARGET_DEFAULT=1
Target: x86_64-linux-gnu
Configured with: ../src/configure -v --with-pkgversion='Ubuntu 7.5.0-3ubuntu1~18.04' --with-bugurl=file:///usr/share/doc/gcc-7/README.Bugs --enable-languages=c,ada,c++,go,brig,d,fortran,objc,obj-c++ --prefix=/usr --with-gcc-major-version-only --program-suffix=-7 --program-prefix=x86_64-linux-gnu- --enable-shared --enable-linker-build-id --libexecdir=/usr/lib --without-included-gettext --enable-threads=posix --libdir=/usr/lib --enable-nls --enable-bootstrap --enable-clocale=gnu --enable-libstdcxx-debug --enable-libstdcxx-time=yes --with-default-libstdcxx-abi=new --enable-gnu-unique-object --disable-vtable-verify --enable-libmpx --enable-plugin --enable-default-pie --with-system-zlib --with-target-system-zlib --enable-objc-gc=auto --enable-multiarch --disable-werror --with-arch-32=i686 --with-abi=m64 --with-multilib-list=m32,m64,mx32 --enable-multilib --with-tune=generic --enable-offload-targets=nvptx-none --without-cuda-driver --enable-checking=release --build=x86_64-linux-gnu --host=x86_64-linux-gnu --target=x86_64-linux-gnu
Thread model: posix
gcc version 7.5.0 (Ubuntu 7.5.0-3ubuntu1~18.04) 
configure:3296: $? = 0
configure:3285: gcc -V >&5
gcc: error: unrecognized command line option '-V'
gcc: fatal error: no input files
compilation terminated.
configure:3296: $? = 1
configure:3285: gcc -qversion >&5
gcc: error: unrecognized command line option '-qversion'; did you mean '--version'?
gcc: fatal error: no input files
compilation terminated.
configure:3296: $? = 1
configure:3316: checking whether the C compiler works
configure:3338: gcc     conftest.c  >&5
configure:3342: $? = 0
configure:3390: result: yes
configure:3393: checking for C compiler default output file name
configure:3395: result: a.out
configure:3401: checking for suffix of executables
configure:3408: gcc -o conftest     conftest.c  >&5
configure:3412: $? = 0
configure:3434: result: 
configure:3456: checking whether we are cross compiling
configure:3464: gcc -o conftest     conftest.c  >&5
configure:3468: $? = 0
configure:3475: ./conftest
configure:3479: $? = 0
configure:3494: result: no
configure:3499: checking for suffix of object files
configure:3521: gcc -c    conftest.c >&5
configure:3525: $? = 0
configure:3546: result: o
configure:3550: checking whether we are using the GNU C compiler
configure:3569: gcc -c    conftest.c >&5
configure:3569: $? = 0
configure:3578: result: yes
configure:3587: checking whether gcc accepts -g
configure:3607: gcc -c -g  conftest.c >&5
configure:3607: $? = 0
configure:3648: result: yes
configure:3665: checking for gcc option to accept ISO C89
configure:3728: gcc  -c    conftest.c >&5
configure:3728: $? = 0
configure:3741: result: none needed
configure:3766: checking whether gcc understands -c and -o together
configure:3788: gcc -c conftest.c -o conftest2.o
configure:3791: $? = 0
configure:3788: gcc -c conftest.c -o conftest2.o
configure:3791: $? = 0
configure:3803: result: yes
configure:3831: checking for style of include used by make
configure:3859: result: GNU
configure:3885: checking dependency style of gcc
configure:3996: result: gcc3
configure:4019: checking how to run the C preprocessor
configure:4050: gcc -E  conftest.c
configure:4050: $? = 0
configure:4064: gcc -E  conftest.c
conftest.c:11:10: fatal error: ac_nonexistent.h: No such file or directory
 #include <ac_nonexistent.h>
          ^~~~~~~~~~~~~~~~~~
compilation terminated.
configure:4064: $? = 1
configure: failed program was:
| /* confdefs.h */
| #define PACKAGE_NAME "xboard"
| #define PACKAGE_TARNAME "xboard"
| #define PACKAGE_VERSION "4.9.1"
| #define PACKAGE_STRING "xboard 4.9.1"
| #define PACKAGE_BUGREPORT "bug-xboard@gnu.org"
| #define PACKAGE_URL ""
| #define PACKAGE "xboard"
| #define VERSION "4.9.1"
| /* end confdefs.h.  */
| #include <ac_nonexistent.h>
configure:4089: result: gcc -E
configure:4109: gcc -E  conftest.c
configure:4109: $? = 0
configure:4123: gcc -E  conftest.c
conftest.c:11:10: fatal error: ac_nonexistent.h: No such file or directory
 #include <ac_nonexistent.h>
          ^~~~~~~~~~~~~~~~~~
compilation terminated.
configure:4123: $? = 1
configure: failed program was:
| /* confdefs.h */
| #define PACKAGE_NAME "xboard"
| #define PACKAGE_TARNAME "xboard"
| #define PACKAGE_VERSION "4.9.1"
| #define PACKAGE_STRING "xboard 4.9.1"
| #define PACKAGE_BUGREPORT "bug-xboard@gnu.org"
| #define PACKAGE_URL ""
| #define PACKAGE "xboard"
| #define VERSION "4.9.1"
| /* end confdefs.h.  */
| #include <ac_nonexistent.h>
configure:4152: checking for library containing strerror
configure:4183: gcc -o conftest     conftest.c  >&5
configure:4183: $? = 0
configure:4200: result: none required
configure:4219: checking whether NLS is requested
configure:4228: result: yes
configure:4269: checking for msgfmt
configure: trying /usr/bin/msgfmt...
0 translated messages.
configure:4301: result: /usr/bin/msgfmt
configure:4310: checking for gmsgfmt
configure:4341: result: /usr/bin/msgfmt
configure:4392: checking for xgettext
configure: trying /usr/bin/xgettext...
/usr/bin/xgettext: warning: file '/dev/null' extension '' is unknown; will try C
configure:4424: result: /usr/bin/xgettext
configure:4470: checking for msgmerge
configure: trying /usr/bin/msgmerge...
configure:4501: result: /usr/bin/msgmerge
configure:4538: checking build system type
configure:4552: result: x86_64-unknown-linux-gnu
configure:4572: checking host system type
configure:4585: result: x86_64-unknown-linux-gnu
configure:4629: checking for ld used by GCC
configure:4693: result: /usr/bin/ld
configure:4700: checking if the linker (/usr/bin/ld) is GNU ld
configure:4713: result: yes
configure:4720: checking for shared library run path origin
configure:4733: result: done
configure:5234: checking for CFPreferencesCopyAppValue
configure:5252: gcc -o conftest     conftest.c  -Wl,-framework -Wl,CoreFoundation >&5
conftest.c:11:10: fatal error: CoreFoundation/CFPreferences.h: No such file or directory
 #include <CoreFoundation/CFPreferences.h>
          ^~~~~~~~~~~~~~~~~~~~~~~~~~~~~~~~
compilation terminated.
configure:5252: $? = 1
configure: failed program was:
| /* confdefs.h */
| #define PACKAGE_NAME "xboard"
| #define PACKAGE_TARNAME "xboard"
| #define PACKAGE_VERSION "4.9.1"
| #define PACKAGE_STRING "xboard 4.9.1"
| #define PACKAGE_BUGREPORT "bug-xboard@gnu.org"
| #define PACKAGE_URL ""
| #define PACKAGE "xboard"
| #define VERSION "4.9.1"
| /* end confdefs.h.  */
| #include <CoreFoundation/CFPreferences.h>
| int
| main ()
| {
| CFPreferencesCopyAppValue(NULL, NULL)
|   ;
|   return 0;
| }
configure:5261: result: no
configure:5268: checking for CFLocaleCopyCurrent
configure:5286: gcc -o conftest     conftest.c  -Wl,-framework -Wl,CoreFoundation >&5
conftest.c:11:10: fatal error: CoreFoundation/CFLocale.h: No such file or directory
 #include <CoreFoundation/CFLocale.h>
          ^~~~~~~~~~~~~~~~~~~~~~~~~~~
compilation terminated.
configure:5286: $? = 1
configure: failed program was:
| /* confdefs.h */
| #define PACKAGE_NAME "xboard"
| #define PACKAGE_TARNAME "xboard"
| #define PACKAGE_VERSION "4.9.1"
| #define PACKAGE_STRING "xboard 4.9.1"
| #define PACKAGE_BUGREPORT "bug-xboard@gnu.org"
| #define PACKAGE_URL ""
| #define PACKAGE "xboard"
| #define VERSION "4.9.1"
| /* end confdefs.h.  */
| #include <CoreFoundation/CFLocale.h>
| int
| main ()
| {
| CFLocaleCopyCurrent();
|   ;
|   return 0;
| }
configure:5295: result: no
configure:5344: checking for GNU gettext in libc
configure:5364: gcc -o conftest     conftest.c  >&5
configure:5364: $? = 0
configure:5373: result: yes
configure:6119: checking whether to use NLS
configure:6121: result: yes
configure:6124: checking where the gettext function comes from
configure:6135: result: libc
configure:6197: checking for remsh
configure:6227: result: no
configure:6197: checking for rsh
configure:6213: found /usr/bin/rsh
configure:6224: result: rsh
configure:6240: checking for makeinfo
configure:6270: result: no

## ---------------- ##
## Cache variables. ##
## ---------------- ##

ac_cv_build=x86_64-unknown-linux-gnu
ac_cv_c_compiler_gnu=yes
ac_cv_env_CAIRO_CFLAGS_set=
ac_cv_env_CAIRO_CFLAGS_value=
ac_cv_env_CAIRO_LIBS_set=
ac_cv_env_CAIRO_LIBS_value=
ac_cv_env_CC_set=
ac_cv_env_CC_value=
ac_cv_env_CFLAGS_set=
ac_cv_env_CFLAGS_value=
ac_cv_env_CPPFLAGS_set=
ac_cv_env_CPPFLAGS_value=
ac_cv_env_CPP_set=
ac_cv_env_CPP_value=
ac_cv_env_GTK_CFLAGS_set=
ac_cv_env_GTK_CFLAGS_value=
ac_cv_env_GTK_LIBS_set=
ac_cv_env_GTK_LIBS_value=
ac_cv_env_LDFLAGS_set=
ac_cv_env_LDFLAGS_value=
ac_cv_env_LIBS_set=
ac_cv_env_LIBS_value=
ac_cv_env_PKG_CONFIG_LIBDIR_set=
ac_cv_env_PKG_CONFIG_LIBDIR_value=
ac_cv_env_PKG_CONFIG_PATH_set=
ac_cv_env_PKG_CONFIG_PATH_value=
ac_cv_env_PKG_CONFIG_set=
ac_cv_env_PKG_CONFIG_value=
ac_cv_env_XMKMF_set=
ac_cv_env_XMKMF_value=
ac_cv_env_build_alias_set=
ac_cv_env_build_alias_value=
ac_cv_env_host_alias_set=
ac_cv_env_host_alias_value=
ac_cv_env_target_alias_set=
ac_cv_env_target_alias_value=
ac_cv_host=x86_64-unknown-linux-gnu
ac_cv_objext=o
ac_cv_path_GMSGFMT=/usr/bin/msgfmt
ac_cv_path_MSGFMT=/usr/bin/msgfmt
ac_cv_path_MSGMERGE=/usr/bin/msgmerge
ac_cv_path_XGETTEXT=/usr/bin/xgettext
ac_cv_path_install='/usr/bin/install -c'
ac_cv_path_mkdir=/bin/mkdir
ac_cv_prog_AWK=gawk
ac_cv_prog_CPP='gcc -E'
ac_cv_prog_RSH=rsh
ac_cv_prog_ac_ct_CC=gcc
ac_cv_prog_cc_c89=
ac_cv_prog_cc_g=yes
ac_cv_prog_make_make_set=yes
ac_cv_search_strerror='none required'
acl_cv_hardcode_direct=no
acl_cv_hardcode_libdir_flag_spec='${wl}-rpath ${wl}$libdir'
acl_cv_hardcode_libdir_separator=
acl_cv_hardcode_minus_L=no
acl_cv_libext=a
acl_cv_libname_spec='lib$name'
acl_cv_library_names_spec='$libname$shrext'
acl_cv_path_LD=/usr/bin/ld
acl_cv_prog_gnu_ld=yes
acl_cv_rpath=done
acl_cv_shlibext=so
acl_cv_wl=-Wl,
am_cv_CC_dependencies_compiler_type=gcc3
am_cv_make_support_nested_variables=yes
am_cv_prog_cc_c_o=yes
gt_cv_func_CFLocaleCopyCurrent=no
gt_cv_func_CFPreferencesCopyAppValue=no
gt_cv_func_gnugettext1_libc=yes

## ----------------- ##
## Output variables. ##
## ----------------- ##

ACLOCAL='${SHELL} /home/carolhanna/Security_Project/gnu_dataset/xboard-4.9.1/missing aclocal-1.15'
AMDEPBACKSLASH='\'
AMDEP_FALSE='#'
AMDEP_TRUE=''
AMTAR='$${TAR-tar}'
AM_BACKSLASH='\'
AM_DEFAULT_V='$(AM_DEFAULT_VERBOSITY)'
AM_DEFAULT_VERBOSITY='0'
AM_V='$(V)'
AUTOCONF='${SHELL} /home/carolhanna/Security_Project/gnu_dataset/xboard-4.9.1/missing autoconf'
AUTOHEADER='${SHELL} /home/carolhanna/Security_Project/gnu_dataset/xboard-4.9.1/missing autoheader'
AUTOMAKE='${SHELL} /home/carolhanna/Security_Project/gnu_dataset/xboard-4.9.1/missing automake-1.15'
AWK='gawk'
AWKPATH=''
CAIRO_CFLAGS=''
CAIRO_LIBS=''
CC='gcc'
CCDEPMODE='depmode=gcc3'
CFLAGS=' '
CONFIGURE_OPTIONS=''
CONF_CFLAGS=''
CONF_LDFLAGS=''
CPP='gcc -E'
CPPFLAGS=''
CYGPATH_W='echo'
DEFS=''
DEPDIR='.deps'
DESKTOPDIR=''
ECHO_C=''
ECHO_N='-n'
ECHO_T=''
EGREP=''
ENABLE_UPDATE_MIMEDB_FALSE=''
ENABLE_UPDATE_MIMEDB_TRUE=''
EXEEXT=''
FRONTEND_CFLAGS=''
FRONTEND_LIBS=''
GAMEDATADIR=''
GETTEXT_MACRO_VERSION='0.17'
GMSGFMT='/usr/bin/msgfmt'
GMSGFMT_015='/usr/bin/msgfmt'
GREP=''
GTK_CFLAGS=''
GTK_LIBS=''
ICONSDIR=''
INSTALL_DATA='${INSTALL} -m 644'
INSTALL_PROGRAM='${INSTALL}'
INSTALL_SCRIPT='${INSTALL}'
INSTALL_STRIP_PROGRAM='$(install_sh) -c -s'
INTLLIBS=''
INTL_MACOSX_LIBS=''
LDFLAGS=''
LIBICONV='-liconv'
LIBINTL=''
LIBOBJS=''
LIBS=''
LTLIBICONV='-liconv'
LTLIBINTL=''
LTLIBOBJS=''
MAKEINFO='${SHELL} /home/carolhanna/Security_Project/gnu_dataset/xboard-4.9.1/missing makeinfo'
MIMEDIR=''
MINFO='makeinfo_not_found'
MKDIR_P='/bin/mkdir -p'
MSGFMT='/usr/bin/msgfmt'
MSGFMT_015='/usr/bin/msgfmt'
MSGMERGE='/usr/bin/msgmerge'
NLS_ENABLED_FALSE=''
NLS_ENABLED_TRUE=''
NROFF=''
NROFFFLAGS=''
OBJEXT='o'
OSX_APP_FALSE=''
OSX_APP_TRUE=''
PACKAGE='xboard'
PACKAGE_BUGREPORT='bug-xboard@gnu.org'
PACKAGE_NAME='xboard'
PACKAGE_STRING='xboard 4.9.1'
PACKAGE_TARNAME='xboard'
PACKAGE_URL=''
PACKAGE_VERSION='4.9.1'
PATH_SEPARATOR=':'
PERLPATH=''
PKGCONFIG=''
PKG_CONFIG=''
PKG_CONFIG_LIBDIR=''
PKG_CONFIG_PATH=''
POST_XMULIB=''
POSUB='po'
PRE_XMULIB=''
RSH='rsh'
SET_MAKE=''
SHELL='/bin/bash'
STRIP=''
SVGICONSDIR=''
SW_VERS=''
USE_NLS='yes'
VERSION='4.9.1'
XDG_DESKTOP_MENU=''
XDG_ICON_RESOURCE=''
XDG_MIME=''
XGETTEXT='/usr/bin/xgettext'
XGETTEXT_015='/usr/bin/xgettext'
XGETTEXT_EXTRA_OPTIONS=''
XMKMF=''
X_CFLAGS=''
X_EXTRA_LIBS=''
X_LIBS=''
X_PRE_LIBS=''
ZIPPY_FALSE=''
ZIPPY_TRUE=''
ac_ct_CC='gcc'
am__EXEEXT_FALSE=''
am__EXEEXT_TRUE=''
am__fastdepCC_FALSE='#'
am__fastdepCC_TRUE=''
am__include='include'
am__isrc=''
am__leading_dot='.'
am__nodep='_no'
am__quote=''
am__tar='$${TAR-tar} chof - "$$tardir"'
am__untar='$${TAR-tar} xf -'
bindir='${exec_prefix}/bin'
build='x86_64-unknown-linux-gnu'
build_alias=''
build_cpu='x86_64'
build_os='linux-gnu'
build_vendor='unknown'
datadir='${datarootdir}'
datarootdir='${prefix}/share'
docdir='${datarootdir}/doc/${PACKAGE_TARNAME}'
dvidir='${docdir}'
exec_prefix='NONE'
host='x86_64-unknown-linux-gnu'
host_alias=''
host_cpu='x86_64'
host_os='linux-gnu'
host_vendor='unknown'
htmldir='${docdir}'
includedir='${prefix}/include'
infodir='${datarootdir}/info'
install_sh='${SHELL} /home/carolhanna/Security_Project/gnu_dataset/xboard-4.9.1/install-sh'
libdir='${exec_prefix}/lib'
libexecdir='${exec_prefix}/libexec'
localedir='${datarootdir}/locale'
localstatedir='${prefix}/var'
mandir='${datarootdir}/man'
mkdir_p='/bin/mkdir -p'
oldincludedir='/usr/include'
pdfdir='${docdir}'
prefix='NONE'
program_transform_name='s,x,x,'
psdir='${docdir}'
sbindir='${exec_prefix}/sbin'
sharedstatedir='${prefix}/com'
sysconfdir='${prefix}/etc'
target_alias=''
withGTK_FALSE=''
withGTK_TRUE=''
withXaw_FALSE=''
withXaw_TRUE=''

## ----------- ##
## confdefs.h. ##
## ----------- ##

/* confdefs.h */
#define PACKAGE_NAME "xboard"
#define PACKAGE_TARNAME "xboard"
#define PACKAGE_VERSION "4.9.1"
#define PACKAGE_STRING "xboard 4.9.1"
#define PACKAGE_BUGREPORT "bug-xboard@gnu.org"
#define PACKAGE_URL ""
#define PACKAGE "xboard"
#define VERSION "4.9.1"
#define ENABLE_NLS 1
#define HAVE_GETTEXT 1
#define HAVE_DCGETTEXT 1

configure: exit 1
