This file contains any messages produced by compilers while
running configure, to aid debugging if configure makes a mistake.

It was created by GNU Trueprint configure 5.4, which was
generated by GNU Autoconf 2.69.  Invocation command line was

  $ ./configure 

## --------- ##
## Platform. ##
## --------- ##

hostname = rishon
uname -m = x86_64
uname -r = 4.15.0-72-generic
uname -s = Linux
uname -v = #81-Ubuntu SMP Tue Nov 26 12:20:02 UTC 2019

/usr/bin/uname -p = unknown
/bin/uname -X     = unknown

/bin/arch              = unknown
/usr/bin/arch -k       = unknown
/usr/convex/getsysinfo = unknown
/usr/bin/hostinfo      = unknown
/bin/machine           = unknown
/usr/bin/oslevel       = unknown
/bin/universe          = unknown

PATH: /home/carolhanna/miniconda3/bin
PATH: /home/carolhanna/miniconda3/condabin
PATH: /usr/local/sbin
PATH: /usr/local/bin
PATH: /usr/sbin
PATH: /usr/bin
PATH: /sbin
PATH: /bin
PATH: /usr/games
PATH: /usr/local/games
PATH: /snap/bin


## ----------- ##
## Core tests. ##
## ----------- ##

configure:2301: checking for a BSD-compatible install
configure:2369: result: /usr/bin/install -c
configure:2380: checking whether build environment is sane
configure:2430: result: yes
configure:2571: checking for a thread-safe mkdir -p
configure:2610: result: /bin/mkdir -p
configure:2623: checking for gawk
configure:2639: found /usr/bin/gawk
configure:2650: result: gawk
configure:2661: checking whether make sets $(MAKE)
configure:2683: result: yes
configure:2805: checking for gcc
configure:2821: found /usr/bin/gcc
configure:2832: result: gcc
configure:3061: checking for C compiler version
configure:3070: gcc --version >&5
gcc (Ubuntu 7.5.0-3ubuntu1~18.04) 7.5.0
Copyright (C) 2017 Free Software Foundation, Inc.
This is free software; see the source for copying conditions.  There is NO
warranty; not even for MERCHANTABILITY or FITNESS FOR A PARTICULAR PURPOSE.

configure:3081: $? = 0
configure:3070: gcc -v >&5
Using built-in specs.
COLLECT_GCC=gcc
COLLECT_LTO_WRAPPER=/usr/lib/gcc/x86_64-linux-gnu/7/lto-wrapper
OFFLOAD_TARGET_NAMES=nvptx-none
OFFLOAD_TARGET_DEFAULT=1
Target: x86_64-linux-gnu
Configured with: ../src/configure -v --with-pkgversion='Ubuntu 7.5.0-3ubuntu1~18.04' --with-bugurl=file:///usr/share/doc/gcc-7/README.Bugs --enable-languages=c,ada,c++,go,brig,d,fortran,objc,obj-c++ --prefix=/usr --with-gcc-major-version-only --program-suffix=-7 --program-prefix=x86_64-linux-gnu- --enable-shared --enable-linker-build-id --libexecdir=/usr/lib --without-included-gettext --enable-threads=posix --libdir=/usr/lib --enable-nls --enable-bootstrap --enable-clocale=gnu --enable-libstdcxx-debug --enable-libstdcxx-time=yes --with-default-libstdcxx-abi=new --enable-gnu-unique-object --disable-vtable-verify --enable-libmpx --enable-plugin --enable-default-pie --with-system-zlib --with-target-system-zlib --enable-objc-gc=auto --enable-multiarch --disable-werror --with-arch-32=i686 --with-abi=m64 --with-multilib-list=m32,m64,mx32 --enable-multilib --with-tune=generic --enable-offload-targets=nvptx-none --without-cuda-driver --enable-checking=release --build=x86_64-linux-gnu --host=x86_64-linux-gnu --target=x86_64-linux-gnu
Thread model: posix
gcc version 7.5.0 (Ubuntu 7.5.0-3ubuntu1~18.04) 
configure:3081: $? = 0
configure:3070: gcc -V >&5
gcc: error: unrecognized command line option '-V'
gcc: fatal error: no input files
compilation terminated.
configure:3081: $? = 1
configure:3070: gcc -qversion >&5
gcc: error: unrecognized command line option '-qversion'; did you mean '--version'?
gcc: fatal error: no input files
compilation terminated.
configure:3081: $? = 1
configure:3101: checking whether the C compiler works
configure:3123: gcc    conftest.c  >&5
configure:3127: $? = 0
configure:3175: result: yes
configure:3178: checking for C compiler default output file name
configure:3180: result: a.out
configure:3186: checking for suffix of executables
configure:3193: gcc -o conftest    conftest.c  >&5
configure:3197: $? = 0
configure:3219: result: 
configure:3241: checking whether we are cross compiling
configure:3249: gcc -o conftest    conftest.c  >&5
configure:3253: $? = 0
configure:3260: ./conftest
configure:3264: $? = 0
configure:3279: result: no
configure:3284: checking for suffix of object files
configure:3306: gcc -c   conftest.c >&5
configure:3310: $? = 0
configure:3331: result: o
configure:3335: checking whether we are using the GNU C compiler
configure:3354: gcc -c   conftest.c >&5
configure:3354: $? = 0
configure:3363: result: yes
configure:3372: checking whether gcc accepts -g
configure:3392: gcc -c -g  conftest.c >&5
configure:3392: $? = 0
configure:3433: result: yes
configure:3450: checking for gcc option to accept ISO C89
configure:3513: gcc  -c -g -O2  conftest.c >&5
configure:3513: $? = 0
configure:3526: result: none needed
configure:3557: checking for style of include used by make
configure:3585: result: GNU
configure:3611: checking dependency style of gcc
configure:3722: result: gcc3
configure:3766: checking build system type
configure:3780: result: x86_64-unknown-linux-gnu
configure:3800: checking host system type
configure:3813: result: x86_64-unknown-linux-gnu
configure:3854: checking how to print strings
configure:3881: result: printf
configure:3902: checking for a sed that does not truncate output
configure:3966: result: /bin/sed
configure:3984: checking for grep that handles long lines and -e
configure:4042: result: /bin/grep
configure:4047: checking for egrep
configure:4109: result: /bin/grep -E
configure:4114: checking for fgrep
configure:4176: result: /bin/grep -F
configure:4211: checking for ld used by gcc
configure:4278: result: /usr/bin/ld
configure:4285: checking if the linker (/usr/bin/ld) is GNU ld
configure:4300: result: yes
configure:4312: checking for BSD- or MS-compatible name lister (nm)
configure:4361: result: /usr/bin/nm -B
configure:4491: checking the name lister (/usr/bin/nm -B) interface
configure:4498: gcc -c -g -O2  conftest.c >&5
configure:4501: /usr/bin/nm -B "conftest.o"
configure:4504: output
0000000000000000 B some_variable
configure:4511: result: BSD nm
configure:4514: checking whether ln -s works
configure:4518: result: yes
configure:4526: checking the maximum length of command line arguments
configure:4657: result: 1572864
configure:4674: checking whether the shell understands some XSI constructs
configure:4684: result: yes
configure:4688: checking whether the shell understands "+="
configure:4694: result: yes
configure:4729: checking how to convert x86_64-unknown-linux-gnu file names to x86_64-unknown-linux-gnu format
configure:4769: result: func_convert_file_noop
configure:4776: checking how to convert x86_64-unknown-linux-gnu file names to toolchain format
configure:4796: result: func_convert_file_noop
configure:4803: checking for /usr/bin/ld option to reload object files
configure:4810: result: -r
configure:4884: checking for objdump
configure:4900: found /usr/bin/objdump
configure:4911: result: objdump
configure:4943: checking how to recognize dependent libraries
configure:5141: result: pass_all
configure:5226: checking for dlltool
configure:5256: result: no
configure:5286: checking how to associate runtime and link libraries
configure:5313: result: printf %s\n
configure:5374: checking for ar
configure:5390: found /usr/bin/ar
configure:5401: result: ar
configure:5438: checking for archiver @FILE support
configure:5455: gcc -c -g -O2  conftest.c >&5
configure:5455: $? = 0
configure:5458: ar cru libconftest.a @conftest.lst >&5
ar: `u' modifier ignored since `D' is the default (see `U')
configure:5461: $? = 0
configure:5466: ar cru libconftest.a @conftest.lst >&5
ar: `u' modifier ignored since `D' is the default (see `U')
ar: conftest.o: No such file or directory
configure:5469: $? = 1
configure:5481: result: @
configure:5539: checking for strip
configure:5555: found /usr/bin/strip
configure:5566: result: strip
configure:5638: checking for ranlib
configure:5654: found /usr/bin/ranlib
configure:5665: result: ranlib
configure:5767: checking command to parse /usr/bin/nm -B output from gcc object
configure:5887: gcc -c -g -O2  conftest.c >&5
configure:5890: $? = 0
configure:5894: /usr/bin/nm -B conftest.o \| sed -n -e 's/^.*[ ]\([ABCDGIRSTW][ABCDGIRSTW]*\)[ ][ ]*\([_A-Za-z][_A-Za-z0-9]*\)$/\1 \2 \2/p' | sed '/ __gnu_lto/d' \> conftest.nm
configure:5897: $? = 0
configure:5963: gcc -o conftest -g -O2   conftest.c conftstm.o >&5
configure:5966: $? = 0
configure:6004: result: ok
configure:6041: checking for sysroot
configure:6071: result: no
configure:6148: gcc -c -g -O2  conftest.c >&5
configure:6151: $? = 0
configure:6334: checking for mt
configure:6350: found /bin/mt
configure:6361: result: mt
configure:6384: checking if mt is a manifest tool
configure:6390: mt '-?'
configure:6398: result: no
configure:7040: checking how to run the C preprocessor
configure:7071: gcc -E  conftest.c
configure:7071: $? = 0
configure:7085: gcc -E  conftest.c
conftest.c:9:10: fatal error: ac_nonexistent.h: No such file or directory
 #include <ac_nonexistent.h>
          ^~~~~~~~~~~~~~~~~~
compilation terminated.
configure:7085: $? = 1
configure: failed program was:
| /* confdefs.h */
| #define PACKAGE_NAME "GNU Trueprint"
| #define PACKAGE_TARNAME "trueprint"
| #define PACKAGE_VERSION "5.4"
| #define PACKAGE_STRING "GNU Trueprint 5.4"
| #define PACKAGE_BUGREPORT "bug-trueprint@gnu.org"
| #define PACKAGE_URL "http://www.gnu.org/software/trueprint/"
| /* end confdefs.h.  */
| #include <ac_nonexistent.h>
configure:7110: result: gcc -E
configure:7130: gcc -E  conftest.c
configure:7130: $? = 0
configure:7144: gcc -E  conftest.c
conftest.c:9:10: fatal error: ac_nonexistent.h: No such file or directory
 #include <ac_nonexistent.h>
          ^~~~~~~~~~~~~~~~~~
compilation terminated.
configure:7144: $? = 1
configure: failed program was:
| /* confdefs.h */
| #define PACKAGE_NAME "GNU Trueprint"
| #define PACKAGE_TARNAME "trueprint"
| #define PACKAGE_VERSION "5.4"
| #define PACKAGE_STRING "GNU Trueprint 5.4"
| #define PACKAGE_BUGREPORT "bug-trueprint@gnu.org"
| #define PACKAGE_URL "http://www.gnu.org/software/trueprint/"
| /* end confdefs.h.  */
| #include <ac_nonexistent.h>
configure:7173: checking for ANSI C header files
configure:7193: gcc -c -g -O2  conftest.c >&5
configure:7193: $? = 0
configure:7266: gcc -o conftest -g -O2   conftest.c  >&5
configure:7266: $? = 0
configure:7266: ./conftest
configure:7266: $? = 0
configure:7277: result: yes
configure:7290: checking for sys/types.h
configure:7290: gcc -c -g -O2  conftest.c >&5
configure:7290: $? = 0
configure:7290: result: yes
configure:7290: checking for sys/stat.h
configure:7290: gcc -c -g -O2  conftest.c >&5
configure:7290: $? = 0
configure:7290: result: yes
configure:7290: checking for stdlib.h
configure:7290: gcc -c -g -O2  conftest.c >&5
configure:7290: $? = 0
configure:7290: result: yes
configure:7290: checking for string.h
configure:7290: gcc -c -g -O2  conftest.c >&5
configure:7290: $? = 0
configure:7290: result: yes
configure:7290: checking for memory.h
configure:7290: gcc -c -g -O2  conftest.c >&5
configure:7290: $? = 0
configure:7290: result: yes
configure:7290: checking for strings.h
configure:7290: gcc -c -g -O2  conftest.c >&5
configure:7290: $? = 0
configure:7290: result: yes
configure:7290: checking for inttypes.h
configure:7290: gcc -c -g -O2  conftest.c >&5
configure:7290: $? = 0
configure:7290: result: yes
configure:7290: checking for stdint.h
configure:7290: gcc -c -g -O2  conftest.c >&5
configure:7290: $? = 0
configure:7290: result: yes
configure:7290: checking for unistd.h
configure:7290: gcc -c -g -O2  conftest.c >&5
configure:7290: $? = 0
configure:7290: result: yes
configure:7304: checking for dlfcn.h
configure:7304: gcc -c -g -O2  conftest.c >&5
configure:7304: $? = 0
configure:7304: result: yes
configure:7510: checking for objdir
configure:7525: result: .libs
configure:7796: checking if gcc supports -fno-rtti -fno-exceptions
configure:7814: gcc -c -g -O2  -fno-rtti -fno-exceptions conftest.c >&5
cc1: warning: command line option '-fno-rtti' is valid for C++/ObjC++ but not for C
configure:7818: $? = 0
configure:7831: result: no
configure:8158: checking for gcc option to produce PIC
configure:8165: result: -fPIC -DPIC
configure:8173: checking if gcc PIC flag -fPIC -DPIC works
configure:8191: gcc -c -g -O2  -fPIC -DPIC -DPIC conftest.c >&5
configure:8195: $? = 0
configure:8208: result: yes
configure:8237: checking if gcc static flag -static works
configure:8265: result: yes
configure:8280: checking if gcc supports -c -o file.o
configure:8301: gcc -c -g -O2  -o out/conftest2.o conftest.c >&5
configure:8305: $? = 0
configure:8327: result: yes
configure:8335: checking if gcc supports -c -o file.o
configure:8382: result: yes
configure:8415: checking whether the gcc linker (/usr/bin/ld -m elf_x86_64) supports shared libraries
configure:9572: result: yes
configure:9609: checking whether -lc should be explicitly linked in
configure:9617: gcc -c -g -O2  conftest.c >&5
configure:9620: $? = 0
configure:9635: gcc -shared  -fPIC -DPIC conftest.o  -v -Wl,-soname -Wl,conftest -o conftest 2\>\&1 \| /bin/grep  -lc  \>/dev/null 2\>\&1
configure:9638: $? = 0
configure:9652: result: no
configure:9812: checking dynamic linker characteristics
configure:10312: gcc -o conftest -g -O2   -Wl,-rpath -Wl,/foo conftest.c  >&5
configure:10312: $? = 0
configure:10546: result: GNU/Linux ld.so
configure:10653: checking how to hardcode library paths into programs
configure:10678: result: immediate
configure:11218: checking whether stripping libraries is possible
configure:11223: result: yes
configure:11258: checking if libtool supports shared libraries
configure:11260: result: yes
configure:11263: checking whether to build shared libraries
configure:11284: result: yes
configure:11287: checking whether to build static libraries
configure:11291: result: yes
configure:11335: checking fcntl.h usability
configure:11335: gcc -c -g -O2  conftest.c >&5
configure:11335: $? = 0
configure:11335: result: yes
configure:11335: checking fcntl.h presence
configure:11335: gcc -E  conftest.c
configure:11335: $? = 0
configure:11335: result: yes
configure:11335: checking for fcntl.h
configure:11335: result: yes
configure:11335: checking libintl.h usability
configure:11335: gcc -c -g -O2  conftest.c >&5
configure:11335: $? = 0
configure:11335: result: yes
configure:11335: checking libintl.h presence
configure:11335: gcc -E  conftest.c
configure:11335: $? = 0
configure:11335: result: yes
configure:11335: checking for libintl.h
configure:11335: result: yes
configure:11335: checking stddef.h usability
configure:11335: gcc -c -g -O2  conftest.c >&5
configure:11335: $? = 0
configure:11335: result: yes
configure:11335: checking stddef.h presence
configure:11335: gcc -E  conftest.c
configure:11335: $? = 0
configure:11335: result: yes
configure:11335: checking for stddef.h
configure:11335: result: yes
configure:11335: checking for stdlib.h
configure:11335: result: yes
configure:11335: checking for string.h
configure:11335: result: yes
configure:11335: checking sys/time.h usability
configure:11335: gcc -c -g -O2  conftest.c >&5
configure:11335: $? = 0
configure:11335: result: yes
configure:11335: checking sys/time.h presence
configure:11335: gcc -E  conftest.c
configure:11335: $? = 0
configure:11335: result: yes
configure:11335: checking for sys/time.h
configure:11335: result: yes
configure:11335: checking for unistd.h
configure:11335: result: yes
configure:11347: checking for stdbool.h that conforms to C99
configure:11414: gcc -c -g -O2  conftest.c >&5
configure:11414: $? = 0
configure:11421: result: yes
configure:11423: checking for _Bool
configure:11423: gcc -c -g -O2  conftest.c >&5
configure:11423: $? = 0
configure:11423: gcc -c -g -O2  conftest.c >&5
conftest.c: In function 'main':
conftest.c:64:20: error: expected expression before ')' token
 if (sizeof ((_Bool)))
                    ^
configure:11423: $? = 1
configure: failed program was:
| /* confdefs.h */
| #define PACKAGE_NAME "GNU Trueprint"
| #define PACKAGE_TARNAME "trueprint"
| #define PACKAGE_VERSION "5.4"
| #define PACKAGE_STRING "GNU Trueprint 5.4"
| #define PACKAGE_BUGREPORT "bug-trueprint@gnu.org"
| #define PACKAGE_URL "http://www.gnu.org/software/trueprint/"
| #define STDC_HEADERS 1
| #define HAVE_SYS_TYPES_H 1
| #define HAVE_SYS_STAT_H 1
| #define HAVE_STDLIB_H 1
| #define HAVE_STRING_H 1
| #define HAVE_MEMORY_H 1
| #define HAVE_STRINGS_H 1
| #define HAVE_INTTYPES_H 1
| #define HAVE_STDINT_H 1
| #define HAVE_UNISTD_H 1
| #define HAVE_DLFCN_H 1
| #define LT_OBJDIR ".libs/"
| #define HAVE_FCNTL_H 1
| #define HAVE_LIBINTL_H 1
| #define HAVE_STDDEF_H 1
| #define HAVE_STDLIB_H 1
| #define HAVE_STRING_H 1
| #define HAVE_SYS_TIME_H 1
| #define HAVE_UNISTD_H 1
| /* end confdefs.h.  */
| #include <stdio.h>
| #ifdef HAVE_SYS_TYPES_H
| # include <sys/types.h>
| #endif
| #ifdef HAVE_SYS_STAT_H
| # include <sys/stat.h>
| #endif
| #ifdef STDC_HEADERS
| # include <stdlib.h>
| # include <stddef.h>
| #else
| # ifdef HAVE_STDLIB_H
| #  include <stdlib.h>
| # endif
| #endif
| #ifdef HAVE_STRING_H
| # if !defined STDC_HEADERS && defined HAVE_MEMORY_H
| #  include <memory.h>
| # endif
| # include <string.h>
| #endif
| #ifdef HAVE_STRINGS_H
| # include <strings.h>
| #endif
| #ifdef HAVE_INTTYPES_H
| # include <inttypes.h>
| #endif
| #ifdef HAVE_STDINT_H
| # include <stdint.h>
| #endif
| #ifdef HAVE_UNISTD_H
| # include <unistd.h>
| #endif
| int
| main ()
| {
| if (sizeof ((_Bool)))
| 	    return 0;
|   ;
|   return 0;
| }
configure:11423: result: yes
configure:11434: checking for off_t
configure:11434: gcc -c -g -O2  conftest.c >&5
configure:11434: $? = 0
configure:11434: gcc -c -g -O2  conftest.c >&5
conftest.c: In function 'main':
conftest.c:65:20: error: expected expression before ')' token
 if (sizeof ((off_t)))
                    ^
configure:11434: $? = 1
configure: failed program was:
| /* confdefs.h */
| #define PACKAGE_NAME "GNU Trueprint"
| #define PACKAGE_TARNAME "trueprint"
| #define PACKAGE_VERSION "5.4"
| #define PACKAGE_STRING "GNU Trueprint 5.4"
| #define PACKAGE_BUGREPORT "bug-trueprint@gnu.org"
| #define PACKAGE_URL "http://www.gnu.org/software/trueprint/"
| #define STDC_HEADERS 1
| #define HAVE_SYS_TYPES_H 1
| #define HAVE_SYS_STAT_H 1
| #define HAVE_STDLIB_H 1
| #define HAVE_STRING_H 1
| #define HAVE_MEMORY_H 1
| #define HAVE_STRINGS_H 1
| #define HAVE_INTTYPES_H 1
| #define HAVE_STDINT_H 1
| #define HAVE_UNISTD_H 1
| #define HAVE_DLFCN_H 1
| #define LT_OBJDIR ".libs/"
| #define HAVE_FCNTL_H 1
| #define HAVE_LIBINTL_H 1
| #define HAVE_STDDEF_H 1
| #define HAVE_STDLIB_H 1
| #define HAVE_STRING_H 1
| #define HAVE_SYS_TIME_H 1
| #define HAVE_UNISTD_H 1
| #define HAVE__BOOL 1
| /* end confdefs.h.  */
| #include <stdio.h>
| #ifdef HAVE_SYS_TYPES_H
| # include <sys/types.h>
| #endif
| #ifdef HAVE_SYS_STAT_H
| # include <sys/stat.h>
| #endif
| #ifdef STDC_HEADERS
| # include <stdlib.h>
| # include <stddef.h>
| #else
| # ifdef HAVE_STDLIB_H
| #  include <stdlib.h>
| # endif
| #endif
| #ifdef HAVE_STRING_H
| # if !defined STDC_HEADERS && defined HAVE_MEMORY_H
| #  include <memory.h>
| # endif
| # include <string.h>
| #endif
| #ifdef HAVE_STRINGS_H
| # include <strings.h>
| #endif
| #ifdef HAVE_INTTYPES_H
| # include <inttypes.h>
| #endif
| #ifdef HAVE_STDINT_H
| # include <stdint.h>
| #endif
| #ifdef HAVE_UNISTD_H
| # include <unistd.h>
| #endif
| int
| main ()
| {
| if (sizeof ((off_t)))
| 	    return 0;
|   ;
|   return 0;
| }
configure:11434: result: yes
configure:11445: checking for pid_t
configure:11445: gcc -c -g -O2  conftest.c >&5
configure:11445: $? = 0
configure:11445: gcc -c -g -O2  conftest.c >&5
conftest.c: In function 'main':
conftest.c:65:20: error: expected expression before ')' token
 if (sizeof ((pid_t)))
                    ^
configure:11445: $? = 1
configure: failed program was:
| /* confdefs.h */
| #define PACKAGE_NAME "GNU Trueprint"
| #define PACKAGE_TARNAME "trueprint"
| #define PACKAGE_VERSION "5.4"
| #define PACKAGE_STRING "GNU Trueprint 5.4"
| #define PACKAGE_BUGREPORT "bug-trueprint@gnu.org"
| #define PACKAGE_URL "http://www.gnu.org/software/trueprint/"
| #define STDC_HEADERS 1
| #define HAVE_SYS_TYPES_H 1
| #define HAVE_SYS_STAT_H 1
| #define HAVE_STDLIB_H 1
| #define HAVE_STRING_H 1
| #define HAVE_MEMORY_H 1
| #define HAVE_STRINGS_H 1
| #define HAVE_INTTYPES_H 1
| #define HAVE_STDINT_H 1
| #define HAVE_UNISTD_H 1
| #define HAVE_DLFCN_H 1
| #define LT_OBJDIR ".libs/"
| #define HAVE_FCNTL_H 1
| #define HAVE_LIBINTL_H 1
| #define HAVE_STDDEF_H 1
| #define HAVE_STDLIB_H 1
| #define HAVE_STRING_H 1
| #define HAVE_SYS_TIME_H 1
| #define HAVE_UNISTD_H 1
| #define HAVE__BOOL 1
| /* end confdefs.h.  */
| #include <stdio.h>
| #ifdef HAVE_SYS_TYPES_H
| # include <sys/types.h>
| #endif
| #ifdef HAVE_SYS_STAT_H
| # include <sys/stat.h>
| #endif
| #ifdef STDC_HEADERS
| # include <stdlib.h>
| # include <stddef.h>
| #else
| # ifdef HAVE_STDLIB_H
| #  include <stdlib.h>
| # endif
| #endif
| #ifdef HAVE_STRING_H
| # if !defined STDC_HEADERS && defined HAVE_MEMORY_H
| #  include <memory.h>
| # endif
| # include <string.h>
| #endif
| #ifdef HAVE_STRINGS_H
| # include <strings.h>
| #endif
| #ifdef HAVE_INTTYPES_H
| # include <inttypes.h>
| #endif
| #ifdef HAVE_STDINT_H
| # include <stdint.h>
| #endif
| #ifdef HAVE_UNISTD_H
| # include <unistd.h>
| #endif
| int
| main ()
| {
| if (sizeof ((pid_t)))
| 	    return 0;
|   ;
|   return 0;
| }
configure:11445: result: yes
configure:11456: checking for size_t
configure:11456: gcc -c -g -O2  conftest.c >&5
configure:11456: $? = 0
configure:11456: gcc -c -g -O2  conftest.c >&5
conftest.c: In function 'main':
conftest.c:65:21: error: expected expression before ')' token
 if (sizeof ((size_t)))
                     ^
configure:11456: $? = 1
configure: failed program was:
| /* confdefs.h */
| #define PACKAGE_NAME "GNU Trueprint"
| #define PACKAGE_TARNAME "trueprint"
| #define PACKAGE_VERSION "5.4"
| #define PACKAGE_STRING "GNU Trueprint 5.4"
| #define PACKAGE_BUGREPORT "bug-trueprint@gnu.org"
| #define PACKAGE_URL "http://www.gnu.org/software/trueprint/"
| #define STDC_HEADERS 1
| #define HAVE_SYS_TYPES_H 1
| #define HAVE_SYS_STAT_H 1
| #define HAVE_STDLIB_H 1
| #define HAVE_STRING_H 1
| #define HAVE_MEMORY_H 1
| #define HAVE_STRINGS_H 1
| #define HAVE_INTTYPES_H 1
| #define HAVE_STDINT_H 1
| #define HAVE_UNISTD_H 1
| #define HAVE_DLFCN_H 1
| #define LT_OBJDIR ".libs/"
| #define HAVE_FCNTL_H 1
| #define HAVE_LIBINTL_H 1
| #define HAVE_STDDEF_H 1
| #define HAVE_STDLIB_H 1
| #define HAVE_STRING_H 1
| #define HAVE_SYS_TIME_H 1
| #define HAVE_UNISTD_H 1
| #define HAVE__BOOL 1
| /* end confdefs.h.  */
| #include <stdio.h>
| #ifdef HAVE_SYS_TYPES_H
| # include <sys/types.h>
| #endif
| #ifdef HAVE_SYS_STAT_H
| # include <sys/stat.h>
| #endif
| #ifdef STDC_HEADERS
| # include <stdlib.h>
| # include <stddef.h>
| #else
| # ifdef HAVE_STDLIB_H
| #  include <stdlib.h>
| # endif
| #endif
| #ifdef HAVE_STRING_H
| # if !defined STDC_HEADERS && defined HAVE_MEMORY_H
| #  include <memory.h>
| # endif
| # include <string.h>
| #endif
| #ifdef HAVE_STRINGS_H
| # include <strings.h>
| #endif
| #ifdef HAVE_INTTYPES_H
| # include <inttypes.h>
| #endif
| #ifdef HAVE_STDINT_H
| # include <stdint.h>
| #endif
| #ifdef HAVE_UNISTD_H
| # include <unistd.h>
| #endif
| int
| main ()
| {
| if (sizeof ((size_t)))
| 	    return 0;
|   ;
|   return 0;
| }
configure:11456: result: yes
configure:11471: checking vfork.h usability
configure:11471: gcc -c -g -O2  conftest.c >&5
conftest.c:62:10: fatal error: vfork.h: No such file or directory
 #include <vfork.h>
          ^~~~~~~~~
compilation terminated.
configure:11471: $? = 1
configure: failed program was:
| /* confdefs.h */
| #define PACKAGE_NAME "GNU Trueprint"
| #define PACKAGE_TARNAME "trueprint"
| #define PACKAGE_VERSION "5.4"
| #define PACKAGE_STRING "GNU Trueprint 5.4"
| #define PACKAGE_BUGREPORT "bug-trueprint@gnu.org"
| #define PACKAGE_URL "http://www.gnu.org/software/trueprint/"
| #define STDC_HEADERS 1
| #define HAVE_SYS_TYPES_H 1
| #define HAVE_SYS_STAT_H 1
| #define HAVE_STDLIB_H 1
| #define HAVE_STRING_H 1
| #define HAVE_MEMORY_H 1
| #define HAVE_STRINGS_H 1
| #define HAVE_INTTYPES_H 1
| #define HAVE_STDINT_H 1
| #define HAVE_UNISTD_H 1
| #define HAVE_DLFCN_H 1
| #define LT_OBJDIR ".libs/"
| #define HAVE_FCNTL_H 1
| #define HAVE_LIBINTL_H 1
| #define HAVE_STDDEF_H 1
| #define HAVE_STDLIB_H 1
| #define HAVE_STRING_H 1
| #define HAVE_SYS_TIME_H 1
| #define HAVE_UNISTD_H 1
| #define HAVE__BOOL 1
| /* end confdefs.h.  */
| #include <stdio.h>
| #ifdef HAVE_SYS_TYPES_H
| # include <sys/types.h>
| #endif
| #ifdef HAVE_SYS_STAT_H
| # include <sys/stat.h>
| #endif
| #ifdef STDC_HEADERS
| # include <stdlib.h>
| # include <stddef.h>
| #else
| # ifdef HAVE_STDLIB_H
| #  include <stdlib.h>
| # endif
| #endif
| #ifdef HAVE_STRING_H
| # if !defined STDC_HEADERS && defined HAVE_MEMORY_H
| #  include <memory.h>
| # endif
| # include <string.h>
| #endif
| #ifdef HAVE_STRINGS_H
| # include <strings.h>
| #endif
| #ifdef HAVE_INTTYPES_H
| # include <inttypes.h>
| #endif
| #ifdef HAVE_STDINT_H
| # include <stdint.h>
| #endif
| #ifdef HAVE_UNISTD_H
| # include <unistd.h>
| #endif
| #include <vfork.h>
configure:11471: result: no
configure:11471: checking vfork.h presence
configure:11471: gcc -E  conftest.c
conftest.c:29:10: fatal error: vfork.h: No such file or directory
 #include <vfork.h>
          ^~~~~~~~~
compilation terminated.
configure:11471: $? = 1
configure: failed program was:
| /* confdefs.h */
| #define PACKAGE_NAME "GNU Trueprint"
| #define PACKAGE_TARNAME "trueprint"
| #define PACKAGE_VERSION "5.4"
| #define PACKAGE_STRING "GNU Trueprint 5.4"
| #define PACKAGE_BUGREPORT "bug-trueprint@gnu.org"
| #define PACKAGE_URL "http://www.gnu.org/software/trueprint/"
| #define STDC_HEADERS 1
| #define HAVE_SYS_TYPES_H 1
| #define HAVE_SYS_STAT_H 1
| #define HAVE_STDLIB_H 1
| #define HAVE_STRING_H 1
| #define HAVE_MEMORY_H 1
| #define HAVE_STRINGS_H 1
| #define HAVE_INTTYPES_H 1
| #define HAVE_STDINT_H 1
| #define HAVE_UNISTD_H 1
| #define HAVE_DLFCN_H 1
| #define LT_OBJDIR ".libs/"
| #define HAVE_FCNTL_H 1
| #define HAVE_LIBINTL_H 1
| #define HAVE_STDDEF_H 1
| #define HAVE_STDLIB_H 1
| #define HAVE_STRING_H 1
| #define HAVE_SYS_TIME_H 1
| #define HAVE_UNISTD_H 1
| #define HAVE__BOOL 1
| /* end confdefs.h.  */
| #include <vfork.h>
configure:11471: result: no
configure:11471: checking for vfork.h
configure:11471: result: no
configure:11484: checking for fork
configure:11484: gcc -o conftest -g -O2   conftest.c  >&5
conftest.c:52:6: warning: conflicting types for built-in function 'fork' [-Wbuiltin-declaration-mismatch]
 char fork ();
      ^~~~
configure:11484: $? = 0
configure:11484: result: yes
configure:11484: checking for vfork
configure:11484: gcc -o conftest -g -O2   conftest.c  >&5
configure:11484: $? = 0
configure:11484: result: yes
configure:11494: checking for working fork
configure:11516: gcc -o conftest -g -O2   conftest.c  >&5
configure:11516: $? = 0
configure:11516: ./conftest
configure:11516: $? = 0
configure:11526: result: yes
configure:11547: checking for working vfork
configure:11657: result: yes
configure:11684: checking for stdlib.h
configure:11684: result: yes
configure:11694: checking for GNU libc compatible malloc
configure:11718: gcc -o conftest -g -O2   conftest.c  >&5
configure:11718: $? = 0
configure:11718: ./conftest
configure:11718: $? = 0
configure:11728: result: yes
configure:11751: checking for stdlib.h
configure:11751: result: yes
configure:11761: checking for GNU libc compatible realloc
configure:11785: gcc -o conftest -g -O2   conftest.c  >&5
configure:11785: $? = 0
configure:11785: ./conftest
configure:11785: $? = 0
configure:11795: result: yes
configure:11819: checking for memset
configure:11819: gcc -o conftest -g -O2   conftest.c  >&5
conftest.c:60:6: warning: conflicting types for built-in function 'memset' [-Wbuiltin-declaration-mismatch]
 char memset ();
      ^~~~~~
configure:11819: $? = 0
configure:11819: result: yes
configure:11819: checking for strchr
configure:11819: gcc -o conftest -g -O2   conftest.c  >&5
conftest.c:61:6: warning: conflicting types for built-in function 'strchr' [-Wbuiltin-declaration-mismatch]
 char strchr ();
      ^~~~~~
configure:11819: $? = 0
configure:11819: result: yes
configure:11819: checking for strdup
configure:11819: gcc -o conftest -g -O2   conftest.c  >&5
conftest.c:62:6: warning: conflicting types for built-in function 'strdup' [-Wbuiltin-declaration-mismatch]
 char strdup ();
      ^~~~~~
configure:11819: $? = 0
configure:11819: result: yes
configure:11819: checking for strerror
configure:11819: gcc -o conftest -g -O2   conftest.c  >&5
configure:11819: $? = 0
configure:11819: result: yes
configure:11819: checking for strrchr
configure:11819: gcc -o conftest -g -O2   conftest.c  >&5
conftest.c:64:6: warning: conflicting types for built-in function 'strrchr' [-Wbuiltin-declaration-mismatch]
 char strrchr ();
      ^~~~~~~
configure:11819: $? = 0
configure:11819: result: yes
configure:11819: checking for strstr
configure:11819: gcc -o conftest -g -O2   conftest.c  >&5
conftest.c:65:6: warning: conflicting types for built-in function 'strstr' [-Wbuiltin-declaration-mismatch]
 char strstr ();
      ^~~~~~
configure:11819: $? = 0
configure:11819: result: yes
configure:11819: checking for strtol
configure:11819: gcc -o conftest -g -O2   conftest.c  >&5
configure:11819: $? = 0
configure:11819: result: yes
configure:11961: creating ./config.status

## ---------------------- ##
## Running config.status. ##
## ---------------------- ##

This file was extended by GNU Trueprint config.status 5.4, which was
generated by GNU Autoconf 2.69.  Invocation command line was

  CONFIG_FILES    = 
  CONFIG_HEADERS  = 
  CONFIG_LINKS    = 
  CONFIG_COMMANDS = 
  $ ./config.status 

on rishon

config.status:1103: creating Makefile
config.status:1103: creating doc/Makefile
config.status:1103: creating replace/Makefile
config.status:1103: creating src/Makefile
config.status:1103: creating tests/Makefile
config.status:1103: creating config.h
config.status:1332: executing depfiles commands
config.status:1332: executing libtool commands

## ---------------- ##
## Cache variables. ##
## ---------------- ##

ac_cv_build=x86_64-unknown-linux-gnu
ac_cv_c_compiler_gnu=yes
ac_cv_env_CC_set=
ac_cv_env_CC_value=
ac_cv_env_CFLAGS_set=
ac_cv_env_CFLAGS_value=
ac_cv_env_CPPFLAGS_set=
ac_cv_env_CPPFLAGS_value=
ac_cv_env_CPP_set=
ac_cv_env_CPP_value=
ac_cv_env_LDFLAGS_set=
ac_cv_env_LDFLAGS_value=
ac_cv_env_LIBS_set=
ac_cv_env_LIBS_value=
ac_cv_env_build_alias_set=
ac_cv_env_build_alias_value=
ac_cv_env_host_alias_set=
ac_cv_env_host_alias_value=
ac_cv_env_target_alias_set=
ac_cv_env_target_alias_value=
ac_cv_func_fork=yes
ac_cv_func_fork_works=yes
ac_cv_func_malloc_0_nonnull=yes
ac_cv_func_memset=yes
ac_cv_func_realloc_0_nonnull=yes
ac_cv_func_strchr=yes
ac_cv_func_strdup=yes
ac_cv_func_strerror=yes
ac_cv_func_strrchr=yes
ac_cv_func_strstr=yes
ac_cv_func_strtol=yes
ac_cv_func_vfork=yes
ac_cv_func_vfork_works=yes
ac_cv_header_dlfcn_h=yes
ac_cv_header_fcntl_h=yes
ac_cv_header_inttypes_h=yes
ac_cv_header_libintl_h=yes
ac_cv_header_memory_h=yes
ac_cv_header_stdbool_h=yes
ac_cv_header_stdc=yes
ac_cv_header_stddef_h=yes
ac_cv_header_stdint_h=yes
ac_cv_header_stdlib_h=yes
ac_cv_header_string_h=yes
ac_cv_header_strings_h=yes
ac_cv_header_sys_stat_h=yes
ac_cv_header_sys_time_h=yes
ac_cv_header_sys_types_h=yes
ac_cv_header_unistd_h=yes
ac_cv_header_vfork_h=no
ac_cv_host=x86_64-unknown-linux-gnu
ac_cv_objext=o
ac_cv_path_EGREP='/bin/grep -E'
ac_cv_path_FGREP='/bin/grep -F'
ac_cv_path_GREP=/bin/grep
ac_cv_path_SED=/bin/sed
ac_cv_path_install='/usr/bin/install -c'
ac_cv_path_mkdir=/bin/mkdir
ac_cv_prog_AWK=gawk
ac_cv_prog_CPP='gcc -E'
ac_cv_prog_ac_ct_AR=ar
ac_cv_prog_ac_ct_CC=gcc
ac_cv_prog_ac_ct_MANIFEST_TOOL=mt
ac_cv_prog_ac_ct_OBJDUMP=objdump
ac_cv_prog_ac_ct_RANLIB=ranlib
ac_cv_prog_ac_ct_STRIP=strip
ac_cv_prog_cc_c89=
ac_cv_prog_cc_g=yes
ac_cv_prog_make_make_set=yes
ac_cv_type__Bool=yes
ac_cv_type_off_t=yes
ac_cv_type_pid_t=yes
ac_cv_type_size_t=yes
am_cv_CC_dependencies_compiler_type=gcc3
lt_cv_ar_at_file=@
lt_cv_archive_cmds_need_lc=no
lt_cv_deplibs_check_method=pass_all
lt_cv_file_magic_cmd='$MAGIC_CMD'
lt_cv_file_magic_test_file=
lt_cv_ld_reload_flag=-r
lt_cv_nm_interface='BSD nm'
lt_cv_objdir=.libs
lt_cv_path_LD=/usr/bin/ld
lt_cv_path_NM='/usr/bin/nm -B'
lt_cv_path_mainfest_tool=no
lt_cv_prog_compiler_c_o=yes
lt_cv_prog_compiler_pic='-fPIC -DPIC'
lt_cv_prog_compiler_pic_works=yes
lt_cv_prog_compiler_rtti_exceptions=no
lt_cv_prog_compiler_static_works=yes
lt_cv_prog_gnu_ld=yes
lt_cv_sharedlib_from_linklib_cmd='printf %s\n'
lt_cv_shlibpath_overrides_runpath=yes
lt_cv_sys_global_symbol_pipe='sed -n -e '\''s/^.*[	 ]\([ABCDGIRSTW][ABCDGIRSTW]*\)[	 ][	 ]*\([_A-Za-z][_A-Za-z0-9]*\)$/\1 \2 \2/p'\'' | sed '\''/ __gnu_lto/d'\'''
lt_cv_sys_global_symbol_to_c_name_address='sed -n -e '\''s/^: \([^ ]*\)[ ]*$/  {\"\1\", (void *) 0},/p'\'' -e '\''s/^[ABCDGIRSTW]* \([^ ]*\) \([^ ]*\)$/  {"\2", (void *) \&\2},/p'\'''
lt_cv_sys_global_symbol_to_c_name_address_lib_prefix='sed -n -e '\''s/^: \([^ ]*\)[ ]*$/  {\"\1\", (void *) 0},/p'\'' -e '\''s/^[ABCDGIRSTW]* \([^ ]*\) \(lib[^ ]*\)$/  {"\2", (void *) \&\2},/p'\'' -e '\''s/^[ABCDGIRSTW]* \([^ ]*\) \([^ ]*\)$/  {"lib\2", (void *) \&\2},/p'\'''
lt_cv_sys_global_symbol_to_cdecl='sed -n -e '\''s/^T .* \(.*\)$/extern int \1();/p'\'' -e '\''s/^[ABCDGIRSTW]* .* \(.*\)$/extern char \1;/p'\'''
lt_cv_sys_max_cmd_len=1572864
lt_cv_to_host_file_cmd=func_convert_file_noop
lt_cv_to_tool_file_cmd=func_convert_file_noop

## ----------------- ##
## Output variables. ##
## ----------------- ##

ACLOCAL='${SHELL} /home/carolhanna/Security_Project/gnu_dataset/trueprint-5.4/missing --run aclocal-1.11'
AMDEPBACKSLASH='\'
AMDEP_FALSE='#'
AMDEP_TRUE=''
AMTAR='$${TAR-tar}'
AR='ar'
AUTOCONF='${SHELL} /home/carolhanna/Security_Project/gnu_dataset/trueprint-5.4/missing --run autoconf'
AUTOHEADER='${SHELL} /home/carolhanna/Security_Project/gnu_dataset/trueprint-5.4/missing --run autoheader'
AUTOMAKE='${SHELL} /home/carolhanna/Security_Project/gnu_dataset/trueprint-5.4/missing --run automake-1.11'
AWK='gawk'
CC='gcc'
CCDEPMODE='depmode=gcc3'
CFLAGS='-g -O2'
CPP='gcc -E'
CPPFLAGS=''
CYGPATH_W='echo'
DEFS='-DHAVE_CONFIG_H'
DEPDIR='.deps'
DLLTOOL='false'
DSYMUTIL=''
DUMPBIN=''
ECHO_C=''
ECHO_N='-n'
ECHO_T=''
EGREP='/bin/grep -E'
EXEEXT=''
FGREP='/bin/grep -F'
GREP='/bin/grep'
INSTALL_DATA='${INSTALL} -m 644'
INSTALL_PROGRAM='${INSTALL}'
INSTALL_SCRIPT='${INSTALL}'
INSTALL_STRIP_PROGRAM='$(install_sh) -c -s'
LD='/usr/bin/ld -m elf_x86_64'
LDFLAGS=''
LIBOBJS=''
LIBS=''
LIBTOOL='$(SHELL) $(top_builddir)/libtool'
LIPO=''
LN_S='ln -s'
LTLIBOBJS=''
MAKEINFO='${SHELL} /home/carolhanna/Security_Project/gnu_dataset/trueprint-5.4/missing --run makeinfo'
MANIFEST_TOOL=':'
MKDIR_P='/bin/mkdir -p'
NM='/usr/bin/nm -B'
NMEDIT=''
OBJDUMP='objdump'
OBJEXT='o'
OTOOL64=''
OTOOL=''
PACKAGE='trueprint'
PACKAGE_BUGREPORT='bug-trueprint@gnu.org'
PACKAGE_NAME='GNU Trueprint'
PACKAGE_STRING='GNU Trueprint 5.4'
PACKAGE_TARNAME='trueprint'
PACKAGE_URL='http://www.gnu.org/software/trueprint/'
PACKAGE_VERSION='5.4'
PATH_SEPARATOR=':'
RANLIB='ranlib'
SED='/bin/sed'
SET_MAKE=''
SHELL='/bin/bash'
STRIP='strip'
VERSION='5.4'
ac_ct_AR='ar'
ac_ct_CC='gcc'
ac_ct_DUMPBIN=''
am__EXEEXT_FALSE=''
am__EXEEXT_TRUE='#'
am__fastdepCC_FALSE='#'
am__fastdepCC_TRUE=''
am__include='include'
am__isrc=''
am__leading_dot='.'
am__nodep='_no'
am__quote=''
am__tar='$${TAR-tar} chof - "$$tardir"'
am__untar='$${TAR-tar} xf -'
bindir='${exec_prefix}/bin'
build='x86_64-unknown-linux-gnu'
build_alias=''
build_cpu='x86_64'
build_os='linux-gnu'
build_vendor='unknown'
datadir='${datarootdir}'
datarootdir='${prefix}/share'
docdir='${datarootdir}/doc/${PACKAGE_TARNAME}'
dvidir='${docdir}'
exec_prefix='${prefix}'
host='x86_64-unknown-linux-gnu'
host_alias=''
host_cpu='x86_64'
host_os='linux-gnu'
host_vendor='unknown'
htmldir='${docdir}'
includedir='${prefix}/include'
infodir='${datarootdir}/info'
install_sh='${SHELL} /home/carolhanna/Security_Project/gnu_dataset/trueprint-5.4/install-sh'
libdir='${exec_prefix}/lib'
libexecdir='${exec_prefix}/libexec'
localedir='${datarootdir}/locale'
localstatedir='${prefix}/var'
mandir='${datarootdir}/man'
mkdir_p='/bin/mkdir -p'
oldincludedir='/usr/include'
pdfdir='${docdir}'
prefix='/usr/local'
program_transform_name='s,x,x,'
psdir='${docdir}'
sbindir='${exec_prefix}/sbin'
sharedstatedir='${prefix}/com'
sysconfdir='${prefix}/etc'
target_alias=''

## ----------- ##
## confdefs.h. ##
## ----------- ##

/* confdefs.h */
#define PACKAGE_NAME "GNU Trueprint"
#define PACKAGE_TARNAME "trueprint"
#define PACKAGE_VERSION "5.4"
#define PACKAGE_STRING "GNU Trueprint 5.4"
#define PACKAGE_BUGREPORT "bug-trueprint@gnu.org"
#define PACKAGE_URL "http://www.gnu.org/software/trueprint/"
#define STDC_HEADERS 1
#define HAVE_SYS_TYPES_H 1
#define HAVE_SYS_STAT_H 1
#define HAVE_STDLIB_H 1
#define HAVE_STRING_H 1
#define HAVE_MEMORY_H 1
#define HAVE_STRINGS_H 1
#define HAVE_INTTYPES_H 1
#define HAVE_STDINT_H 1
#define HAVE_UNISTD_H 1
#define HAVE_DLFCN_H 1
#define LT_OBJDIR ".libs/"
#define HAVE_FCNTL_H 1
#define HAVE_LIBINTL_H 1
#define HAVE_STDDEF_H 1
#define HAVE_STDLIB_H 1
#define HAVE_STRING_H 1
#define HAVE_SYS_TIME_H 1
#define HAVE_UNISTD_H 1
#define HAVE__BOOL 1
#define HAVE_FORK 1
#define HAVE_VFORK 1
#define HAVE_WORKING_VFORK 1
#define HAVE_WORKING_FORK 1
#define HAVE_STDLIB_H 1
#define HAVE_MALLOC 1
#define HAVE_STDLIB_H 1
#define HAVE_REALLOC 1
#define HAVE_MEMSET 1
#define HAVE_STRCHR 1
#define HAVE_STRDUP 1
#define HAVE_STRERROR 1
#define HAVE_STRRCHR 1
#define HAVE_STRSTR 1
#define HAVE_STRTOL 1

configure: exit 0
