This file contains any messages produced by compilers while
running configure, to aid debugging if configure makes a mistake.

It was created by GNU ccd2cue configure 0.5, which was
generated by GNU Autoconf 2.69.  Invocation command line was

  $ ./configure 

## --------- ##
## Platform. ##
## --------- ##

hostname = rishon
uname -m = x86_64
uname -r = 4.15.0-72-generic
uname -s = Linux
uname -v = #81-Ubuntu SMP Tue Nov 26 12:20:02 UTC 2019

/usr/bin/uname -p = unknown
/bin/uname -X     = unknown

/bin/arch              = unknown
/usr/bin/arch -k       = unknown
/usr/convex/getsysinfo = unknown
/usr/bin/hostinfo      = unknown
/bin/machine           = unknown
/usr/bin/oslevel       = unknown
/bin/universe          = unknown

PATH: /home/carolhanna/miniconda3/bin
PATH: /home/carolhanna/miniconda3/condabin
PATH: /usr/local/sbin
PATH: /usr/local/bin
PATH: /usr/sbin
PATH: /usr/bin
PATH: /sbin
PATH: /bin
PATH: /usr/games
PATH: /usr/local/games
PATH: /snap/bin


## ----------- ##
## Core tests. ##
## ----------- ##

configure:2124: checking for a BSD-compatible install
configure:2192: result: /usr/bin/install -c
configure:2203: checking whether build environment is sane
configure:2258: result: yes
configure:2409: checking for a thread-safe mkdir -p
configure:2448: result: /bin/mkdir -p
configure:2455: checking for gawk
configure:2471: found /usr/bin/gawk
configure:2482: result: gawk
configure:2493: checking whether make sets $(MAKE)
configure:2515: result: yes
configure:2544: checking whether make supports nested variables
configure:2561: result: yes
configure:2698: checking whether make supports nested variables
configure:2715: result: yes
configure:2736: checking whether NLS is requested
configure:2745: result: yes
configure:2786: checking for msgfmt
configure: trying /usr/bin/msgfmt...
0 translated messages.
configure:2818: result: /usr/bin/msgfmt
configure:2827: checking for gmsgfmt
configure:2858: result: /usr/bin/msgfmt
configure:2909: checking for xgettext
configure: trying /usr/bin/xgettext...
/usr/bin/xgettext: warning: file '/dev/null' extension '' is unknown; will try C
configure:2941: result: /usr/bin/xgettext
configure:2987: checking for msgmerge
configure: trying /usr/bin/msgmerge...
configure:3018: result: /usr/bin/msgmerge
configure:3063: checking for style of include used by make
configure:3091: result: GNU
configure:3162: checking for gcc
configure:3178: found /usr/bin/gcc
configure:3189: result: gcc
configure:3418: checking for C compiler version
configure:3427: gcc --version >&5
gcc (Ubuntu 7.5.0-3ubuntu1~18.04) 7.5.0
Copyright (C) 2017 Free Software Foundation, Inc.
This is free software; see the source for copying conditions.  There is NO
warranty; not even for MERCHANTABILITY or FITNESS FOR A PARTICULAR PURPOSE.

configure:3438: $? = 0
configure:3427: gcc -v >&5
Using built-in specs.
COLLECT_GCC=gcc
COLLECT_LTO_WRAPPER=/usr/lib/gcc/x86_64-linux-gnu/7/lto-wrapper
OFFLOAD_TARGET_NAMES=nvptx-none
OFFLOAD_TARGET_DEFAULT=1
Target: x86_64-linux-gnu
Configured with: ../src/configure -v --with-pkgversion='Ubuntu 7.5.0-3ubuntu1~18.04' --with-bugurl=file:///usr/share/doc/gcc-7/README.Bugs --enable-languages=c,ada,c++,go,brig,d,fortran,objc,obj-c++ --prefix=/usr --with-gcc-major-version-only --program-suffix=-7 --program-prefix=x86_64-linux-gnu- --enable-shared --enable-linker-build-id --libexecdir=/usr/lib --without-included-gettext --enable-threads=posix --libdir=/usr/lib --enable-nls --enable-bootstrap --enable-clocale=gnu --enable-libstdcxx-debug --enable-libstdcxx-time=yes --with-default-libstdcxx-abi=new --enable-gnu-unique-object --disable-vtable-verify --enable-libmpx --enable-plugin --enable-default-pie --with-system-zlib --with-target-system-zlib --enable-objc-gc=auto --enable-multiarch --disable-werror --with-arch-32=i686 --with-abi=m64 --with-multilib-list=m32,m64,mx32 --enable-multilib --with-tune=generic --enable-offload-targets=nvptx-none --without-cuda-driver --enable-checking=release --build=x86_64-linux-gnu --host=x86_64-linux-gnu --target=x86_64-linux-gnu
Thread model: posix
gcc version 7.5.0 (Ubuntu 7.5.0-3ubuntu1~18.04) 
configure:3438: $? = 0
configure:3427: gcc -V >&5
gcc: error: unrecognized command line option '-V'
gcc: fatal error: no input files
compilation terminated.
configure:3438: $? = 1
configure:3427: gcc -qversion >&5
gcc: error: unrecognized command line option '-qversion'; did you mean '--version'?
gcc: fatal error: no input files
compilation terminated.
configure:3438: $? = 1
configure:3458: checking whether the C compiler works
configure:3480: gcc    conftest.c  >&5
configure:3484: $? = 0
configure:3532: result: yes
configure:3535: checking for C compiler default output file name
configure:3537: result: a.out
configure:3543: checking for suffix of executables
configure:3550: gcc -o conftest    conftest.c  >&5
configure:3554: $? = 0
configure:3576: result: 
configure:3598: checking whether we are cross compiling
configure:3606: gcc -o conftest    conftest.c  >&5
configure:3610: $? = 0
configure:3617: ./conftest
configure:3621: $? = 0
configure:3636: result: no
configure:3641: checking for suffix of object files
configure:3663: gcc -c   conftest.c >&5
configure:3667: $? = 0
configure:3688: result: o
configure:3692: checking whether we are using the GNU C compiler
configure:3711: gcc -c   conftest.c >&5
configure:3711: $? = 0
configure:3720: result: yes
configure:3729: checking whether gcc accepts -g
configure:3749: gcc -c -g  conftest.c >&5
configure:3749: $? = 0
configure:3790: result: yes
configure:3807: checking for gcc option to accept ISO C89
configure:3870: gcc  -c -g -O2  conftest.c >&5
configure:3870: $? = 0
configure:3883: result: none needed
configure:3908: checking whether gcc understands -c and -o together
configure:3930: gcc -c conftest.c -o conftest2.o
configure:3933: $? = 0
configure:3930: gcc -c conftest.c -o conftest2.o
configure:3933: $? = 0
configure:3945: result: yes
configure:3964: checking dependency style of gcc
configure:4075: result: gcc3
configure:4094: checking build system type
configure:4108: result: x86_64-unknown-linux-gnu
configure:4128: checking host system type
configure:4141: result: x86_64-unknown-linux-gnu
configure:4185: checking for ld used by GCC
configure:4249: result: /usr/bin/ld
configure:4256: checking if the linker (/usr/bin/ld) is GNU ld
configure:4269: result: yes
configure:4276: checking for shared library run path origin
configure:4289: result: done
configure:4314: checking how to run the C preprocessor
configure:4345: gcc -E  conftest.c
configure:4345: $? = 0
configure:4359: gcc -E  conftest.c
conftest.c:14:10: fatal error: ac_nonexistent.h: No such file or directory
 #include <ac_nonexistent.h>
          ^~~~~~~~~~~~~~~~~~
compilation terminated.
configure:4359: $? = 1
configure: failed program was:
| /* confdefs.h */
| #define PACKAGE_NAME "GNU ccd2cue"
| #define PACKAGE_TARNAME "ccd2cue"
| #define PACKAGE_VERSION "0.5"
| #define PACKAGE_STRING "GNU ccd2cue 0.5"
| #define PACKAGE_BUGREPORT "bug-ccd2cue@gnu.org"
| #define PACKAGE_URL "https://www.gnu.org/software/ccd2cue"
| #define PACKAGE_MAILING_LIST "ccd2cue@gnu.org"
| #define PACKAGE_TRANSLATION_BUGREPORT "http://translationproject.org/team/"
| #define PACKAGE_COPYRIGHT_HOLDER "Bruno Fe'lix Rezende Ribeiro"
| #define PACKAGE "ccd2cue"
| #define VERSION "0.5"
| /* end confdefs.h.  */
| #include <ac_nonexistent.h>
configure:4384: result: gcc -E
configure:4404: gcc -E  conftest.c
configure:4404: $? = 0
configure:4418: gcc -E  conftest.c
conftest.c:14:10: fatal error: ac_nonexistent.h: No such file or directory
 #include <ac_nonexistent.h>
          ^~~~~~~~~~~~~~~~~~
compilation terminated.
configure:4418: $? = 1
configure: failed program was:
| /* confdefs.h */
| #define PACKAGE_NAME "GNU ccd2cue"
| #define PACKAGE_TARNAME "ccd2cue"
| #define PACKAGE_VERSION "0.5"
| #define PACKAGE_STRING "GNU ccd2cue 0.5"
| #define PACKAGE_BUGREPORT "bug-ccd2cue@gnu.org"
| #define PACKAGE_URL "https://www.gnu.org/software/ccd2cue"
| #define PACKAGE_MAILING_LIST "ccd2cue@gnu.org"
| #define PACKAGE_TRANSLATION_BUGREPORT "http://translationproject.org/team/"
| #define PACKAGE_COPYRIGHT_HOLDER "Bruno Fe'lix Rezende Ribeiro"
| #define PACKAGE "ccd2cue"
| #define VERSION "0.5"
| /* end confdefs.h.  */
| #include <ac_nonexistent.h>
configure:4447: checking for grep that handles long lines and -e
configure:4505: result: /bin/grep
configure:4510: checking for egrep
configure:4572: result: /bin/grep -E
configure:5130: checking for CFPreferencesCopyAppValue
configure:5148: gcc -o conftest -g -O2   conftest.c  -Wl,-framework -Wl,CoreFoundation >&5
conftest.c:14:10: fatal error: CoreFoundation/CFPreferences.h: No such file or directory
 #include <CoreFoundation/CFPreferences.h>
          ^~~~~~~~~~~~~~~~~~~~~~~~~~~~~~~~
compilation terminated.
configure:5148: $? = 1
configure: failed program was:
| /* confdefs.h */
| #define PACKAGE_NAME "GNU ccd2cue"
| #define PACKAGE_TARNAME "ccd2cue"
| #define PACKAGE_VERSION "0.5"
| #define PACKAGE_STRING "GNU ccd2cue 0.5"
| #define PACKAGE_BUGREPORT "bug-ccd2cue@gnu.org"
| #define PACKAGE_URL "https://www.gnu.org/software/ccd2cue"
| #define PACKAGE_MAILING_LIST "ccd2cue@gnu.org"
| #define PACKAGE_TRANSLATION_BUGREPORT "http://translationproject.org/team/"
| #define PACKAGE_COPYRIGHT_HOLDER "Bruno Fe'lix Rezende Ribeiro"
| #define PACKAGE "ccd2cue"
| #define VERSION "0.5"
| /* end confdefs.h.  */
| #include <CoreFoundation/CFPreferences.h>
| int
| main ()
| {
| CFPreferencesCopyAppValue(NULL, NULL)
|   ;
|   return 0;
| }
configure:5157: result: no
configure:5164: checking for CFLocaleCopyCurrent
configure:5182: gcc -o conftest -g -O2   conftest.c  -Wl,-framework -Wl,CoreFoundation >&5
conftest.c:14:10: fatal error: CoreFoundation/CFLocale.h: No such file or directory
 #include <CoreFoundation/CFLocale.h>
          ^~~~~~~~~~~~~~~~~~~~~~~~~~~
compilation terminated.
configure:5182: $? = 1
configure: failed program was:
| /* confdefs.h */
| #define PACKAGE_NAME "GNU ccd2cue"
| #define PACKAGE_TARNAME "ccd2cue"
| #define PACKAGE_VERSION "0.5"
| #define PACKAGE_STRING "GNU ccd2cue 0.5"
| #define PACKAGE_BUGREPORT "bug-ccd2cue@gnu.org"
| #define PACKAGE_URL "https://www.gnu.org/software/ccd2cue"
| #define PACKAGE_MAILING_LIST "ccd2cue@gnu.org"
| #define PACKAGE_TRANSLATION_BUGREPORT "http://translationproject.org/team/"
| #define PACKAGE_COPYRIGHT_HOLDER "Bruno Fe'lix Rezende Ribeiro"
| #define PACKAGE "ccd2cue"
| #define VERSION "0.5"
| /* end confdefs.h.  */
| #include <CoreFoundation/CFLocale.h>
| int
| main ()
| {
| CFLocaleCopyCurrent();
|   ;
|   return 0;
| }
configure:5191: result: no
configure:5240: checking for GNU gettext in libc
configure:5260: gcc -o conftest -g -O2   conftest.c  >&5
configure:5260: $? = 0
configure:5269: result: yes
configure:6060: checking whether to use NLS
configure:6062: result: yes
configure:6065: checking where the gettext function comes from
configure:6076: result: libc
configure:6154: checking whether ln -s works
configure:6158: result: yes
configure:6167: checking for grep that handles long lines and -e
configure:6225: result: /bin/grep
configure:6232: checking for a sed that does not truncate output
configure:6296: result: /bin/sed
configure:6351: checking for gcc
configure:6378: result: gcc
configure:6607: checking for C compiler version
configure:6616: gcc --version >&5
gcc (Ubuntu 7.5.0-3ubuntu1~18.04) 7.5.0
Copyright (C) 2017 Free Software Foundation, Inc.
This is free software; see the source for copying conditions.  There is NO
warranty; not even for MERCHANTABILITY or FITNESS FOR A PARTICULAR PURPOSE.

configure:6627: $? = 0
configure:6616: gcc -v >&5
Using built-in specs.
COLLECT_GCC=gcc
COLLECT_LTO_WRAPPER=/usr/lib/gcc/x86_64-linux-gnu/7/lto-wrapper
OFFLOAD_TARGET_NAMES=nvptx-none
OFFLOAD_TARGET_DEFAULT=1
Target: x86_64-linux-gnu
Configured with: ../src/configure -v --with-pkgversion='Ubuntu 7.5.0-3ubuntu1~18.04' --with-bugurl=file:///usr/share/doc/gcc-7/README.Bugs --enable-languages=c,ada,c++,go,brig,d,fortran,objc,obj-c++ --prefix=/usr --with-gcc-major-version-only --program-suffix=-7 --program-prefix=x86_64-linux-gnu- --enable-shared --enable-linker-build-id --libexecdir=/usr/lib --without-included-gettext --enable-threads=posix --libdir=/usr/lib --enable-nls --enable-bootstrap --enable-clocale=gnu --enable-libstdcxx-debug --enable-libstdcxx-time=yes --with-default-libstdcxx-abi=new --enable-gnu-unique-object --disable-vtable-verify --enable-libmpx --enable-plugin --enable-default-pie --with-system-zlib --with-target-system-zlib --enable-objc-gc=auto --enable-multiarch --disable-werror --with-arch-32=i686 --with-abi=m64 --with-multilib-list=m32,m64,mx32 --enable-multilib --with-tune=generic --enable-offload-targets=nvptx-none --without-cuda-driver --enable-checking=release --build=x86_64-linux-gnu --host=x86_64-linux-gnu --target=x86_64-linux-gnu
Thread model: posix
gcc version 7.5.0 (Ubuntu 7.5.0-3ubuntu1~18.04) 
configure:6627: $? = 0
configure:6616: gcc -V >&5
gcc: error: unrecognized command line option '-V'
gcc: fatal error: no input files
compilation terminated.
configure:6627: $? = 1
configure:6616: gcc -qversion >&5
gcc: error: unrecognized command line option '-qversion'; did you mean '--version'?
gcc: fatal error: no input files
compilation terminated.
configure:6627: $? = 1
configure:6631: checking whether we are using the GNU C compiler
configure:6659: result: yes
configure:6668: checking whether gcc accepts -g
configure:6729: result: yes
configure:6746: checking for gcc option to accept ISO C89
configure:6822: result: none needed
configure:6847: checking whether gcc understands -c and -o together
configure:6884: result: yes
configure:6903: checking dependency style of gcc
configure:7014: result: gcc3
configure:7036: checking programs needed in order to build documentation
configure:7050: checking for makeinfo
configure:7083: result: no
configure:7103: WARNING: GNU Texinfo not found.  It is required at least version 5.1.
You can find it at https://gnu.org/software/texinfo/.
It will not be possible to rebuild the Info documentation
nor generate any other documentation format.
configure:7218: checking for help2man
configure:7251: result: no
configure:7377: checking for doxygen
configure:7410: result: no
configure:7430: WARNING: doxygen not found - will not generate any doxygen documentation
configure:7483: checking for perl
configure:7501: found /usr/bin/perl
configure:7513: result: /usr/bin/perl
configure:9122: Checking meta-information
configure:9125: checking available translations
configure:9130: result: da de uk vi
configure:9286: checking that generated files are newer than configure
configure:9292: result: done
configure:9363: creating ./config.status

## ---------------------- ##
## Running config.status. ##
## ---------------------- ##

This file was extended by GNU ccd2cue config.status 0.5, which was
generated by GNU Autoconf 2.69.  Invocation command line was

  CONFIG_FILES    = 
  CONFIG_HEADERS  = 
  CONFIG_LINKS    = 
  CONFIG_COMMANDS = 
  $ ./config.status 

on rishon

config.status:949: creating Makefile
config.status:949: creating po/Makefile.in
config.status:949: creating po/LINGUAS
config.status:949: creating src/Makefile
config.status:949: creating doc/Makefile
config.status:949: creating doc/Doxyfile
config.status:949: creating doc/man/Makefile
config.status:949: creating doc/release/release.texi
config.status:949: creating config.h
config.status:1178: executing po-directories commands
config.status:1178: executing depfiles commands

## ---------------- ##
## Cache variables. ##
## ---------------- ##

ac_cv_build=x86_64-unknown-linux-gnu
ac_cv_c_compiler_gnu=yes
ac_cv_env_CC_set=
ac_cv_env_CC_value=
ac_cv_env_CFLAGS_set=
ac_cv_env_CFLAGS_value=
ac_cv_env_CPPFLAGS_set=
ac_cv_env_CPPFLAGS_value=
ac_cv_env_CPP_set=
ac_cv_env_CPP_value=
ac_cv_env_DOXYGEN_PAPER_SIZE_set=
ac_cv_env_DOXYGEN_PAPER_SIZE_value=
ac_cv_env_HELP2MAN_set=
ac_cv_env_HELP2MAN_value=
ac_cv_env_LDFLAGS_set=
ac_cv_env_LDFLAGS_value=
ac_cv_env_LIBS_set=
ac_cv_env_LIBS_value=
ac_cv_env_MAKEINFO_set=
ac_cv_env_MAKEINFO_value=
ac_cv_env_build_alias_set=
ac_cv_env_build_alias_value=
ac_cv_env_host_alias_set=
ac_cv_env_host_alias_value=
ac_cv_env_target_alias_set=
ac_cv_env_target_alias_value=
ac_cv_host=x86_64-unknown-linux-gnu
ac_cv_objext=o
ac_cv_path_EGREP='/bin/grep -E'
ac_cv_path_GMSGFMT=/usr/bin/msgfmt
ac_cv_path_GREP=/bin/grep
ac_cv_path_MSGFMT=/usr/bin/msgfmt
ac_cv_path_MSGMERGE=/usr/bin/msgmerge
ac_cv_path_SED=/bin/sed
ac_cv_path_XGETTEXT=/usr/bin/xgettext
ac_cv_path_ac_pt_DX_PERL=/usr/bin/perl
ac_cv_path_install='/usr/bin/install -c'
ac_cv_path_mkdir=/bin/mkdir
ac_cv_prog_AWK=gawk
ac_cv_prog_CPP='gcc -E'
ac_cv_prog_ac_ct_CC=gcc
ac_cv_prog_cc_c89=
ac_cv_prog_cc_g=yes
ac_cv_prog_make_make_set=yes
acl_cv_hardcode_direct=no
acl_cv_hardcode_libdir_flag_spec='${wl}-rpath ${wl}$libdir'
acl_cv_hardcode_libdir_separator=
acl_cv_hardcode_minus_L=no
acl_cv_libext=a
acl_cv_libname_spec='lib$name'
acl_cv_library_names_spec='$libname$shrext'
acl_cv_path_LD=/usr/bin/ld
acl_cv_prog_gnu_ld=yes
acl_cv_rpath=done
acl_cv_shlibext=so
acl_cv_wl=-Wl,
am_cv_CC_dependencies_compiler_type=gcc3
am_cv_make_support_nested_variables=yes
am_cv_prog_cc_c_o=yes
gt_cv_func_CFLocaleCopyCurrent=no
gt_cv_func_CFPreferencesCopyAppValue=no
gt_cv_func_gnugettext1_libc=yes

## ----------------- ##
## Output variables. ##
## ----------------- ##

ACLOCAL='${SHELL} /home/carolhanna/Security_Project/gnu_dataset/ccd2cue-0.5/build-aux/missing aclocal-1.14'
AMDEPBACKSLASH='\'
AMDEP_FALSE='#'
AMDEP_TRUE=''
AMTAR='$${TAR-tar}'
AM_BACKSLASH='\'
AM_DEFAULT_V='$(AM_DEFAULT_VERBOSITY)'
AM_DEFAULT_VERBOSITY='0'
AM_V='$(V)'
AUTOCONF='${SHELL} /home/carolhanna/Security_Project/gnu_dataset/ccd2cue-0.5/build-aux/missing autoconf'
AUTOCONF_VERSION=''
AUTOHEADER='${SHELL} /home/carolhanna/Security_Project/gnu_dataset/ccd2cue-0.5/build-aux/missing autoheader'
AUTOMAKE='${SHELL} /home/carolhanna/Security_Project/gnu_dataset/ccd2cue-0.5/build-aux/missing automake-1.14'
AUTOMAKE_VERSION=''
AWK='gawk'
CC='gcc'
CCDEPMODE='depmode=gcc3'
CFLAGS='-g -O2'
CONFIG_STATUS_DEPENDENCIES='$(top_srcdir)/doc/Doxyfile.in'
CPP='gcc -E'
CPPFLAGS=''
CYGPATH_W='echo'
DEFS='-DHAVE_CONFIG_H'
DEPDIR='.deps'
DOXYGEN_PAPER_SIZE=''
DX_COND_chi_FALSE=''
DX_COND_chi_TRUE='#'
DX_COND_chm_FALSE=''
DX_COND_chm_TRUE='#'
DX_COND_doc_FALSE=''
DX_COND_doc_TRUE='#'
DX_COND_dot_FALSE=''
DX_COND_dot_TRUE='#'
DX_COND_html_FALSE=''
DX_COND_html_TRUE='#'
DX_COND_latex_FALSE=''
DX_COND_latex_TRUE='#'
DX_COND_man_FALSE=''
DX_COND_man_TRUE='#'
DX_COND_pdf_FALSE=''
DX_COND_pdf_TRUE='#'
DX_COND_ps_FALSE=''
DX_COND_ps_TRUE='#'
DX_COND_rtf_FALSE=''
DX_COND_rtf_TRUE='#'
DX_COND_xml_FALSE=''
DX_COND_xml_TRUE='#'
DX_CONFIG='$(top_builddir)/doc/Doxyfile'
DX_DOCDIR='$(top_builddir)/doc/doxygen'
DX_DOT=''
DX_DOXYGEN=''
DX_DVIPS=''
DX_EGREP=''
DX_ENV=' SRCDIR='\''.'\'' PROJECT='\''ccd2cue'\'' DOCDIR='\''$(top_builddir)/doc/doxygen'\'' VERSION='\''0.5'\'' HAVE_DOT='\''NO'\'' GENERATE_MAN='\''NO'\'' GENERATE_RTF='\''NO'\'' GENERATE_XML='\''NO'\'' GENERATE_HTMLHELP='\''NO'\'' GENERATE_CHI='\''NO'\'' GENERATE_HTML='\''NO'\'' GENERATE_LATEX='\''NO'\'''
DX_FLAG_chi='0'
DX_FLAG_chm='0'
DX_FLAG_doc='0'
DX_FLAG_dot='0'
DX_FLAG_html='0'
DX_FLAG_man='0'
DX_FLAG_pdf='0'
DX_FLAG_ps='0'
DX_FLAG_rtf='0'
DX_FLAG_xml='0'
DX_HHC=''
DX_LATEX=''
DX_MAKEINDEX=''
DX_PDFLATEX=''
DX_PERL='/usr/bin/perl'
DX_PROJECT='ccd2cue'
ECHO_C=''
ECHO_N='-n'
ECHO_T=''
EGREP='/bin/grep -E'
EXEEXT=''
GETTEXT_MACRO_VERSION='0.18'
GMSGFMT='/usr/bin/msgfmt'
GMSGFMT_015='/usr/bin/msgfmt'
GREP='/bin/grep'
HELP2MAN=''
INSTALL_DATA='${INSTALL} -m 644'
INSTALL_PROGRAM='${INSTALL}'
INSTALL_SCRIPT='${INSTALL}'
INSTALL_STRIP_PROGRAM='$(install_sh) -c -s'
INTLLIBS=''
INTL_MACOSX_LIBS=''
LDFLAGS=''
LIBICONV='-liconv'
LIBINTL=''
LIBOBJS=''
LIBS=''
LINGUAS='da de uk vi'
LN_S='ln -s'
LTLIBICONV='-liconv'
LTLIBINTL=''
LTLIBOBJS=''
MAKEINFO=''
MKDIR_P='/bin/mkdir -p'
MSGFMT='/usr/bin/msgfmt'
MSGFMT_015='/usr/bin/msgfmt'
MSGMERGE='/usr/bin/msgmerge'
OBJEXT='o'
PACKAGE='ccd2cue'
PACKAGE_BUGREPORT='bug-ccd2cue@gnu.org'
PACKAGE_MAILING_LIST='ccd2cue@gnu.org'
PACKAGE_NAME='GNU ccd2cue'
PACKAGE_STRING='GNU ccd2cue 0.5'
PACKAGE_TARNAME='ccd2cue'
PACKAGE_URL='https://www.gnu.org/software/ccd2cue'
PACKAGE_VERSION='0.5'
PATH_SEPARATOR=':'
POSUB='po'
RELEASE_DATE=''
RSYNC='${SHELL} /home/carolhanna/Security_Project/gnu_dataset/ccd2cue-0.5/build-aux/missing rsync'
SED='/bin/sed'
SET_MAKE=''
SHELL='/bin/bash'
STRIP=''
TEXINFO_VERSION=''
USE_NLS='yes'
VCS='n'
VERSION='0.5'
XGETTEXT='/usr/bin/xgettext'
XGETTEXT_015='/usr/bin/xgettext'
XGETTEXT_EXTRA_OPTIONS=''
ac_ct_CC='gcc'
am__EXEEXT_FALSE=''
am__EXEEXT_TRUE='#'
am__fastdepCC_FALSE='#'
am__fastdepCC_TRUE=''
am__include='include'
am__isrc=''
am__leading_dot='.'
am__nodep='_no'
am__quote=''
am__tar='$${TAR-tar} chof - "$$tardir"'
am__untar='$${TAR-tar} xf -'
bindir='${exec_prefix}/bin'
build='x86_64-unknown-linux-gnu'
build_alias=''
build_cpu='x86_64'
build_os='linux-gnu'
build_vendor='unknown'
datadir='${datarootdir}'
datarootdir='${prefix}/share'
docdir='${datarootdir}/doc/${PACKAGE_TARNAME}'
dvidir='${docdir}'
exec_prefix='${prefix}'
host='x86_64-unknown-linux-gnu'
host_alias=''
host_cpu='x86_64'
host_os='linux-gnu'
host_vendor='unknown'
htmldir='${docdir}'
includedir='${prefix}/include'
infodir='${datarootdir}/info'
install_sh='${SHELL} /home/carolhanna/Security_Project/gnu_dataset/ccd2cue-0.5/build-aux/install-sh'
libdir='${exec_prefix}/lib'
libexecdir='${exec_prefix}/libexec'
localedir='${datarootdir}/locale'
localstatedir='${prefix}/var'
mandir='${datarootdir}/man'
mkdir_p='/bin/mkdir -p'
oldincludedir='/usr/include'
pdfdir='${docdir}'
prefix='/usr/local'
program_transform_name='s,x,x,'
psdir='${docdir}'
sbindir='${exec_prefix}/sbin'
sharedstatedir='${prefix}/com'
sysconfdir='${prefix}/etc'
target_alias=''

## ----------- ##
## confdefs.h. ##
## ----------- ##

/* confdefs.h */
#define PACKAGE_NAME "GNU ccd2cue"
#define PACKAGE_TARNAME "ccd2cue"
#define PACKAGE_VERSION "0.5"
#define PACKAGE_STRING "GNU ccd2cue 0.5"
#define PACKAGE_BUGREPORT "bug-ccd2cue@gnu.org"
#define PACKAGE_URL "https://www.gnu.org/software/ccd2cue"
#define PACKAGE_MAILING_LIST "ccd2cue@gnu.org"
#define PACKAGE_TRANSLATION_BUGREPORT "http://translationproject.org/team/"
#define PACKAGE_COPYRIGHT_HOLDER "Bruno Fe'lix Rezende Ribeiro"
#define PACKAGE "ccd2cue"
#define VERSION "0.5"
#define ENABLE_NLS 1
#define HAVE_GETTEXT 1
#define HAVE_DCGETTEXT 1

configure: exit 0
