This file contains any messages produced by compilers while
running configure, to aid debugging if configure makes a mistake.

It was created by GNU Direvent configure 5.2, which was
generated by GNU Autoconf 2.69.  Invocation command line was

  $ ./configure 

## --------- ##
## Platform. ##
## --------- ##

hostname = rishon
uname -m = x86_64
uname -r = 4.15.0-72-generic
uname -s = Linux
uname -v = #81-Ubuntu SMP Tue Nov 26 12:20:02 UTC 2019

/usr/bin/uname -p = unknown
/bin/uname -X     = unknown

/bin/arch              = unknown
/usr/bin/arch -k       = unknown
/usr/convex/getsysinfo = unknown
/usr/bin/hostinfo      = unknown
/bin/machine           = unknown
/usr/bin/oslevel       = unknown
/bin/universe          = unknown

PATH: /home/carolhanna/miniconda3/bin
PATH: /home/carolhanna/miniconda3/condabin
PATH: /usr/local/sbin
PATH: /usr/local/bin
PATH: /usr/sbin
PATH: /usr/bin
PATH: /sbin
PATH: /bin
PATH: /usr/games
PATH: /usr/local/games
PATH: /snap/bin


## ----------- ##
## Core tests. ##
## ----------- ##

configure:2309: checking for a BSD-compatible install
configure:2377: result: /usr/bin/install -c
configure:2388: checking whether build environment is sane
configure:2443: result: yes
configure:2594: checking for a thread-safe mkdir -p
configure:2633: result: /bin/mkdir -p
configure:2640: checking for gawk
configure:2656: found /usr/bin/gawk
configure:2667: result: gawk
configure:2678: checking whether make sets $(MAKE)
configure:2700: result: yes
configure:2729: checking whether make supports nested variables
configure:2746: result: yes
configure:2835: checking whether UID '1685657757' is supported by ustar format
configure:2841: result: no
configure:2845: checking whether GID '1685586433' is supported by ustar format
configure:2851: result: no
configure:2856: checking how to create a ustar tar archive
configure:2910: tardir=conftest.dir && eval false >conftest.tar
configure:2913: $? = 1
configure:2938: result: none
configure:3001: checking whether make supports nested variables
configure:3018: result: yes
configure:3035: checking for gawk
configure:3062: result: gawk
configure:3121: checking for gcc
configure:3137: found /usr/bin/gcc
configure:3148: result: gcc
configure:3377: checking for C compiler version
configure:3386: gcc --version >&5
gcc (Ubuntu 7.5.0-3ubuntu1~18.04) 7.5.0
Copyright (C) 2017 Free Software Foundation, Inc.
This is free software; see the source for copying conditions.  There is NO
warranty; not even for MERCHANTABILITY or FITNESS FOR A PARTICULAR PURPOSE.

configure:3397: $? = 0
configure:3386: gcc -v >&5
Using built-in specs.
COLLECT_GCC=gcc
COLLECT_LTO_WRAPPER=/usr/lib/gcc/x86_64-linux-gnu/7/lto-wrapper
OFFLOAD_TARGET_NAMES=nvptx-none
OFFLOAD_TARGET_DEFAULT=1
Target: x86_64-linux-gnu
Configured with: ../src/configure -v --with-pkgversion='Ubuntu 7.5.0-3ubuntu1~18.04' --with-bugurl=file:///usr/share/doc/gcc-7/README.Bugs --enable-languages=c,ada,c++,go,brig,d,fortran,objc,obj-c++ --prefix=/usr --with-gcc-major-version-only --program-suffix=-7 --program-prefix=x86_64-linux-gnu- --enable-shared --enable-linker-build-id --libexecdir=/usr/lib --without-included-gettext --enable-threads=posix --libdir=/usr/lib --enable-nls --enable-bootstrap --enable-clocale=gnu --enable-libstdcxx-debug --enable-libstdcxx-time=yes --with-default-libstdcxx-abi=new --enable-gnu-unique-object --disable-vtable-verify --enable-libmpx --enable-plugin --enable-default-pie --with-system-zlib --with-target-system-zlib --enable-objc-gc=auto --enable-multiarch --disable-werror --with-arch-32=i686 --with-abi=m64 --with-multilib-list=m32,m64,mx32 --enable-multilib --with-tune=generic --enable-offload-targets=nvptx-none --without-cuda-driver --enable-checking=release --build=x86_64-linux-gnu --host=x86_64-linux-gnu --target=x86_64-linux-gnu
Thread model: posix
gcc version 7.5.0 (Ubuntu 7.5.0-3ubuntu1~18.04) 
configure:3397: $? = 0
configure:3386: gcc -V >&5
gcc: error: unrecognized command line option '-V'
gcc: fatal error: no input files
compilation terminated.
configure:3397: $? = 1
configure:3386: gcc -qversion >&5
gcc: error: unrecognized command line option '-qversion'; did you mean '--version'?
gcc: fatal error: no input files
compilation terminated.
configure:3397: $? = 1
configure:3417: checking whether the C compiler works
configure:3439: gcc    conftest.c  >&5
configure:3443: $? = 0
configure:3491: result: yes
configure:3494: checking for C compiler default output file name
configure:3496: result: a.out
configure:3502: checking for suffix of executables
configure:3509: gcc -o conftest    conftest.c  >&5
configure:3513: $? = 0
configure:3535: result: 
configure:3557: checking whether we are cross compiling
configure:3565: gcc -o conftest    conftest.c  >&5
configure:3569: $? = 0
configure:3576: ./conftest
configure:3580: $? = 0
configure:3595: result: no
configure:3600: checking for suffix of object files
configure:3622: gcc -c   conftest.c >&5
configure:3626: $? = 0
configure:3647: result: o
configure:3651: checking whether we are using the GNU C compiler
configure:3670: gcc -c   conftest.c >&5
configure:3670: $? = 0
configure:3679: result: yes
configure:3688: checking whether gcc accepts -g
configure:3708: gcc -c -g  conftest.c >&5
configure:3708: $? = 0
configure:3749: result: yes
configure:3766: checking for gcc option to accept ISO C89
configure:3829: gcc  -c -g -O2  conftest.c >&5
configure:3829: $? = 0
configure:3842: result: none needed
configure:3867: checking whether gcc understands -c and -o together
configure:3889: gcc -c conftest.c -o conftest2.o
configure:3892: $? = 0
configure:3889: gcc -c conftest.c -o conftest2.o
configure:3892: $? = 0
configure:3904: result: yes
configure:3932: checking for style of include used by make
configure:3960: result: GNU
configure:3986: checking dependency style of gcc
configure:4097: result: gcc3
configure:4117: checking whether gcc accepts -Wno-parentheses
configure:4128: gcc -Wno-parentheses -o conftest -g -O2   conftest.c  >&5
configure:4128: $? = 0
configure:4128: ./conftest
configure:4128: $? = 0
configure:4138: result: yes
configure:4192: checking for ranlib
configure:4208: found /usr/bin/ranlib
configure:4219: result: ranlib
configure:4242: checking whether make sets $(MAKE)
configure:4264: result: yes
configure:4282: checking how to run the C preprocessor
configure:4313: gcc -E  conftest.c
configure:4313: $? = 0
configure:4327: gcc -E  conftest.c
conftest.c:11:10: fatal error: ac_nonexistent.h: No such file or directory
 #include <ac_nonexistent.h>
          ^~~~~~~~~~~~~~~~~~
compilation terminated.
configure:4327: $? = 1
configure: failed program was:
| /* confdefs.h */
| #define PACKAGE_NAME "GNU Direvent"
| #define PACKAGE_TARNAME "direvent"
| #define PACKAGE_VERSION "5.2"
| #define PACKAGE_STRING "GNU Direvent 5.2"
| #define PACKAGE_BUGREPORT "bug-direvent@gnu.org.ua"
| #define PACKAGE_URL "http://www.gnu.org.ua/software/direvent"
| #define PACKAGE "direvent"
| #define VERSION "5.2"
| /* end confdefs.h.  */
| #include <ac_nonexistent.h>
configure:4352: result: gcc -E
configure:4372: gcc -E  conftest.c
configure:4372: $? = 0
configure:4386: gcc -E  conftest.c
conftest.c:11:10: fatal error: ac_nonexistent.h: No such file or directory
 #include <ac_nonexistent.h>
          ^~~~~~~~~~~~~~~~~~
compilation terminated.
configure:4386: $? = 1
configure: failed program was:
| /* confdefs.h */
| #define PACKAGE_NAME "GNU Direvent"
| #define PACKAGE_TARNAME "direvent"
| #define PACKAGE_VERSION "5.2"
| #define PACKAGE_STRING "GNU Direvent 5.2"
| #define PACKAGE_BUGREPORT "bug-direvent@gnu.org.ua"
| #define PACKAGE_URL "http://www.gnu.org.ua/software/direvent"
| #define PACKAGE "direvent"
| #define VERSION "5.2"
| /* end confdefs.h.  */
| #include <ac_nonexistent.h>
configure:4415: checking for grep that handles long lines and -e
configure:4473: result: /bin/grep
configure:4478: checking for egrep
configure:4540: result: /bin/grep -E
configure:4545: checking for ANSI C header files
configure:4565: gcc -c -g -O2 -Wno-parentheses  conftest.c >&5
configure:4565: $? = 0
configure:4638: gcc -o conftest -g -O2 -Wno-parentheses   conftest.c  >&5
configure:4638: $? = 0
configure:4638: ./conftest
configure:4638: $? = 0
configure:4649: result: yes
configure:4662: checking for sys/types.h
configure:4662: gcc -c -g -O2 -Wno-parentheses  conftest.c >&5
configure:4662: $? = 0
configure:4662: result: yes
configure:4662: checking for sys/stat.h
configure:4662: gcc -c -g -O2 -Wno-parentheses  conftest.c >&5
configure:4662: $? = 0
configure:4662: result: yes
configure:4662: checking for stdlib.h
configure:4662: gcc -c -g -O2 -Wno-parentheses  conftest.c >&5
configure:4662: $? = 0
configure:4662: result: yes
configure:4662: checking for string.h
configure:4662: gcc -c -g -O2 -Wno-parentheses  conftest.c >&5
configure:4662: $? = 0
configure:4662: result: yes
configure:4662: checking for memory.h
configure:4662: gcc -c -g -O2 -Wno-parentheses  conftest.c >&5
configure:4662: $? = 0
configure:4662: result: yes
configure:4662: checking for strings.h
configure:4662: gcc -c -g -O2 -Wno-parentheses  conftest.c >&5
configure:4662: $? = 0
configure:4662: result: yes
configure:4662: checking for inttypes.h
configure:4662: gcc -c -g -O2 -Wno-parentheses  conftest.c >&5
configure:4662: $? = 0
configure:4662: result: yes
configure:4662: checking for stdint.h
configure:4662: gcc -c -g -O2 -Wno-parentheses  conftest.c >&5
configure:4662: $? = 0
configure:4662: result: yes
configure:4662: checking for unistd.h
configure:4662: gcc -c -g -O2 -Wno-parentheses  conftest.c >&5
configure:4662: $? = 0
configure:4662: result: yes
configure:4677: checking sys/inotify.h usability
configure:4677: gcc -c -g -O2 -Wno-parentheses  conftest.c >&5
configure:4677: $? = 0
configure:4677: result: yes
configure:4677: checking sys/inotify.h presence
configure:4677: gcc -E  conftest.c
configure:4677: $? = 0
configure:4677: result: yes
configure:4677: checking for sys/inotify.h
configure:4677: result: yes
configure:4677: checking sys/event.h usability
configure:4677: gcc -c -g -O2 -Wno-parentheses  conftest.c >&5
conftest.c:55:10: fatal error: sys/event.h: No such file or directory
 #include <sys/event.h>
          ^~~~~~~~~~~~~
compilation terminated.
configure:4677: $? = 1
configure: failed program was:
| /* confdefs.h */
| #define PACKAGE_NAME "GNU Direvent"
| #define PACKAGE_TARNAME "direvent"
| #define PACKAGE_VERSION "5.2"
| #define PACKAGE_STRING "GNU Direvent 5.2"
| #define PACKAGE_BUGREPORT "bug-direvent@gnu.org.ua"
| #define PACKAGE_URL "http://www.gnu.org.ua/software/direvent"
| #define PACKAGE "direvent"
| #define VERSION "5.2"
| #define STDC_HEADERS 1
| #define HAVE_SYS_TYPES_H 1
| #define HAVE_SYS_STAT_H 1
| #define HAVE_STDLIB_H 1
| #define HAVE_STRING_H 1
| #define HAVE_MEMORY_H 1
| #define HAVE_STRINGS_H 1
| #define HAVE_INTTYPES_H 1
| #define HAVE_STDINT_H 1
| #define HAVE_UNISTD_H 1
| #define HAVE_SYS_INOTIFY_H 1
| /* end confdefs.h.  */
| #include <stdio.h>
| #ifdef HAVE_SYS_TYPES_H
| # include <sys/types.h>
| #endif
| #ifdef HAVE_SYS_STAT_H
| # include <sys/stat.h>
| #endif
| #ifdef STDC_HEADERS
| # include <stdlib.h>
| # include <stddef.h>
| #else
| # ifdef HAVE_STDLIB_H
| #  include <stdlib.h>
| # endif
| #endif
| #ifdef HAVE_STRING_H
| # if !defined STDC_HEADERS && defined HAVE_MEMORY_H
| #  include <memory.h>
| # endif
| # include <string.h>
| #endif
| #ifdef HAVE_STRINGS_H
| # include <strings.h>
| #endif
| #ifdef HAVE_INTTYPES_H
| # include <inttypes.h>
| #endif
| #ifdef HAVE_STDINT_H
| # include <stdint.h>
| #endif
| #ifdef HAVE_UNISTD_H
| # include <unistd.h>
| #endif
| #include <sys/event.h>
configure:4677: result: no
configure:4677: checking sys/event.h presence
configure:4677: gcc -E  conftest.c
conftest.c:22:10: fatal error: sys/event.h: No such file or directory
 #include <sys/event.h>
          ^~~~~~~~~~~~~
compilation terminated.
configure:4677: $? = 1
configure: failed program was:
| /* confdefs.h */
| #define PACKAGE_NAME "GNU Direvent"
| #define PACKAGE_TARNAME "direvent"
| #define PACKAGE_VERSION "5.2"
| #define PACKAGE_STRING "GNU Direvent 5.2"
| #define PACKAGE_BUGREPORT "bug-direvent@gnu.org.ua"
| #define PACKAGE_URL "http://www.gnu.org.ua/software/direvent"
| #define PACKAGE "direvent"
| #define VERSION "5.2"
| #define STDC_HEADERS 1
| #define HAVE_SYS_TYPES_H 1
| #define HAVE_SYS_STAT_H 1
| #define HAVE_STDLIB_H 1
| #define HAVE_STRING_H 1
| #define HAVE_MEMORY_H 1
| #define HAVE_STRINGS_H 1
| #define HAVE_INTTYPES_H 1
| #define HAVE_STDINT_H 1
| #define HAVE_UNISTD_H 1
| #define HAVE_SYS_INOTIFY_H 1
| /* end confdefs.h.  */
| #include <sys/event.h>
configure:4677: result: no
configure:4677: checking for sys/event.h
configure:4677: result: no
configure:4694: checking for inotify_init
configure:4694: gcc -o conftest -g -O2 -Wno-parentheses   conftest.c  >&5
configure:4694: $? = 0
configure:4694: result: yes
configure:4694: checking for kqueue
configure:4694: gcc -o conftest -g -O2 -Wno-parentheses   conftest.c  >&5
/tmp/ccgqOwSi.o: In function `main':
/home/carolhanna/Security_Project/gnu_dataset/direvent-5.2/conftest.c:57: undefined reference to `kqueue'
collect2: error: ld returned 1 exit status
configure:4694: $? = 1
configure: failed program was:
| /* confdefs.h */
| #define PACKAGE_NAME "GNU Direvent"
| #define PACKAGE_TARNAME "direvent"
| #define PACKAGE_VERSION "5.2"
| #define PACKAGE_STRING "GNU Direvent 5.2"
| #define PACKAGE_BUGREPORT "bug-direvent@gnu.org.ua"
| #define PACKAGE_URL "http://www.gnu.org.ua/software/direvent"
| #define PACKAGE "direvent"
| #define VERSION "5.2"
| #define STDC_HEADERS 1
| #define HAVE_SYS_TYPES_H 1
| #define HAVE_SYS_STAT_H 1
| #define HAVE_STDLIB_H 1
| #define HAVE_STRING_H 1
| #define HAVE_MEMORY_H 1
| #define HAVE_STRINGS_H 1
| #define HAVE_INTTYPES_H 1
| #define HAVE_STDINT_H 1
| #define HAVE_UNISTD_H 1
| #define HAVE_SYS_INOTIFY_H 1
| #define HAVE_INOTIFY_INIT 1
| /* end confdefs.h.  */
| /* Define kqueue to an innocuous variant, in case <limits.h> declares kqueue.
|    For example, HP-UX 11i <limits.h> declares gettimeofday.  */
| #define kqueue innocuous_kqueue
| 
| /* System header to define __stub macros and hopefully few prototypes,
|     which can conflict with char kqueue (); below.
|     Prefer <limits.h> to <assert.h> if __STDC__ is defined, since
|     <limits.h> exists even on freestanding compilers.  */
| 
| #ifdef __STDC__
| # include <limits.h>
| #else
| # include <assert.h>
| #endif
| 
| #undef kqueue
| 
| /* Override any GCC internal prototype to avoid an error.
|    Use char because int might match the return type of a GCC
|    builtin and then its argument prototype would still apply.  */
| #ifdef __cplusplus
| extern "C"
| #endif
| char kqueue ();
| /* The GNU C library defines this for functions which it implements
|     to always fail with ENOSYS.  Some functions are actually named
|     something starting with __ and the normal name is an alias.  */
| #if defined __stub_kqueue || defined __stub___kqueue
| choke me
| #endif
| 
| int
| main ()
| {
| return kqueue ();
|   ;
|   return 0;
| }
configure:4694: result: no
configure:4694: checking for rfork
configure:4694: gcc -o conftest -g -O2 -Wno-parentheses   conftest.c  >&5
/tmp/cc52BnGC.o: In function `main':
/home/carolhanna/Security_Project/gnu_dataset/direvent-5.2/conftest.c:57: undefined reference to `rfork'
collect2: error: ld returned 1 exit status
configure:4694: $? = 1
configure: failed program was:
| /* confdefs.h */
| #define PACKAGE_NAME "GNU Direvent"
| #define PACKAGE_TARNAME "direvent"
| #define PACKAGE_VERSION "5.2"
| #define PACKAGE_STRING "GNU Direvent 5.2"
| #define PACKAGE_BUGREPORT "bug-direvent@gnu.org.ua"
| #define PACKAGE_URL "http://www.gnu.org.ua/software/direvent"
| #define PACKAGE "direvent"
| #define VERSION "5.2"
| #define STDC_HEADERS 1
| #define HAVE_SYS_TYPES_H 1
| #define HAVE_SYS_STAT_H 1
| #define HAVE_STDLIB_H 1
| #define HAVE_STRING_H 1
| #define HAVE_MEMORY_H 1
| #define HAVE_STRINGS_H 1
| #define HAVE_INTTYPES_H 1
| #define HAVE_STDINT_H 1
| #define HAVE_UNISTD_H 1
| #define HAVE_SYS_INOTIFY_H 1
| #define HAVE_INOTIFY_INIT 1
| /* end confdefs.h.  */
| /* Define rfork to an innocuous variant, in case <limits.h> declares rfork.
|    For example, HP-UX 11i <limits.h> declares gettimeofday.  */
| #define rfork innocuous_rfork
| 
| /* System header to define __stub macros and hopefully few prototypes,
|     which can conflict with char rfork (); below.
|     Prefer <limits.h> to <assert.h> if __STDC__ is defined, since
|     <limits.h> exists even on freestanding compilers.  */
| 
| #ifdef __STDC__
| # include <limits.h>
| #else
| # include <assert.h>
| #endif
| 
| #undef rfork
| 
| /* Override any GCC internal prototype to avoid an error.
|    Use char because int might match the return type of a GCC
|    builtin and then its argument prototype would still apply.  */
| #ifdef __cplusplus
| extern "C"
| #endif
| char rfork ();
| /* The GNU C library defines this for functions which it implements
|     to always fail with ENOSYS.  Some functions are actually named
|     something starting with __ and the normal name is an alias.  */
| #if defined __stub_rfork || defined __stub___rfork
| choke me
| #endif
| 
| int
| main ()
| {
| return rfork ();
|   ;
|   return 0;
| }
configure:4694: result: no
configure:4751: checking for flex
configure:4781: result: no
configure:4751: checking for lex
configure:4781: result: no
configure:4912: checking for bison
configure:4942: result: no
configure:4912: checking for byacc
configure:4942: result: no
configure:4955: checking for sys/wait.h that is POSIX.1 compatible
configure:4981: gcc -c -g -O2 -Wno-parentheses  conftest.c >&5
configure:4981: $? = 0
configure:4988: result: yes
configure:5095: checking getopt.h usability
configure:5095: gcc -c -g -O2 -Wno-parentheses  conftest.c >&5
configure:5095: $? = 0
configure:5095: result: yes
configure:5095: checking getopt.h presence
configure:5095: gcc -E  conftest.c
configure:5095: $? = 0
configure:5095: result: yes
configure:5095: checking for getopt.h
configure:5095: result: yes
configure:5108: checking for sysconf
configure:5108: gcc -o conftest -g -O2 -Wno-parentheses   conftest.c  >&5
configure:5108: $? = 0
configure:5108: result: yes
configure:5108: checking for getdtablesize
configure:5108: gcc -o conftest -g -O2 -Wno-parentheses   conftest.c  >&5
configure:5108: $? = 0
configure:5108: result: yes
configure:5108: checking for getopt_long
configure:5108: gcc -o conftest -g -O2 -Wno-parentheses   conftest.c  >&5
configure:5108: $? = 0
configure:5108: result: yes
configure:5248: checking build system type
configure:5262: result: x86_64-unknown-linux-gnu
configure:5282: checking host system type
configure:5295: result: x86_64-unknown-linux-gnu
configure:5355: checking for ld used by GCC
configure:5419: result: /usr/bin/ld
configure:5426: checking if the linker (/usr/bin/ld) is GNU ld
configure:5439: result: yes
configure:5446: checking for shared library run path origin
configure:5459: result: done
configure:6037: checking for iconv
configure:6059: gcc -o conftest -g -O2 -Wno-parentheses   conftest.c  >&5
configure:6059: $? = 0
configure:6091: result: yes
configure:6094: checking for working iconv
configure:6189: gcc -o conftest -g -O2 -Wno-parentheses   conftest.c  >&5
configure:6189: $? = 0
configure:6189: ./conftest
configure:6189: $? = 0
configure:6201: result: yes
configure:6229: checking for iconv declaration
configure:6258: gcc -c -g -O2 -Wno-parentheses  conftest.c >&5
configure:6258: $? = 0
configure:6269: result:
         extern size_t iconv (iconv_t cd, char * *inbuf, size_t *inbytesleft, char * *outbuf, size_t *outbytesleft);
configure:6287: checking whether NLS is requested
configure:6296: result: yes
configure:6337: checking for msgfmt
configure: trying /usr/bin/msgfmt...
0 translated messages.
configure:6369: result: /usr/bin/msgfmt
configure:6378: checking for gmsgfmt
configure:6409: result: /usr/bin/msgfmt
configure:6460: checking for xgettext
configure: trying /usr/bin/xgettext...
/usr/bin/xgettext: warning: file '/dev/null' extension '' is unknown; will try C
configure:6492: result: /usr/bin/xgettext
configure:6538: checking for msgmerge
configure: trying /usr/bin/msgmerge...
configure:6569: result: /usr/bin/msgmerge
configure:6610: checking for CFPreferencesCopyAppValue
configure:6628: gcc -o conftest -g -O2 -Wno-parentheses   conftest.c  -Wl,-framework -Wl,CoreFoundation >&5
conftest.c:31:10: fatal error: CoreFoundation/CFPreferences.h: No such file or directory
 #include <CoreFoundation/CFPreferences.h>
          ^~~~~~~~~~~~~~~~~~~~~~~~~~~~~~~~
compilation terminated.
configure:6628: $? = 1
configure: failed program was:
| /* confdefs.h */
| #define PACKAGE_NAME "GNU Direvent"
| #define PACKAGE_TARNAME "direvent"
| #define PACKAGE_VERSION "5.2"
| #define PACKAGE_STRING "GNU Direvent 5.2"
| #define PACKAGE_BUGREPORT "bug-direvent@gnu.org.ua"
| #define PACKAGE_URL "http://www.gnu.org.ua/software/direvent"
| #define PACKAGE "direvent"
| #define VERSION "5.2"
| #define STDC_HEADERS 1
| #define HAVE_SYS_TYPES_H 1
| #define HAVE_SYS_STAT_H 1
| #define HAVE_STDLIB_H 1
| #define HAVE_STRING_H 1
| #define HAVE_MEMORY_H 1
| #define HAVE_STRINGS_H 1
| #define HAVE_INTTYPES_H 1
| #define HAVE_STDINT_H 1
| #define HAVE_UNISTD_H 1
| #define HAVE_SYS_INOTIFY_H 1
| #define HAVE_INOTIFY_INIT 1
| #define USE_IFACE IFACE_INOTIFY
| #define HAVE_SYS_WAIT_H 1
| #define HAVE_GETOPT_H 1
| #define HAVE_SYSCONF 1
| #define HAVE_GETDTABLESIZE 1
| #define HAVE_GETOPT_LONG 1
| #define HAVE_ICONV 1
| #define ICONV_CONST 
| /* end confdefs.h.  */
| #include <CoreFoundation/CFPreferences.h>
| int
| main ()
| {
| CFPreferencesCopyAppValue(NULL, NULL)
|   ;
|   return 0;
| }
configure:6637: result: no
configure:6644: checking for CFLocaleCopyCurrent
configure:6662: gcc -o conftest -g -O2 -Wno-parentheses   conftest.c  -Wl,-framework -Wl,CoreFoundation >&5
conftest.c:31:10: fatal error: CoreFoundation/CFLocale.h: No such file or directory
 #include <CoreFoundation/CFLocale.h>
          ^~~~~~~~~~~~~~~~~~~~~~~~~~~
compilation terminated.
configure:6662: $? = 1
configure: failed program was:
| /* confdefs.h */
| #define PACKAGE_NAME "GNU Direvent"
| #define PACKAGE_TARNAME "direvent"
| #define PACKAGE_VERSION "5.2"
| #define PACKAGE_STRING "GNU Direvent 5.2"
| #define PACKAGE_BUGREPORT "bug-direvent@gnu.org.ua"
| #define PACKAGE_URL "http://www.gnu.org.ua/software/direvent"
| #define PACKAGE "direvent"
| #define VERSION "5.2"
| #define STDC_HEADERS 1
| #define HAVE_SYS_TYPES_H 1
| #define HAVE_SYS_STAT_H 1
| #define HAVE_STDLIB_H 1
| #define HAVE_STRING_H 1
| #define HAVE_MEMORY_H 1
| #define HAVE_STRINGS_H 1
| #define HAVE_INTTYPES_H 1
| #define HAVE_STDINT_H 1
| #define HAVE_UNISTD_H 1
| #define HAVE_SYS_INOTIFY_H 1
| #define HAVE_INOTIFY_INIT 1
| #define USE_IFACE IFACE_INOTIFY
| #define HAVE_SYS_WAIT_H 1
| #define HAVE_GETOPT_H 1
| #define HAVE_SYSCONF 1
| #define HAVE_GETDTABLESIZE 1
| #define HAVE_GETOPT_LONG 1
| #define HAVE_ICONV 1
| #define ICONV_CONST 
| /* end confdefs.h.  */
| #include <CoreFoundation/CFLocale.h>
| int
| main ()
| {
| CFLocaleCopyCurrent();
|   ;
|   return 0;
| }
configure:6671: result: no
configure:6720: checking for GNU gettext in libc
configure:6740: gcc -o conftest -g -O2 -Wno-parentheses   conftest.c  >&5
configure:6740: $? = 0
configure:6749: result: yes
configure:7540: checking whether to use NLS
configure:7542: result: yes
configure:7545: checking where the gettext function comes from
configure:7556: result: libc
configure:7748: checking that generated files are newer than configure
configure:7754: result: done
configure:7829: creating ./config.status

## ---------------------- ##
## Running config.status. ##
## ---------------------- ##

This file was extended by GNU Direvent config.status 5.2, which was
generated by GNU Autoconf 2.69.  Invocation command line was

  CONFIG_FILES    = 
  CONFIG_HEADERS  = 
  CONFIG_LINKS    = 
  CONFIG_COMMANDS = 
  $ ./config.status 

on rishon

config.status:975: creating grecs/tests/Makefile
config.status:975: creating grecs/tests/atlocal
config.status:975: creating grecs/src/Makefile
config.status:975: creating grecs/Makefile
config.status:975: creating grecs/include/Makefile
config.status:975: creating grecs/include/grecs/Makefile
config.status:975: creating grecs/include/grecs/types.h
config.status:975: creating tests/Makefile
config.status:975: creating tests/atlocal
config.status:975: creating po/Makefile.in
config.status:975: creating Makefile
config.status:975: creating src/Makefile
config.status:975: creating doc/Makefile
config.status:975: creating config.h
config.status:1204: executing depfiles commands
config.status:1204: executing grecs/tests/atconfig commands
config.status:1204: executing po-directories commands
config.status:1204: executing tests/atconfig commands
config.status:1204: executing status commands

## ---------------- ##
## Cache variables. ##
## ---------------- ##

ac_cv_build=x86_64-unknown-linux-gnu
ac_cv_c_compiler_gnu=yes
ac_cv_env_CC_set=
ac_cv_env_CC_value=
ac_cv_env_CFLAGS_set=
ac_cv_env_CFLAGS_value=
ac_cv_env_CPPFLAGS_set=
ac_cv_env_CPPFLAGS_value=
ac_cv_env_CPP_set=
ac_cv_env_CPP_value=
ac_cv_env_DEFAULT_PREPROCESSOR_set=
ac_cv_env_DEFAULT_PREPROCESSOR_value=
ac_cv_env_LDFLAGS_set=
ac_cv_env_LDFLAGS_value=
ac_cv_env_LIBS_set=
ac_cv_env_LIBS_value=
ac_cv_env_YACC_set=
ac_cv_env_YACC_value=
ac_cv_env_YFLAGS_set=
ac_cv_env_YFLAGS_value=
ac_cv_env_build_alias_set=
ac_cv_env_build_alias_value=
ac_cv_env_host_alias_set=
ac_cv_env_host_alias_value=
ac_cv_env_target_alias_set=
ac_cv_env_target_alias_value=
ac_cv_func_getdtablesize=yes
ac_cv_func_getopt_long=yes
ac_cv_func_inotify_init=yes
ac_cv_func_kqueue=no
ac_cv_func_rfork=no
ac_cv_func_sysconf=yes
ac_cv_header_getopt_h=yes
ac_cv_header_inttypes_h=yes
ac_cv_header_memory_h=yes
ac_cv_header_stdc=yes
ac_cv_header_stdint_h=yes
ac_cv_header_stdlib_h=yes
ac_cv_header_string_h=yes
ac_cv_header_strings_h=yes
ac_cv_header_sys_event_h=no
ac_cv_header_sys_inotify_h=yes
ac_cv_header_sys_stat_h=yes
ac_cv_header_sys_types_h=yes
ac_cv_header_sys_wait_h=yes
ac_cv_header_unistd_h=yes
ac_cv_host=x86_64-unknown-linux-gnu
ac_cv_objext=o
ac_cv_path_EGREP='/bin/grep -E'
ac_cv_path_GMSGFMT=/usr/bin/msgfmt
ac_cv_path_GREP=/bin/grep
ac_cv_path_MSGFMT=/usr/bin/msgfmt
ac_cv_path_MSGMERGE=/usr/bin/msgmerge
ac_cv_path_XGETTEXT=/usr/bin/xgettext
ac_cv_path_install='/usr/bin/install -c'
ac_cv_path_mkdir=/bin/mkdir
ac_cv_prog_AWK=gawk
ac_cv_prog_CPP='gcc -E'
ac_cv_prog_ac_ct_CC=gcc
ac_cv_prog_ac_ct_RANLIB=ranlib
ac_cv_prog_cc_c89=
ac_cv_prog_cc_g=yes
ac_cv_prog_make_make_set=yes
acl_cv_hardcode_direct=no
acl_cv_hardcode_libdir_flag_spec='${wl}-rpath ${wl}$libdir'
acl_cv_hardcode_libdir_separator=
acl_cv_hardcode_minus_L=no
acl_cv_libext=a
acl_cv_libname_spec='lib$name'
acl_cv_library_names_spec='$libname$shrext'
acl_cv_path_LD=/usr/bin/ld
acl_cv_prog_gnu_ld=yes
acl_cv_rpath=done
acl_cv_shlibext=so
acl_cv_wl=-Wl,
am_cv_CC_dependencies_compiler_type=gcc3
am_cv_func_iconv=yes
am_cv_func_iconv_works=yes
am_cv_lib_iconv=no
am_cv_make_support_nested_variables=yes
am_cv_prog_cc_c_o=yes
am_cv_prog_tar_ustar=none
am_cv_proto_iconv='extern size_t iconv (iconv_t cd, char * *inbuf, size_t *inbytesleft, char * *outbuf, size_t *outbytesleft);'
am_cv_proto_iconv_arg1=
devt_cv_cc__Wno_parentheses=yes
gt_cv_func_CFLocaleCopyCurrent=no
gt_cv_func_CFPreferencesCopyAppValue=no
gt_cv_func_gnugettext3_libc=yes

## ----------------- ##
## Output variables. ##
## ----------------- ##

ACLOCAL='${SHELL} /home/carolhanna/Security_Project/gnu_dataset/direvent-5.2/build-aux/missing aclocal-1.15'
AMDEPBACKSLASH='\'
AMDEP_FALSE='#'
AMDEP_TRUE=''
AMTAR='$${TAR-tar}'
AM_BACKSLASH='\'
AM_DEFAULT_V='$(AM_DEFAULT_VERBOSITY)'
AM_DEFAULT_VERBOSITY='0'
AM_V='$(V)'
AUTOCONF='${SHELL} /home/carolhanna/Security_Project/gnu_dataset/direvent-5.2/build-aux/missing autoconf'
AUTOHEADER='${SHELL} /home/carolhanna/Security_Project/gnu_dataset/direvent-5.2/build-aux/missing autoheader'
AUTOM4TE='${SHELL} /home/carolhanna/Security_Project/gnu_dataset/direvent-5.2/build-aux/missing autom4te'
AUTOMAKE='${SHELL} /home/carolhanna/Security_Project/gnu_dataset/direvent-5.2/build-aux/missing automake-1.15'
AWK='gawk'
CC='gcc'
CCDEPMODE='depmode=gcc3'
CFLAGS='-g -O2 -Wno-parentheses'
CPP='gcc -E'
CPPFLAGS=''
CYGPATH_W='echo'
DEFAULT_PREPROCESSOR='NULL'
DEFS='-DHAVE_CONFIG_H'
DEPDIR='.deps'
DIREVENT_INOTIFY_FALSE='#'
DIREVENT_INOTIFY_TRUE=''
DIREVENT_KQUEUE_FALSE=''
DIREVENT_KQUEUE_TRUE='#'
DIREVENT_RFORK_FALSE=''
DIREVENT_RFORK_TRUE='#'
ECHO_C=''
ECHO_N='-n'
ECHO_T=''
EGREP='/bin/grep -E'
EXEEXT=''
GETTEXT_MACRO_VERSION='0.18'
GMSGFMT='/usr/bin/msgfmt'
GMSGFMT_015='/usr/bin/msgfmt'
GRECS_BUILD_AUX='build-aux/getopt.m4 build-aux/git2chg.awk'
GRECS_CHANGELOG='#'
GRECS_COND_BIND_PARSER_FALSE=''
GRECS_COND_BIND_PARSER_TRUE='#'
GRECS_COND_BUILD_INSTALL_FALSE=''
GRECS_COND_BUILD_INSTALL_TRUE='#'
GRECS_COND_BUILD_SHARED_FALSE=''
GRECS_COND_BUILD_SHARED_TRUE='#'
GRECS_COND_BUILD_STATIC_FALSE='#'
GRECS_COND_BUILD_STATIC_TRUE=''
GRECS_COND_DHCPD_PARSER_FALSE=''
GRECS_COND_DHCPD_PARSER_TRUE='#'
GRECS_COND_GIT_PARSER_FALSE=''
GRECS_COND_GIT_PARSER_TRUE='#'
GRECS_COND_INSTALLHEADERS_FALSE=''
GRECS_COND_INSTALLHEADERS_TRUE='#'
GRECS_COND_JSON_FALSE=''
GRECS_COND_JSON_TRUE='#'
GRECS_COND_META1_PARSER_FALSE=''
GRECS_COND_META1_PARSER_TRUE='#'
GRECS_COND_SOCKADDR_LIST_FALSE=''
GRECS_COND_SOCKADDR_LIST_TRUE='#'
GRECS_DISTCK_AT=''
GRECS_DISTDOC=''
GRECS_DOCDIR=''
GRECS_EXTRA_DIST='$(WORDSPLIT_TEST)'
GRECS_HOST_PROJECT_INCLUDES='-I$(top_srcdir)/src'
GRECS_HOST_PROJECT_LDADD=''
GRECS_INCLUDES='-I$(top_srcdir)/grecs/include -I$(top_srcdir)/grecs/wordsplit -I$(top_builddir)/grecs/include'
GRECS_INCLUDE_DIR='$(pkgincludedir)'
GRECS_LDADD='$(top_builddir)/grecs/src/libgrecs.a'
GRECS_README='README.submodule'
GRECS_SOCKADDR_LIST='0'
GRECS_SRCDIR='grecs'
GRECS_SUBDIR='grecs'
GRECS_TESTDIR='tests'
GRECS_TREE_API='1'
GREP='/bin/grep'
IFACE='inotify'
INCLUDE_PATH_ARGS='"$(pkgdatadir)/$(VERSION)","$(pkgdatadir)/include"'
INSTALL_DATA='${INSTALL} -m 644'
INSTALL_PROGRAM='${INSTALL}'
INSTALL_SCRIPT='${INSTALL}'
INSTALL_STRIP_PROGRAM='$(install_sh) -c -s'
INTLLIBS=''
INTL_MACOSX_LIBS=''
LDFLAGS=''
LEX='${SHELL} /home/carolhanna/Security_Project/gnu_dataset/direvent-5.2/build-aux/missing flex'
LEXLIB=''
LEX_OUTPUT_ROOT=''
LIBICONV=''
LIBINTL=''
LIBOBJS=''
LIBS=''
LTLIBICONV=''
LTLIBINTL=''
LTLIBOBJS=''
MAKEINFO='${SHELL} /home/carolhanna/Security_Project/gnu_dataset/direvent-5.2/build-aux/missing makeinfo'
MKDIR_P='/bin/mkdir -p'
MSGFMT='/usr/bin/msgfmt'
MSGFMT_015='/usr/bin/msgfmt'
MSGMERGE='/usr/bin/msgmerge'
OBJEXT='o'
PACKAGE='direvent'
PACKAGE_BUGREPORT='bug-direvent@gnu.org.ua'
PACKAGE_NAME='GNU Direvent'
PACKAGE_STRING='GNU Direvent 5.2'
PACKAGE_TARNAME='direvent'
PACKAGE_URL='http://www.gnu.org.ua/software/direvent'
PACKAGE_VERSION='5.2'
PATH_SEPARATOR=':'
POSUB='po'
PPBIN=''
PP_SETUP_FILE=''
RANLIB='ranlib'
SET_MAKE=''
SHELL='/bin/bash'
STRIP=''
USE_NLS='yes'
VERSION='5.2'
XGETTEXT='/usr/bin/xgettext'
XGETTEXT_015='/usr/bin/xgettext'
XGETTEXT_EXTRA_OPTIONS=''
YACC='yacc'
YFLAGS=''
ac_ct_CC='gcc'
am__EXEEXT_FALSE=''
am__EXEEXT_TRUE='#'
am__fastdepCC_FALSE='#'
am__fastdepCC_TRUE=''
am__include='include'
am__isrc=''
am__leading_dot='.'
am__nodep='_no'
am__quote=''
am__tar='false'
am__untar='false'
bindir='${exec_prefix}/bin'
build='x86_64-unknown-linux-gnu'
build_alias=''
build_cpu='x86_64'
build_os='linux-gnu'
build_vendor='unknown'
datadir='${datarootdir}'
datarootdir='${prefix}/share'
docdir='${datarootdir}/doc/${PACKAGE_TARNAME}'
dvidir='${docdir}'
exec_prefix='${prefix}'
host='x86_64-unknown-linux-gnu'
host_alias=''
host_cpu='x86_64'
host_os='linux-gnu'
host_vendor='unknown'
htmldir='${docdir}'
includedir='${prefix}/include'
infodir='${datarootdir}/info'
install_sh='${SHELL} /home/carolhanna/Security_Project/gnu_dataset/direvent-5.2/build-aux/install-sh'
libdir='${exec_prefix}/lib'
libexecdir='${exec_prefix}/libexec'
localedir='${datarootdir}/locale'
localstatedir='${prefix}/var'
mandir='${datarootdir}/man'
mkdir_p='/bin/mkdir -p'
oldincludedir='/usr/include'
pdfdir='${docdir}'
prefix='/usr/local'
program_transform_name='s,x,x,'
psdir='${docdir}'
sbindir='${exec_prefix}/sbin'
sharedstatedir='${prefix}/com'
sysconfdir='${prefix}/etc'
target_alias=''

## ----------- ##
## confdefs.h. ##
## ----------- ##

/* confdefs.h */
#define PACKAGE_NAME "GNU Direvent"
#define PACKAGE_TARNAME "direvent"
#define PACKAGE_VERSION "5.2"
#define PACKAGE_STRING "GNU Direvent 5.2"
#define PACKAGE_BUGREPORT "bug-direvent@gnu.org.ua"
#define PACKAGE_URL "http://www.gnu.org.ua/software/direvent"
#define PACKAGE "direvent"
#define VERSION "5.2"
#define STDC_HEADERS 1
#define HAVE_SYS_TYPES_H 1
#define HAVE_SYS_STAT_H 1
#define HAVE_STDLIB_H 1
#define HAVE_STRING_H 1
#define HAVE_MEMORY_H 1
#define HAVE_STRINGS_H 1
#define HAVE_INTTYPES_H 1
#define HAVE_STDINT_H 1
#define HAVE_UNISTD_H 1
#define HAVE_SYS_INOTIFY_H 1
#define HAVE_INOTIFY_INIT 1
#define USE_IFACE IFACE_INOTIFY
#define HAVE_SYS_WAIT_H 1
#define HAVE_GETOPT_H 1
#define HAVE_SYSCONF 1
#define HAVE_GETDTABLESIZE 1
#define HAVE_GETOPT_LONG 1
#define HAVE_ICONV 1
#define ICONV_CONST 
#define ENABLE_NLS 1
#define HAVE_GETTEXT 1
#define HAVE_DCGETTEXT 1

configure: exit 0
