This file contains any messages produced by compilers while
running configure, to aid debugging if configure makes a mistake.

It was created by GNUbik configure 2.4, which was
generated by GNU Autoconf 2.67.  Invocation command line was

  $ ./configure 

## --------- ##
## Platform. ##
## --------- ##

hostname = rishon
uname -m = x86_64
uname -r = 4.15.0-72-generic
uname -s = Linux
uname -v = #81-Ubuntu SMP Tue Nov 26 12:20:02 UTC 2019

/usr/bin/uname -p = unknown
/bin/uname -X     = unknown

/bin/arch              = unknown
/usr/bin/arch -k       = unknown
/usr/convex/getsysinfo = unknown
/usr/bin/hostinfo      = unknown
/bin/machine           = unknown
/usr/bin/oslevel       = unknown
/bin/universe          = unknown

PATH: /home/carolhanna/miniconda3/bin
PATH: /home/carolhanna/miniconda3/condabin
PATH: /usr/local/sbin
PATH: /usr/local/bin
PATH: /usr/sbin
PATH: /usr/bin
PATH: /sbin
PATH: /bin
PATH: /usr/games
PATH: /usr/local/games
PATH: /snap/bin


## ----------- ##
## Core tests. ##
## ----------- ##

configure:2325: checking for a BSD-compatible install
configure:2393: result: /usr/bin/install -c
configure:2404: checking whether build environment is sane
configure:2454: result: yes
configure:2595: checking for a thread-safe mkdir -p
configure:2634: result: /bin/mkdir -p
configure:2647: checking for gawk
configure:2663: found /usr/bin/gawk
configure:2674: result: gawk
configure:2685: checking whether make sets $(MAKE)
configure:2707: result: yes
configure:2800: checking for style of include used by make
configure:2828: result: GNU
configure:2898: checking for gcc
configure:2914: found /usr/bin/gcc
configure:2925: result: gcc
configure:3154: checking for C compiler version
configure:3163: gcc --version >&5
gcc (Ubuntu 7.5.0-3ubuntu1~18.04) 7.5.0
Copyright (C) 2017 Free Software Foundation, Inc.
This is free software; see the source for copying conditions.  There is NO
warranty; not even for MERCHANTABILITY or FITNESS FOR A PARTICULAR PURPOSE.

configure:3174: $? = 0
configure:3163: gcc -v >&5
Using built-in specs.
COLLECT_GCC=gcc
COLLECT_LTO_WRAPPER=/usr/lib/gcc/x86_64-linux-gnu/7/lto-wrapper
OFFLOAD_TARGET_NAMES=nvptx-none
OFFLOAD_TARGET_DEFAULT=1
Target: x86_64-linux-gnu
Configured with: ../src/configure -v --with-pkgversion='Ubuntu 7.5.0-3ubuntu1~18.04' --with-bugurl=file:///usr/share/doc/gcc-7/README.Bugs --enable-languages=c,ada,c++,go,brig,d,fortran,objc,obj-c++ --prefix=/usr --with-gcc-major-version-only --program-suffix=-7 --program-prefix=x86_64-linux-gnu- --enable-shared --enable-linker-build-id --libexecdir=/usr/lib --without-included-gettext --enable-threads=posix --libdir=/usr/lib --enable-nls --enable-bootstrap --enable-clocale=gnu --enable-libstdcxx-debug --enable-libstdcxx-time=yes --with-default-libstdcxx-abi=new --enable-gnu-unique-object --disable-vtable-verify --enable-libmpx --enable-plugin --enable-default-pie --with-system-zlib --with-target-system-zlib --enable-objc-gc=auto --enable-multiarch --disable-werror --with-arch-32=i686 --with-abi=m64 --with-multilib-list=m32,m64,mx32 --enable-multilib --with-tune=generic --enable-offload-targets=nvptx-none --without-cuda-driver --enable-checking=release --build=x86_64-linux-gnu --host=x86_64-linux-gnu --target=x86_64-linux-gnu
Thread model: posix
gcc version 7.5.0 (Ubuntu 7.5.0-3ubuntu1~18.04) 
configure:3174: $? = 0
configure:3163: gcc -V >&5
gcc: error: unrecognized command line option '-V'
gcc: fatal error: no input files
compilation terminated.
configure:3174: $? = 1
configure:3163: gcc -qversion >&5
gcc: error: unrecognized command line option '-qversion'; did you mean '--version'?
gcc: fatal error: no input files
compilation terminated.
configure:3174: $? = 1
configure:3194: checking whether the C compiler works
configure:3216: gcc    conftest.c  >&5
configure:3220: $? = 0
configure:3268: result: yes
configure:3271: checking for C compiler default output file name
configure:3273: result: a.out
configure:3279: checking for suffix of executables
configure:3286: gcc -o conftest    conftest.c  >&5
configure:3290: $? = 0
configure:3312: result: 
configure:3334: checking whether we are cross compiling
configure:3342: gcc -o conftest    conftest.c  >&5
configure:3346: $? = 0
configure:3353: ./conftest
configure:3357: $? = 0
configure:3372: result: no
configure:3377: checking for suffix of object files
configure:3399: gcc -c   conftest.c >&5
configure:3403: $? = 0
configure:3424: result: o
configure:3428: checking whether we are using the GNU C compiler
configure:3447: gcc -c   conftest.c >&5
configure:3447: $? = 0
configure:3456: result: yes
configure:3465: checking whether gcc accepts -g
configure:3485: gcc -c -g  conftest.c >&5
configure:3485: $? = 0
configure:3526: result: yes
configure:3543: checking for gcc option to accept ISO C89
configure:3607: gcc  -c -g -O2  conftest.c >&5
configure:3607: $? = 0
configure:3620: result: none needed
configure:3642: checking dependency style of gcc
configure:3752: result: gcc3
configure:3773: checking how to run the C preprocessor
configure:3804: gcc -E  conftest.c
configure:3804: $? = 0
configure:3818: gcc -E  conftest.c
conftest.c:11:10: fatal error: ac_nonexistent.h: No such file or directory
 #include <ac_nonexistent.h>
          ^~~~~~~~~~~~~~~~~~
compilation terminated.
configure:3818: $? = 1
configure: failed program was:
| /* confdefs.h */
| #define PACKAGE_NAME "GNUbik"
| #define PACKAGE_TARNAME "gnubik"
| #define PACKAGE_VERSION "2.4"
| #define PACKAGE_STRING "GNUbik 2.4"
| #define PACKAGE_BUGREPORT "bug-gnubik@gnu.org"
| #define PACKAGE_URL "http://www.gnu.org/software/gnubik"
| #define PACKAGE "gnubik"
| #define VERSION "2.4"
| /* end confdefs.h.  */
| #include <ac_nonexistent.h>
configure:3843: result: gcc -E
configure:3863: gcc -E  conftest.c
configure:3863: $? = 0
configure:3877: gcc -E  conftest.c
conftest.c:11:10: fatal error: ac_nonexistent.h: No such file or directory
 #include <ac_nonexistent.h>
          ^~~~~~~~~~~~~~~~~~
compilation terminated.
configure:3877: $? = 1
configure: failed program was:
| /* confdefs.h */
| #define PACKAGE_NAME "GNUbik"
| #define PACKAGE_TARNAME "gnubik"
| #define PACKAGE_VERSION "2.4"
| #define PACKAGE_STRING "GNUbik 2.4"
| #define PACKAGE_BUGREPORT "bug-gnubik@gnu.org"
| #define PACKAGE_URL "http://www.gnu.org/software/gnubik"
| #define PACKAGE "gnubik"
| #define VERSION "2.4"
| /* end confdefs.h.  */
| #include <ac_nonexistent.h>
configure:3906: checking for grep that handles long lines and -e
configure:3964: result: /bin/grep
configure:3969: checking for egrep
configure:4031: result: /bin/grep -E
configure:4036: checking for ANSI C header files
configure:4056: gcc -c -g -O2  conftest.c >&5
configure:4056: $? = 0
configure:4129: gcc -o conftest -g -O2   conftest.c  >&5
configure:4129: $? = 0
configure:4129: ./conftest
configure:4129: $? = 0
configure:4140: result: yes
configure:4153: checking for sys/types.h
configure:4153: gcc -c -g -O2  conftest.c >&5
configure:4153: $? = 0
configure:4153: result: yes
configure:4153: checking for sys/stat.h
configure:4153: gcc -c -g -O2  conftest.c >&5
configure:4153: $? = 0
configure:4153: result: yes
configure:4153: checking for stdlib.h
configure:4153: gcc -c -g -O2  conftest.c >&5
configure:4153: $? = 0
configure:4153: result: yes
configure:4153: checking for string.h
configure:4153: gcc -c -g -O2  conftest.c >&5
configure:4153: $? = 0
configure:4153: result: yes
configure:4153: checking for memory.h
configure:4153: gcc -c -g -O2  conftest.c >&5
configure:4153: $? = 0
configure:4153: result: yes
configure:4153: checking for strings.h
configure:4153: gcc -c -g -O2  conftest.c >&5
configure:4153: $? = 0
configure:4153: result: yes
configure:4153: checking for inttypes.h
configure:4153: gcc -c -g -O2  conftest.c >&5
configure:4153: $? = 0
configure:4153: result: yes
configure:4153: checking for stdint.h
configure:4153: gcc -c -g -O2  conftest.c >&5
configure:4153: $? = 0
configure:4153: result: yes
configure:4153: checking for unistd.h
configure:4153: gcc -c -g -O2  conftest.c >&5
configure:4153: $? = 0
configure:4153: result: yes
configure:4166: checking minix/config.h usability
configure:4166: gcc -c -g -O2  conftest.c >&5
conftest.c:54:10: fatal error: minix/config.h: No such file or directory
 #include <minix/config.h>
          ^~~~~~~~~~~~~~~~
compilation terminated.
configure:4166: $? = 1
configure: failed program was:
| /* confdefs.h */
| #define PACKAGE_NAME "GNUbik"
| #define PACKAGE_TARNAME "gnubik"
| #define PACKAGE_VERSION "2.4"
| #define PACKAGE_STRING "GNUbik 2.4"
| #define PACKAGE_BUGREPORT "bug-gnubik@gnu.org"
| #define PACKAGE_URL "http://www.gnu.org/software/gnubik"
| #define PACKAGE "gnubik"
| #define VERSION "2.4"
| #define STDC_HEADERS 1
| #define HAVE_SYS_TYPES_H 1
| #define HAVE_SYS_STAT_H 1
| #define HAVE_STDLIB_H 1
| #define HAVE_STRING_H 1
| #define HAVE_MEMORY_H 1
| #define HAVE_STRINGS_H 1
| #define HAVE_INTTYPES_H 1
| #define HAVE_STDINT_H 1
| #define HAVE_UNISTD_H 1
| /* end confdefs.h.  */
| #include <stdio.h>
| #ifdef HAVE_SYS_TYPES_H
| # include <sys/types.h>
| #endif
| #ifdef HAVE_SYS_STAT_H
| # include <sys/stat.h>
| #endif
| #ifdef STDC_HEADERS
| # include <stdlib.h>
| # include <stddef.h>
| #else
| # ifdef HAVE_STDLIB_H
| #  include <stdlib.h>
| # endif
| #endif
| #ifdef HAVE_STRING_H
| # if !defined STDC_HEADERS && defined HAVE_MEMORY_H
| #  include <memory.h>
| # endif
| # include <string.h>
| #endif
| #ifdef HAVE_STRINGS_H
| # include <strings.h>
| #endif
| #ifdef HAVE_INTTYPES_H
| # include <inttypes.h>
| #endif
| #ifdef HAVE_STDINT_H
| # include <stdint.h>
| #endif
| #ifdef HAVE_UNISTD_H
| # include <unistd.h>
| #endif
| #include <minix/config.h>
configure:4166: result: no
configure:4166: checking minix/config.h presence
configure:4166: gcc -E  conftest.c
conftest.c:21:10: fatal error: minix/config.h: No such file or directory
 #include <minix/config.h>
          ^~~~~~~~~~~~~~~~
compilation terminated.
configure:4166: $? = 1
configure: failed program was:
| /* confdefs.h */
| #define PACKAGE_NAME "GNUbik"
| #define PACKAGE_TARNAME "gnubik"
| #define PACKAGE_VERSION "2.4"
| #define PACKAGE_STRING "GNUbik 2.4"
| #define PACKAGE_BUGREPORT "bug-gnubik@gnu.org"
| #define PACKAGE_URL "http://www.gnu.org/software/gnubik"
| #define PACKAGE "gnubik"
| #define VERSION "2.4"
| #define STDC_HEADERS 1
| #define HAVE_SYS_TYPES_H 1
| #define HAVE_SYS_STAT_H 1
| #define HAVE_STDLIB_H 1
| #define HAVE_STRING_H 1
| #define HAVE_MEMORY_H 1
| #define HAVE_STRINGS_H 1
| #define HAVE_INTTYPES_H 1
| #define HAVE_STDINT_H 1
| #define HAVE_UNISTD_H 1
| /* end confdefs.h.  */
| #include <minix/config.h>
configure:4166: result: no
configure:4166: checking for minix/config.h
configure:4166: result: no
configure:4187: checking whether it is safe to define __EXTENSIONS__
configure:4205: gcc -c -g -O2  conftest.c >&5
configure:4205: $? = 0
configure:4212: result: yes
configure:4275: checking for gcc
configure:4302: result: gcc
configure:4531: checking for C compiler version
configure:4540: gcc --version >&5
gcc (Ubuntu 7.5.0-3ubuntu1~18.04) 7.5.0
Copyright (C) 2017 Free Software Foundation, Inc.
This is free software; see the source for copying conditions.  There is NO
warranty; not even for MERCHANTABILITY or FITNESS FOR A PARTICULAR PURPOSE.

configure:4551: $? = 0
configure:4540: gcc -v >&5
Using built-in specs.
COLLECT_GCC=gcc
COLLECT_LTO_WRAPPER=/usr/lib/gcc/x86_64-linux-gnu/7/lto-wrapper
OFFLOAD_TARGET_NAMES=nvptx-none
OFFLOAD_TARGET_DEFAULT=1
Target: x86_64-linux-gnu
Configured with: ../src/configure -v --with-pkgversion='Ubuntu 7.5.0-3ubuntu1~18.04' --with-bugurl=file:///usr/share/doc/gcc-7/README.Bugs --enable-languages=c,ada,c++,go,brig,d,fortran,objc,obj-c++ --prefix=/usr --with-gcc-major-version-only --program-suffix=-7 --program-prefix=x86_64-linux-gnu- --enable-shared --enable-linker-build-id --libexecdir=/usr/lib --without-included-gettext --enable-threads=posix --libdir=/usr/lib --enable-nls --enable-bootstrap --enable-clocale=gnu --enable-libstdcxx-debug --enable-libstdcxx-time=yes --with-default-libstdcxx-abi=new --enable-gnu-unique-object --disable-vtable-verify --enable-libmpx --enable-plugin --enable-default-pie --with-system-zlib --with-target-system-zlib --enable-objc-gc=auto --enable-multiarch --disable-werror --with-arch-32=i686 --with-abi=m64 --with-multilib-list=m32,m64,mx32 --enable-multilib --with-tune=generic --enable-offload-targets=nvptx-none --without-cuda-driver --enable-checking=release --build=x86_64-linux-gnu --host=x86_64-linux-gnu --target=x86_64-linux-gnu
Thread model: posix
gcc version 7.5.0 (Ubuntu 7.5.0-3ubuntu1~18.04) 
configure:4551: $? = 0
configure:4540: gcc -V >&5
gcc: error: unrecognized command line option '-V'
gcc: fatal error: no input files
compilation terminated.
configure:4551: $? = 1
configure:4540: gcc -qversion >&5
gcc: error: unrecognized command line option '-qversion'; did you mean '--version'?
gcc: fatal error: no input files
compilation terminated.
configure:4551: $? = 1
configure:4555: checking whether we are using the GNU C compiler
configure:4583: result: yes
configure:4592: checking whether gcc accepts -g
configure:4653: result: yes
configure:4670: checking for gcc option to accept ISO C89
configure:4747: result: none needed
configure:4769: checking dependency style of gcc
configure:4879: result: gcc3
configure:4895: checking whether gcc and cc understand -c and -o together
configure:4926: gcc -c conftest.c -o conftest2.o >&5
configure:4930: $? = 0
configure:4936: gcc -c conftest.c -o conftest2.o >&5
configure:4940: $? = 0
configure:4951: cc -c conftest.c >&5
configure:4955: $? = 0
configure:4963: cc -c conftest.c -o conftest2.o >&5
configure:4967: $? = 0
configure:4973: cc -c conftest.c -o conftest2.o >&5
configure:4977: $? = 0
configure:4995: result: yes
configure:5021: checking for an ANSI C-conforming const
configure:5086: gcc -c -g -O2  conftest.c >&5
configure:5086: $? = 0
configure:5093: result: yes
configure:5155: checking for pkg-config
configure:5173: found /usr/bin/pkg-config
configure:5185: result: /usr/bin/pkg-config
configure:5210: checking pkg-config is at least version 0.9.0
configure:5213: result: yes
configure:5233: checking whether NLS is requested
configure:5242: result: yes
configure:5283: checking for msgfmt
configure: trying /usr/bin/msgfmt...
0 translated messages.
configure:5315: result: /usr/bin/msgfmt
configure:5324: checking for gmsgfmt
configure:5355: result: /usr/bin/msgfmt
configure:5406: checking for xgettext
configure: trying /usr/bin/xgettext...
/usr/bin/xgettext: warning: file '/dev/null' extension '' is unknown; will try C
configure:5438: result: /usr/bin/xgettext
configure:5484: checking for msgmerge
configure: trying /usr/bin/msgmerge...
configure:5515: result: /usr/bin/msgmerge
configure:5552: checking build system type
configure:5566: result: x86_64-unknown-linux-gnu
configure:5586: checking host system type
configure:5599: result: x86_64-unknown-linux-gnu
configure:5643: checking for ld used by GCC
configure:5707: result: /usr/bin/ld
configure:5714: checking if the linker (/usr/bin/ld) is GNU ld
configure:5727: result: yes
configure:5734: checking for shared library run path origin
configure:5747: result: done
configure:6319: checking for CFPreferencesCopyAppValue
configure:6337: gcc -o conftest -g -O2   conftest.c  -Wl,-framework -Wl,CoreFoundation >&5
conftest.c:26:10: fatal error: CoreFoundation/CFPreferences.h: No such file or directory
 #include <CoreFoundation/CFPreferences.h>
          ^~~~~~~~~~~~~~~~~~~~~~~~~~~~~~~~
compilation terminated.
configure:6337: $? = 1
configure: failed program was:
| /* confdefs.h */
| #define PACKAGE_NAME "GNUbik"
| #define PACKAGE_TARNAME "gnubik"
| #define PACKAGE_VERSION "2.4"
| #define PACKAGE_STRING "GNUbik 2.4"
| #define PACKAGE_BUGREPORT "bug-gnubik@gnu.org"
| #define PACKAGE_URL "http://www.gnu.org/software/gnubik"
| #define PACKAGE "gnubik"
| #define VERSION "2.4"
| #define STDC_HEADERS 1
| #define HAVE_SYS_TYPES_H 1
| #define HAVE_SYS_STAT_H 1
| #define HAVE_STDLIB_H 1
| #define HAVE_STRING_H 1
| #define HAVE_MEMORY_H 1
| #define HAVE_STRINGS_H 1
| #define HAVE_INTTYPES_H 1
| #define HAVE_STDINT_H 1
| #define HAVE_UNISTD_H 1
| #define __EXTENSIONS__ 1
| #define _ALL_SOURCE 1
| #define _GNU_SOURCE 1
| #define _POSIX_PTHREAD_SEMANTICS 1
| #define _TANDEM_SOURCE 1
| /* end confdefs.h.  */
| #include <CoreFoundation/CFPreferences.h>
| int
| main ()
| {
| CFPreferencesCopyAppValue(NULL, NULL)
|   ;
|   return 0;
| }
configure:6346: result: no
configure:6353: checking for CFLocaleCopyCurrent
configure:6371: gcc -o conftest -g -O2   conftest.c  -Wl,-framework -Wl,CoreFoundation >&5
conftest.c:26:10: fatal error: CoreFoundation/CFLocale.h: No such file or directory
 #include <CoreFoundation/CFLocale.h>
          ^~~~~~~~~~~~~~~~~~~~~~~~~~~
compilation terminated.
configure:6371: $? = 1
configure: failed program was:
| /* confdefs.h */
| #define PACKAGE_NAME "GNUbik"
| #define PACKAGE_TARNAME "gnubik"
| #define PACKAGE_VERSION "2.4"
| #define PACKAGE_STRING "GNUbik 2.4"
| #define PACKAGE_BUGREPORT "bug-gnubik@gnu.org"
| #define PACKAGE_URL "http://www.gnu.org/software/gnubik"
| #define PACKAGE "gnubik"
| #define VERSION "2.4"
| #define STDC_HEADERS 1
| #define HAVE_SYS_TYPES_H 1
| #define HAVE_SYS_STAT_H 1
| #define HAVE_STDLIB_H 1
| #define HAVE_STRING_H 1
| #define HAVE_MEMORY_H 1
| #define HAVE_STRINGS_H 1
| #define HAVE_INTTYPES_H 1
| #define HAVE_STDINT_H 1
| #define HAVE_UNISTD_H 1
| #define __EXTENSIONS__ 1
| #define _ALL_SOURCE 1
| #define _GNU_SOURCE 1
| #define _POSIX_PTHREAD_SEMANTICS 1
| #define _TANDEM_SOURCE 1
| /* end confdefs.h.  */
| #include <CoreFoundation/CFLocale.h>
| int
| main ()
| {
| CFLocaleCopyCurrent();
|   ;
|   return 0;
| }
configure:6380: result: no
configure:6429: checking for GNU gettext in libc
configure:6449: gcc -o conftest -g -O2   conftest.c  >&5
configure:6449: $? = 0
configure:6458: result: yes
configure:7249: checking whether to use NLS
configure:7251: result: yes
configure:7254: checking where the gettext function comes from
configure:7265: result: libc
configure:7343: checking for X
configure:7451: gcc -E  conftest.c
configure:7451: $? = 0
configure:7482: gcc -o conftest -g -O2   conftest.c -lX11  >&5
configure:7482: $? = 0
configure:7532: result: libraries , headers 
configure:7631: gcc -o conftest -g -O2   conftest.c   -lX11 >&5
configure:7631: $? = 0
configure:7729: checking for gethostbyname
configure:7729: gcc -o conftest -g -O2   conftest.c  >&5
configure:7729: $? = 0
configure:7729: result: yes
configure:7826: checking for connect
configure:7826: gcc -o conftest -g -O2   conftest.c  >&5
configure:7826: $? = 0
configure:7826: result: yes
configure:7875: checking for remove
configure:7875: gcc -o conftest -g -O2   conftest.c  >&5
configure:7875: $? = 0
configure:7875: result: yes
configure:7924: checking for shmat
configure:7924: gcc -o conftest -g -O2   conftest.c  >&5
configure:7924: $? = 0
configure:7924: result: yes
configure:7982: checking for IceConnectionNumber in -lICE
configure:8007: gcc -o conftest -g -O2   conftest.c -lICE   >&5
configure:8007: $? = 0
configure:8016: result: yes
configure:8196: checking for the pthreads library -lpthreads
configure:8234: gcc -o conftest -g -O2    conftest.c -lpthreads  >&5
/usr/bin/ld: cannot find -lpthreads
collect2: error: ld returned 1 exit status
configure:8234: $? = 1
configure: failed program was:
| /* confdefs.h */
| #define PACKAGE_NAME "GNUbik"
| #define PACKAGE_TARNAME "gnubik"
| #define PACKAGE_VERSION "2.4"
| #define PACKAGE_STRING "GNUbik 2.4"
| #define PACKAGE_BUGREPORT "bug-gnubik@gnu.org"
| #define PACKAGE_URL "http://www.gnu.org/software/gnubik"
| #define PACKAGE "gnubik"
| #define VERSION "2.4"
| #define STDC_HEADERS 1
| #define HAVE_SYS_TYPES_H 1
| #define HAVE_SYS_STAT_H 1
| #define HAVE_STDLIB_H 1
| #define HAVE_STRING_H 1
| #define HAVE_MEMORY_H 1
| #define HAVE_STRINGS_H 1
| #define HAVE_INTTYPES_H 1
| #define HAVE_STDINT_H 1
| #define HAVE_UNISTD_H 1
| #define __EXTENSIONS__ 1
| #define _ALL_SOURCE 1
| #define _GNU_SOURCE 1
| #define _POSIX_PTHREAD_SEMANTICS 1
| #define _TANDEM_SOURCE 1
| #define ENABLE_NLS 1
| #define HAVE_GETTEXT 1
| #define HAVE_DCGETTEXT 1
| /* end confdefs.h.  */
| #include <pthread.h>
| 		     static void routine(void* a) {a=0;}
| 		     static void* start_routine(void* a) {return a;}
| int
| main ()
| {
| pthread_t th; pthread_attr_t attr;
|                      pthread_create(&th,0,start_routine,0);
|                      pthread_join(th, 0);
|                      pthread_attr_init(&attr);
|                      pthread_cleanup_push(routine, 0);
|                      pthread_cleanup_pop(0);
|   ;
|   return 0;
| }
configure:8243: result: no
configure:8141: checking whether pthreads work without any flags
configure:8234: gcc -o conftest -g -O2    conftest.c   >&5
/tmp/cc5ffs7g.o: In function `main':
/home/carolhanna/Security_Project/gnu_dataset/gnubik-2.4/conftest.c:36: undefined reference to `pthread_create'
/home/carolhanna/Security_Project/gnu_dataset/gnubik-2.4/conftest.c:37: undefined reference to `pthread_join'
/home/carolhanna/Security_Project/gnu_dataset/gnubik-2.4/conftest.c:39: undefined reference to `__pthread_register_cancel'
/home/carolhanna/Security_Project/gnu_dataset/gnubik-2.4/conftest.c:40: undefined reference to `__pthread_unregister_cancel'
collect2: error: ld returned 1 exit status
configure:8234: $? = 1
configure: failed program was:
| /* confdefs.h */
| #define PACKAGE_NAME "GNUbik"
| #define PACKAGE_TARNAME "gnubik"
| #define PACKAGE_VERSION "2.4"
| #define PACKAGE_STRING "GNUbik 2.4"
| #define PACKAGE_BUGREPORT "bug-gnubik@gnu.org"
| #define PACKAGE_URL "http://www.gnu.org/software/gnubik"
| #define PACKAGE "gnubik"
| #define VERSION "2.4"
| #define STDC_HEADERS 1
| #define HAVE_SYS_TYPES_H 1
| #define HAVE_SYS_STAT_H 1
| #define HAVE_STDLIB_H 1
| #define HAVE_STRING_H 1
| #define HAVE_MEMORY_H 1
| #define HAVE_STRINGS_H 1
| #define HAVE_INTTYPES_H 1
| #define HAVE_STDINT_H 1
| #define HAVE_UNISTD_H 1
| #define __EXTENSIONS__ 1
| #define _ALL_SOURCE 1
| #define _GNU_SOURCE 1
| #define _POSIX_PTHREAD_SEMANTICS 1
| #define _TANDEM_SOURCE 1
| #define ENABLE_NLS 1
| #define HAVE_GETTEXT 1
| #define HAVE_DCGETTEXT 1
| /* end confdefs.h.  */
| #include <pthread.h>
| 		     static void routine(void* a) {a=0;}
| 		     static void* start_routine(void* a) {return a;}
| int
| main ()
| {
| pthread_t th; pthread_attr_t attr;
|                      pthread_create(&th,0,start_routine,0);
|                      pthread_join(th, 0);
|                      pthread_attr_init(&attr);
|                      pthread_cleanup_push(routine, 0);
|                      pthread_cleanup_pop(0);
|   ;
|   return 0;
| }
configure:8243: result: no
configure:8146: checking whether pthreads work with -Kthread
configure:8234: gcc -o conftest -g -O2 -Kthread   conftest.c   >&5
gcc: error: unrecognized command line option '-Kthread'; did you mean '-pthread'?
configure:8234: $? = 1
configure: failed program was:
| /* confdefs.h */
| #define PACKAGE_NAME "GNUbik"
| #define PACKAGE_TARNAME "gnubik"
| #define PACKAGE_VERSION "2.4"
| #define PACKAGE_STRING "GNUbik 2.4"
| #define PACKAGE_BUGREPORT "bug-gnubik@gnu.org"
| #define PACKAGE_URL "http://www.gnu.org/software/gnubik"
| #define PACKAGE "gnubik"
| #define VERSION "2.4"
| #define STDC_HEADERS 1
| #define HAVE_SYS_TYPES_H 1
| #define HAVE_SYS_STAT_H 1
| #define HAVE_STDLIB_H 1
| #define HAVE_STRING_H 1
| #define HAVE_MEMORY_H 1
| #define HAVE_STRINGS_H 1
| #define HAVE_INTTYPES_H 1
| #define HAVE_STDINT_H 1
| #define HAVE_UNISTD_H 1
| #define __EXTENSIONS__ 1
| #define _ALL_SOURCE 1
| #define _GNU_SOURCE 1
| #define _POSIX_PTHREAD_SEMANTICS 1
| #define _TANDEM_SOURCE 1
| #define ENABLE_NLS 1
| #define HAVE_GETTEXT 1
| #define HAVE_DCGETTEXT 1
| /* end confdefs.h.  */
| #include <pthread.h>
| 		     static void routine(void* a) {a=0;}
| 		     static void* start_routine(void* a) {return a;}
| int
| main ()
| {
| pthread_t th; pthread_attr_t attr;
|                      pthread_create(&th,0,start_routine,0);
|                      pthread_join(th, 0);
|                      pthread_attr_init(&attr);
|                      pthread_cleanup_push(routine, 0);
|                      pthread_cleanup_pop(0);
|   ;
|   return 0;
| }
configure:8243: result: no
configure:8146: checking whether pthreads work with -kthread
configure:8234: gcc -o conftest -g -O2 -kthread   conftest.c   >&5
gcc: error: unrecognized command line option '-kthread'; did you mean '-pthread'?
configure:8234: $? = 1
configure: failed program was:
| /* confdefs.h */
| #define PACKAGE_NAME "GNUbik"
| #define PACKAGE_TARNAME "gnubik"
| #define PACKAGE_VERSION "2.4"
| #define PACKAGE_STRING "GNUbik 2.4"
| #define PACKAGE_BUGREPORT "bug-gnubik@gnu.org"
| #define PACKAGE_URL "http://www.gnu.org/software/gnubik"
| #define PACKAGE "gnubik"
| #define VERSION "2.4"
| #define STDC_HEADERS 1
| #define HAVE_SYS_TYPES_H 1
| #define HAVE_SYS_STAT_H 1
| #define HAVE_STDLIB_H 1
| #define HAVE_STRING_H 1
| #define HAVE_MEMORY_H 1
| #define HAVE_STRINGS_H 1
| #define HAVE_INTTYPES_H 1
| #define HAVE_STDINT_H 1
| #define HAVE_UNISTD_H 1
| #define __EXTENSIONS__ 1
| #define _ALL_SOURCE 1
| #define _GNU_SOURCE 1
| #define _POSIX_PTHREAD_SEMANTICS 1
| #define _TANDEM_SOURCE 1
| #define ENABLE_NLS 1
| #define HAVE_GETTEXT 1
| #define HAVE_DCGETTEXT 1
| /* end confdefs.h.  */
| #include <pthread.h>
| 		     static void routine(void* a) {a=0;}
| 		     static void* start_routine(void* a) {return a;}
| int
| main ()
| {
| pthread_t th; pthread_attr_t attr;
|                      pthread_create(&th,0,start_routine,0);
|                      pthread_join(th, 0);
|                      pthread_attr_init(&attr);
|                      pthread_cleanup_push(routine, 0);
|                      pthread_cleanup_pop(0);
|   ;
|   return 0;
| }
configure:8243: result: no
configure:8196: checking for the pthreads library -llthread
configure:8234: gcc -o conftest -g -O2    conftest.c -llthread  >&5
/usr/bin/ld: cannot find -llthread
collect2: error: ld returned 1 exit status
configure:8234: $? = 1
configure: failed program was:
| /* confdefs.h */
| #define PACKAGE_NAME "GNUbik"
| #define PACKAGE_TARNAME "gnubik"
| #define PACKAGE_VERSION "2.4"
| #define PACKAGE_STRING "GNUbik 2.4"
| #define PACKAGE_BUGREPORT "bug-gnubik@gnu.org"
| #define PACKAGE_URL "http://www.gnu.org/software/gnubik"
| #define PACKAGE "gnubik"
| #define VERSION "2.4"
| #define STDC_HEADERS 1
| #define HAVE_SYS_TYPES_H 1
| #define HAVE_SYS_STAT_H 1
| #define HAVE_STDLIB_H 1
| #define HAVE_STRING_H 1
| #define HAVE_MEMORY_H 1
| #define HAVE_STRINGS_H 1
| #define HAVE_INTTYPES_H 1
| #define HAVE_STDINT_H 1
| #define HAVE_UNISTD_H 1
| #define __EXTENSIONS__ 1
| #define _ALL_SOURCE 1
| #define _GNU_SOURCE 1
| #define _POSIX_PTHREAD_SEMANTICS 1
| #define _TANDEM_SOURCE 1
| #define ENABLE_NLS 1
| #define HAVE_GETTEXT 1
| #define HAVE_DCGETTEXT 1
| /* end confdefs.h.  */
| #include <pthread.h>
| 		     static void routine(void* a) {a=0;}
| 		     static void* start_routine(void* a) {return a;}
| int
| main ()
| {
| pthread_t th; pthread_attr_t attr;
|                      pthread_create(&th,0,start_routine,0);
|                      pthread_join(th, 0);
|                      pthread_attr_init(&attr);
|                      pthread_cleanup_push(routine, 0);
|                      pthread_cleanup_pop(0);
|   ;
|   return 0;
| }
configure:8243: result: no
configure:8146: checking whether pthreads work with -pthread
configure:8234: gcc -o conftest -g -O2 -pthread   conftest.c   >&5
configure:8234: $? = 0
configure:8243: result: yes
configure:8262: checking for joinable pthread attribute
configure:8277: gcc -o conftest -g -O2 -pthread   conftest.c   >&5
configure:8277: $? = 0
configure:8283: result: PTHREAD_CREATE_JOINABLE
configure:8293: checking if more special flags are required for pthreads
configure:8300: result: no
configure:8390: checking whether we are using the Microsoft C compiler
configure:8409: gcc -c -g -O2  conftest.c >&5
conftest.c: In function 'main':
conftest.c:35:8: error: unknown type name 'choke'
        choke me
        ^~~~~
configure:8409: $? = 1
configure: failed program was:
| /* confdefs.h */
| #define PACKAGE_NAME "GNUbik"
| #define PACKAGE_TARNAME "gnubik"
| #define PACKAGE_VERSION "2.4"
| #define PACKAGE_STRING "GNUbik 2.4"
| #define PACKAGE_BUGREPORT "bug-gnubik@gnu.org"
| #define PACKAGE_URL "http://www.gnu.org/software/gnubik"
| #define PACKAGE "gnubik"
| #define VERSION "2.4"
| #define STDC_HEADERS 1
| #define HAVE_SYS_TYPES_H 1
| #define HAVE_SYS_STAT_H 1
| #define HAVE_STDLIB_H 1
| #define HAVE_STRING_H 1
| #define HAVE_MEMORY_H 1
| #define HAVE_STRINGS_H 1
| #define HAVE_INTTYPES_H 1
| #define HAVE_STDINT_H 1
| #define HAVE_UNISTD_H 1
| #define __EXTENSIONS__ 1
| #define _ALL_SOURCE 1
| #define _GNU_SOURCE 1
| #define _POSIX_PTHREAD_SEMANTICS 1
| #define _TANDEM_SOURCE 1
| #define ENABLE_NLS 1
| #define HAVE_GETTEXT 1
| #define HAVE_DCGETTEXT 1
| #define HAVE_PTHREAD 1
| /* end confdefs.h.  */
| 
| int
| main ()
| {
| #ifndef _MSC_VER
|        choke me
| #endif
| 
|   ;
|   return 0;
| }
configure:8418: result: no
configure:8442: checking GL/gl.h usability
configure:8442: gcc -c -g -O2 -pthread  conftest.c >&5
conftest.c:63:10: fatal error: GL/gl.h: No such file or directory
 #include <GL/gl.h>
          ^~~~~~~~~
compilation terminated.
configure:8442: $? = 1
configure: failed program was:
| /* confdefs.h */
| #define PACKAGE_NAME "GNUbik"
| #define PACKAGE_TARNAME "gnubik"
| #define PACKAGE_VERSION "2.4"
| #define PACKAGE_STRING "GNUbik 2.4"
| #define PACKAGE_BUGREPORT "bug-gnubik@gnu.org"
| #define PACKAGE_URL "http://www.gnu.org/software/gnubik"
| #define PACKAGE "gnubik"
| #define VERSION "2.4"
| #define STDC_HEADERS 1
| #define HAVE_SYS_TYPES_H 1
| #define HAVE_SYS_STAT_H 1
| #define HAVE_STDLIB_H 1
| #define HAVE_STRING_H 1
| #define HAVE_MEMORY_H 1
| #define HAVE_STRINGS_H 1
| #define HAVE_INTTYPES_H 1
| #define HAVE_STDINT_H 1
| #define HAVE_UNISTD_H 1
| #define __EXTENSIONS__ 1
| #define _ALL_SOURCE 1
| #define _GNU_SOURCE 1
| #define _POSIX_PTHREAD_SEMANTICS 1
| #define _TANDEM_SOURCE 1
| #define ENABLE_NLS 1
| #define HAVE_GETTEXT 1
| #define HAVE_DCGETTEXT 1
| #define HAVE_PTHREAD 1
| /* end confdefs.h.  */
| #include <stdio.h>
| #ifdef HAVE_SYS_TYPES_H
| # include <sys/types.h>
| #endif
| #ifdef HAVE_SYS_STAT_H
| # include <sys/stat.h>
| #endif
| #ifdef STDC_HEADERS
| # include <stdlib.h>
| # include <stddef.h>
| #else
| # ifdef HAVE_STDLIB_H
| #  include <stdlib.h>
| # endif
| #endif
| #ifdef HAVE_STRING_H
| # if !defined STDC_HEADERS && defined HAVE_MEMORY_H
| #  include <memory.h>
| # endif
| # include <string.h>
| #endif
| #ifdef HAVE_STRINGS_H
| # include <strings.h>
| #endif
| #ifdef HAVE_INTTYPES_H
| # include <inttypes.h>
| #endif
| #ifdef HAVE_STDINT_H
| # include <stdint.h>
| #endif
| #ifdef HAVE_UNISTD_H
| # include <unistd.h>
| #endif
| #include <GL/gl.h>
configure:8442: result: no
configure:8442: checking GL/gl.h presence
configure:8442: gcc -E -pthread  conftest.c
conftest.c:30:10: fatal error: GL/gl.h: No such file or directory
 #include <GL/gl.h>
          ^~~~~~~~~
compilation terminated.
configure:8442: $? = 1
configure: failed program was:
| /* confdefs.h */
| #define PACKAGE_NAME "GNUbik"
| #define PACKAGE_TARNAME "gnubik"
| #define PACKAGE_VERSION "2.4"
| #define PACKAGE_STRING "GNUbik 2.4"
| #define PACKAGE_BUGREPORT "bug-gnubik@gnu.org"
| #define PACKAGE_URL "http://www.gnu.org/software/gnubik"
| #define PACKAGE "gnubik"
| #define VERSION "2.4"
| #define STDC_HEADERS 1
| #define HAVE_SYS_TYPES_H 1
| #define HAVE_SYS_STAT_H 1
| #define HAVE_STDLIB_H 1
| #define HAVE_STRING_H 1
| #define HAVE_MEMORY_H 1
| #define HAVE_STRINGS_H 1
| #define HAVE_INTTYPES_H 1
| #define HAVE_STDINT_H 1
| #define HAVE_UNISTD_H 1
| #define __EXTENSIONS__ 1
| #define _ALL_SOURCE 1
| #define _GNU_SOURCE 1
| #define _POSIX_PTHREAD_SEMANTICS 1
| #define _TANDEM_SOURCE 1
| #define ENABLE_NLS 1
| #define HAVE_GETTEXT 1
| #define HAVE_DCGETTEXT 1
| #define HAVE_PTHREAD 1
| /* end confdefs.h.  */
| #include <GL/gl.h>
configure:8442: result: no
configure:8442: checking for GL/gl.h
configure:8442: result: no
configure:8442: checking OpenGL/gl.h usability
configure:8442: gcc -c -g -O2 -pthread  conftest.c >&5
conftest.c:63:10: fatal error: OpenGL/gl.h: No such file or directory
 #include <OpenGL/gl.h>
          ^~~~~~~~~~~~~
compilation terminated.
configure:8442: $? = 1
configure: failed program was:
| /* confdefs.h */
| #define PACKAGE_NAME "GNUbik"
| #define PACKAGE_TARNAME "gnubik"
| #define PACKAGE_VERSION "2.4"
| #define PACKAGE_STRING "GNUbik 2.4"
| #define PACKAGE_BUGREPORT "bug-gnubik@gnu.org"
| #define PACKAGE_URL "http://www.gnu.org/software/gnubik"
| #define PACKAGE "gnubik"
| #define VERSION "2.4"
| #define STDC_HEADERS 1
| #define HAVE_SYS_TYPES_H 1
| #define HAVE_SYS_STAT_H 1
| #define HAVE_STDLIB_H 1
| #define HAVE_STRING_H 1
| #define HAVE_MEMORY_H 1
| #define HAVE_STRINGS_H 1
| #define HAVE_INTTYPES_H 1
| #define HAVE_STDINT_H 1
| #define HAVE_UNISTD_H 1
| #define __EXTENSIONS__ 1
| #define _ALL_SOURCE 1
| #define _GNU_SOURCE 1
| #define _POSIX_PTHREAD_SEMANTICS 1
| #define _TANDEM_SOURCE 1
| #define ENABLE_NLS 1
| #define HAVE_GETTEXT 1
| #define HAVE_DCGETTEXT 1
| #define HAVE_PTHREAD 1
| /* end confdefs.h.  */
| #include <stdio.h>
| #ifdef HAVE_SYS_TYPES_H
| # include <sys/types.h>
| #endif
| #ifdef HAVE_SYS_STAT_H
| # include <sys/stat.h>
| #endif
| #ifdef STDC_HEADERS
| # include <stdlib.h>
| # include <stddef.h>
| #else
| # ifdef HAVE_STDLIB_H
| #  include <stdlib.h>
| # endif
| #endif
| #ifdef HAVE_STRING_H
| # if !defined STDC_HEADERS && defined HAVE_MEMORY_H
| #  include <memory.h>
| # endif
| # include <string.h>
| #endif
| #ifdef HAVE_STRINGS_H
| # include <strings.h>
| #endif
| #ifdef HAVE_INTTYPES_H
| # include <inttypes.h>
| #endif
| #ifdef HAVE_STDINT_H
| # include <stdint.h>
| #endif
| #ifdef HAVE_UNISTD_H
| # include <unistd.h>
| #endif
| #include <OpenGL/gl.h>
configure:8442: result: no
configure:8442: checking OpenGL/gl.h presence
configure:8442: gcc -E -pthread  conftest.c
conftest.c:30:10: fatal error: OpenGL/gl.h: No such file or directory
 #include <OpenGL/gl.h>
          ^~~~~~~~~~~~~
compilation terminated.
configure:8442: $? = 1
configure: failed program was:
| /* confdefs.h */
| #define PACKAGE_NAME "GNUbik"
| #define PACKAGE_TARNAME "gnubik"
| #define PACKAGE_VERSION "2.4"
| #define PACKAGE_STRING "GNUbik 2.4"
| #define PACKAGE_BUGREPORT "bug-gnubik@gnu.org"
| #define PACKAGE_URL "http://www.gnu.org/software/gnubik"
| #define PACKAGE "gnubik"
| #define VERSION "2.4"
| #define STDC_HEADERS 1
| #define HAVE_SYS_TYPES_H 1
| #define HAVE_SYS_STAT_H 1
| #define HAVE_STDLIB_H 1
| #define HAVE_STRING_H 1
| #define HAVE_MEMORY_H 1
| #define HAVE_STRINGS_H 1
| #define HAVE_INTTYPES_H 1
| #define HAVE_STDINT_H 1
| #define HAVE_UNISTD_H 1
| #define __EXTENSIONS__ 1
| #define _ALL_SOURCE 1
| #define _GNU_SOURCE 1
| #define _POSIX_PTHREAD_SEMANTICS 1
| #define _TANDEM_SOURCE 1
| #define ENABLE_NLS 1
| #define HAVE_GETTEXT 1
| #define HAVE_DCGETTEXT 1
| #define HAVE_PTHREAD 1
| /* end confdefs.h.  */
| #include <OpenGL/gl.h>
configure:8442: result: no
configure:8442: checking for OpenGL/gl.h
configure:8442: result: no
configure:8456: checking windows.h usability
configure:8456: gcc -c -g -O2  conftest.c >&5
conftest.c:63:10: fatal error: windows.h: No such file or directory
 #include <windows.h>
          ^~~~~~~~~~~
compilation terminated.
configure:8456: $? = 1
configure: failed program was:
| /* confdefs.h */
| #define PACKAGE_NAME "GNUbik"
| #define PACKAGE_TARNAME "gnubik"
| #define PACKAGE_VERSION "2.4"
| #define PACKAGE_STRING "GNUbik 2.4"
| #define PACKAGE_BUGREPORT "bug-gnubik@gnu.org"
| #define PACKAGE_URL "http://www.gnu.org/software/gnubik"
| #define PACKAGE "gnubik"
| #define VERSION "2.4"
| #define STDC_HEADERS 1
| #define HAVE_SYS_TYPES_H 1
| #define HAVE_SYS_STAT_H 1
| #define HAVE_STDLIB_H 1
| #define HAVE_STRING_H 1
| #define HAVE_MEMORY_H 1
| #define HAVE_STRINGS_H 1
| #define HAVE_INTTYPES_H 1
| #define HAVE_STDINT_H 1
| #define HAVE_UNISTD_H 1
| #define __EXTENSIONS__ 1
| #define _ALL_SOURCE 1
| #define _GNU_SOURCE 1
| #define _POSIX_PTHREAD_SEMANTICS 1
| #define _TANDEM_SOURCE 1
| #define ENABLE_NLS 1
| #define HAVE_GETTEXT 1
| #define HAVE_DCGETTEXT 1
| #define HAVE_PTHREAD 1
| /* end confdefs.h.  */
| #include <stdio.h>
| #ifdef HAVE_SYS_TYPES_H
| # include <sys/types.h>
| #endif
| #ifdef HAVE_SYS_STAT_H
| # include <sys/stat.h>
| #endif
| #ifdef STDC_HEADERS
| # include <stdlib.h>
| # include <stddef.h>
| #else
| # ifdef HAVE_STDLIB_H
| #  include <stdlib.h>
| # endif
| #endif
| #ifdef HAVE_STRING_H
| # if !defined STDC_HEADERS && defined HAVE_MEMORY_H
| #  include <memory.h>
| # endif
| # include <string.h>
| #endif
| #ifdef HAVE_STRINGS_H
| # include <strings.h>
| #endif
| #ifdef HAVE_INTTYPES_H
| # include <inttypes.h>
| #endif
| #ifdef HAVE_STDINT_H
| # include <stdint.h>
| #endif
| #ifdef HAVE_UNISTD_H
| # include <unistd.h>
| #endif
| #include <windows.h>
configure:8456: result: no
configure:8456: checking windows.h presence
configure:8456: gcc -E  conftest.c
conftest.c:30:10: fatal error: windows.h: No such file or directory
 #include <windows.h>
          ^~~~~~~~~~~
compilation terminated.
configure:8456: $? = 1
configure: failed program was:
| /* confdefs.h */
| #define PACKAGE_NAME "GNUbik"
| #define PACKAGE_TARNAME "gnubik"
| #define PACKAGE_VERSION "2.4"
| #define PACKAGE_STRING "GNUbik 2.4"
| #define PACKAGE_BUGREPORT "bug-gnubik@gnu.org"
| #define PACKAGE_URL "http://www.gnu.org/software/gnubik"
| #define PACKAGE "gnubik"
| #define VERSION "2.4"
| #define STDC_HEADERS 1
| #define HAVE_SYS_TYPES_H 1
| #define HAVE_SYS_STAT_H 1
| #define HAVE_STDLIB_H 1
| #define HAVE_STRING_H 1
| #define HAVE_MEMORY_H 1
| #define HAVE_STRINGS_H 1
| #define HAVE_INTTYPES_H 1
| #define HAVE_STDINT_H 1
| #define HAVE_UNISTD_H 1
| #define __EXTENSIONS__ 1
| #define _ALL_SOURCE 1
| #define _GNU_SOURCE 1
| #define _POSIX_PTHREAD_SEMANTICS 1
| #define _TANDEM_SOURCE 1
| #define ENABLE_NLS 1
| #define HAVE_GETTEXT 1
| #define HAVE_DCGETTEXT 1
| #define HAVE_PTHREAD 1
| /* end confdefs.h.  */
| #include <windows.h>
configure:8456: result: no
configure:8456: checking for windows.h
configure:8456: result: no
configure:8469: checking for OpenGL library
configure:8512: gcc -o conftest -g -O2 -pthread   conftest.c -lopengl32  -lm  >&5
conftest.c:39:5: error: #error no gl.h
 #   error no gl.h
     ^~~~~
conftest.c: In function 'main':
conftest.c:44:1: warning: implicit declaration of function 'glBegin' [-Wimplicit-function-declaration]
 glBegin(0)
 ^~~~~~~
configure:8512: $? = 1
configure: failed program was:
| /* confdefs.h */
| #define PACKAGE_NAME "GNUbik"
| #define PACKAGE_TARNAME "gnubik"
| #define PACKAGE_VERSION "2.4"
| #define PACKAGE_STRING "GNUbik 2.4"
| #define PACKAGE_BUGREPORT "bug-gnubik@gnu.org"
| #define PACKAGE_URL "http://www.gnu.org/software/gnubik"
| #define PACKAGE "gnubik"
| #define VERSION "2.4"
| #define STDC_HEADERS 1
| #define HAVE_SYS_TYPES_H 1
| #define HAVE_SYS_STAT_H 1
| #define HAVE_STDLIB_H 1
| #define HAVE_STRING_H 1
| #define HAVE_MEMORY_H 1
| #define HAVE_STRINGS_H 1
| #define HAVE_INTTYPES_H 1
| #define HAVE_STDINT_H 1
| #define HAVE_UNISTD_H 1
| #define __EXTENSIONS__ 1
| #define _ALL_SOURCE 1
| #define _GNU_SOURCE 1
| #define _POSIX_PTHREAD_SEMANTICS 1
| #define _TANDEM_SOURCE 1
| #define ENABLE_NLS 1
| #define HAVE_GETTEXT 1
| #define HAVE_DCGETTEXT 1
| #define HAVE_PTHREAD 1
| /* end confdefs.h.  */
| 
| # if defined(HAVE_WINDOWS_H) && defined(_WIN32)
| #   include <windows.h>
| # endif
| # ifdef HAVE_GL_GL_H
| #   include <GL/gl.h>
| # elif defined(HAVE_OPENGL_GL_H)
| #   include <OpenGL/gl.h>
| # else
| #   error no gl.h
| # endif
| int
| main ()
| {
| glBegin(0)
|   ;
|   return 0;
| }
configure:8537: gcc -o conftest -g -O2 -pthread   conftest.c -lopengl32 -L/usr/lib64/nvidia  -lm  >&5
conftest.c:39:5: error: #error no gl.h
 #   error no gl.h
     ^~~~~
conftest.c: In function 'main':
conftest.c:44:1: warning: implicit declaration of function 'glBegin' [-Wimplicit-function-declaration]
 glBegin(0)
 ^~~~~~~
configure:8537: $? = 1
configure: failed program was:
| /* confdefs.h */
| #define PACKAGE_NAME "GNUbik"
| #define PACKAGE_TARNAME "gnubik"
| #define PACKAGE_VERSION "2.4"
| #define PACKAGE_STRING "GNUbik 2.4"
| #define PACKAGE_BUGREPORT "bug-gnubik@gnu.org"
| #define PACKAGE_URL "http://www.gnu.org/software/gnubik"
| #define PACKAGE "gnubik"
| #define VERSION "2.4"
| #define STDC_HEADERS 1
| #define HAVE_SYS_TYPES_H 1
| #define HAVE_SYS_STAT_H 1
| #define HAVE_STDLIB_H 1
| #define HAVE_STRING_H 1
| #define HAVE_MEMORY_H 1
| #define HAVE_STRINGS_H 1
| #define HAVE_INTTYPES_H 1
| #define HAVE_STDINT_H 1
| #define HAVE_UNISTD_H 1
| #define __EXTENSIONS__ 1
| #define _ALL_SOURCE 1
| #define _GNU_SOURCE 1
| #define _POSIX_PTHREAD_SEMANTICS 1
| #define _TANDEM_SOURCE 1
| #define ENABLE_NLS 1
| #define HAVE_GETTEXT 1
| #define HAVE_DCGETTEXT 1
| #define HAVE_PTHREAD 1
| /* end confdefs.h.  */
| 
| # if defined(HAVE_WINDOWS_H) && defined(_WIN32)
| #   include <windows.h>
| # endif
| # ifdef HAVE_GL_GL_H
| #   include <GL/gl.h>
| # elif defined(HAVE_OPENGL_GL_H)
| #   include <OpenGL/gl.h>
| # else
| #   error no gl.h
| # endif
| int
| main ()
| {
| glBegin(0)
|   ;
|   return 0;
| }
configure:8562: gcc -o conftest -g -O2 -pthread   conftest.c -lopengl32 -dylib_file /System/Library/Frameworks/OpenGL.framework/Versions/A/Libraries/libGL.dylib:/System/Library/Frameworks/OpenGL.framework/Versions/A/Libraries/libGL.dylib  -lm  >&5
gcc: error: /System/Library/Frameworks/OpenGL.framework/Versions/A/Libraries/libGL.dylib:/System/Library/Frameworks/OpenGL.framework/Versions/A/Libraries/libGL.dylib: No such file or directory
configure:8562: $? = 1
configure: failed program was:
| /* confdefs.h */
| #define PACKAGE_NAME "GNUbik"
| #define PACKAGE_TARNAME "gnubik"
| #define PACKAGE_VERSION "2.4"
| #define PACKAGE_STRING "GNUbik 2.4"
| #define PACKAGE_BUGREPORT "bug-gnubik@gnu.org"
| #define PACKAGE_URL "http://www.gnu.org/software/gnubik"
| #define PACKAGE "gnubik"
| #define VERSION "2.4"
| #define STDC_HEADERS 1
| #define HAVE_SYS_TYPES_H 1
| #define HAVE_SYS_STAT_H 1
| #define HAVE_STDLIB_H 1
| #define HAVE_STRING_H 1
| #define HAVE_MEMORY_H 1
| #define HAVE_STRINGS_H 1
| #define HAVE_INTTYPES_H 1
| #define HAVE_STDINT_H 1
| #define HAVE_UNISTD_H 1
| #define __EXTENSIONS__ 1
| #define _ALL_SOURCE 1
| #define _GNU_SOURCE 1
| #define _POSIX_PTHREAD_SEMANTICS 1
| #define _TANDEM_SOURCE 1
| #define ENABLE_NLS 1
| #define HAVE_GETTEXT 1
| #define HAVE_DCGETTEXT 1
| #define HAVE_PTHREAD 1
| /* end confdefs.h.  */
| 
| # if defined(HAVE_WINDOWS_H) && defined(_WIN32)
| #   include <windows.h>
| # endif
| # ifdef HAVE_GL_GL_H
| #   include <GL/gl.h>
| # elif defined(HAVE_OPENGL_GL_H)
| #   include <OpenGL/gl.h>
| # else
| #   error no gl.h
| # endif
| int
| main ()
| {
| glBegin(0)
|   ;
|   return 0;
| }
configure:8512: gcc -o conftest -g -O2 -pthread   conftest.c -lGL  -lm  >&5
conftest.c:39:5: error: #error no gl.h
 #   error no gl.h
     ^~~~~
conftest.c: In function 'main':
conftest.c:44:1: warning: implicit declaration of function 'glBegin' [-Wimplicit-function-declaration]
 glBegin(0)
 ^~~~~~~
configure:8512: $? = 1
configure: failed program was:
| /* confdefs.h */
| #define PACKAGE_NAME "GNUbik"
| #define PACKAGE_TARNAME "gnubik"
| #define PACKAGE_VERSION "2.4"
| #define PACKAGE_STRING "GNUbik 2.4"
| #define PACKAGE_BUGREPORT "bug-gnubik@gnu.org"
| #define PACKAGE_URL "http://www.gnu.org/software/gnubik"
| #define PACKAGE "gnubik"
| #define VERSION "2.4"
| #define STDC_HEADERS 1
| #define HAVE_SYS_TYPES_H 1
| #define HAVE_SYS_STAT_H 1
| #define HAVE_STDLIB_H 1
| #define HAVE_STRING_H 1
| #define HAVE_MEMORY_H 1
| #define HAVE_STRINGS_H 1
| #define HAVE_INTTYPES_H 1
| #define HAVE_STDINT_H 1
| #define HAVE_UNISTD_H 1
| #define __EXTENSIONS__ 1
| #define _ALL_SOURCE 1
| #define _GNU_SOURCE 1
| #define _POSIX_PTHREAD_SEMANTICS 1
| #define _TANDEM_SOURCE 1
| #define ENABLE_NLS 1
| #define HAVE_GETTEXT 1
| #define HAVE_DCGETTEXT 1
| #define HAVE_PTHREAD 1
| /* end confdefs.h.  */
| 
| # if defined(HAVE_WINDOWS_H) && defined(_WIN32)
| #   include <windows.h>
| # endif
| # ifdef HAVE_GL_GL_H
| #   include <GL/gl.h>
| # elif defined(HAVE_OPENGL_GL_H)
| #   include <OpenGL/gl.h>
| # else
| #   error no gl.h
| # endif
| int
| main ()
| {
| glBegin(0)
|   ;
|   return 0;
| }
configure:8537: gcc -o conftest -g -O2 -pthread   conftest.c -lGL -L/usr/lib64/nvidia  -lm  >&5
conftest.c:39:5: error: #error no gl.h
 #   error no gl.h
     ^~~~~
conftest.c: In function 'main':
conftest.c:44:1: warning: implicit declaration of function 'glBegin' [-Wimplicit-function-declaration]
 glBegin(0)
 ^~~~~~~
configure:8537: $? = 1
configure: failed program was:
| /* confdefs.h */
| #define PACKAGE_NAME "GNUbik"
| #define PACKAGE_TARNAME "gnubik"
| #define PACKAGE_VERSION "2.4"
| #define PACKAGE_STRING "GNUbik 2.4"
| #define PACKAGE_BUGREPORT "bug-gnubik@gnu.org"
| #define PACKAGE_URL "http://www.gnu.org/software/gnubik"
| #define PACKAGE "gnubik"
| #define VERSION "2.4"
| #define STDC_HEADERS 1
| #define HAVE_SYS_TYPES_H 1
| #define HAVE_SYS_STAT_H 1
| #define HAVE_STDLIB_H 1
| #define HAVE_STRING_H 1
| #define HAVE_MEMORY_H 1
| #define HAVE_STRINGS_H 1
| #define HAVE_INTTYPES_H 1
| #define HAVE_STDINT_H 1
| #define HAVE_UNISTD_H 1
| #define __EXTENSIONS__ 1
| #define _ALL_SOURCE 1
| #define _GNU_SOURCE 1
| #define _POSIX_PTHREAD_SEMANTICS 1
| #define _TANDEM_SOURCE 1
| #define ENABLE_NLS 1
| #define HAVE_GETTEXT 1
| #define HAVE_DCGETTEXT 1
| #define HAVE_PTHREAD 1
| /* end confdefs.h.  */
| 
| # if defined(HAVE_WINDOWS_H) && defined(_WIN32)
| #   include <windows.h>
| # endif
| # ifdef HAVE_GL_GL_H
| #   include <GL/gl.h>
| # elif defined(HAVE_OPENGL_GL_H)
| #   include <OpenGL/gl.h>
| # else
| #   error no gl.h
| # endif
| int
| main ()
| {
| glBegin(0)
|   ;
|   return 0;
| }
configure:8562: gcc -o conftest -g -O2 -pthread   conftest.c -lGL -dylib_file /System/Library/Frameworks/OpenGL.framework/Versions/A/Libraries/libGL.dylib:/System/Library/Frameworks/OpenGL.framework/Versions/A/Libraries/libGL.dylib  -lm  >&5
gcc: error: /System/Library/Frameworks/OpenGL.framework/Versions/A/Libraries/libGL.dylib:/System/Library/Frameworks/OpenGL.framework/Versions/A/Libraries/libGL.dylib: No such file or directory
configure:8562: $? = 1
configure: failed program was:
| /* confdefs.h */
| #define PACKAGE_NAME "GNUbik"
| #define PACKAGE_TARNAME "gnubik"
| #define PACKAGE_VERSION "2.4"
| #define PACKAGE_STRING "GNUbik 2.4"
| #define PACKAGE_BUGREPORT "bug-gnubik@gnu.org"
| #define PACKAGE_URL "http://www.gnu.org/software/gnubik"
| #define PACKAGE "gnubik"
| #define VERSION "2.4"
| #define STDC_HEADERS 1
| #define HAVE_SYS_TYPES_H 1
| #define HAVE_SYS_STAT_H 1
| #define HAVE_STDLIB_H 1
| #define HAVE_STRING_H 1
| #define HAVE_MEMORY_H 1
| #define HAVE_STRINGS_H 1
| #define HAVE_INTTYPES_H 1
| #define HAVE_STDINT_H 1
| #define HAVE_UNISTD_H 1
| #define __EXTENSIONS__ 1
| #define _ALL_SOURCE 1
| #define _GNU_SOURCE 1
| #define _POSIX_PTHREAD_SEMANTICS 1
| #define _TANDEM_SOURCE 1
| #define ENABLE_NLS 1
| #define HAVE_GETTEXT 1
| #define HAVE_DCGETTEXT 1
| #define HAVE_PTHREAD 1
| /* end confdefs.h.  */
| 
| # if defined(HAVE_WINDOWS_H) && defined(_WIN32)
| #   include <windows.h>
| # endif
| # ifdef HAVE_GL_GL_H
| #   include <GL/gl.h>
| # elif defined(HAVE_OPENGL_GL_H)
| #   include <OpenGL/gl.h>
| # else
| #   error no gl.h
| # endif
| int
| main ()
| {
| glBegin(0)
|   ;
|   return 0;
| }
configure:8608: result: no
configure:8684: checking for g++
configure:8700: found /usr/bin/g++
configure:8711: result: g++
configure:8738: checking for C++ compiler version
configure:8747: g++ --version >&5
g++ (Ubuntu 7.5.0-3ubuntu1~18.04) 7.5.0
Copyright (C) 2017 Free Software Foundation, Inc.
This is free software; see the source for copying conditions.  There is NO
warranty; not even for MERCHANTABILITY or FITNESS FOR A PARTICULAR PURPOSE.

configure:8758: $? = 0
configure:8747: g++ -v >&5
Using built-in specs.
COLLECT_GCC=g++
COLLECT_LTO_WRAPPER=/usr/lib/gcc/x86_64-linux-gnu/7/lto-wrapper
OFFLOAD_TARGET_NAMES=nvptx-none
OFFLOAD_TARGET_DEFAULT=1
Target: x86_64-linux-gnu
Configured with: ../src/configure -v --with-pkgversion='Ubuntu 7.5.0-3ubuntu1~18.04' --with-bugurl=file:///usr/share/doc/gcc-7/README.Bugs --enable-languages=c,ada,c++,go,brig,d,fortran,objc,obj-c++ --prefix=/usr --with-gcc-major-version-only --program-suffix=-7 --program-prefix=x86_64-linux-gnu- --enable-shared --enable-linker-build-id --libexecdir=/usr/lib --without-included-gettext --enable-threads=posix --libdir=/usr/lib --enable-nls --enable-bootstrap --enable-clocale=gnu --enable-libstdcxx-debug --enable-libstdcxx-time=yes --with-default-libstdcxx-abi=new --enable-gnu-unique-object --disable-vtable-verify --enable-libmpx --enable-plugin --enable-default-pie --with-system-zlib --with-target-system-zlib --enable-objc-gc=auto --enable-multiarch --disable-werror --with-arch-32=i686 --with-abi=m64 --with-multilib-list=m32,m64,mx32 --enable-multilib --with-tune=generic --enable-offload-targets=nvptx-none --without-cuda-driver --enable-checking=release --build=x86_64-linux-gnu --host=x86_64-linux-gnu --target=x86_64-linux-gnu
Thread model: posix
gcc version 7.5.0 (Ubuntu 7.5.0-3ubuntu1~18.04) 
configure:8758: $? = 0
configure:8747: g++ -V >&5
g++: error: unrecognized command line option '-V'
g++: fatal error: no input files
compilation terminated.
configure:8758: $? = 1
configure:8747: g++ -qversion >&5
g++: error: unrecognized command line option '-qversion'; did you mean '--version'?
g++: fatal error: no input files
compilation terminated.
configure:8758: $? = 1
configure:8762: checking whether we are using the GNU C++ compiler
configure:8781: g++ -c   conftest.cpp >&5
configure:8781: $? = 0
configure:8790: result: yes
configure:8799: checking whether g++ accepts -g
configure:8819: g++ -c -g  conftest.cpp >&5
configure:8819: $? = 0
configure:8860: result: yes
configure:8885: checking dependency style of g++
configure:8995: result: gcc3
configure:9017: checking GL/glu.h usability
configure:9017: gcc -c -g -O2   conftest.c >&5
conftest.c:63:10: fatal error: GL/glu.h: No such file or directory
 #include <GL/glu.h>
          ^~~~~~~~~~
compilation terminated.
configure:9017: $? = 1
configure: failed program was:
| /* confdefs.h */
| #define PACKAGE_NAME "GNUbik"
| #define PACKAGE_TARNAME "gnubik"
| #define PACKAGE_VERSION "2.4"
| #define PACKAGE_STRING "GNUbik 2.4"
| #define PACKAGE_BUGREPORT "bug-gnubik@gnu.org"
| #define PACKAGE_URL "http://www.gnu.org/software/gnubik"
| #define PACKAGE "gnubik"
| #define VERSION "2.4"
| #define STDC_HEADERS 1
| #define HAVE_SYS_TYPES_H 1
| #define HAVE_SYS_STAT_H 1
| #define HAVE_STDLIB_H 1
| #define HAVE_STRING_H 1
| #define HAVE_MEMORY_H 1
| #define HAVE_STRINGS_H 1
| #define HAVE_INTTYPES_H 1
| #define HAVE_STDINT_H 1
| #define HAVE_UNISTD_H 1
| #define __EXTENSIONS__ 1
| #define _ALL_SOURCE 1
| #define _GNU_SOURCE 1
| #define _POSIX_PTHREAD_SEMANTICS 1
| #define _TANDEM_SOURCE 1
| #define ENABLE_NLS 1
| #define HAVE_GETTEXT 1
| #define HAVE_DCGETTEXT 1
| #define HAVE_PTHREAD 1
| /* end confdefs.h.  */
| #include <stdio.h>
| #ifdef HAVE_SYS_TYPES_H
| # include <sys/types.h>
| #endif
| #ifdef HAVE_SYS_STAT_H
| # include <sys/stat.h>
| #endif
| #ifdef STDC_HEADERS
| # include <stdlib.h>
| # include <stddef.h>
| #else
| # ifdef HAVE_STDLIB_H
| #  include <stdlib.h>
| # endif
| #endif
| #ifdef HAVE_STRING_H
| # if !defined STDC_HEADERS && defined HAVE_MEMORY_H
| #  include <memory.h>
| # endif
| # include <string.h>
| #endif
| #ifdef HAVE_STRINGS_H
| # include <strings.h>
| #endif
| #ifdef HAVE_INTTYPES_H
| # include <inttypes.h>
| #endif
| #ifdef HAVE_STDINT_H
| # include <stdint.h>
| #endif
| #ifdef HAVE_UNISTD_H
| # include <unistd.h>
| #endif
| #include <GL/glu.h>
configure:9017: result: no
configure:9017: checking GL/glu.h presence
configure:9017: gcc -E   conftest.c
conftest.c:30:10: fatal error: GL/glu.h: No such file or directory
 #include <GL/glu.h>
          ^~~~~~~~~~
compilation terminated.
configure:9017: $? = 1
configure: failed program was:
| /* confdefs.h */
| #define PACKAGE_NAME "GNUbik"
| #define PACKAGE_TARNAME "gnubik"
| #define PACKAGE_VERSION "2.4"
| #define PACKAGE_STRING "GNUbik 2.4"
| #define PACKAGE_BUGREPORT "bug-gnubik@gnu.org"
| #define PACKAGE_URL "http://www.gnu.org/software/gnubik"
| #define PACKAGE "gnubik"
| #define VERSION "2.4"
| #define STDC_HEADERS 1
| #define HAVE_SYS_TYPES_H 1
| #define HAVE_SYS_STAT_H 1
| #define HAVE_STDLIB_H 1
| #define HAVE_STRING_H 1
| #define HAVE_MEMORY_H 1
| #define HAVE_STRINGS_H 1
| #define HAVE_INTTYPES_H 1
| #define HAVE_STDINT_H 1
| #define HAVE_UNISTD_H 1
| #define __EXTENSIONS__ 1
| #define _ALL_SOURCE 1
| #define _GNU_SOURCE 1
| #define _POSIX_PTHREAD_SEMANTICS 1
| #define _TANDEM_SOURCE 1
| #define ENABLE_NLS 1
| #define HAVE_GETTEXT 1
| #define HAVE_DCGETTEXT 1
| #define HAVE_PTHREAD 1
| /* end confdefs.h.  */
| #include <GL/glu.h>
configure:9017: result: no
configure:9017: checking for GL/glu.h
configure:9017: result: no
configure:9017: checking OpenGL/glu.h usability
configure:9017: gcc -c -g -O2   conftest.c >&5
conftest.c:63:10: fatal error: OpenGL/glu.h: No such file or directory
 #include <OpenGL/glu.h>
          ^~~~~~~~~~~~~~
compilation terminated.
configure:9017: $? = 1
configure: failed program was:
| /* confdefs.h */
| #define PACKAGE_NAME "GNUbik"
| #define PACKAGE_TARNAME "gnubik"
| #define PACKAGE_VERSION "2.4"
| #define PACKAGE_STRING "GNUbik 2.4"
| #define PACKAGE_BUGREPORT "bug-gnubik@gnu.org"
| #define PACKAGE_URL "http://www.gnu.org/software/gnubik"
| #define PACKAGE "gnubik"
| #define VERSION "2.4"
| #define STDC_HEADERS 1
| #define HAVE_SYS_TYPES_H 1
| #define HAVE_SYS_STAT_H 1
| #define HAVE_STDLIB_H 1
| #define HAVE_STRING_H 1
| #define HAVE_MEMORY_H 1
| #define HAVE_STRINGS_H 1
| #define HAVE_INTTYPES_H 1
| #define HAVE_STDINT_H 1
| #define HAVE_UNISTD_H 1
| #define __EXTENSIONS__ 1
| #define _ALL_SOURCE 1
| #define _GNU_SOURCE 1
| #define _POSIX_PTHREAD_SEMANTICS 1
| #define _TANDEM_SOURCE 1
| #define ENABLE_NLS 1
| #define HAVE_GETTEXT 1
| #define HAVE_DCGETTEXT 1
| #define HAVE_PTHREAD 1
| /* end confdefs.h.  */
| #include <stdio.h>
| #ifdef HAVE_SYS_TYPES_H
| # include <sys/types.h>
| #endif
| #ifdef HAVE_SYS_STAT_H
| # include <sys/stat.h>
| #endif
| #ifdef STDC_HEADERS
| # include <stdlib.h>
| # include <stddef.h>
| #else
| # ifdef HAVE_STDLIB_H
| #  include <stdlib.h>
| # endif
| #endif
| #ifdef HAVE_STRING_H
| # if !defined STDC_HEADERS && defined HAVE_MEMORY_H
| #  include <memory.h>
| # endif
| # include <string.h>
| #endif
| #ifdef HAVE_STRINGS_H
| # include <strings.h>
| #endif
| #ifdef HAVE_INTTYPES_H
| # include <inttypes.h>
| #endif
| #ifdef HAVE_STDINT_H
| # include <stdint.h>
| #endif
| #ifdef HAVE_UNISTD_H
| # include <unistd.h>
| #endif
| #include <OpenGL/glu.h>
configure:9017: result: no
configure:9017: checking OpenGL/glu.h presence
configure:9017: gcc -E   conftest.c
conftest.c:30:10: fatal error: OpenGL/glu.h: No such file or directory
 #include <OpenGL/glu.h>
          ^~~~~~~~~~~~~~
compilation terminated.
configure:9017: $? = 1
configure: failed program was:
| /* confdefs.h */
| #define PACKAGE_NAME "GNUbik"
| #define PACKAGE_TARNAME "gnubik"
| #define PACKAGE_VERSION "2.4"
| #define PACKAGE_STRING "GNUbik 2.4"
| #define PACKAGE_BUGREPORT "bug-gnubik@gnu.org"
| #define PACKAGE_URL "http://www.gnu.org/software/gnubik"
| #define PACKAGE "gnubik"
| #define VERSION "2.4"
| #define STDC_HEADERS 1
| #define HAVE_SYS_TYPES_H 1
| #define HAVE_SYS_STAT_H 1
| #define HAVE_STDLIB_H 1
| #define HAVE_STRING_H 1
| #define HAVE_MEMORY_H 1
| #define HAVE_STRINGS_H 1
| #define HAVE_INTTYPES_H 1
| #define HAVE_STDINT_H 1
| #define HAVE_UNISTD_H 1
| #define __EXTENSIONS__ 1
| #define _ALL_SOURCE 1
| #define _GNU_SOURCE 1
| #define _POSIX_PTHREAD_SEMANTICS 1
| #define _TANDEM_SOURCE 1
| #define ENABLE_NLS 1
| #define HAVE_GETTEXT 1
| #define HAVE_DCGETTEXT 1
| #define HAVE_PTHREAD 1
| /* end confdefs.h.  */
| #include <OpenGL/glu.h>
configure:9017: result: no
configure:9017: checking for OpenGL/glu.h
configure:9017: result: no
configure:9031: checking for OpenGL Utility library
configure:9087: g++ -o conftest -g -O2    conftest.cpp   >&5
conftest.cpp:39:5: error: #error no glu.h
 #   error no glu.h
     ^~~~~
conftest.cpp: In function 'int main()':
conftest.cpp:44:1: error: 'gluBeginCurve' was not declared in this scope
 gluBeginCurve(0)
 ^~~~~~~~~~~~~
configure:9087: $? = 1
configure: failed program was:
| /* confdefs.h */
| #define PACKAGE_NAME "GNUbik"
| #define PACKAGE_TARNAME "gnubik"
| #define PACKAGE_VERSION "2.4"
| #define PACKAGE_STRING "GNUbik 2.4"
| #define PACKAGE_BUGREPORT "bug-gnubik@gnu.org"
| #define PACKAGE_URL "http://www.gnu.org/software/gnubik"
| #define PACKAGE "gnubik"
| #define VERSION "2.4"
| #define STDC_HEADERS 1
| #define HAVE_SYS_TYPES_H 1
| #define HAVE_SYS_STAT_H 1
| #define HAVE_STDLIB_H 1
| #define HAVE_STRING_H 1
| #define HAVE_MEMORY_H 1
| #define HAVE_STRINGS_H 1
| #define HAVE_INTTYPES_H 1
| #define HAVE_STDINT_H 1
| #define HAVE_UNISTD_H 1
| #define __EXTENSIONS__ 1
| #define _ALL_SOURCE 1
| #define _GNU_SOURCE 1
| #define _POSIX_PTHREAD_SEMANTICS 1
| #define _TANDEM_SOURCE 1
| #define ENABLE_NLS 1
| #define HAVE_GETTEXT 1
| #define HAVE_DCGETTEXT 1
| #define HAVE_PTHREAD 1
| /* end confdefs.h.  */
| 
| # if defined(HAVE_WINDOWS_H) && defined(_WIN32)
| #   include <windows.h>
| # endif
| # ifdef HAVE_GL_GLU_H
| #   include <GL/glu.h>
| # elif defined(HAVE_OPENGL_GLU_H)
| #   include <OpenGL/glu.h>
| # else
| #   error no glu.h
| # endif
| int
| main ()
| {
| gluBeginCurve(0)
|   ;
|   return 0;
| }
configure:9120: g++ -o conftest -g -O2    conftest.cpp -lglu32   >&5
conftest.cpp:39:5: error: #error no glu.h
 #   error no glu.h
     ^~~~~
conftest.cpp: In function 'int main()':
conftest.cpp:44:1: error: 'gluBeginCurve' was not declared in this scope
 gluBeginCurve(0)
 ^~~~~~~~~~~~~
configure:9120: $? = 1
configure: failed program was:
| /* confdefs.h */
| #define PACKAGE_NAME "GNUbik"
| #define PACKAGE_TARNAME "gnubik"
| #define PACKAGE_VERSION "2.4"
| #define PACKAGE_STRING "GNUbik 2.4"
| #define PACKAGE_BUGREPORT "bug-gnubik@gnu.org"
| #define PACKAGE_URL "http://www.gnu.org/software/gnubik"
| #define PACKAGE "gnubik"
| #define VERSION "2.4"
| #define STDC_HEADERS 1
| #define HAVE_SYS_TYPES_H 1
| #define HAVE_SYS_STAT_H 1
| #define HAVE_STDLIB_H 1
| #define HAVE_STRING_H 1
| #define HAVE_MEMORY_H 1
| #define HAVE_STRINGS_H 1
| #define HAVE_INTTYPES_H 1
| #define HAVE_STDINT_H 1
| #define HAVE_UNISTD_H 1
| #define __EXTENSIONS__ 1
| #define _ALL_SOURCE 1
| #define _GNU_SOURCE 1
| #define _POSIX_PTHREAD_SEMANTICS 1
| #define _TANDEM_SOURCE 1
| #define ENABLE_NLS 1
| #define HAVE_GETTEXT 1
| #define HAVE_DCGETTEXT 1
| #define HAVE_PTHREAD 1
| /* end confdefs.h.  */
| 
| # if defined(HAVE_WINDOWS_H) && defined(_WIN32)
| #   include <windows.h>
| # endif
| # ifdef HAVE_GL_GLU_H
| #   include <GL/glu.h>
| # elif defined(HAVE_OPENGL_GLU_H)
| #   include <OpenGL/glu.h>
| # else
| #   error no glu.h
| # endif
| int
| main ()
| {
| gluBeginCurve(0)
|   ;
|   return 0;
| }
configure:9120: g++ -o conftest -g -O2    conftest.cpp -lGLU   >&5
conftest.cpp:39:5: error: #error no glu.h
 #   error no glu.h
     ^~~~~
conftest.cpp: In function 'int main()':
conftest.cpp:44:1: error: 'gluBeginCurve' was not declared in this scope
 gluBeginCurve(0)
 ^~~~~~~~~~~~~
configure:9120: $? = 1
configure: failed program was:
| /* confdefs.h */
| #define PACKAGE_NAME "GNUbik"
| #define PACKAGE_TARNAME "gnubik"
| #define PACKAGE_VERSION "2.4"
| #define PACKAGE_STRING "GNUbik 2.4"
| #define PACKAGE_BUGREPORT "bug-gnubik@gnu.org"
| #define PACKAGE_URL "http://www.gnu.org/software/gnubik"
| #define PACKAGE "gnubik"
| #define VERSION "2.4"
| #define STDC_HEADERS 1
| #define HAVE_SYS_TYPES_H 1
| #define HAVE_SYS_STAT_H 1
| #define HAVE_STDLIB_H 1
| #define HAVE_STRING_H 1
| #define HAVE_MEMORY_H 1
| #define HAVE_STRINGS_H 1
| #define HAVE_INTTYPES_H 1
| #define HAVE_STDINT_H 1
| #define HAVE_UNISTD_H 1
| #define __EXTENSIONS__ 1
| #define _ALL_SOURCE 1
| #define _GNU_SOURCE 1
| #define _POSIX_PTHREAD_SEMANTICS 1
| #define _TANDEM_SOURCE 1
| #define ENABLE_NLS 1
| #define HAVE_GETTEXT 1
| #define HAVE_DCGETTEXT 1
| #define HAVE_PTHREAD 1
| /* end confdefs.h.  */
| 
| # if defined(HAVE_WINDOWS_H) && defined(_WIN32)
| #   include <windows.h>
| # endif
| # ifdef HAVE_GL_GLU_H
| #   include <GL/glu.h>
| # elif defined(HAVE_OPENGL_GLU_H)
| #   include <OpenGL/glu.h>
| # else
| #   error no glu.h
| # endif
| int
| main ()
| {
| gluBeginCurve(0)
|   ;
|   return 0;
| }
configure:9148: result: no
configure:9208: error: "No GL library seems to be installed"

## ---------------- ##
## Cache variables. ##
## ---------------- ##

ac_cv_build=x86_64-unknown-linux-gnu
ac_cv_c_compiler_gnu=yes
ac_cv_c_const=yes
ac_cv_cxx_compiler_gnu=yes
ac_cv_env_CCC_set=
ac_cv_env_CCC_value=
ac_cv_env_CC_set=
ac_cv_env_CC_value=
ac_cv_env_CFLAGS_set=
ac_cv_env_CFLAGS_value=
ac_cv_env_CPPFLAGS_set=
ac_cv_env_CPPFLAGS_value=
ac_cv_env_CPP_set=
ac_cv_env_CPP_value=
ac_cv_env_CXXFLAGS_set=
ac_cv_env_CXXFLAGS_value=
ac_cv_env_CXX_set=
ac_cv_env_CXX_value=
ac_cv_env_GDK_GL_EXT_CFLAGS_set=
ac_cv_env_GDK_GL_EXT_CFLAGS_value=
ac_cv_env_GDK_GL_EXT_LIBS_set=
ac_cv_env_GDK_GL_EXT_LIBS_value=
ac_cv_env_GDK_PIXBUF_CFLAGS_set=
ac_cv_env_GDK_PIXBUF_CFLAGS_value=
ac_cv_env_GDK_PIXBUF_LIBS_set=
ac_cv_env_GDK_PIXBUF_LIBS_value=
ac_cv_env_GTK_CFLAGS_set=
ac_cv_env_GTK_CFLAGS_value=
ac_cv_env_GTK_GL_EXT_CFLAGS_set=
ac_cv_env_GTK_GL_EXT_CFLAGS_value=
ac_cv_env_GTK_GL_EXT_LIBS_set=
ac_cv_env_GTK_GL_EXT_LIBS_value=
ac_cv_env_GTK_LIBS_set=
ac_cv_env_GTK_LIBS_value=
ac_cv_env_GUILE_CFLAGS_set=
ac_cv_env_GUILE_CFLAGS_value=
ac_cv_env_GUILE_LIBS_set=
ac_cv_env_GUILE_LIBS_value=
ac_cv_env_LDFLAGS_set=
ac_cv_env_LDFLAGS_value=
ac_cv_env_LIBS_set=
ac_cv_env_LIBS_value=
ac_cv_env_PKG_CONFIG_LIBDIR_set=
ac_cv_env_PKG_CONFIG_LIBDIR_value=
ac_cv_env_PKG_CONFIG_PATH_set=
ac_cv_env_PKG_CONFIG_PATH_value=
ac_cv_env_PKG_CONFIG_set=
ac_cv_env_PKG_CONFIG_value=
ac_cv_env_XMKMF_set=
ac_cv_env_XMKMF_value=
ac_cv_env_build_alias_set=
ac_cv_env_build_alias_value=
ac_cv_env_host_alias_set=
ac_cv_env_host_alias_value=
ac_cv_env_target_alias_set=
ac_cv_env_target_alias_value=
ac_cv_func_connect=yes
ac_cv_func_gethostbyname=yes
ac_cv_func_remove=yes
ac_cv_func_shmat=yes
ac_cv_have_x='have_x=yes	ac_x_includes='\'''\''	ac_x_libraries='\'''\'''
ac_cv_header_GL_gl_h=no
ac_cv_header_GL_glu_h=no
ac_cv_header_OpenGL_gl_h=no
ac_cv_header_OpenGL_glu_h=no
ac_cv_header_inttypes_h=yes
ac_cv_header_memory_h=yes
ac_cv_header_minix_config_h=no
ac_cv_header_stdc=yes
ac_cv_header_stdint_h=yes
ac_cv_header_stdlib_h=yes
ac_cv_header_string_h=yes
ac_cv_header_strings_h=yes
ac_cv_header_sys_stat_h=yes
ac_cv_header_sys_types_h=yes
ac_cv_header_unistd_h=yes
ac_cv_header_windows_h=no
ac_cv_host=x86_64-unknown-linux-gnu
ac_cv_lib_ICE_IceConnectionNumber=yes
ac_cv_objext=o
ac_cv_path_EGREP='/bin/grep -E'
ac_cv_path_GMSGFMT=/usr/bin/msgfmt
ac_cv_path_GREP=/bin/grep
ac_cv_path_MSGFMT=/usr/bin/msgfmt
ac_cv_path_MSGMERGE=/usr/bin/msgmerge
ac_cv_path_XGETTEXT=/usr/bin/xgettext
ac_cv_path_ac_pt_PKG_CONFIG=/usr/bin/pkg-config
ac_cv_path_install='/usr/bin/install -c'
ac_cv_path_mkdir=/bin/mkdir
ac_cv_prog_AWK=gawk
ac_cv_prog_CPP='gcc -E'
ac_cv_prog_ac_ct_CC=gcc
ac_cv_prog_ac_ct_CXX=g++
ac_cv_prog_cc_c89=
ac_cv_prog_cc_g=yes
ac_cv_prog_cc_gcc_c_o=yes
ac_cv_prog_cxx_g=yes
ac_cv_prog_make_make_set=yes
ac_cv_safe_to_define___extensions__=yes
acl_cv_hardcode_direct=no
acl_cv_hardcode_libdir_flag_spec='${wl}-rpath ${wl}$libdir'
acl_cv_hardcode_libdir_separator=
acl_cv_hardcode_minus_L=no
acl_cv_libext=a
acl_cv_libname_spec='lib$name'
acl_cv_library_names_spec='$libname$shrext'
acl_cv_path_LD=/usr/bin/ld
acl_cv_prog_gnu_ld=yes
acl_cv_rpath=done
acl_cv_shlibext=so
acl_cv_wl=-Wl,
am_cv_CC_dependencies_compiler_type=gcc3
am_cv_CXX_dependencies_compiler_type=gcc3
ax_cv_c_compiler_ms=no
ax_cv_check_gl_libgl=no
ax_cv_check_glu_libglu=no
gt_cv_func_CFLocaleCopyCurrent=no
gt_cv_func_CFPreferencesCopyAppValue=no
gt_cv_func_gnugettext2_libc=yes

## ----------------- ##
## Output variables. ##
## ----------------- ##

ACLOCAL='${SHELL} /home/carolhanna/Security_Project/gnu_dataset/gnubik-2.4/build-aux/missing --run aclocal-1.11'
AMDEPBACKSLASH='\'
AMDEP_FALSE='#'
AMDEP_TRUE=''
AMTAR='${SHELL} /home/carolhanna/Security_Project/gnu_dataset/gnubik-2.4/build-aux/missing --run tar'
AUTOCONF='${SHELL} /home/carolhanna/Security_Project/gnu_dataset/gnubik-2.4/build-aux/missing --run autoconf'
AUTOHEADER='${SHELL} /home/carolhanna/Security_Project/gnu_dataset/gnubik-2.4/build-aux/missing --run autoheader'
AUTOMAKE='${SHELL} /home/carolhanna/Security_Project/gnu_dataset/gnubik-2.4/build-aux/missing --run automake-1.11'
AWK='gawk'
CC='gcc'
CCDEPMODE='depmode=gcc3'
CFLAGS='-g -O2'
CPP='gcc -E'
CPPFLAGS=''
CXX='g++'
CXXDEPMODE='depmode=gcc3'
CXXFLAGS='-g -O2'
CYGPATH_W='echo'
DEFS=''
DEPDIR='.deps'
ECHO_C=''
ECHO_N='-n'
ECHO_T=''
EGREP='/bin/grep -E'
EXEEXT=''
GDK_GL_EXT_CFLAGS=''
GDK_GL_EXT_LIBS=''
GDK_PIXBUF_CFLAGS=''
GDK_PIXBUF_LIBS=''
GETTEXT_MACRO_VERSION='0.18'
GLUT_CFLAGS=''
GLUT_LIBS=''
GLU_CFLAGS=''
GLU_LIBS=''
GL_CFLAGS=''
GL_LIBS=''
GMSGFMT='/usr/bin/msgfmt'
GMSGFMT_015='/usr/bin/msgfmt'
GREP='/bin/grep'
GTK_CFLAGS=''
GTK_GL_EXT_CFLAGS=''
GTK_GL_EXT_LIBS=''
GTK_LIBS=''
GUILE_CFLAGS=''
GUILE_LIBS=''
INSTALL_DATA='${INSTALL} -m 644'
INSTALL_PROGRAM='${INSTALL}'
INSTALL_SCRIPT='${INSTALL}'
INSTALL_STRIP_PROGRAM='$(install_sh) -c -s'
INTLLIBS=''
INTL_MACOSX_LIBS=''
LDFLAGS=''
LIBICONV='-liconv'
LIBINTL=''
LIBOBJS=''
LIBS=''
LTLIBICONV='-liconv'
LTLIBINTL=''
LTLIBOBJS=''
MAKEINFO='${SHELL} /home/carolhanna/Security_Project/gnu_dataset/gnubik-2.4/build-aux/missing --run makeinfo'
MKDIR_P='/bin/mkdir -p'
MSGFMT='/usr/bin/msgfmt'
MSGFMT_015='/usr/bin/msgfmt'
MSGMERGE='/usr/bin/msgmerge'
OBJEXT='o'
PACKAGE='gnubik'
PACKAGE_BUGREPORT='bug-gnubik@gnu.org'
PACKAGE_NAME='GNUbik'
PACKAGE_STRING='GNUbik 2.4'
PACKAGE_TARNAME='gnubik'
PACKAGE_URL='http://www.gnu.org/software/gnubik'
PACKAGE_VERSION='2.4'
PATH_SEPARATOR=':'
PKG_CONFIG='/usr/bin/pkg-config'
PKG_CONFIG_LIBDIR=''
PKG_CONFIG_PATH=''
POSUB='po'
PTHREAD_CC='gcc'
PTHREAD_CFLAGS='-pthread'
PTHREAD_LIBS=''
SET_MAKE=''
SHELL='/bin/bash'
STRIP=''
USE_NLS='yes'
VERSION='2.4'
XGETTEXT='/usr/bin/xgettext'
XGETTEXT_015='/usr/bin/xgettext'
XGETTEXT_EXTRA_OPTIONS=''
XMKMF=''
X_CFLAGS=''
X_EXTRA_LIBS=''
X_LIBS=''
X_PRE_LIBS=' -lSM -lICE'
ac_ct_CC='gcc'
ac_ct_CXX='g++'
am__EXEEXT_FALSE=''
am__EXEEXT_TRUE=''
am__fastdepCC_FALSE='#'
am__fastdepCC_TRUE=''
am__fastdepCXX_FALSE='#'
am__fastdepCXX_TRUE=''
am__include='include'
am__isrc=''
am__leading_dot='.'
am__quote=''
am__tar='${AMTAR} chof - "$$tardir"'
am__untar='${AMTAR} xf -'
ax_pthread_config=''
bindir='${exec_prefix}/bin'
build='x86_64-unknown-linux-gnu'
build_alias=''
build_cpu='x86_64'
build_os='linux-gnu'
build_vendor='unknown'
cc_is_gcc_FALSE='#'
cc_is_gcc_TRUE=''
datadir='${datarootdir}'
datarootdir='${prefix}/share'
docdir='${datarootdir}/doc/${PACKAGE_TARNAME}'
dvidir='${docdir}'
exec_prefix='NONE'
host='x86_64-unknown-linux-gnu'
host_alias=''
host_cpu='x86_64'
host_os='linux-gnu'
host_vendor='unknown'
htmldir='${docdir}'
includedir='${prefix}/include'
infodir='${datarootdir}/info'
install_sh='${SHELL} /home/carolhanna/Security_Project/gnu_dataset/gnubik-2.4/build-aux/install-sh'
libdir='${exec_prefix}/lib'
libexecdir='${exec_prefix}/libexec'
localedir='${datarootdir}/locale'
localstatedir='${prefix}/var'
mandir='${datarootdir}/man'
mkdir_p='/bin/mkdir -p'
oldincludedir='/usr/include'
pdfdir='${docdir}'
prefix='NONE'
program_transform_name='s,x,x,'
psdir='${docdir}'
sbindir='${exec_prefix}/sbin'
sharedstatedir='${prefix}/com'
sysconfdir='${prefix}/etc'
target_alias=''

## ----------- ##
## confdefs.h. ##
## ----------- ##

/* confdefs.h */
#define PACKAGE_NAME "GNUbik"
#define PACKAGE_TARNAME "gnubik"
#define PACKAGE_VERSION "2.4"
#define PACKAGE_STRING "GNUbik 2.4"
#define PACKAGE_BUGREPORT "bug-gnubik@gnu.org"
#define PACKAGE_URL "http://www.gnu.org/software/gnubik"
#define PACKAGE "gnubik"
#define VERSION "2.4"
#define STDC_HEADERS 1
#define HAVE_SYS_TYPES_H 1
#define HAVE_SYS_STAT_H 1
#define HAVE_STDLIB_H 1
#define HAVE_STRING_H 1
#define HAVE_MEMORY_H 1
#define HAVE_STRINGS_H 1
#define HAVE_INTTYPES_H 1
#define HAVE_STDINT_H 1
#define HAVE_UNISTD_H 1
#define __EXTENSIONS__ 1
#define _ALL_SOURCE 1
#define _GNU_SOURCE 1
#define _POSIX_PTHREAD_SEMANTICS 1
#define _TANDEM_SOURCE 1
#define ENABLE_NLS 1
#define HAVE_GETTEXT 1
#define HAVE_DCGETTEXT 1
#define HAVE_PTHREAD 1

configure: exit 1
