This file contains any messages produced by compilers while
running configure, to aid debugging if configure makes a mistake.

configure:754: checking for a BSD compatible install
configure:807: checking whether build environment is sane
configure:864: checking whether make sets ${MAKE}
configure:910: checking for working aclocal
configure:923: checking for working autoconf
configure:936: checking for working automake
configure:949: checking for working autoheader
configure:962: checking for working makeinfo
configure:1023: checking for perl
configure:1093: checking for Cygwin environment
configure:1109: cc -c   conftest.c 1>&5
configure: In function 'main':
configure:1103:20: error: '__CYGWIN32__' undeclared (first use in this function); did you mean '__CYGWIN__'?
 #define __CYGWIN__ __CYGWIN32__
                    ^
configure:1105:8: note: in expansion of macro '__CYGWIN__'
 return __CYGWIN__;
        ^~~~~~~~~~
configure:1103:20: note: each undeclared identifier is reported only once for each function it appears in
 #define __CYGWIN__ __CYGWIN32__
                    ^
configure:1105:8: note: in expansion of macro '__CYGWIN__'
 return __CYGWIN__;
        ^~~~~~~~~~
configure: failed program was:
#line 1098 "configure"
#include "confdefs.h"

int main() {

#ifndef __CYGWIN__
#define __CYGWIN__ __CYGWIN32__
#endif
return __CYGWIN__;
; return 0; }
configure:1126: checking for mingw32 environment
configure:1138: cc -c   conftest.c 1>&5
configure: In function 'main':
configure:1134:8: error: '__MINGW32__' undeclared (first use in this function); did you mean '__INT32_C'?
 return __MINGW32__;
        ^~~~~~~~~~~
        __INT32_C
configure:1134:8: note: each undeclared identifier is reported only once for each function it appears in
configure: failed program was:
#line 1131 "configure"
#include "confdefs.h"

int main() {
return __MINGW32__;
; return 0; }
configure:1155: checking how to run the C preprocessor
configure:1176: cc -E  conftest.c >/dev/null 2>conftest.out
configure:1287: checking host system type
configure:1308: checking build system type
configure:1328: checking for gcc
configure:1441: checking whether the C compiler (gcc  ) works
configure:1457: gcc -o conftest    conftest.c  1>&5
configure:1454:1: warning: return type defaults to 'int' [-Wimplicit-int]
 main(){return(0);}
 ^~~~
configure:1483: checking whether the C compiler (gcc  ) is a cross-compiler
configure:1488: checking whether we are using GNU C
configure:1497: gcc -E conftest.c
configure:1516: checking whether gcc accepts -g
configure:1559: checking for ld used by GCC
configure:1627: checking if the linker (/usr/bin/ld) is GNU ld
GNU ld (GNU Binutils for Ubuntu) 2.30
configure:1644: checking for /usr/bin/ld option to reload object files
configure:1656: checking for BSD-compatible nm
configure:1694: checking whether ln -s works
configure:1715: checking how to recognise dependant libraries
configure:1888: checking for object suffix
configure:1894: gcc -c -g -O2  conftest.c 1>&5
configure:1914: checking for executable suffix
configure:1924: gcc -o conftest -g -O2   conftest.c  1>&5
configure:1955: checking command to parse /usr/bin/nm -B output
configure:2031: gcc -c -g -O2  conftest.c 1>&5
configure:2034: /usr/bin/nm -B conftest.o | sed -n -e 's/^.*[ ]\([ABCDGISTW][ABCDGISTW]*\)[ ][ ]*\(\)\([_A-Za-z][_A-Za-z0-9]*\)$/  /p' > conftest.nm
configure:2085: gcc -o conftest -g -O2   conftest.c conftstm.o 1>&5
configure:2131: checking for dlfcn.h
configure:2141: cc -E  conftest.c >/dev/null 2>conftest.out
configure:2176: checking for file
configure:2309: checking for ranlib
configure:2376: checking for strip
configure:2612: checking for objdir
configure:2639: checking for gcc option to produce PIC
configure:2791: checking if gcc PIC flag -fPIC works
configure:2805: gcc -c -g -O2 -fPIC -DPIC  conftest.c 1>&5
configure:2857: checking if gcc static flag -static works
configure:2872: gcc -o conftest -g -O2   -static conftest.c  1>&5
configure:2899: checking if gcc supports -c -o file.o
configure:2918: gcc -c -g -O2 -o out/conftest2.o  conftest.c 1>&5
configure:2947: checking if gcc supports -c -o file.lo
configure:2963: gcc -c -g -O2 -c -o conftest.lo  conftest.c 1>&5
configure:3012: checking if gcc supports -fno-rtti -fno-exceptions
configure:3025: gcc -c -g -O2 -fno-rtti -fno-exceptions -c conftest.c  conftest.c 1>&5
cc1: warning: command line option '-fno-rtti' is valid for C++/ObjC++ but not for C
cc1: warning: command line option '-fno-rtti' is valid for C++/ObjC++ but not for C
configure:3052: checking whether the linker (/usr/bin/ld) supports shared libraries
configure:3668: checking how to hardcode library paths into programs
configure:3696: checking whether stripping libraries is possible
configure:3710: checking dynamic linker characteristics
configure:4096: checking if libtool supports shared libraries
configure:4589: checking whether -lc should be explicitly linked in
configure:4596: gcc -c -g -O2  conftest.c 1>&5
configure:4609: gcc -shared conftest.o  -v -Wl,-soname -Wl,conftest -o conftest 2>&1 | grep  -lc  >/dev/null 2>&1
configure:5259: checking for gnome-config
configure:5474: checking for gnomeConf.sh file in /usr/local/lib
