classes/edma_tools/general/EDMA_CIDF.ines
classes/edma_tools/general/EDMA_SCRIPT.ines
classes/edma_tools/idf_wizard_support/EDMAIDF_BUILDER.ines
classes/edma_tools/idf_wizard_support/EDMA_C_IMP_BUILDER.ines
classes/edma_tools/idf_wizard_support/EDMA_COM_IMP_BUILDER.ines
classes/edma_tools/idf_wizard_support/EDMA_INES_BUILDER.ines
classes/edma_tools/idf_wizard_support/AUTOTOOLS_PROJECT.ines
classes/edma_tools/idf_wizard_support/EDMA_MAKE_BUILDER.ines
classes/edma_tools/idf_wizard_support/EDMA_C_INTERFACE_BUILDER.ines
classes/support/portable1/datamng/VECTOR.ines
classes/support/portable1/datamng/QUEUE.ines
classes/support/portable1/files/stream/STREAM.ines
classes/support/portable1/files/nfile/NFILE.ines
classes/support/portable1/files/stream/MEMORY_STREAM.ines
classes/support/portable1/files/ndirectory/NDIRECTORY.ines
classes/support/patterns/SINGLETON.ines
classes/support/dii/EDMA_DII.ines
classes/systems/runable/RUNABLE.ines
classes/edma_tools/general/SERIALIZER.ines
classes/edma_tools/general/MULTI_SERIALIZER.ines
classes/examples/hello_world/HELLO_WORLD.ines
