This file contains any messages produced by compilers while
running configure, to aid debugging if configure makes a mistake.

It was created by gnuedma configure 0.18.1, which was
generated by GNU Autoconf 2.65.  Invocation command line was

  $ ./configure 

## --------- ##
## Platform. ##
## --------- ##

hostname = rishon
uname -m = x86_64
uname -r = 4.15.0-72-generic
uname -s = Linux
uname -v = #81-Ubuntu SMP Tue Nov 26 12:20:02 UTC 2019

/usr/bin/uname -p = unknown
/bin/uname -X     = unknown

/bin/arch              = unknown
/usr/bin/arch -k       = unknown
/usr/convex/getsysinfo = unknown
/usr/bin/hostinfo      = unknown
/bin/machine           = unknown
/usr/bin/oslevel       = unknown
/bin/universe          = unknown

PATH: /home/carolhanna/miniconda3/bin
PATH: /home/carolhanna/miniconda3/condabin
PATH: /usr/local/sbin
PATH: /usr/local/bin
PATH: /usr/sbin
PATH: /usr/bin
PATH: /sbin
PATH: /bin
PATH: /usr/games
PATH: /usr/local/games
PATH: /snap/bin


## ----------- ##
## Core tests. ##
## ----------- ##

configure:2546: checking for a BSD-compatible install
configure:2614: result: /usr/bin/install -c
configure:2625: checking whether build environment is sane
configure:2675: result: yes
configure:2816: checking for a thread-safe mkdir -p
configure:2855: result: /bin/mkdir -p
configure:2868: checking for gawk
configure:2884: found /usr/bin/gawk
configure:2895: result: gawk
configure:2906: checking whether make sets $(MAKE)
configure:2928: result: yes
configure:3014: checking for gawk
configure:3041: result: gawk
configure:3100: checking for gcc
configure:3116: found /usr/bin/gcc
configure:3127: result: gcc
configure:3356: checking for C compiler version
configure:3365: gcc --version >&5
gcc (Ubuntu 7.5.0-3ubuntu1~18.04) 7.5.0
Copyright (C) 2017 Free Software Foundation, Inc.
This is free software; see the source for copying conditions.  There is NO
warranty; not even for MERCHANTABILITY or FITNESS FOR A PARTICULAR PURPOSE.

configure:3376: $? = 0
configure:3365: gcc -v >&5
Using built-in specs.
COLLECT_GCC=gcc
COLLECT_LTO_WRAPPER=/usr/lib/gcc/x86_64-linux-gnu/7/lto-wrapper
OFFLOAD_TARGET_NAMES=nvptx-none
OFFLOAD_TARGET_DEFAULT=1
Target: x86_64-linux-gnu
Configured with: ../src/configure -v --with-pkgversion='Ubuntu 7.5.0-3ubuntu1~18.04' --with-bugurl=file:///usr/share/doc/gcc-7/README.Bugs --enable-languages=c,ada,c++,go,brig,d,fortran,objc,obj-c++ --prefix=/usr --with-gcc-major-version-only --program-suffix=-7 --program-prefix=x86_64-linux-gnu- --enable-shared --enable-linker-build-id --libexecdir=/usr/lib --without-included-gettext --enable-threads=posix --libdir=/usr/lib --enable-nls --enable-bootstrap --enable-clocale=gnu --enable-libstdcxx-debug --enable-libstdcxx-time=yes --with-default-libstdcxx-abi=new --enable-gnu-unique-object --disable-vtable-verify --enable-libmpx --enable-plugin --enable-default-pie --with-system-zlib --with-target-system-zlib --enable-objc-gc=auto --enable-multiarch --disable-werror --with-arch-32=i686 --with-abi=m64 --with-multilib-list=m32,m64,mx32 --enable-multilib --with-tune=generic --enable-offload-targets=nvptx-none --without-cuda-driver --enable-checking=release --build=x86_64-linux-gnu --host=x86_64-linux-gnu --target=x86_64-linux-gnu
Thread model: posix
gcc version 7.5.0 (Ubuntu 7.5.0-3ubuntu1~18.04) 
configure:3376: $? = 0
configure:3365: gcc -V >&5
gcc: error: unrecognized command line option '-V'
gcc: fatal error: no input files
compilation terminated.
configure:3376: $? = 1
configure:3365: gcc -qversion >&5
gcc: error: unrecognized command line option '-qversion'; did you mean '--version'?
gcc: fatal error: no input files
compilation terminated.
configure:3376: $? = 1
configure:3396: checking whether the C compiler works
configure:3418: gcc    conftest.c  >&5
configure:3422: $? = 0
configure:3471: result: yes
configure:3474: checking for C compiler default output file name
configure:3476: result: a.out
configure:3482: checking for suffix of executables
configure:3489: gcc -o conftest    conftest.c  >&5
configure:3493: $? = 0
configure:3515: result: 
configure:3537: checking whether we are cross compiling
configure:3545: gcc -o conftest    conftest.c  >&5
configure:3549: $? = 0
configure:3556: ./conftest
configure:3560: $? = 0
configure:3575: result: no
configure:3580: checking for suffix of object files
configure:3602: gcc -c   conftest.c >&5
configure:3606: $? = 0
configure:3627: result: o
configure:3631: checking whether we are using the GNU C compiler
configure:3650: gcc -c   conftest.c >&5
configure:3650: $? = 0
configure:3659: result: yes
configure:3668: checking whether gcc accepts -g
configure:3688: gcc -c -g  conftest.c >&5
configure:3688: $? = 0
configure:3729: result: yes
configure:3746: checking for gcc option to accept ISO C89
configure:3810: gcc  -c -g -O2  conftest.c >&5
configure:3810: $? = 0
configure:3823: result: none needed
configure:3854: checking for style of include used by make
configure:3882: result: GNU
configure:3907: checking dependency style of gcc
configure:4017: result: gcc3
configure:4037: checking how to run the C preprocessor
configure:4068: gcc -E  conftest.c
configure:4068: $? = 0
configure:4082: gcc -E  conftest.c
conftest.c:11:10: fatal error: ac_nonexistent.h: No such file or directory
 #include <ac_nonexistent.h>
          ^~~~~~~~~~~~~~~~~~
compilation terminated.
configure:4082: $? = 1
configure: failed program was:
| /* confdefs.h */
| #define PACKAGE_NAME "gnuedma"
| #define PACKAGE_TARNAME "gnuedma"
| #define PACKAGE_VERSION "0.18.1"
| #define PACKAGE_STRING "gnuedma 0.18.1"
| #define PACKAGE_BUGREPORT ""
| #define PACKAGE_URL ""
| #define PACKAGE "gnuedma"
| #define VERSION "0.18.1"
| /* end confdefs.h.  */
| #include <ac_nonexistent.h>
configure:4107: result: gcc -E
configure:4127: gcc -E  conftest.c
configure:4127: $? = 0
configure:4141: gcc -E  conftest.c
conftest.c:11:10: fatal error: ac_nonexistent.h: No such file or directory
 #include <ac_nonexistent.h>
          ^~~~~~~~~~~~~~~~~~
compilation terminated.
configure:4141: $? = 1
configure: failed program was:
| /* confdefs.h */
| #define PACKAGE_NAME "gnuedma"
| #define PACKAGE_TARNAME "gnuedma"
| #define PACKAGE_VERSION "0.18.1"
| #define PACKAGE_STRING "gnuedma 0.18.1"
| #define PACKAGE_BUGREPORT ""
| #define PACKAGE_URL ""
| #define PACKAGE "gnuedma"
| #define VERSION "0.18.1"
| /* end confdefs.h.  */
| #include <ac_nonexistent.h>
configure:4170: checking whether make sets $(MAKE)
configure:4192: result: yes
configure:4201: checking whether ln -s works
configure:4205: result: yes
configure:4291: checking build system type
configure:4305: result: x86_64-unknown-linux-gnu
configure:4325: checking host system type
configure:4338: result: x86_64-unknown-linux-gnu
configure:4358: checking for a sed that does not truncate output
configure:4414: result: /bin/sed
configure:4417: checking for grep that handles long lines and -e
configure:4475: result: /bin/grep
configure:4480: checking for egrep
configure:4542: result: /bin/grep -E
configure:4558: checking for ld used by gcc
configure:4625: result: /usr/bin/ld
configure:4632: checking if the linker (/usr/bin/ld) is GNU ld
configure:4647: result: yes
configure:4652: checking for /usr/bin/ld option to reload object files
configure:4659: result: -r
configure:4677: checking for BSD-compatible nm
configure:4726: result: /usr/bin/nm -B
configure:4730: checking how to recognize dependent libraries
configure:4916: result: pass_all
configure:5005: gcc -c -g -O2  conftest.c >&5
configure:5008: $? = 0
configure:5132: checking for ANSI C header files
configure:5152: gcc -c -g -O2  conftest.c >&5
configure:5152: $? = 0
configure:5225: gcc -o conftest -g -O2   conftest.c  >&5
configure:5225: $? = 0
configure:5225: ./conftest
configure:5225: $? = 0
configure:5236: result: yes
configure:5249: checking for sys/types.h
configure:5249: gcc -c -g -O2  conftest.c >&5
configure:5249: $? = 0
configure:5249: result: yes
configure:5249: checking for sys/stat.h
configure:5249: gcc -c -g -O2  conftest.c >&5
configure:5249: $? = 0
configure:5249: result: yes
configure:5249: checking for stdlib.h
configure:5249: gcc -c -g -O2  conftest.c >&5
configure:5249: $? = 0
configure:5249: result: yes
configure:5249: checking for string.h
configure:5249: gcc -c -g -O2  conftest.c >&5
configure:5249: $? = 0
configure:5249: result: yes
configure:5249: checking for memory.h
configure:5249: gcc -c -g -O2  conftest.c >&5
configure:5249: $? = 0
configure:5249: result: yes
configure:5249: checking for strings.h
configure:5249: gcc -c -g -O2  conftest.c >&5
configure:5249: $? = 0
configure:5249: result: yes
configure:5249: checking for inttypes.h
configure:5249: gcc -c -g -O2  conftest.c >&5
configure:5249: $? = 0
configure:5249: result: yes
configure:5249: checking for stdint.h
configure:5249: gcc -c -g -O2  conftest.c >&5
configure:5249: $? = 0
configure:5249: result: yes
configure:5249: checking for unistd.h
configure:5249: gcc -c -g -O2  conftest.c >&5
configure:5249: $? = 0
configure:5249: result: yes
configure:5264: checking dlfcn.h usability
configure:5264: gcc -c -g -O2  conftest.c >&5
configure:5264: $? = 0
configure:5264: result: yes
configure:5264: checking dlfcn.h presence
configure:5264: gcc -E  conftest.c
configure:5264: $? = 0
configure:5264: result: yes
configure:5264: checking for dlfcn.h
configure:5264: result: yes
configure:5332: checking for g++
configure:5348: found /usr/bin/g++
configure:5359: result: g++
configure:5386: checking for C++ compiler version
configure:5395: g++ --version >&5
g++ (Ubuntu 7.5.0-3ubuntu1~18.04) 7.5.0
Copyright (C) 2017 Free Software Foundation, Inc.
This is free software; see the source for copying conditions.  There is NO
warranty; not even for MERCHANTABILITY or FITNESS FOR A PARTICULAR PURPOSE.

configure:5406: $? = 0
configure:5395: g++ -v >&5
Using built-in specs.
COLLECT_GCC=g++
COLLECT_LTO_WRAPPER=/usr/lib/gcc/x86_64-linux-gnu/7/lto-wrapper
OFFLOAD_TARGET_NAMES=nvptx-none
OFFLOAD_TARGET_DEFAULT=1
Target: x86_64-linux-gnu
Configured with: ../src/configure -v --with-pkgversion='Ubuntu 7.5.0-3ubuntu1~18.04' --with-bugurl=file:///usr/share/doc/gcc-7/README.Bugs --enable-languages=c,ada,c++,go,brig,d,fortran,objc,obj-c++ --prefix=/usr --with-gcc-major-version-only --program-suffix=-7 --program-prefix=x86_64-linux-gnu- --enable-shared --enable-linker-build-id --libexecdir=/usr/lib --without-included-gettext --enable-threads=posix --libdir=/usr/lib --enable-nls --enable-bootstrap --enable-clocale=gnu --enable-libstdcxx-debug --enable-libstdcxx-time=yes --with-default-libstdcxx-abi=new --enable-gnu-unique-object --disable-vtable-verify --enable-libmpx --enable-plugin --enable-default-pie --with-system-zlib --with-target-system-zlib --enable-objc-gc=auto --enable-multiarch --disable-werror --with-arch-32=i686 --with-abi=m64 --with-multilib-list=m32,m64,mx32 --enable-multilib --with-tune=generic --enable-offload-targets=nvptx-none --without-cuda-driver --enable-checking=release --build=x86_64-linux-gnu --host=x86_64-linux-gnu --target=x86_64-linux-gnu
Thread model: posix
gcc version 7.5.0 (Ubuntu 7.5.0-3ubuntu1~18.04) 
configure:5406: $? = 0
configure:5395: g++ -V >&5
g++: error: unrecognized command line option '-V'
g++: fatal error: no input files
compilation terminated.
configure:5406: $? = 1
configure:5395: g++ -qversion >&5
g++: error: unrecognized command line option '-qversion'; did you mean '--version'?
g++: fatal error: no input files
compilation terminated.
configure:5406: $? = 1
configure:5410: checking whether we are using the GNU C++ compiler
configure:5429: g++ -c   conftest.cpp >&5
configure:5429: $? = 0
configure:5438: result: yes
configure:5447: checking whether g++ accepts -g
configure:5467: g++ -c -g  conftest.cpp >&5
configure:5467: $? = 0
configure:5508: result: yes
configure:5533: checking dependency style of g++
configure:5643: result: gcc3
configure:5668: checking how to run the C++ preprocessor
configure:5695: g++ -E  conftest.cpp
configure:5695: $? = 0
configure:5709: g++ -E  conftest.cpp
conftest.cpp:22:10: fatal error: ac_nonexistent.h: No such file or directory
 #include <ac_nonexistent.h>
          ^~~~~~~~~~~~~~~~~~
compilation terminated.
configure:5709: $? = 1
configure: failed program was:
| /* confdefs.h */
| #define PACKAGE_NAME "gnuedma"
| #define PACKAGE_TARNAME "gnuedma"
| #define PACKAGE_VERSION "0.18.1"
| #define PACKAGE_STRING "gnuedma 0.18.1"
| #define PACKAGE_BUGREPORT ""
| #define PACKAGE_URL ""
| #define PACKAGE "gnuedma"
| #define VERSION "0.18.1"
| #define STDC_HEADERS 1
| #define HAVE_SYS_TYPES_H 1
| #define HAVE_SYS_STAT_H 1
| #define HAVE_STDLIB_H 1
| #define HAVE_STRING_H 1
| #define HAVE_MEMORY_H 1
| #define HAVE_STRINGS_H 1
| #define HAVE_INTTYPES_H 1
| #define HAVE_STDINT_H 1
| #define HAVE_UNISTD_H 1
| #define HAVE_DLFCN_H 1
| /* end confdefs.h.  */
| #include <ac_nonexistent.h>
configure:5734: result: g++ -E
configure:5754: g++ -E  conftest.cpp
configure:5754: $? = 0
configure:5768: g++ -E  conftest.cpp
conftest.cpp:22:10: fatal error: ac_nonexistent.h: No such file or directory
 #include <ac_nonexistent.h>
          ^~~~~~~~~~~~~~~~~~
compilation terminated.
configure:5768: $? = 1
configure: failed program was:
| /* confdefs.h */
| #define PACKAGE_NAME "gnuedma"
| #define PACKAGE_TARNAME "gnuedma"
| #define PACKAGE_VERSION "0.18.1"
| #define PACKAGE_STRING "gnuedma 0.18.1"
| #define PACKAGE_BUGREPORT ""
| #define PACKAGE_URL ""
| #define PACKAGE "gnuedma"
| #define VERSION "0.18.1"
| #define STDC_HEADERS 1
| #define HAVE_SYS_TYPES_H 1
| #define HAVE_SYS_STAT_H 1
| #define HAVE_STDLIB_H 1
| #define HAVE_STRING_H 1
| #define HAVE_MEMORY_H 1
| #define HAVE_STRINGS_H 1
| #define HAVE_INTTYPES_H 1
| #define HAVE_STDINT_H 1
| #define HAVE_UNISTD_H 1
| #define HAVE_DLFCN_H 1
| /* end confdefs.h.  */
| #include <ac_nonexistent.h>
configure:5852: checking for g77
configure:5882: result: no
configure:5852: checking for xlf
configure:5882: result: no
configure:5852: checking for f77
configure:5868: found /usr/bin/f77
configure:5879: result: f77
configure:5905: checking for Fortran 77 compiler version
configure:5914: f77 --version >&5
GNU Fortran (Ubuntu 7.5.0-3ubuntu1~18.04) 7.5.0
Copyright (C) 2017 Free Software Foundation, Inc.
This is free software; see the source for copying conditions.  There is NO
warranty; not even for MERCHANTABILITY or FITNESS FOR A PARTICULAR PURPOSE.

configure:5925: $? = 0
configure:5914: f77 -v >&5
Using built-in specs.
COLLECT_GCC=f77
COLLECT_LTO_WRAPPER=/usr/lib/gcc/x86_64-linux-gnu/7/lto-wrapper
OFFLOAD_TARGET_NAMES=nvptx-none
OFFLOAD_TARGET_DEFAULT=1
Target: x86_64-linux-gnu
Configured with: ../src/configure -v --with-pkgversion='Ubuntu 7.5.0-3ubuntu1~18.04' --with-bugurl=file:///usr/share/doc/gcc-7/README.Bugs --enable-languages=c,ada,c++,go,brig,d,fortran,objc,obj-c++ --prefix=/usr --with-gcc-major-version-only --program-suffix=-7 --program-prefix=x86_64-linux-gnu- --enable-shared --enable-linker-build-id --libexecdir=/usr/lib --without-included-gettext --enable-threads=posix --libdir=/usr/lib --enable-nls --enable-bootstrap --enable-clocale=gnu --enable-libstdcxx-debug --enable-libstdcxx-time=yes --with-default-libstdcxx-abi=new --enable-gnu-unique-object --disable-vtable-verify --enable-libmpx --enable-plugin --enable-default-pie --with-system-zlib --with-target-system-zlib --enable-objc-gc=auto --enable-multiarch --disable-werror --with-arch-32=i686 --with-abi=m64 --with-multilib-list=m32,m64,mx32 --enable-multilib --with-tune=generic --enable-offload-targets=nvptx-none --without-cuda-driver --enable-checking=release --build=x86_64-linux-gnu --host=x86_64-linux-gnu --target=x86_64-linux-gnu
Thread model: posix
gcc version 7.5.0 (Ubuntu 7.5.0-3ubuntu1~18.04) 
configure:5925: $? = 0
configure:5914: f77 -V >&5
f77: error: unrecognized command line option '-V'
f77: fatal error: no input files
compilation terminated.
configure:5925: $? = 1
configure:5914: f77 -qversion >&5
f77: error: unrecognized command line option '-qversion'; did you mean '--version'?
f77: fatal error: no input files
compilation terminated.
configure:5925: $? = 1
configure:5934: checking whether we are using the GNU Fortran 77 compiler
configure:5947: f77 -c  conftest.F >&5
configure:5947: $? = 0
configure:5956: result: yes
configure:5962: checking whether f77 accepts -g
configure:5973: f77 -c -g conftest.f >&5
configure:5973: $? = 0
configure:5981: result: yes
configure:6014: checking the maximum length of command line arguments
configure:6126: result: 1572864
configure:6138: checking command to parse /usr/bin/nm -B output from gcc object
configure:6243: gcc -c -g -O2  conftest.c >&5
configure:6246: $? = 0
configure:6250: /usr/bin/nm -B conftest.o \| sed -n -e 's/^.*[ 	]\([ABCDGIRSTW][ABCDGIRSTW]*\)[ 	][ 	]*\([_A-Za-z][_A-Za-z0-9]*\)$/\1 \2 \2/p' \> conftest.nm
configure:6253: $? = 0
configure:6305: gcc -o conftest -g -O2   conftest.c conftstm.o >&5
configure:6308: $? = 0
configure:6346: result: ok
configure:6350: checking for objdir
configure:6365: result: .libs
configure:6457: checking for ar
configure:6473: found /usr/bin/ar
configure:6484: result: ar
configure:6549: checking for ranlib
configure:6565: found /usr/bin/ranlib
configure:6576: result: ranlib
configure:6641: checking for strip
configure:6657: found /usr/bin/strip
configure:6668: result: strip
configure:7229: checking if gcc supports -fno-rtti -fno-exceptions
configure:7247: gcc -c -g -O2  -fno-rtti -fno-exceptions conftest.c >&5
cc1: warning: command line option '-fno-rtti' is valid for C++/ObjC++ but not for C
configure:7251: $? = 0
configure:7264: result: no
configure:7279: checking for gcc option to produce PIC
configure:7511: result: -fPIC
configure:7519: checking if gcc PIC flag -fPIC works
configure:7537: gcc -c -g -O2  -fPIC -DPIC conftest.c >&5
configure:7541: $? = 0
configure:7554: result: yes
configure:7582: checking if gcc static flag -static works
configure:7610: result: yes
configure:7620: checking if gcc supports -c -o file.o
configure:7641: gcc -c -g -O2  -o out/conftest2.o conftest.c >&5
configure:7645: $? = 0
configure:7667: result: yes
configure:7693: checking whether the gcc linker (/usr/bin/ld -m elf_x86_64) supports shared libraries
configure:8620: result: yes
configure:8641: checking whether -lc should be explicitly linked in
configure:8646: gcc -c -g -O2  conftest.c >&5
configure:8649: $? = 0
configure:8664: gcc -shared conftest.o  -v -Wl,-soname -Wl,conftest -o conftest 2\>\&1 \| grep  -lc  \>/dev/null 2\>\&1
configure:8667: $? = 0
configure:8679: result: no
configure:8687: checking dynamic linker characteristics
configure:9301: result: GNU/Linux ld.so
configure:9325: checking how to hardcode library paths into programs
configure:9350: result: immediate
configure:9364: checking whether stripping libraries is possible
configure:9369: result: yes
configure:9468: checking for shl_load
configure:9468: gcc -o conftest -g -O2   conftest.c  >&5
/tmp/ccHduKgy.o: In function `main':
/home/carolhanna/Security_Project/gnu_dataset/gnuedma-0.18.1/conftest.c:56: undefined reference to `shl_load'
collect2: error: ld returned 1 exit status
configure:9468: $? = 1
configure: failed program was:
| /* confdefs.h */
| #define PACKAGE_NAME "gnuedma"
| #define PACKAGE_TARNAME "gnuedma"
| #define PACKAGE_VERSION "0.18.1"
| #define PACKAGE_STRING "gnuedma 0.18.1"
| #define PACKAGE_BUGREPORT ""
| #define PACKAGE_URL ""
| #define PACKAGE "gnuedma"
| #define VERSION "0.18.1"
| #define STDC_HEADERS 1
| #define HAVE_SYS_TYPES_H 1
| #define HAVE_SYS_STAT_H 1
| #define HAVE_STDLIB_H 1
| #define HAVE_STRING_H 1
| #define HAVE_MEMORY_H 1
| #define HAVE_STRINGS_H 1
| #define HAVE_INTTYPES_H 1
| #define HAVE_STDINT_H 1
| #define HAVE_UNISTD_H 1
| #define HAVE_DLFCN_H 1
| /* end confdefs.h.  */
| /* Define shl_load to an innocuous variant, in case <limits.h> declares shl_load.
|    For example, HP-UX 11i <limits.h> declares gettimeofday.  */
| #define shl_load innocuous_shl_load
| 
| /* System header to define __stub macros and hopefully few prototypes,
|     which can conflict with char shl_load (); below.
|     Prefer <limits.h> to <assert.h> if __STDC__ is defined, since
|     <limits.h> exists even on freestanding compilers.  */
| 
| #ifdef __STDC__
| # include <limits.h>
| #else
| # include <assert.h>
| #endif
| 
| #undef shl_load
| 
| /* Override any GCC internal prototype to avoid an error.
|    Use char because int might match the return type of a GCC
|    builtin and then its argument prototype would still apply.  */
| #ifdef __cplusplus
| extern "C"
| #endif
| char shl_load ();
| /* The GNU C library defines this for functions which it implements
|     to always fail with ENOSYS.  Some functions are actually named
|     something starting with __ and the normal name is an alias.  */
| #if defined __stub_shl_load || defined __stub___shl_load
| choke me
| #endif
| 
| int
| main ()
| {
| return shl_load ();
|   ;
|   return 0;
| }
configure:9468: result: no
configure:9472: checking for shl_load in -ldld
configure:9497: gcc -o conftest -g -O2   conftest.c -ldld   >&5
/usr/bin/ld: cannot find -ldld
collect2: error: ld returned 1 exit status
configure:9497: $? = 1
configure: failed program was:
| /* confdefs.h */
| #define PACKAGE_NAME "gnuedma"
| #define PACKAGE_TARNAME "gnuedma"
| #define PACKAGE_VERSION "0.18.1"
| #define PACKAGE_STRING "gnuedma 0.18.1"
| #define PACKAGE_BUGREPORT ""
| #define PACKAGE_URL ""
| #define PACKAGE "gnuedma"
| #define VERSION "0.18.1"
| #define STDC_HEADERS 1
| #define HAVE_SYS_TYPES_H 1
| #define HAVE_SYS_STAT_H 1
| #define HAVE_STDLIB_H 1
| #define HAVE_STRING_H 1
| #define HAVE_MEMORY_H 1
| #define HAVE_STRINGS_H 1
| #define HAVE_INTTYPES_H 1
| #define HAVE_STDINT_H 1
| #define HAVE_UNISTD_H 1
| #define HAVE_DLFCN_H 1
| /* end confdefs.h.  */
| 
| /* Override any GCC internal prototype to avoid an error.
|    Use char because int might match the return type of a GCC
|    builtin and then its argument prototype would still apply.  */
| #ifdef __cplusplus
| extern "C"
| #endif
| char shl_load ();
| int
| main ()
| {
| return shl_load ();
|   ;
|   return 0;
| }
configure:9506: result: no
configure:9511: checking for dlopen
configure:9511: gcc -o conftest -g -O2   conftest.c  >&5
/tmp/ccDNzxZJ.o: In function `main':
/home/carolhanna/Security_Project/gnu_dataset/gnuedma-0.18.1/conftest.c:56: undefined reference to `dlopen'
collect2: error: ld returned 1 exit status
configure:9511: $? = 1
configure: failed program was:
| /* confdefs.h */
| #define PACKAGE_NAME "gnuedma"
| #define PACKAGE_TARNAME "gnuedma"
| #define PACKAGE_VERSION "0.18.1"
| #define PACKAGE_STRING "gnuedma 0.18.1"
| #define PACKAGE_BUGREPORT ""
| #define PACKAGE_URL ""
| #define PACKAGE "gnuedma"
| #define VERSION "0.18.1"
| #define STDC_HEADERS 1
| #define HAVE_SYS_TYPES_H 1
| #define HAVE_SYS_STAT_H 1
| #define HAVE_STDLIB_H 1
| #define HAVE_STRING_H 1
| #define HAVE_MEMORY_H 1
| #define HAVE_STRINGS_H 1
| #define HAVE_INTTYPES_H 1
| #define HAVE_STDINT_H 1
| #define HAVE_UNISTD_H 1
| #define HAVE_DLFCN_H 1
| /* end confdefs.h.  */
| /* Define dlopen to an innocuous variant, in case <limits.h> declares dlopen.
|    For example, HP-UX 11i <limits.h> declares gettimeofday.  */
| #define dlopen innocuous_dlopen
| 
| /* System header to define __stub macros and hopefully few prototypes,
|     which can conflict with char dlopen (); below.
|     Prefer <limits.h> to <assert.h> if __STDC__ is defined, since
|     <limits.h> exists even on freestanding compilers.  */
| 
| #ifdef __STDC__
| # include <limits.h>
| #else
| # include <assert.h>
| #endif
| 
| #undef dlopen
| 
| /* Override any GCC internal prototype to avoid an error.
|    Use char because int might match the return type of a GCC
|    builtin and then its argument prototype would still apply.  */
| #ifdef __cplusplus
| extern "C"
| #endif
| char dlopen ();
| /* The GNU C library defines this for functions which it implements
|     to always fail with ENOSYS.  Some functions are actually named
|     something starting with __ and the normal name is an alias.  */
| #if defined __stub_dlopen || defined __stub___dlopen
| choke me
| #endif
| 
| int
| main ()
| {
| return dlopen ();
|   ;
|   return 0;
| }
configure:9511: result: no
configure:9515: checking for dlopen in -ldl
configure:9540: gcc -o conftest -g -O2   conftest.c -ldl   >&5
configure:9540: $? = 0
configure:9549: result: yes
configure:9668: checking whether a program can dlopen itself
configure:9742: gcc -o conftest -g -O2  -DHAVE_DLFCN_H  -Wl,--export-dynamic conftest.c -ldl  >&5
configure: In function 'main':
configure:9738:5: warning: implicit declaration of function 'exit' [-Wimplicit-function-declaration]
 
     ^   
configure:9738:5: warning: incompatible implicit declaration of built-in function 'exit'
configure:9738:5: note: include '<stdlib.h>' or provide a declaration of 'exit'
configure:9745: $? = 0
configure:9763: result: yes
configure:9768: checking whether a statically linked program can dlopen itself
configure:9842: gcc -o conftest -g -O2  -DHAVE_DLFCN_H  -Wl,--export-dynamic -static conftest.c -ldl  >&5
configure: In function 'main':
configure:9838:5: warning: implicit declaration of function 'exit' [-Wimplicit-function-declaration]
 
     ^   
configure:9838:5: warning: incompatible implicit declaration of built-in function 'exit'
configure:9838:5: note: include '<stdlib.h>' or provide a declaration of 'exit'
/tmp/cc4RBSnN.o: In function `main':
/home/carolhanna/Security_Project/gnu_dataset/gnuedma-0.18.1/configure:9826: warning: Using 'dlopen' in statically linked applications requires at runtime the shared libraries from the glibc version used for linking
configure:9845: $? = 0
configure:9863: result: no
configure:9886: checking if libtool supports shared libraries
configure:9888: result: yes
configure:9891: checking whether to build shared libraries
configure:9912: result: yes
configure:9915: checking whether to build static libraries
configure:9919: result: no
configure:10013: creating libtool
configure:10602: checking for ld used by g++
configure:10669: result: /usr/bin/ld -m elf_x86_64
configure:10676: checking if the linker (/usr/bin/ld -m elf_x86_64) is GNU ld
configure:10691: result: yes
configure:10742: checking whether the g++ linker (/usr/bin/ld -m elf_x86_64) supports shared libraries
configure:11634: result: yes
configure:11651: g++ -c -g -O2  conftest.cpp >&5
configure:11654: $? = 0
configure:11810: checking for g++ option to produce PIC
configure:12094: result: -fPIC
configure:12102: checking if g++ PIC flag -fPIC works
configure:12120: g++ -c -g -O2  -fPIC -DPIC conftest.cpp >&5
configure:12124: $? = 0
configure:12137: result: yes
configure:12165: checking if g++ static flag -static works
configure:12193: result: yes
configure:12203: checking if g++ supports -c -o file.o
configure:12224: g++ -c -g -O2  -o out/conftest2.o conftest.cpp >&5
configure:12228: $? = 0
configure:12250: result: yes
configure:12276: checking whether the g++ linker (/usr/bin/ld -m elf_x86_64) supports shared libraries
configure:12305: result: yes
configure:12372: checking dynamic linker characteristics
configure:12934: result: GNU/Linux ld.so
configure:12958: checking how to hardcode library paths into programs
configure:12983: result: immediate
configure:13522: checking if libtool supports shared libraries
configure:13524: result: yes
configure:13527: checking whether to build shared libraries
configure:13547: result: yes
configure:13550: checking whether to build static libraries
configure:13554: result: no
configure:13564: checking for f77 option to produce PIC
configure:13796: result: -fPIC
configure:13804: checking if f77 PIC flag -fPIC works
configure:13822: f77 -c -g -O2 -fPIC conftest.f >&5
configure:13826: $? = 0
configure:13839: result: yes
configure:13867: checking if f77 static flag -static works
configure:13895: result: yes
configure:13905: checking if f77 supports -c -o file.o
configure:13926: f77 -c -g -O2 -o out/conftest2.o conftest.f >&5
configure:13930: $? = 0
configure:13952: result: yes
configure:13978: checking whether the f77 linker (/usr/bin/ld -m elf_x86_64) supports shared libraries
configure:14893: result: yes
configure:14960: checking dynamic linker characteristics
configure:15522: result: GNU/Linux ld.so
configure:15546: checking how to hardcode library paths into programs
configure:15571: result: immediate
configure:19127: checking for main in -ldl
configure:19146: gcc -o conftest -g -O2   conftest.c -ldl   >&5
configure:19146: $? = 0
configure:19155: result: yes
configure:19166: checking for main in -lm
configure:19185: gcc -o conftest -g -O2   conftest.c -lm  -ldl  >&5
configure:19185: $? = 0
configure:19194: result: yes
configure:19205: checking for main in -lpthread
configure:19224: gcc -o conftest -g -O2   conftest.c -lpthread  -lm -ldl  >&5
configure:19224: $? = 0
configure:19233: result: yes
configure:19246: checking for ANSI C header files
configure:19350: result: yes
configure:19360: checking for an ANSI C-conforming const
configure:19425: gcc -c -g -O2  conftest.c >&5
configure:19425: $? = 0
configure:19432: result: yes
configure:19440: checking whether time.h and sys/time.h may both be included
configure:19460: gcc -c -g -O2  conftest.c >&5
configure:19460: $? = 0
configure:19467: result: yes
configure:19478: result: --- Building for x86_64 in a linux-gnu
configure:19482: result: --------------------------
configure:19484: result: Building on Linux Platform
configure:19486: result: --------------------------
configure:19523: result: CFLAGS for this build is : -DLINUX  -DGCC -fPIC -Wall -g
configure:19623: creating ./config.status

## ---------------------- ##
## Running config.status. ##
## ---------------------- ##

This file was extended by gnuedma config.status 0.18.1, which was
generated by GNU Autoconf 2.65.  Invocation command line was

  CONFIG_FILES    = 
  CONFIG_HEADERS  = 
  CONFIG_LINKS    = 
  CONFIG_COMMANDS = 
  $ ./config.status 

on rishon

config.status:876: creating Makefile
config.status:876: creating edma-config
config.status:876: creating edma-env.sh
config.status:876: creating install-components.sh
config.status:876: creating debian/Makefile
config.status:876: creating src/const.h
config.status:876: creating src/Makefile
config.status:876: creating doc/Makefile
config.status:876: creating doc/reference/Makefile
config.status:876: creating doc/tutorials/Makefile
config.status:876: creating classes/Makefile
config.status:876: creating classes/edma_tools/Makefile
config.status:876: creating classes/edma_tools/idf_wizard_support/Makefile
config.status:876: creating classes/edma_tools/general/Makefile
config.status:876: creating classes/support/Makefile
config.status:876: creating classes/support/portable1/Makefile
config.status:876: creating classes/support/portable1/files/Makefile
config.status:876: creating classes/support/portable1/files/nfile/Makefile
config.status:876: creating classes/support/portable1/files/stream/Makefile
config.status:876: creating classes/support/portable1/files/filesystem/Makefile
config.status:876: creating classes/support/portable1/files/ndirectory/Makefile
config.status:876: creating classes/support/portable1/network/Makefile
config.status:876: creating classes/support/portable1/network/sockets/Makefile
config.status:876: creating classes/support/portable1/network/servers/Makefile
config.status:876: creating classes/support/portable1/network/services/Makefile
config.status:876: creating classes/support/portable1/network/services/echo_service/Makefile
config.status:876: creating classes/support/portable1/network/services/datalog/Makefile
config.status:876: creating classes/support/portable1/datamng/Makefile
config.status:876: creating classes/support/sysdb/Makefile
config.status:876: creating classes/support/dii/Makefile
config.status:876: creating classes/support/patterns/Makefile
config.status:876: creating classes/systems/Makefile
config.status:876: creating classes/systems/runable/Makefile
config.status:876: creating classes/systems/procexec/Makefile
config.status:876: creating classes/systems/anna/Makefile
config.status:876: creating classes/examples/Makefile
config.status:876: creating classes/examples/hello_world/Makefile
config.status:876: creating classes/examples/hello_world_v1/Makefile
config.status:876: creating tools/Makefile
config.status:876: creating tools/EFileGen/Makefile
config.status:876: creating tools/ClassInstaller/Makefile
config.status:876: creating tools/cleanup/Makefile
config.status:876: creating tools/khums/Makefile
config.status:876: creating tools/nal/Makefile
config.status:876: creating tests/Makefile
config.status:876: creating tests/abstract_classes/Makefile
config.status:876: creating tests/casting/Makefile
config.status:876: creating tests/static_methods/Makefile
config.status:876: creating tests/pap_test/Makefile
config.status:876: creating tests/anchor_points/Makefile
config.status:876: creating tests/siu/Makefile
config.status:876: creating tests/exceptions/Makefile
config.status:876: creating tests/inheritance/Makefile
config.status:876: creating tests/serializer/Makefile
config.status:876: creating tests/update/Makefile
config.status:876: creating tests/virtual_methods/Makefile
config.status:876: creating tests/clonning/Makefile
config.status:876: creating tests/datatypes/Makefile
config.status:876: creating tests/aop/Makefile
config.status:876: creating tests/com-like-interface/Makefile
config.status:876: creating tests/patterns/Makefile
config.status:876: creating tests/dii/Makefile
config.status:876: creating tests/newobj/Makefile
config.status:876: creating tests/ethreads/Makefile
config.status:876: creating tests/emi/Makefile
config.status:876: creating tests/nal/Makefile
config.status:876: creating tests/unit_tests/Makefile
config.status:876: creating tests/unit_tests/creation/Makefile
config.status:876: creating tests/unit_tests/locators/Makefile
config.status:876: creating tests/unit_tests/inheritance/Makefile
config.status:876: creating tests/unit_tests/virtual_methods/Makefile
config.status:876: creating tests/unit_tests/rt_classes/Makefile
config.status:876: creating tests/unit_tests/clonning/Makefile
config.status:1039: executing depfiles commands
configure:20821: result: -------------------------------------------------
configure:20823: result: Base dir is: /usr/local
configure:20825: result: -------------------------------------------------

## ---------------- ##
## Cache variables. ##
## ---------------- ##

ac_cv_build=x86_64-unknown-linux-gnu
ac_cv_c_compiler_gnu=yes
ac_cv_c_const=yes
ac_cv_cxx_compiler_gnu=yes
ac_cv_env_CCC_set=
ac_cv_env_CCC_value=
ac_cv_env_CC_set=
ac_cv_env_CC_value=
ac_cv_env_CFLAGS_set=
ac_cv_env_CFLAGS_value=
ac_cv_env_CPPFLAGS_set=
ac_cv_env_CPPFLAGS_value=
ac_cv_env_CPP_set=
ac_cv_env_CPP_value=
ac_cv_env_CXXCPP_set=
ac_cv_env_CXXCPP_value=
ac_cv_env_CXXFLAGS_set=
ac_cv_env_CXXFLAGS_value=
ac_cv_env_CXX_set=
ac_cv_env_CXX_value=
ac_cv_env_F77_set=
ac_cv_env_F77_value=
ac_cv_env_FFLAGS_set=
ac_cv_env_FFLAGS_value=
ac_cv_env_LDFLAGS_set=
ac_cv_env_LDFLAGS_value=
ac_cv_env_LIBS_set=
ac_cv_env_LIBS_value=
ac_cv_env_build_alias_set=
ac_cv_env_build_alias_value=
ac_cv_env_host_alias_set=
ac_cv_env_host_alias_value=
ac_cv_env_target_alias_set=
ac_cv_env_target_alias_value=
ac_cv_f77_compiler_gnu=yes
ac_cv_func_dlopen=no
ac_cv_func_shl_load=no
ac_cv_header_dlfcn_h=yes
ac_cv_header_inttypes_h=yes
ac_cv_header_memory_h=yes
ac_cv_header_stdc=yes
ac_cv_header_stdint_h=yes
ac_cv_header_stdlib_h=yes
ac_cv_header_string_h=yes
ac_cv_header_strings_h=yes
ac_cv_header_sys_stat_h=yes
ac_cv_header_sys_types_h=yes
ac_cv_header_time=yes
ac_cv_header_unistd_h=yes
ac_cv_host=x86_64-unknown-linux-gnu
ac_cv_lib_dl_dlopen=yes
ac_cv_lib_dl_main=yes
ac_cv_lib_dld_shl_load=no
ac_cv_lib_m_main=yes
ac_cv_lib_pthread_main=yes
ac_cv_objext=o
ac_cv_path_EGREP='/bin/grep -E'
ac_cv_path_GREP=/bin/grep
ac_cv_path_install='/usr/bin/install -c'
ac_cv_path_mkdir=/bin/mkdir
ac_cv_prog_AWK=gawk
ac_cv_prog_CPP='gcc -E'
ac_cv_prog_CXXCPP='g++ -E'
ac_cv_prog_ac_ct_AR=ar
ac_cv_prog_ac_ct_CC=gcc
ac_cv_prog_ac_ct_CXX=g++
ac_cv_prog_ac_ct_F77=f77
ac_cv_prog_ac_ct_RANLIB=ranlib
ac_cv_prog_ac_ct_STRIP=strip
ac_cv_prog_cc_c89=
ac_cv_prog_cc_g=yes
ac_cv_prog_cxx_g=yes
ac_cv_prog_f77_g=yes
ac_cv_prog_make_make_set=yes
am_cv_CC_dependencies_compiler_type=gcc3
am_cv_CXX_dependencies_compiler_type=gcc3
lt_cv_deplibs_check_method=pass_all
lt_cv_dlopen=dlopen
lt_cv_dlopen_libs=-ldl
lt_cv_dlopen_self=yes
lt_cv_dlopen_self_static=no
lt_cv_file_magic_cmd='$MAGIC_CMD'
lt_cv_file_magic_test_file=
lt_cv_ld_reload_flag=-r
lt_cv_objdir=.libs
lt_cv_path_LD=/usr/bin/ld
lt_cv_path_LDCXX='/usr/bin/ld -m elf_x86_64'
lt_cv_path_NM='/usr/bin/nm -B'
lt_cv_path_SED=/bin/sed
lt_cv_prog_compiler_c_o=yes
lt_cv_prog_compiler_c_o_CXX=yes
lt_cv_prog_compiler_c_o_F77=yes
lt_cv_prog_compiler_pic_works=yes
lt_cv_prog_compiler_pic_works_CXX=yes
lt_cv_prog_compiler_pic_works_F77=yes
lt_cv_prog_compiler_rtti_exceptions=no
lt_cv_prog_compiler_static_works=yes
lt_cv_prog_compiler_static_works_CXX=yes
lt_cv_prog_compiler_static_works_F77=yes
lt_cv_prog_gnu_ld=yes
lt_cv_prog_gnu_ldcxx=yes
lt_cv_sys_global_symbol_pipe='sed -n -e '\''s/^.*[ 	]\([ABCDGIRSTW][ABCDGIRSTW]*\)[ 	][ 	]*\([_A-Za-z][_A-Za-z0-9]*\)$/\1 \2 \2/p'\'''
lt_cv_sys_global_symbol_to_c_name_address='sed -n -e '\''s/^: \([^ ]*\) $/  {\"\1\", (lt_ptr) 0},/p'\'' -e '\''s/^[BCDEGRST] \([^ ]*\) \([^ ]*\)$/  {"\2", (lt_ptr) \&\2},/p'\'''
lt_cv_sys_global_symbol_to_cdecl='sed -n -e '\''s/^. .* \(.*\)$/extern int \1;/p'\'''
lt_cv_sys_lib_dlsearch_path_spec='/lib /usr/lib /usr/lib/x86_64-linux-gnu/libfakeroot /usr/local/lib/x86_64-linux-gnu /lib/x86_64-linux-gnu /usr/lib/x86_64-linux-gnu '
lt_cv_sys_lib_search_path_spec='/usr/lib/gcc/x86_64-linux-gnu/7 /usr/lib/x86_64-linux-gnu /usr/lib /lib/x86_64-linux-gnu /lib'
lt_cv_sys_max_cmd_len=1572864
lt_lt_cv_prog_compiler_c_o='"yes"'
lt_lt_cv_prog_compiler_c_o_CXX='"yes"'
lt_lt_cv_prog_compiler_c_o_F77='"yes"'
lt_lt_cv_sys_global_symbol_pipe='"sed -n -e '\''s/^.*[ 	]\\([ABCDGIRSTW][ABCDGIRSTW]*\\)[ 	][ 	]*\\([_A-Za-z][_A-Za-z0-9]*\\)\$/\\1 \\2 \\2/p'\''"'
lt_lt_cv_sys_global_symbol_to_c_name_address='"sed -n -e '\''s/^: \\([^ ]*\\) \$/  {\\\"\\1\\\", (lt_ptr) 0},/p'\'' -e '\''s/^[BCDEGRST] \\([^ ]*\\) \\([^ ]*\\)\$/  {\"\\2\", (lt_ptr) \\&\\2},/p'\''"'
lt_lt_cv_sys_global_symbol_to_cdecl='"sed -n -e '\''s/^. .* \\(.*\\)\$/extern int \\1;/p'\''"'

## ----------------- ##
## Output variables. ##
## ----------------- ##

ACLOCAL='${SHELL} /home/carolhanna/Security_Project/gnu_dataset/gnuedma-0.18.1/missing --run aclocal-1.11'
AMDEPBACKSLASH='\'
AMDEP_FALSE='#'
AMDEP_TRUE=''
AMTAR='${SHELL} /home/carolhanna/Security_Project/gnu_dataset/gnuedma-0.18.1/missing --run tar'
AR='ar'
AUTOCONF='${SHELL} /home/carolhanna/Security_Project/gnu_dataset/gnuedma-0.18.1/missing --run autoconf'
AUTOHEADER='${SHELL} /home/carolhanna/Security_Project/gnu_dataset/gnuedma-0.18.1/missing --run autoheader'
AUTOMAKE='${SHELL} /home/carolhanna/Security_Project/gnu_dataset/gnuedma-0.18.1/missing --run automake-1.11'
AWK='gawk'
CC='gcc'
CCDEPMODE='depmode=gcc3'
CFLAGS='-DLINUX  -DGCC -fPIC -Wall -g'
CPP='gcc -E'
CPPFLAGS=''
CXX='g++'
CXXCPP='g++ -E'
CXXDEPMODE='depmode=gcc3'
CXXFLAGS='-g -O2'
CYGPATH_W='echo'
DEFS='-DPACKAGE_NAME=\"gnuedma\" -DPACKAGE_TARNAME=\"gnuedma\" -DPACKAGE_VERSION=\"0.18.1\" -DPACKAGE_STRING=\"gnuedma\ 0.18.1\" -DPACKAGE_BUGREPORT=\"\" -DPACKAGE_URL=\"\" -DPACKAGE=\"gnuedma\" -DVERSION=\"0.18.1\" -DSTDC_HEADERS=1 -DHAVE_SYS_TYPES_H=1 -DHAVE_SYS_STAT_H=1 -DHAVE_STDLIB_H=1 -DHAVE_STRING_H=1 -DHAVE_MEMORY_H=1 -DHAVE_STRINGS_H=1 -DHAVE_INTTYPES_H=1 -DHAVE_STDINT_H=1 -DHAVE_UNISTD_H=1 -DHAVE_DLFCN_H=1 -DHAVE_LIBDL=1 -DHAVE_LIBM=1 -DHAVE_LIBPTHREAD=1 -DSTDC_HEADERS=1 -DTIME_WITH_SYS_TIME=1'
DEPDIR='.deps'
DSYMUTIL=''
ECHO='echo'
ECHO_C=''
ECHO_N='-n'
ECHO_T=''
EGREP='/bin/grep -E'
EXEEXT=''
F77='f77'
FFLAGS='-g -O2'
GNUEDMA_BASEDIR='/usr/local'
GREP='/bin/grep'
INSTALL_DATA='${INSTALL} -m 644'
INSTALL_PROGRAM='${INSTALL}'
INSTALL_SCRIPT='${INSTALL}'
INSTALL_STRIP_PROGRAM='$(install_sh) -c -s'
LDFLAGS=''
LIBOBJS=''
LIBS='-lpthread -lm -ldl '
LIBTOOL='$(SHELL) $(top_builddir)/libtool'
LN_S='ln -s'
LTLIBOBJS=''
MAKEINFO='${SHELL} /home/carolhanna/Security_Project/gnu_dataset/gnuedma-0.18.1/missing --run makeinfo'
MKDIR_P='/bin/mkdir -p'
MYEXE_LIBS='-L${top_srcdir}/src/'
NMEDIT=''
OBJEXT='o'
OS_EXT='so'
PACKAGE='gnuedma'
PACKAGE_BUGREPORT=''
PACKAGE_NAME='gnuedma'
PACKAGE_STRING='gnuedma 0.18.1'
PACKAGE_TARNAME='gnuedma'
PACKAGE_URL=''
PACKAGE_VERSION='0.18.1'
PATH_SEPARATOR=':'
RANLIB='ranlib'
SED='/bin/sed'
SET_MAKE=''
SHELL='/bin/bash'
STRIP='strip'
VERSION='0.18.1'
ac_ct_CC='gcc'
ac_ct_CXX='g++'
ac_ct_F77='f77'
am__EXEEXT_FALSE=''
am__EXEEXT_TRUE='#'
am__fastdepCC_FALSE='#'
am__fastdepCC_TRUE=''
am__fastdepCXX_FALSE='#'
am__fastdepCXX_TRUE=''
am__include='include'
am__isrc=''
am__leading_dot='.'
am__quote=''
am__tar='${AMTAR} chof - "$$tardir"'
am__untar='${AMTAR} xf -'
bindir='${exec_prefix}/bin'
build='x86_64-unknown-linux-gnu'
build_alias=''
build_cpu='x86_64'
build_os='linux-gnu'
build_vendor='unknown'
datadir='${datarootdir}'
datarootdir='${prefix}/share'
docdir='${datarootdir}/doc/${PACKAGE_TARNAME}'
dvidir='${docdir}'
exec_prefix='${prefix}'
host='x86_64-unknown-linux-gnu'
host_alias=''
host_cpu='x86_64'
host_os='linux-gnu'
host_vendor='unknown'
htmldir='${docdir}'
includedir='${prefix}/include'
infodir='${datarootdir}/info'
install_sh='${SHELL} /home/carolhanna/Security_Project/gnu_dataset/gnuedma-0.18.1/install-sh'
libdir='${exec_prefix}/lib'
libexecdir='${exec_prefix}/libexec'
localedir='${datarootdir}/locale'
localstatedir='${prefix}/var'
mandir='${datarootdir}/man'
mkdir_p='/bin/mkdir -p'
oldincludedir='/usr/include'
pdfdir='${docdir}'
prefix='/usr/local'
program_transform_name='s,x,x,'
psdir='${docdir}'
sbindir='${exec_prefix}/sbin'
sharedstatedir='${prefix}/com'
sysconfdir='${prefix}/etc'
target_alias=''

## ----------- ##
## confdefs.h. ##
## ----------- ##

/* confdefs.h */
#define PACKAGE_NAME "gnuedma"
#define PACKAGE_TARNAME "gnuedma"
#define PACKAGE_VERSION "0.18.1"
#define PACKAGE_STRING "gnuedma 0.18.1"
#define PACKAGE_BUGREPORT ""
#define PACKAGE_URL ""
#define PACKAGE "gnuedma"
#define VERSION "0.18.1"
#define STDC_HEADERS 1
#define HAVE_SYS_TYPES_H 1
#define HAVE_SYS_STAT_H 1
#define HAVE_STDLIB_H 1
#define HAVE_STRING_H 1
#define HAVE_MEMORY_H 1
#define HAVE_STRINGS_H 1
#define HAVE_INTTYPES_H 1
#define HAVE_STDINT_H 1
#define HAVE_UNISTD_H 1
#define HAVE_DLFCN_H 1
#define HAVE_LIBDL 1
#define HAVE_LIBM 1
#define HAVE_LIBPTHREAD 1
#define STDC_HEADERS 1
#define TIME_WITH_SYS_TIME 1

configure: exit 0
