This file contains any messages produced by compilers while
running configure, to aid debugging if configure makes a mistake.

It was created by lsh configure 2.1, which was
generated by GNU Autoconf 2.69.  Invocation command line was

  $ ./configure 

## --------- ##
## Platform. ##
## --------- ##

hostname = rishon
uname -m = x86_64
uname -r = 4.15.0-72-generic
uname -s = Linux
uname -v = #81-Ubuntu SMP Tue Nov 26 12:20:02 UTC 2019

/usr/bin/uname -p = unknown
/bin/uname -X     = unknown

/bin/arch              = unknown
/usr/bin/arch -k       = unknown
/usr/convex/getsysinfo = unknown
/usr/bin/hostinfo      = unknown
/bin/machine           = unknown
/usr/bin/oslevel       = unknown
/bin/universe          = unknown

PATH: /home/carolhanna/miniconda3/bin
PATH: /home/carolhanna/miniconda3/condabin
PATH: /usr/local/sbin
PATH: /usr/local/bin
PATH: /usr/sbin
PATH: /usr/bin
PATH: /sbin
PATH: /bin
PATH: /usr/games
PATH: /usr/local/games
PATH: /snap/bin


## ----------- ##
## Core tests. ##
## ----------- ##

configure:2447: checking for a BSD-compatible install
configure:2515: result: /usr/bin/install -c
configure:2526: checking whether build environment is sane
configure:2581: result: yes
configure:2732: checking for a thread-safe mkdir -p
configure:2771: result: /bin/mkdir -p
configure:2778: checking for gawk
configure:2794: found /usr/bin/gawk
configure:2805: result: gawk
configure:2816: checking whether make sets $(MAKE)
configure:2838: result: yes
configure:2867: checking whether make supports nested variables
configure:2884: result: yes
configure:2979: WARNING:  Converted . to /home/carolhanna/Security_Project/gnu_dataset/lsh-2.1,
If this does not work, please use an absolute path to the configure script. 
configure:3005: checking for style of include used by make
configure:3033: result: GNU
configure:3104: checking for gcc
configure:3120: found /usr/bin/gcc
configure:3131: result: gcc
configure:3360: checking for C compiler version
configure:3369: gcc --version >&5
gcc (Ubuntu 7.5.0-3ubuntu1~18.04) 7.5.0
Copyright (C) 2017 Free Software Foundation, Inc.
This is free software; see the source for copying conditions.  There is NO
warranty; not even for MERCHANTABILITY or FITNESS FOR A PARTICULAR PURPOSE.

configure:3380: $? = 0
configure:3369: gcc -v >&5
Using built-in specs.
COLLECT_GCC=gcc
COLLECT_LTO_WRAPPER=/usr/lib/gcc/x86_64-linux-gnu/7/lto-wrapper
OFFLOAD_TARGET_NAMES=nvptx-none
OFFLOAD_TARGET_DEFAULT=1
Target: x86_64-linux-gnu
Configured with: ../src/configure -v --with-pkgversion='Ubuntu 7.5.0-3ubuntu1~18.04' --with-bugurl=file:///usr/share/doc/gcc-7/README.Bugs --enable-languages=c,ada,c++,go,brig,d,fortran,objc,obj-c++ --prefix=/usr --with-gcc-major-version-only --program-suffix=-7 --program-prefix=x86_64-linux-gnu- --enable-shared --enable-linker-build-id --libexecdir=/usr/lib --without-included-gettext --enable-threads=posix --libdir=/usr/lib --enable-nls --enable-bootstrap --enable-clocale=gnu --enable-libstdcxx-debug --enable-libstdcxx-time=yes --with-default-libstdcxx-abi=new --enable-gnu-unique-object --disable-vtable-verify --enable-libmpx --enable-plugin --enable-default-pie --with-system-zlib --with-target-system-zlib --enable-objc-gc=auto --enable-multiarch --disable-werror --with-arch-32=i686 --with-abi=m64 --with-multilib-list=m32,m64,mx32 --enable-multilib --with-tune=generic --enable-offload-targets=nvptx-none --without-cuda-driver --enable-checking=release --build=x86_64-linux-gnu --host=x86_64-linux-gnu --target=x86_64-linux-gnu
Thread model: posix
gcc version 7.5.0 (Ubuntu 7.5.0-3ubuntu1~18.04) 
configure:3380: $? = 0
configure:3369: gcc -V >&5
gcc: error: unrecognized command line option '-V'
gcc: fatal error: no input files
compilation terminated.
configure:3380: $? = 1
configure:3369: gcc -qversion >&5
gcc: error: unrecognized command line option '-qversion'; did you mean '--version'?
gcc: fatal error: no input files
compilation terminated.
configure:3380: $? = 1
configure:3400: checking whether the C compiler works
configure:3422: gcc    conftest.c  >&5
configure:3426: $? = 0
configure:3474: result: yes
configure:3477: checking for C compiler default output file name
configure:3479: result: a.out
configure:3485: checking for suffix of executables
configure:3492: gcc -o conftest    conftest.c  >&5
configure:3496: $? = 0
configure:3518: result: 
configure:3540: checking whether we are cross compiling
configure:3548: gcc -o conftest    conftest.c  >&5
configure:3552: $? = 0
configure:3559: ./conftest
configure:3563: $? = 0
configure:3578: result: no
configure:3583: checking for suffix of object files
configure:3605: gcc -c   conftest.c >&5
configure:3609: $? = 0
configure:3630: result: o
configure:3634: checking whether we are using the GNU C compiler
configure:3653: gcc -c   conftest.c >&5
configure:3653: $? = 0
configure:3662: result: yes
configure:3671: checking whether gcc accepts -g
configure:3691: gcc -c -g  conftest.c >&5
configure:3691: $? = 0
configure:3732: result: yes
configure:3749: checking for gcc option to accept ISO C89
configure:3812: gcc  -c -g -O2  conftest.c >&5
configure:3812: $? = 0
configure:3825: result: none needed
configure:3847: checking dependency style of gcc
configure:3958: result: gcc3
configure:3979: checking how to run the C preprocessor
configure:4010: gcc -E  conftest.c
configure:4010: $? = 0
configure:4024: gcc -E  conftest.c
conftest.c:11:10: fatal error: ac_nonexistent.h: No such file or directory
 #include <ac_nonexistent.h>
          ^~~~~~~~~~~~~~~~~~
compilation terminated.
configure:4024: $? = 1
configure: failed program was:
| /* confdefs.h */
| #define PACKAGE_NAME "lsh"
| #define PACKAGE_TARNAME "lsh"
| #define PACKAGE_VERSION "2.1"
| #define PACKAGE_STRING "lsh 2.1"
| #define PACKAGE_BUGREPORT "bug-lsh@gnu.org"
| #define PACKAGE_URL ""
| #define PACKAGE "lsh"
| #define VERSION "2.1"
| /* end confdefs.h.  */
| #include <ac_nonexistent.h>
configure:4049: result: gcc -E
configure:4069: gcc -E  conftest.c
configure:4069: $? = 0
configure:4083: gcc -E  conftest.c
conftest.c:11:10: fatal error: ac_nonexistent.h: No such file or directory
 #include <ac_nonexistent.h>
          ^~~~~~~~~~~~~~~~~~
compilation terminated.
configure:4083: $? = 1
configure: failed program was:
| /* confdefs.h */
| #define PACKAGE_NAME "lsh"
| #define PACKAGE_TARNAME "lsh"
| #define PACKAGE_VERSION "2.1"
| #define PACKAGE_STRING "lsh 2.1"
| #define PACKAGE_BUGREPORT "bug-lsh@gnu.org"
| #define PACKAGE_URL ""
| #define PACKAGE "lsh"
| #define VERSION "2.1"
| /* end confdefs.h.  */
| #include <ac_nonexistent.h>
configure:4112: checking for grep that handles long lines and -e
configure:4170: result: /bin/grep
configure:4175: checking for egrep
configure:4237: result: /bin/grep -E
configure:4242: checking for ANSI C header files
configure:4262: gcc -c -g -O2  conftest.c >&5
configure:4262: $? = 0
configure:4335: gcc -o conftest -g -O2   conftest.c  >&5
configure:4335: $? = 0
configure:4335: ./conftest
configure:4335: $? = 0
configure:4346: result: yes
configure:4359: checking for sys/types.h
configure:4359: gcc -c -g -O2  conftest.c >&5
configure:4359: $? = 0
configure:4359: result: yes
configure:4359: checking for sys/stat.h
configure:4359: gcc -c -g -O2  conftest.c >&5
configure:4359: $? = 0
configure:4359: result: yes
configure:4359: checking for stdlib.h
configure:4359: gcc -c -g -O2  conftest.c >&5
configure:4359: $? = 0
configure:4359: result: yes
configure:4359: checking for string.h
configure:4359: gcc -c -g -O2  conftest.c >&5
configure:4359: $? = 0
configure:4359: result: yes
configure:4359: checking for memory.h
configure:4359: gcc -c -g -O2  conftest.c >&5
configure:4359: $? = 0
configure:4359: result: yes
configure:4359: checking for strings.h
configure:4359: gcc -c -g -O2  conftest.c >&5
configure:4359: $? = 0
configure:4359: result: yes
configure:4359: checking for inttypes.h
configure:4359: gcc -c -g -O2  conftest.c >&5
configure:4359: $? = 0
configure:4359: result: yes
configure:4359: checking for stdint.h
configure:4359: gcc -c -g -O2  conftest.c >&5
configure:4359: $? = 0
configure:4359: result: yes
configure:4359: checking for unistd.h
configure:4359: gcc -c -g -O2  conftest.c >&5
configure:4359: $? = 0
configure:4359: result: yes
configure:4372: checking minix/config.h usability
configure:4372: gcc -c -g -O2  conftest.c >&5
conftest.c:54:10: fatal error: minix/config.h: No such file or directory
 #include <minix/config.h>
          ^~~~~~~~~~~~~~~~
compilation terminated.
configure:4372: $? = 1
configure: failed program was:
| /* confdefs.h */
| #define PACKAGE_NAME "lsh"
| #define PACKAGE_TARNAME "lsh"
| #define PACKAGE_VERSION "2.1"
| #define PACKAGE_STRING "lsh 2.1"
| #define PACKAGE_BUGREPORT "bug-lsh@gnu.org"
| #define PACKAGE_URL ""
| #define PACKAGE "lsh"
| #define VERSION "2.1"
| #define STDC_HEADERS 1
| #define HAVE_SYS_TYPES_H 1
| #define HAVE_SYS_STAT_H 1
| #define HAVE_STDLIB_H 1
| #define HAVE_STRING_H 1
| #define HAVE_MEMORY_H 1
| #define HAVE_STRINGS_H 1
| #define HAVE_INTTYPES_H 1
| #define HAVE_STDINT_H 1
| #define HAVE_UNISTD_H 1
| /* end confdefs.h.  */
| #include <stdio.h>
| #ifdef HAVE_SYS_TYPES_H
| # include <sys/types.h>
| #endif
| #ifdef HAVE_SYS_STAT_H
| # include <sys/stat.h>
| #endif
| #ifdef STDC_HEADERS
| # include <stdlib.h>
| # include <stddef.h>
| #else
| # ifdef HAVE_STDLIB_H
| #  include <stdlib.h>
| # endif
| #endif
| #ifdef HAVE_STRING_H
| # if !defined STDC_HEADERS && defined HAVE_MEMORY_H
| #  include <memory.h>
| # endif
| # include <string.h>
| #endif
| #ifdef HAVE_STRINGS_H
| # include <strings.h>
| #endif
| #ifdef HAVE_INTTYPES_H
| # include <inttypes.h>
| #endif
| #ifdef HAVE_STDINT_H
| # include <stdint.h>
| #endif
| #ifdef HAVE_UNISTD_H
| # include <unistd.h>
| #endif
| #include <minix/config.h>
configure:4372: result: no
configure:4372: checking minix/config.h presence
configure:4372: gcc -E  conftest.c
conftest.c:21:10: fatal error: minix/config.h: No such file or directory
 #include <minix/config.h>
          ^~~~~~~~~~~~~~~~
compilation terminated.
configure:4372: $? = 1
configure: failed program was:
| /* confdefs.h */
| #define PACKAGE_NAME "lsh"
| #define PACKAGE_TARNAME "lsh"
| #define PACKAGE_VERSION "2.1"
| #define PACKAGE_STRING "lsh 2.1"
| #define PACKAGE_BUGREPORT "bug-lsh@gnu.org"
| #define PACKAGE_URL ""
| #define PACKAGE "lsh"
| #define VERSION "2.1"
| #define STDC_HEADERS 1
| #define HAVE_SYS_TYPES_H 1
| #define HAVE_SYS_STAT_H 1
| #define HAVE_STDLIB_H 1
| #define HAVE_STRING_H 1
| #define HAVE_MEMORY_H 1
| #define HAVE_STRINGS_H 1
| #define HAVE_INTTYPES_H 1
| #define HAVE_STDINT_H 1
| #define HAVE_UNISTD_H 1
| /* end confdefs.h.  */
| #include <minix/config.h>
configure:4372: result: no
configure:4372: checking for minix/config.h
configure:4372: result: no
configure:4393: checking whether it is safe to define __EXTENSIONS__
configure:4411: gcc -c -g -O2  conftest.c >&5
configure:4411: $? = 0
configure:4418: result: yes
configure:4689: checking build system type
configure:4703: result: x86_64-unknown-linux-gnu
configure:4723: checking host system type
configure:4736: result: x86_64-unknown-linux-gnu
configure:4756: checking for -R flag
configure:4778: result: using -Wl,-rpath,
configure:4785: result: Searching for libraries
configure:4792: checking /usr/local/lib/lib
configure:4819: result: not found
configure:4792: checking /usr/local/lib
configure:4810: result: added
configure:4792: checking /sw/local/lib
configure:4819: result: not found
configure:4792: checking /sw/lib
configure:4819: result: not found
configure:4792: checking /usr/gnu/lib
configure:4819: result: not found
configure:4792: checking /opt/gnu/lib
configure:4819: result: not found
configure:4792: checking /sw/gnu/lib
configure:4819: result: not found
configure:4792: checking /usr/freeware/lib
configure:4819: result: not found
configure:4792: checking /usr/pkg/lib
configure:4819: result: not found
configure:4876: checking for gcc
configure:4903: result: gcc
configure:5132: checking for C compiler version
configure:5141: gcc --version >&5
gcc (Ubuntu 7.5.0-3ubuntu1~18.04) 7.5.0
Copyright (C) 2017 Free Software Foundation, Inc.
This is free software; see the source for copying conditions.  There is NO
warranty; not even for MERCHANTABILITY or FITNESS FOR A PARTICULAR PURPOSE.

configure:5152: $? = 0
configure:5141: gcc -v >&5
Using built-in specs.
COLLECT_GCC=gcc
COLLECT_LTO_WRAPPER=/usr/lib/gcc/x86_64-linux-gnu/7/lto-wrapper
OFFLOAD_TARGET_NAMES=nvptx-none
OFFLOAD_TARGET_DEFAULT=1
Target: x86_64-linux-gnu
Configured with: ../src/configure -v --with-pkgversion='Ubuntu 7.5.0-3ubuntu1~18.04' --with-bugurl=file:///usr/share/doc/gcc-7/README.Bugs --enable-languages=c,ada,c++,go,brig,d,fortran,objc,obj-c++ --prefix=/usr --with-gcc-major-version-only --program-suffix=-7 --program-prefix=x86_64-linux-gnu- --enable-shared --enable-linker-build-id --libexecdir=/usr/lib --without-included-gettext --enable-threads=posix --libdir=/usr/lib --enable-nls --enable-bootstrap --enable-clocale=gnu --enable-libstdcxx-debug --enable-libstdcxx-time=yes --with-default-libstdcxx-abi=new --enable-gnu-unique-object --disable-vtable-verify --enable-libmpx --enable-plugin --enable-default-pie --with-system-zlib --with-target-system-zlib --enable-objc-gc=auto --enable-multiarch --disable-werror --with-arch-32=i686 --with-abi=m64 --with-multilib-list=m32,m64,mx32 --enable-multilib --with-tune=generic --enable-offload-targets=nvptx-none --without-cuda-driver --enable-checking=release --build=x86_64-linux-gnu --host=x86_64-linux-gnu --target=x86_64-linux-gnu
Thread model: posix
gcc version 7.5.0 (Ubuntu 7.5.0-3ubuntu1~18.04) 
configure:5152: $? = 0
configure:5141: gcc -V >&5
gcc: error: unrecognized command line option '-V'
gcc: fatal error: no input files
compilation terminated.
configure:5152: $? = 1
configure:5141: gcc -qversion >&5
gcc: error: unrecognized command line option '-qversion'; did you mean '--version'?
gcc: fatal error: no input files
compilation terminated.
configure:5152: $? = 1
configure:5156: checking whether we are using the GNU C compiler
configure:5184: result: yes
configure:5193: checking whether gcc accepts -g
configure:5254: result: yes
configure:5271: checking for gcc option to accept ISO C89
configure:5347: result: none needed
configure:5369: checking dependency style of gcc
configure:5480: result: gcc3
configure:5495: checking whether make sets $(MAKE)
configure:5517: result: yes
configure:5569: checking for ranlib
configure:5585: found /usr/bin/ranlib
configure:5596: result: ranlib
configure:5678: checking for guile
configure:5711: result: no
configure:5678: checking for scsh
configure:5711: result: no
configure:5723: WARNING: No scheme implementation found.
This is fine as long as you don't modify the source files.
configure:5735: checking for groff
configure:5753: found /usr/bin/groff
configure:5765: result: /usr/bin/groff
configure:5779: checking for m4
configure:5797: found /usr/bin/m4
configure:5810: result: /usr/bin/m4
configure:5823: checking for ANSI C header files
configure:5927: result: yes
configure:5939: checking gmp.h usability
configure:5939: gcc -c -g -O2  conftest.c >&5
conftest.c:65:10: fatal error: gmp.h: No such file or directory
 #include <gmp.h>
          ^~~~~~~
compilation terminated.
configure:5939: $? = 1
configure: failed program was:
| /* confdefs.h */
| #define PACKAGE_NAME "lsh"
| #define PACKAGE_TARNAME "lsh"
| #define PACKAGE_VERSION "2.1"
| #define PACKAGE_STRING "lsh 2.1"
| #define PACKAGE_BUGREPORT "bug-lsh@gnu.org"
| #define PACKAGE_URL ""
| #define PACKAGE "lsh"
| #define VERSION "2.1"
| #define STDC_HEADERS 1
| #define HAVE_SYS_TYPES_H 1
| #define HAVE_SYS_STAT_H 1
| #define HAVE_STDLIB_H 1
| #define HAVE_STRING_H 1
| #define HAVE_MEMORY_H 1
| #define HAVE_STRINGS_H 1
| #define HAVE_INTTYPES_H 1
| #define HAVE_STDINT_H 1
| #define HAVE_UNISTD_H 1
| #define __EXTENSIONS__ 1
| #define _ALL_SOURCE 1
| #define _GNU_SOURCE 1
| #define _POSIX_PTHREAD_SEMANTICS 1
| #define _TANDEM_SOURCE 1
| #define WITH_PTY_SUPPORT 1
| #define WITH_SRP 1
| #define WITH_TCP_FORWARD 1
| #define WITH_X11_FORWARD 1
| #define WITH_UTMP 1
| #define STDC_HEADERS 1
| /* end confdefs.h.  */
| #include <stdio.h>
| #ifdef HAVE_SYS_TYPES_H
| # include <sys/types.h>
| #endif
| #ifdef HAVE_SYS_STAT_H
| # include <sys/stat.h>
| #endif
| #ifdef STDC_HEADERS
| # include <stdlib.h>
| # include <stddef.h>
| #else
| # ifdef HAVE_STDLIB_H
| #  include <stdlib.h>
| # endif
| #endif
| #ifdef HAVE_STRING_H
| # if !defined STDC_HEADERS && defined HAVE_MEMORY_H
| #  include <memory.h>
| # endif
| # include <string.h>
| #endif
| #ifdef HAVE_STRINGS_H
| # include <strings.h>
| #endif
| #ifdef HAVE_INTTYPES_H
| # include <inttypes.h>
| #endif
| #ifdef HAVE_STDINT_H
| # include <stdint.h>
| #endif
| #ifdef HAVE_UNISTD_H
| # include <unistd.h>
| #endif
| #include <gmp.h>
configure:5939: result: no
configure:5939: checking gmp.h presence
configure:5939: gcc -E  conftest.c
conftest.c:32:10: fatal error: gmp.h: No such file or directory
 #include <gmp.h>
          ^~~~~~~
compilation terminated.
configure:5939: $? = 1
configure: failed program was:
| /* confdefs.h */
| #define PACKAGE_NAME "lsh"
| #define PACKAGE_TARNAME "lsh"
| #define PACKAGE_VERSION "2.1"
| #define PACKAGE_STRING "lsh 2.1"
| #define PACKAGE_BUGREPORT "bug-lsh@gnu.org"
| #define PACKAGE_URL ""
| #define PACKAGE "lsh"
| #define VERSION "2.1"
| #define STDC_HEADERS 1
| #define HAVE_SYS_TYPES_H 1
| #define HAVE_SYS_STAT_H 1
| #define HAVE_STDLIB_H 1
| #define HAVE_STRING_H 1
| #define HAVE_MEMORY_H 1
| #define HAVE_STRINGS_H 1
| #define HAVE_INTTYPES_H 1
| #define HAVE_STDINT_H 1
| #define HAVE_UNISTD_H 1
| #define __EXTENSIONS__ 1
| #define _ALL_SOURCE 1
| #define _GNU_SOURCE 1
| #define _POSIX_PTHREAD_SEMANTICS 1
| #define _TANDEM_SOURCE 1
| #define WITH_PTY_SUPPORT 1
| #define WITH_SRP 1
| #define WITH_TCP_FORWARD 1
| #define WITH_X11_FORWARD 1
| #define WITH_UTMP 1
| #define STDC_HEADERS 1
| /* end confdefs.h.  */
| #include <gmp.h>
configure:5939: result: no
configure:5939: checking for gmp.h
configure:5939: result: no
configure:5946: error: gmp.h not found

## ---------------- ##
## Cache variables. ##
## ---------------- ##

ac_cv_build=x86_64-unknown-linux-gnu
ac_cv_c_compiler_gnu=yes
ac_cv_env_CC_set=
ac_cv_env_CC_value=
ac_cv_env_CFLAGS_set=
ac_cv_env_CFLAGS_value=
ac_cv_env_CPPFLAGS_set=
ac_cv_env_CPPFLAGS_value=
ac_cv_env_CPP_set=
ac_cv_env_CPP_value=
ac_cv_env_GROFF_set=
ac_cv_env_GROFF_value=
ac_cv_env_LDFLAGS_set=
ac_cv_env_LDFLAGS_value=
ac_cv_env_LIBS_set=
ac_cv_env_LIBS_value=
ac_cv_env_M4_set=
ac_cv_env_M4_value=
ac_cv_env_XAUTH_PROGRAM_set=
ac_cv_env_XAUTH_PROGRAM_value=
ac_cv_env_XMKMF_set=
ac_cv_env_XMKMF_value=
ac_cv_env_build_alias_set=
ac_cv_env_build_alias_value=
ac_cv_env_host_alias_set=
ac_cv_env_host_alias_value=
ac_cv_env_target_alias_set=
ac_cv_env_target_alias_value=
ac_cv_header_gmp_h=no
ac_cv_header_inttypes_h=yes
ac_cv_header_memory_h=yes
ac_cv_header_minix_config_h=no
ac_cv_header_stdc=yes
ac_cv_header_stdint_h=yes
ac_cv_header_stdlib_h=yes
ac_cv_header_string_h=yes
ac_cv_header_strings_h=yes
ac_cv_header_sys_stat_h=yes
ac_cv_header_sys_types_h=yes
ac_cv_header_unistd_h=yes
ac_cv_host=x86_64-unknown-linux-gnu
ac_cv_objext=o
ac_cv_path_EGREP='/bin/grep -E'
ac_cv_path_GREP=/bin/grep
ac_cv_path_GROFF=/usr/bin/groff
ac_cv_path_M4=/usr/bin/m4
ac_cv_path_install='/usr/bin/install -c'
ac_cv_path_mkdir=/bin/mkdir
ac_cv_prog_AWK=gawk
ac_cv_prog_CPP='gcc -E'
ac_cv_prog_ac_ct_CC=gcc
ac_cv_prog_ac_ct_RANLIB=ranlib
ac_cv_prog_cc_c89=
ac_cv_prog_cc_g=yes
ac_cv_prog_make_make_set=yes
ac_cv_safe_to_define___extensions__=yes
am_cv_CC_dependencies_compiler_type=gcc3
am_cv_make_support_nested_variables=yes

## ----------------- ##
## Output variables. ##
## ----------------- ##

ACLOCAL='${SHELL} /home/carolhanna/Security_Project/gnu_dataset/lsh-2.1/missing aclocal-1.13'
ALLOCA=''
AMDEPBACKSLASH='\'
AMDEP_FALSE='#'
AMDEP_TRUE=''
AMTAR='$${TAR-tar}'
AM_BACKSLASH='\'
AM_DEFAULT_V='$(AM_DEFAULT_VERBOSITY)'
AM_DEFAULT_VERBOSITY='1'
AM_V='$(V)'
AUTOCONF='${SHELL} /home/carolhanna/Security_Project/gnu_dataset/lsh-2.1/missing autoconf'
AUTOHEADER='${SHELL} /home/carolhanna/Security_Project/gnu_dataset/lsh-2.1/missing autoheader'
AUTOMAKE='${SHELL} /home/carolhanna/Security_Project/gnu_dataset/lsh-2.1/missing automake-1.13'
AWK='gawk'
BUILD_ARCH=''
BUILD_OSREV=''
BUILD_OSSYS=''
CC='gcc'
CCDEPMODE='depmode=gcc3'
CFLAGS='-g -O2'
CPP='gcc -E'
CPPFLAGS=''
CYGPATH_W='echo'
DEFS=''
DEPDIR='.deps'
DOTDOT_LIBARGP=''
ECHO_C=''
ECHO_N='-n'
ECHO_T=''
EGREP='/bin/grep -E'
EXEEXT=''
GREP='/bin/grep'
GROFF='/usr/bin/groff'
INSTALL_DATA='${INSTALL} -m 644'
INSTALL_PROGRAM='${INSTALL}'
INSTALL_SCRIPT='${INSTALL}'
INSTALL_STRIP_PROGRAM='$(install_sh) -c -s'
KRB5CONFIG=''
KRB_LIBS=''
KRB_PROGRAM=''
LDFLAGS=''
LIBARGP=''
LIBOBJS=''
LIBS=''
LTLIBOBJS=''
M4='/usr/bin/m4'
MAKEINFO='${SHELL} /home/carolhanna/Security_Project/gnu_dataset/lsh-2.1/missing makeinfo'
MKDIR_P='/bin/mkdir -p'
OBJEXT='o'
PACKAGE='lsh'
PACKAGE_BUGREPORT='bug-lsh@gnu.org'
PACKAGE_NAME='lsh'
PACKAGE_STRING='lsh 2.1'
PACKAGE_TARNAME='lsh'
PACKAGE_URL=''
PACKAGE_VERSION='2.1'
PAM_PROGRAM=''
PATH_SEPARATOR=':'
RANLIB='ranlib'
SCHEME_NAME='false'
SCHEME_PROGRAM='false'
SET_MAKE=''
SHELL='/bin/bash'
SRP_PROGRAM='srp-gen'
STRIP=''
VERSION='2.1'
XAUTH_PROGRAM=''
XMKMF=''
ac_ct_CC='gcc'
am__EXEEXT_FALSE=''
am__EXEEXT_TRUE=''
am__fastdepCC_FALSE='#'
am__fastdepCC_TRUE=''
am__include='include'
am__isrc=''
am__leading_dot='.'
am__nodep='_no'
am__quote=''
am__tar='$${TAR-tar} chof - "$$tardir"'
am__untar='$${TAR-tar} xf -'
bindir='${exec_prefix}/bin'
build='x86_64-unknown-linux-gnu'
build_alias=''
build_cpu='x86_64'
build_os='linux-gnu'
build_vendor='unknown'
datadir='${datarootdir}'
datarootdir='${prefix}/share'
docdir='${datarootdir}/doc/${PACKAGE_TARNAME}'
dvidir='${docdir}'
exec_prefix='NONE'
host='x86_64-unknown-linux-gnu'
host_alias=''
host_cpu='x86_64'
host_os='linux-gnu'
host_vendor='unknown'
htmldir='${docdir}'
includedir='${prefix}/include'
infodir='${datarootdir}/info'
install_sh='${SHELL} /home/carolhanna/Security_Project/gnu_dataset/lsh-2.1/install-sh'
libdir='${exec_prefix}/lib'
libexecdir='${exec_prefix}/libexec'
localedir='${datarootdir}/locale'
localstatedir='${prefix}/var'
mandir='${datarootdir}/man'
mkdir_p='$(MKDIR_P)'
oldincludedir='/usr/include'
pdfdir='${docdir}'
prefix='NONE'
program_transform_name='s,x,x,'
psdir='${docdir}'
sbindir='${exec_prefix}/sbin'
sharedstatedir='${prefix}/com'
subdirs=''
sysconfdir='${prefix}/etc'
target_alias=''

## ----------- ##
## confdefs.h. ##
## ----------- ##

/* confdefs.h */
#define PACKAGE_NAME "lsh"
#define PACKAGE_TARNAME "lsh"
#define PACKAGE_VERSION "2.1"
#define PACKAGE_STRING "lsh 2.1"
#define PACKAGE_BUGREPORT "bug-lsh@gnu.org"
#define PACKAGE_URL ""
#define PACKAGE "lsh"
#define VERSION "2.1"
#define STDC_HEADERS 1
#define HAVE_SYS_TYPES_H 1
#define HAVE_SYS_STAT_H 1
#define HAVE_STDLIB_H 1
#define HAVE_STRING_H 1
#define HAVE_MEMORY_H 1
#define HAVE_STRINGS_H 1
#define HAVE_INTTYPES_H 1
#define HAVE_STDINT_H 1
#define HAVE_UNISTD_H 1
#define __EXTENSIONS__ 1
#define _ALL_SOURCE 1
#define _GNU_SOURCE 1
#define _POSIX_PTHREAD_SEMANTICS 1
#define _TANDEM_SOURCE 1
#define WITH_PTY_SUPPORT 1
#define WITH_SRP 1
#define WITH_TCP_FORWARD 1
#define WITH_X11_FORWARD 1
#define WITH_UTMP 1
#define STDC_HEADERS 1

configure: exit 1
