This file contains any messages produced by compilers while
running configure, to aid debugging if configure makes a mistake.

configure:560: checking for a BSD compatible install
configure:617: checking whether build environment is sane
configure:674: checking whether make sets ${MAKE}
configure:721: checking for working aclocal
configure:734: checking for working autoconf
configure:747: checking for working automake
configure:760: checking for working autoheader
configure:773: checking for working makeinfo
configure:790: checking for gnutar
configure:831: checking for gcc
configure:944: checking whether the C compiler (gcc   ) works
configure:960: gcc -o conftest    conftest.c  1>&5
configure:957:1: warning: return type defaults to 'int' [-Wimplicit-int]
 main(){return(0);}
 ^~~~
configure:986: checking whether the C compiler (gcc   ) is a cross-compiler
configure:991: checking whether we are using GNU C
configure:1019: checking whether gcc accepts -g
configure:1051: checking how to run the C preprocessor
configure:1131: checking for ANSI C header files
configure:1235: checking how to run the C preprocessor
configure:1326: checking for a BSD compatible install
configure:1383: checking whether ln -s works
configure:1404: checking whether make sets ${MAKE}
configure:1433: checking for ranlib
