This file contains any messages produced by compilers while
running configure, to aid debugging if configure makes a mistake.

It was created by GNU MIG configure 1.8, which was
generated by GNU Autoconf 2.69.  Invocation command line was

  $ ./configure 

## --------- ##
## Platform. ##
## --------- ##

hostname = rishon
uname -m = x86_64
uname -r = 4.15.0-72-generic
uname -s = Linux
uname -v = #81-Ubuntu SMP Tue Nov 26 12:20:02 UTC 2019

/usr/bin/uname -p = unknown
/bin/uname -X     = unknown

/bin/arch              = unknown
/usr/bin/arch -k       = unknown
/usr/convex/getsysinfo = unknown
/usr/bin/hostinfo      = unknown
/bin/machine           = unknown
/usr/bin/oslevel       = unknown
/bin/universe          = unknown

PATH: /home/carolhanna/miniconda3/bin
PATH: /home/carolhanna/miniconda3/condabin
PATH: /usr/local/sbin
PATH: /usr/local/bin
PATH: /usr/sbin
PATH: /usr/bin
PATH: /sbin
PATH: /bin
PATH: /usr/games
PATH: /usr/local/games
PATH: /snap/bin


## ----------- ##
## Core tests. ##
## ----------- ##

configure:2069: checking build system type
configure:2083: result: x86_64-pc-linux-gnu
configure:2103: checking host system type
configure:2116: result: x86_64-pc-linux-gnu
configure:2136: checking target system type
configure:2149: result: x86_64-pc-linux-gnu
configure:2203: checking for a BSD-compatible install
configure:2271: result: /usr/bin/install -c
configure:2282: checking whether build environment is sane
configure:2337: result: yes
configure:2478: checking for a thread-safe mkdir -p
configure:2517: result: /bin/mkdir -p
configure:2524: checking for gawk
configure:2540: found /usr/bin/gawk
configure:2551: result: gawk
configure:2562: checking whether make sets $(MAKE)
configure:2584: result: yes
configure:2613: checking whether make supports nested variables
configure:2630: result: yes
configure:2759: checking whether make supports nested variables
configure:2776: result: yes
configure:2836: checking for gcc
configure:2852: found /usr/bin/gcc
configure:2863: result: gcc
configure:3092: checking for C compiler version
configure:3101: gcc --version >&5
gcc (Ubuntu 7.5.0-3ubuntu1~18.04) 7.5.0
Copyright (C) 2017 Free Software Foundation, Inc.
This is free software; see the source for copying conditions.  There is NO
warranty; not even for MERCHANTABILITY or FITNESS FOR A PARTICULAR PURPOSE.

configure:3112: $? = 0
configure:3101: gcc -v >&5
Using built-in specs.
COLLECT_GCC=gcc
COLLECT_LTO_WRAPPER=/usr/lib/gcc/x86_64-linux-gnu/7/lto-wrapper
OFFLOAD_TARGET_NAMES=nvptx-none
OFFLOAD_TARGET_DEFAULT=1
Target: x86_64-linux-gnu
Configured with: ../src/configure -v --with-pkgversion='Ubuntu 7.5.0-3ubuntu1~18.04' --with-bugurl=file:///usr/share/doc/gcc-7/README.Bugs --enable-languages=c,ada,c++,go,brig,d,fortran,objc,obj-c++ --prefix=/usr --with-gcc-major-version-only --program-suffix=-7 --program-prefix=x86_64-linux-gnu- --enable-shared --enable-linker-build-id --libexecdir=/usr/lib --without-included-gettext --enable-threads=posix --libdir=/usr/lib --enable-nls --enable-bootstrap --enable-clocale=gnu --enable-libstdcxx-debug --enable-libstdcxx-time=yes --with-default-libstdcxx-abi=new --enable-gnu-unique-object --disable-vtable-verify --enable-libmpx --enable-plugin --enable-default-pie --with-system-zlib --with-target-system-zlib --enable-objc-gc=auto --enable-multiarch --disable-werror --with-arch-32=i686 --with-abi=m64 --with-multilib-list=m32,m64,mx32 --enable-multilib --with-tune=generic --enable-offload-targets=nvptx-none --without-cuda-driver --enable-checking=release --build=x86_64-linux-gnu --host=x86_64-linux-gnu --target=x86_64-linux-gnu
Thread model: posix
gcc version 7.5.0 (Ubuntu 7.5.0-3ubuntu1~18.04) 
configure:3112: $? = 0
configure:3101: gcc -V >&5
gcc: error: unrecognized command line option '-V'
gcc: fatal error: no input files
compilation terminated.
configure:3112: $? = 1
configure:3101: gcc -qversion >&5
gcc: error: unrecognized command line option '-qversion'; did you mean '--version'?
gcc: fatal error: no input files
compilation terminated.
configure:3112: $? = 1
configure:3132: checking whether the C compiler works
configure:3154: gcc    conftest.c  >&5
configure:3158: $? = 0
configure:3206: result: yes
configure:3209: checking for C compiler default output file name
configure:3211: result: a.out
configure:3217: checking for suffix of executables
configure:3224: gcc -o conftest    conftest.c  >&5
configure:3228: $? = 0
configure:3250: result: 
configure:3272: checking whether we are cross compiling
configure:3280: gcc -o conftest    conftest.c  >&5
configure:3284: $? = 0
configure:3291: ./conftest
configure:3295: $? = 0
configure:3310: result: no
configure:3315: checking for suffix of object files
configure:3337: gcc -c   conftest.c >&5
configure:3341: $? = 0
configure:3362: result: o
configure:3366: checking whether we are using the GNU C compiler
configure:3385: gcc -c   conftest.c >&5
configure:3385: $? = 0
configure:3394: result: yes
configure:3403: checking whether gcc accepts -g
configure:3423: gcc -c -g  conftest.c >&5
configure:3423: $? = 0
configure:3464: result: yes
configure:3481: checking for gcc option to accept ISO C89
configure:3544: gcc  -c -g -O2  conftest.c >&5
configure:3544: $? = 0
configure:3557: result: none needed
configure:3582: checking whether gcc understands -c and -o together
configure:3604: gcc -c conftest.c -o conftest2.o
configure:3607: $? = 0
configure:3604: gcc -c conftest.c -o conftest2.o
configure:3607: $? = 0
configure:3619: result: yes
configure:3647: checking for style of include used by make
configure:3675: result: GNU
configure:3701: checking dependency style of gcc
configure:3812: result: gcc3
configure:3832: checking how to run the C preprocessor
configure:3863: gcc -E  conftest.c
configure:3863: $? = 0
configure:3877: gcc -E  conftest.c
conftest.c:9:10: fatal error: ac_nonexistent.h: No such file or directory
 #include <ac_nonexistent.h>
          ^~~~~~~~~~~~~~~~~~
compilation terminated.
configure:3877: $? = 1
configure: failed program was:
| /* confdefs.h */
| #define PACKAGE_NAME "GNU MIG"
| #define PACKAGE_TARNAME "mig"
| #define PACKAGE_VERSION "1.8"
| #define PACKAGE_STRING "GNU MIG 1.8"
| #define PACKAGE_BUGREPORT "bug-hurd@gnu.org"
| #define PACKAGE_URL "http://www.gnu.org/software/mig/"
| /* end confdefs.h.  */
| #include <ac_nonexistent.h>
configure:3902: result: gcc -E
configure:3922: gcc -E  conftest.c
configure:3922: $? = 0
configure:3936: gcc -E  conftest.c
conftest.c:9:10: fatal error: ac_nonexistent.h: No such file or directory
 #include <ac_nonexistent.h>
          ^~~~~~~~~~~~~~~~~~
compilation terminated.
configure:3936: $? = 1
configure: failed program was:
| /* confdefs.h */
| #define PACKAGE_NAME "GNU MIG"
| #define PACKAGE_TARNAME "mig"
| #define PACKAGE_VERSION "1.8"
| #define PACKAGE_STRING "GNU MIG 1.8"
| #define PACKAGE_BUGREPORT "bug-hurd@gnu.org"
| #define PACKAGE_URL "http://www.gnu.org/software/mig/"
| /* end confdefs.h.  */
| #include <ac_nonexistent.h>
configure:3968: checking for bison
configure:3998: result: no
configure:3968: checking for byacc
configure:3998: result: no
configure:4010: error: yacc is not provided by bison, check your alternative conf or your packages

## ---------------- ##
## Cache variables. ##
## ---------------- ##

ac_cv_build=x86_64-pc-linux-gnu
ac_cv_c_compiler_gnu=yes
ac_cv_env_CC_set=
ac_cv_env_CC_value=
ac_cv_env_CFLAGS_set=
ac_cv_env_CFLAGS_value=
ac_cv_env_CPPFLAGS_set=
ac_cv_env_CPPFLAGS_value=
ac_cv_env_CPP_set=
ac_cv_env_CPP_value=
ac_cv_env_LDFLAGS_set=
ac_cv_env_LDFLAGS_value=
ac_cv_env_LIBS_set=
ac_cv_env_LIBS_value=
ac_cv_env_YACC_set=
ac_cv_env_YACC_value=
ac_cv_env_YFLAGS_set=
ac_cv_env_YFLAGS_value=
ac_cv_env_build_alias_set=
ac_cv_env_build_alias_value=
ac_cv_env_host_alias_set=
ac_cv_env_host_alias_value=
ac_cv_env_target_alias_set=
ac_cv_env_target_alias_value=
ac_cv_host=x86_64-pc-linux-gnu
ac_cv_objext=o
ac_cv_path_install='/usr/bin/install -c'
ac_cv_path_mkdir=/bin/mkdir
ac_cv_prog_AWK=gawk
ac_cv_prog_CPP='gcc -E'
ac_cv_prog_ac_ct_CC=gcc
ac_cv_prog_cc_c89=
ac_cv_prog_cc_g=yes
ac_cv_prog_make_make_set=yes
ac_cv_target=x86_64-pc-linux-gnu
am_cv_CC_dependencies_compiler_type=gcc3
am_cv_make_support_nested_variables=yes
am_cv_prog_cc_c_o=yes

## ----------------- ##
## Output variables. ##
## ----------------- ##

ACLOCAL='${SHELL} /home/carolhanna/Security_Project/gnu_dataset/mig-1.8/build-aux/missing aclocal-1.15'
AMDEPBACKSLASH='\'
AMDEP_FALSE='#'
AMDEP_TRUE=''
AMTAR='$${TAR-tar}'
AM_BACKSLASH='\'
AM_DEFAULT_V='$(AM_DEFAULT_VERBOSITY)'
AM_DEFAULT_VERBOSITY='1'
AM_V='$(V)'
AUTOCONF='${SHELL} /home/carolhanna/Security_Project/gnu_dataset/mig-1.8/build-aux/missing autoconf'
AUTOHEADER='${SHELL} /home/carolhanna/Security_Project/gnu_dataset/mig-1.8/build-aux/missing autoheader'
AUTOMAKE='${SHELL} /home/carolhanna/Security_Project/gnu_dataset/mig-1.8/build-aux/missing automake-1.15'
AWK='gawk'
CC='gcc'
CCDEPMODE='depmode=gcc3'
CFLAGS='-g -O2'
CPP='gcc -E'
CPPFLAGS=''
CYGPATH_W='echo'
DEFS=''
DEPDIR='.deps'
ECHO_C=''
ECHO_N='-n'
ECHO_T=''
EGREP=''
EXEEXT=''
GREP=''
INSTALL_DATA='${INSTALL} -m 644'
INSTALL_PROGRAM='${INSTALL}'
INSTALL_SCRIPT='${INSTALL}'
INSTALL_STRIP_PROGRAM='$(install_sh) -c -s'
LDFLAGS=''
LEX=''
LEXLIB=''
LEX_OUTPUT_ROOT=''
LIBOBJS=''
LIBS=''
LTLIBOBJS=''
MAKEINFO='${SHELL} /home/carolhanna/Security_Project/gnu_dataset/mig-1.8/build-aux/missing makeinfo'
MIG=''
MIGCOM=''
MKDIR_P='/bin/mkdir -p'
OBJEXT='o'
PACKAGE='mig'
PACKAGE_BUGREPORT='bug-hurd@gnu.org'
PACKAGE_NAME='GNU MIG'
PACKAGE_STRING='GNU MIG 1.8'
PACKAGE_TARNAME='mig'
PACKAGE_URL='http://www.gnu.org/software/mig/'
PACKAGE_VERSION='1.8'
PATH_SEPARATOR=':'
SET_MAKE=''
SHELL='/bin/bash'
STRIP=''
TARGET_CC=''
TARGET_CFLAGS=''
TARGET_CPPFLAGS=''
VERSION='1.8'
YACC='yacc'
YFLAGS=''
ac_ct_CC='gcc'
am__EXEEXT_FALSE=''
am__EXEEXT_TRUE=''
am__fastdepCC_FALSE='#'
am__fastdepCC_TRUE=''
am__include='include'
am__isrc=''
am__leading_dot='.'
am__nodep='_no'
am__quote=''
am__tar='$${TAR-tar} chof - "$$tardir"'
am__untar='$${TAR-tar} xf -'
bindir='${exec_prefix}/bin'
build='x86_64-pc-linux-gnu'
build_alias=''
build_cpu='x86_64'
build_os='linux-gnu'
build_vendor='pc'
datadir='${datarootdir}'
datarootdir='${prefix}/share'
docdir='${datarootdir}/doc/${PACKAGE_TARNAME}'
dvidir='${docdir}'
exec_prefix='NONE'
host='x86_64-pc-linux-gnu'
host_alias=''
host_cpu='x86_64'
host_os='linux-gnu'
host_vendor='pc'
htmldir='${docdir}'
includedir='${prefix}/include'
infodir='${datarootdir}/info'
install_sh='${SHELL} /home/carolhanna/Security_Project/gnu_dataset/mig-1.8/build-aux/install-sh'
libdir='${exec_prefix}/lib'
libexecdir='${exec_prefix}/libexec'
localedir='${datarootdir}/locale'
localstatedir='${prefix}/var'
mandir='${datarootdir}/man'
mkdir_p='$(MKDIR_P)'
oldincludedir='/usr/include'
pdfdir='${docdir}'
prefix='NONE'
program_transform_name='s,x,x,'
psdir='${docdir}'
runstatedir='${localstatedir}/run'
sbindir='${exec_prefix}/sbin'
sharedstatedir='${prefix}/com'
sysconfdir='${prefix}/etc'
target='x86_64-pc-linux-gnu'
target_alias=''
target_cpu='x86_64'
target_os='linux-gnu'
target_vendor='pc'

## ----------- ##
## confdefs.h. ##
## ----------- ##

/* confdefs.h */
#define PACKAGE_NAME "GNU MIG"
#define PACKAGE_TARNAME "mig"
#define PACKAGE_VERSION "1.8"
#define PACKAGE_STRING "GNU MIG 1.8"
#define PACKAGE_BUGREPORT "bug-hurd@gnu.org"
#define PACKAGE_URL "http://www.gnu.org/software/mig/"

configure: exit 1
