This file contains any messages produced by compilers while
running configure, to aid debugging if configure makes a mistake.

configure:558: checking for a BSD compatible install
configure:611: checking whether build environment is sane
configure:668: checking whether make sets ${MAKE}
configure:714: checking for working aclocal
configure:727: checking for working autoconf
configure:740: checking for working automake
configure:753: checking for working autoheader
configure:766: checking for working makeinfo
configure:816: checking for mawk
configure:848: checking for gcc
configure:961: checking whether the C compiler (gcc -O2 -Wall -fomit-frame-pointer ) works
configure:977: gcc -o conftest -O2 -Wall -fomit-frame-pointer   conftest.c  1>&5
configure:974:1: warning: return type defaults to 'int' [-Wimplicit-int]
 main(){return(0);}
 ^~~~
configure:1003: checking whether the C compiler (gcc -O2 -Wall -fomit-frame-pointer ) is a cross-compiler
configure:1008: checking whether we are using GNU C
configure:1017: gcc -E conftest.c
configure:1036: checking whether gcc accepts -g
configure:1098: checking for a BSD compatible install
configure:1151: checking whether ln -s works
configure:1174: checking for ranlib
configure:1203: checking for gethostent
configure:1231: gcc -o conftest -O2 -Wall -fomit-frame-pointer   conftest.c  1>&5
configure:1298: checking for setsockopt
configure:1326: gcc -o conftest -O2 -Wall -fomit-frame-pointer   conftest.c  1>&5
configure:1394: checking how to run the C preprocessor
configure:1415: gcc -E  conftest.c >/dev/null 2>conftest.out
configure:1474: checking for ANSI C header files
configure:1487: gcc -E  conftest.c >/dev/null 2>conftest.out
configure:1554: gcc -o conftest -O2 -Wall -fomit-frame-pointer   conftest.c  1>&5
configure: In function 'main':
configure:1549:67: warning: implicit declaration of function 'exit' [-Wimplicit-function-declaration]
 if (XOR (islower (i), ISLOWER (i)) || toupper (i) != TOUPPER (i)) exit(2);
                                                                   ^~~~
configure:1549:67: warning: incompatible implicit declaration of built-in function 'exit'
configure:1549:67: note: include '<stdlib.h>' or provide a declaration of 'exit'
configure:1550:1: warning: incompatible implicit declaration of built-in function 'exit'
 exit (0); }
 ^~~~
configure:1550:1: note: include '<stdlib.h>' or provide a declaration of 'exit'
configure:1581: checking for fcntl.h
configure:1591: gcc -E  conftest.c >/dev/null 2>conftest.out
configure:1581: checking for syslog.h
configure:1591: gcc -E  conftest.c >/dev/null 2>conftest.out
configure:1581: checking for unistd.h
configure:1591: gcc -E  conftest.c >/dev/null 2>conftest.out
configure:1581: checking for sys/poll.h
configure:1591: gcc -E  conftest.c >/dev/null 2>conftest.out
configure:1619: checking for working const
configure:1673: gcc -c -O2 -Wall -fomit-frame-pointer  conftest.c 1>&5
configure: In function 'main':
configure:1647:15: warning: unused variable 's' [-Wunused-variable]
   char const *s = 0 ? (char *) 0 : (char const *) 0;
               ^
configure:1667:13: warning: unused variable 'foo' [-Wunused-variable]
   const int foo = 10;
             ^~~
configure:1635:27: warning: unused variable 'zero' [-Wunused-variable]
 static struct point const zero = {0,0};
                           ^~~~
configure:1629:39: warning: unused variable 'x' [-Wunused-variable]
 typedef int charset[2]; const charset x = {0,0};
                                       ^
configure:1649:5: warning: 't' is used uninitialized in this function [-Wuninitialized]
   *t++ = 0;
    ~^~
configure:1664:21: warning: 'b' is used uninitialized in this function [-Wuninitialized]
   struct s *b; b->j = 5;
                ~~~~~^~~
configure:1694: checking for inline
configure:1708: gcc -c -O2 -Wall -fomit-frame-pointer  conftest.c 1>&5
configure:1734: checking for size_t
configure:1768: checking for socklen_t
configure:1782: gcc -c -O2 -Wall -fomit-frame-pointer  conftest.c 1>&5
configure: In function 'main':
configure:1778:11: warning: unused variable 'len' [-Wunused-variable]
 socklen_t len = 42; return 0;
           ^~~
configure:1804: checking whether INADDR_NONE is defined
configure:1818: gcc -c -O2 -Wall -fomit-frame-pointer  conftest.c 1>&5
configure:1840: checking size of char
configure:1859: gcc -o conftest -O2 -Wall -fomit-frame-pointer   conftest.c  1>&5
configure:1850:1: warning: return type defaults to 'int' [-Wimplicit-int]
 main()
 ^~~~
configure: In function 'main':
configure:1853:11: warning: implicit declaration of function 'exit' [-Wimplicit-function-declaration]
   if (!f) exit(1);
           ^~~~
configure:1853:11: warning: incompatible implicit declaration of built-in function 'exit'
configure:1853:11: note: include '<stdlib.h>' or provide a declaration of 'exit'
configure:1854:14: warning: format '%d' expects argument of type 'int', but argument 3 has type 'long unsigned int' [-Wformat=]
   fprintf(f, "%d\n", sizeof(char));
              ^~~~~~
configure:1855:3: warning: incompatible implicit declaration of built-in function 'exit'
   exit(0);
   ^~~~
configure:1855:3: note: include '<stdlib.h>' or provide a declaration of 'exit'
configure:1879: checking size of short
configure:1898: gcc -o conftest -O2 -Wall -fomit-frame-pointer   conftest.c  1>&5
configure:1889:1: warning: return type defaults to 'int' [-Wimplicit-int]
 main()
 ^~~~
configure: In function 'main':
configure:1892:11: warning: implicit declaration of function 'exit' [-Wimplicit-function-declaration]
   if (!f) exit(1);
           ^~~~
configure:1892:11: warning: incompatible implicit declaration of built-in function 'exit'
configure:1892:11: note: include '<stdlib.h>' or provide a declaration of 'exit'
configure:1893:14: warning: format '%d' expects argument of type 'int', but argument 3 has type 'long unsigned int' [-Wformat=]
   fprintf(f, "%d\n", sizeof(short));
              ^~~~~~
configure:1894:3: warning: incompatible implicit declaration of built-in function 'exit'
   exit(0);
   ^~~~
configure:1894:3: note: include '<stdlib.h>' or provide a declaration of 'exit'
configure:1918: checking size of int
configure:1937: gcc -o conftest -O2 -Wall -fomit-frame-pointer   conftest.c  1>&5
configure:1928:1: warning: return type defaults to 'int' [-Wimplicit-int]
 main()
 ^~~~
configure: In function 'main':
configure:1931:11: warning: implicit declaration of function 'exit' [-Wimplicit-function-declaration]
   if (!f) exit(1);
           ^~~~
configure:1931:11: warning: incompatible implicit declaration of built-in function 'exit'
configure:1931:11: note: include '<stdlib.h>' or provide a declaration of 'exit'
configure:1932:14: warning: format '%d' expects argument of type 'int', but argument 3 has type 'long unsigned int' [-Wformat=]
   fprintf(f, "%d\n", sizeof(int));
              ^~~~~~
configure:1933:3: warning: incompatible implicit declaration of built-in function 'exit'
   exit(0);
   ^~~~
configure:1933:3: note: include '<stdlib.h>' or provide a declaration of 'exit'
configure:1957: checking size of long
configure:1976: gcc -o conftest -O2 -Wall -fomit-frame-pointer   conftest.c  1>&5
configure:1967:1: warning: return type defaults to 'int' [-Wimplicit-int]
 main()
 ^~~~
configure: In function 'main':
configure:1970:11: warning: implicit declaration of function 'exit' [-Wimplicit-function-declaration]
   if (!f) exit(1);
           ^~~~
configure:1970:11: warning: incompatible implicit declaration of built-in function 'exit'
configure:1970:11: note: include '<stdlib.h>' or provide a declaration of 'exit'
configure:1971:14: warning: format '%d' expects argument of type 'int', but argument 3 has type 'long unsigned int' [-Wformat=]
   fprintf(f, "%d\n", sizeof(long));
              ^~~~~~
configure:1972:3: warning: incompatible implicit declaration of built-in function 'exit'
   exit(0);
   ^~~~
configure:1972:3: note: include '<stdlib.h>' or provide a declaration of 'exit'
configure:1996: checking size of long long
configure:2015: gcc -o conftest -O2 -Wall -fomit-frame-pointer   conftest.c  1>&5
configure:2006:1: warning: return type defaults to 'int' [-Wimplicit-int]
 main()
 ^~~~
configure: In function 'main':
configure:2009:11: warning: implicit declaration of function 'exit' [-Wimplicit-function-declaration]
   if (!f) exit(1);
           ^~~~
configure:2009:11: warning: incompatible implicit declaration of built-in function 'exit'
configure:2009:11: note: include '<stdlib.h>' or provide a declaration of 'exit'
configure:2010:14: warning: format '%d' expects argument of type 'int', but argument 3 has type 'long unsigned int' [-Wformat=]
   fprintf(f, "%d\n", sizeof(long long));
              ^~~~~~
configure:2011:3: warning: incompatible implicit declaration of built-in function 'exit'
   exit(0);
   ^~~~
configure:2011:3: note: include '<stdlib.h>' or provide a declaration of 'exit'
configure:2036: checking for 8-bit clean memcmp
configure:2054: gcc -o conftest -O2 -Wall -fomit-frame-pointer   conftest.c  1>&5
configure:2046:1: warning: return type defaults to 'int' [-Wimplicit-int]
 main()
 ^~~~
configure: In function 'main':
configure:2049:3: warning: implicit declaration of function 'exit' [-Wimplicit-function-declaration]
   exit(memcmp(&c0, &c2, 1) < 0 && memcmp(&c1, &c2, 1) < 0 ? 0 : 1);
   ^~~~
configure:2049:3: warning: incompatible implicit declaration of built-in function 'exit'
configure:2049:3: note: include '<stdlib.h>' or provide a declaration of 'exit'
configure:2049:8: warning: implicit declaration of function 'memcmp' [-Wimplicit-function-declaration]
   exit(memcmp(&c0, &c2, 1) < 0 && memcmp(&c1, &c2, 1) < 0 ? 0 : 1);
        ^~~~~~
configure:2072: checking return type of signal handlers
configure:2094: gcc -c -O2 -Wall -fomit-frame-pointer  conftest.c 1>&5
configure: In function 'main':
configure:2090:5: warning: unused variable 'i' [-Wunused-variable]
 int i;
     ^
configure:2113: checking for vprintf
configure:2141: gcc -o conftest -O2 -Wall -fomit-frame-pointer   conftest.c  1>&5
configure:2125:6: warning: conflicting types for built-in function 'vprintf' [-Wbuiltin-declaration-mismatch]
 char vprintf();
      ^~~~~~~
configure:2220: checking for socket
configure:2248: gcc -o conftest -O2 -Wall -fomit-frame-pointer   conftest.c  1>&5
configure:2220: checking for strdup
configure:2248: gcc -o conftest -O2 -Wall -fomit-frame-pointer   conftest.c  1>&5
configure:2232:6: warning: conflicting types for built-in function 'strdup' [-Wbuiltin-declaration-mismatch]
 char $ac_func();
      ^~~~~~
configure:2220: checking for strerror
configure:2248: gcc -o conftest -O2 -Wall -fomit-frame-pointer   conftest.c  1>&5
configure:2220: checking for daemon
configure:2248: gcc -o conftest -O2 -Wall -fomit-frame-pointer   conftest.c  1>&5
configure:2220: checking for vsyslog
configure:2248: gcc -o conftest -O2 -Wall -fomit-frame-pointer   conftest.c  1>&5
configure:2275: checking for poll
configure:2303: gcc -o conftest -O2 -Wall -fomit-frame-pointer   conftest.c  1>&5
configure:2275: checking for select
configure:2303: gcc -o conftest -O2 -Wall -fomit-frame-pointer   conftest.c  1>&5
configure:2275: checking for endprotoent
configure:2303: gcc -o conftest -O2 -Wall -fomit-frame-pointer   conftest.c  1>&5
configure:2275: checking for vsnprintf
configure:2303: gcc -o conftest -O2 -Wall -fomit-frame-pointer   conftest.c  1>&5
configure:2287:6: warning: conflicting types for built-in function 'vsnprintf' [-Wbuiltin-declaration-mismatch]
 char $ac_func();
      ^~~~~~~~~
configure:2275: checking for syslog
configure:2303: gcc -o conftest -O2 -Wall -fomit-frame-pointer   conftest.c  1>&5
