This file contains any messages produced by compilers while
running configure, to aid debugging if configure makes a mistake.

It was created by GNU units configure 2.18, which was
generated by GNU Autoconf 2.69.  Invocation command line was

  $ ./configure 

## --------- ##
## Platform. ##
## --------- ##

hostname = rishon
uname -m = x86_64
uname -r = 4.15.0-72-generic
uname -s = Linux
uname -v = #81-Ubuntu SMP Tue Nov 26 12:20:02 UTC 2019

/usr/bin/uname -p = unknown
/bin/uname -X     = unknown

/bin/arch              = unknown
/usr/bin/arch -k       = unknown
/usr/convex/getsysinfo = unknown
/usr/bin/hostinfo      = unknown
/bin/machine           = unknown
/usr/bin/oslevel       = unknown
/bin/universe          = unknown

PATH: /home/carolhanna/miniconda3/bin
PATH: /home/carolhanna/miniconda3/condabin
PATH: /usr/local/sbin
PATH: /usr/local/bin
PATH: /usr/sbin
PATH: /usr/bin
PATH: /sbin
PATH: /bin
PATH: /usr/games
PATH: /usr/local/games
PATH: /snap/bin


## ----------- ##
## Core tests. ##
## ----------- ##

configure:2260: checking for gcc
configure:2276: found /usr/bin/gcc
configure:2287: result: gcc
configure:2318: checking for C compiler version
configure:2327: gcc --version >&5
gcc (Ubuntu 7.5.0-3ubuntu1~18.04) 7.5.0
Copyright (C) 2017 Free Software Foundation, Inc.
This is free software; see the source for copying conditions.  There is NO
warranty; not even for MERCHANTABILITY or FITNESS FOR A PARTICULAR PURPOSE.

configure:2338: $? = 0
configure:2327: gcc -v >&5
Using built-in specs.
COLLECT_GCC=gcc
COLLECT_LTO_WRAPPER=/usr/lib/gcc/x86_64-linux-gnu/7/lto-wrapper
OFFLOAD_TARGET_NAMES=nvptx-none
OFFLOAD_TARGET_DEFAULT=1
Target: x86_64-linux-gnu
Configured with: ../src/configure -v --with-pkgversion='Ubuntu 7.5.0-3ubuntu1~18.04' --with-bugurl=file:///usr/share/doc/gcc-7/README.Bugs --enable-languages=c,ada,c++,go,brig,d,fortran,objc,obj-c++ --prefix=/usr --with-gcc-major-version-only --program-suffix=-7 --program-prefix=x86_64-linux-gnu- --enable-shared --enable-linker-build-id --libexecdir=/usr/lib --without-included-gettext --enable-threads=posix --libdir=/usr/lib --enable-nls --enable-bootstrap --enable-clocale=gnu --enable-libstdcxx-debug --enable-libstdcxx-time=yes --with-default-libstdcxx-abi=new --enable-gnu-unique-object --disable-vtable-verify --enable-libmpx --enable-plugin --enable-default-pie --with-system-zlib --with-target-system-zlib --enable-objc-gc=auto --enable-multiarch --disable-werror --with-arch-32=i686 --with-abi=m64 --with-multilib-list=m32,m64,mx32 --enable-multilib --with-tune=generic --enable-offload-targets=nvptx-none --without-cuda-driver --enable-checking=release --build=x86_64-linux-gnu --host=x86_64-linux-gnu --target=x86_64-linux-gnu
Thread model: posix
gcc version 7.5.0 (Ubuntu 7.5.0-3ubuntu1~18.04) 
configure:2338: $? = 0
configure:2327: gcc -V >&5
gcc: error: unrecognized command line option '-V'
gcc: fatal error: no input files
compilation terminated.
configure:2338: $? = 1
configure:2327: gcc -qversion >&5
gcc: error: unrecognized command line option '-qversion'; did you mean '--version'?
gcc: fatal error: no input files
compilation terminated.
configure:2338: $? = 1
configure:2358: checking whether the C compiler works
configure:2380: gcc    conftest.c  >&5
configure:2384: $? = 0
configure:2432: result: yes
configure:2435: checking for C compiler default output file name
configure:2437: result: a.out
configure:2443: checking for suffix of executables
configure:2450: gcc -o conftest    conftest.c  >&5
configure:2454: $? = 0
configure:2476: result: 
configure:2498: checking whether we are cross compiling
configure:2506: gcc -o conftest    conftest.c  >&5
configure:2510: $? = 0
configure:2517: ./conftest
configure:2521: $? = 0
configure:2536: result: no
configure:2541: checking for suffix of object files
configure:2563: gcc -c   conftest.c >&5
configure:2567: $? = 0
configure:2588: result: o
configure:2592: checking whether we are using the GNU C compiler
configure:2611: gcc -c   conftest.c >&5
configure:2611: $? = 0
configure:2620: result: yes
configure:2629: checking whether gcc accepts -g
configure:2649: gcc -c -g  conftest.c >&5
configure:2649: $? = 0
configure:2690: result: yes
configure:2707: checking for gcc option to accept ISO C89
configure:2770: gcc  -c -g -O2  conftest.c >&5
configure:2770: $? = 0
configure:2783: result: none needed
configure:2803: checking for gcc option to accept ISO C99
configure:2952: gcc  -c -g -O2  conftest.c >&5
configure:2952: $? = 0
configure:2965: result: none needed
configure:3006: checking whether C compiler accepts -fpic
configure:3025: gcc -c -g -O2  -fpic  conftest.c >&5
configure:3025: $? = 0
configure:3033: result: yes
configure:3044: checking for an ANSI C-conforming const
configure:3110: gcc -c -g -O2 -fpic  conftest.c >&5
configure:3110: $? = 0
configure:3117: result: yes
configure:3168: checking for a BSD-compatible install
configure:3236: result: /usr/bin/install -c
configure:3247: checking for a thread-safe mkdir -p
configure:3286: result: /bin/mkdir -p
configure:3291: checking for library containing sin
configure:3322: gcc -o conftest -g -O2 -fpic   conftest.c  >&5
conftest.c:16:6: warning: conflicting types for built-in function 'sin' [-Wbuiltin-declaration-mismatch]
 char sin ();
      ^~~
/tmp/ccnHpCfg.o: In function `main':
/home/carolhanna/Security_Project/gnu_dataset/units-2.18/conftest.c:20: undefined reference to `sin'
collect2: error: ld returned 1 exit status
configure:3322: $? = 1
configure: failed program was:
| /* confdefs.h */
| #define PACKAGE_NAME "GNU units"
| #define PACKAGE_TARNAME "units"
| #define PACKAGE_VERSION "2.18"
| #define PACKAGE_STRING "GNU units 2.18"
| #define PACKAGE_BUGREPORT "adrianm@gnu.org"
| #define PACKAGE_URL "http://www.gnu.org/software/units/"
| /* end confdefs.h.  */
| 
| /* Override any GCC internal prototype to avoid an error.
|    Use char because int might match the return type of a GCC
|    builtin and then its argument prototype would still apply.  */
| #ifdef __cplusplus
| extern "C"
| #endif
| char sin ();
| int
| main ()
| {
| return sin ();
|   ;
|   return 0;
| }
configure:3322: gcc -o conftest -g -O2 -fpic   conftest.c -lm   >&5
conftest.c:16:6: warning: conflicting types for built-in function 'sin' [-Wbuiltin-declaration-mismatch]
 char sin ();
      ^~~
configure:3322: $? = 0
configure:3339: result: -lm
configure:3353: checking for append_history in -lreadline
configure:3378: gcc -o conftest -g -O2 -fpic   conftest.c -lreadline  -lm  >&5
configure:3378: $? = 0
configure:3387: result: yes
configure:3399: checking whether rl_completion_suppress_append is declared
configure:3399: gcc -c -g -O2 -fpic  conftest.c >&5
configure:3399: $? = 0
configure:3399: result: yes
configure:3415: checking how to run the C preprocessor
configure:3446: gcc -E  conftest.c
configure:3446: $? = 0
configure:3460: gcc -E  conftest.c
conftest.c:9:10: fatal error: ac_nonexistent.h: No such file or directory
 #include <ac_nonexistent.h>
          ^~~~~~~~~~~~~~~~~~
compilation terminated.
configure:3460: $? = 1
configure: failed program was:
| /* confdefs.h */
| #define PACKAGE_NAME "GNU units"
| #define PACKAGE_TARNAME "units"
| #define PACKAGE_VERSION "2.18"
| #define PACKAGE_STRING "GNU units 2.18"
| #define PACKAGE_BUGREPORT "adrianm@gnu.org"
| #define PACKAGE_URL "http://www.gnu.org/software/units/"
| /* end confdefs.h.  */
| #include <ac_nonexistent.h>
configure:3485: result: gcc -E
configure:3505: gcc -E  conftest.c
configure:3505: $? = 0
configure:3519: gcc -E  conftest.c
conftest.c:9:10: fatal error: ac_nonexistent.h: No such file or directory
 #include <ac_nonexistent.h>
          ^~~~~~~~~~~~~~~~~~
compilation terminated.
configure:3519: $? = 1
configure: failed program was:
| /* confdefs.h */
| #define PACKAGE_NAME "GNU units"
| #define PACKAGE_TARNAME "units"
| #define PACKAGE_VERSION "2.18"
| #define PACKAGE_STRING "GNU units 2.18"
| #define PACKAGE_BUGREPORT "adrianm@gnu.org"
| #define PACKAGE_URL "http://www.gnu.org/software/units/"
| /* end confdefs.h.  */
| #include <ac_nonexistent.h>
configure:3548: checking for grep that handles long lines and -e
configure:3606: result: /bin/grep
configure:3611: checking for egrep
configure:3673: result: /bin/grep -E
configure:3678: checking for ANSI C header files
configure:3698: gcc -c -g -O2 -fpic  conftest.c >&5
configure:3698: $? = 0
configure:3771: gcc -o conftest -g -O2 -fpic   conftest.c -lreadline  -lm  >&5
configure:3771: $? = 0
configure:3771: ./conftest
configure:3771: $? = 0
configure:3782: result: yes
configure:3795: checking for sys/types.h
configure:3795: gcc -c -g -O2 -fpic  conftest.c >&5
configure:3795: $? = 0
configure:3795: result: yes
configure:3795: checking for sys/stat.h
configure:3795: gcc -c -g -O2 -fpic  conftest.c >&5
configure:3795: $? = 0
configure:3795: result: yes
configure:3795: checking for stdlib.h
configure:3795: gcc -c -g -O2 -fpic  conftest.c >&5
configure:3795: $? = 0
configure:3795: result: yes
configure:3795: checking for string.h
configure:3795: gcc -c -g -O2 -fpic  conftest.c >&5
configure:3795: $? = 0
configure:3795: result: yes
configure:3795: checking for memory.h
configure:3795: gcc -c -g -O2 -fpic  conftest.c >&5
configure:3795: $? = 0
configure:3795: result: yes
configure:3795: checking for strings.h
configure:3795: gcc -c -g -O2 -fpic  conftest.c >&5
configure:3795: $? = 0
configure:3795: result: yes
configure:3795: checking for inttypes.h
configure:3795: gcc -c -g -O2 -fpic  conftest.c >&5
configure:3795: $? = 0
configure:3795: result: yes
configure:3795: checking for stdint.h
configure:3795: gcc -c -g -O2 -fpic  conftest.c >&5
configure:3795: $? = 0
configure:3795: result: yes
configure:3795: checking for unistd.h
configure:3795: gcc -c -g -O2 -fpic  conftest.c >&5
configure:3795: $? = 0
configure:3795: result: yes
configure:3807: checking for string.h
configure:3807: result: yes
configure:3815: checking for stdlib.h
configure:3815: result: yes
configure:3824: checking for strchr
configure:3824: gcc -o conftest -g -O2 -fpic   conftest.c -lreadline  -lm  >&5
conftest.c:42:6: warning: conflicting types for built-in function 'strchr' [-Wbuiltin-declaration-mismatch]
 char strchr ();
      ^~~~~~
configure:3824: $? = 0
configure:3824: result: yes
configure:3831: checking for strspn
configure:3831: gcc -o conftest -g -O2 -fpic   conftest.c -lreadline  -lm  >&5
conftest.c:42:6: warning: conflicting types for built-in function 'strspn' [-Wbuiltin-declaration-mismatch]
 char strspn ();
      ^~~~~~
configure:3831: $? = 0
configure:3831: result: yes
configure:3838: checking for strtok
configure:3838: gcc -o conftest -g -O2 -fpic   conftest.c -lreadline  -lm  >&5
configure:3838: $? = 0
configure:3838: result: yes
configure:3846: checking for setenv
configure:3846: gcc -o conftest -g -O2 -fpic   conftest.c -lreadline  -lm  >&5
configure:3846: $? = 0
configure:3846: result: yes
configure:3853: checking for setlocale
configure:3853: gcc -o conftest -g -O2 -fpic   conftest.c -lreadline  -lm  >&5
configure:3853: $? = 0
configure:3853: result: yes
configure:3861: checking for locale and UTF-8 support
configure:3885: gcc -o conftest -g -O2 -fpic   conftest.c -lreadline  -lm  >&5
conftest.c: In function 'main':
conftest.c:30:21: warning: passing argument 2 of 'mbsrtowcs' from incompatible pointer type [-Wincompatible-pointer-types]
      mbsrtowcs(out, &res, 2, NULL);
                     ^
In file included from /usr/include/features.h:424:0,
                 from /usr/include/x86_64-linux-gnu/bits/libc-header-start.h:33,
                 from /usr/include/wchar.h:27,
                 from conftest.c:21:
/usr/include/x86_64-linux-gnu/bits/wchar2.h:474:1: note: expected 'const char ** restrict' but argument is of type 'char **'
 __NTH (mbsrtowcs (wchar_t *__restrict __dst, const char **__restrict __src,
 ^
configure:3885: $? = 0
configure:3894: result: yes
configure:3901: checking for isfinite
configure:3920: gcc -o conftest -g -O2 -fpic   conftest.c -lreadline  -lm  >&5
configure:3920: $? = 0
configure:3929: result: yes
configure:3938: checking for mksinfo
configure:3966: result: no
configure:4005: checking for python
configure:4023: found /home/carolhanna/miniconda3/bin/python
configure:4036: result: /home/carolhanna/miniconda3/bin/python
configure:4225: creating ./config.status

## ---------------------- ##
## Running config.status. ##
## ---------------------- ##

This file was extended by GNU units config.status 2.18, which was
generated by GNU Autoconf 2.69.  Invocation command line was

  CONFIG_FILES    = 
  CONFIG_HEADERS  = 
  CONFIG_LINKS    = 
  CONFIG_COMMANDS = 
  $ ./config.status 

on rishon

config.status:746: creating Makefile

## ---------------- ##
## Cache variables. ##
## ---------------- ##

ac_cv_c_compiler_gnu=yes
ac_cv_c_const=yes
ac_cv_env_CC_set=
ac_cv_env_CC_value=
ac_cv_env_CFLAGS_set=
ac_cv_env_CFLAGS_value=
ac_cv_env_CPPFLAGS_set=
ac_cv_env_CPPFLAGS_value=
ac_cv_env_CPP_set=
ac_cv_env_CPP_value=
ac_cv_env_LDFLAGS_set=
ac_cv_env_LDFLAGS_value=
ac_cv_env_LIBS_set=
ac_cv_env_LIBS_value=
ac_cv_env_build_alias_set=
ac_cv_env_build_alias_value=
ac_cv_env_host_alias_set=
ac_cv_env_host_alias_value=
ac_cv_env_target_alias_set=
ac_cv_env_target_alias_value=
ac_cv_func_setenv=yes
ac_cv_func_setlocale=yes
ac_cv_func_strchr=yes
ac_cv_func_strspn=yes
ac_cv_func_strtok=yes
ac_cv_have_decl_rl_completion_suppress_append=yes
ac_cv_header_inttypes_h=yes
ac_cv_header_memory_h=yes
ac_cv_header_stdc=yes
ac_cv_header_stdint_h=yes
ac_cv_header_stdlib_h=yes
ac_cv_header_string_h=yes
ac_cv_header_strings_h=yes
ac_cv_header_sys_stat_h=yes
ac_cv_header_sys_types_h=yes
ac_cv_header_unistd_h=yes
ac_cv_lib_readline_append_history=yes
ac_cv_objext=o
ac_cv_path_EGREP='/bin/grep -E'
ac_cv_path_GREP=/bin/grep
ac_cv_path_PYTHON=/home/carolhanna/miniconda3/bin/python
ac_cv_path_install='/usr/bin/install -c'
ac_cv_path_mkdir=/bin/mkdir
ac_cv_prog_CPP='gcc -E'
ac_cv_prog_ac_ct_CC=gcc
ac_cv_prog_cc_c89=
ac_cv_prog_cc_c99=
ac_cv_prog_cc_g=yes
ac_cv_prog_mkstoolkit=no
ac_cv_search_sin=-lm
am_cv_isfinite=yes
am_cv_utf8=yes
ax_cv_check_cflags___fpic=yes

## ----------------- ##
## Output variables. ##
## ----------------- ##

CC='gcc'
CDAT='${prefix}/com/units/'
CFLAGS='-g -O2 -fpic'
CPP='gcc -E'
CPPFLAGS=''
DEFIS=' -DREADLINE -DSUPPORT_UTF8'
DEFS='-DPACKAGE_NAME=\"GNU\ units\" -DPACKAGE_TARNAME=\"units\" -DPACKAGE_VERSION=\"2.18\" -DPACKAGE_STRING=\"GNU\ units\ 2.18\" -DPACKAGE_BUGREPORT=\"adrianm@gnu.org\" -DPACKAGE_URL=\"http://www.gnu.org/software/units/\" -DSTDC_HEADERS=1 -DHAVE_SYS_TYPES_H=1 -DHAVE_SYS_STAT_H=1 -DHAVE_STDLIB_H=1 -DHAVE_STRING_H=1 -DHAVE_MEMORY_H=1 -DHAVE_STRINGS_H=1 -DHAVE_INTTYPES_H=1 -DHAVE_STDINT_H=1 -DHAVE_UNISTD_H=1'
ECHO_C=''
ECHO_N='-n'
ECHO_T=''
EGREP='/bin/grep -E'
EXEEXT=''
GREP='/bin/grep'
HAVE_MKS='no'
HAVE_PYTHON='yes'
INSTALL_DATA='${INSTALL} -m 644'
INSTALL_PROGRAM='${INSTALL}'
INSTALL_SCRIPT='${INSTALL}'
LDFLAGS=''
LIBOBJS=''
LIBS='-lreadline  -lm '
LTLIBOBJS=''
MKDIR_P='/bin/mkdir -p'
MKS_DRIVE=''
MKS_POSIX=''
MKS_RES=''
OBJEXT='o'
PACKAGE_BUGREPORT='adrianm@gnu.org'
PACKAGE_NAME='GNU units'
PACKAGE_STRING='GNU units 2.18'
PACKAGE_TARNAME='units'
PACKAGE_URL='http://www.gnu.org/software/units/'
PACKAGE_VERSION='2.18'
PATH_SEPARATOR=':'
PYTHON='/home/carolhanna/miniconda3/bin/python'
PYTHON_VERSION=''
RELOCATION='no'
SHELL='/bin/bash'
STRFUNC=''
UDAT='${datarootdir}/units/'
UDATADIR='${datarootdir}/units/'
ac_ct_CC='gcc'
bindir='${exec_prefix}/bin'
build_alias=''
datadir='${datarootdir}'
datarootdir='${prefix}/share'
docdir='${datarootdir}/doc/${PACKAGE_TARNAME}'
dvidir='${docdir}'
exec_prefix='${prefix}'
host_alias=''
htmldir='${docdir}'
includedir='${prefix}/include'
infodir='${datarootdir}/info'
libdir='${exec_prefix}/lib'
libexecdir='${exec_prefix}/libexec'
localedir='${datarootdir}/locale'
localstatedir='${prefix}/var'
mandir='${datarootdir}/man'
mkstoolkit='no'
oldincludedir='/usr/include'
pdfdir='${docdir}'
prefix='/usr/local'
program_transform_name='s,x,x,'
psdir='${docdir}'
runstatedir='${localstatedir}/run'
sbindir='${exec_prefix}/sbin'
sharedstatedir='${prefix}/com'
sysconfdir='${prefix}/etc'
target_alias=''

## ----------- ##
## confdefs.h. ##
## ----------- ##

/* confdefs.h */
#define PACKAGE_NAME "GNU units"
#define PACKAGE_TARNAME "units"
#define PACKAGE_VERSION "2.18"
#define PACKAGE_STRING "GNU units 2.18"
#define PACKAGE_BUGREPORT "adrianm@gnu.org"
#define PACKAGE_URL "http://www.gnu.org/software/units/"
#define STDC_HEADERS 1
#define HAVE_SYS_TYPES_H 1
#define HAVE_SYS_STAT_H 1
#define HAVE_STDLIB_H 1
#define HAVE_STRING_H 1
#define HAVE_MEMORY_H 1
#define HAVE_STRINGS_H 1
#define HAVE_INTTYPES_H 1
#define HAVE_STDINT_H 1
#define HAVE_UNISTD_H 1

configure: exit 0
