This file contains any messages produced by compilers while
running configure, to aid debugging if configure makes a mistake.

It was created by auctex configure 12.2, which was
generated by GNU Autoconf 2.69.  Invocation command line was

  $ ./configure 

## --------- ##
## Platform. ##
## --------- ##

hostname = rishon
uname -m = x86_64
uname -r = 4.15.0-72-generic
uname -s = Linux
uname -v = #81-Ubuntu SMP Tue Nov 26 12:20:02 UTC 2019

/usr/bin/uname -p = unknown
/bin/uname -X     = unknown

/bin/arch              = unknown
/usr/bin/arch -k       = unknown
/usr/convex/getsysinfo = unknown
/usr/bin/hostinfo      = unknown
/bin/machine           = unknown
/usr/bin/oslevel       = unknown
/bin/universe          = unknown

PATH: /home/carolhanna/miniconda3/bin
PATH: /home/carolhanna/miniconda3/condabin
PATH: /usr/local/sbin
PATH: /usr/local/bin
PATH: /usr/sbin
PATH: /usr/bin
PATH: /sbin
PATH: /bin
PATH: /usr/games
PATH: /usr/local/games
PATH: /snap/bin


## ----------- ##
## Core tests. ##
## ----------- ##

configure:1777: checking for make
configure:1793: found /usr/bin/make
configure:1804: result: make
configure:1820: checking whether make sets $(MAKE)
configure:1842: result: yes
configure:1894: checking for a BSD-compatible install
configure:1962: result: /usr/bin/install -c
configure:1975: checking for date with git
configure:1980: result: git not found, checking for date in ChangeLog:
configure:1988: result: 2019-10-30
configure:1991: checking for release with git
configure:2004: result: git not found, checking for release in ChangeLog:
configure:2013: result: 12.2
configure:2022: checking for date with git
configure:2027: result: git not found, checking for date in ChangeLog:
configure:2035: result: 2019-10-30
configure:2038: checking for release with git
configure:2051: result: git not found, checking for release in ChangeLog:
configure:2060: result: 12.2
configure:2089: checking for emacs
configure:2122: result: no
configure:2132: error: Emacs not found!  Aborting!

## ---------------- ##
## Cache variables. ##
## ---------------- ##

ac_cv_env_GS_set=
ac_cv_env_GS_value=
ac_cv_env_INSTALL_INFO_set=
ac_cv_env_INSTALL_INFO_value=
ac_cv_env_MAKEINFO_set=
ac_cv_env_MAKEINFO_value=
ac_cv_env_PERL_set=
ac_cv_env_PERL_value=
ac_cv_env_TEXHASH_set=
ac_cv_env_TEXHASH_value=
ac_cv_env_build_alias_set=
ac_cv_env_build_alias_value=
ac_cv_env_host_alias_set=
ac_cv_env_host_alias_value=
ac_cv_env_target_alias_set=
ac_cv_env_target_alias_value=
ac_cv_path_install='/usr/bin/install -c'
ac_cv_prog_MAKECMD=make
ac_cv_prog_make_make_set=yes

## ----------------- ##
## Output variables. ##
## ----------------- ##

AUCTEXDATE='2019-10-30'
AUCTEXVERSION='12.2'
DEFS=''
DVIPS=''
ECHO_C=''
ECHO_N='-n'
ECHO_T=''
EMACS=''
EMACS_FLAVOR=''
GS=''
INSTALL_DATA='${INSTALL} -m 644'
INSTALL_INFO=''
INSTALL_PROGRAM='${INSTALL}'
INSTALL_SCRIPT='${INSTALL}'
LATEX=''
LIBOBJS=''
LIBS=''
LTLIBOBJS=''
MAKECMD='make'
MAKEINFO=''
PACKAGE_BUGREPORT='bug-auctex@gnu.org'
PACKAGE_NAME='auctex'
PACKAGE_STRING='auctex 12.2'
PACKAGE_TARNAME='auctex'
PACKAGE_URL=''
PACKAGE_VERSION='12.2'
PATH_SEPARATOR=':'
PDFLATEX=''
PDFTEX=''
PERL=''
PLAT_LISP=''
PREVIEWDATE='2019-10-30'
PREVIEWVERSION='12.2'
SET_MAKE=''
SHELL='/bin/bash'
TEX=''
TEXHASH=''
TEXI2DVI=''
TEXI2HTML=''
TEXI2PDF=''
TEXMFGEN=''
auctexstartfile=''
autodir=''
bindir='${exec_prefix}/bin'
build_alias=''
datadir='${datarootdir}'
datarootdir='${prefix}/share'
docdir='${datarootdir}/doc/${PACKAGE_TARNAME}'
dvidir='${docdir}'
exec_prefix='NONE'
host_alias=''
htmldir='${docdir}'
includedir='${prefix}/include'
infodir='${datarootdir}/info'
libdir='${exec_prefix}/lib'
libexecdir='${exec_prefix}/libexec'
lispGS=''
lispautodir=''
lispdir=''
lisppackagedatadir=''
lisppackagelispdir=''
lisppackagetexstyles=''
lisptexsite=''
localedir='${datarootdir}/locale'
localstatedir='${prefix}/var'
mandir='${datarootdir}/man'
oldincludedir='/usr/include'
packagedatadir=''
packagelispdir=''
packagetexstyles=''
pdfdir='${docdir}'
prefix='NONE'
preview_enabled=''
previewdocdir=''
previewstartfile=''
previewtexmfdir=''
program_transform_name='s,x,x,'
psdir='${docdir}'
sbindir='${exec_prefix}/sbin'
sharedstatedir='${prefix}/com'
sysconfdir='${prefix}/etc'
target_alias=''
texmfdir=''
texsite=''

## ----------- ##
## confdefs.h. ##
## ----------- ##

/* confdefs.h */
#define PACKAGE_NAME "auctex"
#define PACKAGE_TARNAME "auctex"
#define PACKAGE_VERSION "12.2"
#define PACKAGE_STRING "auctex 12.2"
#define PACKAGE_BUGREPORT "bug-auctex@gnu.org"
#define PACKAGE_URL ""

configure: exit 1
