This file contains any messages produced by compilers while
running configure, to aid debugging if configure makes a mistake.

It was created by GNU VCDimager configure 2.0.1, which was
generated by GNU Autoconf 2.69.  Invocation command line was

  $ ./configure 

## --------- ##
## Platform. ##
## --------- ##

hostname = rishon
uname -m = x86_64
uname -r = 4.15.0-72-generic
uname -s = Linux
uname -v = #81-Ubuntu SMP Tue Nov 26 12:20:02 UTC 2019

/usr/bin/uname -p = unknown
/bin/uname -X     = unknown

/bin/arch              = unknown
/usr/bin/arch -k       = unknown
/usr/convex/getsysinfo = unknown
/usr/bin/hostinfo      = unknown
/bin/machine           = unknown
/usr/bin/oslevel       = unknown
/bin/universe          = unknown

PATH: /home/carolhanna/miniconda3/bin
PATH: /home/carolhanna/miniconda3/condabin
PATH: /usr/local/sbin
PATH: /usr/local/bin
PATH: /usr/sbin
PATH: /usr/bin
PATH: /sbin
PATH: /bin
PATH: /usr/games
PATH: /usr/local/games
PATH: /snap/bin


## ----------- ##
## Core tests. ##
## ----------- ##

configure:2663: checking for a BSD-compatible install
configure:2731: result: /usr/bin/install -c
configure:2742: checking whether build environment is sane
configure:2797: result: yes
configure:2948: checking for a thread-safe mkdir -p
configure:2987: result: /bin/mkdir -p
configure:2994: checking for gawk
configure:3010: found /usr/bin/gawk
configure:3021: result: gawk
configure:3032: checking whether make sets $(MAKE)
configure:3054: result: yes
configure:3083: checking whether make supports nested variables
configure:3100: result: yes
configure:3241: checking whether make supports nested variables
configure:3258: result: yes
configure:3286: checking whether to enable maintainer-specific portions of Makefiles
configure:3295: result: no
configure:3309: checking whether build environment is sane
configure:3364: result: yes
configure:3380: checking build system type
configure:3394: result: x86_64-pc-linux-gnu
configure:3414: checking host system type
configure:3427: result: x86_64-pc-linux-gnu
configure:3505: checking for g++
configure:3521: found /usr/bin/g++
configure:3532: result: g++
configure:3559: checking for C++ compiler version
configure:3568: g++ --version >&5
g++ (Ubuntu 7.5.0-3ubuntu1~18.04) 7.5.0
Copyright (C) 2017 Free Software Foundation, Inc.
This is free software; see the source for copying conditions.  There is NO
warranty; not even for MERCHANTABILITY or FITNESS FOR A PARTICULAR PURPOSE.

configure:3579: $? = 0
configure:3568: g++ -v >&5
Using built-in specs.
COLLECT_GCC=g++
COLLECT_LTO_WRAPPER=/usr/lib/gcc/x86_64-linux-gnu/7/lto-wrapper
OFFLOAD_TARGET_NAMES=nvptx-none
OFFLOAD_TARGET_DEFAULT=1
Target: x86_64-linux-gnu
Configured with: ../src/configure -v --with-pkgversion='Ubuntu 7.5.0-3ubuntu1~18.04' --with-bugurl=file:///usr/share/doc/gcc-7/README.Bugs --enable-languages=c,ada,c++,go,brig,d,fortran,objc,obj-c++ --prefix=/usr --with-gcc-major-version-only --program-suffix=-7 --program-prefix=x86_64-linux-gnu- --enable-shared --enable-linker-build-id --libexecdir=/usr/lib --without-included-gettext --enable-threads=posix --libdir=/usr/lib --enable-nls --enable-bootstrap --enable-clocale=gnu --enable-libstdcxx-debug --enable-libstdcxx-time=yes --with-default-libstdcxx-abi=new --enable-gnu-unique-object --disable-vtable-verify --enable-libmpx --enable-plugin --enable-default-pie --with-system-zlib --with-target-system-zlib --enable-objc-gc=auto --enable-multiarch --disable-werror --with-arch-32=i686 --with-abi=m64 --with-multilib-list=m32,m64,mx32 --enable-multilib --with-tune=generic --enable-offload-targets=nvptx-none --without-cuda-driver --enable-checking=release --build=x86_64-linux-gnu --host=x86_64-linux-gnu --target=x86_64-linux-gnu
Thread model: posix
gcc version 7.5.0 (Ubuntu 7.5.0-3ubuntu1~18.04) 
configure:3579: $? = 0
configure:3568: g++ -V >&5
g++: error: unrecognized command line option '-V'
g++: fatal error: no input files
compilation terminated.
configure:3579: $? = 1
configure:3568: g++ -qversion >&5
g++: error: unrecognized command line option '-qversion'; did you mean '--version'?
g++: fatal error: no input files
compilation terminated.
configure:3579: $? = 1
configure:3599: checking whether the C++ compiler works
configure:3621: g++    conftest.cpp  >&5
configure:3625: $? = 0
configure:3673: result: yes
configure:3676: checking for C++ compiler default output file name
configure:3678: result: a.out
configure:3684: checking for suffix of executables
configure:3691: g++ -o conftest    conftest.cpp  >&5
configure:3695: $? = 0
configure:3717: result: 
configure:3739: checking whether we are cross compiling
configure:3747: g++ -o conftest    conftest.cpp  >&5
configure:3751: $? = 0
configure:3758: ./conftest
configure:3762: $? = 0
configure:3777: result: no
configure:3782: checking for suffix of object files
configure:3804: g++ -c   conftest.cpp >&5
configure:3808: $? = 0
configure:3829: result: o
configure:3833: checking whether we are using the GNU C++ compiler
configure:3852: g++ -c   conftest.cpp >&5
configure:3852: $? = 0
configure:3861: result: yes
configure:3870: checking whether g++ accepts -g
configure:3890: g++ -c -g  conftest.cpp >&5
configure:3890: $? = 0
configure:3931: result: yes
configure:3965: checking for style of include used by make
configure:3993: result: GNU
configure:4019: checking dependency style of g++
configure:4130: result: gcc3
configure:4229: checking for gcc
configure:4245: found /usr/bin/gcc
configure:4256: result: gcc
configure:4485: checking for C compiler version
configure:4494: gcc --version >&5
gcc (Ubuntu 7.5.0-3ubuntu1~18.04) 7.5.0
Copyright (C) 2017 Free Software Foundation, Inc.
This is free software; see the source for copying conditions.  There is NO
warranty; not even for MERCHANTABILITY or FITNESS FOR A PARTICULAR PURPOSE.

configure:4505: $? = 0
configure:4494: gcc -v >&5
Using built-in specs.
COLLECT_GCC=gcc
COLLECT_LTO_WRAPPER=/usr/lib/gcc/x86_64-linux-gnu/7/lto-wrapper
OFFLOAD_TARGET_NAMES=nvptx-none
OFFLOAD_TARGET_DEFAULT=1
Target: x86_64-linux-gnu
Configured with: ../src/configure -v --with-pkgversion='Ubuntu 7.5.0-3ubuntu1~18.04' --with-bugurl=file:///usr/share/doc/gcc-7/README.Bugs --enable-languages=c,ada,c++,go,brig,d,fortran,objc,obj-c++ --prefix=/usr --with-gcc-major-version-only --program-suffix=-7 --program-prefix=x86_64-linux-gnu- --enable-shared --enable-linker-build-id --libexecdir=/usr/lib --without-included-gettext --enable-threads=posix --libdir=/usr/lib --enable-nls --enable-bootstrap --enable-clocale=gnu --enable-libstdcxx-debug --enable-libstdcxx-time=yes --with-default-libstdcxx-abi=new --enable-gnu-unique-object --disable-vtable-verify --enable-libmpx --enable-plugin --enable-default-pie --with-system-zlib --with-target-system-zlib --enable-objc-gc=auto --enable-multiarch --disable-werror --with-arch-32=i686 --with-abi=m64 --with-multilib-list=m32,m64,mx32 --enable-multilib --with-tune=generic --enable-offload-targets=nvptx-none --without-cuda-driver --enable-checking=release --build=x86_64-linux-gnu --host=x86_64-linux-gnu --target=x86_64-linux-gnu
Thread model: posix
gcc version 7.5.0 (Ubuntu 7.5.0-3ubuntu1~18.04) 
configure:4505: $? = 0
configure:4494: gcc -V >&5
gcc: error: unrecognized command line option '-V'
gcc: fatal error: no input files
compilation terminated.
configure:4505: $? = 1
configure:4494: gcc -qversion >&5
gcc: error: unrecognized command line option '-qversion'; did you mean '--version'?
gcc: fatal error: no input files
compilation terminated.
configure:4505: $? = 1
configure:4509: checking whether we are using the GNU C compiler
configure:4528: gcc -c   conftest.c >&5
configure:4528: $? = 0
configure:4537: result: yes
configure:4546: checking whether gcc accepts -g
configure:4566: gcc -c -g  conftest.c >&5
configure:4566: $? = 0
configure:4607: result: yes
configure:4624: checking for gcc option to accept ISO C89
configure:4687: gcc  -c -g -O2  conftest.c >&5
configure:4687: $? = 0
configure:4700: result: none needed
configure:4725: checking whether gcc understands -c and -o together
configure:4747: gcc -c conftest.c -o conftest2.o
configure:4750: $? = 0
configure:4747: gcc -c conftest.c -o conftest2.o
configure:4750: $? = 0
configure:4762: result: yes
configure:4781: checking dependency style of gcc
configure:4892: result: gcc3
configure:4977: checking whether gcc accepts -Wall
configure:4990: gcc -c -g -O2 -Wall  conftest.c >&5
configure:4990: $? = 0
configure:4997: result: yes
configure:4977: checking whether gcc accepts -Wbad-function-cast
configure:4990: gcc -c -g -O2 -Wbad-function-cast  conftest.c >&5
configure:4990: $? = 0
configure:4997: result: yes
configure:4977: checking whether gcc accepts -Wcast-align
configure:4990: gcc -c -g -O2 -Wcast-align  conftest.c >&5
configure:4990: $? = 0
configure:4997: result: yes
configure:4977: checking whether gcc accepts -Wchar-subscripts
configure:4990: gcc -c -g -O2 -Wchar-subscripts  conftest.c >&5
configure:4990: $? = 0
configure:4997: result: yes
configure:4977: checking whether gcc accepts -Wdeclaration-after-statement
configure:4990: gcc -c -g -O2 -Wdeclaration-after-statement  conftest.c >&5
configure:4990: $? = 0
configure:4997: result: yes
configure:4977: checking whether gcc accepts -Wendif-labels
configure:4990: gcc -c -g -O2 -Wendif-labels  conftest.c >&5
configure:4990: $? = 0
configure:4997: result: yes
configure:4977: checking whether gcc accepts -Winline
configure:4990: gcc -c -g -O2 -Winline  conftest.c >&5
configure:4990: $? = 0
configure:4997: result: yes
configure:4977: checking whether gcc accepts -Wmissing-declarations
configure:4990: gcc -c -g -O2 -Wmissing-declarations  conftest.c >&5
configure:4990: $? = 0
configure:4997: result: yes
configure:4977: checking whether gcc accepts -Wmissing-prototypes
configure:4990: gcc -c -g -O2 -Wmissing-prototypes  conftest.c >&5
configure:4990: $? = 0
configure:4997: result: yes
configure:4977: checking whether gcc accepts -Wnested-externs
configure:4990: gcc -c -g -O2 -Wnested-externs  conftest.c >&5
configure:4990: $? = 0
configure:4997: result: yes
configure:4977: checking whether gcc accepts -Wno-sign-compare
configure:4990: gcc -c -g -O2 -Wno-sign-compare  conftest.c >&5
configure:4990: $? = 0
configure:4997: result: yes
configure:4977: checking whether gcc accepts -Wpointer-arith
configure:4990: gcc -c -g -O2 -Wpointer-arith  conftest.c >&5
configure:4990: $? = 0
configure:4997: result: yes
configure:4977: checking whether gcc accepts -Wundef
configure:4990: gcc -c -g -O2 -Wundef  conftest.c >&5
configure:4990: $? = 0
configure:4997: result: yes
configure:4977: checking whether gcc accepts -Wunused
configure:4990: gcc -c -g -O2 -Wunused  conftest.c >&5
configure:4990: $? = 0
configure:4997: result: yes
configure:4977: checking whether gcc accepts -Wwrite-strings
configure:4990: gcc -c -g -O2 -Wwrite-strings  conftest.c >&5
configure:4990: $? = 0
configure:4997: result: yes
configure:5015: checking how to run the C preprocessor
configure:5046: gcc -E  conftest.c
configure:5046: $? = 0
configure:5060: gcc -E  conftest.c
conftest.c:12:10: fatal error: ac_nonexistent.h: No such file or directory
 #include <ac_nonexistent.h>
          ^~~~~~~~~~~~~~~~~~
compilation terminated.
configure:5060: $? = 1
configure: failed program was:
| /* confdefs.h */
| #define PACKAGE_NAME "GNU VCDimager"
| #define PACKAGE_TARNAME "vcdimager"
| #define PACKAGE_VERSION "2.0.1"
| #define PACKAGE_STRING "GNU VCDimager 2.0.1"
| #define PACKAGE_BUGREPORT "bugs-vcdimager@gnu.org"
| #define PACKAGE_URL "http://www.gnu.org/software/vcdimager/"
| #define PACKAGE "vcdimager"
| #define VERSION "2.0.1"
| #define HOST_ARCH "linux-gnu/x86_64"
| /* end confdefs.h.  */
| #include <ac_nonexistent.h>
configure:5085: result: gcc -E
configure:5105: gcc -E  conftest.c
configure:5105: $? = 0
configure:5119: gcc -E  conftest.c
conftest.c:12:10: fatal error: ac_nonexistent.h: No such file or directory
 #include <ac_nonexistent.h>
          ^~~~~~~~~~~~~~~~~~
compilation terminated.
configure:5119: $? = 1
configure: failed program was:
| /* confdefs.h */
| #define PACKAGE_NAME "GNU VCDimager"
| #define PACKAGE_TARNAME "vcdimager"
| #define PACKAGE_VERSION "2.0.1"
| #define PACKAGE_STRING "GNU VCDimager 2.0.1"
| #define PACKAGE_BUGREPORT "bugs-vcdimager@gnu.org"
| #define PACKAGE_URL "http://www.gnu.org/software/vcdimager/"
| #define PACKAGE "vcdimager"
| #define VERSION "2.0.1"
| #define HOST_ARCH "linux-gnu/x86_64"
| /* end confdefs.h.  */
| #include <ac_nonexistent.h>
configure:5195: checking for gcc
configure:5222: result: gcc
configure:5451: checking for C compiler version
configure:5460: gcc --version >&5
gcc (Ubuntu 7.5.0-3ubuntu1~18.04) 7.5.0
Copyright (C) 2017 Free Software Foundation, Inc.
This is free software; see the source for copying conditions.  There is NO
warranty; not even for MERCHANTABILITY or FITNESS FOR A PARTICULAR PURPOSE.

configure:5471: $? = 0
configure:5460: gcc -v >&5
Using built-in specs.
COLLECT_GCC=gcc
COLLECT_LTO_WRAPPER=/usr/lib/gcc/x86_64-linux-gnu/7/lto-wrapper
OFFLOAD_TARGET_NAMES=nvptx-none
OFFLOAD_TARGET_DEFAULT=1
Target: x86_64-linux-gnu
Configured with: ../src/configure -v --with-pkgversion='Ubuntu 7.5.0-3ubuntu1~18.04' --with-bugurl=file:///usr/share/doc/gcc-7/README.Bugs --enable-languages=c,ada,c++,go,brig,d,fortran,objc,obj-c++ --prefix=/usr --with-gcc-major-version-only --program-suffix=-7 --program-prefix=x86_64-linux-gnu- --enable-shared --enable-linker-build-id --libexecdir=/usr/lib --without-included-gettext --enable-threads=posix --libdir=/usr/lib --enable-nls --enable-bootstrap --enable-clocale=gnu --enable-libstdcxx-debug --enable-libstdcxx-time=yes --with-default-libstdcxx-abi=new --enable-gnu-unique-object --disable-vtable-verify --enable-libmpx --enable-plugin --enable-default-pie --with-system-zlib --with-target-system-zlib --enable-objc-gc=auto --enable-multiarch --disable-werror --with-arch-32=i686 --with-abi=m64 --with-multilib-list=m32,m64,mx32 --enable-multilib --with-tune=generic --enable-offload-targets=nvptx-none --without-cuda-driver --enable-checking=release --build=x86_64-linux-gnu --host=x86_64-linux-gnu --target=x86_64-linux-gnu
Thread model: posix
gcc version 7.5.0 (Ubuntu 7.5.0-3ubuntu1~18.04) 
configure:5471: $? = 0
configure:5460: gcc -V >&5
gcc: error: unrecognized command line option '-V'
gcc: fatal error: no input files
compilation terminated.
configure:5471: $? = 1
configure:5460: gcc -qversion >&5
gcc: error: unrecognized command line option '-qversion'; did you mean '--version'?
gcc: fatal error: no input files
compilation terminated.
configure:5471: $? = 1
configure:5475: checking whether we are using the GNU C compiler
configure:5503: result: yes
configure:5512: checking whether gcc accepts -g
configure:5573: result: yes
configure:5590: checking for gcc option to accept ISO C89
configure:5666: result: none needed
configure:5691: checking whether gcc understands -c and -o together
configure:5728: result: yes
configure:5747: checking dependency style of gcc
configure:5858: result: gcc3
configure:5879: checking for gawk
configure:5906: result: gawk
configure:5963: checking how to print strings
configure:5990: result: printf
configure:6011: checking for a sed that does not truncate output
configure:6075: result: /bin/sed
configure:6093: checking for grep that handles long lines and -e
configure:6151: result: /bin/grep
configure:6156: checking for egrep
configure:6218: result: /bin/grep -E
configure:6223: checking for fgrep
configure:6285: result: /bin/grep -F
configure:6320: checking for ld used by gcc
configure:6387: result: /usr/bin/ld
configure:6394: checking if the linker (/usr/bin/ld) is GNU ld
configure:6409: result: yes
configure:6421: checking for BSD- or MS-compatible name lister (nm)
configure:6475: result: /usr/bin/nm -B
configure:6605: checking the name lister (/usr/bin/nm -B) interface
configure:6612: gcc -c -g -O2  conftest.c >&5
configure:6615: /usr/bin/nm -B "conftest.o"
configure:6618: output
0000000000000000 B some_variable
configure:6625: result: BSD nm
configure:6628: checking whether ln -s works
configure:6632: result: yes
configure:6640: checking the maximum length of command line arguments
configure:6771: result: 1572864
configure:6819: checking how to convert x86_64-pc-linux-gnu file names to x86_64-pc-linux-gnu format
configure:6859: result: func_convert_file_noop
configure:6866: checking how to convert x86_64-pc-linux-gnu file names to toolchain format
configure:6886: result: func_convert_file_noop
configure:6893: checking for /usr/bin/ld option to reload object files
configure:6900: result: -r
configure:6974: checking for objdump
configure:6990: found /usr/bin/objdump
configure:7001: result: objdump
configure:7033: checking how to recognize dependent libraries
configure:7233: result: pass_all
configure:7318: checking for dlltool
configure:7348: result: no
configure:7378: checking how to associate runtime and link libraries
configure:7405: result: printf %s\n
configure:7465: checking for ar
configure:7481: found /usr/bin/ar
configure:7492: result: ar
configure:7529: checking for archiver @FILE support
configure:7546: gcc -c -g -O2  conftest.c >&5
configure:7546: $? = 0
configure:7549: ar cru libconftest.a @conftest.lst >&5
ar: `u' modifier ignored since `D' is the default (see `U')
configure:7552: $? = 0
configure:7557: ar cru libconftest.a @conftest.lst >&5
ar: `u' modifier ignored since `D' is the default (see `U')
ar: conftest.o: No such file or directory
configure:7560: $? = 1
configure:7572: result: @
configure:7630: checking for strip
configure:7646: found /usr/bin/strip
configure:7657: result: strip
configure:7729: checking for ranlib
configure:7745: found /usr/bin/ranlib
configure:7756: result: ranlib
configure:7858: checking command to parse /usr/bin/nm -B output from gcc object
configure:8011: gcc -c -g -O2  conftest.c >&5
configure:8014: $? = 0
configure:8018: /usr/bin/nm -B conftest.o \| sed -n -e 's/^.*[ ]\([ABCDGIRSTW][ABCDGIRSTW]*\)[ ][ ]*\([_A-Za-z][_A-Za-z0-9]*\)$/\1 \2 \2/p' | sed '/ __gnu_lto/d' \> conftest.nm
configure:8021: $? = 0
configure:8087: gcc -o conftest -g -O2   conftest.c conftstm.o >&5
configure:8090: $? = 0
configure:8128: result: ok
configure:8175: checking for sysroot
configure:8205: result: no
configure:8212: checking for a working dd
configure:8250: result: /bin/dd
configure:8254: checking how to truncate binary pipes
configure:8269: result: /bin/dd bs=4096 count=1
configure:8405: gcc -c -g -O2  conftest.c >&5
configure:8408: $? = 0
configure:8598: checking for mt
configure:8614: found /bin/mt
configure:8625: result: mt
configure:8648: checking if mt is a manifest tool
configure:8654: mt '-?'
configure:8662: result: no
configure:9335: checking for ANSI C header files
configure:9355: gcc -c -g -O2  conftest.c >&5
configure:9355: $? = 0
configure:9428: gcc -o conftest -g -O2   conftest.c  >&5
configure:9428: $? = 0
configure:9428: ./conftest
configure:9428: $? = 0
configure:9439: result: yes
configure:9452: checking for sys/types.h
configure:9452: gcc -c -g -O2  conftest.c >&5
configure:9452: $? = 0
configure:9452: result: yes
configure:9452: checking for sys/stat.h
configure:9452: gcc -c -g -O2  conftest.c >&5
configure:9452: $? = 0
configure:9452: result: yes
configure:9452: checking for stdlib.h
configure:9452: gcc -c -g -O2  conftest.c >&5
configure:9452: $? = 0
configure:9452: result: yes
configure:9452: checking for string.h
configure:9452: gcc -c -g -O2  conftest.c >&5
configure:9452: $? = 0
configure:9452: result: yes
configure:9452: checking for memory.h
configure:9452: gcc -c -g -O2  conftest.c >&5
configure:9452: $? = 0
configure:9452: result: yes
configure:9452: checking for strings.h
configure:9452: gcc -c -g -O2  conftest.c >&5
configure:9452: $? = 0
configure:9452: result: yes
configure:9452: checking for inttypes.h
configure:9452: gcc -c -g -O2  conftest.c >&5
configure:9452: $? = 0
configure:9452: result: yes
configure:9452: checking for stdint.h
configure:9452: gcc -c -g -O2  conftest.c >&5
configure:9452: $? = 0
configure:9452: result: yes
configure:9452: checking for unistd.h
configure:9452: gcc -c -g -O2  conftest.c >&5
configure:9452: $? = 0
configure:9452: result: yes
configure:9466: checking for dlfcn.h
configure:9466: gcc -c -g -O2  conftest.c >&5
configure:9466: $? = 0
configure:9466: result: yes
configure:9733: checking for objdir
configure:9748: result: .libs
configure:10012: checking if gcc supports -fno-rtti -fno-exceptions
configure:10030: gcc -c -g -O2  -fno-rtti -fno-exceptions conftest.c >&5
cc1: warning: command line option '-fno-rtti' is valid for C++/ObjC++ but not for C
configure:10034: $? = 0
configure:10047: result: no
configure:10405: checking for gcc option to produce PIC
configure:10412: result: -fPIC -DPIC
configure:10420: checking if gcc PIC flag -fPIC -DPIC works
configure:10438: gcc -c -g -O2  -fPIC -DPIC -DPIC conftest.c >&5
configure:10442: $? = 0
configure:10455: result: yes
configure:10484: checking if gcc static flag -static works
configure:10512: result: yes
configure:10527: checking if gcc supports -c -o file.o
configure:10548: gcc -c -g -O2  -o out/conftest2.o conftest.c >&5
configure:10552: $? = 0
configure:10574: result: yes
configure:10582: checking if gcc supports -c -o file.o
configure:10629: result: yes
configure:10662: checking whether the gcc linker (/usr/bin/ld -m elf_x86_64) supports shared libraries
configure:11925: result: yes
configure:11962: checking whether -lc should be explicitly linked in
configure:11970: gcc -c -g -O2  conftest.c >&5
configure:11973: $? = 0
configure:11988: gcc -shared  -fPIC -DPIC conftest.o  -v -Wl,-soname -Wl,conftest -o conftest 2\>\&1 \| /bin/grep  -lc  \>/dev/null 2\>\&1
configure:11991: $? = 0
configure:12005: result: no
configure:12165: checking dynamic linker characteristics
configure:12746: gcc -o conftest -g -O2   -Wl,-rpath -Wl,/foo conftest.c  >&5
configure:12746: $? = 0
configure:12995: result: GNU/Linux ld.so
configure:13117: checking how to hardcode library paths into programs
configure:13142: result: immediate
configure:13690: checking whether stripping libraries is possible
configure:13695: result: yes
configure:13730: checking if libtool supports shared libraries
configure:13732: result: yes
configure:13735: checking whether to build shared libraries
configure:13760: result: yes
configure:13763: checking whether to build static libraries
configure:13767: result: yes
configure:13790: checking how to run the C++ preprocessor
configure:13817: g++ -E  conftest.cpp
configure:13817: $? = 0
configure:13831: g++ -E  conftest.cpp
conftest.cpp:24:10: fatal error: ac_nonexistent.h: No such file or directory
 #include <ac_nonexistent.h>
          ^~~~~~~~~~~~~~~~~~
compilation terminated.
configure:13831: $? = 1
configure: failed program was:
| /* confdefs.h */
| #define PACKAGE_NAME "GNU VCDimager"
| #define PACKAGE_TARNAME "vcdimager"
| #define PACKAGE_VERSION "2.0.1"
| #define PACKAGE_STRING "GNU VCDimager 2.0.1"
| #define PACKAGE_BUGREPORT "bugs-vcdimager@gnu.org"
| #define PACKAGE_URL "http://www.gnu.org/software/vcdimager/"
| #define PACKAGE "vcdimager"
| #define VERSION "2.0.1"
| #define HOST_ARCH "linux-gnu/x86_64"
| #define STDC_HEADERS 1
| #define HAVE_SYS_TYPES_H 1
| #define HAVE_SYS_STAT_H 1
| #define HAVE_STDLIB_H 1
| #define HAVE_STRING_H 1
| #define HAVE_MEMORY_H 1
| #define HAVE_STRINGS_H 1
| #define HAVE_INTTYPES_H 1
| #define HAVE_STDINT_H 1
| #define HAVE_UNISTD_H 1
| #define HAVE_DLFCN_H 1
| #define LT_OBJDIR ".libs/"
| /* end confdefs.h.  */
| #include <ac_nonexistent.h>
configure:13856: result: g++ -E
configure:13876: g++ -E  conftest.cpp
configure:13876: $? = 0
configure:13890: g++ -E  conftest.cpp
conftest.cpp:24:10: fatal error: ac_nonexistent.h: No such file or directory
 #include <ac_nonexistent.h>
          ^~~~~~~~~~~~~~~~~~
compilation terminated.
configure:13890: $? = 1
configure: failed program was:
| /* confdefs.h */
| #define PACKAGE_NAME "GNU VCDimager"
| #define PACKAGE_TARNAME "vcdimager"
| #define PACKAGE_VERSION "2.0.1"
| #define PACKAGE_STRING "GNU VCDimager 2.0.1"
| #define PACKAGE_BUGREPORT "bugs-vcdimager@gnu.org"
| #define PACKAGE_URL "http://www.gnu.org/software/vcdimager/"
| #define PACKAGE "vcdimager"
| #define VERSION "2.0.1"
| #define HOST_ARCH "linux-gnu/x86_64"
| #define STDC_HEADERS 1
| #define HAVE_SYS_TYPES_H 1
| #define HAVE_SYS_STAT_H 1
| #define HAVE_STDLIB_H 1
| #define HAVE_STRING_H 1
| #define HAVE_MEMORY_H 1
| #define HAVE_STRINGS_H 1
| #define HAVE_INTTYPES_H 1
| #define HAVE_STDINT_H 1
| #define HAVE_UNISTD_H 1
| #define HAVE_DLFCN_H 1
| #define LT_OBJDIR ".libs/"
| /* end confdefs.h.  */
| #include <ac_nonexistent.h>
configure:14052: checking for ld used by g++
configure:14119: result: /usr/bin/ld -m elf_x86_64
configure:14126: checking if the linker (/usr/bin/ld -m elf_x86_64) is GNU ld
configure:14141: result: yes
configure:14196: checking whether the g++ linker (/usr/bin/ld -m elf_x86_64) supports shared libraries
configure:15269: result: yes
configure:15305: g++ -c -g -O2  conftest.cpp >&5
configure:15308: $? = 0
configure:15789: checking for g++ option to produce PIC
configure:15796: result: -fPIC -DPIC
configure:15804: checking if g++ PIC flag -fPIC -DPIC works
configure:15822: g++ -c -g -O2  -fPIC -DPIC -DPIC conftest.cpp >&5
configure:15826: $? = 0
configure:15839: result: yes
configure:15862: checking if g++ static flag -static works
configure:15890: result: yes
configure:15902: checking if g++ supports -c -o file.o
configure:15923: g++ -c -g -O2  -o out/conftest2.o conftest.cpp >&5
configure:15927: $? = 0
configure:15949: result: yes
configure:15954: checking if g++ supports -c -o file.o
configure:16001: result: yes
configure:16031: checking whether the g++ linker (/usr/bin/ld -m elf_x86_64) supports shared libraries
configure:16074: result: yes
configure:16215: checking dynamic linker characteristics
configure:16972: result: GNU/Linux ld.so
configure:17037: checking how to hardcode library paths into programs
configure:17062: result: immediate
configure:17126: checking for diff
configure:17144: found /usr/bin/diff
configure:17157: result: /usr/bin/diff
configure:17213: result: adding -w to diff in regression tests
configure:17213: result: adding --unified to diff in regression tests
configure:17225: checking for snprintf
configure:17225: gcc -o conftest -g -O2   conftest.c  >&5
conftest.c:47:6: warning: conflicting types for built-in function 'snprintf' [-Wbuiltin-declaration-mismatch]
 char snprintf ();
      ^~~~~~~~
configure:17225: $? = 0
configure:17225: result: yes
configure:17225: checking for vsnprintf
configure:17225: gcc -o conftest -g -O2   conftest.c  >&5
conftest.c:48:6: warning: conflicting types for built-in function 'vsnprintf' [-Wbuiltin-declaration-mismatch]
 char vsnprintf ();
      ^~~~~~~~~
configure:17225: $? = 0
configure:17225: result: yes
configure:17240: checking for getdate
configure:17240: gcc -o conftest -g -O2   conftest.c  >&5
configure:17240: $? = 0
configure:17240: result: yes
configure:17240: checking for strptime
configure:17240: gcc -o conftest -g -O2   conftest.c  >&5
configure:17240: $? = 0
configure:17240: result: yes
configure:17305: checking for pkg-config
configure:17323: found /usr/bin/pkg-config
configure:17335: result: /usr/bin/pkg-config
configure:17360: checking pkg-config is at least version 0.9.0
configure:17363: result: yes
configure:17373: checking for LIBPOPT
configure:17380: $PKG_CONFIG --exists --print-errors "popt"
Package popt was not found in the pkg-config search path.
Perhaps you should add the directory containing `popt.pc'
to the PKG_CONFIG_PATH environment variable
No package 'popt' found
configure:17383: $? = 1
configure:17397: $PKG_CONFIG --exists --print-errors "popt"
Package popt was not found in the pkg-config search path.
Perhaps you should add the directory containing `popt.pc'
to the PKG_CONFIG_PATH environment variable
No package 'popt' found
configure:17400: $? = 1
configure:17414: result: no
No package 'popt' found
configure:17520: checking for ANSI C header files
configure:17624: result: yes
configure:17635: checking for sys/stat.h
configure:17635: result: yes
configure:17635: checking for stdint.h
configure:17635: result: yes
configure:17635: checking for inttypes.h
configure:17635: result: yes
configure:17635: checking stdbool.h usability
configure:17635: gcc -c -g -O2  conftest.c >&5
configure:17635: $? = 0
configure:17635: result: yes
configure:17635: checking stdbool.h presence
configure:17635: gcc -E  conftest.c
configure:17635: $? = 0
configure:17635: result: yes
configure:17635: checking for stdbool.h
configure:17635: result: yes
configure:17635: checking sys/mman.h usability
configure:17635: gcc -c -g -O2  conftest.c >&5
configure:17635: $? = 0
configure:17635: result: yes
configure:17635: checking sys/mman.h presence
configure:17635: gcc -E  conftest.c
configure:17635: $? = 0
configure:17635: result: yes
configure:17635: checking for sys/mman.h
configure:17635: result: yes
configure:17635: checking time.h usability
configure:17635: gcc -c -g -O2  conftest.c >&5
configure:17635: $? = 0
configure:17635: result: yes
configure:17635: checking time.h presence
configure:17635: gcc -E  conftest.c
configure:17635: $? = 0
configure:17635: result: yes
configure:17635: checking for time.h
configure:17635: result: yes
configure:17749: checking whether byte ordering is bigendian
configure:17764: gcc -c -g -O2  conftest.c >&5
conftest.c:36:9: error: unknown type name 'not'
         not a universal capable compiler
         ^~~
conftest.c:36:15: error: expected '=', ',', ';', 'asm' or '__attribute__' before 'universal'
         not a universal capable compiler
               ^~~~~~~~~
conftest.c:36:15: error: unknown type name 'universal'
configure:17764: $? = 1
configure: failed program was:
| /* confdefs.h */
| #define PACKAGE_NAME "GNU VCDimager"
| #define PACKAGE_TARNAME "vcdimager"
| #define PACKAGE_VERSION "2.0.1"
| #define PACKAGE_STRING "GNU VCDimager 2.0.1"
| #define PACKAGE_BUGREPORT "bugs-vcdimager@gnu.org"
| #define PACKAGE_URL "http://www.gnu.org/software/vcdimager/"
| #define PACKAGE "vcdimager"
| #define VERSION "2.0.1"
| #define HOST_ARCH "linux-gnu/x86_64"
| #define STDC_HEADERS 1
| #define HAVE_SYS_TYPES_H 1
| #define HAVE_SYS_STAT_H 1
| #define HAVE_STDLIB_H 1
| #define HAVE_STRING_H 1
| #define HAVE_MEMORY_H 1
| #define HAVE_STRINGS_H 1
| #define HAVE_INTTYPES_H 1
| #define HAVE_STDINT_H 1
| #define HAVE_UNISTD_H 1
| #define HAVE_DLFCN_H 1
| #define LT_OBJDIR ".libs/"
| #define HAVE_SNPRINTF 1
| #define HAVE_VSNPRINTF 1
| #define HAVE_GETDATE 1
| #define HAVE_STRPTIME 1
| #define STDC_HEADERS 1
| #define HAVE_SYS_STAT_H 1
| #define HAVE_STDINT_H 1
| #define HAVE_INTTYPES_H 1
| #define HAVE_STDBOOL_H 1
| #define HAVE_SYS_MMAN_H 1
| #define HAVE_TIME_H 1
| /* end confdefs.h.  */
| #ifndef __APPLE_CC__
| 	       not a universal capable compiler
| 	     #endif
| 	     typedef int dummy;
| 
configure:17809: gcc -c -g -O2  conftest.c >&5
configure:17809: $? = 0
configure:17827: gcc -c -g -O2  conftest.c >&5
conftest.c: In function 'main':
conftest.c:42:4: error: unknown type name 'not'; did you mean 'ino_t'?
    not big endian
    ^~~
    ino_t
conftest.c:42:12: error: expected '=', ',', ';', 'asm' or '__attribute__' before 'endian'
    not big endian
            ^~~~~~
configure:17827: $? = 1
configure: failed program was:
| /* confdefs.h */
| #define PACKAGE_NAME "GNU VCDimager"
| #define PACKAGE_TARNAME "vcdimager"
| #define PACKAGE_VERSION "2.0.1"
| #define PACKAGE_STRING "GNU VCDimager 2.0.1"
| #define PACKAGE_BUGREPORT "bugs-vcdimager@gnu.org"
| #define PACKAGE_URL "http://www.gnu.org/software/vcdimager/"
| #define PACKAGE "vcdimager"
| #define VERSION "2.0.1"
| #define HOST_ARCH "linux-gnu/x86_64"
| #define STDC_HEADERS 1
| #define HAVE_SYS_TYPES_H 1
| #define HAVE_SYS_STAT_H 1
| #define HAVE_STDLIB_H 1
| #define HAVE_STRING_H 1
| #define HAVE_MEMORY_H 1
| #define HAVE_STRINGS_H 1
| #define HAVE_INTTYPES_H 1
| #define HAVE_STDINT_H 1
| #define HAVE_UNISTD_H 1
| #define HAVE_DLFCN_H 1
| #define LT_OBJDIR ".libs/"
| #define HAVE_SNPRINTF 1
| #define HAVE_VSNPRINTF 1
| #define HAVE_GETDATE 1
| #define HAVE_STRPTIME 1
| #define STDC_HEADERS 1
| #define HAVE_SYS_STAT_H 1
| #define HAVE_STDINT_H 1
| #define HAVE_INTTYPES_H 1
| #define HAVE_STDBOOL_H 1
| #define HAVE_SYS_MMAN_H 1
| #define HAVE_TIME_H 1
| /* end confdefs.h.  */
| #include <sys/types.h>
| 		#include <sys/param.h>
| 
| int
| main ()
| {
| #if BYTE_ORDER != BIG_ENDIAN
| 		 not big endian
| 		#endif
| 
|   ;
|   return 0;
| }
configure:17955: result: no
configure:17973: checking for an ANSI C-conforming const
configure:18039: gcc -c -g -O2  conftest.c >&5
configure:18039: $? = 0
configure:18046: result: yes
configure:18054: checking for inline
configure:18070: gcc -c -g -O2  conftest.c >&5
configure:18070: $? = 0
configure:18078: result: inline
configure:18097: checking whether gcc supports ISO C99 _Pragma()
configure:18110: gcc -c -g -O2  conftest.c >&5
configure:18110: $? = 0
configure:18121: result: yes
configure:18136: gcc -c -g -O2  conftest.c >&5
configure:18136: $? = 0
configure:18170: result: []
configure:18177: checking bitfield ordering in structs
configure:18194: gcc -c -g -O2  conftest.c >&5
configure:18194: $? = 0
configure:18230: gcc -o conftest -g -O2   conftest.c  >&5
configure:18230: $? = 0
configure:18230: ./conftest
configure:18230: $? = 0
configure:18276: result: LSBF
configure:18288: checking for LIBCDIO
configure:18295: $PKG_CONFIG --exists --print-errors "libcdio >= 2.0.0"
Package libcdio was not found in the pkg-config search path.
Perhaps you should add the directory containing `libcdio.pc'
to the PKG_CONFIG_PATH environment variable
No package 'libcdio' found
configure:18298: $? = 1
configure:18312: $PKG_CONFIG --exists --print-errors "libcdio >= 2.0.0"
Package libcdio was not found in the pkg-config search path.
Perhaps you should add the directory containing `libcdio.pc'
to the PKG_CONFIG_PATH environment variable
No package 'libcdio' found
configure:18315: $? = 1
configure:18329: result: no
No package 'libcdio' found
configure:18345: error: Required libcdio library (> 2.0.0) not found. Please get libcdio from http://www.gnu.org/software/libcdio/ and install it.

## ---------------- ##
## Cache variables. ##
## ---------------- ##

ac_cv_build=x86_64-pc-linux-gnu
ac_cv_c_bigendian=no
ac_cv_c_compiler_gnu=yes
ac_cv_c_const=yes
ac_cv_c_inline=inline
ac_cv_cxx_compiler_gnu=yes
ac_cv_env_CCC_set=
ac_cv_env_CCC_value=
ac_cv_env_CC_set=
ac_cv_env_CC_value=
ac_cv_env_CFLAGS_set=
ac_cv_env_CFLAGS_value=
ac_cv_env_CPPFLAGS_set=
ac_cv_env_CPPFLAGS_value=
ac_cv_env_CPP_set=
ac_cv_env_CPP_value=
ac_cv_env_CXXCPP_set=
ac_cv_env_CXXCPP_value=
ac_cv_env_CXXFLAGS_set=
ac_cv_env_CXXFLAGS_value=
ac_cv_env_CXX_set=
ac_cv_env_CXX_value=
ac_cv_env_LDFLAGS_set=
ac_cv_env_LDFLAGS_value=
ac_cv_env_LIBCDIO_CFLAGS_set=
ac_cv_env_LIBCDIO_CFLAGS_value=
ac_cv_env_LIBCDIO_LIBS_set=
ac_cv_env_LIBCDIO_LIBS_value=
ac_cv_env_LIBISO9660_CFLAGS_set=
ac_cv_env_LIBISO9660_CFLAGS_value=
ac_cv_env_LIBISO9660_LIBS_set=
ac_cv_env_LIBISO9660_LIBS_value=
ac_cv_env_LIBPOPT_CFLAGS_set=
ac_cv_env_LIBPOPT_CFLAGS_value=
ac_cv_env_LIBPOPT_LIBS_set=
ac_cv_env_LIBPOPT_LIBS_value=
ac_cv_env_LIBS_set=
ac_cv_env_LIBS_value=
ac_cv_env_LT_SYS_LIBRARY_PATH_set=
ac_cv_env_LT_SYS_LIBRARY_PATH_value=
ac_cv_env_PKG_CONFIG_LIBDIR_set=
ac_cv_env_PKG_CONFIG_LIBDIR_value=
ac_cv_env_PKG_CONFIG_PATH_set=
ac_cv_env_PKG_CONFIG_PATH_value=
ac_cv_env_PKG_CONFIG_set=
ac_cv_env_PKG_CONFIG_value=
ac_cv_env_XML_CFLAGS_set=
ac_cv_env_XML_CFLAGS_value=
ac_cv_env_XML_LIBS_set=
ac_cv_env_XML_LIBS_value=
ac_cv_env_build_alias_set=
ac_cv_env_build_alias_value=
ac_cv_env_host_alias_set=
ac_cv_env_host_alias_value=
ac_cv_env_target_alias_set=
ac_cv_env_target_alias_value=
ac_cv_func_getdate=yes
ac_cv_func_snprintf=yes
ac_cv_func_strptime=yes
ac_cv_func_vsnprintf=yes
ac_cv_header_dlfcn_h=yes
ac_cv_header_inttypes_h=yes
ac_cv_header_memory_h=yes
ac_cv_header_stdbool_h=yes
ac_cv_header_stdc=yes
ac_cv_header_stdint_h=yes
ac_cv_header_stdlib_h=yes
ac_cv_header_string_h=yes
ac_cv_header_strings_h=yes
ac_cv_header_sys_mman_h=yes
ac_cv_header_sys_stat_h=yes
ac_cv_header_sys_types_h=yes
ac_cv_header_time_h=yes
ac_cv_header_unistd_h=yes
ac_cv_host=x86_64-pc-linux-gnu
ac_cv_objext=o
ac_cv_path_DIFF=/usr/bin/diff
ac_cv_path_EGREP='/bin/grep -E'
ac_cv_path_FGREP='/bin/grep -F'
ac_cv_path_GREP=/bin/grep
ac_cv_path_SED=/bin/sed
ac_cv_path_ac_pt_PKG_CONFIG=/usr/bin/pkg-config
ac_cv_path_install='/usr/bin/install -c'
ac_cv_path_lt_DD=/bin/dd
ac_cv_path_mkdir=/bin/mkdir
ac_cv_prog_AWK=gawk
ac_cv_prog_CPP='gcc -E'
ac_cv_prog_CXXCPP='g++ -E'
ac_cv_prog_ac_ct_AR=ar
ac_cv_prog_ac_ct_CC=gcc
ac_cv_prog_ac_ct_CXX=g++
ac_cv_prog_ac_ct_MANIFEST_TOOL=mt
ac_cv_prog_ac_ct_OBJDUMP=objdump
ac_cv_prog_ac_ct_RANLIB=ranlib
ac_cv_prog_ac_ct_STRIP=strip
ac_cv_prog_cc_c89=
ac_cv_prog_cc_g=yes
ac_cv_prog_cxx_g=yes
ac_cv_prog_make_make_set=yes
am_cv_CC_dependencies_compiler_type=gcc3
am_cv_CXX_dependencies_compiler_type=gcc3
am_cv_make_support_nested_variables=yes
am_cv_prog_cc_c_o=yes
am_cv_prog_cc_stdc=
lt_cv_ar_at_file=@
lt_cv_archive_cmds_need_lc=no
lt_cv_deplibs_check_method=pass_all
lt_cv_file_magic_cmd='$MAGIC_CMD'
lt_cv_file_magic_test_file=
lt_cv_ld_reload_flag=-r
lt_cv_nm_interface='BSD nm'
lt_cv_objdir=.libs
lt_cv_path_LD=/usr/bin/ld
lt_cv_path_LDCXX='/usr/bin/ld -m elf_x86_64'
lt_cv_path_NM='/usr/bin/nm -B'
lt_cv_path_mainfest_tool=no
lt_cv_prog_compiler_c_o=yes
lt_cv_prog_compiler_c_o_CXX=yes
lt_cv_prog_compiler_pic='-fPIC -DPIC'
lt_cv_prog_compiler_pic_CXX='-fPIC -DPIC'
lt_cv_prog_compiler_pic_works=yes
lt_cv_prog_compiler_pic_works_CXX=yes
lt_cv_prog_compiler_rtti_exceptions=no
lt_cv_prog_compiler_static_works=yes
lt_cv_prog_compiler_static_works_CXX=yes
lt_cv_prog_gnu_ld=yes
lt_cv_prog_gnu_ldcxx=yes
lt_cv_sharedlib_from_linklib_cmd='printf %s\n'
lt_cv_shlibpath_overrides_runpath=yes
lt_cv_sys_global_symbol_pipe='sed -n -e '\''s/^.*[	 ]\([ABCDGIRSTW][ABCDGIRSTW]*\)[	 ][	 ]*\([_A-Za-z][_A-Za-z0-9]*\)$/\1 \2 \2/p'\'' | sed '\''/ __gnu_lto/d'\'''
lt_cv_sys_global_symbol_to_c_name_address='sed -n -e '\''s/^: \(.*\) .*$/  {"\1", (void *) 0},/p'\'' -e '\''s/^[ABCDGIRSTW][ABCDGIRSTW]* .* \(.*\)$/  {"\1", (void *) \&\1},/p'\'''
lt_cv_sys_global_symbol_to_c_name_address_lib_prefix='sed -n -e '\''s/^: \(.*\) .*$/  {"\1", (void *) 0},/p'\'' -e '\''s/^[ABCDGIRSTW][ABCDGIRSTW]* .* \(lib.*\)$/  {"\1", (void *) \&\1},/p'\'' -e '\''s/^[ABCDGIRSTW][ABCDGIRSTW]* .* \(.*\)$/  {"lib\1", (void *) \&\1},/p'\'''
lt_cv_sys_global_symbol_to_cdecl='sed -n -e '\''s/^T .* \(.*\)$/extern int \1();/p'\'' -e '\''s/^[ABCDGIRSTW][ABCDGIRSTW]* .* \(.*\)$/extern char \1;/p'\'''
lt_cv_sys_global_symbol_to_import=
lt_cv_sys_max_cmd_len=1572864
lt_cv_to_host_file_cmd=func_convert_file_noop
lt_cv_to_tool_file_cmd=func_convert_file_noop
lt_cv_truncate_bin='/bin/dd bs=4096 count=1'

## ----------------- ##
## Output variables. ##
## ----------------- ##

ACLOCAL='${SHELL} /home/carolhanna/Security_Project/gnu_dataset/vcdimager-2.0.1/missing aclocal-1.15'
AMDEPBACKSLASH='\'
AMDEP_FALSE='#'
AMDEP_TRUE=''
AMTAR='$${TAR-tar}'
AM_BACKSLASH='\'
AM_DEFAULT_V='$(AM_DEFAULT_VERBOSITY)'
AM_DEFAULT_VERBOSITY='0'
AM_V='$(V)'
AR='ar'
AUTOCONF='${SHELL} /home/carolhanna/Security_Project/gnu_dataset/vcdimager-2.0.1/missing autoconf'
AUTOHEADER='${SHELL} /home/carolhanna/Security_Project/gnu_dataset/vcdimager-2.0.1/missing autoheader'
AUTOMAKE='${SHELL} /home/carolhanna/Security_Project/gnu_dataset/vcdimager-2.0.1/missing automake-1.15'
AWK='gawk'
BUILD_CLI_FE_FALSE=''
BUILD_CLI_FE_TRUE=''
BUILD_VERSIONED_LIBS_FALSE=''
BUILD_VERSIONED_LIBS_TRUE=''
BUILD_XML_FE_FALSE=''
BUILD_XML_FE_TRUE=''
CC='gcc'
CCDEPMODE='depmode=gcc3'
CFLAGS='-g -O2'
CPP='gcc -E'
CPPFLAGS=''
CXX='g++'
CXXCPP='g++ -E'
CXXDEPMODE='depmode=gcc3'
CXXFLAGS='-g -O2'
CYGPATH_W='echo'
CYGWIN_FALSE=''
CYGWIN_TRUE=''
DEFS=''
DEPDIR='.deps'
DIFF='/usr/bin/diff'
DIFF_OPTS=' -w --unified'
DLLTOOL='false'
DSYMUTIL=''
DUMPBIN=''
ECHO_C=''
ECHO_N='-n'
ECHO_T=''
EGREP='/bin/grep -E'
EXEEXT=''
FGREP='/bin/grep -F'
GIT2CL='${SHELL} /home/carolhanna/Security_Project/gnu_dataset/vcdimager-2.0.1/missing git2cl'
GREP='/bin/grep'
HELP2MAN='${SHELL} /home/carolhanna/Security_Project/gnu_dataset/vcdimager-2.0.1/missing help2man'
INSTALL_DATA='${INSTALL} -m 644'
INSTALL_PROGRAM='${INSTALL}'
INSTALL_SCRIPT='${INSTALL}'
INSTALL_STRIP_PROGRAM='$(install_sh) -c -s'
LD='/usr/bin/ld -m elf_x86_64'
LDFLAGS=''
LIBCDIO_CFLAGS=''
LIBCDIO_LIBS=''
LIBISO9660_CFLAGS=''
LIBISO9660_LIBS=''
LIBOBJS=''
LIBPOPT_CFLAGS=''
LIBPOPT_LIBS=''
LIBS=''
LIBTOOL='$(SHELL) $(top_builddir)/libtool'
LIBVCDINFO_LIBS=''
LIBVCD_CFLAGS=''
LIBVCD_LIBS=''
LIBVCD_VERSION_NUM='1'
LIPO=''
LN_S='ln -s'
LTLIBOBJS=''
LT_SYS_LIBRARY_PATH=''
MAINT='#'
MAINTAINER_MODE_FALSE=''
MAINTAINER_MODE_TRUE='#'
MAKEINFO='${SHELL} /home/carolhanna/Security_Project/gnu_dataset/vcdimager-2.0.1/missing makeinfo'
MANIFEST_TOOL=':'
MKDIR_P='/bin/mkdir -p'
NM='/usr/bin/nm -B'
NMEDIT=''
OBJDUMP='objdump'
OBJEXT='o'
OTOOL64=''
OTOOL=''
PACKAGE='vcdimager'
PACKAGE_BUGREPORT='bugs-vcdimager@gnu.org'
PACKAGE_NAME='GNU VCDimager'
PACKAGE_STRING='GNU VCDimager 2.0.1'
PACKAGE_TARNAME='vcdimager'
PACKAGE_URL='http://www.gnu.org/software/vcdimager/'
PACKAGE_VERSION='2.0.1'
PATH_SEPARATOR=':'
PKG_CONFIG='/usr/bin/pkg-config'
PKG_CONFIG_LIBDIR=''
PKG_CONFIG_PATH=''
RANLIB='ranlib'
SED='/bin/sed'
SET_MAKE=''
SHELL='/bin/bash'
SPEC_VERSION='VCD_VERSION_STR'
STRIP='strip'
VERSION='2.0.1'
XML_CFLAGS=''
XML_LIBS=''
ac_ct_AR='ar'
ac_ct_CC='gcc'
ac_ct_CXX='g++'
ac_ct_DUMPBIN=''
am__EXEEXT_FALSE=''
am__EXEEXT_TRUE=''
am__fastdepCC_FALSE='#'
am__fastdepCC_TRUE=''
am__fastdepCXX_FALSE='#'
am__fastdepCXX_TRUE=''
am__include='include'
am__isrc=''
am__leading_dot='.'
am__nodep='_no'
am__quote=''
am__tar='$${TAR-tar} chof - "$$tardir"'
am__untar='$${TAR-tar} xf -'
bindir='${exec_prefix}/bin'
build='x86_64-pc-linux-gnu'
build_alias=''
build_cpu='x86_64'
build_os='linux-gnu'
build_vendor='pc'
datadir='${datarootdir}'
datarootdir='${prefix}/share'
docdir='${datarootdir}/doc/${PACKAGE_TARNAME}'
dvidir='${docdir}'
exec_prefix='NONE'
host='x86_64-pc-linux-gnu'
host_alias=''
host_cpu='x86_64'
host_os='linux-gnu'
host_vendor='pc'
htmldir='${docdir}'
includedir='${prefix}/include'
infodir='${datarootdir}/info'
install_sh='${SHELL} /home/carolhanna/Security_Project/gnu_dataset/vcdimager-2.0.1/install-sh'
libdir='${exec_prefix}/lib'
libexecdir='${exec_prefix}/libexec'
localedir='${datarootdir}/locale'
localstatedir='${prefix}/var'
mandir='${datarootdir}/man'
mkdir_p='$(MKDIR_P)'
oldincludedir='/usr/include'
pdfdir='${docdir}'
prefix='NONE'
program_transform_name='s,x,x,'
psdir='${docdir}'
runstatedir='${localstatedir}/run'
sbindir='${exec_prefix}/sbin'
sharedstatedir='${prefix}/com'
sysconfdir='${prefix}/etc'
target_alias=''

## ----------- ##
## confdefs.h. ##
## ----------- ##

/* confdefs.h */
#define PACKAGE_NAME "GNU VCDimager"
#define PACKAGE_TARNAME "vcdimager"
#define PACKAGE_VERSION "2.0.1"
#define PACKAGE_STRING "GNU VCDimager 2.0.1"
#define PACKAGE_BUGREPORT "bugs-vcdimager@gnu.org"
#define PACKAGE_URL "http://www.gnu.org/software/vcdimager/"
#define PACKAGE "vcdimager"
#define VERSION "2.0.1"
#define HOST_ARCH "linux-gnu/x86_64"
#define STDC_HEADERS 1
#define HAVE_SYS_TYPES_H 1
#define HAVE_SYS_STAT_H 1
#define HAVE_STDLIB_H 1
#define HAVE_STRING_H 1
#define HAVE_MEMORY_H 1
#define HAVE_STRINGS_H 1
#define HAVE_INTTYPES_H 1
#define HAVE_STDINT_H 1
#define HAVE_UNISTD_H 1
#define HAVE_DLFCN_H 1
#define LT_OBJDIR ".libs/"
#define HAVE_SNPRINTF 1
#define HAVE_VSNPRINTF 1
#define HAVE_GETDATE 1
#define HAVE_STRPTIME 1
#define STDC_HEADERS 1
#define HAVE_SYS_STAT_H 1
#define HAVE_STDINT_H 1
#define HAVE_INTTYPES_H 1
#define HAVE_STDBOOL_H 1
#define HAVE_SYS_MMAN_H 1
#define HAVE_TIME_H 1
#define HAVE_ISOC99_PRAGMA /**/
#define EMPTY_ARRAY_SIZE 
#define BITFIELD_LSBF /**/

configure: exit 1
