This file contains any messages produced by compilers while
running configure, to aid debugging if configure makes a mistake.

It was created by GNU a2ps configure 4.14, which was
generated by GNU Autoconf 2.61.  Invocation command line was

  $ ./configure 

## --------- ##
## Platform. ##
## --------- ##

hostname = rishon
uname -m = x86_64
uname -r = 4.15.0-72-generic
uname -s = Linux
uname -v = #81-Ubuntu SMP Tue Nov 26 12:20:02 UTC 2019

/usr/bin/uname -p = unknown
/bin/uname -X     = unknown

/bin/arch              = unknown
/usr/bin/arch -k       = unknown
/usr/convex/getsysinfo = unknown
/usr/bin/hostinfo      = unknown
/bin/machine           = unknown
/usr/bin/oslevel       = unknown
/bin/universe          = unknown

PATH: /home/carolhanna/miniconda3/bin
PATH: /home/carolhanna/miniconda3/condabin
PATH: /usr/local/sbin
PATH: /usr/local/bin
PATH: /usr/sbin
PATH: /usr/bin
PATH: /sbin
PATH: /bin
PATH: /usr/games
PATH: /usr/local/games
PATH: /snap/bin


## ----------- ##
## Core tests. ##
## ----------- ##

configure:2099: checking for a BSD-compatible install
configure:2155: result: /usr/bin/install -c
configure:2166: checking whether build environment is sane
configure:2209: result: yes

## ---------------- ##
## Cache variables. ##
## ---------------- ##

ac_cv_env_CCC_set=
ac_cv_env_CCC_value=
ac_cv_env_CC_set=
ac_cv_env_CC_value=
ac_cv_env_CFLAGS_set=
ac_cv_env_CFLAGS_value=
ac_cv_env_CPPFLAGS_set=
ac_cv_env_CPPFLAGS_value=
ac_cv_env_CPP_set=
ac_cv_env_CPP_value=
ac_cv_env_CXXCPP_set=
ac_cv_env_CXXCPP_value=
ac_cv_env_CXXFLAGS_set=
ac_cv_env_CXXFLAGS_value=
ac_cv_env_CXX_set=
ac_cv_env_CXX_value=
ac_cv_env_EMACSLOADPATH_set=
ac_cv_env_EMACSLOADPATH_value=
ac_cv_env_EMACS_set=
ac_cv_env_EMACS_value=
ac_cv_env_F77_set=
ac_cv_env_F77_value=
ac_cv_env_FFLAGS_set=
ac_cv_env_FFLAGS_value=
ac_cv_env_LDFLAGS_set=
ac_cv_env_LDFLAGS_value=
ac_cv_env_LIBS_set=
ac_cv_env_LIBS_value=
ac_cv_env_YACC_set=
ac_cv_env_YACC_value=
ac_cv_env_YFLAGS_set=
ac_cv_env_YFLAGS_value=
ac_cv_env_build_alias_set=
ac_cv_env_build_alias_value=
ac_cv_env_host_alias_set=
ac_cv_env_host_alias_value=
ac_cv_env_target_alias_set=
ac_cv_env_target_alias_value=
ac_cv_path_install='/usr/bin/install -c'

## ----------------- ##
## Output variables. ##
## ----------------- ##

ACLOCAL=''
ALLOCA=''
AMDEPBACKSLASH=''
AMDEP_FALSE=''
AMDEP_TRUE=''
AMTAR=''
ANSI2KNR=''
AR=''
AUTOCONF=''
AUTOHEADER=''
AUTOMAKE=''
AWK=''
CC=''
CCDEPMODE=''
CFLAGS=''
COM_DISPLAY=''
COM_LATEX=''
COM_PS2PDF=''
COM_PSUTILS=''
COM_TEXI=''
COM_acroread4=''
COM_acroread=''
COM_bzip2=''
COM_bzip=''
COM_convert=''
COM_distill=''
COM_dvips=''
COM_ghostview=''
COM_grog=''
COM_gv=''
COM_gzip=''
COM_html2ps=''
COM_latex=''
COM_makeinfo=''
COM_netscape=''
COM_pdf2ps=''
COM_ps2pdf=''
COM_psnup=''
COM_psselect=''
COM_tex=''
CPP=''
CPPFLAGS=''
CXX=''
CXXCPP=''
CXXDEPMODE=''
CXXFLAGS=''
CYGPATH_W=''
DEFS=''
DEPDIR=''
ECHO='echo'
ECHO_C=''
ECHO_N='-n'
ECHO_T=''
EGREP=''
EMACS=''
EMACSLOADPATH=''
ENCODING=''
EXEEXT=''
EXTENSIONS_FALSE=''
EXTENSIONS_TRUE=''
EXTRA_CFLAGS=''
F77=''
FFLAGS=''
FILE_LINK=''
GMSGFMT=''
GNU_PACKAGE=''
GPERF=''
GREP=''
INSTALL_DATA='${INSTALL} -m 644'
INSTALL_PROGRAM='${INSTALL}'
INSTALL_SCRIPT='${INSTALL}'
INSTALL_STRIP_PROGRAM=''
INTLLIBS=''
LDFLAGS=''
LEX=''
LEXLIB=''
LEX_OUTPUT_ROOT=''
LIBICONV=''
LIBINTL=''
LIBOBJS=''
LIBS=''
LIBTOOL=''
LIBVERSION=''
LN_S=''
LPR=''
LPR_QUEUE_OPTION=''
LTALLOCA=''
LTLIBICONV=''
LTLIBINTL=''
LTLIBOBJS=''
M4=''
MAKEINFO=''
MEDIUM=''
MKINSTALLDIRS=''
MSGFMT=''
MSGMERGE=''
OBJEXT=''
PACKAGE=''
PACKAGE_BUGREPORT='bug-a2ps@gnu.org'
PACKAGE_NAME='GNU a2ps'
PACKAGE_STRING='GNU a2ps 4.14'
PACKAGE_TARNAME='a2ps'
PACKAGE_VERSION='4.14'
PATH_SEPARATOR=':'
PERL=''
POSUB=''
PSFONT_PATH=''
RANLIB=''
SED=''
SET_MAKE=''
SHELL='/bin/bash'
STRIP=''
U=''
USE_NLS=''
VERSION=''
XGETTEXT=''
YACC=''
YFLAGS=''
ac_ct_CC=''
ac_ct_CXX=''
ac_ct_F77=''
acroread=''
am__fastdepCC_FALSE=''
am__fastdepCC_TRUE=''
am__fastdepCXX_FALSE=''
am__fastdepCXX_TRUE=''
am__include=''
am__leading_dot=''
am__quote=''
am__tar=''
am__untar=''
bindir='${exec_prefix}/bin'
build=''
build_alias=''
build_cpu=''
build_os=''
build_vendor=''
bzip2=''
bzip=''
convert=''
datadir='${datarootdir}'
datarootdir='${prefix}/share'
distill=''
docdir='${datarootdir}/doc/${PACKAGE_TARNAME}'
dvidir='${docdir}'
dvips=''
exec_prefix='NONE'
file_prog=''
ghostview=''
grog=''
gv=''
gzip=''
host=''
host_alias=''
host_cpu=''
host_os=''
host_vendor=''
html2ps=''
htmldir='${docdir}'
includedir='${prefix}/include'
infodir='${datarootdir}/info'
install_sh=''
latex=''
libdir='${exec_prefix}/lib'
libexecdir='${exec_prefix}/libexec'
lispdir=''
localedir='${datarootdir}/locale'
localstatedir='${prefix}/var'
makeinfo=''
mandir='${datarootdir}/man'
mkdir_p=''
netscape=''
oldincludedir='/usr/include'
pdf2ps=''
pdfdir='${docdir}'
prefix='NONE'
program_transform_name='s,x,x,'
ps2pdf=''
psdir='${docdir}'
psnup=''
psselect=''
sbindir='${exec_prefix}/sbin'
sharedstatedir='${prefix}/com'
subdirs=''
sysconfdir='${prefix}/etc'
target_alias=''
tex=''

## ----------- ##
## confdefs.h. ##
## ----------- ##

#define PACKAGE_NAME "GNU a2ps"
#define PACKAGE_TARNAME "a2ps"
#define PACKAGE_VERSION "4.14"
#define PACKAGE_STRING "GNU a2ps 4.14"
#define PACKAGE_BUGREPORT "bug-a2ps@gnu.org"

configure: caught signal 2
configure: exit 1
