This file contains any messages produced by compilers while
running configure, to aid debugging if configure makes a mistake.

configure:653: checking host system type
configure:674: checking target system type
configure:692: checking build system type
configure:723: checking whether make sets ${MAKE}
configure:752: checking for gcc
configure:865: checking whether the C compiler (gcc  ) works
configure:881: gcc -o conftest    conftest.c  1>&5
configure:878:1: warning: return type defaults to 'int' [-Wimplicit-int]
 main(){return(0);}
 ^~~~
configure:907: checking whether the C compiler (gcc  ) is a cross-compiler
configure:912: checking whether we are using GNU C
configure:921: gcc -E conftest.c
configure:940: checking whether gcc accepts -g
configure:972: checking how to run the C preprocessor
configure:993: gcc -E  conftest.c >/dev/null 2>conftest.out
configure:1054: checking for ranlib
configure:1082: checking whether ln -s works
configure:1107: checking for gawk
configure:1153: checking whether we are using GNU make
configure:1179: checking for AIX
configure:1204: checking for minix/config.h
configure:1214: gcc -E  conftest.c >/dev/null 2>conftest.out
configure:1210:10: fatal error: minix/config.h: No such file or directory
 #include <minix/config.h>
          ^~~~~~~~~~~~~~~~
compilation terminated.
configure: failed program was:
#line 1209 "configure"
#include "confdefs.h"
#include <minix/config.h>
configure:1252: checking for POSIXized ISC
configure:1273: checking for gcc option to accept ANSI C
configure:1297: gcc -c -g -O2   conftest.c 1>&5
configure:1317: checking whether sys/types.h defines makedev
configure:1329: gcc -o conftest -g -O2   conftest.c  1>&5
configure: In function 'main':
configure:1325:13: warning: In the GNU C Library, "makedev" is defined
 by <sys/sysmacros.h>. For historical compatibility, it is
 currently defined by <sys/types.h> as well, but we plan to
 remove this soon. To use "makedev", include <sys/sysmacros.h>
 directly. If you did not intend to use a system-defined macro
 "makedev", you should undefine it after including <sys/types.h>.
 return makedev(0, 0);
             ^~~~~~~~~                                                                                                                                                                                                                                                                                                                                                                     
configure:1423: checking for working const
configure:1477: gcc -c -g -O2  conftest.c 1>&5
configure:1500: checking for mv
configure:1536: checking for cp
configure:1572: checking for rm
configure:1608: checking for chmod
configure:1644: checking for ar
configure:1681: checking for uname
configure:1713: checking for netscape
configure:1713: checking for arena
configure:1713: checking for Mosaic
configure:1713: checking for chimera
configure:1749: checking for ANSI C header files
configure:1762: gcc -E  conftest.c >/dev/null 2>conftest.out
configure:1829: gcc -o conftest -g -O2   conftest.c  1>&5
configure: In function 'main':
configure:1824:67: warning: implicit declaration of function 'exit' [-Wimplicit-function-declaration]
 if (XOR (islower (i), ISLOWER (i)) || toupper (i) != TOUPPER (i)) exit(2);
                                                                   ^~~~
configure:1824:67: warning: incompatible implicit declaration of built-in function 'exit'
configure:1824:67: note: include '<stdlib.h>' or provide a declaration of 'exit'
configure:1825:1: warning: incompatible implicit declaration of built-in function 'exit'
 exit (0); }
 ^~~~
configure:1825:1: note: include '<stdlib.h>' or provide a declaration of 'exit'
configure:1853: checking for inline
configure:1867: gcc -c -g -O2  conftest.c 1>&5
configure:1863:10: warning: return type defaults to 'int' [-Wimplicit-int]
 } $ac_kw foo() {
          ^~~
configure:1893: checking for off_t
configure:1926: checking for size_t
configure:1961: checking for working alloca.h
configure:1973: gcc -o conftest -g -O2   conftest.c  1>&5
configure:1994: checking for alloca
configure:2027: gcc -o conftest -g -O2   conftest.c  1>&5
configure:2196: checking for unistd.h
configure:2206: gcc -E  conftest.c >/dev/null 2>conftest.out
configure:2235: checking for getpagesize
configure:2263: gcc -o conftest -g -O2   conftest.c  1>&5
configure:2288: checking for working mmap
configure:2436: gcc -o conftest -g -O2   conftest.c  1>&5
configure:2367:7: warning: conflicting types for built-in function 'malloc' [-Wbuiltin-declaration-mismatch]
 char *malloc();
       ^~~~~~
configure: In function 'main':
configure:2377:13: warning: implicit declaration of function 'getpagesize' [-Wimplicit-function-declaration]
  pagesize = getpagesize();
             ^~~~~~~~~~~
configure:2384:3: warning: implicit declaration of function 'exit' [-Wimplicit-function-declaration]
   exit(1);
   ^~~~
configure:2384:3: warning: incompatible implicit declaration of built-in function 'exit'
configure:2384:3: note: include '<stdlib.h>' or provide a declaration of 'exit'
configure:2386:17: warning: implicit declaration of function 'rand' [-Wimplicit-function-declaration]
   *(data + i) = rand();
                 ^~~~
configure:2387:2: warning: implicit declaration of function 'umask' [-Wimplicit-function-declaration]
  umask(0);
  ^~~~~
configure:2390:3: warning: incompatible implicit declaration of built-in function 'exit'
   exit(1);
   ^~~~
configure:2390:3: note: include '<stdlib.h>' or provide a declaration of 'exit'
configure:2391:6: warning: implicit declaration of function 'write' [-Wimplicit-function-declaration]
  if (write(fd, data, pagesize) != pagesize)
      ^~~~~
configure:2392:3: warning: incompatible implicit declaration of built-in function 'exit'
   exit(1);
   ^~~~
configure:2392:3: note: include '<stdlib.h>' or provide a declaration of 'exit'
configure:2393:2: warning: implicit declaration of function 'close' [-Wimplicit-function-declaration]
  close(fd);
  ^~~~~
configure:2402:3: warning: incompatible implicit declaration of built-in function 'exit'
   exit(1);
   ^~~~
configure:2402:3: note: include '<stdlib.h>' or provide a declaration of 'exit'
configure:2405:3: warning: incompatible implicit declaration of built-in function 'exit'
   exit(1);
   ^~~~
configure:2405:3: note: include '<stdlib.h>' or provide a declaration of 'exit'
configure:2406:24: warning: cast from pointer to integer of different size [-Wpointer-to-int-cast]
  data2 += (pagesize - ((int) data2 & (pagesize - 1))) & (pagesize - 1);
                        ^
configure:2409:3: warning: incompatible implicit declaration of built-in function 'exit'
   exit(1);
   ^~~~
configure:2409:3: note: include '<stdlib.h>' or provide a declaration of 'exit'
configure:2412:4: warning: incompatible implicit declaration of built-in function 'exit'
    exit(1);
    ^~~~
configure:2412:4: note: include '<stdlib.h>' or provide a declaration of 'exit'
configure:2423:3: warning: incompatible implicit declaration of built-in function 'exit'
   exit(1);
   ^~~~
configure:2423:3: note: include '<stdlib.h>' or provide a declaration of 'exit'
configure:2424:6: warning: implicit declaration of function 'read'; did you mean 'creat'? [-Wimplicit-function-declaration]
  if (read(fd, data3, pagesize) != pagesize)
      ^~~~
      creat
configure:2425:3: warning: incompatible implicit declaration of built-in function 'exit'
   exit(1);
   ^~~~
configure:2425:3: note: include '<stdlib.h>' or provide a declaration of 'exit'
configure:2428:4: warning: incompatible implicit declaration of built-in function 'exit'
    exit(1);
    ^~~~
configure:2428:4: note: include '<stdlib.h>' or provide a declaration of 'exit'
configure:2430:2: warning: implicit declaration of function 'unlink'; did you mean 'munlock'? [-Wimplicit-function-declaration]
  unlink("conftestmmap");
  ^~~~~~
  munlock
configure:2431:2: warning: incompatible implicit declaration of built-in function 'exit'
  exit(0);
  ^~~~
configure:2431:2: note: include '<stdlib.h>' or provide a declaration of 'exit'
configure:2464: checking for argz.h
configure:2474: gcc -E  conftest.c >/dev/null 2>conftest.out
configure:2464: checking for limits.h
configure:2474: gcc -E  conftest.c >/dev/null 2>conftest.out
configure:2464: checking for locale.h
configure:2474: gcc -E  conftest.c >/dev/null 2>conftest.out
configure:2464: checking for nl_types.h
configure:2474: gcc -E  conftest.c >/dev/null 2>conftest.out
configure:2464: checking for malloc.h
configure:2474: gcc -E  conftest.c >/dev/null 2>conftest.out
configure:2464: checking for string.h
configure:2474: gcc -E  conftest.c >/dev/null 2>conftest.out
configure:2464: checking for unistd.h
configure:2464: checking for values.h
configure:2474: gcc -E  conftest.c >/dev/null 2>conftest.out
configure:2464: checking for sys/param.h
configure:2474: gcc -E  conftest.c >/dev/null 2>conftest.out
configure:2504: checking for getcwd
configure:2532: gcc -o conftest -g -O2   conftest.c  1>&5
configure:2504: checking for munmap
configure:2532: gcc -o conftest -g -O2   conftest.c  1>&5
configure:2504: checking for putenv
configure:2532: gcc -o conftest -g -O2   conftest.c  1>&5
configure:2504: checking for setenv
configure:2532: gcc -o conftest -g -O2   conftest.c  1>&5
configure:2504: checking for setlocale
configure:2532: gcc -o conftest -g -O2   conftest.c  1>&5
configure:2504: checking for strchr
configure:2532: gcc -o conftest -g -O2   conftest.c  1>&5
configure:2516:6: warning: conflicting types for built-in function 'strchr' [-Wbuiltin-declaration-mismatch]
 char $ac_func();
      ^~~~~~
configure:2504: checking for strcasecmp
configure:2532: gcc -o conftest -g -O2   conftest.c  1>&5
configure:2516:6: warning: conflicting types for built-in function 'strcasecmp' [-Wbuiltin-declaration-mismatch]
 char $ac_func();
      ^~~~~~~~~~
configure:2504: checking for __argz_count
configure:2532: gcc -o conftest -g -O2   conftest.c  1>&5
configure:2504: checking for __argz_stringify
configure:2532: gcc -o conftest -g -O2   conftest.c  1>&5
configure:2504: checking for __argz_next
configure:2532: gcc -o conftest -g -O2   conftest.c  1>&5
configure:2561: checking for stpcpy
configure:2589: gcc -o conftest -g -O2   conftest.c  1>&5
configure:2573:6: warning: conflicting types for built-in function 'stpcpy' [-Wbuiltin-declaration-mismatch]
 char $ac_func();
      ^~~~~~
configure:2623: checking for LC_MESSAGES
configure:2635: gcc -o conftest -g -O2   conftest.c  1>&5
configure:2656: checking whether NLS is requested
configure:2676: checking whether included gettext is requested
configure:2695: checking for libintl.h
configure:2705: gcc -E  conftest.c >/dev/null 2>conftest.out
configure:2722: checking for gettext in libc
configure:2734: gcc -o conftest -g -O2   conftest.c  1>&5
configure: In function 'main':
configure:2730:8: warning: cast from pointer to integer of different size [-Wpointer-to-int-cast]
 return (int) gettext ("")
        ^
configure:2825: checking for msgfmt
configure:2859: checking for dcgettext
configure:2887: gcc -o conftest -g -O2   conftest.c  1>&5
configure:2871:6: warning: conflicting types for built-in function 'dcgettext' [-Wbuiltin-declaration-mismatch]
 char $ac_func();
      ^~~~~~~~~
configure:2914: checking for gmsgfmt
configure:2950: checking for xgettext
configure:2990: gcc -o conftest -g -O2   conftest.c  1>&5
configure:3445: checking for catalogs to be installed
configure:3641: checking for glib-config
configure:3676: checking for GLIB - version >= 1.2.0
