This file contains any messages produced by compilers while
running configure, to aid debugging if configure makes a mistake.

It was created by configure, which was
generated by GNU Autoconf 2.59.  Invocation command line was

  $ ./configure 

## --------- ##
## Platform. ##
## --------- ##

hostname = rishon
uname -m = x86_64
uname -r = 4.15.0-72-generic
uname -s = Linux
uname -v = #81-Ubuntu SMP Tue Nov 26 12:20:02 UTC 2019

/usr/bin/uname -p = unknown
/bin/uname -X     = unknown

/bin/arch              = unknown
/usr/bin/arch -k       = unknown
/usr/convex/getsysinfo = unknown
hostinfo               = unknown
/bin/machine           = unknown
/usr/bin/oslevel       = unknown
/bin/universe          = unknown

PATH: /home/carolhanna/miniconda3/bin
PATH: /home/carolhanna/miniconda3/condabin
PATH: /usr/local/sbin
PATH: /usr/local/bin
PATH: /usr/sbin
PATH: /usr/bin
PATH: /sbin
PATH: /bin
PATH: /usr/games
PATH: /usr/local/games
PATH: /snap/bin


## ----------- ##
## Core tests. ##
## ----------- ##

configure:1630: checking build system type
configure:1648: result: x86_64-unknown-linux-gnu
configure:1656: checking host system type
configure:1670: result: x86_64-unknown-linux-gnu
configure:1678: checking target system type
configure:1692: result: x86_64-unknown-linux-gnu
configure:1752: checking for gcc
configure:1768: found /usr/bin/gcc
configure:1778: result: gcc
configure:2022: checking for C compiler version
configure:2025: gcc --version </dev/null >&5
gcc (Ubuntu 7.5.0-3ubuntu1~18.04) 7.5.0
Copyright (C) 2017 Free Software Foundation, Inc.
This is free software; see the source for copying conditions.  There is NO
warranty; not even for MERCHANTABILITY or FITNESS FOR A PARTICULAR PURPOSE.

configure:2028: $? = 0
configure:2030: gcc -v </dev/null >&5
Using built-in specs.
COLLECT_GCC=gcc
COLLECT_LTO_WRAPPER=/usr/lib/gcc/x86_64-linux-gnu/7/lto-wrapper
OFFLOAD_TARGET_NAMES=nvptx-none
OFFLOAD_TARGET_DEFAULT=1
Target: x86_64-linux-gnu
Configured with: ../src/configure -v --with-pkgversion='Ubuntu 7.5.0-3ubuntu1~18.04' --with-bugurl=file:///usr/share/doc/gcc-7/README.Bugs --enable-languages=c,ada,c++,go,brig,d,fortran,objc,obj-c++ --prefix=/usr --with-gcc-major-version-only --program-suffix=-7 --program-prefix=x86_64-linux-gnu- --enable-shared --enable-linker-build-id --libexecdir=/usr/lib --without-included-gettext --enable-threads=posix --libdir=/usr/lib --enable-nls --enable-bootstrap --enable-clocale=gnu --enable-libstdcxx-debug --enable-libstdcxx-time=yes --with-default-libstdcxx-abi=new --enable-gnu-unique-object --disable-vtable-verify --enable-libmpx --enable-plugin --enable-default-pie --with-system-zlib --with-target-system-zlib --enable-objc-gc=auto --enable-multiarch --disable-werror --with-arch-32=i686 --with-abi=m64 --with-multilib-list=m32,m64,mx32 --enable-multilib --with-tune=generic --enable-offload-targets=nvptx-none --without-cuda-driver --enable-checking=release --build=x86_64-linux-gnu --host=x86_64-linux-gnu --target=x86_64-linux-gnu
Thread model: posix
gcc version 7.5.0 (Ubuntu 7.5.0-3ubuntu1~18.04) 
configure:2033: $? = 0
configure:2035: gcc -V </dev/null >&5
gcc: error: unrecognized command line option '-V'
gcc: fatal error: no input files
compilation terminated.
configure:2038: $? = 1
configure:2061: checking for C compiler default output file name
configure:2064: gcc    conftest.c  >&5
configure:2067: $? = 0
configure:2113: result: a.out
configure:2118: checking whether the C compiler works
configure:2124: ./a.out
configure:2127: $? = 0
configure:2144: result: yes
configure:2151: checking whether we are cross compiling
configure:2153: result: no
configure:2156: checking for suffix of executables
configure:2158: gcc -o conftest    conftest.c  >&5
configure:2161: $? = 0
configure:2186: result: 
configure:2192: checking for suffix of object files
configure:2213: gcc -c   conftest.c >&5
configure:2216: $? = 0
configure:2238: result: o
configure:2242: checking whether we are using the GNU C compiler
configure:2266: gcc -c   conftest.c >&5
configure:2272: $? = 0
configure:2276: test -z 
			 || test ! -s conftest.err
configure:2279: $? = 0
configure:2282: test -s conftest.o
configure:2285: $? = 0
configure:2298: result: yes
configure:2304: checking whether gcc accepts -g
configure:2325: gcc -c -g  conftest.c >&5
configure:2331: $? = 0
configure:2335: test -z 
			 || test ! -s conftest.err
configure:2338: $? = 0
configure:2341: test -s conftest.o
configure:2344: $? = 0
configure:2355: result: yes
configure:2372: checking for gcc option to accept ANSI C
configure:2442: gcc  -c -g -O2  conftest.c >&5
configure:2448: $? = 0
configure:2452: test -z 
			 || test ! -s conftest.err
configure:2455: $? = 0
configure:2458: test -s conftest.o
configure:2461: $? = 0
configure:2479: result: none needed
configure:2497: gcc -c -g -O2  conftest.c >&5
conftest.c:2:3: error: unknown type name 'choke'
   choke me
   ^~~~~
conftest.c:2:3: error: expected '=', ',', ';', 'asm' or '__attribute__' at end of input
configure:2503: $? = 1
configure: failed program was:
| #ifndef __cplusplus
|   choke me
| #endif
configure:2641: checking how to run the C preprocessor
configure:2676: gcc -E  conftest.c
configure:2682: $? = 0
configure:2714: gcc -E  conftest.c
conftest.c:9:10: fatal error: ac_nonexistent.h: No such file or directory
 #include <ac_nonexistent.h>
          ^~~~~~~~~~~~~~~~~~
compilation terminated.
configure:2720: $? = 1
configure: failed program was:
| /* confdefs.h.  */
| 
| #define PACKAGE_NAME ""
| #define PACKAGE_TARNAME ""
| #define PACKAGE_VERSION ""
| #define PACKAGE_STRING ""
| #define PACKAGE_BUGREPORT ""
| /* end confdefs.h.  */
| #include <ac_nonexistent.h>
configure:2759: result: gcc -E
configure:2783: gcc -E  conftest.c
configure:2789: $? = 0
configure:2821: gcc -E  conftest.c
conftest.c:9:10: fatal error: ac_nonexistent.h: No such file or directory
 #include <ac_nonexistent.h>
          ^~~~~~~~~~~~~~~~~~
compilation terminated.
configure:2827: $? = 1
configure: failed program was:
| /* confdefs.h.  */
| 
| #define PACKAGE_NAME ""
| #define PACKAGE_TARNAME ""
| #define PACKAGE_VERSION ""
| #define PACKAGE_STRING ""
| #define PACKAGE_BUGREPORT ""
| /* end confdefs.h.  */
| #include <ac_nonexistent.h>
configure:2922: checking for g++
configure:2938: found /usr/bin/g++
configure:2948: result: g++
configure:2964: checking for C++ compiler version
configure:2967: g++ --version </dev/null >&5
g++ (Ubuntu 7.5.0-3ubuntu1~18.04) 7.5.0
Copyright (C) 2017 Free Software Foundation, Inc.
This is free software; see the source for copying conditions.  There is NO
warranty; not even for MERCHANTABILITY or FITNESS FOR A PARTICULAR PURPOSE.

configure:2970: $? = 0
configure:2972: g++ -v </dev/null >&5
Using built-in specs.
COLLECT_GCC=g++
COLLECT_LTO_WRAPPER=/usr/lib/gcc/x86_64-linux-gnu/7/lto-wrapper
OFFLOAD_TARGET_NAMES=nvptx-none
OFFLOAD_TARGET_DEFAULT=1
Target: x86_64-linux-gnu
Configured with: ../src/configure -v --with-pkgversion='Ubuntu 7.5.0-3ubuntu1~18.04' --with-bugurl=file:///usr/share/doc/gcc-7/README.Bugs --enable-languages=c,ada,c++,go,brig,d,fortran,objc,obj-c++ --prefix=/usr --with-gcc-major-version-only --program-suffix=-7 --program-prefix=x86_64-linux-gnu- --enable-shared --enable-linker-build-id --libexecdir=/usr/lib --without-included-gettext --enable-threads=posix --libdir=/usr/lib --enable-nls --enable-bootstrap --enable-clocale=gnu --enable-libstdcxx-debug --enable-libstdcxx-time=yes --with-default-libstdcxx-abi=new --enable-gnu-unique-object --disable-vtable-verify --enable-libmpx --enable-plugin --enable-default-pie --with-system-zlib --with-target-system-zlib --enable-objc-gc=auto --enable-multiarch --disable-werror --with-arch-32=i686 --with-abi=m64 --with-multilib-list=m32,m64,mx32 --enable-multilib --with-tune=generic --enable-offload-targets=nvptx-none --without-cuda-driver --enable-checking=release --build=x86_64-linux-gnu --host=x86_64-linux-gnu --target=x86_64-linux-gnu
Thread model: posix
gcc version 7.5.0 (Ubuntu 7.5.0-3ubuntu1~18.04) 
configure:2975: $? = 0
configure:2977: g++ -V </dev/null >&5
g++: error: unrecognized command line option '-V'
g++: fatal error: no input files
compilation terminated.
configure:2980: $? = 1
configure:2983: checking whether we are using the GNU C++ compiler
configure:3007: g++ -c   conftest.cc >&5
configure:3013: $? = 0
configure:3017: test -z 
			 || test ! -s conftest.err
configure:3020: $? = 0
configure:3023: test -s conftest.o
configure:3026: $? = 0
configure:3039: result: yes
configure:3045: checking whether g++ accepts -g
configure:3066: g++ -c -g  conftest.cc >&5
configure:3072: $? = 0
configure:3076: test -z 
			 || test ! -s conftest.err
configure:3079: $? = 0
configure:3082: test -s conftest.o
configure:3085: $? = 0
configure:3096: result: yes
configure:3138: g++ -c -g -O2  conftest.cc >&5
configure:3144: $? = 0
configure:3148: test -z 
			 || test ! -s conftest.err
configure:3151: $? = 0
configure:3154: test -s conftest.o
configure:3157: $? = 0
configure:3183: g++ -c -g -O2  conftest.cc >&5
conftest.cc: In function 'int main()':
conftest.cc:13:1: error: 'exit' was not declared in this scope
 exit (42);
 ^~~~
configure:3189: $? = 1
configure: failed program was:
| /* confdefs.h.  */
| 
| #define PACKAGE_NAME ""
| #define PACKAGE_TARNAME ""
| #define PACKAGE_VERSION ""
| #define PACKAGE_STRING ""
| #define PACKAGE_BUGREPORT ""
| /* end confdefs.h.  */
| 
| int
| main ()
| {
| exit (42);
|   ;
|   return 0;
| }
configure:3138: g++ -c -g -O2  conftest.cc >&5
configure:3144: $? = 0
configure:3148: test -z 
			 || test ! -s conftest.err
configure:3151: $? = 0
configure:3154: test -s conftest.o
configure:3157: $? = 0
configure:3183: g++ -c -g -O2  conftest.cc >&5
configure:3189: $? = 0
configure:3193: test -z 
			 || test ! -s conftest.err
configure:3196: $? = 0
configure:3199: test -s conftest.o
configure:3202: $? = 0
configure:3230: checking how to run the C++ preprocessor
configure:3261: g++ -E  conftest.cc
configure:3267: $? = 0
configure:3299: g++ -E  conftest.cc
conftest.cc:12:10: fatal error: ac_nonexistent.h: No such file or directory
 #include <ac_nonexistent.h>
          ^~~~~~~~~~~~~~~~~~
compilation terminated.
configure:3305: $? = 1
configure: failed program was:
| /* confdefs.h.  */
| 
| #define PACKAGE_NAME ""
| #define PACKAGE_TARNAME ""
| #define PACKAGE_VERSION ""
| #define PACKAGE_STRING ""
| #define PACKAGE_BUGREPORT ""
| #ifdef __cplusplus
| extern "C" void std::exit (int) throw (); using std::exit;
| #endif
| /* end confdefs.h.  */
| #include <ac_nonexistent.h>
configure:3344: result: g++ -E
configure:3368: g++ -E  conftest.cc
configure:3374: $? = 0
configure:3406: g++ -E  conftest.cc
conftest.cc:12:10: fatal error: ac_nonexistent.h: No such file or directory
 #include <ac_nonexistent.h>
          ^~~~~~~~~~~~~~~~~~
compilation terminated.
configure:3412: $? = 1
configure: failed program was:
| /* confdefs.h.  */
| 
| #define PACKAGE_NAME ""
| #define PACKAGE_TARNAME ""
| #define PACKAGE_VERSION ""
| #define PACKAGE_STRING ""
| #define PACKAGE_BUGREPORT ""
| #ifdef __cplusplus
| extern "C" void std::exit (int) throw (); using std::exit;
| #endif
| /* end confdefs.h.  */
| #include <ac_nonexistent.h>
configure:3549: checking for C++ compiler version
configure:3552: g++ --version </dev/null >&5
g++ (Ubuntu 7.5.0-3ubuntu1~18.04) 7.5.0
Copyright (C) 2017 Free Software Foundation, Inc.
This is free software; see the source for copying conditions.  There is NO
warranty; not even for MERCHANTABILITY or FITNESS FOR A PARTICULAR PURPOSE.

configure:3555: $? = 0
configure:3557: g++ -v </dev/null >&5
Using built-in specs.
COLLECT_GCC=g++
COLLECT_LTO_WRAPPER=/usr/lib/gcc/x86_64-linux-gnu/7/lto-wrapper
OFFLOAD_TARGET_NAMES=nvptx-none
OFFLOAD_TARGET_DEFAULT=1
Target: x86_64-linux-gnu
Configured with: ../src/configure -v --with-pkgversion='Ubuntu 7.5.0-3ubuntu1~18.04' --with-bugurl=file:///usr/share/doc/gcc-7/README.Bugs --enable-languages=c,ada,c++,go,brig,d,fortran,objc,obj-c++ --prefix=/usr --with-gcc-major-version-only --program-suffix=-7 --program-prefix=x86_64-linux-gnu- --enable-shared --enable-linker-build-id --libexecdir=/usr/lib --without-included-gettext --enable-threads=posix --libdir=/usr/lib --enable-nls --enable-bootstrap --enable-clocale=gnu --enable-libstdcxx-debug --enable-libstdcxx-time=yes --with-default-libstdcxx-abi=new --enable-gnu-unique-object --disable-vtable-verify --enable-libmpx --enable-plugin --enable-default-pie --with-system-zlib --with-target-system-zlib --enable-objc-gc=auto --enable-multiarch --disable-werror --with-arch-32=i686 --with-abi=m64 --with-multilib-list=m32,m64,mx32 --enable-multilib --with-tune=generic --enable-offload-targets=nvptx-none --without-cuda-driver --enable-checking=release --build=x86_64-linux-gnu --host=x86_64-linux-gnu --target=x86_64-linux-gnu
Thread model: posix
gcc version 7.5.0 (Ubuntu 7.5.0-3ubuntu1~18.04) 
configure:3560: $? = 0
configure:3562: g++ -V </dev/null >&5
g++: error: unrecognized command line option '-V'
g++: fatal error: no input files
compilation terminated.
configure:3565: $? = 1
configure:3568: checking whether we are using the GNU C++ compiler
configure:3624: result: yes
configure:3630: checking whether g++ accepts -g
configure:3681: result: yes
configure:3723: g++ -c -g -O2  conftest.cc >&5
configure:3729: $? = 0
configure:3733: test -z 
			 || test ! -s conftest.err
configure:3736: $? = 0
configure:3739: test -s conftest.o
configure:3742: $? = 0
configure:3768: g++ -c -g -O2  conftest.cc >&5
configure:3774: $? = 0
configure:3778: test -z 
			 || test ! -s conftest.err
configure:3781: $? = 0
configure:3784: test -s conftest.o
configure:3787: $? = 0
configure:3882: checking for a sed that does not truncate output
configure:3938: result: /bin/sed
configure:3941: checking for egrep
configure:3951: result: grep -E
configure:3967: checking for ld used by gcc
configure:4034: result: /usr/bin/ld
configure:4043: checking if the linker (/usr/bin/ld) is GNU ld
configure:4058: result: yes
configure:4063: checking for /usr/bin/ld option to reload object files
configure:4070: result: -r
configure:4088: checking for BSD-compatible nm
configure:4137: result: /usr/bin/nm -B
configure:4141: checking whether ln -s works
configure:4145: result: yes
configure:4152: checking how to recognise dependent libraries
configure:4328: result: pass_all
configure:4416: gcc -c -g -O2  conftest.c >&5
configure:4419: $? = 0
configure:4561: checking for ANSI C header files
configure:4586: gcc -c -g -O2  conftest.c >&5
configure:4592: $? = 0
configure:4596: test -z 
			 || test ! -s conftest.err
configure:4599: $? = 0
configure:4602: test -s conftest.o
configure:4605: $? = 0
configure:4694: gcc -o conftest -g -O2   conftest.c  >&5
conftest.c: In function 'main':
conftest.c:29:7: warning: implicit declaration of function 'exit' [-Wimplicit-function-declaration]
       exit(2);
       ^~~~
conftest.c:29:7: warning: incompatible implicit declaration of built-in function 'exit'
conftest.c:29:7: note: include '<stdlib.h>' or provide a declaration of 'exit'
conftest.c:30:3: warning: incompatible implicit declaration of built-in function 'exit'
   exit (0);
   ^~~~
conftest.c:30:3: note: include '<stdlib.h>' or provide a declaration of 'exit'
configure:4697: $? = 0
configure:4699: ./conftest
configure:4702: $? = 0
configure:4717: result: yes
configure:4741: checking for sys/types.h
configure:4757: gcc -c -g -O2  conftest.c >&5
configure:4763: $? = 0
configure:4767: test -z 
			 || test ! -s conftest.err
configure:4770: $? = 0
configure:4773: test -s conftest.o
configure:4776: $? = 0
configure:4787: result: yes
configure:4741: checking for sys/stat.h
configure:4757: gcc -c -g -O2  conftest.c >&5
configure:4763: $? = 0
configure:4767: test -z 
			 || test ! -s conftest.err
configure:4770: $? = 0
configure:4773: test -s conftest.o
configure:4776: $? = 0
configure:4787: result: yes
configure:4741: checking for stdlib.h
configure:4757: gcc -c -g -O2  conftest.c >&5
configure:4763: $? = 0
configure:4767: test -z 
			 || test ! -s conftest.err
configure:4770: $? = 0
configure:4773: test -s conftest.o
configure:4776: $? = 0
configure:4787: result: yes
configure:4741: checking for string.h
configure:4757: gcc -c -g -O2  conftest.c >&5
configure:4763: $? = 0
configure:4767: test -z 
			 || test ! -s conftest.err
configure:4770: $? = 0
configure:4773: test -s conftest.o
configure:4776: $? = 0
configure:4787: result: yes
configure:4741: checking for memory.h
configure:4757: gcc -c -g -O2  conftest.c >&5
configure:4763: $? = 0
configure:4767: test -z 
			 || test ! -s conftest.err
configure:4770: $? = 0
configure:4773: test -s conftest.o
configure:4776: $? = 0
configure:4787: result: yes
configure:4741: checking for strings.h
configure:4757: gcc -c -g -O2  conftest.c >&5
configure:4763: $? = 0
configure:4767: test -z 
			 || test ! -s conftest.err
configure:4770: $? = 0
configure:4773: test -s conftest.o
configure:4776: $? = 0
configure:4787: result: yes
configure:4741: checking for inttypes.h
configure:4757: gcc -c -g -O2  conftest.c >&5
configure:4763: $? = 0
configure:4767: test -z 
			 || test ! -s conftest.err
configure:4770: $? = 0
configure:4773: test -s conftest.o
configure:4776: $? = 0
configure:4787: result: yes
configure:4741: checking for stdint.h
configure:4757: gcc -c -g -O2  conftest.c >&5
configure:4763: $? = 0
configure:4767: test -z 
			 || test ! -s conftest.err
configure:4770: $? = 0
configure:4773: test -s conftest.o
configure:4776: $? = 0
configure:4787: result: yes
configure:4741: checking for unistd.h
configure:4757: gcc -c -g -O2  conftest.c >&5
configure:4763: $? = 0
configure:4767: test -z 
			 || test ! -s conftest.err
configure:4770: $? = 0
configure:4773: test -s conftest.o
configure:4776: $? = 0
configure:4787: result: yes
configure:4813: checking dlfcn.h usability
configure:4825: gcc -c -g -O2  conftest.c >&5
configure:4831: $? = 0
configure:4835: test -z 
			 || test ! -s conftest.err
configure:4838: $? = 0
configure:4841: test -s conftest.o
configure:4844: $? = 0
configure:4854: result: yes
configure:4858: checking dlfcn.h presence
configure:4868: gcc -E  conftest.c
configure:4874: $? = 0
configure:4894: result: yes
configure:4929: checking for dlfcn.h
configure:4936: result: yes
configure:4959: checking how to run the C++ preprocessor
configure:5073: result: g++ -E
configure:5097: g++ -E  conftest.cc
configure:5103: $? = 0
configure:5135: g++ -E  conftest.cc
conftest.cc:23:10: fatal error: ac_nonexistent.h: No such file or directory
 #include <ac_nonexistent.h>
          ^~~~~~~~~~~~~~~~~~
compilation terminated.
configure:5141: $? = 1
configure: failed program was:
| /* confdefs.h.  */
| 
| #define PACKAGE_NAME ""
| #define PACKAGE_TARNAME ""
| #define PACKAGE_VERSION ""
| #define PACKAGE_STRING ""
| #define PACKAGE_BUGREPORT ""
| #ifdef __cplusplus
| extern "C" void std::exit (int) throw (); using std::exit;
| #endif
| #define STDC_HEADERS 1
| #define HAVE_SYS_TYPES_H 1
| #define HAVE_SYS_STAT_H 1
| #define HAVE_STDLIB_H 1
| #define HAVE_STRING_H 1
| #define HAVE_MEMORY_H 1
| #define HAVE_STRINGS_H 1
| #define HAVE_INTTYPES_H 1
| #define HAVE_STDINT_H 1
| #define HAVE_UNISTD_H 1
| #define HAVE_DLFCN_H 1
| /* end confdefs.h.  */
| #include <ac_nonexistent.h>
configure:5238: checking for g77
configure:5267: result: no
configure:5238: checking for f77
configure:5254: found /usr/bin/f77
configure:5264: result: f77
configure:5279: checking for Fortran 77 compiler version
configure:5282: f77 --version </dev/null >&5
GNU Fortran (Ubuntu 7.5.0-3ubuntu1~18.04) 7.5.0
Copyright (C) 2017 Free Software Foundation, Inc.
This is free software; see the source for copying conditions.  There is NO
warranty; not even for MERCHANTABILITY or FITNESS FOR A PARTICULAR PURPOSE.

configure:5285: $? = 0
configure:5287: f77 -v </dev/null >&5
Using built-in specs.
COLLECT_GCC=f77
COLLECT_LTO_WRAPPER=/usr/lib/gcc/x86_64-linux-gnu/7/lto-wrapper
OFFLOAD_TARGET_NAMES=nvptx-none
OFFLOAD_TARGET_DEFAULT=1
Target: x86_64-linux-gnu
Configured with: ../src/configure -v --with-pkgversion='Ubuntu 7.5.0-3ubuntu1~18.04' --with-bugurl=file:///usr/share/doc/gcc-7/README.Bugs --enable-languages=c,ada,c++,go,brig,d,fortran,objc,obj-c++ --prefix=/usr --with-gcc-major-version-only --program-suffix=-7 --program-prefix=x86_64-linux-gnu- --enable-shared --enable-linker-build-id --libexecdir=/usr/lib --without-included-gettext --enable-threads=posix --libdir=/usr/lib --enable-nls --enable-bootstrap --enable-clocale=gnu --enable-libstdcxx-debug --enable-libstdcxx-time=yes --with-default-libstdcxx-abi=new --enable-gnu-unique-object --disable-vtable-verify --enable-libmpx --enable-plugin --enable-default-pie --with-system-zlib --with-target-system-zlib --enable-objc-gc=auto --enable-multiarch --disable-werror --with-arch-32=i686 --with-abi=m64 --with-multilib-list=m32,m64,mx32 --enable-multilib --with-tune=generic --enable-offload-targets=nvptx-none --without-cuda-driver --enable-checking=release --build=x86_64-linux-gnu --host=x86_64-linux-gnu --target=x86_64-linux-gnu
Thread model: posix
gcc version 7.5.0 (Ubuntu 7.5.0-3ubuntu1~18.04) 
configure:5290: $? = 0
configure:5292: f77 -V </dev/null >&5
f77: error: unrecognized command line option '-V'
f77: fatal error: no input files
compilation terminated.
configure:5295: $? = 1
configure:5303: checking whether we are using the GNU Fortran 77 compiler
configure:5317: f77 -c  conftest.F >&5
configure:5323: $? = 0
configure:5327: test -z 
			 || test ! -s conftest.err
configure:5330: $? = 0
configure:5333: test -s conftest.o
configure:5336: $? = 0
configure:5349: result: yes
configure:5355: checking whether f77 accepts -g
configure:5367: f77 -c -g conftest.f >&5
configure:5373: $? = 0
configure:5377: test -z 
			 || test ! -s conftest.err
configure:5380: $? = 0
configure:5383: test -s conftest.o
configure:5386: $? = 0
configure:5398: result: yes
configure:5428: checking the maximum length of command line arguments
configure:5537: result: 32768
configure:5548: checking command to parse /usr/bin/nm -B output from gcc object
configure:5653: gcc -c -g -O2  conftest.c >&5
configure:5656: $? = 0
configure:5660: /usr/bin/nm -B conftest.o \| sed -n -e 's/^.*[ 	]\([ABCDGIRSTW][ABCDGIRSTW]*\)[ 	][ 	]*\([_A-Za-z][_A-Za-z0-9]*\)$/\1 \2 \2/p' \> conftest.nm
configure:5663: $? = 0
configure:5715: gcc -o conftest -g -O2   conftest.c conftstm.o >&5
configure:5718: $? = 0
configure:5756: result: ok
configure:5760: checking for objdir
configure:5775: result: .libs
configure:5865: checking for ar
configure:5881: found /usr/bin/ar
configure:5892: result: ar
configure:5945: checking for ranlib
configure:5961: found /usr/bin/ranlib
configure:5972: result: ranlib
configure:6025: checking for strip
configure:6041: found /usr/bin/strip
configure:6052: result: strip
configure:6324: checking if gcc supports -fno-rtti -fno-exceptions
configure:6342: gcc -c -g -O2  -fno-rtti -fno-exceptions conftest.c >&5
cc1: warning: command line option '-fno-rtti' is valid for C++/ObjC++ but not for C
configure:6346: $? = 0
configure:6359: result: no
configure:6374: checking for gcc option to produce PIC
configure:6584: result: -fPIC
configure:6592: checking if gcc PIC flag -fPIC works
configure:6610: gcc -c -g -O2  -fPIC -DPIC conftest.c >&5
configure:6614: $? = 0
configure:6627: result: yes
configure:6655: checking if gcc static flag -static works
configure:6683: result: yes
configure:6693: checking if gcc supports -c -o file.o
configure:6714: gcc -c -g -O2  -o out/conftest2.o conftest.c >&5
configure:6718: $? = 0
configure:6740: result: yes
configure:6766: checking whether the gcc linker (/usr/bin/ld -m elf_x86_64) supports shared libraries
configure:7724: result: yes
configure:7745: checking whether -lc should be explicitly linked in
configure:7750: gcc -c -g -O2  conftest.c >&5
configure:7753: $? = 0
configure:7768: gcc -shared conftest.o  -v -Wl,-soname -Wl,conftest -o conftest 2\>\&1 \| grep  -lc  \>/dev/null 2\>\&1
configure:7771: $? = 0
configure:7783: result: no
configure:7791: checking dynamic linker characteristics
configure:8184: gcc -c -g -O2  conftest.c >&5
configure:8187: $? = 0
configure:8400: result: GNU/Linux ld.so
configure:8409: checking how to hardcode library paths into programs
configure:8434: result: immediate
configure:8448: checking whether stripping libraries is possible
configure:8453: result: yes
configure:9287: checking if libtool supports shared libraries
configure:9289: result: yes
configure:9292: checking whether to build shared libraries
configure:9313: result: yes
configure:9316: checking whether to build static libraries
configure:9320: result: yes
configure:9412: creating libtool
configure:10003: checking for ld used by g++
configure:10070: result: /usr/bin/ld -m elf_x86_64
configure:10079: checking if the linker (/usr/bin/ld -m elf_x86_64) is GNU ld
configure:10094: result: yes
configure:10145: checking whether the g++ linker (/usr/bin/ld -m elf_x86_64) supports shared libraries
configure:11083: result: yes
configure:11101: g++ -c -g -O2  conftest.cpp >&5
configure:11104: $? = 0
configure:11223: checking for g++ option to produce PIC
configure:11497: result: -fPIC
configure:11505: checking if g++ PIC flag -fPIC works
configure:11523: g++ -c -g -O2  -fPIC -DPIC conftest.cpp >&5
configure:11527: $? = 0
configure:11540: result: yes
configure:11568: checking if g++ static flag -static works
configure:11596: result: yes
configure:11606: checking if g++ supports -c -o file.o
configure:11627: g++ -c -g -O2  -o out/conftest2.o conftest.cpp >&5
configure:11631: $? = 0
configure:11653: result: yes
configure:11679: checking whether the g++ linker (/usr/bin/ld -m elf_x86_64) supports shared libraries
configure:11704: result: yes
configure:11771: checking dynamic linker characteristics
configure:12164: g++ -c -g -O2  conftest.cpp >&5
configure:12167: $? = 0
configure:12380: result: GNU/Linux ld.so
configure:12389: checking how to hardcode library paths into programs
configure:12414: result: immediate
configure:12943: checking if libtool supports shared libraries
configure:12945: result: yes
configure:12948: checking whether to build shared libraries
configure:12968: result: yes
configure:12971: checking whether to build static libraries
configure:12975: result: yes
configure:12985: checking for f77 option to produce PIC
configure:13195: result: -fPIC
configure:13203: checking if f77 PIC flag -fPIC works
configure:13221: f77 -c -g -O2 -fPIC conftest.f >&5
configure:13225: $? = 0
configure:13238: result: yes
configure:13266: checking if f77 static flag -static works
configure:13294: result: yes
configure:13304: checking if f77 supports -c -o file.o
configure:13325: f77 -c -g -O2 -o out/conftest2.o conftest.f >&5
configure:13329: $? = 0
configure:13351: result: yes
configure:13377: checking whether the f77 linker (/usr/bin/ld -m elf_x86_64) supports shared libraries
configure:14315: result: yes
configure:14382: checking dynamic linker characteristics
configure:14775: f77 -c -g -O2 conftest.f >&5
conftest.f:1:2:

 #line 14774 "configure"
  1
Warning: Illegal preprocessor directive
configure:14778: $? = 0
configure:14991: result: GNU/Linux ld.so
configure:15000: checking how to hardcode library paths into programs
configure:15025: result: immediate
configure:18632: checking for a BSD-compatible install
configure:18687: result: /usr/bin/install -c
configure:18698: checking whether build environment is sane
configure:18741: result: yes
configure:18806: checking for gawk
configure:18822: found /usr/bin/gawk
configure:18832: result: gawk
configure:18842: checking whether make sets $(MAKE)
configure:18862: result: yes
configure:18892: checking for style of include used by make
configure:18920: result: GNU
configure:19096: checking dependency style of gcc
configure:19186: result: none
configure:19205: checking dependency style of g++
configure:19295: result: none
configure:19315: checking whether to enable maintainer-specific portions of Makefiles
configure:19324: result: no
configure:19379: checking sys/mount.h usability
configure:19391: gcc -c -g -O2  -D__LINUX__ conftest.c >&5
configure:19397: $? = 0
configure:19401: test -z 
			 || test ! -s conftest.err
configure:19404: $? = 0
configure:19407: test -s conftest.o
configure:19410: $? = 0
configure:19420: result: yes
configure:19424: checking sys/mount.h presence
configure:19434: gcc -E  -D__LINUX__ conftest.c
configure:19440: $? = 0
configure:19460: result: yes
configure:19495: checking for sys/mount.h
configure:19502: result: yes
configure:19379: checking sys/statvfs.h usability
configure:19391: gcc -c -g -O2  -D__LINUX__ conftest.c >&5
configure:19397: $? = 0
configure:19401: test -z 
			 || test ! -s conftest.err
configure:19404: $? = 0
configure:19407: test -s conftest.o
configure:19410: $? = 0
configure:19420: result: yes
configure:19424: checking sys/statvfs.h presence
configure:19434: gcc -E  -D__LINUX__ conftest.c
configure:19440: $? = 0
configure:19460: result: yes
configure:19495: checking for sys/statvfs.h
configure:19502: result: yes
configure:19379: checking sys/vfs.h usability
configure:19391: gcc -c -g -O2  -D__LINUX__ conftest.c >&5
configure:19397: $? = 0
configure:19401: test -z 
			 || test ! -s conftest.err
configure:19404: $? = 0
configure:19407: test -s conftest.o
configure:19410: $? = 0
configure:19420: result: yes
configure:19424: checking sys/vfs.h presence
configure:19434: gcc -E  -D__LINUX__ conftest.c
configure:19440: $? = 0
configure:19460: result: yes
configure:19495: checking for sys/vfs.h
configure:19502: result: yes
configure:19536: checking libsangoma.h usability
configure:19548: g++ -c -g -O2  -D__LINUX__ conftest.cc >&5
conftest.cc:62:10: fatal error: libsangoma.h: No such file or directory
 #include <libsangoma.h>
          ^~~~~~~~~~~~~~
compilation terminated.
configure:19554: $? = 1
configure: failed program was:
| /* confdefs.h.  */
| 
| #define PACKAGE_NAME ""
| #define PACKAGE_TARNAME ""
| #define PACKAGE_VERSION ""
| #define PACKAGE_STRING ""
| #define PACKAGE_BUGREPORT ""
| #ifdef __cplusplus
| extern "C" void std::exit (int) throw (); using std::exit;
| #endif
| #define STDC_HEADERS 1
| #define HAVE_SYS_TYPES_H 1
| #define HAVE_SYS_STAT_H 1
| #define HAVE_STDLIB_H 1
| #define HAVE_STRING_H 1
| #define HAVE_MEMORY_H 1
| #define HAVE_STRINGS_H 1
| #define HAVE_INTTYPES_H 1
| #define HAVE_STDINT_H 1
| #define HAVE_UNISTD_H 1
| #define HAVE_DLFCN_H 1
| #define PACKAGE "bayonne2"
| #define VERSION "2.3.2"
| #define HAVE_SYS_MOUNT_H 1
| #define HAVE_SYS_STATVFS_H 1
| #define HAVE_SYS_VFS_H 1
| /* end confdefs.h.  */
| #include <stdio.h>
| #if HAVE_SYS_TYPES_H
| # include <sys/types.h>
| #endif
| #if HAVE_SYS_STAT_H
| # include <sys/stat.h>
| #endif
| #if STDC_HEADERS
| # include <stdlib.h>
| # include <stddef.h>
| #else
| # if HAVE_STDLIB_H
| #  include <stdlib.h>
| # endif
| #endif
| #if HAVE_STRING_H
| # if !STDC_HEADERS && HAVE_MEMORY_H
| #  include <memory.h>
| # endif
| # include <string.h>
| #endif
| #if HAVE_STRINGS_H
| # include <strings.h>
| #endif
| #if HAVE_INTTYPES_H
| # include <inttypes.h>
| #else
| # if HAVE_STDINT_H
| #  include <stdint.h>
| # endif
| #endif
| #if HAVE_UNISTD_H
| # include <unistd.h>
| #endif
| #include <libsangoma.h>
configure:19577: result: no
configure:19581: checking libsangoma.h presence
configure:19591: g++ -E  -D__LINUX__ conftest.cc
conftest.cc:28:10: fatal error: libsangoma.h: No such file or directory
 #include <libsangoma.h>
          ^~~~~~~~~~~~~~
compilation terminated.
configure:19597: $? = 1
configure: failed program was:
| /* confdefs.h.  */
| 
| #define PACKAGE_NAME ""
| #define PACKAGE_TARNAME ""
| #define PACKAGE_VERSION ""
| #define PACKAGE_STRING ""
| #define PACKAGE_BUGREPORT ""
| #ifdef __cplusplus
| extern "C" void std::exit (int) throw (); using std::exit;
| #endif
| #define STDC_HEADERS 1
| #define HAVE_SYS_TYPES_H 1
| #define HAVE_SYS_STAT_H 1
| #define HAVE_STDLIB_H 1
| #define HAVE_STRING_H 1
| #define HAVE_MEMORY_H 1
| #define HAVE_STRINGS_H 1
| #define HAVE_INTTYPES_H 1
| #define HAVE_STDINT_H 1
| #define HAVE_UNISTD_H 1
| #define HAVE_DLFCN_H 1
| #define PACKAGE "bayonne2"
| #define VERSION "2.3.2"
| #define HAVE_SYS_MOUNT_H 1
| #define HAVE_SYS_STATVFS_H 1
| #define HAVE_SYS_VFS_H 1
| /* end confdefs.h.  */
| #include <libsangoma.h>
configure:19617: result: no
configure:19652: checking for libsangoma.h
configure:19659: result: no
configure:19682: checking vpbapi.h usability
configure:19694: g++ -c -g -O2  -D__LINUX__ conftest.cc >&5
conftest.cc:62:10: fatal error: vpbapi.h: No such file or directory
 #include <vpbapi.h>
          ^~~~~~~~~~
compilation terminated.
configure:19700: $? = 1
configure: failed program was:
| /* confdefs.h.  */
| 
| #define PACKAGE_NAME ""
| #define PACKAGE_TARNAME ""
| #define PACKAGE_VERSION ""
| #define PACKAGE_STRING ""
| #define PACKAGE_BUGREPORT ""
| #ifdef __cplusplus
| extern "C" void std::exit (int) throw (); using std::exit;
| #endif
| #define STDC_HEADERS 1
| #define HAVE_SYS_TYPES_H 1
| #define HAVE_SYS_STAT_H 1
| #define HAVE_STDLIB_H 1
| #define HAVE_STRING_H 1
| #define HAVE_MEMORY_H 1
| #define HAVE_STRINGS_H 1
| #define HAVE_INTTYPES_H 1
| #define HAVE_STDINT_H 1
| #define HAVE_UNISTD_H 1
| #define HAVE_DLFCN_H 1
| #define PACKAGE "bayonne2"
| #define VERSION "2.3.2"
| #define HAVE_SYS_MOUNT_H 1
| #define HAVE_SYS_STATVFS_H 1
| #define HAVE_SYS_VFS_H 1
| /* end confdefs.h.  */
| #include <stdio.h>
| #if HAVE_SYS_TYPES_H
| # include <sys/types.h>
| #endif
| #if HAVE_SYS_STAT_H
| # include <sys/stat.h>
| #endif
| #if STDC_HEADERS
| # include <stdlib.h>
| # include <stddef.h>
| #else
| # if HAVE_STDLIB_H
| #  include <stdlib.h>
| # endif
| #endif
| #if HAVE_STRING_H
| # if !STDC_HEADERS && HAVE_MEMORY_H
| #  include <memory.h>
| # endif
| # include <string.h>
| #endif
| #if HAVE_STRINGS_H
| # include <strings.h>
| #endif
| #if HAVE_INTTYPES_H
| # include <inttypes.h>
| #else
| # if HAVE_STDINT_H
| #  include <stdint.h>
| # endif
| #endif
| #if HAVE_UNISTD_H
| # include <unistd.h>
| #endif
| #include <vpbapi.h>
configure:19723: result: no
configure:19727: checking vpbapi.h presence
configure:19737: g++ -E  -D__LINUX__ conftest.cc
conftest.cc:28:10: fatal error: vpbapi.h: No such file or directory
 #include <vpbapi.h>
          ^~~~~~~~~~
compilation terminated.
configure:19743: $? = 1
configure: failed program was:
| /* confdefs.h.  */
| 
| #define PACKAGE_NAME ""
| #define PACKAGE_TARNAME ""
| #define PACKAGE_VERSION ""
| #define PACKAGE_STRING ""
| #define PACKAGE_BUGREPORT ""
| #ifdef __cplusplus
| extern "C" void std::exit (int) throw (); using std::exit;
| #endif
| #define STDC_HEADERS 1
| #define HAVE_SYS_TYPES_H 1
| #define HAVE_SYS_STAT_H 1
| #define HAVE_STDLIB_H 1
| #define HAVE_STRING_H 1
| #define HAVE_MEMORY_H 1
| #define HAVE_STRINGS_H 1
| #define HAVE_INTTYPES_H 1
| #define HAVE_STDINT_H 1
| #define HAVE_UNISTD_H 1
| #define HAVE_DLFCN_H 1
| #define PACKAGE "bayonne2"
| #define VERSION "2.3.2"
| #define HAVE_SYS_MOUNT_H 1
| #define HAVE_SYS_STATVFS_H 1
| #define HAVE_SYS_VFS_H 1
| /* end confdefs.h.  */
| #include <vpbapi.h>
configure:19763: result: no
configure:19798: checking for vpbapi.h
configure:19805: result: no
configure:19838: checking stropts.h usability
configure:19850: gcc -c -g -O2  -D__LINUX__ conftest.c >&5
configure:19856: $? = 0
configure:19860: test -z 
			 || test ! -s conftest.err
configure:19863: $? = 0
configure:19866: test -s conftest.o
configure:19869: $? = 0
configure:19879: result: yes
configure:19883: checking stropts.h presence
configure:19893: gcc -E  -D__LINUX__ conftest.c
configure:19899: $? = 0
configure:19919: result: yes
configure:19954: checking for stropts.h
configure:19961: result: yes
configure:20148: checking for capi20_release in -lcapi20
configure:20178: g++ -o conftest -g -O2  -D__LINUX__  conftest.cc -lcapi20   >&5
/usr/bin/ld: cannot find -lcapi20
collect2: error: ld returned 1 exit status
configure:20184: $? = 1
configure: failed program was:
| /* confdefs.h.  */
| 
| #define PACKAGE_NAME ""
| #define PACKAGE_TARNAME ""
| #define PACKAGE_VERSION ""
| #define PACKAGE_STRING ""
| #define PACKAGE_BUGREPORT ""
| #ifdef __cplusplus
| extern "C" void std::exit (int) throw (); using std::exit;
| #endif
| #define STDC_HEADERS 1
| #define HAVE_SYS_TYPES_H 1
| #define HAVE_SYS_STAT_H 1
| #define HAVE_STDLIB_H 1
| #define HAVE_STRING_H 1
| #define HAVE_MEMORY_H 1
| #define HAVE_STRINGS_H 1
| #define HAVE_INTTYPES_H 1
| #define HAVE_STDINT_H 1
| #define HAVE_UNISTD_H 1
| #define HAVE_DLFCN_H 1
| #define PACKAGE "bayonne2"
| #define VERSION "2.3.2"
| #define HAVE_SYS_MOUNT_H 1
| #define HAVE_SYS_STATVFS_H 1
| #define HAVE_SYS_VFS_H 1
| #define HAVE_STROPTS_H 1
| /* end confdefs.h.  */
| 
| /* Override any gcc2 internal prototype to avoid an error.  */
| #ifdef __cplusplus
| extern "C"
| #endif
| /* We use char because int might match the return type of a gcc2
|    builtin and then its argument prototype would still apply.  */
| char capi20_release ();
| int
| main ()
| {
| capi20_release ();
|   ;
|   return 0;
| }
configure:20210: result: no
configure:20488: checking for pkg-config
configure:20506: found /usr/bin/pkg-config
configure:20518: result: /usr/bin/pkg-config
configure:20533: checking pkg-config is at least version 0.9.0
configure:20536: result: yes
configure:20547: checking for ZEROCONF
configure:20555: $PKG_CONFIG --exists --print-errors "avahi-client > 0.3"
Package avahi-client was not found in the pkg-config search path.
Perhaps you should add the directory containing `avahi-client.pc'
to the PKG_CONFIG_PATH environment variable
No package 'avahi-client' found
configure:20558: $? = 1
configure:20573: $PKG_CONFIG --exists --print-errors "avahi-client > 0.3"
Package avahi-client was not found in the pkg-config search path.
Perhaps you should add the directory containing `avahi-client.pc'
to the PKG_CONFIG_PATH environment variable
No package 'avahi-client' found
configure:20576: $? = 1
No package 'avahi-client' found
configure:20604: result: no
configure:20606: result: no avahi
configure:20642: checking eXosip2/eXosip.h usability
configure:20654: gcc -c -g -O2  -D__LINUX__ conftest.c >&5
conftest.c:63:10: fatal error: eXosip2/eXosip.h: No such file or directory
 #include <eXosip2/eXosip.h>
          ^~~~~~~~~~~~~~~~~~
compilation terminated.
configure:20660: $? = 1
configure: failed program was:
| /* confdefs.h.  */
| 
| #define PACKAGE_NAME ""
| #define PACKAGE_TARNAME ""
| #define PACKAGE_VERSION ""
| #define PACKAGE_STRING ""
| #define PACKAGE_BUGREPORT ""
| #ifdef __cplusplus
| extern "C" void std::exit (int) throw (); using std::exit;
| #endif
| #define STDC_HEADERS 1
| #define HAVE_SYS_TYPES_H 1
| #define HAVE_SYS_STAT_H 1
| #define HAVE_STDLIB_H 1
| #define HAVE_STRING_H 1
| #define HAVE_MEMORY_H 1
| #define HAVE_STRINGS_H 1
| #define HAVE_INTTYPES_H 1
| #define HAVE_STDINT_H 1
| #define HAVE_UNISTD_H 1
| #define HAVE_DLFCN_H 1
| #define PACKAGE "bayonne2"
| #define VERSION "2.3.2"
| #define HAVE_SYS_MOUNT_H 1
| #define HAVE_SYS_STATVFS_H 1
| #define HAVE_SYS_VFS_H 1
| #define HAVE_STROPTS_H 1
| /* end confdefs.h.  */
| #include <stdio.h>
| #if HAVE_SYS_TYPES_H
| # include <sys/types.h>
| #endif
| #if HAVE_SYS_STAT_H
| # include <sys/stat.h>
| #endif
| #if STDC_HEADERS
| # include <stdlib.h>
| # include <stddef.h>
| #else
| # if HAVE_STDLIB_H
| #  include <stdlib.h>
| # endif
| #endif
| #if HAVE_STRING_H
| # if !STDC_HEADERS && HAVE_MEMORY_H
| #  include <memory.h>
| # endif
| # include <string.h>
| #endif
| #if HAVE_STRINGS_H
| # include <strings.h>
| #endif
| #if HAVE_INTTYPES_H
| # include <inttypes.h>
| #else
| # if HAVE_STDINT_H
| #  include <stdint.h>
| # endif
| #endif
| #if HAVE_UNISTD_H
| # include <unistd.h>
| #endif
| #include <eXosip2/eXosip.h>
configure:20683: result: no
configure:20687: checking eXosip2/eXosip.h presence
configure:20697: gcc -E  -D__LINUX__ conftest.c
conftest.c:29:10: fatal error: eXosip2/eXosip.h: No such file or directory
 #include <eXosip2/eXosip.h>
          ^~~~~~~~~~~~~~~~~~
compilation terminated.
configure:20703: $? = 1
configure: failed program was:
| /* confdefs.h.  */
| 
| #define PACKAGE_NAME ""
| #define PACKAGE_TARNAME ""
| #define PACKAGE_VERSION ""
| #define PACKAGE_STRING ""
| #define PACKAGE_BUGREPORT ""
| #ifdef __cplusplus
| extern "C" void std::exit (int) throw (); using std::exit;
| #endif
| #define STDC_HEADERS 1
| #define HAVE_SYS_TYPES_H 1
| #define HAVE_SYS_STAT_H 1
| #define HAVE_STDLIB_H 1
| #define HAVE_STRING_H 1
| #define HAVE_MEMORY_H 1
| #define HAVE_STRINGS_H 1
| #define HAVE_INTTYPES_H 1
| #define HAVE_STDINT_H 1
| #define HAVE_UNISTD_H 1
| #define HAVE_DLFCN_H 1
| #define PACKAGE "bayonne2"
| #define VERSION "2.3.2"
| #define HAVE_SYS_MOUNT_H 1
| #define HAVE_SYS_STATVFS_H 1
| #define HAVE_SYS_VFS_H 1
| #define HAVE_STROPTS_H 1
| /* end confdefs.h.  */
| #include <eXosip2/eXosip.h>
configure:20723: result: no
configure:20758: checking for eXosip2/eXosip.h
configure:20765: result: no
configure:21005: checking for php
configure:21036: result: /usr/local/bin/php
configure:21045: checking for ilrun
configure:21076: result: /usr/local/bin/ilrun
configure:21085: checking for perl
configure:21103: found /usr/bin/perl
configure:21116: result: /usr/bin/perl
configure:21125: checking for java
configure:21156: result: /usr/bin/java
configure:21165: checking for python
configure:21183: found /home/carolhanna/miniconda3/bin/python
configure:21196: result: /home/carolhanna/miniconda3/bin/python
configure:21205: checking for fox-config
configure:21236: result: no
configure:21245: checking for fastjar
configure:21276: result: jar
configure:21285: checking for jikes
configure:21316: result: no
configure:21325: checking for javac
configure:21356: result: no
configure:21365: checking for mcs
configure:21396: result: none
configure:21635: checking for EXTRAS
configure:21643: $PKG_CONFIG --exists --print-errors "libccext2 >= 1.5.0 libccscript3 >= 1.1.2 libccaudio2 >= 0.9.5"
Package libccext2 was not found in the pkg-config search path.
Perhaps you should add the directory containing `libccext2.pc'
to the PKG_CONFIG_PATH environment variable
No package 'libccext2' found
Package libccscript3 was not found in the pkg-config search path.
Perhaps you should add the directory containing `libccscript3.pc'
to the PKG_CONFIG_PATH environment variable
No package 'libccscript3' found
Package libccaudio2 was not found in the pkg-config search path.
Perhaps you should add the directory containing `libccaudio2.pc'
to the PKG_CONFIG_PATH environment variable
No package 'libccaudio2' found
configure:21646: $? = 1
configure:21661: $PKG_CONFIG --exists --print-errors "libccext2 >= 1.5.0 libccscript3 >= 1.1.2 libccaudio2 >= 0.9.5"
Package libccext2 was not found in the pkg-config search path.
Perhaps you should add the directory containing `libccext2.pc'
to the PKG_CONFIG_PATH environment variable
No package 'libccext2' found
Package libccscript3 was not found in the pkg-config search path.
Perhaps you should add the directory containing `libccscript3.pc'
to the PKG_CONFIG_PATH environment variable
No package 'libccscript3' found
Package libccaudio2 was not found in the pkg-config search path.
Perhaps you should add the directory containing `libccaudio2.pc'
to the PKG_CONFIG_PATH environment variable
No package 'libccaudio2' found
configure:21664: $? = 1
No package 'libccext2' found
No package 'libccscript3' found
No package 'libccaudio2' found
configure:21702: error: Package requirements (libccext2 >= 1.5.0 libccscript3 >= 1.1.2 libccaudio2 >= 0.9.5) were not met:

No package 'libccext2' found
No package 'libccscript3' found
No package 'libccaudio2' found

Consider adjusting the PKG_CONFIG_PATH environment variable if you
installed software in a non-standard prefix.

Alternatively, you may set the environment variables EXTRAS_CFLAGS
and EXTRAS_LIBS to avoid the need to call pkg-config.
See the pkg-config man page for more details.


## ---------------- ##
## Cache variables. ##
## ---------------- ##

ac_cv_build=x86_64-unknown-linux-gnu
ac_cv_build_alias=x86_64-unknown-linux-gnu
ac_cv_c_compiler_gnu=yes
ac_cv_cxx_compiler_gnu=yes
ac_cv_env_CC_set=
ac_cv_env_CC_value=
ac_cv_env_CFLAGS_set=
ac_cv_env_CFLAGS_value=
ac_cv_env_COMMON_CFLAGS_set=
ac_cv_env_COMMON_CFLAGS_value=
ac_cv_env_COMMON_LIBS_set=
ac_cv_env_COMMON_LIBS_value=
ac_cv_env_CPPFLAGS_set=
ac_cv_env_CPPFLAGS_value=
ac_cv_env_CPP_set=
ac_cv_env_CPP_value=
ac_cv_env_CXXCPP_set=
ac_cv_env_CXXCPP_value=
ac_cv_env_CXXFLAGS_set=
ac_cv_env_CXXFLAGS_value=
ac_cv_env_CXX_set=
ac_cv_env_CXX_value=
ac_cv_env_EXTRAS_CFLAGS_set=
ac_cv_env_EXTRAS_CFLAGS_value=
ac_cv_env_EXTRAS_LIBS_set=
ac_cv_env_EXTRAS_LIBS_value=
ac_cv_env_F77_set=
ac_cv_env_F77_value=
ac_cv_env_FFLAGS_set=
ac_cv_env_FFLAGS_value=
ac_cv_env_LDFLAGS_set=
ac_cv_env_LDFLAGS_value=
ac_cv_env_PKG_CONFIG_set=
ac_cv_env_PKG_CONFIG_value=
ac_cv_env_RTPSTACK_CFLAGS_set=
ac_cv_env_RTPSTACK_CFLAGS_value=
ac_cv_env_RTPSTACK_LIBS_set=
ac_cv_env_RTPSTACK_LIBS_value=
ac_cv_env_ZEROCONF_CFLAGS_set=
ac_cv_env_ZEROCONF_CFLAGS_value=
ac_cv_env_ZEROCONF_LIBS_set=
ac_cv_env_ZEROCONF_LIBS_value=
ac_cv_env_build_alias_set=
ac_cv_env_build_alias_value=
ac_cv_env_host_alias_set=
ac_cv_env_host_alias_value=
ac_cv_env_libosip2_CFLAGS_set=
ac_cv_env_libosip2_CFLAGS_value=
ac_cv_env_libosip2_LIBS_set=
ac_cv_env_libosip2_LIBS_value=
ac_cv_env_target_alias_set=
ac_cv_env_target_alias_value=
ac_cv_exeext=
ac_cv_f77_compiler_gnu=yes
ac_cv_header_dlfcn_h=yes
ac_cv_header_eXosip2_eXosip_h=no
ac_cv_header_inttypes_h=yes
ac_cv_header_libsangoma_h=no
ac_cv_header_memory_h=yes
ac_cv_header_stdc=yes
ac_cv_header_stdint_h=yes
ac_cv_header_stdlib_h=yes
ac_cv_header_string_h=yes
ac_cv_header_strings_h=yes
ac_cv_header_stropts_h=yes
ac_cv_header_sys_mount_h=yes
ac_cv_header_sys_stat_h=yes
ac_cv_header_sys_statvfs_h=yes
ac_cv_header_sys_types_h=yes
ac_cv_header_sys_vfs_h=yes
ac_cv_header_unistd_h=yes
ac_cv_header_vpbapi_h=no
ac_cv_host=x86_64-unknown-linux-gnu
ac_cv_host_alias=x86_64-unknown-linux-gnu
ac_cv_lib_capi20_capi20_release=no
ac_cv_objext=o
ac_cv_path_FOXCONFIG=no
ac_cv_path_JAR=jar
ac_cv_path_JAVAC_PROGRAM=no
ac_cv_path_JAVA_PROGRAM=/usr/bin/java
ac_cv_path_JIKES_PROGRAM=no
ac_cv_path_MONO_COMPILER=none
ac_cv_path_PERL_PROGRAM=/usr/bin/perl
ac_cv_path_PHP_PROGRAM=/usr/local/bin/php
ac_cv_path_PNET_PROGRAM=/usr/local/bin/ilrun
ac_cv_path_PYTHON_PROGRAM=/home/carolhanna/miniconda3/bin/python
ac_cv_path_ac_pt_PKG_CONFIG=/usr/bin/pkg-config
ac_cv_path_install='/usr/bin/install -c'
ac_cv_prog_AWK=gawk
ac_cv_prog_CPP='gcc -E'
ac_cv_prog_CXXCPP='g++ -E'
ac_cv_prog_ac_ct_AR=ar
ac_cv_prog_ac_ct_CC=gcc
ac_cv_prog_ac_ct_CXX=g++
ac_cv_prog_ac_ct_F77=f77
ac_cv_prog_ac_ct_RANLIB=ranlib
ac_cv_prog_ac_ct_STRIP=strip
ac_cv_prog_cc_g=yes
ac_cv_prog_cc_stdc=
ac_cv_prog_cxx_g=yes
ac_cv_prog_egrep='grep -E'
ac_cv_prog_f77_g=yes
ac_cv_prog_make_make_set=yes
ac_cv_target=x86_64-unknown-linux-gnu
ac_cv_target_alias=x86_64-unknown-linux-gnu
am_cv_CC_dependencies_compiler_type=none
am_cv_CXX_dependencies_compiler_type=none
lt_cv_deplibs_check_method=pass_all
lt_cv_file_magic_cmd='$MAGIC_CMD'
lt_cv_file_magic_test_file=
lt_cv_ld_reload_flag=-r
lt_cv_objdir=.libs
lt_cv_path_LD=/usr/bin/ld
lt_cv_path_LDCXX='/usr/bin/ld -m elf_x86_64'
lt_cv_path_NM='/usr/bin/nm -B'
lt_cv_path_SED=/bin/sed
lt_cv_prog_compiler_c_o=yes
lt_cv_prog_compiler_c_o_CXX=yes
lt_cv_prog_compiler_c_o_F77=yes
lt_cv_prog_compiler_rtti_exceptions=no
lt_cv_prog_gnu_ld=yes
lt_cv_prog_gnu_ldcxx=yes
lt_cv_sys_global_symbol_pipe='sed -n -e '\''s/^.*[ 	]\([ABCDGIRSTW][ABCDGIRSTW]*\)[ 	][ 	]*\([_A-Za-z][_A-Za-z0-9]*\)$/\1 \2 \2/p'\'''
lt_cv_sys_global_symbol_to_c_name_address='sed -n -e '\''s/^: \([^ ]*\) $/  {\"\1\", (lt_ptr) 0},/p'\'' -e '\''s/^[BCDEGRST] \([^ ]*\) \([^ ]*\)$/  {"\2", (lt_ptr) \&\2},/p'\'''
lt_cv_sys_global_symbol_to_cdecl='sed -n -e '\''s/^. .* \(.*\)$/extern int \1;/p'\'''
lt_cv_sys_max_cmd_len=32768
lt_lt_cv_prog_compiler_c_o='"yes"'
lt_lt_cv_prog_compiler_c_o_CXX='"yes"'
lt_lt_cv_prog_compiler_c_o_F77='"yes"'
lt_lt_cv_sys_global_symbol_pipe='"sed -n -e '\''s/^.*[ 	]\\([ABCDGIRSTW][ABCDGIRSTW]*\\)[ 	][ 	]*\\([_A-Za-z][_A-Za-z0-9]*\\)\$/\\1 \\2 \\2/p'\''"'
lt_lt_cv_sys_global_symbol_to_c_name_address='"sed -n -e '\''s/^: \\([^ ]*\\) \$/  {\\\"\\1\\\", (lt_ptr) 0},/p'\'' -e '\''s/^[BCDEGRST] \\([^ ]*\\) \\([^ ]*\\)\$/  {\"\\2\", (lt_ptr) \\&\\2},/p'\''"'
lt_lt_cv_sys_global_symbol_to_cdecl='"sed -n -e '\''s/^. .* \\(.*\\)\$/extern int \\1;/p'\''"'

## ----------------- ##
## Output variables. ##
## ----------------- ##

ACLOCAL='${SHELL} /home/carolhanna/Security_Project/gnu_dataset/bayonne2-2.3.2/autoconf/missing --run aclocal-1.9'
ACULAB_FLAGS=''
ACULAB_LDADD=''
ACULAB_LDFLAGS=''
AMDEPBACKSLASH='\'
AMDEP_FALSE='#'
AMDEP_TRUE=''
AMTAR='${SHELL} /home/carolhanna/Security_Project/gnu_dataset/bayonne2-2.3.2/autoconf/missing --run tar'
AR='ar'
AUTOCONF='${SHELL} /home/carolhanna/Security_Project/gnu_dataset/bayonne2-2.3.2/autoconf/missing --run autoconf'
AUTOHEADER='${SHELL} /home/carolhanna/Security_Project/gnu_dataset/bayonne2-2.3.2/autoconf/missing --run autoheader'
AUTOMAKE='${SHELL} /home/carolhanna/Security_Project/gnu_dataset/bayonne2-2.3.2/autoconf/missing --run automake-1.9'
AWK='gawk'
CAPI20_DRIVER=''
CC='gcc'
CCDEPMODE='depmode=none'
CFLAGS='-g -O2'
COMMON_CFLAGS=''
COMMON_LIBFLAGS=''
COMMON_LIBS=''
COMMON_MODFLAGS=''
CPP='gcc -E'
CPPFLAGS=' -D__LINUX__'
CXX='g++'
CXXCPP='g++ -E'
CXXDEPMODE='depmode=none'
CXXFLAGS='-g -O2'
CYGPATH_W='echo'
DEFS=''
DEPDIR='.deps'
DOXYGEN=''
DOXY_FALSE=''
DOXY_TRUE=''
ECHO='echo'
ECHO_C=''
ECHO_N='-n'
ECHO_T=''
EGREP='grep -E'
EXEEXT=''
EXTRAS_CFLAGS=''
EXTRAS_LIBFLAGS=''
EXTRAS_LIBS=''
F77='f77'
FFLAGS='-g -O2'
FOXCONFIG='no'
FOX_FLAGS=''
FOX_LIBS=''
H323_DRIVER=''
INSTALL_DATA='${INSTALL} -m 644'
INSTALL_PROGRAM='${INSTALL}'
INSTALL_SCRIPT='${INSTALL}'
INSTALL_STRIP_PROGRAM='${SHELL} $(install_sh) -c -s'
JAR='jar'
JAVAC_PROGRAM='no'
JAVA_COMPILER='none'
JAVA_FALSE=''
JAVA_PROGRAM='/usr/bin/java'
JAVA_TRUE='#'
JIKES_PROGRAM='no'
LATEX2HTML=''
LDFLAGS=''
LIBEXEC_FALSE=''
LIBEXEC_TRUE=''
LIBOBJS=''
LIBS=''
LIBTOOL='$(SHELL) $(top_builddir)/libtool'
LN_S='ln -s'
LTLIBOBJS=''
LT_RELEASE='2.3'
LT_VERSION='0:2'
MAINT='#'
MAINTAINER_MODE_FALSE=''
MAINTAINER_MODE_TRUE='#'
MAKEINFO='${SHELL} /home/carolhanna/Security_Project/gnu_dataset/bayonne2-2.3.2/autoconf/missing --run makeinfo'
MAKE_HTML_FALSE=''
MAKE_HTML_TRUE=''
MAKE_PDF_FALSE=''
MAKE_PDF_TRUE=''
MONO_COMPILER='none'
MONO_FALSE=''
MONO_TRUE='#'
OBJEXT='o'
OPENH323_FLAGS=''
OPENH323_LIBS=''
PACKAGE='bayonne2'
PACKAGE_BUGREPORT=''
PACKAGE_NAME=''
PACKAGE_STRING=''
PACKAGE_TARNAME=''
PACKAGE_VERSION=''
PATH_SEPARATOR=':'
PDFLATEX=''
PERL_CCFLAGS=''
PERL_LDFLAGS=''
PERL_PROGRAM='/usr/bin/perl'
PHP_PROGRAM='/usr/local/bin/php'
PKG_CONFIG='/usr/bin/pkg-config'
PNET_PROGRAM='/usr/local/bin/ilrun'
PTCONFIG=''
PYTHON_PROGRAM='/home/carolhanna/miniconda3/bin/python'
RANLIB='ranlib'
RTPSTACK_CFLAGS=''
RTPSTACK_LIBFLAGS=''
RTPSTACK_LIBS=''
SANGOMA_DRIVER=''
SANGOMA_LIBS=''
SED='/bin/sed'
SET_MAKE=''
SHELL='/bin/bash'
SIP_DRIVER=''
STAGE2=''
STREAM_LIBS=''
STRIP='strip'
SUNRPC_LIBS=''
SUNRPC_MODULE=''
VERSION='2.3.2'
VOICES=''
VPB_DRIVER=''
ZEROCONF_CFLAGS=''
ZEROCONF_LIBFLAGS=''
ZEROCONF_LIBS=''
ZEROCONF_MODULE=''
ac_ct_AR='ar'
ac_ct_CC='gcc'
ac_ct_CXX='g++'
ac_ct_F77='f77'
ac_ct_RANLIB='ranlib'
ac_ct_STRIP='strip'
ac_pt_PKG_CONFIG='/usr/bin/pkg-config'
adpcm_format=''
am__fastdepCC_FALSE=''
am__fastdepCC_TRUE='#'
am__fastdepCXX_FALSE=''
am__fastdepCXX_TRUE='#'
am__include='include'
am__leading_dot='.'
am__quote=''
am__tar='${AMTAR} chof - "$$tardir"'
am__untar='${AMTAR} xf -'
bayonnefiles=''
bindir='${exec_prefix}/bin'
build='x86_64-unknown-linux-gnu'
build_alias=''
build_cpu='x86_64'
build_os='linux-gnu'
build_vendor='unknown'
cfgprefix=''
codecs_libdir=''
config_bayonne=''
config_bin=''
config_files=''
config_libdir=''
config_libexec=''
config_log=''
config_macros=''
config_prompts=''
config_run=''
config_runner=''
config_sbindir=''
config_scripts=''
config_shared=''
config_statedir=''
config_system=''
config_var=''
datadir='${prefix}/share'
exec_prefix='NONE'
execfiles=''
gsm_format=''
host='x86_64-unknown-linux-gnu'
host_alias=''
host_cpu='x86_64'
host_os='linux-gnu'
host_vendor='unknown'
includedir='${prefix}/include'
infodir='${prefix}/info'
install_sh='/home/carolhanna/Security_Project/gnu_dataset/bayonne2-2.3.2/autoconf/install-sh'
libdir='${exec_prefix}/lib'
libexecdir='${exec_prefix}/libexec'
libosip2_CFLAGS=''
libosip2_LIBS=''
localstatedir='${prefix}/var'
macrofiles=''
mandir='${prefix}/man'
mkdir_p='mkdir -p --'
module_libdir=''
module_libpath=''
mono_libdir=''
oldincludedir='/usr/include'
prefix='NONE'
program_transform_name='s,x,x,'
promptfiles=''
sbindir='${exec_prefix}/sbin'
scriptfiles=''
sharedfiles=''
sharedstatedir='${prefix}/com'
sys_libdir=''
sysconfdir='${prefix}/etc'
sysconfig=''
sysprefix=''
target='x86_64-unknown-linux-gnu'
target_alias=''
target_cpu='x86_64'
target_os='linux-gnu'
target_vendor='unknown'
tgi_libdir=''

## ----------- ##
## confdefs.h. ##
## ----------- ##

#define HAVE_DLFCN_H 1
#define HAVE_INTTYPES_H 1
#define HAVE_MEMORY_H 1
#define HAVE_STDINT_H 1
#define HAVE_STDLIB_H 1
#define HAVE_STRINGS_H 1
#define HAVE_STRING_H 1
#define HAVE_STROPTS_H 1
#define HAVE_SYS_MOUNT_H 1
#define HAVE_SYS_STATVFS_H 1
#define HAVE_SYS_STAT_H 1
#define HAVE_SYS_TYPES_H 1
#define HAVE_SYS_VFS_H 1
#define HAVE_UNISTD_H 1
#define PACKAGE "bayonne2"
#define PACKAGE_BUGREPORT ""
#define PACKAGE_NAME ""
#define PACKAGE_STRING ""
#define PACKAGE_TARNAME ""
#define PACKAGE_VERSION ""
#define STDC_HEADERS 1
#define VERSION "2.3.2"
#endif
#ifdef __cplusplus
extern "C" void std::exit (int) throw (); using std::exit;

configure: exit 1
