This file contains any messages produced by compilers while
running configure, to aid debugging if configure makes a mistake.

It was created by configure, which was
generated by GNU Autoconf 2.59.  Invocation command line was

  $ ./configure 

## --------- ##
## Platform. ##
## --------- ##

hostname = rishon
uname -m = x86_64
uname -r = 4.15.0-72-generic
uname -s = Linux
uname -v = #81-Ubuntu SMP Tue Nov 26 12:20:02 UTC 2019

/usr/bin/uname -p = unknown
/bin/uname -X     = unknown

/bin/arch              = unknown
/usr/bin/arch -k       = unknown
/usr/convex/getsysinfo = unknown
hostinfo               = unknown
/bin/machine           = unknown
/usr/bin/oslevel       = unknown
/bin/universe          = unknown

PATH: /home/carolhanna/miniconda3/bin
PATH: /home/carolhanna/miniconda3/condabin
PATH: /usr/local/sbin
PATH: /usr/local/bin
PATH: /usr/sbin
PATH: /usr/bin
PATH: /sbin
PATH: /bin
PATH: /usr/games
PATH: /usr/local/games
PATH: /snap/bin


## ----------- ##
## Core tests. ##
## ----------- ##

configure:1543: checking for a BSD-compatible install
configure:1598: result: /usr/bin/install -c
configure:1609: checking whether build environment is sane
configure:1652: result: yes
configure:1709: checking for gawk
configure:1725: found /usr/bin/gawk
configure:1735: result: gawk
configure:1745: checking whether make sets $(MAKE)
configure:1765: result: yes
configure:1943: checking whether to enable maintainer-specific portions of Makefiles
configure:1952: result: no
configure:2005: checking for style of include used by make
configure:2033: result: GNU
configure:2104: checking for gcc
configure:2120: found /usr/bin/gcc
configure:2130: result: gcc
configure:2374: checking for C compiler version
configure:2377: gcc --version </dev/null >&5
gcc (Ubuntu 7.5.0-3ubuntu1~18.04) 7.5.0
Copyright (C) 2017 Free Software Foundation, Inc.
This is free software; see the source for copying conditions.  There is NO
warranty; not even for MERCHANTABILITY or FITNESS FOR A PARTICULAR PURPOSE.

configure:2380: $? = 0
configure:2382: gcc -v </dev/null >&5
Using built-in specs.
COLLECT_GCC=gcc
COLLECT_LTO_WRAPPER=/usr/lib/gcc/x86_64-linux-gnu/7/lto-wrapper
OFFLOAD_TARGET_NAMES=nvptx-none
OFFLOAD_TARGET_DEFAULT=1
Target: x86_64-linux-gnu
Configured with: ../src/configure -v --with-pkgversion='Ubuntu 7.5.0-3ubuntu1~18.04' --with-bugurl=file:///usr/share/doc/gcc-7/README.Bugs --enable-languages=c,ada,c++,go,brig,d,fortran,objc,obj-c++ --prefix=/usr --with-gcc-major-version-only --program-suffix=-7 --program-prefix=x86_64-linux-gnu- --enable-shared --enable-linker-build-id --libexecdir=/usr/lib --without-included-gettext --enable-threads=posix --libdir=/usr/lib --enable-nls --enable-bootstrap --enable-clocale=gnu --enable-libstdcxx-debug --enable-libstdcxx-time=yes --with-default-libstdcxx-abi=new --enable-gnu-unique-object --disable-vtable-verify --enable-libmpx --enable-plugin --enable-default-pie --with-system-zlib --with-target-system-zlib --enable-objc-gc=auto --enable-multiarch --disable-werror --with-arch-32=i686 --with-abi=m64 --with-multilib-list=m32,m64,mx32 --enable-multilib --with-tune=generic --enable-offload-targets=nvptx-none --without-cuda-driver --enable-checking=release --build=x86_64-linux-gnu --host=x86_64-linux-gnu --target=x86_64-linux-gnu
Thread model: posix
gcc version 7.5.0 (Ubuntu 7.5.0-3ubuntu1~18.04) 
configure:2385: $? = 0
configure:2387: gcc -V </dev/null >&5
gcc: error: unrecognized command line option '-V'
gcc: fatal error: no input files
compilation terminated.
configure:2390: $? = 1
configure:2413: checking for C compiler default output file name
configure:2416: gcc    conftest.c  >&5
configure:2419: $? = 0
configure:2465: result: a.out
configure:2470: checking whether the C compiler works
configure:2476: ./a.out
configure:2479: $? = 0
configure:2496: result: yes
configure:2503: checking whether we are cross compiling
configure:2505: result: no
configure:2508: checking for suffix of executables
configure:2510: gcc -o conftest    conftest.c  >&5
configure:2513: $? = 0
configure:2538: result: 
configure:2544: checking for suffix of object files
configure:2565: gcc -c   conftest.c >&5
configure:2568: $? = 0
configure:2590: result: o
configure:2594: checking whether we are using the GNU C compiler
configure:2618: gcc -c   conftest.c >&5
configure:2624: $? = 0
configure:2627: test -z 			 || test ! -s conftest.err
configure:2630: $? = 0
configure:2633: test -s conftest.o
configure:2636: $? = 0
configure:2649: result: yes
configure:2655: checking whether gcc accepts -g
configure:2676: gcc -c -g  conftest.c >&5
configure:2682: $? = 0
configure:2685: test -z 			 || test ! -s conftest.err
configure:2688: $? = 0
configure:2691: test -s conftest.o
configure:2694: $? = 0
configure:2705: result: yes
configure:2722: checking for gcc option to accept ANSI C
configure:2792: gcc  -c -g -O2  conftest.c >&5
configure:2798: $? = 0
configure:2801: test -z 			 || test ! -s conftest.err
configure:2804: $? = 0
configure:2807: test -s conftest.o
configure:2810: $? = 0
configure:2828: result: none needed
configure:2846: gcc -c -g -O2  conftest.c >&5
conftest.c:2:3: error: unknown type name 'choke'
   choke me
   ^~~~~
conftest.c:2:3: error: expected '=', ',', ';', 'asm' or '__attribute__' at end of input
configure:2852: $? = 1
configure: failed program was:
| #ifndef __cplusplus
|   choke me
| #endif
configure:2984: checking dependency style of gcc
configure:3074: result: gcc3
configure:3092: checking for library containing strerror
configure:3122: gcc -o conftest -g -O2   conftest.c  >&5
configure:3128: $? = 0
configure:3131: test -z 			 || test ! -s conftest.err
configure:3134: $? = 0
configure:3137: test -s conftest
configure:3140: $? = 0
configure:3209: result: none required
configure:3262: checking for gcc
configure:3288: result: gcc
configure:3532: checking for C compiler version
configure:3535: gcc --version </dev/null >&5
gcc (Ubuntu 7.5.0-3ubuntu1~18.04) 7.5.0
Copyright (C) 2017 Free Software Foundation, Inc.
This is free software; see the source for copying conditions.  There is NO
warranty; not even for MERCHANTABILITY or FITNESS FOR A PARTICULAR PURPOSE.

configure:3538: $? = 0
configure:3540: gcc -v </dev/null >&5
Using built-in specs.
COLLECT_GCC=gcc
COLLECT_LTO_WRAPPER=/usr/lib/gcc/x86_64-linux-gnu/7/lto-wrapper
OFFLOAD_TARGET_NAMES=nvptx-none
OFFLOAD_TARGET_DEFAULT=1
Target: x86_64-linux-gnu
Configured with: ../src/configure -v --with-pkgversion='Ubuntu 7.5.0-3ubuntu1~18.04' --with-bugurl=file:///usr/share/doc/gcc-7/README.Bugs --enable-languages=c,ada,c++,go,brig,d,fortran,objc,obj-c++ --prefix=/usr --with-gcc-major-version-only --program-suffix=-7 --program-prefix=x86_64-linux-gnu- --enable-shared --enable-linker-build-id --libexecdir=/usr/lib --without-included-gettext --enable-threads=posix --libdir=/usr/lib --enable-nls --enable-bootstrap --enable-clocale=gnu --enable-libstdcxx-debug --enable-libstdcxx-time=yes --with-default-libstdcxx-abi=new --enable-gnu-unique-object --disable-vtable-verify --enable-libmpx --enable-plugin --enable-default-pie --with-system-zlib --with-target-system-zlib --enable-objc-gc=auto --enable-multiarch --disable-werror --with-arch-32=i686 --with-abi=m64 --with-multilib-list=m32,m64,mx32 --enable-multilib --with-tune=generic --enable-offload-targets=nvptx-none --without-cuda-driver --enable-checking=release --build=x86_64-linux-gnu --host=x86_64-linux-gnu --target=x86_64-linux-gnu
Thread model: posix
gcc version 7.5.0 (Ubuntu 7.5.0-3ubuntu1~18.04) 
configure:3543: $? = 0
configure:3545: gcc -V </dev/null >&5
gcc: error: unrecognized command line option '-V'
gcc: fatal error: no input files
compilation terminated.
configure:3548: $? = 1
configure:3551: checking whether we are using the GNU C compiler
configure:3606: result: yes
configure:3612: checking whether gcc accepts -g
configure:3662: result: yes
configure:3679: checking for gcc option to accept ANSI C
configure:3785: result: none needed
configure:3803: gcc -c -g -O2  conftest.c >&5
conftest.c:2:3: error: unknown type name 'choke'
   choke me
   ^~~~~
conftest.c:2:3: error: expected '=', ',', ';', 'asm' or '__attribute__' at end of input
configure:3809: $? = 1
configure: failed program was:
| #ifndef __cplusplus
|   choke me
| #endif
configure:3941: checking dependency style of gcc
configure:4031: result: gcc3
configure:4053: checking how to run the C preprocessor
configure:4088: gcc -E  conftest.c
configure:4094: $? = 0
configure:4126: gcc -E  conftest.c
conftest.c:11:10: fatal error: ac_nonexistent.h: No such file or directory
 #include <ac_nonexistent.h>
          ^~~~~~~~~~~~~~~~~~
compilation terminated.
configure:4132: $? = 1
configure: failed program was:
| /* confdefs.h.  */
| 
| #define PACKAGE_NAME ""
| #define PACKAGE_TARNAME ""
| #define PACKAGE_VERSION ""
| #define PACKAGE_STRING ""
| #define PACKAGE_BUGREPORT ""
| #define PACKAGE "guile-gnome-platform"
| #define VERSION "2.7.99"
| /* end confdefs.h.  */
| #include <ac_nonexistent.h>
configure:4171: result: gcc -E
configure:4195: gcc -E  conftest.c
configure:4201: $? = 0
configure:4233: gcc -E  conftest.c
conftest.c:11:10: fatal error: ac_nonexistent.h: No such file or directory
 #include <ac_nonexistent.h>
          ^~~~~~~~~~~~~~~~~~
compilation terminated.
configure:4239: $? = 1
configure: failed program was:
| /* confdefs.h.  */
| 
| #define PACKAGE_NAME ""
| #define PACKAGE_TARNAME ""
| #define PACKAGE_VERSION ""
| #define PACKAGE_STRING ""
| #define PACKAGE_BUGREPORT ""
| #define PACKAGE "guile-gnome-platform"
| #define VERSION "2.7.99"
| /* end confdefs.h.  */
| #include <ac_nonexistent.h>
configure:4283: checking for egrep
configure:4293: result: grep -E
configure:4298: checking for ANSI C header files
configure:4323: gcc -c -g -O2  conftest.c >&5
configure:4329: $? = 0
configure:4332: test -z 			 || test ! -s conftest.err
configure:4335: $? = 0
configure:4338: test -s conftest.o
configure:4341: $? = 0
configure:4430: gcc -o conftest -g -O2   conftest.c  >&5
conftest.c: In function 'main':
conftest.c:28:7: warning: implicit declaration of function 'exit' [-Wimplicit-function-declaration]
       exit(2);
       ^~~~
conftest.c:28:7: warning: incompatible implicit declaration of built-in function 'exit'
conftest.c:28:7: note: include '<stdlib.h>' or provide a declaration of 'exit'
conftest.c:29:3: warning: incompatible implicit declaration of built-in function 'exit'
   exit (0);
   ^~~~
conftest.c:29:3: note: include '<stdlib.h>' or provide a declaration of 'exit'
configure:4433: $? = 0
configure:4435: ./conftest
configure:4438: $? = 0
configure:4453: result: yes
configure:4517: checking build system type
configure:4535: result: x86_64-unknown-linux-gnu
configure:4543: checking host system type
configure:4557: result: x86_64-unknown-linux-gnu
configure:4565: checking for a sed that does not truncate output
configure:4619: result: /bin/sed
configure:4633: checking for ld used by gcc
configure:4700: result: /usr/bin/ld
configure:4709: checking if the linker (/usr/bin/ld) is GNU ld
configure:4724: result: yes
configure:4729: checking for /usr/bin/ld option to reload object files
configure:4736: result: -r
configure:4745: checking for BSD-compatible nm
configure:4787: result: /usr/bin/nm -B
configure:4791: checking whether ln -s works
configure:4795: result: yes
configure:4802: checking how to recognise dependent libraries
configure:4976: result: pass_all
configure:5060: gcc -c -g -O2  conftest.c >&5
configure:5063: $? = 0
configure:5197: checking for sys/types.h
configure:5213: gcc -c -g -O2  conftest.c >&5
configure:5219: $? = 0
configure:5222: test -z 			 || test ! -s conftest.err
configure:5225: $? = 0
configure:5228: test -s conftest.o
configure:5231: $? = 0
configure:5242: result: yes
configure:5197: checking for sys/stat.h
configure:5213: gcc -c -g -O2  conftest.c >&5
configure:5219: $? = 0
configure:5222: test -z 			 || test ! -s conftest.err
configure:5225: $? = 0
configure:5228: test -s conftest.o
configure:5231: $? = 0
configure:5242: result: yes
configure:5197: checking for stdlib.h
configure:5213: gcc -c -g -O2  conftest.c >&5
configure:5219: $? = 0
configure:5222: test -z 			 || test ! -s conftest.err
configure:5225: $? = 0
configure:5228: test -s conftest.o
configure:5231: $? = 0
configure:5242: result: yes
configure:5197: checking for string.h
configure:5213: gcc -c -g -O2  conftest.c >&5
configure:5219: $? = 0
configure:5222: test -z 			 || test ! -s conftest.err
configure:5225: $? = 0
configure:5228: test -s conftest.o
configure:5231: $? = 0
configure:5242: result: yes
configure:5197: checking for memory.h
configure:5213: gcc -c -g -O2  conftest.c >&5
configure:5219: $? = 0
configure:5222: test -z 			 || test ! -s conftest.err
configure:5225: $? = 0
configure:5228: test -s conftest.o
configure:5231: $? = 0
configure:5242: result: yes
configure:5197: checking for strings.h
configure:5213: gcc -c -g -O2  conftest.c >&5
configure:5219: $? = 0
configure:5222: test -z 			 || test ! -s conftest.err
configure:5225: $? = 0
configure:5228: test -s conftest.o
configure:5231: $? = 0
configure:5242: result: yes
configure:5197: checking for inttypes.h
configure:5213: gcc -c -g -O2  conftest.c >&5
configure:5219: $? = 0
configure:5222: test -z 			 || test ! -s conftest.err
configure:5225: $? = 0
configure:5228: test -s conftest.o
configure:5231: $? = 0
configure:5242: result: yes
configure:5197: checking for stdint.h
configure:5213: gcc -c -g -O2  conftest.c >&5
configure:5219: $? = 0
configure:5222: test -z 			 || test ! -s conftest.err
configure:5225: $? = 0
configure:5228: test -s conftest.o
configure:5231: $? = 0
configure:5242: result: yes
configure:5197: checking for unistd.h
configure:5213: gcc -c -g -O2  conftest.c >&5
configure:5219: $? = 0
configure:5222: test -z 			 || test ! -s conftest.err
configure:5225: $? = 0
configure:5228: test -s conftest.o
configure:5231: $? = 0
configure:5242: result: yes
configure:5268: checking dlfcn.h usability
configure:5280: gcc -c -g -O2  conftest.c >&5
configure:5286: $? = 0
configure:5289: test -z 			 || test ! -s conftest.err
configure:5292: $? = 0
configure:5295: test -s conftest.o
configure:5298: $? = 0
configure:5308: result: yes
configure:5312: checking dlfcn.h presence
configure:5322: gcc -E  conftest.c
configure:5328: $? = 0
configure:5348: result: yes
configure:5383: checking for dlfcn.h
configure:5390: result: yes
configure:5455: checking for g++
configure:5471: found /usr/bin/g++
configure:5481: result: g++
configure:5497: checking for C++ compiler version
configure:5500: g++ --version </dev/null >&5
g++ (Ubuntu 7.5.0-3ubuntu1~18.04) 7.5.0
Copyright (C) 2017 Free Software Foundation, Inc.
This is free software; see the source for copying conditions.  There is NO
warranty; not even for MERCHANTABILITY or FITNESS FOR A PARTICULAR PURPOSE.

configure:5503: $? = 0
configure:5505: g++ -v </dev/null >&5
Using built-in specs.
COLLECT_GCC=g++
COLLECT_LTO_WRAPPER=/usr/lib/gcc/x86_64-linux-gnu/7/lto-wrapper
OFFLOAD_TARGET_NAMES=nvptx-none
OFFLOAD_TARGET_DEFAULT=1
Target: x86_64-linux-gnu
Configured with: ../src/configure -v --with-pkgversion='Ubuntu 7.5.0-3ubuntu1~18.04' --with-bugurl=file:///usr/share/doc/gcc-7/README.Bugs --enable-languages=c,ada,c++,go,brig,d,fortran,objc,obj-c++ --prefix=/usr --with-gcc-major-version-only --program-suffix=-7 --program-prefix=x86_64-linux-gnu- --enable-shared --enable-linker-build-id --libexecdir=/usr/lib --without-included-gettext --enable-threads=posix --libdir=/usr/lib --enable-nls --enable-bootstrap --enable-clocale=gnu --enable-libstdcxx-debug --enable-libstdcxx-time=yes --with-default-libstdcxx-abi=new --enable-gnu-unique-object --disable-vtable-verify --enable-libmpx --enable-plugin --enable-default-pie --with-system-zlib --with-target-system-zlib --enable-objc-gc=auto --enable-multiarch --disable-werror --with-arch-32=i686 --with-abi=m64 --with-multilib-list=m32,m64,mx32 --enable-multilib --with-tune=generic --enable-offload-targets=nvptx-none --without-cuda-driver --enable-checking=release --build=x86_64-linux-gnu --host=x86_64-linux-gnu --target=x86_64-linux-gnu
Thread model: posix
gcc version 7.5.0 (Ubuntu 7.5.0-3ubuntu1~18.04) 
configure:5508: $? = 0
configure:5510: g++ -V </dev/null >&5
g++: error: unrecognized command line option '-V'
g++: fatal error: no input files
compilation terminated.
configure:5513: $? = 1
configure:5516: checking whether we are using the GNU C++ compiler
configure:5540: g++ -c   conftest.cc >&5
configure:5546: $? = 0
configure:5549: test -z 			 || test ! -s conftest.err
configure:5552: $? = 0
configure:5555: test -s conftest.o
configure:5558: $? = 0
configure:5571: result: yes
configure:5577: checking whether g++ accepts -g
configure:5598: g++ -c -g  conftest.cc >&5
configure:5604: $? = 0
configure:5607: test -z 			 || test ! -s conftest.err
configure:5610: $? = 0
configure:5613: test -s conftest.o
configure:5616: $? = 0
configure:5627: result: yes
configure:5669: g++ -c -g -O2  conftest.cc >&5
configure:5675: $? = 0
configure:5678: test -z 			 || test ! -s conftest.err
configure:5681: $? = 0
configure:5684: test -s conftest.o
configure:5687: $? = 0
configure:5713: g++ -c -g -O2  conftest.cc >&5
conftest.cc: In function 'int main()':
conftest.cc:26:1: error: 'exit' was not declared in this scope
 exit (42);
 ^~~~
configure:5719: $? = 1
configure: failed program was:
| /* confdefs.h.  */
| 
| #define PACKAGE_NAME ""
| #define PACKAGE_TARNAME ""
| #define PACKAGE_VERSION ""
| #define PACKAGE_STRING ""
| #define PACKAGE_BUGREPORT ""
| #define PACKAGE "guile-gnome-platform"
| #define VERSION "2.7.99"
| #define STDC_HEADERS 1
| #define HAVE_SYS_TYPES_H 1
| #define HAVE_SYS_STAT_H 1
| #define HAVE_STDLIB_H 1
| #define HAVE_STRING_H 1
| #define HAVE_MEMORY_H 1
| #define HAVE_STRINGS_H 1
| #define HAVE_INTTYPES_H 1
| #define HAVE_STDINT_H 1
| #define HAVE_UNISTD_H 1
| #define HAVE_DLFCN_H 1
| /* end confdefs.h.  */
| 
| int
| main ()
| {
| exit (42);
|   ;
|   return 0;
| }
configure:5669: g++ -c -g -O2  conftest.cc >&5
configure:5675: $? = 0
configure:5678: test -z 			 || test ! -s conftest.err
configure:5681: $? = 0
configure:5684: test -s conftest.o
configure:5687: $? = 0
configure:5713: g++ -c -g -O2  conftest.cc >&5
configure:5719: $? = 0
configure:5722: test -z 			 || test ! -s conftest.err
configure:5725: $? = 0
configure:5728: test -s conftest.o
configure:5731: $? = 0
configure:5756: checking dependency style of g++
configure:5846: result: gcc3
configure:5868: checking how to run the C++ preprocessor
configure:5899: g++ -E  conftest.cc
configure:5905: $? = 0
configure:5937: g++ -E  conftest.cc
conftest.cc:25:10: fatal error: ac_nonexistent.h: No such file or directory
 #include <ac_nonexistent.h>
          ^~~~~~~~~~~~~~~~~~
compilation terminated.
configure:5943: $? = 1
configure: failed program was:
| /* confdefs.h.  */
| 
| #define PACKAGE_NAME ""
| #define PACKAGE_TARNAME ""
| #define PACKAGE_VERSION ""
| #define PACKAGE_STRING ""
| #define PACKAGE_BUGREPORT ""
| #define PACKAGE "guile-gnome-platform"
| #define VERSION "2.7.99"
| #define STDC_HEADERS 1
| #define HAVE_SYS_TYPES_H 1
| #define HAVE_SYS_STAT_H 1
| #define HAVE_STDLIB_H 1
| #define HAVE_STRING_H 1
| #define HAVE_MEMORY_H 1
| #define HAVE_STRINGS_H 1
| #define HAVE_INTTYPES_H 1
| #define HAVE_STDINT_H 1
| #define HAVE_UNISTD_H 1
| #define HAVE_DLFCN_H 1
| #ifdef __cplusplus
| extern "C" void std::exit (int) throw (); using std::exit;
| #endif
| /* end confdefs.h.  */
| #include <ac_nonexistent.h>
configure:5982: result: g++ -E
configure:6006: g++ -E  conftest.cc
configure:6012: $? = 0
configure:6044: g++ -E  conftest.cc
conftest.cc:25:10: fatal error: ac_nonexistent.h: No such file or directory
 #include <ac_nonexistent.h>
          ^~~~~~~~~~~~~~~~~~
compilation terminated.
configure:6050: $? = 1
configure: failed program was:
| /* confdefs.h.  */
| 
| #define PACKAGE_NAME ""
| #define PACKAGE_TARNAME ""
| #define PACKAGE_VERSION ""
| #define PACKAGE_STRING ""
| #define PACKAGE_BUGREPORT ""
| #define PACKAGE "guile-gnome-platform"
| #define VERSION "2.7.99"
| #define STDC_HEADERS 1
| #define HAVE_SYS_TYPES_H 1
| #define HAVE_SYS_STAT_H 1
| #define HAVE_STDLIB_H 1
| #define HAVE_STRING_H 1
| #define HAVE_MEMORY_H 1
| #define HAVE_STRINGS_H 1
| #define HAVE_INTTYPES_H 1
| #define HAVE_STDINT_H 1
| #define HAVE_UNISTD_H 1
| #define HAVE_DLFCN_H 1
| #ifdef __cplusplus
| extern "C" void std::exit (int) throw (); using std::exit;
| #endif
| /* end confdefs.h.  */
| #include <ac_nonexistent.h>
configure:6145: checking for g77
configure:6174: result: no
configure:6145: checking for f77
configure:6161: found /usr/bin/f77
configure:6171: result: f77
configure:6186: checking for Fortran 77 compiler version
configure:6189: f77 --version </dev/null >&5
GNU Fortran (Ubuntu 7.5.0-3ubuntu1~18.04) 7.5.0
Copyright (C) 2017 Free Software Foundation, Inc.
This is free software; see the source for copying conditions.  There is NO
warranty; not even for MERCHANTABILITY or FITNESS FOR A PARTICULAR PURPOSE.

configure:6192: $? = 0
configure:6194: f77 -v </dev/null >&5
Using built-in specs.
COLLECT_GCC=f77
COLLECT_LTO_WRAPPER=/usr/lib/gcc/x86_64-linux-gnu/7/lto-wrapper
OFFLOAD_TARGET_NAMES=nvptx-none
OFFLOAD_TARGET_DEFAULT=1
Target: x86_64-linux-gnu
Configured with: ../src/configure -v --with-pkgversion='Ubuntu 7.5.0-3ubuntu1~18.04' --with-bugurl=file:///usr/share/doc/gcc-7/README.Bugs --enable-languages=c,ada,c++,go,brig,d,fortran,objc,obj-c++ --prefix=/usr --with-gcc-major-version-only --program-suffix=-7 --program-prefix=x86_64-linux-gnu- --enable-shared --enable-linker-build-id --libexecdir=/usr/lib --without-included-gettext --enable-threads=posix --libdir=/usr/lib --enable-nls --enable-bootstrap --enable-clocale=gnu --enable-libstdcxx-debug --enable-libstdcxx-time=yes --with-default-libstdcxx-abi=new --enable-gnu-unique-object --disable-vtable-verify --enable-libmpx --enable-plugin --enable-default-pie --with-system-zlib --with-target-system-zlib --enable-objc-gc=auto --enable-multiarch --disable-werror --with-arch-32=i686 --with-abi=m64 --with-multilib-list=m32,m64,mx32 --enable-multilib --with-tune=generic --enable-offload-targets=nvptx-none --without-cuda-driver --enable-checking=release --build=x86_64-linux-gnu --host=x86_64-linux-gnu --target=x86_64-linux-gnu
Thread model: posix
gcc version 7.5.0 (Ubuntu 7.5.0-3ubuntu1~18.04) 
configure:6197: $? = 0
configure:6199: f77 -V </dev/null >&5
f77: error: unrecognized command line option '-V'
f77: fatal error: no input files
compilation terminated.
configure:6202: $? = 1
configure:6210: checking whether we are using the GNU Fortran 77 compiler
configure:6224: f77 -c  conftest.F >&5
configure:6230: $? = 0
configure:6233: test -z 			 || test ! -s conftest.err
configure:6236: $? = 0
configure:6239: test -s conftest.o
configure:6242: $? = 0
configure:6255: result: yes
configure:6261: checking whether f77 accepts -g
configure:6273: f77 -c -g conftest.f >&5
configure:6279: $? = 0
configure:6282: test -z 			 || test ! -s conftest.err
configure:6285: $? = 0
configure:6288: test -s conftest.o
configure:6291: $? = 0
configure:6303: result: yes
configure:6333: checking the maximum length of command line arguments
configure:6398: result: 32768
configure:6409: checking command to parse /usr/bin/nm -B output from gcc object
configure:6498: gcc -c -g -O2  conftest.c >&5
configure:6501: $? = 0
configure:6505: /usr/bin/nm -B conftest.o \| sed -n -e 's/^.*[ 	]\([ABCDGIRSTW][ABCDGIRSTW]*\)[ 	][ 	]*\(\)\([_A-Za-z][_A-Za-z0-9]*\)$/\1 \2\3 \3/p' \> conftest.nm
configure:6508: $? = 0
configure:6560: gcc -o conftest -g -O2   conftest.c conftstm.o >&5
configure:6563: $? = 0
configure:6601: result: ok
configure:6605: checking for objdir
configure:6620: result: .libs
configure:6710: checking for ar
configure:6726: found /usr/bin/ar
configure:6737: result: ar
configure:6790: checking for ranlib
configure:6806: found /usr/bin/ranlib
configure:6817: result: ranlib
configure:6870: checking for strip
configure:6886: found /usr/bin/strip
configure:6897: result: strip
configure:7159: checking if gcc static flag  works
configure:7182: result: yes
configure:7200: checking if gcc supports -fno-rtti -fno-exceptions
configure:7218: gcc -c -g -O2  -fno-rtti -fno-exceptions conftest.c >&5
cc1: warning: command line option '-fno-rtti' is valid for C++/ObjC++ but not for C
configure:7222: $? = 0
configure:7233: result: no
configure:7248: checking for gcc option to produce PIC
configure:7425: result: -fPIC
configure:7433: checking if gcc PIC flag -fPIC works
configure:7451: gcc -c -g -O2  -fPIC -DPIC conftest.c >&5
configure:7455: $? = 0
configure:7466: result: yes
configure:7490: checking if gcc supports -c -o file.o
configure:7511: gcc -c -g -O2  -o out/conftest2.o conftest.c >&5
configure:7515: $? = 0
configure:7535: result: yes
configure:7561: checking whether the gcc linker (/usr/bin/ld -m elf_x86_64) supports shared libraries
configure:8408: result: yes
configure:8434: checking whether -lc should be explicitly linked in
configure:8439: gcc -c -g -O2  conftest.c >&5
configure:8442: $? = 0
configure:8456: gcc -shared conftest.o  -v -Wl,-soname -Wl,conftest -o conftest 2\>\&1 \| grep  -lc  \>/dev/null 2\>\&1
configure:8459: $? = 0
configure:8471: result: no
configure:8479: checking dynamic linker characteristics
configure:9031: result: GNU/Linux ld.so
configure:9035: checking how to hardcode library paths into programs
configure:9060: result: immediate
configure:9074: checking whether stripping libraries is possible
configure:9079: result: yes
configure:9902: checking if libtool supports shared libraries
configure:9904: result: yes
configure:9907: checking whether to build shared libraries
configure:9965: result: yes
configure:9968: checking whether to build static libraries
configure:9972: result: no
configure:10064: creating libtool
configure:10611: checking for ld used by g++
configure:10678: result: /usr/bin/ld -m elf_x86_64
configure:10687: checking if the linker (/usr/bin/ld -m elf_x86_64) is GNU ld
configure:10702: result: yes
configure:10753: checking whether the g++ linker (/usr/bin/ld -m elf_x86_64) supports shared libraries
configure:11579: result: yes
configure:11597: g++ -c -g -O2  conftest.cc >&5
configure:11600: $? = 0
configure:11696: checking for g++ option to produce PIC
configure:11948: result: -fPIC
configure:11956: checking if g++ PIC flag -fPIC works
configure:11974: g++ -c -g -O2  -fPIC -DPIC conftest.cc >&5
configure:11978: $? = 0
configure:11989: result: yes
configure:12013: checking if g++ supports -c -o file.o
configure:12034: g++ -c -g -O2  -o out/conftest2.o conftest.cc >&5
configure:12038: $? = 0
configure:12058: result: yes
configure:12084: checking whether the g++ linker (/usr/bin/ld -m elf_x86_64) supports shared libraries
configure:12112: result: yes
configure:12183: checking dynamic linker characteristics
configure:12735: result: GNU/Linux ld.so
configure:12739: checking how to hardcode library paths into programs
configure:12764: result: immediate
configure:12778: checking whether stripping libraries is possible
configure:12783: result: yes
configure:14083: checking if libtool supports shared libraries
configure:14085: result: yes
configure:14088: checking whether to build shared libraries
configure:14106: result: yes
configure:14109: checking whether to build static libraries
configure:14113: result: no
configure:14125: checking for f77 option to produce PIC
configure:14302: result: -fPIC
configure:14310: checking if f77 PIC flag -fPIC works
configure:14328: f77 -c -g -O2 -fPIC conftest.f >&5
configure:14332: $? = 0
configure:14343: result: yes
configure:14367: checking if f77 supports -c -o file.o
configure:14388: f77 -c -g -O2 -o out/conftest2.o conftest.f >&5
configure:14392: $? = 0
configure:14412: result: yes
configure:14438: checking whether the f77 linker (/usr/bin/ld -m elf_x86_64) supports shared libraries
configure:15265: result: yes
configure:15336: checking dynamic linker characteristics
configure:15888: result: GNU/Linux ld.so
configure:15892: checking how to hardcode library paths into programs
configure:15917: result: immediate
configure:15931: checking whether stripping libraries is possible
configure:15936: result: yes
configure:20045: error: No explicit prefix given.

Guile-GNOME requires you to explicitly enter in a prefix when
configuring. This is because the default prefix, /usr/local, is not in
the default guile load path. What you probably want to do is to run

  ./configure --prefix=/usr

so that guile can find the guile-gnome modules when they are installed.

If you choose to install to a prefix that is not in guile's load path,
you will need to modify GUILE_LOAD_PATH and LD_LIBRARY_PATH every time
you run guile. (Which is a pain.)

## ---------------- ##
## Cache variables. ##
## ---------------- ##

ac_cv_build=x86_64-unknown-linux-gnu
ac_cv_build_alias=x86_64-unknown-linux-gnu
ac_cv_c_compiler_gnu=yes
ac_cv_cxx_compiler_gnu=yes
ac_cv_env_CC_set=
ac_cv_env_CC_value=
ac_cv_env_CFLAGS_set=
ac_cv_env_CFLAGS_value=
ac_cv_env_CPPFLAGS_set=
ac_cv_env_CPPFLAGS_value=
ac_cv_env_CPP_set=
ac_cv_env_CPP_value=
ac_cv_env_CXXCPP_set=
ac_cv_env_CXXCPP_value=
ac_cv_env_CXXFLAGS_set=
ac_cv_env_CXXFLAGS_value=
ac_cv_env_CXX_set=
ac_cv_env_CXX_value=
ac_cv_env_F77_set=
ac_cv_env_F77_value=
ac_cv_env_FFLAGS_set=
ac_cv_env_FFLAGS_value=
ac_cv_env_LDFLAGS_set=
ac_cv_env_LDFLAGS_value=
ac_cv_env_build_alias_set=
ac_cv_env_build_alias_value=
ac_cv_env_host_alias_set=
ac_cv_env_host_alias_value=
ac_cv_env_target_alias_set=
ac_cv_env_target_alias_value=
ac_cv_exeext=
ac_cv_f77_compiler_gnu=yes
ac_cv_header_dlfcn_h=yes
ac_cv_header_inttypes_h=yes
ac_cv_header_memory_h=yes
ac_cv_header_stdc=yes
ac_cv_header_stdint_h=yes
ac_cv_header_stdlib_h=yes
ac_cv_header_string_h=yes
ac_cv_header_strings_h=yes
ac_cv_header_sys_stat_h=yes
ac_cv_header_sys_types_h=yes
ac_cv_header_unistd_h=yes
ac_cv_host=x86_64-unknown-linux-gnu
ac_cv_host_alias=x86_64-unknown-linux-gnu
ac_cv_objext=o
ac_cv_path_install='/usr/bin/install -c'
ac_cv_prog_AWK=gawk
ac_cv_prog_CPP='gcc -E'
ac_cv_prog_CXXCPP='g++ -E'
ac_cv_prog_ac_ct_AR=ar
ac_cv_prog_ac_ct_CC=gcc
ac_cv_prog_ac_ct_CXX=g++
ac_cv_prog_ac_ct_F77=f77
ac_cv_prog_ac_ct_RANLIB=ranlib
ac_cv_prog_ac_ct_STRIP=strip
ac_cv_prog_cc_g=yes
ac_cv_prog_cc_stdc=
ac_cv_prog_cxx_g=yes
ac_cv_prog_egrep='grep -E'
ac_cv_prog_f77_g=yes
ac_cv_prog_make_make_set=yes
ac_cv_search_strerror='none required'
am_cv_CC_dependencies_compiler_type=gcc3
am_cv_CXX_dependencies_compiler_type=gcc3
lt_cv_deplibs_check_method=pass_all
lt_cv_file_magic_cmd='$MAGIC_CMD'
lt_cv_file_magic_test_file=
lt_cv_ld_reload_flag=-r
lt_cv_objdir=.libs
lt_cv_path_LD=/usr/bin/ld
lt_cv_path_LDCXX='/usr/bin/ld -m elf_x86_64'
lt_cv_path_NM='/usr/bin/nm -B'
lt_cv_path_SED=/bin/sed
lt_cv_prog_compiler_c_o=yes
lt_cv_prog_compiler_c_o_CXX=yes
lt_cv_prog_compiler_c_o_F77=yes
lt_cv_prog_compiler_rtti_exceptions=no
lt_cv_prog_gnu_ld=yes
lt_cv_prog_gnu_ldcxx=yes
lt_cv_sys_global_symbol_pipe='sed -n -e '\''s/^.*[ 	]\([ABCDGIRSTW][ABCDGIRSTW]*\)[ 	][ 	]*\(\)\([_A-Za-z][_A-Za-z0-9]*\)$/\1 \2\3 \3/p'\'''
lt_cv_sys_global_symbol_to_c_name_address='sed -n -e '\''s/^: \([^ ]*\) $/  {\"\1\", (lt_ptr) 0},/p'\'' -e '\''s/^[BCDEGRST] \([^ ]*\) \([^ ]*\)$/  {"\2", (lt_ptr) \&\2},/p'\'''
lt_cv_sys_global_symbol_to_cdecl='sed -n -e '\''s/^. .* \(.*\)$/extern int \1;/p'\'''
lt_cv_sys_max_cmd_len=32768
lt_lt_cv_prog_compiler_c_o='"yes"'
lt_lt_cv_prog_compiler_c_o_CXX='"yes"'
lt_lt_cv_prog_compiler_c_o_F77='"yes"'
lt_lt_cv_sys_global_symbol_pipe='"sed -n -e '\''s/^.*[ 	]\\([ABCDGIRSTW][ABCDGIRSTW]*\\)[ 	][ 	]*\\(\\)\\([_A-Za-z][_A-Za-z0-9]*\\)\$/\\1 \\2\\3 \\3/p'\''"'
lt_lt_cv_sys_global_symbol_to_c_name_address='"sed -n -e '\''s/^: \\([^ ]*\\) \$/  {\\\"\\1\\\", (lt_ptr) 0},/p'\'' -e '\''s/^[BCDEGRST] \\([^ ]*\\) \\([^ ]*\\)\$/  {\"\\2\", (lt_ptr) \\&\\2},/p'\''"'
lt_lt_cv_sys_global_symbol_to_cdecl='"sed -n -e '\''s/^. .* \\(.*\\)\$/extern int \\1;/p'\''"'

## ----------------- ##
## Output variables. ##
## ----------------- ##

ACLOCAL='${SHELL} /home/carolhanna/Security_Project/gnu_dataset/guile-gnome-platform-2.7.99/missing --run aclocal-1.8'
AG_PACKAGES=' atk corba defs docs gconf glib gnome-vfs gtk libglade libgnome libgnomecanvas libgnomeui pango'
AG_PKG_CONFIG_PATH=''
AMDEPBACKSLASH='\'
AMDEP_FALSE='#'
AMDEP_TRUE=''
AMTAR='${SHELL} /home/carolhanna/Security_Project/gnu_dataset/guile-gnome-platform-2.7.99/missing --run tar'
AM_LDFLAGS=''
API_VERSION='0'
AR='ar'
ATK_CFLAGS=''
ATK_LIBS=''
AUTOCONF='${SHELL} /home/carolhanna/Security_Project/gnu_dataset/guile-gnome-platform-2.7.99/missing --run autoconf'
AUTOHEADER='${SHELL} /home/carolhanna/Security_Project/gnu_dataset/guile-gnome-platform-2.7.99/missing --run autoheader'
AUTOMAKE='${SHELL} /home/carolhanna/Security_Project/gnu_dataset/guile-gnome-platform-2.7.99/missing --run automake-1.8'
AWK='gawk'
BONOBO_IDL_DIR=''
CANVAS_CFLAGS=''
CANVAS_LIBS=''
CC='gcc'
CCDEPMODE='depmode=gcc3'
CFLAGS='-g -O2'
CORBA_CFLAGS=''
CORBA_LIBS=''
CPP='gcc -E'
CPPFLAGS=''
CXX='g++'
CXXCPP='g++ -E'
CXXDEPMODE='depmode=gcc3'
CXXFLAGS='-g -O2'
CYGPATH_W='echo'
DEBUG_CFLAGS=''
DEFS=''
DEPDIR='.deps'
ECHO='echo'
ECHO_C=''
ECHO_N='-n'
ECHO_T=''
EGREP='grep -E'
EXEEXT=''
F77='f77'
FFLAGS='-g -O2'
GCONF_CFLAGS=''
GCONF_LIBS=''
GDK_CFLAGS=''
GDK_LIBS=''
GDK_PIXBUF_CFLAGS=''
GDK_PIXBUF_LIBS=''
GLIB_CFLAGS=''
GLIB_LIBS=''
GNOMEUI_DEPRECATION_FLAGS=''
GNOME_VFS_CFLAGS=''
GNOME_VFS_LIBS=''
GNULD_LDFLAGS=''
GOBJECT_CFLAGS=''
GOBJECT_LIBS=''
GTK_CFLAGS=''
GTK_DEPRECATED_CFLAGS=''
GTK_LIBS=''
GUILE_CFLAGS=''
GUILE_GLIB_CFLAGS=''
GUILE_GLIB_LIBS=''
GUILE_LIBS=''
G_WRAP_CFLAGS=''
G_WRAP_LIBS=''
G_WRAP_LIB_DIR=''
G_WRAP_MODULE_DIR=''
HAVE_ATK_FALSE=''
HAVE_ATK_TRUE=''
HAVE_CANVAS_FALSE=''
HAVE_CANVAS_TRUE=''
HAVE_CORBA_FALSE=''
HAVE_CORBA_TRUE=''
HAVE_GCONF_FALSE=''
HAVE_GCONF_TRUE=''
HAVE_GDK_FALSE=''
HAVE_GDK_PIXBUF_FALSE=''
HAVE_GDK_PIXBUF_TRUE=''
HAVE_GDK_TRUE=''
HAVE_GNOME_VFS_FALSE=''
HAVE_GNOME_VFS_TRUE=''
HAVE_GTK_FALSE=''
HAVE_GTK_TRUE=''
HAVE_LIBGLADE_FALSE=''
HAVE_LIBGLADE_TRUE=''
HAVE_LIBGNOMEUI_FALSE=''
HAVE_LIBGNOMEUI_TRUE=''
HAVE_LIBGNOME_FALSE=''
HAVE_LIBGNOME_TRUE=''
HAVE_PANGO_FALSE=''
HAVE_PANGO_TRUE=''
INSTALL_DATA='${INSTALL} -m 644'
INSTALL_PROGRAM='${INSTALL}'
INSTALL_SCRIPT='${INSTALL}'
INSTALL_STRIP_PROGRAM='${SHELL} $(install_sh) -c -s'
LDFLAGS=''
LIBGLADE_CFLAGS=''
LIBGLADE_LIBS=''
LIBGNOMEUI_CFLAGS=''
LIBGNOMEUI_LIBS=''
LIBGNOME_CFLAGS=''
LIBGNOME_LIBS=''
LIBOBJS=''
LIBS=''
LIBTOOL='$(SHELL) $(top_builddir)/libtool'
LN_S='ln -s'
LTLIBOBJS=''
MAINT='#'
MAINTAINER_MODE_FALSE=''
MAINTAINER_MODE_TRUE='#'
MAKEINFO='${SHELL} /home/carolhanna/Security_Project/gnu_dataset/guile-gnome-platform-2.7.99/missing --run makeinfo'
MK=''
OBJEXT='o'
ORBIT_IDL=''
PACKAGE='guile-gnome-platform'
PACKAGE_BUGREPORT=''
PACKAGE_NAME=''
PACKAGE_STRING=''
PACKAGE_TARNAME=''
PACKAGE_VERSION=''
PANGO_CFLAGS=''
PANGO_LIBS=''
PATH_SEPARATOR=':'
PKG_CONFIG=''
RANLIB='ranlib'
SET_MAKE=''
SHELL='/bin/bash'
STRIP='strip'
VERSION='2.7.99'
WARN_CFLAGS=''
ac_ct_AR='ar'
ac_ct_CC='gcc'
ac_ct_CXX='g++'
ac_ct_F77='f77'
ac_ct_RANLIB='ranlib'
ac_ct_STRIP='strip'
am__fastdepCC_FALSE='#'
am__fastdepCC_TRUE=''
am__fastdepCXX_FALSE='#'
am__fastdepCXX_TRUE=''
am__include='include'
am__leading_dot='.'
am__quote=''
bindir='${exec_prefix}/bin'
build='x86_64-unknown-linux-gnu'
build_alias=''
build_cpu='x86_64'
build_os='linux-gnu'
build_vendor='unknown'
datadir='${prefix}/share'
exec_prefix='NONE'
host='x86_64-unknown-linux-gnu'
host_alias=''
host_cpu='x86_64'
host_os='linux-gnu'
host_vendor='unknown'
includedir='${prefix}/include'
infodir='${prefix}/info'
install_sh='/home/carolhanna/Security_Project/gnu_dataset/guile-gnome-platform-2.7.99/install-sh'
libdir='${exec_prefix}/lib'
libexecdir='${exec_prefix}/libexec'
localstatedir='${prefix}/var'
mandir='${prefix}/man'
mkdir_p='mkdir -p -- .'
oldincludedir='/usr/include'
prefix='NONE'
program_transform_name='s,x,x,'
sbindir='${exec_prefix}/sbin'
sharedstatedir='${prefix}/com'
sysconfdir='${prefix}/etc'
target_alias=''

## ----------- ##
## confdefs.h. ##
## ----------- ##

#define HAVE_DLFCN_H 1
#define HAVE_INTTYPES_H 1
#define HAVE_MEMORY_H 1
#define HAVE_STDINT_H 1
#define HAVE_STDLIB_H 1
#define HAVE_STRINGS_H 1
#define HAVE_STRING_H 1
#define HAVE_SYS_STAT_H 1
#define HAVE_SYS_TYPES_H 1
#define HAVE_UNISTD_H 1
#define PACKAGE "guile-gnome-platform"
#define PACKAGE_BUGREPORT ""
#define PACKAGE_NAME ""
#define PACKAGE_STRING ""
#define PACKAGE_TARNAME ""
#define PACKAGE_VERSION ""
#define STDC_HEADERS 1
#define VERSION "2.7.99"
#endif
#ifdef __cplusplus
extern "C" void std::exit (int) throw (); using std::exit;

configure: exit 1
