This file contains any messages produced by compilers while
running configure, to aid debugging if configure makes a mistake.

It was created by configure, which was
generated by GNU Autoconf 2.59.  Invocation command line was

  $ ./configure 

## --------- ##
## Platform. ##
## --------- ##

hostname = rishon
uname -m = x86_64
uname -r = 4.15.0-72-generic
uname -s = Linux
uname -v = #81-Ubuntu SMP Tue Nov 26 12:20:02 UTC 2019

/usr/bin/uname -p = unknown
/bin/uname -X     = unknown

/bin/arch              = unknown
/usr/bin/arch -k       = unknown
/usr/convex/getsysinfo = unknown
hostinfo               = unknown
/bin/machine           = unknown
/usr/bin/oslevel       = unknown
/bin/universe          = unknown

PATH: /home/carolhanna/miniconda3/bin
PATH: /home/carolhanna/miniconda3/condabin
PATH: /usr/local/sbin
PATH: /usr/local/bin
PATH: /usr/sbin
PATH: /usr/bin
PATH: /sbin
PATH: /bin
PATH: /usr/games
PATH: /usr/local/games
PATH: /snap/bin


## ----------- ##
## Core tests. ##
## ----------- ##

configure:1535: checking build system type
configure:1553: result: x86_64-unknown-linux-gnu
configure:1561: checking host system type
configure:1575: result: x86_64-unknown-linux-gnu
configure:1583: checking target system type
configure:1597: result: x86_64-unknown-linux-gnu
configure:1663: checking for g++
configure:1679: found /usr/bin/g++
configure:1689: result: g++
configure:1705: checking for C++ compiler version
configure:1708: g++ --version </dev/null >&5
g++ (Ubuntu 7.5.0-3ubuntu1~18.04) 7.5.0
Copyright (C) 2017 Free Software Foundation, Inc.
This is free software; see the source for copying conditions.  There is NO
warranty; not even for MERCHANTABILITY or FITNESS FOR A PARTICULAR PURPOSE.

configure:1711: $? = 0
configure:1713: g++ -v </dev/null >&5
Using built-in specs.
COLLECT_GCC=g++
COLLECT_LTO_WRAPPER=/usr/lib/gcc/x86_64-linux-gnu/7/lto-wrapper
OFFLOAD_TARGET_NAMES=nvptx-none
OFFLOAD_TARGET_DEFAULT=1
Target: x86_64-linux-gnu
Configured with: ../src/configure -v --with-pkgversion='Ubuntu 7.5.0-3ubuntu1~18.04' --with-bugurl=file:///usr/share/doc/gcc-7/README.Bugs --enable-languages=c,ada,c++,go,brig,d,fortran,objc,obj-c++ --prefix=/usr --with-gcc-major-version-only --program-suffix=-7 --program-prefix=x86_64-linux-gnu- --enable-shared --enable-linker-build-id --libexecdir=/usr/lib --without-included-gettext --enable-threads=posix --libdir=/usr/lib --enable-nls --enable-bootstrap --enable-clocale=gnu --enable-libstdcxx-debug --enable-libstdcxx-time=yes --with-default-libstdcxx-abi=new --enable-gnu-unique-object --disable-vtable-verify --enable-libmpx --enable-plugin --enable-default-pie --with-system-zlib --with-target-system-zlib --enable-objc-gc=auto --enable-multiarch --disable-werror --with-arch-32=i686 --with-abi=m64 --with-multilib-list=m32,m64,mx32 --enable-multilib --with-tune=generic --enable-offload-targets=nvptx-none --without-cuda-driver --enable-checking=release --build=x86_64-linux-gnu --host=x86_64-linux-gnu --target=x86_64-linux-gnu
Thread model: posix
gcc version 7.5.0 (Ubuntu 7.5.0-3ubuntu1~18.04) 
configure:1716: $? = 0
configure:1718: g++ -V </dev/null >&5
g++: error: unrecognized command line option '-V'
g++: fatal error: no input files
compilation terminated.
configure:1721: $? = 1
configure:1744: checking for C++ compiler default output file name
configure:1747: g++    conftest.cc  >&5
configure:1750: $? = 0
configure:1796: result: a.out
configure:1801: checking whether the C++ compiler works
configure:1807: ./a.out
configure:1810: $? = 0
configure:1827: result: yes
configure:1834: checking whether we are cross compiling
configure:1836: result: no
configure:1839: checking for suffix of executables
configure:1841: g++ -o conftest    conftest.cc  >&5
configure:1844: $? = 0
configure:1869: result: 
configure:1875: checking for suffix of object files
configure:1896: g++ -c   conftest.cc >&5
configure:1899: $? = 0
configure:1921: result: o
configure:1925: checking whether we are using the GNU C++ compiler
configure:1949: g++ -c   conftest.cc >&5
configure:1955: $? = 0
configure:1958: test -z 			 || test ! -s conftest.err
configure:1961: $? = 0
configure:1964: test -s conftest.o
configure:1967: $? = 0
configure:1980: result: yes
configure:1986: checking whether g++ accepts -g
configure:2007: g++ -c -g  conftest.cc >&5
configure:2013: $? = 0
configure:2016: test -z 			 || test ! -s conftest.err
configure:2019: $? = 0
configure:2022: test -s conftest.o
configure:2025: $? = 0
configure:2036: result: yes
configure:2078: g++ -c -g -O2  conftest.cc >&5
configure:2084: $? = 0
configure:2087: test -z 			 || test ! -s conftest.err
configure:2090: $? = 0
configure:2093: test -s conftest.o
configure:2096: $? = 0
configure:2122: g++ -c -g -O2  conftest.cc >&5
conftest.cc: In function 'int main()':
conftest.cc:13:1: error: 'exit' was not declared in this scope
 exit (42);
 ^~~~
configure:2128: $? = 1
configure: failed program was:
| /* confdefs.h.  */
| 
| #define PACKAGE_NAME ""
| #define PACKAGE_TARNAME ""
| #define PACKAGE_VERSION ""
| #define PACKAGE_STRING ""
| #define PACKAGE_BUGREPORT ""
| /* end confdefs.h.  */
| 
| int
| main ()
| {
| exit (42);
|   ;
|   return 0;
| }
configure:2078: g++ -c -g -O2  conftest.cc >&5
configure:2084: $? = 0
configure:2087: test -z 			 || test ! -s conftest.err
configure:2090: $? = 0
configure:2093: test -s conftest.o
configure:2096: $? = 0
configure:2122: g++ -c -g -O2  conftest.cc >&5
configure:2128: $? = 0
configure:2131: test -z 			 || test ! -s conftest.err
configure:2134: $? = 0
configure:2137: test -s conftest.o
configure:2140: $? = 0
configure:2168: checking how to run the C++ preprocessor
configure:2199: g++ -E  conftest.cc
configure:2205: $? = 0
configure:2237: g++ -E  conftest.cc
conftest.cc:12:10: fatal error: ac_nonexistent.h: No such file or directory
 #include <ac_nonexistent.h>
          ^~~~~~~~~~~~~~~~~~
compilation terminated.
configure:2243: $? = 1
configure: failed program was:
| /* confdefs.h.  */
| 
| #define PACKAGE_NAME ""
| #define PACKAGE_TARNAME ""
| #define PACKAGE_VERSION ""
| #define PACKAGE_STRING ""
| #define PACKAGE_BUGREPORT ""
| #ifdef __cplusplus
| extern "C" void std::exit (int) throw (); using std::exit;
| #endif
| /* end confdefs.h.  */
| #include <ac_nonexistent.h>
configure:2282: result: g++ -E
configure:2306: g++ -E  conftest.cc
configure:2312: $? = 0
configure:2344: g++ -E  conftest.cc
conftest.cc:12:10: fatal error: ac_nonexistent.h: No such file or directory
 #include <ac_nonexistent.h>
          ^~~~~~~~~~~~~~~~~~
compilation terminated.
configure:2350: $? = 1
configure: failed program was:
| /* confdefs.h.  */
| 
| #define PACKAGE_NAME ""
| #define PACKAGE_TARNAME ""
| #define PACKAGE_VERSION ""
| #define PACKAGE_STRING ""
| #define PACKAGE_BUGREPORT ""
| #ifdef __cplusplus
| extern "C" void std::exit (int) throw (); using std::exit;
| #endif
| /* end confdefs.h.  */
| #include <ac_nonexistent.h>
configure:2511: checking for gcc
configure:2527: found /usr/bin/gcc
configure:2537: result: gcc
configure:2781: checking for C compiler version
configure:2784: gcc --version </dev/null >&5
gcc (Ubuntu 7.5.0-3ubuntu1~18.04) 7.5.0
Copyright (C) 2017 Free Software Foundation, Inc.
This is free software; see the source for copying conditions.  There is NO
warranty; not even for MERCHANTABILITY or FITNESS FOR A PARTICULAR PURPOSE.

configure:2787: $? = 0
configure:2789: gcc -v </dev/null >&5
Using built-in specs.
COLLECT_GCC=gcc
COLLECT_LTO_WRAPPER=/usr/lib/gcc/x86_64-linux-gnu/7/lto-wrapper
OFFLOAD_TARGET_NAMES=nvptx-none
OFFLOAD_TARGET_DEFAULT=1
Target: x86_64-linux-gnu
Configured with: ../src/configure -v --with-pkgversion='Ubuntu 7.5.0-3ubuntu1~18.04' --with-bugurl=file:///usr/share/doc/gcc-7/README.Bugs --enable-languages=c,ada,c++,go,brig,d,fortran,objc,obj-c++ --prefix=/usr --with-gcc-major-version-only --program-suffix=-7 --program-prefix=x86_64-linux-gnu- --enable-shared --enable-linker-build-id --libexecdir=/usr/lib --without-included-gettext --enable-threads=posix --libdir=/usr/lib --enable-nls --enable-bootstrap --enable-clocale=gnu --enable-libstdcxx-debug --enable-libstdcxx-time=yes --with-default-libstdcxx-abi=new --enable-gnu-unique-object --disable-vtable-verify --enable-libmpx --enable-plugin --enable-default-pie --with-system-zlib --with-target-system-zlib --enable-objc-gc=auto --enable-multiarch --disable-werror --with-arch-32=i686 --with-abi=m64 --with-multilib-list=m32,m64,mx32 --enable-multilib --with-tune=generic --enable-offload-targets=nvptx-none --without-cuda-driver --enable-checking=release --build=x86_64-linux-gnu --host=x86_64-linux-gnu --target=x86_64-linux-gnu
Thread model: posix
gcc version 7.5.0 (Ubuntu 7.5.0-3ubuntu1~18.04) 
configure:2792: $? = 0
configure:2794: gcc -V </dev/null >&5
gcc: error: unrecognized command line option '-V'
gcc: fatal error: no input files
compilation terminated.
configure:2797: $? = 1
configure:2800: checking whether we are using the GNU C compiler
configure:2824: gcc -c   conftest.c >&5
configure:2830: $? = 0
configure:2833: test -z 			 || test ! -s conftest.err
configure:2836: $? = 0
configure:2839: test -s conftest.o
configure:2842: $? = 0
configure:2855: result: yes
configure:2861: checking whether gcc accepts -g
configure:2882: gcc -c -g  conftest.c >&5
configure:2888: $? = 0
configure:2891: test -z 			 || test ! -s conftest.err
configure:2894: $? = 0
configure:2897: test -s conftest.o
configure:2900: $? = 0
configure:2911: result: yes
configure:2928: checking for gcc option to accept ANSI C
configure:2998: gcc  -c -g -O2  conftest.c >&5
configure:3004: $? = 0
configure:3007: test -z 			 || test ! -s conftest.err
configure:3010: $? = 0
configure:3013: test -s conftest.o
configure:3016: $? = 0
configure:3034: result: none needed
configure:3052: gcc -c -g -O2  conftest.c >&5
conftest.c:2:3: error: unknown type name 'choke'
   choke me
   ^~~~~
conftest.c:2:3: error: expected '=', ',', ';', 'asm' or '__attribute__' at end of input
configure:3058: $? = 1
configure: failed program was:
| #ifndef __cplusplus
|   choke me
| #endif
configure:3188: checking for a sed that does not truncate output
configure:3242: result: /bin/sed
configure:3245: checking for egrep
configure:3255: result: grep -E
configure:3271: checking for ld used by gcc
configure:3338: result: /usr/bin/ld
configure:3347: checking if the linker (/usr/bin/ld) is GNU ld
configure:3362: result: yes
configure:3367: checking for /usr/bin/ld option to reload object files
configure:3374: result: -r
configure:3383: checking for BSD-compatible nm
configure:3425: result: /usr/bin/nm -B
configure:3429: checking whether ln -s works
configure:3433: result: yes
configure:3440: checking how to recognise dependent libraries
configure:3614: result: pass_all
configure:3699: gcc -c -g -O2  conftest.c >&5
configure:3702: $? = 0
configure:3827: checking how to run the C preprocessor
configure:3862: gcc -E  conftest.c
configure:3868: $? = 0
configure:3900: gcc -E  conftest.c
conftest.c:12:10: fatal error: ac_nonexistent.h: No such file or directory
 #include <ac_nonexistent.h>
          ^~~~~~~~~~~~~~~~~~
compilation terminated.
configure:3906: $? = 1
configure: failed program was:
| /* confdefs.h.  */
| 
| #define PACKAGE_NAME ""
| #define PACKAGE_TARNAME ""
| #define PACKAGE_VERSION ""
| #define PACKAGE_STRING ""
| #define PACKAGE_BUGREPORT ""
| #ifdef __cplusplus
| extern "C" void std::exit (int) throw (); using std::exit;
| #endif
| /* end confdefs.h.  */
| #include <ac_nonexistent.h>
configure:3945: result: gcc -E
configure:3969: gcc -E  conftest.c
configure:3975: $? = 0
configure:4007: gcc -E  conftest.c
conftest.c:12:10: fatal error: ac_nonexistent.h: No such file or directory
 #include <ac_nonexistent.h>
          ^~~~~~~~~~~~~~~~~~
compilation terminated.
configure:4013: $? = 1
configure: failed program was:
| /* confdefs.h.  */
| 
| #define PACKAGE_NAME ""
| #define PACKAGE_TARNAME ""
| #define PACKAGE_VERSION ""
| #define PACKAGE_STRING ""
| #define PACKAGE_BUGREPORT ""
| #ifdef __cplusplus
| extern "C" void std::exit (int) throw (); using std::exit;
| #endif
| /* end confdefs.h.  */
| #include <ac_nonexistent.h>
configure:4057: checking for ANSI C header files
configure:4082: gcc -c -g -O2  conftest.c >&5
configure:4088: $? = 0
configure:4091: test -z 			 || test ! -s conftest.err
configure:4094: $? = 0
configure:4097: test -s conftest.o
configure:4100: $? = 0
configure:4189: gcc -o conftest -g -O2   conftest.c  >&5
conftest.c: In function 'main':
conftest.c:29:7: warning: implicit declaration of function 'exit' [-Wimplicit-function-declaration]
       exit(2);
       ^~~~
conftest.c:29:7: warning: incompatible implicit declaration of built-in function 'exit'
conftest.c:29:7: note: include '<stdlib.h>' or provide a declaration of 'exit'
conftest.c:30:3: warning: incompatible implicit declaration of built-in function 'exit'
   exit (0);
   ^~~~
conftest.c:30:3: note: include '<stdlib.h>' or provide a declaration of 'exit'
configure:4192: $? = 0
configure:4194: ./conftest
configure:4197: $? = 0
configure:4212: result: yes
configure:4236: checking for sys/types.h
configure:4252: gcc -c -g -O2  conftest.c >&5
configure:4258: $? = 0
configure:4261: test -z 			 || test ! -s conftest.err
configure:4264: $? = 0
configure:4267: test -s conftest.o
configure:4270: $? = 0
configure:4281: result: yes
configure:4236: checking for sys/stat.h
configure:4252: gcc -c -g -O2  conftest.c >&5
configure:4258: $? = 0
configure:4261: test -z 			 || test ! -s conftest.err
configure:4264: $? = 0
configure:4267: test -s conftest.o
configure:4270: $? = 0
configure:4281: result: yes
configure:4236: checking for stdlib.h
configure:4252: gcc -c -g -O2  conftest.c >&5
configure:4258: $? = 0
configure:4261: test -z 			 || test ! -s conftest.err
configure:4264: $? = 0
configure:4267: test -s conftest.o
configure:4270: $? = 0
configure:4281: result: yes
configure:4236: checking for string.h
configure:4252: gcc -c -g -O2  conftest.c >&5
configure:4258: $? = 0
configure:4261: test -z 			 || test ! -s conftest.err
configure:4264: $? = 0
configure:4267: test -s conftest.o
configure:4270: $? = 0
configure:4281: result: yes
configure:4236: checking for memory.h
configure:4252: gcc -c -g -O2  conftest.c >&5
configure:4258: $? = 0
configure:4261: test -z 			 || test ! -s conftest.err
configure:4264: $? = 0
configure:4267: test -s conftest.o
configure:4270: $? = 0
configure:4281: result: yes
configure:4236: checking for strings.h
configure:4252: gcc -c -g -O2  conftest.c >&5
configure:4258: $? = 0
configure:4261: test -z 			 || test ! -s conftest.err
configure:4264: $? = 0
configure:4267: test -s conftest.o
configure:4270: $? = 0
configure:4281: result: yes
configure:4236: checking for inttypes.h
configure:4252: gcc -c -g -O2  conftest.c >&5
configure:4258: $? = 0
configure:4261: test -z 			 || test ! -s conftest.err
configure:4264: $? = 0
configure:4267: test -s conftest.o
configure:4270: $? = 0
configure:4281: result: yes
configure:4236: checking for stdint.h
configure:4252: gcc -c -g -O2  conftest.c >&5
configure:4258: $? = 0
configure:4261: test -z 			 || test ! -s conftest.err
configure:4264: $? = 0
configure:4267: test -s conftest.o
configure:4270: $? = 0
configure:4281: result: yes
configure:4236: checking for unistd.h
configure:4252: gcc -c -g -O2  conftest.c >&5
configure:4258: $? = 0
configure:4261: test -z 			 || test ! -s conftest.err
configure:4264: $? = 0
configure:4267: test -s conftest.o
configure:4270: $? = 0
configure:4281: result: yes
configure:4307: checking dlfcn.h usability
configure:4319: gcc -c -g -O2  conftest.c >&5
configure:4325: $? = 0
configure:4328: test -z 			 || test ! -s conftest.err
configure:4331: $? = 0
configure:4334: test -s conftest.o
configure:4337: $? = 0
configure:4347: result: yes
configure:4351: checking dlfcn.h presence
configure:4361: gcc -E  conftest.c
configure:4367: $? = 0
configure:4387: result: yes
configure:4422: checking for dlfcn.h
configure:4429: result: yes
configure:4494: checking for g77
configure:4523: result: no
configure:4494: checking for f77
configure:4510: found /usr/bin/f77
configure:4520: result: f77
configure:4535: checking for Fortran 77 compiler version
configure:4538: f77 --version </dev/null >&5
GNU Fortran (Ubuntu 7.5.0-3ubuntu1~18.04) 7.5.0
Copyright (C) 2017 Free Software Foundation, Inc.
This is free software; see the source for copying conditions.  There is NO
warranty; not even for MERCHANTABILITY or FITNESS FOR A PARTICULAR PURPOSE.

configure:4541: $? = 0
configure:4543: f77 -v </dev/null >&5
Using built-in specs.
COLLECT_GCC=f77
COLLECT_LTO_WRAPPER=/usr/lib/gcc/x86_64-linux-gnu/7/lto-wrapper
OFFLOAD_TARGET_NAMES=nvptx-none
OFFLOAD_TARGET_DEFAULT=1
Target: x86_64-linux-gnu
Configured with: ../src/configure -v --with-pkgversion='Ubuntu 7.5.0-3ubuntu1~18.04' --with-bugurl=file:///usr/share/doc/gcc-7/README.Bugs --enable-languages=c,ada,c++,go,brig,d,fortran,objc,obj-c++ --prefix=/usr --with-gcc-major-version-only --program-suffix=-7 --program-prefix=x86_64-linux-gnu- --enable-shared --enable-linker-build-id --libexecdir=/usr/lib --without-included-gettext --enable-threads=posix --libdir=/usr/lib --enable-nls --enable-bootstrap --enable-clocale=gnu --enable-libstdcxx-debug --enable-libstdcxx-time=yes --with-default-libstdcxx-abi=new --enable-gnu-unique-object --disable-vtable-verify --enable-libmpx --enable-plugin --enable-default-pie --with-system-zlib --with-target-system-zlib --enable-objc-gc=auto --enable-multiarch --disable-werror --with-arch-32=i686 --with-abi=m64 --with-multilib-list=m32,m64,mx32 --enable-multilib --with-tune=generic --enable-offload-targets=nvptx-none --without-cuda-driver --enable-checking=release --build=x86_64-linux-gnu --host=x86_64-linux-gnu --target=x86_64-linux-gnu
Thread model: posix
gcc version 7.5.0 (Ubuntu 7.5.0-3ubuntu1~18.04) 
configure:4546: $? = 0
configure:4548: f77 -V </dev/null >&5
f77: error: unrecognized command line option '-V'
f77: fatal error: no input files
compilation terminated.
configure:4551: $? = 1
configure:4559: checking whether we are using the GNU Fortran 77 compiler
configure:4573: f77 -c  conftest.F >&5
configure:4579: $? = 0
configure:4582: test -z 			 || test ! -s conftest.err
configure:4585: $? = 0
configure:4588: test -s conftest.o
configure:4591: $? = 0
configure:4604: result: yes
configure:4610: checking whether f77 accepts -g
configure:4622: f77 -c -g conftest.f >&5
configure:4628: $? = 0
configure:4631: test -z 			 || test ! -s conftest.err
configure:4634: $? = 0
configure:4637: test -s conftest.o
configure:4640: $? = 0
configure:4652: result: yes
configure:4682: checking the maximum length of command line arguments
configure:4747: result: 32768
configure:4758: checking command to parse /usr/bin/nm -B output from gcc object
configure:4847: gcc -c -g -O2  conftest.c >&5
configure:4850: $? = 0
configure:4854: /usr/bin/nm -B conftest.o \| sed -n -e 's/^.*[ 	]\([ABCDGIRSTW][ABCDGIRSTW]*\)[ 	][ 	]*\(\)\([_A-Za-z][_A-Za-z0-9]*\)$/\1 \2\3 \3/p' \> conftest.nm
configure:4857: $? = 0
configure:4909: gcc -o conftest -g -O2   conftest.c conftstm.o >&5
configure:4912: $? = 0
configure:4950: result: ok
configure:4954: checking for objdir
configure:4969: result: .libs
configure:5059: checking for ar
configure:5075: found /usr/bin/ar
configure:5086: result: ar
configure:5139: checking for ranlib
configure:5155: found /usr/bin/ranlib
configure:5166: result: ranlib
configure:5219: checking for strip
configure:5235: found /usr/bin/strip
configure:5246: result: strip
configure:5508: checking if gcc static flag  works
configure:5531: result: yes
configure:5549: checking if gcc supports -fno-rtti -fno-exceptions
configure:5567: gcc -c -g -O2  -fno-rtti -fno-exceptions conftest.c >&5
cc1: warning: command line option '-fno-rtti' is valid for C++/ObjC++ but not for C
configure:5571: $? = 0
configure:5582: result: no
configure:5597: checking for gcc option to produce PIC
configure:5774: result: -fPIC
configure:5782: checking if gcc PIC flag -fPIC works
configure:5800: gcc -c -g -O2  -fPIC -DPIC conftest.c >&5
configure:5804: $? = 0
configure:5815: result: yes
configure:5839: checking if gcc supports -c -o file.o
configure:5860: gcc -c -g -O2  -o out/conftest2.o conftest.c >&5
configure:5864: $? = 0
configure:5884: result: yes
configure:5910: checking whether the gcc linker (/usr/bin/ld -m elf_x86_64) supports shared libraries
configure:6757: result: yes
configure:6783: checking whether -lc should be explicitly linked in
configure:6788: gcc -c -g -O2  conftest.c >&5
configure:6791: $? = 0
configure:6805: gcc -shared conftest.o  -v -Wl,-soname -Wl,conftest -o conftest 2\>\&1 \| grep  -lc  \>/dev/null 2\>\&1
configure:6808: $? = 0
configure:6820: result: no
configure:6828: checking dynamic linker characteristics
configure:7380: result: GNU/Linux ld.so
configure:7384: checking how to hardcode library paths into programs
configure:7409: result: immediate
configure:7423: checking whether stripping libraries is possible
configure:7428: result: yes
configure:8251: checking if libtool supports shared libraries
configure:8253: result: yes
configure:8256: checking whether to build shared libraries
configure:8314: result: yes
configure:8317: checking whether to build static libraries
configure:8321: result: yes
configure:8413: creating libtool
configure:8960: checking for ld used by g++
configure:9027: result: /usr/bin/ld -m elf_x86_64
configure:9036: checking if the linker (/usr/bin/ld -m elf_x86_64) is GNU ld
configure:9051: result: yes
configure:9102: checking whether the g++ linker (/usr/bin/ld -m elf_x86_64) supports shared libraries
configure:9928: result: yes
configure:9946: g++ -c -g -O2  conftest.cc >&5
configure:9949: $? = 0
configure:10045: checking for g++ option to produce PIC
configure:10297: result: -fPIC
configure:10305: checking if g++ PIC flag -fPIC works
configure:10323: g++ -c -g -O2  -fPIC -DPIC conftest.cc >&5
configure:10327: $? = 0
configure:10338: result: yes
configure:10362: checking if g++ supports -c -o file.o
configure:10383: g++ -c -g -O2  -o out/conftest2.o conftest.cc >&5
configure:10387: $? = 0
configure:10407: result: yes
configure:10433: checking whether the g++ linker (/usr/bin/ld -m elf_x86_64) supports shared libraries
configure:10461: result: yes
configure:10532: checking dynamic linker characteristics
configure:11084: result: GNU/Linux ld.so
configure:11088: checking how to hardcode library paths into programs
configure:11113: result: immediate
configure:11127: checking whether stripping libraries is possible
configure:11132: result: yes
configure:12432: checking if libtool supports shared libraries
configure:12434: result: yes
configure:12437: checking whether to build shared libraries
configure:12455: result: yes
configure:12458: checking whether to build static libraries
configure:12462: result: yes
configure:12474: checking for f77 option to produce PIC
configure:12651: result: -fPIC
configure:12659: checking if f77 PIC flag -fPIC works
configure:12677: f77 -c -g -O2 -fPIC conftest.f >&5
configure:12681: $? = 0
configure:12692: result: yes
configure:12716: checking if f77 supports -c -o file.o
configure:12737: f77 -c -g -O2 -o out/conftest2.o conftest.f >&5
configure:12741: $? = 0
configure:12761: result: yes
configure:12787: checking whether the f77 linker (/usr/bin/ld -m elf_x86_64) supports shared libraries
configure:13614: result: yes
configure:13685: checking dynamic linker characteristics
configure:14237: result: GNU/Linux ld.so
configure:14241: checking how to hardcode library paths into programs
configure:14266: result: immediate
configure:14280: checking whether stripping libraries is possible
configure:14285: result: yes
configure:18389: checking for a BSD-compatible install
configure:18444: result: /usr/bin/install -c
configure:18455: checking whether build environment is sane
configure:18498: result: yes
configure:18563: checking for gawk
configure:18579: found /usr/bin/gawk
configure:18589: result: gawk
configure:18599: checking whether make sets $(MAKE)
configure:18619: result: yes
configure:18649: checking for style of include used by make
configure:18677: result: GNU
configure:18853: checking dependency style of gcc
configure:18943: result: none
configure:18962: checking dependency style of g++
configure:19052: result: none
configure:19133: checking for ranlib
configure:19160: result: ranlib
configure:19181: checking for genorated automake files
configure:19193: result: found
configure:19198: checking whether to enable maintainer-specific portions of Makefiles
configure:19207: result: no
configure:19245: checking for ccgnu2-config
configure:19276: result: no
configure:19284: checking for commoncpp2 version >= 1.0.0
configure:19287: result: not found

## ---------------- ##
## Cache variables. ##
## ---------------- ##

ac_cv_build=x86_64-unknown-linux-gnu
ac_cv_build_alias=x86_64-unknown-linux-gnu
ac_cv_c_compiler_gnu=yes
ac_cv_cxx_compiler_gnu=yes
ac_cv_env_CC_set=
ac_cv_env_CC_value=
ac_cv_env_CFLAGS_set=
ac_cv_env_CFLAGS_value=
ac_cv_env_CPPFLAGS_set=
ac_cv_env_CPPFLAGS_value=
ac_cv_env_CPP_set=
ac_cv_env_CPP_value=
ac_cv_env_CXXCPP_set=
ac_cv_env_CXXCPP_value=
ac_cv_env_CXXFLAGS_set=
ac_cv_env_CXXFLAGS_value=
ac_cv_env_CXX_set=
ac_cv_env_CXX_value=
ac_cv_env_F77_set=
ac_cv_env_F77_value=
ac_cv_env_FFLAGS_set=
ac_cv_env_FFLAGS_value=
ac_cv_env_LDFLAGS_set=
ac_cv_env_LDFLAGS_value=
ac_cv_env_build_alias_set=
ac_cv_env_build_alias_value=
ac_cv_env_host_alias_set=
ac_cv_env_host_alias_value=
ac_cv_env_target_alias_set=
ac_cv_env_target_alias_value=
ac_cv_exeext=
ac_cv_f77_compiler_gnu=yes
ac_cv_header_dlfcn_h=yes
ac_cv_header_inttypes_h=yes
ac_cv_header_memory_h=yes
ac_cv_header_stdc=yes
ac_cv_header_stdint_h=yes
ac_cv_header_stdlib_h=yes
ac_cv_header_string_h=yes
ac_cv_header_strings_h=yes
ac_cv_header_sys_stat_h=yes
ac_cv_header_sys_types_h=yes
ac_cv_header_unistd_h=yes
ac_cv_host=x86_64-unknown-linux-gnu
ac_cv_host_alias=x86_64-unknown-linux-gnu
ac_cv_objext=o
ac_cv_path_CCGNU2_CONFIG=no
ac_cv_path_install='/usr/bin/install -c'
ac_cv_prog_AWK=gawk
ac_cv_prog_CPP='gcc -E'
ac_cv_prog_CXXCPP='g++ -E'
ac_cv_prog_ac_ct_AR=ar
ac_cv_prog_ac_ct_CC=gcc
ac_cv_prog_ac_ct_CXX=g++
ac_cv_prog_ac_ct_F77=f77
ac_cv_prog_ac_ct_RANLIB=ranlib
ac_cv_prog_ac_ct_STRIP=strip
ac_cv_prog_cc_g=yes
ac_cv_prog_cc_stdc=
ac_cv_prog_cxx_g=yes
ac_cv_prog_egrep='grep -E'
ac_cv_prog_f77_g=yes
ac_cv_prog_make_make_set=yes
ac_cv_target=x86_64-unknown-linux-gnu
ac_cv_target_alias=x86_64-unknown-linux-gnu
am_cv_CC_dependencies_compiler_type=none
am_cv_CXX_dependencies_compiler_type=none
lt_cv_deplibs_check_method=pass_all
lt_cv_file_magic_cmd='$MAGIC_CMD'
lt_cv_file_magic_test_file=
lt_cv_ld_reload_flag=-r
lt_cv_objdir=.libs
lt_cv_path_LD=/usr/bin/ld
lt_cv_path_LDCXX='/usr/bin/ld -m elf_x86_64'
lt_cv_path_NM='/usr/bin/nm -B'
lt_cv_path_SED=/bin/sed
lt_cv_prog_compiler_c_o=yes
lt_cv_prog_compiler_c_o_CXX=yes
lt_cv_prog_compiler_c_o_F77=yes
lt_cv_prog_compiler_rtti_exceptions=no
lt_cv_prog_gnu_ld=yes
lt_cv_prog_gnu_ldcxx=yes
lt_cv_sys_global_symbol_pipe='sed -n -e '\''s/^.*[ 	]\([ABCDGIRSTW][ABCDGIRSTW]*\)[ 	][ 	]*\(\)\([_A-Za-z][_A-Za-z0-9]*\)$/\1 \2\3 \3/p'\'''
lt_cv_sys_global_symbol_to_c_name_address='sed -n -e '\''s/^: \([^ ]*\) $/  {\"\1\", (lt_ptr) 0},/p'\'' -e '\''s/^[BCDEGRST] \([^ ]*\) \([^ ]*\)$/  {"\2", (lt_ptr) \&\2},/p'\'''
lt_cv_sys_global_symbol_to_cdecl='sed -n -e '\''s/^. .* \(.*\)$/extern int \1;/p'\'''
lt_cv_sys_max_cmd_len=32768
lt_lt_cv_prog_compiler_c_o='"yes"'
lt_lt_cv_prog_compiler_c_o_CXX='"yes"'
lt_lt_cv_prog_compiler_c_o_F77='"yes"'
lt_lt_cv_sys_global_symbol_pipe='"sed -n -e '\''s/^.*[ 	]\\([ABCDGIRSTW][ABCDGIRSTW]*\\)[ 	][ 	]*\\(\\)\\([_A-Za-z][_A-Za-z0-9]*\\)\$/\\1 \\2\\3 \\3/p'\''"'
lt_lt_cv_sys_global_symbol_to_c_name_address='"sed -n -e '\''s/^: \\([^ ]*\\) \$/  {\\\"\\1\\\", (lt_ptr) 0},/p'\'' -e '\''s/^[BCDEGRST] \\([^ ]*\\) \\([^ ]*\\)\$/  {\"\\2\", (lt_ptr) \\&\\2},/p'\''"'
lt_lt_cv_sys_global_symbol_to_cdecl='"sed -n -e '\''s/^. .* \\(.*\\)\$/extern int \\1;/p'\''"'

## ----------------- ##
## Output variables. ##
## ----------------- ##

ACLOCAL='${SHELL} /home/carolhanna/Security_Project/gnu_dataset/ccaudio-1.2.0/config/missing --run aclocal-1.9'
AMDEPBACKSLASH='\'
AMDEP_FALSE='#'
AMDEP_TRUE=''
AMTAR='${SHELL} /home/carolhanna/Security_Project/gnu_dataset/ccaudio-1.2.0/config/missing --run tar'
AR='ar'
AUTOCONF='${SHELL} /home/carolhanna/Security_Project/gnu_dataset/ccaudio-1.2.0/config/missing --run autoconf'
AUTOHEADER='${SHELL} /home/carolhanna/Security_Project/gnu_dataset/ccaudio-1.2.0/config/missing --run autoheader'
AUTOMAKE='${SHELL} /home/carolhanna/Security_Project/gnu_dataset/ccaudio-1.2.0/config/missing --run automake-1.9'
AWK='gawk'
CC='gcc'
CCDEPMODE='depmode=none'
CCGNU2_CONFIG='no'
CFLAGS='-g -O2'
CPP='gcc -E'
CPPFLAGS=''
CXX='g++'
CXXCPP='g++ -E'
CXXDEPMODE='depmode=none'
CXXFLAGS='-g -O2'
CYGPATH_W='echo'
DEFS=''
DEPDIR='.deps'
ECHO='echo'
ECHO_C=''
ECHO_N='-n'
ECHO_T=''
EGREP='grep -E'
EXEEXT=''
EXTLIBS=''
F77='f77'
FFLAGS='-g -O2'
FTPDIR=''
GNULIBS=''
INSTALL_DATA='${INSTALL} -m 644'
INSTALL_PROGRAM='${INSTALL}'
INSTALL_SCRIPT='${INSTALL}'
INSTALL_STRIP_PROGRAM='${SHELL} $(install_sh) -c -s'
KDOC_DIR=''
LDFLAGS=''
LIBOBJS=''
LIBS=''
LIBTOOL='$(SHELL) $(top_builddir)/libtool'
LN_S='ln -s'
LTLIBOBJS=''
LT_CCXX_VERSION='-version-info 0:0'
LT_MAJOR='0'
LT_RELEASE='1.2'
LT_VERSION='0:0'
MAINT='#'
MAINTAINER_MODE_FALSE=''
MAINTAINER_MODE_TRUE='#'
MAKEINFO='${SHELL} /home/carolhanna/Security_Project/gnu_dataset/ccaudio-1.2.0/config/missing --run makeinfo'
MODULES_FALSE=''
MODULES_TRUE=''
MODULE_FLAGS=''
OBJEXT='o'
PACKAGE='ccaudio'
PACKAGE_BUGREPORT=''
PACKAGE_NAME=''
PACKAGE_STRING=''
PACKAGE_TARNAME=''
PACKAGE_VERSION=''
PATH_SEPARATOR=':'
RANLIB='ranlib'
SET_MAKE=''
SHELL='/bin/bash'
SINGLE_FLAGS=''
SINGLE_LIBS=''
STAGE2=''
STRIP='strip'
VERSION='1.2.0'
WINVERSION=''
ac_ct_AR='ar'
ac_ct_CC='gcc'
ac_ct_CXX='g++'
ac_ct_F77='f77'
ac_ct_RANLIB='ranlib'
ac_ct_STRIP='strip'
am__fastdepCC_FALSE=''
am__fastdepCC_TRUE='#'
am__fastdepCXX_FALSE=''
am__fastdepCXX_TRUE='#'
am__include='include'
am__leading_dot='.'
am__quote=''
am__tar='${AMTAR} chof - "$$tardir"'
am__untar='${AMTAR} xf -'
bindir='${exec_prefix}/bin'
build='x86_64-unknown-linux-gnu'
build_alias=''
build_cpu='x86_64'
build_os='linux-gnu'
build_vendor='unknown'
datadir='${prefix}/share'
exec_prefix='NONE'
host='x86_64-unknown-linux-gnu'
host_alias=''
host_cpu='x86_64'
host_os='linux-gnu'
host_vendor='unknown'
includedir='${prefix}/include'
infodir='${prefix}/info'
install_sh='/home/carolhanna/Security_Project/gnu_dataset/ccaudio-1.2.0/config/install-sh'
libdir='${exec_prefix}/lib'
libexecdir='${exec_prefix}/libexec'
localstatedir='${prefix}/var'
mandir='${prefix}/man'
mkdir_p='mkdir -p --'
oldincludedir='/usr/include'
prefix='NONE'
program_transform_name='s,x,x,'
sbindir='${exec_prefix}/sbin'
sharedstatedir='${prefix}/com'
sysconfdir='${prefix}/etc'
target='x86_64-unknown-linux-gnu'
target_alias=''
target_cpu='x86_64'
target_os='linux-gnu'
target_vendor='unknown'

## ----------- ##
## confdefs.h. ##
## ----------- ##

#define HAVE_DLFCN_H 1
#define HAVE_INTTYPES_H 1
#define HAVE_MEMORY_H 1
#define HAVE_STDINT_H 1
#define HAVE_STDLIB_H 1
#define HAVE_STRINGS_H 1
#define HAVE_STRING_H 1
#define HAVE_SYS_STAT_H 1
#define HAVE_SYS_TYPES_H 1
#define HAVE_UNISTD_H 1
#define PACKAGE "ccaudio"
#define PACKAGE_BUGREPORT ""
#define PACKAGE_NAME ""
#define PACKAGE_STRING ""
#define PACKAGE_TARNAME ""
#define PACKAGE_VERSION ""
#define STDC_HEADERS 1
#define VERSION "1.2.0"
#endif
#ifdef __cplusplus
extern "C" void std::exit (int) throw (); using std::exit;

configure: exit 255
