This file contains any messages produced by compilers while
running configure, to aid debugging if configure makes a mistake.

It was created by GNU MDK configure 1.2, which was
generated by GNU Autoconf 2.59.  Invocation command line was

  $ ./configure 

## --------- ##
## Platform. ##
## --------- ##

hostname = rishon
uname -m = x86_64
uname -r = 4.15.0-72-generic
uname -s = Linux
uname -v = #81-Ubuntu SMP Tue Nov 26 12:20:02 UTC 2019

/usr/bin/uname -p = unknown
/bin/uname -X     = unknown

/bin/arch              = unknown
/usr/bin/arch -k       = unknown
/usr/convex/getsysinfo = unknown
hostinfo               = unknown
/bin/machine           = unknown
/usr/bin/oslevel       = unknown
/bin/universe          = unknown

PATH: /home/carolhanna/miniconda3/bin
PATH: /home/carolhanna/miniconda3/condabin
PATH: /usr/local/sbin
PATH: /usr/local/bin
PATH: /usr/sbin
PATH: /usr/bin
PATH: /sbin
PATH: /bin
PATH: /usr/games
PATH: /usr/local/games
PATH: /snap/bin


## ----------- ##
## Core tests. ##
## ----------- ##

configure:1372: checking for a BSD-compatible install
configure:1427: result: /usr/bin/install -c
configure:1438: checking whether build environment is sane
configure:1481: result: yes
configure:1538: checking for gawk
configure:1554: found /usr/bin/gawk
configure:1564: result: gawk
configure:1574: checking whether make sets $(MAKE)
configure:1594: result: yes
configure:1761: checking whether to enable maintainer-specific portions of Makefiles
configure:1770: result: no
configure:1798: checking for style of include used by make
configure:1826: result: GNU
configure:1897: checking for gcc
configure:1913: found /usr/bin/gcc
configure:1923: result: gcc
configure:2167: checking for C compiler version
configure:2170: gcc --version </dev/null >&5
gcc (Ubuntu 7.5.0-3ubuntu1~18.04) 7.5.0
Copyright (C) 2017 Free Software Foundation, Inc.
This is free software; see the source for copying conditions.  There is NO
warranty; not even for MERCHANTABILITY or FITNESS FOR A PARTICULAR PURPOSE.

configure:2173: $? = 0
configure:2175: gcc -v </dev/null >&5
Using built-in specs.
COLLECT_GCC=gcc
COLLECT_LTO_WRAPPER=/usr/lib/gcc/x86_64-linux-gnu/7/lto-wrapper
OFFLOAD_TARGET_NAMES=nvptx-none
OFFLOAD_TARGET_DEFAULT=1
Target: x86_64-linux-gnu
Configured with: ../src/configure -v --with-pkgversion='Ubuntu 7.5.0-3ubuntu1~18.04' --with-bugurl=file:///usr/share/doc/gcc-7/README.Bugs --enable-languages=c,ada,c++,go,brig,d,fortran,objc,obj-c++ --prefix=/usr --with-gcc-major-version-only --program-suffix=-7 --program-prefix=x86_64-linux-gnu- --enable-shared --enable-linker-build-id --libexecdir=/usr/lib --without-included-gettext --enable-threads=posix --libdir=/usr/lib --enable-nls --enable-bootstrap --enable-clocale=gnu --enable-libstdcxx-debug --enable-libstdcxx-time=yes --with-default-libstdcxx-abi=new --enable-gnu-unique-object --disable-vtable-verify --enable-libmpx --enable-plugin --enable-default-pie --with-system-zlib --with-target-system-zlib --enable-objc-gc=auto --enable-multiarch --disable-werror --with-arch-32=i686 --with-abi=m64 --with-multilib-list=m32,m64,mx32 --enable-multilib --with-tune=generic --enable-offload-targets=nvptx-none --without-cuda-driver --enable-checking=release --build=x86_64-linux-gnu --host=x86_64-linux-gnu --target=x86_64-linux-gnu
Thread model: posix
gcc version 7.5.0 (Ubuntu 7.5.0-3ubuntu1~18.04) 
configure:2178: $? = 0
configure:2180: gcc -V </dev/null >&5
gcc: error: unrecognized command line option '-V'
gcc: fatal error: no input files
compilation terminated.
configure:2183: $? = 1
configure:2206: checking for C compiler default output file name
configure:2209: gcc    conftest.c  >&5
configure:2212: $? = 0
configure:2258: result: a.out
configure:2263: checking whether the C compiler works
configure:2269: ./a.out
configure:2272: $? = 0
configure:2289: result: yes
configure:2296: checking whether we are cross compiling
configure:2298: result: no
configure:2301: checking for suffix of executables
configure:2303: gcc -o conftest    conftest.c  >&5
configure:2306: $? = 0
configure:2331: result: 
configure:2337: checking for suffix of object files
configure:2358: gcc -c   conftest.c >&5
configure:2361: $? = 0
configure:2383: result: o
configure:2387: checking whether we are using the GNU C compiler
configure:2411: gcc -c   conftest.c >&5
configure:2417: $? = 0
configure:2420: test -z 			 || test ! -s conftest.err
configure:2423: $? = 0
configure:2426: test -s conftest.o
configure:2429: $? = 0
configure:2442: result: yes
configure:2448: checking whether gcc accepts -g
configure:2469: gcc -c -g  conftest.c >&5
configure:2475: $? = 0
configure:2478: test -z 			 || test ! -s conftest.err
configure:2481: $? = 0
configure:2484: test -s conftest.o
configure:2487: $? = 0
configure:2498: result: yes
configure:2515: checking for gcc option to accept ANSI C
configure:2585: gcc  -c -g -O2  conftest.c >&5
configure:2591: $? = 0
configure:2594: test -z 			 || test ! -s conftest.err
configure:2597: $? = 0
configure:2600: test -s conftest.o
configure:2603: $? = 0
configure:2621: result: none needed
configure:2639: gcc -c -g -O2  conftest.c >&5
conftest.c:2:3: error: unknown type name 'choke'
   choke me
   ^~~~~
conftest.c:2:3: error: expected '=', ',', ';', 'asm' or '__attribute__' at end of input
configure:2645: $? = 1
configure: failed program was:
| #ifndef __cplusplus
|   choke me
| #endif
configure:2777: checking dependency style of gcc
configure:2867: result: gcc3
configure:2885: checking for library containing strerror
configure:2915: gcc -o conftest -g -O2   conftest.c  >&5
configure:2921: $? = 0
configure:2924: test -z 			 || test ! -s conftest.err
configure:2927: $? = 0
configure:2930: test -s conftest
configure:2933: $? = 0
configure:3002: result: none required
configure:3055: checking for gcc
configure:3081: result: gcc
configure:3325: checking for C compiler version
configure:3328: gcc --version </dev/null >&5
gcc (Ubuntu 7.5.0-3ubuntu1~18.04) 7.5.0
Copyright (C) 2017 Free Software Foundation, Inc.
This is free software; see the source for copying conditions.  There is NO
warranty; not even for MERCHANTABILITY or FITNESS FOR A PARTICULAR PURPOSE.

configure:3331: $? = 0
configure:3333: gcc -v </dev/null >&5
Using built-in specs.
COLLECT_GCC=gcc
COLLECT_LTO_WRAPPER=/usr/lib/gcc/x86_64-linux-gnu/7/lto-wrapper
OFFLOAD_TARGET_NAMES=nvptx-none
OFFLOAD_TARGET_DEFAULT=1
Target: x86_64-linux-gnu
Configured with: ../src/configure -v --with-pkgversion='Ubuntu 7.5.0-3ubuntu1~18.04' --with-bugurl=file:///usr/share/doc/gcc-7/README.Bugs --enable-languages=c,ada,c++,go,brig,d,fortran,objc,obj-c++ --prefix=/usr --with-gcc-major-version-only --program-suffix=-7 --program-prefix=x86_64-linux-gnu- --enable-shared --enable-linker-build-id --libexecdir=/usr/lib --without-included-gettext --enable-threads=posix --libdir=/usr/lib --enable-nls --enable-bootstrap --enable-clocale=gnu --enable-libstdcxx-debug --enable-libstdcxx-time=yes --with-default-libstdcxx-abi=new --enable-gnu-unique-object --disable-vtable-verify --enable-libmpx --enable-plugin --enable-default-pie --with-system-zlib --with-target-system-zlib --enable-objc-gc=auto --enable-multiarch --disable-werror --with-arch-32=i686 --with-abi=m64 --with-multilib-list=m32,m64,mx32 --enable-multilib --with-tune=generic --enable-offload-targets=nvptx-none --without-cuda-driver --enable-checking=release --build=x86_64-linux-gnu --host=x86_64-linux-gnu --target=x86_64-linux-gnu
Thread model: posix
gcc version 7.5.0 (Ubuntu 7.5.0-3ubuntu1~18.04) 
configure:3336: $? = 0
configure:3338: gcc -V </dev/null >&5
gcc: error: unrecognized command line option '-V'
gcc: fatal error: no input files
compilation terminated.
configure:3341: $? = 1
configure:3344: checking whether we are using the GNU C compiler
configure:3399: result: yes
configure:3405: checking whether gcc accepts -g
configure:3455: result: yes
configure:3472: checking for gcc option to accept ANSI C
configure:3578: result: none needed
configure:3596: gcc -c -g -O2  conftest.c >&5
conftest.c:2:3: error: unknown type name 'choke'
   choke me
   ^~~~~
conftest.c:2:3: error: expected '=', ',', ';', 'asm' or '__attribute__' at end of input
configure:3602: $? = 1
configure: failed program was:
| #ifndef __cplusplus
|   choke me
| #endif
configure:3734: checking dependency style of gcc
configure:3824: result: gcc3
configure:3887: checking for gcc
configure:3913: result: gcc
configure:4157: checking for C compiler version
configure:4160: gcc --version </dev/null >&5
gcc (Ubuntu 7.5.0-3ubuntu1~18.04) 7.5.0
Copyright (C) 2017 Free Software Foundation, Inc.
This is free software; see the source for copying conditions.  There is NO
warranty; not even for MERCHANTABILITY or FITNESS FOR A PARTICULAR PURPOSE.

configure:4163: $? = 0
configure:4165: gcc -v </dev/null >&5
Using built-in specs.
COLLECT_GCC=gcc
COLLECT_LTO_WRAPPER=/usr/lib/gcc/x86_64-linux-gnu/7/lto-wrapper
OFFLOAD_TARGET_NAMES=nvptx-none
OFFLOAD_TARGET_DEFAULT=1
Target: x86_64-linux-gnu
Configured with: ../src/configure -v --with-pkgversion='Ubuntu 7.5.0-3ubuntu1~18.04' --with-bugurl=file:///usr/share/doc/gcc-7/README.Bugs --enable-languages=c,ada,c++,go,brig,d,fortran,objc,obj-c++ --prefix=/usr --with-gcc-major-version-only --program-suffix=-7 --program-prefix=x86_64-linux-gnu- --enable-shared --enable-linker-build-id --libexecdir=/usr/lib --without-included-gettext --enable-threads=posix --libdir=/usr/lib --enable-nls --enable-bootstrap --enable-clocale=gnu --enable-libstdcxx-debug --enable-libstdcxx-time=yes --with-default-libstdcxx-abi=new --enable-gnu-unique-object --disable-vtable-verify --enable-libmpx --enable-plugin --enable-default-pie --with-system-zlib --with-target-system-zlib --enable-objc-gc=auto --enable-multiarch --disable-werror --with-arch-32=i686 --with-abi=m64 --with-multilib-list=m32,m64,mx32 --enable-multilib --with-tune=generic --enable-offload-targets=nvptx-none --without-cuda-driver --enable-checking=release --build=x86_64-linux-gnu --host=x86_64-linux-gnu --target=x86_64-linux-gnu
Thread model: posix
gcc version 7.5.0 (Ubuntu 7.5.0-3ubuntu1~18.04) 
configure:4168: $? = 0
configure:4170: gcc -V </dev/null >&5
gcc: error: unrecognized command line option '-V'
gcc: fatal error: no input files
compilation terminated.
configure:4173: $? = 1
configure:4176: checking whether we are using the GNU C compiler
configure:4231: result: yes
configure:4237: checking whether gcc accepts -g
configure:4287: result: yes
configure:4304: checking for gcc option to accept ANSI C
configure:4410: result: none needed
configure:4428: gcc -c -g -O2  conftest.c >&5
conftest.c:2:3: error: unknown type name 'choke'
   choke me
   ^~~~~
conftest.c:2:3: error: expected '=', ',', ';', 'asm' or '__attribute__' at end of input
configure:4434: $? = 1
configure: failed program was:
| #ifndef __cplusplus
|   choke me
| #endif
configure:4566: checking dependency style of gcc
configure:4656: result: gcc3
configure:4681: checking how to run the C preprocessor
configure:4716: gcc -E  conftest.c
configure:4722: $? = 0
configure:4754: gcc -E  conftest.c
conftest.c:11:10: fatal error: ac_nonexistent.h: No such file or directory
 #include <ac_nonexistent.h>
          ^~~~~~~~~~~~~~~~~~
compilation terminated.
configure:4760: $? = 1
configure: failed program was:
| /* confdefs.h.  */
| 
| #define PACKAGE_NAME "GNU MDK"
| #define PACKAGE_TARNAME "mdk"
| #define PACKAGE_VERSION "1.2"
| #define PACKAGE_STRING "GNU MDK 1.2"
| #define PACKAGE_BUGREPORT "bug-mdk@gnu.org"
| #define PACKAGE "mdk"
| #define VERSION "1.2"
| /* end confdefs.h.  */
| #include <ac_nonexistent.h>
configure:4799: result: gcc -E
configure:4823: gcc -E  conftest.c
configure:4829: $? = 0
configure:4861: gcc -E  conftest.c
conftest.c:11:10: fatal error: ac_nonexistent.h: No such file or directory
 #include <ac_nonexistent.h>
          ^~~~~~~~~~~~~~~~~~
compilation terminated.
configure:4867: $? = 1
configure: failed program was:
| /* confdefs.h.  */
| 
| #define PACKAGE_NAME "GNU MDK"
| #define PACKAGE_TARNAME "mdk"
| #define PACKAGE_VERSION "1.2"
| #define PACKAGE_STRING "GNU MDK 1.2"
| #define PACKAGE_BUGREPORT "bug-mdk@gnu.org"
| #define PACKAGE "mdk"
| #define VERSION "1.2"
| /* end confdefs.h.  */
| #include <ac_nonexistent.h>
configure:4911: checking for egrep
configure:4921: result: grep -E
configure:4926: checking for ANSI C header files
configure:4951: gcc -c -g -O2  conftest.c >&5
configure:4957: $? = 0
configure:4960: test -z 			 || test ! -s conftest.err
configure:4963: $? = 0
configure:4966: test -s conftest.o
configure:4969: $? = 0
configure:5058: gcc -o conftest -g -O2   conftest.c  >&5
conftest.c: In function 'main':
conftest.c:28:7: warning: implicit declaration of function 'exit' [-Wimplicit-function-declaration]
       exit(2);
       ^~~~
conftest.c:28:7: warning: incompatible implicit declaration of built-in function 'exit'
conftest.c:28:7: note: include '<stdlib.h>' or provide a declaration of 'exit'
conftest.c:29:3: warning: incompatible implicit declaration of built-in function 'exit'
   exit (0);
   ^~~~
conftest.c:29:3: note: include '<stdlib.h>' or provide a declaration of 'exit'
configure:5061: $? = 0
configure:5063: ./conftest
configure:5066: $? = 0
configure:5081: result: yes
configure:5096: checking for flex
configure:5125: result: no
configure:5096: checking for lex
configure:5125: result: no
configure:5135: checking for yywrap in -lfl
configure:5165: gcc -o conftest -g -O2   conftest.c -lfl   >&5
/usr/bin/ld: cannot find -lfl
collect2: error: ld returned 1 exit status
configure:5171: $? = 1
configure: failed program was:
| /* confdefs.h.  */
| 
| #define PACKAGE_NAME "GNU MDK"
| #define PACKAGE_TARNAME "mdk"
| #define PACKAGE_VERSION "1.2"
| #define PACKAGE_STRING "GNU MDK 1.2"
| #define PACKAGE_BUGREPORT "bug-mdk@gnu.org"
| #define PACKAGE "mdk"
| #define VERSION "1.2"
| #define STDC_HEADERS 1
| /* end confdefs.h.  */
| 
| /* Override any gcc2 internal prototype to avoid an error.  */
| #ifdef __cplusplus
| extern "C"
| #endif
| /* We use char because int might match the return type of a gcc2
|    builtin and then its argument prototype would still apply.  */
| char yywrap ();
| int
| main ()
| {
| yywrap ();
|   ;
|   return 0;
| }
configure:5196: result: no
configure:5201: checking for yywrap in -ll
configure:5231: gcc -o conftest -g -O2   conftest.c -ll   >&5
/usr/bin/ld: cannot find -ll
collect2: error: ld returned 1 exit status
configure:5237: $? = 1
configure: failed program was:
| /* confdefs.h.  */
| 
| #define PACKAGE_NAME "GNU MDK"
| #define PACKAGE_TARNAME "mdk"
| #define PACKAGE_VERSION "1.2"
| #define PACKAGE_STRING "GNU MDK 1.2"
| #define PACKAGE_BUGREPORT "bug-mdk@gnu.org"
| #define PACKAGE "mdk"
| #define VERSION "1.2"
| #define STDC_HEADERS 1
| /* end confdefs.h.  */
| 
| /* Override any gcc2 internal prototype to avoid an error.  */
| #ifdef __cplusplus
| extern "C"
| #endif
| /* We use char because int might match the return type of a gcc2
|    builtin and then its argument prototype would still apply.  */
| char yywrap ();
| int
| main ()
| {
| yywrap ();
|   ;
|   return 0;
| }
configure:5262: result: no
configure:5407: checking for ranlib
configure:5423: found /usr/bin/ranlib
configure:5434: result: ranlib
configure:5465: checking whether NLS is requested
configure:5474: result: yes
configure:5512: checking for msgfmt
configure:5543: result: /usr/bin/msgfmt
configure:5552: checking for gmsgfmt
configure:5583: result: /usr/bin/msgfmt
configure:5622: checking for xgettext
configure:5653: result: /usr/bin/xgettext
configure:5693: checking for msgmerge
configure:5723: result: /usr/bin/msgmerge
configure:5764: checking build system type
configure:5782: result: x86_64-unknown-linux-gnu
configure:5790: checking host system type
configure:5804: result: x86_64-unknown-linux-gnu
configure:5812: checking for an ANSI C-conforming const
configure:5879: gcc -c -g -O2 -fno-strict-aliasing  conftest.c >&5
configure:5885: $? = 0
configure:5888: test -z 			 || test ! -s conftest.err
configure:5891: $? = 0
configure:5894: test -s conftest.o
configure:5897: $? = 0
configure:5908: result: yes
configure:5919: checking for signed
configure:5940: gcc -c -g -O2 -fno-strict-aliasing  conftest.c >&5
configure:5946: $? = 0
configure:5949: test -z 			 || test ! -s conftest.err
configure:5952: $? = 0
configure:5955: test -s conftest.o
configure:5958: $? = 0
configure:5969: result: yes
configure:5979: checking for inline
configure:6000: gcc -c -g -O2 -fno-strict-aliasing  conftest.c >&5
configure:6006: $? = 0
configure:6009: test -z 			 || test ! -s conftest.err
configure:6012: $? = 0
configure:6015: test -s conftest.o
configure:6018: $? = 0
configure:6030: result: inline
configure:6063: checking for sys/types.h
configure:6079: gcc -c -g -O2 -fno-strict-aliasing  conftest.c >&5
configure:6085: $? = 0
configure:6088: test -z 			 || test ! -s conftest.err
configure:6091: $? = 0
configure:6094: test -s conftest.o
configure:6097: $? = 0
configure:6108: result: yes
configure:6063: checking for sys/stat.h
configure:6079: gcc -c -g -O2 -fno-strict-aliasing  conftest.c >&5
configure:6085: $? = 0
configure:6088: test -z 			 || test ! -s conftest.err
configure:6091: $? = 0
configure:6094: test -s conftest.o
configure:6097: $? = 0
configure:6108: result: yes
configure:6063: checking for stdlib.h
configure:6079: gcc -c -g -O2 -fno-strict-aliasing  conftest.c >&5
configure:6085: $? = 0
configure:6088: test -z 			 || test ! -s conftest.err
configure:6091: $? = 0
configure:6094: test -s conftest.o
configure:6097: $? = 0
configure:6108: result: yes
configure:6063: checking for string.h
configure:6079: gcc -c -g -O2 -fno-strict-aliasing  conftest.c >&5
configure:6085: $? = 0
configure:6088: test -z 			 || test ! -s conftest.err
configure:6091: $? = 0
configure:6094: test -s conftest.o
configure:6097: $? = 0
configure:6108: result: yes
configure:6063: checking for memory.h
configure:6079: gcc -c -g -O2 -fno-strict-aliasing  conftest.c >&5
configure:6085: $? = 0
configure:6088: test -z 			 || test ! -s conftest.err
configure:6091: $? = 0
configure:6094: test -s conftest.o
configure:6097: $? = 0
configure:6108: result: yes
configure:6063: checking for strings.h
configure:6079: gcc -c -g -O2 -fno-strict-aliasing  conftest.c >&5
configure:6085: $? = 0
configure:6088: test -z 			 || test ! -s conftest.err
configure:6091: $? = 0
configure:6094: test -s conftest.o
configure:6097: $? = 0
configure:6108: result: yes
configure:6063: checking for inttypes.h
configure:6079: gcc -c -g -O2 -fno-strict-aliasing  conftest.c >&5
configure:6085: $? = 0
configure:6088: test -z 			 || test ! -s conftest.err
configure:6091: $? = 0
configure:6094: test -s conftest.o
configure:6097: $? = 0
configure:6108: result: yes
configure:6063: checking for stdint.h
configure:6079: gcc -c -g -O2 -fno-strict-aliasing  conftest.c >&5
configure:6085: $? = 0
configure:6088: test -z 			 || test ! -s conftest.err
configure:6091: $? = 0
configure:6094: test -s conftest.o
configure:6097: $? = 0
configure:6108: result: yes
configure:6063: checking for unistd.h
configure:6079: gcc -c -g -O2 -fno-strict-aliasing  conftest.c >&5
configure:6085: $? = 0
configure:6088: test -z 			 || test ! -s conftest.err
configure:6091: $? = 0
configure:6094: test -s conftest.o
configure:6097: $? = 0
configure:6108: result: yes
configure:6120: checking for off_t
configure:6144: gcc -c -g -O2 -fno-strict-aliasing  conftest.c >&5
configure:6150: $? = 0
configure:6153: test -z 			 || test ! -s conftest.err
configure:6156: $? = 0
configure:6159: test -s conftest.o
configure:6162: $? = 0
configure:6173: result: yes
configure:6185: checking for size_t
configure:6209: gcc -c -g -O2 -fno-strict-aliasing  conftest.c >&5
configure:6215: $? = 0
configure:6218: test -z 			 || test ! -s conftest.err
configure:6221: $? = 0
configure:6224: test -s conftest.o
configure:6227: $? = 0
configure:6238: result: yes
configure:6251: checking for long long
configure:6273: gcc -o conftest -g -O2 -fno-strict-aliasing   conftest.c  >&5
configure:6279: $? = 0
configure:6282: test -z 			 || test ! -s conftest.err
configure:6285: $? = 0
configure:6288: test -s conftest
configure:6291: $? = 0
configure:6303: result: yes
configure:6314: checking for long double
configure:6373: result: yes
configure:6384: checking for wchar_t
configure:6406: gcc -c -g -O2 -fno-strict-aliasing  conftest.c >&5
configure:6412: $? = 0
configure:6415: test -z 			 || test ! -s conftest.err
configure:6418: $? = 0
configure:6421: test -s conftest.o
configure:6424: $? = 0
configure:6435: result: yes
configure:6446: checking for wint_t
configure:6468: gcc -c -g -O2 -fno-strict-aliasing  conftest.c >&5
configure:6474: $? = 0
configure:6477: test -z 			 || test ! -s conftest.err
configure:6480: $? = 0
configure:6483: test -s conftest.o
configure:6486: $? = 0
configure:6497: result: yes
configure:6508: checking for inttypes.h
configure:6530: gcc -c -g -O2 -fno-strict-aliasing  conftest.c >&5
configure:6536: $? = 0
configure:6539: test -z 			 || test ! -s conftest.err
configure:6542: $? = 0
configure:6545: test -s conftest.o
configure:6548: $? = 0
configure:6559: result: yes
configure:6570: checking for stdint.h
configure:6592: gcc -c -g -O2 -fno-strict-aliasing  conftest.c >&5
configure:6598: $? = 0
configure:6601: test -z 			 || test ! -s conftest.err
configure:6604: $? = 0
configure:6607: test -s conftest.o
configure:6610: $? = 0
configure:6621: result: yes
configure:6634: checking for intmax_t
configure:6664: gcc -c -g -O2 -fno-strict-aliasing  conftest.c >&5
configure:6670: $? = 0
configure:6673: test -z 			 || test ! -s conftest.err
configure:6676: $? = 0
configure:6679: test -s conftest.o
configure:6682: $? = 0
configure:6693: result: yes
configure:6705: checking whether printf() supports POSIX/XSI format strings
configure:6755: gcc -o conftest -g -O2 -fno-strict-aliasing   conftest.c  >&5
configure:6758: $? = 0
configure:6760: ./conftest
configure:6763: $? = 0
configure:6778: result: yes
configure:6792: checking for working alloca.h
configure:6813: gcc -o conftest -g -O2 -fno-strict-aliasing   conftest.c  >&5
configure:6819: $? = 0
configure:6822: test -z 			 || test ! -s conftest.err
configure:6825: $? = 0
configure:6828: test -s conftest
configure:6831: $? = 0
configure:6843: result: yes
configure:6853: checking for alloca
configure:6894: gcc -o conftest -g -O2 -fno-strict-aliasing   conftest.c  >&5
configure:6900: $? = 0
configure:6903: test -z 			 || test ! -s conftest.err
configure:6906: $? = 0
configure:6909: test -s conftest
configure:6912: $? = 0
configure:6924: result: yes
configure:7152: checking for stdlib.h
configure:7157: result: yes
configure:7152: checking for unistd.h
configure:7157: result: yes
configure:7300: checking for getpagesize
configure:7357: gcc -o conftest -g -O2 -fno-strict-aliasing   conftest.c  >&5
configure:7363: $? = 0
configure:7366: test -z 			 || test ! -s conftest.err
configure:7369: $? = 0
configure:7372: test -s conftest
configure:7375: $? = 0
configure:7387: result: yes
configure:7397: checking for working mmap
configure:7539: gcc -o conftest -g -O2 -fno-strict-aliasing   conftest.c  >&5
configure:7542: $? = 0
configure:7544: ./conftest
configure:7547: $? = 0
configure:7561: result: yes
configure:7573: checking whether we are using the GNU C Library 2.1 or newer
configure:7604: result: yes
configure:7612: checking whether integer division by zero raises SIGFPE
configure:7674: gcc -o conftest -g -O2 -fno-strict-aliasing   conftest.c  >&5
conftest.c:53:5: warning: built-in function 'nan' declared as non-function
 int nan;
     ^~~
configure:7677: $? = 0
configure:7679: ./conftest
configure:7682: $? = 0
configure:7697: result: yes
configure:7710: checking for unsigned long long
configure:7732: gcc -o conftest -g -O2 -fno-strict-aliasing   conftest.c  >&5
configure:7738: $? = 0
configure:7741: test -z 			 || test ! -s conftest.err
configure:7744: $? = 0
configure:7747: test -s conftest
configure:7750: $? = 0
configure:7762: result: yes
configure:7794: checking for inttypes.h
configure:7817: gcc -c -g -O2 -fno-strict-aliasing  conftest.c >&5
configure:7823: $? = 0
configure:7826: test -z 			 || test ! -s conftest.err
configure:7829: $? = 0
configure:7832: test -s conftest.o
configure:7835: $? = 0
configure:7847: result: yes
configure:7860: checking whether the inttypes.h PRIxNN macros are broken
configure:7886: gcc -c -g -O2 -fno-strict-aliasing  conftest.c >&5
configure:7892: $? = 0
configure:7895: test -z 			 || test ! -s conftest.err
configure:7898: $? = 0
configure:7901: test -s conftest.o
configure:7904: $? = 0
configure:7916: result: no
configure:7933: checking for stdint.h
configure:7938: result: yes
configure:8077: checking for SIZE_MAX
configure:9124: result: yes
configure:9141: checking for stdint.h
configure:9146: result: yes
configure:9326: checking for ld used by GCC
configure:9390: result: /usr/bin/ld
configure:9399: checking if the linker (/usr/bin/ld) is GNU ld
configure:9412: result: yes
configure:9418: checking for shared library run path origin
configure:9431: result: done
configure:9837: checking for ptrdiff_t
configure:9861: gcc -c -g -O2 -fno-strict-aliasing  conftest.c >&5
configure:9867: $? = 0
configure:9870: test -z 			 || test ! -s conftest.err
configure:9873: $? = 0
configure:9876: test -s conftest.o
configure:9879: $? = 0
configure:9890: result: yes
configure:9927: checking argz.h usability
configure:9939: gcc -c -g -O2 -fno-strict-aliasing  conftest.c >&5
configure:9945: $? = 0
configure:9948: test -z 			 || test ! -s conftest.err
configure:9951: $? = 0
configure:9954: test -s conftest.o
configure:9957: $? = 0
configure:9967: result: yes
configure:9971: checking argz.h presence
configure:9981: gcc -E  conftest.c
configure:9987: $? = 0
configure:10007: result: yes
configure:10042: checking for argz.h
configure:10049: result: yes
configure:9927: checking limits.h usability
configure:9939: gcc -c -g -O2 -fno-strict-aliasing  conftest.c >&5
configure:9945: $? = 0
configure:9948: test -z 			 || test ! -s conftest.err
configure:9951: $? = 0
configure:9954: test -s conftest.o
configure:9957: $? = 0
configure:9967: result: yes
configure:9971: checking limits.h presence
configure:9981: gcc -E  conftest.c
configure:9987: $? = 0
configure:10007: result: yes
configure:10042: checking for limits.h
configure:10049: result: yes
configure:9927: checking locale.h usability
configure:9939: gcc -c -g -O2 -fno-strict-aliasing  conftest.c >&5
configure:9945: $? = 0
configure:9948: test -z 			 || test ! -s conftest.err
configure:9951: $? = 0
configure:9954: test -s conftest.o
configure:9957: $? = 0
configure:9967: result: yes
configure:9971: checking locale.h presence
configure:9981: gcc -E  conftest.c
configure:9987: $? = 0
configure:10007: result: yes
configure:10042: checking for locale.h
configure:10049: result: yes
configure:9927: checking nl_types.h usability
configure:9939: gcc -c -g -O2 -fno-strict-aliasing  conftest.c >&5
configure:9945: $? = 0
configure:9948: test -z 			 || test ! -s conftest.err
configure:9951: $? = 0
configure:9954: test -s conftest.o
configure:9957: $? = 0
configure:9967: result: yes
configure:9971: checking nl_types.h presence
configure:9981: gcc -E  conftest.c
configure:9987: $? = 0
configure:10007: result: yes
configure:10042: checking for nl_types.h
configure:10049: result: yes
configure:9927: checking malloc.h usability
configure:9939: gcc -c -g -O2 -fno-strict-aliasing  conftest.c >&5
configure:9945: $? = 0
configure:9948: test -z 			 || test ! -s conftest.err
configure:9951: $? = 0
configure:9954: test -s conftest.o
configure:9957: $? = 0
configure:9967: result: yes
configure:9971: checking malloc.h presence
configure:9981: gcc -E  conftest.c
configure:9987: $? = 0
configure:10007: result: yes
configure:10042: checking for malloc.h
configure:10049: result: yes
configure:9927: checking stddef.h usability
configure:9939: gcc -c -g -O2 -fno-strict-aliasing  conftest.c >&5
configure:9945: $? = 0
configure:9948: test -z 			 || test ! -s conftest.err
configure:9951: $? = 0
configure:9954: test -s conftest.o
configure:9957: $? = 0
configure:9967: result: yes
configure:9971: checking stddef.h presence
configure:9981: gcc -E  conftest.c
configure:9987: $? = 0
configure:10007: result: yes
configure:10042: checking for stddef.h
configure:10049: result: yes
configure:9918: checking for stdlib.h
configure:9923: result: yes
configure:9918: checking for string.h
configure:9923: result: yes
configure:9918: checking for unistd.h
configure:9923: result: yes
configure:9927: checking sys/param.h usability
configure:9939: gcc -c -g -O2 -fno-strict-aliasing  conftest.c >&5
configure:9945: $? = 0
configure:9948: test -z 			 || test ! -s conftest.err
configure:9951: $? = 0
configure:9954: test -s conftest.o
configure:9957: $? = 0
configure:9967: result: yes
configure:9971: checking sys/param.h presence
configure:9981: gcc -E  conftest.c
configure:9987: $? = 0
configure:10007: result: yes
configure:10042: checking for sys/param.h
configure:10049: result: yes
configure:10091: checking for asprintf
configure:10148: gcc -o conftest -g -O2 -fno-strict-aliasing   conftest.c  >&5
configure:10154: $? = 0
configure:10157: test -z 			 || test ! -s conftest.err
configure:10160: $? = 0
configure:10163: test -s conftest
configure:10166: $? = 0
configure:10178: result: yes
configure:10091: checking for fwprintf
configure:10148: gcc -o conftest -g -O2 -fno-strict-aliasing   conftest.c  >&5
configure:10154: $? = 0
configure:10157: test -z 			 || test ! -s conftest.err
configure:10160: $? = 0
configure:10163: test -s conftest
configure:10166: $? = 0
configure:10178: result: yes
configure:10091: checking for getcwd
configure:10148: gcc -o conftest -g -O2 -fno-strict-aliasing   conftest.c  >&5
configure:10154: $? = 0
configure:10157: test -z 			 || test ! -s conftest.err
configure:10160: $? = 0
configure:10163: test -s conftest
configure:10166: $? = 0
configure:10178: result: yes
configure:10091: checking for getegid
configure:10148: gcc -o conftest -g -O2 -fno-strict-aliasing   conftest.c  >&5
configure:10154: $? = 0
configure:10157: test -z 			 || test ! -s conftest.err
configure:10160: $? = 0
configure:10163: test -s conftest
configure:10166: $? = 0
configure:10178: result: yes
configure:10091: checking for geteuid
configure:10148: gcc -o conftest -g -O2 -fno-strict-aliasing   conftest.c  >&5
configure:10154: $? = 0
configure:10157: test -z 			 || test ! -s conftest.err
configure:10160: $? = 0
configure:10163: test -s conftest
configure:10166: $? = 0
configure:10178: result: yes
configure:10091: checking for getgid
configure:10148: gcc -o conftest -g -O2 -fno-strict-aliasing   conftest.c  >&5
configure:10154: $? = 0
configure:10157: test -z 			 || test ! -s conftest.err
configure:10160: $? = 0
configure:10163: test -s conftest
configure:10166: $? = 0
configure:10178: result: yes
configure:10091: checking for getuid
configure:10148: gcc -o conftest -g -O2 -fno-strict-aliasing   conftest.c  >&5
configure:10154: $? = 0
configure:10157: test -z 			 || test ! -s conftest.err
configure:10160: $? = 0
configure:10163: test -s conftest
configure:10166: $? = 0
configure:10178: result: yes
configure:10091: checking for mempcpy
configure:10148: gcc -o conftest -g -O2 -fno-strict-aliasing   conftest.c  >&5
conftest.c:82:6: warning: conflicting types for built-in function 'mempcpy' [-Wbuiltin-declaration-mismatch]
 char mempcpy ();
      ^~~~~~~
configure:10154: $? = 0
configure:10157: test -z 			 || test ! -s conftest.err
configure:10160: $? = 0
configure:10163: test -s conftest
configure:10166: $? = 0
configure:10178: result: yes
configure:10091: checking for munmap
configure:10148: gcc -o conftest -g -O2 -fno-strict-aliasing   conftest.c  >&5
configure:10154: $? = 0
configure:10157: test -z 			 || test ! -s conftest.err
configure:10160: $? = 0
configure:10163: test -s conftest
configure:10166: $? = 0
configure:10178: result: yes
configure:10091: checking for putenv
configure:10148: gcc -o conftest -g -O2 -fno-strict-aliasing   conftest.c  >&5
configure:10154: $? = 0
configure:10157: test -z 			 || test ! -s conftest.err
configure:10160: $? = 0
configure:10163: test -s conftest
configure:10166: $? = 0
configure:10178: result: yes
configure:10091: checking for setenv
configure:10148: gcc -o conftest -g -O2 -fno-strict-aliasing   conftest.c  >&5
configure:10154: $? = 0
configure:10157: test -z 			 || test ! -s conftest.err
configure:10160: $? = 0
configure:10163: test -s conftest
configure:10166: $? = 0
configure:10178: result: yes
configure:10091: checking for setlocale
configure:10148: gcc -o conftest -g -O2 -fno-strict-aliasing   conftest.c  >&5
configure:10154: $? = 0
configure:10157: test -z 			 || test ! -s conftest.err
configure:10160: $? = 0
configure:10163: test -s conftest
configure:10166: $? = 0
configure:10178: result: yes
configure:10091: checking for snprintf
configure:10148: gcc -o conftest -g -O2 -fno-strict-aliasing   conftest.c  >&5
conftest.c:87:6: warning: conflicting types for built-in function 'snprintf' [-Wbuiltin-declaration-mismatch]
 char snprintf ();
      ^~~~~~~~
configure:10154: $? = 0
configure:10157: test -z 			 || test ! -s conftest.err
configure:10160: $? = 0
configure:10163: test -s conftest
configure:10166: $? = 0
configure:10178: result: yes
configure:10091: checking for stpcpy
configure:10148: gcc -o conftest -g -O2 -fno-strict-aliasing   conftest.c  >&5
conftest.c:88:6: warning: conflicting types for built-in function 'stpcpy' [-Wbuiltin-declaration-mismatch]
 char stpcpy ();
      ^~~~~~
configure:10154: $? = 0
configure:10157: test -z 			 || test ! -s conftest.err
configure:10160: $? = 0
configure:10163: test -s conftest
configure:10166: $? = 0
configure:10178: result: yes
configure:10091: checking for strcasecmp
configure:10148: gcc -o conftest -g -O2 -fno-strict-aliasing   conftest.c  >&5
conftest.c:89:6: warning: conflicting types for built-in function 'strcasecmp' [-Wbuiltin-declaration-mismatch]
 char strcasecmp ();
      ^~~~~~~~~~
configure:10154: $? = 0
configure:10157: test -z 			 || test ! -s conftest.err
configure:10160: $? = 0
configure:10163: test -s conftest
configure:10166: $? = 0
configure:10178: result: yes
configure:10091: checking for strdup
configure:10148: gcc -o conftest -g -O2 -fno-strict-aliasing   conftest.c  >&5
conftest.c:90:6: warning: conflicting types for built-in function 'strdup' [-Wbuiltin-declaration-mismatch]
 char strdup ();
      ^~~~~~
configure:10154: $? = 0
configure:10157: test -z 			 || test ! -s conftest.err
configure:10160: $? = 0
configure:10163: test -s conftest
configure:10166: $? = 0
configure:10178: result: yes
configure:10091: checking for strtoul
configure:10148: gcc -o conftest -g -O2 -fno-strict-aliasing   conftest.c  >&5
configure:10154: $? = 0
configure:10157: test -z 			 || test ! -s conftest.err
configure:10160: $? = 0
configure:10163: test -s conftest
configure:10166: $? = 0
configure:10178: result: yes
configure:10091: checking for tsearch
configure:10148: gcc -o conftest -g -O2 -fno-strict-aliasing   conftest.c  >&5
configure:10154: $? = 0
configure:10157: test -z 			 || test ! -s conftest.err
configure:10160: $? = 0
configure:10163: test -s conftest
configure:10166: $? = 0
configure:10178: result: yes
configure:10091: checking for wcslen
configure:10148: gcc -o conftest -g -O2 -fno-strict-aliasing   conftest.c  >&5
configure:10154: $? = 0
configure:10157: test -z 			 || test ! -s conftest.err
configure:10160: $? = 0
configure:10163: test -s conftest
configure:10166: $? = 0
configure:10178: result: yes
configure:10091: checking for __argz_count
configure:10148: gcc -o conftest -g -O2 -fno-strict-aliasing   conftest.c  >&5
configure:10154: $? = 0
configure:10157: test -z 			 || test ! -s conftest.err
configure:10160: $? = 0
configure:10163: test -s conftest
configure:10166: $? = 0
configure:10178: result: yes
configure:10091: checking for __argz_stringify
configure:10148: gcc -o conftest -g -O2 -fno-strict-aliasing   conftest.c  >&5
configure:10154: $? = 0
configure:10157: test -z 			 || test ! -s conftest.err
configure:10160: $? = 0
configure:10163: test -s conftest
configure:10166: $? = 0
configure:10178: result: yes
configure:10091: checking for __argz_next
configure:10148: gcc -o conftest -g -O2 -fno-strict-aliasing   conftest.c  >&5
configure:10154: $? = 0
configure:10157: test -z 			 || test ! -s conftest.err
configure:10160: $? = 0
configure:10163: test -s conftest
configure:10166: $? = 0
configure:10178: result: yes
configure:10091: checking for __fsetlocking
configure:10148: gcc -o conftest -g -O2 -fno-strict-aliasing   conftest.c  >&5
configure:10154: $? = 0
configure:10157: test -z 			 || test ! -s conftest.err
configure:10160: $? = 0
configure:10163: test -s conftest
configure:10166: $? = 0
configure:10178: result: yes
configure:10190: checking whether _snprintf is declared
configure:10215: gcc -c -g -O2 -fno-strict-aliasing  conftest.c >&5
conftest.c: In function 'main':
conftest.c:80:22: error: '_snprintf' undeclared (first use in this function); did you mean 'vsnprintf'?
   char *p = (char *) _snprintf;
                      ^~~~~~~~~
                      vsnprintf
conftest.c:80:22: note: each undeclared identifier is reported only once for each function it appears in
configure:10221: $? = 1
configure: failed program was:
| /* confdefs.h.  */
| 
| #define PACKAGE_NAME "GNU MDK"
| #define PACKAGE_TARNAME "mdk"
| #define PACKAGE_VERSION "1.2"
| #define PACKAGE_STRING "GNU MDK 1.2"
| #define PACKAGE_BUGREPORT "bug-mdk@gnu.org"
| #define PACKAGE "mdk"
| #define VERSION "1.2"
| #define STDC_HEADERS 1
| #define HAVE_SYS_TYPES_H 1
| #define HAVE_SYS_STAT_H 1
| #define HAVE_STDLIB_H 1
| #define HAVE_STRING_H 1
| #define HAVE_MEMORY_H 1
| #define HAVE_STRINGS_H 1
| #define HAVE_INTTYPES_H 1
| #define HAVE_STDINT_H 1
| #define HAVE_UNISTD_H 1
| #define HAVE_LONG_LONG 1
| #define HAVE_LONG_DOUBLE 1
| #define HAVE_WCHAR_T 1
| #define HAVE_WINT_T 1
| #define HAVE_INTTYPES_H_WITH_UINTMAX 1
| #define HAVE_STDINT_H_WITH_UINTMAX 1
| #define HAVE_INTMAX_T 1
| #define HAVE_POSIX_PRINTF 1
| #define HAVE_ALLOCA_H 1
| #define HAVE_ALLOCA 1
| #define HAVE_STDLIB_H 1
| #define HAVE_UNISTD_H 1
| #define HAVE_GETPAGESIZE 1
| #define HAVE_MMAP 1
| #define INTDIV0_RAISES_SIGFPE 1
| #define HAVE_UNSIGNED_LONG_LONG 1
| #define HAVE_UINTMAX_T 1
| #define HAVE_INTTYPES_H 1
| #define HAVE_STDINT_H 1
| #define HAVE_STDINT_H 1
| #define HAVE_ARGZ_H 1
| #define HAVE_LIMITS_H 1
| #define HAVE_LOCALE_H 1
| #define HAVE_NL_TYPES_H 1
| #define HAVE_MALLOC_H 1
| #define HAVE_STDDEF_H 1
| #define HAVE_STDLIB_H 1
| #define HAVE_STRING_H 1
| #define HAVE_UNISTD_H 1
| #define HAVE_SYS_PARAM_H 1
| #define HAVE_ASPRINTF 1
| #define HAVE_FWPRINTF 1
| #define HAVE_GETCWD 1
| #define HAVE_GETEGID 1
| #define HAVE_GETEUID 1
| #define HAVE_GETGID 1
| #define HAVE_GETUID 1
| #define HAVE_MEMPCPY 1
| #define HAVE_MUNMAP 1
| #define HAVE_PUTENV 1
| #define HAVE_SETENV 1
| #define HAVE_SETLOCALE 1
| #define HAVE_SNPRINTF 1
| #define HAVE_STPCPY 1
| #define HAVE_STRCASECMP 1
| #define HAVE_STRDUP 1
| #define HAVE_STRTOUL 1
| #define HAVE_TSEARCH 1
| #define HAVE_WCSLEN 1
| #define HAVE___ARGZ_COUNT 1
| #define HAVE___ARGZ_STRINGIFY 1
| #define HAVE___ARGZ_NEXT 1
| #define HAVE___FSETLOCKING 1
| /* end confdefs.h.  */
| #include <stdio.h>
| int
| main ()
| {
| 
| #ifndef _snprintf
|   char *p = (char *) _snprintf;
| #endif
| 
|   ;
|   return 0;
| }
configure:10244: result: no
configure:10258: checking whether _snwprintf is declared
configure:10283: gcc -c -g -O2 -fno-strict-aliasing  conftest.c >&5
conftest.c: In function 'main':
conftest.c:81:22: error: '_snwprintf' undeclared (first use in this function); did you mean 'vsnprintf'?
   char *p = (char *) _snwprintf;
                      ^~~~~~~~~~
                      vsnprintf
conftest.c:81:22: note: each undeclared identifier is reported only once for each function it appears in
configure:10289: $? = 1
configure: failed program was:
| /* confdefs.h.  */
| 
| #define PACKAGE_NAME "GNU MDK"
| #define PACKAGE_TARNAME "mdk"
| #define PACKAGE_VERSION "1.2"
| #define PACKAGE_STRING "GNU MDK 1.2"
| #define PACKAGE_BUGREPORT "bug-mdk@gnu.org"
| #define PACKAGE "mdk"
| #define VERSION "1.2"
| #define STDC_HEADERS 1
| #define HAVE_SYS_TYPES_H 1
| #define HAVE_SYS_STAT_H 1
| #define HAVE_STDLIB_H 1
| #define HAVE_STRING_H 1
| #define HAVE_MEMORY_H 1
| #define HAVE_STRINGS_H 1
| #define HAVE_INTTYPES_H 1
| #define HAVE_STDINT_H 1
| #define HAVE_UNISTD_H 1
| #define HAVE_LONG_LONG 1
| #define HAVE_LONG_DOUBLE 1
| #define HAVE_WCHAR_T 1
| #define HAVE_WINT_T 1
| #define HAVE_INTTYPES_H_WITH_UINTMAX 1
| #define HAVE_STDINT_H_WITH_UINTMAX 1
| #define HAVE_INTMAX_T 1
| #define HAVE_POSIX_PRINTF 1
| #define HAVE_ALLOCA_H 1
| #define HAVE_ALLOCA 1
| #define HAVE_STDLIB_H 1
| #define HAVE_UNISTD_H 1
| #define HAVE_GETPAGESIZE 1
| #define HAVE_MMAP 1
| #define INTDIV0_RAISES_SIGFPE 1
| #define HAVE_UNSIGNED_LONG_LONG 1
| #define HAVE_UINTMAX_T 1
| #define HAVE_INTTYPES_H 1
| #define HAVE_STDINT_H 1
| #define HAVE_STDINT_H 1
| #define HAVE_ARGZ_H 1
| #define HAVE_LIMITS_H 1
| #define HAVE_LOCALE_H 1
| #define HAVE_NL_TYPES_H 1
| #define HAVE_MALLOC_H 1
| #define HAVE_STDDEF_H 1
| #define HAVE_STDLIB_H 1
| #define HAVE_STRING_H 1
| #define HAVE_UNISTD_H 1
| #define HAVE_SYS_PARAM_H 1
| #define HAVE_ASPRINTF 1
| #define HAVE_FWPRINTF 1
| #define HAVE_GETCWD 1
| #define HAVE_GETEGID 1
| #define HAVE_GETEUID 1
| #define HAVE_GETGID 1
| #define HAVE_GETUID 1
| #define HAVE_MEMPCPY 1
| #define HAVE_MUNMAP 1
| #define HAVE_PUTENV 1
| #define HAVE_SETENV 1
| #define HAVE_SETLOCALE 1
| #define HAVE_SNPRINTF 1
| #define HAVE_STPCPY 1
| #define HAVE_STRCASECMP 1
| #define HAVE_STRDUP 1
| #define HAVE_STRTOUL 1
| #define HAVE_TSEARCH 1
| #define HAVE_WCSLEN 1
| #define HAVE___ARGZ_COUNT 1
| #define HAVE___ARGZ_STRINGIFY 1
| #define HAVE___ARGZ_NEXT 1
| #define HAVE___FSETLOCKING 1
| #define HAVE_DECL__SNPRINTF 0
| /* end confdefs.h.  */
| #include <stdio.h>
| int
| main ()
| {
| 
| #ifndef _snwprintf
|   char *p = (char *) _snwprintf;
| #endif
| 
|   ;
|   return 0;
| }
configure:10312: result: no
configure:10327: checking whether feof_unlocked is declared
configure:10352: gcc -c -g -O2 -fno-strict-aliasing  conftest.c >&5
configure:10358: $? = 0
configure:10361: test -z 			 || test ! -s conftest.err
configure:10364: $? = 0
configure:10367: test -s conftest.o
configure:10370: $? = 0
configure:10381: result: yes
configure:10395: checking whether fgets_unlocked is declared
configure:10420: gcc -c -g -O2 -fno-strict-aliasing  conftest.c >&5
conftest.c: In function 'main':
conftest.c:83:22: error: 'fgets_unlocked' undeclared (first use in this function); did you mean 'fgetc_unlocked'?
   char *p = (char *) fgets_unlocked;
                      ^~~~~~~~~~~~~~
                      fgetc_unlocked
conftest.c:83:22: note: each undeclared identifier is reported only once for each function it appears in
configure:10426: $? = 1
configure: failed program was:
| /* confdefs.h.  */
| 
| #define PACKAGE_NAME "GNU MDK"
| #define PACKAGE_TARNAME "mdk"
| #define PACKAGE_VERSION "1.2"
| #define PACKAGE_STRING "GNU MDK 1.2"
| #define PACKAGE_BUGREPORT "bug-mdk@gnu.org"
| #define PACKAGE "mdk"
| #define VERSION "1.2"
| #define STDC_HEADERS 1
| #define HAVE_SYS_TYPES_H 1
| #define HAVE_SYS_STAT_H 1
| #define HAVE_STDLIB_H 1
| #define HAVE_STRING_H 1
| #define HAVE_MEMORY_H 1
| #define HAVE_STRINGS_H 1
| #define HAVE_INTTYPES_H 1
| #define HAVE_STDINT_H 1
| #define HAVE_UNISTD_H 1
| #define HAVE_LONG_LONG 1
| #define HAVE_LONG_DOUBLE 1
| #define HAVE_WCHAR_T 1
| #define HAVE_WINT_T 1
| #define HAVE_INTTYPES_H_WITH_UINTMAX 1
| #define HAVE_STDINT_H_WITH_UINTMAX 1
| #define HAVE_INTMAX_T 1
| #define HAVE_POSIX_PRINTF 1
| #define HAVE_ALLOCA_H 1
| #define HAVE_ALLOCA 1
| #define HAVE_STDLIB_H 1
| #define HAVE_UNISTD_H 1
| #define HAVE_GETPAGESIZE 1
| #define HAVE_MMAP 1
| #define INTDIV0_RAISES_SIGFPE 1
| #define HAVE_UNSIGNED_LONG_LONG 1
| #define HAVE_UINTMAX_T 1
| #define HAVE_INTTYPES_H 1
| #define HAVE_STDINT_H 1
| #define HAVE_STDINT_H 1
| #define HAVE_ARGZ_H 1
| #define HAVE_LIMITS_H 1
| #define HAVE_LOCALE_H 1
| #define HAVE_NL_TYPES_H 1
| #define HAVE_MALLOC_H 1
| #define HAVE_STDDEF_H 1
| #define HAVE_STDLIB_H 1
| #define HAVE_STRING_H 1
| #define HAVE_UNISTD_H 1
| #define HAVE_SYS_PARAM_H 1
| #define HAVE_ASPRINTF 1
| #define HAVE_FWPRINTF 1
| #define HAVE_GETCWD 1
| #define HAVE_GETEGID 1
| #define HAVE_GETEUID 1
| #define HAVE_GETGID 1
| #define HAVE_GETUID 1
| #define HAVE_MEMPCPY 1
| #define HAVE_MUNMAP 1
| #define HAVE_PUTENV 1
| #define HAVE_SETENV 1
| #define HAVE_SETLOCALE 1
| #define HAVE_SNPRINTF 1
| #define HAVE_STPCPY 1
| #define HAVE_STRCASECMP 1
| #define HAVE_STRDUP 1
| #define HAVE_STRTOUL 1
| #define HAVE_TSEARCH 1
| #define HAVE_WCSLEN 1
| #define HAVE___ARGZ_COUNT 1
| #define HAVE___ARGZ_STRINGIFY 1
| #define HAVE___ARGZ_NEXT 1
| #define HAVE___FSETLOCKING 1
| #define HAVE_DECL__SNPRINTF 0
| #define HAVE_DECL__SNWPRINTF 0
| #define HAVE_DECL_FEOF_UNLOCKED 1
| /* end confdefs.h.  */
| #include <stdio.h>
| int
| main ()
| {
| 
| #ifndef fgets_unlocked
|   char *p = (char *) fgets_unlocked;
| #endif
| 
|   ;
|   return 0;
| }
configure:10449: result: no
configure:10463: checking whether getc_unlocked is declared
configure:10488: gcc -c -g -O2 -fno-strict-aliasing  conftest.c >&5
configure:10494: $? = 0
configure:10497: test -z 			 || test ! -s conftest.err
configure:10500: $? = 0
configure:10503: test -s conftest.o
configure:10506: $? = 0
configure:10517: result: yes
configure:10585: checking for iconv
configure:10612: gcc -o conftest -g -O2 -fno-strict-aliasing   conftest.c  >&5
configure:10618: $? = 0
configure:10621: test -z 			 || test ! -s conftest.err
configure:10624: $? = 0
configure:10627: test -s conftest
configure:10630: $? = 0
configure:10695: result: yes
configure:10718: checking for iconv declaration
configure:10752: gcc -c -g -O2 -fno-strict-aliasing  conftest.c >&5
configure:10758: $? = 0
configure:10761: test -z 			 || test ! -s conftest.err
configure:10764: $? = 0
configure:10767: test -s conftest.o
configure:10770: $? = 0
configure:10785: result: 
         extern size_t iconv (iconv_t cd, char * *inbuf, size_t *inbytesleft, char * *outbuf, size_t *outbytesleft);
configure:10796: checking for nl_langinfo and CODESET
configure:10817: gcc -o conftest -g -O2 -fno-strict-aliasing   conftest.c  >&5
configure:10823: $? = 0
configure:10826: test -z 			 || test ! -s conftest.err
configure:10829: $? = 0
configure:10832: test -s conftest
configure:10835: $? = 0
configure:10848: result: yes
configure:10860: checking for LC_MESSAGES
configure:10881: gcc -o conftest -g -O2 -fno-strict-aliasing   conftest.c  >&5
configure:10887: $? = 0
configure:10890: test -z 			 || test ! -s conftest.err
configure:10893: $? = 0
configure:10896: test -s conftest
configure:10899: $? = 0
configure:10911: result: yes
configure:10927: checking for bison
configure:10956: result: no
configure:10997: checking whether NLS is requested
configure:11006: result: yes
configure:11022: checking whether included gettext is requested
configure:11032: result: no
configure:11043: checking for GNU gettext in libc
configure:11067: gcc -o conftest -g -O2 -fno-strict-aliasing   conftest.c  >&5
conftest.c: In function 'main':
conftest.c:90:8: warning: cast from pointer to integer of different size [-Wpointer-to-int-cast]
 return (int) gettext ("") + _nl_msg_cat_cntr + *_nl_domain_bindings
        ^
configure:11073: $? = 0
configure:11076: test -z 			 || test ! -s conftest.err
configure:11079: $? = 0
configure:11082: test -s conftest
configure:11085: $? = 0
configure:11097: result: yes
configure:11648: checking whether to use NLS
configure:11650: result: yes
configure:11653: checking where the gettext function comes from
configure:11664: result: libc
configure:11756: checking for intltool >= 0.30
configure:11766: result: 0.31.1 found
configure:11821: checking for perl
configure:11839: found /usr/bin/perl
configure:11851: result: /usr/bin/perl
configure:11922: checking for initscr in -lncurses
configure:11952: gcc -o conftest -g -O2 -fno-strict-aliasing   conftest.c -lncurses   >&5
configure:11958: $? = 0
configure:11961: test -z 			 || test ! -s conftest.err
configure:11964: $? = 0
configure:11967: test -s conftest
configure:11970: $? = 0
configure:11983: result: yes
configure:12001: checking for readline in -lreadline
configure:12031: gcc -o conftest -g -O2 -fno-strict-aliasing   conftest.c -lreadline  -lncurses  >&5
configure:12037: $? = 0
configure:12040: test -z 			 || test ! -s conftest.err
configure:12043: $? = 0
configure:12046: test -s conftest
configure:12049: $? = 0
configure:12062: result: yes
configure:12080: checking for add_history in -lhistory
configure:12110: gcc -o conftest -g -O2 -fno-strict-aliasing   conftest.c -lhistory  -lreadline -lncurses  >&5
configure:12116: $? = 0
configure:12119: test -z 			 || test ! -s conftest.err
configure:12122: $? = 0
configure:12125: test -s conftest
configure:12128: $? = 0
configure:12141: result: yes
configure:12159: checking for rl_completion_matches
configure:12216: gcc -o conftest -g -O2 -fno-strict-aliasing   conftest.c -lhistory -lreadline -lncurses  >&5
configure:12222: $? = 0
configure:12225: test -z 			 || test ! -s conftest.err
configure:12228: $? = 0
configure:12231: test -s conftest
configure:12234: $? = 0
configure:12246: result: yes
configure:12274: checking for Guile
configure:12277: result: no
configure:12310: checking for pkg-config
configure:12328: found /usr/bin/pkg-config
configure:12341: result: /usr/bin/pkg-config
configure:12358: checking for glib-2.0 >= 2.0
configure:12362: result: yes
configure:12366: checking GLIB_CFLAGS
configure:12369: result: -I/usr/include/glib-2.0 -I/usr/lib/x86_64-linux-gnu/glib-2.0/include
configure:12372: checking GLIB_LIBS
configure:12375: result: -lglib-2.0
configure:12475: checking for gtk+-2.0 >= 2.4.0 libglade-2.0 >= 2.0.0 pango >= 1.4
configure:12514: WARNING: Cannot find GTK+: the GUI shall not be built
configure:12529: checking for getopt_long
configure:12586: gcc -o conftest -g -O2 -fno-strict-aliasing -I/usr/include/glib-2.0 -I/usr/lib/x86_64-linux-gnu/glib-2.0/include -DG_DISABLE_DEPRECATED   conftest.c -lhistory -lreadline -lncurses  -lglib-2.0 >&5
configure:12592: $? = 0
configure:12595: test -z 			 || test ! -s conftest.err
configure:12598: $? = 0
configure:12601: test -s conftest
configure:12604: $? = 0
configure:12616: result: yes
configure:12809: creating ./config.status

## ---------------------- ##
## Running config.status. ##
## ---------------------- ##

This file was extended by GNU MDK config.status 1.2, which was
generated by GNU Autoconf 2.59.  Invocation command line was

  CONFIG_FILES    = 
  CONFIG_HEADERS  = 
  CONFIG_LINKS    = 
  CONFIG_COMMANDS = 
  $ ./config.status 

on rishon

config.status:821: creating Makefile
config.status:821: creating doc/Makefile
config.status:821: creating doc/img/Makefile
config.status:821: creating mixlib/Makefile
config.status:821: creating mixlib/testsuite/Makefile
config.status:821: creating mixguile/Makefile
config.status:821: creating mixutils/Makefile
config.status:821: creating mixgtk/Makefile
config.status:821: creating lib/Makefile
config.status:821: creating misc/Makefile
config.status:821: creating samples/Makefile
config.status:821: creating po/Makefile.in
config.status:821: creating intl/Makefile
config.status:887: creating config.h
config.status:1349: executing depfiles commands
config.status:1349: executing default-1 commands
config.status:1349: executing default-2 commands

## ---------------- ##
## Cache variables. ##
## ---------------- ##

ac_cv_build=x86_64-unknown-linux-gnu
ac_cv_build_alias=x86_64-unknown-linux-gnu
ac_cv_c_compiler_gnu=yes
ac_cv_c_const=yes
ac_cv_c_inline=inline
ac_cv_env_CC_set=
ac_cv_env_CC_value=
ac_cv_env_CFLAGS_set=
ac_cv_env_CFLAGS_value=
ac_cv_env_CPPFLAGS_set=
ac_cv_env_CPPFLAGS_value=
ac_cv_env_CPP_set=
ac_cv_env_CPP_value=
ac_cv_env_LDFLAGS_set=
ac_cv_env_LDFLAGS_value=
ac_cv_env_build_alias_set=
ac_cv_env_build_alias_value=
ac_cv_env_host_alias_set=
ac_cv_env_host_alias_value=
ac_cv_env_target_alias_set=
ac_cv_env_target_alias_value=
ac_cv_exeext=
ac_cv_func___argz_count=yes
ac_cv_func___argz_next=yes
ac_cv_func___argz_stringify=yes
ac_cv_func___fsetlocking=yes
ac_cv_func_alloca_works=yes
ac_cv_func_asprintf=yes
ac_cv_func_fwprintf=yes
ac_cv_func_getcwd=yes
ac_cv_func_getegid=yes
ac_cv_func_geteuid=yes
ac_cv_func_getgid=yes
ac_cv_func_getopt_long=yes
ac_cv_func_getpagesize=yes
ac_cv_func_getuid=yes
ac_cv_func_mempcpy=yes
ac_cv_func_mmap_fixed_mapped=yes
ac_cv_func_munmap=yes
ac_cv_func_putenv=yes
ac_cv_func_rl_completion_matches=yes
ac_cv_func_setenv=yes
ac_cv_func_setlocale=yes
ac_cv_func_snprintf=yes
ac_cv_func_stpcpy=yes
ac_cv_func_strcasecmp=yes
ac_cv_func_strdup=yes
ac_cv_func_strtoul=yes
ac_cv_func_tsearch=yes
ac_cv_func_wcslen=yes
ac_cv_gnu_library_2_1=yes
ac_cv_have_decl__snprintf=no
ac_cv_have_decl__snwprintf=no
ac_cv_have_decl_feof_unlocked=yes
ac_cv_have_decl_fgets_unlocked=no
ac_cv_have_decl_getc_unlocked=yes
ac_cv_header_argz_h=yes
ac_cv_header_inttypes_h=yes
ac_cv_header_limits_h=yes
ac_cv_header_locale_h=yes
ac_cv_header_malloc_h=yes
ac_cv_header_memory_h=yes
ac_cv_header_nl_types_h=yes
ac_cv_header_stdc=yes
ac_cv_header_stddef_h=yes
ac_cv_header_stdint_h=yes
ac_cv_header_stdlib_h=yes
ac_cv_header_string_h=yes
ac_cv_header_strings_h=yes
ac_cv_header_sys_param_h=yes
ac_cv_header_sys_stat_h=yes
ac_cv_header_sys_types_h=yes
ac_cv_header_unistd_h=yes
ac_cv_host=x86_64-unknown-linux-gnu
ac_cv_host_alias=x86_64-unknown-linux-gnu
ac_cv_lib_fl_yywrap=no
ac_cv_lib_history_add_history=yes
ac_cv_lib_l_yywrap=no
ac_cv_lib_ncurses_initscr=yes
ac_cv_lib_readline_readline=yes
ac_cv_objext=o
ac_cv_path_GMSGFMT=/usr/bin/msgfmt
ac_cv_path_INTLTOOL_PERL=/usr/bin/perl
ac_cv_path_MSGFMT=/usr/bin/msgfmt
ac_cv_path_MSGMERGE=/usr/bin/msgmerge
ac_cv_path_PKG_CONFIG=/usr/bin/pkg-config
ac_cv_path_XGETTEXT=/usr/bin/xgettext
ac_cv_path_install='/usr/bin/install -c'
ac_cv_prog_AWK=gawk
ac_cv_prog_CPP='gcc -E'
ac_cv_prog_ac_ct_CC=gcc
ac_cv_prog_ac_ct_RANLIB=ranlib
ac_cv_prog_cc_g=yes
ac_cv_prog_cc_stdc=
ac_cv_prog_egrep='grep -E'
ac_cv_prog_make_make_set=yes
ac_cv_search_strerror='none required'
ac_cv_type_long_long=yes
ac_cv_type_off_t=yes
ac_cv_type_ptrdiff_t=yes
ac_cv_type_size_t=yes
ac_cv_type_unsigned_long_long=yes
ac_cv_working_alloca_h=yes
acl_cv_hardcode_direct=no
acl_cv_hardcode_libdir_flag_spec='${wl}-rpath ${wl}$libdir'
acl_cv_hardcode_libdir_separator=
acl_cv_hardcode_minus_L=no
acl_cv_libext=a
acl_cv_path_LD=/usr/bin/ld
acl_cv_prog_gnu_ld=yes
acl_cv_rpath=done
acl_cv_shlibext=so
acl_cv_wl=-Wl,
am_cv_CC_dependencies_compiler_type=gcc3
am_cv_func_iconv=yes
am_cv_langinfo_codeset=yes
am_cv_lib_iconv=no
am_cv_prog_cc_stdc=
am_cv_proto_iconv='extern size_t iconv (iconv_t cd, char * *inbuf, size_t *inbytesleft, char * *outbuf, size_t *outbytesleft);'
am_cv_proto_iconv_arg1=
am_cv_val_LC_MESSAGES=yes
bh_cv_c_signed=yes
gt_cv_c_intmax_t=yes
gt_cv_c_long_double=yes
gt_cv_c_wchar_t=yes
gt_cv_c_wint_t=yes
gt_cv_func_gnugettext1_libc=yes
gt_cv_func_printf_posix=yes
gt_cv_header_inttypes_h=yes
gt_cv_int_divbyzero_sigfpe=yes
gt_cv_inttypes_pri_broken=no
jm_ac_cv_header_inttypes_h=yes
jm_ac_cv_header_stdint_h=yes
nls_cv_force_use_gnu_gettext=no
nls_cv_header_intl=
nls_cv_header_libgt=
nls_cv_use_gnu_gettext=no

## ----------------- ##
## Output variables. ##
## ----------------- ##

ACLOCAL='${SHELL} /home/carolhanna/Security_Project/gnu_dataset/mdk-1.2/missing --run aclocal-1.8'
ALLOCA=''
AMDEPBACKSLASH='\'
AMDEP_FALSE='#'
AMDEP_TRUE=''
AMTAR='${SHELL} /home/carolhanna/Security_Project/gnu_dataset/mdk-1.2/missing --run tar'
AUTOCONF='${SHELL} /home/carolhanna/Security_Project/gnu_dataset/mdk-1.2/missing --run autoconf'
AUTOHEADER='${SHELL} /home/carolhanna/Security_Project/gnu_dataset/mdk-1.2/missing --run autoheader'
AUTOMAKE='${SHELL} /home/carolhanna/Security_Project/gnu_dataset/mdk-1.2/missing --run automake-1.8'
AWK='gawk'
BUILD_INCLUDED_LIBINTL='no'
CATOBJEXT='.gmo'
CC='gcc'
CCDEPMODE='depmode=gcc3'
CFLAGS='-g -O2 -fno-strict-aliasing -I/usr/include/glib-2.0 -I/usr/lib/x86_64-linux-gnu/glib-2.0/include -DG_DISABLE_DEPRECATED -Wall'
CPP='gcc -E'
CPPFLAGS=''
CYGPATH_W='echo'
DATADIRNAME='share'
DEFS='-DHAVE_CONFIG_H'
DEPDIR='.deps'
ECHO_C=''
ECHO_N='-n'
ECHO_T=''
EGREP='grep -E'
EXEEXT=''
GENCAT='gencat'
GLIBC21='yes'
GLIB_CFLAGS='-I/usr/include/glib-2.0 -I/usr/lib/x86_64-linux-gnu/glib-2.0/include'
GLIB_LIBS='-lglib-2.0'
GMSGFMT='/usr/bin/msgfmt'
GTK_CFLAGS=''
GTK_LIBS=''
HAVE_ASPRINTF='1'
HAVE_POSIX_PRINTF='1'
HAVE_SNPRINTF='1'
HAVE_WPRINTF='0'
INSTALL_DATA='${INSTALL} -m 644'
INSTALL_PROGRAM='${INSTALL}'
INSTALL_SCRIPT='${INSTALL}'
INSTALL_STRIP_PROGRAM='${SHELL} $(install_sh) -c -s'
INSTOBJEXT='.mo'
INTLBISON=':'
INTLLIBS=''
INTLOBJS=''
INTLTOOL_CAVES_RULE='%.caves:     %.caves.in     $(INTLTOOL_MERGE) $(wildcard $(top_srcdir)/po/*.po) ; LC_ALL=C $(INTLTOOL_MERGE) -d -u -c $(top_builddir)/po/.intltool-merge-cache $(top_srcdir)/po $< $@'
INTLTOOL_DESKTOP_RULE='%.desktop:   %.desktop.in   $(INTLTOOL_MERGE) $(wildcard $(top_srcdir)/po/*.po) ; LC_ALL=C $(INTLTOOL_MERGE) -d -u -c $(top_builddir)/po/.intltool-merge-cache $(top_srcdir)/po $< $@'
INTLTOOL_DIRECTORY_RULE='%.directory: %.directory.in $(INTLTOOL_MERGE) $(wildcard $(top_srcdir)/po/*.po) ; LC_ALL=C $(INTLTOOL_MERGE) -d -u -c $(top_builddir)/po/.intltool-merge-cache $(top_srcdir)/po $< $@'
INTLTOOL_EXTRACT='$(top_builddir)/intltool-extract'
INTLTOOL_KBD_RULE='%.kbd:       %.kbd.in       $(INTLTOOL_MERGE) $(wildcard $(top_srcdir)/po/*.po) ; LC_ALL=C $(INTLTOOL_MERGE) -x -u -m -c $(top_builddir)/po/.intltool-merge-cache $(top_srcdir)/po $< $@'
INTLTOOL_KEYS_RULE='%.keys:      %.keys.in      $(INTLTOOL_MERGE) $(wildcard $(top_srcdir)/po/*.po) ; LC_ALL=C $(INTLTOOL_MERGE) -k -u -c $(top_builddir)/po/.intltool-merge-cache $(top_srcdir)/po $< $@'
INTLTOOL_MERGE='$(top_builddir)/intltool-merge'
INTLTOOL_OAF_RULE='%.oaf:       %.oaf.in       $(INTLTOOL_MERGE) $(wildcard $(top_srcdir)/po/*.po) ; LC_ALL=C $(INTLTOOL_MERGE) -o -p $(top_srcdir)/po $< $@'
INTLTOOL_PERL='/usr/bin/perl'
INTLTOOL_PONG_RULE='%.pong:      %.pong.in      $(INTLTOOL_MERGE) $(wildcard $(top_srcdir)/po/*.po) ; LC_ALL=C $(INTLTOOL_MERGE) -x -u -c $(top_builddir)/po/.intltool-merge-cache $(top_srcdir)/po $< $@'
INTLTOOL_PROP_RULE='%.prop:      %.prop.in      $(INTLTOOL_MERGE) $(wildcard $(top_srcdir)/po/*.po) ; LC_ALL=C $(INTLTOOL_MERGE) -d -u -c $(top_builddir)/po/.intltool-merge-cache $(top_srcdir)/po $< $@'
INTLTOOL_SCHEMAS_RULE='%.schemas:   %.schemas.in   $(INTLTOOL_MERGE) $(wildcard $(top_srcdir)/po/*.po) ; LC_ALL=C $(INTLTOOL_MERGE) -s -u -c $(top_builddir)/po/.intltool-merge-cache $(top_srcdir)/po $< $@'
INTLTOOL_SERVER_RULE='%.server:    %.server.in    $(INTLTOOL_MERGE) $(wildcard $(top_srcdir)/po/*.po) ; LC_ALL=C $(INTLTOOL_MERGE) -o -u -c $(top_builddir)/po/.intltool-merge-cache $(top_srcdir)/po $< $@'
INTLTOOL_SHEET_RULE='%.sheet:     %.sheet.in     $(INTLTOOL_MERGE) $(wildcard $(top_srcdir)/po/*.po) ; LC_ALL=C $(INTLTOOL_MERGE) -x -u -c $(top_builddir)/po/.intltool-merge-cache $(top_srcdir)/po $< $@'
INTLTOOL_SOUNDLIST_RULE='%.soundlist: %.soundlist.in $(INTLTOOL_MERGE) $(wildcard $(top_srcdir)/po/*.po) ; LC_ALL=C $(INTLTOOL_MERGE) -d -u -c $(top_builddir)/po/.intltool-merge-cache $(top_srcdir)/po $< $@'
INTLTOOL_THEME_RULE='%.theme:     %.theme.in     $(INTLTOOL_MERGE) $(wildcard $(top_srcdir)/po/*.po) ; LC_ALL=C $(INTLTOOL_MERGE) -d -u -c $(top_builddir)/po/.intltool-merge-cache $(top_srcdir)/po $< $@'
INTLTOOL_UI_RULE='%.ui:        %.ui.in        $(INTLTOOL_MERGE) $(wildcard $(top_srcdir)/po/*.po) ; LC_ALL=C $(INTLTOOL_MERGE) -x -u -c $(top_builddir)/po/.intltool-merge-cache $(top_srcdir)/po $< $@'
INTLTOOL_UPDATE='$(top_builddir)/intltool-update'
INTLTOOL_XAM_RULE='%.xam:       %.xml.in       $(INTLTOOL_MERGE) $(wildcard $(top_srcdir)/po/*.po) ; LC_ALL=C $(INTLTOOL_MERGE) -x -u -c $(top_builddir)/po/.intltool-merge-cache $(top_srcdir)/po $< $@'
INTLTOOL_XML_RULE='%.xml:       %.xml.in       $(INTLTOOL_MERGE) $(wildcard $(top_srcdir)/po/*.po) ; LC_ALL=C $(INTLTOOL_MERGE) -x -u -c $(top_builddir)/po/.intltool-merge-cache $(top_srcdir)/po $< $@'
INTL_LIBTOOL_SUFFIX_PREFIX=''
LDFLAGS=''
LEX='${SHELL} /home/carolhanna/Security_Project/gnu_dataset/mdk-1.2/missing --run flex'
LEXLIB=''
LEX_OUTPUT_ROOT=''
LIBICONV=''
LIBINTL=''
LIBOBJS=''
LIBS='-lhistory -lreadline -lncurses  -lglib-2.0'
LTLIBICONV=''
LTLIBINTL=''
LTLIBOBJS=''
MAINT='#'
MAINTAINER_MODE_FALSE=''
MAINTAINER_MODE_TRUE='#'
MAKEINFO='${SHELL} /home/carolhanna/Security_Project/gnu_dataset/mdk-1.2/missing --run makeinfo'
MAKE_GUILE=''
MAKE_GUILE_FALSE=''
MAKE_GUILE_TRUE='#'
MAKE_GUI_FALSE=''
MAKE_GUI_TRUE='#'
MKINSTALLDIRS='$(top_builddir)/./mkinstalldirs'
MSGFMT='/usr/bin/msgfmt'
MSGMERGE='/usr/bin/msgmerge'
OBJEXT='o'
PACKAGE='mdk'
PACKAGE_BUGREPORT='bug-mdk@gnu.org'
PACKAGE_NAME='GNU MDK'
PACKAGE_STRING='GNU MDK 1.2'
PACKAGE_TARNAME='mdk'
PACKAGE_VERSION='1.2'
PATH_SEPARATOR=':'
PKG_CONFIG='/usr/bin/pkg-config'
POSUB='po'
RANLIB='ranlib'
SET_MAKE=''
SHELL='/bin/bash'
STRIP=''
USE_INCLUDED_LIBINTL='no'
USE_NLS='yes'
VERSION='1.2'
XGETTEXT='/usr/bin/xgettext'
ac_ct_CC='gcc'
ac_ct_RANLIB='ranlib'
ac_ct_STRIP=''
am__fastdepCC_FALSE='#'
am__fastdepCC_TRUE=''
am__include='include'
am__leading_dot='.'
am__quote=''
bindir='${exec_prefix}/bin'
build='x86_64-unknown-linux-gnu'
build_alias=''
build_cpu='x86_64'
build_os='linux-gnu'
build_vendor='unknown'
datadir='${prefix}/share'
exec_prefix='${prefix}'
host='x86_64-unknown-linux-gnu'
host_alias=''
host_cpu='x86_64'
host_os='linux-gnu'
host_vendor='unknown'
includedir='${prefix}/include'
infodir='${prefix}/info'
install_sh='/home/carolhanna/Security_Project/gnu_dataset/mdk-1.2/install-sh'
libdir='${exec_prefix}/lib'
libexecdir='${exec_prefix}/libexec'
localstatedir='${prefix}/var'
mandir='${prefix}/man'
mkdir_p='mkdir -p -- .'
oldincludedir='/usr/include'
prefix='/usr/local'
program_transform_name='s,x,x,'
sbindir='${exec_prefix}/sbin'
sharedstatedir='${prefix}/com'
sysconfdir='${prefix}/etc'
target_alias=''

## ----------- ##
## confdefs.h. ##
## ----------- ##

#define ENABLE_NLS 1
#define HAVE_ALLOCA 1
#define HAVE_ALLOCA_H 1
#define HAVE_ARGZ_H 1
#define HAVE_ASPRINTF 1
#define HAVE_DCGETTEXT 1
#define HAVE_DECL_FEOF_UNLOCKED 1
#define HAVE_DECL_FGETS_UNLOCKED 0
#define HAVE_DECL_GETC_UNLOCKED 1
#define HAVE_DECL__SNPRINTF 0
#define HAVE_DECL__SNWPRINTF 0
#define HAVE_FWPRINTF 1
#define HAVE_GETCWD 1
#define HAVE_GETEGID 1
#define HAVE_GETEUID 1
#define HAVE_GETGID 1
#define HAVE_GETOPT_LONG 1
#define HAVE_GETPAGESIZE 1
#define HAVE_GETTEXT 1
#define HAVE_GETUID 1
#define HAVE_ICONV 1
#define HAVE_INTMAX_T 1
#define HAVE_INTTYPES_H 1
#define HAVE_INTTYPES_H 1
#define HAVE_INTTYPES_H_WITH_UINTMAX 1
#define HAVE_LANGINFO_CODESET 1
#define HAVE_LC_MESSAGES 1
#define HAVE_LIBHISTORY 1
#define HAVE_LIBNCURSES 1
#define HAVE_LIBREADLINE 1
#define HAVE_LIMITS_H 1
#define HAVE_LOCALE_H 1
#define HAVE_LONG_DOUBLE 1
#define HAVE_LONG_LONG 1
#define HAVE_MALLOC_H 1
#define HAVE_MEMORY_H 1
#define HAVE_MEMPCPY 1
#define HAVE_MMAP 1
#define HAVE_MUNMAP 1
#define HAVE_NL_TYPES_H 1
#define HAVE_POSIX_PRINTF 1
#define HAVE_PUTENV 1
#define HAVE_RL_COMPLETION_MATCHES 1
#define HAVE_SETENV 1
#define HAVE_SETLOCALE 1
#define HAVE_SNPRINTF 1
#define HAVE_STDDEF_H 1
#define HAVE_STDINT_H 1
#define HAVE_STDINT_H 1
#define HAVE_STDINT_H 1
#define HAVE_STDINT_H_WITH_UINTMAX 1
#define HAVE_STDLIB_H 1
#define HAVE_STDLIB_H 1
#define HAVE_STDLIB_H 1
#define HAVE_STPCPY 1
#define HAVE_STRCASECMP 1
#define HAVE_STRDUP 1
#define HAVE_STRINGS_H 1
#define HAVE_STRING_H 1
#define HAVE_STRING_H 1
#define HAVE_STRTOUL 1
#define HAVE_SYS_PARAM_H 1
#define HAVE_SYS_STAT_H 1
#define HAVE_SYS_TYPES_H 1
#define HAVE_TSEARCH 1
#define HAVE_UINTMAX_T 1
#define HAVE_UNISTD_H 1
#define HAVE_UNISTD_H 1
#define HAVE_UNISTD_H 1
#define HAVE_UNSIGNED_LONG_LONG 1
#define HAVE_WCHAR_T 1
#define HAVE_WCSLEN 1
#define HAVE_WINT_T 1
#define HAVE___ARGZ_COUNT 1
#define HAVE___ARGZ_NEXT 1
#define HAVE___ARGZ_STRINGIFY 1
#define HAVE___FSETLOCKING 1
#define ICONV_CONST 
#define INTDIV0_RAISES_SIGFPE 1
#define LOCALEDIR "/usr/local/share/locale"
#define PACKAGE "mdk"
#define PACKAGE_BUGREPORT "bug-mdk@gnu.org"
#define PACKAGE_NAME "GNU MDK"
#define PACKAGE_STRING "GNU MDK 1.2"
#define PACKAGE_TARNAME "mdk"
#define PACKAGE_VERSION "1.2"
#define STDC_HEADERS 1
#define VERSION "1.2"

configure: exit 0
