This file contains any messages produced by compilers while
running configure, to aid debugging if configure makes a mistake.

It was created by GNU Ball and Paddle configure 0.8.0, which was
generated by GNU Autoconf 2.61.  Invocation command line was

  $ ./configure 

## --------- ##
## Platform. ##
## --------- ##

hostname = rishon
uname -m = x86_64
uname -r = 4.15.0-72-generic
uname -s = Linux
uname -v = #81-Ubuntu SMP Tue Nov 26 12:20:02 UTC 2019

/usr/bin/uname -p = unknown
/bin/uname -X     = unknown

/bin/arch              = unknown
/usr/bin/arch -k       = unknown
/usr/convex/getsysinfo = unknown
/usr/bin/hostinfo      = unknown
/bin/machine           = unknown
/usr/bin/oslevel       = unknown
/bin/universe          = unknown

PATH: /home/carolhanna/miniconda3/bin
PATH: /home/carolhanna/miniconda3/condabin
PATH: /usr/local/sbin
PATH: /usr/local/bin
PATH: /usr/sbin
PATH: /usr/bin
PATH: /sbin
PATH: /bin
PATH: /usr/games
PATH: /usr/local/games
PATH: /snap/bin


## ----------- ##
## Core tests. ##
## ----------- ##

configure:1789: checking for a BSD-compatible install
configure:1845: result: /usr/bin/install -c
configure:1856: checking whether build environment is sane
configure:1899: result: yes
configure:1927: checking for a thread-safe mkdir -p
configure:1966: result: /bin/mkdir -p
configure:1979: checking for gawk
configure:1995: found /usr/bin/gawk
configure:2006: result: gawk
configure:2017: checking whether make sets $(MAKE)
configure:2038: result: yes
configure:2287: checking for g++
configure:2303: found /usr/bin/g++
configure:2314: result: g++
configure:2345: checking for C++ compiler version
configure:2352: g++ --version >&5
g++ (Ubuntu 7.5.0-3ubuntu1~18.04) 7.5.0
Copyright (C) 2017 Free Software Foundation, Inc.
This is free software; see the source for copying conditions.  There is NO
warranty; not even for MERCHANTABILITY or FITNESS FOR A PARTICULAR PURPOSE.

configure:2355: $? = 0
configure:2362: g++ -v >&5
Using built-in specs.
COLLECT_GCC=g++
COLLECT_LTO_WRAPPER=/usr/lib/gcc/x86_64-linux-gnu/7/lto-wrapper
OFFLOAD_TARGET_NAMES=nvptx-none
OFFLOAD_TARGET_DEFAULT=1
Target: x86_64-linux-gnu
Configured with: ../src/configure -v --with-pkgversion='Ubuntu 7.5.0-3ubuntu1~18.04' --with-bugurl=file:///usr/share/doc/gcc-7/README.Bugs --enable-languages=c,ada,c++,go,brig,d,fortran,objc,obj-c++ --prefix=/usr --with-gcc-major-version-only --program-suffix=-7 --program-prefix=x86_64-linux-gnu- --enable-shared --enable-linker-build-id --libexecdir=/usr/lib --without-included-gettext --enable-threads=posix --libdir=/usr/lib --enable-nls --enable-bootstrap --enable-clocale=gnu --enable-libstdcxx-debug --enable-libstdcxx-time=yes --with-default-libstdcxx-abi=new --enable-gnu-unique-object --disable-vtable-verify --enable-libmpx --enable-plugin --enable-default-pie --with-system-zlib --with-target-system-zlib --enable-objc-gc=auto --enable-multiarch --disable-werror --with-arch-32=i686 --with-abi=m64 --with-multilib-list=m32,m64,mx32 --enable-multilib --with-tune=generic --enable-offload-targets=nvptx-none --without-cuda-driver --enable-checking=release --build=x86_64-linux-gnu --host=x86_64-linux-gnu --target=x86_64-linux-gnu
Thread model: posix
gcc version 7.5.0 (Ubuntu 7.5.0-3ubuntu1~18.04) 
configure:2365: $? = 0
configure:2372: g++ -V >&5
g++: error: unrecognized command line option '-V'
g++: fatal error: no input files
compilation terminated.
configure:2375: $? = 1
configure:2398: checking for C++ compiler default output file name
configure:2425: g++    conftest.cpp  >&5
configure:2428: $? = 0
configure:2466: result: a.out
configure:2483: checking whether the C++ compiler works
configure:2493: ./a.out
configure:2496: $? = 0
configure:2513: result: yes
configure:2520: checking whether we are cross compiling
configure:2522: result: no
configure:2525: checking for suffix of executables
configure:2532: g++ -o conftest    conftest.cpp  >&5
configure:2535: $? = 0
configure:2559: result: 
configure:2565: checking for suffix of object files
configure:2591: g++ -c   conftest.cpp >&5
configure:2594: $? = 0
configure:2617: result: o
configure:2621: checking whether we are using the GNU C++ compiler
configure:2650: g++ -c   conftest.cpp >&5
configure:2656: $? = 0
configure:2673: result: yes
configure:2678: checking whether g++ accepts -g
configure:2708: g++ -c -g  conftest.cpp >&5
configure:2714: $? = 0
configure:2813: result: yes
configure:2847: checking for style of include used by make
configure:2875: result: GNU
configure:2900: checking dependency style of g++
configure:2991: result: gcc3
configure:3015: checking whether NLS is requested
configure:3024: result: yes
configure:3065: checking for msgfmt
configure: trying /usr/bin/msgfmt...
0 translated messages.
configure:3097: result: /usr/bin/msgfmt
configure:3106: checking for gmsgfmt
configure:3137: result: /usr/bin/msgfmt
configure:3188: checking for xgettext
configure: trying /usr/bin/xgettext...
/usr/bin/xgettext: warning: file '/dev/null' extension '' is unknown; will try C
configure:3220: result: /usr/bin/xgettext
configure:3266: checking for msgmerge
configure: trying /usr/bin/msgmerge...
configure:3297: result: /usr/bin/msgmerge
configure:3378: checking for gcc
configure:3394: found /usr/bin/gcc
configure:3405: result: gcc
configure:3643: checking for C compiler version
configure:3650: gcc --version >&5
gcc (Ubuntu 7.5.0-3ubuntu1~18.04) 7.5.0
Copyright (C) 2017 Free Software Foundation, Inc.
This is free software; see the source for copying conditions.  There is NO
warranty; not even for MERCHANTABILITY or FITNESS FOR A PARTICULAR PURPOSE.

configure:3653: $? = 0
configure:3660: gcc -v >&5
Using built-in specs.
COLLECT_GCC=gcc
COLLECT_LTO_WRAPPER=/usr/lib/gcc/x86_64-linux-gnu/7/lto-wrapper
OFFLOAD_TARGET_NAMES=nvptx-none
OFFLOAD_TARGET_DEFAULT=1
Target: x86_64-linux-gnu
Configured with: ../src/configure -v --with-pkgversion='Ubuntu 7.5.0-3ubuntu1~18.04' --with-bugurl=file:///usr/share/doc/gcc-7/README.Bugs --enable-languages=c,ada,c++,go,brig,d,fortran,objc,obj-c++ --prefix=/usr --with-gcc-major-version-only --program-suffix=-7 --program-prefix=x86_64-linux-gnu- --enable-shared --enable-linker-build-id --libexecdir=/usr/lib --without-included-gettext --enable-threads=posix --libdir=/usr/lib --enable-nls --enable-bootstrap --enable-clocale=gnu --enable-libstdcxx-debug --enable-libstdcxx-time=yes --with-default-libstdcxx-abi=new --enable-gnu-unique-object --disable-vtable-verify --enable-libmpx --enable-plugin --enable-default-pie --with-system-zlib --with-target-system-zlib --enable-objc-gc=auto --enable-multiarch --disable-werror --with-arch-32=i686 --with-abi=m64 --with-multilib-list=m32,m64,mx32 --enable-multilib --with-tune=generic --enable-offload-targets=nvptx-none --without-cuda-driver --enable-checking=release --build=x86_64-linux-gnu --host=x86_64-linux-gnu --target=x86_64-linux-gnu
Thread model: posix
gcc version 7.5.0 (Ubuntu 7.5.0-3ubuntu1~18.04) 
configure:3663: $? = 0
configure:3670: gcc -V >&5
gcc: error: unrecognized command line option '-V'
gcc: fatal error: no input files
compilation terminated.
configure:3673: $? = 1
configure:3676: checking whether we are using the GNU C compiler
configure:3705: gcc -c   conftest.c >&5
configure:3711: $? = 0
configure:3728: result: yes
configure:3733: checking whether gcc accepts -g
configure:3763: gcc -c -g  conftest.c >&5
configure:3769: $? = 0
configure:3868: result: yes
configure:3885: checking for gcc option to accept ISO C89
configure:3959: gcc  -c -g -O2  conftest.c >&5
configure:3965: $? = 0
configure:3988: result: none needed
configure:4008: checking dependency style of gcc
configure:4099: result: gcc3
configure:4120: checking build system type
configure:4138: result: x86_64-unknown-linux-gnu
configure:4160: checking host system type
configure:4175: result: x86_64-unknown-linux-gnu
configure:4221: checking for ld used by GCC
configure:4285: result: /usr/bin/ld
configure:4294: checking if the linker (/usr/bin/ld) is GNU ld
configure:4307: result: yes
configure:4314: checking for shared library run path origin
configure:4327: result: done
configure:4865: checking for GNU gettext in libc
configure:4895: gcc -o conftest -g -O2   conftest.c  >&5
configure:4901: $? = 0
configure:4919: result: yes
configure:5803: checking whether to use NLS
configure:5805: result: yes
configure:5808: checking where the gettext function comes from
configure:5819: result: libc
configure:5924: checking for sdl-config
configure:5955: result: no
configure:5964: checking for SDL - version >= 1.2.0
configure:6098: result: no
configure:6182: error: *** SDL version 1.2.0 not found!

## ---------------- ##
## Cache variables. ##
## ---------------- ##

ac_cv_build=x86_64-unknown-linux-gnu
ac_cv_c_compiler_gnu=yes
ac_cv_cxx_compiler_gnu=yes
ac_cv_env_CCC_set=
ac_cv_env_CCC_value=
ac_cv_env_CC_set=
ac_cv_env_CC_value=
ac_cv_env_CFLAGS_set=
ac_cv_env_CFLAGS_value=
ac_cv_env_CPPFLAGS_set=
ac_cv_env_CPPFLAGS_value=
ac_cv_env_CXXFLAGS_set=
ac_cv_env_CXXFLAGS_value=
ac_cv_env_CXX_set=
ac_cv_env_CXX_value=
ac_cv_env_LDFLAGS_set=
ac_cv_env_LDFLAGS_value=
ac_cv_env_LIBS_set=
ac_cv_env_LIBS_value=
ac_cv_env_build_alias_set=
ac_cv_env_build_alias_value=
ac_cv_env_host_alias_set=
ac_cv_env_host_alias_value=
ac_cv_env_target_alias_set=
ac_cv_env_target_alias_value=
ac_cv_host=x86_64-unknown-linux-gnu
ac_cv_objext=o
ac_cv_path_GMSGFMT=/usr/bin/msgfmt
ac_cv_path_MSGFMT=/usr/bin/msgfmt
ac_cv_path_MSGMERGE=/usr/bin/msgmerge
ac_cv_path_SDL_CONFIG=no
ac_cv_path_XGETTEXT=/usr/bin/xgettext
ac_cv_path_install='/usr/bin/install -c'
ac_cv_path_mkdir=/bin/mkdir
ac_cv_prog_AWK=gawk
ac_cv_prog_ac_ct_CC=gcc
ac_cv_prog_ac_ct_CXX=g++
ac_cv_prog_cc_c89=
ac_cv_prog_cc_g=yes
ac_cv_prog_cxx_g=yes
ac_cv_prog_make_make_set=yes
acl_cv_hardcode_direct=no
acl_cv_hardcode_libdir_flag_spec='${wl}-rpath ${wl}$libdir'
acl_cv_hardcode_libdir_separator=
acl_cv_hardcode_minus_L=no
acl_cv_libext=a
acl_cv_libname_spec='lib$name'
acl_cv_library_names_spec='$libname$shrext'
acl_cv_path_LD=/usr/bin/ld
acl_cv_prog_gnu_ld=yes
acl_cv_rpath=done
acl_cv_shlibext=so
acl_cv_wl=-Wl,
am_cv_CC_dependencies_compiler_type=gcc3
am_cv_CXX_dependencies_compiler_type=gcc3
gt_cv_func_gnugettext1_libc=yes

## ----------------- ##
## Output variables. ##
## ----------------- ##

ACLOCAL='${SHELL} /home/carolhanna/Security_Project/gnu_dataset/ballandpaddle-0.8.0/missing --run aclocal-1.10'
AMDEPBACKSLASH='\'
AMDEP_FALSE='#'
AMDEP_TRUE=''
AMTAR='${SHELL} /home/carolhanna/Security_Project/gnu_dataset/ballandpaddle-0.8.0/missing --run tar'
AUTOCONF='${SHELL} /home/carolhanna/Security_Project/gnu_dataset/ballandpaddle-0.8.0/missing --run autoconf'
AUTOHEADER='${SHELL} /home/carolhanna/Security_Project/gnu_dataset/ballandpaddle-0.8.0/missing --run autoheader'
AUTOMAKE='${SHELL} /home/carolhanna/Security_Project/gnu_dataset/ballandpaddle-0.8.0/missing --run automake-1.10'
AWK='gawk'
CC='gcc'
CCDEPMODE='depmode=gcc3'
CFLAGS='-g -O2'
CPPFLAGS=''
CXX='g++'
CXXDEPMODE='depmode=gcc3'
CXXFLAGS='-g -O2'
CYGPATH_W='echo'
DEFS=''
DEPDIR='.deps'
ECHO_C=''
ECHO_N='-n'
ECHO_T=''
EXEEXT=''
GETTEXT_MACRO_VERSION='0.17'
GMSGFMT='/usr/bin/msgfmt'
GMSGFMT_015='/usr/bin/msgfmt'
INSTALL_DATA='${INSTALL} -m 644'
INSTALL_PROGRAM='${INSTALL}'
INSTALL_SCRIPT='${INSTALL}'
INSTALL_STRIP_PROGRAM='$(install_sh) -c -s'
INTLLIBS=''
LDFLAGS=''
LIBICONV='-liconv'
LIBINTL=''
LIBOBJS=''
LIBS=''
LTLIBICONV='-liconv'
LTLIBINTL=''
LTLIBOBJS=''
MAKEINFO='${SHELL} /home/carolhanna/Security_Project/gnu_dataset/ballandpaddle-0.8.0/missing --run makeinfo'
MSGFMT='/usr/bin/msgfmt'
MSGFMT_015='/usr/bin/msgfmt'
MSGMERGE='/usr/bin/msgmerge'
OBJEXT='o'
PACKAGE='ballandpaddle'
PACKAGE_BUGREPORT='hutchiep190@potsdam.edu'
PACKAGE_NAME='GNU Ball and Paddle'
PACKAGE_STRING='GNU Ball and Paddle 0.8.0'
PACKAGE_TARNAME='ballandpaddle'
PACKAGE_VERSION='0.8.0'
PATH_SEPARATOR=':'
POSUB='po'
SDL_CFLAGS=''
SDL_CONFIG='no'
SDL_LIBS=''
SET_MAKE=''
SHELL='/bin/bash'
STRIP=''
USE_NLS='yes'
VERSION='0.8.0'
XGETTEXT='/usr/bin/xgettext'
XGETTEXT_015='/usr/bin/xgettext'
XGETTEXT_EXTRA_OPTIONS=''
ac_ct_CC='gcc'
ac_ct_CXX='g++'
am__fastdepCC_FALSE='#'
am__fastdepCC_TRUE=''
am__fastdepCXX_FALSE='#'
am__fastdepCXX_TRUE=''
am__include='include'
am__isrc=''
am__leading_dot='.'
am__quote=''
am__tar='${AMTAR} chof - "$$tardir"'
am__untar='${AMTAR} xf -'
bindir='${exec_prefix}/bin'
build='x86_64-unknown-linux-gnu'
build_alias=''
build_cpu='x86_64'
build_os='linux-gnu'
build_vendor='unknown'
datadir='${datarootdir}'
datarootdir='${prefix}/share'
docdir='${datarootdir}/doc/${PACKAGE_TARNAME}'
dvidir='${docdir}'
exec_prefix='NONE'
host='x86_64-unknown-linux-gnu'
host_alias=''
host_cpu='x86_64'
host_os='linux-gnu'
host_vendor='unknown'
htmldir='${docdir}'
includedir='${prefix}/include'
infodir='${datarootdir}/info'
install_sh='$(SHELL) /home/carolhanna/Security_Project/gnu_dataset/ballandpaddle-0.8.0/install-sh'
libdir='${exec_prefix}/lib'
libexecdir='${exec_prefix}/libexec'
localedir='${datarootdir}/locale'
localstatedir='${prefix}/var'
mandir='${datarootdir}/man'
mkdir_p='/bin/mkdir -p'
oldincludedir='/usr/include'
pdfdir='${docdir}'
prefix='NONE'
program_transform_name='s,x,x,'
psdir='${docdir}'
sbindir='${exec_prefix}/sbin'
sharedstatedir='${prefix}/com'
sysconfdir='${prefix}/etc'
target_alias=''

## ----------- ##
## confdefs.h. ##
## ----------- ##

#define PACKAGE_NAME "GNU Ball and Paddle"
#define PACKAGE_TARNAME "ballandpaddle"
#define PACKAGE_VERSION "0.8.0"
#define PACKAGE_STRING "GNU Ball and Paddle 0.8.0"
#define PACKAGE_BUGREPORT "hutchiep190@potsdam.edu"
#define PACKAGE "ballandpaddle"
#define VERSION "0.8.0"
#define _GNU_SOURCE 1
#define ENABLE_NLS 1
#define HAVE_GETTEXT 1
#define HAVE_DCGETTEXT 1

configure: exit 1
