This file contains any messages produced by compilers while
running configure, to aid debugging if configure makes a mistake.

configure:565: checking host system type
configure:606: checking target system type
configure:646: checking build system type
configure:729: checking for gcc
configure:842: checking whether the C compiler (gcc   ) works
configure:858: gcc -o conftest    conftest.c  1>&5
configure:855:1: warning: return type defaults to 'int' [-Wimplicit-int]
 main(){return(0);}
 ^~~~
configure:884: checking whether the C compiler (gcc   ) is a cross-compiler
configure:889: checking whether we are using GNU C
configure:898: gcc -E conftest.c
configure:917: checking whether gcc accepts -g
configure:949: checking how to run the C preprocessor
configure:970: gcc -E  conftest.c >/dev/null 2>conftest.out
configure:1100: checking for ranlib
configure:1139: checking for ld used by GCC
configure:1202: checking if the linker (/usr/bin/ld) is GNU ld
GNU ld (GNU Binutils for Ubuntu) 2.30
configure:1218: checking for BSD-compatible nm
configure:1256: checking command to parse /usr/bin/nm -B output
configure:1319: gcc -c -g -O2  conftest.c 1>&5
configure:1323: /usr/bin/nm -B conftest.o | sed -n -e 's/^.* \([ABCDGISTW]\) *\(\)\([_A-Za-z][_A-Za-z0-9]*\)$/  /p' > conftest.nm
configure:1375: gcc -o conftest -g -O2   conftest.c conftestm.o 1>&5
configure:1421: checking for _ prefix in compiled symbols
configure:1459: checking whether ln -s works
