This file contains any messages produced by compilers while
running configure, to aid debugging if configure makes a mistake.

It was created by configure, which was
generated by GNU Autoconf 2.60.  Invocation command line was

  $ ./configure 

## --------- ##
## Platform. ##
## --------- ##

hostname = rishon
uname -m = x86_64
uname -r = 4.15.0-72-generic
uname -s = Linux
uname -v = #81-Ubuntu SMP Tue Nov 26 12:20:02 UTC 2019

/usr/bin/uname -p = unknown
/bin/uname -X     = unknown

/bin/arch              = unknown
/usr/bin/arch -k       = unknown
/usr/convex/getsysinfo = unknown
/usr/bin/hostinfo      = unknown
/bin/machine           = unknown
/usr/bin/oslevel       = unknown
/bin/universe          = unknown

PATH: /home/carolhanna/miniconda3/bin
PATH: /home/carolhanna/miniconda3/condabin
PATH: /usr/local/sbin
PATH: /usr/local/bin
PATH: /usr/sbin
PATH: /usr/bin
PATH: /sbin
PATH: /bin
PATH: /usr/games
PATH: /usr/local/games
PATH: /snap/bin


## ----------- ##
## Core tests. ##
## ----------- ##

configure:2084: checking build system type
configure:2102: result: x86_64-unknown-linux-gnu
configure:2124: checking host system type
configure:2139: result: x86_64-unknown-linux-gnu
configure:2161: checking target system type
configure:2176: result: x86_64-unknown-linux-gnu
configure:2218: checking for a BSD-compatible install
configure:2274: result: /usr/bin/install -c
configure:2285: checking whether build environment is sane
configure:2328: result: yes
configure:2393: checking for gawk
configure:2409: found /usr/bin/gawk
configure:2420: result: gawk
configure:2431: checking whether make sets $(MAKE)
configure:2452: result: yes
configure:2641: checking libdir for lib64 suffix
configure:2646: result: no. Setting libdir to ${exec_prefix}/lib64
configure:2665: checking for style of include used by make
configure:2693: result: GNU
configure:2766: checking for gcc
configure:2782: found /usr/bin/gcc
configure:2793: result: gcc
configure:3031: checking for C compiler version
configure:3038: gcc --version >&5
gcc (Ubuntu 7.5.0-3ubuntu1~18.04) 7.5.0
Copyright (C) 2017 Free Software Foundation, Inc.
This is free software; see the source for copying conditions.  There is NO
warranty; not even for MERCHANTABILITY or FITNESS FOR A PARTICULAR PURPOSE.

configure:3041: $? = 0
configure:3048: gcc -v >&5
Using built-in specs.
COLLECT_GCC=gcc
COLLECT_LTO_WRAPPER=/usr/lib/gcc/x86_64-linux-gnu/7/lto-wrapper
OFFLOAD_TARGET_NAMES=nvptx-none
OFFLOAD_TARGET_DEFAULT=1
Target: x86_64-linux-gnu
Configured with: ../src/configure -v --with-pkgversion='Ubuntu 7.5.0-3ubuntu1~18.04' --with-bugurl=file:///usr/share/doc/gcc-7/README.Bugs --enable-languages=c,ada,c++,go,brig,d,fortran,objc,obj-c++ --prefix=/usr --with-gcc-major-version-only --program-suffix=-7 --program-prefix=x86_64-linux-gnu- --enable-shared --enable-linker-build-id --libexecdir=/usr/lib --without-included-gettext --enable-threads=posix --libdir=/usr/lib --enable-nls --enable-bootstrap --enable-clocale=gnu --enable-libstdcxx-debug --enable-libstdcxx-time=yes --with-default-libstdcxx-abi=new --enable-gnu-unique-object --disable-vtable-verify --enable-libmpx --enable-plugin --enable-default-pie --with-system-zlib --with-target-system-zlib --enable-objc-gc=auto --enable-multiarch --disable-werror --with-arch-32=i686 --with-abi=m64 --with-multilib-list=m32,m64,mx32 --enable-multilib --with-tune=generic --enable-offload-targets=nvptx-none --without-cuda-driver --enable-checking=release --build=x86_64-linux-gnu --host=x86_64-linux-gnu --target=x86_64-linux-gnu
Thread model: posix
gcc version 7.5.0 (Ubuntu 7.5.0-3ubuntu1~18.04) 
configure:3051: $? = 0
configure:3058: gcc -V >&5
gcc: error: unrecognized command line option '-V'
gcc: fatal error: no input files
compilation terminated.
configure:3061: $? = 1
configure:3084: checking for C compiler default output file name
configure:3111: gcc    conftest.c  >&5
configure:3114: $? = 0
configure:3160: result: a.out
configure:3165: checking whether the C compiler works
configure:3175: ./a.out
configure:3178: $? = 0
configure:3195: result: yes
configure:3202: checking whether we are cross compiling
configure:3204: result: no
configure:3207: checking for suffix of executables
configure:3214: gcc -o conftest    conftest.c  >&5
configure:3217: $? = 0
configure:3241: result: 
configure:3247: checking for suffix of object files
configure:3273: gcc -c   conftest.c >&5
configure:3276: $? = 0
configure:3299: result: o
configure:3303: checking whether we are using the GNU C compiler
configure:3332: gcc -c   conftest.c >&5
configure:3338: $? = 0
configure:3345: test -z "$ac_c_werror_flag" || test ! -s conftest.err
configure:3348: $? = 0
configure:3355: test -s conftest.o
configure:3358: $? = 0
configure:3372: result: yes
configure:3377: checking whether gcc accepts -g
configure:3407: gcc -c -g  conftest.c >&5
configure:3413: $? = 0
configure:3420: test -z "$ac_c_werror_flag" || test ! -s conftest.err
configure:3423: $? = 0
configure:3430: test -s conftest.o
configure:3433: $? = 0
configure:3563: result: yes
configure:3580: checking for gcc option to accept ISO C89
configure:3654: gcc  -c -g -O2  conftest.c >&5
configure:3660: $? = 0
configure:3667: test -z "$ac_c_werror_flag" || test ! -s conftest.err
configure:3670: $? = 0
configure:3677: test -s conftest.o
configure:3680: $? = 0
configure:3700: result: none needed
configure:3720: checking dependency style of gcc
configure:3810: result: gcc3
configure:3832: checking how to run the C preprocessor
configure:3872: gcc -E  conftest.c
configure:3878: $? = 0
configure:3916: gcc -E  conftest.c
conftest.c:10:10: fatal error: ac_nonexistent.h: No such file or directory
 #include <ac_nonexistent.h>
          ^~~~~~~~~~~~~~~~~~
compilation terminated.
configure:3922: $? = 1
configure: failed program was:
| /* confdefs.h.  */
| #define PACKAGE_NAME ""
| #define PACKAGE_TARNAME ""
| #define PACKAGE_VERSION ""
| #define PACKAGE_STRING ""
| #define PACKAGE_BUGREPORT ""
| #define PACKAGE "gnuradio"
| #define VERSION "3.0.3"
| /* end confdefs.h.  */
| #include <ac_nonexistent.h>
configure:3962: result: gcc -E
configure:3991: gcc -E  conftest.c
configure:3997: $? = 0
configure:4035: gcc -E  conftest.c
conftest.c:10:10: fatal error: ac_nonexistent.h: No such file or directory
 #include <ac_nonexistent.h>
          ^~~~~~~~~~~~~~~~~~
compilation terminated.
configure:4041: $? = 1
configure: failed program was:
| /* confdefs.h.  */
| #define PACKAGE_NAME ""
| #define PACKAGE_TARNAME ""
| #define PACKAGE_VERSION ""
| #define PACKAGE_STRING ""
| #define PACKAGE_BUGREPORT ""
| #define PACKAGE "gnuradio"
| #define VERSION "3.0.3"
| /* end confdefs.h.  */
| #include <ac_nonexistent.h>
configure:4087: checking for grep that handles long lines and -e
configure:4161: result: /bin/grep
configure:4166: checking for egrep
configure:4244: result: /bin/grep -E
configure:4250: checking for AIX
configure:4272: result: no
configure:4278: checking for library containing strerror
configure:4319: gcc -o conftest -g -O2   conftest.c  >&5
configure:4325: $? = 0
configure:4332: test -z "$ac_c_werror_flag" || test ! -s conftest.err
configure:4335: $? = 0
configure:4342: test -s conftest
configure:4345: $? = 0
configure:4369: result: none required
configure:4377: checking for ANSI C header files
configure:4407: gcc -c -g -O2  conftest.c >&5
configure:4413: $? = 0
configure:4420: test -z "$ac_c_werror_flag" || test ! -s conftest.err
configure:4423: $? = 0
configure:4430: test -s conftest.o
configure:4433: $? = 0
configure:4529: gcc -o conftest -g -O2   conftest.c  >&5
configure:4532: $? = 0
configure:4538: ./conftest
configure:4541: $? = 0
configure:4558: result: yes
configure:4582: checking for sys/types.h
configure:4603: gcc -c -g -O2  conftest.c >&5
configure:4609: $? = 0
configure:4616: test -z "$ac_c_werror_flag" || test ! -s conftest.err
configure:4619: $? = 0
configure:4626: test -s conftest.o
configure:4629: $? = 0
configure:4642: result: yes
configure:4582: checking for sys/stat.h
configure:4603: gcc -c -g -O2  conftest.c >&5
configure:4609: $? = 0
configure:4616: test -z "$ac_c_werror_flag" || test ! -s conftest.err
configure:4619: $? = 0
configure:4626: test -s conftest.o
configure:4629: $? = 0
configure:4642: result: yes
configure:4582: checking for stdlib.h
configure:4603: gcc -c -g -O2  conftest.c >&5
configure:4609: $? = 0
configure:4616: test -z "$ac_c_werror_flag" || test ! -s conftest.err
configure:4619: $? = 0
configure:4626: test -s conftest.o
configure:4629: $? = 0
configure:4642: result: yes
configure:4582: checking for string.h
configure:4603: gcc -c -g -O2  conftest.c >&5
configure:4609: $? = 0
configure:4616: test -z "$ac_c_werror_flag" || test ! -s conftest.err
configure:4619: $? = 0
configure:4626: test -s conftest.o
configure:4629: $? = 0
configure:4642: result: yes
configure:4582: checking for memory.h
configure:4603: gcc -c -g -O2  conftest.c >&5
configure:4609: $? = 0
configure:4616: test -z "$ac_c_werror_flag" || test ! -s conftest.err
configure:4619: $? = 0
configure:4626: test -s conftest.o
configure:4629: $? = 0
configure:4642: result: yes
configure:4582: checking for strings.h
configure:4603: gcc -c -g -O2  conftest.c >&5
configure:4609: $? = 0
configure:4616: test -z "$ac_c_werror_flag" || test ! -s conftest.err
configure:4619: $? = 0
configure:4626: test -s conftest.o
configure:4629: $? = 0
configure:4642: result: yes
configure:4582: checking for inttypes.h
configure:4603: gcc -c -g -O2  conftest.c >&5
configure:4609: $? = 0
configure:4616: test -z "$ac_c_werror_flag" || test ! -s conftest.err
configure:4619: $? = 0
configure:4626: test -s conftest.o
configure:4629: $? = 0
configure:4642: result: yes
configure:4582: checking for stdint.h
configure:4603: gcc -c -g -O2  conftest.c >&5
configure:4609: $? = 0
configure:4616: test -z "$ac_c_werror_flag" || test ! -s conftest.err
configure:4619: $? = 0
configure:4626: test -s conftest.o
configure:4629: $? = 0
configure:4642: result: yes
configure:4582: checking for unistd.h
configure:4603: gcc -c -g -O2  conftest.c >&5
configure:4609: $? = 0
configure:4616: test -z "$ac_c_werror_flag" || test ! -s conftest.err
configure:4619: $? = 0
configure:4626: test -s conftest.o
configure:4629: $? = 0
configure:4642: result: yes
configure:4664: checking minix/config.h usability
configure:4681: gcc -c -g -O2  conftest.c >&5
conftest.c:53:10: fatal error: minix/config.h: No such file or directory
 #include <minix/config.h>
          ^~~~~~~~~~~~~~~~
compilation terminated.
configure:4687: $? = 1
configure: failed program was:
| /* confdefs.h.  */
| #define PACKAGE_NAME ""
| #define PACKAGE_TARNAME ""
| #define PACKAGE_VERSION ""
| #define PACKAGE_STRING ""
| #define PACKAGE_BUGREPORT ""
| #define PACKAGE "gnuradio"
| #define VERSION "3.0.3"
| #define STDC_HEADERS 1
| #define HAVE_SYS_TYPES_H 1
| #define HAVE_SYS_STAT_H 1
| #define HAVE_STDLIB_H 1
| #define HAVE_STRING_H 1
| #define HAVE_MEMORY_H 1
| #define HAVE_STRINGS_H 1
| #define HAVE_INTTYPES_H 1
| #define HAVE_STDINT_H 1
| #define HAVE_UNISTD_H 1
| /* end confdefs.h.  */
| #include <stdio.h>
| #if HAVE_SYS_TYPES_H
| # include <sys/types.h>
| #endif
| #if HAVE_SYS_STAT_H
| # include <sys/stat.h>
| #endif
| #if STDC_HEADERS
| # include <stdlib.h>
| # include <stddef.h>
| #else
| # if HAVE_STDLIB_H
| #  include <stdlib.h>
| # endif
| #endif
| #if HAVE_STRING_H
| # if !STDC_HEADERS && HAVE_MEMORY_H
| #  include <memory.h>
| # endif
| # include <string.h>
| #endif
| #if HAVE_STRINGS_H
| # include <strings.h>
| #endif
| #if HAVE_INTTYPES_H
| # include <inttypes.h>
| #endif
| #if HAVE_STDINT_H
| # include <stdint.h>
| #endif
| #if HAVE_UNISTD_H
| # include <unistd.h>
| #endif
| #include <minix/config.h>
configure:4718: result: no
configure:4722: checking minix/config.h presence
configure:4737: gcc -E  conftest.c
conftest.c:20:10: fatal error: minix/config.h: No such file or directory
 #include <minix/config.h>
          ^~~~~~~~~~~~~~~~
compilation terminated.
configure:4743: $? = 1
configure: failed program was:
| /* confdefs.h.  */
| #define PACKAGE_NAME ""
| #define PACKAGE_TARNAME ""
| #define PACKAGE_VERSION ""
| #define PACKAGE_STRING ""
| #define PACKAGE_BUGREPORT ""
| #define PACKAGE "gnuradio"
| #define VERSION "3.0.3"
| #define STDC_HEADERS 1
| #define HAVE_SYS_TYPES_H 1
| #define HAVE_SYS_STAT_H 1
| #define HAVE_STDLIB_H 1
| #define HAVE_STRING_H 1
| #define HAVE_MEMORY_H 1
| #define HAVE_STRINGS_H 1
| #define HAVE_INTTYPES_H 1
| #define HAVE_STDINT_H 1
| #define HAVE_UNISTD_H 1
| /* end confdefs.h.  */
| #include <minix/config.h>
configure:4764: result: no
configure:4792: checking for minix/config.h
configure:4799: result: no
configure:4888: checking for g++
configure:4904: found /usr/bin/g++
configure:4915: result: g++
configure:4946: checking for C++ compiler version
configure:4953: g++ --version >&5
g++ (Ubuntu 7.5.0-3ubuntu1~18.04) 7.5.0
Copyright (C) 2017 Free Software Foundation, Inc.
This is free software; see the source for copying conditions.  There is NO
warranty; not even for MERCHANTABILITY or FITNESS FOR A PARTICULAR PURPOSE.

configure:4956: $? = 0
configure:4963: g++ -v >&5
Using built-in specs.
COLLECT_GCC=g++
COLLECT_LTO_WRAPPER=/usr/lib/gcc/x86_64-linux-gnu/7/lto-wrapper
OFFLOAD_TARGET_NAMES=nvptx-none
OFFLOAD_TARGET_DEFAULT=1
Target: x86_64-linux-gnu
Configured with: ../src/configure -v --with-pkgversion='Ubuntu 7.5.0-3ubuntu1~18.04' --with-bugurl=file:///usr/share/doc/gcc-7/README.Bugs --enable-languages=c,ada,c++,go,brig,d,fortran,objc,obj-c++ --prefix=/usr --with-gcc-major-version-only --program-suffix=-7 --program-prefix=x86_64-linux-gnu- --enable-shared --enable-linker-build-id --libexecdir=/usr/lib --without-included-gettext --enable-threads=posix --libdir=/usr/lib --enable-nls --enable-bootstrap --enable-clocale=gnu --enable-libstdcxx-debug --enable-libstdcxx-time=yes --with-default-libstdcxx-abi=new --enable-gnu-unique-object --disable-vtable-verify --enable-libmpx --enable-plugin --enable-default-pie --with-system-zlib --with-target-system-zlib --enable-objc-gc=auto --enable-multiarch --disable-werror --with-arch-32=i686 --with-abi=m64 --with-multilib-list=m32,m64,mx32 --enable-multilib --with-tune=generic --enable-offload-targets=nvptx-none --without-cuda-driver --enable-checking=release --build=x86_64-linux-gnu --host=x86_64-linux-gnu --target=x86_64-linux-gnu
Thread model: posix
gcc version 7.5.0 (Ubuntu 7.5.0-3ubuntu1~18.04) 
configure:4966: $? = 0
configure:4973: g++ -V >&5
g++: error: unrecognized command line option '-V'
g++: fatal error: no input files
compilation terminated.
configure:4976: $? = 1
configure:4979: checking whether we are using the GNU C++ compiler
configure:5008: g++ -c   conftest.cpp >&5
configure:5014: $? = 0
configure:5021: test -z "$ac_cxx_werror_flag" || test ! -s conftest.err
configure:5024: $? = 0
configure:5031: test -s conftest.o
configure:5034: $? = 0
configure:5048: result: yes
configure:5053: checking whether g++ accepts -g
configure:5083: g++ -c -g  conftest.cpp >&5
configure:5089: $? = 0
configure:5096: test -z "$ac_cxx_werror_flag" || test ! -s conftest.err
configure:5099: $? = 0
configure:5106: test -s conftest.o
configure:5109: $? = 0
configure:5239: result: yes
configure:5264: checking dependency style of g++
configure:5354: result: gcc3
configure:5376: checking how to run the C++ preprocessor
configure:5412: g++ -E  conftest.cpp
configure:5418: $? = 0
configure:5456: g++ -E  conftest.cpp
conftest.cpp:20:10: fatal error: ac_nonexistent.h: No such file or directory
 #include <ac_nonexistent.h>
          ^~~~~~~~~~~~~~~~~~
compilation terminated.
configure:5462: $? = 1
configure: failed program was:
| /* confdefs.h.  */
| #define PACKAGE_NAME ""
| #define PACKAGE_TARNAME ""
| #define PACKAGE_VERSION ""
| #define PACKAGE_STRING ""
| #define PACKAGE_BUGREPORT ""
| #define PACKAGE "gnuradio"
| #define VERSION "3.0.3"
| #define STDC_HEADERS 1
| #define HAVE_SYS_TYPES_H 1
| #define HAVE_SYS_STAT_H 1
| #define HAVE_STDLIB_H 1
| #define HAVE_STRING_H 1
| #define HAVE_MEMORY_H 1
| #define HAVE_STRINGS_H 1
| #define HAVE_INTTYPES_H 1
| #define HAVE_STDINT_H 1
| #define HAVE_UNISTD_H 1
| /* end confdefs.h.  */
| #include <ac_nonexistent.h>
configure:5502: result: g++ -E
configure:5531: g++ -E  conftest.cpp
configure:5537: $? = 0
configure:5575: g++ -E  conftest.cpp
conftest.cpp:20:10: fatal error: ac_nonexistent.h: No such file or directory
 #include <ac_nonexistent.h>
          ^~~~~~~~~~~~~~~~~~
compilation terminated.
configure:5581: $? = 1
configure: failed program was:
| /* confdefs.h.  */
| #define PACKAGE_NAME ""
| #define PACKAGE_TARNAME ""
| #define PACKAGE_VERSION ""
| #define PACKAGE_STRING ""
| #define PACKAGE_BUGREPORT ""
| #define PACKAGE "gnuradio"
| #define VERSION "3.0.3"
| #define STDC_HEADERS 1
| #define HAVE_SYS_TYPES_H 1
| #define HAVE_SYS_STAT_H 1
| #define HAVE_STDLIB_H 1
| #define HAVE_STRING_H 1
| #define HAVE_MEMORY_H 1
| #define HAVE_STRINGS_H 1
| #define HAVE_INTTYPES_H 1
| #define HAVE_STDINT_H 1
| #define HAVE_UNISTD_H 1
| /* end confdefs.h.  */
| #include <ac_nonexistent.h>
configure:5638: checking whether C++ has bool
configure:5659: g++ -o conftest -g -O2   conftest.cpp  >&5
configure:5662: $? = 0
configure:5668: ./conftest
configure:5671: $? = 0
configure:5673: result: yes
configure:5694: checking whether C++ has buggy scoping in for-loops
configure:5720: g++ -c -g -O2  conftest.cpp >&5
conftest.cpp:20:10: fatal error: iostream.h: No such file or directory
 #include <iostream.h>
          ^~~~~~~~~~~~
compilation terminated.
configure:5726: $? = 1
configure: failed program was:
| /* confdefs.h.  */
| #define PACKAGE_NAME ""
| #define PACKAGE_TARNAME ""
| #define PACKAGE_VERSION ""
| #define PACKAGE_STRING ""
| #define PACKAGE_BUGREPORT ""
| #define PACKAGE "gnuradio"
| #define VERSION "3.0.3"
| #define STDC_HEADERS 1
| #define HAVE_SYS_TYPES_H 1
| #define HAVE_SYS_STAT_H 1
| #define HAVE_STDLIB_H 1
| #define HAVE_STRING_H 1
| #define HAVE_MEMORY_H 1
| #define HAVE_STRINGS_H 1
| #define HAVE_INTTYPES_H 1
| #define HAVE_STDINT_H 1
| #define HAVE_UNISTD_H 1
| /* end confdefs.h.  */
| #include <iostream.h>
| int
| main ()
| {
| 
|    for (int i=0;i<10;i++) { }
|    for (int i=0;i<10;i++) { }
| 
|   ;
|   return 0;
| }
configure:5754: result: yes
configure:5765: checking whether user wants assertions
configure:5777: result: yes
configure:5782: checking whether C++ has std::isnan
configure:5807: g++ -c -g -O2  conftest.cpp >&5
configure:5813: $? = 0
configure:5820: test -z "$ac_cxx_werror_flag" || test ! -s conftest.err
configure:5823: $? = 0
configure:5830: test -s conftest.o
configure:5833: $? = 0
configure:5835: result: yes
configure:5861: checking whether user wants warnings
configure:5872: result: yes
configure:5885: checking whether gcc accepts -Wall
configure:5890: result: yes
configure:5906: checking whether g++ accepts -Wall
configure:5911: result: yes
configure:5906: checking whether g++ accepts -Woverloaded-virtual
configure:5911: result: yes
configure:5924: checking whether user wants gprof
configure:5934: result: no
configure:5987: checking whether user wants prof
configure:5997: result: no
configure:6056: checking whether ln -s works
configure:6060: result: yes
configure:6067: checking whether make sets $(MAKE)
configure:6088: result: yes
configure:6110: checking for a BSD-compatible install
configure:6166: result: /usr/bin/install -c
configure:6179: checking for rm
configure:6197: found /bin/rm
configure:6209: result: /bin/rm
configure:6291: checking for a sed that does not truncate output
configure:6345: result: /bin/sed
configure:6359: checking for ld used by gcc
configure:6426: result: /usr/bin/ld
configure:6435: checking if the linker (/usr/bin/ld) is GNU ld
configure:6450: result: yes
configure:6455: checking for /usr/bin/ld option to reload object files
configure:6462: result: -r
configure:6480: checking for BSD-compatible nm
configure:6529: result: /usr/bin/nm -B
configure:6533: checking how to recognise dependent libraries
configure:6709: result: pass_all
configure:6796: gcc -c -g -O2 -Wall  conftest.c >&5
configure:6799: $? = 0
configure:7258: checking dlfcn.h usability
configure:7275: gcc -c -g -O2 -Wall  conftest.c >&5
configure:7281: $? = 0
configure:7288: test -z "$ac_c_werror_flag" || test ! -s conftest.err
configure:7291: $? = 0
configure:7298: test -s conftest.o
configure:7301: $? = 0
configure:7312: result: yes
configure:7316: checking dlfcn.h presence
configure:7331: gcc -E  conftest.c
configure:7337: $? = 0
configure:7358: result: yes
configure:7386: checking for dlfcn.h
configure:7394: result: yes
configure:7417: checking how to run the C++ preprocessor
configure:7543: result: g++ -E
configure:7572: g++ -E  conftest.cpp
configure:7578: $? = 0
configure:7616: g++ -E  conftest.cpp
conftest.cpp:23:10: fatal error: ac_nonexistent.h: No such file or directory
 #include <ac_nonexistent.h>
          ^~~~~~~~~~~~~~~~~~
compilation terminated.
configure:7622: $? = 1
configure: failed program was:
| /* confdefs.h.  */
| #define PACKAGE_NAME ""
| #define PACKAGE_TARNAME ""
| #define PACKAGE_VERSION ""
| #define PACKAGE_STRING ""
| #define PACKAGE_BUGREPORT ""
| #define PACKAGE "gnuradio"
| #define VERSION "3.0.3"
| #define STDC_HEADERS 1
| #define HAVE_SYS_TYPES_H 1
| #define HAVE_SYS_STAT_H 1
| #define HAVE_STDLIB_H 1
| #define HAVE_STRING_H 1
| #define HAVE_MEMORY_H 1
| #define HAVE_STRINGS_H 1
| #define HAVE_INTTYPES_H 1
| #define HAVE_STDINT_H 1
| #define HAVE_UNISTD_H 1
| #define CXX_HAS_BUGGY_FOR_LOOPS
| #define CXX_HAS_STD_ISNAN
| #define HAVE_DLFCN_H 1
| /* end confdefs.h.  */
| #include <ac_nonexistent.h>
configure:7721: checking for g77
configure:7751: result: no
configure:7721: checking for f77
configure:7737: found /usr/bin/f77
configure:7748: result: f77
configure:7778: checking for Fortran 77 compiler version
configure:7785: f77 --version >&5
GNU Fortran (Ubuntu 7.5.0-3ubuntu1~18.04) 7.5.0
Copyright (C) 2017 Free Software Foundation, Inc.
This is free software; see the source for copying conditions.  There is NO
warranty; not even for MERCHANTABILITY or FITNESS FOR A PARTICULAR PURPOSE.

configure:7788: $? = 0
configure:7795: f77 -v >&5
Using built-in specs.
COLLECT_GCC=f77
COLLECT_LTO_WRAPPER=/usr/lib/gcc/x86_64-linux-gnu/7/lto-wrapper
OFFLOAD_TARGET_NAMES=nvptx-none
OFFLOAD_TARGET_DEFAULT=1
Target: x86_64-linux-gnu
Configured with: ../src/configure -v --with-pkgversion='Ubuntu 7.5.0-3ubuntu1~18.04' --with-bugurl=file:///usr/share/doc/gcc-7/README.Bugs --enable-languages=c,ada,c++,go,brig,d,fortran,objc,obj-c++ --prefix=/usr --with-gcc-major-version-only --program-suffix=-7 --program-prefix=x86_64-linux-gnu- --enable-shared --enable-linker-build-id --libexecdir=/usr/lib --without-included-gettext --enable-threads=posix --libdir=/usr/lib --enable-nls --enable-bootstrap --enable-clocale=gnu --enable-libstdcxx-debug --enable-libstdcxx-time=yes --with-default-libstdcxx-abi=new --enable-gnu-unique-object --disable-vtable-verify --enable-libmpx --enable-plugin --enable-default-pie --with-system-zlib --with-target-system-zlib --enable-objc-gc=auto --enable-multiarch --disable-werror --with-arch-32=i686 --with-abi=m64 --with-multilib-list=m32,m64,mx32 --enable-multilib --with-tune=generic --enable-offload-targets=nvptx-none --without-cuda-driver --enable-checking=release --build=x86_64-linux-gnu --host=x86_64-linux-gnu --target=x86_64-linux-gnu
Thread model: posix
gcc version 7.5.0 (Ubuntu 7.5.0-3ubuntu1~18.04) 
configure:7798: $? = 0
configure:7805: f77 -V >&5
f77: error: unrecognized command line option '-V'
f77: fatal error: no input files
compilation terminated.
configure:7808: $? = 1
configure:7816: checking whether we are using the GNU Fortran 77 compiler
configure:7835: f77 -c  conftest.F >&5
configure:7841: $? = 0
configure:7848: test -z "$ac_f77_werror_flag" || test ! -s conftest.err
configure:7851: $? = 0
configure:7858: test -s conftest.o
configure:7861: $? = 0
configure:7875: result: yes
configure:7881: checking whether f77 accepts -g
configure:7898: f77 -c -g conftest.f >&5
configure:7904: $? = 0
configure:7911: test -z "$ac_f77_werror_flag" || test ! -s conftest.err
configure:7914: $? = 0
configure:7921: test -s conftest.o
configure:7924: $? = 0
configure:7937: result: yes
configure:7967: checking the maximum length of command line arguments
configure:8076: result: 32768
configure:8087: checking command to parse /usr/bin/nm -B output from gcc object
configure:8192: gcc -c -g -O2 -Wall  conftest.c >&5
configure:8195: $? = 0
configure:8199: /usr/bin/nm -B conftest.o \| sed -n -e 's/^.*[ 	]\([ABCDGIRSTW][ABCDGIRSTW]*\)[ 	][ 	]*\([_A-Za-z][_A-Za-z0-9]*\)$/\1 \2 \2/p' \> conftest.nm
configure:8202: $? = 0
configure:8254: gcc -o conftest -g -O2 -Wall   conftest.c conftstm.o >&5
configure:8257: $? = 0
configure:8295: result: ok
configure:8299: checking for objdir
configure:8314: result: .libs
configure:8406: checking for ar
configure:8422: found /usr/bin/ar
configure:8433: result: ar
configure:8502: checking for ranlib
configure:8518: found /usr/bin/ranlib
configure:8529: result: ranlib
configure:8598: checking for strip
configure:8614: found /usr/bin/strip
configure:8625: result: strip
configure:8911: checking if gcc supports -fno-rtti -fno-exceptions
configure:8929: gcc -c -g -O2 -Wall  -fno-rtti -fno-exceptions conftest.c >&5
cc1: warning: command line option '-fno-rtti' is valid for C++/ObjC++ but not for C
configure:8933: $? = 0
configure:8946: result: no
configure:8961: checking for gcc option to produce PIC
configure:9171: result: -fPIC
configure:9179: checking if gcc PIC flag -fPIC works
configure:9197: gcc -c -g -O2 -Wall  -fPIC -DPIC conftest.c >&5
configure:9201: $? = 0
configure:9214: result: yes
configure:9242: checking if gcc static flag -static works
configure:9270: result: yes
configure:9280: checking if gcc supports -c -o file.o
configure:9301: gcc -c -g -O2 -Wall  -o out/conftest2.o conftest.c >&5
configure:9305: $? = 0
configure:9327: result: yes
configure:9353: checking whether the gcc linker (/usr/bin/ld -m elf_x86_64) supports shared libraries
configure:10340: result: yes
configure:10361: checking whether -lc should be explicitly linked in
configure:10366: gcc -c -g -O2 -Wall  conftest.c >&5
configure:10369: $? = 0
configure:10384: gcc -shared conftest.o  -v -Wl,-soname -Wl,conftest -o conftest 2\>\&1 \| grep  -lc  \>/dev/null 2\>\&1
configure:10387: $? = 0
configure:10399: result: no
configure:10407: checking dynamic linker characteristics
configure:10983: result: GNU/Linux ld.so
configure:10992: checking how to hardcode library paths into programs
configure:11017: result: immediate
configure:11031: checking whether stripping libraries is possible
configure:11036: result: yes
configure:11949: checking if libtool supports shared libraries
configure:11951: result: yes
configure:11954: checking whether to build shared libraries
configure:11975: result: yes
configure:11978: checking whether to build static libraries
configure:11982: result: no
configure:12074: creating libtool
configure:12662: checking for ld used by g++
configure:12729: result: /usr/bin/ld -m elf_x86_64
configure:12738: checking if the linker (/usr/bin/ld -m elf_x86_64) is GNU ld
configure:12753: result: yes
configure:12804: checking whether the g++ linker (/usr/bin/ld -m elf_x86_64) supports shared libraries
configure:13770: result: yes
configure:13788: g++ -c -g -O2 -Wall -Woverloaded-virtual  conftest.cpp >&5
configure:13791: $? = 0
configure:13910: checking for g++ option to produce PIC
configure:14184: result: -fPIC
configure:14192: checking if g++ PIC flag -fPIC works
configure:14210: g++ -c -g -O2 -Wall -Woverloaded-virtual  -fPIC -DPIC conftest.cpp >&5
configure:14214: $? = 0
configure:14227: result: yes
configure:14255: checking if g++ static flag -static works
configure:14283: result: yes
configure:14293: checking if g++ supports -c -o file.o
configure:14314: g++ -c -g -O2 -Wall -Woverloaded-virtual  -o out/conftest2.o conftest.cpp >&5
configure:14318: $? = 0
configure:14340: result: yes
configure:14366: checking whether the g++ linker (/usr/bin/ld -m elf_x86_64) supports shared libraries
configure:14394: result: yes
configure:14461: checking dynamic linker characteristics
configure:15037: result: GNU/Linux ld.so
configure:15046: checking how to hardcode library paths into programs
configure:15071: result: immediate
configure:15597: checking if libtool supports shared libraries
configure:15599: result: yes
configure:15602: checking whether to build shared libraries
configure:15622: result: yes
configure:15625: checking whether to build static libraries
configure:15629: result: no
configure:15639: checking for f77 option to produce PIC
configure:15849: result: -fPIC
configure:15857: checking if f77 PIC flag -fPIC works
configure:15875: f77 -c -g -O2 -fPIC conftest.f >&5
configure:15879: $? = 0
configure:15892: result: yes
configure:15920: checking if f77 static flag -static works
configure:15948: result: yes
configure:15958: checking if f77 supports -c -o file.o
configure:15979: f77 -c -g -O2 -o out/conftest2.o conftest.f >&5
configure:15983: $? = 0
configure:16005: result: yes
configure:16031: checking whether the f77 linker (/usr/bin/ld -m elf_x86_64) supports shared libraries
configure:16998: result: yes
configure:17065: checking dynamic linker characteristics
configure:17641: result: GNU/Linux ld.so
configure:17650: checking how to hardcode library paths into programs
configure:17675: result: immediate
configure:21934: checking for python
configure:21952: found /home/carolhanna/miniconda3/bin/python
configure:21964: result: /home/carolhanna/miniconda3/bin/python
configure:21987: checking for python version
configure:21994: result: 
configure:22006: checking for python platform
configure:22013: result: 
configure:22020: checking for python script directory
configure:22028: result: ${prefix}/lib/python/site-packages
configure:22037: checking for python extension module directory
configure:22045: result: ${exec_prefix}/lib/python/site-packages
configure:22070: checking for Python include path
configure:22088: result: 
configure:22091: error: cannot find Python include path

## ---------------- ##
## Cache variables. ##
## ---------------- ##

ac_cv_build=x86_64-unknown-linux-gnu
ac_cv_c_compiler_gnu=yes
ac_cv_cxx_compiler_gnu=yes
ac_cv_env_CCASFLAGS_set=
ac_cv_env_CCASFLAGS_value=
ac_cv_env_CCAS_set=
ac_cv_env_CCAS_value=
ac_cv_env_CCC_set=
ac_cv_env_CCC_value=
ac_cv_env_CC_set=
ac_cv_env_CC_value=
ac_cv_env_CFLAGS_set=
ac_cv_env_CFLAGS_value=
ac_cv_env_CPPFLAGS_set=
ac_cv_env_CPPFLAGS_value=
ac_cv_env_CPP_set=
ac_cv_env_CPP_value=
ac_cv_env_CXXCPP_set=
ac_cv_env_CXXCPP_value=
ac_cv_env_CXXFLAGS_set=
ac_cv_env_CXXFLAGS_value=
ac_cv_env_CXX_set=
ac_cv_env_CXX_value=
ac_cv_env_F77_set=
ac_cv_env_F77_value=
ac_cv_env_FFLAGS_set=
ac_cv_env_FFLAGS_value=
ac_cv_env_LDFLAGS_set=
ac_cv_env_LDFLAGS_value=
ac_cv_env_build_alias_set=
ac_cv_env_build_alias_value=
ac_cv_env_host_alias_set=
ac_cv_env_host_alias_value=
ac_cv_env_target_alias_set=
ac_cv_env_target_alias_value=
ac_cv_f77_compiler_gnu=yes
ac_cv_header_dlfcn_h=yes
ac_cv_header_inttypes_h=yes
ac_cv_header_memory_h=yes
ac_cv_header_minix_config_h=no
ac_cv_header_stdc=yes
ac_cv_header_stdint_h=yes
ac_cv_header_stdlib_h=yes
ac_cv_header_string_h=yes
ac_cv_header_strings_h=yes
ac_cv_header_sys_stat_h=yes
ac_cv_header_sys_types_h=yes
ac_cv_header_unistd_h=yes
ac_cv_host=x86_64-unknown-linux-gnu
ac_cv_objext=o
ac_cv_path_EGREP='/bin/grep -E'
ac_cv_path_GREP=/bin/grep
ac_cv_path_PYTHON=/home/carolhanna/miniconda3/bin/python
ac_cv_path_RM_PROG=/bin/rm
ac_cv_path_install='/usr/bin/install -c'
ac_cv_prog_AWK=gawk
ac_cv_prog_CPP='gcc -E'
ac_cv_prog_CXXCPP='g++ -E'
ac_cv_prog_ac_ct_AR=ar
ac_cv_prog_ac_ct_CC=gcc
ac_cv_prog_ac_ct_CXX=g++
ac_cv_prog_ac_ct_F77=f77
ac_cv_prog_ac_ct_RANLIB=ranlib
ac_cv_prog_ac_ct_STRIP=strip
ac_cv_prog_cc_c89=
ac_cv_prog_cc_g=yes
ac_cv_prog_cxx_g=yes
ac_cv_prog_f77_g=yes
ac_cv_prog_make_make_set=yes
ac_cv_search_strerror='none required'
ac_cv_target=x86_64-unknown-linux-gnu
am_cv_CC_dependencies_compiler_type=gcc3
am_cv_CXX_dependencies_compiler_type=gcc3
am_cv_python_platform=
am_cv_python_pyexecdir='${exec_prefix}/lib/python/site-packages'
am_cv_python_pythondir='${prefix}/lib/python/site-packages'
am_cv_python_version=
lt_cv_deplibs_check_method=pass_all
lt_cv_file_magic_cmd='$MAGIC_CMD'
lt_cv_file_magic_test_file=
lt_cv_ld_reload_flag=-r
lt_cv_objdir=.libs
lt_cv_path_LD=/usr/bin/ld
lt_cv_path_LDCXX='/usr/bin/ld -m elf_x86_64'
lt_cv_path_NM='/usr/bin/nm -B'
lt_cv_path_SED=/bin/sed
lt_cv_prog_compiler_c_o=yes
lt_cv_prog_compiler_c_o_CXX=yes
lt_cv_prog_compiler_c_o_F77=yes
lt_cv_prog_compiler_rtti_exceptions=no
lt_cv_prog_gnu_ld=yes
lt_cv_prog_gnu_ldcxx=yes
lt_cv_sys_global_symbol_pipe='sed -n -e '\''s/^.*[ 	]\([ABCDGIRSTW][ABCDGIRSTW]*\)[ 	][ 	]*\([_A-Za-z][_A-Za-z0-9]*\)$/\1 \2 \2/p'\'''
lt_cv_sys_global_symbol_to_c_name_address='sed -n -e '\''s/^: \([^ ]*\) $/  {\"\1\", (lt_ptr) 0},/p'\'' -e '\''s/^[BCDEGRST] \([^ ]*\) \([^ ]*\)$/  {"\2", (lt_ptr) \&\2},/p'\'''
lt_cv_sys_global_symbol_to_cdecl='sed -n -e '\''s/^. .* \(.*\)$/extern int \1;/p'\'''
lt_cv_sys_max_cmd_len=32768
lt_lt_cv_prog_compiler_c_o='"yes"'
lt_lt_cv_prog_compiler_c_o_CXX='"yes"'
lt_lt_cv_prog_compiler_c_o_F77='"yes"'
lt_lt_cv_sys_global_symbol_pipe='"sed -n -e '\''s/^.*[ 	]\\([ABCDGIRSTW][ABCDGIRSTW]*\\)[ 	][ 	]*\\([_A-Za-z][_A-Za-z0-9]*\\)\$/\\1 \\2 \\2/p'\''"'
lt_lt_cv_sys_global_symbol_to_c_name_address='"sed -n -e '\''s/^: \\([^ ]*\\) \$/  {\\\"\\1\\\", (lt_ptr) 0},/p'\'' -e '\''s/^[BCDEGRST] \\([^ ]*\\) \\([^ ]*\\)\$/  {\"\\2\", (lt_ptr) \\&\\2},/p'\''"'
lt_lt_cv_sys_global_symbol_to_cdecl='"sed -n -e '\''s/^. .* \\(.*\\)\$/extern int \\1;/p'\''"'

## ----------------- ##
## Output variables. ##
## ----------------- ##

ACLOCAL='${SHELL} /home/carolhanna/Security_Project/gnu_dataset/gnuradio-3.0.3/missing --run aclocal-1.9'
ALLOCA=''
ALSA_CFLAGS=''
ALSA_INCLUDEDIR=''
ALSA_LIBS=''
AMDEPBACKSLASH='\'
AMDEP_FALSE='#'
AMDEP_TRUE=''
AMTAR='${SHELL} /home/carolhanna/Security_Project/gnu_dataset/gnuradio-3.0.3/missing --run tar'
AR='ar'
AS='as'
AUTOCONF='${SHELL} /home/carolhanna/Security_Project/gnu_dataset/gnuradio-3.0.3/missing --run autoconf'
AUTOHEADER='${SHELL} /home/carolhanna/Security_Project/gnu_dataset/gnuradio-3.0.3/missing --run autoheader'
AUTOMAKE='${SHELL} /home/carolhanna/Security_Project/gnu_dataset/gnuradio-3.0.3/missing --run automake-1.9'
AWK='gawk'
BOOST_CFLAGS=''
CC='gcc'
CCAS='gcc'
CCASFLAGS='-g -O2 -Wall'
CCDEPMODE='depmode=gcc3'
CFLAGS='-g -O2 -Wall'
CPP='gcc -E'
CPPFLAGS=''
CPPUNIT_CFLAGS=''
CPPUNIT_CONFIG=''
CPPUNIT_INCLUDES=''
CPPUNIT_LIBS=''
CXX='g++'
CXXCPP='g++ -E'
CXXDEPMODE='depmode=gcc3'
CXXFLAGS='-g -O2 -Wall -Woverloaded-virtual'
CXX_FOR_BUILD=''
CYGPATH_W='echo'
DEFINES=''
DEFS=''
DEPDIR='.deps'
DLLTOOL='dlltool'
DOC_FALSE=''
DOC_TRUE=''
DOT=''
DOXYGEN=''
ECHO='echo'
ECHO_C=''
ECHO_N='-n'
ECHO_T=''
EGREP='/bin/grep -E'
ENABLE_FORTRAN_FALSE=''
ENABLE_FORTRAN_TRUE='#'
EXEEXT=''
F77='f77'
FFLAGS='-g -O2'
FFTW3F_CFLAGS=''
FFTW3F_INCLUDEDIR=''
FFTW3F_LIBS=''
FLIBS=''
FUSB_TECH=''
FUSB_TECH_darwin_FALSE=''
FUSB_TECH_darwin_TRUE=''
FUSB_TECH_generic_FALSE=''
FUSB_TECH_generic_TRUE=''
FUSB_TECH_linux_FALSE=''
FUSB_TECH_linux_TRUE=''
FUSB_TECH_ra_wb_FALSE=''
FUSB_TECH_ra_wb_TRUE=''
FUSB_TECH_win32_FALSE=''
FUSB_TECH_win32_TRUE=''
GREP='/bin/grep'
HAS_XMLTO_FALSE=''
HAS_XMLTO_TRUE=''
HAVE_CREATEFILEMAPPING_FALSE=''
HAVE_CREATEFILEMAPPING_TRUE=''
HAVE_DOT=''
INSTALL_DATA='${INSTALL} -m 644'
INSTALL_PROGRAM='${INSTALL}'
INSTALL_SCRIPT='${INSTALL}'
INSTALL_STRIP_PROGRAM='${SHELL} $(install_sh) -c -s'
IPC_LIBS=''
JACK_CFLAGS=''
JACK_INCLUDEDIR=''
JACK_LIBS=''
LDFLAGS=''
LIBGNURADIO_CORE_EXTRA_LDFLAGS=''
LIBOBJS=''
LIBS=''
LIBTOOL='$(SHELL) $(top_builddir)/libtool'
LN_S='ln -s'
LTLIBOBJS=''
MAKEINFO='${SHELL} /home/carolhanna/Security_Project/gnu_dataset/gnuradio-3.0.3/missing --run makeinfo'
MD_CPU=''
MD_CPU_generic_FALSE=''
MD_CPU_generic_TRUE=''
MD_CPU_x86_FALSE=''
MD_CPU_x86_TRUE=''
MD_SUBCPU=''
MD_SUBCPU_x86_64_FALSE=''
MD_SUBCPU_x86_64_TRUE=''
NO_UNDEFINED=''
OBJDUMP='objdump'
OBJEXT='o'
OMNITHREAD_NT_FALSE=''
OMNITHREAD_NT_TRUE=''
OMNITHREAD_POSIX_FALSE=''
OMNITHREAD_POSIX_TRUE=''
OSS_LIBS=''
PACKAGE='gnuradio'
PACKAGE_BUGREPORT=''
PACKAGE_NAME=''
PACKAGE_STRING=''
PACKAGE_TARNAME=''
PACKAGE_VERSION=''
PATH_SEPARATOR=':'
PKG_CONFIG=''
PORTAUDIO_CFLAGS=''
PORTAUDIO_INCLUDEDIR=''
PORTAUDIO_LIBS=''
PTHREAD_CC=''
PTHREAD_CFLAGS=''
PTHREAD_LIBS=''
PYTHON='/home/carolhanna/miniconda3/bin/python'
PYTHON_CPPFLAGS=''
PYTHON_EXEC_PREFIX='${exec_prefix}'
PYTHON_LDFLAGS=''
PYTHON_PLATFORM=''
PYTHON_PREFIX='${prefix}'
PYTHON_VERSION=''
RANLIB='ranlib'
RM_PROG='/bin/rm'
SDL_CFLAGS=''
SDL_CONFIG=''
SDL_LIBS=''
SET_MAKE=''
SHELL='/bin/bash'
SHM_OPEN_LIBS=''
STRIP='strip'
SWIG=''
SWIG_PYTHON_CPPFLAGS=''
SWIG_PYTHON_LIB=''
SWIG_PYTHON_OPT=''
USB_LIBS=''
VERSION='3.0.3'
WINAUDIO_LIBS=''
XAS=''
XCC=''
XMLTO=''
ac_ct_CC='gcc'
ac_ct_CXX='g++'
ac_ct_F77='f77'
am__fastdepCC_FALSE='#'
am__fastdepCC_TRUE=''
am__fastdepCXX_FALSE='#'
am__fastdepCXX_TRUE=''
am__include='include'
am__leading_dot='.'
am__quote=''
am__tar='${AMTAR} chof - "$$tardir"'
am__untar='${AMTAR} xf -'
bindir='${exec_prefix}/bin'
build='x86_64-unknown-linux-gnu'
build_alias=''
build_cpu='x86_64'
build_dirs=''
build_os='linux-gnu'
build_vendor='unknown'
datadir='${datarootdir}'
datarootdir='${prefix}/share'
docdir='${datarootdir}/doc/${PACKAGE}'
dvidir='${docdir}'
enable_dot=''
enable_html_docs=''
enable_latex_docs=''
exec_prefix='NONE'
generate_docs=''
host='x86_64-unknown-linux-gnu'
host_alias=''
host_cpu='x86_64'
host_os='linux-gnu'
host_vendor='unknown'
htmldir='${docdir}'
includedir='${prefix}/include'
infodir='${datarootdir}/info'
install_sh='/home/carolhanna/Security_Project/gnu_dataset/gnuradio-3.0.3/install-sh'
libdir='${exec_prefix}/lib64'
libexecdir='${exec_prefix}/libexec'
localedir='${datarootdir}/locale'
localstatedir='${prefix}/var'
mandir='${datarootdir}/man'
mkdir_p='mkdir -p --'
oldincludedir='/usr/include'
pdfdir='${docdir}'
pkgpyexecdir='${pyexecdir}/gnuradio'
pkgpythondir='${pythondir}/gnuradio'
prefix='NONE'
program_transform_name='s,x,x,'
psdir='${docdir}'
pyexecdir='${exec_prefix}/lib/python/site-packages'
pythondir='${prefix}/lib/python/site-packages'
sbindir='${exec_prefix}/sbin'
sharedstatedir='${prefix}/com'
skipped_dirs=''
sysconfdir='${prefix}/etc'
target='x86_64-unknown-linux-gnu'
target_alias=''
target_cpu='x86_64'
target_os='linux-gnu'
target_vendor='unknown'

## ----------- ##
## confdefs.h. ##
## ----------- ##

#define PACKAGE_NAME ""
#define PACKAGE_TARNAME ""
#define PACKAGE_VERSION ""
#define PACKAGE_STRING ""
#define PACKAGE_BUGREPORT ""
#define PACKAGE "gnuradio"
#define VERSION "3.0.3"
#define STDC_HEADERS 1
#define HAVE_SYS_TYPES_H 1
#define HAVE_SYS_STAT_H 1
#define HAVE_STDLIB_H 1
#define HAVE_STRING_H 1
#define HAVE_MEMORY_H 1
#define HAVE_STRINGS_H 1
#define HAVE_INTTYPES_H 1
#define HAVE_STDINT_H 1
#define HAVE_UNISTD_H 1
#define CXX_HAS_BUGGY_FOR_LOOPS
#define CXX_HAS_STD_ISNAN
#define HAVE_DLFCN_H 1

configure: exit 1
