This file contains any messages produced by compilers while
running configure, to aid debugging if configure makes a mistake.

It was created by GNU 3DLDF configure 2.0.3, which was
generated by GNU Autoconf 2.68.  Invocation command line was

  $ ./configure 

## --------- ##
## Platform. ##
## --------- ##

hostname = rishon
uname -m = x86_64
uname -r = 4.15.0-72-generic
uname -s = Linux
uname -v = #81-Ubuntu SMP Tue Nov 26 12:20:02 UTC 2019

/usr/bin/uname -p = unknown
/bin/uname -X     = unknown

/bin/arch              = unknown
/usr/bin/arch -k       = unknown
/usr/convex/getsysinfo = unknown
/usr/bin/hostinfo      = unknown
/bin/machine           = unknown
/usr/bin/oslevel       = unknown
/bin/universe          = unknown

PATH: /usr/local/bin
PATH: /usr/local/sbin
PATH: /home/carolhanna/miniconda3/bin
PATH: /home/carolhanna/miniconda3/condabin
PATH: /usr/local/sbin
PATH: /usr/local/bin
PATH: /usr/sbin
PATH: /usr/bin
PATH: /sbin
PATH: /bin
PATH: /usr/games
PATH: /usr/local/games
PATH: /snap/bin


## ----------- ##
## Core tests. ##
## ----------- ##

configure:2448: checking for a BSD-compatible install
configure:2516: result: /usr/bin/install -c
configure:2527: checking whether build environment is sane
configure:2582: result: yes
configure:2620: WARNING: 'missing' script is too old or missing
configure:2733: checking for a thread-safe mkdir -p
configure:2772: result: /bin/mkdir -p
configure:2779: checking for gawk
configure:2795: found /usr/bin/gawk
configure:2806: result: gawk
configure:2817: checking whether make sets $(MAKE)
configure:2839: result: yes
configure:2868: checking whether make supports nested variables
configure:2885: result: yes
configure:3042: checking build system type
configure:3056: result: x86_64-unknown-linux-gnu
configure:3076: checking host system type
configure:3089: result: x86_64-unknown-linux-gnu
configure:3130: checking how to print strings
configure:3157: result: printf
configure:3190: checking for style of include used by make
configure:3218: result: GNU
configure:3289: checking for gcc
configure:3305: found /usr/bin/gcc
configure:3316: result: gcc
configure:3545: checking for C compiler version
configure:3554: gcc --version >&5
gcc (Ubuntu 7.5.0-3ubuntu1~18.04) 7.5.0
Copyright (C) 2017 Free Software Foundation, Inc.
This is free software; see the source for copying conditions.  There is NO
warranty; not even for MERCHANTABILITY or FITNESS FOR A PARTICULAR PURPOSE.

configure:3565: $? = 0
configure:3554: gcc -v >&5
Using built-in specs.
COLLECT_GCC=gcc
COLLECT_LTO_WRAPPER=/usr/lib/gcc/x86_64-linux-gnu/7/lto-wrapper
OFFLOAD_TARGET_NAMES=nvptx-none
OFFLOAD_TARGET_DEFAULT=1
Target: x86_64-linux-gnu
Configured with: ../src/configure -v --with-pkgversion='Ubuntu 7.5.0-3ubuntu1~18.04' --with-bugurl=file:///usr/share/doc/gcc-7/README.Bugs --enable-languages=c,ada,c++,go,brig,d,fortran,objc,obj-c++ --prefix=/usr --with-gcc-major-version-only --program-suffix=-7 --program-prefix=x86_64-linux-gnu- --enable-shared --enable-linker-build-id --libexecdir=/usr/lib --without-included-gettext --enable-threads=posix --libdir=/usr/lib --enable-nls --enable-bootstrap --enable-clocale=gnu --enable-libstdcxx-debug --enable-libstdcxx-time=yes --with-default-libstdcxx-abi=new --enable-gnu-unique-object --disable-vtable-verify --enable-libmpx --enable-plugin --enable-default-pie --with-system-zlib --with-target-system-zlib --enable-objc-gc=auto --enable-multiarch --disable-werror --with-arch-32=i686 --with-abi=m64 --with-multilib-list=m32,m64,mx32 --enable-multilib --with-tune=generic --enable-offload-targets=nvptx-none --without-cuda-driver --enable-checking=release --build=x86_64-linux-gnu --host=x86_64-linux-gnu --target=x86_64-linux-gnu
Thread model: posix
gcc version 7.5.0 (Ubuntu 7.5.0-3ubuntu1~18.04) 
configure:3565: $? = 0
configure:3554: gcc -V >&5
gcc: error: unrecognized command line option '-V'
gcc: fatal error: no input files
compilation terminated.
configure:3565: $? = 1
configure:3554: gcc -qversion >&5
gcc: error: unrecognized command line option '-qversion'; did you mean '--version'?
gcc: fatal error: no input files
compilation terminated.
configure:3565: $? = 1
configure:3585: checking whether the C compiler works
configure:3607: gcc   -L/usr/local/lib conftest.c  >&5
configure:3611: $? = 0
configure:3659: result: yes
configure:3662: checking for C compiler default output file name
configure:3664: result: a.out
configure:3670: checking for suffix of executables
configure:3677: gcc -o conftest   -L/usr/local/lib conftest.c  >&5
configure:3681: $? = 0
configure:3703: result: 
configure:3725: checking whether we are cross compiling
configure:3733: gcc -o conftest   -L/usr/local/lib conftest.c  >&5
configure:3737: $? = 0
configure:3744: ./conftest
configure:3748: $? = 0
configure:3763: result: no
configure:3768: checking for suffix of object files
configure:3790: gcc -c   conftest.c >&5
configure:3794: $? = 0
configure:3815: result: o
configure:3819: checking whether we are using the GNU C compiler
configure:3838: gcc -c   conftest.c >&5
configure:3838: $? = 0
configure:3847: result: yes
configure:3856: checking whether gcc accepts -g
configure:3876: gcc -c -g  conftest.c >&5
configure:3876: $? = 0
configure:3917: result: yes
configure:3934: checking for gcc option to accept ISO C89
configure:3998: gcc  -c -g -O2  conftest.c >&5
configure:3998: $? = 0
configure:4011: result: none needed
configure:4036: checking whether gcc understands -c and -o together
configure:4058: gcc -c conftest.c -o conftest2.o
configure:4061: $? = 0
configure:4058: gcc -c conftest.c -o conftest2.o
configure:4061: $? = 0
configure:4073: result: yes
configure:4092: checking dependency style of gcc
configure:4203: result: gcc3
configure:4218: checking for a sed that does not truncate output
configure:4282: result: /bin/sed
configure:4300: checking for grep that handles long lines and -e
configure:4358: result: /bin/grep
configure:4363: checking for egrep
configure:4425: result: /bin/grep -E
configure:4430: checking for fgrep
configure:4492: result: /bin/grep -F
configure:4527: checking for ld used by gcc
configure:4594: result: /usr/bin/ld
configure:4601: checking if the linker (/usr/bin/ld) is GNU ld
configure:4616: result: yes
configure:4628: checking for BSD- or MS-compatible name lister (nm)
configure:4677: result: /usr/bin/nm -B
configure:4807: checking the name lister (/usr/bin/nm -B) interface
configure:4814: gcc -c -g -O2  conftest.c >&5
configure:4817: /usr/bin/nm -B "conftest.o"
configure:4820: output
0000000000000000 B some_variable
configure:4827: result: BSD nm
configure:4830: checking whether ln -s works
configure:4834: result: yes
configure:4842: checking the maximum length of command line arguments
configure:4967: result: 1572864
configure:4984: checking whether the shell understands some XSI constructs
configure:4994: result: yes
configure:4998: checking whether the shell understands "+="
configure:5004: result: yes
configure:5039: checking how to convert x86_64-unknown-linux-gnu file names to x86_64-unknown-linux-gnu format
configure:5079: result: func_convert_file_noop
configure:5086: checking how to convert x86_64-unknown-linux-gnu file names to toolchain format
configure:5106: result: func_convert_file_noop
configure:5113: checking for /usr/bin/ld option to reload object files
configure:5120: result: -r
configure:5194: checking for objdump
configure:5210: found /usr/bin/objdump
configure:5221: result: objdump
configure:5253: checking how to recognize dependent libraries
configure:5455: result: pass_all
configure:5540: checking for dlltool
configure:5570: result: no
configure:5600: checking how to associate runtime and link libraries
configure:5627: result: printf %s\n
configure:5688: checking for ar
configure:5704: found /usr/bin/ar
configure:5715: result: ar
configure:5752: checking for archiver @FILE support
configure:5769: gcc -c -g -O2  conftest.c >&5
configure:5769: $? = 0
configure:5772: ar cru libconftest.a @conftest.lst >&5
ar: `u' modifier ignored since `D' is the default (see `U')
configure:5775: $? = 0
configure:5780: ar cru libconftest.a @conftest.lst >&5
ar: `u' modifier ignored since `D' is the default (see `U')
ar: conftest.o: No such file or directory
configure:5783: $? = 1
configure:5795: result: @
configure:5853: checking for strip
configure:5869: found /usr/bin/strip
configure:5880: result: strip
configure:5952: checking for ranlib
configure:5968: found /usr/bin/ranlib
configure:5979: result: ranlib
configure:6081: checking command to parse /usr/bin/nm -B output from gcc object
configure:6200: gcc -c -g -O2  conftest.c >&5
configure:6203: $? = 0
configure:6207: /usr/bin/nm -B conftest.o \| sed -n -e 's/^.*[ ]\([ABCDGIRSTW][ABCDGIRSTW]*\)[ ][ ]*\([_A-Za-z][_A-Za-z0-9]*\)$/\1 \2 \2/p' | sed '/ __gnu_lto/d' \> conftest.nm
configure:6210: $? = 0
configure:6276: gcc -o conftest -g -O2  -L/usr/local/lib conftest.c conftstm.o >&5
configure:6279: $? = 0
configure:6317: result: ok
configure:6354: checking for sysroot
configure:6384: result: no
configure:6461: gcc -c -g -O2  conftest.c >&5
configure:6464: $? = 0
configure:6627: checking for mt
configure:6643: found /bin/mt
configure:6654: result: mt
configure:6677: checking if mt is a manifest tool
configure:6683: mt '-?'
configure:6691: result: no
configure:7323: checking how to run the C preprocessor
configure:7354: gcc -E  conftest.c
configure:7354: $? = 0
configure:7368: gcc -E  conftest.c
conftest.c:11:10: fatal error: ac_nonexistent.h: No such file or directory
 #include <ac_nonexistent.h>
          ^~~~~~~~~~~~~~~~~~
compilation terminated.
configure:7368: $? = 1
configure: failed program was:
| /* confdefs.h */
| #define PACKAGE_NAME "GNU 3DLDF"
| #define PACKAGE_TARNAME "3DLDF"
| #define PACKAGE_VERSION "2.0.3"
| #define PACKAGE_STRING "GNU 3DLDF 2.0.3"
| #define PACKAGE_BUGREPORT "Laurence.Finston@gmx.de"
| #define PACKAGE_URL "http://www.gnu.org/software/3DLDF/"
| #define PACKAGE "3DLDF"
| #define VERSION "2.0.3"
| /* end confdefs.h.  */
| #include <ac_nonexistent.h>
configure:7393: result: gcc -E
configure:7413: gcc -E  conftest.c
configure:7413: $? = 0
configure:7427: gcc -E  conftest.c
conftest.c:11:10: fatal error: ac_nonexistent.h: No such file or directory
 #include <ac_nonexistent.h>
          ^~~~~~~~~~~~~~~~~~
compilation terminated.
configure:7427: $? = 1
configure: failed program was:
| /* confdefs.h */
| #define PACKAGE_NAME "GNU 3DLDF"
| #define PACKAGE_TARNAME "3DLDF"
| #define PACKAGE_VERSION "2.0.3"
| #define PACKAGE_STRING "GNU 3DLDF 2.0.3"
| #define PACKAGE_BUGREPORT "Laurence.Finston@gmx.de"
| #define PACKAGE_URL "http://www.gnu.org/software/3DLDF/"
| #define PACKAGE "3DLDF"
| #define VERSION "2.0.3"
| /* end confdefs.h.  */
| #include <ac_nonexistent.h>
configure:7456: checking for ANSI C header files
configure:7476: gcc -c -g -O2  conftest.c >&5
configure:7476: $? = 0
configure:7549: gcc -o conftest -g -O2  -L/usr/local/lib conftest.c  >&5
configure:7549: $? = 0
configure:7549: ./conftest
configure:7549: $? = 0
configure:7560: result: yes
configure:7573: checking for sys/types.h
configure:7573: gcc -c -g -O2  conftest.c >&5
configure:7573: $? = 0
configure:7573: result: yes
configure:7573: checking for sys/stat.h
configure:7573: gcc -c -g -O2  conftest.c >&5
configure:7573: $? = 0
configure:7573: result: yes
configure:7573: checking for stdlib.h
configure:7573: gcc -c -g -O2  conftest.c >&5
configure:7573: $? = 0
configure:7573: result: yes
configure:7573: checking for string.h
configure:7573: gcc -c -g -O2  conftest.c >&5
configure:7573: $? = 0
configure:7573: result: yes
configure:7573: checking for memory.h
configure:7573: gcc -c -g -O2  conftest.c >&5
configure:7573: $? = 0
configure:7573: result: yes
configure:7573: checking for strings.h
configure:7573: gcc -c -g -O2  conftest.c >&5
configure:7573: $? = 0
configure:7573: result: yes
configure:7573: checking for inttypes.h
configure:7573: gcc -c -g -O2  conftest.c >&5
configure:7573: $? = 0
configure:7573: result: yes
configure:7573: checking for stdint.h
configure:7573: gcc -c -g -O2  conftest.c >&5
configure:7573: $? = 0
configure:7573: result: yes
configure:7573: checking for unistd.h
configure:7573: gcc -c -g -O2  conftest.c >&5
configure:7573: $? = 0
configure:7573: result: yes
configure:7587: checking for dlfcn.h
configure:7587: gcc -c -g -O2  conftest.c >&5
configure:7587: $? = 0
configure:7587: result: yes
configure:7774: checking for objdir
configure:7789: result: .libs
configure:8060: checking if gcc supports -fno-rtti -fno-exceptions
configure:8078: gcc -c -g -O2  -fno-rtti -fno-exceptions conftest.c >&5
cc1: warning: command line option '-fno-rtti' is valid for C++/ObjC++ but not for C
configure:8082: $? = 0
configure:8095: result: no
configure:8405: checking for gcc option to produce PIC
configure:8412: result: -fPIC -DPIC
configure:8420: checking if gcc PIC flag -fPIC -DPIC works
configure:8438: gcc -c -g -O2  -fPIC -DPIC -DPIC conftest.c >&5
configure:8442: $? = 0
configure:8455: result: yes
configure:8484: checking if gcc static flag -static works
configure:8512: result: yes
configure:8527: checking if gcc supports -c -o file.o
configure:8548: gcc -c -g -O2  -o out/conftest2.o conftest.c >&5
configure:8552: $? = 0
configure:8574: result: yes
configure:8582: checking if gcc supports -c -o file.o
configure:8629: result: yes
configure:8662: checking whether the gcc linker (/usr/bin/ld -m elf_x86_64) supports shared libraries
configure:9820: result: yes
configure:9857: checking whether -lc should be explicitly linked in
configure:9865: gcc -c -g -O2  conftest.c >&5
configure:9868: $? = 0
configure:9883: gcc -shared  -fPIC -DPIC conftest.o  -v -Wl,-soname -Wl,conftest -o conftest 2\>\&1 \| /bin/grep  -lc  \>/dev/null 2\>\&1
configure:9886: $? = 0
configure:9900: result: no
configure:10065: checking dynamic linker characteristics
configure:10579: gcc -o conftest -g -O2  -L/usr/local/lib -Wl,-rpath -Wl,/foo conftest.c  >&5
configure:10579: $? = 0
configure:10801: result: GNU/Linux ld.so
configure:10908: checking how to hardcode library paths into programs
configure:10933: result: immediate
configure:11473: checking whether stripping libraries is possible
configure:11478: result: yes
configure:11513: checking if libtool supports shared libraries
configure:11515: result: yes
configure:11518: checking whether to build shared libraries
configure:11539: result: yes
configure:11542: checking whether to build static libraries
configure:11546: result: yes
configure:11643: checking for g++
configure:11659: found /usr/bin/g++
configure:11670: result: g++
configure:11697: checking for C++ compiler version
configure:11706: g++ --version >&5
g++ (Ubuntu 7.5.0-3ubuntu1~18.04) 7.5.0
Copyright (C) 2017 Free Software Foundation, Inc.
This is free software; see the source for copying conditions.  There is NO
warranty; not even for MERCHANTABILITY or FITNESS FOR A PARTICULAR PURPOSE.

configure:11717: $? = 0
configure:11706: g++ -v >&5
Using built-in specs.
COLLECT_GCC=g++
COLLECT_LTO_WRAPPER=/usr/lib/gcc/x86_64-linux-gnu/7/lto-wrapper
OFFLOAD_TARGET_NAMES=nvptx-none
OFFLOAD_TARGET_DEFAULT=1
Target: x86_64-linux-gnu
Configured with: ../src/configure -v --with-pkgversion='Ubuntu 7.5.0-3ubuntu1~18.04' --with-bugurl=file:///usr/share/doc/gcc-7/README.Bugs --enable-languages=c,ada,c++,go,brig,d,fortran,objc,obj-c++ --prefix=/usr --with-gcc-major-version-only --program-suffix=-7 --program-prefix=x86_64-linux-gnu- --enable-shared --enable-linker-build-id --libexecdir=/usr/lib --without-included-gettext --enable-threads=posix --libdir=/usr/lib --enable-nls --enable-bootstrap --enable-clocale=gnu --enable-libstdcxx-debug --enable-libstdcxx-time=yes --with-default-libstdcxx-abi=new --enable-gnu-unique-object --disable-vtable-verify --enable-libmpx --enable-plugin --enable-default-pie --with-system-zlib --with-target-system-zlib --enable-objc-gc=auto --enable-multiarch --disable-werror --with-arch-32=i686 --with-abi=m64 --with-multilib-list=m32,m64,mx32 --enable-multilib --with-tune=generic --enable-offload-targets=nvptx-none --without-cuda-driver --enable-checking=release --build=x86_64-linux-gnu --host=x86_64-linux-gnu --target=x86_64-linux-gnu
Thread model: posix
gcc version 7.5.0 (Ubuntu 7.5.0-3ubuntu1~18.04) 
configure:11717: $? = 0
configure:11706: g++ -V >&5
g++: error: unrecognized command line option '-V'
g++: fatal error: no input files
compilation terminated.
configure:11717: $? = 1
configure:11706: g++ -qversion >&5
g++: error: unrecognized command line option '-qversion'; did you mean '--version'?
g++: fatal error: no input files
compilation terminated.
configure:11717: $? = 1
configure:11721: checking whether we are using the GNU C++ compiler
configure:11740: g++ -c   conftest.cpp >&5
configure:11740: $? = 0
configure:11749: result: yes
configure:11758: checking whether g++ accepts -g
configure:11778: g++ -c -g  conftest.cpp >&5
configure:11778: $? = 0
configure:11819: result: yes
configure:11844: checking dependency style of g++
configure:11955: result: gcc3
configure:11988: checking how to run the C++ preprocessor
configure:12015: g++ -E  conftest.cpp
configure:12015: $? = 0
configure:12029: g++ -E  conftest.cpp
conftest.cpp:23:10: fatal error: ac_nonexistent.h: No such file or directory
 #include <ac_nonexistent.h>
          ^~~~~~~~~~~~~~~~~~
compilation terminated.
configure:12029: $? = 1
configure: failed program was:
| /* confdefs.h */
| #define PACKAGE_NAME "GNU 3DLDF"
| #define PACKAGE_TARNAME "3DLDF"
| #define PACKAGE_VERSION "2.0.3"
| #define PACKAGE_STRING "GNU 3DLDF 2.0.3"
| #define PACKAGE_BUGREPORT "Laurence.Finston@gmx.de"
| #define PACKAGE_URL "http://www.gnu.org/software/3DLDF/"
| #define PACKAGE "3DLDF"
| #define VERSION "2.0.3"
| #define STDC_HEADERS 1
| #define HAVE_SYS_TYPES_H 1
| #define HAVE_SYS_STAT_H 1
| #define HAVE_STDLIB_H 1
| #define HAVE_STRING_H 1
| #define HAVE_MEMORY_H 1
| #define HAVE_STRINGS_H 1
| #define HAVE_INTTYPES_H 1
| #define HAVE_STDINT_H 1
| #define HAVE_UNISTD_H 1
| #define HAVE_DLFCN_H 1
| #define LT_OBJDIR ".libs/"
| /* end confdefs.h.  */
| #include <ac_nonexistent.h>
configure:12054: result: g++ -E
configure:12074: g++ -E  conftest.cpp
configure:12074: $? = 0
configure:12088: g++ -E  conftest.cpp
conftest.cpp:23:10: fatal error: ac_nonexistent.h: No such file or directory
 #include <ac_nonexistent.h>
          ^~~~~~~~~~~~~~~~~~
compilation terminated.
configure:12088: $? = 1
configure: failed program was:
| /* confdefs.h */
| #define PACKAGE_NAME "GNU 3DLDF"
| #define PACKAGE_TARNAME "3DLDF"
| #define PACKAGE_VERSION "2.0.3"
| #define PACKAGE_STRING "GNU 3DLDF 2.0.3"
| #define PACKAGE_BUGREPORT "Laurence.Finston@gmx.de"
| #define PACKAGE_URL "http://www.gnu.org/software/3DLDF/"
| #define PACKAGE "3DLDF"
| #define VERSION "2.0.3"
| #define STDC_HEADERS 1
| #define HAVE_SYS_TYPES_H 1
| #define HAVE_SYS_STAT_H 1
| #define HAVE_STDLIB_H 1
| #define HAVE_STRING_H 1
| #define HAVE_MEMORY_H 1
| #define HAVE_STRINGS_H 1
| #define HAVE_INTTYPES_H 1
| #define HAVE_STDINT_H 1
| #define HAVE_UNISTD_H 1
| #define HAVE_DLFCN_H 1
| #define LT_OBJDIR ".libs/"
| /* end confdefs.h.  */
| #include <ac_nonexistent.h>
configure:12258: checking for ld used by g++
configure:12325: result: /usr/bin/ld -m elf_x86_64
configure:12332: checking if the linker (/usr/bin/ld -m elf_x86_64) is GNU ld
configure:12347: result: yes
configure:12402: checking whether the g++ linker (/usr/bin/ld -m elf_x86_64) supports shared libraries
configure:13406: result: yes
configure:13441: g++ -c -g -O2  conftest.cpp >&5
configure:13444: $? = 0
configure:13964: checking for g++ option to produce PIC
configure:13971: result: -fPIC -DPIC
configure:13979: checking if g++ PIC flag -fPIC -DPIC works
configure:13997: g++ -c -g -O2  -fPIC -DPIC -DPIC conftest.cpp >&5
configure:14001: $? = 0
configure:14014: result: yes
configure:14037: checking if g++ static flag -static works
configure:14065: result: yes
configure:14077: checking if g++ supports -c -o file.o
configure:14098: g++ -c -g -O2  -o out/conftest2.o conftest.cpp >&5
configure:14102: $? = 0
configure:14124: result: yes
configure:14129: checking if g++ supports -c -o file.o
configure:14176: result: yes
configure:14206: checking whether the g++ linker (/usr/bin/ld -m elf_x86_64) supports shared libraries
configure:14240: result: yes
configure:14383: checking dynamic linker characteristics
configure:15053: result: GNU/Linux ld.so
configure:15106: checking how to hardcode library paths into programs
configure:15131: result: immediate
configure:15219: checking for gcc
configure:15246: result: gcc
configure:15475: checking for C compiler version
configure:15484: gcc --version >&5
gcc (Ubuntu 7.5.0-3ubuntu1~18.04) 7.5.0
Copyright (C) 2017 Free Software Foundation, Inc.
This is free software; see the source for copying conditions.  There is NO
warranty; not even for MERCHANTABILITY or FITNESS FOR A PARTICULAR PURPOSE.

configure:15495: $? = 0
configure:15484: gcc -v >&5
Using built-in specs.
COLLECT_GCC=gcc
COLLECT_LTO_WRAPPER=/usr/lib/gcc/x86_64-linux-gnu/7/lto-wrapper
OFFLOAD_TARGET_NAMES=nvptx-none
OFFLOAD_TARGET_DEFAULT=1
Target: x86_64-linux-gnu
Configured with: ../src/configure -v --with-pkgversion='Ubuntu 7.5.0-3ubuntu1~18.04' --with-bugurl=file:///usr/share/doc/gcc-7/README.Bugs --enable-languages=c,ada,c++,go,brig,d,fortran,objc,obj-c++ --prefix=/usr --with-gcc-major-version-only --program-suffix=-7 --program-prefix=x86_64-linux-gnu- --enable-shared --enable-linker-build-id --libexecdir=/usr/lib --without-included-gettext --enable-threads=posix --libdir=/usr/lib --enable-nls --enable-bootstrap --enable-clocale=gnu --enable-libstdcxx-debug --enable-libstdcxx-time=yes --with-default-libstdcxx-abi=new --enable-gnu-unique-object --disable-vtable-verify --enable-libmpx --enable-plugin --enable-default-pie --with-system-zlib --with-target-system-zlib --enable-objc-gc=auto --enable-multiarch --disable-werror --with-arch-32=i686 --with-abi=m64 --with-multilib-list=m32,m64,mx32 --enable-multilib --with-tune=generic --enable-offload-targets=nvptx-none --without-cuda-driver --enable-checking=release --build=x86_64-linux-gnu --host=x86_64-linux-gnu --target=x86_64-linux-gnu
Thread model: posix
gcc version 7.5.0 (Ubuntu 7.5.0-3ubuntu1~18.04) 
configure:15495: $? = 0
configure:15484: gcc -V >&5
gcc: error: unrecognized command line option '-V'
gcc: fatal error: no input files
compilation terminated.
configure:15495: $? = 1
configure:15484: gcc -qversion >&5
gcc: error: unrecognized command line option '-qversion'; did you mean '--version'?
gcc: fatal error: no input files
compilation terminated.
configure:15495: $? = 1
configure:15499: checking whether we are using the GNU C compiler
configure:15527: result: yes
configure:15536: checking whether gcc accepts -g
configure:15597: result: yes
configure:15614: checking for gcc option to accept ISO C89
configure:15691: result: none needed
configure:15716: checking whether gcc understands -c and -o together
configure:15753: result: yes
configure:15772: checking dependency style of gcc
configure:15883: result: gcc3
configure:15899: checking whether make sets $(MAKE)
configure:15921: result: yes
configure:15934: checking for bison
configure:15964: result: no
configure:15934: checking for byacc
configure:15964: result: no
configure:15977: checking for flex
configure:16007: result: no
configure:15977: checking for lex
configure:16007: result: no
configure:16136: checking for sha224sum
configure:16152: found /usr/bin/sha224sum
configure:16164: result: 1
configure:16174: checking for sha1sum
configure:16190: found /usr/bin/sha1sum
configure:16202: result: 1
configure:16212: checking for md5sum
configure:16228: found /usr/bin/md5sum
configure:16240: result: 1
configure:16250: checking for cksum
configure:16266: found /usr/bin/cksum
configure:16278: result: 1
configure:16288: checking for gzip
configure:16304: found /bin/gzip
configure:16316: result: 1
configure:16356: checking for gsl_matrix_alloc in -lgsl
configure:16381: gcc -o conftest -g -O2  -L/usr/local/lib conftest.c -lgsl   >&5
/usr/bin/ld: cannot find -lgsl
collect2: error: ld returned 1 exit status
configure:16381: $? = 1
configure: failed program was:
| /* confdefs.h */
| #define PACKAGE_NAME "GNU 3DLDF"
| #define PACKAGE_TARNAME "3DLDF"
| #define PACKAGE_VERSION "2.0.3"
| #define PACKAGE_STRING "GNU 3DLDF 2.0.3"
| #define PACKAGE_BUGREPORT "Laurence.Finston@gmx.de"
| #define PACKAGE_URL "http://www.gnu.org/software/3DLDF/"
| #define PACKAGE "3DLDF"
| #define VERSION "2.0.3"
| #define STDC_HEADERS 1
| #define HAVE_SYS_TYPES_H 1
| #define HAVE_SYS_STAT_H 1
| #define HAVE_STDLIB_H 1
| #define HAVE_STRING_H 1
| #define HAVE_MEMORY_H 1
| #define HAVE_STRINGS_H 1
| #define HAVE_INTTYPES_H 1
| #define HAVE_STDINT_H 1
| #define HAVE_UNISTD_H 1
| #define HAVE_DLFCN_H 1
| #define LT_OBJDIR ".libs/"
| #define HAVE_SHA224SUM 1
| #define HAVE_SHA1SUM 1
| #define HAVE_MD5SUM 1
| #define HAVE_CKSUM 1
| #define HAVE_GZIP 1
| /* end confdefs.h.  */
| 
| /* Override any GCC internal prototype to avoid an error.
|    Use char because int might match the return type of a GCC
|    builtin and then its argument prototype would still apply.  */
| #ifdef __cplusplus
| extern "C"
| #endif
| char gsl_matrix_alloc ();
| int
| main ()
| {
| return gsl_matrix_alloc ();
|   ;
|   return 0;
| }
configure:16390: result: no
configure:16403: checking for ANSI C header files
configure:16507: result: yes
configure:16520: checking errno.h usability
configure:16520: gcc -c -g -O2  conftest.c >&5
configure:16520: $? = 0
configure:16520: result: yes
configure:16520: checking errno.h presence
configure:16520: gcc -E  conftest.c
configure:16520: $? = 0
configure:16520: result: yes
configure:16520: checking for errno.h
configure:16520: result: yes
configure:16520: checking float.h usability
configure:16520: gcc -c -g -O2  conftest.c >&5
configure:16520: $? = 0
configure:16520: result: yes
configure:16520: checking float.h presence
configure:16520: gcc -E  conftest.c
configure:16520: $? = 0
configure:16520: result: yes
configure:16520: checking for float.h
configure:16520: result: yes
configure:16520: checking limits.h usability
configure:16520: gcc -c -g -O2  conftest.c >&5
configure:16520: $? = 0
configure:16520: result: yes
configure:16520: checking limits.h presence
configure:16520: gcc -E  conftest.c
configure:16520: $? = 0
configure:16520: result: yes
configure:16520: checking for limits.h
configure:16520: result: yes
configure:16520: checking for stdlib.h
configure:16520: result: yes
configure:16520: checking for unistd.h
configure:16520: result: yes
configure:16520: checking pthread.h usability
configure:16520: gcc -c -g -O2  conftest.c >&5
configure:16520: $? = 0
configure:16520: result: yes
configure:16520: checking pthread.h presence
configure:16520: gcc -E  conftest.c
configure:16520: $? = 0
configure:16520: result: yes
configure:16520: checking for pthread.h
configure:16520: result: yes
configure:16520: checking gsl/gsl_complex.h usability
configure:16520: gcc -c -g -O2  conftest.c >&5
conftest.c:68:10: fatal error: gsl/gsl_complex.h: No such file or directory
 #include <gsl/gsl_complex.h>
          ^~~~~~~~~~~~~~~~~~~
compilation terminated.
configure:16520: $? = 1
configure: failed program was:
| /* confdefs.h */
| #define PACKAGE_NAME "GNU 3DLDF"
| #define PACKAGE_TARNAME "3DLDF"
| #define PACKAGE_VERSION "2.0.3"
| #define PACKAGE_STRING "GNU 3DLDF 2.0.3"
| #define PACKAGE_BUGREPORT "Laurence.Finston@gmx.de"
| #define PACKAGE_URL "http://www.gnu.org/software/3DLDF/"
| #define PACKAGE "3DLDF"
| #define VERSION "2.0.3"
| #define STDC_HEADERS 1
| #define HAVE_SYS_TYPES_H 1
| #define HAVE_SYS_STAT_H 1
| #define HAVE_STDLIB_H 1
| #define HAVE_STRING_H 1
| #define HAVE_MEMORY_H 1
| #define HAVE_STRINGS_H 1
| #define HAVE_INTTYPES_H 1
| #define HAVE_STDINT_H 1
| #define HAVE_UNISTD_H 1
| #define HAVE_DLFCN_H 1
| #define LT_OBJDIR ".libs/"
| #define HAVE_SHA224SUM 1
| #define HAVE_SHA1SUM 1
| #define HAVE_MD5SUM 1
| #define HAVE_CKSUM 1
| #define HAVE_GZIP 1
| #define STDC_HEADERS 1
| #define HAVE_ERRNO_H 1
| #define HAVE_FLOAT_H 1
| #define HAVE_LIMITS_H 1
| #define HAVE_STDLIB_H 1
| #define HAVE_UNISTD_H 1
| #define HAVE_PTHREAD_H 1
| /* end confdefs.h.  */
| #include <stdio.h>
| #ifdef HAVE_SYS_TYPES_H
| # include <sys/types.h>
| #endif
| #ifdef HAVE_SYS_STAT_H
| # include <sys/stat.h>
| #endif
| #ifdef STDC_HEADERS
| # include <stdlib.h>
| # include <stddef.h>
| #else
| # ifdef HAVE_STDLIB_H
| #  include <stdlib.h>
| # endif
| #endif
| #ifdef HAVE_STRING_H
| # if !defined STDC_HEADERS && defined HAVE_MEMORY_H
| #  include <memory.h>
| # endif
| # include <string.h>
| #endif
| #ifdef HAVE_STRINGS_H
| # include <strings.h>
| #endif
| #ifdef HAVE_INTTYPES_H
| # include <inttypes.h>
| #endif
| #ifdef HAVE_STDINT_H
| # include <stdint.h>
| #endif
| #ifdef HAVE_UNISTD_H
| # include <unistd.h>
| #endif
| #include <gsl/gsl_complex.h>
configure:16520: result: no
configure:16520: checking gsl/gsl_complex.h presence
configure:16520: gcc -E  conftest.c
conftest.c:35:10: fatal error: gsl/gsl_complex.h: No such file or directory
 #include <gsl/gsl_complex.h>
          ^~~~~~~~~~~~~~~~~~~
compilation terminated.
configure:16520: $? = 1
configure: failed program was:
| /* confdefs.h */
| #define PACKAGE_NAME "GNU 3DLDF"
| #define PACKAGE_TARNAME "3DLDF"
| #define PACKAGE_VERSION "2.0.3"
| #define PACKAGE_STRING "GNU 3DLDF 2.0.3"
| #define PACKAGE_BUGREPORT "Laurence.Finston@gmx.de"
| #define PACKAGE_URL "http://www.gnu.org/software/3DLDF/"
| #define PACKAGE "3DLDF"
| #define VERSION "2.0.3"
| #define STDC_HEADERS 1
| #define HAVE_SYS_TYPES_H 1
| #define HAVE_SYS_STAT_H 1
| #define HAVE_STDLIB_H 1
| #define HAVE_STRING_H 1
| #define HAVE_MEMORY_H 1
| #define HAVE_STRINGS_H 1
| #define HAVE_INTTYPES_H 1
| #define HAVE_STDINT_H 1
| #define HAVE_UNISTD_H 1
| #define HAVE_DLFCN_H 1
| #define LT_OBJDIR ".libs/"
| #define HAVE_SHA224SUM 1
| #define HAVE_SHA1SUM 1
| #define HAVE_MD5SUM 1
| #define HAVE_CKSUM 1
| #define HAVE_GZIP 1
| #define STDC_HEADERS 1
| #define HAVE_ERRNO_H 1
| #define HAVE_FLOAT_H 1
| #define HAVE_LIMITS_H 1
| #define HAVE_STDLIB_H 1
| #define HAVE_UNISTD_H 1
| #define HAVE_PTHREAD_H 1
| /* end confdefs.h.  */
| #include <gsl/gsl_complex.h>
configure:16520: result: no
configure:16520: checking for gsl/gsl_complex.h
configure:16520: result: no
configure:16520: checking gsl/gsl_complex_math.h usability
configure:16520: gcc -c -g -O2  conftest.c >&5
conftest.c:68:10: fatal error: gsl/gsl_complex_math.h: No such file or directory
 #include <gsl/gsl_complex_math.h>
          ^~~~~~~~~~~~~~~~~~~~~~~~
compilation terminated.
configure:16520: $? = 1
configure: failed program was:
| /* confdefs.h */
| #define PACKAGE_NAME "GNU 3DLDF"
| #define PACKAGE_TARNAME "3DLDF"
| #define PACKAGE_VERSION "2.0.3"
| #define PACKAGE_STRING "GNU 3DLDF 2.0.3"
| #define PACKAGE_BUGREPORT "Laurence.Finston@gmx.de"
| #define PACKAGE_URL "http://www.gnu.org/software/3DLDF/"
| #define PACKAGE "3DLDF"
| #define VERSION "2.0.3"
| #define STDC_HEADERS 1
| #define HAVE_SYS_TYPES_H 1
| #define HAVE_SYS_STAT_H 1
| #define HAVE_STDLIB_H 1
| #define HAVE_STRING_H 1
| #define HAVE_MEMORY_H 1
| #define HAVE_STRINGS_H 1
| #define HAVE_INTTYPES_H 1
| #define HAVE_STDINT_H 1
| #define HAVE_UNISTD_H 1
| #define HAVE_DLFCN_H 1
| #define LT_OBJDIR ".libs/"
| #define HAVE_SHA224SUM 1
| #define HAVE_SHA1SUM 1
| #define HAVE_MD5SUM 1
| #define HAVE_CKSUM 1
| #define HAVE_GZIP 1
| #define STDC_HEADERS 1
| #define HAVE_ERRNO_H 1
| #define HAVE_FLOAT_H 1
| #define HAVE_LIMITS_H 1
| #define HAVE_STDLIB_H 1
| #define HAVE_UNISTD_H 1
| #define HAVE_PTHREAD_H 1
| /* end confdefs.h.  */
| #include <stdio.h>
| #ifdef HAVE_SYS_TYPES_H
| # include <sys/types.h>
| #endif
| #ifdef HAVE_SYS_STAT_H
| # include <sys/stat.h>
| #endif
| #ifdef STDC_HEADERS
| # include <stdlib.h>
| # include <stddef.h>
| #else
| # ifdef HAVE_STDLIB_H
| #  include <stdlib.h>
| # endif
| #endif
| #ifdef HAVE_STRING_H
| # if !defined STDC_HEADERS && defined HAVE_MEMORY_H
| #  include <memory.h>
| # endif
| # include <string.h>
| #endif
| #ifdef HAVE_STRINGS_H
| # include <strings.h>
| #endif
| #ifdef HAVE_INTTYPES_H
| # include <inttypes.h>
| #endif
| #ifdef HAVE_STDINT_H
| # include <stdint.h>
| #endif
| #ifdef HAVE_UNISTD_H
| # include <unistd.h>
| #endif
| #include <gsl/gsl_complex_math.h>
configure:16520: result: no
configure:16520: checking gsl/gsl_complex_math.h presence
configure:16520: gcc -E  conftest.c
conftest.c:35:10: fatal error: gsl/gsl_complex_math.h: No such file or directory
 #include <gsl/gsl_complex_math.h>
          ^~~~~~~~~~~~~~~~~~~~~~~~
compilation terminated.
configure:16520: $? = 1
configure: failed program was:
| /* confdefs.h */
| #define PACKAGE_NAME "GNU 3DLDF"
| #define PACKAGE_TARNAME "3DLDF"
| #define PACKAGE_VERSION "2.0.3"
| #define PACKAGE_STRING "GNU 3DLDF 2.0.3"
| #define PACKAGE_BUGREPORT "Laurence.Finston@gmx.de"
| #define PACKAGE_URL "http://www.gnu.org/software/3DLDF/"
| #define PACKAGE "3DLDF"
| #define VERSION "2.0.3"
| #define STDC_HEADERS 1
| #define HAVE_SYS_TYPES_H 1
| #define HAVE_SYS_STAT_H 1
| #define HAVE_STDLIB_H 1
| #define HAVE_STRING_H 1
| #define HAVE_MEMORY_H 1
| #define HAVE_STRINGS_H 1
| #define HAVE_INTTYPES_H 1
| #define HAVE_STDINT_H 1
| #define HAVE_UNISTD_H 1
| #define HAVE_DLFCN_H 1
| #define LT_OBJDIR ".libs/"
| #define HAVE_SHA224SUM 1
| #define HAVE_SHA1SUM 1
| #define HAVE_MD5SUM 1
| #define HAVE_CKSUM 1
| #define HAVE_GZIP 1
| #define STDC_HEADERS 1
| #define HAVE_ERRNO_H 1
| #define HAVE_FLOAT_H 1
| #define HAVE_LIMITS_H 1
| #define HAVE_STDLIB_H 1
| #define HAVE_UNISTD_H 1
| #define HAVE_PTHREAD_H 1
| /* end confdefs.h.  */
| #include <gsl/gsl_complex_math.h>
configure:16520: result: no
configure:16520: checking for gsl/gsl_complex_math.h
configure:16520: result: no
configure:16520: checking gsl/gsl_matrix.h usability
configure:16520: gcc -c -g -O2  conftest.c >&5
conftest.c:68:10: fatal error: gsl/gsl_matrix.h: No such file or directory
 #include <gsl/gsl_matrix.h>
          ^~~~~~~~~~~~~~~~~~
compilation terminated.
configure:16520: $? = 1
configure: failed program was:
| /* confdefs.h */
| #define PACKAGE_NAME "GNU 3DLDF"
| #define PACKAGE_TARNAME "3DLDF"
| #define PACKAGE_VERSION "2.0.3"
| #define PACKAGE_STRING "GNU 3DLDF 2.0.3"
| #define PACKAGE_BUGREPORT "Laurence.Finston@gmx.de"
| #define PACKAGE_URL "http://www.gnu.org/software/3DLDF/"
| #define PACKAGE "3DLDF"
| #define VERSION "2.0.3"
| #define STDC_HEADERS 1
| #define HAVE_SYS_TYPES_H 1
| #define HAVE_SYS_STAT_H 1
| #define HAVE_STDLIB_H 1
| #define HAVE_STRING_H 1
| #define HAVE_MEMORY_H 1
| #define HAVE_STRINGS_H 1
| #define HAVE_INTTYPES_H 1
| #define HAVE_STDINT_H 1
| #define HAVE_UNISTD_H 1
| #define HAVE_DLFCN_H 1
| #define LT_OBJDIR ".libs/"
| #define HAVE_SHA224SUM 1
| #define HAVE_SHA1SUM 1
| #define HAVE_MD5SUM 1
| #define HAVE_CKSUM 1
| #define HAVE_GZIP 1
| #define STDC_HEADERS 1
| #define HAVE_ERRNO_H 1
| #define HAVE_FLOAT_H 1
| #define HAVE_LIMITS_H 1
| #define HAVE_STDLIB_H 1
| #define HAVE_UNISTD_H 1
| #define HAVE_PTHREAD_H 1
| /* end confdefs.h.  */
| #include <stdio.h>
| #ifdef HAVE_SYS_TYPES_H
| # include <sys/types.h>
| #endif
| #ifdef HAVE_SYS_STAT_H
| # include <sys/stat.h>
| #endif
| #ifdef STDC_HEADERS
| # include <stdlib.h>
| # include <stddef.h>
| #else
| # ifdef HAVE_STDLIB_H
| #  include <stdlib.h>
| # endif
| #endif
| #ifdef HAVE_STRING_H
| # if !defined STDC_HEADERS && defined HAVE_MEMORY_H
| #  include <memory.h>
| # endif
| # include <string.h>
| #endif
| #ifdef HAVE_STRINGS_H
| # include <strings.h>
| #endif
| #ifdef HAVE_INTTYPES_H
| # include <inttypes.h>
| #endif
| #ifdef HAVE_STDINT_H
| # include <stdint.h>
| #endif
| #ifdef HAVE_UNISTD_H
| # include <unistd.h>
| #endif
| #include <gsl/gsl_matrix.h>
configure:16520: result: no
configure:16520: checking gsl/gsl_matrix.h presence
configure:16520: gcc -E  conftest.c
conftest.c:35:10: fatal error: gsl/gsl_matrix.h: No such file or directory
 #include <gsl/gsl_matrix.h>
          ^~~~~~~~~~~~~~~~~~
compilation terminated.
configure:16520: $? = 1
configure: failed program was:
| /* confdefs.h */
| #define PACKAGE_NAME "GNU 3DLDF"
| #define PACKAGE_TARNAME "3DLDF"
| #define PACKAGE_VERSION "2.0.3"
| #define PACKAGE_STRING "GNU 3DLDF 2.0.3"
| #define PACKAGE_BUGREPORT "Laurence.Finston@gmx.de"
| #define PACKAGE_URL "http://www.gnu.org/software/3DLDF/"
| #define PACKAGE "3DLDF"
| #define VERSION "2.0.3"
| #define STDC_HEADERS 1
| #define HAVE_SYS_TYPES_H 1
| #define HAVE_SYS_STAT_H 1
| #define HAVE_STDLIB_H 1
| #define HAVE_STRING_H 1
| #define HAVE_MEMORY_H 1
| #define HAVE_STRINGS_H 1
| #define HAVE_INTTYPES_H 1
| #define HAVE_STDINT_H 1
| #define HAVE_UNISTD_H 1
| #define HAVE_DLFCN_H 1
| #define LT_OBJDIR ".libs/"
| #define HAVE_SHA224SUM 1
| #define HAVE_SHA1SUM 1
| #define HAVE_MD5SUM 1
| #define HAVE_CKSUM 1
| #define HAVE_GZIP 1
| #define STDC_HEADERS 1
| #define HAVE_ERRNO_H 1
| #define HAVE_FLOAT_H 1
| #define HAVE_LIMITS_H 1
| #define HAVE_STDLIB_H 1
| #define HAVE_UNISTD_H 1
| #define HAVE_PTHREAD_H 1
| /* end confdefs.h.  */
| #include <gsl/gsl_matrix.h>
configure:16520: result: no
configure:16520: checking for gsl/gsl_matrix.h
configure:16520: result: no
configure:16536: checking for unsigned long long
configure:16536: gcc -c -g -O2  conftest.c >&5
configure:16536: $? = 0
configure:16536: gcc -c -g -O2  conftest.c >&5
conftest.c: In function 'main':
conftest.c:71:33: error: expected expression before ')' token
 if (sizeof ((unsigned long long)))
                                 ^
configure:16536: $? = 1
configure: failed program was:
| /* confdefs.h */
| #define PACKAGE_NAME "GNU 3DLDF"
| #define PACKAGE_TARNAME "3DLDF"
| #define PACKAGE_VERSION "2.0.3"
| #define PACKAGE_STRING "GNU 3DLDF 2.0.3"
| #define PACKAGE_BUGREPORT "Laurence.Finston@gmx.de"
| #define PACKAGE_URL "http://www.gnu.org/software/3DLDF/"
| #define PACKAGE "3DLDF"
| #define VERSION "2.0.3"
| #define STDC_HEADERS 1
| #define HAVE_SYS_TYPES_H 1
| #define HAVE_SYS_STAT_H 1
| #define HAVE_STDLIB_H 1
| #define HAVE_STRING_H 1
| #define HAVE_MEMORY_H 1
| #define HAVE_STRINGS_H 1
| #define HAVE_INTTYPES_H 1
| #define HAVE_STDINT_H 1
| #define HAVE_UNISTD_H 1
| #define HAVE_DLFCN_H 1
| #define LT_OBJDIR ".libs/"
| #define HAVE_SHA224SUM 1
| #define HAVE_SHA1SUM 1
| #define HAVE_MD5SUM 1
| #define HAVE_CKSUM 1
| #define HAVE_GZIP 1
| #define STDC_HEADERS 1
| #define HAVE_ERRNO_H 1
| #define HAVE_FLOAT_H 1
| #define HAVE_LIMITS_H 1
| #define HAVE_STDLIB_H 1
| #define HAVE_UNISTD_H 1
| #define HAVE_PTHREAD_H 1
| /* end confdefs.h.  */
| #include <stdio.h>
| #ifdef HAVE_SYS_TYPES_H
| # include <sys/types.h>
| #endif
| #ifdef HAVE_SYS_STAT_H
| # include <sys/stat.h>
| #endif
| #ifdef STDC_HEADERS
| # include <stdlib.h>
| # include <stddef.h>
| #else
| # ifdef HAVE_STDLIB_H
| #  include <stdlib.h>
| # endif
| #endif
| #ifdef HAVE_STRING_H
| # if !defined STDC_HEADERS && defined HAVE_MEMORY_H
| #  include <memory.h>
| # endif
| # include <string.h>
| #endif
| #ifdef HAVE_STRINGS_H
| # include <strings.h>
| #endif
| #ifdef HAVE_INTTYPES_H
| # include <inttypes.h>
| #endif
| #ifdef HAVE_STDINT_H
| # include <stdint.h>
| #endif
| #ifdef HAVE_UNISTD_H
| # include <unistd.h>
| #endif
| int
| main ()
| {
| if (sizeof ((unsigned long long)))
| 	    return 0;
|   ;
|   return 0;
| }
configure:16536: result: yes
configure:16545: checking for unsigned long
configure:16545: gcc -c -g -O2  conftest.c >&5
configure:16545: $? = 0
configure:16545: gcc -c -g -O2  conftest.c >&5
conftest.c: In function 'main':
conftest.c:72:28: error: expected expression before ')' token
 if (sizeof ((unsigned long)))
                            ^
configure:16545: $? = 1
configure: failed program was:
| /* confdefs.h */
| #define PACKAGE_NAME "GNU 3DLDF"
| #define PACKAGE_TARNAME "3DLDF"
| #define PACKAGE_VERSION "2.0.3"
| #define PACKAGE_STRING "GNU 3DLDF 2.0.3"
| #define PACKAGE_BUGREPORT "Laurence.Finston@gmx.de"
| #define PACKAGE_URL "http://www.gnu.org/software/3DLDF/"
| #define PACKAGE "3DLDF"
| #define VERSION "2.0.3"
| #define STDC_HEADERS 1
| #define HAVE_SYS_TYPES_H 1
| #define HAVE_SYS_STAT_H 1
| #define HAVE_STDLIB_H 1
| #define HAVE_STRING_H 1
| #define HAVE_MEMORY_H 1
| #define HAVE_STRINGS_H 1
| #define HAVE_INTTYPES_H 1
| #define HAVE_STDINT_H 1
| #define HAVE_UNISTD_H 1
| #define HAVE_DLFCN_H 1
| #define LT_OBJDIR ".libs/"
| #define HAVE_SHA224SUM 1
| #define HAVE_SHA1SUM 1
| #define HAVE_MD5SUM 1
| #define HAVE_CKSUM 1
| #define HAVE_GZIP 1
| #define STDC_HEADERS 1
| #define HAVE_ERRNO_H 1
| #define HAVE_FLOAT_H 1
| #define HAVE_LIMITS_H 1
| #define HAVE_STDLIB_H 1
| #define HAVE_UNISTD_H 1
| #define HAVE_PTHREAD_H 1
| #define HAVE_UNSIGNED_LONG_LONG 1
| /* end confdefs.h.  */
| #include <stdio.h>
| #ifdef HAVE_SYS_TYPES_H
| # include <sys/types.h>
| #endif
| #ifdef HAVE_SYS_STAT_H
| # include <sys/stat.h>
| #endif
| #ifdef STDC_HEADERS
| # include <stdlib.h>
| # include <stddef.h>
| #else
| # ifdef HAVE_STDLIB_H
| #  include <stdlib.h>
| # endif
| #endif
| #ifdef HAVE_STRING_H
| # if !defined STDC_HEADERS && defined HAVE_MEMORY_H
| #  include <memory.h>
| # endif
| # include <string.h>
| #endif
| #ifdef HAVE_STRINGS_H
| # include <strings.h>
| #endif
| #ifdef HAVE_INTTYPES_H
| # include <inttypes.h>
| #endif
| #ifdef HAVE_STDINT_H
| # include <stdint.h>
| #endif
| #ifdef HAVE_UNISTD_H
| # include <unistd.h>
| #endif
| int
| main ()
| {
| if (sizeof ((unsigned long)))
| 	    return 0;
|   ;
|   return 0;
| }
configure:16545: result: yes
configure:16554: checking for unsigned int
configure:16554: gcc -c -g -O2  conftest.c >&5
configure:16554: $? = 0
configure:16554: gcc -c -g -O2  conftest.c >&5
conftest.c: In function 'main':
conftest.c:73:27: error: expected expression before ')' token
 if (sizeof ((unsigned int)))
                           ^
configure:16554: $? = 1
configure: failed program was:
| /* confdefs.h */
| #define PACKAGE_NAME "GNU 3DLDF"
| #define PACKAGE_TARNAME "3DLDF"
| #define PACKAGE_VERSION "2.0.3"
| #define PACKAGE_STRING "GNU 3DLDF 2.0.3"
| #define PACKAGE_BUGREPORT "Laurence.Finston@gmx.de"
| #define PACKAGE_URL "http://www.gnu.org/software/3DLDF/"
| #define PACKAGE "3DLDF"
| #define VERSION "2.0.3"
| #define STDC_HEADERS 1
| #define HAVE_SYS_TYPES_H 1
| #define HAVE_SYS_STAT_H 1
| #define HAVE_STDLIB_H 1
| #define HAVE_STRING_H 1
| #define HAVE_MEMORY_H 1
| #define HAVE_STRINGS_H 1
| #define HAVE_INTTYPES_H 1
| #define HAVE_STDINT_H 1
| #define HAVE_UNISTD_H 1
| #define HAVE_DLFCN_H 1
| #define LT_OBJDIR ".libs/"
| #define HAVE_SHA224SUM 1
| #define HAVE_SHA1SUM 1
| #define HAVE_MD5SUM 1
| #define HAVE_CKSUM 1
| #define HAVE_GZIP 1
| #define STDC_HEADERS 1
| #define HAVE_ERRNO_H 1
| #define HAVE_FLOAT_H 1
| #define HAVE_LIMITS_H 1
| #define HAVE_STDLIB_H 1
| #define HAVE_UNISTD_H 1
| #define HAVE_PTHREAD_H 1
| #define HAVE_UNSIGNED_LONG_LONG 1
| #define HAVE_UNSIGNED_LONG 1
| /* end confdefs.h.  */
| #include <stdio.h>
| #ifdef HAVE_SYS_TYPES_H
| # include <sys/types.h>
| #endif
| #ifdef HAVE_SYS_STAT_H
| # include <sys/stat.h>
| #endif
| #ifdef STDC_HEADERS
| # include <stdlib.h>
| # include <stddef.h>
| #else
| # ifdef HAVE_STDLIB_H
| #  include <stdlib.h>
| # endif
| #endif
| #ifdef HAVE_STRING_H
| # if !defined STDC_HEADERS && defined HAVE_MEMORY_H
| #  include <memory.h>
| # endif
| # include <string.h>
| #endif
| #ifdef HAVE_STRINGS_H
| # include <strings.h>
| #endif
| #ifdef HAVE_INTTYPES_H
| # include <inttypes.h>
| #endif
| #ifdef HAVE_STDINT_H
| # include <stdint.h>
| #endif
| #ifdef HAVE_UNISTD_H
| # include <unistd.h>
| #endif
| int
| main ()
| {
| if (sizeof ((unsigned int)))
| 	    return 0;
|   ;
|   return 0;
| }
configure:16554: result: yes
configure:16568: checking for library containing trunc
configure:16599: gcc -o conftest -g -O2  -L/usr/local/lib conftest.c  >&5
conftest.c:45:6: warning: conflicting types for built-in function 'trunc' [-Wbuiltin-declaration-mismatch]
 char trunc ();
      ^~~~~
/tmp/cc7CngKZ.o: In function `main':
/home/carolhanna/Security_Project/gnu_dataset/gsrc-2014.10.11/gnu/3dldf/work/3DLDF-2.0.3/conftest.c:49: undefined reference to `trunc'
collect2: error: ld returned 1 exit status
configure:16599: $? = 1
configure: failed program was:
| /* confdefs.h */
| #define PACKAGE_NAME "GNU 3DLDF"
| #define PACKAGE_TARNAME "3DLDF"
| #define PACKAGE_VERSION "2.0.3"
| #define PACKAGE_STRING "GNU 3DLDF 2.0.3"
| #define PACKAGE_BUGREPORT "Laurence.Finston@gmx.de"
| #define PACKAGE_URL "http://www.gnu.org/software/3DLDF/"
| #define PACKAGE "3DLDF"
| #define VERSION "2.0.3"
| #define STDC_HEADERS 1
| #define HAVE_SYS_TYPES_H 1
| #define HAVE_SYS_STAT_H 1
| #define HAVE_STDLIB_H 1
| #define HAVE_STRING_H 1
| #define HAVE_MEMORY_H 1
| #define HAVE_STRINGS_H 1
| #define HAVE_INTTYPES_H 1
| #define HAVE_STDINT_H 1
| #define HAVE_UNISTD_H 1
| #define HAVE_DLFCN_H 1
| #define LT_OBJDIR ".libs/"
| #define HAVE_SHA224SUM 1
| #define HAVE_SHA1SUM 1
| #define HAVE_MD5SUM 1
| #define HAVE_CKSUM 1
| #define HAVE_GZIP 1
| #define STDC_HEADERS 1
| #define HAVE_ERRNO_H 1
| #define HAVE_FLOAT_H 1
| #define HAVE_LIMITS_H 1
| #define HAVE_STDLIB_H 1
| #define HAVE_UNISTD_H 1
| #define HAVE_PTHREAD_H 1
| #define HAVE_UNSIGNED_LONG_LONG 1
| #define HAVE_UNSIGNED_LONG 1
| #define HAVE_UNSIGNED_INT 1
| /* end confdefs.h.  */
| 
| /* Override any GCC internal prototype to avoid an error.
|    Use char because int might match the return type of a GCC
|    builtin and then its argument prototype would still apply.  */
| #ifdef __cplusplus
| extern "C"
| #endif
| char trunc ();
| int
| main ()
| {
| return trunc ();
|   ;
|   return 0;
| }
configure:16599: gcc -o conftest -g -O2  -L/usr/local/lib conftest.c -lm   >&5
conftest.c:45:6: warning: conflicting types for built-in function 'trunc' [-Wbuiltin-declaration-mismatch]
 char trunc ();
      ^~~~~
configure:16599: $? = 0
configure:16616: result: -lm
configure:16627: checking for floor
configure:16627: gcc -o conftest -g -O2  -L/usr/local/lib conftest.c -lm  >&5
conftest.c:61:6: warning: conflicting types for built-in function 'floor' [-Wbuiltin-declaration-mismatch]
 char floor ();
      ^~~~~
configure:16627: $? = 0
configure:16627: result: yes
configure:16627: checking for sqrt
configure:16627: gcc -o conftest -g -O2  -L/usr/local/lib conftest.c -lm  >&5
conftest.c:62:6: warning: conflicting types for built-in function 'sqrt' [-Wbuiltin-declaration-mismatch]
 char sqrt ();
      ^~~~
configure:16627: $? = 0
configure:16627: result: yes
configure:16627: checking for trunc
configure:16627: gcc -o conftest -g -O2  -L/usr/local/lib conftest.c -lm  >&5
conftest.c:63:6: warning: conflicting types for built-in function 'trunc' [-Wbuiltin-declaration-mismatch]
 char trunc ();
      ^~~~~
configure:16627: $? = 0
configure:16627: result: yes
configure:16641: checking whether byte ordering is bigendian
configure:16656: gcc -c -g -O2  conftest.c >&5
conftest.c:42:9: error: unknown type name 'not'
         not a universal capable compiler
         ^~~
conftest.c:42:15: error: expected '=', ',', ';', 'asm' or '__attribute__' before 'universal'
         not a universal capable compiler
               ^~~~~~~~~
conftest.c:42:15: error: unknown type name 'universal'
configure:16656: $? = 1
configure: failed program was:
| /* confdefs.h */
| #define PACKAGE_NAME "GNU 3DLDF"
| #define PACKAGE_TARNAME "3DLDF"
| #define PACKAGE_VERSION "2.0.3"
| #define PACKAGE_STRING "GNU 3DLDF 2.0.3"
| #define PACKAGE_BUGREPORT "Laurence.Finston@gmx.de"
| #define PACKAGE_URL "http://www.gnu.org/software/3DLDF/"
| #define PACKAGE "3DLDF"
| #define VERSION "2.0.3"
| #define STDC_HEADERS 1
| #define HAVE_SYS_TYPES_H 1
| #define HAVE_SYS_STAT_H 1
| #define HAVE_STDLIB_H 1
| #define HAVE_STRING_H 1
| #define HAVE_MEMORY_H 1
| #define HAVE_STRINGS_H 1
| #define HAVE_INTTYPES_H 1
| #define HAVE_STDINT_H 1
| #define HAVE_UNISTD_H 1
| #define HAVE_DLFCN_H 1
| #define LT_OBJDIR ".libs/"
| #define HAVE_SHA224SUM 1
| #define HAVE_SHA1SUM 1
| #define HAVE_MD5SUM 1
| #define HAVE_CKSUM 1
| #define HAVE_GZIP 1
| #define STDC_HEADERS 1
| #define HAVE_ERRNO_H 1
| #define HAVE_FLOAT_H 1
| #define HAVE_LIMITS_H 1
| #define HAVE_STDLIB_H 1
| #define HAVE_UNISTD_H 1
| #define HAVE_PTHREAD_H 1
| #define HAVE_UNSIGNED_LONG_LONG 1
| #define HAVE_UNSIGNED_LONG 1
| #define HAVE_UNSIGNED_INT 1
| #define HAVE_FLOOR 1
| #define HAVE_SQRT 1
| #define HAVE_TRUNC 1
| /* end confdefs.h.  */
| #ifndef __APPLE_CC__
| 	       not a universal capable compiler
| 	     #endif
| 	     typedef int dummy;
| 
configure:16701: gcc -c -g -O2  conftest.c >&5
configure:16701: $? = 0
configure:16719: gcc -c -g -O2  conftest.c >&5
conftest.c: In function 'main':
conftest.c:48:4: error: unknown type name 'not'; did you mean 'ino_t'?
    not big endian
    ^~~
    ino_t
conftest.c:48:12: error: expected '=', ',', ';', 'asm' or '__attribute__' before 'endian'
    not big endian
            ^~~~~~
configure:16719: $? = 1
configure: failed program was:
| /* confdefs.h */
| #define PACKAGE_NAME "GNU 3DLDF"
| #define PACKAGE_TARNAME "3DLDF"
| #define PACKAGE_VERSION "2.0.3"
| #define PACKAGE_STRING "GNU 3DLDF 2.0.3"
| #define PACKAGE_BUGREPORT "Laurence.Finston@gmx.de"
| #define PACKAGE_URL "http://www.gnu.org/software/3DLDF/"
| #define PACKAGE "3DLDF"
| #define VERSION "2.0.3"
| #define STDC_HEADERS 1
| #define HAVE_SYS_TYPES_H 1
| #define HAVE_SYS_STAT_H 1
| #define HAVE_STDLIB_H 1
| #define HAVE_STRING_H 1
| #define HAVE_MEMORY_H 1
| #define HAVE_STRINGS_H 1
| #define HAVE_INTTYPES_H 1
| #define HAVE_STDINT_H 1
| #define HAVE_UNISTD_H 1
| #define HAVE_DLFCN_H 1
| #define LT_OBJDIR ".libs/"
| #define HAVE_SHA224SUM 1
| #define HAVE_SHA1SUM 1
| #define HAVE_MD5SUM 1
| #define HAVE_CKSUM 1
| #define HAVE_GZIP 1
| #define STDC_HEADERS 1
| #define HAVE_ERRNO_H 1
| #define HAVE_FLOAT_H 1
| #define HAVE_LIMITS_H 1
| #define HAVE_STDLIB_H 1
| #define HAVE_UNISTD_H 1
| #define HAVE_PTHREAD_H 1
| #define HAVE_UNSIGNED_LONG_LONG 1
| #define HAVE_UNSIGNED_LONG 1
| #define HAVE_UNSIGNED_INT 1
| #define HAVE_FLOOR 1
| #define HAVE_SQRT 1
| #define HAVE_TRUNC 1
| /* end confdefs.h.  */
| #include <sys/types.h>
| 		#include <sys/param.h>
| 
| int
| main ()
| {
| #if BYTE_ORDER != BIG_ENDIAN
| 		 not big endian
| 		#endif
| 
|   ;
|   return 0;
| }
configure:16847: result: no
configure:17002: checking that generated files are newer than configure
configure:17008: result: done
configure:17040: creating ./config.status

## ---------------------- ##
## Running config.status. ##
## ---------------------- ##

This file was extended by GNU 3DLDF config.status 2.0.3, which was
generated by GNU Autoconf 2.68.  Invocation command line was

  CONFIG_FILES    = 
  CONFIG_HEADERS  = 
  CONFIG_LINKS    = 
  CONFIG_COMMANDS = 
  $ ./config.status 

on rishon

config.status:1192: creating Makefile
config.status:1192: creating src/Makefile
config.status:1192: creating doc/Makefile
config.status:1192: creating doc/old_doc/Makefile
config.status:1192: creating examples/Makefile
config.status:1192: creating config.h
config.status:1421: executing depfiles commands
config.status:1421: executing libtool commands

## ---------------- ##
## Cache variables. ##
## ---------------- ##

ac_cv_build=x86_64-unknown-linux-gnu
ac_cv_c_bigendian=no
ac_cv_c_compiler_gnu=yes
ac_cv_cxx_compiler_gnu=yes
ac_cv_env_CCC_set=
ac_cv_env_CCC_value=
ac_cv_env_CC_set=
ac_cv_env_CC_value=
ac_cv_env_CFLAGS_set=
ac_cv_env_CFLAGS_value=
ac_cv_env_CPPFLAGS_set=
ac_cv_env_CPPFLAGS_value=
ac_cv_env_CPP_set=
ac_cv_env_CPP_value=
ac_cv_env_CXXCPP_set=
ac_cv_env_CXXCPP_value=
ac_cv_env_CXXFLAGS_set=
ac_cv_env_CXXFLAGS_value=
ac_cv_env_CXX_set=
ac_cv_env_CXX_value=
ac_cv_env_LDFLAGS_set=set
ac_cv_env_LDFLAGS_value=-L/usr/local/lib
ac_cv_env_LIBS_set=
ac_cv_env_LIBS_value=
ac_cv_env_YACC_set=
ac_cv_env_YACC_value=
ac_cv_env_YFLAGS_set=
ac_cv_env_YFLAGS_value=
ac_cv_env_build_alias_set=
ac_cv_env_build_alias_value=
ac_cv_env_host_alias_set=
ac_cv_env_host_alias_value=
ac_cv_env_target_alias_set=
ac_cv_env_target_alias_value=
ac_cv_func_floor=yes
ac_cv_func_sqrt=yes
ac_cv_func_trunc=yes
ac_cv_header_dlfcn_h=yes
ac_cv_header_errno_h=yes
ac_cv_header_float_h=yes
ac_cv_header_gsl_gsl_complex_h=no
ac_cv_header_gsl_gsl_complex_math_h=no
ac_cv_header_gsl_gsl_matrix_h=no
ac_cv_header_inttypes_h=yes
ac_cv_header_limits_h=yes
ac_cv_header_memory_h=yes
ac_cv_header_pthread_h=yes
ac_cv_header_stdc=yes
ac_cv_header_stdint_h=yes
ac_cv_header_stdlib_h=yes
ac_cv_header_string_h=yes
ac_cv_header_strings_h=yes
ac_cv_header_sys_stat_h=yes
ac_cv_header_sys_types_h=yes
ac_cv_header_unistd_h=yes
ac_cv_host=x86_64-unknown-linux-gnu
ac_cv_lib_gsl_gsl_matrix_alloc=no
ac_cv_objext=o
ac_cv_path_EGREP='/bin/grep -E'
ac_cv_path_FGREP='/bin/grep -F'
ac_cv_path_GREP=/bin/grep
ac_cv_path_SED=/bin/sed
ac_cv_path_install='/usr/bin/install -c'
ac_cv_path_mkdir=/bin/mkdir
ac_cv_prog_AWK=gawk
ac_cv_prog_CPP='gcc -E'
ac_cv_prog_CXXCPP='g++ -E'
ac_cv_prog_HAVE_CKSUM=1
ac_cv_prog_HAVE_GZIP=1
ac_cv_prog_HAVE_MD5SUM=1
ac_cv_prog_HAVE_SHA1SUM=1
ac_cv_prog_HAVE_SHA224SUM=1
ac_cv_prog_ac_ct_AR=ar
ac_cv_prog_ac_ct_CC=gcc
ac_cv_prog_ac_ct_CXX=g++
ac_cv_prog_ac_ct_MANIFEST_TOOL=mt
ac_cv_prog_ac_ct_OBJDUMP=objdump
ac_cv_prog_ac_ct_RANLIB=ranlib
ac_cv_prog_ac_ct_STRIP=strip
ac_cv_prog_cc_c89=
ac_cv_prog_cc_g=yes
ac_cv_prog_cxx_g=yes
ac_cv_prog_make_make_set=yes
ac_cv_search_trunc=-lm
ac_cv_type_unsigned_int=yes
ac_cv_type_unsigned_long=yes
ac_cv_type_unsigned_long_long=yes
am_cv_CC_dependencies_compiler_type=gcc3
am_cv_CXX_dependencies_compiler_type=gcc3
am_cv_make_support_nested_variables=yes
am_cv_prog_cc_c_o=yes
lt_cv_ar_at_file=@
lt_cv_archive_cmds_need_lc=no
lt_cv_deplibs_check_method=pass_all
lt_cv_file_magic_cmd='$MAGIC_CMD'
lt_cv_file_magic_test_file=
lt_cv_ld_reload_flag=-r
lt_cv_nm_interface='BSD nm'
lt_cv_objdir=.libs
lt_cv_path_LD=/usr/bin/ld
lt_cv_path_LDCXX='/usr/bin/ld -m elf_x86_64'
lt_cv_path_NM='/usr/bin/nm -B'
lt_cv_path_mainfest_tool=no
lt_cv_prog_compiler_c_o=yes
lt_cv_prog_compiler_c_o_CXX=yes
lt_cv_prog_compiler_pic='-fPIC -DPIC'
lt_cv_prog_compiler_pic_CXX='-fPIC -DPIC'
lt_cv_prog_compiler_pic_works=yes
lt_cv_prog_compiler_pic_works_CXX=yes
lt_cv_prog_compiler_rtti_exceptions=no
lt_cv_prog_compiler_static_works=yes
lt_cv_prog_compiler_static_works_CXX=yes
lt_cv_prog_gnu_ld=yes
lt_cv_prog_gnu_ldcxx=yes
lt_cv_sharedlib_from_linklib_cmd='printf %s\n'
lt_cv_shlibpath_overrides_runpath=yes
lt_cv_sys_global_symbol_pipe='sed -n -e '\''s/^.*[	 ]\([ABCDGIRSTW][ABCDGIRSTW]*\)[	 ][	 ]*\([_A-Za-z][_A-Za-z0-9]*\)$/\1 \2 \2/p'\'' | sed '\''/ __gnu_lto/d'\'''
lt_cv_sys_global_symbol_to_c_name_address='sed -n -e '\''s/^: \([^ ]*\)[ ]*$/  {\"\1\", (void *) 0},/p'\'' -e '\''s/^[ABCDGIRSTW]* \([^ ]*\) \([^ ]*\)$/  {"\2", (void *) \&\2},/p'\'''
lt_cv_sys_global_symbol_to_c_name_address_lib_prefix='sed -n -e '\''s/^: \([^ ]*\)[ ]*$/  {\"\1\", (void *) 0},/p'\'' -e '\''s/^[ABCDGIRSTW]* \([^ ]*\) \(lib[^ ]*\)$/  {"\2", (void *) \&\2},/p'\'' -e '\''s/^[ABCDGIRSTW]* \([^ ]*\) \([^ ]*\)$/  {"lib\2", (void *) \&\2},/p'\'''
lt_cv_sys_global_symbol_to_cdecl='sed -n -e '\''s/^T .* \(.*\)$/extern int \1();/p'\'' -e '\''s/^[ABCDGIRSTW]* .* \(.*\)$/extern char \1;/p'\'''
lt_cv_sys_max_cmd_len=1572864
lt_cv_to_host_file_cmd=func_convert_file_noop
lt_cv_to_tool_file_cmd=func_convert_file_noop

## ----------------- ##
## Output variables. ##
## ----------------- ##

ACLOCAL='aclocal-1.14'
AMDEPBACKSLASH='\'
AMDEP_FALSE='#'
AMDEP_TRUE=''
AMTAR='$${TAR-tar}'
AM_BACKSLASH='\'
AM_DEFAULT_V='$(AM_DEFAULT_VERBOSITY)'
AM_DEFAULT_VERBOSITY='1'
AM_V='$(V)'
AR='ar'
AUTOCONF='autoconf'
AUTOHEADER='autoheader'
AUTOMAKE='automake-1.14'
AWK='gawk'
CC='gcc'
CCDEPMODE='depmode=gcc3'
CFLAGS='-g -O2'
CPP='gcc -E'
CPPFLAGS=''
CXX='g++'
CXXCPP='g++ -E'
CXXDEPMODE='depmode=gcc3'
CXXFLAGS='-g -O2'
CYGPATH_W='echo'
DEFS='-DHAVE_CONFIG_H'
DEPDIR='.deps'
DLLTOOL='false'
DSYMUTIL=''
DUMPBIN=''
ECHO_C=''
ECHO_N='-n'
ECHO_T=''
EGREP='/bin/grep -E'
EXEEXT=''
FGREP='/bin/grep -F'
GREP='/bin/grep'
HAVE_CKSUM='1'
HAVE_GZIP='1'
HAVE_MD5SUM='1'
HAVE_SHA1SUM='1'
HAVE_SHA224SUM='1'
INSTALL_DATA='${INSTALL} -m 644'
INSTALL_PROGRAM='${INSTALL}'
INSTALL_SCRIPT='${INSTALL}'
INSTALL_STRIP_PROGRAM='$(install_sh) -c -s'
LD='/usr/bin/ld -m elf_x86_64'
LDFLAGS='-L/usr/local/lib'
LEX='flex'
LEXLIB=''
LEX_OUTPUT_ROOT=''
LIBOBJS=''
LIBS='-lm '
LIBTOOL='$(SHELL) $(top_builddir)/libtool'
LIBTOOL_DEPS='./ltmain.sh'
LIPO=''
LN_S='ln -s'
LTLIBOBJS=''
MAKEINFO='makeinfo'
MANIFEST_TOOL=':'
MKDIR_P='/bin/mkdir -p'
NM='/usr/bin/nm -B'
NMEDIT=''
OBJDUMP='objdump'
OBJEXT='o'
OTOOL64=''
OTOOL=''
PACKAGE='3DLDF'
PACKAGE_BUGREPORT='Laurence.Finston@gmx.de'
PACKAGE_NAME='GNU 3DLDF'
PACKAGE_STRING='GNU 3DLDF 2.0.3'
PACKAGE_TARNAME='3DLDF'
PACKAGE_URL='http://www.gnu.org/software/3DLDF/'
PACKAGE_VERSION='2.0.3'
PATH_SEPARATOR=':'
RANLIB='ranlib'
SED='/bin/sed'
SET_MAKE=''
SHELL='/bin/bash'
STRIP='strip'
VERSION='2.0.3'
YACC='yacc'
YFLAGS=''
ac_ct_AR='ar'
ac_ct_CC='gcc'
ac_ct_CXX='g++'
ac_ct_DUMPBIN=''
am__EXEEXT_FALSE=''
am__EXEEXT_TRUE='#'
am__fastdepCC_FALSE='#'
am__fastdepCC_TRUE=''
am__fastdepCXX_FALSE='#'
am__fastdepCXX_TRUE=''
am__include='include'
am__isrc=''
am__leading_dot='.'
am__nodep='_no'
am__quote=''
am__tar='$${TAR-tar} chof - "$$tardir"'
am__untar='$${TAR-tar} xf -'
bindir='${exec_prefix}/bin'
build='x86_64-unknown-linux-gnu'
build_alias=''
build_cpu='x86_64'
build_os='linux-gnu'
build_vendor='unknown'
datadir='${datarootdir}'
datarootdir='${prefix}/share'
docdir='${datarootdir}/doc/${PACKAGE_TARNAME}'
dvidir='${docdir}'
exec_prefix='${prefix}'
host='x86_64-unknown-linux-gnu'
host_alias=''
host_cpu='x86_64'
host_os='linux-gnu'
host_vendor='unknown'
htmldir='${docdir}'
includedir='${prefix}/include'
infodir='${datarootdir}/info'
install_sh='${SHELL} /home/carolhanna/Security_Project/gnu_dataset/gsrc-2014.10.11/gnu/3dldf/work/3DLDF-2.0.3/install-sh'
libdir='${exec_prefix}/lib'
libexecdir='${exec_prefix}/libexec'
localedir='${datarootdir}/locale'
localstatedir='${prefix}/var'
mandir='${datarootdir}/man'
mkdir_p='$(MKDIR_P)'
oldincludedir='/usr/include'
pdfdir='${docdir}'
prefix='/usr/local'
program_transform_name='s,x,x,'
psdir='${docdir}'
sbindir='${exec_prefix}/sbin'
sharedstatedir='${prefix}/com'
sysconfdir='${prefix}/etc'
target_alias=''

## ----------- ##
## confdefs.h. ##
## ----------- ##

/* confdefs.h */
#define PACKAGE_NAME "GNU 3DLDF"
#define PACKAGE_TARNAME "3DLDF"
#define PACKAGE_VERSION "2.0.3"
#define PACKAGE_STRING "GNU 3DLDF 2.0.3"
#define PACKAGE_BUGREPORT "Laurence.Finston@gmx.de"
#define PACKAGE_URL "http://www.gnu.org/software/3DLDF/"
#define PACKAGE "3DLDF"
#define VERSION "2.0.3"
#define STDC_HEADERS 1
#define HAVE_SYS_TYPES_H 1
#define HAVE_SYS_STAT_H 1
#define HAVE_STDLIB_H 1
#define HAVE_STRING_H 1
#define HAVE_MEMORY_H 1
#define HAVE_STRINGS_H 1
#define HAVE_INTTYPES_H 1
#define HAVE_STDINT_H 1
#define HAVE_UNISTD_H 1
#define HAVE_DLFCN_H 1
#define LT_OBJDIR ".libs/"
#define HAVE_SHA224SUM 1
#define HAVE_SHA1SUM 1
#define HAVE_MD5SUM 1
#define HAVE_CKSUM 1
#define HAVE_GZIP 1
#define STDC_HEADERS 1
#define HAVE_ERRNO_H 1
#define HAVE_FLOAT_H 1
#define HAVE_LIMITS_H 1
#define HAVE_STDLIB_H 1
#define HAVE_UNISTD_H 1
#define HAVE_PTHREAD_H 1
#define HAVE_UNSIGNED_LONG_LONG 1
#define HAVE_UNSIGNED_LONG 1
#define HAVE_UNSIGNED_INT 1
#define HAVE_FLOOR 1
#define HAVE_SQRT 1
#define HAVE_TRUNC 1
#define DEBUG_COMPILE 1

configure: exit 0
