This file contains any messages produced by compilers while
running configure, to aid debugging if configure makes a mistake.

It was created by readline configure 6.2, which was
generated by GNU Autoconf 2.64.  Invocation command line was

  $ /home/carolhanna/Security_Project/gnu_dataset/gdb-8.1/readline/configure --srcdir=.././readline --cache-file=./config.cache --program-transform-name=s,y,y, --disable-option-checking --build=x86_64-pc-linux-gnu --host=x86_64-pc-linux-gnu --target=x86_64-pc-linux-gnu

## --------- ##
## Platform. ##
## --------- ##

hostname = rishon
uname -m = x86_64
uname -r = 4.15.0-72-generic
uname -s = Linux
uname -v = #81-Ubuntu SMP Tue Nov 26 12:20:02 UTC 2019

/usr/bin/uname -p = unknown
/bin/uname -X     = unknown

/bin/arch              = unknown
/usr/bin/arch -k       = unknown
/usr/convex/getsysinfo = unknown
/usr/bin/hostinfo      = unknown
/bin/machine           = unknown
/usr/bin/oslevel       = unknown
/bin/universe          = unknown

PATH: /home/carolhanna/miniconda3/bin
PATH: /home/carolhanna/miniconda3/condabin
PATH: /usr/local/sbin
PATH: /usr/local/bin
PATH: /usr/sbin
PATH: /usr/bin
PATH: /sbin
PATH: /bin
PATH: /usr/games
PATH: /usr/local/games
PATH: /snap/bin


## ----------- ##
## Core tests. ##
## ----------- ##

configure:2100: loading cache ./config.cache
configure:2220: checking build system type
configure:2234: result: x86_64-pc-linux-gnu
configure:2254: checking host system type
configure:2267: result: x86_64-pc-linux-gnu
configure:2368: checking whether make sets $(MAKE)
configure:2390: result: yes
configure:2407: checking for x86_64-pc-linux-gnu-gcc
configure:2434: result: gcc
configure:2703: checking for C compiler version
configure:2712: gcc --version >&5
gcc (Ubuntu 7.5.0-3ubuntu1~18.04) 7.5.0
Copyright (C) 2017 Free Software Foundation, Inc.
This is free software; see the source for copying conditions.  There is NO
warranty; not even for MERCHANTABILITY or FITNESS FOR A PARTICULAR PURPOSE.

configure:2723: $? = 0
configure:2712: gcc -v >&5
Using built-in specs.
COLLECT_GCC=gcc
COLLECT_LTO_WRAPPER=/usr/lib/gcc/x86_64-linux-gnu/7/lto-wrapper
OFFLOAD_TARGET_NAMES=nvptx-none
OFFLOAD_TARGET_DEFAULT=1
Target: x86_64-linux-gnu
Configured with: ../src/configure -v --with-pkgversion='Ubuntu 7.5.0-3ubuntu1~18.04' --with-bugurl=file:///usr/share/doc/gcc-7/README.Bugs --enable-languages=c,ada,c++,go,brig,d,fortran,objc,obj-c++ --prefix=/usr --with-gcc-major-version-only --program-suffix=-7 --program-prefix=x86_64-linux-gnu- --enable-shared --enable-linker-build-id --libexecdir=/usr/lib --without-included-gettext --enable-threads=posix --libdir=/usr/lib --enable-nls --enable-bootstrap --enable-clocale=gnu --enable-libstdcxx-debug --enable-libstdcxx-time=yes --with-default-libstdcxx-abi=new --enable-gnu-unique-object --disable-vtable-verify --enable-libmpx --enable-plugin --enable-default-pie --with-system-zlib --with-target-system-zlib --enable-objc-gc=auto --enable-multiarch --disable-werror --with-arch-32=i686 --with-abi=m64 --with-multilib-list=m32,m64,mx32 --enable-multilib --with-tune=generic --enable-offload-targets=nvptx-none --without-cuda-driver --enable-checking=release --build=x86_64-linux-gnu --host=x86_64-linux-gnu --target=x86_64-linux-gnu
Thread model: posix
gcc version 7.5.0 (Ubuntu 7.5.0-3ubuntu1~18.04) 
configure:2723: $? = 0
configure:2712: gcc -V >&5
gcc: error: unrecognized command line option '-V'
gcc: fatal error: no input files
compilation terminated.
configure:2723: $? = 1
configure:2712: gcc -qversion >&5
gcc: error: unrecognized command line option '-qversion'; did you mean '--version'?
gcc: fatal error: no input files
compilation terminated.
configure:2723: $? = 1
configure:2743: checking for C compiler default output file name
configure:2765: gcc -g -O2  -static-libstdc++ -static-libgcc  conftest.c  >&5
configure:2769: $? = 0
configure:2806: result: a.out
configure:2822: checking whether the C compiler works
configure:2831: ./a.out
configure:2835: $? = 0
configure:2850: result: yes
configure:2857: checking whether we are cross compiling
configure:2859: result: no
configure:2862: checking for suffix of executables
configure:2869: gcc -o conftest -g -O2  -static-libstdc++ -static-libgcc  conftest.c  >&5
configure:2873: $? = 0
configure:2895: result: 
configure:2901: checking for suffix of object files
configure:2948: result: o
configure:2952: checking whether we are using the GNU C compiler
configure:2980: result: yes
configure:2989: checking whether gcc accepts -g
configure:3050: result: yes
configure:3067: checking for gcc option to accept ISO C89
configure:3144: result: none needed
configure:3170: checking how to run the C preprocessor
configure:3240: result: gcc -E
configure:3260: gcc -E  conftest.c
configure:3260: $? = 0
configure:3274: gcc -E  conftest.c
conftest.c:9:10: fatal error: ac_nonexistent.h: No such file or directory
 #include <ac_nonexistent.h>
          ^~~~~~~~~~~~~~~~~~
compilation terminated.
configure:3274: $? = 1
configure: failed program was:
| /* confdefs.h */
| #define PACKAGE_NAME "readline"
| #define PACKAGE_TARNAME "readline"
| #define PACKAGE_VERSION "6.2"
| #define PACKAGE_STRING "readline 6.2"
| #define PACKAGE_BUGREPORT "bug-readline@gnu.org"
| #define PACKAGE_URL ""
| /* end confdefs.h.  */
| #include <ac_nonexistent.h>
configure:3303: checking for grep that handles long lines and -e
configure:3361: result: /bin/grep
configure:3366: checking for egrep
configure:3428: result: /bin/grep -E
configure:3433: checking for ANSI C header files
configure:3537: result: yes
configure:3550: checking for sys/types.h
configure:3550: result: yes
configure:3550: checking for sys/stat.h
configure:3550: result: yes
configure:3550: checking for stdlib.h
configure:3550: result: yes
configure:3550: checking for string.h
configure:3550: result: yes
configure:3550: checking for memory.h
configure:3550: result: yes
configure:3550: checking for strings.h
configure:3550: result: yes
configure:3550: checking for inttypes.h
configure:3550: result: yes
configure:3550: checking for stdint.h
configure:3550: result: yes
configure:3550: checking for unistd.h
configure:3550: result: yes
configure:3564: checking for minix/config.h
configure:3564: result: no
configure:3585: checking whether it is safe to define __EXTENSIONS__
configure:3610: result: yes
configure:3630: checking whether gcc needs -traditional
configure:3664: result: no
configure:3685: checking for a BSD-compatible install
configure:3753: result: /usr/bin/install -c
configure:3766: checking for ar
configure:3794: result: ar
configure:3806: checking for x86_64-pc-linux-gnu-ranlib
configure:3833: result: ranlib
configure:3899: checking for an ANSI C-conforming const
configure:3971: result: yes
configure:3979: checking for function prototypes
configure:3982: result: yes
configure:3995: checking whether char is unsigned
configure:4020: result: no
configure:4027: checking for working volatile
configure:4053: result: yes
configure:4062: checking return type of signal handlers
configure:4087: result: void
configure:4096: checking for size_t
configure:4096: result: yes
configure:4107: checking for ssize_t
configure:4107: result: yes
configure:4119: checking for ANSI C header files
configure:4223: result: yes
configure:4232: checking whether stat file-mode macros are broken
configure:4266: result: no
configure:4277: checking for dirent.h that defines DIR
configure:4304: result: yes
configure:4318: checking for library containing opendir
configure:4366: result: none required
configure:4437: checking for fcntl
configure:4437: result: yes
configure:4437: checking for kill
configure:4437: result: yes
configure:4437: checking for lstat
configure:4437: result: yes
configure:4451: checking for memmove
configure:4451: result: yes
configure:4451: checking for putenv
configure:4451: result: yes
configure:4451: checking for select
configure:4451: result: yes
configure:4451: checking for setenv
configure:4451: result: yes
configure:4451: checking for setlocale
configure:4451: result: yes
configure:4451: checking for strcasecmp
configure:4451: result: yes
configure:4451: checking for strpbrk
configure:4451: result: yes
configure:4451: checking for tcgetattr
configure:4451: result: yes
configure:4451: checking for vsnprintf
configure:4451: result: yes
configure:4464: checking for isascii
configure:4464: result: yes
configure:4464: checking for isxdigit
configure:4464: result: yes
configure:4477: checking for getpwent
configure:4477: result: yes
configure:4477: checking for getpwnam
configure:4477: result: yes
configure:4477: checking for getpwuid
configure:4477: result: yes
configure:4488: checking for working strcoll
configure:4519: result: yes
configure:4532: checking for fcntl.h
configure:4532: result: yes
configure:4532: checking for unistd.h
configure:4532: result: yes
configure:4532: checking for stdlib.h
configure:4532: result: yes
configure:4532: checking for varargs.h
configure:4532: result: no
configure:4532: checking for stdarg.h
configure:4532: result: yes
configure:4532: checking for string.h
configure:4532: result: yes
configure:4532: checking for strings.h
configure:4532: result: yes
configure:4532: checking for limits.h
configure:4532: result: yes
configure:4532: checking for locale.h
configure:4532: result: yes
configure:4532: checking for pwd.h
configure:4532: result: yes
configure:4532: checking for memory.h
configure:4532: result: yes
configure:4532: checking for termcap.h
configure:4532: result: yes
configure:4532: checking for termios.h
configure:4532: result: yes
configure:4532: checking for termio.h
configure:4532: result: yes
configure:4546: checking for sys/pte.h
configure:4546: result: no
configure:4546: checking for sys/stream.h
configure:4546: result: no
configure:4546: checking for sys/select.h
configure:4546: result: yes
configure:4546: checking for sys/file.h
configure:4546: result: yes
configure:4560: checking for sys/ptem.h
configure:4560: result: no
configure:4583: checking for special C compiler options needed for large files
configure:4628: result: no
configure:4634: checking for _FILE_OFFSET_BITS value needed for large files
configure:4691: result: no
configure:4776: checking for type of signal functions
configure:4857: result: posix
configure:4872: checking if signal handlers must be reinstalled when invoked
configure:4941: result: no
configure:4950: checking for presence of POSIX-style sigsetjmp/siglongjmp
configure:5013: result: present
configure:5020: checking for lstat
configure:5047: result: yes
configure:5055: checking whether or not strcoll and strcmp differ
configure:5116: result: no
configure:5124: checking whether the ctype macros accept non-ascii characters
configure:5180: result: no
configure:5188: checking whether getpw functions are declared in pwd.h
configure:5213: result: yes
configure:5221: checking whether termios.h defines TIOCGWINSZ
configure:5244: result: no
configure:5248: checking whether sys/ioctl.h defines TIOCGWINSZ
configure:5271: result: yes
configure:5282: checking for sig_atomic_t in signal.h
configure:5308: result: yes
configure:5325: checking whether signal handlers are of type void
configure:5356: result: yes
configure:5364: checking for TIOCSTAT in sys/ioctl.h
configure:5389: result: no
configure:5396: checking for FIONREAD in sys/ioctl.h
configure:5421: result: yes
configure:5428: checking for speed_t in sys/types.h
configure:5452: result: no
configure:5459: checking for struct winsize in sys/ioctl.h and termios.h
configure:5503: result: sys/ioctl.h
configure:5518: checking for struct dirent.d_ino
configure:5564: result: yes
configure:5572: checking for struct dirent.d_fileno
configure:5618: result: yes
configure:5633: checking which library has the termcap functions
configure:5817: result: using libtermcap
configure:5868: checking for wctype.h
configure:5868: result: yes
configure:5880: checking for wchar.h
configure:5880: result: yes
configure:5892: checking for langinfo.h
configure:5892: result: yes
configure:5903: checking for mbrlen
configure:5903: result: yes
configure:5909: checking for mbscasecmp
configure:5909: result: no
configure:5915: checking for mbscmp
configure:5915: result: no
configure:5921: checking for mbsnrtowcs
configure:5921: result: yes
configure:5927: checking for mbsrtowcs
configure:5927: result: yes
configure:5937: checking for mbschr
configure:5937: result: no
configure:5955: checking for wcrtomb
configure:5955: result: yes
configure:5961: checking for wcscoll
configure:5961: result: yes
configure:5967: checking for wcsdup
configure:5967: result: yes
configure:5973: checking for wcwidth
configure:5973: result: yes
configure:5979: checking for wctype
configure:5979: result: yes
configure:5988: checking for wcswidth
configure:5988: result: yes
configure:6007: checking whether mbrtowc and mbstate_t are properly declared
configure:6035: result: yes
configure:6051: checking for iswlower
configure:6051: result: yes
configure:6051: checking for iswupper
configure:6051: result: yes
configure:6051: checking for towlower
configure:6051: result: yes
configure:6051: checking for towupper
configure:6051: result: yes
configure:6051: checking for iswctype
configure:6051: result: yes
configure:6062: checking for nl_langinfo and CODESET
configure:6086: result: yes
configure:6093: checking for wchar_t in wchar.h
configure:6120: result: yes
configure:6128: checking for wctype_t in wctype.h
configure:6154: result: yes
configure:6162: checking for wint_t in wctype.h
configure:6188: result: yes
configure:6230: checking configuration for building shared libraries
configure:6254: result: supported
configure:6419: creating ./config.status

## ---------------------- ##
## Running config.status. ##
## ---------------------- ##

This file was extended by readline config.status 6.2, which was
generated by GNU Autoconf 2.64.  Invocation command line was

  CONFIG_FILES    = 
  CONFIG_HEADERS  = 
  CONFIG_LINKS    = 
  CONFIG_COMMANDS = 
  $ ./config.status 

on rishon

config.status:927: creating Makefile
config.status:927: creating doc/Makefile
config.status:927: creating examples/Makefile
config.status:927: creating shlib/Makefile
config.status:927: creating config.h
config.status:1093: config.h is unchanged
config.status:1107: executing default commands

## ---------------- ##
## Cache variables. ##
## ---------------- ##

ac_cv_build=x86_64-pc-linux-gnu
ac_cv_c_char_unsigned=no
ac_cv_c_compiler_gnu=yes
ac_cv_c_const=yes
ac_cv_c_volatile=yes
ac_cv_env_CC_set=set
ac_cv_env_CC_value=gcc
ac_cv_env_CFLAGS_set=set
ac_cv_env_CFLAGS_value='-g -O2'
ac_cv_env_CPPFLAGS_set=
ac_cv_env_CPPFLAGS_value=
ac_cv_env_CPP_set=
ac_cv_env_CPP_value=
ac_cv_env_LDFLAGS_set=set
ac_cv_env_LDFLAGS_value='-static-libstdc++ -static-libgcc '
ac_cv_env_LIBS_set=
ac_cv_env_LIBS_value=
ac_cv_env_build_alias_set=set
ac_cv_env_build_alias_value=x86_64-pc-linux-gnu
ac_cv_env_host_alias_set=set
ac_cv_env_host_alias_value=x86_64-pc-linux-gnu
ac_cv_env_target_alias_set=set
ac_cv_env_target_alias_value=x86_64-pc-linux-gnu
ac_cv_func_fcntl=yes
ac_cv_func_getpwent=yes
ac_cv_func_getpwnam=yes
ac_cv_func_getpwuid=yes
ac_cv_func_isascii=yes
ac_cv_func_iswctype=yes
ac_cv_func_iswlower=yes
ac_cv_func_iswupper=yes
ac_cv_func_isxdigit=yes
ac_cv_func_kill=yes
ac_cv_func_lstat=yes
ac_cv_func_mbrlen=yes
ac_cv_func_mbrtowc=yes
ac_cv_func_mbscasecmp=no
ac_cv_func_mbschr=no
ac_cv_func_mbscmp=no
ac_cv_func_mbsnrtowcs=yes
ac_cv_func_mbsrtowcs=yes
ac_cv_func_memmove=yes
ac_cv_func_putenv=yes
ac_cv_func_select=yes
ac_cv_func_setenv=yes
ac_cv_func_setlocale=yes
ac_cv_func_strcasecmp=yes
ac_cv_func_strcoll_works=yes
ac_cv_func_strpbrk=yes
ac_cv_func_tcgetattr=yes
ac_cv_func_tgetent=no
ac_cv_func_towlower=yes
ac_cv_func_towupper=yes
ac_cv_func_vsnprintf=yes
ac_cv_func_wcrtomb=yes
ac_cv_func_wcscoll=yes
ac_cv_func_wcsdup=yes
ac_cv_func_wcswidth=yes
ac_cv_func_wctype=yes
ac_cv_func_wcwidth=yes
ac_cv_have_sig_atomic_t=yes
ac_cv_header_dirent_dirent_h=yes
ac_cv_header_fcntl_h=yes
ac_cv_header_inttypes_h=yes
ac_cv_header_langinfo_h=yes
ac_cv_header_limits_h=yes
ac_cv_header_locale_h=yes
ac_cv_header_memory_h=yes
ac_cv_header_minix_config_h=no
ac_cv_header_pwd_h=yes
ac_cv_header_stat_broken=no
ac_cv_header_stdarg_h=yes
ac_cv_header_stdc=yes
ac_cv_header_stdint_h=yes
ac_cv_header_stdlib_h=yes
ac_cv_header_string_h=yes
ac_cv_header_strings_h=yes
ac_cv_header_sys_file_h=yes
ac_cv_header_sys_pte_h=no
ac_cv_header_sys_ptem_h=no
ac_cv_header_sys_select_h=yes
ac_cv_header_sys_stat_h=yes
ac_cv_header_sys_stream_h=no
ac_cv_header_sys_types_h=yes
ac_cv_header_termcap_h=yes
ac_cv_header_termio_h=yes
ac_cv_header_termios_h=yes
ac_cv_header_unistd_h=yes
ac_cv_header_varargs_h=no
ac_cv_header_wchar_h=yes
ac_cv_header_wctype_h=yes
ac_cv_host=x86_64-pc-linux-gnu
ac_cv_lib_termcap_tgetent=yes
ac_cv_objext=o
ac_cv_path_EGREP='/bin/grep -E'
ac_cv_path_GREP=/bin/grep
ac_cv_prog_AR=ar
ac_cv_prog_CC=gcc
ac_cv_prog_CPP='gcc -E'
ac_cv_prog_RANLIB=ranlib
ac_cv_prog_cc_c89=
ac_cv_prog_cc_g=yes
ac_cv_prog_gcc_traditional=no
ac_cv_prog_make_make_set=yes
ac_cv_safe_to_define___extensions__=yes
ac_cv_search_opendir='none required'
ac_cv_sys_file_offset_bits=no
ac_cv_sys_largefile_CC=no
ac_cv_sys_tiocgwinsz_in_sys_ioctl_h=yes
ac_cv_sys_tiocgwinsz_in_termios_h=no
ac_cv_type_signal=void
ac_cv_type_size_t=yes
ac_cv_type_ssize_t=yes
bash_cv_dirent_has_d_fileno=yes
bash_cv_dirent_has_dino=yes
bash_cv_fionread_in_ioctl=yes
bash_cv_func_ctype_nonascii=no
bash_cv_func_lstat=yes
bash_cv_func_sigsetjmp=present
bash_cv_func_strcoll_broken=no
bash_cv_getpw_declared=yes
bash_cv_langinfo_codeset=yes
bash_cv_must_reinstall_sighandlers=no
bash_cv_signal_vintage=posix
bash_cv_speed_t_in_sys_types=no
bash_cv_struct_winsize_header=ioctl_h
bash_cv_termcap_lib=libtermcap
bash_cv_tiocstat_in_ioctl=no
bash_cv_type_wchar_t=yes
bash_cv_type_wctype_t=yes
bash_cv_type_wint_t=yes
bash_cv_void_sighandler=yes

## ----------------- ##
## Output variables. ##
## ----------------- ##

AR='ar'
ARFLAGS='cr'
BUILD_DIR='/home/carolhanna/Security_Project/gnu_dataset/gdb-8.1/readline'
CC='gcc'
CFLAGS='-g -O2'
CPP='gcc -E'
CPPFLAGS=''
CROSS_COMPILE=''
DEFS='-DHAVE_CONFIG_H'
ECHO_C=''
ECHO_N='-n'
ECHO_T=''
EGREP='/bin/grep -E'
EXEEXT=''
GREP='/bin/grep'
INSTALL_DATA='/usr/bin/install -c -m 644'
INSTALL_PROGRAM='/usr/bin/install -c'
INSTALL_SCRIPT='/usr/bin/install -c'
LDFLAGS='-static-libstdc++ -static-libgcc '
LIBOBJS=' ${LIBOBJDIR}mbschr$U.o'
LIBS=''
LIBVERSION='6.2'
LOCAL_CFLAGS=''
LOCAL_DEFS=''
LOCAL_LDFLAGS=''
LTLIBOBJS=' ${LIBOBJDIR}mbschr$U.lo'
MAKE_SHELL='/bin/sh'
OBJEXT='o'
PACKAGE_BUGREPORT='bug-readline@gnu.org'
PACKAGE_NAME='readline'
PACKAGE_STRING='readline 6.2'
PACKAGE_TARNAME='readline'
PACKAGE_URL=''
PACKAGE_VERSION='6.2'
PATH_SEPARATOR=':'
PURIFY=''
RANLIB='ranlib'
SET_MAKE=''
SHARED_INSTALL_TARGET=''
SHARED_TARGET=''
SHELL='/bin/bash'
SHLIB_DLLVERSION='$(SHLIB_MAJOR)'
SHLIB_DOT='.'
SHLIB_LIBPREF='lib'
SHLIB_LIBS=''
SHLIB_LIBSUFF='so'
SHLIB_LIBVERSION='$(SHLIB_LIBSUFF).$(SHLIB_MAJOR)$(SHLIB_MINOR)'
SHLIB_MAJOR='6'
SHLIB_MINOR='2'
SHLIB_STATUS='supported'
SHLIB_XLDFLAGS='-Wl,-rpath,$(libdir) -Wl,-soname,`basename $@ $(SHLIB_MINOR)`'
SHOBJ_CC='gcc'
SHOBJ_CFLAGS='-fPIC'
SHOBJ_LD='${CC}'
SHOBJ_LDFLAGS='-shared -Wl,-soname,$@'
SHOBJ_LIBS=''
SHOBJ_STATUS='supported'
SHOBJ_XLDFLAGS=''
STATIC_INSTALL_TARGET='install-static'
STATIC_TARGET='static'
TERMCAP_LIB='-ltermcap'
ac_ct_CC=''
bindir='${exec_prefix}/bin'
build='x86_64-pc-linux-gnu'
build_alias='x86_64-pc-linux-gnu'
build_cpu='x86_64'
build_os='linux-gnu'
build_vendor='pc'
datadir='${datarootdir}'
datarootdir='${prefix}/share'
docdir='${datarootdir}/doc/${PACKAGE_TARNAME}'
dvidir='${docdir}'
exec_prefix='${prefix}'
host='x86_64-pc-linux-gnu'
host_alias='x86_64-pc-linux-gnu'
host_cpu='x86_64'
host_os='linux-gnu'
host_vendor='pc'
htmldir='${docdir}'
includedir='${prefix}/include'
infodir='${datarootdir}/info'
libdir='${exec_prefix}/lib'
libexecdir='${exec_prefix}/libexec'
localedir='${datarootdir}/locale'
localstatedir='${prefix}/var'
mandir='${datarootdir}/man'
oldincludedir='/usr/include'
pdfdir='${docdir}'
prefix='/usr/local'
program_transform_name='s,y,y,'
psdir='${docdir}'
sbindir='${exec_prefix}/sbin'
sharedstatedir='${prefix}/com'
sysconfdir='${prefix}/etc'
target_alias='x86_64-pc-linux-gnu'

## ----------- ##
## confdefs.h. ##
## ----------- ##

/* confdefs.h */
#define PACKAGE_NAME "readline"
#define PACKAGE_TARNAME "readline"
#define PACKAGE_VERSION "6.2"
#define PACKAGE_STRING "readline 6.2"
#define PACKAGE_BUGREPORT "bug-readline@gnu.org"
#define PACKAGE_URL ""
#define STDC_HEADERS 1
#define HAVE_SYS_TYPES_H 1
#define HAVE_SYS_STAT_H 1
#define HAVE_STDLIB_H 1
#define HAVE_STRING_H 1
#define HAVE_MEMORY_H 1
#define HAVE_STRINGS_H 1
#define HAVE_INTTYPES_H 1
#define HAVE_STDINT_H 1
#define HAVE_UNISTD_H 1
#define __EXTENSIONS__ 1
#define _ALL_SOURCE 1
#define _GNU_SOURCE 1
#define _POSIX_PTHREAD_SEMANTICS 1
#define _TANDEM_SOURCE 1
#define PROTOTYPES 1
#define __PROTOTYPES 1
#define RETSIGTYPE void
#define STDC_HEADERS 1
#define HAVE_DIRENT_H 1
#define HAVE_FCNTL 1
#define HAVE_KILL 1
#define HAVE_LSTAT 1
#define HAVE_MEMMOVE 1
#define HAVE_PUTENV 1
#define HAVE_SELECT 1
#define HAVE_SETENV 1
#define HAVE_SETLOCALE 1
#define HAVE_STRCASECMP 1
#define HAVE_STRPBRK 1
#define HAVE_TCGETATTR 1
#define HAVE_VSNPRINTF 1
#define HAVE_ISASCII 1
#define HAVE_ISXDIGIT 1
#define HAVE_GETPWENT 1
#define HAVE_GETPWNAM 1
#define HAVE_GETPWUID 1
#define HAVE_STRCOLL 1
#define HAVE_FCNTL_H 1
#define HAVE_UNISTD_H 1
#define HAVE_STDLIB_H 1
#define HAVE_STDARG_H 1
#define HAVE_STRING_H 1
#define HAVE_STRINGS_H 1
#define HAVE_LIMITS_H 1
#define HAVE_LOCALE_H 1
#define HAVE_PWD_H 1
#define HAVE_MEMORY_H 1
#define HAVE_TERMCAP_H 1
#define HAVE_TERMIOS_H 1
#define HAVE_TERMIO_H 1
#define HAVE_SYS_SELECT_H 1
#define HAVE_SYS_FILE_H 1
#define HAVE_POSIX_SIGNALS 1
#define HAVE_POSIX_SIGSETJMP 1
#define HAVE_LSTAT 1
#define HAVE_GETPW_DECLS 1
#define GWINSZ_IN_SYS_IOCTL 1
#define VOID_SIGHANDLER 1
#define FIONREAD_IN_SYS_IOCTL 1
#define STRUCT_WINSIZE_IN_SYS_IOCTL 1
#define HAVE_STRUCT_DIRENT_D_INO 1
#define HAVE_STRUCT_DIRENT_D_FILENO 1
#define HAVE_WCTYPE_H 1
#define HAVE_WCHAR_H 1
#define HAVE_LANGINFO_H 1
#define HAVE_MBRLEN 1
#define HAVE_MBSNRTOWCS 1
#define HAVE_MBSRTOWCS 1
#define HAVE_WCRTOMB 1
#define HAVE_WCSCOLL 1
#define HAVE_WCSDUP 1
#define HAVE_WCWIDTH 1
#define HAVE_WCTYPE 1
#define HAVE_WCSWIDTH 1
#define HAVE_MBRTOWC 1
#define HAVE_MBSTATE_T 1
#define HAVE_ISWLOWER 1
#define HAVE_ISWUPPER 1
#define HAVE_TOWLOWER 1
#define HAVE_TOWUPPER 1
#define HAVE_ISWCTYPE 1
#define HAVE_LANGINFO_CODESET 1
#define HAVE_WCHAR_T 1
#define HAVE_WCTYPE_T 1
#define HAVE_WINT_T 1

configure: exit 0
