This file contains any messages produced by compilers while
running configure, to aid debugging if configure makes a mistake.

It was created by rottlog configure 0.72, which was
generated by GNU Autoconf 2.63.  Invocation command line was

  $ ./configure 

## --------- ##
## Platform. ##
## --------- ##

hostname = rishon
uname -m = x86_64
uname -r = 4.15.0-72-generic
uname -s = Linux
uname -v = #81-Ubuntu SMP Tue Nov 26 12:20:02 UTC 2019

/usr/bin/uname -p = unknown
/bin/uname -X     = unknown

/bin/arch              = unknown
/usr/bin/arch -k       = unknown
/usr/convex/getsysinfo = unknown
/usr/bin/hostinfo      = unknown
/bin/machine           = unknown
/usr/bin/oslevel       = unknown
/bin/universe          = unknown

PATH: /home/carolhanna/miniconda3/bin
PATH: /home/carolhanna/miniconda3/condabin
PATH: /usr/local/sbin
PATH: /usr/local/bin
PATH: /usr/sbin
PATH: /usr/bin
PATH: /sbin
PATH: /bin
PATH: /usr/games
PATH: /usr/local/games
PATH: /snap/bin


## ----------- ##
## Core tests. ##
## ----------- ##

configure:1851: checking for a BSD-compatible install
configure:1919: result: /usr/bin/install -c
configure:1930: checking whether build environment is sane
configure:1990: result: yes
configure:2131: checking for a thread-safe mkdir -p
configure:2170: result: /bin/mkdir -p
configure:2183: checking for gawk
configure:2199: found /usr/bin/gawk
configure:2210: result: gawk
configure:2221: checking whether make sets $(MAKE)
configure:2243: result: yes
configure:2333: checking build system type
configure:2351: result: x86_64-unknown-linux-gnu
configure:2373: checking host system type
configure:2388: result: x86_64-unknown-linux-gnu
configure:2449: checking for lock directory
configure:2470: result: /var/lock/LOCK.rottlog
configure:2477: checking for date
configure:2495: found /bin/date
configure:2507: result: /bin/date
configure:2545: checking for gawk
configure:2572: result: gawk
configure:2597: checking for a BSD-compatible install
configure:2665: result: /usr/bin/install -c
configure:2676: checking for grep that handles long lines and -e
configure:2736: result: /bin/grep
configure:2741: checking for egrep
configure:2805: result: /bin/grep -E
configure:2810: checking whether ln -s works
configure:2814: result: yes
configure:2826: checking for makeinfo
configure:2859: result: no
configure:2869: error: Please install Texinfo.

## ---------------- ##
## Cache variables. ##
## ---------------- ##

ac_cv_build=x86_64-unknown-linux-gnu
ac_cv_env_LOCKFILE_set=
ac_cv_env_LOCKFILE_value=
ac_cv_env_LOG_GROUP_set=
ac_cv_env_LOG_GROUP_value=
ac_cv_env_LOG_OWN_set=
ac_cv_env_LOG_OWN_value=
ac_cv_env_ROTT_ETCDIR_set=
ac_cv_env_ROTT_ETCDIR_value=
ac_cv_env_build_alias_set=
ac_cv_env_build_alias_value=
ac_cv_env_host_alias_set=
ac_cv_env_host_alias_value=
ac_cv_env_target_alias_set=
ac_cv_env_target_alias_value=
ac_cv_host=x86_64-unknown-linux-gnu
ac_cv_path_EGREP='/bin/grep -E'
ac_cv_path_GREP=/bin/grep
ac_cv_path_PRGDATE=/bin/date
ac_cv_path_install='/usr/bin/install -c'
ac_cv_path_mkdir=/bin/mkdir
ac_cv_prog_AWK=gawk
ac_cv_prog_make_make_set=yes

## ----------------- ##
## Output variables. ##
## ----------------- ##

ACLOCAL='${SHELL} /home/carolhanna/Security_Project/gnu_dataset/rottlog-0.72/missing --run aclocal-1.11'
AMTAR='${SHELL} /home/carolhanna/Security_Project/gnu_dataset/rottlog-0.72/missing --run tar'
AUTOCONF='${SHELL} /home/carolhanna/Security_Project/gnu_dataset/rottlog-0.72/missing --run autoconf'
AUTOHEADER='${SHELL} /home/carolhanna/Security_Project/gnu_dataset/rottlog-0.72/missing --run autoheader'
AUTOMAKE='${SHELL} /home/carolhanna/Security_Project/gnu_dataset/rottlog-0.72/missing --run automake-1.11'
AWK='gawk'
BASE_TMP_DIR=''
BUNZIP2=''
BZIP2=''
CAL=''
CHMOD=''
COMPRESS=''
CYGPATH_W='echo'
DEFS=''
DOCDIR=''
ECHO_C=''
ECHO_N='-n'
ECHO_T=''
EGREP='/bin/grep -E'
ETC_MODE=''
FIND=''
GREP='/bin/grep'
GUNZIP=''
GZIP=''
INSTALL_DATA='${INSTALL} -m 644'
INSTALL_PROGRAM='${INSTALL}'
INSTALL_SCRIPT='${INSTALL}'
INSTALL_STRIP_PROGRAM='$(install_sh) -c -s'
LIBOBJS=''
LIBS=''
LN_S='ln -s'
LOCKFILE='/var/lock/LOCK.rottlog'
LOG_GROUP='root'
LOG_MODE=''
LOG_OWN='root'
LTLIBOBJS=''
MAKEINFO=''
MANDIR=''
MANGZIP='1'
MIMENCODE=''
MKDIR_P='/bin/mkdir -p'
MV=''
PACKAGE='rottlog'
PACKAGE_BUGREPORT='sinuhe@gnu.org'
PACKAGE_NAME='rottlog'
PACKAGE_STRING='rottlog 0.72'
PACKAGE_TARNAME='rottlog'
PACKAGE_VERSION='0.72'
PATH_SEPARATOR=':'
PRGDATE='/bin/date'
ROTT_ETCDIR='/etc/rottlog'
ROTT_STATDIR=''
SED=''
SET_MAKE=''
SHELL='/bin/bash'
STAT_MODE=''
STRIP=''
UNCOMPRESS=''
VERSION='0.72'
am__isrc=''
am__leading_dot='.'
am__tar='${AMTAR} chof - "$$tardir"'
am__untar='${AMTAR} xf -'
bindir='${exec_prefix}/bin'
build='x86_64-unknown-linux-gnu'
build_alias=''
build_cpu='x86_64'
build_os='linux-gnu'
build_vendor='unknown'
datadir='${datarootdir}'
datarootdir='${prefix}/share'
docdir='${datarootdir}/doc/${PACKAGE_TARNAME}'
dvidir='${docdir}'
esc_ETCDIR=''
esc_LOCKFILE=''
esc_STATDIR=''
esc_TMPDIR=''
exec_prefix='NONE'
host='x86_64-unknown-linux-gnu'
host_alias=''
host_cpu='x86_64'
host_os='linux-gnu'
host_vendor='unknown'
htmldir='${docdir}'
includedir='${prefix}/include'
infodir='${datarootdir}/info'
install_sh='${SHELL} /home/carolhanna/Security_Project/gnu_dataset/rottlog-0.72/install-sh'
libdir='${exec_prefix}/lib'
libexecdir='${exec_prefix}/libexec'
localedir='${datarootdir}/locale'
localstatedir='${prefix}/var'
mandir='${datarootdir}/man'
mkdir_p='/bin/mkdir -p'
oldincludedir='/usr/include'
pdfdir='${docdir}'
prefix='NONE'
program_transform_name='s,x,x,'
psdir='${docdir}'
sbindir='${exec_prefix}/sbin'
sharedstatedir='${prefix}/com'
sysconfdir='${prefix}/etc'
target_alias=''

## ----------- ##
## confdefs.h. ##
## ----------- ##

#define PACKAGE_NAME "rottlog"
#define PACKAGE_TARNAME "rottlog"
#define PACKAGE_VERSION "0.72"
#define PACKAGE_STRING "rottlog 0.72"
#define PACKAGE_BUGREPORT "sinuhe@gnu.org"
#define PACKAGE "rottlog"
#define VERSION "0.72"

configure: exit 1
