This file contains any messages produced by compilers while
running configure, to aid debugging if configure makes a mistake.

It was created by LibreDWG configure 0.9, which was
generated by GNU Autoconf 2.69.  Invocation command line was

  $ ./configure 

## --------- ##
## Platform. ##
## --------- ##

hostname = rishon
uname -m = x86_64
uname -r = 4.15.0-72-generic
uname -s = Linux
uname -v = #81-Ubuntu SMP Tue Nov 26 12:20:02 UTC 2019

/usr/bin/uname -p = unknown
/bin/uname -X     = unknown

/bin/arch              = unknown
/usr/bin/arch -k       = unknown
/usr/convex/getsysinfo = unknown
/usr/bin/hostinfo      = unknown
/bin/machine           = unknown
/usr/bin/oslevel       = unknown
/bin/universe          = unknown

PATH: /home/carolhanna/miniconda3/bin
PATH: /home/carolhanna/miniconda3/condabin
PATH: /usr/local/sbin
PATH: /usr/local/bin
PATH: /usr/sbin
PATH: /usr/bin
PATH: /sbin
PATH: /bin
PATH: /usr/games
PATH: /usr/local/games
PATH: /snap/bin


## ----------- ##
## Core tests. ##
## ----------- ##

configure:2795: checking for a BSD-compatible install
configure:2863: result: /usr/bin/install -c
configure:2874: checking whether build environment is sane
configure:2929: result: yes
configure:3080: checking for a thread-safe mkdir -p
configure:3119: result: /bin/mkdir -p
configure:3126: checking for gawk
configure:3142: found /usr/bin/gawk
configure:3153: result: gawk
configure:3164: checking whether make sets $(MAKE)
configure:3186: result: yes
configure:3215: checking whether make supports nested variables
configure:3232: result: yes
configure:3370: checking whether make supports nested variables
configure:3387: result: yes
configure:3401: checking git version
configure:3403: result: 0.9
configure:3405: checking so version-info
configure:3407: result: 0:9:0
configure:3417: checking build system type
configure:3431: result: x86_64-pc-linux-gnu
configure:3451: checking host system type
configure:3464: result: x86_64-pc-linux-gnu
configure:3539: checking for pkg-config
configure:3557: found /usr/bin/pkg-config
configure:3569: result: /usr/bin/pkg-config
configure:3594: checking pkg-config is at least version 0.9.0
configure:3597: result: yes
configure:3653: checking for gcc
configure:3669: found /usr/bin/gcc
configure:3680: result: gcc
configure:3909: checking for C compiler version
configure:3918: gcc --version >&5
gcc (Ubuntu 7.5.0-3ubuntu1~18.04) 7.5.0
Copyright (C) 2017 Free Software Foundation, Inc.
This is free software; see the source for copying conditions.  There is NO
warranty; not even for MERCHANTABILITY or FITNESS FOR A PARTICULAR PURPOSE.

configure:3929: $? = 0
configure:3918: gcc -v >&5
Using built-in specs.
COLLECT_GCC=gcc
COLLECT_LTO_WRAPPER=/usr/lib/gcc/x86_64-linux-gnu/7/lto-wrapper
OFFLOAD_TARGET_NAMES=nvptx-none
OFFLOAD_TARGET_DEFAULT=1
Target: x86_64-linux-gnu
Configured with: ../src/configure -v --with-pkgversion='Ubuntu 7.5.0-3ubuntu1~18.04' --with-bugurl=file:///usr/share/doc/gcc-7/README.Bugs --enable-languages=c,ada,c++,go,brig,d,fortran,objc,obj-c++ --prefix=/usr --with-gcc-major-version-only --program-suffix=-7 --program-prefix=x86_64-linux-gnu- --enable-shared --enable-linker-build-id --libexecdir=/usr/lib --without-included-gettext --enable-threads=posix --libdir=/usr/lib --enable-nls --enable-bootstrap --enable-clocale=gnu --enable-libstdcxx-debug --enable-libstdcxx-time=yes --with-default-libstdcxx-abi=new --enable-gnu-unique-object --disable-vtable-verify --enable-libmpx --enable-plugin --enable-default-pie --with-system-zlib --with-target-system-zlib --enable-objc-gc=auto --enable-multiarch --disable-werror --with-arch-32=i686 --with-abi=m64 --with-multilib-list=m32,m64,mx32 --enable-multilib --with-tune=generic --enable-offload-targets=nvptx-none --without-cuda-driver --enable-checking=release --build=x86_64-linux-gnu --host=x86_64-linux-gnu --target=x86_64-linux-gnu
Thread model: posix
gcc version 7.5.0 (Ubuntu 7.5.0-3ubuntu1~18.04) 
configure:3929: $? = 0
configure:3918: gcc -V >&5
gcc: error: unrecognized command line option '-V'
gcc: fatal error: no input files
compilation terminated.
configure:3929: $? = 1
configure:3918: gcc -qversion >&5
gcc: error: unrecognized command line option '-qversion'; did you mean '--version'?
gcc: fatal error: no input files
compilation terminated.
configure:3929: $? = 1
configure:3949: checking whether the C compiler works
configure:3971: gcc    conftest.c  >&5
configure:3975: $? = 0
configure:4023: result: yes
configure:4026: checking for C compiler default output file name
configure:4028: result: a.out
configure:4034: checking for suffix of executables
configure:4041: gcc -o conftest    conftest.c  >&5
configure:4045: $? = 0
configure:4067: result: 
configure:4089: checking whether we are cross compiling
configure:4097: gcc -o conftest    conftest.c  >&5
configure:4101: $? = 0
configure:4108: ./conftest
configure:4112: $? = 0
configure:4127: result: no
configure:4132: checking for suffix of object files
configure:4154: gcc -c   conftest.c >&5
configure:4158: $? = 0
configure:4179: result: o
configure:4183: checking whether we are using the GNU C compiler
configure:4202: gcc -c   conftest.c >&5
configure:4202: $? = 0
configure:4211: result: yes
configure:4220: checking whether gcc accepts -g
configure:4240: gcc -c -g  conftest.c >&5
configure:4240: $? = 0
configure:4281: result: yes
configure:4298: checking for gcc option to accept ISO C89
configure:4361: gcc  -c -g -O2  conftest.c >&5
configure:4361: $? = 0
configure:4374: result: none needed
configure:4399: checking whether gcc understands -c and -o together
configure:4421: gcc -c conftest.c -o conftest2.o
configure:4424: $? = 0
configure:4421: gcc -c conftest.c -o conftest2.o
configure:4424: $? = 0
configure:4436: result: yes
configure:4456: checking whether make supports the include directive
configure:4471: make -f confmf.GNU && cat confinc.out
this is the am__doit target
configure:4474: $? = 0
configure:4493: result: yes (GNU style)
configure:4518: checking dependency style of gcc
configure:4629: result: gcc3
configure:4644: checking whether ln -s works
configure:4648: result: yes
configure:4655: checking whether make sets $(MAKE)
configure:4677: result: yes
configure:4733: checking how to print strings
configure:4760: result: printf
configure:4781: checking for a sed that does not truncate output
configure:4845: result: /bin/sed
configure:4863: checking for grep that handles long lines and -e
configure:4921: result: /bin/grep
configure:4926: checking for egrep
configure:4988: result: /bin/grep -E
configure:4993: checking for fgrep
configure:5055: result: /bin/grep -F
configure:5090: checking for ld used by gcc
configure:5157: result: /usr/bin/ld
configure:5164: checking if the linker (/usr/bin/ld) is GNU ld
configure:5179: result: yes
configure:5191: checking for BSD- or MS-compatible name lister (nm)
configure:5245: result: /usr/bin/nm -B
configure:5375: checking the name lister (/usr/bin/nm -B) interface
configure:5382: gcc -c -g -O2  conftest.c >&5
configure:5385: /usr/bin/nm -B "conftest.o"
configure:5388: output
0000000000000000 B some_variable
configure:5395: result: BSD nm
configure:5399: checking the maximum length of command line arguments
configure:5530: result: 1572864
configure:5578: checking how to convert x86_64-pc-linux-gnu file names to x86_64-pc-linux-gnu format
configure:5618: result: func_convert_file_noop
configure:5625: checking how to convert x86_64-pc-linux-gnu file names to toolchain format
configure:5645: result: func_convert_file_noop
configure:5652: checking for /usr/bin/ld option to reload object files
configure:5659: result: -r
configure:5733: checking for objdump
configure:5749: found /usr/bin/objdump
configure:5760: result: objdump
configure:5792: checking how to recognize dependent libraries
configure:5992: result: pass_all
configure:6077: checking for dlltool
configure:6107: result: no
configure:6137: checking how to associate runtime and link libraries
configure:6164: result: printf %s\n
configure:6225: checking for ar
configure:6241: found /usr/bin/ar
configure:6252: result: ar
configure:6289: checking for archiver @FILE support
configure:6306: gcc -c -g -O2  conftest.c >&5
configure:6306: $? = 0
configure:6309: ar cru libconftest.a @conftest.lst >&5
ar: `u' modifier ignored since `D' is the default (see `U')
configure:6312: $? = 0
configure:6317: ar cru libconftest.a @conftest.lst >&5
ar: `u' modifier ignored since `D' is the default (see `U')
ar: conftest.o: No such file or directory
configure:6320: $? = 1
configure:6332: result: @
configure:6390: checking for strip
configure:6406: found /usr/bin/strip
configure:6417: result: strip
configure:6489: checking for ranlib
configure:6505: found /usr/bin/ranlib
configure:6516: result: ranlib
configure:6618: checking command to parse /usr/bin/nm -B output from gcc object
configure:6771: gcc -c -g -O2  conftest.c >&5
configure:6774: $? = 0
configure:6778: /usr/bin/nm -B conftest.o | sed -n -e 's/^.*[	 ]\([ABCDGIRSTW][ABCDGIRSTW]*\)[	 ][	 ]*\([_A-Za-z][_A-Za-z0-9]*\)$/\1 \2 \2/p' | sed '/ __gnu_lto/d' > conftest.nm
configure:6844: gcc -o conftest -g -O2   conftest.c conftstm.o >&5
configure:6847: $? = 0
configure:6885: result: ok
configure:6932: checking for sysroot
configure:6962: result: no
configure:6969: checking for a working dd
configure:7007: result: /bin/dd
configure:7011: checking how to truncate binary pipes
configure:7026: result: /bin/dd bs=4096 count=1
configure:7162: gcc -c -g -O2  conftest.c >&5
configure:7165: $? = 0
configure:7355: checking for mt
configure:7371: found /bin/mt
configure:7382: result: mt
configure:7405: checking if mt is a manifest tool
configure:7411: mt '-?'
configure:7419: result: no
configure:8096: checking how to run the C preprocessor
configure:8127: gcc -E  conftest.c
configure:8127: $? = 0
configure:8141: gcc -E  conftest.c
conftest.c:9:10: fatal error: ac_nonexistent.h: No such file or directory
 #include <ac_nonexistent.h>
          ^~~~~~~~~~~~~~~~~~
compilation terminated.
configure:8141: $? = 1
configure: failed program was:
| /* confdefs.h */
| #define PACKAGE_NAME "LibreDWG"
| #define PACKAGE_TARNAME "libredwg"
| #define PACKAGE_VERSION "0.9"
| #define PACKAGE_STRING "LibreDWG 0.9"
| #define PACKAGE_BUGREPORT "libredwg@gnu.org"
| #define PACKAGE_URL "https://savannah.gnu.org/projects/libredwg/"
| /* end confdefs.h.  */
| #include <ac_nonexistent.h>
configure:8166: result: gcc -E
configure:8186: gcc -E  conftest.c
configure:8186: $? = 0
configure:8200: gcc -E  conftest.c
conftest.c:9:10: fatal error: ac_nonexistent.h: No such file or directory
 #include <ac_nonexistent.h>
          ^~~~~~~~~~~~~~~~~~
compilation terminated.
configure:8200: $? = 1
configure: failed program was:
| /* confdefs.h */
| #define PACKAGE_NAME "LibreDWG"
| #define PACKAGE_TARNAME "libredwg"
| #define PACKAGE_VERSION "0.9"
| #define PACKAGE_STRING "LibreDWG 0.9"
| #define PACKAGE_BUGREPORT "libredwg@gnu.org"
| #define PACKAGE_URL "https://savannah.gnu.org/projects/libredwg/"
| /* end confdefs.h.  */
| #include <ac_nonexistent.h>
configure:8229: checking for ANSI C header files
configure:8249: gcc -c -g -O2  conftest.c >&5
configure:8249: $? = 0
configure:8322: gcc -o conftest -g -O2   conftest.c  >&5
configure:8322: $? = 0
configure:8322: ./conftest
configure:8322: $? = 0
configure:8333: result: yes
configure:8346: checking for sys/types.h
configure:8346: gcc -c -g -O2  conftest.c >&5
configure:8346: $? = 0
configure:8346: result: yes
configure:8346: checking for sys/stat.h
configure:8346: gcc -c -g -O2  conftest.c >&5
configure:8346: $? = 0
configure:8346: result: yes
configure:8346: checking for stdlib.h
configure:8346: gcc -c -g -O2  conftest.c >&5
configure:8346: $? = 0
configure:8346: result: yes
configure:8346: checking for string.h
configure:8346: gcc -c -g -O2  conftest.c >&5
configure:8346: $? = 0
configure:8346: result: yes
configure:8346: checking for memory.h
configure:8346: gcc -c -g -O2  conftest.c >&5
configure:8346: $? = 0
configure:8346: result: yes
configure:8346: checking for strings.h
configure:8346: gcc -c -g -O2  conftest.c >&5
configure:8346: $? = 0
configure:8346: result: yes
configure:8346: checking for inttypes.h
configure:8346: gcc -c -g -O2  conftest.c >&5
configure:8346: $? = 0
configure:8346: result: yes
configure:8346: checking for stdint.h
configure:8346: gcc -c -g -O2  conftest.c >&5
configure:8346: $? = 0
configure:8346: result: yes
configure:8346: checking for unistd.h
configure:8346: gcc -c -g -O2  conftest.c >&5
configure:8346: $? = 0
configure:8346: result: yes
configure:8360: checking for dlfcn.h
configure:8360: gcc -c -g -O2  conftest.c >&5
configure:8360: $? = 0
configure:8360: result: yes
configure:8616: checking for objdir
configure:8631: result: .libs
configure:8895: checking if gcc supports -fno-rtti -fno-exceptions
configure:8913: gcc -c -g -O2  -fno-rtti -fno-exceptions conftest.c >&5
cc1: warning: command line option '-fno-rtti' is valid for C++/ObjC++ but not for C
configure:8917: $? = 0
configure:8930: result: no
configure:9288: checking for gcc option to produce PIC
configure:9295: result: -fPIC -DPIC
configure:9303: checking if gcc PIC flag -fPIC -DPIC works
configure:9321: gcc -c -g -O2  -fPIC -DPIC -DPIC conftest.c >&5
configure:9325: $? = 0
configure:9338: result: yes
configure:9367: checking if gcc static flag -static works
configure:9395: result: yes
configure:9410: checking if gcc supports -c -o file.o
configure:9431: gcc -c -g -O2  -o out/conftest2.o conftest.c >&5
configure:9435: $? = 0
configure:9457: result: yes
configure:9465: checking if gcc supports -c -o file.o
configure:9512: result: yes
configure:9545: checking whether the gcc linker (/usr/bin/ld -m elf_x86_64) supports shared libraries
configure:10808: result: yes
configure:10845: checking whether -lc should be explicitly linked in
configure:10853: gcc -c -g -O2  conftest.c >&5
configure:10856: $? = 0
configure:10871: gcc -shared  -fPIC -DPIC conftest.o  -v -Wl,-soname -Wl,conftest -o conftest 2\>\&1 \| /bin/grep  -lc  \>/dev/null 2\>\&1
configure:10874: $? = 0
configure:10888: result: no
configure:11048: checking dynamic linker characteristics
configure:11629: gcc -o conftest -g -O2   -Wl,-rpath -Wl,/foo conftest.c  >&5
configure:11629: $? = 0
configure:11878: result: GNU/Linux ld.so
configure:12000: checking how to hardcode library paths into programs
configure:12025: result: immediate
configure:12573: checking whether stripping libraries is possible
configure:12578: result: yes
configure:12613: checking if libtool supports shared libraries
configure:12615: result: yes
configure:12618: checking whether to build shared libraries
configure:12643: result: yes
configure:12646: checking whether to build static libraries
configure:12650: result: yes
configure:12705: checking for PS_open_file in -lps
configure:12730: gcc -o conftest -g -O2   conftest.c -lps   >&5
/usr/bin/ld: cannot find -lps
collect2: error: ld returned 1 exit status
configure:12730: $? = 1
configure: failed program was:
| /* confdefs.h */
| #define PACKAGE_NAME "LibreDWG"
| #define PACKAGE_TARNAME "libredwg"
| #define PACKAGE_VERSION "0.9"
| #define PACKAGE_STRING "LibreDWG 0.9"
| #define PACKAGE_BUGREPORT "libredwg@gnu.org"
| #define PACKAGE_URL "https://savannah.gnu.org/projects/libredwg/"
| #define STDC_HEADERS 1
| #define HAVE_SYS_TYPES_H 1
| #define HAVE_SYS_STAT_H 1
| #define HAVE_STDLIB_H 1
| #define HAVE_STRING_H 1
| #define HAVE_MEMORY_H 1
| #define HAVE_STRINGS_H 1
| #define HAVE_INTTYPES_H 1
| #define HAVE_STDINT_H 1
| #define HAVE_UNISTD_H 1
| #define HAVE_DLFCN_H 1
| #define LT_OBJDIR ".libs/"
| #define ENABLE_SHARED 1
| /* end confdefs.h.  */
| 
| /* Override any GCC internal prototype to avoid an error.
|    Use char because int might match the return type of a GCC
|    builtin and then its argument prototype would still apply.  */
| #ifdef __cplusplus
| extern "C"
| #endif
| char PS_open_file ();
| int
| main ()
| {
| return PS_open_file ();
|   ;
|   return 0;
| }
configure:12739: result: no
configure:12748: checking for pcre2_config_8 in -lpcre2-8
configure:12773: gcc -o conftest -g -O2   conftest.c -lpcre2-8   >&5
/usr/bin/ld: cannot find -lpcre2-8
collect2: error: ld returned 1 exit status
configure:12773: $? = 1
configure: failed program was:
| /* confdefs.h */
| #define PACKAGE_NAME "LibreDWG"
| #define PACKAGE_TARNAME "libredwg"
| #define PACKAGE_VERSION "0.9"
| #define PACKAGE_STRING "LibreDWG 0.9"
| #define PACKAGE_BUGREPORT "libredwg@gnu.org"
| #define PACKAGE_URL "https://savannah.gnu.org/projects/libredwg/"
| #define STDC_HEADERS 1
| #define HAVE_SYS_TYPES_H 1
| #define HAVE_SYS_STAT_H 1
| #define HAVE_STDLIB_H 1
| #define HAVE_STRING_H 1
| #define HAVE_MEMORY_H 1
| #define HAVE_STRINGS_H 1
| #define HAVE_INTTYPES_H 1
| #define HAVE_STDINT_H 1
| #define HAVE_UNISTD_H 1
| #define HAVE_DLFCN_H 1
| #define LT_OBJDIR ".libs/"
| #define ENABLE_SHARED 1
| /* end confdefs.h.  */
| 
| /* Override any GCC internal prototype to avoid an error.
|    Use char because int might match the return type of a GCC
|    builtin and then its argument prototype would still apply.  */
| #ifdef __cplusplus
| extern "C"
| #endif
| char pcre2_config_8 ();
| int
| main ()
| {
| return pcre2_config_8 ();
|   ;
|   return 0;
| }
configure:12782: result: no
configure:12792: WARNING: libpcre2 for dwggrep not found
configure:12797: checking for pcre2_config_16 in -lpcre2-16
configure:12822: gcc -o conftest -g -O2   conftest.c -lpcre2-16   >&5
/usr/bin/ld: cannot find -lpcre2-16
collect2: error: ld returned 1 exit status
configure:12822: $? = 1
configure: failed program was:
| /* confdefs.h */
| #define PACKAGE_NAME "LibreDWG"
| #define PACKAGE_TARNAME "libredwg"
| #define PACKAGE_VERSION "0.9"
| #define PACKAGE_STRING "LibreDWG 0.9"
| #define PACKAGE_BUGREPORT "libredwg@gnu.org"
| #define PACKAGE_URL "https://savannah.gnu.org/projects/libredwg/"
| #define STDC_HEADERS 1
| #define HAVE_SYS_TYPES_H 1
| #define HAVE_SYS_STAT_H 1
| #define HAVE_STDLIB_H 1
| #define HAVE_STRING_H 1
| #define HAVE_MEMORY_H 1
| #define HAVE_STRINGS_H 1
| #define HAVE_INTTYPES_H 1
| #define HAVE_STDINT_H 1
| #define HAVE_UNISTD_H 1
| #define HAVE_DLFCN_H 1
| #define LT_OBJDIR ".libs/"
| #define ENABLE_SHARED 1
| /* end confdefs.h.  */
| 
| /* Override any GCC internal prototype to avoid an error.
|    Use char because int might match the return type of a GCC
|    builtin and then its argument prototype would still apply.  */
| #ifdef __cplusplus
| extern "C"
| #endif
| char pcre2_config_16 ();
| int
| main ()
| {
| return pcre2_config_16 ();
|   ;
|   return 0;
| }
configure:12831: result: no
configure:12853: checking for ANSI C header files
configure:12957: result: yes
configure:12971: checking for stdlib.h
configure:12971: result: yes
configure:12971: checking for string.h
configure:12971: result: yes
configure:12971: checking stddef.h usability
configure:12971: gcc -c -g -O2  conftest.c >&5
configure:12971: $? = 0
configure:12971: result: yes
configure:12971: checking stddef.h presence
configure:12971: gcc -E  conftest.c
configure:12971: $? = 0
configure:12971: result: yes
configure:12971: checking for stddef.h
configure:12971: result: yes
configure:12971: checking for unistd.h
configure:12971: result: yes
configure:12971: checking malloc.h usability
configure:12971: gcc -c -g -O2  conftest.c >&5
configure:12971: $? = 0
configure:12971: result: yes
configure:12971: checking malloc.h presence
configure:12971: gcc -E  conftest.c
configure:12971: $? = 0
configure:12971: result: yes
configure:12971: checking for malloc.h
configure:12971: result: yes
configure:12971: checking wchar.h usability
configure:12971: gcc -c -g -O2  conftest.c >&5
configure:12971: $? = 0
configure:12971: result: yes
configure:12971: checking wchar.h presence
configure:12971: gcc -E  conftest.c
configure:12971: $? = 0
configure:12971: result: yes
configure:12971: checking for wchar.h
configure:12971: result: yes
configure:12971: checking ctype.h usability
configure:12971: gcc -c -g -O2  conftest.c >&5
configure:12971: $? = 0
configure:12971: result: yes
configure:12971: checking ctype.h presence
configure:12971: gcc -E  conftest.c
configure:12971: $? = 0
configure:12971: result: yes
configure:12971: checking for ctype.h
configure:12971: result: yes
configure:12971: checking libgen.h usability
configure:12971: gcc -c -g -O2  conftest.c >&5
configure:12971: $? = 0
configure:12971: result: yes
configure:12971: checking libgen.h presence
configure:12971: gcc -E  conftest.c
configure:12971: $? = 0
configure:12971: result: yes
configure:12971: checking for libgen.h
configure:12971: result: yes
configure:12971: checking getopt.h usability
configure:12971: gcc -c -g -O2  conftest.c >&5
configure:12971: $? = 0
configure:12971: result: yes
configure:12971: checking getopt.h presence
configure:12971: gcc -E  conftest.c
configure:12971: $? = 0
configure:12971: result: yes
configure:12971: checking for getopt.h
configure:12971: result: yes
configure:12971: checking alloca.h usability
configure:12971: gcc -c -g -O2  conftest.c >&5
configure:12971: $? = 0
configure:12971: result: yes
configure:12971: checking alloca.h presence
configure:12971: gcc -E  conftest.c
configure:12971: $? = 0
configure:12971: result: yes
configure:12971: checking for alloca.h
configure:12971: result: yes
configure:12971: checking valgrind/valgrind.h usability
configure:12971: gcc -c -g -O2  conftest.c >&5
conftest.c:66:10: fatal error: valgrind/valgrind.h: No such file or directory
 #include <valgrind/valgrind.h>
          ^~~~~~~~~~~~~~~~~~~~~
compilation terminated.
configure:12971: $? = 1
configure: failed program was:
| /* confdefs.h */
| #define PACKAGE_NAME "LibreDWG"
| #define PACKAGE_TARNAME "libredwg"
| #define PACKAGE_VERSION "0.9"
| #define PACKAGE_STRING "LibreDWG 0.9"
| #define PACKAGE_BUGREPORT "libredwg@gnu.org"
| #define PACKAGE_URL "https://savannah.gnu.org/projects/libredwg/"
| #define STDC_HEADERS 1
| #define HAVE_SYS_TYPES_H 1
| #define HAVE_SYS_STAT_H 1
| #define HAVE_STDLIB_H 1
| #define HAVE_STRING_H 1
| #define HAVE_MEMORY_H 1
| #define HAVE_STRINGS_H 1
| #define HAVE_INTTYPES_H 1
| #define HAVE_STDINT_H 1
| #define HAVE_UNISTD_H 1
| #define HAVE_DLFCN_H 1
| #define LT_OBJDIR ".libs/"
| #define ENABLE_SHARED 1
| #define STDC_HEADERS 1
| #define HAVE_STDLIB_H 1
| #define HAVE_STRING_H 1
| #define HAVE_STDDEF_H 1
| #define HAVE_UNISTD_H 1
| #define HAVE_MALLOC_H 1
| #define HAVE_WCHAR_H 1
| #define HAVE_CTYPE_H 1
| #define HAVE_LIBGEN_H 1
| #define HAVE_GETOPT_H 1
| #define HAVE_ALLOCA_H 1
| /* end confdefs.h.  */
| #include <stdio.h>
| #ifdef HAVE_SYS_TYPES_H
| # include <sys/types.h>
| #endif
| #ifdef HAVE_SYS_STAT_H
| # include <sys/stat.h>
| #endif
| #ifdef STDC_HEADERS
| # include <stdlib.h>
| # include <stddef.h>
| #else
| # ifdef HAVE_STDLIB_H
| #  include <stdlib.h>
| # endif
| #endif
| #ifdef HAVE_STRING_H
| # if !defined STDC_HEADERS && defined HAVE_MEMORY_H
| #  include <memory.h>
| # endif
| # include <string.h>
| #endif
| #ifdef HAVE_STRINGS_H
| # include <strings.h>
| #endif
| #ifdef HAVE_INTTYPES_H
| # include <inttypes.h>
| #endif
| #ifdef HAVE_STDINT_H
| # include <stdint.h>
| #endif
| #ifdef HAVE_UNISTD_H
| # include <unistd.h>
| #endif
| #include <valgrind/valgrind.h>
configure:12971: result: no
configure:12971: checking valgrind/valgrind.h presence
configure:12971: gcc -E  conftest.c
conftest.c:33:10: fatal error: valgrind/valgrind.h: No such file or directory
 #include <valgrind/valgrind.h>
          ^~~~~~~~~~~~~~~~~~~~~
compilation terminated.
configure:12971: $? = 1
configure: failed program was:
| /* confdefs.h */
| #define PACKAGE_NAME "LibreDWG"
| #define PACKAGE_TARNAME "libredwg"
| #define PACKAGE_VERSION "0.9"
| #define PACKAGE_STRING "LibreDWG 0.9"
| #define PACKAGE_BUGREPORT "libredwg@gnu.org"
| #define PACKAGE_URL "https://savannah.gnu.org/projects/libredwg/"
| #define STDC_HEADERS 1
| #define HAVE_SYS_TYPES_H 1
| #define HAVE_SYS_STAT_H 1
| #define HAVE_STDLIB_H 1
| #define HAVE_STRING_H 1
| #define HAVE_MEMORY_H 1
| #define HAVE_STRINGS_H 1
| #define HAVE_INTTYPES_H 1
| #define HAVE_STDINT_H 1
| #define HAVE_UNISTD_H 1
| #define HAVE_DLFCN_H 1
| #define LT_OBJDIR ".libs/"
| #define ENABLE_SHARED 1
| #define STDC_HEADERS 1
| #define HAVE_STDLIB_H 1
| #define HAVE_STRING_H 1
| #define HAVE_STDDEF_H 1
| #define HAVE_UNISTD_H 1
| #define HAVE_MALLOC_H 1
| #define HAVE_WCHAR_H 1
| #define HAVE_CTYPE_H 1
| #define HAVE_LIBGEN_H 1
| #define HAVE_GETOPT_H 1
| #define HAVE_ALLOCA_H 1
| /* end confdefs.h.  */
| #include <valgrind/valgrind.h>
configure:12971: result: no
configure:12971: checking for valgrind/valgrind.h
configure:12971: result: no
configure:12982: checking for strcasecmp header file
configure:13000: gcc -o conftest -g -O2   conftest.c  >&5
configure:13000: $? = 0
configure:13031: result: <strings.h>
configure:13085: WARNING: Couldn't find pcre2.h. No regex support in dwggrep
configure:13089: checking for gcc option to accept ISO C99
configure:13238: gcc  -c -g -O2  conftest.c >&5
configure:13238: $? = 0
configure:13251: result: none needed
configure:13266: checking for size_t
configure:13266: gcc -c -g -O2  conftest.c >&5
configure:13266: $? = 0
configure:13266: gcc -c -g -O2  conftest.c >&5
conftest.c: In function 'main':
conftest.c:70:21: error: expected expression before ')' token
 if (sizeof ((size_t)))
                     ^
configure:13266: $? = 1
configure: failed program was:
| /* confdefs.h */
| #define PACKAGE_NAME "LibreDWG"
| #define PACKAGE_TARNAME "libredwg"
| #define PACKAGE_VERSION "0.9"
| #define PACKAGE_STRING "LibreDWG 0.9"
| #define PACKAGE_BUGREPORT "libredwg@gnu.org"
| #define PACKAGE_URL "https://savannah.gnu.org/projects/libredwg/"
| #define STDC_HEADERS 1
| #define HAVE_SYS_TYPES_H 1
| #define HAVE_SYS_STAT_H 1
| #define HAVE_STDLIB_H 1
| #define HAVE_STRING_H 1
| #define HAVE_MEMORY_H 1
| #define HAVE_STRINGS_H 1
| #define HAVE_INTTYPES_H 1
| #define HAVE_STDINT_H 1
| #define HAVE_UNISTD_H 1
| #define HAVE_DLFCN_H 1
| #define LT_OBJDIR ".libs/"
| #define ENABLE_SHARED 1
| #define STDC_HEADERS 1
| #define HAVE_STDLIB_H 1
| #define HAVE_STRING_H 1
| #define HAVE_STDDEF_H 1
| #define HAVE_UNISTD_H 1
| #define HAVE_MALLOC_H 1
| #define HAVE_WCHAR_H 1
| #define HAVE_CTYPE_H 1
| #define HAVE_LIBGEN_H 1
| #define HAVE_GETOPT_H 1
| #define HAVE_ALLOCA_H 1
| #define AX_STRCASECMP_HEADER <strings.h>
| /* end confdefs.h.  */
| #include <stdio.h>
| #ifdef HAVE_SYS_TYPES_H
| # include <sys/types.h>
| #endif
| #ifdef HAVE_SYS_STAT_H
| # include <sys/stat.h>
| #endif
| #ifdef STDC_HEADERS
| # include <stdlib.h>
| # include <stddef.h>
| #else
| # ifdef HAVE_STDLIB_H
| #  include <stdlib.h>
| # endif
| #endif
| #ifdef HAVE_STRING_H
| # if !defined STDC_HEADERS && defined HAVE_MEMORY_H
| #  include <memory.h>
| # endif
| # include <string.h>
| #endif
| #ifdef HAVE_STRINGS_H
| # include <strings.h>
| #endif
| #ifdef HAVE_INTTYPES_H
| # include <inttypes.h>
| #endif
| #ifdef HAVE_STDINT_H
| # include <stdint.h>
| #endif
| #ifdef HAVE_UNISTD_H
| # include <unistd.h>
| #endif
| int
| main ()
| {
| if (sizeof ((size_t)))
| 	    return 0;
|   ;
|   return 0;
| }
configure:13266: result: yes
configure:13277: checking for uint16_t
configure:13277: gcc -c -g -O2  conftest.c >&5
configure:13277: $? = 0
configure:13277: result: yes
configure:13289: checking for int32_t
configure:13289: gcc -c -g -O2  conftest.c >&5
configure:13289: $? = 0
configure:13289: gcc -c -g -O2  conftest.c >&5
conftest.c: In function 'main':
conftest.c:72:53: warning: integer overflow in expression [-Woverflow]
    < (int32_t) (((((int32_t) 1 << N) << N) - 1) * 2 + 2))];
                                                     ^
conftest.c:71:12: error: storage size of 'test_array' isn't constant
 static int test_array [1 - 2 * !((int32_t) (((((int32_t) 1 << N) << N) - 1) * 2 + 1)
            ^~~~~~~~~~
configure:13289: $? = 1
configure: failed program was:
| /* confdefs.h */
| #define PACKAGE_NAME "LibreDWG"
| #define PACKAGE_TARNAME "libredwg"
| #define PACKAGE_VERSION "0.9"
| #define PACKAGE_STRING "LibreDWG 0.9"
| #define PACKAGE_BUGREPORT "libredwg@gnu.org"
| #define PACKAGE_URL "https://savannah.gnu.org/projects/libredwg/"
| #define STDC_HEADERS 1
| #define HAVE_SYS_TYPES_H 1
| #define HAVE_SYS_STAT_H 1
| #define HAVE_STDLIB_H 1
| #define HAVE_STRING_H 1
| #define HAVE_MEMORY_H 1
| #define HAVE_STRINGS_H 1
| #define HAVE_INTTYPES_H 1
| #define HAVE_STDINT_H 1
| #define HAVE_UNISTD_H 1
| #define HAVE_DLFCN_H 1
| #define LT_OBJDIR ".libs/"
| #define ENABLE_SHARED 1
| #define STDC_HEADERS 1
| #define HAVE_STDLIB_H 1
| #define HAVE_STRING_H 1
| #define HAVE_STDDEF_H 1
| #define HAVE_UNISTD_H 1
| #define HAVE_MALLOC_H 1
| #define HAVE_WCHAR_H 1
| #define HAVE_CTYPE_H 1
| #define HAVE_LIBGEN_H 1
| #define HAVE_GETOPT_H 1
| #define HAVE_ALLOCA_H 1
| #define AX_STRCASECMP_HEADER <strings.h>
| /* end confdefs.h.  */
| #include <stdio.h>
| #ifdef HAVE_SYS_TYPES_H
| # include <sys/types.h>
| #endif
| #ifdef HAVE_SYS_STAT_H
| # include <sys/stat.h>
| #endif
| #ifdef STDC_HEADERS
| # include <stdlib.h>
| # include <stddef.h>
| #else
| # ifdef HAVE_STDLIB_H
| #  include <stdlib.h>
| # endif
| #endif
| #ifdef HAVE_STRING_H
| # if !defined STDC_HEADERS && defined HAVE_MEMORY_H
| #  include <memory.h>
| # endif
| # include <string.h>
| #endif
| #ifdef HAVE_STRINGS_H
| # include <strings.h>
| #endif
| #ifdef HAVE_INTTYPES_H
| # include <inttypes.h>
| #endif
| #ifdef HAVE_STDINT_H
| # include <stdint.h>
| #endif
| #ifdef HAVE_UNISTD_H
| # include <unistd.h>
| #endif
| 	        enum { N = 32 / 2 - 1 };
| int
| main ()
| {
| static int test_array [1 - 2 * !((int32_t) (((((int32_t) 1 << N) << N) - 1) * 2 + 1)
| 		 < (int32_t) (((((int32_t) 1 << N) << N) - 1) * 2 + 2))];
| test_array [0] = 0;
| return test_array [0];
| 
|   ;
|   return 0;
| }
configure:13289: result: yes
configure:13300: checking for uint32_t
configure:13300: gcc -c -g -O2  conftest.c >&5
configure:13300: $? = 0
configure:13300: result: yes
configure:13314: checking for int64_t
configure:13314: gcc -c -g -O2  conftest.c >&5
configure:13314: $? = 0
configure:13314: gcc -c -g -O2  conftest.c >&5
conftest.c: In function 'main':
conftest.c:72:53: warning: integer overflow in expression [-Woverflow]
    < (int64_t) (((((int64_t) 1 << N) << N) - 1) * 2 + 2))];
                                                     ^
conftest.c:71:12: error: storage size of 'test_array' isn't constant
 static int test_array [1 - 2 * !((int64_t) (((((int64_t) 1 << N) << N) - 1) * 2 + 1)
            ^~~~~~~~~~
configure:13314: $? = 1
configure: failed program was:
| /* confdefs.h */
| #define PACKAGE_NAME "LibreDWG"
| #define PACKAGE_TARNAME "libredwg"
| #define PACKAGE_VERSION "0.9"
| #define PACKAGE_STRING "LibreDWG 0.9"
| #define PACKAGE_BUGREPORT "libredwg@gnu.org"
| #define PACKAGE_URL "https://savannah.gnu.org/projects/libredwg/"
| #define STDC_HEADERS 1
| #define HAVE_SYS_TYPES_H 1
| #define HAVE_SYS_STAT_H 1
| #define HAVE_STDLIB_H 1
| #define HAVE_STRING_H 1
| #define HAVE_MEMORY_H 1
| #define HAVE_STRINGS_H 1
| #define HAVE_INTTYPES_H 1
| #define HAVE_STDINT_H 1
| #define HAVE_UNISTD_H 1
| #define HAVE_DLFCN_H 1
| #define LT_OBJDIR ".libs/"
| #define ENABLE_SHARED 1
| #define STDC_HEADERS 1
| #define HAVE_STDLIB_H 1
| #define HAVE_STRING_H 1
| #define HAVE_STDDEF_H 1
| #define HAVE_UNISTD_H 1
| #define HAVE_MALLOC_H 1
| #define HAVE_WCHAR_H 1
| #define HAVE_CTYPE_H 1
| #define HAVE_LIBGEN_H 1
| #define HAVE_GETOPT_H 1
| #define HAVE_ALLOCA_H 1
| #define AX_STRCASECMP_HEADER <strings.h>
| /* end confdefs.h.  */
| #include <stdio.h>
| #ifdef HAVE_SYS_TYPES_H
| # include <sys/types.h>
| #endif
| #ifdef HAVE_SYS_STAT_H
| # include <sys/stat.h>
| #endif
| #ifdef STDC_HEADERS
| # include <stdlib.h>
| # include <stddef.h>
| #else
| # ifdef HAVE_STDLIB_H
| #  include <stdlib.h>
| # endif
| #endif
| #ifdef HAVE_STRING_H
| # if !defined STDC_HEADERS && defined HAVE_MEMORY_H
| #  include <memory.h>
| # endif
| # include <string.h>
| #endif
| #ifdef HAVE_STRINGS_H
| # include <strings.h>
| #endif
| #ifdef HAVE_INTTYPES_H
| # include <inttypes.h>
| #endif
| #ifdef HAVE_STDINT_H
| # include <stdint.h>
| #endif
| #ifdef HAVE_UNISTD_H
| # include <unistd.h>
| #endif
| 	        enum { N = 64 / 2 - 1 };
| int
| main ()
| {
| static int test_array [1 - 2 * !((int64_t) (((((int64_t) 1 << N) << N) - 1) * 2 + 1)
| 		 < (int64_t) (((((int64_t) 1 << N) << N) - 1) * 2 + 2))];
| test_array [0] = 0;
| return test_array [0];
| 
|   ;
|   return 0;
| }
configure:13314: result: yes
configure:13325: checking for uint64_t
configure:13325: gcc -c -g -O2  conftest.c >&5
configure:13325: $? = 0
configure:13325: result: yes
configure:13343: checking size of size_t
configure:13348: gcc -o conftest -g -O2   conftest.c  >&5
configure:13348: $? = 0
configure:13348: ./conftest
configure:13348: $? = 0
configure:13362: result: 8
configure:13373: checking size of wchar_t
configure:13393: gcc -c -g -O2  conftest.c >&5
configure:13393: $? = 0
configure:13405: result: 4
configure:13526: gcc -c -g -O2  conftest.c >&5
conftest.c:41:9: error: #error "no C++"
        #error "no C++"
         ^~~~~
configure:13526: $? = 1
configure: failed program was:
| /* confdefs.h */
| #define PACKAGE_NAME "LibreDWG"
| #define PACKAGE_TARNAME "libredwg"
| #define PACKAGE_VERSION "0.9"
| #define PACKAGE_STRING "LibreDWG 0.9"
| #define PACKAGE_BUGREPORT "libredwg@gnu.org"
| #define PACKAGE_URL "https://savannah.gnu.org/projects/libredwg/"
| #define STDC_HEADERS 1
| #define HAVE_SYS_TYPES_H 1
| #define HAVE_SYS_STAT_H 1
| #define HAVE_STDLIB_H 1
| #define HAVE_STRING_H 1
| #define HAVE_MEMORY_H 1
| #define HAVE_STRINGS_H 1
| #define HAVE_INTTYPES_H 1
| #define HAVE_STDINT_H 1
| #define HAVE_UNISTD_H 1
| #define HAVE_DLFCN_H 1
| #define LT_OBJDIR ".libs/"
| #define ENABLE_SHARED 1
| #define STDC_HEADERS 1
| #define HAVE_STDLIB_H 1
| #define HAVE_STRING_H 1
| #define HAVE_STDDEF_H 1
| #define HAVE_UNISTD_H 1
| #define HAVE_MALLOC_H 1
| #define HAVE_WCHAR_H 1
| #define HAVE_CTYPE_H 1
| #define HAVE_LIBGEN_H 1
| #define HAVE_GETOPT_H 1
| #define HAVE_ALLOCA_H 1
| #define AX_STRCASECMP_HEADER <strings.h>
| #define SIZEOF_SIZE_T 8
| #define SIZEOF_WCHAR_T 4
| #define _POSIX_C_SOURCE 200809L
| #define __XSI_VISIBLE 700
| #define IS_RELEASE 1
| /* end confdefs.h.  */
| 
|       #ifndef __cplusplus
|        #error "no C++"
|        #endif
| int
| main ()
| {
| 
|   ;
|   return 0;
| }
configure:13540: checking whether C compiler accepts -Werror=unknown-warning-option
configure:13559: gcc -c -g -O2  -Werror=unknown-warning-option  conftest.c >&5
cc1: error: -Werror=unknown-warning-option: no option -Wunknown-warning-option
configure:13559: $? = 1
configure: failed program was:
| /* confdefs.h */
| #define PACKAGE_NAME "LibreDWG"
| #define PACKAGE_TARNAME "libredwg"
| #define PACKAGE_VERSION "0.9"
| #define PACKAGE_STRING "LibreDWG 0.9"
| #define PACKAGE_BUGREPORT "libredwg@gnu.org"
| #define PACKAGE_URL "https://savannah.gnu.org/projects/libredwg/"
| #define STDC_HEADERS 1
| #define HAVE_SYS_TYPES_H 1
| #define HAVE_SYS_STAT_H 1
| #define HAVE_STDLIB_H 1
| #define HAVE_STRING_H 1
| #define HAVE_MEMORY_H 1
| #define HAVE_STRINGS_H 1
| #define HAVE_INTTYPES_H 1
| #define HAVE_STDINT_H 1
| #define HAVE_UNISTD_H 1
| #define HAVE_DLFCN_H 1
| #define LT_OBJDIR ".libs/"
| #define ENABLE_SHARED 1
| #define STDC_HEADERS 1
| #define HAVE_STDLIB_H 1
| #define HAVE_STRING_H 1
| #define HAVE_STDDEF_H 1
| #define HAVE_UNISTD_H 1
| #define HAVE_MALLOC_H 1
| #define HAVE_WCHAR_H 1
| #define HAVE_CTYPE_H 1
| #define HAVE_LIBGEN_H 1
| #define HAVE_GETOPT_H 1
| #define HAVE_ALLOCA_H 1
| #define AX_STRCASECMP_HEADER <strings.h>
| #define SIZEOF_SIZE_T 8
| #define SIZEOF_WCHAR_T 4
| #define _POSIX_C_SOURCE 200809L
| #define __XSI_VISIBLE 700
| #define IS_RELEASE 1
| /* end confdefs.h.  */
| 
| int
| main ()
| {
| 
|   ;
|   return 0;
| }
configure:13567: result: no
configure:13581: checking whether C compiler accepts -Wsuggest-attribute=format
configure:13600: gcc -c -g -O2  -Wsuggest-attribute=format  conftest.c >&5
configure:13600: $? = 0
configure:13608: result: yes
configure:13628: checking whether C compiler accepts -mretpoline -DRETPOLINE
configure:13647: gcc -c -g -O2  -mretpoline -DRETPOLINE  conftest.c >&5
gcc: error: unrecognized command line option '-mretpoline'; did you mean '-Wtrampolines'?
configure:13647: $? = 1
configure: failed program was:
| /* confdefs.h */
| #define PACKAGE_NAME "LibreDWG"
| #define PACKAGE_TARNAME "libredwg"
| #define PACKAGE_VERSION "0.9"
| #define PACKAGE_STRING "LibreDWG 0.9"
| #define PACKAGE_BUGREPORT "libredwg@gnu.org"
| #define PACKAGE_URL "https://savannah.gnu.org/projects/libredwg/"
| #define STDC_HEADERS 1
| #define HAVE_SYS_TYPES_H 1
| #define HAVE_SYS_STAT_H 1
| #define HAVE_STDLIB_H 1
| #define HAVE_STRING_H 1
| #define HAVE_MEMORY_H 1
| #define HAVE_STRINGS_H 1
| #define HAVE_INTTYPES_H 1
| #define HAVE_STDINT_H 1
| #define HAVE_UNISTD_H 1
| #define HAVE_DLFCN_H 1
| #define LT_OBJDIR ".libs/"
| #define ENABLE_SHARED 1
| #define STDC_HEADERS 1
| #define HAVE_STDLIB_H 1
| #define HAVE_STRING_H 1
| #define HAVE_STDDEF_H 1
| #define HAVE_UNISTD_H 1
| #define HAVE_MALLOC_H 1
| #define HAVE_WCHAR_H 1
| #define HAVE_CTYPE_H 1
| #define HAVE_LIBGEN_H 1
| #define HAVE_GETOPT_H 1
| #define HAVE_ALLOCA_H 1
| #define AX_STRCASECMP_HEADER <strings.h>
| #define SIZEOF_SIZE_T 8
| #define SIZEOF_WCHAR_T 4
| #define _POSIX_C_SOURCE 200809L
| #define __XSI_VISIBLE 700
| #define IS_RELEASE 1
| /* end confdefs.h.  */
| 
| int
| main ()
| {
| 
|   ;
|   return 0;
| }
configure:13656: result: no
configure:13705: checking whether C compiler accepts -mindirect-branch=thunk-extern -mfunction-return=thunk-extern -mindirect-branch-register -DRETPOLINE
configure:13724: gcc -c -g -O2  -mindirect-branch=thunk-extern -mfunction-return=thunk-extern -mindirect-branch-register -DRETPOLINE  conftest.c >&5
configure:13724: $? = 0
configure:13733: result: yes
configure:13760: : RETPOLINE_CFLAGS="$RETPOLINE_CFLAGS"
configure:13763: $? = 0
configure:13783: checking whether C compiler accepts -fno-strict-aliasing
configure:13802: gcc -c -g -O2  -fno-strict-aliasing  conftest.c >&5
configure:13802: $? = 0
configure:13811: result: yes
configure:13838: : WARN_CFLAGS="$WARN_CFLAGS"
configure:13841: $? = 0
configure:13783: checking whether C compiler accepts -fvisibility=hidden
configure:13802: gcc -c -g -O2  -fvisibility=hidden  conftest.c >&5
configure:13802: $? = 0
configure:13811: result: yes
configure:13827: : WARN_CFLAGS="$WARN_CFLAGS"
configure:13830: $? = 0
configure:13862: checking whether C compiler accepts -Wall
configure:13881: gcc -c -g -O2  -Wall  conftest.c >&5
configure:13881: $? = 0
configure:13890: result: yes
configure:13906: : WARN_CFLAGS="$WARN_CFLAGS"
configure:13909: $? = 0
configure:13862: checking whether C compiler accepts -Wextra
configure:13881: gcc -c -g -O2  -Wextra  conftest.c >&5
configure:13881: $? = 0
configure:13890: result: yes
configure:13906: : WARN_CFLAGS="$WARN_CFLAGS"
configure:13909: $? = 0
configure:13862: checking whether C compiler accepts -Wundef
configure:13881: gcc -c -g -O2  -Wundef  conftest.c >&5
configure:13881: $? = 0
configure:13890: result: yes
configure:13906: : WARN_CFLAGS="$WARN_CFLAGS"
configure:13909: $? = 0
configure:13862: checking whether C compiler accepts -Wwrite-strings
configure:13881: gcc -c -g -O2  -Wwrite-strings  conftest.c >&5
configure:13881: $? = 0
configure:13890: result: yes
configure:13906: : WARN_CFLAGS="$WARN_CFLAGS"
configure:13909: $? = 0
configure:13862: checking whether C compiler accepts -Wpointer-arith
configure:13881: gcc -c -g -O2  -Wpointer-arith  conftest.c >&5
configure:13881: $? = 0
configure:13890: result: yes
configure:13906: : WARN_CFLAGS="$WARN_CFLAGS"
configure:13909: $? = 0
configure:13862: checking whether C compiler accepts -Wmissing-declarations
configure:13881: gcc -c -g -O2  -Wmissing-declarations  conftest.c >&5
configure:13881: $? = 0
configure:13890: result: yes
configure:13906: : WARN_CFLAGS="$WARN_CFLAGS"
configure:13909: $? = 0
configure:13862: checking whether C compiler accepts -Wredundant-decls
configure:13881: gcc -c -g -O2  -Wredundant-decls  conftest.c >&5
configure:13881: $? = 0
configure:13890: result: yes
configure:13906: : WARN_CFLAGS="$WARN_CFLAGS"
configure:13909: $? = 0
configure:13862: checking whether C compiler accepts -Wno-unused-variable
configure:13881: gcc -c -g -O2  -Wno-unused-variable  conftest.c >&5
configure:13881: $? = 0
configure:13890: result: yes
configure:13906: : WARN_CFLAGS="$WARN_CFLAGS"
configure:13909: $? = 0
configure:13862: checking whether C compiler accepts -Wno-unused-parameter
configure:13881: gcc -c -g -O2  -Wno-unused-parameter  conftest.c >&5
configure:13881: $? = 0
configure:13890: result: yes
configure:13906: : WARN_CFLAGS="$WARN_CFLAGS"
configure:13909: $? = 0
configure:13862: checking whether C compiler accepts -Wno-unused-but-set-variable
configure:13881: gcc -c -g -O2  -Wno-unused-but-set-variable  conftest.c >&5
configure:13881: $? = 0
configure:13890: result: yes
configure:13906: : WARN_CFLAGS="$WARN_CFLAGS"
configure:13909: $? = 0
configure:13862: checking whether C compiler accepts -Wno-missing-field-initializers
configure:13881: gcc -c -g -O2  -Wno-missing-field-initializers  conftest.c >&5
configure:13881: $? = 0
configure:13890: result: yes
configure:13906: : WARN_CFLAGS="$WARN_CFLAGS"
configure:13909: $? = 0
configure:13862: checking whether C compiler accepts -Wno-cast-align
configure:13881: gcc -c -g -O2  -Wno-cast-align  conftest.c >&5
configure:13881: $? = 0
configure:13890: result: yes
configure:13906: : WARN_CFLAGS="$WARN_CFLAGS"
configure:13909: $? = 0
configure:13862: checking whether C compiler accepts -Wformat=2
configure:13881: gcc -c -g -O2  -Wformat=2  conftest.c >&5
configure:13881: $? = 0
configure:13890: result: yes
configure:13906: : WARN_CFLAGS="$WARN_CFLAGS"
configure:13909: $? = 0
configure:13862: checking whether C compiler accepts -Wformat-nonliteral
configure:13881: gcc -c -g -O2  -Wformat-nonliteral  conftest.c >&5
configure:13881: $? = 0
configure:13890: result: yes
configure:13906: : WARN_CFLAGS="$WARN_CFLAGS"
configure:13909: $? = 0
configure:13862: checking whether C compiler accepts -Wformat-security
configure:13881: gcc -c -g -O2  -Wformat-security  conftest.c >&5
configure:13881: $? = 0
configure:13890: result: yes
configure:13906: : WARN_CFLAGS="$WARN_CFLAGS"
configure:13909: $? = 0
configure:13862: checking whether C compiler accepts -Wsign-compare
configure:13881: gcc -c -g -O2  -Wsign-compare  conftest.c >&5
configure:13881: $? = 0
configure:13890: result: yes
configure:13906: : WARN_CFLAGS="$WARN_CFLAGS"
configure:13909: $? = 0
configure:13862: checking whether C compiler accepts -Wstrict-aliasing
configure:13881: gcc -c -g -O2  -Wstrict-aliasing  conftest.c >&5
configure:13881: $? = 0
configure:13890: result: yes
configure:13906: : WARN_CFLAGS="$WARN_CFLAGS"
configure:13909: $? = 0
configure:13862: checking whether C compiler accepts -Wshadow
configure:13881: gcc -c -g -O2  -Wshadow  conftest.c >&5
configure:13881: $? = 0
configure:13890: result: yes
configure:13906: : WARN_CFLAGS="$WARN_CFLAGS"
configure:13909: $? = 0
configure:13862: checking whether C compiler accepts -Winline
configure:13881: gcc -c -g -O2  -Winline  conftest.c >&5
configure:13881: $? = 0
configure:13890: result: yes
configure:13906: : WARN_CFLAGS="$WARN_CFLAGS"
configure:13909: $? = 0
configure:13862: checking whether C compiler accepts -Wpacked
configure:13881: gcc -c -g -O2  -Wpacked  conftest.c >&5
configure:13881: $? = 0
configure:13890: result: yes
configure:13906: : WARN_CFLAGS="$WARN_CFLAGS"
configure:13909: $? = 0
configure:13862: checking whether C compiler accepts -Wmissing-format-attribute
configure:13881: gcc -c -g -O2  -Wmissing-format-attribute  conftest.c >&5
configure:13881: $? = 0
configure:13890: result: yes
configure:13906: : WARN_CFLAGS="$WARN_CFLAGS"
configure:13909: $? = 0
configure:13862: checking whether C compiler accepts -Wmissing-noreturn
configure:13881: gcc -c -g -O2  -Wmissing-noreturn  conftest.c >&5
configure:13881: $? = 0
configure:13890: result: yes
configure:13906: : WARN_CFLAGS="$WARN_CFLAGS"
configure:13909: $? = 0
configure:13862: checking whether C compiler accepts -Winit-self
configure:13881: gcc -c -g -O2  -Winit-self  conftest.c >&5
configure:13881: $? = 0
configure:13890: result: yes
configure:13906: : WARN_CFLAGS="$WARN_CFLAGS"
configure:13909: $? = 0
configure:13862: checking whether C compiler accepts -Wredundant-decls
configure:13890: result: yes
configure:13898: : WARN_CFLAGS already contains $flag
configure:13901: $? = 0
configure:13862: checking whether C compiler accepts -Wmissing-include-dirs
configure:13881: gcc -c -g -O2  -Wmissing-include-dirs  conftest.c >&5
configure:13881: $? = 0
configure:13890: result: yes
configure:13906: : WARN_CFLAGS="$WARN_CFLAGS"
configure:13909: $? = 0
configure:13862: checking whether C compiler accepts -Warray-bounds
configure:13881: gcc -c -g -O2  -Warray-bounds  conftest.c >&5
configure:13881: $? = 0
configure:13890: result: yes
configure:13906: : WARN_CFLAGS="$WARN_CFLAGS"
configure:13909: $? = 0
configure:13862: checking whether C compiler accepts -Wreturn-type
configure:13881: gcc -c -g -O2  -Wreturn-type  conftest.c >&5
configure:13881: $? = 0
configure:13890: result: yes
configure:13906: : WARN_CFLAGS="$WARN_CFLAGS"
configure:13909: $? = 0
configure:13862: checking whether C compiler accepts -Wswitch-enum
configure:13881: gcc -c -g -O2  -Wswitch-enum  conftest.c >&5
configure:13881: $? = 0
configure:13890: result: yes
configure:13906: : WARN_CFLAGS="$WARN_CFLAGS"
configure:13909: $? = 0
configure:13862: checking whether C compiler accepts -Wswitch-default
configure:13881: gcc -c -g -O2  -Wswitch-default  conftest.c >&5
configure:13881: $? = 0
configure:13890: result: yes
configure:13906: : WARN_CFLAGS="$WARN_CFLAGS"
configure:13909: $? = 0
configure:13862: checking whether C compiler accepts -Wduplicated-cond
configure:13881: gcc -c -g -O2  -Wduplicated-cond  conftest.c >&5
configure:13881: $? = 0
configure:13890: result: yes
configure:13906: : WARN_CFLAGS="$WARN_CFLAGS"
configure:13909: $? = 0
configure:13862: checking whether C compiler accepts -Wduplicated-branches
configure:13881: gcc -c -g -O2  -Wduplicated-branches  conftest.c >&5
configure:13881: $? = 0
configure:13890: result: yes
configure:13906: : WARN_CFLAGS="$WARN_CFLAGS"
configure:13909: $? = 0
configure:13862: checking whether C compiler accepts -Wlogical-op
configure:13881: gcc -c -g -O2  -Wlogical-op  conftest.c >&5
configure:13881: $? = 0
configure:13890: result: yes
configure:13906: : WARN_CFLAGS="$WARN_CFLAGS"
configure:13909: $? = 0
configure:13862: checking whether C compiler accepts -Wrestrict
configure:13881: gcc -c -g -O2  -Wrestrict  conftest.c >&5
configure:13881: $? = 0
configure:13890: result: yes
configure:13906: : WARN_CFLAGS="$WARN_CFLAGS"
configure:13909: $? = 0
configure:13862: checking whether C compiler accepts -Wnull-dereference
configure:13881: gcc -c -g -O2  -Wnull-dereference  conftest.c >&5
configure:13881: $? = 0
configure:13890: result: yes
configure:13906: : WARN_CFLAGS="$WARN_CFLAGS"
configure:13909: $? = 0
configure:13862: checking whether C compiler accepts -Wdouble-promotion
configure:13881: gcc -c -g -O2  -Wdouble-promotion  conftest.c >&5
configure:13881: $? = 0
configure:13890: result: yes
configure:13906: : WARN_CFLAGS="$WARN_CFLAGS"
configure:13909: $? = 0
configure:13862: checking whether C compiler accepts -Wchar-subscripts
configure:13881: gcc -c -g -O2  -Wchar-subscripts  conftest.c >&5
configure:13881: $? = 0
configure:13890: result: yes
configure:13906: : WARN_CFLAGS="$WARN_CFLAGS"
configure:13909: $? = 0
configure:13939: checking whether C compiler accepts -Wnested-externs
configure:13958: gcc -c -g -O2  -Wnested-externs  conftest.c >&5
configure:13958: $? = 0
configure:13967: result: yes
configure:13983: : WARN_CFLAGS="$WARN_CFLAGS"
configure:13986: $? = 0
configure:13939: checking whether C compiler accepts -Wmissing-prototypes
configure:13958: gcc -c -g -O2  -Wmissing-prototypes  conftest.c >&5
configure:13958: $? = 0
configure:13967: result: yes
configure:13983: : WARN_CFLAGS="$WARN_CFLAGS"
configure:13986: $? = 0
configure:13939: checking whether C compiler accepts -Wstrict-prototypes
configure:13958: gcc -c -g -O2  -Wstrict-prototypes  conftest.c >&5
conftest.c:41:1: warning: function declaration isn't a prototype [-Wstrict-prototypes]
 main ()
 ^~~~
configure:13958: $? = 0
configure: failed program was:
| /* confdefs.h */
| #define PACKAGE_NAME "LibreDWG"
| #define PACKAGE_TARNAME "libredwg"
| #define PACKAGE_VERSION "0.9"
| #define PACKAGE_STRING "LibreDWG 0.9"
| #define PACKAGE_BUGREPORT "libredwg@gnu.org"
| #define PACKAGE_URL "https://savannah.gnu.org/projects/libredwg/"
| #define STDC_HEADERS 1
| #define HAVE_SYS_TYPES_H 1
| #define HAVE_SYS_STAT_H 1
| #define HAVE_STDLIB_H 1
| #define HAVE_STRING_H 1
| #define HAVE_MEMORY_H 1
| #define HAVE_STRINGS_H 1
| #define HAVE_INTTYPES_H 1
| #define HAVE_STDINT_H 1
| #define HAVE_UNISTD_H 1
| #define HAVE_DLFCN_H 1
| #define LT_OBJDIR ".libs/"
| #define ENABLE_SHARED 1
| #define STDC_HEADERS 1
| #define HAVE_STDLIB_H 1
| #define HAVE_STRING_H 1
| #define HAVE_STDDEF_H 1
| #define HAVE_UNISTD_H 1
| #define HAVE_MALLOC_H 1
| #define HAVE_WCHAR_H 1
| #define HAVE_CTYPE_H 1
| #define HAVE_LIBGEN_H 1
| #define HAVE_GETOPT_H 1
| #define HAVE_ALLOCA_H 1
| #define AX_STRCASECMP_HEADER <strings.h>
| #define SIZEOF_SIZE_T 8
| #define SIZEOF_WCHAR_T 4
| #define _POSIX_C_SOURCE 200809L
| #define __XSI_VISIBLE 700
| #define IS_RELEASE 1
| /* end confdefs.h.  */
| 
| int
| main ()
| {
| 
|   ;
|   return 0;
| }
configure:13967: result: no
configure:13939: checking whether C compiler accepts -Wdeclaration-after-statement
configure:13958: gcc -c -g -O2  -Wdeclaration-after-statement  conftest.c >&5
configure:13958: $? = 0
configure:13967: result: yes
configure:13983: : WARN_CFLAGS="$WARN_CFLAGS"
configure:13986: $? = 0
configure:13939: checking whether C compiler accepts -Wimplicit-function-declaration
configure:13958: gcc -c -g -O2  -Wimplicit-function-declaration  conftest.c >&5
configure:13958: $? = 0
configure:13967: result: yes
configure:13983: : WARN_CFLAGS="$WARN_CFLAGS"
configure:13986: $? = 0
configure:13939: checking whether C compiler accepts -Wold-style-definition
configure:13958: gcc -c -g -O2  -Wold-style-definition  conftest.c >&5
conftest.c: In function 'main':
conftest.c:41:1: warning: old-style function definition [-Wold-style-definition]
 main ()
 ^~~~
configure:13958: $? = 0
configure: failed program was:
| /* confdefs.h */
| #define PACKAGE_NAME "LibreDWG"
| #define PACKAGE_TARNAME "libredwg"
| #define PACKAGE_VERSION "0.9"
| #define PACKAGE_STRING "LibreDWG 0.9"
| #define PACKAGE_BUGREPORT "libredwg@gnu.org"
| #define PACKAGE_URL "https://savannah.gnu.org/projects/libredwg/"
| #define STDC_HEADERS 1
| #define HAVE_SYS_TYPES_H 1
| #define HAVE_SYS_STAT_H 1
| #define HAVE_STDLIB_H 1
| #define HAVE_STRING_H 1
| #define HAVE_MEMORY_H 1
| #define HAVE_STRINGS_H 1
| #define HAVE_INTTYPES_H 1
| #define HAVE_STDINT_H 1
| #define HAVE_UNISTD_H 1
| #define HAVE_DLFCN_H 1
| #define LT_OBJDIR ".libs/"
| #define ENABLE_SHARED 1
| #define STDC_HEADERS 1
| #define HAVE_STDLIB_H 1
| #define HAVE_STRING_H 1
| #define HAVE_STDDEF_H 1
| #define HAVE_UNISTD_H 1
| #define HAVE_MALLOC_H 1
| #define HAVE_WCHAR_H 1
| #define HAVE_CTYPE_H 1
| #define HAVE_LIBGEN_H 1
| #define HAVE_GETOPT_H 1
| #define HAVE_ALLOCA_H 1
| #define AX_STRCASECMP_HEADER <strings.h>
| #define SIZEOF_SIZE_T 8
| #define SIZEOF_WCHAR_T 4
| #define _POSIX_C_SOURCE 200809L
| #define __XSI_VISIBLE 700
| #define IS_RELEASE 1
| /* end confdefs.h.  */
| 
| int
| main ()
| {
| 
|   ;
|   return 0;
| }
configure:13967: result: no
configure:13939: checking whether C compiler accepts -Wjump-misses-init
configure:13958: gcc -c -g -O2  -Wjump-misses-init  conftest.c >&5
configure:13958: $? = 0
configure:13967: result: yes
configure:13983: : WARN_CFLAGS="$WARN_CFLAGS"
configure:13986: $? = 0
configure:14146: checking whether C compiler accepts -Wno-error=unused-variable
configure:14165: gcc -c -g -O2  -Wno-error=unused-variable  conftest.c >&5
configure:14165: $? = 0
configure:14174: result: yes
configure:14190: : WARN_CFLAGS="$WARN_CFLAGS"
configure:14193: $? = 0
configure:14146: checking whether C compiler accepts -Wno-error=unused-parameter
configure:14165: gcc -c -g -O2  -Wno-error=unused-parameter  conftest.c >&5
configure:14165: $? = 0
configure:14174: result: yes
configure:14190: : WARN_CFLAGS="$WARN_CFLAGS"
configure:14193: $? = 0
configure:14146: checking whether C compiler accepts -Wno-error=unused-but-set-variable
configure:14165: gcc -c -g -O2  -Wno-error=unused-but-set-variable  conftest.c >&5
configure:14165: $? = 0
configure:14174: result: yes
configure:14190: : WARN_CFLAGS="$WARN_CFLAGS"
configure:14193: $? = 0
configure:14146: checking whether C compiler accepts -Wno-error=missing-field-initializers
configure:14165: gcc -c -g -O2  -Wno-error=missing-field-initializers  conftest.c >&5
configure:14165: $? = 0
configure:14174: result: yes
configure:14190: : WARN_CFLAGS="$WARN_CFLAGS"
configure:14193: $? = 0
configure:14146: checking whether C compiler accepts -Wno-error=cast-align
configure:14165: gcc -c -g -O2  -Wno-error=cast-align  conftest.c >&5
configure:14165: $? = 0
configure:14174: result: yes
configure:14190: : WARN_CFLAGS="$WARN_CFLAGS"
configure:14193: $? = 0
configure:14250: checking whether C compiler accepts -Werror=unknown-warning-option
configure:14277: result: no
configure:14291: checking whether the linker accepts -Wl,--no-as-needed
configure:14310: gcc -o conftest -g -O2    -Wl,--no-as-needed conftest.c  >&5
configure:14310: $? = 0
configure:14319: result: yes
configure:14334: checking whether the linker accepts -Wl,--fatal-warnings
configure:14353: gcc -o conftest -g -O2    -Wl,--fatal-warnings conftest.c  >&5
configure:14353: $? = 0
configure:14362: result: yes
configure:14372: checking whether the linker accepts -Wl,-fatal_warnings
configure:14391: gcc -o conftest -g -O2    -Wl,-fatal_warnings conftest.c  >&5
/usr/bin/ld: -f may not be used without -shared
collect2: error: ld returned 1 exit status
configure:14391: $? = 1
configure: failed program was:
| /* confdefs.h */
| #define PACKAGE_NAME "LibreDWG"
| #define PACKAGE_TARNAME "libredwg"
| #define PACKAGE_VERSION "0.9"
| #define PACKAGE_STRING "LibreDWG 0.9"
| #define PACKAGE_BUGREPORT "libredwg@gnu.org"
| #define PACKAGE_URL "https://savannah.gnu.org/projects/libredwg/"
| #define STDC_HEADERS 1
| #define HAVE_SYS_TYPES_H 1
| #define HAVE_SYS_STAT_H 1
| #define HAVE_STDLIB_H 1
| #define HAVE_STRING_H 1
| #define HAVE_MEMORY_H 1
| #define HAVE_STRINGS_H 1
| #define HAVE_INTTYPES_H 1
| #define HAVE_STDINT_H 1
| #define HAVE_UNISTD_H 1
| #define HAVE_DLFCN_H 1
| #define LT_OBJDIR ".libs/"
| #define ENABLE_SHARED 1
| #define STDC_HEADERS 1
| #define HAVE_STDLIB_H 1
| #define HAVE_STRING_H 1
| #define HAVE_STDDEF_H 1
| #define HAVE_UNISTD_H 1
| #define HAVE_MALLOC_H 1
| #define HAVE_WCHAR_H 1
| #define HAVE_CTYPE_H 1
| #define HAVE_LIBGEN_H 1
| #define HAVE_GETOPT_H 1
| #define HAVE_ALLOCA_H 1
| #define AX_STRCASECMP_HEADER <strings.h>
| #define SIZEOF_SIZE_T 8
| #define SIZEOF_WCHAR_T 4
| #define _POSIX_C_SOURCE 200809L
| #define __XSI_VISIBLE 700
| #define IS_RELEASE 1
| /* end confdefs.h.  */
| 
| int
| main ()
| {
| 
|   ;
|   return 0;
| }
configure:14400: result: no
configure:14418: checking whether the linker accepts -Wl,--no-as-needed
configure:14437: gcc -o conftest -g -O2    -Wl,--no-as-needed conftest.c  >&5
configure:14437: $? = 0
configure:14447: result: yes
configure:14474: : AM_LDFLAGS="$AM_LDFLAGS"
configure:14477: $? = 0
configure:14691: : WARN_SCANNERFLAGS="$WARN_SCANNERFLAGS"
configure:14694: $? = 0
configure:14716: : WARN_SCANNERFLAGS="$WARN_SCANNERFLAGS"
configure:14719: $? = 0
configure:14780: checking for __attribute__((visibility("default")))
configure:14798: gcc -c -g -O2  conftest.c >&5
configure:14798: $? = 0
configure:14804: result: yes
configure:14815: checking for __attribute__((format))
configure:14836: gcc -o conftest -g -O2   conftest.c  >&5
configure:14836: $? = 0
configure:14849: result: yes
configure:14865: checking for __attribute__((malloc))
configure:14886: gcc -o conftest -g -O2   conftest.c  >&5
configure:14886: $? = 0
configure:14899: result: yes
configure:14913: checking whether to add -D_FORTIFY_SOURCE=2 to CPPFLAGS
configure:14929: gcc -o conftest -g -O2   conftest.c  >&5
conftest.c: In function 'main':
conftest.c:48:21: error: 'this_is_an_error' undeclared (first use in this function)
                     this_is_an_error;
                     ^~~~~~~~~~~~~~~~
conftest.c:48:21: note: each undeclared identifier is reported only once for each function it appears in
configure:14929: $? = 1
configure: failed program was:
| /* confdefs.h */
| #define PACKAGE_NAME "LibreDWG"
| #define PACKAGE_TARNAME "libredwg"
| #define PACKAGE_VERSION "0.9"
| #define PACKAGE_STRING "LibreDWG 0.9"
| #define PACKAGE_BUGREPORT "libredwg@gnu.org"
| #define PACKAGE_URL "https://savannah.gnu.org/projects/libredwg/"
| #define STDC_HEADERS 1
| #define HAVE_SYS_TYPES_H 1
| #define HAVE_SYS_STAT_H 1
| #define HAVE_STDLIB_H 1
| #define HAVE_STRING_H 1
| #define HAVE_MEMORY_H 1
| #define HAVE_STRINGS_H 1
| #define HAVE_INTTYPES_H 1
| #define HAVE_STDINT_H 1
| #define HAVE_UNISTD_H 1
| #define HAVE_DLFCN_H 1
| #define LT_OBJDIR ".libs/"
| #define ENABLE_SHARED 1
| #define STDC_HEADERS 1
| #define HAVE_STDLIB_H 1
| #define HAVE_STRING_H 1
| #define HAVE_STDDEF_H 1
| #define HAVE_UNISTD_H 1
| #define HAVE_MALLOC_H 1
| #define HAVE_WCHAR_H 1
| #define HAVE_CTYPE_H 1
| #define HAVE_LIBGEN_H 1
| #define HAVE_GETOPT_H 1
| #define HAVE_ALLOCA_H 1
| #define AX_STRCASECMP_HEADER <strings.h>
| #define SIZEOF_SIZE_T 8
| #define SIZEOF_WCHAR_T 4
| #define _POSIX_C_SOURCE 200809L
| #define __XSI_VISIBLE 700
| #define IS_RELEASE 1
| #define HAVE_ATTRIBUTE_VISIBILITY_DEFAULT 1
| #define HAVE_FUNC_ATTRIBUTE_FORMAT 1
| #define HAVE_FUNC_ATTRIBUTE_MALLOC 1
| /* end confdefs.h.  */
| 
| 
|                 int main() {
|                 #ifndef _FORTIFY_SOURCE
|                     return 0;
|                 #else
|                     this_is_an_error;
|                 #endif
|                 }
| 
| 
configure:14937: result: no
configure:14963: checking for stdlib.h
configure:14963: result: yes
configure:14973: checking for GNU libc compatible malloc
configure:15007: result: yes
configure:15030: checking for stdlib.h
configure:15030: result: yes
configure:15040: checking for GNU libc compatible realloc
configure:15074: result: yes
configure:15095: checking whether lstat correctly handles trailing slash
configure:15121: gcc -o conftest -g -O2   conftest.c  >&5
configure:15121: $? = 0
configure:15121: ./conftest
configure:15121: $? = 0
configure:15138: result: yes
configure:15157: checking whether stat accepts an empty string
configure:15177: gcc -o conftest -g -O2   conftest.c  >&5
configure:15177: $? = 0
configure:15177: ./conftest
configure:15177: $? = 0
configure:15187: result: no
configure:15205: checking for working alloca.h
configure:15222: gcc -o conftest -g -O2   conftest.c  >&5
configure:15222: $? = 0
configure:15230: result: yes
configure:15238: checking for alloca
configure:15275: gcc -o conftest -g -O2   conftest.c  >&5
configure:15275: $? = 0
configure:15283: result: yes
configure:15389: checking for strtod
configure:15389: gcc -o conftest -g -O2   conftest.c  >&5
configure:15389: $? = 0
configure:15389: result: yes
configure:15396: checking for strdup
configure:15396: gcc -o conftest -g -O2   conftest.c  >&5
conftest.c:73:6: warning: conflicting types for built-in function 'strdup' [-Wbuiltin-declaration-mismatch]
 char strdup ();
      ^~~~~~
configure:15396: $? = 0
configure:15396: result: yes
configure:15405: checking for getopt_long
configure:15405: gcc -o conftest -g -O2   conftest.c  >&5
configure:15405: $? = 0
configure:15405: result: yes
configure:15419: checking for basename
configure:15419: gcc -o conftest -g -O2   conftest.c  >&5
configure:15419: $? = 0
configure:15419: result: yes
configure:15433: checking for strcasestr
configure:15433: gcc -o conftest -g -O2   conftest.c  >&5
configure:15433: $? = 0
configure:15433: result: yes
configure:15446: checking --disable-write
configure:15467: result: no (default)
configure:15474: checking --enable-trace
configure:15484: result: no (default)
configure:15491: checking for setenv
configure:15491: gcc -o conftest -g -O2   conftest.c  >&5
configure:15491: $? = 0
configure:15491: result: yes
configure:15512: checking --enable-debug
configure:15523: result: no (default)
configure:15536: checking --disable-dxf
configure:15560: result: no (default)
configure:15564: checking --disable-bindings
configure:15588: result: no (default)
configure:15592: checking for --enable-gcov
configure:15618: result: no (default)
configure:15630: checking for latest clang-format
configure:15647: result: echo
configure:15729: checking for --disable-python
configure:15742: result: check (default)
configure:15751: checking for swig
configure:15784: result: no
configure:15793: checking for swig3.0
configure:15826: result: no
configure:15833: WARNING: SWIG is required for python bindings. disabled
configure:17274: checking for perl
configure:17292: found /usr/bin/perl
configure:17304: result: /usr/bin/perl
configure:17313: checking PERL version
configure:17316: result: v5.26.1
configure:17318: /usr/bin/perl -V:cc
cc='x86_64-linux-gnu-gcc';
configure:17321: $? = 0
configure:17378: checking for picat
configure:17408: result: no
configure:17436: checking for parallel
configure:17466: result: no
configure:17504: checking for timeout
configure:17520: found /usr/bin/timeout
configure:17531: result: timeout
configure:17543: checking TIMEOUT version
configure:17546: result: 8.28
configure:17613: checking for makeinfo
configure:17640: result: ${SHELL} /home/carolhanna/Security_Project/gnu_dataset/libredwg-0.9/build-aux/missing makeinfo
configure:17654: checking MAKEINFO version
configure:17658: result: 
configure:17681: checking for doxygen
configure:17711: result: no
configure:17739: checking for jq
configure:17769: result: no
configure:17824: checking for valgrind
configure:17854: result: no
configure:18787: checking that generated files are newer than configure
configure:18793: result: done
configure:18916: creating ./config.status

## ---------------------- ##
## Running config.status. ##
## ---------------------- ##

This file was extended by LibreDWG config.status 0.9, which was
generated by GNU Autoconf 2.69.  Invocation command line was

  CONFIG_FILES    = 
  CONFIG_HEADERS  = 
  CONFIG_LINKS    = 
  CONFIG_COMMANDS = 
  $ ./config.status 

on rishon

config.status:1334: creating Makefile
config.status:1334: creating src/Makefile
config.status:1334: creating doc/Makefile
config.status:1334: creating programs/Makefile
config.status:1334: creating examples/Makefile
config.status:1334: creating bindings/Makefile
config.status:1334: creating bindings/python/Makefile
config.status:1334: creating test/Makefile
config.status:1334: creating test/xmlsuite/Makefile
config.status:1334: creating test/unit-testing/Makefile
config.status:1334: creating libredwg.pc
config.status:1334: creating bindings/perl/Makefile.PL
config.status:1334: creating programs/alive.test
config.status:1334: creating programs/json.test
config.status:1334: creating logs-all.sh
config.status:1334: creating log
config.status:1334: creating dxf
config.status:1334: creating src/config.h
config.status:1563: executing depfiles commands
config.status:1640: cd src       && sed -e '/# am--include-marker/d' Makefile         | make -f - am--depfiles
config.status:1645: $? = 0
config.status:1640: cd programs       && sed -e '/# am--include-marker/d' Makefile         | make -f - am--depfiles
config.status:1645: $? = 0
config.status:1640: cd examples       && sed -e '/# am--include-marker/d' Makefile         | make -f - am--depfiles
config.status:1645: $? = 0
config.status:1640: cd bindings/python       && sed -e '/# am--include-marker/d' Makefile         | make -f - am--depfiles
config.status:1645: $? = 0
config.status:1640: cd test/xmlsuite       && sed -e '/# am--include-marker/d' Makefile         | make -f - am--depfiles
config.status:1645: $? = 0
config.status:1640: cd test/unit-testing       && sed -e '/# am--include-marker/d' Makefile         | make -f - am--depfiles
config.status:1645: $? = 0
config.status:1563: executing libtool commands

## ---------------- ##
## Cache variables. ##
## ---------------- ##

ac_cv_attribute_visibility_default=yes
ac_cv_build=x86_64-pc-linux-gnu
ac_cv_c_compiler_gnu=yes
ac_cv_c_int32_t=yes
ac_cv_c_int64_t=yes
ac_cv_c_uint16_t=yes
ac_cv_c_uint32_t=yes
ac_cv_c_uint64_t=yes
ac_cv_env_CC_set=
ac_cv_env_CC_value=
ac_cv_env_CFLAGS_set=
ac_cv_env_CFLAGS_value=
ac_cv_env_CPPFLAGS_set=
ac_cv_env_CPPFLAGS_value=
ac_cv_env_CPP_set=
ac_cv_env_CPP_value=
ac_cv_env_LDFLAGS_set=
ac_cv_env_LDFLAGS_value=
ac_cv_env_LIBS_set=
ac_cv_env_LIBS_value=
ac_cv_env_LT_SYS_LIBRARY_PATH_set=
ac_cv_env_LT_SYS_LIBRARY_PATH_value=
ac_cv_env_PKG_CONFIG_LIBDIR_set=
ac_cv_env_PKG_CONFIG_LIBDIR_value=
ac_cv_env_PKG_CONFIG_PATH_set=
ac_cv_env_PKG_CONFIG_PATH_value=
ac_cv_env_PKG_CONFIG_set=
ac_cv_env_PKG_CONFIG_value=
ac_cv_env_PYTHON_VERSION_set=
ac_cv_env_PYTHON_VERSION_value=
ac_cv_env_PYTHON_set=
ac_cv_env_PYTHON_value=
ac_cv_env_build_alias_set=
ac_cv_env_build_alias_value=
ac_cv_env_host_alias_set=
ac_cv_env_host_alias_value=
ac_cv_env_target_alias_set=
ac_cv_env_target_alias_value=
ac_cv_func_alloca_works=yes
ac_cv_func_basename=yes
ac_cv_func_getopt_long=yes
ac_cv_func_lstat_dereferences_slashed_symlink=yes
ac_cv_func_malloc_0_nonnull=yes
ac_cv_func_realloc_0_nonnull=yes
ac_cv_func_setenv=yes
ac_cv_func_stat_empty_string_bug=no
ac_cv_func_strcasestr=yes
ac_cv_func_strdup=yes
ac_cv_func_strtod=yes
ac_cv_header_alloca_h=yes
ac_cv_header_ctype_h=yes
ac_cv_header_dlfcn_h=yes
ac_cv_header_getopt_h=yes
ac_cv_header_inttypes_h=yes
ac_cv_header_libgen_h=yes
ac_cv_header_malloc_h=yes
ac_cv_header_memory_h=yes
ac_cv_header_stdc=yes
ac_cv_header_stddef_h=yes
ac_cv_header_stdint_h=yes
ac_cv_header_stdlib_h=yes
ac_cv_header_string_h=yes
ac_cv_header_strings_h=yes
ac_cv_header_sys_stat_h=yes
ac_cv_header_sys_types_h=yes
ac_cv_header_unistd_h=yes
ac_cv_header_valgrind_valgrind_h=no
ac_cv_header_wchar_h=yes
ac_cv_host=x86_64-pc-linux-gnu
ac_cv_lib_pcre2_16_pcre2_config_16=no
ac_cv_lib_pcre2_8_pcre2_config_8=no
ac_cv_lib_ps_PS_open_file=no
ac_cv_objext=o
ac_cv_path_EGREP='/bin/grep -E'
ac_cv_path_FGREP='/bin/grep -F'
ac_cv_path_GREP=/bin/grep
ac_cv_path_PERL=/usr/bin/perl
ac_cv_path_SED=/bin/sed
ac_cv_path_ac_pt_PKG_CONFIG=/usr/bin/pkg-config
ac_cv_path_install='/usr/bin/install -c'
ac_cv_path_lt_DD=/bin/dd
ac_cv_path_mkdir=/bin/mkdir
ac_cv_perl=perl
ac_cv_prog_AWK=gawk
ac_cv_prog_CPP='gcc -E'
ac_cv_prog_MAKEINFO='${SHELL} /home/carolhanna/Security_Project/gnu_dataset/libredwg-0.9/build-aux/missing makeinfo'
ac_cv_prog_TIMEOUT=timeout
ac_cv_prog_ac_ct_AR=ar
ac_cv_prog_ac_ct_CC=gcc
ac_cv_prog_ac_ct_MANIFEST_TOOL=mt
ac_cv_prog_ac_ct_OBJDUMP=objdump
ac_cv_prog_ac_ct_RANLIB=ranlib
ac_cv_prog_ac_ct_STRIP=strip
ac_cv_prog_cc_c89=
ac_cv_prog_cc_c99=
ac_cv_prog_cc_g=yes
ac_cv_prog_make_make_set=yes
ac_cv_sizeof_size_t=8
ac_cv_sizeof_wchar_t=4
ac_cv_type_size_t=yes
ac_cv_working_alloca_h=yes
am_cv_CC_dependencies_compiler_type=gcc3
am_cv_make_support_nested_variables=yes
am_cv_prog_cc_c_o=yes
ax_cv_check_cflags__Wall=yes
ax_cv_check_cflags__Warray_bounds=yes
ax_cv_check_cflags__Wchar_subscripts=yes
ax_cv_check_cflags__Wdeclaration_after_statement=yes
ax_cv_check_cflags__Wdouble_promotion=yes
ax_cv_check_cflags__Wduplicated_branches=yes
ax_cv_check_cflags__Wduplicated_cond=yes
ax_cv_check_cflags__Wextra=yes
ax_cv_check_cflags__Wformat_2=yes
ax_cv_check_cflags__Wformat_nonliteral=yes
ax_cv_check_cflags__Wformat_security=yes
ax_cv_check_cflags__Wimplicit_function_declaration=yes
ax_cv_check_cflags__Winit_self=yes
ax_cv_check_cflags__Winline=yes
ax_cv_check_cflags__Wjump_misses_init=yes
ax_cv_check_cflags__Wlogical_op=yes
ax_cv_check_cflags__Wmissing_declarations=yes
ax_cv_check_cflags__Wmissing_format_attribute=yes
ax_cv_check_cflags__Wmissing_include_dirs=yes
ax_cv_check_cflags__Wmissing_noreturn=yes
ax_cv_check_cflags__Wmissing_prototypes=yes
ax_cv_check_cflags__Wnested_externs=yes
ax_cv_check_cflags__Wno_cast_align=yes
ax_cv_check_cflags__Wno_error_cast_align=yes
ax_cv_check_cflags__Wno_error_missing_field_initializers=yes
ax_cv_check_cflags__Wno_error_unused_but_set_variable=yes
ax_cv_check_cflags__Wno_error_unused_parameter=yes
ax_cv_check_cflags__Wno_error_unused_variable=yes
ax_cv_check_cflags__Wno_missing_field_initializers=yes
ax_cv_check_cflags__Wno_unused_but_set_variable=yes
ax_cv_check_cflags__Wno_unused_parameter=yes
ax_cv_check_cflags__Wno_unused_variable=yes
ax_cv_check_cflags__Wnull_dereference=yes
ax_cv_check_cflags__Wold_style_definition=no
ax_cv_check_cflags__Wpacked=yes
ax_cv_check_cflags__Wpointer_arith=yes
ax_cv_check_cflags__Wredundant_decls=yes
ax_cv_check_cflags__Wrestrict=yes
ax_cv_check_cflags__Wreturn_type=yes
ax_cv_check_cflags__Wshadow=yes
ax_cv_check_cflags__Wsign_compare=yes
ax_cv_check_cflags__Wstrict_aliasing=yes
ax_cv_check_cflags__Wstrict_prototypes=no
ax_cv_check_cflags__Wswitch_default=yes
ax_cv_check_cflags__Wswitch_enum=yes
ax_cv_check_cflags__Wundef=yes
ax_cv_check_cflags__Wwrite_strings=yes
ax_cv_check_cflags___Werror_unknown_warning_option=no
ax_cv_check_cflags___Wsuggest_attribute_format=yes
ax_cv_check_cflags__fno_strict_aliasing=yes
ax_cv_check_cflags__fvisibility_hidden=yes
ax_cv_check_cflags__mindirect_branch_thunk_extern__mfunction_return_thunk_extern__mindirect_branch_register__DRETPOLINE=yes
ax_cv_check_cflags__mretpoline__DRETPOLINE=no
ax_cv_check_ldflags__Wl___no_as_needed=yes
ax_cv_check_ldflags___Wl___fatal_warnings=yes
ax_cv_check_ldflags___Wl___no_as_needed=yes
ax_cv_check_ldflags___Wl__fatal_warnings=no
ax_cv_have_func_attribute_format=yes
ax_cv_have_func_attribute_malloc=yes
ax_cv_include_strcasecmp_found='<strings.h>'
lt_cv_ar_at_file=@
lt_cv_archive_cmds_need_lc=no
lt_cv_deplibs_check_method=pass_all
lt_cv_file_magic_cmd='$MAGIC_CMD'
lt_cv_file_magic_test_file=
lt_cv_ld_reload_flag=-r
lt_cv_nm_interface='BSD nm'
lt_cv_objdir=.libs
lt_cv_path_LD=/usr/bin/ld
lt_cv_path_NM='/usr/bin/nm -B'
lt_cv_path_mainfest_tool=no
lt_cv_prog_compiler_c_o=yes
lt_cv_prog_compiler_pic='-fPIC -DPIC'
lt_cv_prog_compiler_pic_works=yes
lt_cv_prog_compiler_rtti_exceptions=no
lt_cv_prog_compiler_static_works=yes
lt_cv_prog_gnu_ld=yes
lt_cv_sharedlib_from_linklib_cmd='printf %s\n'
lt_cv_shlibpath_overrides_runpath=yes
lt_cv_sys_global_symbol_pipe='sed -n -e '\''s/^.*[	 ]\([ABCDGIRSTW][ABCDGIRSTW]*\)[	 ][	 ]*\([_A-Za-z][_A-Za-z0-9]*\)$/\1 \2 \2/p'\'' | sed '\''/ __gnu_lto/d'\'''
lt_cv_sys_global_symbol_to_c_name_address='sed -n -e '\''s/^: \(.*\) .*$/  {"\1", (void *) 0},/p'\'' -e '\''s/^[ABCDGIRSTW][ABCDGIRSTW]* .* \(.*\)$/  {"\1", (void *) \&\1},/p'\'''
lt_cv_sys_global_symbol_to_c_name_address_lib_prefix='sed -n -e '\''s/^: \(.*\) .*$/  {"\1", (void *) 0},/p'\'' -e '\''s/^[ABCDGIRSTW][ABCDGIRSTW]* .* \(lib.*\)$/  {"\1", (void *) \&\1},/p'\'' -e '\''s/^[ABCDGIRSTW][ABCDGIRSTW]* .* \(.*\)$/  {"lib\1", (void *) \&\1},/p'\'''
lt_cv_sys_global_symbol_to_cdecl='sed -n -e '\''s/^T .* \(.*\)$/extern int \1();/p'\'' -e '\''s/^[ABCDGIRSTW][ABCDGIRSTW]* .* \(.*\)$/extern char \1;/p'\'''
lt_cv_sys_global_symbol_to_import=
lt_cv_sys_max_cmd_len=1572864
lt_cv_to_host_file_cmd=func_convert_file_noop
lt_cv_to_tool_file_cmd=func_convert_file_noop
lt_cv_truncate_bin='/bin/dd bs=4096 count=1'

## ----------------- ##
## Output variables. ##
## ----------------- ##














		LOG_COMPILER="$(VALGRIND_LOG_COMPILER)" \
		LOG_COMPILER="$(VALGRIND_LOG_COMPILER)" \
		LOG_COMPILER="$(VALGRIND_LOG_COMPILER)" \
		LOG_COMPILER="$(VALGRIND_LOG_COMPILER)" \
		LOG_FLAGS="$(valgrind_drd_flags)" \
		LOG_FLAGS="$(valgrind_helgrind_flags)" \
		LOG_FLAGS="$(valgrind_memcheck_flags)" \
		LOG_FLAGS="$(valgrind_sgcheck_flags)" \
		TESTS_ENVIRONMENT="$(VALGRIND_TESTS_ENVIRONMENT)" \
		TESTS_ENVIRONMENT="$(VALGRIND_TESTS_ENVIRONMENT)" \
		TESTS_ENVIRONMENT="$(VALGRIND_TESTS_ENVIRONMENT)" \
		TESTS_ENVIRONMENT="$(VALGRIND_TESTS_ENVIRONMENT)" \
		TEST_SUITE_LOG=test-suite-drd.log
		TEST_SUITE_LOG=test-suite-helgrind.log
		TEST_SUITE_LOG=test-suite-memcheck.log
		TEST_SUITE_LOG=test-suite-sgcheck.log
	$(AM_V_at)$(MAKE) $(AM_MAKEFLAGS) -k \
	$(TESTS_ENVIRONMENT) \
	$(VALGRIND) $(VALGRIND_SUPPRESSIONS) --error-exitcode=1 $(VALGRIND_FLAGS)
	$(valgrind_lt) \
	$(valgrind_v_use)$(MAKE) check-TESTS \
	$(valgrind_v_use)$(MAKE) check-TESTS \
	$(valgrind_v_use)$(MAKE) check-TESTS \
	$(valgrind_v_use)$(MAKE) check-TESTS \
	G_DEBUG=fatal-warnings,fatal-criticals,gc-friendly
	G_SLICE=always-malloc,debug-blocks \
	env VALGRIND=$(VALGRIND) \
            
#
#    (Default: --num-callers=30)
#    memcheck, helgrind, drd, sgcheck). (Default: various)
#  - VALGRIND_$toolname_FLAGS: Flags to pass to Valgrind $toolname (one of:
#  - VALGRIND_FLAGS: General flags to pass to all Valgrind tools.
#  - VALGRIND_SUPPRESSIONS_FILE: Valgrind suppressions file to load. (Default: empty)
# Internal use
# Optional variables
# Optional:
# Use recursive makes in order to ignore errors during check
# Valgrind check
# Valgrind running
#VALGRIND_SUPPRESSIONS   ?= --suppressions=$(VALGRIND_SUPPRESSIONS_FILE)
'
.PHONY: check-vg check-valgrind 
ACLOCAL='${SHELL} /home/carolhanna/Security_Project/gnu_dataset/libredwg-0.9/build-aux/missing aclocal-1.16'
ALLOCA=''
AMDEPBACKSLASH='\'
AMDEP_FALSE='#'
AMDEP_TRUE=''
AMTAR='$${TAR-tar}'
AM_BACKSLASH='\'
AM_DEFAULT_V='$(AM_DEFAULT_VERBOSITY)'
AM_DEFAULT_VERBOSITY='0'
AM_DISTCHECK_CONFIGURE_FLAGS += --disable-valgrind
AM_DISTCHECK_CONFIGURE_FLAGS ?=
AM_LDFLAGS='-Wl,--no-as-needed'
AM_V='$(V)'
AR='ar'
AUTOCONF='${SHELL} /home/carolhanna/Security_Project/gnu_dataset/libredwg-0.9/build-aux/missing autoconf'
AUTOHEADER='${SHELL} /home/carolhanna/Security_Project/gnu_dataset/libredwg-0.9/build-aux/missing autoheader'
AUTOMAKE='${SHELL} /home/carolhanna/Security_Project/gnu_dataset/libredwg-0.9/build-aux/missing automake-1.16'
AWK='gawk'
AX_SWIG_PYTHON_CPPFLAGS=''
AX_SWIG_PYTHON_OPT=''
CC='gcc'
CCDEPMODE='depmode=gcc3'
CFLAGS='-g -O2'
CLANG_FORMAT='echo'
CPP='gcc -E'
CPPFLAGS=''
CYGPATH_W='echo'
DEFS='-DHAVE_CONFIG_H'
DEPDIR='.deps'
DISABLE_BINDINGS_FALSE=''
DISABLE_BINDINGS_TRUE='#'
DISABLE_DXF_FALSE=''
DISABLE_DXF_TRUE='#'
DLLTOOL='false'
DOXYGEN=''
DSYMUTIL='echo'
DUMPBIN=''
ECHO_C=''
ECHO_N='-n'
ECHO_T=''
EGREP='/bin/grep -E'
ENABLE_DEBUG_FALSE=''
ENABLE_DEBUG_TRUE='#'
ENABLE_GCOV_FALSE=''
ENABLE_GCOV_TRUE='#'
ENABLE_SHARED_FALSE='#'
ENABLE_SHARED_TRUE=''
ENABLE_VALGRIND_drd='no'
ENABLE_VALGRIND_helgrind='no'
ENABLE_VALGRIND_memcheck='no'
ENABLE_VALGRIND_sgcheck='no'
EXEEXT=''
FGREP='/bin/grep -F'
GCOV=''
GCOV_CFLAGS=''
GCOV_LIBS=''
GREP='/bin/grep'
HAVE_C99=''
HAVE_DOXYGEN_FALSE=''
HAVE_DOXYGEN_TRUE='#'
HAVE_INSRCDIR_FALSE='#'
HAVE_INSRCDIR_TRUE=''
HAVE_JQ_FALSE=''
HAVE_JQ_TRUE='#'
HAVE_LIBPS_FALSE=''
HAVE_LIBPS_TRUE='#'
HAVE_MAKEINFO_FALSE='#'
HAVE_MAKEINFO_TRUE=''
HAVE_MINGW_CROSS_FALSE=''
HAVE_MINGW_CROSS_TRUE='#'
HAVE_MINGW_FALSE=''
HAVE_MINGW_TRUE='#'
HAVE_PARALLEL_FALSE=''
HAVE_PARALLEL_TRUE='#'
HAVE_PATCH_FALSE=''
HAVE_PATCH_TRUE='#'
HAVE_PERL_FALSE='#'
HAVE_PERL_TRUE=''
HAVE_PICAT_FALSE=''
HAVE_PICAT_TRUE='#'
HAVE_PYTHON_FALSE='#'
HAVE_PYTHON_TRUE=''
HAVE_SWIG_PERL_FALSE=''
HAVE_SWIG_PERL_TRUE='#'
HAVE_SWIG_PYTHON_FALSE=''
HAVE_SWIG_PYTHON_TRUE='#'
HAVE_TIMEOUT_FALSE='#'
HAVE_TIMEOUT_TRUE=''
HAVE_WINE_FALSE=''
HAVE_WINE_TRUE='#'
INSTALL_DATA='${INSTALL} -m 644'
INSTALL_PROGRAM='${INSTALL}'
INSTALL_SCRIPT='${INSTALL}'
INSTALL_STRIP_PROGRAM='$(install_sh) -c -s'
ISODATE='2020-08-30'
IS_RELEASE_FALSE='#'
IS_RELEASE_TRUE=''
JQ=''
JSON_SED_NAN='true'
LD='/usr/bin/ld -m elf_x86_64'
LDFLAGS=''
LIBOBJS=''
LIBREDWG_SO_VERSION='0:9:0'
LIBS=''
LIBTOOL='$(SHELL) $(top_builddir)/libtool'
LIPO=''
LN_S='ln -s'
LTEXEC='${top_builddir}/libtool --mode=execute'
LTLIBOBJS=''
LT_SYS_LIBRARY_PATH=''
MAKEINFO='${SHELL} /home/carolhanna/Security_Project/gnu_dataset/libredwg-0.9/build-aux/missing makeinfo'
MANIFEST_TOOL=':'
MKDIR_P='/bin/mkdir -p'
MOSTLYCLEANFILES += $(valgrind_log_files)
MOSTLYCLEANFILES ?=
NM='/usr/bin/nm -B'
NMEDIT=''
OBJDUMP='objdump'
OBJEXT='o'
OTOOL64=''
OTOOL=''
PACKAGE='libredwg'
PACKAGE_BUGREPORT='libredwg@gnu.org'
PACKAGE_NAME='LibreDWG'
PACKAGE_STRING='LibreDWG 0.9'
PACKAGE_TARNAME='libredwg'
PACKAGE_URL='https://savannah.gnu.org/projects/libredwg/'
PACKAGE_VERSION='0.9'
PARALLEL=''
PATCH=''
PATH_SEPARATOR=':'
PCRE2_CFLAGS=''
PCRE2_LIBS=''
PERL='/usr/bin/perl'
PICAT=''
PKG_CONFIG='/usr/bin/pkg-config'
PKG_CONFIG_LIBDIR=''
PKG_CONFIG_PATH=''
PYTHON=''
PYTHON_CPPFLAGS=''
PYTHON_EXEC_PREFIX=''
PYTHON_EXTRA_LDFLAGS=''
PYTHON_EXTRA_LIBS=''
PYTHON_LIBS=''
PYTHON_PLATFORM=''
PYTHON_PREFIX=''
PYTHON_SITE_PKG=''
PYTHON_VERSION=''
RANLIB='ranlib'
SED='/bin/sed'
SET_MAKE=''
SHELL='/bin/bash'
STRIP='strip'
SWIG=''
SWIG_LIB=''
TARBALL_VERSION_FILE='.tarball-version'
TIMEOUT='timeout'
TIMEOUT_10='timeout 10'
USE_WRITE_FALSE='#'
USE_WRITE_TRUE=''
VALGRIND=''
VALGRIND_CHECK_RULES='
VALGRIND_ENABLED='no'
VALGRIND_ENABLED_FALSE=''
VALGRIND_ENABLED_TRUE='#'
VALGRIND_FLAGS          ?= --num-callers=30
VALGRIND_LOG_COMPILER = \
VALGRIND_SUPPRESSIONS=''
VALGRIND_SUPPRESSIONS_FILE=''
VALGRIND_TESTS_ENVIRONMENT = \
VALGRIND_drd_FLAGS      ?=
VALGRIND_helgrind_FLAGS ?= --history-level=approx
VALGRIND_memcheck_FLAGS ?= --leak-check=full --show-reachable=no
VALGRIND_sgcheck_FLAGS  ?=
VERSION='0.9'
WARN_CFLAGS='-fno-strict-aliasing -fvisibility=hidden -Wall -Wextra -Wundef -Wwrite-strings -Wpointer-arith -Wmissing-declarations -Wredundant-decls -Wno-unused-variable -Wno-unused-parameter -Wno-unused-but-set-variable -Wno-missing-field-initializers -Wno-cast-align -Wformat=2 -Wformat-nonliteral -Wformat-security -Wsign-compare -Wstrict-aliasing -Wshadow -Winline -Wpacked -Wmissing-format-attribute -Wmissing-noreturn -Winit-self -Wmissing-include-dirs -Warray-bounds -Wreturn-type -Wswitch-enum -Wswitch-default -Wduplicated-cond -Wduplicated-branches -Wlogical-op -Wrestrict -Wnull-dereference -Wdouble-promotion -Wchar-subscripts -Wnested-externs -Wmissing-prototypes -Wdeclaration-after-statement -Wimplicit-function-declaration -Wjump-misses-init -Wno-error=unused-variable -Wno-error=unused-parameter -Wno-error=unused-but-set-variable -Wno-error=missing-field-initializers -Wno-error=cast-align'
WARN_SCANNERFLAGS='              --warn-all                                                             '
WINE=''
XML2_CFLAGS=''
XML2_LIBS=''
ac_ct_AR='ar'
ac_ct_CC='gcc'
ac_ct_DUMPBIN=''
am__EXEEXT_FALSE=''
am__EXEEXT_TRUE='#'
am__fastdepCC_FALSE='#'
am__fastdepCC_TRUE=''
am__include='include'
am__isrc=''
am__leading_dot='.'
am__nodep='_no'
am__quote=''
am__tar='$${TAR-tar} chof - "$$tardir"'
am__untar='$${TAR-tar} xf -'
bindir='${exec_prefix}/bin'
build='x86_64-pc-linux-gnu'
build_alias=''
build_cpu='x86_64'
build_os='linux-gnu'
build_vendor='pc'
check-valgrind-am:
check-valgrind-drd-am:
check-valgrind-helgrind-am:
check-valgrind-memcheck-am:
check-valgrind-sgcheck-am:
check-vg-am: check-valgrind-am
datadir='${datarootdir}'
datarootdir='${prefix}/share'
docdir='${datarootdir}/doc/${PACKAGE_TARNAME}'
dvidir='${docdir}'
exec_prefix='${prefix}'
host='x86_64-pc-linux-gnu'
host_alias=''
host_cpu='x86_64'
host_os='linux-gnu'
host_vendor='pc'
htmldir='${docdir}'
includedir='${prefix}/include'
infodir='${datarootdir}/info'
install_sh='${SHELL} /home/carolhanna/Security_Project/gnu_dataset/libredwg-0.9/build-aux/install-sh'
libdir='${exec_prefix}/lib'
libexecdir='${exec_prefix}/libexec'
localedir='${datarootdir}/locale'
localstatedir='${prefix}/var'
makeinfo_version=''
mandir='${datarootdir}/man'
mkdir_p='$(MKDIR_P)'
oldincludedir='/usr/include'
pdfdir='${docdir}'
pkgpyexecdir=''
pkgpythondir=''
prefix='/usr/local'
program_transform_name='s,x,x,'
psdir='${docdir}'
pyexecdir=''
pythondir=''
runstatedir='${localstatedir}/run'
sbindir='${exec_prefix}/sbin'
sharedstatedir='${prefix}/com'
sysconfdir='${prefix}/etc'
target_alias=''
valgrind_drd_flags      = --tool=drd $(VALGRIND_drd_FLAGS)
valgrind_enabled_tools=''
valgrind_helgrind_flags = --tool=helgrind $(VALGRIND_helgrind_FLAGS)
valgrind_log_files = test-suite-memcheck.log test-suite-helgrind.log test-suite-drd.log test-suite-sgcheck.log
valgrind_lt = $(LIBTOOL) $(AM_LIBTOOLFLAGS) $(LIBTOOLFLAGS) --mode=execute
valgrind_memcheck_flags = --tool=memcheck $(VALGRIND_memcheck_FLAGS)
valgrind_quiet   = $(valgrind_quiet_$(V))
valgrind_quiet_  = $(valgrind_quiet_$(AM_DEFAULT_VERBOSITY))
valgrind_quiet_0 = --quiet
valgrind_sgcheck_flags  = --tool=exp-sgcheck $(VALGRIND_sgcheck_FLAGS)
valgrind_tools='memcheck helgrind drd sgcheck'
valgrind_v_use   = $(valgrind_v_use_$(V))
valgrind_v_use_  = $(valgrind_v_use_$(AM_DEFAULT_VERBOSITY))
valgrind_v_use_0 = @echo "  USE   " $(patsubst check-valgrind-%-am,%,$@):;

## ----------- ##
## confdefs.h. ##
## ----------- ##

/* confdefs.h */
#define PACKAGE_NAME "LibreDWG"
#define PACKAGE_TARNAME "libredwg"
#define PACKAGE_VERSION "0.9"
#define PACKAGE_STRING "LibreDWG 0.9"
#define PACKAGE_BUGREPORT "libredwg@gnu.org"
#define PACKAGE_URL "https://savannah.gnu.org/projects/libredwg/"
#define STDC_HEADERS 1
#define HAVE_SYS_TYPES_H 1
#define HAVE_SYS_STAT_H 1
#define HAVE_STDLIB_H 1
#define HAVE_STRING_H 1
#define HAVE_MEMORY_H 1
#define HAVE_STRINGS_H 1
#define HAVE_INTTYPES_H 1
#define HAVE_STDINT_H 1
#define HAVE_UNISTD_H 1
#define HAVE_DLFCN_H 1
#define LT_OBJDIR ".libs/"
#define ENABLE_SHARED 1
#define STDC_HEADERS 1
#define HAVE_STDLIB_H 1
#define HAVE_STRING_H 1
#define HAVE_STDDEF_H 1
#define HAVE_UNISTD_H 1
#define HAVE_MALLOC_H 1
#define HAVE_WCHAR_H 1
#define HAVE_CTYPE_H 1
#define HAVE_LIBGEN_H 1
#define HAVE_GETOPT_H 1
#define HAVE_ALLOCA_H 1
#define AX_STRCASECMP_HEADER <strings.h>
#define SIZEOF_SIZE_T 8
#define SIZEOF_WCHAR_T 4
#define _POSIX_C_SOURCE 200809L
#define __XSI_VISIBLE 700
#define IS_RELEASE 1
#define HAVE_ATTRIBUTE_VISIBILITY_DEFAULT 1
#define HAVE_FUNC_ATTRIBUTE_FORMAT 1
#define HAVE_FUNC_ATTRIBUTE_MALLOC 1
#define HAVE_C99 1
#define HAVE_STDLIB_H 1
#define HAVE_MALLOC 1
#define HAVE_STDLIB_H 1
#define HAVE_REALLOC 1
#define LSTAT_FOLLOWS_SLASHED_SYMLINK 1
#define HAVE_ALLOCA_H 1
#define HAVE_ALLOCA 1
#define HAVE_GETOPT_LONG 1
#define HAVE_BASENAME 1
#define HAVE_STRCASESTR 1
#define USE_WRITE 1
#define HAVE_SETENV 1

configure: exit 0
