This file contains any messages produced by compilers while
running configure, to aid debugging if configure makes a mistake.

configure:526: checking for gcc
configure:603: checking whether the C compiler (gcc  ) works
configure:617: gcc -o conftest    conftest.c  1>&5
configure:614:1: warning: return type defaults to 'int' [-Wimplicit-int]
 main(){return(0);}
 ^~~~
configure:637: checking whether the C compiler (gcc  ) is a cross-compiler
configure:642: checking whether we are using GNU C
configure:666: checking whether gcc accepts -g
configure:694: checking how to run the C preprocessor
configure:757: checking for ranlib
configure:787: checking for poll
configure:841: checking for socket
configure:943: checking for inet_ntoa
configure:1047: checking for tsearch
configure:1102: checking for INADDR_LOOPBACK
configure:1182: checking for inet_aton
configure:1282: checking __attribute__((,,))
configure:1317: checking __attribute__((noreturn))
configure:1357: checking __attribute__((const))
configure:1397: checking __attribute__((format...))
