Results of Simulation 1

Time	Q	dQ
0	0	1
0.2	0.198014	0.980199
0.4	0.392109	0.960789
0.6	0.582359	0.941764
0.8	0.768841	0.923116
1	0.95163	0.904837
1.2	1.1308	0.88692
1.4	1.30642	0.869358
1.6	1.47857	0.852143
1.8	1.6473	0.83527
2	1.8127	0.81873
2.2	1.97482	0.802518
2.4	2.13372	0.786628
2.6	2.28949	0.771051
2.8	2.44217	0.755783
3	2.59182	0.740818
3.2	2.73851	0.726149
3.4	2.8823	0.71177
3.6	3.02324	0.697676
3.8	3.16139	0.683861
4	3.2968	0.67032
4.2	3.42953	0.657047
4.4	3.55964	0.644036
4.6	3.68717	0.631283
4.8	3.81217	0.618783
5	3.9347	0.60653
5.2	4.0548	0.59452
5.4	4.17252	0.582748
5.6	4.28791	0.571209
5.8	4.40102	0.559898
6	4.51189	0.548811
6.2	4.62056	0.537944
6.4	4.72708	0.527292
6.6	4.83149	0.516851
6.8	4.93383	0.506617
7	5.03415	0.496585
7.2	5.13248	0.486752
7.4	5.22886	0.477114
7.6	5.32334	0.467666
7.8	5.41594	0.458406
8	5.50671	0.449329
8.2	5.59568	0.440432
8.4	5.6829	0.43171
8.6	5.76838	0.423162
8.8	5.85217	0.414783
9	5.9343	0.40657
9.2	6.01481	0.398519
9.4	6.09372	0.390628
9.6	6.17107	0.382893
9.8	6.24689	0.375311
10	6.32121	0.367879
10.2	6.39405	0.360595
10.4	6.46545	0.353455
10.6	6.53544	0.346456
10.8	6.60405	0.339595
11	6.67129	0.332871
11.2	6.7372	0.32628
11.4	6.80181	0.319819
11.6	6.86514	0.313486
11.8	6.92721	0.307279
12	6.98806	0.301194
12.2	7.0477	0.29523
12.4	7.10616	0.289384
12.6	7.16346	0.283654
12.8	7.21963	0.278037
13	7.27468	0.272532
13.2	7.32865	0.267135
13.4	7.38154	0.261846
13.6	7.43339	0.256661
13.8	7.48422	0.251578
14	7.53403	0.246597
14.2	7.58286	0.241714
14.4	7.63072	0.236928
14.6	7.67764	0.232236
14.8	7.72362	0.227638
15	7.7687	0.22313
15.2	7.81288	0.218712
15.4	7.85619	0.214381
15.6	7.89864	0.210136
15.8	7.94025	0.205975
16	7.98104	0.201896
16.2	8.02101	0.197899
16.4	8.0602	0.19398
16.6	8.09861	0.190139
16.8	8.13626	0.186374
17	8.17317	0.182683
17.2	8.20934	0.179066
17.4	8.2448	0.17552
17.6	8.27955	0.172045
17.8	8.31362	0.168638
18	8.34701	0.165299
18.2	8.37974	0.162026
18.4	8.41183	0.158817
18.6	8.44327	0.155673
18.8	8.4741	0.15259
19	8.50431	0.149569
19.2	8.53393	0.146607
19.4	8.56296	0.143704
19.6	8.59142	0.140858
19.8	8.61931	0.138069
20	8.64665	0.135335
20.2	8.67345	0.132655
20.4	8.69971	0.130029
20.6	8.72546	0.127454
20.8	8.7507	0.12493
21	8.77544	0.122456
21.2	8.79968	0.120032
21.4	8.82345	0.117655
21.6	8.84675	0.115325
21.8	8.86959	0.113041
22	8.89197	0.110803
22.2	8.91391	0.108609
22.4	8.93542	0.106458
22.6	8.9565	0.10435
22.8	8.97716	0.102284
23	8.99741	0.100259
23.2	9.01726	0.0982736
23.4	9.03672	0.0963276
23.6	9.0558	0.0944202
23.8	9.07449	0.0925506
24	9.09282	0.0907179
24.2	9.11078	0.0889216
24.4	9.12839	0.0871608
24.6	9.14565	0.0854349
24.8	9.16257	0.0837432
25	9.17915	0.082085
25.2	9.1954	0.0804596
25.4	9.21134	0.0788664
25.6	9.22695	0.0773047
25.8	9.24226	0.075774
26	9.25726	0.0742736
26.2	9.27197	0.0728028
26.4	9.28639	0.0713612
26.6	9.30052	0.0699482
26.8	9.31437	0.0685631
27	9.32795	0.0672055
27.2	9.34125	0.0658747
27.4	9.3543	0.0645703
27.6	9.36708	0.0632917
27.8	9.37962	0.0620385
28	9.3919	0.06081
28.2	9.40394	0.0596059
28.4	9.41574	0.0584256
28.6	9.42731	0.0572687
28.8	9.43865	0.0561347
29	9.44977	0.0550232
29.2	9.46066	0.0539337
29.4	9.47134	0.0528657
29.6	9.48181	0.0518189
29.8	9.49207	0.0507928
30	9.50213	0.0497871
30.2	9.51199	0.0488012
30.4	9.52165	0.0478349
30.6	9.53112	0.0468877
30.8	9.54041	0.0459592
31	9.54951	0.0450492
31.2	9.55843	0.0441572
31.4	9.56717	0.0432828
31.6	9.57574	0.0424257
31.8	9.58414	0.0415856
32	9.59238	0.0407622
32.2	9.60045	0.039955
32.4	9.60836	0.0391639
32.6	9.61612	0.0383884
32.8	9.62372	0.0376282
33	9.63117	0.0368832
33.2	9.63847	0.0361528
33.4	9.64563	0.0354369
33.6	9.65265	0.0347352
33.8	9.65953	0.0340474
34	9.66627	0.0333733
34.2	9.67288	0.0327124
34.4	9.67935	0.0320647
34.6	9.6857	0.0314298
34.8	9.69193	0.0308074
35	9.69803	0.0301974
35.2	9.70401	0.0295994
35.4	9.70987	0.0290133
35.6	9.71561	0.0284388
35.8	9.72124	0.0278757
36	9.72676	0.0273237
36.2	9.73217	0.0267827
36.4	9.73748	0.0262523
36.6	9.74267	0.0257325
36.8	9.74777	0.025223
37	9.75276	0.0247235
37.2	9.75766	0.024234
37.4	9.76246	0.0237541
37.6	9.76716	0.0232837
37.8	9.77177	0.0228227
38	9.77629	0.0223708
38.2	9.78072	0.0219278
38.4	9.78506	0.0214936
38.6	9.78932	0.021068
38.8	9.79349	0.0206508
39	9.79758	0.0202419
39.2	9.80159	0.0198411
39.4	9.80552	0.0194482
39.6	9.80937	0.0190631
39.8	9.81314	0.0186856
40	9.81684	0.0183156
40.2	9.82047	0.017953
40.4	9.82403	0.0175975
40.6	9.82751	0.017249
40.8	9.83093	0.0169075
41	9.83427	0.0165727
41.2	9.83755	0.0162445
41.4	9.84077	0.0159228
41.6	9.84392	0.0156076
41.8	9.84701	0.0152985
42	9.85004	0.0149956
42.2	9.85301	0.0146986
42.4	9.85592	0.0144076
42.6	9.85878	0.0141223
42.8	9.86157	0.0138427
43	9.86431	0.0135686
43.2	9.867	0.0132999
43.4	9.86963	0.0130365
43.6	9.87222	0.0127784
43.8	9.87475	0.0125254
44	9.87723	0.0122773
44.2	9.87966	0.0120342
44.4	9.88204	0.0117959
44.6	9.88438	0.0115624
44.8	9.88667	0.0113334
45	9.88891	0.011109
45.2	9.89111	0.010889
45.4	9.89327	0.0106734
45.6	9.89538	0.0104621
45.8	9.89745	0.0102549
46	9.89948	0.0100518
46.2	9.90147	0.00985279
46.4	9.90342	0.00965769
46.6	9.90534	0.00946646
46.8	9.90721	0.00927901
47	9.90905	0.00909527
47.2	9.91085	0.00891518
47.4	9.91261	0.00873864
47.6	9.91434	0.00856561
47.8	9.91604	0.008396
48	9.9177	0.00822974
48.2	9.91933	0.00806678
48.4	9.92093	0.00790705
48.6	9.9225	0.00775048
48.8	9.92403	0.00759701
49	9.92553	0.00744658
49.2	9.92701	0.00729913
49.4	9.92845	0.0071546
49.6	9.92987	0.00701293
49.8	9.93126	0.00687406
50	9.93262	0.00673795
50.2	9.93395	0.00660452
50.4	9.93526	0.00647375
50.6	9.93654	0.00634556
50.8	9.9378	0.00621991
51	9.93903	0.00609674
51.2	9.94024	0.00597602
51.4	9.94142	0.00585769
51.6	9.94258	0.0057417
51.8	9.94372	0.005628
52	9.94483	0.00551656
52.2	9.94593	0.00540733
52.4	9.947	0.00530026
52.6	9.94805	0.0051953
52.8	9.94908	0.00509243
53	9.95008	0.00499159
53.2	9.95107	0.00489275
53.4	9.95204	0.00479587
53.6	9.95299	0.0047009
53.8	9.95392	0.00460782
54	9.95483	0.00451658
54.2	9.95573	0.00442715
54.4	9.95661	0.00433948
54.6	9.95746	0.00425355
54.8	9.95831	0.00416933
55	9.95913	0.00408677
55.2	9.95994	0.00400585
55.4	9.96073	0.00392653
55.6	9.96151	0.00384878
55.8	9.96227	0.00377256
56	9.96302	0.00369786
56.2	9.96375	0.00362464
56.4	9.96447	0.00355287
56.6	9.96517	0.00348252
56.8	9.96586	0.00341356
57	9.96654	0.00334596
57.2	9.9672	0.00327971
57.4	9.96785	0.00321477
57.6	9.96849	0.00315111
57.8	9.96911	0.00308871
58	9.96972	0.00302755
58.2	9.97032	0.0029676
58.4	9.97091	0.00290884
58.6	9.97149	0.00285124
58.8	9.97205	0.00279478
59	9.97261	0.00273944
59.2	9.97315	0.0026852
59.4	9.97368	0.00263203
59.6	9.9742	0.00257991
59.8	9.97471	0.00252883
60	9.97521	0.00247875
60.2	9.9757	0.00242967
60.4	9.97618	0.00238156
60.6	9.97666	0.0023344
60.8	9.97712	0.00228818
61	9.97757	0.00224287
61.2	9.97802	0.00219846
61.4	9.97845	0.00215492
61.6	9.97888	0.00211225
61.8	9.9793	0.00207043
62	9.97971	0.00202943
62.2	9.98011	0.00198924
62.4	9.9805	0.00194985
62.6	9.98089	0.00191125
62.8	9.98127	0.0018734
63	9.98164	0.0018363
63.2	9.982	0.00179994
63.4	9.98236	0.0017643
63.6	9.98271	0.00172937
63.8	9.98305	0.00169512
64	9.98338	0.00166156
64.2	9.98371	0.00162866
64.4	9.98404	0.00159641
64.6	9.98435	0.0015648
64.8	9.98466	0.00153381
65	9.98497	0.00150344
65.2	9.98526	0.00147367
65.4	9.98556	0.00144449
65.6	9.98584	0.00141589
65.8	9.98612	0.00138785
66	9.9864	0.00136037
66.2	9.98667	0.00133343
66.4	9.98693	0.00130703
66.6	9.98719	0.00128115
66.8	9.98744	0.00125578
67	9.98769	0.00123091
67.2	9.98793	0.00120654
67.4	9.98817	0.00118265
67.6	9.98841	0.00115923
67.8	9.98864	0.00113627
68	9.98886	0.00111377
68.2	9.98908	0.00109172
68.4	9.9893	0.0010701
68.6	9.98951	0.00104891
68.8	9.98972	0.00102814
69	9.98992	0.00100779
69.2	9.99012	0.00098783
69.4	9.99032	0.000968269
69.6	9.99051	0.000949096
69.8	9.9907	0.000930303
70	9.99088	0.000911882
70.2	9.99106	0.000893825
70.4	9.99124	0.000876126
70.6	9.99141	0.000858778
70.8	9.99158	0.000841773
71	9.99175	0.000825105
71.2	9.99191	0.000808767
71.4	9.99207	0.000792752
71.6	9.99223	0.000777054
71.8	9.99238	0.000761668
72	9.99253	0.000746586
72.2	9.99268	0.000731802
72.4	9.99283	0.000717312
72.6	9.99297	0.000703108
72.8	9.99311	0.000689185
73	9.99324	0.000675539
73.2	9.99338	0.000662162
73.4	9.99351	0.00064905
73.6	9.99364	0.000636198
73.8	9.99376	0.000623601
74	9.99389	0.000611253
74.2	9.99401	0.000599149
74.4	9.99413	0.000587285
74.6	9.99424	0.000575656
74.8	9.99436	0.000564257
75	9.99447	0.000553084
75.2	9.99458	0.000542132
75.4	9.99469	0.000531397
75.6	9.99479	0.000520875
75.8	9.99489	0.000510561
76	9.995	0.000500451
76.2	9.99509	0.000490542
76.4	9.99519	0.000480828
76.6	9.99529	0.000471307
76.8	9.99538	0.000461975
77	9.99547	0.000452827
77.2	9.99556	0.00044386
77.4	9.99565	0.000435071
77.6	9.99574	0.000426456
77.8	9.99582	0.000418012
78	9.9959	0.000409735
78.2	9.99598	0.000401622
78.4	9.99606	0.000393669
78.6	9.99614	0.000385874
78.8	9.99622	0.000378233
79	9.99629	0.000370743
79.2	9.99637	0.000363402
79.4	9.99644	0.000356206
79.6	9.99651	0.000349153
79.8	9.99658	0.000342239
80	9.99665	0.000335463
80.2	9.99671	0.00032882
80.4	9.99678	0.000322309
80.6	9.99684	0.000315927
80.8	9.9969	0.000309671
81	9.99696	0.000303539
81.2	9.99702	0.000297529
81.4	9.99708	0.000291637
81.6	9.99714	0.000285862
81.8	9.9972	0.000280202
82	9.99725	0.000274653
82.2	9.99731	0.000269215
82.4	9.99736	0.000263884
82.6	9.99741	0.000258659
82.8	9.99746	0.000253537
83	9.99751	0.000248517
83.2	9.99756	0.000243596
83.4	9.99761	0.000238772
83.6	9.99766	0.000234044
83.8	9.99771	0.00022941
84	9.99775	0.000224867
84.2	9.9978	0.000220415
84.4	9.99784	0.00021605
84.6	9.99788	0.000211772
84.8	9.99792	0.000207579
85	9.99797	0.000203468
85.2	9.99801	0.000199439
85.4	9.99805	0.00019549
85.6	9.99808	0.000191619
85.8	9.99812	0.000187825
86	9.99816	0.000184106
86.2	9.9982	0.00018046
86.4	9.99823	0.000176887
86.6	9.99827	0.000173384
86.8	9.9983	0.000169951
87	9.99833	0.000166586
87.2	9.99837	0.000163287
87.4	9.9984	0.000160054
87.6	9.99843	0.000156885
87.8	9.99846	0.000153778
88	9.99849	0.000150733
88.2	9.99852	0.000147748
88.4	9.99855	0.000144823
88.6	9.99858	0.000141955
88.8	9.99861	0.000139144
89	9.99864	0.000136389
89.2	9.99866	0.000133688
89.4	9.99869	0.000131041
89.6	9.99872	0.000128446
89.8	9.99874	0.000125903
90	9.99877	0.00012341
90.2	9.99879	0.000120966
90.4	9.99881	0.000118571
90.6	9.99884	0.000116223
90.8	9.99886	0.000113922
91	9.99888	0.000111666
91.2	9.99891	0.000109455
91.4	9.99893	0.000107287
91.6	9.99895	0.000105163
91.8	9.99897	0.000103081
92	9.99899	0.000101039
92.2	9.99901	9.90387e-05
92.4	9.99903	9.70776e-05
92.6	9.99905	9.51553e-05
92.8	9.99907	9.32711e-05
93	9.99909	9.14242e-05
93.2	9.9991	8.96139e-05
93.4	9.99912	8.78394e-05
93.6	9.99914	8.61001e-05
93.8	9.99916	8.43952e-05
94	9.99917	8.2724e-05
94.2	9.99919	8.1086e-05
94.4	9.99921	7.94804e-05
94.6	9.99922	7.79066e-05
94.8	9.99924	7.63639e-05
95	9.99925	7.48518e-05
95.2	9.99927	7.33696e-05
95.4	9.99928	7.19168e-05
95.6	9.9993	7.04928e-05
95.8	9.99931	6.90969e-05
96	9.99932	6.77287e-05
96.2	9.99934	6.63876e-05
96.4	9.99935	6.5073e-05
96.6	9.99936	6.37845e-05
96.8	9.99937	6.25215e-05
97	9.99939	6.12835e-05
97.2	9.9994	6.007e-05
97.4	9.99941	5.88805e-05
97.6	9.99942	5.77146e-05
97.8	9.99943	5.65718e-05
98	9.99945	5.54516e-05
98.2	9.99946	5.43536e-05
98.4	9.99947	5.32773e-05
98.6	9.99948	5.22223e-05
98.8	9.99949	5.11883e-05
99	9.9995	5.01747e-05
99.2	9.99951	4.91811e-05
99.4	9.99952	4.82073e-05
99.6	9.99953	4.72527e-05
99.8	9.99954	4.63171e-05
100	9.99955	-0.999955
100.2	9.80164	-0.980164
100.4	9.60755	-0.960755
100.6	9.41731	-0.941731
100.8	9.23084	-0.923084
101	9.04806	-0.904806
101.2	8.86889	-0.886889
101.4	8.69328	-0.869328
101.6	8.52114	-0.852114
101.8	8.35241	-0.835241
102	8.18702	-0.818702
102.2	8.02491	-0.802491
102.4	7.866	-0.7866
102.6	7.71025	-0.771025
102.8	7.55757	-0.755757
103	7.40792	-0.740792
103.2	7.26124	-0.726124
103.4	7.11746	-0.711746
103.6	6.97652	-0.697652
103.8	6.83838	-0.683838
104	6.70297	-0.670297
104.2	6.57024	-0.657024
104.4	6.44014	-0.644014
104.6	6.31262	-0.631262
104.8	6.18762	-0.618762
105	6.0651	-0.60651
105.2	5.945	-0.5945
105.4	5.82728	-0.582728
105.6	5.71189	-0.571189
105.8	5.59879	-0.559879
106	5.48793	-0.548793
106.2	5.37926	-0.537926
106.4	5.27274	-0.527274
106.6	5.16833	-0.516833
106.8	5.06599	-0.506599
107	4.96568	-0.496568
107.2	4.86735	-0.486735
107.4	4.77097	-0.477097
107.6	4.6765	-0.46765
107.8	4.5839	-0.45839
108	4.49313	-0.449313
108.2	4.40416	-0.440416
108.4	4.31695	-0.431695
108.6	4.23147	-0.423147
108.8	4.14768	-0.414768
109	4.06555	-0.406555
109.2	3.98505	-0.398505
109.4	3.90614	-0.390614
109.6	3.8288	-0.38288
109.8	3.75298	-0.375298
110	3.67867	-0.367867
110.2	3.60582	-0.360582
110.4	3.53442	-0.353442
110.6	3.46444	-0.346444
110.8	3.39584	-0.339584
111	3.32859	-0.332859
111.2	3.26268	-0.326268
111.4	3.19808	-0.319808
111.6	3.13475	-0.313475
111.8	3.07268	-0.307268
112	3.01184	-0.301184
112.2	2.9522	-0.29522
112.4	2.89374	-0.289374
112.6	2.83644	-0.283644
112.8	2.78028	-0.278028
113	2.72522	-0.272522
113.2	2.67126	-0.267126
113.4	2.61837	-0.261837
113.6	2.56652	-0.256652
113.8	2.5157	-0.25157
114	2.46588	-0.246588
114.2	2.41706	-0.241706
114.4	2.3692	-0.23692
114.6	2.32228	-0.232228
114.8	2.2763	-0.22763
115	2.23122	-0.223122
115.2	2.18704	-0.218704
115.4	2.14374	-0.214374
115.6	2.10129	-0.210129
115.8	2.05968	-0.205968
116	2.01889	-0.201889
116.2	1.97892	-0.197892
116.4	1.93973	-0.193973
116.6	1.90132	-0.190132
116.8	1.86367	-0.186367
117	1.82677	-0.182677
117.2	1.7906	-0.17906
117.4	1.75514	-0.175514
117.6	1.72039	-0.172039
117.8	1.68632	-0.168632
118	1.65293	-0.165293
118.2	1.6202	-0.16202
118.4	1.58812	-0.158812
118.6	1.55667	-0.155667
118.8	1.52585	-0.152585
119	1.49563	-0.149563
119.2	1.46602	-0.146602
119.4	1.43699	-0.143699
119.6	1.40854	-0.140854
119.8	1.38064	-0.138064
120	1.35331	-0.135331
120.2	1.32651	-0.132651
120.4	1.30024	-0.130024
120.6	1.2745	-0.12745
120.8	1.24926	-0.124926
121	1.22452	-0.122452
121.2	1.20027	-0.120027
121.4	1.17651	-0.117651
121.6	1.15321	-0.115321
121.8	1.13038	-0.113038
122	1.10799	-0.110799
122.2	1.08605	-0.108605
122.4	1.06455	-0.106455
122.6	1.04347	-0.104347
122.8	1.02281	-0.102281
123	1.00255	-0.100255
123.2	0.982702	-0.0982702
123.4	0.963243	-0.0963243
123.6	0.944169	-0.0944169
123.8	0.925474	-0.0925474
124	0.907148	-0.0907148
124.2	0.889185	-0.0889185
124.4	0.871578	-0.0871578
124.6	0.85432	-0.085432
124.8	0.837403	-0.0837403
125	0.820821	-0.0820821
125.2	0.804568	-0.0804568
125.4	0.788637	-0.0788637
125.6	0.77302	-0.077302
125.8	0.757714	-0.0757714
126	0.74271	-0.074271
126.2	0.728003	-0.0728003
126.4	0.713588	-0.0713588
126.6	0.699458	-0.0699458
126.8	0.685608	-0.0685608
127	0.672032	-0.0672032
127.2	0.658725	-0.0658725
127.4	0.645681	-0.0645681
127.6	0.632896	-0.0632896
127.8	0.620363	-0.0620363
128	0.608079	-0.0608079
128.2	0.596039	-0.0596039
128.4	0.584236	-0.0584236
128.6	0.572668	-0.0572668
128.8	0.561328	-0.0561328
129	0.550213	-0.0550213
129.2	0.539318	-0.0539318
129.4	0.528639	-0.0528639
129.6	0.518171	-0.0518171
129.8	0.507911	-0.0507911
130	0.497853	-0.0497853
130.2	0.487995	-0.0487995
130.4	0.478332	-0.0478332
130.6	0.468861	-0.0468861
130.8	0.459577	-0.0459577
131	0.450476	-0.0450476
131.2	0.441556	-0.0441556
131.4	0.432813	-0.0432813
131.6	0.424243	-0.0424243
131.8	0.415842	-0.0415842
132	0.407608	-0.0407608
132.2	0.399537	-0.0399537
132.4	0.391625	-0.0391625
132.6	0.383871	-0.0383871
132.8	0.376269	-0.0376269
133	0.368819	-0.0368819
133.2	0.361516	-0.0361516
133.4	0.354357	-0.0354357
133.6	0.34734	-0.034734
133.8	0.340463	-0.0340463
134	0.333721	-0.0333721
134.2	0.327113	-0.0327113
134.4	0.320636	-0.0320636
134.6	0.314287	-0.0314287
134.8	0.308063	-0.0308063
135	0.301963	-0.0301963
135.2	0.295984	-0.0295984
135.4	0.290123	-0.0290123
135.6	0.284378	-0.0284378
135.8	0.278747	-0.0278747
136	0.273228	-0.0273228
136.2	0.267817	-0.0267817
136.4	0.262514	-0.0262514
136.6	0.257316	-0.0257316
136.8	0.252221	-0.0252221
137	0.247227	-0.0247227
137.2	0.242331	-0.0242331
137.4	0.237533	-0.0237533
137.6	0.232829	-0.0232829
137.8	0.228219	-0.0228219
138	0.2237	-0.02237
138.2	0.21927	-0.021927
138.4	0.214929	-0.0214929
138.6	0.210673	-0.0210673
138.8	0.206501	-0.0206501
139	0.202412	-0.0202412
139.2	0.198404	-0.0198404
139.4	0.194475	-0.0194475
139.6	0.190625	-0.0190625
139.8	0.18685	-0.018685
140	0.18315	-0.018315
140.2	0.179523	-0.0179523
140.4	0.175969	-0.0175969
140.6	0.172484	-0.0172484
140.8	0.169069	-0.0169069
141	0.165721	-0.0165721
141.2	0.162439	-0.0162439
141.4	0.159223	-0.0159223
141.6	0.15607	-0.015607
141.8	0.15298	-0.015298
142	0.149951	-0.0149951
142.2	0.146981	-0.0146981
142.4	0.144071	-0.0144071
142.6	0.141218	-0.0141218
142.8	0.138422	-0.0138422
143	0.135681	-0.0135681
143.2	0.132994	-0.0132994
143.4	0.130361	-0.0130361
143.6	0.127779	-0.0127779
143.8	0.125249	-0.0125249
144	0.122769	-0.0122769
144.2	0.120338	-0.0120338
144.4	0.117955	-0.0117955
144.6	0.11562	-0.011562
144.8	0.11333	-0.011333
145	0.111086	-0.0111086
145.2	0.108886	-0.0108886
145.4	0.10673	-0.010673
145.6	0.104617	-0.0104617
145.8	0.102545	-0.0102545
146	0.100515	-0.0100515
146.2	0.0985245	-0.00985245
146.4	0.0965736	-0.00965736
146.6	0.0946613	-0.00946613
146.8	0.0927869	-0.00927869
147	0.0909496	-0.00909496
147.2	0.0891487	-0.00891487
147.4	0.0873834	-0.00873834
147.6	0.0856531	-0.00856531
147.8	0.0839571	-0.00839571
148	0.0822946	-0.00822946
148.2	0.0806651	-0.00806651
148.4	0.0790678	-0.00790678
148.6	0.0775021	-0.00775021
148.8	0.0759675	-0.00759675
149	0.0744632	-0.00744632
149.2	0.0729888	-0.00729888
149.4	0.0715435	-0.00715435
149.6	0.0701268	-0.00701268
149.8	0.0687382	-0.00687382
150	0.0673771	-0.00673771
150.2	0.066043	-0.0066043
150.4	0.0647352	-0.00647352
150.6	0.0634534	-0.00634534
150.8	0.0621969	-0.00621969
151	0.0609653	-0.00609653
151.2	0.0597581	-0.00597581
151.4	0.0585749	-0.00585749
151.6	0.057415	-0.0057415
151.8	0.0562781	-0.00562781
152	0.0551637	-0.00551637
152.2	0.0540714	-0.00540714
152.4	0.0530007	-0.00530007
152.6	0.0519512	-0.00519512
152.8	0.0509225	-0.00509225
153	0.0499142	-0.00499142
153.2	0.0489258	-0.00489258
153.4	0.047957	-0.0047957
153.6	0.0470074	-0.00470074
153.8	0.0460766	-0.00460766
154	0.0451642	-0.00451642
154.2	0.0442699	-0.00442699
154.4	0.0433933	-0.00433933
154.6	0.0425341	-0.00425341
154.8	0.0416918	-0.00416918
155	0.0408663	-0.00408663
155.2	0.0400571	-0.00400571
155.4	0.0392639	-0.00392639
155.6	0.0384864	-0.00384864
155.8	0.0377243	-0.00377243
156	0.0369773	-0.00369773
156.2	0.0362451	-0.00362451
156.4	0.0355274	-0.00355274
156.6	0.034824	-0.0034824
156.8	0.0341344	-0.00341344
157	0.0334585	-0.00334585
157.2	0.032796	-0.0032796
157.4	0.0321466	-0.00321466
157.6	0.03151	-0.003151
157.8	0.0308861	-0.00308861
158	0.0302745	-0.00302745
158.2	0.029675	-0.0029675
158.4	0.0290874	-0.00290874
158.6	0.0285114	-0.00285114
158.8	0.0279469	-0.00279469
159	0.0273935	-0.00273935
159.2	0.0268511	-0.00268511
159.4	0.0263194	-0.00263194
159.6	0.0257982	-0.00257982
159.8	0.0252874	-0.00252874
160	0.0247867	-0.00247867
160.2	0.0242958	-0.00242958
160.4	0.0238148	-0.00238148
160.6	0.0233432	-0.00233432
160.8	0.022881	-0.0022881
161	0.0224279	-0.00224279
161.2	0.0219838	-0.00219838
161.4	0.0215485	-0.00215485
161.6	0.0211218	-0.00211218
161.8	0.0207036	-0.00207036
162	0.0202936	-0.00202936
162.2	0.0198918	-0.00198918
162.4	0.0194979	-0.00194979
162.6	0.0191118	-0.00191118
162.8	0.0187334	-0.00187334
163	0.0183624	-0.00183624
163.2	0.0179988	-0.00179988
163.4	0.0176424	-0.00176424
163.6	0.0172931	-0.00172931
163.8	0.0169506	-0.00169506
164	0.016615	-0.0016615
164.2	0.016286	-0.0016286
164.4	0.0159635	-0.00159635
164.6	0.0156474	-0.00156474
164.8	0.0153376	-0.00153376
165	0.0150339	-0.00150339
165.2	0.0147362	-0.00147362
165.4	0.0144444	-0.00144444
165.6	0.0141584	-0.00141584
165.8	0.013878	-0.0013878
166	0.0136032	-0.00136032
166.2	0.0133338	-0.00133338
166.4	0.0130698	-0.00130698
166.6	0.012811	-0.0012811
166.8	0.0125573	-0.00125573
167	0.0123087	-0.00123087
167.2	0.012065	-0.0012065
167.4	0.0118261	-0.00118261
167.6	0.0115919	-0.00115919
167.8	0.0113624	-0.00113624
168	0.0111374	-0.00111374
168.2	0.0109168	-0.00109168
168.4	0.0107007	-0.00107007
168.6	0.0104888	-0.00104888
168.8	0.0102811	-0.00102811
169	0.0100775	-0.00100775
169.2	0.00987796	-0.000987796
169.4	0.00968236	-0.000968236
169.6	0.00949064	-0.000949064
169.8	0.00930271	-0.000930271
170	0.0091185	-0.00091185
170.2	0.00893794	-0.000893794
170.4	0.00876096	-0.000876096
170.6	0.00858748	-0.000858748
170.8	0.00841744	-0.000841744
171	0.00825076	-0.000825076
171.2	0.00808739	-0.000808739
171.4	0.00792724	-0.000792724
171.6	0.00777027	-0.000777027
171.8	0.00761641	-0.000761641
172	0.0074656	-0.00074656
172.2	0.00731777	-0.000731777
172.4	0.00717287	-0.000717287
172.6	0.00703084	-0.000703084
172.8	0.00689162	-0.000689162
173	0.00675515	-0.000675515
173.2	0.00662139	-0.000662139
173.4	0.00649028	-0.000649028
173.6	0.00636176	-0.000636176
173.8	0.00623579	-0.000623579
174	0.00611231	-0.000611231
174.2	0.00599128	-0.000599128
174.4	0.00587265	-0.000587265
174.6	0.00575636	-0.000575636
174.8	0.00564238	-0.000564238
175	0.00553065	-0.000553065
175.2	0.00542114	-0.000542114
175.4	0.00531379	-0.000531379
175.6	0.00520857	-0.000520857
175.8	0.00510543	-0.000510543
176	0.00500434	-0.000500434
176.2	0.00490525	-0.000490525
176.4	0.00480812	-0.000480812
176.6	0.00471291	-0.000471291
176.8	0.00461959	-0.000461959
177	0.00452811	-0.000452811
177.2	0.00443845	-0.000443845
177.4	0.00435056	-0.000435056
177.6	0.00426442	-0.000426442
177.8	0.00417998	-0.000417998
178	0.00409721	-0.000409721
178.2	0.00401608	-0.000401608
178.4	0.00393655	-0.000393655
178.6	0.0038586	-0.00038586
178.8	0.0037822	-0.00037822
179	0.00370731	-0.000370731
179.2	0.0036339	-0.00036339
179.4	0.00356194	-0.000356194
179.6	0.00349141	-0.000349141
179.8	0.00342227	-0.000342227
180	0.00335451	-0.000335451
180.2	0.00328809	-0.000328809
180.4	0.00322298	-0.000322298
180.6	0.00315916	-0.000315916
180.8	0.0030966	-0.00030966
181	0.00303529	-0.000303529
181.2	0.00297518	-0.000297518
181.4	0.00291627	-0.000291627
181.6	0.00285852	-0.000285852
181.8	0.00280192	-0.000280192
182	0.00274644	-0.000274644
182.2	0.00269206	-0.000269206
182.4	0.00263875	-0.000263875
182.6	0.0025865	-0.00025865
182.8	0.00253528	-0.000253528
183	0.00248508	-0.000248508
183.2	0.00243587	-0.000243587
183.4	0.00238764	-0.000238764
183.6	0.00234036	-0.000234036
183.8	0.00229402	-0.000229402
184	0.00224859	-0.000224859
184.2	0.00220407	-0.000220407
184.4	0.00216043	-0.000216043
184.6	0.00211765	-0.000211765
184.8	0.00207571	-0.000207571
185	0.00203461	-0.000203461
185.2	0.00199432	-0.000199432
185.4	0.00195483	-0.000195483
185.6	0.00191613	-0.000191613
185.8	0.00187818	-0.000187818
186	0.00184099	-0.000184099
186.2	0.00180454	-0.000180454
186.4	0.00176881	-0.000176881
186.6	0.00173378	-0.000173378
186.8	0.00169945	-0.000169945
187	0.0016658	-0.00016658
187.2	0.00163282	-0.000163282
187.4	0.00160048	-0.000160048
187.6	0.00156879	-0.000156879
187.8	0.00153773	-0.000153773
188	0.00150728	-0.000150728
188.2	0.00147743	-0.000147743
188.4	0.00144818	-0.000144818
188.6	0.0014195	-0.00014195
188.8	0.00139139	-0.000139139
189	0.00136384	-0.000136384
189.2	0.00133684	-0.000133684
189.4	0.00131036	-0.000131036
189.6	0.00128442	-0.000128442
189.8	0.00125898	-0.000125898
190	0.00123406	-0.000123406
190.2	0.00120962	-0.000120962
190.4	0.00118567	-0.000118567
190.6	0.00116219	-0.000116219
190.8	0.00113918	-0.000113918
191	0.00111662	-0.000111662
191.2	0.00109451	-0.000109451
191.4	0.00107284	-0.000107284
191.6	0.00105159	-0.000105159
191.8	0.00103077	-0.000103077
192	0.00101036	-0.000101036
192.2	0.000990352	-9.90352e-05
192.4	0.000970742	-9.70742e-05
192.6	0.00095152	-9.5152e-05
192.8	0.000932679	-9.32679e-05
193	0.00091421	-9.1421e-05
193.2	0.000896108	-8.96108e-05
193.4	0.000878364	-8.78364e-05
193.6	0.000860971	-8.60971e-05
193.8	0.000843923	-8.43923e-05
194	0.000827212	-8.27212e-05
194.2	0.000810832	-8.10832e-05
194.4	0.000794776	-7.94776e-05
194.6	0.000779039	-7.79039e-05
194.8	0.000763613	-7.63613e-05
195	0.000748492	-7.48492e-05
195.2	0.000733671	-7.33671e-05
195.4	0.000719143	-7.19143e-05
195.6	0.000704903	-7.04903e-05
195.8	0.000690945	-6.90945e-05
196	0.000677264	-6.77264e-05
196.2	0.000663853	-6.63853e-05
196.4	0.000650708	-6.50708e-05
196.6	0.000637823	-6.37823e-05
196.8	0.000625193	-6.25193e-05
197	0.000612814	-6.12814e-05
197.2	0.000600679	-6.00679e-05
197.4	0.000588785	-5.88785e-05
197.6	0.000577126	-5.77126e-05
197.8	0.000565698	-5.65698e-05
198	0.000554497	-5.54497e-05
198.2	0.000543517	-5.43517e-05
198.4	0.000532755	-5.32755e-05
198.6	0.000522205	-5.22205e-05
198.8	0.000511865	-5.11865e-05
199	0.000501729	-5.01729e-05
199.2	0.000491794	-4.91794e-05
199.4	0.000482056	-4.82056e-05
199.6	0.000472511	-4.72511e-05
199.8	0.000463155	-4.63155e-05
200	0.000453983	-4.53983e-05


