Results of Simulation 1

Time	Q	dQ
0	0	1
0.2	0.198014	0.980199
0.4	0.392106	0.960789
0.6	0.582355	0.941764
0.8	0.768837	0.923116
1	0.951626	0.904837
1.2	1.1308	0.88692
1.4	1.30642	0.869358
1.6	1.47856	0.852144
1.8	1.6473	0.83527
2	1.81269	0.818731
2.2	1.97481	0.802519
2.4	2.13372	0.786628
2.6	2.28948	0.771052
2.8	2.44216	0.755784
3	2.59182	0.740818
3.2	2.73851	0.726149
3.4	2.8823	0.71177
3.6	3.02324	0.697676
3.8	3.16139	0.683861
4	3.2968	0.67032
4.2	3.42953	0.657047
4.4	3.55964	0.644036
4.6	3.68716	0.631284
4.8	3.81217	0.618783
5	3.93469	0.606531
5.2	4.0548	0.59452
5.4	4.17252	0.582748
5.6	4.28791	0.571209
5.8	4.40102	0.559898
6	4.51189	0.548811
6.2	4.62056	0.537944
6.4	4.72708	0.527292
6.6	4.83149	0.516851
6.8	4.93383	0.506617
7	5.03415	0.496585
7.2	5.13248	0.486752
7.4	5.22887	0.477113
7.6	5.32334	0.467666
7.8	5.41594	0.458406
8	5.50672	0.449328
8.2	5.59569	0.440431
8.4	5.6829	0.43171
8.6	5.76839	0.423161
8.8	5.85218	0.414782
9	5.93431	0.406569
9.2	6.01482	0.398518
9.4	6.09373	0.390627
9.6	6.17108	0.382892
9.8	6.2469	0.37531
10	6.32121	0.367879
10.2	6.39406	0.360594
10.4	6.46546	0.353454
10.6	6.53545	0.346455
10.8	6.60405	0.339595
11	6.6713	0.33287
11.2	6.73721	0.326279
11.4	6.80182	0.319818
11.6	6.86514	0.313486
11.8	6.92722	0.307278
12	6.98806	0.301194
12.2	7.0477	0.29523
12.4	7.10616	0.289384
12.6	7.16346	0.283654
12.8	7.21963	0.278037
13	7.27469	0.272531
13.2	7.32865	0.267135
13.4	7.38155	0.261845
13.6	7.4334	0.25666
13.8	7.48422	0.251578
14	7.53403	0.246597
14.2	7.58286	0.241714
14.4	7.63073	0.236927
14.6	7.67764	0.232236
14.8	7.72363	0.227637
15	7.7687	0.22313
15.2	7.81289	0.218711
15.4	7.85619	0.214381
15.6	7.89864	0.210136
15.8	7.94025	0.205975
16	7.98104	0.201896
16.2	8.02102	0.197898
16.4	8.0602	0.19398
16.6	8.09861	0.190139
16.8	8.13627	0.186373
17	8.17317	0.182683
17.2	8.20934	0.179066
17.4	8.2448	0.17552
17.6	8.27956	0.172044
17.8	8.31362	0.168638
18	8.34702	0.165298
18.2	8.37975	0.162025
18.4	8.41183	0.158817
18.6	8.44328	0.155672
18.8	8.4741	0.15259
19	8.50432	0.149568
19.2	8.53394	0.146606
19.4	8.56297	0.143703
19.6	8.59142	0.140858
19.8	8.61931	0.138069
20	8.64665	0.135335
20.2	8.67345	0.132655
20.4	8.69972	0.130028
20.6	8.72546	0.127454
20.8	8.7507	0.12493
21	8.77544	0.122456
21.2	8.79969	0.120031
21.4	8.82346	0.117654
21.6	8.84675	0.115325
21.8	8.86959	0.113041
22	8.89197	0.110803
22.2	8.91391	0.108609
22.4	8.93542	0.106458
22.6	8.9565	0.10435
22.8	8.97716	0.102284
23	8.99741	0.100259
23.2	9.01727	0.0982733
23.4	9.03673	0.0963273
23.6	9.0558	0.0944199
23.8	9.0745	0.0925503
24	9.09282	0.0907177
24.2	9.11079	0.0889213
24.4	9.12839	0.0871606
24.6	9.14565	0.0854347
24.8	9.16257	0.083743
25	9.17915	0.0820847
25.2	9.19541	0.0804594
25.4	9.21134	0.0788662
25.6	9.22696	0.0773045
25.8	9.24226	0.0757738
26	9.25727	0.0742733
26.2	9.27197	0.0728026
26.4	9.28639	0.071361
26.6	9.30052	0.069948
26.8	9.31437	0.0685629
27	9.32795	0.0672053
27.2	9.34125	0.0658745
27.4	9.3543	0.0645701
27.6	9.36708	0.0632916
27.8	9.37962	0.0620383
28	9.3919	0.0608099
28.2	9.40394	0.0596058
28.4	9.41575	0.0584255
28.6	9.42731	0.0572686
28.8	9.43865	0.0561346
29	9.44977	0.055023
29.2	9.46066	0.0539335
29.4	9.47134	0.0528656
29.6	9.48181	0.0518188
29.8	9.49207	0.0507927
30	9.50213	0.0497869
30.2	9.51199	0.0488011
30.4	9.52165	0.0478347
30.6	9.53112	0.0468875
30.8	9.54041	0.0459591
31	9.54951	0.0450491
31.2	9.55843	0.044157
31.4	9.56717	0.0432827
31.6	9.57574	0.0424256
31.8	9.58414	0.0415855
32	9.59238	0.0407621
32.2	9.60045	0.0399549
32.4	9.60836	0.0391638
32.6	9.61612	0.0383883
32.8	9.62372	0.0376281
33	9.63117	0.0368831
33.2	9.63847	0.0361527
33.4	9.64563	0.0354368
33.6	9.65265	0.0347352
33.8	9.65953	0.0340473
34	9.66627	0.0333732
34.2	9.67288	0.0327123
34.4	9.67935	0.0320646
34.6	9.6857	0.0314297
34.8	9.69193	0.0308073
35	9.69803	0.0301973
35.2	9.70401	0.0295993
35.4	9.70987	0.0290132
35.6	9.71561	0.0284387
35.8	9.72124	0.0278756
36	9.72676	0.0273236
36.2	9.73217	0.0267826
36.4	9.73748	0.0262523
36.6	9.74268	0.0257324
36.8	9.74777	0.0252229
37	9.75277	0.0247235
37.2	9.75766	0.0242339
37.4	9.76246	0.023754
37.6	9.76716	0.0232837
37.8	9.77177	0.0228226
38	9.77629	0.0223707
38.2	9.78072	0.0219277
38.4	9.78506	0.0214935
38.6	9.78932	0.0210679
38.8	9.79349	0.0206508
39	9.79758	0.0202418
39.2	9.80159	0.019841
39.4	9.80552	0.0194482
39.6	9.80937	0.0190631
39.8	9.81314	0.0186856
40	9.81684	0.0183156
40.2	9.82047	0.0179529
40.4	9.82403	0.0175974
40.6	9.82751	0.017249
40.8	9.83093	0.0169074
41	9.83427	0.0165726
41.2	9.83756	0.0162445
41.4	9.84077	0.0159228
41.6	9.84392	0.0156075
41.8	9.84702	0.0152985
42	9.85004	0.0149955
42.2	9.85301	0.0146986
42.4	9.85592	0.0144075
42.6	9.85878	0.0141223
42.8	9.86157	0.0138426
43	9.86431	0.0135685
43.2	9.867	0.0132998
43.4	9.86964	0.0130365
43.6	9.87222	0.0127783
43.8	9.87475	0.0125253
44	9.87723	0.0122773
44.2	9.87966	0.0120342
44.4	9.88204	0.0117959
44.6	9.88438	0.0115623
44.8	9.88667	0.0113334
45	9.88891	0.011109
45.2	9.89111	0.010889
45.4	9.89327	0.0106734
45.6	9.89538	0.010462
45.8	9.89745	0.0102549
46	9.89948	0.0100518
46.2	9.90147	0.00985277
46.4	9.90342	0.00965767
46.6	9.90534	0.00946643
46.8	9.90721	0.00927899
47	9.90905	0.00909525
47.2	9.91085	0.00891515
47.4	9.91261	0.00873862
47.6	9.91434	0.00856558
47.8	9.91604	0.00839597
48	9.9177	0.00822972
48.2	9.91933	0.00806676
48.4	9.92093	0.00790703
48.6	9.9225	0.00775046
48.8	9.92403	0.00759699
49	9.92553	0.00744656
49.2	9.92701	0.0072991
49.4	9.92845	0.00715456
49.6	9.92987	0.00701289
49.8	9.93126	0.00687402
50	9.93262	0.0067379
50.2	9.93396	0.00660448
50.4	9.93526	0.0064737
50.6	9.93654	0.00634551
50.8	9.9378	0.00621986
51	9.93903	0.00609669
51.2	9.94024	0.00597597
51.4	9.94142	0.00585763
51.6	9.94258	0.00574164
51.8	9.94372	0.00562795
52	9.94484	0.0055165
52.2	9.94593	0.00540726
52.4	9.947	0.00530019
52.6	9.94805	0.00519524
52.8	9.94908	0.00509236
53	9.95008	0.00499152
53.2	9.95107	0.00489268
53.4	9.95204	0.0047958
53.6	9.95299	0.00470083
53.8	9.95392	0.00460775
54	9.95483	0.00451651
54.2	9.95573	0.00442707
54.4	9.95661	0.00433941
54.6	9.95747	0.00425348
54.8	9.95831	0.00416925
55	9.95913	0.00408669
55.2	9.95994	0.00400577
55.4	9.96074	0.00392645
55.6	9.96151	0.0038487
55.8	9.96228	0.00377248
56	9.96302	0.00369778
56.2	9.96375	0.00362456
56.4	9.96447	0.00355279
56.6	9.96518	0.00348244
56.8	9.96587	0.00341348
57	9.96654	0.00334589
57.2	9.9672	0.00327963
57.4	9.96785	0.00321469
57.6	9.96849	0.00315103
57.8	9.96911	0.00308864
58	9.96973	0.00302748
58.2	9.97032	0.00296753
58.4	9.97091	0.00290876
58.6	9.97149	0.00285117
58.8	9.97205	0.00279471
59	9.97261	0.00273937
59.2	9.97315	0.00268512
59.4	9.97368	0.00263195
59.6	9.9742	0.00257984
59.8	9.97471	0.00252875
60	9.97521	0.00247868
60.2	9.9757	0.0024296
60.4	9.97619	0.00238148
60.6	9.97666	0.00233433
60.8	9.97712	0.0022881
61	9.97757	0.0022428
61.2	9.97802	0.00219839
61.4	9.97845	0.00215485
61.6	9.97888	0.00211218
61.8	9.9793	0.00207036
62	9.97971	0.00202936
62.2	9.98011	0.00198918
62.4	9.9805	0.00194979
62.6	9.98089	0.00191118
62.8	9.98127	0.00187334
63	9.98164	0.00183624
63.2	9.982	0.00179988
63.4	9.98236	0.00176424
63.6	9.98271	0.00172931
63.8	9.98305	0.00169506
64	9.98339	0.0016615
64.2	9.98371	0.0016286
64.4	9.98404	0.00159635
64.6	9.98435	0.00156474
64.8	9.98466	0.00153376
65	9.98497	0.00150339
65.2	9.98526	0.00147362
65.4	9.98556	0.00144444
65.6	9.98584	0.00141584
65.8	9.98612	0.0013878
66	9.9864	0.00136032
66.2	9.98667	0.00133338
66.4	9.98693	0.00130698
66.6	9.98719	0.0012811
66.8	9.98744	0.00125573
67	9.98769	0.00123087
67.2	9.98794	0.0012065
67.4	9.98817	0.00118261
67.6	9.98841	0.00115919
67.8	9.98864	0.00113624
68	9.98886	0.00111374
68.2	9.98908	0.00109168
68.4	9.9893	0.00107006
68.6	9.98951	0.00104888
68.8	9.98972	0.00102811
69	9.98992	0.00100775
69.2	9.99012	0.000987793
69.4	9.99032	0.000968233
69.6	9.99051	0.00094906
69.8	9.9907	0.000930267
70	9.99088	0.000911846
70.2	9.99106	0.00089379
70.4	9.99124	0.000876091
70.6	9.99141	0.000858743
70.8	9.99158	0.000841738
71	9.99175	0.00082507
71.2	9.99191	0.000808732
71.4	9.99207	0.000792718
71.6	9.99223	0.000777021
71.8	9.99238	0.000761634
72	9.99253	0.000746552
72.2	9.99268	0.000731769
72.4	9.99283	0.000717279
72.6	9.99297	0.000703076
72.8	9.99311	0.000689154
73	9.99324	0.000675507
73.2	9.99338	0.000662131
73.4	9.99351	0.00064902
73.6	9.99364	0.000636168
73.8	9.99376	0.000623571
74	9.99389	0.000611223
74.2	9.99401	0.00059912
74.4	9.99413	0.000587256
74.6	9.99424	0.000575627
74.8	9.99436	0.000564229
75	9.99447	0.000553056
75.2	9.99458	0.000542105
75.4	9.99469	0.00053137
75.6	9.99479	0.000520848
75.8	9.99489	0.000510534
76	9.995	0.000500425
76.2	9.99509	0.000490516
76.4	9.99519	0.000480802
76.6	9.99529	0.000471282
76.8	9.99538	0.000461949
77	9.99547	0.000452802
77.2	9.99556	0.000443835
77.4	9.99565	0.000435046
77.6	9.99574	0.000426432
77.8	9.99582	0.000417988
78	9.9959	0.000409711
78.2	9.99598	0.000401598
78.4	9.99606	0.000393645
78.6	9.99614	0.00038585
78.8	9.99622	0.00037821
79	9.99629	0.00037072
79.2	9.99637	0.000363379
79.4	9.99644	0.000356184
79.6	9.99651	0.000349131
79.8	9.99658	0.000342217
80	9.99665	0.000335441
80.2	9.99671	0.000328798
80.4	9.99678	0.000322287
80.6	9.99684	0.000315906
80.8	9.9969	0.00030965
81	9.99696	0.000303518
81.2	9.99702	0.000297508
81.4	9.99708	0.000291617
81.6	9.99714	0.000285842
81.8	9.9972	0.000280182
82	9.99725	0.000274634
82.2	9.99731	0.000269196
82.4	9.99736	0.000263865
82.6	9.99741	0.00025864
82.8	9.99746	0.000253519
83	9.99752	0.000248498
83.2	9.99756	0.000243578
83.4	9.99761	0.000238754
83.6	9.99766	0.000234027
83.8	9.99771	0.000229392
84	9.99775	0.00022485
84.2	9.9978	0.000220398
84.4	9.99784	0.000216033
84.6	9.99788	0.000211756
84.8	9.99792	0.000207562
85	9.99797	0.000203452
85.2	9.99801	0.000199423
85.4	9.99805	0.000195474
85.6	9.99808	0.000191604
85.8	9.99812	0.000187809
86	9.99816	0.00018409
86.2	9.9982	0.000180445
86.4	9.99823	0.000176872
86.6	9.99827	0.00017337
86.8	9.9983	0.000169937
87	9.99833	0.000166572
87.2	9.99837	0.000163273
87.4	9.9984	0.00016004
87.6	9.99843	0.000156871
87.8	9.99846	0.000153765
88	9.99849	0.00015072
88.2	9.99852	0.000147735
88.4	9.99855	0.00014481
88.6	9.99858	0.000141943
88.8	9.99861	0.000139132
89	9.99864	0.000136377
89.2	9.99866	0.000133676
89.4	9.99869	0.000131029
89.6	9.99872	0.000128434
89.8	9.99874	0.000125891
90	9.99877	0.000123398
90.2	9.99879	0.000120955
90.4	9.99881	0.00011856
90.6	9.99884	0.000116212
90.8	9.99886	0.000113911
91	9.99888	0.000111655
91.2	9.99891	0.000109444
91.4	9.99893	0.000107277
91.6	9.99895	0.000105153
91.8	9.99897	0.000103071
92	9.99899	0.00010103
92.2	9.99901	9.9029e-05
92.4	9.99903	9.70681e-05
92.6	9.99905	9.5146e-05
92.8	9.99907	9.3262e-05
93	9.99909	9.14152e-05
93.2	9.9991	8.9605e-05
93.4	9.99912	8.78306e-05
93.6	9.99914	8.60914e-05
93.8	9.99916	8.43866e-05
94	9.99917	8.27156e-05
94.2	9.99919	8.10777e-05
94.4	9.99921	7.94722e-05
94.6	9.99922	7.78985e-05
94.8	9.99924	7.6356e-05
95	9.99925	7.4844e-05
95.2	9.99927	7.33619e-05
95.4	9.99928	7.19092e-05
95.6	9.9993	7.04853e-05
95.8	9.99931	6.90896e-05
96	9.99932	6.77215e-05
96.2	9.99934	6.63805e-05
96.4	9.99935	6.5066e-05
96.6	9.99936	6.37775e-05
96.8	9.99937	6.25146e-05
97	9.99939	6.12767e-05
97.2	9.9994	6.00633e-05
97.4	9.99941	5.88739e-05
97.6	9.99942	5.77081e-05
97.8	9.99943	5.65654e-05
98	9.99945	5.54453e-05
98.2	9.99946	5.43474e-05
98.4	9.99947	5.32712e-05
98.6	9.99948	5.22164e-05
98.8	9.99949	5.11824e-05
99	9.9995	5.01689e-05
99.2	9.99951	4.91755e-05
99.4	9.99952	4.82017e-05
99.6	9.99953	4.72472e-05
99.8	9.99954	4.63117e-05
100	9.99955	-0.999955
100.2	9.80155	-0.980155
100.4	9.60746	-0.960746
100.6	9.41722	-0.941722
100.8	9.23075	-0.923075
101	9.04797	-0.904797
101.2	8.86881	-0.886881
101.4	8.69319	-0.869319
101.6	8.52106	-0.852106
101.8	8.35233	-0.835233
102	8.18694	-0.818694
102.2	8.02483	-0.802483
102.4	7.86593	-0.786593
102.6	7.71017	-0.771017
102.8	7.5575	-0.75575
103	7.40785	-0.740785
103.2	7.26117	-0.726117
103.4	7.11739	-0.711739
103.6	6.97645	-0.697645
103.8	6.83831	-0.683831
104	6.7029	-0.67029
104.2	6.57017	-0.657017
104.4	6.44008	-0.644008
104.6	6.31255	-0.631255
104.8	6.18756	-0.618756
105	6.06504	-0.606504
105.2	5.94494	-0.594494
105.4	5.82722	-0.582722
105.6	5.71184	-0.571184
105.8	5.59873	-0.559873
106	5.48787	-0.548787
106.2	5.3792	-0.53792
106.4	5.27269	-0.527269
106.6	5.16828	-0.516828
106.8	5.06594	-0.506594
107	4.96563	-0.496563
107.2	4.86731	-0.486731
107.4	4.77093	-0.477093
107.6	4.67646	-0.467646
107.8	4.58386	-0.458386
108	4.49309	-0.449309
108.2	4.40412	-0.440412
108.4	4.31691	-0.431691
108.6	4.23143	-0.423143
108.8	4.14764	-0.414764
109	4.06551	-0.406551
109.2	3.98501	-0.398501
109.4	3.9061	-0.39061
109.6	3.82876	-0.382876
109.8	3.75294	-0.375294
110	3.67863	-0.367863
110.2	3.60579	-0.360579
110.4	3.53439	-0.353439
110.6	3.4644	-0.34644
110.8	3.3958	-0.33958
111	3.32856	-0.332856
111.2	3.26265	-0.326265
111.4	3.19805	-0.319805
111.6	3.13472	-0.313472
111.8	3.07265	-0.307265
112	3.01181	-0.301181
112.2	2.95217	-0.295217
112.4	2.89371	-0.289371
112.6	2.83641	-0.283641
112.8	2.78025	-0.278025
113	2.7252	-0.27252
113.2	2.67123	-0.267123
113.4	2.61834	-0.261834
113.6	2.56649	-0.256649
113.8	2.51567	-0.251567
114	2.46586	-0.246586
114.2	2.41703	-0.241703
114.4	2.36917	-0.236917
114.6	2.32226	-0.232226
114.8	2.27628	-0.227628
115	2.2312	-0.22312
115.2	2.18702	-0.218702
115.4	2.14372	-0.214372
115.6	2.10127	-0.210127
115.8	2.05966	-0.205966
116	2.01887	-0.201887
116.2	1.9789	-0.19789
116.4	1.93971	-0.193971
116.6	1.9013	-0.19013
116.8	1.86365	-0.186365
117	1.82675	-0.182675
117.2	1.79058	-0.179058
117.4	1.75512	-0.175512
117.6	1.72037	-0.172037
117.8	1.6863	-0.16863
118	1.65291	-0.165291
118.2	1.62018	-0.162018
118.4	1.5881	-0.15881
118.6	1.55665	-0.155665
118.8	1.52583	-0.152583
119	1.49562	-0.149562
119.2	1.466	-0.1466
119.4	1.43697	-0.143697
119.6	1.40852	-0.140852
119.8	1.38063	-0.138063
120	1.35329	-0.135329
120.2	1.32649	-0.132649
120.4	1.30023	-0.130023
120.6	1.27448	-0.127448
120.8	1.24924	-0.124924
121	1.22451	-0.122451
121.2	1.20026	-0.120026
121.4	1.17649	-0.117649
121.6	1.1532	-0.11532
121.8	1.13036	-0.113036
122	1.10798	-0.110798
122.2	1.08604	-0.108604
122.4	1.06454	-0.106454
122.6	1.04346	-0.104346
122.8	1.02279	-0.102279
123	1.00254	-0.100254
123.2	0.982691	-0.0982691
123.4	0.963231	-0.0963231
123.6	0.944157	-0.0944157
123.8	0.925461	-0.0925461
124	0.907135	-0.0907135
124.2	0.889173	-0.0889173
124.4	0.871565	-0.0871565
124.6	0.854307	-0.0854307
124.8	0.83739	-0.083739
125	0.820808	-0.0820808
125.2	0.804555	-0.0804555
125.4	0.788623	-0.0788623
125.6	0.773007	-0.0773007
125.8	0.7577	-0.07577
126	0.742697	-0.0742697
126.2	0.727991	-0.0727991
126.4	0.713575	-0.0713575
126.6	0.699446	-0.0699446
126.8	0.685596	-0.0685596
127	0.67202	-0.067202
127.2	0.658713	-0.0658713
127.4	0.64567	-0.064567
127.6	0.632885	-0.0632885
127.8	0.620353	-0.0620353
128	0.608069	-0.0608069
128.2	0.596028	-0.0596028
128.4	0.584226	-0.0584226
128.6	0.572658	-0.0572658
128.8	0.561318	-0.0561318
129	0.550203	-0.0550203
129.2	0.539308	-0.0539308
129.4	0.528629	-0.0528629
129.6	0.518161	-0.0518161
129.8	0.507901	-0.0507901
130	0.497844	-0.0497844
130.2	0.487986	-0.0487986
130.4	0.478323	-0.0478323
130.6	0.468852	-0.0468852
130.8	0.459568	-0.0459568
131	0.450468	-0.0450468
131.2	0.441548	-0.0441548
131.4	0.432805	-0.0432805
131.6	0.424235	-0.0424235
131.8	0.415834	-0.0415834
132	0.4076	-0.04076
132.2	0.399529	-0.0399529
132.4	0.391618	-0.0391618
132.6	0.383863	-0.0383863
132.8	0.376262	-0.0376262
133	0.368812	-0.0368812
133.2	0.361509	-0.0361509
133.4	0.35435	-0.035435
133.6	0.347334	-0.0347334
133.8	0.340456	-0.0340456
134	0.333715	-0.0333715
134.2	0.327107	-0.0327107
134.4	0.32063	-0.032063
134.6	0.314281	-0.0314281
134.8	0.308057	-0.0308057
135	0.301957	-0.0301957
135.2	0.295978	-0.0295978
135.4	0.290118	-0.0290118
135.6	0.284373	-0.0284373
135.8	0.278742	-0.0278742
136	0.273222	-0.0273222
136.2	0.267812	-0.0267812
136.4	0.262509	-0.0262509
136.6	0.257311	-0.0257311
136.8	0.252216	-0.0252216
137	0.247222	-0.0247222
137.2	0.242327	-0.0242327
137.4	0.237528	-0.0237528
137.6	0.232825	-0.0232825
137.8	0.228215	-0.0228215
138	0.223696	-0.0223696
138.2	0.219266	-0.0219266
138.4	0.214924	-0.0214924
138.6	0.210669	-0.0210669
138.8	0.206497	-0.0206497
139	0.202408	-0.0202408
139.2	0.1984	-0.01984
139.4	0.194472	-0.0194472
139.6	0.190621	-0.0190621
139.8	0.186846	-0.0186846
140	0.183146	-0.0183146
140.2	0.17952	-0.017952
140.4	0.175965	-0.0175965
140.6	0.172481	-0.0172481
140.8	0.169065	-0.0169065
141	0.165718	-0.0165718
141.2	0.162436	-0.0162436
141.4	0.15922	-0.015922
141.6	0.156067	-0.0156067
141.8	0.152977	-0.0152977
142	0.149948	-0.0149948
142.2	0.146978	-0.0146978
142.4	0.144068	-0.0144068
142.6	0.141215	-0.0141215
142.8	0.138419	-0.0138419
143	0.135678	-0.0135678
143.2	0.132992	-0.0132992
143.4	0.130358	-0.0130358
143.6	0.127777	-0.0127777
143.8	0.125247	-0.0125247
144	0.122767	-0.0122767
144.2	0.120336	-0.0120336
144.4	0.117953	-0.0117953
144.6	0.115617	-0.0115617
144.8	0.113328	-0.0113328
145	0.111084	-0.0111084
145.2	0.108884	-0.0108884
145.4	0.106728	-0.0106728
145.6	0.104615	-0.0104615
145.8	0.102543	-0.0102543
146	0.100513	-0.0100513
146.2	0.0985226	-0.00985226
146.4	0.0965717	-0.00965717
146.6	0.0946595	-0.00946595
146.8	0.0927851	-0.00927851
147	0.0909478	-0.00909478
147.2	0.089147	-0.0089147
147.4	0.0873817	-0.00873817
147.6	0.0856515	-0.00856515
147.8	0.0839554	-0.00839554
148	0.082293	-0.0082293
148.2	0.0806635	-0.00806635
148.4	0.0790663	-0.00790663
148.6	0.0775006	-0.00775006
148.8	0.075966	-0.0075966
149	0.0744618	-0.00744618
149.2	0.0729874	-0.00729874
149.4	0.0715421	-0.00715421
149.6	0.0701255	-0.00701255
149.8	0.0687369	-0.00687369
150	0.0673758	-0.00673758
150.2	0.0660417	-0.00660417
150.4	0.064734	-0.0064734
150.6	0.0634522	-0.00634522
150.8	0.0621957	-0.00621957
151	0.0609642	-0.00609642
151.2	0.059757	-0.0059757
151.4	0.0585737	-0.00585737
151.6	0.0574139	-0.00574139
151.8	0.056277	-0.0056277
152	0.0551627	-0.00551627
152.2	0.0540704	-0.00540704
152.4	0.0529997	-0.00529997
152.6	0.0519502	-0.00519502
152.8	0.0509216	-0.00509216
153	0.0499132	-0.00499132
153.2	0.0489249	-0.00489249
153.4	0.0479561	-0.00479561
153.6	0.0470065	-0.00470065
153.8	0.0460757	-0.00460757
154	0.0451634	-0.00451634
154.2	0.0442691	-0.00442691
154.4	0.0433925	-0.00433925
154.6	0.0425333	-0.00425333
154.8	0.041691	-0.0041691
155	0.0408655	-0.00408655
155.2	0.0400563	-0.00400563
155.4	0.0392631	-0.00392631
155.6	0.0384857	-0.00384857
155.8	0.0377236	-0.00377236
156	0.0369766	-0.00369766
156.2	0.0362445	-0.00362445
156.4	0.0355268	-0.00355268
156.6	0.0348233	-0.00348233
156.8	0.0341337	-0.00341337
157	0.0334578	-0.00334578
157.2	0.0327953	-0.00327953
157.4	0.0321459	-0.00321459
157.6	0.0315094	-0.00315094
157.8	0.0308854	-0.00308854
158	0.0302739	-0.00302739
158.2	0.0296744	-0.00296744
158.4	0.0290868	-0.00290868
158.6	0.0285108	-0.00285108
158.8	0.0279462	-0.00279462
159	0.0273929	-0.00273929
159.2	0.0268504	-0.00268504
159.4	0.0263187	-0.00263187
159.6	0.0257976	-0.00257976
159.8	0.0252867	-0.00252867
160	0.024786	-0.0024786
160.2	0.0242952	-0.00242952
160.4	0.0238141	-0.00238141
160.6	0.0233426	-0.00233426
160.8	0.0228803	-0.00228803
161	0.0224273	-0.00224273
161.2	0.0219832	-0.00219832
161.4	0.0215479	-0.00215479
161.6	0.0211212	-0.00211212
161.8	0.020703	-0.0020703
162	0.020293	-0.0020293
162.2	0.0198912	-0.00198912
162.4	0.0194973	-0.00194973
162.6	0.0191113	-0.00191113
162.8	0.0187328	-0.00187328
163	0.0183619	-0.00183619
163.2	0.0179983	-0.00179983
163.4	0.0176419	-0.00176419
163.6	0.0172926	-0.00172926
163.8	0.0169502	-0.00169502
164	0.0166145	-0.00166145
164.2	0.0162856	-0.00162856
164.4	0.0159631	-0.00159631
164.6	0.015647	-0.0015647
164.8	0.0153372	-0.00153372
165	0.0150335	-0.00150335
165.2	0.0147358	-0.00147358
165.4	0.014444	-0.0014444
165.6	0.014158	-0.0014158
165.8	0.0138776	-0.00138776
166	0.0136028	-0.00136028
166.2	0.0133335	-0.00133335
166.4	0.0130695	-0.00130695
166.6	0.0128107	-0.00128107
166.8	0.012557	-0.0012557
167	0.0123084	-0.00123084
167.2	0.0120646	-0.00120646
167.4	0.0118257	-0.00118257
167.6	0.0115916	-0.00115916
167.8	0.011362	-0.0011362
168	0.0111371	-0.00111371
168.2	0.0109165	-0.00109165
168.4	0.0107004	-0.00107004
168.6	0.0104885	-0.00104885
168.8	0.0102808	-0.00102808
169	0.0100772	-0.00100772
169.2	0.00987769	-0.000987769
169.4	0.0096821	-0.00096821
169.6	0.00949038	-0.000949038
169.8	0.00930246	-0.000930246
170	0.00911826	-0.000911826
170.2	0.0089377	-0.00089377
170.4	0.00876072	-0.000876072
170.6	0.00858725	-0.000858725
170.8	0.00841721	-0.000841721
171	0.00825054	-0.000825054
171.2	0.00808717	-0.000808717
171.4	0.00792703	-0.000792703
171.6	0.00777006	-0.000777006
171.8	0.00761621	-0.000761621
172	0.0074654	-0.00074654
172.2	0.00731757	-0.000731757
172.4	0.00717267	-0.000717267
172.6	0.00703065	-0.000703065
172.8	0.00689143	-0.000689143
173	0.00675497	-0.000675497
173.2	0.00662121	-0.000662121
173.4	0.0064901	-0.00064901
173.6	0.00636159	-0.000636159
173.8	0.00623562	-0.000623562
174	0.00611215	-0.000611215
174.2	0.00599112	-0.000599112
174.4	0.00587249	-0.000587249
174.6	0.00575621	-0.000575621
174.8	0.00564223	-0.000564223
175	0.0055305	-0.00055305
175.2	0.00542099	-0.000542099
175.4	0.00531365	-0.000531365
175.6	0.00520843	-0.000520843
175.8	0.0051053	-0.00051053
176	0.0050042	-0.00050042
176.2	0.00490511	-0.000490511
176.4	0.00480799	-0.000480799
176.6	0.00471278	-0.000471278
176.8	0.00461946	-0.000461946
177	0.00452799	-0.000452799
177.2	0.00443833	-0.000443833
177.4	0.00435045	-0.000435045
177.6	0.0042643	-0.00042643
177.8	0.00417986	-0.000417986
178	0.0040971	-0.00040971
178.2	0.00401597	-0.000401597
178.4	0.00393645	-0.000393645
178.6	0.0038585	-0.00038585
178.8	0.0037821	-0.00037821
179	0.00370721	-0.000370721
179.2	0.0036338	-0.00036338
179.4	0.00356184	-0.000356184
179.6	0.00349132	-0.000349132
179.8	0.00342218	-0.000342218
180	0.00335442	-0.000335442
180.2	0.003288	-0.0003288
180.4	0.00322289	-0.000322289
180.6	0.00315907	-0.000315907
180.8	0.00309652	-0.000309652
181	0.0030352	-0.00030352
181.2	0.0029751	-0.00029751
181.4	0.00291619	-0.000291619
181.6	0.00285845	-0.000285845
181.8	0.00280185	-0.000280185
182	0.00274637	-0.000274637
182.2	0.00269198	-0.000269198
182.4	0.00263868	-0.000263868
182.6	0.00258643	-0.000258643
182.8	0.00253521	-0.000253521
183	0.00248501	-0.000248501
183.2	0.00243581	-0.000243581
183.4	0.00238758	-0.000238758
183.6	0.0023403	-0.00023403
183.8	0.00229396	-0.000229396
184	0.00224853	-0.000224853
184.2	0.00220401	-0.000220401
184.4	0.00216037	-0.000216037
184.6	0.00211759	-0.000211759
184.8	0.00207566	-0.000207566
185	0.00203456	-0.000203456
185.2	0.00199427	-0.000199427
185.4	0.00195478	-0.000195478
185.6	0.00191607	-0.000191607
185.8	0.00187813	-0.000187813
186	0.00184094	-0.000184094
186.2	0.00180449	-0.000180449
186.4	0.00176876	-0.000176876
186.6	0.00173373	-0.000173373
186.8	0.0016994	-0.00016994
187	0.00166575	-0.000166575
187.2	0.00163277	-0.000163277
187.4	0.00160043	-0.000160043
187.6	0.00156874	-0.000156874
187.8	0.00153768	-0.000153768
188	0.00150723	-0.000150723
188.2	0.00147738	-0.000147738
188.4	0.00144813	-0.000144813
188.6	0.00141945	-0.000141945
188.8	0.00139135	-0.000139135
189	0.00136379	-0.000136379
189.2	0.00133679	-0.000133679
189.4	0.00131032	-0.000131032
189.6	0.00128437	-0.000128437
189.8	0.00125894	-0.000125894
190	0.00123401	-0.000123401
190.2	0.00120957	-0.000120957
190.4	0.00118562	-0.000118562
190.6	0.00116214	-0.000116214
190.8	0.00113913	-0.000113913
191	0.00111657	-0.000111657
191.2	0.00109446	-0.000109446
191.4	0.00107279	-0.000107279
191.6	0.00105155	-0.000105155
191.8	0.00103073	-0.000103073
192	0.00101032	-0.000101032
192.2	0.00099031	-9.9031e-05
192.4	0.000970701	-9.70701e-05
192.6	0.000951479	-9.51479e-05
192.8	0.000932638	-9.32638e-05
193	0.00091417	-9.1417e-05
193.2	0.000896067	-8.96067e-05
193.4	0.000878324	-8.78324e-05
193.6	0.000860932	-8.60932e-05
193.8	0.000843884	-8.43884e-05
194	0.000827173	-8.27173e-05
194.2	0.000810793	-8.10793e-05
194.4	0.000794738	-7.94738e-05
194.6	0.000779001	-7.79001e-05
194.8	0.000763576	-7.63576e-05
195	0.000748456	-7.48456e-05
195.2	0.000733635	-7.33635e-05
195.4	0.000719107	-7.19107e-05
195.6	0.000704868	-7.04868e-05
195.8	0.00069091	-6.9091e-05
196	0.000677229	-6.77229e-05
196.2	0.000663819	-6.63819e-05
196.4	0.000650674	-6.50674e-05
196.6	0.00063779	-6.3779e-05
196.8	0.000625161	-6.25161e-05
197	0.000612781	-6.12781e-05
197.2	0.000600648	-6.00648e-05
197.4	0.000588754	-5.88754e-05
197.6	0.000577096	-5.77096e-05
197.8	0.000565669	-5.65669e-05
198	0.000554468	-5.54468e-05
198.2	0.000543488	-5.43488e-05
198.4	0.000532727	-5.32727e-05
198.6	0.000522178	-5.22178e-05
198.8	0.000511838	-5.11838e-05
199	0.000501703	-5.01703e-05
199.2	0.000491768	-4.91768e-05
199.4	0.00048203	-4.8203e-05
199.6	0.000472485	-4.72485e-05
199.8	0.000463129	-4.63129e-05
200	0.000453959	-4.53959e-05


