This file contains any messages produced by compilers while
running configure, to aid debugging if configure makes a mistake.

It was created by gsegrafix configure 1.0.6, which was
generated by GNU Autoconf 2.63.  Invocation command line was

  $ ./configure 

## --------- ##
## Platform. ##
## --------- ##

hostname = rishon
uname -m = x86_64
uname -r = 4.15.0-72-generic
uname -s = Linux
uname -v = #81-Ubuntu SMP Tue Nov 26 12:20:02 UTC 2019

/usr/bin/uname -p = unknown
/bin/uname -X     = unknown

/bin/arch              = unknown
/usr/bin/arch -k       = unknown
/usr/convex/getsysinfo = unknown
/usr/bin/hostinfo      = unknown
/bin/machine           = unknown
/usr/bin/oslevel       = unknown
/bin/universe          = unknown

PATH: /home/carolhanna/miniconda3/bin
PATH: /home/carolhanna/miniconda3/condabin
PATH: /usr/local/sbin
PATH: /usr/local/bin
PATH: /usr/sbin
PATH: /usr/bin
PATH: /sbin
PATH: /bin
PATH: /usr/games
PATH: /usr/local/games
PATH: /snap/bin


## ----------- ##
## Core tests. ##
## ----------- ##

configure:1884: checking for a BSD-compatible install
configure:1952: result: /usr/bin/install -c
configure:1963: checking whether build environment is sane
configure:2023: result: yes
configure:2164: checking for a thread-safe mkdir -p
configure:2203: result: /bin/mkdir -p
configure:2216: checking for gawk
configure:2232: found /usr/bin/gawk
configure:2243: result: gawk
configure:2254: checking whether make sets $(MAKE)
configure:2276: result: yes
configure:2408: checking for gcc
configure:2424: found /usr/bin/gcc
configure:2435: result: gcc
configure:2667: checking for C compiler version
configure:2675: gcc --version >&5
gcc (Ubuntu 7.5.0-3ubuntu1~18.04) 7.5.0
Copyright (C) 2017 Free Software Foundation, Inc.
This is free software; see the source for copying conditions.  There is NO
warranty; not even for MERCHANTABILITY or FITNESS FOR A PARTICULAR PURPOSE.

configure:2679: $? = 0
configure:2686: gcc -v >&5
Using built-in specs.
COLLECT_GCC=gcc
COLLECT_LTO_WRAPPER=/usr/lib/gcc/x86_64-linux-gnu/7/lto-wrapper
OFFLOAD_TARGET_NAMES=nvptx-none
OFFLOAD_TARGET_DEFAULT=1
Target: x86_64-linux-gnu
Configured with: ../src/configure -v --with-pkgversion='Ubuntu 7.5.0-3ubuntu1~18.04' --with-bugurl=file:///usr/share/doc/gcc-7/README.Bugs --enable-languages=c,ada,c++,go,brig,d,fortran,objc,obj-c++ --prefix=/usr --with-gcc-major-version-only --program-suffix=-7 --program-prefix=x86_64-linux-gnu- --enable-shared --enable-linker-build-id --libexecdir=/usr/lib --without-included-gettext --enable-threads=posix --libdir=/usr/lib --enable-nls --enable-bootstrap --enable-clocale=gnu --enable-libstdcxx-debug --enable-libstdcxx-time=yes --with-default-libstdcxx-abi=new --enable-gnu-unique-object --disable-vtable-verify --enable-libmpx --enable-plugin --enable-default-pie --with-system-zlib --with-target-system-zlib --enable-objc-gc=auto --enable-multiarch --disable-werror --with-arch-32=i686 --with-abi=m64 --with-multilib-list=m32,m64,mx32 --enable-multilib --with-tune=generic --enable-offload-targets=nvptx-none --without-cuda-driver --enable-checking=release --build=x86_64-linux-gnu --host=x86_64-linux-gnu --target=x86_64-linux-gnu
Thread model: posix
gcc version 7.5.0 (Ubuntu 7.5.0-3ubuntu1~18.04) 
configure:2690: $? = 0
configure:2697: gcc -V >&5
gcc: error: unrecognized command line option '-V'
gcc: fatal error: no input files
compilation terminated.
configure:2701: $? = 1
configure:2724: checking for C compiler default output file name
configure:2746: gcc    conftest.c  >&5
configure:2750: $? = 0
configure:2788: result: a.out
configure:2807: checking whether the C compiler works
configure:2817: ./a.out
configure:2821: $? = 0
configure:2840: result: yes
configure:2847: checking whether we are cross compiling
configure:2849: result: no
configure:2852: checking for suffix of executables
configure:2859: gcc -o conftest    conftest.c  >&5
configure:2863: $? = 0
configure:2889: result: 
configure:2895: checking for suffix of object files
configure:2921: gcc -c   conftest.c >&5
configure:2925: $? = 0
configure:2950: result: o
configure:2954: checking whether we are using the GNU C compiler
configure:2983: gcc -c   conftest.c >&5
configure:2990: $? = 0
configure:3007: result: yes
configure:3016: checking whether gcc accepts -g
configure:3046: gcc -c -g  conftest.c >&5
configure:3053: $? = 0
configure:3154: result: yes
configure:3171: checking for gcc option to accept ISO C89
configure:3245: gcc  -c -g -O2  conftest.c >&5
configure:3252: $? = 0
configure:3275: result: none needed
configure:3304: checking for style of include used by make
configure:3332: result: GNU
configure:3357: checking dependency style of gcc
configure:3467: result: gcc3
configure:3496: checking for a BSD-compatible install
configure:3564: result: /usr/bin/install -c
configure:3585: checking how to run the C preprocessor
configure:3625: gcc -E  conftest.c
configure:3632: $? = 0
configure:3663: gcc -E  conftest.c
conftest.c:10:10: fatal error: ac_nonexistent.h: No such file or directory
 #include <ac_nonexistent.h>
          ^~~~~~~~~~~~~~~~~~
compilation terminated.
configure:3670: $? = 1
configure: failed program was:
| /* confdefs.h.  */
| #define PACKAGE_NAME "gsegrafix"
| #define PACKAGE_TARNAME "gsegrafix"
| #define PACKAGE_VERSION "1.0.6"
| #define PACKAGE_STRING "gsegrafix 1.0.6"
| #define PACKAGE_BUGREPORT "http://savannah.gnu.org/projects/gsegrafix"
| #define PACKAGE "gsegrafix"
| #define VERSION "1.0.6"
| /* end confdefs.h.  */
| #include <ac_nonexistent.h>
configure:3703: result: gcc -E
configure:3732: gcc -E  conftest.c
configure:3739: $? = 0
configure:3770: gcc -E  conftest.c
conftest.c:10:10: fatal error: ac_nonexistent.h: No such file or directory
 #include <ac_nonexistent.h>
          ^~~~~~~~~~~~~~~~~~
compilation terminated.
configure:3777: $? = 1
configure: failed program was:
| /* confdefs.h.  */
| #define PACKAGE_NAME "gsegrafix"
| #define PACKAGE_TARNAME "gsegrafix"
| #define PACKAGE_VERSION "1.0.6"
| #define PACKAGE_STRING "gsegrafix 1.0.6"
| #define PACKAGE_BUGREPORT "http://savannah.gnu.org/projects/gsegrafix"
| #define PACKAGE "gsegrafix"
| #define VERSION "1.0.6"
| /* end confdefs.h.  */
| #include <ac_nonexistent.h>
configure:3817: checking for grep that handles long lines and -e
configure:3877: result: /bin/grep
configure:3882: checking for egrep
configure:3946: result: /bin/grep -E
configure:3951: checking for ANSI C header files
configure:3981: gcc -c -g -O2  conftest.c >&5
configure:3988: $? = 0
configure:4087: gcc -o conftest -g -O2   conftest.c  >&5
configure:4091: $? = 0
configure:4097: ./conftest
configure:4101: $? = 0
configure:4119: result: yes
configure:4143: checking for sys/types.h
configure:4164: gcc -c -g -O2  conftest.c >&5
configure:4171: $? = 0
configure:4188: result: yes
configure:4143: checking for sys/stat.h
configure:4164: gcc -c -g -O2  conftest.c >&5
configure:4171: $? = 0
configure:4188: result: yes
configure:4143: checking for stdlib.h
configure:4164: gcc -c -g -O2  conftest.c >&5
configure:4171: $? = 0
configure:4188: result: yes
configure:4143: checking for string.h
configure:4164: gcc -c -g -O2  conftest.c >&5
configure:4171: $? = 0
configure:4188: result: yes
configure:4143: checking for memory.h
configure:4164: gcc -c -g -O2  conftest.c >&5
configure:4171: $? = 0
configure:4188: result: yes
configure:4143: checking for strings.h
configure:4164: gcc -c -g -O2  conftest.c >&5
configure:4171: $? = 0
configure:4188: result: yes
configure:4143: checking for inttypes.h
configure:4164: gcc -c -g -O2  conftest.c >&5
configure:4171: $? = 0
configure:4188: result: yes
configure:4143: checking for stdint.h
configure:4164: gcc -c -g -O2  conftest.c >&5
configure:4171: $? = 0
configure:4188: result: yes
configure:4143: checking for unistd.h
configure:4164: gcc -c -g -O2  conftest.c >&5
configure:4171: $? = 0
configure:4188: result: yes
configure:4219: checking float.h usability
configure:4236: gcc -c -g -O2  conftest.c >&5
configure:4243: $? = 0
configure:4257: result: yes
configure:4261: checking float.h presence
configure:4276: gcc -E  conftest.c
configure:4283: $? = 0
configure:4297: result: yes
configure:4330: checking for float.h
configure:4339: result: yes
configure:4208: checking for string.h
configure:4215: result: yes
configure:4356: checking for size_t
configure:4384: gcc -c -g -O2  conftest.c >&5
configure:4391: $? = 0
configure:4418: gcc -c -g -O2  conftest.c >&5
conftest.c: In function 'main':
conftest.c:58:21: error: expected expression before ')' token
 if (sizeof ((size_t)))
                     ^
configure:4425: $? = 1
configure: failed program was:
| /* confdefs.h.  */
| #define PACKAGE_NAME "gsegrafix"
| #define PACKAGE_TARNAME "gsegrafix"
| #define PACKAGE_VERSION "1.0.6"
| #define PACKAGE_STRING "gsegrafix 1.0.6"
| #define PACKAGE_BUGREPORT "http://savannah.gnu.org/projects/gsegrafix"
| #define PACKAGE "gsegrafix"
| #define VERSION "1.0.6"
| #define STDC_HEADERS 1
| #define HAVE_SYS_TYPES_H 1
| #define HAVE_SYS_STAT_H 1
| #define HAVE_STDLIB_H 1
| #define HAVE_STRING_H 1
| #define HAVE_MEMORY_H 1
| #define HAVE_STRINGS_H 1
| #define HAVE_INTTYPES_H 1
| #define HAVE_STDINT_H 1
| #define HAVE_UNISTD_H 1
| #define HAVE_FLOAT_H 1
| #define HAVE_STRING_H 1
| /* end confdefs.h.  */
| #include <stdio.h>
| #ifdef HAVE_SYS_TYPES_H
| # include <sys/types.h>
| #endif
| #ifdef HAVE_SYS_STAT_H
| # include <sys/stat.h>
| #endif
| #ifdef STDC_HEADERS
| # include <stdlib.h>
| # include <stddef.h>
| #else
| # ifdef HAVE_STDLIB_H
| #  include <stdlib.h>
| # endif
| #endif
| #ifdef HAVE_STRING_H
| # if !defined STDC_HEADERS && defined HAVE_MEMORY_H
| #  include <memory.h>
| # endif
| # include <string.h>
| #endif
| #ifdef HAVE_STRINGS_H
| # include <strings.h>
| #endif
| #ifdef HAVE_INTTYPES_H
| # include <inttypes.h>
| #endif
| #ifdef HAVE_STDINT_H
| # include <stdint.h>
| #endif
| #ifdef HAVE_UNISTD_H
| # include <unistd.h>
| #endif
| int
| main ()
| {
| if (sizeof ((size_t)))
| 	  return 0;
|   ;
|   return 0;
| }
configure:4448: result: yes
configure:4467: checking for stdlib.h
configure:4474: result: yes
configure:4613: checking for GNU libc compatible malloc
configure:4647: gcc -o conftest -g -O2   conftest.c  >&5
configure:4651: $? = 0
configure:4657: ./conftest
configure:4661: $? = 0
configure:4678: result: yes
configure:4717: checking for atexit
configure:4773: gcc -o conftest -g -O2   conftest.c  >&5
configure:4780: $? = 0
configure:4802: result: yes
configure:4717: checking for floor
configure:4773: gcc -o conftest -g -O2   conftest.c  >&5
conftest.c:48:6: warning: conflicting types for built-in function 'floor' [-Wbuiltin-declaration-mismatch]
 char floor ();
      ^~~~~
/tmp/cc6KTuvf.o: In function `main':
/home/carolhanna/Security_Project/gnu_dataset/gsegrafix-1.0.6/conftest.c:59: undefined reference to `floor'
collect2: error: ld returned 1 exit status
configure:4780: $? = 1
configure: failed program was:
| /* confdefs.h.  */
| #define PACKAGE_NAME "gsegrafix"
| #define PACKAGE_TARNAME "gsegrafix"
| #define PACKAGE_VERSION "1.0.6"
| #define PACKAGE_STRING "gsegrafix 1.0.6"
| #define PACKAGE_BUGREPORT "http://savannah.gnu.org/projects/gsegrafix"
| #define PACKAGE "gsegrafix"
| #define VERSION "1.0.6"
| #define STDC_HEADERS 1
| #define HAVE_SYS_TYPES_H 1
| #define HAVE_SYS_STAT_H 1
| #define HAVE_STDLIB_H 1
| #define HAVE_STRING_H 1
| #define HAVE_MEMORY_H 1
| #define HAVE_STRINGS_H 1
| #define HAVE_INTTYPES_H 1
| #define HAVE_STDINT_H 1
| #define HAVE_UNISTD_H 1
| #define HAVE_FLOAT_H 1
| #define HAVE_STRING_H 1
| #define HAVE_STDLIB_H 1
| #define HAVE_MALLOC 1
| #define HAVE_ATEXIT 1
| /* end confdefs.h.  */
| /* Define floor to an innocuous variant, in case <limits.h> declares floor.
|    For example, HP-UX 11i <limits.h> declares gettimeofday.  */
| #define floor innocuous_floor
| 
| /* System header to define __stub macros and hopefully few prototypes,
|     which can conflict with char floor (); below.
|     Prefer <limits.h> to <assert.h> if __STDC__ is defined, since
|     <limits.h> exists even on freestanding compilers.  */
| 
| #ifdef __STDC__
| # include <limits.h>
| #else
| # include <assert.h>
| #endif
| 
| #undef floor
| 
| /* Override any GCC internal prototype to avoid an error.
|    Use char because int might match the return type of a GCC
|    builtin and then its argument prototype would still apply.  */
| #ifdef __cplusplus
| extern "C"
| #endif
| char floor ();
| /* The GNU C library defines this for functions which it implements
|     to always fail with ENOSYS.  Some functions are actually named
|     something starting with __ and the normal name is an alias.  */
| #if defined __stub_floor || defined __stub___floor
| choke me
| #endif
| 
| int
| main ()
| {
| return floor ();
|   ;
|   return 0;
| }
configure:4802: result: no
configure:4717: checking for memset
configure:4773: gcc -o conftest -g -O2   conftest.c  >&5
conftest.c:48:6: warning: conflicting types for built-in function 'memset' [-Wbuiltin-declaration-mismatch]
 char memset ();
      ^~~~~~
configure:4780: $? = 0
configure:4802: result: yes
configure:4717: checking for pow
configure:4773: gcc -o conftest -g -O2   conftest.c  >&5
conftest.c:49:6: warning: conflicting types for built-in function 'pow' [-Wbuiltin-declaration-mismatch]
 char pow ();
      ^~~
/tmp/cc5Tzzas.o: In function `main':
/home/carolhanna/Security_Project/gnu_dataset/gsegrafix-1.0.6/conftest.c:60: undefined reference to `pow'
collect2: error: ld returned 1 exit status
configure:4780: $? = 1
configure: failed program was:
| /* confdefs.h.  */
| #define PACKAGE_NAME "gsegrafix"
| #define PACKAGE_TARNAME "gsegrafix"
| #define PACKAGE_VERSION "1.0.6"
| #define PACKAGE_STRING "gsegrafix 1.0.6"
| #define PACKAGE_BUGREPORT "http://savannah.gnu.org/projects/gsegrafix"
| #define PACKAGE "gsegrafix"
| #define VERSION "1.0.6"
| #define STDC_HEADERS 1
| #define HAVE_SYS_TYPES_H 1
| #define HAVE_SYS_STAT_H 1
| #define HAVE_STDLIB_H 1
| #define HAVE_STRING_H 1
| #define HAVE_MEMORY_H 1
| #define HAVE_STRINGS_H 1
| #define HAVE_INTTYPES_H 1
| #define HAVE_STDINT_H 1
| #define HAVE_UNISTD_H 1
| #define HAVE_FLOAT_H 1
| #define HAVE_STRING_H 1
| #define HAVE_STDLIB_H 1
| #define HAVE_MALLOC 1
| #define HAVE_ATEXIT 1
| #define HAVE_MEMSET 1
| /* end confdefs.h.  */
| /* Define pow to an innocuous variant, in case <limits.h> declares pow.
|    For example, HP-UX 11i <limits.h> declares gettimeofday.  */
| #define pow innocuous_pow
| 
| /* System header to define __stub macros and hopefully few prototypes,
|     which can conflict with char pow (); below.
|     Prefer <limits.h> to <assert.h> if __STDC__ is defined, since
|     <limits.h> exists even on freestanding compilers.  */
| 
| #ifdef __STDC__
| # include <limits.h>
| #else
| # include <assert.h>
| #endif
| 
| #undef pow
| 
| /* Override any GCC internal prototype to avoid an error.
|    Use char because int might match the return type of a GCC
|    builtin and then its argument prototype would still apply.  */
| #ifdef __cplusplus
| extern "C"
| #endif
| char pow ();
| /* The GNU C library defines this for functions which it implements
|     to always fail with ENOSYS.  Some functions are actually named
|     something starting with __ and the normal name is an alias.  */
| #if defined __stub_pow || defined __stub___pow
| choke me
| #endif
| 
| int
| main ()
| {
| return pow ();
|   ;
|   return 0;
| }
configure:4802: result: no
configure:4717: checking for snprintf
configure:4773: gcc -o conftest -g -O2   conftest.c  >&5
conftest.c:49:6: warning: conflicting types for built-in function 'snprintf' [-Wbuiltin-declaration-mismatch]
 char snprintf ();
      ^~~~~~~~
configure:4780: $? = 0
configure:4802: result: yes
configure:4717: checking for sqrt
configure:4773: gcc -o conftest -g -O2   conftest.c  >&5
conftest.c:50:6: warning: conflicting types for built-in function 'sqrt' [-Wbuiltin-declaration-mismatch]
 char sqrt ();
      ^~~~
/tmp/ccjKPnzE.o: In function `main':
/home/carolhanna/Security_Project/gnu_dataset/gsegrafix-1.0.6/conftest.c:61: undefined reference to `sqrt'
collect2: error: ld returned 1 exit status
configure:4780: $? = 1
configure: failed program was:
| /* confdefs.h.  */
| #define PACKAGE_NAME "gsegrafix"
| #define PACKAGE_TARNAME "gsegrafix"
| #define PACKAGE_VERSION "1.0.6"
| #define PACKAGE_STRING "gsegrafix 1.0.6"
| #define PACKAGE_BUGREPORT "http://savannah.gnu.org/projects/gsegrafix"
| #define PACKAGE "gsegrafix"
| #define VERSION "1.0.6"
| #define STDC_HEADERS 1
| #define HAVE_SYS_TYPES_H 1
| #define HAVE_SYS_STAT_H 1
| #define HAVE_STDLIB_H 1
| #define HAVE_STRING_H 1
| #define HAVE_MEMORY_H 1
| #define HAVE_STRINGS_H 1
| #define HAVE_INTTYPES_H 1
| #define HAVE_STDINT_H 1
| #define HAVE_UNISTD_H 1
| #define HAVE_FLOAT_H 1
| #define HAVE_STRING_H 1
| #define HAVE_STDLIB_H 1
| #define HAVE_MALLOC 1
| #define HAVE_ATEXIT 1
| #define HAVE_MEMSET 1
| #define HAVE_SNPRINTF 1
| /* end confdefs.h.  */
| /* Define sqrt to an innocuous variant, in case <limits.h> declares sqrt.
|    For example, HP-UX 11i <limits.h> declares gettimeofday.  */
| #define sqrt innocuous_sqrt
| 
| /* System header to define __stub macros and hopefully few prototypes,
|     which can conflict with char sqrt (); below.
|     Prefer <limits.h> to <assert.h> if __STDC__ is defined, since
|     <limits.h> exists even on freestanding compilers.  */
| 
| #ifdef __STDC__
| # include <limits.h>
| #else
| # include <assert.h>
| #endif
| 
| #undef sqrt
| 
| /* Override any GCC internal prototype to avoid an error.
|    Use char because int might match the return type of a GCC
|    builtin and then its argument prototype would still apply.  */
| #ifdef __cplusplus
| extern "C"
| #endif
| char sqrt ();
| /* The GNU C library defines this for functions which it implements
|     to always fail with ENOSYS.  Some functions are actually named
|     something starting with __ and the normal name is an alias.  */
| #if defined __stub_sqrt || defined __stub___sqrt
| choke me
| #endif
| 
| int
| main ()
| {
| return sqrt ();
|   ;
|   return 0;
| }
configure:4802: result: no
configure:4717: checking for strchr
configure:4773: gcc -o conftest -g -O2   conftest.c  >&5
conftest.c:50:6: warning: conflicting types for built-in function 'strchr' [-Wbuiltin-declaration-mismatch]
 char strchr ();
      ^~~~~~
configure:4780: $? = 0
configure:4802: result: yes
configure:4717: checking for strrchr
configure:4773: gcc -o conftest -g -O2   conftest.c  >&5
conftest.c:51:6: warning: conflicting types for built-in function 'strrchr' [-Wbuiltin-declaration-mismatch]
 char strrchr ();
      ^~~~~~~
configure:4780: $? = 0
configure:4802: result: yes
configure:4866: checking for pkg-config
configure:4884: found /usr/bin/pkg-config
configure:4896: result: /usr/bin/pkg-config
configure:4921: checking pkg-config is at least version 0.9.0
configure:4924: result: yes
configure:4935: checking for GNOME
configure:4942: $PKG_CONFIG --exists --print-errors "$GNOME_MODULES"
Package libgnomeui-2.0 was not found in the pkg-config search path.
Perhaps you should add the directory containing `libgnomeui-2.0.pc'
to the PKG_CONFIG_PATH environment variable
No package 'libgnomeui-2.0' found
configure:4945: $? = 1
configure:4958: $PKG_CONFIG --exists --print-errors "$GNOME_MODULES"
Package libgnomeui-2.0 was not found in the pkg-config search path.
Perhaps you should add the directory containing `libgnomeui-2.0.pc'
to the PKG_CONFIG_PATH environment variable
No package 'libgnomeui-2.0' found
configure:4961: $? = 1
No package 'libgnomeui-2.0' found
configure:4998: error: Package requirements (libgnomeui-2.0 >= 2.0.0) were not met:

No package 'libgnomeui-2.0' found

Consider adjusting the PKG_CONFIG_PATH environment variable if you
installed software in a non-standard prefix.

Alternatively, you may set the environment variables GNOME_CFLAGS
and GNOME_LIBS to avoid the need to call pkg-config.
See the pkg-config man page for more details.


## ---------------- ##
## Cache variables. ##
## ---------------- ##

ac_cv_c_compiler_gnu=yes
ac_cv_env_CC_set=
ac_cv_env_CC_value=
ac_cv_env_CFLAGS_set=
ac_cv_env_CFLAGS_value=
ac_cv_env_CPPFLAGS_set=
ac_cv_env_CPPFLAGS_value=
ac_cv_env_CPP_set=
ac_cv_env_CPP_value=
ac_cv_env_GNOME_CFLAGS_set=
ac_cv_env_GNOME_CFLAGS_value=
ac_cv_env_GNOME_LIBS_set=
ac_cv_env_GNOME_LIBS_value=
ac_cv_env_LDFLAGS_set=
ac_cv_env_LDFLAGS_value=
ac_cv_env_LIBS_set=
ac_cv_env_LIBS_value=
ac_cv_env_PKG_CONFIG_set=
ac_cv_env_PKG_CONFIG_value=
ac_cv_env_build_alias_set=
ac_cv_env_build_alias_value=
ac_cv_env_host_alias_set=
ac_cv_env_host_alias_value=
ac_cv_env_target_alias_set=
ac_cv_env_target_alias_value=
ac_cv_func_atexit=yes
ac_cv_func_floor=no
ac_cv_func_malloc_0_nonnull=yes
ac_cv_func_memset=yes
ac_cv_func_pow=no
ac_cv_func_snprintf=yes
ac_cv_func_sqrt=no
ac_cv_func_strchr=yes
ac_cv_func_strrchr=yes
ac_cv_header_float_h=yes
ac_cv_header_inttypes_h=yes
ac_cv_header_memory_h=yes
ac_cv_header_stdc=yes
ac_cv_header_stdint_h=yes
ac_cv_header_stdlib_h=yes
ac_cv_header_string_h=yes
ac_cv_header_strings_h=yes
ac_cv_header_sys_stat_h=yes
ac_cv_header_sys_types_h=yes
ac_cv_header_unistd_h=yes
ac_cv_objext=o
ac_cv_path_EGREP='/bin/grep -E'
ac_cv_path_GREP=/bin/grep
ac_cv_path_ac_pt_PKG_CONFIG=/usr/bin/pkg-config
ac_cv_path_install='/usr/bin/install -c'
ac_cv_path_mkdir=/bin/mkdir
ac_cv_prog_AWK=gawk
ac_cv_prog_CPP='gcc -E'
ac_cv_prog_ac_ct_CC=gcc
ac_cv_prog_cc_c89=
ac_cv_prog_cc_g=yes
ac_cv_prog_make_make_set=yes
ac_cv_type_size_t=yes
am_cv_CC_dependencies_compiler_type=gcc3

## ----------------- ##
## Output variables. ##
## ----------------- ##

ACLOCAL='${SHELL} /home/carolhanna/Security_Project/gnu_dataset/gsegrafix-1.0.6/missing --run aclocal-1.11'
AMDEPBACKSLASH='\'
AMDEP_FALSE='#'
AMDEP_TRUE=''
AMTAR='${SHELL} /home/carolhanna/Security_Project/gnu_dataset/gsegrafix-1.0.6/missing --run tar'
AUTOCONF='${SHELL} /home/carolhanna/Security_Project/gnu_dataset/gsegrafix-1.0.6/missing --run autoconf'
AUTOHEADER='${SHELL} /home/carolhanna/Security_Project/gnu_dataset/gsegrafix-1.0.6/missing --run autoheader'
AUTOMAKE='${SHELL} /home/carolhanna/Security_Project/gnu_dataset/gsegrafix-1.0.6/missing --run automake-1.11'
AWK='gawk'
CC='gcc'
CCDEPMODE='depmode=gcc3'
CFLAGS='-g -O2'
CPP='gcc -E'
CPPFLAGS=''
CYGPATH_W='echo'
DEFS=''
DEPDIR='.deps'
ECHO_C=''
ECHO_N='-n'
ECHO_T=''
EGREP='/bin/grep -E'
EXEEXT=''
GNOME_CFLAGS=''
GNOME_LIBS=''
GREP='/bin/grep'
INSTALL_DATA='${INSTALL} -m 644'
INSTALL_PROGRAM='${INSTALL}'
INSTALL_SCRIPT='${INSTALL}'
INSTALL_STRIP_PROGRAM='$(install_sh) -c -s'
LDFLAGS=''
LIBOBJS=''
LIBS=''
LTLIBOBJS=''
MAKEINFO='${SHELL} /home/carolhanna/Security_Project/gnu_dataset/gsegrafix-1.0.6/missing --run makeinfo'
MKDIR_P='/bin/mkdir -p'
OBJEXT='o'
PACKAGE='gsegrafix'
PACKAGE_BUGREPORT='http://savannah.gnu.org/projects/gsegrafix'
PACKAGE_NAME='gsegrafix'
PACKAGE_STRING='gsegrafix 1.0.6'
PACKAGE_TARNAME='gsegrafix'
PACKAGE_VERSION='1.0.6'
PATH_SEPARATOR=':'
PKG_CONFIG='/usr/bin/pkg-config'
SET_MAKE=''
SHELL='/bin/bash'
STRIP=''
VERSION='1.0.6'
ac_ct_CC='gcc'
am__EXEEXT_FALSE=''
am__EXEEXT_TRUE=''
am__fastdepCC_FALSE='#'
am__fastdepCC_TRUE=''
am__include='include'
am__isrc=''
am__leading_dot='.'
am__quote=''
am__tar='${AMTAR} chof - "$$tardir"'
am__untar='${AMTAR} xf -'
bindir='${exec_prefix}/bin'
build_alias=''
datadir='${datarootdir}'
datarootdir='${prefix}/share'
docdir='${datarootdir}/doc/${PACKAGE_TARNAME}'
dvidir='${docdir}'
exec_prefix='NONE'
host_alias=''
htmldir='${docdir}'
includedir='${prefix}/include'
infodir='${datarootdir}/info'
install_sh='${SHELL} /home/carolhanna/Security_Project/gnu_dataset/gsegrafix-1.0.6/install-sh'
libdir='${exec_prefix}/lib'
libexecdir='${exec_prefix}/libexec'
localedir='${datarootdir}/locale'
localstatedir='${prefix}/var'
mandir='${datarootdir}/man'
mkdir_p='/bin/mkdir -p'
oldincludedir='/usr/include'
pdfdir='${docdir}'
prefix='NONE'
program_transform_name='s,x,x,'
psdir='${docdir}'
sbindir='${exec_prefix}/sbin'
sharedstatedir='${prefix}/com'
sysconfdir='${prefix}/etc'
target_alias=''

## ----------- ##
## confdefs.h. ##
## ----------- ##

#define PACKAGE_NAME "gsegrafix"
#define PACKAGE_TARNAME "gsegrafix"
#define PACKAGE_VERSION "1.0.6"
#define PACKAGE_STRING "gsegrafix 1.0.6"
#define PACKAGE_BUGREPORT "http://savannah.gnu.org/projects/gsegrafix"
#define PACKAGE "gsegrafix"
#define VERSION "1.0.6"
#define STDC_HEADERS 1
#define HAVE_SYS_TYPES_H 1
#define HAVE_SYS_STAT_H 1
#define HAVE_STDLIB_H 1
#define HAVE_STRING_H 1
#define HAVE_MEMORY_H 1
#define HAVE_STRINGS_H 1
#define HAVE_INTTYPES_H 1
#define HAVE_STDINT_H 1
#define HAVE_UNISTD_H 1
#define HAVE_FLOAT_H 1
#define HAVE_STRING_H 1
#define HAVE_STDLIB_H 1
#define HAVE_MALLOC 1
#define HAVE_ATEXIT 1
#define HAVE_MEMSET 1
#define HAVE_SNPRINTF 1
#define HAVE_STRCHR 1
#define HAVE_STRRCHR 1

configure: exit 1
