This file contains any messages produced by compilers while
running configure, to aid debugging if configure makes a mistake.

It was created by src/btsched.c configure 1.9, which was
generated by GNU Autoconf 2.68.  Invocation command line was

  $ ./configure 

## --------- ##
## Platform. ##
## --------- ##

hostname = rishon
uname -m = x86_64
uname -r = 4.15.0-72-generic
uname -s = Linux
uname -v = #81-Ubuntu SMP Tue Nov 26 12:20:02 UTC 2019

/usr/bin/uname -p = unknown
/bin/uname -X     = unknown

/bin/arch              = unknown
/usr/bin/arch -k       = unknown
/usr/convex/getsysinfo = unknown
/usr/bin/hostinfo      = unknown
/bin/machine           = unknown
/usr/bin/oslevel       = unknown
/bin/universe          = unknown

PATH: /home/carolhanna/miniconda3/bin
PATH: /home/carolhanna/miniconda3/condabin
PATH: /usr/local/sbin
PATH: /usr/local/bin
PATH: /usr/sbin
PATH: /usr/bin
PATH: /sbin
PATH: /bin
PATH: /usr/games
PATH: /usr/local/games
PATH: /snap/bin


## ----------- ##
## Core tests. ##
## ----------- ##

configure:2499: result: Configuring for Release 1.9
configure:2733: checking build system type
configure:2747: result: x86_64-unknown-linux-gnu
configure:2767: checking host system type
configure:2780: result: x86_64-unknown-linux-gnu
configure:2800: checking target system type
configure:2813: result: x86_64-unknown-linux-gnu
configure:2842: checking whether make sets $(MAKE)
configure:2864: result: yes
configure:2887: checking for a BSD-compatible install
configure:2955: result: /usr/bin/install -c
configure:2970: checking for bison
configure:3000: result: no
configure:2970: checking for byacc
configure:3000: result: no
configure:3057: checking for gcc
configure:3073: found /usr/bin/gcc
configure:3084: result: gcc
configure:3313: checking for C compiler version
configure:3322: gcc --version >&5
gcc (Ubuntu 7.5.0-3ubuntu1~18.04) 7.5.0
Copyright (C) 2017 Free Software Foundation, Inc.
This is free software; see the source for copying conditions.  There is NO
warranty; not even for MERCHANTABILITY or FITNESS FOR A PARTICULAR PURPOSE.

configure:3333: $? = 0
configure:3322: gcc -v >&5
Using built-in specs.
COLLECT_GCC=gcc
COLLECT_LTO_WRAPPER=/usr/lib/gcc/x86_64-linux-gnu/7/lto-wrapper
OFFLOAD_TARGET_NAMES=nvptx-none
OFFLOAD_TARGET_DEFAULT=1
Target: x86_64-linux-gnu
Configured with: ../src/configure -v --with-pkgversion='Ubuntu 7.5.0-3ubuntu1~18.04' --with-bugurl=file:///usr/share/doc/gcc-7/README.Bugs --enable-languages=c,ada,c++,go,brig,d,fortran,objc,obj-c++ --prefix=/usr --with-gcc-major-version-only --program-suffix=-7 --program-prefix=x86_64-linux-gnu- --enable-shared --enable-linker-build-id --libexecdir=/usr/lib --without-included-gettext --enable-threads=posix --libdir=/usr/lib --enable-nls --enable-bootstrap --enable-clocale=gnu --enable-libstdcxx-debug --enable-libstdcxx-time=yes --with-default-libstdcxx-abi=new --enable-gnu-unique-object --disable-vtable-verify --enable-libmpx --enable-plugin --enable-default-pie --with-system-zlib --with-target-system-zlib --enable-objc-gc=auto --enable-multiarch --disable-werror --with-arch-32=i686 --with-abi=m64 --with-multilib-list=m32,m64,mx32 --enable-multilib --with-tune=generic --enable-offload-targets=nvptx-none --without-cuda-driver --enable-checking=release --build=x86_64-linux-gnu --host=x86_64-linux-gnu --target=x86_64-linux-gnu
Thread model: posix
gcc version 7.5.0 (Ubuntu 7.5.0-3ubuntu1~18.04) 
configure:3333: $? = 0
configure:3322: gcc -V >&5
gcc: error: unrecognized command line option '-V'
gcc: fatal error: no input files
compilation terminated.
configure:3333: $? = 1
configure:3322: gcc -qversion >&5
gcc: error: unrecognized command line option '-qversion'; did you mean '--version'?
gcc: fatal error: no input files
compilation terminated.
configure:3333: $? = 1
configure:3353: checking whether the C compiler works
configure:3375: gcc    conftest.c  >&5
configure:3379: $? = 0
configure:3427: result: yes
configure:3430: checking for C compiler default output file name
configure:3432: result: a.out
configure:3438: checking for suffix of executables
configure:3445: gcc -o conftest    conftest.c  >&5
configure:3449: $? = 0
configure:3471: result: 
configure:3493: checking whether we are cross compiling
configure:3501: gcc -o conftest    conftest.c  >&5
configure:3505: $? = 0
configure:3512: ./conftest
configure:3516: $? = 0
configure:3531: result: no
configure:3536: checking for suffix of object files
configure:3558: gcc -c   conftest.c >&5
configure:3562: $? = 0
configure:3583: result: o
configure:3587: checking whether we are using the GNU C compiler
configure:3606: gcc -c   conftest.c >&5
configure:3606: $? = 0
configure:3615: result: yes
configure:3624: checking whether gcc accepts -g
configure:3644: gcc -c -g  conftest.c >&5
configure:3644: $? = 0
configure:3685: result: yes
configure:3702: checking for gcc option to accept ISO C89
configure:3766: gcc  -c -g -O2  conftest.c >&5
configure:3766: $? = 0
configure:3779: result: none needed
configure:3804: checking for flex
configure:3834: result: no
configure:3804: checking for lex
configure:3834: result: no
configure:3961: checking for mail
configure:3994: result: no
configure:4001: checking for sh
configure:4019: found /bin/sh
configure:4031: result: /bin/sh
configure:4041: checking for perl
configure:4059: found /usr/bin/perl
configure:4071: result: /usr/bin/perl
configure:4084: checking how to run the C preprocessor
configure:4115: gcc -E  conftest.c
configure:4115: $? = 0
configure:4129: gcc -E  conftest.c
conftest.c:11:10: fatal error: ac_nonexistent.h: No such file or directory
 #include <ac_nonexistent.h>
          ^~~~~~~~~~~~~~~~~~
compilation terminated.
configure:4129: $? = 1
configure: failed program was:
| /* confdefs.h */
| #define PACKAGE_NAME "src/btsched.c"
| #define PACKAGE_TARNAME "src-btsched-c"
| #define PACKAGE_VERSION "1.9"
| #define PACKAGE_STRING "src/btsched.c 1.9"
| #define PACKAGE_BUGREPORT ""
| #define PACKAGE_URL ""
| #define NETWORK_VERSION 1
| #define USING_FLOCK 1
| /* end confdefs.h.  */
| #include <ac_nonexistent.h>
configure:4154: result: gcc -E
configure:4174: gcc -E  conftest.c
configure:4174: $? = 0
configure:4188: gcc -E  conftest.c
conftest.c:11:10: fatal error: ac_nonexistent.h: No such file or directory
 #include <ac_nonexistent.h>
          ^~~~~~~~~~~~~~~~~~
compilation terminated.
configure:4188: $? = 1
configure: failed program was:
| /* confdefs.h */
| #define PACKAGE_NAME "src/btsched.c"
| #define PACKAGE_TARNAME "src-btsched-c"
| #define PACKAGE_VERSION "1.9"
| #define PACKAGE_STRING "src/btsched.c 1.9"
| #define PACKAGE_BUGREPORT ""
| #define PACKAGE_URL ""
| #define NETWORK_VERSION 1
| #define USING_FLOCK 1
| /* end confdefs.h.  */
| #include <ac_nonexistent.h>
configure:4217: checking for grep that handles long lines and -e
configure:4275: result: /bin/grep
configure:4280: checking for egrep
configure:4342: result: /bin/grep -E
configure:4525: checking for socket
configure:4525: gcc -o conftest -g -O2   conftest.c  >&5
configure:4525: $? = 0
configure:4525: result: yes
configure:4528: result: Socket stuff apparently in C library
configure:4741: checking for long file names
configure:4773: result: yes
configure:4784: checking for dirent.h that defines DIR
configure:4803: gcc -c -g -O2  conftest.c >&5
configure:4803: $? = 0
configure:4811: result: yes
configure:4824: checking for library containing opendir
configure:4855: gcc -o conftest -g -O2   conftest.c  >&5
configure:4855: $? = 0
configure:4872: result: none required
configure:4939: checking for ANSI C header files
configure:4959: gcc -c -g -O2  conftest.c >&5
configure:4959: $? = 0
configure:5032: gcc -o conftest -g -O2   conftest.c  >&5
configure:5032: $? = 0
configure:5032: ./conftest
configure:5032: $? = 0
configure:5043: result: yes
configure:5056: checking for sys/types.h
configure:5056: gcc -c -g -O2  conftest.c >&5
configure:5056: $? = 0
configure:5056: result: yes
configure:5056: checking for sys/stat.h
configure:5056: gcc -c -g -O2  conftest.c >&5
configure:5056: $? = 0
configure:5056: result: yes
configure:5056: checking for stdlib.h
configure:5056: gcc -c -g -O2  conftest.c >&5
configure:5056: $? = 0
configure:5056: result: yes
configure:5056: checking for string.h
configure:5056: gcc -c -g -O2  conftest.c >&5
configure:5056: $? = 0
configure:5056: result: yes
configure:5056: checking for memory.h
configure:5056: gcc -c -g -O2  conftest.c >&5
configure:5056: $? = 0
configure:5056: result: yes
configure:5056: checking for strings.h
configure:5056: gcc -c -g -O2  conftest.c >&5
configure:5056: $? = 0
configure:5056: result: yes
configure:5056: checking for inttypes.h
configure:5056: gcc -c -g -O2  conftest.c >&5
configure:5056: $? = 0
configure:5056: result: yes
configure:5056: checking for stdint.h
configure:5056: gcc -c -g -O2  conftest.c >&5
configure:5056: $? = 0
configure:5056: result: yes
configure:5056: checking for unistd.h
configure:5056: gcc -c -g -O2  conftest.c >&5
configure:5056: $? = 0
configure:5056: result: yes
configure:5071: checking fcntl.h usability
configure:5071: gcc -c -g -O2  conftest.c >&5
configure:5071: $? = 0
configure:5071: result: yes
configure:5071: checking fcntl.h presence
configure:5071: gcc -E  conftest.c
configure:5071: $? = 0
configure:5071: result: yes
configure:5071: checking for fcntl.h
configure:5071: result: yes
configure:5071: checking limits.h usability
configure:5071: gcc -c -g -O2  conftest.c >&5
configure:5071: $? = 0
configure:5071: result: yes
configure:5071: checking limits.h presence
configure:5071: gcc -E  conftest.c
configure:5071: $? = 0
configure:5071: result: yes
configure:5071: checking for limits.h
configure:5071: result: yes
configure:5071: checking malloc.h usability
configure:5071: gcc -c -g -O2  conftest.c >&5
configure:5071: $? = 0
configure:5071: result: yes
configure:5071: checking malloc.h presence
configure:5071: gcc -E  conftest.c
configure:5071: $? = 0
configure:5071: result: yes
configure:5071: checking for malloc.h
configure:5071: result: yes
configure:5071: checking for stdlib.h
configure:5071: result: yes
configure:5071: checking termio.h usability
configure:5071: gcc -c -g -O2  conftest.c >&5
configure:5071: $? = 0
configure:5071: result: yes
configure:5071: checking termio.h presence
configure:5071: gcc -E  conftest.c
configure:5071: $? = 0
configure:5071: result: yes
configure:5071: checking for termio.h
configure:5071: result: yes
configure:5071: checking termios.h usability
configure:5071: gcc -c -g -O2  conftest.c >&5
configure:5071: $? = 0
configure:5071: result: yes
configure:5071: checking termios.h presence
configure:5071: gcc -E  conftest.c
configure:5071: $? = 0
configure:5071: result: yes
configure:5071: checking for termios.h
configure:5071: result: yes
configure:5071: checking ulimit.h usability
configure:5071: gcc -c -g -O2  conftest.c >&5
configure:5071: $? = 0
configure:5071: result: yes
configure:5071: checking ulimit.h presence
configure:5071: gcc -E  conftest.c
configure:5071: $? = 0
configure:5071: result: yes
configure:5071: checking for ulimit.h
configure:5071: result: yes
configure:5071: checking for unistd.h
configure:5071: result: yes
configure:5071: checking utime.h usability
configure:5071: gcc -c -g -O2  conftest.c >&5
configure:5071: $? = 0
configure:5071: result: yes
configure:5071: checking utime.h presence
configure:5071: gcc -E  conftest.c
configure:5071: $? = 0
configure:5071: result: yes
configure:5071: checking for utime.h
configure:5071: result: yes
configure:5071: checking wait.h usability
configure:5071: gcc -c -g -O2  conftest.c >&5
configure:5071: $? = 0
configure:5071: result: yes
configure:5071: checking wait.h presence
configure:5071: gcc -E  conftest.c
configure:5071: $? = 0
configure:5071: result: yes
configure:5071: checking for wait.h
configure:5071: result: yes
configure:5084: checking sys/ioctl.h usability
configure:5084: gcc -c -g -O2  conftest.c >&5
configure:5084: $? = 0
configure:5084: result: yes
configure:5084: checking sys/ioctl.h presence
configure:5084: gcc -E  conftest.c
configure:5084: $? = 0
configure:5084: result: yes
configure:5084: checking for sys/ioctl.h
configure:5084: result: yes
configure:5084: checking sys/select.h usability
configure:5084: gcc -c -g -O2  conftest.c >&5
configure:5084: $? = 0
configure:5084: result: yes
configure:5084: checking sys/select.h presence
configure:5084: gcc -E  conftest.c
configure:5084: $? = 0
configure:5084: result: yes
configure:5084: checking for sys/select.h
configure:5084: result: yes
configure:5084: checking sys/time.h usability
configure:5084: gcc -c -g -O2  conftest.c >&5
configure:5084: $? = 0
configure:5084: result: yes
configure:5084: checking sys/time.h presence
configure:5084: gcc -E  conftest.c
configure:5084: $? = 0
configure:5084: result: yes
configure:5084: checking for sys/time.h
configure:5084: result: yes
configure:5084: checking sys/utime.h usability
configure:5084: gcc -c -g -O2  conftest.c >&5
conftest.c:72:10: fatal error: sys/utime.h: No such file or directory
 #include <sys/utime.h>
          ^~~~~~~~~~~~~
compilation terminated.
configure:5084: $? = 1
configure: failed program was:
| /* confdefs.h */
| #define PACKAGE_NAME "src/btsched.c"
| #define PACKAGE_TARNAME "src-btsched-c"
| #define PACKAGE_VERSION "1.9"
| #define PACKAGE_STRING "src/btsched.c 1.9"
| #define PACKAGE_BUGREPORT ""
| #define PACKAGE_URL ""
| #define NETWORK_VERSION 1
| #define USING_FLOCK 1
| #define SOCKLEN_T socklen_t
| #define OS_LINUX 1
| #define BUGGY_DELCURTERM 1
| #define HAVE_LONG_FILE_NAMES 1
| #define HAVE_DIRENT_H 1
| #define STDC_HEADERS 1
| #define HAVE_SYS_TYPES_H 1
| #define HAVE_SYS_STAT_H 1
| #define HAVE_STDLIB_H 1
| #define HAVE_STRING_H 1
| #define HAVE_MEMORY_H 1
| #define HAVE_STRINGS_H 1
| #define HAVE_INTTYPES_H 1
| #define HAVE_STDINT_H 1
| #define HAVE_UNISTD_H 1
| #define HAVE_FCNTL_H 1
| #define HAVE_LIMITS_H 1
| #define HAVE_MALLOC_H 1
| #define HAVE_STDLIB_H 1
| #define HAVE_TERMIO_H 1
| #define HAVE_TERMIOS_H 1
| #define HAVE_ULIMIT_H 1
| #define HAVE_UNISTD_H 1
| #define HAVE_UTIME_H 1
| #define HAVE_WAIT_H 1
| #define HAVE_SYS_IOCTL_H 1
| #define HAVE_SYS_SELECT_H 1
| #define HAVE_SYS_TIME_H 1
| /* end confdefs.h.  */
| #include <stdio.h>
| #ifdef HAVE_SYS_TYPES_H
| # include <sys/types.h>
| #endif
| #ifdef HAVE_SYS_STAT_H
| # include <sys/stat.h>
| #endif
| #ifdef STDC_HEADERS
| # include <stdlib.h>
| # include <stddef.h>
| #else
| # ifdef HAVE_STDLIB_H
| #  include <stdlib.h>
| # endif
| #endif
| #ifdef HAVE_STRING_H
| # if !defined STDC_HEADERS && defined HAVE_MEMORY_H
| #  include <memory.h>
| # endif
| # include <string.h>
| #endif
| #ifdef HAVE_STRINGS_H
| # include <strings.h>
| #endif
| #ifdef HAVE_INTTYPES_H
| # include <inttypes.h>
| #endif
| #ifdef HAVE_STDINT_H
| # include <stdint.h>
| #endif
| #ifdef HAVE_UNISTD_H
| # include <unistd.h>
| #endif
| #include <sys/utime.h>
configure:5084: result: no
configure:5084: checking sys/utime.h presence
configure:5084: gcc -E  conftest.c
conftest.c:39:10: fatal error: sys/utime.h: No such file or directory
 #include <sys/utime.h>
          ^~~~~~~~~~~~~
compilation terminated.
configure:5084: $? = 1
configure: failed program was:
| /* confdefs.h */
| #define PACKAGE_NAME "src/btsched.c"
| #define PACKAGE_TARNAME "src-btsched-c"
| #define PACKAGE_VERSION "1.9"
| #define PACKAGE_STRING "src/btsched.c 1.9"
| #define PACKAGE_BUGREPORT ""
| #define PACKAGE_URL ""
| #define NETWORK_VERSION 1
| #define USING_FLOCK 1
| #define SOCKLEN_T socklen_t
| #define OS_LINUX 1
| #define BUGGY_DELCURTERM 1
| #define HAVE_LONG_FILE_NAMES 1
| #define HAVE_DIRENT_H 1
| #define STDC_HEADERS 1
| #define HAVE_SYS_TYPES_H 1
| #define HAVE_SYS_STAT_H 1
| #define HAVE_STDLIB_H 1
| #define HAVE_STRING_H 1
| #define HAVE_MEMORY_H 1
| #define HAVE_STRINGS_H 1
| #define HAVE_INTTYPES_H 1
| #define HAVE_STDINT_H 1
| #define HAVE_UNISTD_H 1
| #define HAVE_FCNTL_H 1
| #define HAVE_LIMITS_H 1
| #define HAVE_MALLOC_H 1
| #define HAVE_STDLIB_H 1
| #define HAVE_TERMIO_H 1
| #define HAVE_TERMIOS_H 1
| #define HAVE_ULIMIT_H 1
| #define HAVE_UNISTD_H 1
| #define HAVE_UTIME_H 1
| #define HAVE_WAIT_H 1
| #define HAVE_SYS_IOCTL_H 1
| #define HAVE_SYS_SELECT_H 1
| #define HAVE_SYS_TIME_H 1
| /* end confdefs.h.  */
| #include <sys/utime.h>
configure:5084: result: no
configure:5084: checking for sys/utime.h
configure:5084: result: no
configure:5084: checking sys/mman.h usability
configure:5084: gcc -c -g -O2  conftest.c >&5
configure:5084: $? = 0
configure:5084: result: yes
configure:5084: checking sys/mman.h presence
configure:5084: gcc -E  conftest.c
configure:5084: $? = 0
configure:5084: result: yes
configure:5084: checking for sys/mman.h
configure:5084: result: yes
configure:5084: checking sys/resource.h usability
configure:5084: gcc -c -g -O2  conftest.c >&5
configure:5084: $? = 0
configure:5084: result: yes
configure:5084: checking sys/resource.h presence
configure:5084: gcc -E  conftest.c
configure:5084: $? = 0
configure:5084: result: yes
configure:5084: checking for sys/resource.h
configure:5084: result: yes
configure:5095: checking for an ANSI C-conforming const
configure:5160: gcc -c -g -O2  conftest.c >&5
configure:5160: $? = 0
configure:5167: result: yes
configure:5175: checking for inline
configure:5191: gcc -c -g -O2  conftest.c >&5
configure:5191: $? = 0
configure:5199: result: inline
configure:5217: checking whether byte ordering is bigendian
configure:5232: gcc -c -g -O2  conftest.c >&5
conftest.c:42:9: error: unknown type name 'not'
         not a universal capable compiler
         ^~~
conftest.c:42:15: error: expected '=', ',', ';', 'asm' or '__attribute__' before 'universal'
         not a universal capable compiler
               ^~~~~~~~~
conftest.c:42:15: error: unknown type name 'universal'
configure:5232: $? = 1
configure: failed program was:
| /* confdefs.h */
| #define PACKAGE_NAME "src/btsched.c"
| #define PACKAGE_TARNAME "src-btsched-c"
| #define PACKAGE_VERSION "1.9"
| #define PACKAGE_STRING "src/btsched.c 1.9"
| #define PACKAGE_BUGREPORT ""
| #define PACKAGE_URL ""
| #define NETWORK_VERSION 1
| #define USING_FLOCK 1
| #define SOCKLEN_T socklen_t
| #define OS_LINUX 1
| #define BUGGY_DELCURTERM 1
| #define HAVE_LONG_FILE_NAMES 1
| #define HAVE_DIRENT_H 1
| #define STDC_HEADERS 1
| #define HAVE_SYS_TYPES_H 1
| #define HAVE_SYS_STAT_H 1
| #define HAVE_STDLIB_H 1
| #define HAVE_STRING_H 1
| #define HAVE_MEMORY_H 1
| #define HAVE_STRINGS_H 1
| #define HAVE_INTTYPES_H 1
| #define HAVE_STDINT_H 1
| #define HAVE_UNISTD_H 1
| #define HAVE_FCNTL_H 1
| #define HAVE_LIMITS_H 1
| #define HAVE_MALLOC_H 1
| #define HAVE_STDLIB_H 1
| #define HAVE_TERMIO_H 1
| #define HAVE_TERMIOS_H 1
| #define HAVE_ULIMIT_H 1
| #define HAVE_UNISTD_H 1
| #define HAVE_UTIME_H 1
| #define HAVE_WAIT_H 1
| #define HAVE_SYS_IOCTL_H 1
| #define HAVE_SYS_SELECT_H 1
| #define HAVE_SYS_TIME_H 1
| #define HAVE_SYS_MMAN_H 1
| #define HAVE_SYS_RESOURCE_H 1
| /* end confdefs.h.  */
| #ifndef __APPLE_CC__
| 	       not a universal capable compiler
| 	     #endif
| 	     typedef int dummy;
| 
configure:5277: gcc -c -g -O2  conftest.c >&5
configure:5277: $? = 0
configure:5295: gcc -c -g -O2  conftest.c >&5
conftest.c: In function 'main':
conftest.c:48:4: error: unknown type name 'not'; did you mean 'ino_t'?
    not big endian
    ^~~
    ino_t
conftest.c:48:12: error: expected '=', ',', ';', 'asm' or '__attribute__' before 'endian'
    not big endian
            ^~~~~~
configure:5295: $? = 1
configure: failed program was:
| /* confdefs.h */
| #define PACKAGE_NAME "src/btsched.c"
| #define PACKAGE_TARNAME "src-btsched-c"
| #define PACKAGE_VERSION "1.9"
| #define PACKAGE_STRING "src/btsched.c 1.9"
| #define PACKAGE_BUGREPORT ""
| #define PACKAGE_URL ""
| #define NETWORK_VERSION 1
| #define USING_FLOCK 1
| #define SOCKLEN_T socklen_t
| #define OS_LINUX 1
| #define BUGGY_DELCURTERM 1
| #define HAVE_LONG_FILE_NAMES 1
| #define HAVE_DIRENT_H 1
| #define STDC_HEADERS 1
| #define HAVE_SYS_TYPES_H 1
| #define HAVE_SYS_STAT_H 1
| #define HAVE_STDLIB_H 1
| #define HAVE_STRING_H 1
| #define HAVE_MEMORY_H 1
| #define HAVE_STRINGS_H 1
| #define HAVE_INTTYPES_H 1
| #define HAVE_STDINT_H 1
| #define HAVE_UNISTD_H 1
| #define HAVE_FCNTL_H 1
| #define HAVE_LIMITS_H 1
| #define HAVE_MALLOC_H 1
| #define HAVE_STDLIB_H 1
| #define HAVE_TERMIO_H 1
| #define HAVE_TERMIOS_H 1
| #define HAVE_ULIMIT_H 1
| #define HAVE_UNISTD_H 1
| #define HAVE_UTIME_H 1
| #define HAVE_WAIT_H 1
| #define HAVE_SYS_IOCTL_H 1
| #define HAVE_SYS_SELECT_H 1
| #define HAVE_SYS_TIME_H 1
| #define HAVE_SYS_MMAN_H 1
| #define HAVE_SYS_RESOURCE_H 1
| /* end confdefs.h.  */
| #include <sys/types.h>
| 		#include <sys/param.h>
| 
| int
| main ()
| {
| #if BYTE_ORDER != BIG_ENDIAN
| 		 not big endian
| 		#endif
| 
|   ;
|   return 0;
| }
configure:5423: result: no
configure:5445: checking size of int
configure:5450: gcc -o conftest -g -O2   conftest.c  >&5
configure:5450: $? = 0
configure:5450: ./conftest
configure:5450: $? = 0
configure:5464: result: 4
configure:5478: checking size of short
configure:5483: gcc -o conftest -g -O2   conftest.c  >&5
configure:5483: $? = 0
configure:5483: ./conftest
configure:5483: $? = 0
configure:5497: result: 2
configure:5511: checking size of long
configure:5516: gcc -o conftest -g -O2   conftest.c  >&5
configure:5516: $? = 0
configure:5516: ./conftest
configure:5516: $? = 0
configure:5530: result: 8
configure:5544: checking size of unsigned
configure:5549: gcc -o conftest -g -O2   conftest.c  >&5
configure:5549: $? = 0
configure:5549: ./conftest
configure:5549: $? = 0
configure:5563: result: 4
configure:5577: checking size of unsigned short
configure:5582: gcc -o conftest -g -O2   conftest.c  >&5
configure:5582: $? = 0
configure:5582: ./conftest
configure:5582: $? = 0
configure:5596: result: 2
configure:5610: checking size of unsigned long
configure:5615: gcc -o conftest -g -O2   conftest.c  >&5
configure:5615: $? = 0
configure:5615: ./conftest
configure:5615: $? = 0
configure:5629: result: 8
configure:5643: checking size of int *
configure:5648: gcc -o conftest -g -O2   conftest.c  >&5
configure:5648: $? = 0
configure:5648: ./conftest
configure:5648: $? = 0
configure:5662: result: 8
configure:5672: checking for off_t
configure:5672: gcc -c -g -O2  conftest.c >&5
configure:5672: $? = 0
configure:5672: gcc -c -g -O2  conftest.c >&5
conftest.c: In function 'main':
conftest.c:84:20: error: expected expression before ')' token
 if (sizeof ((off_t)))
                    ^
configure:5672: $? = 1
configure: failed program was:
| /* confdefs.h */
| #define PACKAGE_NAME "src/btsched.c"
| #define PACKAGE_TARNAME "src-btsched-c"
| #define PACKAGE_VERSION "1.9"
| #define PACKAGE_STRING "src/btsched.c 1.9"
| #define PACKAGE_BUGREPORT ""
| #define PACKAGE_URL ""
| #define NETWORK_VERSION 1
| #define USING_FLOCK 1
| #define SOCKLEN_T socklen_t
| #define OS_LINUX 1
| #define BUGGY_DELCURTERM 1
| #define HAVE_LONG_FILE_NAMES 1
| #define HAVE_DIRENT_H 1
| #define STDC_HEADERS 1
| #define HAVE_SYS_TYPES_H 1
| #define HAVE_SYS_STAT_H 1
| #define HAVE_STDLIB_H 1
| #define HAVE_STRING_H 1
| #define HAVE_MEMORY_H 1
| #define HAVE_STRINGS_H 1
| #define HAVE_INTTYPES_H 1
| #define HAVE_STDINT_H 1
| #define HAVE_UNISTD_H 1
| #define HAVE_FCNTL_H 1
| #define HAVE_LIMITS_H 1
| #define HAVE_MALLOC_H 1
| #define HAVE_STDLIB_H 1
| #define HAVE_TERMIO_H 1
| #define HAVE_TERMIOS_H 1
| #define HAVE_ULIMIT_H 1
| #define HAVE_UNISTD_H 1
| #define HAVE_UTIME_H 1
| #define HAVE_WAIT_H 1
| #define HAVE_SYS_IOCTL_H 1
| #define HAVE_SYS_SELECT_H 1
| #define HAVE_SYS_TIME_H 1
| #define HAVE_SYS_MMAN_H 1
| #define HAVE_SYS_RESOURCE_H 1
| #define SIZEOF_INT 4
| #define SIZEOF_SHORT 2
| #define SIZEOF_LONG 8
| #define SIZEOF_UNSIGNED 4
| #define SIZEOF_UNSIGNED_SHORT 2
| #define SIZEOF_UNSIGNED_LONG 8
| #define SIZEOF_INT_P 8
| /* end confdefs.h.  */
| #include <stdio.h>
| #ifdef HAVE_SYS_TYPES_H
| # include <sys/types.h>
| #endif
| #ifdef HAVE_SYS_STAT_H
| # include <sys/stat.h>
| #endif
| #ifdef STDC_HEADERS
| # include <stdlib.h>
| # include <stddef.h>
| #else
| # ifdef HAVE_STDLIB_H
| #  include <stdlib.h>
| # endif
| #endif
| #ifdef HAVE_STRING_H
| # if !defined STDC_HEADERS && defined HAVE_MEMORY_H
| #  include <memory.h>
| # endif
| # include <string.h>
| #endif
| #ifdef HAVE_STRINGS_H
| # include <strings.h>
| #endif
| #ifdef HAVE_INTTYPES_H
| # include <inttypes.h>
| #endif
| #ifdef HAVE_STDINT_H
| # include <stdint.h>
| #endif
| #ifdef HAVE_UNISTD_H
| # include <unistd.h>
| #endif
| int
| main ()
| {
| if (sizeof ((off_t)))
| 	    return 0;
|   ;
|   return 0;
| }
configure:5672: result: yes
configure:5683: checking for uid_t in sys/types.h
configure:5702: result: yes
configure:5713: checking type of array argument to getgroups
configure:5747: gcc -o conftest -g -O2   conftest.c  >&5
configure:5747: $? = 0
configure:5747: ./conftest
configure:5747: $? = 0
configure:5772: result: gid_t
configure:5780: checking whether time.h and sys/time.h may both be included
configure:5800: gcc -c -g -O2  conftest.c >&5
configure:5800: $? = 0
configure:5807: result: yes
configure:5815: checking whether struct tm is in sys/time.h or time.h
configure:5835: gcc -c -g -O2  conftest.c >&5
configure:5835: $? = 0
configure:5842: result: time.h
configure:5850: checking for struct tm.tm_zone
configure:5850: gcc -c -g -O2  conftest.c >&5
configure:5850: $? = 0
configure:5850: result: yes
configure:5917: checking for pid_t
configure:5917: gcc -c -g -O2  conftest.c >&5
configure:5917: $? = 0
configure:5917: gcc -c -g -O2  conftest.c >&5
conftest.c: In function 'main':
conftest.c:88:20: error: expected expression before ')' token
 if (sizeof ((pid_t)))
                    ^
configure:5917: $? = 1
configure: failed program was:
| /* confdefs.h */
| #define PACKAGE_NAME "src/btsched.c"
| #define PACKAGE_TARNAME "src-btsched-c"
| #define PACKAGE_VERSION "1.9"
| #define PACKAGE_STRING "src/btsched.c 1.9"
| #define PACKAGE_BUGREPORT ""
| #define PACKAGE_URL ""
| #define NETWORK_VERSION 1
| #define USING_FLOCK 1
| #define SOCKLEN_T socklen_t
| #define OS_LINUX 1
| #define BUGGY_DELCURTERM 1
| #define HAVE_LONG_FILE_NAMES 1
| #define HAVE_DIRENT_H 1
| #define STDC_HEADERS 1
| #define HAVE_SYS_TYPES_H 1
| #define HAVE_SYS_STAT_H 1
| #define HAVE_STDLIB_H 1
| #define HAVE_STRING_H 1
| #define HAVE_MEMORY_H 1
| #define HAVE_STRINGS_H 1
| #define HAVE_INTTYPES_H 1
| #define HAVE_STDINT_H 1
| #define HAVE_UNISTD_H 1
| #define HAVE_FCNTL_H 1
| #define HAVE_LIMITS_H 1
| #define HAVE_MALLOC_H 1
| #define HAVE_STDLIB_H 1
| #define HAVE_TERMIO_H 1
| #define HAVE_TERMIOS_H 1
| #define HAVE_ULIMIT_H 1
| #define HAVE_UNISTD_H 1
| #define HAVE_UTIME_H 1
| #define HAVE_WAIT_H 1
| #define HAVE_SYS_IOCTL_H 1
| #define HAVE_SYS_SELECT_H 1
| #define HAVE_SYS_TIME_H 1
| #define HAVE_SYS_MMAN_H 1
| #define HAVE_SYS_RESOURCE_H 1
| #define SIZEOF_INT 4
| #define SIZEOF_SHORT 2
| #define SIZEOF_LONG 8
| #define SIZEOF_UNSIGNED 4
| #define SIZEOF_UNSIGNED_SHORT 2
| #define SIZEOF_UNSIGNED_LONG 8
| #define SIZEOF_INT_P 8
| #define GETGROUPS_T gid_t
| #define TIME_WITH_SYS_TIME 1
| #define HAVE_STRUCT_TM_TM_ZONE 1
| #define HAVE_TM_ZONE 1
| /* end confdefs.h.  */
| #include <stdio.h>
| #ifdef HAVE_SYS_TYPES_H
| # include <sys/types.h>
| #endif
| #ifdef HAVE_SYS_STAT_H
| # include <sys/stat.h>
| #endif
| #ifdef STDC_HEADERS
| # include <stdlib.h>
| # include <stddef.h>
| #else
| # ifdef HAVE_STDLIB_H
| #  include <stdlib.h>
| # endif
| #endif
| #ifdef HAVE_STRING_H
| # if !defined STDC_HEADERS && defined HAVE_MEMORY_H
| #  include <memory.h>
| # endif
| # include <string.h>
| #endif
| #ifdef HAVE_STRINGS_H
| # include <strings.h>
| #endif
| #ifdef HAVE_INTTYPES_H
| # include <inttypes.h>
| #endif
| #ifdef HAVE_STDINT_H
| # include <stdint.h>
| #endif
| #ifdef HAVE_UNISTD_H
| # include <unistd.h>
| #endif
| int
| main ()
| {
| if (sizeof ((pid_t)))
| 	    return 0;
|   ;
|   return 0;
| }
configure:5917: result: yes
configure:5928: checking pid_t isnt unsigned
configure:5951: gcc -o conftest -g -O2   conftest.c  >&5
conftest.c:56:1: warning: return type defaults to 'int' [-Wimplicit-int]
 main()
 ^~~~
configure:5951: $? = 0
configure:5951: ./conftest
configure:5951: $? = 0
configure:5954: result: No it isnt
configure:5966: checking getgroups args are the same size as gid_t
configure:5984: gcc -o conftest -g -O2   conftest.c  >&5
conftest.c:54:1: warning: return type defaults to 'int' [-Wimplicit-int]
 main()
 ^~~~
conftest.c: In function 'main':
conftest.c:56:44: warning: implicit declaration of function 'exit' [-Wimplicit-function-declaration]
  if (sizeof(GETGROUPS_T) != sizeof(gid_t)) exit(1);
                                            ^~~~
conftest.c:56:44: warning: incompatible implicit declaration of built-in function 'exit'
conftest.c:56:44: note: include '<stdlib.h>' or provide a declaration of 'exit'
conftest.c:57:2: warning: incompatible implicit declaration of built-in function 'exit'
  exit(0);
  ^~~~
conftest.c:57:2: note: include '<stdlib.h>' or provide a declaration of 'exit'
configure:5984: $? = 0
configure:5984: ./conftest
configure:5984: $? = 0
configure:5985: result: they are
configure:5998: checking return type of sprintf
configure:6016: gcc -o conftest -g -O2   conftest.c  >&5
conftest.c:55:1: warning: return type defaults to 'int' [-Wimplicit-int]
 main() {
 ^~~~
conftest.c: In function 'main':
conftest.c:57:2: warning: implicit declaration of function 'exit' [-Wimplicit-function-declaration]
  exit(sprintf(buf, "%d", 123) > 4? 1: 0);
  ^~~~
conftest.c:57:2: warning: incompatible implicit declaration of built-in function 'exit'
conftest.c:57:2: note: include '<stdlib.h>' or provide a declaration of 'exit'
configure:6016: $? = 0
configure:6016: ./conftest
configure:6016: $? = 0
configure:6017: result: Returns int
configure:6030: checking sys_errlist defined in stdio.h
configure:6043: gcc -c -g -O2  conftest.c >&5
conftest.c: In function 'main':
conftest.c:58:12: warning: initialization from incompatible pointer type [-Wincompatible-pointer-types]
 char **x = sys_errlist; y(x);
            ^~~~~~~~~~~
conftest.c:58:25: warning: implicit declaration of function 'y' [-Wimplicit-function-declaration]
 char **x = sys_errlist; y(x);
                         ^
configure:6043: $? = 0
configure:6044: result: it is
configure:6057: checking for memcpy
configure:6057: gcc -o conftest -g -O2   conftest.c  >&5
conftest.c:78:6: warning: conflicting types for built-in function 'memcpy' [-Wbuiltin-declaration-mismatch]
 char memcpy ();
      ^~~~~~
configure:6057: $? = 0
configure:6057: result: yes
configure:6057: checking for bcopy
configure:6057: gcc -o conftest -g -O2   conftest.c  >&5
conftest.c:79:6: warning: conflicting types for built-in function 'bcopy' [-Wbuiltin-declaration-mismatch]
 char bcopy ();
      ^~~~~
configure:6057: $? = 0
configure:6057: result: yes
configure:6057: checking for strchr
configure:6057: gcc -o conftest -g -O2   conftest.c  >&5
conftest.c:80:6: warning: conflicting types for built-in function 'strchr' [-Wbuiltin-declaration-mismatch]
 char strchr ();
      ^~~~~~
configure:6057: $? = 0
configure:6057: result: yes
configure:6067: checking for X
configure:6175: gcc -E  conftest.c
configure:6175: $? = 0
configure:6206: gcc -o conftest -g -O2   conftest.c -lX11  >&5
configure:6206: $? = 0
configure:6256: result: libraries , headers 
configure:6268: checking for XextCreateExtension in -lXext
configure:6293: gcc -o conftest -g -O2   conftest.c -lXext -lXt -lX11   >&5
/usr/bin/ld: cannot find -lXt
collect2: error: ld returned 1 exit status
configure:6293: $? = 1
configure: failed program was:
| /* confdefs.h */
| #define PACKAGE_NAME "src/btsched.c"
| #define PACKAGE_TARNAME "src-btsched-c"
| #define PACKAGE_VERSION "1.9"
| #define PACKAGE_STRING "src/btsched.c 1.9"
| #define PACKAGE_BUGREPORT ""
| #define PACKAGE_URL ""
| #define NETWORK_VERSION 1
| #define USING_FLOCK 1
| #define SOCKLEN_T socklen_t
| #define OS_LINUX 1
| #define BUGGY_DELCURTERM 1
| #define HAVE_LONG_FILE_NAMES 1
| #define HAVE_DIRENT_H 1
| #define STDC_HEADERS 1
| #define HAVE_SYS_TYPES_H 1
| #define HAVE_SYS_STAT_H 1
| #define HAVE_STDLIB_H 1
| #define HAVE_STRING_H 1
| #define HAVE_MEMORY_H 1
| #define HAVE_STRINGS_H 1
| #define HAVE_INTTYPES_H 1
| #define HAVE_STDINT_H 1
| #define HAVE_UNISTD_H 1
| #define HAVE_FCNTL_H 1
| #define HAVE_LIMITS_H 1
| #define HAVE_MALLOC_H 1
| #define HAVE_STDLIB_H 1
| #define HAVE_TERMIO_H 1
| #define HAVE_TERMIOS_H 1
| #define HAVE_ULIMIT_H 1
| #define HAVE_UNISTD_H 1
| #define HAVE_UTIME_H 1
| #define HAVE_WAIT_H 1
| #define HAVE_SYS_IOCTL_H 1
| #define HAVE_SYS_SELECT_H 1
| #define HAVE_SYS_TIME_H 1
| #define HAVE_SYS_MMAN_H 1
| #define HAVE_SYS_RESOURCE_H 1
| #define SIZEOF_INT 4
| #define SIZEOF_SHORT 2
| #define SIZEOF_LONG 8
| #define SIZEOF_UNSIGNED 4
| #define SIZEOF_UNSIGNED_SHORT 2
| #define SIZEOF_UNSIGNED_LONG 8
| #define SIZEOF_INT_P 8
| #define GETGROUPS_T gid_t
| #define TIME_WITH_SYS_TIME 1
| #define HAVE_STRUCT_TM_TM_ZONE 1
| #define HAVE_TM_ZONE 1
| #define PIDTYPE pid_t
| #define GETGROUPS_SAME_SIZE 1
| #define SYS_ERRLIST_IN_STDIO_H 1
| #define HAVE_MEMCPY 1
| #define HAVE_BCOPY 1
| #define HAVE_STRCHR 1
| /* end confdefs.h.  */
| 
| /* Override any GCC internal prototype to avoid an error.
|    Use char because int might match the return type of a GCC
|    builtin and then its argument prototype would still apply.  */
| #ifdef __cplusplus
| extern "C"
| #endif
| char XextCreateExtension ();
| int
| main ()
| {
| return XextCreateExtension ();
|   ;
|   return 0;
| }
configure:6302: result: no
configure:6308: checking for XDefaultString in -lXIM
configure:6333: gcc -o conftest -g -O2   conftest.c -lXIM -lXt -lX11   >&5
/usr/bin/ld: cannot find -lXIM
/usr/bin/ld: cannot find -lXt
collect2: error: ld returned 1 exit status
configure:6333: $? = 1
configure: failed program was:
| /* confdefs.h */
| #define PACKAGE_NAME "src/btsched.c"
| #define PACKAGE_TARNAME "src-btsched-c"
| #define PACKAGE_VERSION "1.9"
| #define PACKAGE_STRING "src/btsched.c 1.9"
| #define PACKAGE_BUGREPORT ""
| #define PACKAGE_URL ""
| #define NETWORK_VERSION 1
| #define USING_FLOCK 1
| #define SOCKLEN_T socklen_t
| #define OS_LINUX 1
| #define BUGGY_DELCURTERM 1
| #define HAVE_LONG_FILE_NAMES 1
| #define HAVE_DIRENT_H 1
| #define STDC_HEADERS 1
| #define HAVE_SYS_TYPES_H 1
| #define HAVE_SYS_STAT_H 1
| #define HAVE_STDLIB_H 1
| #define HAVE_STRING_H 1
| #define HAVE_MEMORY_H 1
| #define HAVE_STRINGS_H 1
| #define HAVE_INTTYPES_H 1
| #define HAVE_STDINT_H 1
| #define HAVE_UNISTD_H 1
| #define HAVE_FCNTL_H 1
| #define HAVE_LIMITS_H 1
| #define HAVE_MALLOC_H 1
| #define HAVE_STDLIB_H 1
| #define HAVE_TERMIO_H 1
| #define HAVE_TERMIOS_H 1
| #define HAVE_ULIMIT_H 1
| #define HAVE_UNISTD_H 1
| #define HAVE_UTIME_H 1
| #define HAVE_WAIT_H 1
| #define HAVE_SYS_IOCTL_H 1
| #define HAVE_SYS_SELECT_H 1
| #define HAVE_SYS_TIME_H 1
| #define HAVE_SYS_MMAN_H 1
| #define HAVE_SYS_RESOURCE_H 1
| #define SIZEOF_INT 4
| #define SIZEOF_SHORT 2
| #define SIZEOF_LONG 8
| #define SIZEOF_UNSIGNED 4
| #define SIZEOF_UNSIGNED_SHORT 2
| #define SIZEOF_UNSIGNED_LONG 8
| #define SIZEOF_INT_P 8
| #define GETGROUPS_T gid_t
| #define TIME_WITH_SYS_TIME 1
| #define HAVE_STRUCT_TM_TM_ZONE 1
| #define HAVE_TM_ZONE 1
| #define PIDTYPE pid_t
| #define GETGROUPS_SAME_SIZE 1
| #define SYS_ERRLIST_IN_STDIO_H 1
| #define HAVE_MEMCPY 1
| #define HAVE_BCOPY 1
| #define HAVE_STRCHR 1
| /* end confdefs.h.  */
| 
| /* Override any GCC internal prototype to avoid an error.
|    Use char because int might match the return type of a GCC
|    builtin and then its argument prototype would still apply.  */
| #ifdef __cplusplus
| extern "C"
| #endif
| char XDefaultString ();
| int
| main ()
| {
| return XDefaultString ();
|   ;
|   return 0;
| }
configure:6342: result: no
configure:6348: checking for regex in -lgen
configure:6373: gcc -o conftest -g -O2   conftest.c -lgen   >&5
/usr/bin/ld: cannot find -lgen
collect2: error: ld returned 1 exit status
configure:6373: $? = 1
configure: failed program was:
| /* confdefs.h */
| #define PACKAGE_NAME "src/btsched.c"
| #define PACKAGE_TARNAME "src-btsched-c"
| #define PACKAGE_VERSION "1.9"
| #define PACKAGE_STRING "src/btsched.c 1.9"
| #define PACKAGE_BUGREPORT ""
| #define PACKAGE_URL ""
| #define NETWORK_VERSION 1
| #define USING_FLOCK 1
| #define SOCKLEN_T socklen_t
| #define OS_LINUX 1
| #define BUGGY_DELCURTERM 1
| #define HAVE_LONG_FILE_NAMES 1
| #define HAVE_DIRENT_H 1
| #define STDC_HEADERS 1
| #define HAVE_SYS_TYPES_H 1
| #define HAVE_SYS_STAT_H 1
| #define HAVE_STDLIB_H 1
| #define HAVE_STRING_H 1
| #define HAVE_MEMORY_H 1
| #define HAVE_STRINGS_H 1
| #define HAVE_INTTYPES_H 1
| #define HAVE_STDINT_H 1
| #define HAVE_UNISTD_H 1
| #define HAVE_FCNTL_H 1
| #define HAVE_LIMITS_H 1
| #define HAVE_MALLOC_H 1
| #define HAVE_STDLIB_H 1
| #define HAVE_TERMIO_H 1
| #define HAVE_TERMIOS_H 1
| #define HAVE_ULIMIT_H 1
| #define HAVE_UNISTD_H 1
| #define HAVE_UTIME_H 1
| #define HAVE_WAIT_H 1
| #define HAVE_SYS_IOCTL_H 1
| #define HAVE_SYS_SELECT_H 1
| #define HAVE_SYS_TIME_H 1
| #define HAVE_SYS_MMAN_H 1
| #define HAVE_SYS_RESOURCE_H 1
| #define SIZEOF_INT 4
| #define SIZEOF_SHORT 2
| #define SIZEOF_LONG 8
| #define SIZEOF_UNSIGNED 4
| #define SIZEOF_UNSIGNED_SHORT 2
| #define SIZEOF_UNSIGNED_LONG 8
| #define SIZEOF_INT_P 8
| #define GETGROUPS_T gid_t
| #define TIME_WITH_SYS_TIME 1
| #define HAVE_STRUCT_TM_TM_ZONE 1
| #define HAVE_TM_ZONE 1
| #define PIDTYPE pid_t
| #define GETGROUPS_SAME_SIZE 1
| #define SYS_ERRLIST_IN_STDIO_H 1
| #define HAVE_MEMCPY 1
| #define HAVE_BCOPY 1
| #define HAVE_STRCHR 1
| /* end confdefs.h.  */
| 
| /* Override any GCC internal prototype to avoid an error.
|    Use char because int might match the return type of a GCC
|    builtin and then its argument prototype would still apply.  */
| #ifdef __cplusplus
| extern "C"
| #endif
| char regex ();
| int
| main ()
| {
| return regex ();
|   ;
|   return 0;
| }
configure:6382: result: no
configure:6388: checking for XmCreateMenuBar in -lXm
configure:6413: gcc -o conftest -g -O2   conftest.c -lXm -lXt -lX11   >&5
/usr/bin/ld: cannot find -lXm
/usr/bin/ld: cannot find -lXt
collect2: error: ld returned 1 exit status
configure:6413: $? = 1
configure: failed program was:
| /* confdefs.h */
| #define PACKAGE_NAME "src/btsched.c"
| #define PACKAGE_TARNAME "src-btsched-c"
| #define PACKAGE_VERSION "1.9"
| #define PACKAGE_STRING "src/btsched.c 1.9"
| #define PACKAGE_BUGREPORT ""
| #define PACKAGE_URL ""
| #define NETWORK_VERSION 1
| #define USING_FLOCK 1
| #define SOCKLEN_T socklen_t
| #define OS_LINUX 1
| #define BUGGY_DELCURTERM 1
| #define HAVE_LONG_FILE_NAMES 1
| #define HAVE_DIRENT_H 1
| #define STDC_HEADERS 1
| #define HAVE_SYS_TYPES_H 1
| #define HAVE_SYS_STAT_H 1
| #define HAVE_STDLIB_H 1
| #define HAVE_STRING_H 1
| #define HAVE_MEMORY_H 1
| #define HAVE_STRINGS_H 1
| #define HAVE_INTTYPES_H 1
| #define HAVE_STDINT_H 1
| #define HAVE_UNISTD_H 1
| #define HAVE_FCNTL_H 1
| #define HAVE_LIMITS_H 1
| #define HAVE_MALLOC_H 1
| #define HAVE_STDLIB_H 1
| #define HAVE_TERMIO_H 1
| #define HAVE_TERMIOS_H 1
| #define HAVE_ULIMIT_H 1
| #define HAVE_UNISTD_H 1
| #define HAVE_UTIME_H 1
| #define HAVE_WAIT_H 1
| #define HAVE_SYS_IOCTL_H 1
| #define HAVE_SYS_SELECT_H 1
| #define HAVE_SYS_TIME_H 1
| #define HAVE_SYS_MMAN_H 1
| #define HAVE_SYS_RESOURCE_H 1
| #define SIZEOF_INT 4
| #define SIZEOF_SHORT 2
| #define SIZEOF_LONG 8
| #define SIZEOF_UNSIGNED 4
| #define SIZEOF_UNSIGNED_SHORT 2
| #define SIZEOF_UNSIGNED_LONG 8
| #define SIZEOF_INT_P 8
| #define GETGROUPS_T gid_t
| #define TIME_WITH_SYS_TIME 1
| #define HAVE_STRUCT_TM_TM_ZONE 1
| #define HAVE_TM_ZONE 1
| #define PIDTYPE pid_t
| #define GETGROUPS_SAME_SIZE 1
| #define SYS_ERRLIST_IN_STDIO_H 1
| #define HAVE_MEMCPY 1
| #define HAVE_BCOPY 1
| #define HAVE_STRCHR 1
| /* end confdefs.h.  */
| 
| /* Override any GCC internal prototype to avoid an error.
|    Use char because int might match the return type of a GCC
|    builtin and then its argument prototype would still apply.  */
| #ifdef __cplusplus
| extern "C"
| #endif
| char XmCreateMenuBar ();
| int
| main ()
| {
| return XmCreateMenuBar ();
|   ;
|   return 0;
| }
configure:6422: result: no
configure:6427: checking for XmCreatePopupMenu in -lXm
configure:6452: gcc -o conftest -g -O2   conftest.c -lXm -lXp -lXt -lX11   >&5
/usr/bin/ld: cannot find -lXm
/usr/bin/ld: cannot find -lXp
/usr/bin/ld: cannot find -lXt
collect2: error: ld returned 1 exit status
configure:6452: $? = 1
configure: failed program was:
| /* confdefs.h */
| #define PACKAGE_NAME "src/btsched.c"
| #define PACKAGE_TARNAME "src-btsched-c"
| #define PACKAGE_VERSION "1.9"
| #define PACKAGE_STRING "src/btsched.c 1.9"
| #define PACKAGE_BUGREPORT ""
| #define PACKAGE_URL ""
| #define NETWORK_VERSION 1
| #define USING_FLOCK 1
| #define SOCKLEN_T socklen_t
| #define OS_LINUX 1
| #define BUGGY_DELCURTERM 1
| #define HAVE_LONG_FILE_NAMES 1
| #define HAVE_DIRENT_H 1
| #define STDC_HEADERS 1
| #define HAVE_SYS_TYPES_H 1
| #define HAVE_SYS_STAT_H 1
| #define HAVE_STDLIB_H 1
| #define HAVE_STRING_H 1
| #define HAVE_MEMORY_H 1
| #define HAVE_STRINGS_H 1
| #define HAVE_INTTYPES_H 1
| #define HAVE_STDINT_H 1
| #define HAVE_UNISTD_H 1
| #define HAVE_FCNTL_H 1
| #define HAVE_LIMITS_H 1
| #define HAVE_MALLOC_H 1
| #define HAVE_STDLIB_H 1
| #define HAVE_TERMIO_H 1
| #define HAVE_TERMIOS_H 1
| #define HAVE_ULIMIT_H 1
| #define HAVE_UNISTD_H 1
| #define HAVE_UTIME_H 1
| #define HAVE_WAIT_H 1
| #define HAVE_SYS_IOCTL_H 1
| #define HAVE_SYS_SELECT_H 1
| #define HAVE_SYS_TIME_H 1
| #define HAVE_SYS_MMAN_H 1
| #define HAVE_SYS_RESOURCE_H 1
| #define SIZEOF_INT 4
| #define SIZEOF_SHORT 2
| #define SIZEOF_LONG 8
| #define SIZEOF_UNSIGNED 4
| #define SIZEOF_UNSIGNED_SHORT 2
| #define SIZEOF_UNSIGNED_LONG 8
| #define SIZEOF_INT_P 8
| #define GETGROUPS_T gid_t
| #define TIME_WITH_SYS_TIME 1
| #define HAVE_STRUCT_TM_TM_ZONE 1
| #define HAVE_TM_ZONE 1
| #define PIDTYPE pid_t
| #define GETGROUPS_SAME_SIZE 1
| #define SYS_ERRLIST_IN_STDIO_H 1
| #define HAVE_MEMCPY 1
| #define HAVE_BCOPY 1
| #define HAVE_STRCHR 1
| /* end confdefs.h.  */
| 
| /* Override any GCC internal prototype to avoid an error.
|    Use char because int might match the return type of a GCC
|    builtin and then its argument prototype would still apply.  */
| #ifdef __cplusplus
| extern "C"
| #endif
| char XmCreatePopupMenu ();
| int
| main ()
| {
| return XmCreatePopupMenu ();
|   ;
|   return 0;
| }
configure:6461: result: no
configure:6466: result: No motif library found - not building X
configure:6483: gcc -E  conftest.c
conftest.c:58:10: fatal error: Xm/Xm.h: No such file or directory
 #include <Xm/Xm.h>
          ^~~~~~~~~
compilation terminated.
configure:6483: $? = 1
configure: failed program was:
| /* confdefs.h */
| #define PACKAGE_NAME "src/btsched.c"
| #define PACKAGE_TARNAME "src-btsched-c"
| #define PACKAGE_VERSION "1.9"
| #define PACKAGE_STRING "src/btsched.c 1.9"
| #define PACKAGE_BUGREPORT ""
| #define PACKAGE_URL ""
| #define NETWORK_VERSION 1
| #define USING_FLOCK 1
| #define SOCKLEN_T socklen_t
| #define OS_LINUX 1
| #define BUGGY_DELCURTERM 1
| #define HAVE_LONG_FILE_NAMES 1
| #define HAVE_DIRENT_H 1
| #define STDC_HEADERS 1
| #define HAVE_SYS_TYPES_H 1
| #define HAVE_SYS_STAT_H 1
| #define HAVE_STDLIB_H 1
| #define HAVE_STRING_H 1
| #define HAVE_MEMORY_H 1
| #define HAVE_STRINGS_H 1
| #define HAVE_INTTYPES_H 1
| #define HAVE_STDINT_H 1
| #define HAVE_UNISTD_H 1
| #define HAVE_FCNTL_H 1
| #define HAVE_LIMITS_H 1
| #define HAVE_MALLOC_H 1
| #define HAVE_STDLIB_H 1
| #define HAVE_TERMIO_H 1
| #define HAVE_TERMIOS_H 1
| #define HAVE_ULIMIT_H 1
| #define HAVE_UNISTD_H 1
| #define HAVE_UTIME_H 1
| #define HAVE_WAIT_H 1
| #define HAVE_SYS_IOCTL_H 1
| #define HAVE_SYS_SELECT_H 1
| #define HAVE_SYS_TIME_H 1
| #define HAVE_SYS_MMAN_H 1
| #define HAVE_SYS_RESOURCE_H 1
| #define SIZEOF_INT 4
| #define SIZEOF_SHORT 2
| #define SIZEOF_LONG 8
| #define SIZEOF_UNSIGNED 4
| #define SIZEOF_UNSIGNED_SHORT 2
| #define SIZEOF_UNSIGNED_LONG 8
| #define SIZEOF_INT_P 8
| #define GETGROUPS_T gid_t
| #define TIME_WITH_SYS_TIME 1
| #define HAVE_STRUCT_TM_TM_ZONE 1
| #define HAVE_TM_ZONE 1
| #define PIDTYPE pid_t
| #define GETGROUPS_SAME_SIZE 1
| #define SYS_ERRLIST_IN_STDIO_H 1
| #define HAVE_MEMCPY 1
| #define HAVE_BCOPY 1
| #define HAVE_STRCHR 1
| /* end confdefs.h.  */
| #include <Xm/Xm.h>
configure:6486: result: No motif header found - not building X
configure:6496: checking for XmRenditionCreate in -lXm
configure:6521: gcc -o conftest -g -O2   conftest.c -lXm   >&5
/usr/bin/ld: cannot find -lXm
collect2: error: ld returned 1 exit status
configure:6521: $? = 1
configure: failed program was:
| /* confdefs.h */
| #define PACKAGE_NAME "src/btsched.c"
| #define PACKAGE_TARNAME "src-btsched-c"
| #define PACKAGE_VERSION "1.9"
| #define PACKAGE_STRING "src/btsched.c 1.9"
| #define PACKAGE_BUGREPORT ""
| #define PACKAGE_URL ""
| #define NETWORK_VERSION 1
| #define USING_FLOCK 1
| #define SOCKLEN_T socklen_t
| #define OS_LINUX 1
| #define BUGGY_DELCURTERM 1
| #define HAVE_LONG_FILE_NAMES 1
| #define HAVE_DIRENT_H 1
| #define STDC_HEADERS 1
| #define HAVE_SYS_TYPES_H 1
| #define HAVE_SYS_STAT_H 1
| #define HAVE_STDLIB_H 1
| #define HAVE_STRING_H 1
| #define HAVE_MEMORY_H 1
| #define HAVE_STRINGS_H 1
| #define HAVE_INTTYPES_H 1
| #define HAVE_STDINT_H 1
| #define HAVE_UNISTD_H 1
| #define HAVE_FCNTL_H 1
| #define HAVE_LIMITS_H 1
| #define HAVE_MALLOC_H 1
| #define HAVE_STDLIB_H 1
| #define HAVE_TERMIO_H 1
| #define HAVE_TERMIOS_H 1
| #define HAVE_ULIMIT_H 1
| #define HAVE_UNISTD_H 1
| #define HAVE_UTIME_H 1
| #define HAVE_WAIT_H 1
| #define HAVE_SYS_IOCTL_H 1
| #define HAVE_SYS_SELECT_H 1
| #define HAVE_SYS_TIME_H 1
| #define HAVE_SYS_MMAN_H 1
| #define HAVE_SYS_RESOURCE_H 1
| #define SIZEOF_INT 4
| #define SIZEOF_SHORT 2
| #define SIZEOF_LONG 8
| #define SIZEOF_UNSIGNED 4
| #define SIZEOF_UNSIGNED_SHORT 2
| #define SIZEOF_UNSIGNED_LONG 8
| #define SIZEOF_INT_P 8
| #define GETGROUPS_T gid_t
| #define TIME_WITH_SYS_TIME 1
| #define HAVE_STRUCT_TM_TM_ZONE 1
| #define HAVE_TM_ZONE 1
| #define PIDTYPE pid_t
| #define GETGROUPS_SAME_SIZE 1
| #define SYS_ERRLIST_IN_STDIO_H 1
| #define HAVE_MEMCPY 1
| #define HAVE_BCOPY 1
| #define HAVE_STRCHR 1
| /* end confdefs.h.  */
| 
| /* Override any GCC internal prototype to avoid an error.
|    Use char because int might match the return type of a GCC
|    builtin and then its argument prototype would still apply.  */
| #ifdef __cplusplus
| extern "C"
| #endif
| char XmRenditionCreate ();
| int
| main ()
| {
| return XmRenditionCreate ();
|   ;
|   return 0;
| }
configure:6530: result: no
configure:6542: checking Xm/SpinB.h usability
configure:6542: gcc -c -g -O2  conftest.c >&5
conftest.c:91:10: fatal error: Xm/SpinB.h: No such file or directory
 #include <Xm/SpinB.h>
          ^~~~~~~~~~~~
compilation terminated.
configure:6542: $? = 1
configure: failed program was:
| /* confdefs.h */
| #define PACKAGE_NAME "src/btsched.c"
| #define PACKAGE_TARNAME "src-btsched-c"
| #define PACKAGE_VERSION "1.9"
| #define PACKAGE_STRING "src/btsched.c 1.9"
| #define PACKAGE_BUGREPORT ""
| #define PACKAGE_URL ""
| #define NETWORK_VERSION 1
| #define USING_FLOCK 1
| #define SOCKLEN_T socklen_t
| #define OS_LINUX 1
| #define BUGGY_DELCURTERM 1
| #define HAVE_LONG_FILE_NAMES 1
| #define HAVE_DIRENT_H 1
| #define STDC_HEADERS 1
| #define HAVE_SYS_TYPES_H 1
| #define HAVE_SYS_STAT_H 1
| #define HAVE_STDLIB_H 1
| #define HAVE_STRING_H 1
| #define HAVE_MEMORY_H 1
| #define HAVE_STRINGS_H 1
| #define HAVE_INTTYPES_H 1
| #define HAVE_STDINT_H 1
| #define HAVE_UNISTD_H 1
| #define HAVE_FCNTL_H 1
| #define HAVE_LIMITS_H 1
| #define HAVE_MALLOC_H 1
| #define HAVE_STDLIB_H 1
| #define HAVE_TERMIO_H 1
| #define HAVE_TERMIOS_H 1
| #define HAVE_ULIMIT_H 1
| #define HAVE_UNISTD_H 1
| #define HAVE_UTIME_H 1
| #define HAVE_WAIT_H 1
| #define HAVE_SYS_IOCTL_H 1
| #define HAVE_SYS_SELECT_H 1
| #define HAVE_SYS_TIME_H 1
| #define HAVE_SYS_MMAN_H 1
| #define HAVE_SYS_RESOURCE_H 1
| #define SIZEOF_INT 4
| #define SIZEOF_SHORT 2
| #define SIZEOF_LONG 8
| #define SIZEOF_UNSIGNED 4
| #define SIZEOF_UNSIGNED_SHORT 2
| #define SIZEOF_UNSIGNED_LONG 8
| #define SIZEOF_INT_P 8
| #define GETGROUPS_T gid_t
| #define TIME_WITH_SYS_TIME 1
| #define HAVE_STRUCT_TM_TM_ZONE 1
| #define HAVE_TM_ZONE 1
| #define PIDTYPE pid_t
| #define GETGROUPS_SAME_SIZE 1
| #define SYS_ERRLIST_IN_STDIO_H 1
| #define HAVE_MEMCPY 1
| #define HAVE_BCOPY 1
| #define HAVE_STRCHR 1
| /* end confdefs.h.  */
| #include <stdio.h>
| #ifdef HAVE_SYS_TYPES_H
| # include <sys/types.h>
| #endif
| #ifdef HAVE_SYS_STAT_H
| # include <sys/stat.h>
| #endif
| #ifdef STDC_HEADERS
| # include <stdlib.h>
| # include <stddef.h>
| #else
| # ifdef HAVE_STDLIB_H
| #  include <stdlib.h>
| # endif
| #endif
| #ifdef HAVE_STRING_H
| # if !defined STDC_HEADERS && defined HAVE_MEMORY_H
| #  include <memory.h>
| # endif
| # include <string.h>
| #endif
| #ifdef HAVE_STRINGS_H
| # include <strings.h>
| #endif
| #ifdef HAVE_INTTYPES_H
| # include <inttypes.h>
| #endif
| #ifdef HAVE_STDINT_H
| # include <stdint.h>
| #endif
| #ifdef HAVE_UNISTD_H
| # include <unistd.h>
| #endif
| #include <Xm/SpinB.h>
configure:6542: result: no
configure:6542: checking Xm/SpinB.h presence
configure:6542: gcc -E  conftest.c
conftest.c:58:10: fatal error: Xm/SpinB.h: No such file or directory
 #include <Xm/SpinB.h>
          ^~~~~~~~~~~~
compilation terminated.
configure:6542: $? = 1
configure: failed program was:
| /* confdefs.h */
| #define PACKAGE_NAME "src/btsched.c"
| #define PACKAGE_TARNAME "src-btsched-c"
| #define PACKAGE_VERSION "1.9"
| #define PACKAGE_STRING "src/btsched.c 1.9"
| #define PACKAGE_BUGREPORT ""
| #define PACKAGE_URL ""
| #define NETWORK_VERSION 1
| #define USING_FLOCK 1
| #define SOCKLEN_T socklen_t
| #define OS_LINUX 1
| #define BUGGY_DELCURTERM 1
| #define HAVE_LONG_FILE_NAMES 1
| #define HAVE_DIRENT_H 1
| #define STDC_HEADERS 1
| #define HAVE_SYS_TYPES_H 1
| #define HAVE_SYS_STAT_H 1
| #define HAVE_STDLIB_H 1
| #define HAVE_STRING_H 1
| #define HAVE_MEMORY_H 1
| #define HAVE_STRINGS_H 1
| #define HAVE_INTTYPES_H 1
| #define HAVE_STDINT_H 1
| #define HAVE_UNISTD_H 1
| #define HAVE_FCNTL_H 1
| #define HAVE_LIMITS_H 1
| #define HAVE_MALLOC_H 1
| #define HAVE_STDLIB_H 1
| #define HAVE_TERMIO_H 1
| #define HAVE_TERMIOS_H 1
| #define HAVE_ULIMIT_H 1
| #define HAVE_UNISTD_H 1
| #define HAVE_UTIME_H 1
| #define HAVE_WAIT_H 1
| #define HAVE_SYS_IOCTL_H 1
| #define HAVE_SYS_SELECT_H 1
| #define HAVE_SYS_TIME_H 1
| #define HAVE_SYS_MMAN_H 1
| #define HAVE_SYS_RESOURCE_H 1
| #define SIZEOF_INT 4
| #define SIZEOF_SHORT 2
| #define SIZEOF_LONG 8
| #define SIZEOF_UNSIGNED 4
| #define SIZEOF_UNSIGNED_SHORT 2
| #define SIZEOF_UNSIGNED_LONG 8
| #define SIZEOF_INT_P 8
| #define GETGROUPS_T gid_t
| #define TIME_WITH_SYS_TIME 1
| #define HAVE_STRUCT_TM_TM_ZONE 1
| #define HAVE_TM_ZONE 1
| #define PIDTYPE pid_t
| #define GETGROUPS_SAME_SIZE 1
| #define SYS_ERRLIST_IN_STDIO_H 1
| #define HAVE_MEMCPY 1
| #define HAVE_BCOPY 1
| #define HAVE_STRCHR 1
| /* end confdefs.h.  */
| #include <Xm/SpinB.h>
configure:6542: result: no
configure:6542: checking for Xm/SpinB.h
configure:6542: result: no
configure:6542: checking Xm/ComboBox.h usability
configure:6542: gcc -c -g -O2  conftest.c >&5
conftest.c:91:10: fatal error: Xm/ComboBox.h: No such file or directory
 #include <Xm/ComboBox.h>
          ^~~~~~~~~~~~~~~
compilation terminated.
configure:6542: $? = 1
configure: failed program was:
| /* confdefs.h */
| #define PACKAGE_NAME "src/btsched.c"
| #define PACKAGE_TARNAME "src-btsched-c"
| #define PACKAGE_VERSION "1.9"
| #define PACKAGE_STRING "src/btsched.c 1.9"
| #define PACKAGE_BUGREPORT ""
| #define PACKAGE_URL ""
| #define NETWORK_VERSION 1
| #define USING_FLOCK 1
| #define SOCKLEN_T socklen_t
| #define OS_LINUX 1
| #define BUGGY_DELCURTERM 1
| #define HAVE_LONG_FILE_NAMES 1
| #define HAVE_DIRENT_H 1
| #define STDC_HEADERS 1
| #define HAVE_SYS_TYPES_H 1
| #define HAVE_SYS_STAT_H 1
| #define HAVE_STDLIB_H 1
| #define HAVE_STRING_H 1
| #define HAVE_MEMORY_H 1
| #define HAVE_STRINGS_H 1
| #define HAVE_INTTYPES_H 1
| #define HAVE_STDINT_H 1
| #define HAVE_UNISTD_H 1
| #define HAVE_FCNTL_H 1
| #define HAVE_LIMITS_H 1
| #define HAVE_MALLOC_H 1
| #define HAVE_STDLIB_H 1
| #define HAVE_TERMIO_H 1
| #define HAVE_TERMIOS_H 1
| #define HAVE_ULIMIT_H 1
| #define HAVE_UNISTD_H 1
| #define HAVE_UTIME_H 1
| #define HAVE_WAIT_H 1
| #define HAVE_SYS_IOCTL_H 1
| #define HAVE_SYS_SELECT_H 1
| #define HAVE_SYS_TIME_H 1
| #define HAVE_SYS_MMAN_H 1
| #define HAVE_SYS_RESOURCE_H 1
| #define SIZEOF_INT 4
| #define SIZEOF_SHORT 2
| #define SIZEOF_LONG 8
| #define SIZEOF_UNSIGNED 4
| #define SIZEOF_UNSIGNED_SHORT 2
| #define SIZEOF_UNSIGNED_LONG 8
| #define SIZEOF_INT_P 8
| #define GETGROUPS_T gid_t
| #define TIME_WITH_SYS_TIME 1
| #define HAVE_STRUCT_TM_TM_ZONE 1
| #define HAVE_TM_ZONE 1
| #define PIDTYPE pid_t
| #define GETGROUPS_SAME_SIZE 1
| #define SYS_ERRLIST_IN_STDIO_H 1
| #define HAVE_MEMCPY 1
| #define HAVE_BCOPY 1
| #define HAVE_STRCHR 1
| /* end confdefs.h.  */
| #include <stdio.h>
| #ifdef HAVE_SYS_TYPES_H
| # include <sys/types.h>
| #endif
| #ifdef HAVE_SYS_STAT_H
| # include <sys/stat.h>
| #endif
| #ifdef STDC_HEADERS
| # include <stdlib.h>
| # include <stddef.h>
| #else
| # ifdef HAVE_STDLIB_H
| #  include <stdlib.h>
| # endif
| #endif
| #ifdef HAVE_STRING_H
| # if !defined STDC_HEADERS && defined HAVE_MEMORY_H
| #  include <memory.h>
| # endif
| # include <string.h>
| #endif
| #ifdef HAVE_STRINGS_H
| # include <strings.h>
| #endif
| #ifdef HAVE_INTTYPES_H
| # include <inttypes.h>
| #endif
| #ifdef HAVE_STDINT_H
| # include <stdint.h>
| #endif
| #ifdef HAVE_UNISTD_H
| # include <unistd.h>
| #endif
| #include <Xm/ComboBox.h>
configure:6542: result: no
configure:6542: checking Xm/ComboBox.h presence
configure:6542: gcc -E  conftest.c
conftest.c:58:10: fatal error: Xm/ComboBox.h: No such file or directory
 #include <Xm/ComboBox.h>
          ^~~~~~~~~~~~~~~
compilation terminated.
configure:6542: $? = 1
configure: failed program was:
| /* confdefs.h */
| #define PACKAGE_NAME "src/btsched.c"
| #define PACKAGE_TARNAME "src-btsched-c"
| #define PACKAGE_VERSION "1.9"
| #define PACKAGE_STRING "src/btsched.c 1.9"
| #define PACKAGE_BUGREPORT ""
| #define PACKAGE_URL ""
| #define NETWORK_VERSION 1
| #define USING_FLOCK 1
| #define SOCKLEN_T socklen_t
| #define OS_LINUX 1
| #define BUGGY_DELCURTERM 1
| #define HAVE_LONG_FILE_NAMES 1
| #define HAVE_DIRENT_H 1
| #define STDC_HEADERS 1
| #define HAVE_SYS_TYPES_H 1
| #define HAVE_SYS_STAT_H 1
| #define HAVE_STDLIB_H 1
| #define HAVE_STRING_H 1
| #define HAVE_MEMORY_H 1
| #define HAVE_STRINGS_H 1
| #define HAVE_INTTYPES_H 1
| #define HAVE_STDINT_H 1
| #define HAVE_UNISTD_H 1
| #define HAVE_FCNTL_H 1
| #define HAVE_LIMITS_H 1
| #define HAVE_MALLOC_H 1
| #define HAVE_STDLIB_H 1
| #define HAVE_TERMIO_H 1
| #define HAVE_TERMIOS_H 1
| #define HAVE_ULIMIT_H 1
| #define HAVE_UNISTD_H 1
| #define HAVE_UTIME_H 1
| #define HAVE_WAIT_H 1
| #define HAVE_SYS_IOCTL_H 1
| #define HAVE_SYS_SELECT_H 1
| #define HAVE_SYS_TIME_H 1
| #define HAVE_SYS_MMAN_H 1
| #define HAVE_SYS_RESOURCE_H 1
| #define SIZEOF_INT 4
| #define SIZEOF_SHORT 2
| #define SIZEOF_LONG 8
| #define SIZEOF_UNSIGNED 4
| #define SIZEOF_UNSIGNED_SHORT 2
| #define SIZEOF_UNSIGNED_LONG 8
| #define SIZEOF_INT_P 8
| #define GETGROUPS_T gid_t
| #define TIME_WITH_SYS_TIME 1
| #define HAVE_STRUCT_TM_TM_ZONE 1
| #define HAVE_TM_ZONE 1
| #define PIDTYPE pid_t
| #define GETGROUPS_SAME_SIZE 1
| #define SYS_ERRLIST_IN_STDIO_H 1
| #define HAVE_MEMCPY 1
| #define HAVE_BCOPY 1
| #define HAVE_STRCHR 1
| /* end confdefs.h.  */
| #include <Xm/ComboBox.h>
configure:6542: result: no
configure:6542: checking for Xm/ComboBox.h
configure:6542: result: no
configure:6552: checking Checking to see if it is LessTif
configure:6565: result: Apparently not
configure:6577: checking for wrefresh in -lcurses
configure:6602: gcc -o conftest -g -O2   conftest.c -lcurses   >&5
configure:6602: $? = 0
configure:6611: result: yes
configure:6710: gcc -c -g -O2  conftest.c >&5
conftest.c: In function 'main':
conftest.c:62:15: error: storage size of 'x' isn't known
 struct termio x;return sizeof(x);
               ^
configure:6710: $? = 1
configure: failed program was:
| /* confdefs.h */
| #define PACKAGE_NAME "src/btsched.c"
| #define PACKAGE_TARNAME "src-btsched-c"
| #define PACKAGE_VERSION "1.9"
| #define PACKAGE_STRING "src/btsched.c 1.9"
| #define PACKAGE_BUGREPORT ""
| #define PACKAGE_URL ""
| #define NETWORK_VERSION 1
| #define USING_FLOCK 1
| #define SOCKLEN_T socklen_t
| #define OS_LINUX 1
| #define BUGGY_DELCURTERM 1
| #define HAVE_LONG_FILE_NAMES 1
| #define HAVE_DIRENT_H 1
| #define STDC_HEADERS 1
| #define HAVE_SYS_TYPES_H 1
| #define HAVE_SYS_STAT_H 1
| #define HAVE_STDLIB_H 1
| #define HAVE_STRING_H 1
| #define HAVE_MEMORY_H 1
| #define HAVE_STRINGS_H 1
| #define HAVE_INTTYPES_H 1
| #define HAVE_STDINT_H 1
| #define HAVE_UNISTD_H 1
| #define HAVE_FCNTL_H 1
| #define HAVE_LIMITS_H 1
| #define HAVE_MALLOC_H 1
| #define HAVE_STDLIB_H 1
| #define HAVE_TERMIO_H 1
| #define HAVE_TERMIOS_H 1
| #define HAVE_ULIMIT_H 1
| #define HAVE_UNISTD_H 1
| #define HAVE_UTIME_H 1
| #define HAVE_WAIT_H 1
| #define HAVE_SYS_IOCTL_H 1
| #define HAVE_SYS_SELECT_H 1
| #define HAVE_SYS_TIME_H 1
| #define HAVE_SYS_MMAN_H 1
| #define HAVE_SYS_RESOURCE_H 1
| #define SIZEOF_INT 4
| #define SIZEOF_SHORT 2
| #define SIZEOF_LONG 8
| #define SIZEOF_UNSIGNED 4
| #define SIZEOF_UNSIGNED_SHORT 2
| #define SIZEOF_UNSIGNED_LONG 8
| #define SIZEOF_INT_P 8
| #define GETGROUPS_T gid_t
| #define TIME_WITH_SYS_TIME 1
| #define HAVE_STRUCT_TM_TM_ZONE 1
| #define HAVE_TM_ZONE 1
| #define PIDTYPE pid_t
| #define GETGROUPS_SAME_SIZE 1
| #define SYS_ERRLIST_IN_STDIO_H 1
| #define HAVE_MEMCPY 1
| #define HAVE_BCOPY 1
| #define HAVE_STRCHR 1
| /* end confdefs.h.  */
| #include <curses.h>
| int
| main ()
| {
| struct termio x;return sizeof(x);
|   ;
|   return 0;
| }
configure:6717: checking for doupdate in -lc
configure:6742: gcc -o conftest -g -O2   conftest.c -lc -lcurses  >&5
configure:6742: $? = 0
configure:6751: result: yes
configure:6756: checking for tigetstr in -lc
configure:6781: gcc -o conftest -g -O2   conftest.c -lc -lcurses  >&5
configure:6781: $? = 0
configure:6790: result: yes
configure:6801: checking curses overlap bug
configure:6832: gcc -o conftest -g -O2   conftest.c -lcurses  >&5
conftest.c:62:1: warning: return type defaults to 'int' [-Wimplicit-int]
 main()
 ^~~~
conftest.c: In function 'main':
conftest.c:65:6: warning: implicit declaration of function 'open'; did you mean 'popen'? [-Wimplicit-function-declaration]
  r = open("/dev/null", 1);
      ^~~~
      popen
conftest.c:66:2: warning: implicit declaration of function 'dup2' [-Wimplicit-function-declaration]
  dup2(r, 1);
  ^~~~
conftest.c:76:2: warning: implicit declaration of function 'exit' [-Wimplicit-function-declaration]
  exit(ch == 'A'? 0: 1);
  ^~~~
conftest.c:76:2: warning: incompatible implicit declaration of built-in function 'exit'
conftest.c:76:2: note: include '<stdlib.h>' or provide a declaration of 'exit'
configure:6832: $? = 0
configure:6832: ./conftest
configure:6832: $? = 0
configure:6833: result: I think it is OK
configure:6849: checking libxml2/libxml/xmlexports.h usability
configure:6849: gcc -c -g -O2  conftest.c >&5
conftest.c:94:10: fatal error: libxml2/libxml/xmlexports.h: No such file or directory
 #include <libxml2/libxml/xmlexports.h>
          ^~~~~~~~~~~~~~~~~~~~~~~~~~~~~
compilation terminated.
configure:6849: $? = 1
configure: failed program was:
| /* confdefs.h */
| #define PACKAGE_NAME "src/btsched.c"
| #define PACKAGE_TARNAME "src-btsched-c"
| #define PACKAGE_VERSION "1.9"
| #define PACKAGE_STRING "src/btsched.c 1.9"
| #define PACKAGE_BUGREPORT ""
| #define PACKAGE_URL ""
| #define NETWORK_VERSION 1
| #define USING_FLOCK 1
| #define SOCKLEN_T socklen_t
| #define OS_LINUX 1
| #define BUGGY_DELCURTERM 1
| #define HAVE_LONG_FILE_NAMES 1
| #define HAVE_DIRENT_H 1
| #define STDC_HEADERS 1
| #define HAVE_SYS_TYPES_H 1
| #define HAVE_SYS_STAT_H 1
| #define HAVE_STDLIB_H 1
| #define HAVE_STRING_H 1
| #define HAVE_MEMORY_H 1
| #define HAVE_STRINGS_H 1
| #define HAVE_INTTYPES_H 1
| #define HAVE_STDINT_H 1
| #define HAVE_UNISTD_H 1
| #define HAVE_FCNTL_H 1
| #define HAVE_LIMITS_H 1
| #define HAVE_MALLOC_H 1
| #define HAVE_STDLIB_H 1
| #define HAVE_TERMIO_H 1
| #define HAVE_TERMIOS_H 1
| #define HAVE_ULIMIT_H 1
| #define HAVE_UNISTD_H 1
| #define HAVE_UTIME_H 1
| #define HAVE_WAIT_H 1
| #define HAVE_SYS_IOCTL_H 1
| #define HAVE_SYS_SELECT_H 1
| #define HAVE_SYS_TIME_H 1
| #define HAVE_SYS_MMAN_H 1
| #define HAVE_SYS_RESOURCE_H 1
| #define SIZEOF_INT 4
| #define SIZEOF_SHORT 2
| #define SIZEOF_LONG 8
| #define SIZEOF_UNSIGNED 4
| #define SIZEOF_UNSIGNED_SHORT 2
| #define SIZEOF_UNSIGNED_LONG 8
| #define SIZEOF_INT_P 8
| #define GETGROUPS_T gid_t
| #define TIME_WITH_SYS_TIME 1
| #define HAVE_STRUCT_TM_TM_ZONE 1
| #define HAVE_TM_ZONE 1
| #define PIDTYPE pid_t
| #define GETGROUPS_SAME_SIZE 1
| #define SYS_ERRLIST_IN_STDIO_H 1
| #define HAVE_MEMCPY 1
| #define HAVE_BCOPY 1
| #define HAVE_STRCHR 1
| #define NO_TERMIO_IN_CURSES 1
| #define HAVE_TERMINFO 1
| #define HAVE_TIGETSTR 1
| /* end confdefs.h.  */
| #include <stdio.h>
| #ifdef HAVE_SYS_TYPES_H
| # include <sys/types.h>
| #endif
| #ifdef HAVE_SYS_STAT_H
| # include <sys/stat.h>
| #endif
| #ifdef STDC_HEADERS
| # include <stdlib.h>
| # include <stddef.h>
| #else
| # ifdef HAVE_STDLIB_H
| #  include <stdlib.h>
| # endif
| #endif
| #ifdef HAVE_STRING_H
| # if !defined STDC_HEADERS && defined HAVE_MEMORY_H
| #  include <memory.h>
| # endif
| # include <string.h>
| #endif
| #ifdef HAVE_STRINGS_H
| # include <strings.h>
| #endif
| #ifdef HAVE_INTTYPES_H
| # include <inttypes.h>
| #endif
| #ifdef HAVE_STDINT_H
| # include <stdint.h>
| #endif
| #ifdef HAVE_UNISTD_H
| # include <unistd.h>
| #endif
| #include <libxml2/libxml/xmlexports.h>
configure:6849: result: no
configure:6849: checking libxml2/libxml/xmlexports.h presence
configure:6849: gcc -E  conftest.c
conftest.c:61:10: fatal error: libxml2/libxml/xmlexports.h: No such file or directory
 #include <libxml2/libxml/xmlexports.h>
          ^~~~~~~~~~~~~~~~~~~~~~~~~~~~~
compilation terminated.
configure:6849: $? = 1
configure: failed program was:
| /* confdefs.h */
| #define PACKAGE_NAME "src/btsched.c"
| #define PACKAGE_TARNAME "src-btsched-c"
| #define PACKAGE_VERSION "1.9"
| #define PACKAGE_STRING "src/btsched.c 1.9"
| #define PACKAGE_BUGREPORT ""
| #define PACKAGE_URL ""
| #define NETWORK_VERSION 1
| #define USING_FLOCK 1
| #define SOCKLEN_T socklen_t
| #define OS_LINUX 1
| #define BUGGY_DELCURTERM 1
| #define HAVE_LONG_FILE_NAMES 1
| #define HAVE_DIRENT_H 1
| #define STDC_HEADERS 1
| #define HAVE_SYS_TYPES_H 1
| #define HAVE_SYS_STAT_H 1
| #define HAVE_STDLIB_H 1
| #define HAVE_STRING_H 1
| #define HAVE_MEMORY_H 1
| #define HAVE_STRINGS_H 1
| #define HAVE_INTTYPES_H 1
| #define HAVE_STDINT_H 1
| #define HAVE_UNISTD_H 1
| #define HAVE_FCNTL_H 1
| #define HAVE_LIMITS_H 1
| #define HAVE_MALLOC_H 1
| #define HAVE_STDLIB_H 1
| #define HAVE_TERMIO_H 1
| #define HAVE_TERMIOS_H 1
| #define HAVE_ULIMIT_H 1
| #define HAVE_UNISTD_H 1
| #define HAVE_UTIME_H 1
| #define HAVE_WAIT_H 1
| #define HAVE_SYS_IOCTL_H 1
| #define HAVE_SYS_SELECT_H 1
| #define HAVE_SYS_TIME_H 1
| #define HAVE_SYS_MMAN_H 1
| #define HAVE_SYS_RESOURCE_H 1
| #define SIZEOF_INT 4
| #define SIZEOF_SHORT 2
| #define SIZEOF_LONG 8
| #define SIZEOF_UNSIGNED 4
| #define SIZEOF_UNSIGNED_SHORT 2
| #define SIZEOF_UNSIGNED_LONG 8
| #define SIZEOF_INT_P 8
| #define GETGROUPS_T gid_t
| #define TIME_WITH_SYS_TIME 1
| #define HAVE_STRUCT_TM_TM_ZONE 1
| #define HAVE_TM_ZONE 1
| #define PIDTYPE pid_t
| #define GETGROUPS_SAME_SIZE 1
| #define SYS_ERRLIST_IN_STDIO_H 1
| #define HAVE_MEMCPY 1
| #define HAVE_BCOPY 1
| #define HAVE_STRCHR 1
| #define NO_TERMIO_IN_CURSES 1
| #define HAVE_TERMINFO 1
| #define HAVE_TIGETSTR 1
| /* end confdefs.h.  */
| #include <libxml2/libxml/xmlexports.h>
configure:6849: result: no
configure:6849: checking for libxml2/libxml/xmlexports.h
configure:6849: result: no
configure:6860: checking maximum shared memory size
configure:6919: gcc -o conftest -g -O2   conftest.c  >&5
conftest.c:79:1: warning: return type defaults to 'int' [-Wimplicit-int]
 main()
 ^~~~
conftest.c: In function 'main':
conftest.c:86:3: warning: implicit declaration of function 'exit' [-Wimplicit-function-declaration]
   exit(0);
   ^~~~
conftest.c:86:3: warning: incompatible implicit declaration of built-in function 'exit'
conftest.c:86:3: note: include '<stdlib.h>' or provide a declaration of 'exit'
conftest.c:90:3: warning: incompatible implicit declaration of built-in function 'exit'
   exit(1);
   ^~~~
conftest.c:90:3: note: include '<stdlib.h>' or provide a declaration of 'exit'
conftest.c:106:2: warning: incompatible implicit declaration of built-in function 'exit'
  exit(0);
  ^~~~
conftest.c:106:2: note: include '<stdlib.h>' or provide a declaration of 'exit'
configure:6919: $? = 0
configure:6919: ./conftest
configure:6919: $? = 0
configure:6921: result: 134217728
configure:6931: checking maximum number of messages on message queue
configure:6981: gcc -o conftest -g -O2   conftest.c  >&5
conftest.c:78:1: warning: return type defaults to 'int' [-Wimplicit-int]
 main(argc, argv) int argc; char **argv;
 ^~~~
conftest.c: In function 'main':
conftest.c:84:11: warning: implicit declaration of function 'atoi'; did you mean 'ftok'? [-Wimplicit-function-declaration]
   nmsgs = atoi(argv[1]);
           ^~~~
           ftok
conftest.c:86:3: warning: implicit declaration of function 'exit' [-Wimplicit-function-declaration]
   exit(2);
   ^~~~
conftest.c:86:3: warning: incompatible implicit declaration of built-in function 'exit'
conftest.c:86:3: note: include '<stdlib.h>' or provide a declaration of 'exit'
configure:6981: $? = 0
configure:6981: ./conftest
configure:6981: $? = 0
configure:6983: result: 409
configure:6993: checking maximum number of semaphores per id
configure:7040: gcc -o conftest -g -O2   conftest.c  >&5
configure:7040: $? = 0
configure:7040: ./conftest
configure:7040: $? = 0
configure:7042: result: 32000
configure:7047: result: Cutting that back to 200
configure:7072: checking for printenv
configure:7088: found /usr/bin/printenv
configure:7099: result: printenv
configure:7109: checking for env
configure:7136: result: printenv
configure:7149: WARNING: Environment is 2539 bytes
configure:7177: result: Allocated initial 20000 jobs
configure:7187: checking for atexit
configure:7187: gcc -o conftest -g -O2   conftest.c  >&5
configure:7187: $? = 0
configure:7187: result: yes
configure:7187: checking for fchmod
configure:7187: gcc -o conftest -g -O2   conftest.c  >&5
configure:7187: $? = 0
configure:7187: result: yes
configure:7187: checking for fchown
configure:7187: gcc -o conftest -g -O2   conftest.c  >&5
configure:7187: $? = 0
configure:7187: result: yes
configure:7187: checking for fgetc
configure:7187: gcc -o conftest -g -O2   conftest.c  >&5
configure:7187: $? = 0
configure:7187: result: yes
configure:7187: checking for ftruncate
configure:7187: gcc -o conftest -g -O2   conftest.c  >&5
configure:7187: $? = 0
configure:7187: result: yes
configure:7187: checking for getgroups
configure:7187: gcc -o conftest -g -O2   conftest.c  >&5
configure:7187: $? = 0
configure:7187: result: yes
configure:7187: checking for seteuid
configure:7187: gcc -o conftest -g -O2   conftest.c  >&5
configure:7187: $? = 0
configure:7187: result: yes
configure:7187: checking for setreuid
configure:7187: gcc -o conftest -g -O2   conftest.c  >&5
configure:7187: $? = 0
configure:7187: result: yes
configure:7187: checking for lstat
configure:7187: gcc -o conftest -g -O2   conftest.c  >&5
configure:7187: $? = 0
configure:7187: result: yes
configure:7187: checking for setrlimit
configure:7187: gcc -o conftest -g -O2   conftest.c  >&5
configure:7187: $? = 0
configure:7187: result: yes
configure:7205: checking for crypt
configure:7205: gcc -o conftest -g -O2   conftest.c  >&5
/tmp/ccpPOZVG.o: In function `main':
/home/carolhanna/Security_Project/gnu_dataset/gnubatch-1.9/conftest.c:110: undefined reference to `crypt'
collect2: error: ld returned 1 exit status
configure:7205: $? = 1
configure: failed program was:
| /* confdefs.h */
| #define PACKAGE_NAME "src/btsched.c"
| #define PACKAGE_TARNAME "src-btsched-c"
| #define PACKAGE_VERSION "1.9"
| #define PACKAGE_STRING "src/btsched.c 1.9"
| #define PACKAGE_BUGREPORT ""
| #define PACKAGE_URL ""
| #define NETWORK_VERSION 1
| #define USING_FLOCK 1
| #define SOCKLEN_T socklen_t
| #define OS_LINUX 1
| #define BUGGY_DELCURTERM 1
| #define HAVE_LONG_FILE_NAMES 1
| #define HAVE_DIRENT_H 1
| #define STDC_HEADERS 1
| #define HAVE_SYS_TYPES_H 1
| #define HAVE_SYS_STAT_H 1
| #define HAVE_STDLIB_H 1
| #define HAVE_STRING_H 1
| #define HAVE_MEMORY_H 1
| #define HAVE_STRINGS_H 1
| #define HAVE_INTTYPES_H 1
| #define HAVE_STDINT_H 1
| #define HAVE_UNISTD_H 1
| #define HAVE_FCNTL_H 1
| #define HAVE_LIMITS_H 1
| #define HAVE_MALLOC_H 1
| #define HAVE_STDLIB_H 1
| #define HAVE_TERMIO_H 1
| #define HAVE_TERMIOS_H 1
| #define HAVE_ULIMIT_H 1
| #define HAVE_UNISTD_H 1
| #define HAVE_UTIME_H 1
| #define HAVE_WAIT_H 1
| #define HAVE_SYS_IOCTL_H 1
| #define HAVE_SYS_SELECT_H 1
| #define HAVE_SYS_TIME_H 1
| #define HAVE_SYS_MMAN_H 1
| #define HAVE_SYS_RESOURCE_H 1
| #define SIZEOF_INT 4
| #define SIZEOF_SHORT 2
| #define SIZEOF_LONG 8
| #define SIZEOF_UNSIGNED 4
| #define SIZEOF_UNSIGNED_SHORT 2
| #define SIZEOF_UNSIGNED_LONG 8
| #define SIZEOF_INT_P 8
| #define GETGROUPS_T gid_t
| #define TIME_WITH_SYS_TIME 1
| #define HAVE_STRUCT_TM_TM_ZONE 1
| #define HAVE_TM_ZONE 1
| #define PIDTYPE pid_t
| #define GETGROUPS_SAME_SIZE 1
| #define SYS_ERRLIST_IN_STDIO_H 1
| #define HAVE_MEMCPY 1
| #define HAVE_BCOPY 1
| #define HAVE_STRCHR 1
| #define NO_TERMIO_IN_CURSES 1
| #define HAVE_TERMINFO 1
| #define HAVE_TIGETSTR 1
| #define NUMSEMA4 200
| #define NUMXBUFS 409
| #define ENVSIZE 2539
| #define INITJALLOC 20000
| #define HAVE_ATEXIT 1
| #define HAVE_FCHMOD 1
| #define HAVE_FCHOWN 1
| #define HAVE_FGETC 1
| #define HAVE_FTRUNCATE 1
| #define HAVE_GETGROUPS 1
| #define HAVE_SETEUID 1
| #define HAVE_SETREUID 1
| #define HAVE_LSTAT 1
| #define HAVE_SETRLIMIT 1
| #define ID_SWAP 1
| /* end confdefs.h.  */
| /* Define crypt to an innocuous variant, in case <limits.h> declares crypt.
|    For example, HP-UX 11i <limits.h> declares gettimeofday.  */
| #define crypt innocuous_crypt
| 
| /* System header to define __stub macros and hopefully few prototypes,
|     which can conflict with char crypt (); below.
|     Prefer <limits.h> to <assert.h> if __STDC__ is defined, since
|     <limits.h> exists even on freestanding compilers.  */
| 
| #ifdef __STDC__
| # include <limits.h>
| #else
| # include <assert.h>
| #endif
| 
| #undef crypt
| 
| /* Override any GCC internal prototype to avoid an error.
|    Use char because int might match the return type of a GCC
|    builtin and then its argument prototype would still apply.  */
| #ifdef __cplusplus
| extern "C"
| #endif
| char crypt ();
| /* The GNU C library defines this for functions which it implements
|     to always fail with ENOSYS.  Some functions are actually named
|     something starting with __ and the normal name is an alias.  */
| #if defined __stub_crypt || defined __stub___crypt
| choke me
| #endif
| 
| int
| main ()
| {
| return crypt ();
|   ;
|   return 0;
| }
configure:7205: result: no
configure:7209: checking for crypt in -lcrypt
configure:7234: gcc -o conftest -g -O2   conftest.c -lcrypt   >&5
configure:7234: $? = 0
configure:7243: result: yes
configure:7255: checking for getspent
configure:7255: gcc -o conftest -g -O2   conftest.c  >&5
configure:7255: $? = 0
configure:7255: result: yes
configure:7304: checking whether getpgrp requires zero arguments
configure:7321: gcc -c -g -O2  conftest.c >&5
conftest.c: In function 'main':
conftest.c:113:1: error: too many arguments to function 'getpgrp'
 getpgrp (0);
 ^~~~~~~
In file included from conftest.c:108:0:
/usr/include/unistd.h:637:16: note: declared here
 extern __pid_t getpgrp (void) __THROW;
                ^~~~~~~
configure:7321: $? = 1
configure: failed program was:
| /* confdefs.h */
| #define PACKAGE_NAME "src/btsched.c"
| #define PACKAGE_TARNAME "src-btsched-c"
| #define PACKAGE_VERSION "1.9"
| #define PACKAGE_STRING "src/btsched.c 1.9"
| #define PACKAGE_BUGREPORT ""
| #define PACKAGE_URL ""
| #define NETWORK_VERSION 1
| #define USING_FLOCK 1
| #define SOCKLEN_T socklen_t
| #define OS_LINUX 1
| #define BUGGY_DELCURTERM 1
| #define HAVE_LONG_FILE_NAMES 1
| #define HAVE_DIRENT_H 1
| #define STDC_HEADERS 1
| #define HAVE_SYS_TYPES_H 1
| #define HAVE_SYS_STAT_H 1
| #define HAVE_STDLIB_H 1
| #define HAVE_STRING_H 1
| #define HAVE_MEMORY_H 1
| #define HAVE_STRINGS_H 1
| #define HAVE_INTTYPES_H 1
| #define HAVE_STDINT_H 1
| #define HAVE_UNISTD_H 1
| #define HAVE_FCNTL_H 1
| #define HAVE_LIMITS_H 1
| #define HAVE_MALLOC_H 1
| #define HAVE_STDLIB_H 1
| #define HAVE_TERMIO_H 1
| #define HAVE_TERMIOS_H 1
| #define HAVE_ULIMIT_H 1
| #define HAVE_UNISTD_H 1
| #define HAVE_UTIME_H 1
| #define HAVE_WAIT_H 1
| #define HAVE_SYS_IOCTL_H 1
| #define HAVE_SYS_SELECT_H 1
| #define HAVE_SYS_TIME_H 1
| #define HAVE_SYS_MMAN_H 1
| #define HAVE_SYS_RESOURCE_H 1
| #define SIZEOF_INT 4
| #define SIZEOF_SHORT 2
| #define SIZEOF_LONG 8
| #define SIZEOF_UNSIGNED 4
| #define SIZEOF_UNSIGNED_SHORT 2
| #define SIZEOF_UNSIGNED_LONG 8
| #define SIZEOF_INT_P 8
| #define GETGROUPS_T gid_t
| #define TIME_WITH_SYS_TIME 1
| #define HAVE_STRUCT_TM_TM_ZONE 1
| #define HAVE_TM_ZONE 1
| #define PIDTYPE pid_t
| #define GETGROUPS_SAME_SIZE 1
| #define SYS_ERRLIST_IN_STDIO_H 1
| #define HAVE_MEMCPY 1
| #define HAVE_BCOPY 1
| #define HAVE_STRCHR 1
| #define NO_TERMIO_IN_CURSES 1
| #define HAVE_TERMINFO 1
| #define HAVE_TIGETSTR 1
| #define NUMSEMA4 200
| #define NUMXBUFS 409
| #define ENVSIZE 2539
| #define INITJALLOC 20000
| #define HAVE_ATEXIT 1
| #define HAVE_FCHMOD 1
| #define HAVE_FCHOWN 1
| #define HAVE_FGETC 1
| #define HAVE_FTRUNCATE 1
| #define HAVE_GETGROUPS 1
| #define HAVE_SETEUID 1
| #define HAVE_SETREUID 1
| #define HAVE_LSTAT 1
| #define HAVE_SETRLIMIT 1
| #define ID_SWAP 1
| #define SHADOW_PW 1
| /* end confdefs.h.  */
| #include <stdio.h>
| #ifdef HAVE_SYS_TYPES_H
| # include <sys/types.h>
| #endif
| #ifdef HAVE_SYS_STAT_H
| # include <sys/stat.h>
| #endif
| #ifdef STDC_HEADERS
| # include <stdlib.h>
| # include <stddef.h>
| #else
| # ifdef HAVE_STDLIB_H
| #  include <stdlib.h>
| # endif
| #endif
| #ifdef HAVE_STRING_H
| # if !defined STDC_HEADERS && defined HAVE_MEMORY_H
| #  include <memory.h>
| # endif
| # include <string.h>
| #endif
| #ifdef HAVE_STRINGS_H
| # include <strings.h>
| #endif
| #ifdef HAVE_INTTYPES_H
| # include <inttypes.h>
| #endif
| #ifdef HAVE_STDINT_H
| # include <stdint.h>
| #endif
| #ifdef HAVE_UNISTD_H
| # include <unistd.h>
| #endif
| int
| main ()
| {
| getpgrp (0);
|   ;
|   return 0;
| }
configure:7329: result: yes
configure:7337: checking whether setpgrp takes no argument
configure:7359: gcc -o conftest -g -O2   conftest.c  >&5
conftest.c: In function 'main':
conftest.c:117:10: error: too many arguments to function 'setpgrp'
   return setpgrp (1,1) != -1;
          ^~~~~~~
In file included from conftest.c:109:0:
/usr/include/unistd.h:663:12: note: declared here
 extern int setpgrp (void) __THROW;
            ^~~~~~~
configure:7359: $? = 1
configure: program exited with status 1
configure: failed program was:
| /* confdefs.h */
| #define PACKAGE_NAME "src/btsched.c"
| #define PACKAGE_TARNAME "src-btsched-c"
| #define PACKAGE_VERSION "1.9"
| #define PACKAGE_STRING "src/btsched.c 1.9"
| #define PACKAGE_BUGREPORT ""
| #define PACKAGE_URL ""
| #define NETWORK_VERSION 1
| #define USING_FLOCK 1
| #define SOCKLEN_T socklen_t
| #define OS_LINUX 1
| #define BUGGY_DELCURTERM 1
| #define HAVE_LONG_FILE_NAMES 1
| #define HAVE_DIRENT_H 1
| #define STDC_HEADERS 1
| #define HAVE_SYS_TYPES_H 1
| #define HAVE_SYS_STAT_H 1
| #define HAVE_STDLIB_H 1
| #define HAVE_STRING_H 1
| #define HAVE_MEMORY_H 1
| #define HAVE_STRINGS_H 1
| #define HAVE_INTTYPES_H 1
| #define HAVE_STDINT_H 1
| #define HAVE_UNISTD_H 1
| #define HAVE_FCNTL_H 1
| #define HAVE_LIMITS_H 1
| #define HAVE_MALLOC_H 1
| #define HAVE_STDLIB_H 1
| #define HAVE_TERMIO_H 1
| #define HAVE_TERMIOS_H 1
| #define HAVE_ULIMIT_H 1
| #define HAVE_UNISTD_H 1
| #define HAVE_UTIME_H 1
| #define HAVE_WAIT_H 1
| #define HAVE_SYS_IOCTL_H 1
| #define HAVE_SYS_SELECT_H 1
| #define HAVE_SYS_TIME_H 1
| #define HAVE_SYS_MMAN_H 1
| #define HAVE_SYS_RESOURCE_H 1
| #define SIZEOF_INT 4
| #define SIZEOF_SHORT 2
| #define SIZEOF_LONG 8
| #define SIZEOF_UNSIGNED 4
| #define SIZEOF_UNSIGNED_SHORT 2
| #define SIZEOF_UNSIGNED_LONG 8
| #define SIZEOF_INT_P 8
| #define GETGROUPS_T gid_t
| #define TIME_WITH_SYS_TIME 1
| #define HAVE_STRUCT_TM_TM_ZONE 1
| #define HAVE_TM_ZONE 1
| #define PIDTYPE pid_t
| #define GETGROUPS_SAME_SIZE 1
| #define SYS_ERRLIST_IN_STDIO_H 1
| #define HAVE_MEMCPY 1
| #define HAVE_BCOPY 1
| #define HAVE_STRCHR 1
| #define NO_TERMIO_IN_CURSES 1
| #define HAVE_TERMINFO 1
| #define HAVE_TIGETSTR 1
| #define NUMSEMA4 200
| #define NUMXBUFS 409
| #define ENVSIZE 2539
| #define INITJALLOC 20000
| #define HAVE_ATEXIT 1
| #define HAVE_FCHMOD 1
| #define HAVE_FCHOWN 1
| #define HAVE_FGETC 1
| #define HAVE_FTRUNCATE 1
| #define HAVE_GETGROUPS 1
| #define HAVE_SETEUID 1
| #define HAVE_SETREUID 1
| #define HAVE_LSTAT 1
| #define HAVE_SETRLIMIT 1
| #define ID_SWAP 1
| #define SHADOW_PW 1
| #define GETPGRP_VOID 1
| /* end confdefs.h.  */
| #include <stdio.h>
| #ifdef HAVE_SYS_TYPES_H
| # include <sys/types.h>
| #endif
| #ifdef HAVE_SYS_STAT_H
| # include <sys/stat.h>
| #endif
| #ifdef STDC_HEADERS
| # include <stdlib.h>
| # include <stddef.h>
| #else
| # ifdef HAVE_STDLIB_H
| #  include <stdlib.h>
| # endif
| #endif
| #ifdef HAVE_STRING_H
| # if !defined STDC_HEADERS && defined HAVE_MEMORY_H
| #  include <memory.h>
| # endif
| # include <string.h>
| #endif
| #ifdef HAVE_STRINGS_H
| # include <strings.h>
| #endif
| #ifdef HAVE_INTTYPES_H
| # include <inttypes.h>
| #endif
| #ifdef HAVE_STDINT_H
| # include <stdint.h>
| #endif
| #ifdef HAVE_UNISTD_H
| # include <unistd.h>
| #endif
| int
| main ()
| {
| /* If this system has a BSD-style setpgrp which takes arguments,
|   setpgrp(1, 1) will fail with ESRCH and return -1, in that case
|   exit successfully. */
|   return setpgrp (1,1) != -1;
|   ;
|   return 0;
| }
configure:7369: result: yes
configure:7384: checking return type of signal handlers
configure:7402: gcc -c -g -O2  conftest.c >&5
conftest.c: In function 'main':
conftest.c:85:10: error: void value not ignored as it ought to be
 return *(signal (0, 0)) (0) == 1;
         ~^~~~~~~~~~~~~~~~~~
configure:7402: $? = 1
configure: failed program was:
| /* confdefs.h */
| #define PACKAGE_NAME "src/btsched.c"
| #define PACKAGE_TARNAME "src-btsched-c"
| #define PACKAGE_VERSION "1.9"
| #define PACKAGE_STRING "src/btsched.c 1.9"
| #define PACKAGE_BUGREPORT ""
| #define PACKAGE_URL ""
| #define NETWORK_VERSION 1
| #define USING_FLOCK 1
| #define SOCKLEN_T socklen_t
| #define OS_LINUX 1
| #define BUGGY_DELCURTERM 1
| #define HAVE_LONG_FILE_NAMES 1
| #define HAVE_DIRENT_H 1
| #define STDC_HEADERS 1
| #define HAVE_SYS_TYPES_H 1
| #define HAVE_SYS_STAT_H 1
| #define HAVE_STDLIB_H 1
| #define HAVE_STRING_H 1
| #define HAVE_MEMORY_H 1
| #define HAVE_STRINGS_H 1
| #define HAVE_INTTYPES_H 1
| #define HAVE_STDINT_H 1
| #define HAVE_UNISTD_H 1
| #define HAVE_FCNTL_H 1
| #define HAVE_LIMITS_H 1
| #define HAVE_MALLOC_H 1
| #define HAVE_STDLIB_H 1
| #define HAVE_TERMIO_H 1
| #define HAVE_TERMIOS_H 1
| #define HAVE_ULIMIT_H 1
| #define HAVE_UNISTD_H 1
| #define HAVE_UTIME_H 1
| #define HAVE_WAIT_H 1
| #define HAVE_SYS_IOCTL_H 1
| #define HAVE_SYS_SELECT_H 1
| #define HAVE_SYS_TIME_H 1
| #define HAVE_SYS_MMAN_H 1
| #define HAVE_SYS_RESOURCE_H 1
| #define SIZEOF_INT 4
| #define SIZEOF_SHORT 2
| #define SIZEOF_LONG 8
| #define SIZEOF_UNSIGNED 4
| #define SIZEOF_UNSIGNED_SHORT 2
| #define SIZEOF_UNSIGNED_LONG 8
| #define SIZEOF_INT_P 8
| #define GETGROUPS_T gid_t
| #define TIME_WITH_SYS_TIME 1
| #define HAVE_STRUCT_TM_TM_ZONE 1
| #define HAVE_TM_ZONE 1
| #define PIDTYPE pid_t
| #define GETGROUPS_SAME_SIZE 1
| #define SYS_ERRLIST_IN_STDIO_H 1
| #define HAVE_MEMCPY 1
| #define HAVE_BCOPY 1
| #define HAVE_STRCHR 1
| #define NO_TERMIO_IN_CURSES 1
| #define HAVE_TERMINFO 1
| #define HAVE_TIGETSTR 1
| #define NUMSEMA4 200
| #define NUMXBUFS 409
| #define ENVSIZE 2539
| #define INITJALLOC 20000
| #define HAVE_ATEXIT 1
| #define HAVE_FCHMOD 1
| #define HAVE_FCHOWN 1
| #define HAVE_FGETC 1
| #define HAVE_FTRUNCATE 1
| #define HAVE_GETGROUPS 1
| #define HAVE_SETEUID 1
| #define HAVE_SETREUID 1
| #define HAVE_LSTAT 1
| #define HAVE_SETRLIMIT 1
| #define ID_SWAP 1
| #define SHADOW_PW 1
| #define GETPGRP_VOID 1
| #define SETPGRP_VOID 1
| /* end confdefs.h.  */
| #include <sys/types.h>
| #include <signal.h>
| 
| int
| main ()
| {
| return *(signal (0, 0)) (0) == 1;
|   ;
|   return 0;
| }
configure:7409: result: void
configure:7423: checking for utime.h
configure:7423: result: yes
configure:7437: checking whether utime accepts a null argument
configure:7466: gcc -o conftest -g -O2   conftest.c  >&5
configure:7466: $? = 0
configure:7466: ./conftest
configure:7466: $? = 0
configure:7476: result: yes
configure:7489: checking for sigaction
configure:7489: gcc -o conftest -g -O2   conftest.c  >&5
configure:7489: $? = 0
configure:7489: result: yes
configure:7489: checking for sigvector
configure:7489: gcc -o conftest -g -O2   conftest.c  >&5
/tmp/ccHWqe2i.o: In function `main':
/home/carolhanna/Security_Project/gnu_dataset/gnubatch-1.9/conftest.c:117: undefined reference to `sigvector'
collect2: error: ld returned 1 exit status
configure:7489: $? = 1
configure: failed program was:
| /* confdefs.h */
| #define PACKAGE_NAME "src/btsched.c"
| #define PACKAGE_TARNAME "src-btsched-c"
| #define PACKAGE_VERSION "1.9"
| #define PACKAGE_STRING "src/btsched.c 1.9"
| #define PACKAGE_BUGREPORT ""
| #define PACKAGE_URL ""
| #define NETWORK_VERSION 1
| #define USING_FLOCK 1
| #define SOCKLEN_T socklen_t
| #define OS_LINUX 1
| #define BUGGY_DELCURTERM 1
| #define HAVE_LONG_FILE_NAMES 1
| #define HAVE_DIRENT_H 1
| #define STDC_HEADERS 1
| #define HAVE_SYS_TYPES_H 1
| #define HAVE_SYS_STAT_H 1
| #define HAVE_STDLIB_H 1
| #define HAVE_STRING_H 1
| #define HAVE_MEMORY_H 1
| #define HAVE_STRINGS_H 1
| #define HAVE_INTTYPES_H 1
| #define HAVE_STDINT_H 1
| #define HAVE_UNISTD_H 1
| #define HAVE_FCNTL_H 1
| #define HAVE_LIMITS_H 1
| #define HAVE_MALLOC_H 1
| #define HAVE_STDLIB_H 1
| #define HAVE_TERMIO_H 1
| #define HAVE_TERMIOS_H 1
| #define HAVE_ULIMIT_H 1
| #define HAVE_UNISTD_H 1
| #define HAVE_UTIME_H 1
| #define HAVE_WAIT_H 1
| #define HAVE_SYS_IOCTL_H 1
| #define HAVE_SYS_SELECT_H 1
| #define HAVE_SYS_TIME_H 1
| #define HAVE_SYS_MMAN_H 1
| #define HAVE_SYS_RESOURCE_H 1
| #define SIZEOF_INT 4
| #define SIZEOF_SHORT 2
| #define SIZEOF_LONG 8
| #define SIZEOF_UNSIGNED 4
| #define SIZEOF_UNSIGNED_SHORT 2
| #define SIZEOF_UNSIGNED_LONG 8
| #define SIZEOF_INT_P 8
| #define GETGROUPS_T gid_t
| #define TIME_WITH_SYS_TIME 1
| #define HAVE_STRUCT_TM_TM_ZONE 1
| #define HAVE_TM_ZONE 1
| #define PIDTYPE pid_t
| #define GETGROUPS_SAME_SIZE 1
| #define SYS_ERRLIST_IN_STDIO_H 1
| #define HAVE_MEMCPY 1
| #define HAVE_BCOPY 1
| #define HAVE_STRCHR 1
| #define NO_TERMIO_IN_CURSES 1
| #define HAVE_TERMINFO 1
| #define HAVE_TIGETSTR 1
| #define NUMSEMA4 200
| #define NUMXBUFS 409
| #define ENVSIZE 2539
| #define INITJALLOC 20000
| #define HAVE_ATEXIT 1
| #define HAVE_FCHMOD 1
| #define HAVE_FCHOWN 1
| #define HAVE_FGETC 1
| #define HAVE_FTRUNCATE 1
| #define HAVE_GETGROUPS 1
| #define HAVE_SETEUID 1
| #define HAVE_SETREUID 1
| #define HAVE_LSTAT 1
| #define HAVE_SETRLIMIT 1
| #define ID_SWAP 1
| #define SHADOW_PW 1
| #define GETPGRP_VOID 1
| #define SETPGRP_VOID 1
| #define RETSIGTYPE void
| #define HAVE_UTIME_H 1
| #define HAVE_UTIME_NULL 1
| #define HAVE_SIGACTION 1
| /* end confdefs.h.  */
| /* Define sigvector to an innocuous variant, in case <limits.h> declares sigvector.
|    For example, HP-UX 11i <limits.h> declares gettimeofday.  */
| #define sigvector innocuous_sigvector
| 
| /* System header to define __stub macros and hopefully few prototypes,
|     which can conflict with char sigvector (); below.
|     Prefer <limits.h> to <assert.h> if __STDC__ is defined, since
|     <limits.h> exists even on freestanding compilers.  */
| 
| #ifdef __STDC__
| # include <limits.h>
| #else
| # include <assert.h>
| #endif
| 
| #undef sigvector
| 
| /* Override any GCC internal prototype to avoid an error.
|    Use char because int might match the return type of a GCC
|    builtin and then its argument prototype would still apply.  */
| #ifdef __cplusplus
| extern "C"
| #endif
| char sigvector ();
| /* The GNU C library defines this for functions which it implements
|     to always fail with ENOSYS.  Some functions are actually named
|     something starting with __ and the normal name is an alias.  */
| #if defined __stub_sigvector || defined __stub___sigvector
| choke me
| #endif
| 
| int
| main ()
| {
| return sigvector ();
|   ;
|   return 0;
| }
configure:7489: result: no
configure:7489: checking for sigvec
configure:7489: gcc -o conftest -g -O2   conftest.c  >&5
/tmp/cccijycq.o: In function `main':
/home/carolhanna/Security_Project/gnu_dataset/gnubatch-1.9/conftest.c:117: undefined reference to `sigvec'
collect2: error: ld returned 1 exit status
configure:7489: $? = 1
configure: failed program was:
| /* confdefs.h */
| #define PACKAGE_NAME "src/btsched.c"
| #define PACKAGE_TARNAME "src-btsched-c"
| #define PACKAGE_VERSION "1.9"
| #define PACKAGE_STRING "src/btsched.c 1.9"
| #define PACKAGE_BUGREPORT ""
| #define PACKAGE_URL ""
| #define NETWORK_VERSION 1
| #define USING_FLOCK 1
| #define SOCKLEN_T socklen_t
| #define OS_LINUX 1
| #define BUGGY_DELCURTERM 1
| #define HAVE_LONG_FILE_NAMES 1
| #define HAVE_DIRENT_H 1
| #define STDC_HEADERS 1
| #define HAVE_SYS_TYPES_H 1
| #define HAVE_SYS_STAT_H 1
| #define HAVE_STDLIB_H 1
| #define HAVE_STRING_H 1
| #define HAVE_MEMORY_H 1
| #define HAVE_STRINGS_H 1
| #define HAVE_INTTYPES_H 1
| #define HAVE_STDINT_H 1
| #define HAVE_UNISTD_H 1
| #define HAVE_FCNTL_H 1
| #define HAVE_LIMITS_H 1
| #define HAVE_MALLOC_H 1
| #define HAVE_STDLIB_H 1
| #define HAVE_TERMIO_H 1
| #define HAVE_TERMIOS_H 1
| #define HAVE_ULIMIT_H 1
| #define HAVE_UNISTD_H 1
| #define HAVE_UTIME_H 1
| #define HAVE_WAIT_H 1
| #define HAVE_SYS_IOCTL_H 1
| #define HAVE_SYS_SELECT_H 1
| #define HAVE_SYS_TIME_H 1
| #define HAVE_SYS_MMAN_H 1
| #define HAVE_SYS_RESOURCE_H 1
| #define SIZEOF_INT 4
| #define SIZEOF_SHORT 2
| #define SIZEOF_LONG 8
| #define SIZEOF_UNSIGNED 4
| #define SIZEOF_UNSIGNED_SHORT 2
| #define SIZEOF_UNSIGNED_LONG 8
| #define SIZEOF_INT_P 8
| #define GETGROUPS_T gid_t
| #define TIME_WITH_SYS_TIME 1
| #define HAVE_STRUCT_TM_TM_ZONE 1
| #define HAVE_TM_ZONE 1
| #define PIDTYPE pid_t
| #define GETGROUPS_SAME_SIZE 1
| #define SYS_ERRLIST_IN_STDIO_H 1
| #define HAVE_MEMCPY 1
| #define HAVE_BCOPY 1
| #define HAVE_STRCHR 1
| #define NO_TERMIO_IN_CURSES 1
| #define HAVE_TERMINFO 1
| #define HAVE_TIGETSTR 1
| #define NUMSEMA4 200
| #define NUMXBUFS 409
| #define ENVSIZE 2539
| #define INITJALLOC 20000
| #define HAVE_ATEXIT 1
| #define HAVE_FCHMOD 1
| #define HAVE_FCHOWN 1
| #define HAVE_FGETC 1
| #define HAVE_FTRUNCATE 1
| #define HAVE_GETGROUPS 1
| #define HAVE_SETEUID 1
| #define HAVE_SETREUID 1
| #define HAVE_LSTAT 1
| #define HAVE_SETRLIMIT 1
| #define ID_SWAP 1
| #define SHADOW_PW 1
| #define GETPGRP_VOID 1
| #define SETPGRP_VOID 1
| #define RETSIGTYPE void
| #define HAVE_UTIME_H 1
| #define HAVE_UTIME_NULL 1
| #define HAVE_SIGACTION 1
| /* end confdefs.h.  */
| /* Define sigvec to an innocuous variant, in case <limits.h> declares sigvec.
|    For example, HP-UX 11i <limits.h> declares gettimeofday.  */
| #define sigvec innocuous_sigvec
| 
| /* System header to define __stub macros and hopefully few prototypes,
|     which can conflict with char sigvec (); below.
|     Prefer <limits.h> to <assert.h> if __STDC__ is defined, since
|     <limits.h> exists even on freestanding compilers.  */
| 
| #ifdef __STDC__
| # include <limits.h>
| #else
| # include <assert.h>
| #endif
| 
| #undef sigvec
| 
| /* Override any GCC internal prototype to avoid an error.
|    Use char because int might match the return type of a GCC
|    builtin and then its argument prototype would still apply.  */
| #ifdef __cplusplus
| extern "C"
| #endif
| char sigvec ();
| /* The GNU C library defines this for functions which it implements
|     to always fail with ENOSYS.  Some functions are actually named
|     something starting with __ and the normal name is an alias.  */
| #if defined __stub_sigvec || defined __stub___sigvec
| choke me
| #endif
| 
| int
| main ()
| {
| return sigvec ();
|   ;
|   return 0;
| }
configure:7489: result: no
configure:7489: checking for sigset
configure:7489: gcc -o conftest -g -O2   conftest.c  >&5
configure:7489: $? = 0
configure:7489: result: yes
configure:7489: checking for waitpid
configure:7489: gcc -o conftest -g -O2   conftest.c  >&5
configure:7489: $? = 0
configure:7489: result: yes
configure:7511: gcc -c -g -O2  conftest.c >&5
configure:7511: $? = 0
configure:7512: result: struct sigaction has sa_sigaction member
configure:7572: checking Can find f.d. of directory
configure:7608: gcc -o conftest -g -O2   conftest.c  >&5
configure:7608: $? = 0
configure:7609: result: dirfd seems OK
configure:7786: creating ./config.status

## ---------------------- ##
## Running config.status. ##
## ---------------------- ##

This file was extended by src/btsched.c config.status 1.9, which was
generated by GNU Autoconf 2.68.  Invocation command line was

  CONFIG_FILES    = 
  CONFIG_HEADERS  = 
  CONFIG_LINKS    = 
  CONFIG_COMMANDS = 
  $ ./config.status 

on rishon

config.status:947: creating Makefile
config.status:947: creating ingnubatch.conf
config.status:1100: WARNING: ingnubatch.conf contains a reference to the variable `datarootdir'
which seems to be undefined.  Please make sure it is defined
config.status:947: creating util/Makefile
config.status:947: creating src/Makefile
config.status:947: creating src/helpmsg/Makefile
config.status:947: creating src/hdrs/infiles.h
config.status:947: creating src/lib/Makefile
config.status:947: creating src/ins/Makefile
config.status:947: creating src/gtk/Makefile
config.status:947: creating src/motif/Makefile
config.status:947: creating src/apilib/Makefile
config.status:947: creating src/loccgi/Makefile
config.status:947: creating src/remcgi/Makefile
config.status:947: creating doc/Makefile
config.status:947: creating Netinst
config.status:947: creating Checkuserinst
config.status:947: creating Userinst
config.status:947: creating STARTUP/Startdirs
config.status:947: creating config.h
config.status:1136: executing src/hdrs/files.h commands

## ---------------- ##
## Cache variables. ##
## ---------------- ##

ac_cv_build=x86_64-unknown-linux-gnu
ac_cv_c_bigendian=no
ac_cv_c_compiler_gnu=yes
ac_cv_c_const=yes
ac_cv_c_inline=inline
ac_cv_env_BATCHUSER_set=
ac_cv_env_BATCHUSER_value=
ac_cv_env_CC_set=
ac_cv_env_CC_value=
ac_cv_env_CFLAGS_set=
ac_cv_env_CFLAGS_value=
ac_cv_env_CPPFLAGS_set=
ac_cv_env_CPPFLAGS_value=
ac_cv_env_CPP_set=
ac_cv_env_CPP_value=
ac_cv_env_LDFLAGS_set=
ac_cv_env_LDFLAGS_value=
ac_cv_env_LIBS_set=
ac_cv_env_LIBS_value=
ac_cv_env_XMKMF_set=
ac_cv_env_XMKMF_value=
ac_cv_env_YACC_set=
ac_cv_env_YACC_value=
ac_cv_env_YFLAGS_set=
ac_cv_env_YFLAGS_value=
ac_cv_env_build_alias_set=
ac_cv_env_build_alias_value=
ac_cv_env_host_alias_set=
ac_cv_env_host_alias_value=
ac_cv_env_target_alias_set=
ac_cv_env_target_alias_value=
ac_cv_func_atexit=yes
ac_cv_func_bcopy=yes
ac_cv_func_crypt=no
ac_cv_func_fchmod=yes
ac_cv_func_fchown=yes
ac_cv_func_fgetc=yes
ac_cv_func_ftruncate=yes
ac_cv_func_getgroups=yes
ac_cv_func_getpgrp_void=yes
ac_cv_func_getspent=yes
ac_cv_func_lstat=yes
ac_cv_func_memcpy=yes
ac_cv_func_seteuid=yes
ac_cv_func_setpgrp_void=yes
ac_cv_func_setreuid=yes
ac_cv_func_setrlimit=yes
ac_cv_func_setvbuf_reversed=no
ac_cv_func_sigaction=yes
ac_cv_func_sigset=yes
ac_cv_func_sigvec=no
ac_cv_func_sigvector=no
ac_cv_func_socket=yes
ac_cv_func_strchr=yes
ac_cv_func_utime_null=yes
ac_cv_func_waitpid=yes
ac_cv_have_x='have_x=yes	ac_x_includes='\'''\''	ac_x_libraries='\'''\'''
ac_cv_header_Xm_ComboBox_h=no
ac_cv_header_Xm_SpinB_h=no
ac_cv_header_dirent_dirent_h=yes
ac_cv_header_fcntl_h=yes
ac_cv_header_inttypes_h=yes
ac_cv_header_libxml2_libxml_xmlexports_h=no
ac_cv_header_limits_h=yes
ac_cv_header_malloc_h=yes
ac_cv_header_memory_h=yes
ac_cv_header_stdc=yes
ac_cv_header_stdint_h=yes
ac_cv_header_stdlib_h=yes
ac_cv_header_string_h=yes
ac_cv_header_strings_h=yes
ac_cv_header_sys_ioctl_h=yes
ac_cv_header_sys_mman_h=yes
ac_cv_header_sys_resource_h=yes
ac_cv_header_sys_select_h=yes
ac_cv_header_sys_stat_h=yes
ac_cv_header_sys_time_h=yes
ac_cv_header_sys_types_h=yes
ac_cv_header_sys_utime_h=no
ac_cv_header_termio_h=yes
ac_cv_header_termios_h=yes
ac_cv_header_time=yes
ac_cv_header_ulimit_h=yes
ac_cv_header_unistd_h=yes
ac_cv_header_utime_h=yes
ac_cv_header_wait_h=yes
ac_cv_host=x86_64-unknown-linux-gnu
ac_cv_lib_XIM_XDefaultString=no
ac_cv_lib_Xext_XextCreateExtension=no
ac_cv_lib_Xm_XmCreateMenuBar=no
ac_cv_lib_Xm_XmCreatePopupMenu=no
ac_cv_lib_Xm_XmRenditionCreate=no
ac_cv_lib_c_doupdate=yes
ac_cv_lib_c_tigetstr=yes
ac_cv_lib_crypt_crypt=yes
ac_cv_lib_curses_wrefresh=yes
ac_cv_lib_gen_regex=no
ac_cv_member_struct_tm_tm_zone=yes
ac_cv_objext=o
ac_cv_path_EGREP='/bin/grep -E'
ac_cv_path_GREP=/bin/grep
ac_cv_path_install='/usr/bin/install -c'
ac_cv_path_perlbin=/usr/bin/perl
ac_cv_path_shell=/bin/sh
ac_cv_prog_CPP='gcc -E'
ac_cv_prog_ENV_PROG=printenv
ac_cv_prog_ac_ct_CC=gcc
ac_cv_prog_cc_c89=
ac_cv_prog_cc_g=yes
ac_cv_prog_make_make_set=yes
ac_cv_search_opendir='none required'
ac_cv_sizeof_int=4
ac_cv_sizeof_int_p=8
ac_cv_sizeof_long=8
ac_cv_sizeof_short=2
ac_cv_sizeof_unsigned=4
ac_cv_sizeof_unsigned_long=8
ac_cv_sizeof_unsigned_short=2
ac_cv_struct_tm=time.h
ac_cv_sys_long_file_names=yes
ac_cv_target=x86_64-unknown-linux-gnu
ac_cv_type_getgroups=gid_t
ac_cv_type_off_t=yes
ac_cv_type_pid_t=yes
ac_cv_type_signal=void
ac_cv_type_uid_t=yes

## ----------------- ##
## Output variables. ##
## ----------------- ##

BATCHUSER='gnubatch'
CC='gcc'
CFLAGS='-g -O2'
CPP='gcc -E'
CPPFLAGS=''
CRYPTLIB='-lcrypt'
DEFS='-DHAVE_CONFIG_H'
ECHO_C=''
ECHO_N='-n'
ECHO_T=''
EGREP='/bin/grep -E'
ENV_PROG='printenv'
EXEEXT=''
GREP='/bin/grep'
INSTALL_DATA='${INSTALL} -m 644'
INSTALL_PROGRAM='${INSTALL}'
INSTALL_SCRIPT='${INSTALL}'
LDFLAGS=''
LEX=':'
LEXLIB=''
LEX_OUTPUT_ROOT=''
LIBCURSES='-lcurses'
LIBOBJS=''
LIBS=''
LIBSHAD=''
LTLIBOBJS=''
MAJOR_PACKAGE_VERSION='1'
OBJEXT='o'
PACKAGE_BUGREPORT=''
PACKAGE_NAME='src/btsched.c'
PACKAGE_STRING='src/btsched.c 1.9'
PACKAGE_TARNAME='src-btsched-c'
PACKAGE_URL=''
PACKAGE_VERSION='1.9'
PATH_SEPARATOR=':'
SET_MAKE=''
SHELL='/bin/bash'
SOCKLIBS=''
XMKMF=''
XWIN_LIBS=''
YACC='yacc'
YFLAGS=''
ac_ct_CC='gcc'
bindir='${exec_prefix}/bin'
build='x86_64-unknown-linux-gnu'
build_alias=''
build_cpu='x86_64'
build_os='linux-gnu'
build_vendor='unknown'
datadir='${datarootdir}'
datarootdir='${prefix}/share'
docdir='${datarootdir}/gnubatch/doc'
dvidir='${docdir}'
exec_prefix='${prefix}'
funny_compiler_options=''
gcc_useful_options='-g -Wall -fno-stack-protector'
host='x86_64-unknown-linux-gnu'
host_alias=''
host_cpu='x86_64'
host_os='linux-gnu'
host_vendor='unknown'
htmldir='${docdir}'
includedir='${prefix}/include'
infodir='${datarootdir}/info'
libdir='${exec_prefix}/lib'
libexecdir='${exec_prefix}/libexec'
localedir='${datarootdir}/locale'
localstatedir='${prefix}/var'
mailer=''
mandir='${datarootdir}/man'
netsubdirs='apilibd remcgid'
oldincludedir='/usr/include'
pdfdir='${datarootdir}/gnubatch/pdf'
perlbin='/usr/bin/perl'
pkgdatadir='${datarootdir}/gnubatch'
pkgexecdir='${exec_prefix}/libexec/gnubatch'
prefix='/usr/local'
program_transform_name='s,x,x,'
psdir='${docdir}'
sbindir='${exec_prefix}/sbin'
sharedstatedir='${prefix}/com'
shell='/bin/sh'
sphelpdir='${datarootdir}/gnubatch/help'
spooldir='${prefix}/var/gnubatch'
sysconfdir='${prefix}/etc'
target='x86_64-unknown-linux-gnu'
target_alias=''
target_cpu='x86_64'
target_os='linux-gnu'
target_vendor='unknown'
xmlinclude=''
xmllib=''

## ----------- ##
## confdefs.h. ##
## ----------- ##

/* confdefs.h */
#define PACKAGE_NAME "src/btsched.c"
#define PACKAGE_TARNAME "src-btsched-c"
#define PACKAGE_VERSION "1.9"
#define PACKAGE_STRING "src/btsched.c 1.9"
#define PACKAGE_BUGREPORT ""
#define PACKAGE_URL ""
#define NETWORK_VERSION 1
#define USING_FLOCK 1
#define SOCKLEN_T socklen_t
#define OS_LINUX 1
#define BUGGY_DELCURTERM 1
#define HAVE_LONG_FILE_NAMES 1
#define HAVE_DIRENT_H 1
#define STDC_HEADERS 1
#define HAVE_SYS_TYPES_H 1
#define HAVE_SYS_STAT_H 1
#define HAVE_STDLIB_H 1
#define HAVE_STRING_H 1
#define HAVE_MEMORY_H 1
#define HAVE_STRINGS_H 1
#define HAVE_INTTYPES_H 1
#define HAVE_STDINT_H 1
#define HAVE_UNISTD_H 1
#define HAVE_FCNTL_H 1
#define HAVE_LIMITS_H 1
#define HAVE_MALLOC_H 1
#define HAVE_STDLIB_H 1
#define HAVE_TERMIO_H 1
#define HAVE_TERMIOS_H 1
#define HAVE_ULIMIT_H 1
#define HAVE_UNISTD_H 1
#define HAVE_UTIME_H 1
#define HAVE_WAIT_H 1
#define HAVE_SYS_IOCTL_H 1
#define HAVE_SYS_SELECT_H 1
#define HAVE_SYS_TIME_H 1
#define HAVE_SYS_MMAN_H 1
#define HAVE_SYS_RESOURCE_H 1
#define SIZEOF_INT 4
#define SIZEOF_SHORT 2
#define SIZEOF_LONG 8
#define SIZEOF_UNSIGNED 4
#define SIZEOF_UNSIGNED_SHORT 2
#define SIZEOF_UNSIGNED_LONG 8
#define SIZEOF_INT_P 8
#define GETGROUPS_T gid_t
#define TIME_WITH_SYS_TIME 1
#define HAVE_STRUCT_TM_TM_ZONE 1
#define HAVE_TM_ZONE 1
#define PIDTYPE pid_t
#define GETGROUPS_SAME_SIZE 1
#define SYS_ERRLIST_IN_STDIO_H 1
#define HAVE_MEMCPY 1
#define HAVE_BCOPY 1
#define HAVE_STRCHR 1
#define NO_TERMIO_IN_CURSES 1
#define HAVE_TERMINFO 1
#define HAVE_TIGETSTR 1
#define NUMSEMA4 200
#define NUMXBUFS 409
#define ENVSIZE 2539
#define INITJALLOC 20000
#define HAVE_ATEXIT 1
#define HAVE_FCHMOD 1
#define HAVE_FCHOWN 1
#define HAVE_FGETC 1
#define HAVE_FTRUNCATE 1
#define HAVE_GETGROUPS 1
#define HAVE_SETEUID 1
#define HAVE_SETREUID 1
#define HAVE_LSTAT 1
#define HAVE_SETRLIMIT 1
#define ID_SWAP 1
#define SHADOW_PW 1
#define GETPGRP_VOID 1
#define SETPGRP_VOID 1
#define RETSIGTYPE void
#define HAVE_UTIME_H 1
#define HAVE_UTIME_NULL 1
#define HAVE_SIGACTION 1
#define HAVE_SIGSET 1
#define HAVE_WAITPID 1
#define HAVE_DIRFD 1

configure: exit 0
