This file contains any messages produced by compilers while
running configure, to aid debugging if configure makes a mistake.

It was created by GNU Astronomy Utilities configure 0.12, which was
generated by GNU Autoconf 2.69.  Invocation command line was

  $ ./configure 

## --------- ##
## Platform. ##
## --------- ##

hostname = rishon
uname -m = x86_64
uname -r = 4.15.0-72-generic
uname -s = Linux
uname -v = #81-Ubuntu SMP Tue Nov 26 12:20:02 UTC 2019

/usr/bin/uname -p = unknown
/bin/uname -X     = unknown

/bin/arch              = unknown
/usr/bin/arch -k       = unknown
/usr/convex/getsysinfo = unknown
/usr/bin/hostinfo      = unknown
/bin/machine           = unknown
/usr/bin/oslevel       = unknown
/bin/universe          = unknown

PATH: /home/carolhanna/miniconda3/bin
PATH: /home/carolhanna/miniconda3/condabin
PATH: /usr/local/sbin
PATH: /usr/local/bin
PATH: /usr/sbin
PATH: /usr/bin
PATH: /sbin
PATH: /bin
PATH: /usr/games
PATH: /usr/local/games
PATH: /snap/bin


## ----------- ##
## Core tests. ##
## ----------- ##

configure:4361: checking for a BSD-compatible install
configure:4429: result: /usr/bin/install -c
configure:4440: checking whether build environment is sane
configure:4495: result: yes
configure:4646: checking for a thread-safe mkdir -p
configure:4685: result: /bin/mkdir -p
configure:4692: checking for gawk
configure:4708: found /usr/bin/gawk
configure:4719: result: gawk
configure:4730: checking whether make sets $(MAKE)
configure:4752: result: yes
configure:4781: checking whether make supports nested variables
configure:4798: result: yes
configure:4996: checking for gcc
configure:5012: found /usr/bin/gcc
configure:5023: result: gcc
configure:5252: checking for C compiler version
configure:5261: gcc --version >&5
gcc (Ubuntu 7.5.0-3ubuntu1~18.04) 7.5.0
Copyright (C) 2017 Free Software Foundation, Inc.
This is free software; see the source for copying conditions.  There is NO
warranty; not even for MERCHANTABILITY or FITNESS FOR A PARTICULAR PURPOSE.

configure:5272: $? = 0
configure:5261: gcc -v >&5
Using built-in specs.
COLLECT_GCC=gcc
COLLECT_LTO_WRAPPER=/usr/lib/gcc/x86_64-linux-gnu/7/lto-wrapper
OFFLOAD_TARGET_NAMES=nvptx-none
OFFLOAD_TARGET_DEFAULT=1
Target: x86_64-linux-gnu
Configured with: ../src/configure -v --with-pkgversion='Ubuntu 7.5.0-3ubuntu1~18.04' --with-bugurl=file:///usr/share/doc/gcc-7/README.Bugs --enable-languages=c,ada,c++,go,brig,d,fortran,objc,obj-c++ --prefix=/usr --with-gcc-major-version-only --program-suffix=-7 --program-prefix=x86_64-linux-gnu- --enable-shared --enable-linker-build-id --libexecdir=/usr/lib --without-included-gettext --enable-threads=posix --libdir=/usr/lib --enable-nls --enable-bootstrap --enable-clocale=gnu --enable-libstdcxx-debug --enable-libstdcxx-time=yes --with-default-libstdcxx-abi=new --enable-gnu-unique-object --disable-vtable-verify --enable-libmpx --enable-plugin --enable-default-pie --with-system-zlib --with-target-system-zlib --enable-objc-gc=auto --enable-multiarch --disable-werror --with-arch-32=i686 --with-abi=m64 --with-multilib-list=m32,m64,mx32 --enable-multilib --with-tune=generic --enable-offload-targets=nvptx-none --without-cuda-driver --enable-checking=release --build=x86_64-linux-gnu --host=x86_64-linux-gnu --target=x86_64-linux-gnu
Thread model: posix
gcc version 7.5.0 (Ubuntu 7.5.0-3ubuntu1~18.04) 
configure:5272: $? = 0
configure:5261: gcc -V >&5
gcc: error: unrecognized command line option '-V'
gcc: fatal error: no input files
compilation terminated.
configure:5272: $? = 1
configure:5261: gcc -qversion >&5
gcc: error: unrecognized command line option '-qversion'; did you mean '--version'?
gcc: fatal error: no input files
compilation terminated.
configure:5272: $? = 1
configure:5292: checking whether the C compiler works
configure:5314: gcc    conftest.c  >&5
configure:5318: $? = 0
configure:5366: result: yes
configure:5369: checking for C compiler default output file name
configure:5371: result: a.out
configure:5377: checking for suffix of executables
configure:5384: gcc -o conftest    conftest.c  >&5
configure:5388: $? = 0
configure:5410: result: 
configure:5432: checking whether we are cross compiling
configure:5440: gcc -o conftest    conftest.c  >&5
configure:5444: $? = 0
configure:5451: ./conftest
configure:5455: $? = 0
configure:5470: result: no
configure:5475: checking for suffix of object files
configure:5497: gcc -c   conftest.c >&5
configure:5501: $? = 0
configure:5522: result: o
configure:5526: checking whether we are using the GNU C compiler
configure:5545: gcc -c   conftest.c >&5
configure:5545: $? = 0
configure:5554: result: yes
configure:5563: checking whether gcc accepts -g
configure:5583: gcc -c -g  conftest.c >&5
configure:5583: $? = 0
configure:5624: result: yes
configure:5641: checking for gcc option to accept ISO C89
configure:5704: gcc  -c   conftest.c >&5
configure:5704: $? = 0
configure:5717: result: none needed
configure:5742: checking whether gcc understands -c and -o together
configure:5764: gcc -c conftest.c -o conftest2.o
configure:5767: $? = 0
configure:5764: gcc -c conftest.c -o conftest2.o
configure:5767: $? = 0
configure:5779: result: yes
configure:5797: checking whether the compiler is clang
configure:5818: gcc -c   conftest.c >&5
configure:5818: $? = 0
configure:5826: result: no
configure:5830: checking for compiler option needed when checking for declarations
configure:5861: result: none
configure:5873: checking whether make supports the include directive
configure:5888: make -f confmf.GNU && cat confinc.out
this is the am__doit target
configure:5891: $? = 0
configure:5910: result: yes (GNU style)
configure:5935: checking dependency style of gcc
configure:6046: result: gcc3
configure:6119: checking for g++
configure:6135: found /usr/bin/g++
configure:6146: result: g++
configure:6173: checking for C++ compiler version
configure:6182: g++ --version >&5
g++ (Ubuntu 7.5.0-3ubuntu1~18.04) 7.5.0
Copyright (C) 2017 Free Software Foundation, Inc.
This is free software; see the source for copying conditions.  There is NO
warranty; not even for MERCHANTABILITY or FITNESS FOR A PARTICULAR PURPOSE.

configure:6193: $? = 0
configure:6182: g++ -v >&5
Using built-in specs.
COLLECT_GCC=g++
COLLECT_LTO_WRAPPER=/usr/lib/gcc/x86_64-linux-gnu/7/lto-wrapper
OFFLOAD_TARGET_NAMES=nvptx-none
OFFLOAD_TARGET_DEFAULT=1
Target: x86_64-linux-gnu
Configured with: ../src/configure -v --with-pkgversion='Ubuntu 7.5.0-3ubuntu1~18.04' --with-bugurl=file:///usr/share/doc/gcc-7/README.Bugs --enable-languages=c,ada,c++,go,brig,d,fortran,objc,obj-c++ --prefix=/usr --with-gcc-major-version-only --program-suffix=-7 --program-prefix=x86_64-linux-gnu- --enable-shared --enable-linker-build-id --libexecdir=/usr/lib --without-included-gettext --enable-threads=posix --libdir=/usr/lib --enable-nls --enable-bootstrap --enable-clocale=gnu --enable-libstdcxx-debug --enable-libstdcxx-time=yes --with-default-libstdcxx-abi=new --enable-gnu-unique-object --disable-vtable-verify --enable-libmpx --enable-plugin --enable-default-pie --with-system-zlib --with-target-system-zlib --enable-objc-gc=auto --enable-multiarch --disable-werror --with-arch-32=i686 --with-abi=m64 --with-multilib-list=m32,m64,mx32 --enable-multilib --with-tune=generic --enable-offload-targets=nvptx-none --without-cuda-driver --enable-checking=release --build=x86_64-linux-gnu --host=x86_64-linux-gnu --target=x86_64-linux-gnu
Thread model: posix
gcc version 7.5.0 (Ubuntu 7.5.0-3ubuntu1~18.04) 
configure:6193: $? = 0
configure:6182: g++ -V >&5
g++: error: unrecognized command line option '-V'
g++: fatal error: no input files
compilation terminated.
configure:6193: $? = 1
configure:6182: g++ -qversion >&5
g++: error: unrecognized command line option '-qversion'; did you mean '--version'?
g++: fatal error: no input files
compilation terminated.
configure:6193: $? = 1
configure:6197: checking whether we are using the GNU C++ compiler
configure:6216: g++ -c   conftest.cpp >&5
configure:6216: $? = 0
configure:6225: result: yes
configure:6234: checking whether g++ accepts -g
configure:6254: g++ -c -g  conftest.cpp >&5
configure:6254: $? = 0
configure:6295: result: yes
configure:6320: checking dependency style of g++
configure:6431: result: gcc3
configure:6452: checking how to run the C preprocessor
configure:6483: gcc -E  conftest.c
configure:6483: $? = 0
configure:6497: gcc -E  conftest.c
conftest.c:11:10: fatal error: ac_nonexistent.h: No such file or directory
 #include <ac_nonexistent.h>
          ^~~~~~~~~~~~~~~~~~
compilation terminated.
configure:6497: $? = 1
configure: failed program was:
| /* confdefs.h */
| #define PACKAGE_NAME "GNU Astronomy Utilities"
| #define PACKAGE_TARNAME "gnuastro"
| #define PACKAGE_VERSION "0.12"
| #define PACKAGE_STRING "GNU Astronomy Utilities 0.12"
| #define PACKAGE_BUGREPORT "bug-gnuastro@gnu.org"
| #define PACKAGE_URL "http://www.gnu.org/software/gnuastro/"
| #define PACKAGE "gnuastro"
| #define VERSION "0.12"
| /* end confdefs.h.  */
| #include <ac_nonexistent.h>
configure:6522: result: gcc -E
configure:6542: gcc -E  conftest.c
configure:6542: $? = 0
configure:6556: gcc -E  conftest.c
conftest.c:11:10: fatal error: ac_nonexistent.h: No such file or directory
 #include <ac_nonexistent.h>
          ^~~~~~~~~~~~~~~~~~
compilation terminated.
configure:6556: $? = 1
configure: failed program was:
| /* confdefs.h */
| #define PACKAGE_NAME "GNU Astronomy Utilities"
| #define PACKAGE_TARNAME "gnuastro"
| #define PACKAGE_VERSION "0.12"
| #define PACKAGE_STRING "GNU Astronomy Utilities 0.12"
| #define PACKAGE_BUGREPORT "bug-gnuastro@gnu.org"
| #define PACKAGE_URL "http://www.gnu.org/software/gnuastro/"
| #define PACKAGE "gnuastro"
| #define VERSION "0.12"
| /* end confdefs.h.  */
| #include <ac_nonexistent.h>
configure:6585: checking for grep that handles long lines and -e
configure:6643: result: /bin/grep
configure:6648: checking for egrep
configure:6710: result: /bin/grep -E
configure:6715: checking for ANSI C header files
configure:6735: gcc -c   conftest.c >&5
configure:6735: $? = 0
configure:6808: gcc -o conftest    conftest.c  >&5
configure:6808: $? = 0
configure:6808: ./conftest
configure:6808: $? = 0
configure:6819: result: yes
configure:6832: checking for sys/types.h
configure:6832: gcc -c   conftest.c >&5
configure:6832: $? = 0
configure:6832: result: yes
configure:6832: checking for sys/stat.h
configure:6832: gcc -c   conftest.c >&5
configure:6832: $? = 0
configure:6832: result: yes
configure:6832: checking for stdlib.h
configure:6832: gcc -c   conftest.c >&5
configure:6832: $? = 0
configure:6832: result: yes
configure:6832: checking for string.h
configure:6832: gcc -c   conftest.c >&5
configure:6832: $? = 0
configure:6832: result: yes
configure:6832: checking for memory.h
configure:6832: gcc -c   conftest.c >&5
configure:6832: $? = 0
configure:6832: result: yes
configure:6832: checking for strings.h
configure:6832: gcc -c   conftest.c >&5
configure:6832: $? = 0
configure:6832: result: yes
configure:6832: checking for inttypes.h
configure:6832: gcc -c   conftest.c >&5
configure:6832: $? = 0
configure:6832: result: yes
configure:6832: checking for stdint.h
configure:6832: gcc -c   conftest.c >&5
configure:6832: $? = 0
configure:6832: result: yes
configure:6832: checking for unistd.h
configure:6832: gcc -c   conftest.c >&5
configure:6832: $? = 0
configure:6832: result: yes
configure:6845: checking minix/config.h usability
configure:6845: gcc -c   conftest.c >&5
conftest.c:54:10: fatal error: minix/config.h: No such file or directory
 #include <minix/config.h>
          ^~~~~~~~~~~~~~~~
compilation terminated.
configure:6845: $? = 1
configure: failed program was:
| /* confdefs.h */
| #define PACKAGE_NAME "GNU Astronomy Utilities"
| #define PACKAGE_TARNAME "gnuastro"
| #define PACKAGE_VERSION "0.12"
| #define PACKAGE_STRING "GNU Astronomy Utilities 0.12"
| #define PACKAGE_BUGREPORT "bug-gnuastro@gnu.org"
| #define PACKAGE_URL "http://www.gnu.org/software/gnuastro/"
| #define PACKAGE "gnuastro"
| #define VERSION "0.12"
| #define STDC_HEADERS 1
| #define HAVE_SYS_TYPES_H 1
| #define HAVE_SYS_STAT_H 1
| #define HAVE_STDLIB_H 1
| #define HAVE_STRING_H 1
| #define HAVE_MEMORY_H 1
| #define HAVE_STRINGS_H 1
| #define HAVE_INTTYPES_H 1
| #define HAVE_STDINT_H 1
| #define HAVE_UNISTD_H 1
| /* end confdefs.h.  */
| #include <stdio.h>
| #ifdef HAVE_SYS_TYPES_H
| # include <sys/types.h>
| #endif
| #ifdef HAVE_SYS_STAT_H
| # include <sys/stat.h>
| #endif
| #ifdef STDC_HEADERS
| # include <stdlib.h>
| # include <stddef.h>
| #else
| # ifdef HAVE_STDLIB_H
| #  include <stdlib.h>
| # endif
| #endif
| #ifdef HAVE_STRING_H
| # if !defined STDC_HEADERS && defined HAVE_MEMORY_H
| #  include <memory.h>
| # endif
| # include <string.h>
| #endif
| #ifdef HAVE_STRINGS_H
| # include <strings.h>
| #endif
| #ifdef HAVE_INTTYPES_H
| # include <inttypes.h>
| #endif
| #ifdef HAVE_STDINT_H
| # include <stdint.h>
| #endif
| #ifdef HAVE_UNISTD_H
| # include <unistd.h>
| #endif
| #include <minix/config.h>
configure:6845: result: no
configure:6845: checking minix/config.h presence
configure:6845: gcc -E  conftest.c
conftest.c:21:10: fatal error: minix/config.h: No such file or directory
 #include <minix/config.h>
          ^~~~~~~~~~~~~~~~
compilation terminated.
configure:6845: $? = 1
configure: failed program was:
| /* confdefs.h */
| #define PACKAGE_NAME "GNU Astronomy Utilities"
| #define PACKAGE_TARNAME "gnuastro"
| #define PACKAGE_VERSION "0.12"
| #define PACKAGE_STRING "GNU Astronomy Utilities 0.12"
| #define PACKAGE_BUGREPORT "bug-gnuastro@gnu.org"
| #define PACKAGE_URL "http://www.gnu.org/software/gnuastro/"
| #define PACKAGE "gnuastro"
| #define VERSION "0.12"
| #define STDC_HEADERS 1
| #define HAVE_SYS_TYPES_H 1
| #define HAVE_SYS_STAT_H 1
| #define HAVE_STDLIB_H 1
| #define HAVE_STRING_H 1
| #define HAVE_MEMORY_H 1
| #define HAVE_STRINGS_H 1
| #define HAVE_INTTYPES_H 1
| #define HAVE_STDINT_H 1
| #define HAVE_UNISTD_H 1
| /* end confdefs.h.  */
| #include <minix/config.h>
configure:6845: result: no
configure:6845: checking for minix/config.h
configure:6845: result: no
configure:6869: checking whether it is safe to define __EXTENSIONS__
configure:6887: gcc -c   conftest.c >&5
configure:6887: $? = 0
configure:6894: result: yes
configure:6927: checking whether _XOPEN_SOURCE should be defined
configure:6946: gcc -c   conftest.c >&5
configure:6946: $? = 0
configure:6970: result: no
configure:6987: checking for Minix Amsterdam compiler
configure:7011: result: no
configure:7071: checking for ar
configure:7087: found /usr/bin/ar
configure:7098: result: ar
configure:7124: checking the archiver (ar) interface
configure:7140: gcc -c   conftest.c >&5
configure:7140: $? = 0
configure:7142: ar cru libconftest.a conftest.o >&5
ar: `u' modifier ignored since `D' is the default (see `U')
configure:7145: $? = 0
configure:7173: result: ar
configure:7238: checking for ar
configure:7265: result: ar
configure:7340: checking for ranlib
configure:7356: found /usr/bin/ranlib
configure:7367: result: ranlib
configure:7398: checking build system type
configure:7412: result: x86_64-pc-linux-gnu
configure:7432: checking host system type
configure:7445: result: x86_64-pc-linux-gnu
configure:7501: checking for special C compiler options needed for large files
configure:7546: result: no
configure:7552: checking for _FILE_OFFSET_BITS value needed for large files
configure:7577: gcc -c   conftest.c >&5
configure:7577: $? = 0
configure:7609: result: no
configure:8262: checking the archiver (ar) interface
configure:8311: result: ar
configure:8377: checking how to print strings
configure:8404: result: printf
configure:8425: checking for a sed that does not truncate output
configure:8489: result: /bin/sed
configure:8507: checking for fgrep
configure:8569: result: /bin/grep -F
configure:8604: checking for ld used by gcc
configure:8671: result: /usr/bin/ld
configure:8678: checking if the linker (/usr/bin/ld) is GNU ld
configure:8693: result: yes
configure:8705: checking for BSD- or MS-compatible name lister (nm)
configure:8759: result: /usr/bin/nm -B
configure:8889: checking the name lister (/usr/bin/nm -B) interface
configure:8896: gcc -c   conftest.c >&5
configure:8899: /usr/bin/nm -B "conftest.o"
configure:8902: output
0000000000000000 B some_variable
configure:8909: result: BSD nm
configure:8912: checking whether ln -s works
configure:8916: result: yes
configure:8924: checking the maximum length of command line arguments
configure:9055: result: 1572864
configure:9103: checking how to convert x86_64-pc-linux-gnu file names to x86_64-pc-linux-gnu format
configure:9143: result: func_convert_file_noop
configure:9150: checking how to convert x86_64-pc-linux-gnu file names to toolchain format
configure:9170: result: func_convert_file_noop
configure:9177: checking for /usr/bin/ld option to reload object files
configure:9184: result: -r
configure:9258: checking for objdump
configure:9274: found /usr/bin/objdump
configure:9285: result: objdump
configure:9317: checking how to recognize dependent libraries
configure:9517: result: pass_all
configure:9602: checking for dlltool
configure:9632: result: no
configure:9662: checking how to associate runtime and link libraries
configure:9689: result: printf %s\n
configure:9829: checking for archiver @FILE support
configure:9846: gcc -c   conftest.c >&5
configure:9846: $? = 0
configure:9849: ar cr libconftest.a @conftest.lst >&5
configure:9852: $? = 0
configure:9857: ar cr libconftest.a @conftest.lst >&5
ar: conftest.o: No such file or directory
configure:9860: $? = 1
configure:9872: result: @
configure:9930: checking for strip
configure:9946: found /usr/bin/strip
configure:9957: result: strip
configure:10029: checking for ranlib
configure:10056: result: ranlib
configure:10158: checking command to parse /usr/bin/nm -B output from gcc object
configure:10311: gcc -c   conftest.c >&5
configure:10314: $? = 0
configure:10318: /usr/bin/nm -B conftest.o \| sed -n -e 's/^.*[ ]\([ABCDGIRSTW][ABCDGIRSTW]*\)[ ][ ]*\([_A-Za-z][_A-Za-z0-9]*\)$/\1 \2 \2/p' | sed '/ __gnu_lto/d' \> conftest.nm
configure:10321: $? = 0
configure:10387: gcc -o conftest    conftest.c conftstm.o >&5
configure:10390: $? = 0
configure:10428: result: ok
configure:10475: checking for sysroot
configure:10505: result: no
configure:10512: checking for a working dd
configure:10550: result: /bin/dd
configure:10554: checking how to truncate binary pipes
configure:10569: result: /bin/dd bs=4096 count=1
configure:10705: gcc -c   conftest.c >&5
configure:10708: $? = 0
configure:10898: checking for mt
configure:10914: found /bin/mt
configure:10925: result: mt
configure:10948: checking if mt is a manifest tool
configure:10954: mt '-?'
configure:10962: result: no
configure:11636: checking for dlfcn.h
configure:11636: gcc -c   conftest.c >&5
configure:11636: $? = 0
configure:11636: result: yes
configure:11903: checking for objdir
configure:11918: result: .libs
configure:12182: checking if gcc supports -fno-rtti -fno-exceptions
configure:12200: gcc -c   -fno-rtti -fno-exceptions conftest.c >&5
cc1: warning: command line option '-fno-rtti' is valid for C++/ObjC++ but not for C
configure:12204: $? = 0
configure:12217: result: no
configure:12575: checking for gcc option to produce PIC
configure:12582: result: -fPIC -DPIC
configure:12590: checking if gcc PIC flag -fPIC -DPIC works
configure:12608: gcc -c   -fPIC -DPIC -DPIC conftest.c >&5
configure:12612: $? = 0
configure:12625: result: yes
configure:12654: checking if gcc static flag -static works
configure:12682: result: yes
configure:12697: checking if gcc supports -c -o file.o
configure:12718: gcc -c   -o out/conftest2.o conftest.c >&5
configure:12722: $? = 0
configure:12744: result: yes
configure:12752: checking if gcc supports -c -o file.o
configure:12799: result: yes
configure:12832: checking whether the gcc linker (/usr/bin/ld -m elf_x86_64) supports shared libraries
configure:14093: result: yes
configure:14130: checking whether -lc should be explicitly linked in
configure:14138: gcc -c   conftest.c >&5
configure:14141: $? = 0
configure:14156: gcc -shared  -fPIC -DPIC conftest.o  -v -Wl,-soname -Wl,conftest -o conftest 2\>\&1 \| /bin/grep  -lc  \>/dev/null 2\>\&1
configure:14159: $? = 0
configure:14173: result: no
configure:14333: checking dynamic linker characteristics
configure:14914: gcc -o conftest    -Wl,-rpath -Wl,/foo conftest.c  >&5
configure:14914: $? = 0
configure:15151: result: GNU/Linux ld.so
configure:15273: checking how to hardcode library paths into programs
configure:15298: result: immediate
configure:15846: checking whether stripping libraries is possible
configure:15855: result: yes
configure:15897: checking if libtool supports shared libraries
configure:15899: result: yes
configure:15902: checking whether to build shared libraries
configure:15927: result: yes
configure:15930: checking whether to build static libraries
configure:15934: result: yes
configure:15957: checking how to run the C++ preprocessor
configure:15984: g++ -E  conftest.cpp
configure:15984: $? = 0
configure:15998: g++ -E  conftest.cpp
conftest.cpp:39:10: fatal error: ac_nonexistent.h: No such file or directory
 #include <ac_nonexistent.h>
          ^~~~~~~~~~~~~~~~~~
compilation terminated.
configure:15998: $? = 1
configure: failed program was:
| /* confdefs.h */
| #define PACKAGE_NAME "GNU Astronomy Utilities"
| #define PACKAGE_TARNAME "gnuastro"
| #define PACKAGE_VERSION "0.12"
| #define PACKAGE_STRING "GNU Astronomy Utilities 0.12"
| #define PACKAGE_BUGREPORT "bug-gnuastro@gnu.org"
| #define PACKAGE_URL "http://www.gnu.org/software/gnuastro/"
| #define PACKAGE "gnuastro"
| #define VERSION "0.12"
| #define STDC_HEADERS 1
| #define HAVE_SYS_TYPES_H 1
| #define HAVE_SYS_STAT_H 1
| #define HAVE_STDLIB_H 1
| #define HAVE_STRING_H 1
| #define HAVE_MEMORY_H 1
| #define HAVE_STRINGS_H 1
| #define HAVE_INTTYPES_H 1
| #define HAVE_STDINT_H 1
| #define HAVE_UNISTD_H 1
| #define __EXTENSIONS__ 1
| #define _ALL_SOURCE 1
| #define _DARWIN_C_SOURCE 1
| #define _GNU_SOURCE 1
| #define _NETBSD_SOURCE 1
| #define _OPENBSD_SOURCE 1
| #define _POSIX_PTHREAD_SEMANTICS 1
| #define __STDC_WANT_IEC_60559_ATTRIBS_EXT__ 1
| #define __STDC_WANT_IEC_60559_BFP_EXT__ 1
| #define __STDC_WANT_IEC_60559_DFP_EXT__ 1
| #define __STDC_WANT_IEC_60559_FUNCS_EXT__ 1
| #define __STDC_WANT_IEC_60559_TYPES_EXT__ 1
| #define __STDC_WANT_LIB_EXT2__ 1
| #define __STDC_WANT_MATH_SPEC_FUNCS__ 1
| #define _TANDEM_SOURCE 1
| #define _HPUX_ALT_XOPEN_SOCKET_API 1
| #define HAVE_DLFCN_H 1
| #define LT_OBJDIR ".libs/"
| /* end confdefs.h.  */
| #include <ac_nonexistent.h>
configure:16023: result: g++ -E
configure:16043: g++ -E  conftest.cpp
configure:16043: $? = 0
configure:16057: g++ -E  conftest.cpp
conftest.cpp:39:10: fatal error: ac_nonexistent.h: No such file or directory
 #include <ac_nonexistent.h>
          ^~~~~~~~~~~~~~~~~~
compilation terminated.
configure:16057: $? = 1
configure: failed program was:
| /* confdefs.h */
| #define PACKAGE_NAME "GNU Astronomy Utilities"
| #define PACKAGE_TARNAME "gnuastro"
| #define PACKAGE_VERSION "0.12"
| #define PACKAGE_STRING "GNU Astronomy Utilities 0.12"
| #define PACKAGE_BUGREPORT "bug-gnuastro@gnu.org"
| #define PACKAGE_URL "http://www.gnu.org/software/gnuastro/"
| #define PACKAGE "gnuastro"
| #define VERSION "0.12"
| #define STDC_HEADERS 1
| #define HAVE_SYS_TYPES_H 1
| #define HAVE_SYS_STAT_H 1
| #define HAVE_STDLIB_H 1
| #define HAVE_STRING_H 1
| #define HAVE_MEMORY_H 1
| #define HAVE_STRINGS_H 1
| #define HAVE_INTTYPES_H 1
| #define HAVE_STDINT_H 1
| #define HAVE_UNISTD_H 1
| #define __EXTENSIONS__ 1
| #define _ALL_SOURCE 1
| #define _DARWIN_C_SOURCE 1
| #define _GNU_SOURCE 1
| #define _NETBSD_SOURCE 1
| #define _OPENBSD_SOURCE 1
| #define _POSIX_PTHREAD_SEMANTICS 1
| #define __STDC_WANT_IEC_60559_ATTRIBS_EXT__ 1
| #define __STDC_WANT_IEC_60559_BFP_EXT__ 1
| #define __STDC_WANT_IEC_60559_DFP_EXT__ 1
| #define __STDC_WANT_IEC_60559_FUNCS_EXT__ 1
| #define __STDC_WANT_IEC_60559_TYPES_EXT__ 1
| #define __STDC_WANT_LIB_EXT2__ 1
| #define __STDC_WANT_MATH_SPEC_FUNCS__ 1
| #define _TANDEM_SOURCE 1
| #define _HPUX_ALT_XOPEN_SOCKET_API 1
| #define HAVE_DLFCN_H 1
| #define LT_OBJDIR ".libs/"
| /* end confdefs.h.  */
| #include <ac_nonexistent.h>
configure:16219: checking for ld used by g++
configure:16286: result: /usr/bin/ld -m elf_x86_64
configure:16293: checking if the linker (/usr/bin/ld -m elf_x86_64) is GNU ld
configure:16308: result: yes
configure:16363: checking whether the g++ linker (/usr/bin/ld -m elf_x86_64) supports shared libraries
configure:17437: result: yes
configure:17473: g++ -c   conftest.cpp >&5
configure:17476: $? = 0
configure:17957: checking for g++ option to produce PIC
configure:17964: result: -fPIC -DPIC
configure:17972: checking if g++ PIC flag -fPIC -DPIC works
configure:17990: g++ -c   -fPIC -DPIC -DPIC conftest.cpp >&5
configure:17994: $? = 0
configure:18007: result: yes
configure:18030: checking if g++ static flag -static works
configure:18058: result: yes
configure:18070: checking if g++ supports -c -o file.o
configure:18091: g++ -c   -o out/conftest2.o conftest.cpp >&5
configure:18095: $? = 0
configure:18117: result: yes
configure:18122: checking if g++ supports -c -o file.o
configure:18169: result: yes
configure:18199: checking whether the g++ linker (/usr/bin/ld -m elf_x86_64) supports shared libraries
configure:18239: result: yes
configure:18380: checking dynamic linker characteristics
configure:19125: result: GNU/Linux ld.so
configure:19190: checking how to hardcode library paths into programs
configure:19215: result: immediate
configure:19402: checking for g++
configure:19418: found /usr/bin/g++
configure:19430: result: yes
configure:19610: checking whether gcc is Clang
configure:19635: result: no
configure:19697: checking whether pthreads work with "-pthread" and "-lpthread"
configure:19802: gcc -o conftest -Wall -O3  -pthread   conftest.c -lpthread  >&5
configure:19802: $? = 0
configure:19811: result: yes
configure:19928: checking for joinable pthread attribute
configure:19946: gcc -o conftest -Wall -O3  -pthread   conftest.c -lpthread  >&5
configure:19946: $? = 0
configure:19954: result: PTHREAD_CREATE_JOINABLE
configure:19968: checking whether more special flags are required for pthreads
configure:19981: result: no
configure:19989: checking for PTHREAD_PRIO_INHERIT
configure:20006: gcc -o conftest -Wall -O3  -pthread   conftest.c -lpthread  >&5
configure:20006: $? = 0
configure:20015: result: yes
configure:20196: checking for stdlib.h
configure:20196: result: yes
configure:20206: checking for GNU libc compatible malloc
configure:20242: gcc -o conftest -Wall -O3  -pthread   conftest.c -lpthread  >&5
configure:20242: $? = 0
configure:20242: ./conftest
configure:20242: $? = 0
configure:20253: result: yes
configure:20287: checking size of size_t
configure:20292: gcc -o conftest -Wall -O3  -pthread   conftest.c -lpthread  >&5
configure:20292: $? = 0
configure:20292: ./conftest
configure:20292: $? = 0
configure:20306: result: 8
configure:20327: checking size of long
configure:20332: gcc -o conftest -Wall -O3  -pthread   conftest.c -lpthread  >&5
configure:20332: $? = 0
configure:20332: ./conftest
configure:20332: $? = 0
configure:20346: result: 8
configure:20367: checking size of int
configure:20372: gcc -o conftest -Wall -O3  -pthread   conftest.c -lpthread  >&5
configure:20372: $? = 0
configure:20372: ./conftest
configure:20372: $? = 0
configure:20386: result: 4
configure:20420: checking if PATH contains current directory
configure:20454: result: no 
configure:20524: checking for ld
configure:20652: result: /usr/bin/ld -m elf_x86_64
configure:20659: checking if the linker (/usr/bin/ld -m elf_x86_64) is GNU ld
configure:20674: result: yes
configure:20681: checking for shared library run path origin
configure:20694: result: done
configure:20715: checking 32-bit host C ABI
configure:20781: gcc -c -Wall -O3  -pthread  conftest.c >&5
configure:20781: $? = 0
configure:20968: result: no
configure:20977: checking for ELF binary format
configure:20999: result: yes
configure:21048: checking for the common suffixes of directories in the library search path
configure:21116: result: lib,lib,lib
configure:21637: checking for libm
configure:21659: gcc -o conftest -Wall -O3  -pthread   conftest.c -lpthread  -lm >&5
configure:21659: $? = 0
configure:21669: result: yes
configure:21676: checking how to link with libm
configure:21678: result: -lm
configure:22215: checking for libgsl
configure:22239: gcc -o conftest -Wall -O3  -pthread   conftest.c -lm -lpthread  -lgsl -lgslcblas >&5
conftest.c:52:10: fatal error: gsl/gsl_rng.h: No such file or directory
 #include <gsl/gsl_rng.h>
          ^~~~~~~~~~~~~~~
compilation terminated.
configure:22239: $? = 1
configure: failed program was:
| /* confdefs.h */
| #define PACKAGE_NAME "GNU Astronomy Utilities"
| #define PACKAGE_TARNAME "gnuastro"
| #define PACKAGE_VERSION "0.12"
| #define PACKAGE_STRING "GNU Astronomy Utilities 0.12"
| #define PACKAGE_BUGREPORT "bug-gnuastro@gnu.org"
| #define PACKAGE_URL "http://www.gnu.org/software/gnuastro/"
| #define PACKAGE "gnuastro"
| #define VERSION "0.12"
| #define STDC_HEADERS 1
| #define HAVE_SYS_TYPES_H 1
| #define HAVE_SYS_STAT_H 1
| #define HAVE_STDLIB_H 1
| #define HAVE_STRING_H 1
| #define HAVE_MEMORY_H 1
| #define HAVE_STRINGS_H 1
| #define HAVE_INTTYPES_H 1
| #define HAVE_STDINT_H 1
| #define HAVE_UNISTD_H 1
| #define __EXTENSIONS__ 1
| #define _ALL_SOURCE 1
| #define _DARWIN_C_SOURCE 1
| #define _GNU_SOURCE 1
| #define _NETBSD_SOURCE 1
| #define _OPENBSD_SOURCE 1
| #define _POSIX_PTHREAD_SEMANTICS 1
| #define __STDC_WANT_IEC_60559_ATTRIBS_EXT__ 1
| #define __STDC_WANT_IEC_60559_BFP_EXT__ 1
| #define __STDC_WANT_IEC_60559_DFP_EXT__ 1
| #define __STDC_WANT_IEC_60559_FUNCS_EXT__ 1
| #define __STDC_WANT_IEC_60559_TYPES_EXT__ 1
| #define __STDC_WANT_LIB_EXT2__ 1
| #define __STDC_WANT_MATH_SPEC_FUNCS__ 1
| #define _TANDEM_SOURCE 1
| #define _HPUX_ALT_XOPEN_SOCKET_API 1
| #define HAVE_DLFCN_H 1
| #define LT_OBJDIR ".libs/"
| #define IN_GNUASTRO_BUILD 1
| #define HAVE_PTHREAD_PRIO_INHERIT 1
| #define HAVE_PTHREAD 1
| #define HAVE_STDLIB_H 1
| #define HAVE_MALLOC 1
| #define SIZEOF_SIZE_T 8
| #define GAL_CONFIG_SIZEOF_SIZE_T 8
| #define SIZEOF_LONG 8
| #define GAL_CONFIG_SIZEOF_LONG 8
| #define SIZEOF_INT 4
| #define GAL_CONFIG_SIZEOF_INT 4
| #define HAVE_LIBM 1
| /* end confdefs.h.  */
| 
| #include <gsl/gsl_rng.h>
| void junk(void) { gsl_rng_env_setup(); }
| int
| main ()
| {
| 
|   ;
|   return 0;
| }
configure:22249: result: no
configure:22809: checking for libz
configure:22831: gcc -o conftest -Wall -O3  -pthread   conftest.c -lm -lpthread  -lz >&5
configure:22831: $? = 0
configure:22841: result: yes
configure:22848: checking how to link with libz
configure:22850: result: -lz
configure:23388: checking for libcurl
configure:23410: gcc -o conftest -Wall -O3  -pthread   conftest.c -lz -lm -lpthread  -lcurl >&5
configure:23410: $? = 0
configure:23420: result: yes
configure:23427: checking how to link with libcurl
configure:23429: result: -lcurl
configure:23972: checking for libcfitsio
configure:23999: gcc -o conftest -Wall -O3  -pthread   conftest.c -lcurl -lz -lm -lpthread  -lcfitsio >&5
conftest.c:54:10: fatal error: fitsio.h: No such file or directory
 #include <fitsio.h>
          ^~~~~~~~~~
compilation terminated.
configure:23999: $? = 1
configure: failed program was:
| /* confdefs.h */
| #define PACKAGE_NAME "GNU Astronomy Utilities"
| #define PACKAGE_TARNAME "gnuastro"
| #define PACKAGE_VERSION "0.12"
| #define PACKAGE_STRING "GNU Astronomy Utilities 0.12"
| #define PACKAGE_BUGREPORT "bug-gnuastro@gnu.org"
| #define PACKAGE_URL "http://www.gnu.org/software/gnuastro/"
| #define PACKAGE "gnuastro"
| #define VERSION "0.12"
| #define STDC_HEADERS 1
| #define HAVE_SYS_TYPES_H 1
| #define HAVE_SYS_STAT_H 1
| #define HAVE_STDLIB_H 1
| #define HAVE_STRING_H 1
| #define HAVE_MEMORY_H 1
| #define HAVE_STRINGS_H 1
| #define HAVE_INTTYPES_H 1
| #define HAVE_STDINT_H 1
| #define HAVE_UNISTD_H 1
| #define __EXTENSIONS__ 1
| #define _ALL_SOURCE 1
| #define _DARWIN_C_SOURCE 1
| #define _GNU_SOURCE 1
| #define _NETBSD_SOURCE 1
| #define _OPENBSD_SOURCE 1
| #define _POSIX_PTHREAD_SEMANTICS 1
| #define __STDC_WANT_IEC_60559_ATTRIBS_EXT__ 1
| #define __STDC_WANT_IEC_60559_BFP_EXT__ 1
| #define __STDC_WANT_IEC_60559_DFP_EXT__ 1
| #define __STDC_WANT_IEC_60559_FUNCS_EXT__ 1
| #define __STDC_WANT_IEC_60559_TYPES_EXT__ 1
| #define __STDC_WANT_LIB_EXT2__ 1
| #define __STDC_WANT_MATH_SPEC_FUNCS__ 1
| #define _TANDEM_SOURCE 1
| #define _HPUX_ALT_XOPEN_SOCKET_API 1
| #define HAVE_DLFCN_H 1
| #define LT_OBJDIR ".libs/"
| #define IN_GNUASTRO_BUILD 1
| #define HAVE_PTHREAD_PRIO_INHERIT 1
| #define HAVE_PTHREAD 1
| #define HAVE_STDLIB_H 1
| #define HAVE_MALLOC 1
| #define SIZEOF_SIZE_T 8
| #define GAL_CONFIG_SIZEOF_SIZE_T 8
| #define SIZEOF_LONG 8
| #define GAL_CONFIG_SIZEOF_LONG 8
| #define SIZEOF_INT 4
| #define GAL_CONFIG_SIZEOF_INT 4
| #define HAVE_LIBM 1
| #define HAVE_LIBZ 1
| #define HAVE_LIBCURL 1
| /* end confdefs.h.  */
| 
| #include <fitsio.h>
| void junk(void) {
| int status;
| fitsfile *f;
| ffopen(&f, "junk", READONLY, &status);}
| int
| main ()
| {
| 
|   ;
|   return 0;
| }
configure:24009: result: no
configure:24556: checking for libwcs
configure:24585: gcc -o conftest -Wall -O3  -pthread   conftest.c -lcurl -lz -lm -lpthread  -lwcs >&5
conftest.c:54:10: fatal error: wcslib/wcshdr.h: No such file or directory
 #include <wcslib/wcshdr.h>
          ^~~~~~~~~~~~~~~~~
compilation terminated.
configure:24585: $? = 1
configure: failed program was:
| /* confdefs.h */
| #define PACKAGE_NAME "GNU Astronomy Utilities"
| #define PACKAGE_TARNAME "gnuastro"
| #define PACKAGE_VERSION "0.12"
| #define PACKAGE_STRING "GNU Astronomy Utilities 0.12"
| #define PACKAGE_BUGREPORT "bug-gnuastro@gnu.org"
| #define PACKAGE_URL "http://www.gnu.org/software/gnuastro/"
| #define PACKAGE "gnuastro"
| #define VERSION "0.12"
| #define STDC_HEADERS 1
| #define HAVE_SYS_TYPES_H 1
| #define HAVE_SYS_STAT_H 1
| #define HAVE_STDLIB_H 1
| #define HAVE_STRING_H 1
| #define HAVE_MEMORY_H 1
| #define HAVE_STRINGS_H 1
| #define HAVE_INTTYPES_H 1
| #define HAVE_STDINT_H 1
| #define HAVE_UNISTD_H 1
| #define __EXTENSIONS__ 1
| #define _ALL_SOURCE 1
| #define _DARWIN_C_SOURCE 1
| #define _GNU_SOURCE 1
| #define _NETBSD_SOURCE 1
| #define _OPENBSD_SOURCE 1
| #define _POSIX_PTHREAD_SEMANTICS 1
| #define __STDC_WANT_IEC_60559_ATTRIBS_EXT__ 1
| #define __STDC_WANT_IEC_60559_BFP_EXT__ 1
| #define __STDC_WANT_IEC_60559_DFP_EXT__ 1
| #define __STDC_WANT_IEC_60559_FUNCS_EXT__ 1
| #define __STDC_WANT_IEC_60559_TYPES_EXT__ 1
| #define __STDC_WANT_LIB_EXT2__ 1
| #define __STDC_WANT_MATH_SPEC_FUNCS__ 1
| #define _TANDEM_SOURCE 1
| #define _HPUX_ALT_XOPEN_SOCKET_API 1
| #define HAVE_DLFCN_H 1
| #define LT_OBJDIR ".libs/"
| #define IN_GNUASTRO_BUILD 1
| #define HAVE_PTHREAD_PRIO_INHERIT 1
| #define HAVE_PTHREAD 1
| #define HAVE_STDLIB_H 1
| #define HAVE_MALLOC 1
| #define SIZEOF_SIZE_T 8
| #define GAL_CONFIG_SIZEOF_SIZE_T 8
| #define SIZEOF_LONG 8
| #define GAL_CONFIG_SIZEOF_LONG 8
| #define SIZEOF_INT 4
| #define GAL_CONFIG_SIZEOF_INT 4
| #define HAVE_LIBM 1
| #define HAVE_LIBZ 1
| #define HAVE_LIBCURL 1
| /* end confdefs.h.  */
| 
| #include <wcslib/wcshdr.h>
| void junk(void) {
| int nreject, nwcs;
| struct wcsprm *wcs;
| char *header="JUNK";
| wcspih(header, 1, 0, 0, &nreject, &nwcs, &wcs);
| }
| int
| main ()
| {
| 
|   ;
|   return 0;
| }
configure:24595: result: no
configure:25151: checking for libjpeg
configure:25180: gcc -o conftest -Wall -O3  -pthread   conftest.c -lcurl -lz -lm -lpthread  -ljpeg >&5
conftest.c:56:10: fatal error: jpeglib.h: No such file or directory
 #include <jpeglib.h>
          ^~~~~~~~~~~
compilation terminated.
configure:25180: $? = 1
configure: failed program was:
| /* confdefs.h */
| #define PACKAGE_NAME "GNU Astronomy Utilities"
| #define PACKAGE_TARNAME "gnuastro"
| #define PACKAGE_VERSION "0.12"
| #define PACKAGE_STRING "GNU Astronomy Utilities 0.12"
| #define PACKAGE_BUGREPORT "bug-gnuastro@gnu.org"
| #define PACKAGE_URL "http://www.gnu.org/software/gnuastro/"
| #define PACKAGE "gnuastro"
| #define VERSION "0.12"
| #define STDC_HEADERS 1
| #define HAVE_SYS_TYPES_H 1
| #define HAVE_SYS_STAT_H 1
| #define HAVE_STDLIB_H 1
| #define HAVE_STRING_H 1
| #define HAVE_MEMORY_H 1
| #define HAVE_STRINGS_H 1
| #define HAVE_INTTYPES_H 1
| #define HAVE_STDINT_H 1
| #define HAVE_UNISTD_H 1
| #define __EXTENSIONS__ 1
| #define _ALL_SOURCE 1
| #define _DARWIN_C_SOURCE 1
| #define _GNU_SOURCE 1
| #define _NETBSD_SOURCE 1
| #define _OPENBSD_SOURCE 1
| #define _POSIX_PTHREAD_SEMANTICS 1
| #define __STDC_WANT_IEC_60559_ATTRIBS_EXT__ 1
| #define __STDC_WANT_IEC_60559_BFP_EXT__ 1
| #define __STDC_WANT_IEC_60559_DFP_EXT__ 1
| #define __STDC_WANT_IEC_60559_FUNCS_EXT__ 1
| #define __STDC_WANT_IEC_60559_TYPES_EXT__ 1
| #define __STDC_WANT_LIB_EXT2__ 1
| #define __STDC_WANT_MATH_SPEC_FUNCS__ 1
| #define _TANDEM_SOURCE 1
| #define _HPUX_ALT_XOPEN_SOCKET_API 1
| #define HAVE_DLFCN_H 1
| #define LT_OBJDIR ".libs/"
| #define IN_GNUASTRO_BUILD 1
| #define HAVE_PTHREAD_PRIO_INHERIT 1
| #define HAVE_PTHREAD 1
| #define HAVE_STDLIB_H 1
| #define HAVE_MALLOC 1
| #define SIZEOF_SIZE_T 8
| #define GAL_CONFIG_SIZEOF_SIZE_T 8
| #define SIZEOF_LONG 8
| #define GAL_CONFIG_SIZEOF_LONG 8
| #define SIZEOF_INT 4
| #define GAL_CONFIG_SIZEOF_INT 4
| #define HAVE_LIBM 1
| #define HAVE_LIBZ 1
| #define HAVE_LIBCURL 1
| /* end confdefs.h.  */
| 
| #include <stdio.h>
| #include <stdlib.h>
| #include <jpeglib.h>
| void junk(void) {
|   struct jpeg_decompress_struct cinfo;
|   jpeg_create_decompress(&cinfo);
| }
| int
| main ()
| {
| 
|   ;
|   return 0;
| }
configure:25190: result: no
configure:25760: checking for liblzma
configure:25782: gcc -o conftest -Wall -O3  -pthread   conftest.c -lcurl -lz -lm -lpthread  -llzma >&5
conftest.c:53:10: fatal error: lzma.h: No such file or directory
 #include <lzma.h>
          ^~~~~~~~
compilation terminated.
configure:25782: $? = 1
configure: failed program was:
| /* confdefs.h */
| #define PACKAGE_NAME "GNU Astronomy Utilities"
| #define PACKAGE_TARNAME "gnuastro"
| #define PACKAGE_VERSION "0.12"
| #define PACKAGE_STRING "GNU Astronomy Utilities 0.12"
| #define PACKAGE_BUGREPORT "bug-gnuastro@gnu.org"
| #define PACKAGE_URL "http://www.gnu.org/software/gnuastro/"
| #define PACKAGE "gnuastro"
| #define VERSION "0.12"
| #define STDC_HEADERS 1
| #define HAVE_SYS_TYPES_H 1
| #define HAVE_SYS_STAT_H 1
| #define HAVE_STDLIB_H 1
| #define HAVE_STRING_H 1
| #define HAVE_MEMORY_H 1
| #define HAVE_STRINGS_H 1
| #define HAVE_INTTYPES_H 1
| #define HAVE_STDINT_H 1
| #define HAVE_UNISTD_H 1
| #define __EXTENSIONS__ 1
| #define _ALL_SOURCE 1
| #define _DARWIN_C_SOURCE 1
| #define _GNU_SOURCE 1
| #define _NETBSD_SOURCE 1
| #define _OPENBSD_SOURCE 1
| #define _POSIX_PTHREAD_SEMANTICS 1
| #define __STDC_WANT_IEC_60559_ATTRIBS_EXT__ 1
| #define __STDC_WANT_IEC_60559_BFP_EXT__ 1
| #define __STDC_WANT_IEC_60559_DFP_EXT__ 1
| #define __STDC_WANT_IEC_60559_FUNCS_EXT__ 1
| #define __STDC_WANT_IEC_60559_TYPES_EXT__ 1
| #define __STDC_WANT_LIB_EXT2__ 1
| #define __STDC_WANT_MATH_SPEC_FUNCS__ 1
| #define _TANDEM_SOURCE 1
| #define _HPUX_ALT_XOPEN_SOCKET_API 1
| #define HAVE_DLFCN_H 1
| #define LT_OBJDIR ".libs/"
| #define IN_GNUASTRO_BUILD 1
| #define HAVE_PTHREAD_PRIO_INHERIT 1
| #define HAVE_PTHREAD 1
| #define HAVE_STDLIB_H 1
| #define HAVE_MALLOC 1
| #define SIZEOF_SIZE_T 8
| #define GAL_CONFIG_SIZEOF_SIZE_T 8
| #define SIZEOF_LONG 8
| #define GAL_CONFIG_SIZEOF_LONG 8
| #define SIZEOF_INT 4
| #define GAL_CONFIG_SIZEOF_INT 4
| #define HAVE_LIBM 1
| #define HAVE_LIBZ 1
| #define HAVE_LIBCURL 1
| /* end confdefs.h.  */
| #include <lzma.h>
| int
| main ()
| {
| 
|   ;
|   return 0;
| }
configure:25792: result: no
configure:26332: checking for libtiff
configure:26356: gcc -o conftest -Wall -O3  -pthread   conftest.c -lcurl -lz -lm -lpthread  -ltiff >&5
conftest.c:54:10: fatal error: tiffio.h: No such file or directory
 #include <tiffio.h>
          ^~~~~~~~~~
compilation terminated.
configure:26356: $? = 1
configure: failed program was:
| /* confdefs.h */
| #define PACKAGE_NAME "GNU Astronomy Utilities"
| #define PACKAGE_TARNAME "gnuastro"
| #define PACKAGE_VERSION "0.12"
| #define PACKAGE_STRING "GNU Astronomy Utilities 0.12"
| #define PACKAGE_BUGREPORT "bug-gnuastro@gnu.org"
| #define PACKAGE_URL "http://www.gnu.org/software/gnuastro/"
| #define PACKAGE "gnuastro"
| #define VERSION "0.12"
| #define STDC_HEADERS 1
| #define HAVE_SYS_TYPES_H 1
| #define HAVE_SYS_STAT_H 1
| #define HAVE_STDLIB_H 1
| #define HAVE_STRING_H 1
| #define HAVE_MEMORY_H 1
| #define HAVE_STRINGS_H 1
| #define HAVE_INTTYPES_H 1
| #define HAVE_STDINT_H 1
| #define HAVE_UNISTD_H 1
| #define __EXTENSIONS__ 1
| #define _ALL_SOURCE 1
| #define _DARWIN_C_SOURCE 1
| #define _GNU_SOURCE 1
| #define _NETBSD_SOURCE 1
| #define _OPENBSD_SOURCE 1
| #define _POSIX_PTHREAD_SEMANTICS 1
| #define __STDC_WANT_IEC_60559_ATTRIBS_EXT__ 1
| #define __STDC_WANT_IEC_60559_BFP_EXT__ 1
| #define __STDC_WANT_IEC_60559_DFP_EXT__ 1
| #define __STDC_WANT_IEC_60559_FUNCS_EXT__ 1
| #define __STDC_WANT_IEC_60559_TYPES_EXT__ 1
| #define __STDC_WANT_LIB_EXT2__ 1
| #define __STDC_WANT_MATH_SPEC_FUNCS__ 1
| #define _TANDEM_SOURCE 1
| #define _HPUX_ALT_XOPEN_SOCKET_API 1
| #define HAVE_DLFCN_H 1
| #define LT_OBJDIR ".libs/"
| #define IN_GNUASTRO_BUILD 1
| #define HAVE_PTHREAD_PRIO_INHERIT 1
| #define HAVE_PTHREAD 1
| #define HAVE_STDLIB_H 1
| #define HAVE_MALLOC 1
| #define SIZEOF_SIZE_T 8
| #define GAL_CONFIG_SIZEOF_SIZE_T 8
| #define SIZEOF_LONG 8
| #define GAL_CONFIG_SIZEOF_LONG 8
| #define SIZEOF_INT 4
| #define GAL_CONFIG_SIZEOF_INT 4
| #define HAVE_LIBM 1
| #define HAVE_LIBZ 1
| #define HAVE_LIBCURL 1
| /* end confdefs.h.  */
| 
| #include <tiffio.h>
| void junk(void) {TIFF *tif=TIFFOpen("junk", "r");}
| int
| main ()
| {
| 
|   ;
|   return 0;
| }
configure:26366: result: no
configure:26939: checking for libgit2
configure:26963: gcc -o conftest -Wall -O3  -pthread   conftest.c -lcurl -lz -lm -lpthread  -lgit2 >&5
conftest.c:54:10: fatal error: git2.h: No such file or directory
 #include <git2.h>
          ^~~~~~~~
compilation terminated.
configure:26963: $? = 1
configure: failed program was:
| /* confdefs.h */
| #define PACKAGE_NAME "GNU Astronomy Utilities"
| #define PACKAGE_TARNAME "gnuastro"
| #define PACKAGE_VERSION "0.12"
| #define PACKAGE_STRING "GNU Astronomy Utilities 0.12"
| #define PACKAGE_BUGREPORT "bug-gnuastro@gnu.org"
| #define PACKAGE_URL "http://www.gnu.org/software/gnuastro/"
| #define PACKAGE "gnuastro"
| #define VERSION "0.12"
| #define STDC_HEADERS 1
| #define HAVE_SYS_TYPES_H 1
| #define HAVE_SYS_STAT_H 1
| #define HAVE_STDLIB_H 1
| #define HAVE_STRING_H 1
| #define HAVE_MEMORY_H 1
| #define HAVE_STRINGS_H 1
| #define HAVE_INTTYPES_H 1
| #define HAVE_STDINT_H 1
| #define HAVE_UNISTD_H 1
| #define __EXTENSIONS__ 1
| #define _ALL_SOURCE 1
| #define _DARWIN_C_SOURCE 1
| #define _GNU_SOURCE 1
| #define _NETBSD_SOURCE 1
| #define _OPENBSD_SOURCE 1
| #define _POSIX_PTHREAD_SEMANTICS 1
| #define __STDC_WANT_IEC_60559_ATTRIBS_EXT__ 1
| #define __STDC_WANT_IEC_60559_BFP_EXT__ 1
| #define __STDC_WANT_IEC_60559_DFP_EXT__ 1
| #define __STDC_WANT_IEC_60559_FUNCS_EXT__ 1
| #define __STDC_WANT_IEC_60559_TYPES_EXT__ 1
| #define __STDC_WANT_LIB_EXT2__ 1
| #define __STDC_WANT_MATH_SPEC_FUNCS__ 1
| #define _TANDEM_SOURCE 1
| #define _HPUX_ALT_XOPEN_SOCKET_API 1
| #define HAVE_DLFCN_H 1
| #define LT_OBJDIR ".libs/"
| #define IN_GNUASTRO_BUILD 1
| #define HAVE_PTHREAD_PRIO_INHERIT 1
| #define HAVE_PTHREAD 1
| #define HAVE_STDLIB_H 1
| #define HAVE_MALLOC 1
| #define SIZEOF_SIZE_T 8
| #define GAL_CONFIG_SIZEOF_SIZE_T 8
| #define SIZEOF_LONG 8
| #define GAL_CONFIG_SIZEOF_LONG 8
| #define SIZEOF_INT 4
| #define GAL_CONFIG_SIZEOF_INT 4
| #define HAVE_LIBM 1
| #define HAVE_LIBZ 1
| #define HAVE_LIBCURL 1
| /* end confdefs.h.  */
| 
| #include <git2.h>
| void junk(void) {git_libgit2_init();}
| int
| main ()
| {
| 
|   ;
|   return 0;
| }
configure:26973: result: no
configure:27032: checking if GSL supports Steffen splines
configure:27045: gcc -o conftest -Wall -O3  -pthread   conftest.c -lcurl -lz -lm -lpthread  >&5
conftest.c:54:10: fatal error: gsl/gsl_interp.h: No such file or directory
 #include <gsl/gsl_interp.h>
          ^~~~~~~~~~~~~~~~~~
compilation terminated.
configure:27045: $? = 1
configure: failed program was:
| /* confdefs.h */
| #define PACKAGE_NAME "GNU Astronomy Utilities"
| #define PACKAGE_TARNAME "gnuastro"
| #define PACKAGE_VERSION "0.12"
| #define PACKAGE_STRING "GNU Astronomy Utilities 0.12"
| #define PACKAGE_BUGREPORT "bug-gnuastro@gnu.org"
| #define PACKAGE_URL "http://www.gnu.org/software/gnuastro/"
| #define PACKAGE "gnuastro"
| #define VERSION "0.12"
| #define STDC_HEADERS 1
| #define HAVE_SYS_TYPES_H 1
| #define HAVE_SYS_STAT_H 1
| #define HAVE_STDLIB_H 1
| #define HAVE_STRING_H 1
| #define HAVE_MEMORY_H 1
| #define HAVE_STRINGS_H 1
| #define HAVE_INTTYPES_H 1
| #define HAVE_STDINT_H 1
| #define HAVE_UNISTD_H 1
| #define __EXTENSIONS__ 1
| #define _ALL_SOURCE 1
| #define _DARWIN_C_SOURCE 1
| #define _GNU_SOURCE 1
| #define _NETBSD_SOURCE 1
| #define _OPENBSD_SOURCE 1
| #define _POSIX_PTHREAD_SEMANTICS 1
| #define __STDC_WANT_IEC_60559_ATTRIBS_EXT__ 1
| #define __STDC_WANT_IEC_60559_BFP_EXT__ 1
| #define __STDC_WANT_IEC_60559_DFP_EXT__ 1
| #define __STDC_WANT_IEC_60559_FUNCS_EXT__ 1
| #define __STDC_WANT_IEC_60559_TYPES_EXT__ 1
| #define __STDC_WANT_LIB_EXT2__ 1
| #define __STDC_WANT_MATH_SPEC_FUNCS__ 1
| #define _TANDEM_SOURCE 1
| #define _HPUX_ALT_XOPEN_SOCKET_API 1
| #define HAVE_DLFCN_H 1
| #define LT_OBJDIR ".libs/"
| #define IN_GNUASTRO_BUILD 1
| #define HAVE_PTHREAD_PRIO_INHERIT 1
| #define HAVE_PTHREAD 1
| #define HAVE_STDLIB_H 1
| #define HAVE_MALLOC 1
| #define SIZEOF_SIZE_T 8
| #define GAL_CONFIG_SIZEOF_SIZE_T 8
| #define SIZEOF_LONG 8
| #define GAL_CONFIG_SIZEOF_LONG 8
| #define SIZEOF_INT 4
| #define GAL_CONFIG_SIZEOF_INT 4
| #define HAVE_LIBM 1
| #define HAVE_LIBZ 1
| #define HAVE_LIBCURL 1
| #define GAL_CONFIG_HAVE_LIBGIT2 0
| /* end confdefs.h.  */
| #include <gsl/gsl_interp.h>
| int
| main ()
| {
| const gsl_interp_type *itype=gsl_interp_steffen;
|   ;
|   return 0;
| }
configure:27050: result: no
configure:27060: checking for fits_is_reentrant in -lcfitsio
configure:27085: gcc -o conftest -Wall -O3  -pthread   conftest.c -lcfitsio -lm -lcurl -lz -lm -lpthread  >&5
/usr/bin/ld: cannot find -lcfitsio
collect2: error: ld returned 1 exit status
configure:27085: $? = 1
configure: failed program was:
| /* confdefs.h */
| #define PACKAGE_NAME "GNU Astronomy Utilities"
| #define PACKAGE_TARNAME "gnuastro"
| #define PACKAGE_VERSION "0.12"
| #define PACKAGE_STRING "GNU Astronomy Utilities 0.12"
| #define PACKAGE_BUGREPORT "bug-gnuastro@gnu.org"
| #define PACKAGE_URL "http://www.gnu.org/software/gnuastro/"
| #define PACKAGE "gnuastro"
| #define VERSION "0.12"
| #define STDC_HEADERS 1
| #define HAVE_SYS_TYPES_H 1
| #define HAVE_SYS_STAT_H 1
| #define HAVE_STDLIB_H 1
| #define HAVE_STRING_H 1
| #define HAVE_MEMORY_H 1
| #define HAVE_STRINGS_H 1
| #define HAVE_INTTYPES_H 1
| #define HAVE_STDINT_H 1
| #define HAVE_UNISTD_H 1
| #define __EXTENSIONS__ 1
| #define _ALL_SOURCE 1
| #define _DARWIN_C_SOURCE 1
| #define _GNU_SOURCE 1
| #define _NETBSD_SOURCE 1
| #define _OPENBSD_SOURCE 1
| #define _POSIX_PTHREAD_SEMANTICS 1
| #define __STDC_WANT_IEC_60559_ATTRIBS_EXT__ 1
| #define __STDC_WANT_IEC_60559_BFP_EXT__ 1
| #define __STDC_WANT_IEC_60559_DFP_EXT__ 1
| #define __STDC_WANT_IEC_60559_FUNCS_EXT__ 1
| #define __STDC_WANT_IEC_60559_TYPES_EXT__ 1
| #define __STDC_WANT_LIB_EXT2__ 1
| #define __STDC_WANT_MATH_SPEC_FUNCS__ 1
| #define _TANDEM_SOURCE 1
| #define _HPUX_ALT_XOPEN_SOCKET_API 1
| #define HAVE_DLFCN_H 1
| #define LT_OBJDIR ".libs/"
| #define IN_GNUASTRO_BUILD 1
| #define HAVE_PTHREAD_PRIO_INHERIT 1
| #define HAVE_PTHREAD 1
| #define HAVE_STDLIB_H 1
| #define HAVE_MALLOC 1
| #define SIZEOF_SIZE_T 8
| #define GAL_CONFIG_SIZEOF_SIZE_T 8
| #define SIZEOF_LONG 8
| #define GAL_CONFIG_SIZEOF_LONG 8
| #define SIZEOF_INT 4
| #define GAL_CONFIG_SIZEOF_INT 4
| #define HAVE_LIBM 1
| #define HAVE_LIBZ 1
| #define HAVE_LIBCURL 1
| #define GAL_CONFIG_HAVE_LIBGIT2 0
| /* end confdefs.h.  */
| 
| /* Override any GCC internal prototype to avoid an error.
|    Use char because int might match the return type of a GCC
|    builtin and then its argument prototype would still apply.  */
| #ifdef __cplusplus
| extern "C"
| #endif
| char fits_is_reentrant ();
| int
| main ()
| {
| return fits_is_reentrant ();
|   ;
|   return 0;
| }
configure:27094: result: no
configure:27112: checking for wcslib_version in -lwcs
configure:27137: gcc -o conftest -Wall -O3  -pthread   conftest.c -lwcs -lcfitsio -lm -lcurl -lz -lm -lpthread  >&5
/usr/bin/ld: cannot find -lwcs
/usr/bin/ld: cannot find -lcfitsio
collect2: error: ld returned 1 exit status
configure:27137: $? = 1
configure: failed program was:
| /* confdefs.h */
| #define PACKAGE_NAME "GNU Astronomy Utilities"
| #define PACKAGE_TARNAME "gnuastro"
| #define PACKAGE_VERSION "0.12"
| #define PACKAGE_STRING "GNU Astronomy Utilities 0.12"
| #define PACKAGE_BUGREPORT "bug-gnuastro@gnu.org"
| #define PACKAGE_URL "http://www.gnu.org/software/gnuastro/"
| #define PACKAGE "gnuastro"
| #define VERSION "0.12"
| #define STDC_HEADERS 1
| #define HAVE_SYS_TYPES_H 1
| #define HAVE_SYS_STAT_H 1
| #define HAVE_STDLIB_H 1
| #define HAVE_STRING_H 1
| #define HAVE_MEMORY_H 1
| #define HAVE_STRINGS_H 1
| #define HAVE_INTTYPES_H 1
| #define HAVE_STDINT_H 1
| #define HAVE_UNISTD_H 1
| #define __EXTENSIONS__ 1
| #define _ALL_SOURCE 1
| #define _DARWIN_C_SOURCE 1
| #define _GNU_SOURCE 1
| #define _NETBSD_SOURCE 1
| #define _OPENBSD_SOURCE 1
| #define _POSIX_PTHREAD_SEMANTICS 1
| #define __STDC_WANT_IEC_60559_ATTRIBS_EXT__ 1
| #define __STDC_WANT_IEC_60559_BFP_EXT__ 1
| #define __STDC_WANT_IEC_60559_DFP_EXT__ 1
| #define __STDC_WANT_IEC_60559_FUNCS_EXT__ 1
| #define __STDC_WANT_IEC_60559_TYPES_EXT__ 1
| #define __STDC_WANT_LIB_EXT2__ 1
| #define __STDC_WANT_MATH_SPEC_FUNCS__ 1
| #define _TANDEM_SOURCE 1
| #define _HPUX_ALT_XOPEN_SOCKET_API 1
| #define HAVE_DLFCN_H 1
| #define LT_OBJDIR ".libs/"
| #define IN_GNUASTRO_BUILD 1
| #define HAVE_PTHREAD_PRIO_INHERIT 1
| #define HAVE_PTHREAD 1
| #define HAVE_STDLIB_H 1
| #define HAVE_MALLOC 1
| #define SIZEOF_SIZE_T 8
| #define GAL_CONFIG_SIZEOF_SIZE_T 8
| #define SIZEOF_LONG 8
| #define GAL_CONFIG_SIZEOF_LONG 8
| #define SIZEOF_INT 4
| #define GAL_CONFIG_SIZEOF_INT 4
| #define HAVE_LIBM 1
| #define HAVE_LIBZ 1
| #define HAVE_LIBCURL 1
| #define GAL_CONFIG_HAVE_LIBGIT2 0
| #define GAL_CONFIG_HAVE_FITS_IS_REENTRANT 0
| /* end confdefs.h.  */
| 
| /* Override any GCC internal prototype to avoid an error.
|    Use char because int might match the return type of a GCC
|    builtin and then its argument prototype would still apply.  */
| #ifdef __cplusplus
| extern "C"
| #endif
| char wcslib_version ();
| int
| main ()
| {
| return wcslib_version ();
|   ;
|   return 0;
| }
configure:27146: result: no
configure:27164: checking for pthread_barrier_wait in -lpthread
configure:27189: gcc -o conftest -Wall -O3  -pthread   conftest.c -lpthread  -lcurl -lz -lm -lpthread  >&5
configure:27189: $? = 0
configure:27198: result: yes
configure:27224: checking for help2man
configure:27252: result: no
configure:27276: checking for libtool
configure:27292: found /usr/bin/libtool
configure:27304: result: yes
configure:27314: checking for bash
configure:27330: found /bin/bash
configure:27342: result: yes
configure:27352: checking for zsh
configure:27380: result: no
configure:27391: checking if libtool executable is GNU
configure:27398: result: yes 
configure:27464: checking for shell to use with libtool
configure:27501: result: bash
configure:27548: checking for gs
configure:27576: result: no
configure:27723: error: Mandatory dependency(s) missing, === SEE MESSAGE ABOVE ===.

## ---------------- ##
## Cache variables. ##
## ---------------- ##

ac_cv_build=x86_64-pc-linux-gnu
ac_cv_c_compiler_gnu=yes
ac_cv_cxx_compiler_gnu=yes
ac_cv_env_CCC_set=
ac_cv_env_CCC_value=
ac_cv_env_CC_set=
ac_cv_env_CC_value=
ac_cv_env_CFLAGS_set=
ac_cv_env_CFLAGS_value=
ac_cv_env_CPPFLAGS_set=
ac_cv_env_CPPFLAGS_value=
ac_cv_env_CPP_set=
ac_cv_env_CPP_value=
ac_cv_env_CXXCPP_set=
ac_cv_env_CXXCPP_value=
ac_cv_env_CXXFLAGS_set=
ac_cv_env_CXXFLAGS_value=
ac_cv_env_CXX_set=
ac_cv_env_CXX_value=
ac_cv_env_LDFLAGS_set=
ac_cv_env_LDFLAGS_value=
ac_cv_env_LIBS_set=
ac_cv_env_LIBS_value=
ac_cv_env_LT_SYS_LIBRARY_PATH_set=
ac_cv_env_LT_SYS_LIBRARY_PATH_value=
ac_cv_env_build_alias_set=
ac_cv_env_build_alias_value=
ac_cv_env_host_alias_set=
ac_cv_env_host_alias_value=
ac_cv_env_target_alias_set=
ac_cv_env_target_alias_value=
ac_cv_func_malloc_0_nonnull=yes
ac_cv_header_dlfcn_h=yes
ac_cv_header_inttypes_h=yes
ac_cv_header_memory_h=yes
ac_cv_header_minix_config_h=no
ac_cv_header_stdc=yes
ac_cv_header_stdint_h=yes
ac_cv_header_stdlib_h=yes
ac_cv_header_string_h=yes
ac_cv_header_strings_h=yes
ac_cv_header_sys_stat_h=yes
ac_cv_header_sys_types_h=yes
ac_cv_header_unistd_h=yes
ac_cv_host=x86_64-pc-linux-gnu
ac_cv_lib_cfitsio_fits_is_reentrant=no
ac_cv_lib_pthread_pthread_barrier_wait=yes
ac_cv_lib_wcs_wcslib_version=no
ac_cv_libcfitsio=no
ac_cv_libcurl=yes
ac_cv_libgit2=no
ac_cv_libgsl=no
ac_cv_libjpeg=no
ac_cv_liblzma=no
ac_cv_libm=yes
ac_cv_libtiff=no
ac_cv_libwcs=no
ac_cv_libz=yes
ac_cv_objext=o
ac_cv_path_EGREP='/bin/grep -E'
ac_cv_path_FGREP='/bin/grep -F'
ac_cv_path_GREP=/bin/grep
ac_cv_path_SED=/bin/sed
ac_cv_path_install='/usr/bin/install -c'
ac_cv_path_lt_DD=/bin/dd
ac_cv_path_mkdir=/bin/mkdir
ac_cv_prog_AWK=gawk
ac_cv_prog_CPP='gcc -E'
ac_cv_prog_CXXCPP='g++ -E'
ac_cv_prog_ac_ct_AR=ar
ac_cv_prog_ac_ct_CC=gcc
ac_cv_prog_ac_ct_CXX=g++
ac_cv_prog_ac_ct_MANIFEST_TOOL=mt
ac_cv_prog_ac_ct_OBJDUMP=objdump
ac_cv_prog_ac_ct_RANLIB=ranlib
ac_cv_prog_ac_ct_STRIP=strip
ac_cv_prog_cc_c89=
ac_cv_prog_cc_g=yes
ac_cv_prog_cxx_g=yes
ac_cv_prog_has_bash=yes
ac_cv_prog_has_cxx=yes
ac_cv_prog_has_ghostscript=no
ac_cv_prog_has_help2man=no
ac_cv_prog_has_libtool=yes
ac_cv_prog_has_zsh=no
ac_cv_prog_make_make_set=yes
ac_cv_safe_to_define___extensions__=yes
ac_cv_should_define__xopen_source=no
ac_cv_sizeof_int=4
ac_cv_sizeof_long=8
ac_cv_sizeof_size_t=8
ac_cv_sys_file_offset_bits=no
ac_cv_sys_largefile_CC=no
acl_cv_hardcode_direct=no
acl_cv_hardcode_libdir_flag_spec='${wl}-rpath ${wl}$libdir'
acl_cv_hardcode_libdir_separator=
acl_cv_hardcode_minus_L=no
acl_cv_libdirstems=lib,lib,lib
acl_cv_libext=a
acl_cv_libname_spec='lib$name'
acl_cv_library_names_spec='$libname$shrext'
acl_cv_prog_gnu_ld=yes
acl_cv_rpath=done
acl_cv_shlibext=so
acl_cv_wl=-Wl,
am_cv_CC_dependencies_compiler_type=gcc3
am_cv_CXX_dependencies_compiler_type=gcc3
am_cv_ar_interface=ar
am_cv_make_support_nested_variables=yes
am_cv_prog_cc_c_o=yes
ax_cv_PTHREAD_CLANG=no
ax_cv_PTHREAD_JOINABLE_ATTR=PTHREAD_CREATE_JOINABLE
ax_cv_PTHREAD_PRIO_INHERIT=yes
ax_cv_PTHREAD_SPECIAL_FLAGS=no
gl_cv_c_amsterdam_compiler=no
gl_cv_compiler_check_decl_option=none
gl_cv_compiler_clang=no
gl_cv_elf=yes
gl_cv_host_cpu_c_abi_32bit=no
lt_cv_ar_at_file=@
lt_cv_archive_cmds_need_lc=no
lt_cv_deplibs_check_method=pass_all
lt_cv_file_magic_cmd='$MAGIC_CMD'
lt_cv_file_magic_test_file=
lt_cv_ld_reload_flag=-r
lt_cv_nm_interface='BSD nm'
lt_cv_objdir=.libs
lt_cv_path_LD=/usr/bin/ld
lt_cv_path_LDCXX='/usr/bin/ld -m elf_x86_64'
lt_cv_path_NM='/usr/bin/nm -B'
lt_cv_path_mainfest_tool=no
lt_cv_prog_compiler_c_o=yes
lt_cv_prog_compiler_c_o_CXX=yes
lt_cv_prog_compiler_pic='-fPIC -DPIC'
lt_cv_prog_compiler_pic_CXX='-fPIC -DPIC'
lt_cv_prog_compiler_pic_works=yes
lt_cv_prog_compiler_pic_works_CXX=yes
lt_cv_prog_compiler_rtti_exceptions=no
lt_cv_prog_compiler_static_works=yes
lt_cv_prog_compiler_static_works_CXX=yes
lt_cv_prog_gnu_ld=yes
lt_cv_prog_gnu_ldcxx=yes
lt_cv_sharedlib_from_linklib_cmd='printf %s\n'
lt_cv_shlibpath_overrides_runpath=yes
lt_cv_sys_global_symbol_pipe='sed -n -e '\''s/^.*[	 ]\([ABCDGIRSTW][ABCDGIRSTW]*\)[	 ][	 ]*\([_A-Za-z][_A-Za-z0-9]*\)$/\1 \2 \2/p'\'' | sed '\''/ __gnu_lto/d'\'''
lt_cv_sys_global_symbol_to_c_name_address='sed -n -e '\''s/^: \(.*\) .*$/  {"\1", (void *) 0},/p'\'' -e '\''s/^[ABCDGIRSTW][ABCDGIRSTW]* .* \(.*\)$/  {"\1", (void *) \&\1},/p'\'''
lt_cv_sys_global_symbol_to_c_name_address_lib_prefix='sed -n -e '\''s/^: \(.*\) .*$/  {"\1", (void *) 0},/p'\'' -e '\''s/^[ABCDGIRSTW][ABCDGIRSTW]* .* \(lib.*\)$/  {"\1", (void *) \&\1},/p'\'' -e '\''s/^[ABCDGIRSTW][ABCDGIRSTW]* .* \(.*\)$/  {"lib\1", (void *) \&\1},/p'\'''
lt_cv_sys_global_symbol_to_cdecl='sed -n -e '\''s/^T .* \(.*\)$/extern int \1();/p'\'' -e '\''s/^[ABCDGIRSTW][ABCDGIRSTW]* .* \(.*\)$/extern char \1;/p'\'''
lt_cv_sys_global_symbol_to_import=
lt_cv_sys_max_cmd_len=1572864
lt_cv_to_host_file_cmd=func_convert_file_noop
lt_cv_to_tool_file_cmd=func_convert_file_noop
lt_cv_truncate_bin='/bin/dd bs=4096 count=1'

## ----------------- ##
## Output variables. ##
## ----------------- ##

ACLOCAL='${SHELL} /home/carolhanna/Security_Project/gnu_dataset/gnuastro-0.12/bootstrapped/build-aux/missing aclocal-1.16'
ALLOCA=''
ALLOCA_H=''
AMDEPBACKSLASH='\'
AMDEP_FALSE='#'
AMDEP_TRUE=''
AMTAR='$${TAR-tar}'
AM_BACKSLASH='\'
AM_DEFAULT_V='$(AM_DEFAULT_VERBOSITY)'
AM_DEFAULT_VERBOSITY='1'
AM_V='$(V)'
APPLE_UNIVERSAL_BUILD=''
AR='ar'
ARFLAGS='cr'
AUTOCONF='${SHELL} /home/carolhanna/Security_Project/gnu_dataset/gnuastro-0.12/bootstrapped/build-aux/missing autoconf'
AUTOHEADER='${SHELL} /home/carolhanna/Security_Project/gnu_dataset/gnuastro-0.12/bootstrapped/build-aux/missing autoheader'
AUTOMAKE='${SHELL} /home/carolhanna/Security_Project/gnu_dataset/gnuastro-0.12/bootstrapped/build-aux/missing automake-1.16'
AWK='gawk'
BITSIZEOF_PTRDIFF_T=''
BITSIZEOF_SIG_ATOMIC_T=''
BITSIZEOF_SIZE_T=''
BITSIZEOF_WCHAR_T=''
BITSIZEOF_WINT_T=''
CC='gcc'
CCDEPMODE='depmode=gcc3'
CFLAGS='-Wall -O3  -pthread'
CFLAG_VISIBILITY=''
COND_ARITHMETIC_FALSE=''
COND_ARITHMETIC_TRUE=''
COND_BUILDPROG_FALSE=''
COND_BUILDPROG_TRUE=''
COND_CHECK_WITH_VALGRIND_FALSE=''
COND_CHECK_WITH_VALGRIND_TRUE='#'
COND_CONVERTT_FALSE=''
COND_CONVERTT_TRUE=''
COND_CONVOLVE_FALSE=''
COND_CONVOLVE_TRUE=''
COND_COSMICCAL_FALSE=''
COND_COSMICCAL_TRUE=''
COND_CROP_FALSE=''
COND_CROP_TRUE=''
COND_FITS_FALSE=''
COND_FITS_TRUE=''
COND_GNULIBCHECK_FALSE=''
COND_GNULIBCHECK_TRUE=''
COND_HASCXX_FALSE='#'
COND_HASCXX_TRUE=''
COND_HASGHOSTSCRIPT_FALSE=''
COND_HASGHOSTSCRIPT_TRUE='#'
COND_HASHELP2MAN_FALSE=''
COND_HASHELP2MAN_TRUE='#'
COND_HASLIBJPEG_FALSE=''
COND_HASLIBJPEG_TRUE='#'
COND_HASLIBTIFF_FALSE=''
COND_HASLIBTIFF_TRUE='#'
COND_MATCH_FALSE=''
COND_MATCH_TRUE=''
COND_MKCATALOG_FALSE=''
COND_MKCATALOG_TRUE=''
COND_MKNOISE_FALSE=''
COND_MKNOISE_TRUE=''
COND_MKPROF_FALSE=''
COND_MKPROF_TRUE=''
COND_NOISECHISEL_FALSE=''
COND_NOISECHISEL_TRUE=''
COND_NORPATH_FALSE=''
COND_NORPATH_TRUE=''
COND_SEGMENT_FALSE=''
COND_SEGMENT_TRUE=''
COND_STATISTICS_FALSE=''
COND_STATISTICS_TRUE=''
COND_TABLE_FALSE=''
COND_TABLE_TRUE=''
COND_WARP_FALSE=''
COND_WARP_TRUE=''
CONFIG_LDADD=''
CPP='gcc -E'
CPPFLAGS=''
CXX='g++'
CXXCPP='g++ -E'
CXXDEPMODE='depmode=gcc3'
CXXFLAGS=' -Wall -O3 -pthread'
CYGPATH_W='echo'
DEFS=''
DEPDIR='.deps'
DLLTOOL='false'
DSYMUTIL=''
DUMPBIN=''
ECHO_C=''
ECHO_N='-n'
ECHO_T=''
EGREP='/bin/grep -E'
EMULTIHOP_HIDDEN=''
EMULTIHOP_VALUE=''
ENOLINK_HIDDEN=''
ENOLINK_VALUE=''
EOVERFLOW_HIDDEN=''
EOVERFLOW_VALUE=''
ERRNO_H=''
EXEEXT=''
FGREP='/bin/grep -F'
FLOAT_H=''
GAL_LT_VERSION='10:0:0'
GETOPT_CDEFS_H=''
GETOPT_H=''
GLIBC21=''
GL_COND_LIBTOOL_FALSE=''
GL_COND_LIBTOOL_TRUE=''
GL_GENERATE_ALLOCA_H_FALSE=''
GL_GENERATE_ALLOCA_H_TRUE=''
GL_GENERATE_ERRNO_H_FALSE=''
GL_GENERATE_ERRNO_H_TRUE=''
GL_GENERATE_FLOAT_H_FALSE=''
GL_GENERATE_FLOAT_H_TRUE=''
GL_GENERATE_LIMITS_H_FALSE=''
GL_GENERATE_LIMITS_H_TRUE=''
GL_GENERATE_NETINET_IN_H_FALSE=''
GL_GENERATE_NETINET_IN_H_TRUE=''
GL_GENERATE_STDALIGN_H_FALSE=''
GL_GENERATE_STDALIGN_H_TRUE=''
GL_GENERATE_STDBOOL_H_FALSE=''
GL_GENERATE_STDBOOL_H_TRUE=''
GL_GENERATE_STDDEF_H_FALSE=''
GL_GENERATE_STDDEF_H_TRUE=''
GL_GENERATE_STDINT_H_FALSE=''
GL_GENERATE_STDINT_H_TRUE=''
GL_GENERATE_SYSEXITS_H_FALSE=''
GL_GENERATE_SYSEXITS_H_TRUE=''
GNULIB_ACCEPT4=''
GNULIB_ACCEPT=''
GNULIB_ACCESS=''
GNULIB_ACOSF=''
GNULIB_ACOSL=''
GNULIB_ALPHASORT=''
GNULIB_ASINF=''
GNULIB_ASINL=''
GNULIB_ATAN2F=''
GNULIB_ATANF=''
GNULIB_ATANL=''
GNULIB_ATOLL=''
GNULIB_BIND=''
GNULIB_BTOWC=''
GNULIB_CALLOC_POSIX=''
GNULIB_CANONICALIZE_FILE_NAME=''
GNULIB_CBRT=''
GNULIB_CBRTF=''
GNULIB_CBRTL=''
GNULIB_CEIL=''
GNULIB_CEILF=''
GNULIB_CEILL=''
GNULIB_CHDIR=''
GNULIB_CHOWN=''
GNULIB_CLOSE=''
GNULIB_CLOSEDIR=''
GNULIB_CONNECT=''
GNULIB_COPYSIGN=''
GNULIB_COPYSIGNF=''
GNULIB_COPYSIGNL=''
GNULIB_COPY_FILE_RANGE=''
GNULIB_COSF=''
GNULIB_COSHF=''
GNULIB_COSL=''
GNULIB_CREAT=''
GNULIB_CTIME=''
GNULIB_DIRFD=''
GNULIB_DPRINTF=''
GNULIB_DUP2=''
GNULIB_DUP3=''
GNULIB_DUP=''
GNULIB_DUPLOCALE=''
GNULIB_ENVIRON=''
GNULIB_EUIDACCESS=''
GNULIB_EXP2=''
GNULIB_EXP2F=''
GNULIB_EXP2L=''
GNULIB_EXPF=''
GNULIB_EXPL=''
GNULIB_EXPLICIT_BZERO=''
GNULIB_EXPM1=''
GNULIB_EXPM1F=''
GNULIB_EXPM1L=''
GNULIB_FABSF=''
GNULIB_FABSL=''
GNULIB_FACCESSAT=''
GNULIB_FCHDIR=''
GNULIB_FCHMODAT=''
GNULIB_FCHOWNAT=''
GNULIB_FCLOSE=''
GNULIB_FCNTL=''
GNULIB_FDATASYNC=''
GNULIB_FDOPEN=''
GNULIB_FDOPENDIR=''
GNULIB_FFLUSH=''
GNULIB_FFS=''
GNULIB_FFSL=''
GNULIB_FFSLL=''
GNULIB_FGETC=''
GNULIB_FGETS=''
GNULIB_FLOOR=''
GNULIB_FLOORF=''
GNULIB_FLOORL=''
GNULIB_FMA=''
GNULIB_FMAF=''
GNULIB_FMAL=''
GNULIB_FMOD=''
GNULIB_FMODF=''
GNULIB_FMODL=''
GNULIB_FOPEN=''
GNULIB_FPRINTF=''
GNULIB_FPRINTF_POSIX=''
GNULIB_FPURGE=''
GNULIB_FPUTC=''
GNULIB_FPUTS=''
GNULIB_FREAD=''
GNULIB_FREOPEN=''
GNULIB_FREXP=''
GNULIB_FREXPF=''
GNULIB_FREXPL=''
GNULIB_FSCANF=''
GNULIB_FSEEK=''
GNULIB_FSEEKO=''
GNULIB_FSTAT=''
GNULIB_FSTATAT=''
GNULIB_FSYNC=''
GNULIB_FTELL=''
GNULIB_FTELLO=''
GNULIB_FTRUNCATE=''
GNULIB_FUTIMENS=''
GNULIB_FWRITE=''
GNULIB_GETC=''
GNULIB_GETCHAR=''
GNULIB_GETCWD=''
GNULIB_GETDELIM=''
GNULIB_GETDOMAINNAME=''
GNULIB_GETDTABLESIZE=''
GNULIB_GETGROUPS=''
GNULIB_GETHOSTNAME=''
GNULIB_GETLINE=''
GNULIB_GETLOADAVG=''
GNULIB_GETLOGIN=''
GNULIB_GETLOGIN_R=''
GNULIB_GETOPT_POSIX=''
GNULIB_GETPAGESIZE=''
GNULIB_GETPASS=''
GNULIB_GETPEERNAME=''
GNULIB_GETSOCKNAME=''
GNULIB_GETSOCKOPT=''
GNULIB_GETSUBOPT=''
GNULIB_GETTIMEOFDAY=''
GNULIB_GETUSERSHELL=''
GNULIB_GL_UNISTD_H_GETOPT=''
GNULIB_GRANTPT=''
GNULIB_GROUP_MEMBER=''
GNULIB_HYPOT=''
GNULIB_HYPOTF=''
GNULIB_HYPOTL=''
GNULIB_ILOGB=''
GNULIB_ILOGBF=''
GNULIB_ILOGBL=''
GNULIB_IMAXABS=''
GNULIB_IMAXDIV=''
GNULIB_INET_NTOP=''
GNULIB_INET_PTON=''
GNULIB_IOCTL=''
GNULIB_ISATTY=''
GNULIB_ISBLANK=''
GNULIB_ISFINITE=''
GNULIB_ISINF=''
GNULIB_ISNAN=''
GNULIB_ISNAND=''
GNULIB_ISNANF=''
GNULIB_ISNANL=''
GNULIB_ISWBLANK=''
GNULIB_ISWCTYPE=''
GNULIB_ISWDIGIT=''
GNULIB_ISWXDIGIT=''
GNULIB_LCHMOD=''
GNULIB_LCHOWN=''
GNULIB_LDEXPF=''
GNULIB_LDEXPL=''
GNULIB_LINK=''
GNULIB_LINKAT=''
GNULIB_LISTEN=''
GNULIB_LOCALECONV=''
GNULIB_LOCALENAME=''
GNULIB_LOCALTIME=''
GNULIB_LOG10=''
GNULIB_LOG10F=''
GNULIB_LOG10L=''
GNULIB_LOG1P=''
GNULIB_LOG1PF=''
GNULIB_LOG1PL=''
GNULIB_LOG2=''
GNULIB_LOG2F=''
GNULIB_LOG2L=''
GNULIB_LOG=''
GNULIB_LOGB=''
GNULIB_LOGBF=''
GNULIB_LOGBL=''
GNULIB_LOGF=''
GNULIB_LOGL=''
GNULIB_LSEEK=''
GNULIB_LSTAT=''
GNULIB_MALLOC_POSIX=''
GNULIB_MBRLEN=''
GNULIB_MBRTOWC=''
GNULIB_MBSCASECMP=''
GNULIB_MBSCASESTR=''
GNULIB_MBSCHR=''
GNULIB_MBSCSPN=''
GNULIB_MBSINIT=''
GNULIB_MBSLEN=''
GNULIB_MBSNCASECMP=''
GNULIB_MBSNLEN=''
GNULIB_MBSNRTOWCS=''
GNULIB_MBSPBRK=''
GNULIB_MBSPCASECMP=''
GNULIB_MBSRCHR=''
GNULIB_MBSRTOWCS=''
GNULIB_MBSSEP=''
GNULIB_MBSSPN=''
GNULIB_MBSSTR=''
GNULIB_MBSTOK_R=''
GNULIB_MBTOWC=''
GNULIB_MEMCHR=''
GNULIB_MEMMEM=''
GNULIB_MEMPCPY=''
GNULIB_MEMRCHR=''
GNULIB_MKDIRAT=''
GNULIB_MKDTEMP=''
GNULIB_MKFIFO=''
GNULIB_MKFIFOAT=''
GNULIB_MKNOD=''
GNULIB_MKNODAT=''
GNULIB_MKOSTEMP=''
GNULIB_MKOSTEMPS=''
GNULIB_MKSTEMP=''
GNULIB_MKSTEMPS=''
GNULIB_MKTIME=''
GNULIB_MODF=''
GNULIB_MODFF=''
GNULIB_MODFL=''
GNULIB_NANOSLEEP=''
GNULIB_NL_LANGINFO=''
GNULIB_NONBLOCKING=''
GNULIB_OBSTACK_PRINTF=''
GNULIB_OBSTACK_PRINTF_POSIX=''
GNULIB_OPEN=''
GNULIB_OPENAT=''
GNULIB_OPENDIR=''
GNULIB_OVERRIDES_STRUCT_STAT=''
GNULIB_OVERRIDES_WINT_T=''
GNULIB_PCLOSE=''
GNULIB_PERROR=''
GNULIB_PIPE2=''
GNULIB_PIPE=''
GNULIB_POPEN=''
GNULIB_POSIX_OPENPT=''
GNULIB_POWF=''
GNULIB_PREAD=''
GNULIB_PRINTF=''
GNULIB_PRINTF_POSIX=''
GNULIB_PSELECT=''
GNULIB_PTHREAD_COND=''
GNULIB_PTHREAD_MUTEX=''
GNULIB_PTHREAD_MUTEX_TIMEDLOCK=''
GNULIB_PTHREAD_ONCE=''
GNULIB_PTHREAD_RWLOCK=''
GNULIB_PTHREAD_SIGMASK=''
GNULIB_PTHREAD_SPIN=''
GNULIB_PTHREAD_THREAD=''
GNULIB_PTHREAD_TSS=''
GNULIB_PTSNAME=''
GNULIB_PTSNAME_R=''
GNULIB_PUTC=''
GNULIB_PUTCHAR=''
GNULIB_PUTENV=''
GNULIB_PUTS=''
GNULIB_PWRITE=''
GNULIB_QSORT_R=''
GNULIB_RAISE=''
GNULIB_RANDOM=''
GNULIB_RANDOM_R=''
GNULIB_RAWMEMCHR=''
GNULIB_READ=''
GNULIB_READDIR=''
GNULIB_READLINK=''
GNULIB_READLINKAT=''
GNULIB_REALLOCARRAY=''
GNULIB_REALLOC_POSIX=''
GNULIB_REALPATH=''
GNULIB_RECV=''
GNULIB_RECVFROM=''
GNULIB_REMAINDER=''
GNULIB_REMAINDERF=''
GNULIB_REMAINDERL=''
GNULIB_REMOVE=''
GNULIB_RENAME=''
GNULIB_RENAMEAT=''
GNULIB_REWINDDIR=''
GNULIB_RINT=''
GNULIB_RINTF=''
GNULIB_RINTL=''
GNULIB_RMDIR=''
GNULIB_ROUND=''
GNULIB_ROUNDF=''
GNULIB_ROUNDL=''
GNULIB_RPMATCH=''
GNULIB_SCANDIR=''
GNULIB_SCANF=''
GNULIB_SCHED_YIELD=''
GNULIB_SECURE_GETENV=''
GNULIB_SELECT=''
GNULIB_SEND=''
GNULIB_SENDTO=''
GNULIB_SETENV=''
GNULIB_SETHOSTNAME=''
GNULIB_SETLOCALE=''
GNULIB_SETLOCALE_NULL=''
GNULIB_SETSOCKOPT=''
GNULIB_SHUTDOWN=''
GNULIB_SIGACTION=''
GNULIB_SIGNAL_H_SIGPIPE=''
GNULIB_SIGNBIT=''
GNULIB_SIGPROCMASK=''
GNULIB_SINF=''
GNULIB_SINHF=''
GNULIB_SINL=''
GNULIB_SLEEP=''
GNULIB_SNPRINTF=''
GNULIB_SOCKET=''
GNULIB_SPRINTF_POSIX=''
GNULIB_SQRTF=''
GNULIB_SQRTL=''
GNULIB_STAT=''
GNULIB_STDIO_H_NONBLOCKING=''
GNULIB_STDIO_H_SIGPIPE=''
GNULIB_STPCPY=''
GNULIB_STPNCPY=''
GNULIB_STRCASESTR=''
GNULIB_STRCHRNUL=''
GNULIB_STRDUP=''
GNULIB_STRERROR=''
GNULIB_STRERROR_R=''
GNULIB_STRFTIME=''
GNULIB_STRNCAT=''
GNULIB_STRNDUP=''
GNULIB_STRNLEN=''
GNULIB_STRPBRK=''
GNULIB_STRPTIME=''
GNULIB_STRSEP=''
GNULIB_STRSIGNAL=''
GNULIB_STRSTR=''
GNULIB_STRTOD=''
GNULIB_STRTOIMAX=''
GNULIB_STRTOK_R=''
GNULIB_STRTOLD=''
GNULIB_STRTOLL=''
GNULIB_STRTOULL=''
GNULIB_STRTOUMAX=''
GNULIB_STRVERSCMP=''
GNULIB_SYMLINK=''
GNULIB_SYMLINKAT=''
GNULIB_SYSTEM_POSIX=''
GNULIB_TANF=''
GNULIB_TANHF=''
GNULIB_TANL=''
GNULIB_TIMEGM=''
GNULIB_TIME_R=''
GNULIB_TIME_RZ=''
GNULIB_TMPFILE=''
GNULIB_TOWCTRANS=''
GNULIB_TRUNC=''
GNULIB_TRUNCATE=''
GNULIB_TRUNCF=''
GNULIB_TRUNCL=''
GNULIB_TTYNAME_R=''
GNULIB_TZSET=''
GNULIB_UNISTD_H_NONBLOCKING=''
GNULIB_UNISTD_H_SIGPIPE=''
GNULIB_UNLINK=''
GNULIB_UNLINKAT=''
GNULIB_UNLOCKPT=''
GNULIB_UNSETENV=''
GNULIB_USLEEP=''
GNULIB_UTIMENSAT=''
GNULIB_VASPRINTF=''
GNULIB_VDPRINTF=''
GNULIB_VFPRINTF=''
GNULIB_VFPRINTF_POSIX=''
GNULIB_VFSCANF=''
GNULIB_VPRINTF=''
GNULIB_VPRINTF_POSIX=''
GNULIB_VSCANF=''
GNULIB_VSNPRINTF=''
GNULIB_VSPRINTF_POSIX=''
GNULIB_WAITPID=''
GNULIB_WCPCPY=''
GNULIB_WCPNCPY=''
GNULIB_WCRTOMB=''
GNULIB_WCSCASECMP=''
GNULIB_WCSCAT=''
GNULIB_WCSCHR=''
GNULIB_WCSCMP=''
GNULIB_WCSCOLL=''
GNULIB_WCSCPY=''
GNULIB_WCSCSPN=''
GNULIB_WCSDUP=''
GNULIB_WCSFTIME=''
GNULIB_WCSLEN=''
GNULIB_WCSNCASECMP=''
GNULIB_WCSNCAT=''
GNULIB_WCSNCMP=''
GNULIB_WCSNCPY=''
GNULIB_WCSNLEN=''
GNULIB_WCSNRTOMBS=''
GNULIB_WCSPBRK=''
GNULIB_WCSRCHR=''
GNULIB_WCSRTOMBS=''
GNULIB_WCSSPN=''
GNULIB_WCSSTR=''
GNULIB_WCSTOK=''
GNULIB_WCSWIDTH=''
GNULIB_WCSXFRM=''
GNULIB_WCTOB=''
GNULIB_WCTOMB=''
GNULIB_WCTRANS=''
GNULIB_WCTYPE=''
GNULIB_WCWIDTH=''
GNULIB_WMEMCHR=''
GNULIB_WMEMCMP=''
GNULIB_WMEMCPY=''
GNULIB_WMEMMOVE=''
GNULIB_WMEMSET=''
GNULIB_WRITE=''
GNULIB__EXIT=''
GREP='/bin/grep'
GUIDEMESSAGE=''
HAVE_ACCEPT4=''
HAVE_ACOSF=''
HAVE_ACOSL=''
HAVE_ALLOCA_H=''
HAVE_ALPHASORT=''
HAVE_ARPA_INET_H=''
HAVE_ASINF=''
HAVE_ASINL=''
HAVE_ATAN2F=''
HAVE_ATANF=''
HAVE_ATANL=''
HAVE_ATOLL=''
HAVE_BTOWC=''
HAVE_C99_STDINT_H=''
HAVE_CANONICALIZE_FILE_NAME=''
HAVE_CBRT=''
HAVE_CBRTF=''
HAVE_CBRTL=''
HAVE_CHOWN=''
HAVE_CLOSEDIR=''
HAVE_COPYSIGN=''
HAVE_COPYSIGNL=''
HAVE_COPY_FILE_RANGE=''
HAVE_COSF=''
HAVE_COSHF=''
HAVE_COSL=''
HAVE_CRTDEFS_H=''
HAVE_DECL_ACOSL=''
HAVE_DECL_ASINL=''
HAVE_DECL_ATANL=''
HAVE_DECL_CBRTF=''
HAVE_DECL_CBRTL=''
HAVE_DECL_CEILF=''
HAVE_DECL_CEILL=''
HAVE_DECL_COPYSIGNF=''
HAVE_DECL_COSL=''
HAVE_DECL_DIRFD=''
HAVE_DECL_ENVIRON=''
HAVE_DECL_EXP2=''
HAVE_DECL_EXP2F=''
HAVE_DECL_EXP2L=''
HAVE_DECL_EXPL=''
HAVE_DECL_EXPM1L=''
HAVE_DECL_FCHDIR=''
HAVE_DECL_FDATASYNC=''
HAVE_DECL_FDOPENDIR=''
HAVE_DECL_FLOORF=''
HAVE_DECL_FLOORL=''
HAVE_DECL_FPURGE=''
HAVE_DECL_FREXPL=''
HAVE_DECL_FSEEKO=''
HAVE_DECL_FTELLO=''
HAVE_DECL_GETDELIM=''
HAVE_DECL_GETDOMAINNAME=''
HAVE_DECL_GETLINE=''
HAVE_DECL_GETLOADAVG=''
HAVE_DECL_GETLOGIN=''
HAVE_DECL_GETLOGIN_R=''
HAVE_DECL_GETPAGESIZE=''
HAVE_DECL_GETUSERSHELL=''
HAVE_DECL_IMAXABS=''
HAVE_DECL_IMAXDIV=''
HAVE_DECL_INET_NTOP=''
HAVE_DECL_INET_PTON=''
HAVE_DECL_INITSTATE=''
HAVE_DECL_LDEXPL=''
HAVE_DECL_LOCALTIME_R=''
HAVE_DECL_LOG10L=''
HAVE_DECL_LOG2=''
HAVE_DECL_LOG2F=''
HAVE_DECL_LOG2L=''
HAVE_DECL_LOGB=''
HAVE_DECL_LOGL=''
HAVE_DECL_MEMMEM=''
HAVE_DECL_MEMRCHR=''
HAVE_DECL_OBSTACK_PRINTF=''
HAVE_DECL_REMAINDER=''
HAVE_DECL_REMAINDERL=''
HAVE_DECL_RINTF=''
HAVE_DECL_ROUND=''
HAVE_DECL_ROUNDF=''
HAVE_DECL_ROUNDL=''
HAVE_DECL_SETENV=''
HAVE_DECL_SETHOSTNAME=''
HAVE_DECL_SETSTATE=''
HAVE_DECL_SINL=''
HAVE_DECL_SNPRINTF=''
HAVE_DECL_SQRTL=''
HAVE_DECL_STRDUP=''
HAVE_DECL_STRERROR_R=''
HAVE_DECL_STRNCASECMP=''
HAVE_DECL_STRNDUP=''
HAVE_DECL_STRNLEN=''
HAVE_DECL_STRSIGNAL=''
HAVE_DECL_STRTOIMAX=''
HAVE_DECL_STRTOK_R=''
HAVE_DECL_STRTOUMAX=''
HAVE_DECL_TANL=''
HAVE_DECL_TRUNC=''
HAVE_DECL_TRUNCATE=''
HAVE_DECL_TRUNCF=''
HAVE_DECL_TRUNCL=''
HAVE_DECL_TTYNAME_R=''
HAVE_DECL_UNSETENV=''
HAVE_DECL_VSNPRINTF=''
HAVE_DECL_WCTOB=''
HAVE_DECL_WCWIDTH=''
HAVE_DIRENT_H=''
HAVE_DPRINTF=''
HAVE_DUP2=''
HAVE_DUP3=''
HAVE_DUPLOCALE=''
HAVE_EUIDACCESS=''
HAVE_EXPF=''
HAVE_EXPL=''
HAVE_EXPLICIT_BZERO=''
HAVE_EXPM1=''
HAVE_EXPM1F=''
HAVE_FABSF=''
HAVE_FABSL=''
HAVE_FACCESSAT=''
HAVE_FCHDIR=''
HAVE_FCHMODAT=''
HAVE_FCHOWNAT=''
HAVE_FCNTL=''
HAVE_FDATASYNC=''
HAVE_FDOPENDIR=''
HAVE_FEATURES_H=''
HAVE_FFS=''
HAVE_FFSL=''
HAVE_FFSLL=''
HAVE_FITS_IS_REENTRANT='0'
HAVE_FMA=''
HAVE_FMAF=''
HAVE_FMAL=''
HAVE_FMODF=''
HAVE_FMODL=''
HAVE_FREELOCALE=''
HAVE_FREXPF=''
HAVE_FSEEKO=''
HAVE_FSTATAT=''
HAVE_FSYNC=''
HAVE_FTELLO=''
HAVE_FTRUNCATE=''
HAVE_FUTIMENS=''
HAVE_GETDTABLESIZE=''
HAVE_GETGROUPS=''
HAVE_GETHOSTNAME=''
HAVE_GETLOGIN=''
HAVE_GETOPT_H=''
HAVE_GETPAGESIZE=''
HAVE_GETPASS=''
HAVE_GETSUBOPT=''
HAVE_GETTIMEOFDAY=''
HAVE_GRANTPT=''
HAVE_GROUP_MEMBER=''
HAVE_HYPOTF=''
HAVE_HYPOTL=''
HAVE_ILOGB=''
HAVE_ILOGBF=''
HAVE_ILOGBL=''
HAVE_IMAXDIV_T=''
HAVE_INITSTATE=''
HAVE_INTTYPES_H=''
HAVE_ISBLANK=''
HAVE_ISNAND=''
HAVE_ISNANF=''
HAVE_ISNANL=''
HAVE_ISWBLANK=''
HAVE_ISWCNTRL=''
HAVE_LANGINFO_ALTMON=''
HAVE_LANGINFO_CODESET=''
HAVE_LANGINFO_ERA=''
HAVE_LANGINFO_H=''
HAVE_LANGINFO_T_FMT_AMPM=''
HAVE_LANGINFO_YESEXPR=''
HAVE_LCHMOD=''
HAVE_LCHOWN=''
HAVE_LDEXPF=''
HAVE_LIBCFITSIO='no'
HAVE_LIBCURL='yes'
HAVE_LIBGIT2='no'
HAVE_LIBGSL='no'
HAVE_LIBJPEG='no'
HAVE_LIBLZMA='no'
HAVE_LIBM='yes'
HAVE_LIBTIFF='no'
HAVE_LIBWCS='no'
HAVE_LIBZ='yes'
HAVE_LINK=''
HAVE_LINKAT=''
HAVE_LOG10F=''
HAVE_LOG10L=''
HAVE_LOG1P=''
HAVE_LOG1PF=''
HAVE_LOG1PL=''
HAVE_LOGBF=''
HAVE_LOGBL=''
HAVE_LOGF=''
HAVE_LOGL=''
HAVE_LSTAT=''
HAVE_MAX_ALIGN_T=''
HAVE_MBRLEN=''
HAVE_MBRTOWC=''
HAVE_MBSINIT=''
HAVE_MBSLEN=''
HAVE_MBSNRTOWCS=''
HAVE_MBSRTOWCS=''
HAVE_MBTOWC=''
HAVE_MEMCHR=''
HAVE_MEMPCPY=''
HAVE_MKDIRAT=''
HAVE_MKDTEMP=''
HAVE_MKFIFO=''
HAVE_MKFIFOAT=''
HAVE_MKNOD=''
HAVE_MKNODAT=''
HAVE_MKOSTEMP=''
HAVE_MKOSTEMPS=''
HAVE_MKSTEMP=''
HAVE_MKSTEMPS=''
HAVE_MODFF=''
HAVE_MODFL=''
HAVE_MSVC_INVALID_PARAMETER_HANDLER=''
HAVE_NANOSLEEP=''
HAVE_NETINET_IN_H=''
HAVE_NEWLOCALE=''
HAVE_NL_LANGINFO=''
HAVE_OPENAT=''
HAVE_OPENDIR=''
HAVE_OS_H=''
HAVE_PCLOSE=''
HAVE_PIPE2=''
HAVE_PIPE=''
HAVE_POPEN=''
HAVE_POSIX_OPENPT=''
HAVE_POSIX_SIGNALBLOCKING=''
HAVE_POWF=''
HAVE_PREAD=''
HAVE_PSELECT=''
HAVE_PTHREAD_ATTR_DESTROY=''
HAVE_PTHREAD_ATTR_GETDETACHSTATE=''
HAVE_PTHREAD_ATTR_INIT=''
HAVE_PTHREAD_ATTR_SETDETACHSTATE=''
HAVE_PTHREAD_BARRIER='1'
HAVE_PTHREAD_CONDATTR_DESTROY=''
HAVE_PTHREAD_CONDATTR_INIT=''
HAVE_PTHREAD_COND_BROADCAST=''
HAVE_PTHREAD_COND_DESTROY=''
HAVE_PTHREAD_COND_INIT=''
HAVE_PTHREAD_COND_SIGNAL=''
HAVE_PTHREAD_COND_TIMEDWAIT=''
HAVE_PTHREAD_COND_WAIT=''
HAVE_PTHREAD_CREATE=''
HAVE_PTHREAD_CREATE_DETACHED=''
HAVE_PTHREAD_DETACH=''
HAVE_PTHREAD_EQUAL=''
HAVE_PTHREAD_EXIT=''
HAVE_PTHREAD_GETSPECIFIC=''
HAVE_PTHREAD_H=''
HAVE_PTHREAD_JOIN=''
HAVE_PTHREAD_KEY_CREATE=''
HAVE_PTHREAD_KEY_DELETE=''
HAVE_PTHREAD_MUTEXATTR_DESTROY=''
HAVE_PTHREAD_MUTEXATTR_GETROBUST=''
HAVE_PTHREAD_MUTEXATTR_GETTYPE=''
HAVE_PTHREAD_MUTEXATTR_INIT=''
HAVE_PTHREAD_MUTEXATTR_SETROBUST=''
HAVE_PTHREAD_MUTEXATTR_SETTYPE=''
HAVE_PTHREAD_MUTEX_DESTROY=''
HAVE_PTHREAD_MUTEX_INIT=''
HAVE_PTHREAD_MUTEX_LOCK=''
HAVE_PTHREAD_MUTEX_RECURSIVE=''
HAVE_PTHREAD_MUTEX_ROBUST=''
HAVE_PTHREAD_MUTEX_TIMEDLOCK=''
HAVE_PTHREAD_MUTEX_TRYLOCK=''
HAVE_PTHREAD_MUTEX_UNLOCK=''
HAVE_PTHREAD_ONCE=''
HAVE_PTHREAD_PROCESS_SHARED=''
HAVE_PTHREAD_RWLOCKATTR_DESTROY=''
HAVE_PTHREAD_RWLOCKATTR_INIT=''
HAVE_PTHREAD_RWLOCK_DESTROY=''
HAVE_PTHREAD_RWLOCK_INIT=''
HAVE_PTHREAD_RWLOCK_RDLOCK=''
HAVE_PTHREAD_RWLOCK_TIMEDRDLOCK=''
HAVE_PTHREAD_RWLOCK_TIMEDWRLOCK=''
HAVE_PTHREAD_RWLOCK_TRYRDLOCK=''
HAVE_PTHREAD_RWLOCK_TRYWRLOCK=''
HAVE_PTHREAD_RWLOCK_UNLOCK=''
HAVE_PTHREAD_RWLOCK_WRLOCK=''
HAVE_PTHREAD_SELF=''
HAVE_PTHREAD_SETSPECIFIC=''
HAVE_PTHREAD_SIGMASK=''
HAVE_PTHREAD_SPINLOCK_T=''
HAVE_PTHREAD_SPIN_DESTROY=''
HAVE_PTHREAD_SPIN_INIT=''
HAVE_PTHREAD_SPIN_LOCK=''
HAVE_PTHREAD_SPIN_TRYLOCK=''
HAVE_PTHREAD_SPIN_UNLOCK=''
HAVE_PTHREAD_T=''
HAVE_PTSNAME=''
HAVE_PTSNAME_R=''
HAVE_PWRITE=''
HAVE_QSORT_R=''
HAVE_RAISE=''
HAVE_RANDOM=''
HAVE_RANDOM_H=''
HAVE_RANDOM_R=''
HAVE_RAWMEMCHR=''
HAVE_READDIR=''
HAVE_READLINK=''
HAVE_READLINKAT=''
HAVE_REALLOCARRAY=''
HAVE_REALPATH=''
HAVE_REMAINDER=''
HAVE_REMAINDERF=''
HAVE_RENAMEAT=''
HAVE_REWINDDIR=''
HAVE_RINT=''
HAVE_RINTL=''
HAVE_RPMATCH=''
HAVE_SAME_LONG_DOUBLE_AS_DOUBLE=''
HAVE_SA_FAMILY_T=''
HAVE_SCANDIR=''
HAVE_SCHED_H=''
HAVE_SCHED_YIELD=''
HAVE_SECURE_GETENV=''
HAVE_SETENV=''
HAVE_SETHOSTNAME=''
HAVE_SETSTATE=''
HAVE_SIGACTION=''
HAVE_SIGHANDLER_T=''
HAVE_SIGINFO_T=''
HAVE_SIGNED_SIG_ATOMIC_T=''
HAVE_SIGNED_WCHAR_T=''
HAVE_SIGNED_WINT_T=''
HAVE_SIGSET_T=''
HAVE_SINF=''
HAVE_SINHF=''
HAVE_SINL=''
HAVE_SLEEP=''
HAVE_SQRTF=''
HAVE_SQRTL=''
HAVE_STDINT_H=''
HAVE_STPCPY=''
HAVE_STPNCPY=''
HAVE_STRCASECMP=''
HAVE_STRCASESTR=''
HAVE_STRCHRNUL=''
HAVE_STRINGS_H=''
HAVE_STRPBRK=''
HAVE_STRPTIME=''
HAVE_STRSEP=''
HAVE_STRTOD=''
HAVE_STRTOLD=''
HAVE_STRTOLL=''
HAVE_STRTOULL=''
HAVE_STRUCT_RANDOM_DATA=''
HAVE_STRUCT_SCHED_PARAM=''
HAVE_STRUCT_SIGACTION_SA_SIGACTION=''
HAVE_STRUCT_SOCKADDR_STORAGE=''
HAVE_STRUCT_SOCKADDR_STORAGE_SS_FAMILY=''
HAVE_STRUCT_TIMEVAL=''
HAVE_STRVERSCMP=''
HAVE_SYMLINK=''
HAVE_SYMLINKAT=''
HAVE_SYSEXITS_H=''
HAVE_SYS_BITYPES_H=''
HAVE_SYS_CDEFS_H=''
HAVE_SYS_INTTYPES_H=''
HAVE_SYS_IOCTL_H=''
HAVE_SYS_LOADAVG_H=''
HAVE_SYS_PARAM_H=''
HAVE_SYS_SELECT_H=''
HAVE_SYS_SOCKET_H=''
HAVE_SYS_TIME_H=''
HAVE_SYS_TYPES_H=''
HAVE_SYS_UIO_H=''
HAVE_TANF=''
HAVE_TANHF=''
HAVE_TANL=''
HAVE_TIMEGM=''
HAVE_TIMEZONE_T=''
HAVE_TYPE_VOLATILE_SIG_ATOMIC_T=''
HAVE_TZSET=''
HAVE_UNISTD_H=''
HAVE_UNLINKAT=''
HAVE_UNLOCKPT=''
HAVE_USLEEP=''
HAVE_UTIMENSAT=''
HAVE_VASPRINTF=''
HAVE_VDPRINTF=''
HAVE_VISIBILITY=''
HAVE_WCHAR_H=''
HAVE_WCHAR_T=''
HAVE_WCPCPY=''
HAVE_WCPNCPY=''
HAVE_WCRTOMB=''
HAVE_WCSCASECMP=''
HAVE_WCSCAT=''
HAVE_WCSCHR=''
HAVE_WCSCMP=''
HAVE_WCSCOLL=''
HAVE_WCSCPY=''
HAVE_WCSCSPN=''
HAVE_WCSDUP=''
HAVE_WCSFTIME=''
HAVE_WCSLEN=''
HAVE_WCSLIB_VERSION='0'
HAVE_WCSNCASECMP=''
HAVE_WCSNCAT=''
HAVE_WCSNCMP=''
HAVE_WCSNCPY=''
HAVE_WCSNLEN=''
HAVE_WCSNRTOMBS=''
HAVE_WCSPBRK=''
HAVE_WCSRCHR=''
HAVE_WCSRTOMBS=''
HAVE_WCSSPN=''
HAVE_WCSSTR=''
HAVE_WCSTOK=''
HAVE_WCSWIDTH=''
HAVE_WCSXFRM=''
HAVE_WCTRANS_T=''
HAVE_WCTYPE_H=''
HAVE_WCTYPE_T=''
HAVE_WINSOCK2_H=''
HAVE_WINT_T=''
HAVE_WMEMCHR=''
HAVE_WMEMCMP=''
HAVE_WMEMCPY=''
HAVE_WMEMMOVE=''
HAVE_WMEMSET=''
HAVE_WS2TCPIP_H=''
HAVE_XLOCALE_H=''
HAVE__BOOL=''
HAVE__EXIT=''
INCLUDE_NEXT=''
INCLUDE_NEXT_AS_FIRST_DIRECTIVE=''
INET_PTON_LIB=''
INSTALL_DATA='${INSTALL} -m 644'
INSTALL_PROGRAM='${INSTALL}'
INSTALL_SCRIPT='${INSTALL}'
INSTALL_STRIP_PROGRAM='$(install_sh) -c -s'
INT32_MAX_LT_INTMAX_MAX=''
INT64_MAX_EQ_LONG_MAX=''
INTL_MACOSX_LIBS=''
LD='/usr/bin/ld -m elf_x86_64'
LDFLAGS=''
LIBCFITSIO=''
LIBCFITSIO_PREFIX=''
LIBCURL='-lcurl'
LIBCURL_PREFIX=''
LIBGIT2=''
LIBGIT2_PREFIX=''
LIBGSL=''
LIBGSL_PREFIX=''
LIBINTL=''
LIBJPEG=''
LIBJPEG_PREFIX=''
LIBLZMA=''
LIBLZMA_PREFIX=''
LIBM='-lm'
LIBMULTITHREAD=''
LIBM_PREFIX=''
LIBOBJS=''
LIBPMULTITHREAD=''
LIBPTHREAD=''
LIBS='-lcurl -lz -lm -lpthread '
LIBSOCKET=''
LIBSTDTHREAD=''
LIBTESTS_LIBDEPS=''
LIBTHREAD=''
LIBTIFF=''
LIBTIFF_PREFIX=''
LIBTOOL='$(SHELL) $(top_builddir)/libtool'
LIBUNISTRING_COMPILE_UNIWIDTH_WIDTH_FALSE=''
LIBUNISTRING_COMPILE_UNIWIDTH_WIDTH_TRUE=''
LIBUNISTRING_UNITYPES_H=''
LIBUNISTRING_UNIWIDTH_H=''
LIBWCS=''
LIBWCS_PREFIX=''
LIBZ='-lz'
LIBZ_PREFIX=''
LIB_EACCESS=''
LIB_HARD_LOCALE=''
LIB_MBRTOWC=''
LIB_NANOSLEEP=''
LIB_NL_LANGINFO=''
LIB_PTHREAD=''
LIB_PTHREAD_SIGMASK=''
LIB_SCHED_YIELD=''
LIB_SELECT=''
LIB_SEMAPHORE=''
LIB_SETLOCALE=''
LIB_SETLOCALE_NULL=''
LIMITS_H=''
LIPO=''
LN_S='ln -s'
LOCALCHARSET_TESTS_ENVIRONMENT=''
LOCALE_FR=''
LOCALE_FR_UTF8=''
LOCALE_JA=''
LOCALE_TR_UTF8=''
LOCALE_ZH_CN=''
LTALLOCA=''
LTLIBCFITSIO=''
LTLIBCURL='-lcurl'
LTLIBGIT2=''
LTLIBGSL=''
LTLIBINTL=''
LTLIBJPEG=''
LTLIBLZMA=''
LTLIBM='-lm'
LTLIBMULTITHREAD=''
LTLIBOBJS=''
LTLIBTHREAD=''
LTLIBTIFF=''
LTLIBWCS=''
LTLIBZ='-lz'
LT_SYS_LIBRARY_PATH=''
MAKEINFO='${SHELL} /home/carolhanna/Security_Project/gnu_dataset/gnuastro-0.12/bootstrapped/build-aux/missing makeinfo'
MANIFEST_TOOL=':'
MKDIR_P='/bin/mkdir -p'
NETINET_IN_H=''
NEXT_ARPA_INET_H=''
NEXT_AS_FIRST_DIRECTIVE_ARPA_INET_H=''
NEXT_AS_FIRST_DIRECTIVE_CTYPE_H=''
NEXT_AS_FIRST_DIRECTIVE_DIRENT_H=''
NEXT_AS_FIRST_DIRECTIVE_ERRNO_H=''
NEXT_AS_FIRST_DIRECTIVE_FCNTL_H=''
NEXT_AS_FIRST_DIRECTIVE_FLOAT_H=''
NEXT_AS_FIRST_DIRECTIVE_GETOPT_H=''
NEXT_AS_FIRST_DIRECTIVE_INTTYPES_H=''
NEXT_AS_FIRST_DIRECTIVE_LANGINFO_H=''
NEXT_AS_FIRST_DIRECTIVE_LIMITS_H=''
NEXT_AS_FIRST_DIRECTIVE_LOCALE_H=''
NEXT_AS_FIRST_DIRECTIVE_MATH_H=''
NEXT_AS_FIRST_DIRECTIVE_NETINET_IN_H=''
NEXT_AS_FIRST_DIRECTIVE_PTHREAD_H=''
NEXT_AS_FIRST_DIRECTIVE_SCHED_H=''
NEXT_AS_FIRST_DIRECTIVE_SIGNAL_H=''
NEXT_AS_FIRST_DIRECTIVE_STDDEF_H=''
NEXT_AS_FIRST_DIRECTIVE_STDINT_H=''
NEXT_AS_FIRST_DIRECTIVE_STDIO_H=''
NEXT_AS_FIRST_DIRECTIVE_STDLIB_H=''
NEXT_AS_FIRST_DIRECTIVE_STRINGS_H=''
NEXT_AS_FIRST_DIRECTIVE_STRING_H=''
NEXT_AS_FIRST_DIRECTIVE_SYSEXITS_H=''
NEXT_AS_FIRST_DIRECTIVE_SYS_IOCTL_H=''
NEXT_AS_FIRST_DIRECTIVE_SYS_SELECT_H=''
NEXT_AS_FIRST_DIRECTIVE_SYS_SOCKET_H=''
NEXT_AS_FIRST_DIRECTIVE_SYS_STAT_H=''
NEXT_AS_FIRST_DIRECTIVE_SYS_TIME_H=''
NEXT_AS_FIRST_DIRECTIVE_SYS_TYPES_H=''
NEXT_AS_FIRST_DIRECTIVE_SYS_UIO_H=''
NEXT_AS_FIRST_DIRECTIVE_SYS_WAIT_H=''
NEXT_AS_FIRST_DIRECTIVE_TIME_H=''
NEXT_AS_FIRST_DIRECTIVE_UNISTD_H=''
NEXT_AS_FIRST_DIRECTIVE_WCHAR_H=''
NEXT_AS_FIRST_DIRECTIVE_WCTYPE_H=''
NEXT_CTYPE_H=''
NEXT_DIRENT_H=''
NEXT_ERRNO_H=''
NEXT_FCNTL_H=''
NEXT_FLOAT_H=''
NEXT_GETOPT_H=''
NEXT_INTTYPES_H=''
NEXT_LANGINFO_H=''
NEXT_LIMITS_H=''
NEXT_LOCALE_H=''
NEXT_MATH_H=''
NEXT_NETINET_IN_H=''
NEXT_PTHREAD_H=''
NEXT_SCHED_H=''
NEXT_SIGNAL_H=''
NEXT_STDDEF_H=''
NEXT_STDINT_H=''
NEXT_STDIO_H=''
NEXT_STDLIB_H=''
NEXT_STRINGS_H=''
NEXT_STRING_H=''
NEXT_SYSEXITS_H=''
NEXT_SYS_IOCTL_H=''
NEXT_SYS_SELECT_H=''
NEXT_SYS_SOCKET_H=''
NEXT_SYS_STAT_H=''
NEXT_SYS_TIME_H=''
NEXT_SYS_TYPES_H=''
NEXT_SYS_UIO_H=''
NEXT_SYS_WAIT_H=''
NEXT_TIME_H=''
NEXT_UNISTD_H=''
NEXT_WCHAR_H=''
NEXT_WCTYPE_H=''
NM='/usr/bin/nm -B'
NMEDIT=''
OBJDUMP='objdump'
OBJEXT='o'
OTOOL64=''
OTOOL=''
PACKAGE='gnuastro'
PACKAGE_BUGREPORT='bug-gnuastro@gnu.org'
PACKAGE_NAME='GNU Astronomy Utilities'
PACKAGE_STRING='GNU Astronomy Utilities 0.12'
PACKAGE_TARNAME='gnuastro'
PACKAGE_URL='http://www.gnu.org/software/gnuastro/'
PACKAGE_VERSION='0.12'
PATH_SEPARATOR=':'
PRAGMA_COLUMNS=''
PRAGMA_SYSTEM_HEADER=''
PRIPTR_PREFIX=''
PRI_MACROS_BROKEN=''
PTHREAD_CC='gcc'
PTHREAD_CFLAGS='-pthread'
PTHREAD_H_DEFINES_STRUCT_TIMESPEC=''
PTHREAD_LIBS='-lpthread'
PTRDIFF_T_SUFFIX=''
RANLIB='ranlib'
REPLACE_ACCESS=''
REPLACE_ACOSF=''
REPLACE_ASINF=''
REPLACE_ATAN2F=''
REPLACE_ATANF=''
REPLACE_BTOWC=''
REPLACE_CALLOC=''
REPLACE_CANONICALIZE_FILE_NAME=''
REPLACE_CBRTF=''
REPLACE_CBRTL=''
REPLACE_CEIL=''
REPLACE_CEILF=''
REPLACE_CEILL=''
REPLACE_CHOWN=''
REPLACE_CLOSE=''
REPLACE_CLOSEDIR=''
REPLACE_COSF=''
REPLACE_COSHF=''
REPLACE_CREAT=''
REPLACE_CTIME=''
REPLACE_DIRFD=''
REPLACE_DPRINTF=''
REPLACE_DUP2=''
REPLACE_DUP=''
REPLACE_DUPLOCALE=''
REPLACE_EXP2=''
REPLACE_EXP2L=''
REPLACE_EXPF=''
REPLACE_EXPL=''
REPLACE_EXPM1=''
REPLACE_EXPM1F=''
REPLACE_EXPM1L=''
REPLACE_FABSL=''
REPLACE_FACCESSAT=''
REPLACE_FCHMODAT=''
REPLACE_FCHOWNAT=''
REPLACE_FCLOSE=''
REPLACE_FCNTL=''
REPLACE_FDOPEN=''
REPLACE_FDOPENDIR=''
REPLACE_FFLUSH=''
REPLACE_FLOOR=''
REPLACE_FLOORF=''
REPLACE_FLOORL=''
REPLACE_FMA=''
REPLACE_FMAF=''
REPLACE_FMAL=''
REPLACE_FMOD=''
REPLACE_FMODF=''
REPLACE_FMODL=''
REPLACE_FOPEN=''
REPLACE_FPRINTF=''
REPLACE_FPURGE=''
REPLACE_FREELOCALE=''
REPLACE_FREOPEN=''
REPLACE_FREXP=''
REPLACE_FREXPF=''
REPLACE_FREXPL=''
REPLACE_FSEEK=''
REPLACE_FSEEKO=''
REPLACE_FSTAT=''
REPLACE_FSTATAT=''
REPLACE_FTELL=''
REPLACE_FTELLO=''
REPLACE_FTRUNCATE=''
REPLACE_FUTIMENS=''
REPLACE_GETCWD=''
REPLACE_GETDELIM=''
REPLACE_GETDOMAINNAME=''
REPLACE_GETDTABLESIZE=''
REPLACE_GETGROUPS=''
REPLACE_GETLINE=''
REPLACE_GETLOGIN_R=''
REPLACE_GETPAGESIZE=''
REPLACE_GETPASS=''
REPLACE_GETTIMEOFDAY=''
REPLACE_GMTIME=''
REPLACE_HUGE_VAL=''
REPLACE_HYPOT=''
REPLACE_HYPOTF=''
REPLACE_HYPOTL=''
REPLACE_ILOGB=''
REPLACE_ILOGBF=''
REPLACE_ILOGBL=''
REPLACE_INET_NTOP=''
REPLACE_INET_PTON=''
REPLACE_INITSTATE=''
REPLACE_IOCTL=''
REPLACE_ISATTY=''
REPLACE_ISFINITE=''
REPLACE_ISINF=''
REPLACE_ISNAN=''
REPLACE_ISWBLANK=''
REPLACE_ISWCNTRL=''
REPLACE_ISWDIGIT=''
REPLACE_ISWXDIGIT=''
REPLACE_ITOLD=''
REPLACE_LCHOWN=''
REPLACE_LDEXPL=''
REPLACE_LINK=''
REPLACE_LINKAT=''
REPLACE_LOCALECONV=''
REPLACE_LOCALTIME=''
REPLACE_LOCALTIME_R=''
REPLACE_LOG10=''
REPLACE_LOG10F=''
REPLACE_LOG10L=''
REPLACE_LOG1P=''
REPLACE_LOG1PF=''
REPLACE_LOG1PL=''
REPLACE_LOG2=''
REPLACE_LOG2F=''
REPLACE_LOG2L=''
REPLACE_LOG=''
REPLACE_LOGB=''
REPLACE_LOGBF=''
REPLACE_LOGBL=''
REPLACE_LOGF=''
REPLACE_LOGL=''
REPLACE_LSEEK=''
REPLACE_LSTAT=''
REPLACE_MALLOC=''
REPLACE_MBRLEN=''
REPLACE_MBRTOWC=''
REPLACE_MBSINIT=''
REPLACE_MBSNRTOWCS=''
REPLACE_MBSRTOWCS=''
REPLACE_MBSTATE_T=''
REPLACE_MBTOWC=''
REPLACE_MEMCHR=''
REPLACE_MEMMEM=''
REPLACE_MKDIR=''
REPLACE_MKFIFO=''
REPLACE_MKNOD=''
REPLACE_MKSTEMP=''
REPLACE_MKTIME=''
REPLACE_MODF=''
REPLACE_MODFF=''
REPLACE_MODFL=''
REPLACE_NAN=''
REPLACE_NANOSLEEP=''
REPLACE_NEWLOCALE=''
REPLACE_NL_LANGINFO=''
REPLACE_NULL=''
REPLACE_OBSTACK_PRINTF=''
REPLACE_OPEN=''
REPLACE_OPENAT=''
REPLACE_OPENDIR=''
REPLACE_PERROR=''
REPLACE_POPEN=''
REPLACE_PREAD=''
REPLACE_PRINTF=''
REPLACE_PSELECT=''
REPLACE_PTHREAD_ATTR_DESTROY=''
REPLACE_PTHREAD_ATTR_GETDETACHSTATE=''
REPLACE_PTHREAD_ATTR_INIT=''
REPLACE_PTHREAD_ATTR_SETDETACHSTATE=''
REPLACE_PTHREAD_CONDATTR_DESTROY=''
REPLACE_PTHREAD_CONDATTR_INIT=''
REPLACE_PTHREAD_COND_BROADCAST=''
REPLACE_PTHREAD_COND_DESTROY=''
REPLACE_PTHREAD_COND_INIT=''
REPLACE_PTHREAD_COND_SIGNAL=''
REPLACE_PTHREAD_COND_TIMEDWAIT=''
REPLACE_PTHREAD_COND_WAIT=''
REPLACE_PTHREAD_CREATE=''
REPLACE_PTHREAD_DETACH=''
REPLACE_PTHREAD_EQUAL=''
REPLACE_PTHREAD_EXIT=''
REPLACE_PTHREAD_GETSPECIFIC=''
REPLACE_PTHREAD_JOIN=''
REPLACE_PTHREAD_KEY_CREATE=''
REPLACE_PTHREAD_KEY_DELETE=''
REPLACE_PTHREAD_MUTEXATTR_DESTROY=''
REPLACE_PTHREAD_MUTEXATTR_GETROBUST=''
REPLACE_PTHREAD_MUTEXATTR_GETTYPE=''
REPLACE_PTHREAD_MUTEXATTR_INIT=''
REPLACE_PTHREAD_MUTEXATTR_SETROBUST=''
REPLACE_PTHREAD_MUTEXATTR_SETTYPE=''
REPLACE_PTHREAD_MUTEX_DESTROY=''
REPLACE_PTHREAD_MUTEX_INIT=''
REPLACE_PTHREAD_MUTEX_LOCK=''
REPLACE_PTHREAD_MUTEX_TIMEDLOCK=''
REPLACE_PTHREAD_MUTEX_TRYLOCK=''
REPLACE_PTHREAD_MUTEX_UNLOCK=''
REPLACE_PTHREAD_ONCE=''
REPLACE_PTHREAD_RWLOCKATTR_DESTROY=''
REPLACE_PTHREAD_RWLOCKATTR_INIT=''
REPLACE_PTHREAD_RWLOCK_DESTROY=''
REPLACE_PTHREAD_RWLOCK_INIT=''
REPLACE_PTHREAD_RWLOCK_RDLOCK=''
REPLACE_PTHREAD_RWLOCK_TIMEDRDLOCK=''
REPLACE_PTHREAD_RWLOCK_TIMEDWRLOCK=''
REPLACE_PTHREAD_RWLOCK_TRYRDLOCK=''
REPLACE_PTHREAD_RWLOCK_TRYWRLOCK=''
REPLACE_PTHREAD_RWLOCK_UNLOCK=''
REPLACE_PTHREAD_RWLOCK_WRLOCK=''
REPLACE_PTHREAD_SELF=''
REPLACE_PTHREAD_SETSPECIFIC=''
REPLACE_PTHREAD_SIGMASK=''
REPLACE_PTHREAD_SPIN_DESTROY=''
REPLACE_PTHREAD_SPIN_INIT=''
REPLACE_PTHREAD_SPIN_LOCK=''
REPLACE_PTHREAD_SPIN_TRYLOCK=''
REPLACE_PTHREAD_SPIN_UNLOCK=''
REPLACE_PTSNAME=''
REPLACE_PTSNAME_R=''
REPLACE_PUTENV=''
REPLACE_PWRITE=''
REPLACE_QSORT_R=''
REPLACE_RAISE=''
REPLACE_RANDOM=''
REPLACE_RANDOM_R=''
REPLACE_READ=''
REPLACE_READLINK=''
REPLACE_READLINKAT=''
REPLACE_REALLOC=''
REPLACE_REALPATH=''
REPLACE_REMAINDER=''
REPLACE_REMAINDERF=''
REPLACE_REMAINDERL=''
REPLACE_REMOVE=''
REPLACE_RENAME=''
REPLACE_RENAMEAT=''
REPLACE_RINTL=''
REPLACE_RMDIR=''
REPLACE_ROUND=''
REPLACE_ROUNDF=''
REPLACE_ROUNDL=''
REPLACE_SCHED_YIELD=''
REPLACE_SELECT=''
REPLACE_SETENV=''
REPLACE_SETLOCALE=''
REPLACE_SETSTATE=''
REPLACE_SIGNBIT=''
REPLACE_SIGNBIT_USING_GCC=''
REPLACE_SINF=''
REPLACE_SINHF=''
REPLACE_SLEEP=''
REPLACE_SNPRINTF=''
REPLACE_SPRINTF=''
REPLACE_SQRTF=''
REPLACE_SQRTL=''
REPLACE_STAT=''
REPLACE_STDIO_READ_FUNCS=''
REPLACE_STDIO_WRITE_FUNCS=''
REPLACE_STPNCPY=''
REPLACE_STRCASESTR=''
REPLACE_STRCHRNUL=''
REPLACE_STRDUP=''
REPLACE_STRERROR=''
REPLACE_STRERROR_R=''
REPLACE_STRFTIME=''
REPLACE_STRNCAT=''
REPLACE_STRNDUP=''
REPLACE_STRNLEN=''
REPLACE_STRSIGNAL=''
REPLACE_STRSTR=''
REPLACE_STRTOD=''
REPLACE_STRTOIMAX=''
REPLACE_STRTOK_R=''
REPLACE_STRTOLD=''
REPLACE_STRTOUMAX=''
REPLACE_STRUCT_LCONV=''
REPLACE_STRUCT_TIMEVAL=''
REPLACE_SYMLINK=''
REPLACE_SYMLINKAT=''
REPLACE_TANF=''
REPLACE_TANHF=''
REPLACE_TIMEGM=''
REPLACE_TMPFILE=''
REPLACE_TOWLOWER=''
REPLACE_TRUNC=''
REPLACE_TRUNCATE=''
REPLACE_TRUNCF=''
REPLACE_TRUNCL=''
REPLACE_TTYNAME_R=''
REPLACE_TZSET=''
REPLACE_UNLINK=''
REPLACE_UNLINKAT=''
REPLACE_UNSETENV=''
REPLACE_USLEEP=''
REPLACE_UTIMENSAT=''
REPLACE_VASPRINTF=''
REPLACE_VDPRINTF=''
REPLACE_VFPRINTF=''
REPLACE_VPRINTF=''
REPLACE_VSNPRINTF=''
REPLACE_VSPRINTF=''
REPLACE_WCRTOMB=''
REPLACE_WCSFTIME=''
REPLACE_WCSNRTOMBS=''
REPLACE_WCSRTOMBS=''
REPLACE_WCSTOK=''
REPLACE_WCSWIDTH=''
REPLACE_WCTOB=''
REPLACE_WCTOMB=''
REPLACE_WCWIDTH=''
REPLACE_WRITE=''
RESTRICT_REPLACEMENT=''
SED='/bin/sed'
SET_MAKE=''
SHELL='/bin/bash'
SIG_ATOMIC_T_SUFFIX=''
SIZEOF_INT='4'
SIZEOF_LONG='8'
SIZEOF_SIZE_T='8'
SIZE_T_SUFFIX=''
STDALIGN_H=''
STDBOOL_H=''
STDDEF_H=''
STDINT_H=''
STRIP='strip'
SYSEXITS_H=''
SYS_IOCTL_H_HAVE_WINSOCK2_H=''
SYS_IOCTL_H_HAVE_WINSOCK2_H_AND_USE_SOCKETS=''
SYS_TIME_H_DEFINES_STRUCT_TIMESPEC=''
TIME_H_DEFINES_STRUCT_TIMESPEC=''
UINT32_MAX_LT_UINTMAX_MAX=''
UINT64_MAX_EQ_ULONG_MAX=''
UNDEFINE_STRTOK_R=''
UNISTD_H_DEFINES_STRUCT_TIMESPEC=''
UNISTD_H_HAVE_WINSOCK2_H=''
UNISTD_H_HAVE_WINSOCK2_H_AND_USE_SOCKETS=''
VERSION='0.12'
WCHAR_T_SUFFIX=''
WINDOWS_64_BIT_OFF_T=''
WINDOWS_64_BIT_ST_SIZE=''
WINDOWS_STAT_INODES=''
WINDOWS_STAT_TIMESPEC=''
WINT_T_SUFFIX=''
YIELD_LIB=''
ac_ct_AR='ar'
ac_ct_CC='gcc'
ac_ct_CXX='g++'
ac_ct_DUMPBIN=''
am__EXEEXT_FALSE=''
am__EXEEXT_TRUE=''
am__fastdepCC_FALSE='#'
am__fastdepCC_TRUE=''
am__fastdepCXX_FALSE='#'
am__fastdepCXX_TRUE=''
am__include='include'
am__isrc=''
am__leading_dot='.'
am__nodep='_no'
am__quote=''
am__tar='$${TAR-tar} chof - "$$tardir"'
am__untar='$${TAR-tar} xf -'
ax_pthread_config=''
bindir='${exec_prefix}/bin'
build='x86_64-pc-linux-gnu'
build_alias=''
build_cpu='x86_64'
build_os='linux-gnu'
build_vendor='pc'
datadir='${datarootdir}'
datarootdir='${prefix}/share'
docdir='${datarootdir}/doc/${PACKAGE_TARNAME}'
dvidir='${docdir}'
exec_prefix='NONE'
gl_LIBOBJS=''
gl_LTLIBOBJS=''
gltests_LIBOBJS=''
gltests_LTLIBOBJS=''
gltests_WITNESS=''
has_bash='yes'
has_cxx='yes'
has_ghostscript='no'
has_glibtool=''
has_help2man='no'
has_libtool='yes'
has_valgrind=''
has_zsh='no'
host='x86_64-pc-linux-gnu'
host_alias=''
host_cpu='x86_64'
host_os='linux-gnu'
host_vendor='pc'
htmldir='${docdir}'
includedir='${prefix}/include'
infodir='${datarootdir}/info'
install_sh='${SHELL} /home/carolhanna/Security_Project/gnu_dataset/gnuastro-0.12/bootstrapped/build-aux/install-sh'
libdir='${exec_prefix}/lib'
libexecdir='${exec_prefix}/libexec'
localedir='${datarootdir}/locale'
localstatedir='${prefix}/var'
mandir='${datarootdir}/man'
mkdir_p='$(MKDIR_P)'
oldincludedir='/usr/include'
pdfdir='${docdir}'
prefix='NONE'
program_transform_name='s,x,x,'
psdir='${docdir}'
sbindir='${exec_prefix}/sbin'
sharedstatedir='${prefix}/com'
sysconfdir='${prefix}/etc'
target_alias=''

## ----------- ##
## confdefs.h. ##
## ----------- ##

/* confdefs.h */
#define PACKAGE_NAME "GNU Astronomy Utilities"
#define PACKAGE_TARNAME "gnuastro"
#define PACKAGE_VERSION "0.12"
#define PACKAGE_STRING "GNU Astronomy Utilities 0.12"
#define PACKAGE_BUGREPORT "bug-gnuastro@gnu.org"
#define PACKAGE_URL "http://www.gnu.org/software/gnuastro/"
#define PACKAGE "gnuastro"
#define VERSION "0.12"
#define STDC_HEADERS 1
#define HAVE_SYS_TYPES_H 1
#define HAVE_SYS_STAT_H 1
#define HAVE_STDLIB_H 1
#define HAVE_STRING_H 1
#define HAVE_MEMORY_H 1
#define HAVE_STRINGS_H 1
#define HAVE_INTTYPES_H 1
#define HAVE_STDINT_H 1
#define HAVE_UNISTD_H 1
#define __EXTENSIONS__ 1
#define _ALL_SOURCE 1
#define _DARWIN_C_SOURCE 1
#define _GNU_SOURCE 1
#define _NETBSD_SOURCE 1
#define _OPENBSD_SOURCE 1
#define _POSIX_PTHREAD_SEMANTICS 1
#define __STDC_WANT_IEC_60559_ATTRIBS_EXT__ 1
#define __STDC_WANT_IEC_60559_BFP_EXT__ 1
#define __STDC_WANT_IEC_60559_DFP_EXT__ 1
#define __STDC_WANT_IEC_60559_FUNCS_EXT__ 1
#define __STDC_WANT_IEC_60559_TYPES_EXT__ 1
#define __STDC_WANT_LIB_EXT2__ 1
#define __STDC_WANT_MATH_SPEC_FUNCS__ 1
#define _TANDEM_SOURCE 1
#define _HPUX_ALT_XOPEN_SOCKET_API 1
#define HAVE_DLFCN_H 1
#define LT_OBJDIR ".libs/"
#define IN_GNUASTRO_BUILD 1
#define HAVE_PTHREAD_PRIO_INHERIT 1
#define HAVE_PTHREAD 1
#define HAVE_STDLIB_H 1
#define HAVE_MALLOC 1
#define SIZEOF_SIZE_T 8
#define GAL_CONFIG_SIZEOF_SIZE_T 8
#define SIZEOF_LONG 8
#define GAL_CONFIG_SIZEOF_LONG 8
#define SIZEOF_INT 4
#define GAL_CONFIG_SIZEOF_INT 4
#define HAVE_LIBM 1
#define HAVE_LIBZ 1
#define HAVE_LIBCURL 1
#define GAL_CONFIG_HAVE_LIBGIT2 0
#define GAL_CONFIG_HAVE_FITS_IS_REENTRANT 0
#define GAL_CONFIG_HAVE_WCSLIB_VERSION 0
#define GAL_CONFIG_HAVE_PTHREAD_BARRIER 1
#define GAL_CONFIG_GNULIBTOOL_SHELL "bash"
#define GAL_CONFIG_GNULIBTOOL_EXEC "libtool"

configure: exit 1
