This file contains any messages produced by compilers while
running configure, to aid debugging if configure makes a mistake.

It was created by ccrtp configure 2.1.2, which was
generated by GNU Autoconf 2.69.  Invocation command line was

  $ ./configure 

## --------- ##
## Platform. ##
## --------- ##

hostname = rishon
uname -m = x86_64
uname -r = 4.15.0-72-generic
uname -s = Linux
uname -v = #81-Ubuntu SMP Tue Nov 26 12:20:02 UTC 2019

/usr/bin/uname -p = unknown
/bin/uname -X     = unknown

/bin/arch              = unknown
/usr/bin/arch -k       = unknown
/usr/convex/getsysinfo = unknown
/usr/bin/hostinfo      = unknown
/bin/machine           = unknown
/usr/bin/oslevel       = unknown
/bin/universe          = unknown

PATH: /home/carolhanna/miniconda3/bin
PATH: /home/carolhanna/miniconda3/condabin
PATH: /usr/local/sbin
PATH: /usr/local/bin
PATH: /usr/sbin
PATH: /usr/bin
PATH: /sbin
PATH: /bin
PATH: /usr/games
PATH: /usr/local/games
PATH: /snap/bin


## ----------- ##
## Core tests. ##
## ----------- ##

configure:2439: checking build system type
configure:2453: result: x86_64-unknown-linux-gnu
configure:2473: checking host system type
configure:2486: result: x86_64-unknown-linux-gnu
configure:2506: checking target system type
configure:2519: result: x86_64-unknown-linux-gnu
configure:2597: checking for gcc
configure:2613: found /usr/bin/gcc
configure:2624: result: gcc
configure:2853: checking for C compiler version
configure:2862: gcc --version >&5
gcc (Ubuntu 7.5.0-3ubuntu1~18.04) 7.5.0
Copyright (C) 2017 Free Software Foundation, Inc.
This is free software; see the source for copying conditions.  There is NO
warranty; not even for MERCHANTABILITY or FITNESS FOR A PARTICULAR PURPOSE.

configure:2873: $? = 0
configure:2862: gcc -v >&5
Using built-in specs.
COLLECT_GCC=gcc
COLLECT_LTO_WRAPPER=/usr/lib/gcc/x86_64-linux-gnu/7/lto-wrapper
OFFLOAD_TARGET_NAMES=nvptx-none
OFFLOAD_TARGET_DEFAULT=1
Target: x86_64-linux-gnu
Configured with: ../src/configure -v --with-pkgversion='Ubuntu 7.5.0-3ubuntu1~18.04' --with-bugurl=file:///usr/share/doc/gcc-7/README.Bugs --enable-languages=c,ada,c++,go,brig,d,fortran,objc,obj-c++ --prefix=/usr --with-gcc-major-version-only --program-suffix=-7 --program-prefix=x86_64-linux-gnu- --enable-shared --enable-linker-build-id --libexecdir=/usr/lib --without-included-gettext --enable-threads=posix --libdir=/usr/lib --enable-nls --enable-bootstrap --enable-clocale=gnu --enable-libstdcxx-debug --enable-libstdcxx-time=yes --with-default-libstdcxx-abi=new --enable-gnu-unique-object --disable-vtable-verify --enable-libmpx --enable-plugin --enable-default-pie --with-system-zlib --with-target-system-zlib --enable-objc-gc=auto --enable-multiarch --disable-werror --with-arch-32=i686 --with-abi=m64 --with-multilib-list=m32,m64,mx32 --enable-multilib --with-tune=generic --enable-offload-targets=nvptx-none --without-cuda-driver --enable-checking=release --build=x86_64-linux-gnu --host=x86_64-linux-gnu --target=x86_64-linux-gnu
Thread model: posix
gcc version 7.5.0 (Ubuntu 7.5.0-3ubuntu1~18.04) 
configure:2873: $? = 0
configure:2862: gcc -V >&5
gcc: error: unrecognized command line option '-V'
gcc: fatal error: no input files
compilation terminated.
configure:2873: $? = 1
configure:2862: gcc -qversion >&5
gcc: error: unrecognized command line option '-qversion'; did you mean '--version'?
gcc: fatal error: no input files
compilation terminated.
configure:2873: $? = 1
configure:2893: checking whether the C compiler works
configure:2915: gcc    conftest.c  >&5
configure:2919: $? = 0
configure:2967: result: yes
configure:2970: checking for C compiler default output file name
configure:2972: result: a.out
configure:2978: checking for suffix of executables
configure:2985: gcc -o conftest    conftest.c  >&5
configure:2989: $? = 0
configure:3011: result: 
configure:3033: checking whether we are cross compiling
configure:3041: gcc -o conftest    conftest.c  >&5
configure:3045: $? = 0
configure:3052: ./conftest
configure:3056: $? = 0
configure:3071: result: no
configure:3076: checking for suffix of object files
configure:3098: gcc -c   conftest.c >&5
configure:3102: $? = 0
configure:3123: result: o
configure:3127: checking whether we are using the GNU C compiler
configure:3146: gcc -c   conftest.c >&5
configure:3146: $? = 0
configure:3155: result: yes
configure:3164: checking whether gcc accepts -g
configure:3184: gcc -c -g  conftest.c >&5
configure:3184: $? = 0
configure:3225: result: yes
configure:3242: checking for gcc option to accept ISO C89
configure:3305: gcc  -c -g -O2  conftest.c >&5
configure:3305: $? = 0
configure:3318: result: none needed
configure:3343: checking whether gcc understands -c and -o together
configure:3365: gcc -c conftest.c -o conftest2.o
configure:3368: $? = 0
configure:3365: gcc -c conftest.c -o conftest2.o
configure:3368: $? = 0
configure:3380: result: yes
configure:3402: checking how to run the C preprocessor
configure:3433: gcc -E  conftest.c
configure:3433: $? = 0
configure:3447: gcc -E  conftest.c
conftest.c:9:10: fatal error: ac_nonexistent.h: No such file or directory
 #include <ac_nonexistent.h>
          ^~~~~~~~~~~~~~~~~~
compilation terminated.
configure:3447: $? = 1
configure: failed program was:
| /* confdefs.h */
| #define PACKAGE_NAME "ccrtp"
| #define PACKAGE_TARNAME "ccrtp"
| #define PACKAGE_VERSION "2.1.2"
| #define PACKAGE_STRING "ccrtp 2.1.2"
| #define PACKAGE_BUGREPORT ""
| #define PACKAGE_URL ""
| /* end confdefs.h.  */
| #include <ac_nonexistent.h>
configure:3472: result: gcc -E
configure:3492: gcc -E  conftest.c
configure:3492: $? = 0
configure:3506: gcc -E  conftest.c
conftest.c:9:10: fatal error: ac_nonexistent.h: No such file or directory
 #include <ac_nonexistent.h>
          ^~~~~~~~~~~~~~~~~~
compilation terminated.
configure:3506: $? = 1
configure: failed program was:
| /* confdefs.h */
| #define PACKAGE_NAME "ccrtp"
| #define PACKAGE_TARNAME "ccrtp"
| #define PACKAGE_VERSION "2.1.2"
| #define PACKAGE_STRING "ccrtp 2.1.2"
| #define PACKAGE_BUGREPORT ""
| #define PACKAGE_URL ""
| /* end confdefs.h.  */
| #include <ac_nonexistent.h>
configure:3592: checking for g++
configure:3608: found /usr/bin/g++
configure:3619: result: g++
configure:3646: checking for C++ compiler version
configure:3655: g++ --version >&5
g++ (Ubuntu 7.5.0-3ubuntu1~18.04) 7.5.0
Copyright (C) 2017 Free Software Foundation, Inc.
This is free software; see the source for copying conditions.  There is NO
warranty; not even for MERCHANTABILITY or FITNESS FOR A PARTICULAR PURPOSE.

configure:3666: $? = 0
configure:3655: g++ -v >&5
Using built-in specs.
COLLECT_GCC=g++
COLLECT_LTO_WRAPPER=/usr/lib/gcc/x86_64-linux-gnu/7/lto-wrapper
OFFLOAD_TARGET_NAMES=nvptx-none
OFFLOAD_TARGET_DEFAULT=1
Target: x86_64-linux-gnu
Configured with: ../src/configure -v --with-pkgversion='Ubuntu 7.5.0-3ubuntu1~18.04' --with-bugurl=file:///usr/share/doc/gcc-7/README.Bugs --enable-languages=c,ada,c++,go,brig,d,fortran,objc,obj-c++ --prefix=/usr --with-gcc-major-version-only --program-suffix=-7 --program-prefix=x86_64-linux-gnu- --enable-shared --enable-linker-build-id --libexecdir=/usr/lib --without-included-gettext --enable-threads=posix --libdir=/usr/lib --enable-nls --enable-bootstrap --enable-clocale=gnu --enable-libstdcxx-debug --enable-libstdcxx-time=yes --with-default-libstdcxx-abi=new --enable-gnu-unique-object --disable-vtable-verify --enable-libmpx --enable-plugin --enable-default-pie --with-system-zlib --with-target-system-zlib --enable-objc-gc=auto --enable-multiarch --disable-werror --with-arch-32=i686 --with-abi=m64 --with-multilib-list=m32,m64,mx32 --enable-multilib --with-tune=generic --enable-offload-targets=nvptx-none --without-cuda-driver --enable-checking=release --build=x86_64-linux-gnu --host=x86_64-linux-gnu --target=x86_64-linux-gnu
Thread model: posix
gcc version 7.5.0 (Ubuntu 7.5.0-3ubuntu1~18.04) 
configure:3666: $? = 0
configure:3655: g++ -V >&5
g++: error: unrecognized command line option '-V'
g++: fatal error: no input files
compilation terminated.
configure:3666: $? = 1
configure:3655: g++ -qversion >&5
g++: error: unrecognized command line option '-qversion'; did you mean '--version'?
g++: fatal error: no input files
compilation terminated.
configure:3666: $? = 1
configure:3670: checking whether we are using the GNU C++ compiler
configure:3689: g++ -c   conftest.cpp >&5
configure:3689: $? = 0
configure:3698: result: yes
configure:3707: checking whether g++ accepts -g
configure:3727: g++ -c -g  conftest.cpp >&5
configure:3727: $? = 0
configure:3768: result: yes
configure:3796: checking how to run the C++ preprocessor
configure:3823: g++ -E  conftest.cpp
configure:3823: $? = 0
configure:3837: g++ -E  conftest.cpp
conftest.cpp:9:10: fatal error: ac_nonexistent.h: No such file or directory
 #include <ac_nonexistent.h>
          ^~~~~~~~~~~~~~~~~~
compilation terminated.
configure:3837: $? = 1
configure: failed program was:
| /* confdefs.h */
| #define PACKAGE_NAME "ccrtp"
| #define PACKAGE_TARNAME "ccrtp"
| #define PACKAGE_VERSION "2.1.2"
| #define PACKAGE_STRING "ccrtp 2.1.2"
| #define PACKAGE_BUGREPORT ""
| #define PACKAGE_URL ""
| /* end confdefs.h.  */
| #include <ac_nonexistent.h>
configure:3862: result: g++ -E
configure:3882: g++ -E  conftest.cpp
configure:3882: $? = 0
configure:3896: g++ -E  conftest.cpp
conftest.cpp:9:10: fatal error: ac_nonexistent.h: No such file or directory
 #include <ac_nonexistent.h>
          ^~~~~~~~~~~~~~~~~~
compilation terminated.
configure:3896: $? = 1
configure: failed program was:
| /* confdefs.h */
| #define PACKAGE_NAME "ccrtp"
| #define PACKAGE_TARNAME "ccrtp"
| #define PACKAGE_VERSION "2.1.2"
| #define PACKAGE_STRING "ccrtp 2.1.2"
| #define PACKAGE_BUGREPORT ""
| #define PACKAGE_URL ""
| /* end confdefs.h.  */
| #include <ac_nonexistent.h>
configure:4036: checking for C++ compiler version
configure:4045: g++ --version >&5
g++ (Ubuntu 7.5.0-3ubuntu1~18.04) 7.5.0
Copyright (C) 2017 Free Software Foundation, Inc.
This is free software; see the source for copying conditions.  There is NO
warranty; not even for MERCHANTABILITY or FITNESS FOR A PARTICULAR PURPOSE.

configure:4056: $? = 0
configure:4045: g++ -v >&5
Using built-in specs.
COLLECT_GCC=g++
COLLECT_LTO_WRAPPER=/usr/lib/gcc/x86_64-linux-gnu/7/lto-wrapper
OFFLOAD_TARGET_NAMES=nvptx-none
OFFLOAD_TARGET_DEFAULT=1
Target: x86_64-linux-gnu
Configured with: ../src/configure -v --with-pkgversion='Ubuntu 7.5.0-3ubuntu1~18.04' --with-bugurl=file:///usr/share/doc/gcc-7/README.Bugs --enable-languages=c,ada,c++,go,brig,d,fortran,objc,obj-c++ --prefix=/usr --with-gcc-major-version-only --program-suffix=-7 --program-prefix=x86_64-linux-gnu- --enable-shared --enable-linker-build-id --libexecdir=/usr/lib --without-included-gettext --enable-threads=posix --libdir=/usr/lib --enable-nls --enable-bootstrap --enable-clocale=gnu --enable-libstdcxx-debug --enable-libstdcxx-time=yes --with-default-libstdcxx-abi=new --enable-gnu-unique-object --disable-vtable-verify --enable-libmpx --enable-plugin --enable-default-pie --with-system-zlib --with-target-system-zlib --enable-objc-gc=auto --enable-multiarch --disable-werror --with-arch-32=i686 --with-abi=m64 --with-multilib-list=m32,m64,mx32 --enable-multilib --with-tune=generic --enable-offload-targets=nvptx-none --without-cuda-driver --enable-checking=release --build=x86_64-linux-gnu --host=x86_64-linux-gnu --target=x86_64-linux-gnu
Thread model: posix
gcc version 7.5.0 (Ubuntu 7.5.0-3ubuntu1~18.04) 
configure:4056: $? = 0
configure:4045: g++ -V >&5
g++: error: unrecognized command line option '-V'
g++: fatal error: no input files
compilation terminated.
configure:4056: $? = 1
configure:4045: g++ -qversion >&5
g++: error: unrecognized command line option '-qversion'; did you mean '--version'?
g++: fatal error: no input files
compilation terminated.
configure:4056: $? = 1
configure:4060: checking whether we are using the GNU C++ compiler
configure:4088: result: yes
configure:4097: checking whether g++ accepts -g
configure:4158: result: yes
configure:4530: checking how to print strings
configure:4557: result: printf
configure:4578: checking for a sed that does not truncate output
configure:4642: result: /bin/sed
configure:4660: checking for grep that handles long lines and -e
configure:4718: result: /bin/grep
configure:4723: checking for egrep
configure:4785: result: /bin/grep -E
configure:4790: checking for fgrep
configure:4852: result: /bin/grep -F
configure:4887: checking for ld used by gcc
configure:4954: result: /usr/bin/ld
configure:4961: checking if the linker (/usr/bin/ld) is GNU ld
configure:4976: result: yes
configure:4988: checking for BSD- or MS-compatible name lister (nm)
configure:5037: result: /usr/bin/nm -B
configure:5167: checking the name lister (/usr/bin/nm -B) interface
configure:5174: gcc -c -g -O2  conftest.c >&5
configure:5177: /usr/bin/nm -B "conftest.o"
configure:5180: output
0000000000000000 B some_variable
configure:5187: result: BSD nm
configure:5190: checking whether ln -s works
configure:5194: result: yes
configure:5202: checking the maximum length of command line arguments
configure:5333: result: 1572864
configure:5350: checking whether the shell understands some XSI constructs
configure:5360: result: yes
configure:5364: checking whether the shell understands "+="
configure:5370: result: yes
configure:5405: checking how to convert x86_64-unknown-linux-gnu file names to x86_64-unknown-linux-gnu format
configure:5445: result: func_convert_file_noop
configure:5452: checking how to convert x86_64-unknown-linux-gnu file names to toolchain format
configure:5472: result: func_convert_file_noop
configure:5479: checking for /usr/bin/ld option to reload object files
configure:5486: result: -r
configure:5560: checking for objdump
configure:5587: result: objdump
configure:5616: checking how to recognize dependent libraries
configure:5814: result: pass_all
configure:5899: checking for dlltool
configure:5926: result: dlltool
configure:5956: checking how to associate runtime and link libraries
configure:5983: result: printf %s\n
configure:6044: checking for ar
configure:6060: found /usr/bin/ar
configure:6071: result: ar
configure:6108: checking for archiver @FILE support
configure:6125: gcc -c -g -O2  conftest.c >&5
configure:6125: $? = 0
configure:6128: ar cru libconftest.a @conftest.lst >&5
ar: `u' modifier ignored since `D' is the default (see `U')
configure:6131: $? = 0
configure:6136: ar cru libconftest.a @conftest.lst >&5
ar: `u' modifier ignored since `D' is the default (see `U')
ar: conftest.o: No such file or directory
configure:6139: $? = 1
configure:6151: result: @
configure:6209: checking for strip
configure:6225: found /usr/bin/strip
configure:6236: result: strip
configure:6308: checking for ranlib
configure:6324: found /usr/bin/ranlib
configure:6335: result: ranlib
configure:6412: checking for gawk
configure:6428: found /usr/bin/gawk
configure:6439: result: gawk
configure:6479: checking command to parse /usr/bin/nm -B output from gcc object
configure:6599: gcc -c -g -O2  conftest.c >&5
configure:6602: $? = 0
configure:6606: /usr/bin/nm -B conftest.o \| sed -n -e 's/^.*[ ]\([ABCDGIRSTW][ABCDGIRSTW]*\)[ ][ ]*\([_A-Za-z][_A-Za-z0-9]*\)$/\1 \2 \2/p' | sed '/ __gnu_lto/d' \> conftest.nm
configure:6609: $? = 0
configure:6675: gcc -o conftest -g -O2   conftest.c conftstm.o >&5
configure:6678: $? = 0
configure:6716: result: ok
configure:6753: checking for sysroot
configure:6783: result: no
configure:6860: gcc -c -g -O2  conftest.c >&5
configure:6863: $? = 0
configure:7052: checking for mt
configure:7068: found /bin/mt
configure:7079: result: mt
configure:7102: checking if mt is a manifest tool
configure:7108: mt '-?'
configure:7116: result: no
configure:7754: checking for ANSI C header files
configure:7774: gcc -c -g -O2  conftest.c >&5
configure:7774: $? = 0
configure:7847: gcc -o conftest -g -O2   conftest.c  >&5
configure:7847: $? = 0
configure:7847: ./conftest
configure:7847: $? = 0
configure:7858: result: yes
configure:7871: checking for sys/types.h
configure:7871: gcc -c -g -O2  conftest.c >&5
configure:7871: $? = 0
configure:7871: result: yes
configure:7871: checking for sys/stat.h
configure:7871: gcc -c -g -O2  conftest.c >&5
configure:7871: $? = 0
configure:7871: result: yes
configure:7871: checking for stdlib.h
configure:7871: gcc -c -g -O2  conftest.c >&5
configure:7871: $? = 0
configure:7871: result: yes
configure:7871: checking for string.h
configure:7871: gcc -c -g -O2  conftest.c >&5
configure:7871: $? = 0
configure:7871: result: yes
configure:7871: checking for memory.h
configure:7871: gcc -c -g -O2  conftest.c >&5
configure:7871: $? = 0
configure:7871: result: yes
configure:7871: checking for strings.h
configure:7871: gcc -c -g -O2  conftest.c >&5
configure:7871: $? = 0
configure:7871: result: yes
configure:7871: checking for inttypes.h
configure:7871: gcc -c -g -O2  conftest.c >&5
configure:7871: $? = 0
configure:7871: result: yes
configure:7871: checking for stdint.h
configure:7871: gcc -c -g -O2  conftest.c >&5
configure:7871: $? = 0
configure:7871: result: yes
configure:7871: checking for unistd.h
configure:7871: gcc -c -g -O2  conftest.c >&5
configure:7871: $? = 0
configure:7871: result: yes
configure:7885: checking for dlfcn.h
configure:7885: gcc -c -g -O2  conftest.c >&5
configure:7885: $? = 0
configure:7885: result: yes
configure:8100: checking for objdir
configure:8115: result: .libs
configure:8386: checking if gcc supports -fno-rtti -fno-exceptions
configure:8404: gcc -c -g -O2  -fno-rtti -fno-exceptions conftest.c >&5
cc1: warning: command line option '-fno-rtti' is valid for C++/ObjC++ but not for C
configure:8408: $? = 0
configure:8421: result: no
configure:8748: checking for gcc option to produce PIC
configure:8755: result: -fPIC -DPIC
configure:8763: checking if gcc PIC flag -fPIC -DPIC works
configure:8781: gcc -c -g -O2  -fPIC -DPIC -DPIC conftest.c >&5
configure:8785: $? = 0
configure:8798: result: yes
configure:8827: checking if gcc static flag -static works
configure:8855: result: yes
configure:8870: checking if gcc supports -c -o file.o
configure:8891: gcc -c -g -O2  -o out/conftest2.o conftest.c >&5
configure:8895: $? = 0
configure:8917: result: yes
configure:8925: checking if gcc supports -c -o file.o
configure:8972: result: yes
configure:9005: checking whether the gcc linker (/usr/bin/ld -m elf_x86_64) supports shared libraries
configure:10162: result: yes
configure:10199: checking whether -lc should be explicitly linked in
configure:10207: gcc -c -g -O2  conftest.c >&5
configure:10210: $? = 0
configure:10225: gcc -shared  -fPIC -DPIC conftest.o  -v -Wl,-soname -Wl,conftest -o conftest 2\>\&1 \| /bin/grep  -lc  \>/dev/null 2\>\&1
configure:10228: $? = 0
configure:10242: result: no
configure:10402: checking dynamic linker characteristics
configure:10902: gcc -o conftest -g -O2   -Wl,-rpath -Wl,/foo conftest.c  >&5
configure:10902: $? = 0
configure:11136: result: GNU/Linux ld.so
configure:11243: checking how to hardcode library paths into programs
configure:11268: result: immediate
configure:11808: checking whether stripping libraries is possible
configure:11813: result: yes
configure:11848: checking if libtool supports shared libraries
configure:11850: result: yes
configure:11853: checking whether to build shared libraries
configure:11874: result: yes
configure:11877: checking whether to build static libraries
configure:11881: result: yes
configure:11904: checking how to run the C++ preprocessor
configure:11970: result: g++ -E
configure:11990: g++ -E  conftest.cpp
configure:11990: $? = 0
configure:12004: g++ -E  conftest.cpp
conftest.cpp:21:10: fatal error: ac_nonexistent.h: No such file or directory
 #include <ac_nonexistent.h>
          ^~~~~~~~~~~~~~~~~~
compilation terminated.
configure:12004: $? = 1
configure: failed program was:
| /* confdefs.h */
| #define PACKAGE_NAME "ccrtp"
| #define PACKAGE_TARNAME "ccrtp"
| #define PACKAGE_VERSION "2.1.2"
| #define PACKAGE_STRING "ccrtp 2.1.2"
| #define PACKAGE_BUGREPORT ""
| #define PACKAGE_URL ""
| #define STDC_HEADERS 1
| #define HAVE_SYS_TYPES_H 1
| #define HAVE_SYS_STAT_H 1
| #define HAVE_STDLIB_H 1
| #define HAVE_STRING_H 1
| #define HAVE_MEMORY_H 1
| #define HAVE_STRINGS_H 1
| #define HAVE_INTTYPES_H 1
| #define HAVE_STDINT_H 1
| #define HAVE_UNISTD_H 1
| #define HAVE_DLFCN_H 1
| #define LT_OBJDIR ".libs/"
| /* end confdefs.h.  */
| #include <ac_nonexistent.h>
configure:12173: checking for ld used by g++
configure:12240: result: /usr/bin/ld -m elf_x86_64
configure:12247: checking if the linker (/usr/bin/ld -m elf_x86_64) is GNU ld
configure:12262: result: yes
configure:12317: checking whether the g++ linker (/usr/bin/ld -m elf_x86_64) supports shared libraries
configure:13319: result: yes
configure:13355: g++ -c -g -O2  conftest.cpp >&5
configure:13358: $? = 0
configure:13878: checking for g++ option to produce PIC
configure:13885: result: -fPIC -DPIC
configure:13893: checking if g++ PIC flag -fPIC -DPIC works
configure:13911: g++ -c -g -O2  -fPIC -DPIC -DPIC conftest.cpp >&5
configure:13915: $? = 0
configure:13928: result: yes
configure:13951: checking if g++ static flag -static works
configure:13979: result: yes
configure:13991: checking if g++ supports -c -o file.o
configure:14012: g++ -c -g -O2  -o out/conftest2.o conftest.cpp >&5
configure:14016: $? = 0
configure:14038: result: yes
configure:14043: checking if g++ supports -c -o file.o
configure:14090: result: yes
configure:14120: checking whether the g++ linker (/usr/bin/ld -m elf_x86_64) supports shared libraries
configure:14159: result: yes
configure:14300: checking dynamic linker characteristics
configure:14968: result: GNU/Linux ld.so
configure:15021: checking how to hardcode library paths into programs
configure:15046: result: immediate
configure:15123: checking for a BSD-compatible install
configure:15191: result: /usr/bin/install -c
configure:15202: checking whether build environment is sane
configure:15257: result: yes
configure:15405: checking for a thread-safe mkdir -p
configure:15444: result: /bin/mkdir -p
configure:15447: checking whether make sets $(MAKE)
configure:15469: result: yes
configure:15499: checking for style of include used by make
configure:15527: result: GNU
configure:15561: checking whether make supports nested variables
configure:15578: result: yes
configure:15663: checking dependency style of gcc
configure:15774: result: none
configure:15791: checking dependency style of g++
configure:15902: result: none
configure:15963: checking for C/C++ restrict keyword
configure:15988: gcc -c -g -O2  conftest.c >&5
configure:15988: $? = 0
configure:15996: result: __restrict
configure:16009: checking for working volatile
configure:16028: gcc -c -g -O2  conftest.c >&5
configure:16028: $? = 0
configure:16035: result: yes
configure:16043: checking for inline
configure:16059: gcc -c -g -O2  conftest.c >&5
configure:16059: $? = 0
configure:16067: result: inline
configure:16147: checking for libgcrypt-config
configure:16165: found /usr/bin/libgcrypt-config
configure:16178: result: /usr/bin/libgcrypt-config
configure:16195: checking for LIBGCRYPT - version >= 1.2.3
configure:16229: result: yes (1.8.1)
configure:16241: checking LIBGCRYPT API version
configure:16244: result: okay
configure:16259: checking gcrypt.h usability
configure:16259: gcc -c -g -O2  conftest.c >&5
configure:16259: $? = 0
configure:16259: result: yes
configure:16259: checking gcrypt.h presence
configure:16259: gcc -E  conftest.c
configure:16259: $? = 0
configure:16259: result: yes
configure:16259: checking for gcrypt.h
configure:16259: result: yes
configure:16418: checking for ranlib
configure:16445: result: ranlib
configure:16476: checking for genorated automake files
configure:16488: result: found
configure:16494: checking whether to enable maintainer-specific portions of Makefiles
configure:16503: result: no
configure:16584: checking for pkg-config
configure:16602: found /usr/bin/pkg-config
configure:16614: result: /usr/bin/pkg-config
configure:16639: checking pkg-config is at least version 0.9.0
configure:16642: result: yes
configure:16652: checking for COMMONCPP
configure:16659: $PKG_CONFIG --exists --print-errors "commoncpp >= $USES_UCOMMON_REQUIRED"
Package commoncpp was not found in the pkg-config search path.
Perhaps you should add the directory containing `commoncpp.pc'
to the PKG_CONFIG_PATH environment variable
No package 'commoncpp' found
configure:16662: $? = 1
configure:16676: $PKG_CONFIG --exists --print-errors "commoncpp >= $USES_UCOMMON_REQUIRED"
Package commoncpp was not found in the pkg-config search path.
Perhaps you should add the directory containing `commoncpp.pc'
to the PKG_CONFIG_PATH environment variable
No package 'commoncpp' found
configure:16679: $? = 1
configure:16693: result: no
No package 'commoncpp' found
configure:16709: error: Package requirements (commoncpp >= 6.2.2) were not met:

No package 'commoncpp' found

Consider adjusting the PKG_CONFIG_PATH environment variable if you
installed software in a non-standard prefix.

Alternatively, you may set the environment variables COMMONCPP_CFLAGS
and COMMONCPP_LIBS to avoid the need to call pkg-config.
See the pkg-config man page for more details.

## ---------------- ##
## Cache variables. ##
## ---------------- ##

ac_cv_build=x86_64-unknown-linux-gnu
ac_cv_c_compiler_gnu=yes
ac_cv_c_inline=inline
ac_cv_c_restrict=__restrict
ac_cv_c_volatile=yes
ac_cv_cxx_compiler_gnu=yes
ac_cv_env_CCC_set=
ac_cv_env_CCC_value=
ac_cv_env_CC_set=
ac_cv_env_CC_value=
ac_cv_env_CFLAGS_set=
ac_cv_env_CFLAGS_value=
ac_cv_env_COMMONCPP_CFLAGS_set=
ac_cv_env_COMMONCPP_CFLAGS_value=
ac_cv_env_COMMONCPP_LIBS_set=
ac_cv_env_COMMONCPP_LIBS_value=
ac_cv_env_CPPFLAGS_set=
ac_cv_env_CPPFLAGS_value=
ac_cv_env_CPP_set=
ac_cv_env_CPP_value=
ac_cv_env_CXXCPP_set=
ac_cv_env_CXXCPP_value=
ac_cv_env_CXXFLAGS_set=
ac_cv_env_CXXFLAGS_value=
ac_cv_env_CXX_set=
ac_cv_env_CXX_value=
ac_cv_env_LDFLAGS_set=
ac_cv_env_LDFLAGS_value=
ac_cv_env_LIBS_set=
ac_cv_env_LIBS_value=
ac_cv_env_PKG_CONFIG_LIBDIR_set=
ac_cv_env_PKG_CONFIG_LIBDIR_value=
ac_cv_env_PKG_CONFIG_PATH_set=
ac_cv_env_PKG_CONFIG_PATH_value=
ac_cv_env_PKG_CONFIG_set=
ac_cv_env_PKG_CONFIG_value=
ac_cv_env_build_alias_set=
ac_cv_env_build_alias_value=
ac_cv_env_host_alias_set=
ac_cv_env_host_alias_value=
ac_cv_env_target_alias_set=
ac_cv_env_target_alias_value=
ac_cv_header_dlfcn_h=yes
ac_cv_header_gcrypt_h=yes
ac_cv_header_inttypes_h=yes
ac_cv_header_memory_h=yes
ac_cv_header_stdc=yes
ac_cv_header_stdint_h=yes
ac_cv_header_stdlib_h=yes
ac_cv_header_string_h=yes
ac_cv_header_strings_h=yes
ac_cv_header_sys_stat_h=yes
ac_cv_header_sys_types_h=yes
ac_cv_header_unistd_h=yes
ac_cv_host=x86_64-unknown-linux-gnu
ac_cv_objext=o
ac_cv_path_EGREP='/bin/grep -E'
ac_cv_path_FGREP='/bin/grep -F'
ac_cv_path_GREP=/bin/grep
ac_cv_path_LIBGCRYPT_CONFIG=/usr/bin/libgcrypt-config
ac_cv_path_SED=/bin/sed
ac_cv_path_ac_pt_PKG_CONFIG=/usr/bin/pkg-config
ac_cv_path_install='/usr/bin/install -c'
ac_cv_path_mkdir=/bin/mkdir
ac_cv_prog_AWK=gawk
ac_cv_prog_CPP='gcc -E'
ac_cv_prog_CXXCPP='g++ -E'
ac_cv_prog_ac_ct_AR=ar
ac_cv_prog_ac_ct_CC=gcc
ac_cv_prog_ac_ct_CXX=g++
ac_cv_prog_ac_ct_DLLTOOL=dlltool
ac_cv_prog_ac_ct_MANIFEST_TOOL=mt
ac_cv_prog_ac_ct_OBJDUMP=objdump
ac_cv_prog_ac_ct_RANLIB=ranlib
ac_cv_prog_ac_ct_STRIP=strip
ac_cv_prog_cc_c89=
ac_cv_prog_cc_g=yes
ac_cv_prog_cxx_g=yes
ac_cv_prog_make_make_set=yes
ac_cv_target=x86_64-unknown-linux-gnu
am_cv_CC_dependencies_compiler_type=none
am_cv_CXX_dependencies_compiler_type=none
am_cv_make_support_nested_variables=yes
am_cv_prog_cc_c_o=yes
lt_cv_ar_at_file=@
lt_cv_archive_cmds_need_lc=no
lt_cv_deplibs_check_method=pass_all
lt_cv_file_magic_cmd='$MAGIC_CMD'
lt_cv_file_magic_test_file=
lt_cv_ld_reload_flag=-r
lt_cv_nm_interface='BSD nm'
lt_cv_objdir=.libs
lt_cv_path_LD=/usr/bin/ld
lt_cv_path_LDCXX='/usr/bin/ld -m elf_x86_64'
lt_cv_path_NM='/usr/bin/nm -B'
lt_cv_path_mainfest_tool=no
lt_cv_prog_compiler_c_o=yes
lt_cv_prog_compiler_c_o_CXX=yes
lt_cv_prog_compiler_pic='-fPIC -DPIC'
lt_cv_prog_compiler_pic_CXX='-fPIC -DPIC'
lt_cv_prog_compiler_pic_works=yes
lt_cv_prog_compiler_pic_works_CXX=yes
lt_cv_prog_compiler_rtti_exceptions=no
lt_cv_prog_compiler_static_works=yes
lt_cv_prog_compiler_static_works_CXX=yes
lt_cv_prog_gnu_ld=yes
lt_cv_prog_gnu_ldcxx=yes
lt_cv_sharedlib_from_linklib_cmd='printf %s\n'
lt_cv_shlibpath_overrides_runpath=yes
lt_cv_sys_global_symbol_pipe='sed -n -e '\''s/^.*[	 ]\([ABCDGIRSTW][ABCDGIRSTW]*\)[	 ][	 ]*\([_A-Za-z][_A-Za-z0-9]*\)$/\1 \2 \2/p'\'' | sed '\''/ __gnu_lto/d'\'''
lt_cv_sys_global_symbol_to_c_name_address='sed -n -e '\''s/^: \([^ ]*\)[ ]*$/  {\"\1\", (void *) 0},/p'\'' -e '\''s/^[ABCDGIRSTW]* \([^ ]*\) \([^ ]*\)$/  {"\2", (void *) \&\2},/p'\'''
lt_cv_sys_global_symbol_to_c_name_address_lib_prefix='sed -n -e '\''s/^: \([^ ]*\)[ ]*$/  {\"\1\", (void *) 0},/p'\'' -e '\''s/^[ABCDGIRSTW]* \([^ ]*\) \(lib[^ ]*\)$/  {"\2", (void *) \&\2},/p'\'' -e '\''s/^[ABCDGIRSTW]* \([^ ]*\) \([^ ]*\)$/  {"lib\2", (void *) \&\2},/p'\'''
lt_cv_sys_global_symbol_to_cdecl='sed -n -e '\''s/^T .* \(.*\)$/extern int \1();/p'\'' -e '\''s/^[ABCDGIRSTW]* .* \(.*\)$/extern char \1;/p'\'''
lt_cv_sys_max_cmd_len=1572864
lt_cv_to_host_file_cmd=func_convert_file_noop
lt_cv_to_tool_file_cmd=func_convert_file_noop

## ----------------- ##
## Output variables. ##
## ----------------- ##

ACLOCAL='${SHELL} /home/carolhanna/Security_Project/gnu_dataset/ccrtp-2.1.2/autoconf/missing aclocal-1.14'
AMDEPBACKSLASH='\'
AMDEP_FALSE='#'
AMDEP_TRUE=''
AMTAR='$${TAR-tar}'
AM_BACKSLASH='\'
AM_DEFAULT_V='$(AM_DEFAULT_VERBOSITY)'
AM_DEFAULT_VERBOSITY='1'
AM_V='$(V)'
AR='ar'
AS='as'
AUTOCONF='${SHELL} /home/carolhanna/Security_Project/gnu_dataset/ccrtp-2.1.2/autoconf/missing autoconf'
AUTOHEADER='${SHELL} /home/carolhanna/Security_Project/gnu_dataset/ccrtp-2.1.2/autoconf/missing autoheader'
AUTOMAKE='${SHELL} /home/carolhanna/Security_Project/gnu_dataset/ccrtp-2.1.2/autoconf/missing automake-1.14'
AWK='gawk'
BUILD_DEMOS_FALSE='#'
BUILD_DEMOS_TRUE=''
CC='gcc'
CCDEPMODE='depmode=none'
CFLAGS='-g -O2'
COMMONCPP_CFLAGS=''
COMMONCPP_LIBS=''
CPP='gcc -E'
CPPFLAGS=''
CXX='g++'
CXXCPP='g++ -E'
CXXDEPMODE='depmode=none'
CXXFLAGS='-g -O2'
CYGPATH_W='echo'
DEFS=''
DEPDIR='.deps'
DLLTOOL='dlltool'
DOXYGEN=''
DOXY_FALSE=''
DOXY_TRUE=''
DSYMUTIL=''
DUMPBIN=''
ECHO_C=''
ECHO_N='-n'
ECHO_T=''
EGREP='/bin/grep -E'
EXEEXT=''
FGREP='/bin/grep -F'
FTPDIR=''
GNULIBS=''
GREP='/bin/grep'
INSTALL_DATA='${INSTALL} -m 644'
INSTALL_PROGRAM='${INSTALL}'
INSTALL_SCRIPT='${INSTALL}'
INSTALL_STRIP_PROGRAM='$(install_sh) -c -s'
KDOC_DIR=''
LD='/usr/bin/ld -m elf_x86_64'
LDFLAGS=''
LIBGCRYPT_CFLAGS=''
LIBGCRYPT_CONFIG='/usr/bin/libgcrypt-config'
LIBGCRYPT_LIBS='-lgcrypt'
LIBOBJS=''
LIBS='-lgcrypt '
LIBTOOL='$(SHELL) $(top_builddir)/libtool'
LIPO=''
LN_S='ln -s'
LTLIBOBJS=''
LT_CCXX_VERSION='-version-info 3:1:0'
LT_MAJOR='3'
LT_MINOR='0'
LT_RELEASE=''
LT_SUBVER='3.0'
LT_VERSION='3:1:0'
MAINT='#'
MAINTAINER_MODE_FALSE=''
MAINTAINER_MODE_TRUE='#'
MAKEINFO='${SHELL} /home/carolhanna/Security_Project/gnu_dataset/ccrtp-2.1.2/autoconf/missing makeinfo'
MANIFEST_TOOL=':'
MKDIR_P='/bin/mkdir -p'
NM='/usr/bin/nm -B'
NMEDIT=''
OBJDUMP='objdump'
OBJEXT='o'
OTOOL64=''
OTOOL=''
PACKAGE='ccrtp'
PACKAGE_BUGREPORT=''
PACKAGE_NAME='ccrtp'
PACKAGE_STRING='ccrtp 2.1.2'
PACKAGE_TARNAME='ccrtp'
PACKAGE_URL=''
PACKAGE_VERSION='2.1.2'
PATH_SEPARATOR=':'
PKG_CONFIG='/usr/bin/pkg-config'
PKG_CONFIG_LIBDIR=''
PKG_CONFIG_PATH=''
RANLIB='ranlib'
SED='/bin/sed'
SET_MAKE=''
SHELL='/bin/bash'
SRTP_GCRYPT_FALSE='#'
SRTP_GCRYPT_TRUE=''
SRTP_OPENSSL_FALSE=''
SRTP_OPENSSL_TRUE='#'
STRIP='strip'
USES_UCOMMON_REQUIRED='6.2.2'
VERSION='2.1.2'
WARN_FLAGS=''
ac_ct_AR='ar'
ac_ct_CC='gcc'
ac_ct_CXX='g++'
ac_ct_DUMPBIN=''
am__EXEEXT_FALSE=''
am__EXEEXT_TRUE=''
am__fastdepCC_FALSE=''
am__fastdepCC_TRUE='#'
am__fastdepCXX_FALSE=''
am__fastdepCXX_TRUE='#'
am__include='include'
am__isrc=''
am__leading_dot='.'
am__nodep='_no'
am__quote=''
am__tar='$${TAR-tar} chof - "$$tardir"'
am__untar='$${TAR-tar} xf -'
bindir='${exec_prefix}/bin'
build='x86_64-unknown-linux-gnu'
build_alias=''
build_cpu='x86_64'
build_os='linux-gnu'
build_vendor='unknown'
datadir='${datarootdir}'
datarootdir='${prefix}/share'
docdir='${datarootdir}/doc/${PACKAGE_TARNAME}'
dvidir='${docdir}'
exec_prefix='NONE'
host='x86_64-unknown-linux-gnu'
host_alias=''
host_cpu='x86_64'
host_os='linux-gnu'
host_vendor='unknown'
htmldir='${docdir}'
includedir='${prefix}/include'
infodir='${datarootdir}/info'
install_sh='${SHELL} /home/carolhanna/Security_Project/gnu_dataset/ccrtp-2.1.2/autoconf/install-sh'
libdir='${exec_prefix}/lib'
libexecdir='${exec_prefix}/libexec'
localedir='${datarootdir}/locale'
localstatedir='${prefix}/var'
mandir='${datarootdir}/man'
mkdir_p='$(MKDIR_P)'
oldincludedir='/usr/include'
pdfdir='${docdir}'
prefix='NONE'
program_transform_name='s,x,x,'
psdir='${docdir}'
sbindir='${exec_prefix}/sbin'
sharedstatedir='${prefix}/com'
sysconfdir='${prefix}/etc'
target='x86_64-unknown-linux-gnu'
target_alias=''
target_cpu='x86_64'
target_os='linux-gnu'
target_vendor='unknown'

## ----------- ##
## confdefs.h. ##
## ----------- ##

/* confdefs.h */
#define PACKAGE_NAME "ccrtp"
#define PACKAGE_TARNAME "ccrtp"
#define PACKAGE_VERSION "2.1.2"
#define PACKAGE_STRING "ccrtp 2.1.2"
#define PACKAGE_BUGREPORT ""
#define PACKAGE_URL ""
#define STDC_HEADERS 1
#define HAVE_SYS_TYPES_H 1
#define HAVE_SYS_STAT_H 1
#define HAVE_STDLIB_H 1
#define HAVE_STRING_H 1
#define HAVE_MEMORY_H 1
#define HAVE_STRINGS_H 1
#define HAVE_INTTYPES_H 1
#define HAVE_STDINT_H 1
#define HAVE_UNISTD_H 1
#define HAVE_DLFCN_H 1
#define LT_OBJDIR ".libs/"
#define PACKAGE "ccrtp"
#define VERSION "2.1.2"
#define restrict __restrict
#define SRTP_SUPPORT /**/
#define HAVE_GCRYPT_H 1

configure: exit 1
