This file contains any messages produced by compilers while
running configure, to aid debugging if configure makes a mistake.

It was created by cim configure 5.1, which was
generated by GNU Autoconf 2.69.  Invocation command line was

  $ ./configure 

## --------- ##
## Platform. ##
## --------- ##

hostname = rishon
uname -m = x86_64
uname -r = 4.15.0-72-generic
uname -s = Linux
uname -v = #81-Ubuntu SMP Tue Nov 26 12:20:02 UTC 2019

/usr/bin/uname -p = unknown
/bin/uname -X     = unknown

/bin/arch              = unknown
/usr/bin/arch -k       = unknown
/usr/convex/getsysinfo = unknown
/usr/bin/hostinfo      = unknown
/bin/machine           = unknown
/usr/bin/oslevel       = unknown
/bin/universe          = unknown

PATH: /home/carolhanna/miniconda3/bin
PATH: /home/carolhanna/miniconda3/condabin
PATH: /usr/local/sbin
PATH: /usr/local/bin
PATH: /usr/sbin
PATH: /usr/bin
PATH: /sbin
PATH: /bin
PATH: /usr/games
PATH: /usr/local/games
PATH: /snap/bin


## ----------- ##
## Core tests. ##
## ----------- ##

configure:2493: checking build system type
configure:2507: result: x86_64-unknown-linux-gnu
configure:2527: checking host system type
configure:2540: result: x86_64-unknown-linux-gnu
configure:2560: checking target system type
configure:2573: result: x86_64-unknown-linux-gnu
configure:2644: checking for a BSD-compatible install
configure:2712: result: /usr/bin/install -c
configure:2723: checking whether build environment is sane
configure:2778: result: yes
configure:2929: checking for a thread-safe mkdir -p
configure:2968: result: /bin/mkdir -p
configure:2975: checking for gawk
configure:2991: found /usr/bin/gawk
configure:3002: result: gawk
configure:3013: checking whether make sets $(MAKE)
configure:3035: result: yes
configure:3064: checking whether make supports nested variables
configure:3081: result: yes
configure:3254: checking how to print strings
configure:3281: result: printf
configure:3314: checking for style of include used by make
configure:3342: result: GNU
configure:3413: checking for gcc
configure:3429: found /usr/bin/gcc
configure:3440: result: gcc
configure:3669: checking for C compiler version
configure:3678: gcc --version >&5
gcc (Ubuntu 7.5.0-3ubuntu1~18.04) 7.5.0
Copyright (C) 2017 Free Software Foundation, Inc.
This is free software; see the source for copying conditions.  There is NO
warranty; not even for MERCHANTABILITY or FITNESS FOR A PARTICULAR PURPOSE.

configure:3689: $? = 0
configure:3678: gcc -v >&5
Using built-in specs.
COLLECT_GCC=gcc
COLLECT_LTO_WRAPPER=/usr/lib/gcc/x86_64-linux-gnu/7/lto-wrapper
OFFLOAD_TARGET_NAMES=nvptx-none
OFFLOAD_TARGET_DEFAULT=1
Target: x86_64-linux-gnu
Configured with: ../src/configure -v --with-pkgversion='Ubuntu 7.5.0-3ubuntu1~18.04' --with-bugurl=file:///usr/share/doc/gcc-7/README.Bugs --enable-languages=c,ada,c++,go,brig,d,fortran,objc,obj-c++ --prefix=/usr --with-gcc-major-version-only --program-suffix=-7 --program-prefix=x86_64-linux-gnu- --enable-shared --enable-linker-build-id --libexecdir=/usr/lib --without-included-gettext --enable-threads=posix --libdir=/usr/lib --enable-nls --enable-bootstrap --enable-clocale=gnu --enable-libstdcxx-debug --enable-libstdcxx-time=yes --with-default-libstdcxx-abi=new --enable-gnu-unique-object --disable-vtable-verify --enable-libmpx --enable-plugin --enable-default-pie --with-system-zlib --with-target-system-zlib --enable-objc-gc=auto --enable-multiarch --disable-werror --with-arch-32=i686 --with-abi=m64 --with-multilib-list=m32,m64,mx32 --enable-multilib --with-tune=generic --enable-offload-targets=nvptx-none --without-cuda-driver --enable-checking=release --build=x86_64-linux-gnu --host=x86_64-linux-gnu --target=x86_64-linux-gnu
Thread model: posix
gcc version 7.5.0 (Ubuntu 7.5.0-3ubuntu1~18.04) 
configure:3689: $? = 0
configure:3678: gcc -V >&5
gcc: error: unrecognized command line option '-V'
gcc: fatal error: no input files
compilation terminated.
configure:3689: $? = 1
configure:3678: gcc -qversion >&5
gcc: error: unrecognized command line option '-qversion'; did you mean '--version'?
gcc: fatal error: no input files
compilation terminated.
configure:3689: $? = 1
configure:3709: checking whether the C compiler works
configure:3731: gcc    conftest.c  >&5
configure:3735: $? = 0
configure:3783: result: yes
configure:3786: checking for C compiler default output file name
configure:3788: result: a.out
configure:3794: checking for suffix of executables
configure:3801: gcc -o conftest    conftest.c  >&5
configure:3805: $? = 0
configure:3827: result: 
configure:3849: checking whether we are cross compiling
configure:3857: gcc -o conftest    conftest.c  >&5
configure:3861: $? = 0
configure:3868: ./conftest
configure:3872: $? = 0
configure:3887: result: no
configure:3892: checking for suffix of object files
configure:3914: gcc -c   conftest.c >&5
configure:3918: $? = 0
configure:3939: result: o
configure:3943: checking whether we are using the GNU C compiler
configure:3962: gcc -c   conftest.c >&5
configure:3962: $? = 0
configure:3971: result: yes
configure:3980: checking whether gcc accepts -g
configure:4000: gcc -c -g  conftest.c >&5
configure:4000: $? = 0
configure:4041: result: yes
configure:4058: checking for gcc option to accept ISO C89
configure:4121: gcc  -c -g -O2  conftest.c >&5
configure:4121: $? = 0
configure:4134: result: none needed
configure:4159: checking whether gcc understands -c and -o together
configure:4181: gcc -c conftest.c -o conftest2.o
configure:4184: $? = 0
configure:4181: gcc -c conftest.c -o conftest2.o
configure:4184: $? = 0
configure:4196: result: yes
configure:4215: checking dependency style of gcc
configure:4326: result: gcc3
configure:4341: checking for a sed that does not truncate output
configure:4405: result: /bin/sed
configure:4423: checking for grep that handles long lines and -e
configure:4481: result: /bin/grep
configure:4486: checking for egrep
configure:4548: result: /bin/grep -E
configure:4553: checking for fgrep
configure:4615: result: /bin/grep -F
configure:4650: checking for ld used by gcc
configure:4717: result: /usr/bin/ld
configure:4724: checking if the linker (/usr/bin/ld) is GNU ld
configure:4739: result: yes
configure:4751: checking for BSD- or MS-compatible name lister (nm)
configure:4800: result: /usr/bin/nm -B
configure:4930: checking the name lister (/usr/bin/nm -B) interface
configure:4937: gcc -c -g -O2  conftest.c >&5
configure:4940: /usr/bin/nm -B "conftest.o"
configure:4943: output
0000000000000000 B some_variable
configure:4950: result: BSD nm
configure:4953: checking whether ln -s works
configure:4957: result: yes
configure:4965: checking the maximum length of command line arguments
configure:5095: result: 1572864
configure:5112: checking whether the shell understands some XSI constructs
configure:5122: result: yes
configure:5126: checking whether the shell understands "+="
configure:5132: result: yes
configure:5167: checking how to convert x86_64-unknown-linux-gnu file names to x86_64-unknown-linux-gnu format
configure:5207: result: func_convert_file_noop
configure:5214: checking how to convert x86_64-unknown-linux-gnu file names to toolchain format
configure:5234: result: func_convert_file_noop
configure:5241: checking for /usr/bin/ld option to reload object files
configure:5248: result: -r
configure:5322: checking for objdump
configure:5338: found /usr/bin/objdump
configure:5349: result: objdump
configure:5381: checking how to recognize dependent libraries
configure:5583: result: pass_all
configure:5668: checking for dlltool
configure:5698: result: no
configure:5728: checking how to associate runtime and link libraries
configure:5755: result: printf %s\n
configure:5816: checking for ar
configure:5832: found /usr/bin/ar
configure:5843: result: ar
configure:5880: checking for archiver @FILE support
configure:5897: gcc -c -g -O2  conftest.c >&5
configure:5897: $? = 0
configure:5900: ar cru libconftest.a @conftest.lst >&5
ar: `u' modifier ignored since `D' is the default (see `U')
configure:5903: $? = 0
configure:5908: ar cru libconftest.a @conftest.lst >&5
ar: `u' modifier ignored since `D' is the default (see `U')
ar: conftest.o: No such file or directory
configure:5911: $? = 1
configure:5923: result: @
configure:5981: checking for strip
configure:5997: found /usr/bin/strip
configure:6008: result: strip
configure:6080: checking for ranlib
configure:6096: found /usr/bin/ranlib
configure:6107: result: ranlib
configure:6209: checking command to parse /usr/bin/nm -B output from gcc object
configure:6329: gcc -c -g -O2  conftest.c >&5
configure:6332: $? = 0
configure:6336: /usr/bin/nm -B conftest.o \| sed -n -e 's/^.*[ ]\([ABCDGIRSTW][ABCDGIRSTW]*\)[ ][ ]*\([_A-Za-z][_A-Za-z0-9]*\)$/\1 \2 \2/p' | sed '/ __gnu_lto/d' \> conftest.nm
configure:6339: $? = 0
configure:6405: gcc -o conftest -g -O2   conftest.c conftstm.o >&5
configure:6408: $? = 0
configure:6446: result: ok
configure:6483: checking for sysroot
configure:6513: result: no
configure:6590: gcc -c -g -O2  conftest.c >&5
configure:6593: $? = 0
configure:6769: checking for mt
configure:6785: found /bin/mt
configure:6796: result: mt
configure:6819: checking if mt is a manifest tool
configure:6825: mt '-?'
configure:6833: result: no
configure:7475: checking how to run the C preprocessor
configure:7506: gcc -E  conftest.c
configure:7506: $? = 0
configure:7520: gcc -E  conftest.c
conftest.c:16:10: fatal error: ac_nonexistent.h: No such file or directory
 #include <ac_nonexistent.h>
          ^~~~~~~~~~~~~~~~~~
compilation terminated.
configure:7520: $? = 1
configure: failed program was:
| /* confdefs.h */
| #define PACKAGE_NAME "cim"
| #define PACKAGE_TARNAME "cim"
| #define PACKAGE_VERSION "5.1"
| #define PACKAGE_STRING "cim 5.1"
| #define PACKAGE_BUGREPORT ""
| #define PACKAGE_URL ""
| #define SYSTEM_TYPE "x86_64-unknown-linux-gnu"
| #define CPU_TYPE "X86_64"
| #define OS_TYPE_VERSION "LINUX-GNU"
| #define MANUFACTURER "UNKNOWN"
| #define OS_TYPE "LINUX-GNU"
| #define PACKAGE "cim"
| #define VERSION "5.1"
| /* end confdefs.h.  */
| #include <ac_nonexistent.h>
configure:7545: result: gcc -E
configure:7565: gcc -E  conftest.c
configure:7565: $? = 0
configure:7579: gcc -E  conftest.c
conftest.c:16:10: fatal error: ac_nonexistent.h: No such file or directory
 #include <ac_nonexistent.h>
          ^~~~~~~~~~~~~~~~~~
compilation terminated.
configure:7579: $? = 1
configure: failed program was:
| /* confdefs.h */
| #define PACKAGE_NAME "cim"
| #define PACKAGE_TARNAME "cim"
| #define PACKAGE_VERSION "5.1"
| #define PACKAGE_STRING "cim 5.1"
| #define PACKAGE_BUGREPORT ""
| #define PACKAGE_URL ""
| #define SYSTEM_TYPE "x86_64-unknown-linux-gnu"
| #define CPU_TYPE "X86_64"
| #define OS_TYPE_VERSION "LINUX-GNU"
| #define MANUFACTURER "UNKNOWN"
| #define OS_TYPE "LINUX-GNU"
| #define PACKAGE "cim"
| #define VERSION "5.1"
| /* end confdefs.h.  */
| #include <ac_nonexistent.h>
configure:7608: checking for ANSI C header files
configure:7628: gcc -c -g -O2  conftest.c >&5
configure:7628: $? = 0
configure:7701: gcc -o conftest -g -O2   conftest.c  >&5
configure:7701: $? = 0
configure:7701: ./conftest
configure:7701: $? = 0
configure:7712: result: yes
configure:7725: checking for sys/types.h
configure:7725: gcc -c -g -O2  conftest.c >&5
configure:7725: $? = 0
configure:7725: result: yes
configure:7725: checking for sys/stat.h
configure:7725: gcc -c -g -O2  conftest.c >&5
configure:7725: $? = 0
configure:7725: result: yes
configure:7725: checking for stdlib.h
configure:7725: gcc -c -g -O2  conftest.c >&5
configure:7725: $? = 0
configure:7725: result: yes
configure:7725: checking for string.h
configure:7725: gcc -c -g -O2  conftest.c >&5
configure:7725: $? = 0
configure:7725: result: yes
configure:7725: checking for memory.h
configure:7725: gcc -c -g -O2  conftest.c >&5
configure:7725: $? = 0
configure:7725: result: yes
configure:7725: checking for strings.h
configure:7725: gcc -c -g -O2  conftest.c >&5
configure:7725: $? = 0
configure:7725: result: yes
configure:7725: checking for inttypes.h
configure:7725: gcc -c -g -O2  conftest.c >&5
configure:7725: $? = 0
configure:7725: result: yes
configure:7725: checking for stdint.h
configure:7725: gcc -c -g -O2  conftest.c >&5
configure:7725: $? = 0
configure:7725: result: yes
configure:7725: checking for unistd.h
configure:7725: gcc -c -g -O2  conftest.c >&5
configure:7725: $? = 0
configure:7725: result: yes
configure:7739: checking for dlfcn.h
configure:7739: gcc -c -g -O2  conftest.c >&5
configure:7739: $? = 0
configure:7739: result: yes
configure:7945: checking for objdir
configure:7960: result: .libs
configure:8231: checking if gcc supports -fno-rtti -fno-exceptions
configure:8249: gcc -c -g -O2  -fno-rtti -fno-exceptions conftest.c >&5
cc1: warning: command line option '-fno-rtti' is valid for C++/ObjC++ but not for C
configure:8253: $? = 0
configure:8266: result: no
configure:8593: checking for gcc option to produce PIC
configure:8600: result: -fPIC -DPIC
configure:8608: checking if gcc PIC flag -fPIC -DPIC works
configure:8626: gcc -c -g -O2  -fPIC -DPIC -DPIC conftest.c >&5
configure:8630: $? = 0
configure:8643: result: yes
configure:8672: checking if gcc static flag -static works
configure:8700: result: yes
configure:8715: checking if gcc supports -c -o file.o
configure:8736: gcc -c -g -O2  -o out/conftest2.o conftest.c >&5
configure:8740: $? = 0
configure:8762: result: yes
configure:8770: checking if gcc supports -c -o file.o
configure:8817: result: yes
configure:8850: checking whether the gcc linker (/usr/bin/ld -m elf_x86_64) supports shared libraries
configure:10003: result: yes
configure:10040: checking whether -lc should be explicitly linked in
configure:10048: gcc -c -g -O2  conftest.c >&5
configure:10051: $? = 0
configure:10066: gcc -shared  -fPIC -DPIC conftest.o  -v -Wl,-soname -Wl,conftest -o conftest 2\>\&1 \| /bin/grep  -lc  \>/dev/null 2\>\&1
configure:10069: $? = 0
configure:10083: result: no
configure:10243: checking dynamic linker characteristics
configure:10754: gcc -o conftest -g -O2   -Wl,-rpath -Wl,/foo conftest.c  >&5
configure:10754: $? = 0
configure:10976: result: GNU/Linux ld.so
configure:11083: checking how to hardcode library paths into programs
configure:11108: result: immediate
configure:11648: checking whether stripping libraries is possible
configure:11653: result: yes
configure:11688: checking if libtool supports shared libraries
configure:11690: result: yes
configure:11693: checking whether to build shared libraries
configure:11714: result: yes
configure:11717: checking whether to build static libraries
configure:11721: result: yes
configure:11822: checking for gcc
configure:11849: result: gcc
configure:12078: checking for C compiler version
configure:12087: gcc --version >&5
gcc (Ubuntu 7.5.0-3ubuntu1~18.04) 7.5.0
Copyright (C) 2017 Free Software Foundation, Inc.
This is free software; see the source for copying conditions.  There is NO
warranty; not even for MERCHANTABILITY or FITNESS FOR A PARTICULAR PURPOSE.

configure:12098: $? = 0
configure:12087: gcc -v >&5
Using built-in specs.
COLLECT_GCC=gcc
COLLECT_LTO_WRAPPER=/usr/lib/gcc/x86_64-linux-gnu/7/lto-wrapper
OFFLOAD_TARGET_NAMES=nvptx-none
OFFLOAD_TARGET_DEFAULT=1
Target: x86_64-linux-gnu
Configured with: ../src/configure -v --with-pkgversion='Ubuntu 7.5.0-3ubuntu1~18.04' --with-bugurl=file:///usr/share/doc/gcc-7/README.Bugs --enable-languages=c,ada,c++,go,brig,d,fortran,objc,obj-c++ --prefix=/usr --with-gcc-major-version-only --program-suffix=-7 --program-prefix=x86_64-linux-gnu- --enable-shared --enable-linker-build-id --libexecdir=/usr/lib --without-included-gettext --enable-threads=posix --libdir=/usr/lib --enable-nls --enable-bootstrap --enable-clocale=gnu --enable-libstdcxx-debug --enable-libstdcxx-time=yes --with-default-libstdcxx-abi=new --enable-gnu-unique-object --disable-vtable-verify --enable-libmpx --enable-plugin --enable-default-pie --with-system-zlib --with-target-system-zlib --enable-objc-gc=auto --enable-multiarch --disable-werror --with-arch-32=i686 --with-abi=m64 --with-multilib-list=m32,m64,mx32 --enable-multilib --with-tune=generic --enable-offload-targets=nvptx-none --without-cuda-driver --enable-checking=release --build=x86_64-linux-gnu --host=x86_64-linux-gnu --target=x86_64-linux-gnu
Thread model: posix
gcc version 7.5.0 (Ubuntu 7.5.0-3ubuntu1~18.04) 
configure:12098: $? = 0
configure:12087: gcc -V >&5
gcc: error: unrecognized command line option '-V'
gcc: fatal error: no input files
compilation terminated.
configure:12098: $? = 1
configure:12087: gcc -qversion >&5
gcc: error: unrecognized command line option '-qversion'; did you mean '--version'?
gcc: fatal error: no input files
compilation terminated.
configure:12098: $? = 1
configure:12102: checking whether we are using the GNU C compiler
configure:12130: result: yes
configure:12139: checking whether gcc accepts -g
configure:12200: result: yes
configure:12217: checking for gcc option to accept ISO C89
configure:12293: result: none needed
configure:12318: checking whether gcc understands -c and -o together
configure:12355: result: yes
configure:12374: checking dependency style of gcc
configure:12485: result: gcc3
configure:12501: checking whether ln -s works
configure:12505: result: yes
configure:12516: checking for bison
configure:12546: result: no
configure:12516: checking for byacc
configure:12546: result: no
configure:12557: checking for perl
configure:12575: found /usr/bin/perl
configure:12587: result: /usr/bin/perl
configure:12596: checking for main in -lm
configure:12615: gcc -o conftest -g -O2   conftest.c -lm   >&5
conftest.c:27:0: warning: "PACKAGE_VERSION" redefined
 #define PACKAGE_VERSION "cim-5.1"
 
conftest.c:4:0: note: this is the location of the previous definition
 #define PACKAGE_VERSION "5.1"
 
configure:12615: $? = 0
configure:12624: result: yes
configure:12635: checking for main in -lft
configure:12654: gcc -o conftest -g -O2   conftest.c -lft  -lm  >&5
conftest.c:27:0: warning: "PACKAGE_VERSION" redefined
 #define PACKAGE_VERSION "cim-5.1"
 
conftest.c:4:0: note: this is the location of the previous definition
 #define PACKAGE_VERSION "5.1"
 
/usr/bin/ld: cannot find -lft
collect2: error: ld returned 1 exit status
configure:12654: $? = 1
configure: failed program was:
| /* confdefs.h */
| #define PACKAGE_NAME "cim"
| #define PACKAGE_TARNAME "cim"
| #define PACKAGE_VERSION "5.1"
| #define PACKAGE_STRING "cim 5.1"
| #define PACKAGE_BUGREPORT ""
| #define PACKAGE_URL ""
| #define SYSTEM_TYPE "x86_64-unknown-linux-gnu"
| #define CPU_TYPE "X86_64"
| #define OS_TYPE_VERSION "LINUX-GNU"
| #define MANUFACTURER "UNKNOWN"
| #define OS_TYPE "LINUX-GNU"
| #define PACKAGE "cim"
| #define VERSION "5.1"
| #define STDC_HEADERS 1
| #define HAVE_SYS_TYPES_H 1
| #define HAVE_SYS_STAT_H 1
| #define HAVE_STDLIB_H 1
| #define HAVE_STRING_H 1
| #define HAVE_MEMORY_H 1
| #define HAVE_STRINGS_H 1
| #define HAVE_INTTYPES_H 1
| #define HAVE_STDINT_H 1
| #define HAVE_UNISTD_H 1
| #define HAVE_DLFCN_H 1
| #define LT_OBJDIR ".libs/"
| #define PACKAGE_VERSION "cim-5.1"
| #define HAVE_LIBM 1
| /* end confdefs.h.  */
| 
| 
| int
| main ()
| {
| return main ();
|   ;
|   return 0;
| }
configure:12663: result: no
configure:12674: checking for ANSI C header files
configure:12778: result: yes
configure:12789: checking for string.h
configure:12789: result: yes
configure:12789: checking for memory.h
configure:12789: result: yes
configure:12789: checking malloc.h usability
configure:12789: gcc -c -g -O2  conftest.c >&5
conftest.c:27:0: warning: "PACKAGE_VERSION" redefined
 #define PACKAGE_VERSION "cim-5.1"
 
conftest.c:4:0: note: this is the location of the previous definition
 #define PACKAGE_VERSION "5.1"
 
configure:12789: $? = 0
configure:12789: result: yes
configure:12789: checking malloc.h presence
configure:12789: gcc -E  conftest.c
conftest.c:27:0: warning: "PACKAGE_VERSION" redefined
 #define PACKAGE_VERSION "cim-5.1"
 
conftest.c:4:0: note: this is the location of the previous definition
 #define PACKAGE_VERSION "5.1"
 
configure:12789: $? = 0
configure:12789: result: yes
configure:12789: checking for malloc.h
configure:12789: result: yes
configure:12789: checking limits.h usability
configure:12789: gcc -c -g -O2  conftest.c >&5
conftest.c:27:0: warning: "PACKAGE_VERSION" redefined
 #define PACKAGE_VERSION "cim-5.1"
 
conftest.c:4:0: note: this is the location of the previous definition
 #define PACKAGE_VERSION "5.1"
 
configure:12789: $? = 0
configure:12789: result: yes
configure:12789: checking limits.h presence
configure:12789: gcc -E  conftest.c
conftest.c:27:0: warning: "PACKAGE_VERSION" redefined
 #define PACKAGE_VERSION "cim-5.1"
 
conftest.c:4:0: note: this is the location of the previous definition
 #define PACKAGE_VERSION "5.1"
 
configure:12789: $? = 0
configure:12789: result: yes
configure:12789: checking for limits.h
configure:12789: result: yes
configure:12789: checking values.h usability
configure:12789: gcc -c -g -O2  conftest.c >&5
conftest.c:27:0: warning: "PACKAGE_VERSION" redefined
 #define PACKAGE_VERSION "cim-5.1"
 
conftest.c:4:0: note: this is the location of the previous definition
 #define PACKAGE_VERSION "5.1"
 
configure:12789: $? = 0
configure:12789: result: yes
configure:12789: checking values.h presence
configure:12789: gcc -E  conftest.c
conftest.c:27:0: warning: "PACKAGE_VERSION" redefined
 #define PACKAGE_VERSION "cim-5.1"
 
conftest.c:4:0: note: this is the location of the previous definition
 #define PACKAGE_VERSION "5.1"
 
configure:12789: $? = 0
configure:12789: result: yes
configure:12789: checking for values.h
configure:12789: result: yes
configure:12789: checking fcntl.h usability
configure:12789: gcc -c -g -O2  conftest.c >&5
conftest.c:27:0: warning: "PACKAGE_VERSION" redefined
 #define PACKAGE_VERSION "cim-5.1"
 
conftest.c:4:0: note: this is the location of the previous definition
 #define PACKAGE_VERSION "5.1"
 
configure:12789: $? = 0
configure:12789: result: yes
configure:12789: checking fcntl.h presence
configure:12789: gcc -E  conftest.c
conftest.c:27:0: warning: "PACKAGE_VERSION" redefined
 #define PACKAGE_VERSION "cim-5.1"
 
conftest.c:4:0: note: this is the location of the previous definition
 #define PACKAGE_VERSION "5.1"
 
configure:12789: $? = 0
configure:12789: result: yes
configure:12789: checking for fcntl.h
configure:12789: result: yes
configure:12789: checking sys/resource.h usability
configure:12789: gcc -c -g -O2  conftest.c >&5
conftest.c:27:0: warning: "PACKAGE_VERSION" redefined
 #define PACKAGE_VERSION "cim-5.1"
 
conftest.c:4:0: note: this is the location of the previous definition
 #define PACKAGE_VERSION "5.1"
 
configure:12789: $? = 0
configure:12789: result: yes
configure:12789: checking sys/resource.h presence
configure:12789: gcc -E  conftest.c
conftest.c:27:0: warning: "PACKAGE_VERSION" redefined
 #define PACKAGE_VERSION "cim-5.1"
 
conftest.c:4:0: note: this is the location of the previous definition
 #define PACKAGE_VERSION "5.1"
 
configure:12789: $? = 0
configure:12789: result: yes
configure:12789: checking for sys/resource.h
configure:12789: result: yes
configure:12789: checking for sys/types.h
configure:12789: result: yes
configure:12789: checking sys/times.h usability
configure:12789: gcc -c -g -O2  conftest.c >&5
conftest.c:27:0: warning: "PACKAGE_VERSION" redefined
 #define PACKAGE_VERSION "cim-5.1"
 
conftest.c:4:0: note: this is the location of the previous definition
 #define PACKAGE_VERSION "5.1"
 
configure:12789: $? = 0
configure:12789: result: yes
configure:12789: checking sys/times.h presence
configure:12789: gcc -E  conftest.c
conftest.c:27:0: warning: "PACKAGE_VERSION" redefined
 #define PACKAGE_VERSION "cim-5.1"
 
conftest.c:4:0: note: this is the location of the previous definition
 #define PACKAGE_VERSION "5.1"
 
configure:12789: $? = 0
configure:12789: result: yes
configure:12789: checking for sys/times.h
configure:12789: result: yes
configure:12789: checking sys/time.h usability
configure:12789: gcc -c -g -O2  conftest.c >&5
conftest.c:27:0: warning: "PACKAGE_VERSION" redefined
 #define PACKAGE_VERSION "cim-5.1"
 
conftest.c:4:0: note: this is the location of the previous definition
 #define PACKAGE_VERSION "5.1"
 
configure:12789: $? = 0
configure:12789: result: yes
configure:12789: checking sys/time.h presence
configure:12789: gcc -E  conftest.c
conftest.c:27:0: warning: "PACKAGE_VERSION" redefined
 #define PACKAGE_VERSION "cim-5.1"
 
conftest.c:4:0: note: this is the location of the previous definition
 #define PACKAGE_VERSION "5.1"
 
configure:12789: $? = 0
configure:12789: result: yes
configure:12789: checking for sys/time.h
configure:12789: result: yes
configure:12789: checking sys/utsname.h usability
configure:12789: gcc -c -g -O2  conftest.c >&5
conftest.c:27:0: warning: "PACKAGE_VERSION" redefined
 #define PACKAGE_VERSION "cim-5.1"
 
conftest.c:4:0: note: this is the location of the previous definition
 #define PACKAGE_VERSION "5.1"
 
configure:12789: $? = 0
configure:12789: result: yes
configure:12789: checking sys/utsname.h presence
configure:12789: gcc -E  conftest.c
conftest.c:27:0: warning: "PACKAGE_VERSION" redefined
 #define PACKAGE_VERSION "cim-5.1"
 
conftest.c:4:0: note: this is the location of the previous definition
 #define PACKAGE_VERSION "5.1"
 
configure:12789: $? = 0
configure:12789: result: yes
configure:12789: checking for sys/utsname.h
configure:12789: result: yes
configure:12789: checking signal.h usability
configure:12789: gcc -c -g -O2  conftest.c >&5
conftest.c:27:0: warning: "PACKAGE_VERSION" redefined
 #define PACKAGE_VERSION "cim-5.1"
 
conftest.c:4:0: note: this is the location of the previous definition
 #define PACKAGE_VERSION "5.1"
 
configure:12789: $? = 0
configure:12789: result: yes
configure:12789: checking signal.h presence
configure:12789: gcc -E  conftest.c
conftest.c:27:0: warning: "PACKAGE_VERSION" redefined
 #define PACKAGE_VERSION "cim-5.1"
 
conftest.c:4:0: note: this is the location of the previous definition
 #define PACKAGE_VERSION "5.1"
 
configure:12789: $? = 0
configure:12789: result: yes
configure:12789: checking for signal.h
configure:12789: result: yes
configure:12789: checking for unistd.h
configure:12789: result: yes
configure:12800: checking whether time.h and sys/time.h may both be included
configure:12820: gcc -c -g -O2  conftest.c >&5
conftest.c:27:0: warning: "PACKAGE_VERSION" redefined
 #define PACKAGE_VERSION "cim-5.1"
 
conftest.c:4:0: note: this is the location of the previous definition
 #define PACKAGE_VERSION "5.1"
 
configure:12820: $? = 0
configure:12827: result: yes
configure:12835: checking whether struct tm is in sys/time.h or time.h
configure:12855: gcc -c -g -O2  conftest.c >&5
conftest.c:27:0: warning: "PACKAGE_VERSION" redefined
 #define PACKAGE_VERSION "cim-5.1"
 
conftest.c:4:0: note: this is the location of the previous definition
 #define PACKAGE_VERSION "5.1"
 
configure:12855: $? = 0
configure:12862: result: time.h
configure:12874: checking for time
configure:12874: gcc -o conftest -g -O2   conftest.c -lm  >&5
conftest.c:27:0: warning: "PACKAGE_VERSION" redefined
 #define PACKAGE_VERSION "cim-5.1"
 
conftest.c:4:0: note: this is the location of the previous definition
 #define PACKAGE_VERSION "5.1"
 
configure:12874: $? = 0
configure:12874: result: yes
configure:12874: checking for times
configure:12874: gcc -o conftest -g -O2   conftest.c -lm  >&5
conftest.c:27:0: warning: "PACKAGE_VERSION" redefined
 #define PACKAGE_VERSION "cim-5.1"
 
conftest.c:4:0: note: this is the location of the previous definition
 #define PACKAGE_VERSION "5.1"
 
configure:12874: $? = 0
configure:12874: result: yes
configure:12874: checking for getrusage
configure:12874: gcc -o conftest -g -O2   conftest.c -lm  >&5
conftest.c:27:0: warning: "PACKAGE_VERSION" redefined
 #define PACKAGE_VERSION "cim-5.1"
 
conftest.c:4:0: note: this is the location of the previous definition
 #define PACKAGE_VERSION "5.1"
 
configure:12874: $? = 0
configure:12874: result: yes
configure:12874: checking for gettimeofday
configure:12874: gcc -o conftest -g -O2   conftest.c -lm  >&5
conftest.c:27:0: warning: "PACKAGE_VERSION" redefined
 #define PACKAGE_VERSION "cim-5.1"
 
conftest.c:4:0: note: this is the location of the previous definition
 #define PACKAGE_VERSION "5.1"
 
configure:12874: $? = 0
configure:12874: result: yes
configure:12874: checking for getdomainname
configure:12874: gcc -o conftest -g -O2   conftest.c -lm  >&5
conftest.c:27:0: warning: "PACKAGE_VERSION" redefined
 #define PACKAGE_VERSION "cim-5.1"
 
conftest.c:4:0: note: this is the location of the previous definition
 #define PACKAGE_VERSION "5.1"
 
configure:12874: $? = 0
configure:12874: result: yes
configure:12874: checking for uname
configure:12874: gcc -o conftest -g -O2   conftest.c -lm  >&5
conftest.c:27:0: warning: "PACKAGE_VERSION" redefined
 #define PACKAGE_VERSION "cim-5.1"
 
conftest.c:4:0: note: this is the location of the previous definition
 #define PACKAGE_VERSION "5.1"
 
configure:12874: $? = 0
configure:12874: result: yes
configure:12874: checking for gethostname
configure:12874: gcc -o conftest -g -O2   conftest.c -lm  >&5
conftest.c:27:0: warning: "PACKAGE_VERSION" redefined
 #define PACKAGE_VERSION "cim-5.1"
 
conftest.c:4:0: note: this is the location of the previous definition
 #define PACKAGE_VERSION "5.1"
 
configure:12874: $? = 0
configure:12874: result: yes
configure:12874: checking for getuid
configure:12874: gcc -o conftest -g -O2   conftest.c -lm  >&5
conftest.c:27:0: warning: "PACKAGE_VERSION" redefined
 #define PACKAGE_VERSION "cim-5.1"
 
conftest.c:4:0: note: this is the location of the previous definition
 #define PACKAGE_VERSION "5.1"
 
configure:12874: $? = 0
configure:12874: result: yes
configure:12874: checking for getpid
configure:12874: gcc -o conftest -g -O2   conftest.c -lm  >&5
conftest.c:27:0: warning: "PACKAGE_VERSION" redefined
 #define PACKAGE_VERSION "cim-5.1"
 
conftest.c:4:0: note: this is the location of the previous definition
 #define PACKAGE_VERSION "5.1"
 
configure:12874: $? = 0
configure:12874: result: yes
configure:12874: checking for getegid
configure:12874: gcc -o conftest -g -O2   conftest.c -lm  >&5
conftest.c:27:0: warning: "PACKAGE_VERSION" redefined
 #define PACKAGE_VERSION "cim-5.1"
 
conftest.c:4:0: note: this is the location of the previous definition
 #define PACKAGE_VERSION "5.1"
 
configure:12874: $? = 0
configure:12874: result: yes
configure:12874: checking for unlink
configure:12874: gcc -o conftest -g -O2   conftest.c -lm  >&5
conftest.c:27:0: warning: "PACKAGE_VERSION" redefined
 #define PACKAGE_VERSION "cim-5.1"
 
conftest.c:4:0: note: this is the location of the previous definition
 #define PACKAGE_VERSION "5.1"
 
configure:12874: $? = 0
configure:12874: result: yes
configure:12883: checking for size_t
configure:12883: gcc -c -g -O2  conftest.c >&5
conftest.c:27:0: warning: "PACKAGE_VERSION" redefined
 #define PACKAGE_VERSION "cim-5.1"
 
conftest.c:4:0: note: this is the location of the previous definition
 #define PACKAGE_VERSION "5.1"
 
configure:12883: $? = 0
configure:12883: gcc -c -g -O2  conftest.c >&5
conftest.c:27:0: warning: "PACKAGE_VERSION" redefined
 #define PACKAGE_VERSION "cim-5.1"
 
conftest.c:4:0: note: this is the location of the previous definition
 #define PACKAGE_VERSION "5.1"
 
conftest.c: In function 'main':
conftest.c:92:21: error: expected expression before ')' token
 if (sizeof ((size_t)))
                     ^
configure:12883: $? = 1
configure: failed program was:
| /* confdefs.h */
| #define PACKAGE_NAME "cim"
| #define PACKAGE_TARNAME "cim"
| #define PACKAGE_VERSION "5.1"
| #define PACKAGE_STRING "cim 5.1"
| #define PACKAGE_BUGREPORT ""
| #define PACKAGE_URL ""
| #define SYSTEM_TYPE "x86_64-unknown-linux-gnu"
| #define CPU_TYPE "X86_64"
| #define OS_TYPE_VERSION "LINUX-GNU"
| #define MANUFACTURER "UNKNOWN"
| #define OS_TYPE "LINUX-GNU"
| #define PACKAGE "cim"
| #define VERSION "5.1"
| #define STDC_HEADERS 1
| #define HAVE_SYS_TYPES_H 1
| #define HAVE_SYS_STAT_H 1
| #define HAVE_STDLIB_H 1
| #define HAVE_STRING_H 1
| #define HAVE_MEMORY_H 1
| #define HAVE_STRINGS_H 1
| #define HAVE_INTTYPES_H 1
| #define HAVE_STDINT_H 1
| #define HAVE_UNISTD_H 1
| #define HAVE_DLFCN_H 1
| #define LT_OBJDIR ".libs/"
| #define PACKAGE_VERSION "cim-5.1"
| #define HAVE_LIBM 1
| #define STDC_HEADERS 1
| #define HAVE_STRING_H 1
| #define HAVE_MEMORY_H 1
| #define HAVE_MALLOC_H 1
| #define HAVE_LIMITS_H 1
| #define HAVE_VALUES_H 1
| #define HAVE_FCNTL_H 1
| #define HAVE_SYS_RESOURCE_H 1
| #define HAVE_SYS_TYPES_H 1
| #define HAVE_SYS_TIMES_H 1
| #define HAVE_SYS_TIME_H 1
| #define HAVE_SYS_UTSNAME_H 1
| #define HAVE_SIGNAL_H 1
| #define HAVE_UNISTD_H 1
| #define TIME_WITH_SYS_TIME 1
| #define HAVE_TIME 1
| #define HAVE_TIMES 1
| #define HAVE_GETRUSAGE 1
| #define HAVE_GETTIMEOFDAY 1
| #define HAVE_GETDOMAINNAME 1
| #define HAVE_UNAME 1
| #define HAVE_GETHOSTNAME 1
| #define HAVE_GETUID 1
| #define HAVE_GETPID 1
| #define HAVE_GETEGID 1
| #define HAVE_UNLINK 1
| /* end confdefs.h.  */
| #include <stdio.h>
| #ifdef HAVE_SYS_TYPES_H
| # include <sys/types.h>
| #endif
| #ifdef HAVE_SYS_STAT_H
| # include <sys/stat.h>
| #endif
| #ifdef STDC_HEADERS
| # include <stdlib.h>
| # include <stddef.h>
| #else
| # ifdef HAVE_STDLIB_H
| #  include <stdlib.h>
| # endif
| #endif
| #ifdef HAVE_STRING_H
| # if !defined STDC_HEADERS && defined HAVE_MEMORY_H
| #  include <memory.h>
| # endif
| # include <string.h>
| #endif
| #ifdef HAVE_STRINGS_H
| # include <strings.h>
| #endif
| #ifdef HAVE_INTTYPES_H
| # include <inttypes.h>
| #endif
| #ifdef HAVE_STDINT_H
| # include <stdint.h>
| #endif
| #ifdef HAVE_UNISTD_H
| # include <unistd.h>
| #endif
| int
| main ()
| {
| if (sizeof ((size_t)))
| 	    return 0;
|   ;
|   return 0;
| }
configure:12883: result: yes
configure:12896: checking for working alloca.h
configure:12913: gcc -o conftest -g -O2   conftest.c -lm  >&5
conftest.c:27:0: warning: "PACKAGE_VERSION" redefined
 #define PACKAGE_VERSION "cim-5.1"
 
conftest.c:4:0: note: this is the location of the previous definition
 #define PACKAGE_VERSION "5.1"
 
configure:12913: $? = 0
configure:12921: result: yes
configure:12929: checking for alloca
configure:12966: gcc -o conftest -g -O2   conftest.c -lm  >&5
conftest.c:27:0: warning: "PACKAGE_VERSION" redefined
 #define PACKAGE_VERSION "cim-5.1"
 
conftest.c:4:0: note: this is the location of the previous definition
 #define PACKAGE_VERSION "5.1"
 
configure:12966: $? = 0
configure:12974: result: yes
configure:13081: checking whether char is unsigned
configure:13100: gcc -c -g -O2  conftest.c >&5
conftest.c:27:0: warning: "PACKAGE_VERSION" redefined
 #define PACKAGE_VERSION "cim-5.1"
 
conftest.c:4:0: note: this is the location of the previous definition
 #define PACKAGE_VERSION "5.1"
 
configure:13100: $? = 0
configure:13107: result: no
configure:13118: checking size of int
configure:13123: gcc -o conftest -g -O2   conftest.c -lm  >&5
conftest.c:27:0: warning: "PACKAGE_VERSION" redefined
 #define PACKAGE_VERSION "cim-5.1"
 
conftest.c:4:0: note: this is the location of the previous definition
 #define PACKAGE_VERSION "5.1"
 
configure:13123: $? = 0
configure:13123: ./conftest
configure:13123: $? = 0
configure:13137: result: 4
configure:13151: checking size of long
configure:13156: gcc -o conftest -g -O2   conftest.c -lm  >&5
conftest.c:27:0: warning: "PACKAGE_VERSION" redefined
 #define PACKAGE_VERSION "cim-5.1"
 
conftest.c:4:0: note: this is the location of the previous definition
 #define PACKAGE_VERSION "5.1"
 
configure:13156: $? = 0
configure:13156: ./conftest
configure:13156: $? = 0
configure:13170: result: 8
configure:13181: checking whether byte ordering is bigendian
configure:13196: gcc -c -g -O2  conftest.c >&5
conftest.c:27:0: warning: "PACKAGE_VERSION" redefined
 #define PACKAGE_VERSION "cim-5.1"
 
conftest.c:4:0: note: this is the location of the previous definition
 #define PACKAGE_VERSION "5.1"
 
conftest.c:61:9: error: unknown type name 'not'
         not a universal capable compiler
         ^~~
conftest.c:61:15: error: expected '=', ',', ';', 'asm' or '__attribute__' before 'universal'
         not a universal capable compiler
               ^~~~~~~~~
conftest.c:61:15: error: unknown type name 'universal'
configure:13196: $? = 1
configure: failed program was:
| /* confdefs.h */
| #define PACKAGE_NAME "cim"
| #define PACKAGE_TARNAME "cim"
| #define PACKAGE_VERSION "5.1"
| #define PACKAGE_STRING "cim 5.1"
| #define PACKAGE_BUGREPORT ""
| #define PACKAGE_URL ""
| #define SYSTEM_TYPE "x86_64-unknown-linux-gnu"
| #define CPU_TYPE "X86_64"
| #define OS_TYPE_VERSION "LINUX-GNU"
| #define MANUFACTURER "UNKNOWN"
| #define OS_TYPE "LINUX-GNU"
| #define PACKAGE "cim"
| #define VERSION "5.1"
| #define STDC_HEADERS 1
| #define HAVE_SYS_TYPES_H 1
| #define HAVE_SYS_STAT_H 1
| #define HAVE_STDLIB_H 1
| #define HAVE_STRING_H 1
| #define HAVE_MEMORY_H 1
| #define HAVE_STRINGS_H 1
| #define HAVE_INTTYPES_H 1
| #define HAVE_STDINT_H 1
| #define HAVE_UNISTD_H 1
| #define HAVE_DLFCN_H 1
| #define LT_OBJDIR ".libs/"
| #define PACKAGE_VERSION "cim-5.1"
| #define HAVE_LIBM 1
| #define STDC_HEADERS 1
| #define HAVE_STRING_H 1
| #define HAVE_MEMORY_H 1
| #define HAVE_MALLOC_H 1
| #define HAVE_LIMITS_H 1
| #define HAVE_VALUES_H 1
| #define HAVE_FCNTL_H 1
| #define HAVE_SYS_RESOURCE_H 1
| #define HAVE_SYS_TYPES_H 1
| #define HAVE_SYS_TIMES_H 1
| #define HAVE_SYS_TIME_H 1
| #define HAVE_SYS_UTSNAME_H 1
| #define HAVE_SIGNAL_H 1
| #define HAVE_UNISTD_H 1
| #define TIME_WITH_SYS_TIME 1
| #define HAVE_TIME 1
| #define HAVE_TIMES 1
| #define HAVE_GETRUSAGE 1
| #define HAVE_GETTIMEOFDAY 1
| #define HAVE_GETDOMAINNAME 1
| #define HAVE_UNAME 1
| #define HAVE_GETHOSTNAME 1
| #define HAVE_GETUID 1
| #define HAVE_GETPID 1
| #define HAVE_GETEGID 1
| #define HAVE_UNLINK 1
| #define HAVE_ALLOCA_H 1
| #define HAVE_ALLOCA 1
| #define SIZEOF_INT 4
| #define SIZEOF_LONG 8
| /* end confdefs.h.  */
| #ifndef __APPLE_CC__
| 	       not a universal capable compiler
| 	     #endif
| 	     typedef int dummy;
| 
configure:13241: gcc -c -g -O2  conftest.c >&5
conftest.c:27:0: warning: "PACKAGE_VERSION" redefined
 #define PACKAGE_VERSION "cim-5.1"
 
conftest.c:4:0: note: this is the location of the previous definition
 #define PACKAGE_VERSION "5.1"
 
configure:13241: $? = 0
configure:13259: gcc -c -g -O2  conftest.c >&5
conftest.c:27:0: warning: "PACKAGE_VERSION" redefined
 #define PACKAGE_VERSION "cim-5.1"
 
conftest.c:4:0: note: this is the location of the previous definition
 #define PACKAGE_VERSION "5.1"
 
conftest.c: In function 'main':
conftest.c:67:4: error: unknown type name 'not'; did you mean 'ino_t'?
    not big endian
    ^~~
    ino_t
conftest.c:67:12: error: expected '=', ',', ';', 'asm' or '__attribute__' before 'endian'
    not big endian
            ^~~~~~
configure:13259: $? = 1
configure: failed program was:
| /* confdefs.h */
| #define PACKAGE_NAME "cim"
| #define PACKAGE_TARNAME "cim"
| #define PACKAGE_VERSION "5.1"
| #define PACKAGE_STRING "cim 5.1"
| #define PACKAGE_BUGREPORT ""
| #define PACKAGE_URL ""
| #define SYSTEM_TYPE "x86_64-unknown-linux-gnu"
| #define CPU_TYPE "X86_64"
| #define OS_TYPE_VERSION "LINUX-GNU"
| #define MANUFACTURER "UNKNOWN"
| #define OS_TYPE "LINUX-GNU"
| #define PACKAGE "cim"
| #define VERSION "5.1"
| #define STDC_HEADERS 1
| #define HAVE_SYS_TYPES_H 1
| #define HAVE_SYS_STAT_H 1
| #define HAVE_STDLIB_H 1
| #define HAVE_STRING_H 1
| #define HAVE_MEMORY_H 1
| #define HAVE_STRINGS_H 1
| #define HAVE_INTTYPES_H 1
| #define HAVE_STDINT_H 1
| #define HAVE_UNISTD_H 1
| #define HAVE_DLFCN_H 1
| #define LT_OBJDIR ".libs/"
| #define PACKAGE_VERSION "cim-5.1"
| #define HAVE_LIBM 1
| #define STDC_HEADERS 1
| #define HAVE_STRING_H 1
| #define HAVE_MEMORY_H 1
| #define HAVE_MALLOC_H 1
| #define HAVE_LIMITS_H 1
| #define HAVE_VALUES_H 1
| #define HAVE_FCNTL_H 1
| #define HAVE_SYS_RESOURCE_H 1
| #define HAVE_SYS_TYPES_H 1
| #define HAVE_SYS_TIMES_H 1
| #define HAVE_SYS_TIME_H 1
| #define HAVE_SYS_UTSNAME_H 1
| #define HAVE_SIGNAL_H 1
| #define HAVE_UNISTD_H 1
| #define TIME_WITH_SYS_TIME 1
| #define HAVE_TIME 1
| #define HAVE_TIMES 1
| #define HAVE_GETRUSAGE 1
| #define HAVE_GETTIMEOFDAY 1
| #define HAVE_GETDOMAINNAME 1
| #define HAVE_UNAME 1
| #define HAVE_GETHOSTNAME 1
| #define HAVE_GETUID 1
| #define HAVE_GETPID 1
| #define HAVE_GETEGID 1
| #define HAVE_UNLINK 1
| #define HAVE_ALLOCA_H 1
| #define HAVE_ALLOCA 1
| #define SIZEOF_INT 4
| #define SIZEOF_LONG 8
| /* end confdefs.h.  */
| #include <sys/types.h>
| 		#include <sys/param.h>
| 
| int
| main ()
| {
| #if BYTE_ORDER != BIG_ENDIAN
| 		 not big endian
| 		#endif
| 
|   ;
|   return 0;
| }
configure:13387: result: no
configure:13405: checking return type of signal handlers
configure:13423: gcc -c -g -O2  conftest.c >&5
conftest.c:27:0: warning: "PACKAGE_VERSION" redefined
 #define PACKAGE_VERSION "cim-5.1"
 
conftest.c:4:0: note: this is the location of the previous definition
 #define PACKAGE_VERSION "5.1"
 
conftest.c: In function 'main':
conftest.c:66:10: error: void value not ignored as it ought to be
 return *(signal (0, 0)) (0) == 1;
         ~^~~~~~~~~~~~~~~~~~
configure:13423: $? = 1
configure: failed program was:
| /* confdefs.h */
| #define PACKAGE_NAME "cim"
| #define PACKAGE_TARNAME "cim"
| #define PACKAGE_VERSION "5.1"
| #define PACKAGE_STRING "cim 5.1"
| #define PACKAGE_BUGREPORT ""
| #define PACKAGE_URL ""
| #define SYSTEM_TYPE "x86_64-unknown-linux-gnu"
| #define CPU_TYPE "X86_64"
| #define OS_TYPE_VERSION "LINUX-GNU"
| #define MANUFACTURER "UNKNOWN"
| #define OS_TYPE "LINUX-GNU"
| #define PACKAGE "cim"
| #define VERSION "5.1"
| #define STDC_HEADERS 1
| #define HAVE_SYS_TYPES_H 1
| #define HAVE_SYS_STAT_H 1
| #define HAVE_STDLIB_H 1
| #define HAVE_STRING_H 1
| #define HAVE_MEMORY_H 1
| #define HAVE_STRINGS_H 1
| #define HAVE_INTTYPES_H 1
| #define HAVE_STDINT_H 1
| #define HAVE_UNISTD_H 1
| #define HAVE_DLFCN_H 1
| #define LT_OBJDIR ".libs/"
| #define PACKAGE_VERSION "cim-5.1"
| #define HAVE_LIBM 1
| #define STDC_HEADERS 1
| #define HAVE_STRING_H 1
| #define HAVE_MEMORY_H 1
| #define HAVE_MALLOC_H 1
| #define HAVE_LIMITS_H 1
| #define HAVE_VALUES_H 1
| #define HAVE_FCNTL_H 1
| #define HAVE_SYS_RESOURCE_H 1
| #define HAVE_SYS_TYPES_H 1
| #define HAVE_SYS_TIMES_H 1
| #define HAVE_SYS_TIME_H 1
| #define HAVE_SYS_UTSNAME_H 1
| #define HAVE_SIGNAL_H 1
| #define HAVE_UNISTD_H 1
| #define TIME_WITH_SYS_TIME 1
| #define HAVE_TIME 1
| #define HAVE_TIMES 1
| #define HAVE_GETRUSAGE 1
| #define HAVE_GETTIMEOFDAY 1
| #define HAVE_GETDOMAINNAME 1
| #define HAVE_UNAME 1
| #define HAVE_GETHOSTNAME 1
| #define HAVE_GETUID 1
| #define HAVE_GETPID 1
| #define HAVE_GETEGID 1
| #define HAVE_UNLINK 1
| #define HAVE_ALLOCA_H 1
| #define HAVE_ALLOCA 1
| #define SIZEOF_INT 4
| #define SIZEOF_LONG 8
| /* end confdefs.h.  */
| #include <sys/types.h>
| #include <signal.h>
| 
| int
| main ()
| {
| return *(signal (0, 0)) (0) == 1;
|   ;
|   return 0;
| }
configure:13430: result: void
configure:13440: checking signal SIGFPE
configure:13459: gcc -o conftest -g -O2   conftest.c -lm  >&5
conftest.c:27:0: warning: "PACKAGE_VERSION" redefined
 #define PACKAGE_VERSION "cim-5.1"
 
conftest.c:4:0: note: this is the location of the previous definition
 #define PACKAGE_VERSION "5.1"
 
conftest.c:65:1: warning: return type defaults to 'int' [-Wimplicit-int]
 main() {
 ^~~~
conftest.c: In function 'main':
conftest.c:66:15: warning: passing argument 2 of 'signal' from incompatible pointer type [-Wincompatible-pointer-types]
 signal(SIGFPE,t);
               ^
In file included from conftest.c:62:0:
/usr/include/signal.h:88:23: note: expected '__sighandler_t {aka void (*)(int)}' but argument is of type 'int (*)()'
 extern __sighandler_t signal (int __sig, __sighandler_t __handler)
                       ^~~~~~
conftest.c:67:1: warning: implicit declaration of function 'exit' [-Wimplicit-function-declaration]
 exit(0);
 ^~~~
conftest.c:67:1: warning: incompatible implicit declaration of built-in function 'exit'
conftest.c:67:1: note: include '<stdlib.h>' or provide a declaration of 'exit'
configure:13459: $? = 0
configure:13459: ./conftest
configure:13459: $? = 0
configure:13470: result: yes
configure:13480: checking signal SIGSEGV
configure:13499: gcc -o conftest -g -O2   conftest.c -lm  >&5
conftest.c:27:0: warning: "PACKAGE_VERSION" redefined
 #define PACKAGE_VERSION "cim-5.1"
 
conftest.c:4:0: note: this is the location of the previous definition
 #define PACKAGE_VERSION "5.1"
 
conftest.c:66:1: warning: return type defaults to 'int' [-Wimplicit-int]
 main() {
 ^~~~
conftest.c: In function 'main':
conftest.c:67:16: warning: passing argument 2 of 'signal' from incompatible pointer type [-Wincompatible-pointer-types]
 signal(SIGSEGV,t);
                ^
In file included from conftest.c:63:0:
/usr/include/signal.h:88:23: note: expected '__sighandler_t {aka void (*)(int)}' but argument is of type 'int (*)()'
 extern __sighandler_t signal (int __sig, __sighandler_t __handler)
                       ^~~~~~
conftest.c:68:1: warning: implicit declaration of function 'exit' [-Wimplicit-function-declaration]
 exit(0);
 ^~~~
conftest.c:68:1: warning: incompatible implicit declaration of built-in function 'exit'
conftest.c:68:1: note: include '<stdlib.h>' or provide a declaration of 'exit'
configure:13499: $? = 0
configure:13499: ./conftest
configure:13499: $? = 0
configure:13510: result: yes
configure:13520: checking signal SIGILL
configure:13539: gcc -o conftest -g -O2   conftest.c -lm  >&5
conftest.c:27:0: warning: "PACKAGE_VERSION" redefined
 #define PACKAGE_VERSION "cim-5.1"
 
conftest.c:4:0: note: this is the location of the previous definition
 #define PACKAGE_VERSION "5.1"
 
conftest.c:67:1: warning: return type defaults to 'int' [-Wimplicit-int]
 main() {
 ^~~~
conftest.c: In function 'main':
conftest.c:68:15: warning: passing argument 2 of 'signal' from incompatible pointer type [-Wincompatible-pointer-types]
 signal(SIGILL,t);
               ^
In file included from conftest.c:64:0:
/usr/include/signal.h:88:23: note: expected '__sighandler_t {aka void (*)(int)}' but argument is of type 'int (*)()'
 extern __sighandler_t signal (int __sig, __sighandler_t __handler)
                       ^~~~~~
conftest.c:69:1: warning: implicit declaration of function 'exit' [-Wimplicit-function-declaration]
 exit(0);
 ^~~~
conftest.c:69:1: warning: incompatible implicit declaration of built-in function 'exit'
conftest.c:69:1: note: include '<stdlib.h>' or provide a declaration of 'exit'
configure:13539: $? = 0
configure:13539: ./conftest
configure:13539: $? = 0
configure:13550: result: yes
configure:13560: checking signal SIGTRAP
configure:13579: gcc -o conftest -g -O2   conftest.c -lm  >&5
conftest.c:27:0: warning: "PACKAGE_VERSION" redefined
 #define PACKAGE_VERSION "cim-5.1"
 
conftest.c:4:0: note: this is the location of the previous definition
 #define PACKAGE_VERSION "5.1"
 
conftest.c:68:1: warning: return type defaults to 'int' [-Wimplicit-int]
 main() {
 ^~~~
conftest.c: In function 'main':
conftest.c:69:16: warning: passing argument 2 of 'signal' from incompatible pointer type [-Wincompatible-pointer-types]
 signal(SIGTRAP,t);
                ^
In file included from conftest.c:65:0:
/usr/include/signal.h:88:23: note: expected '__sighandler_t {aka void (*)(int)}' but argument is of type 'int (*)()'
 extern __sighandler_t signal (int __sig, __sighandler_t __handler)
                       ^~~~~~
conftest.c:70:1: warning: implicit declaration of function 'exit' [-Wimplicit-function-declaration]
 exit(0);
 ^~~~
conftest.c:70:1: warning: incompatible implicit declaration of built-in function 'exit'
conftest.c:70:1: note: include '<stdlib.h>' or provide a declaration of 'exit'
configure:13579: $? = 0
configure:13579: ./conftest
configure:13579: $? = 0
configure:13590: result: yes
configure:13600: checking signal SIGSYS
configure:13619: gcc -o conftest -g -O2   conftest.c -lm  >&5
conftest.c:27:0: warning: "PACKAGE_VERSION" redefined
 #define PACKAGE_VERSION "cim-5.1"
 
conftest.c:4:0: note: this is the location of the previous definition
 #define PACKAGE_VERSION "5.1"
 
conftest.c:69:1: warning: return type defaults to 'int' [-Wimplicit-int]
 main() {
 ^~~~
conftest.c: In function 'main':
conftest.c:70:15: warning: passing argument 2 of 'signal' from incompatible pointer type [-Wincompatible-pointer-types]
 signal(SIGSYS,t);
               ^
In file included from conftest.c:66:0:
/usr/include/signal.h:88:23: note: expected '__sighandler_t {aka void (*)(int)}' but argument is of type 'int (*)()'
 extern __sighandler_t signal (int __sig, __sighandler_t __handler)
                       ^~~~~~
conftest.c:71:1: warning: implicit declaration of function 'exit' [-Wimplicit-function-declaration]
 exit(0);
 ^~~~
conftest.c:71:1: warning: incompatible implicit declaration of built-in function 'exit'
conftest.c:71:1: note: include '<stdlib.h>' or provide a declaration of 'exit'
configure:13619: $? = 0
configure:13619: ./conftest
configure:13619: $? = 0
configure:13630: result: yes
configure:13640: checking signal SIGBUS
configure:13659: gcc -o conftest -g -O2   conftest.c -lm  >&5
conftest.c:27:0: warning: "PACKAGE_VERSION" redefined
 #define PACKAGE_VERSION "cim-5.1"
 
conftest.c:4:0: note: this is the location of the previous definition
 #define PACKAGE_VERSION "5.1"
 
conftest.c:70:1: warning: return type defaults to 'int' [-Wimplicit-int]
 main() {
 ^~~~
conftest.c: In function 'main':
conftest.c:71:15: warning: passing argument 2 of 'signal' from incompatible pointer type [-Wincompatible-pointer-types]
 signal(SIGBUS,t);
               ^
In file included from conftest.c:67:0:
/usr/include/signal.h:88:23: note: expected '__sighandler_t {aka void (*)(int)}' but argument is of type 'int (*)()'
 extern __sighandler_t signal (int __sig, __sighandler_t __handler)
                       ^~~~~~
conftest.c:72:1: warning: implicit declaration of function 'exit' [-Wimplicit-function-declaration]
 exit(0);
 ^~~~
conftest.c:72:1: warning: incompatible implicit declaration of built-in function 'exit'
conftest.c:72:1: note: include '<stdlib.h>' or provide a declaration of 'exit'
configure:13659: $? = 0
configure:13659: ./conftest
configure:13659: $? = 0
configure:13670: result: yes
configure:13682: checking whether files must be opened in binary mode
configure:13702: gcc -o conftest -g -O2   conftest.c -lm  >&5
conftest.c:27:0: warning: "PACKAGE_VERSION" redefined
 #define PACKAGE_VERSION "cim-5.1"
 
conftest.c:4:0: note: this is the location of the previous definition
 #define PACKAGE_VERSION "5.1"
 
conftest.c:68:1: warning: return type defaults to 'int' [-Wimplicit-int]
 main() {
 ^~~~
configure:13702: $? = 0
configure:13702: ./conftest
configure:13702: $? = 0
configure:13714: result: no
configure:13725: checking assuming iso latin
configure:13733: result: yes
configure:13743: checking assuming input line length
configure:13751: result: 80
configure:13759: checking assuming output line length
configure:13767: result: 80
configure:13775: checking assuming lines per page
configure:13783: result: 60
configure:13791: checking assuming the size of the heap in kB
configure:13799: result: 512
configure:13807: checking assuming that dump is implementable
configure:13820: result: no
configure:13830: checking assuming that floatingpoint conform to IEEE-754
configure:13858: result: yes
configure:13868: checking assuming that floatingpoint conform to VAX-format
configure:13888: result: no
configure:13898: checking assuming value of max double
configure:13915: result: DBL_MAX
configure:13923: checking assuming value of min double
configure:13940: result: DBL_MIN
configure:13948: checking assuming alignment
configure:13956: result: 8
configure:13966: checking grepping libtool to find wl_flag
configure:13977: result: -Wl,
configure:13986: checking grepping libtool to find link_static_flag
configure:13997: result: 
configure:14006: checking grepping libtool to find pic_flag
configure:14017: result:  -fPIC -DPIC
configure:14136: checking that generated files are newer than configure
configure:14142: result: done
configure:14170: creating ./config.status

## ---------------------- ##
## Running config.status. ##
## ---------------------- ##

This file was extended by cim config.status 5.1, which was
generated by GNU Autoconf 2.69.  Invocation command line was

  CONFIG_FILES    = 
  CONFIG_HEADERS  = 
  CONFIG_LINKS    = 
  CONFIG_COMMANDS = 
  $ ./config.status 

on rishon

config.status:1157: creating Makefile
config.status:1157: creating cim.spec
config.status:1157: creating src/Makefile
config.status:1157: creating lib/Makefile
config.status:1157: creating test/Makefile
config.status:1157: creating man/Makefile
config.status:1157: creating doc/Makefile
config.status:1157: creating util/Makefile
config.status:1157: creating util/cim2latex
config.status:1157: creating util/cim2ps
config.status:1157: creating util/cimindent
config.status:1157: creating config.h
config.status:1386: executing depfiles commands
config.status:1386: executing libtool commands

## ---------------- ##
## Cache variables. ##
## ---------------- ##

ac_cv_build=x86_64-unknown-linux-gnu
ac_cv_c_bigendian=no
ac_cv_c_char_unsigned=no
ac_cv_c_compiler_gnu=yes
ac_cv_env_CC_set=
ac_cv_env_CC_value=
ac_cv_env_CFLAGS_set=
ac_cv_env_CFLAGS_value=
ac_cv_env_CPPFLAGS_set=
ac_cv_env_CPPFLAGS_value=
ac_cv_env_CPP_set=
ac_cv_env_CPP_value=
ac_cv_env_LDFLAGS_set=
ac_cv_env_LDFLAGS_value=
ac_cv_env_LIBS_set=
ac_cv_env_LIBS_value=
ac_cv_env_YACC_set=
ac_cv_env_YACC_value=
ac_cv_env_YFLAGS_set=
ac_cv_env_YFLAGS_value=
ac_cv_env_build_alias_set=
ac_cv_env_build_alias_value=
ac_cv_env_host_alias_set=
ac_cv_env_host_alias_value=
ac_cv_env_target_alias_set=
ac_cv_env_target_alias_value=
ac_cv_func_alloca_works=yes
ac_cv_func_getdomainname=yes
ac_cv_func_getegid=yes
ac_cv_func_gethostname=yes
ac_cv_func_getpid=yes
ac_cv_func_getrusage=yes
ac_cv_func_gettimeofday=yes
ac_cv_func_getuid=yes
ac_cv_func_time=yes
ac_cv_func_times=yes
ac_cv_func_uname=yes
ac_cv_func_unlink=yes
ac_cv_header_dlfcn_h=yes
ac_cv_header_fcntl_h=yes
ac_cv_header_inttypes_h=yes
ac_cv_header_limits_h=yes
ac_cv_header_malloc_h=yes
ac_cv_header_memory_h=yes
ac_cv_header_signal_h=yes
ac_cv_header_stdc=yes
ac_cv_header_stdint_h=yes
ac_cv_header_stdlib_h=yes
ac_cv_header_string_h=yes
ac_cv_header_strings_h=yes
ac_cv_header_sys_resource_h=yes
ac_cv_header_sys_stat_h=yes
ac_cv_header_sys_time_h=yes
ac_cv_header_sys_times_h=yes
ac_cv_header_sys_types_h=yes
ac_cv_header_sys_utsname_h=yes
ac_cv_header_time=yes
ac_cv_header_unistd_h=yes
ac_cv_header_values_h=yes
ac_cv_host=x86_64-unknown-linux-gnu
ac_cv_lib_ft_main=no
ac_cv_lib_m_main=yes
ac_cv_objext=o
ac_cv_path_EGREP='/bin/grep -E'
ac_cv_path_FGREP='/bin/grep -F'
ac_cv_path_GREP=/bin/grep
ac_cv_path_PERL=/usr/bin/perl
ac_cv_path_SED=/bin/sed
ac_cv_path_install='/usr/bin/install -c'
ac_cv_path_mkdir=/bin/mkdir
ac_cv_prog_AWK=gawk
ac_cv_prog_CPP='gcc -E'
ac_cv_prog_ac_ct_AR=ar
ac_cv_prog_ac_ct_CC=gcc
ac_cv_prog_ac_ct_MANIFEST_TOOL=mt
ac_cv_prog_ac_ct_OBJDUMP=objdump
ac_cv_prog_ac_ct_RANLIB=ranlib
ac_cv_prog_ac_ct_STRIP=strip
ac_cv_prog_cc_c89=
ac_cv_prog_cc_g=yes
ac_cv_prog_make_make_set=yes
ac_cv_sizeof_int=4
ac_cv_sizeof_long=8
ac_cv_struct_tm=time.h
ac_cv_target=x86_64-unknown-linux-gnu
ac_cv_type_signal=void
ac_cv_type_size_t=yes
ac_cv_working_alloca_h=yes
am_cv_CC_dependencies_compiler_type=gcc3
am_cv_make_support_nested_variables=yes
am_cv_prog_cc_c_o=yes
cim_cv_alignment=8
cim_cv_binary_file=no
cim_cv_dynmemsizekb=512
cim_cv_float_ieee=yes
cim_cv_float_vax=no
cim_cv_input_line_length=80
cim_cv_iso_latin=yes
cim_cv_lines_per_page=60
cim_cv_link_static_flag=
cim_cv_max_double=DBL_MAX
cim_cv_min_double=DBL_MIN
cim_cv_output_line_length=80
cim_cv_pic_flag=' -fPIC -DPIC'
cim_cv_sigbus=yes
cim_cv_sigfpe=yes
cim_cv_sigill=yes
cim_cv_sigsegv=yes
cim_cv_sigsys=yes
cim_cv_sigtrap=yes
cim_cv_wl_flag=-Wl,
lt_cv_ar_at_file=@
lt_cv_archive_cmds_need_lc=no
lt_cv_deplibs_check_method=pass_all
lt_cv_file_magic_cmd='$MAGIC_CMD'
lt_cv_file_magic_test_file=
lt_cv_ld_reload_flag=-r
lt_cv_nm_interface='BSD nm'
lt_cv_objdir=.libs
lt_cv_path_LD=/usr/bin/ld
lt_cv_path_NM='/usr/bin/nm -B'
lt_cv_path_mainfest_tool=no
lt_cv_prog_compiler_c_o=yes
lt_cv_prog_compiler_pic='-fPIC -DPIC'
lt_cv_prog_compiler_pic_works=yes
lt_cv_prog_compiler_rtti_exceptions=no
lt_cv_prog_compiler_static_works=yes
lt_cv_prog_gnu_ld=yes
lt_cv_sharedlib_from_linklib_cmd='printf %s\n'
lt_cv_shlibpath_overrides_runpath=yes
lt_cv_sys_global_symbol_pipe='sed -n -e '\''s/^.*[	 ]\([ABCDGIRSTW][ABCDGIRSTW]*\)[	 ][	 ]*\([_A-Za-z][_A-Za-z0-9]*\)$/\1 \2 \2/p'\'' | sed '\''/ __gnu_lto/d'\'''
lt_cv_sys_global_symbol_to_c_name_address='sed -n -e '\''s/^: \([^ ]*\)[ ]*$/  {\"\1\", (void *) 0},/p'\'' -e '\''s/^[ABCDGIRSTW]* \([^ ]*\) \([^ ]*\)$/  {"\2", (void *) \&\2},/p'\'''
lt_cv_sys_global_symbol_to_c_name_address_lib_prefix='sed -n -e '\''s/^: \([^ ]*\)[ ]*$/  {\"\1\", (void *) 0},/p'\'' -e '\''s/^[ABCDGIRSTW]* \([^ ]*\) \(lib[^ ]*\)$/  {"\2", (void *) \&\2},/p'\'' -e '\''s/^[ABCDGIRSTW]* \([^ ]*\) \([^ ]*\)$/  {"lib\2", (void *) \&\2},/p'\'''
lt_cv_sys_global_symbol_to_cdecl='sed -n -e '\''s/^T .* \(.*\)$/extern int \1();/p'\'' -e '\''s/^[ABCDGIRSTW]* .* \(.*\)$/extern char \1;/p'\'''
lt_cv_sys_max_cmd_len=1572864
lt_cv_to_host_file_cmd=func_convert_file_noop
lt_cv_to_tool_file_cmd=func_convert_file_noop

## ----------------- ##
## Output variables. ##
## ----------------- ##

ACLOCAL='${SHELL} /home/carolhanna/Security_Project/gnu_dataset/cim-5.1/missing aclocal-1.14'
ALLOCA=''
AMDEPBACKSLASH='\'
AMDEP_FALSE='#'
AMDEP_TRUE=''
AMTAR='$${TAR-tar}'
AM_BACKSLASH='\'
AM_DEFAULT_V='$(AM_DEFAULT_VERBOSITY)'
AM_DEFAULT_VERBOSITY='1'
AM_V='$(V)'
AR='ar'
AUTOCONF='${SHELL} /home/carolhanna/Security_Project/gnu_dataset/cim-5.1/missing autoconf'
AUTOHEADER='${SHELL} /home/carolhanna/Security_Project/gnu_dataset/cim-5.1/missing autoheader'
AUTOMAKE='${SHELL} /home/carolhanna/Security_Project/gnu_dataset/cim-5.1/missing automake-1.14'
AWK='gawk'
CC='gcc'
CCDEPMODE='depmode=gcc3'
CFLAGS='-g -O2'
CPP='gcc -E'
CPPFLAGS=''
CYGPATH_W='echo'
DEFS='-DHAVE_CONFIG_H'
DEPDIR='.deps'
DLLTOOL='false'
DSYMUTIL=''
DUMPBIN=''
ECHO_C=''
ECHO_N='-n'
ECHO_T=''
EGREP='/bin/grep -E'
EXEEXT=''
FGREP='/bin/grep -F'
GREP='/bin/grep'
INSTALL_DATA='${INSTALL} -m 644'
INSTALL_PROGRAM='${INSTALL}'
INSTALL_SCRIPT='${INSTALL}'
INSTALL_STRIP_PROGRAM='$(install_sh) -c -s'
LD='/usr/bin/ld -m elf_x86_64'
LDFLAGS=''
LIBOBJS=''
LIBS='-lm '
LIBTOOL='$(SHELL) $(top_builddir)/libtool'
LIB_AGE='0'
LIB_CURRENT='5'
LIB_REVISION='0'
LIPO=''
LN_S='ln -s'
LTLIBOBJS=''
MAKEINFO='${SHELL} /home/carolhanna/Security_Project/gnu_dataset/cim-5.1/missing makeinfo'
MANIFEST_TOOL=':'
MKDIR_P='/bin/mkdir -p'
NM='/usr/bin/nm -B'
NMEDIT=''
OBJDUMP='objdump'
OBJEXT='o'
OTOOL64=''
OTOOL=''
PACKAGE='cim'
PACKAGE_BUGREPORT=''
PACKAGE_NAME='cim'
PACKAGE_STRING='cim 5.1'
PACKAGE_TARNAME='cim'
PACKAGE_URL=''
PACKAGE_VERSION='cim-5.1'
PATH_SEPARATOR=':'
PERL='/usr/bin/perl'
RANLIB='ranlib'
SED='/bin/sed'
SET_MAKE=''
SHELL='/bin/bash'
STRIP='strip'
VERSION='5.1'
YACC='yacc'
YFLAGS=''
ac_ct_AR='ar'
ac_ct_CC='gcc'
ac_ct_DUMPBIN=''
am__EXEEXT_FALSE=''
am__EXEEXT_TRUE='#'
am__fastdepCC_FALSE='#'
am__fastdepCC_TRUE=''
am__include='include'
am__isrc=''
am__leading_dot='.'
am__nodep='_no'
am__quote=''
am__tar='$${TAR-tar} chof - "$$tardir"'
am__untar='$${TAR-tar} xf -'
bindir='${exec_prefix}/bin'
build='x86_64-unknown-linux-gnu'
build_alias=''
build_cpu='x86_64'
build_os='linux-gnu'
build_vendor='unknown'
datadir='${datarootdir}'
datarootdir='${prefix}/share'
docdir='${datarootdir}/doc/${PACKAGE_TARNAME}'
dvidir='${docdir}'
exec_prefix='${prefix}'
host='x86_64-unknown-linux-gnu'
host_alias=''
host_cpu='x86_64'
host_os='linux-gnu'
host_vendor='unknown'
htmldir='${docdir}'
includedir='${prefix}/include'
infodir='${datarootdir}/info'
install_sh='${SHELL} /home/carolhanna/Security_Project/gnu_dataset/cim-5.1/install-sh'
libdir='${exec_prefix}/lib'
libexecdir='${exec_prefix}/libexec'
localedir='${datarootdir}/locale'
localstatedir='${prefix}/var'
mandir='${datarootdir}/man'
mkdir_p='$(MKDIR_P)'
oldincludedir='/usr/include'
pdfdir='${docdir}'
prefix='/usr/local'
program_transform_name='s,x,x,'
psdir='${docdir}'
sbindir='${exec_prefix}/sbin'
sharedstatedir='${prefix}/com'
sysconfdir='${prefix}/etc'
target='x86_64-unknown-linux-gnu'
target_alias=''
target_cpu='x86_64'
target_os='linux-gnu'
target_vendor='unknown'

## ----------- ##
## confdefs.h. ##
## ----------- ##

/* confdefs.h */
#define PACKAGE_NAME "cim"
#define PACKAGE_TARNAME "cim"
#define PACKAGE_VERSION "5.1"
#define PACKAGE_STRING "cim 5.1"
#define PACKAGE_BUGREPORT ""
#define PACKAGE_URL ""
#define SYSTEM_TYPE "x86_64-unknown-linux-gnu"
#define CPU_TYPE "X86_64"
#define OS_TYPE_VERSION "LINUX-GNU"
#define MANUFACTURER "UNKNOWN"
#define OS_TYPE "LINUX-GNU"
#define PACKAGE "cim"
#define VERSION "5.1"
#define STDC_HEADERS 1
#define HAVE_SYS_TYPES_H 1
#define HAVE_SYS_STAT_H 1
#define HAVE_STDLIB_H 1
#define HAVE_STRING_H 1
#define HAVE_MEMORY_H 1
#define HAVE_STRINGS_H 1
#define HAVE_INTTYPES_H 1
#define HAVE_STDINT_H 1
#define HAVE_UNISTD_H 1
#define HAVE_DLFCN_H 1
#define LT_OBJDIR ".libs/"
#define PACKAGE_VERSION "cim-5.1"
#define HAVE_LIBM 1
#define STDC_HEADERS 1
#define HAVE_STRING_H 1
#define HAVE_MEMORY_H 1
#define HAVE_MALLOC_H 1
#define HAVE_LIMITS_H 1
#define HAVE_VALUES_H 1
#define HAVE_FCNTL_H 1
#define HAVE_SYS_RESOURCE_H 1
#define HAVE_SYS_TYPES_H 1
#define HAVE_SYS_TIMES_H 1
#define HAVE_SYS_TIME_H 1
#define HAVE_SYS_UTSNAME_H 1
#define HAVE_SIGNAL_H 1
#define HAVE_UNISTD_H 1
#define TIME_WITH_SYS_TIME 1
#define HAVE_TIME 1
#define HAVE_TIMES 1
#define HAVE_GETRUSAGE 1
#define HAVE_GETTIMEOFDAY 1
#define HAVE_GETDOMAINNAME 1
#define HAVE_UNAME 1
#define HAVE_GETHOSTNAME 1
#define HAVE_GETUID 1
#define HAVE_GETPID 1
#define HAVE_GETEGID 1
#define HAVE_UNLINK 1
#define HAVE_ALLOCA_H 1
#define HAVE_ALLOCA 1
#define SIZEOF_INT 4
#define SIZEOF_LONG 8
#define RETSIGTYPE void
#define HAVE_SIGFPE 1
#define HAVE_SIGSEGV 1
#define HAVE_SIGILL 1
#define HAVE_SIGTRAP 1
#define HAVE_SIGSYS 1
#define HAVE_SIGBUS 1
#define ISO_LATIN 1
#define INPUT_LINE_LENGTH 80
#define OUTPUT_LINE_LENGTH 80
#define LINES_PER_PAGE 60
#define DYNMEMSIZEKB 512
#define FLOAT_IEEE 1
#define MAX_DOUBLE DBL_MAX
#define MIN_DOUBLE DBL_MIN
#define ALIGNMENT 8
#define WL_FLAG "-Wl,"
#define LINK_STATIC_FLAG ""
#define PIC_FLAG " -fPIC -DPIC"

configure: exit 0
