This file contains any messages produced by compilers while
running configure, to aid debugging if configure makes a mistake.

gcc -E
gcc -o conftest -g -O conftest.c
configure:786:1: warning: return type defaults to 'int' [-Wimplicit-int]
 main(){return(0);}
 ^~~~
gcc -E
gcc -E
gcc -E
gcc -o conftest -g -O conftest.c
configure: In function 'main':
configure:874:67: warning: implicit declaration of function 'exit' [-Wimplicit-function-declaration]
 if (XOR (islower (i), ISLOWER (i)) || toupper (i) != TOUPPER (i)) exit(2);
                                                                   ^~~~
configure:874:67: warning: incompatible implicit declaration of built-in function 'exit'
configure:874:67: note: include '<stdlib.h>' or provide a declaration of 'exit'
configure:875:1: warning: incompatible implicit declaration of built-in function 'exit'
 exit (0); }
 ^~~~
configure:875:1: note: include '<stdlib.h>' or provide a declaration of 'exit'
gcc -E
gcc -E
gcc -E
gcc -E
gcc -c -g -O conftest.c
gcc -c -g -O conftest.c
gcc -o conftest -g -O conftest.c
gcc -o conftest -g -O conftest.c
gcc -o conftest -g -O conftest.c
