This file contains any messages produced by compilers while
running configure, to aid debugging if configure makes a mistake.

It was created by GNU C Library configure (see version.h), which was
generated by GNU Autoconf 2.61.  Invocation command line was

  $ ./configure 

## --------- ##
## Platform. ##
## --------- ##

hostname = rishon
uname -m = x86_64
uname -r = 4.15.0-72-generic
uname -s = Linux
uname -v = #81-Ubuntu SMP Tue Nov 26 12:20:02 UTC 2019

/usr/bin/uname -p = unknown
/bin/uname -X     = unknown

/bin/arch              = unknown
/usr/bin/arch -k       = unknown
/usr/convex/getsysinfo = unknown
/usr/bin/hostinfo      = unknown
/bin/machine           = unknown
/usr/bin/oslevel       = unknown
/bin/universe          = unknown

PATH: /home/carolhanna/miniconda3/bin
PATH: /home/carolhanna/miniconda3/condabin
PATH: /usr/local/sbin
PATH: /usr/local/bin
PATH: /usr/sbin
PATH: /usr/bin
PATH: /sbin
PATH: /bin
PATH: /usr/games
PATH: /usr/local/games
PATH: /snap/bin


## ----------- ##
## Core tests. ##
## ----------- ##

configure:1881: error: you must configure in a separate build directory

## ---------------- ##
## Cache variables. ##
## ---------------- ##

ac_cv_env_CCC_set=
ac_cv_env_CCC_value=
ac_cv_env_CC_set=
ac_cv_env_CC_value=
ac_cv_env_CFLAGS_set=
ac_cv_env_CFLAGS_value=
ac_cv_env_CPPFLAGS_set=
ac_cv_env_CPPFLAGS_value=
ac_cv_env_CPP_set=
ac_cv_env_CPP_value=
ac_cv_env_CXXFLAGS_set=
ac_cv_env_CXXFLAGS_value=
ac_cv_env_CXX_set=
ac_cv_env_CXX_value=
ac_cv_env_LDFLAGS_set=
ac_cv_env_LDFLAGS_value=
ac_cv_env_LIBS_set=
ac_cv_env_LIBS_value=
ac_cv_env_build_alias_set=
ac_cv_env_build_alias_value=
ac_cv_env_host_alias_set=
ac_cv_env_host_alias_value=
ac_cv_env_target_alias_set=
ac_cv_env_target_alias_value=

## ----------------- ##
## Output variables. ##
## ----------------- ##

AR=''
AS=''
ASFLAGS_config=''
AUTOCONF=''
AWK=''
BASH_SHELL=''
BISON=''
BUILD_CC=''
CC=''
CFLAGS=''
CPP=''
CPPFLAGS=''
CXX=''
CXXFLAGS=''
CXX_SYSINCLUDES=''
DEFINES=''
DEFS=''
ECHO_C=''
ECHO_N='-n'
ECHO_T=''
EGREP=''
GREP=''
INSTALL_DATA=''
INSTALL_INFO=''
INSTALL_PROGRAM=''
INSTALL_SCRIPT=''
KSH=''
LD=''
LDFLAGS=''
LIBGD=''
LIBOBJS=''
LIBS=''
LN_S=''
LTLIBOBJS=''
MAKE=''
MAKEINFO=''
MIG=''
MSGFMT=''
OBJDUMP=''
OBJEXT=''
PACKAGE_BUGREPORT='glibc'
PACKAGE_NAME='GNU C Library'
PACKAGE_STRING='GNU C Library (see version.h)'
PACKAGE_TARNAME='c-library'
PACKAGE_VERSION='(see version.h)'
PATH_SEPARATOR=':'
PERL=''
PWD_P=''
RANLIB=''
RELEASE=''
SED=''
SHELL='/bin/bash'
SYSINCLUDES=''
VERSION=''
VERSIONING=''
ac_ct_CC=''
ac_ct_CXX=''
add_on_subdirs=''
add_ons=''
all_warnings=''
base_machine=''
bindir='${exec_prefix}/bin'
bindnow=''
bounded=''
build=''
build_alias=''
build_cpu=''
build_os=''
build_vendor=''
cross_compiling='no'
datadir='${datarootdir}'
datarootdir='${prefix}/share'
docdir='${datarootdir}/doc/${PACKAGE_TARNAME}'
dvidir='${docdir}'
elf=''
enable_check_abi=''
exceptions=''
exec_prefix='NONE'
fno_unit_at_a_time=''
force_install=''
have_libaudit=''
have_libcap=''
have_selinux=''
host=''
host_alias=''
host_cpu=''
host_os=''
host_vendor=''
htmldir='${docdir}'
includedir='${prefix}/include'
infodir='${datarootdir}/info'
ldd_rewrite_script=''
libc_cv_Bgroup=''
libc_cv_as_needed=''
libc_cv_cc_submachine=''
libc_cv_cc_with_libunwind=''
libc_cv_cpp_asm_debuginfo=''
libc_cv_forced_unwind=''
libc_cv_fpie=''
libc_cv_gcc_static_libgcc=''
libc_cv_gcc_unwind_find_fde=''
libc_cv_gnu89_inline=''
libc_cv_hashstyle=''
libc_cv_have_bash2=''
libc_cv_have_initfini=''
libc_cv_have_ksh=''
libc_cv_libgcc_s_suffix=''
libc_cv_localedir=''
libc_cv_rootsbindir=''
libc_cv_slibdir=''
libc_cv_ssp=''
libc_cv_sysconfdir=''
libc_cv_z_combreloc=''
libc_cv_z_execstack=''
libdir='${exec_prefix}/lib'
libexecdir='${exec_prefix}/libexec'
localedir='${datarootdir}/locale'
localstatedir='${prefix}/var'
mach_interface_list=''
mandir='${datarootdir}/man'
no_whole_archive=''
nopic_initfini=''
old_glibc_headers=''
oldest_abi=''
oldincludedir='/usr/include'
omitfp=''
pdfdir='${docdir}'
pic_default=''
prefix='NONE'
profile=''
program_transform_name='s,x,x,'
psdir='${docdir}'
sbindir='${exec_prefix}/sbin'
shared=''
sharedstatedir='${prefix}/com'
sizeof_long_double=''
static=''
static_nss=''
subdirs=''
submachine=''
sysconfdir='${prefix}/etc'
sysdeps_add_ons=''
sysnames=''
target_alias=''
uname_release=''
uname_sysname=''
uname_version=''
use_ldconfig=''
with_cvs=''
with_fp=''
xcoff=''

## ----------- ##
## confdefs.h. ##
## ----------- ##

#define PACKAGE_NAME "GNU C Library"
#define PACKAGE_TARNAME "c-library"
#define PACKAGE_VERSION "(see version.h)"
#define PACKAGE_STRING "GNU C Library (see version.h)"
#define PACKAGE_BUGREPORT "glibc"

configure: exit 1
