This file contains any messages produced by compilers while
running configure, to aid debugging if configure makes a mistake.

It was created by mifluz configure 0.26.0, which was
generated by GNU Autoconf 2.69.  Invocation command line was

  $ ./configure 

## --------- ##
## Platform. ##
## --------- ##

hostname = rishon
uname -m = x86_64
uname -r = 4.15.0-72-generic
uname -s = Linux
uname -v = #81-Ubuntu SMP Tue Nov 26 12:20:02 UTC 2019

/usr/bin/uname -p = unknown
/bin/uname -X     = unknown

/bin/arch              = unknown
/usr/bin/arch -k       = unknown
/usr/convex/getsysinfo = unknown
/usr/bin/hostinfo      = unknown
/bin/machine           = unknown
/usr/bin/oslevel       = unknown
/bin/universe          = unknown

PATH: /home/carolhanna/miniconda3/bin
PATH: /home/carolhanna/miniconda3/condabin
PATH: /usr/local/sbin
PATH: /usr/local/bin
PATH: /usr/sbin
PATH: /usr/bin
PATH: /sbin
PATH: /bin
PATH: /usr/games
PATH: /usr/local/games
PATH: /snap/bin


## ----------- ##
## Core tests. ##
## ----------- ##

configure:2616: checking for a BSD-compatible install
configure:2684: result: /usr/bin/install -c
configure:2695: checking whether build environment is sane
configure:2745: result: yes
configure:2886: checking for a thread-safe mkdir -p
configure:2925: result: /bin/mkdir -p
configure:2938: checking for gawk
configure:2954: found /usr/bin/gawk
configure:2965: result: gawk
configure:2976: checking whether make sets $(MAKE)
configure:2998: result: yes
configure:3075: checking whether make sets $(MAKE)
configure:3097: result: yes
configure:3109: checking for ar
configure:3127: found /usr/bin/ar
configure:3140: result: /usr/bin/ar
configure:3150: checking for sh
configure:3181: result: /bin/bash
configure:3191: checking for sed
configure:3209: found /bin/sed
configure:3222: result: /bin/sed
configure:3232: checking for perl
configure:3250: found /usr/bin/perl
configure:3263: result: /usr/bin/perl
configure:3273: checking for find
configure:3291: found /usr/bin/find
configure:3304: result: /usr/bin/find
configure:3314: checking for gunzip
configure:3332: found /bin/gunzip
configure:3345: result: /bin/gunzip
configure:3355: checking for texi2dvi
configure:3388: result: no
configure:3395: checking for dvips
configure:3428: result: no
configure:3435: checking for makeinfo
configure:3468: result: no
configure:3477: checking for rrdtool
configure:3507: result: no
configure:3519: checking for tar
configure:3535: found /bin/tar
configure:3546: result: tar
configure:3561: checking for time
configure:3579: found /usr/bin/time
configure:3592: result: /usr/bin/time
configure:3604: checking verbose time flag
configure:3614: result: /usr/bin/time -v
configure:3624: checking build system type
configure:3638: result: x86_64-unknown-linux-gnu
configure:3658: checking host system type
configure:3671: result: x86_64-unknown-linux-gnu
configure:3704: checking for style of include used by make
configure:3732: result: GNU
configure:3803: checking for gcc
configure:3819: found /usr/bin/gcc
configure:3830: result: gcc
configure:4059: checking for C compiler version
configure:4068: gcc --version >&5
gcc (Ubuntu 7.5.0-3ubuntu1~18.04) 7.5.0
Copyright (C) 2017 Free Software Foundation, Inc.
This is free software; see the source for copying conditions.  There is NO
warranty; not even for MERCHANTABILITY or FITNESS FOR A PARTICULAR PURPOSE.

configure:4079: $? = 0
configure:4068: gcc -v >&5
Using built-in specs.
COLLECT_GCC=gcc
COLLECT_LTO_WRAPPER=/usr/lib/gcc/x86_64-linux-gnu/7/lto-wrapper
OFFLOAD_TARGET_NAMES=nvptx-none
OFFLOAD_TARGET_DEFAULT=1
Target: x86_64-linux-gnu
Configured with: ../src/configure -v --with-pkgversion='Ubuntu 7.5.0-3ubuntu1~18.04' --with-bugurl=file:///usr/share/doc/gcc-7/README.Bugs --enable-languages=c,ada,c++,go,brig,d,fortran,objc,obj-c++ --prefix=/usr --with-gcc-major-version-only --program-suffix=-7 --program-prefix=x86_64-linux-gnu- --enable-shared --enable-linker-build-id --libexecdir=/usr/lib --without-included-gettext --enable-threads=posix --libdir=/usr/lib --enable-nls --enable-bootstrap --enable-clocale=gnu --enable-libstdcxx-debug --enable-libstdcxx-time=yes --with-default-libstdcxx-abi=new --enable-gnu-unique-object --disable-vtable-verify --enable-libmpx --enable-plugin --enable-default-pie --with-system-zlib --with-target-system-zlib --enable-objc-gc=auto --enable-multiarch --disable-werror --with-arch-32=i686 --with-abi=m64 --with-multilib-list=m32,m64,mx32 --enable-multilib --with-tune=generic --enable-offload-targets=nvptx-none --without-cuda-driver --enable-checking=release --build=x86_64-linux-gnu --host=x86_64-linux-gnu --target=x86_64-linux-gnu
Thread model: posix
gcc version 7.5.0 (Ubuntu 7.5.0-3ubuntu1~18.04) 
configure:4079: $? = 0
configure:4068: gcc -V >&5
gcc: error: unrecognized command line option '-V'
gcc: fatal error: no input files
compilation terminated.
configure:4079: $? = 1
configure:4068: gcc -qversion >&5
gcc: error: unrecognized command line option '-qversion'; did you mean '--version'?
gcc: fatal error: no input files
compilation terminated.
configure:4079: $? = 1
configure:4099: checking whether the C compiler works
configure:4121: gcc    conftest.c  >&5
configure:4125: $? = 0
configure:4173: result: yes
configure:4176: checking for C compiler default output file name
configure:4178: result: a.out
configure:4184: checking for suffix of executables
configure:4191: gcc -o conftest    conftest.c  >&5
configure:4195: $? = 0
configure:4217: result: 
configure:4239: checking whether we are cross compiling
configure:4247: gcc -o conftest    conftest.c  >&5
configure:4251: $? = 0
configure:4258: ./conftest
configure:4262: $? = 0
configure:4277: result: no
configure:4282: checking for suffix of object files
configure:4304: gcc -c   conftest.c >&5
configure:4308: $? = 0
configure:4329: result: o
configure:4333: checking whether we are using the GNU C compiler
configure:4352: gcc -c   conftest.c >&5
configure:4352: $? = 0
configure:4361: result: yes
configure:4370: checking whether gcc accepts -g
configure:4390: gcc -c -g  conftest.c >&5
configure:4390: $? = 0
configure:4431: result: yes
configure:4448: checking for gcc option to accept ISO C89
configure:4511: gcc  -c -g -O2  conftest.c >&5
configure:4511: $? = 0
configure:4524: result: none needed
configure:4546: checking dependency style of gcc
configure:4657: result: gcc3
configure:4678: checking how to run the C preprocessor
configure:4709: gcc -E  conftest.c
configure:4709: $? = 0
configure:4723: gcc -E  conftest.c
conftest.c:9:10: fatal error: ac_nonexistent.h: No such file or directory
 #include <ac_nonexistent.h>
          ^~~~~~~~~~~~~~~~~~
compilation terminated.
configure:4723: $? = 1
configure: failed program was:
| /* confdefs.h */
| #define PACKAGE_NAME "mifluz"
| #define PACKAGE_TARNAME "mifluz"
| #define PACKAGE_VERSION "0.26.0"
| #define PACKAGE_STRING "mifluz 0.26.0"
| #define PACKAGE_BUGREPORT "mifluz-bugs@gnu.org"
| #define PACKAGE_URL ""
| /* end confdefs.h.  */
| #include <ac_nonexistent.h>
configure:4748: result: gcc -E
configure:4768: gcc -E  conftest.c
configure:4768: $? = 0
configure:4782: gcc -E  conftest.c
conftest.c:9:10: fatal error: ac_nonexistent.h: No such file or directory
 #include <ac_nonexistent.h>
          ^~~~~~~~~~~~~~~~~~
compilation terminated.
configure:4782: $? = 1
configure: failed program was:
| /* confdefs.h */
| #define PACKAGE_NAME "mifluz"
| #define PACKAGE_TARNAME "mifluz"
| #define PACKAGE_VERSION "0.26.0"
| #define PACKAGE_STRING "mifluz 0.26.0"
| #define PACKAGE_BUGREPORT "mifluz-bugs@gnu.org"
| #define PACKAGE_URL ""
| /* end confdefs.h.  */
| #include <ac_nonexistent.h>
configure:4811: checking for grep that handles long lines and -e
configure:4869: result: /bin/grep
configure:4874: checking for egrep
configure:4936: result: /bin/grep -E
configure:4941: checking for ANSI C header files
configure:4961: gcc -c -g -O2  conftest.c >&5
configure:4961: $? = 0
configure:5034: gcc -o conftest -g -O2   conftest.c  >&5
configure:5034: $? = 0
configure:5034: ./conftest
configure:5034: $? = 0
configure:5045: result: yes
configure:5058: checking for sys/types.h
configure:5058: gcc -c -g -O2  conftest.c >&5
configure:5058: $? = 0
configure:5058: result: yes
configure:5058: checking for sys/stat.h
configure:5058: gcc -c -g -O2  conftest.c >&5
configure:5058: $? = 0
configure:5058: result: yes
configure:5058: checking for stdlib.h
configure:5058: gcc -c -g -O2  conftest.c >&5
configure:5058: $? = 0
configure:5058: result: yes
configure:5058: checking for string.h
configure:5058: gcc -c -g -O2  conftest.c >&5
configure:5058: $? = 0
configure:5058: result: yes
configure:5058: checking for memory.h
configure:5058: gcc -c -g -O2  conftest.c >&5
configure:5058: $? = 0
configure:5058: result: yes
configure:5058: checking for strings.h
configure:5058: gcc -c -g -O2  conftest.c >&5
configure:5058: $? = 0
configure:5058: result: yes
configure:5058: checking for inttypes.h
configure:5058: gcc -c -g -O2  conftest.c >&5
configure:5058: $? = 0
configure:5058: result: yes
configure:5058: checking for stdint.h
configure:5058: gcc -c -g -O2  conftest.c >&5
configure:5058: $? = 0
configure:5058: result: yes
configure:5058: checking for unistd.h
configure:5058: gcc -c -g -O2  conftest.c >&5
configure:5058: $? = 0
configure:5058: result: yes
configure:5071: checking minix/config.h usability
configure:5071: gcc -c -g -O2  conftest.c >&5
conftest.c:52:10: fatal error: minix/config.h: No such file or directory
 #include <minix/config.h>
          ^~~~~~~~~~~~~~~~
compilation terminated.
configure:5071: $? = 1
configure: failed program was:
| /* confdefs.h */
| #define PACKAGE_NAME "mifluz"
| #define PACKAGE_TARNAME "mifluz"
| #define PACKAGE_VERSION "0.26.0"
| #define PACKAGE_STRING "mifluz 0.26.0"
| #define PACKAGE_BUGREPORT "mifluz-bugs@gnu.org"
| #define PACKAGE_URL ""
| #define STDC_HEADERS 1
| #define HAVE_SYS_TYPES_H 1
| #define HAVE_SYS_STAT_H 1
| #define HAVE_STDLIB_H 1
| #define HAVE_STRING_H 1
| #define HAVE_MEMORY_H 1
| #define HAVE_STRINGS_H 1
| #define HAVE_INTTYPES_H 1
| #define HAVE_STDINT_H 1
| #define HAVE_UNISTD_H 1
| /* end confdefs.h.  */
| #include <stdio.h>
| #ifdef HAVE_SYS_TYPES_H
| # include <sys/types.h>
| #endif
| #ifdef HAVE_SYS_STAT_H
| # include <sys/stat.h>
| #endif
| #ifdef STDC_HEADERS
| # include <stdlib.h>
| # include <stddef.h>
| #else
| # ifdef HAVE_STDLIB_H
| #  include <stdlib.h>
| # endif
| #endif
| #ifdef HAVE_STRING_H
| # if !defined STDC_HEADERS && defined HAVE_MEMORY_H
| #  include <memory.h>
| # endif
| # include <string.h>
| #endif
| #ifdef HAVE_STRINGS_H
| # include <strings.h>
| #endif
| #ifdef HAVE_INTTYPES_H
| # include <inttypes.h>
| #endif
| #ifdef HAVE_STDINT_H
| # include <stdint.h>
| #endif
| #ifdef HAVE_UNISTD_H
| # include <unistd.h>
| #endif
| #include <minix/config.h>
configure:5071: result: no
configure:5071: checking minix/config.h presence
configure:5071: gcc -E  conftest.c
conftest.c:19:10: fatal error: minix/config.h: No such file or directory
 #include <minix/config.h>
          ^~~~~~~~~~~~~~~~
compilation terminated.
configure:5071: $? = 1
configure: failed program was:
| /* confdefs.h */
| #define PACKAGE_NAME "mifluz"
| #define PACKAGE_TARNAME "mifluz"
| #define PACKAGE_VERSION "0.26.0"
| #define PACKAGE_STRING "mifluz 0.26.0"
| #define PACKAGE_BUGREPORT "mifluz-bugs@gnu.org"
| #define PACKAGE_URL ""
| #define STDC_HEADERS 1
| #define HAVE_SYS_TYPES_H 1
| #define HAVE_SYS_STAT_H 1
| #define HAVE_STDLIB_H 1
| #define HAVE_STRING_H 1
| #define HAVE_MEMORY_H 1
| #define HAVE_STRINGS_H 1
| #define HAVE_INTTYPES_H 1
| #define HAVE_STDINT_H 1
| #define HAVE_UNISTD_H 1
| /* end confdefs.h.  */
| #include <minix/config.h>
configure:5071: result: no
configure:5071: checking for minix/config.h
configure:5071: result: no
configure:5092: checking whether it is safe to define __EXTENSIONS__
configure:5110: gcc -c -g -O2  conftest.c >&5
configure:5110: $? = 0
configure:5117: result: yes
configure:5178: checking how to print strings
configure:5205: result: printf
configure:5226: checking for a sed that does not truncate output
configure:5290: result: /bin/sed
configure:5308: checking for fgrep
configure:5370: result: /bin/grep -F
configure:5405: checking for ld used by gcc
configure:5472: result: /usr/bin/ld
configure:5479: checking if the linker (/usr/bin/ld) is GNU ld
configure:5494: result: yes
configure:5506: checking for BSD- or MS-compatible name lister (nm)
configure:5555: result: /usr/bin/nm -B
configure:5685: checking the name lister (/usr/bin/nm -B) interface
configure:5692: gcc -c -g -O2  conftest.c >&5
configure:5695: /usr/bin/nm -B "conftest.o"
configure:5698: output
0000000000000000 B some_variable
configure:5705: result: BSD nm
configure:5708: checking whether ln -s works
configure:5712: result: yes
configure:5720: checking the maximum length of command line arguments
configure:5850: result: 1572864
configure:5867: checking whether the shell understands some XSI constructs
configure:5877: result: yes
configure:5881: checking whether the shell understands "+="
configure:5887: result: yes
configure:5922: checking how to convert x86_64-unknown-linux-gnu file names to x86_64-unknown-linux-gnu format
configure:5962: result: func_convert_file_noop
configure:5969: checking how to convert x86_64-unknown-linux-gnu file names to toolchain format
configure:5989: result: func_convert_file_noop
configure:5996: checking for /usr/bin/ld option to reload object files
configure:6003: result: -r
configure:6077: checking for objdump
configure:6093: found /usr/bin/objdump
configure:6104: result: objdump
configure:6136: checking how to recognize dependent libraries
configure:6338: result: pass_all
configure:6423: checking for dlltool
configure:6453: result: no
configure:6483: checking how to associate runtime and link libraries
configure:6510: result: printf %s\n
configure:6634: checking for archiver @FILE support
configure:6651: gcc -c -g -O2  conftest.c >&5
configure:6651: $? = 0
configure:6654: /usr/bin/ar cru libconftest.a @conftest.lst >&5
/usr/bin/ar: `u' modifier ignored since `D' is the default (see `U')
configure:6657: $? = 0
configure:6662: /usr/bin/ar cru libconftest.a @conftest.lst >&5
/usr/bin/ar: `u' modifier ignored since `D' is the default (see `U')
/usr/bin/ar: conftest.o: No such file or directory
configure:6665: $? = 1
configure:6677: result: @
configure:6735: checking for strip
configure:6751: found /usr/bin/strip
configure:6762: result: strip
configure:6834: checking for ranlib
configure:6850: found /usr/bin/ranlib
configure:6861: result: ranlib
configure:6963: checking command to parse /usr/bin/nm -B output from gcc object
configure:7083: gcc -c -g -O2  conftest.c >&5
configure:7086: $? = 0
configure:7090: /usr/bin/nm -B conftest.o \| sed -n -e 's/^.*[ ]\([ABCDGIRSTW][ABCDGIRSTW]*\)[ ][ ]*\([_A-Za-z][_A-Za-z0-9]*\)$/\1 \2 \2/p' | sed '/ __gnu_lto/d' \> conftest.nm
configure:7093: $? = 0
configure:7159: gcc -o conftest -g -O2   conftest.c conftstm.o >&5
configure:7162: $? = 0
configure:7200: result: ok
configure:7237: checking for sysroot
configure:7267: result: no
configure:7344: gcc -c -g -O2  conftest.c >&5
configure:7347: $? = 0
configure:7523: checking for mt
configure:7539: found /bin/mt
configure:7550: result: mt
configure:7573: checking if mt is a manifest tool
configure:7579: mt '-?'
configure:7587: result: no
configure:8226: checking for dlfcn.h
configure:8226: gcc -c -g -O2  conftest.c >&5
configure:8226: $? = 0
configure:8226: result: yes
configure:8432: checking for objdir
configure:8447: result: .libs
configure:8714: checking if gcc supports -fno-rtti -fno-exceptions
configure:8732: gcc -c -g -O2  -fno-rtti -fno-exceptions conftest.c >&5
cc1: warning: command line option '-fno-rtti' is valid for C++/ObjC++ but not for C
configure:8736: $? = 0
configure:8749: result: no
configure:9076: checking for gcc option to produce PIC
configure:9083: result: -fPIC -DPIC
configure:9091: checking if gcc PIC flag -fPIC -DPIC works
configure:9109: gcc -c -g -O2  -fPIC -DPIC -DPIC conftest.c >&5
configure:9113: $? = 0
configure:9126: result: yes
configure:9155: checking if gcc static flag -static works
configure:9183: result: yes
configure:9198: checking if gcc supports -c -o file.o
configure:9219: gcc -c -g -O2  -o out/conftest2.o conftest.c >&5
configure:9223: $? = 0
configure:9245: result: yes
configure:9253: checking if gcc supports -c -o file.o
configure:9300: result: yes
configure:9333: checking whether the gcc linker (/usr/bin/ld -m elf_x86_64) supports shared libraries
configure:10490: result: yes
configure:10527: checking whether -lc should be explicitly linked in
configure:10535: gcc -c -g -O2  conftest.c >&5
configure:10538: $? = 0
configure:10553: gcc -shared  -fPIC -DPIC conftest.o  -v -Wl,-soname -Wl,conftest -o conftest 2\>\&1 \| /bin/grep  -lc  \>/dev/null 2\>\&1
configure:10556: $? = 0
configure:10570: result: no
configure:10730: checking dynamic linker characteristics
configure:11241: gcc -o conftest -g -O2   -Wl,-rpath -Wl,/foo conftest.c  >&5
configure:11241: $? = 0
configure:11475: result: GNU/Linux ld.so
configure:11582: checking how to hardcode library paths into programs
configure:11607: result: immediate
configure:12147: checking whether stripping libraries is possible
configure:12152: result: yes
configure:12187: checking if libtool supports shared libraries
configure:12189: result: yes
configure:12192: checking whether to build shared libraries
configure:12213: result: yes
configure:12216: checking whether to build static libraries
configure:12220: result: yes
configure:12261: checking for flex
configure:12291: result: no
configure:12261: checking for lex
configure:12291: result: no
configure:12423: checking for bison
configure:12453: result: no
configure:12423: checking for byacc
configure:12453: result: no
configure:12511: checking for gcc
configure:12538: result: gcc
configure:12767: checking for C compiler version
configure:12776: gcc --version >&5
gcc (Ubuntu 7.5.0-3ubuntu1~18.04) 7.5.0
Copyright (C) 2017 Free Software Foundation, Inc.
This is free software; see the source for copying conditions.  There is NO
warranty; not even for MERCHANTABILITY or FITNESS FOR A PARTICULAR PURPOSE.

configure:12787: $? = 0
configure:12776: gcc -v >&5
Using built-in specs.
COLLECT_GCC=gcc
COLLECT_LTO_WRAPPER=/usr/lib/gcc/x86_64-linux-gnu/7/lto-wrapper
OFFLOAD_TARGET_NAMES=nvptx-none
OFFLOAD_TARGET_DEFAULT=1
Target: x86_64-linux-gnu
Configured with: ../src/configure -v --with-pkgversion='Ubuntu 7.5.0-3ubuntu1~18.04' --with-bugurl=file:///usr/share/doc/gcc-7/README.Bugs --enable-languages=c,ada,c++,go,brig,d,fortran,objc,obj-c++ --prefix=/usr --with-gcc-major-version-only --program-suffix=-7 --program-prefix=x86_64-linux-gnu- --enable-shared --enable-linker-build-id --libexecdir=/usr/lib --without-included-gettext --enable-threads=posix --libdir=/usr/lib --enable-nls --enable-bootstrap --enable-clocale=gnu --enable-libstdcxx-debug --enable-libstdcxx-time=yes --with-default-libstdcxx-abi=new --enable-gnu-unique-object --disable-vtable-verify --enable-libmpx --enable-plugin --enable-default-pie --with-system-zlib --with-target-system-zlib --enable-objc-gc=auto --enable-multiarch --disable-werror --with-arch-32=i686 --with-abi=m64 --with-multilib-list=m32,m64,mx32 --enable-multilib --with-tune=generic --enable-offload-targets=nvptx-none --without-cuda-driver --enable-checking=release --build=x86_64-linux-gnu --host=x86_64-linux-gnu --target=x86_64-linux-gnu
Thread model: posix
gcc version 7.5.0 (Ubuntu 7.5.0-3ubuntu1~18.04) 
configure:12787: $? = 0
configure:12776: gcc -V >&5
gcc: error: unrecognized command line option '-V'
gcc: fatal error: no input files
compilation terminated.
configure:12787: $? = 1
configure:12776: gcc -qversion >&5
gcc: error: unrecognized command line option '-qversion'; did you mean '--version'?
gcc: fatal error: no input files
compilation terminated.
configure:12787: $? = 1
configure:12791: checking whether we are using the GNU C compiler
configure:12819: result: yes
configure:12828: checking whether gcc accepts -g
configure:12889: result: yes
configure:12906: checking for gcc option to accept ISO C89
configure:12982: result: none needed
configure:13004: checking dependency style of gcc
configure:13115: result: gcc3
configure:13188: checking for g++
configure:13204: found /usr/bin/g++
configure:13215: result: g++
configure:13242: checking for C++ compiler version
configure:13251: g++ --version >&5
g++ (Ubuntu 7.5.0-3ubuntu1~18.04) 7.5.0
Copyright (C) 2017 Free Software Foundation, Inc.
This is free software; see the source for copying conditions.  There is NO
warranty; not even for MERCHANTABILITY or FITNESS FOR A PARTICULAR PURPOSE.

configure:13262: $? = 0
configure:13251: g++ -v >&5
Using built-in specs.
COLLECT_GCC=g++
COLLECT_LTO_WRAPPER=/usr/lib/gcc/x86_64-linux-gnu/7/lto-wrapper
OFFLOAD_TARGET_NAMES=nvptx-none
OFFLOAD_TARGET_DEFAULT=1
Target: x86_64-linux-gnu
Configured with: ../src/configure -v --with-pkgversion='Ubuntu 7.5.0-3ubuntu1~18.04' --with-bugurl=file:///usr/share/doc/gcc-7/README.Bugs --enable-languages=c,ada,c++,go,brig,d,fortran,objc,obj-c++ --prefix=/usr --with-gcc-major-version-only --program-suffix=-7 --program-prefix=x86_64-linux-gnu- --enable-shared --enable-linker-build-id --libexecdir=/usr/lib --without-included-gettext --enable-threads=posix --libdir=/usr/lib --enable-nls --enable-bootstrap --enable-clocale=gnu --enable-libstdcxx-debug --enable-libstdcxx-time=yes --with-default-libstdcxx-abi=new --enable-gnu-unique-object --disable-vtable-verify --enable-libmpx --enable-plugin --enable-default-pie --with-system-zlib --with-target-system-zlib --enable-objc-gc=auto --enable-multiarch --disable-werror --with-arch-32=i686 --with-abi=m64 --with-multilib-list=m32,m64,mx32 --enable-multilib --with-tune=generic --enable-offload-targets=nvptx-none --without-cuda-driver --enable-checking=release --build=x86_64-linux-gnu --host=x86_64-linux-gnu --target=x86_64-linux-gnu
Thread model: posix
gcc version 7.5.0 (Ubuntu 7.5.0-3ubuntu1~18.04) 
configure:13262: $? = 0
configure:13251: g++ -V >&5
g++: error: unrecognized command line option '-V'
g++: fatal error: no input files
compilation terminated.
configure:13262: $? = 1
configure:13251: g++ -qversion >&5
g++: error: unrecognized command line option '-qversion'; did you mean '--version'?
g++: fatal error: no input files
compilation terminated.
configure:13262: $? = 1
configure:13266: checking whether we are using the GNU C++ compiler
configure:13285: g++ -c   conftest.cpp >&5
configure:13285: $? = 0
configure:13294: result: yes
configure:13303: checking whether g++ accepts -g
configure:13323: g++ -c -g  conftest.cpp >&5
configure:13323: $? = 0
configure:13364: result: yes
configure:13389: checking dependency style of g++
configure:13500: result: gcc3
configure:13533: checking how to run the C++ preprocessor
configure:13560: g++ -E  conftest.cpp
configure:13560: $? = 0
configure:13574: g++ -E  conftest.cpp
conftest.cpp:26:10: fatal error: ac_nonexistent.h: No such file or directory
 #include <ac_nonexistent.h>
          ^~~~~~~~~~~~~~~~~~
compilation terminated.
configure:13574: $? = 1
configure: failed program was:
| /* confdefs.h */
| #define PACKAGE_NAME "mifluz"
| #define PACKAGE_TARNAME "mifluz"
| #define PACKAGE_VERSION "0.26.0"
| #define PACKAGE_STRING "mifluz 0.26.0"
| #define PACKAGE_BUGREPORT "mifluz-bugs@gnu.org"
| #define PACKAGE_URL ""
| #define STDC_HEADERS 1
| #define HAVE_SYS_TYPES_H 1
| #define HAVE_SYS_STAT_H 1
| #define HAVE_STDLIB_H 1
| #define HAVE_STRING_H 1
| #define HAVE_MEMORY_H 1
| #define HAVE_STRINGS_H 1
| #define HAVE_INTTYPES_H 1
| #define HAVE_STDINT_H 1
| #define HAVE_UNISTD_H 1
| #define __EXTENSIONS__ 1
| #define _ALL_SOURCE 1
| #define _GNU_SOURCE 1
| #define _POSIX_PTHREAD_SEMANTICS 1
| #define _TANDEM_SOURCE 1
| #define HAVE_DLFCN_H 1
| #define LT_OBJDIR ".libs/"
| /* end confdefs.h.  */
| #include <ac_nonexistent.h>
configure:13599: result: g++ -E
configure:13619: g++ -E  conftest.cpp
configure:13619: $? = 0
configure:13633: g++ -E  conftest.cpp
conftest.cpp:26:10: fatal error: ac_nonexistent.h: No such file or directory
 #include <ac_nonexistent.h>
          ^~~~~~~~~~~~~~~~~~
compilation terminated.
configure:13633: $? = 1
configure: failed program was:
| /* confdefs.h */
| #define PACKAGE_NAME "mifluz"
| #define PACKAGE_TARNAME "mifluz"
| #define PACKAGE_VERSION "0.26.0"
| #define PACKAGE_STRING "mifluz 0.26.0"
| #define PACKAGE_BUGREPORT "mifluz-bugs@gnu.org"
| #define PACKAGE_URL ""
| #define STDC_HEADERS 1
| #define HAVE_SYS_TYPES_H 1
| #define HAVE_SYS_STAT_H 1
| #define HAVE_STDLIB_H 1
| #define HAVE_STRING_H 1
| #define HAVE_MEMORY_H 1
| #define HAVE_STRINGS_H 1
| #define HAVE_INTTYPES_H 1
| #define HAVE_STDINT_H 1
| #define HAVE_UNISTD_H 1
| #define __EXTENSIONS__ 1
| #define _ALL_SOURCE 1
| #define _GNU_SOURCE 1
| #define _POSIX_PTHREAD_SEMANTICS 1
| #define _TANDEM_SOURCE 1
| #define HAVE_DLFCN_H 1
| #define LT_OBJDIR ".libs/"
| /* end confdefs.h.  */
| #include <ac_nonexistent.h>
configure:13802: checking for ld used by g++
configure:13869: result: /usr/bin/ld -m elf_x86_64
configure:13876: checking if the linker (/usr/bin/ld -m elf_x86_64) is GNU ld
configure:13891: result: yes
configure:13946: checking whether the g++ linker (/usr/bin/ld -m elf_x86_64) supports shared libraries
configure:14951: result: yes
configure:14987: g++ -c -g -O2  conftest.cpp >&5
configure:14990: $? = 0
configure:15510: checking for g++ option to produce PIC
configure:15517: result: -fPIC -DPIC
configure:15525: checking if g++ PIC flag -fPIC -DPIC works
configure:15543: g++ -c -g -O2  -fPIC -DPIC -DPIC conftest.cpp >&5
configure:15547: $? = 0
configure:15560: result: yes
configure:15583: checking if g++ static flag -static works
configure:15611: result: yes
configure:15623: checking if g++ supports -c -o file.o
configure:15644: g++ -c -g -O2  -o out/conftest2.o conftest.cpp >&5
configure:15648: $? = 0
configure:15670: result: yes
configure:15675: checking if g++ supports -c -o file.o
configure:15722: result: yes
configure:15752: checking whether the g++ linker (/usr/bin/ld -m elf_x86_64) supports shared libraries
configure:15791: result: yes
configure:15932: checking dynamic linker characteristics
configure:16611: result: GNU/Linux ld.so
configure:16664: checking how to hardcode library paths into programs
configure:16689: result: immediate
configure:16741: checking for ccache
configure:16774: result: no
configure:16786: checking maximum warning verbosity option
configure:16807: result: -Wall -Woverloaded-virtual for C++ -Wall -Wmissing-declarations -Wmissing-prototypes for C
configure:16813: checking adding -fno-rtti to g++
configure:16838: g++ -c -g -O2 -Wall -Woverloaded-virtual -fno-rtti  conftest.cpp >&5
configure:16838: $? = 0
configure:16852: result: ok
configure:16855: checking adding -fno-exceptions to g++
configure:16880: g++ -c -g -O2 -Wall -Woverloaded-virtual -fno-rtti -fno-exceptions  conftest.cpp >&5
configure:16880: $? = 0
configure:16894: result: ok
configure:16898: checking if malloc debugging is wanted
configure:16916: result: no
configure:16924: checking if --disable-bigfile option specified
configure:16933: result: no
configure:16936: checking if --enable-debug option specified
configure:16945: result: no
configure:16948: checking if --enable-debug_rop option specified
configure:16957: result: no
configure:16960: checking if --enable-debug_wop option specified
configure:16969: result: no
configure:16972: checking if --enable-diagnostic option specified
configure:16981: result: no
configure:16984: checking if --enable-posixmutexes option specified
configure:16993: result: no
configure:16996: checking if --enable-uimutexes option specified
configure:17005: result: no
configure:17060: checking whether byte ordering is bigendian
configure:17075: gcc -c -g -O2 -Wall -Wmissing-declarations -Wmissing-prototypes -D_REENTRANT  conftest.c >&5
conftest.c:27:9: error: unknown type name 'not'
         not a universal capable compiler
         ^~~
conftest.c:27:15: error: expected '=', ',', ';', 'asm' or '__attribute__' before 'universal'
         not a universal capable compiler
               ^~~~~~~~~
conftest.c:27:15: error: unknown type name 'universal'
configure:17075: $? = 1
configure: failed program was:
| /* confdefs.h */
| #define PACKAGE_NAME "mifluz"
| #define PACKAGE_TARNAME "mifluz"
| #define PACKAGE_VERSION "0.26.0"
| #define PACKAGE_STRING "mifluz 0.26.0"
| #define PACKAGE_BUGREPORT "mifluz-bugs@gnu.org"
| #define PACKAGE_URL ""
| #define STDC_HEADERS 1
| #define HAVE_SYS_TYPES_H 1
| #define HAVE_SYS_STAT_H 1
| #define HAVE_STDLIB_H 1
| #define HAVE_STRING_H 1
| #define HAVE_MEMORY_H 1
| #define HAVE_STRINGS_H 1
| #define HAVE_INTTYPES_H 1
| #define HAVE_STDINT_H 1
| #define HAVE_UNISTD_H 1
| #define __EXTENSIONS__ 1
| #define _ALL_SOURCE 1
| #define _GNU_SOURCE 1
| #define _POSIX_PTHREAD_SEMANTICS 1
| #define _TANDEM_SOURCE 1
| #define HAVE_DLFCN_H 1
| #define LT_OBJDIR ".libs/"
| /* end confdefs.h.  */
| #ifndef __APPLE_CC__
| 	       not a universal capable compiler
| 	     #endif
| 	     typedef int dummy;
| 
configure:17120: gcc -c -g -O2 -Wall -Wmissing-declarations -Wmissing-prototypes -D_REENTRANT  conftest.c >&5
configure:17120: $? = 0
configure:17138: gcc -c -g -O2 -Wall -Wmissing-declarations -Wmissing-prototypes -D_REENTRANT  conftest.c >&5
conftest.c: In function 'main':
conftest.c:33:4: error: unknown type name 'not'; did you mean 'ino_t'?
    not big endian
    ^~~
    ino_t
conftest.c:33:12: error: expected '=', ',', ';', 'asm' or '__attribute__' before 'endian'
    not big endian
            ^~~~~~
configure:17138: $? = 1
configure: failed program was:
| /* confdefs.h */
| #define PACKAGE_NAME "mifluz"
| #define PACKAGE_TARNAME "mifluz"
| #define PACKAGE_VERSION "0.26.0"
| #define PACKAGE_STRING "mifluz 0.26.0"
| #define PACKAGE_BUGREPORT "mifluz-bugs@gnu.org"
| #define PACKAGE_URL ""
| #define STDC_HEADERS 1
| #define HAVE_SYS_TYPES_H 1
| #define HAVE_SYS_STAT_H 1
| #define HAVE_STDLIB_H 1
| #define HAVE_STRING_H 1
| #define HAVE_MEMORY_H 1
| #define HAVE_STRINGS_H 1
| #define HAVE_INTTYPES_H 1
| #define HAVE_STDINT_H 1
| #define HAVE_UNISTD_H 1
| #define __EXTENSIONS__ 1
| #define _ALL_SOURCE 1
| #define _GNU_SOURCE 1
| #define _POSIX_PTHREAD_SEMANTICS 1
| #define _TANDEM_SOURCE 1
| #define HAVE_DLFCN_H 1
| #define LT_OBJDIR ".libs/"
| /* end confdefs.h.  */
| #include <sys/types.h>
| 		#include <sys/param.h>
| 
| int
| main ()
| {
| #if BYTE_ORDER != BIG_ENDIAN
| 		 not big endian
| 		#endif
| 
|   ;
|   return 0;
| }
configure:17266: result: no
configure:17284: checking for an ANSI C-conforming const
configure:17350: gcc -c -g -O2 -Wall -Wmissing-declarations -Wmissing-prototypes -D_REENTRANT  conftest.c >&5
configure:17350: $? = 0
configure:17357: result: yes
configure:17365: checking whether stat file-mode macros are broken
configure:17392: gcc -c -g -O2 -Wall -Wmissing-declarations -Wmissing-prototypes -D_REENTRANT  conftest.c >&5
configure:17392: $? = 0
configure:17399: result: no
configure:17407: checking whether time.h and sys/time.h may both be included
configure:17427: gcc -c -g -O2 -Wall -Wmissing-declarations -Wmissing-prototypes -D_REENTRANT  conftest.c >&5
configure:17427: $? = 0
configure:17434: result: yes
configure:17442: checking for mode_t
configure:17442: gcc -c -g -O2 -Wall -Wmissing-declarations -Wmissing-prototypes -D_REENTRANT  conftest.c >&5
configure:17442: $? = 0
configure:17442: gcc -c -g -O2 -Wall -Wmissing-declarations -Wmissing-prototypes -D_REENTRANT  conftest.c >&5
conftest.c: In function 'main':
conftest.c:63:21: error: expected expression before ')' token
 if (sizeof ((mode_t)))
                     ^
configure:17442: $? = 1
configure: failed program was:
| /* confdefs.h */
| #define PACKAGE_NAME "mifluz"
| #define PACKAGE_TARNAME "mifluz"
| #define PACKAGE_VERSION "0.26.0"
| #define PACKAGE_STRING "mifluz 0.26.0"
| #define PACKAGE_BUGREPORT "mifluz-bugs@gnu.org"
| #define PACKAGE_URL ""
| #define STDC_HEADERS 1
| #define HAVE_SYS_TYPES_H 1
| #define HAVE_SYS_STAT_H 1
| #define HAVE_STDLIB_H 1
| #define HAVE_STRING_H 1
| #define HAVE_MEMORY_H 1
| #define HAVE_STRINGS_H 1
| #define HAVE_INTTYPES_H 1
| #define HAVE_STDINT_H 1
| #define HAVE_UNISTD_H 1
| #define __EXTENSIONS__ 1
| #define _ALL_SOURCE 1
| #define _GNU_SOURCE 1
| #define _POSIX_PTHREAD_SEMANTICS 1
| #define _TANDEM_SOURCE 1
| #define HAVE_DLFCN_H 1
| #define LT_OBJDIR ".libs/"
| #define TIME_WITH_SYS_TIME 1
| /* end confdefs.h.  */
| #include <stdio.h>
| #ifdef HAVE_SYS_TYPES_H
| # include <sys/types.h>
| #endif
| #ifdef HAVE_SYS_STAT_H
| # include <sys/stat.h>
| #endif
| #ifdef STDC_HEADERS
| # include <stdlib.h>
| # include <stddef.h>
| #else
| # ifdef HAVE_STDLIB_H
| #  include <stdlib.h>
| # endif
| #endif
| #ifdef HAVE_STRING_H
| # if !defined STDC_HEADERS && defined HAVE_MEMORY_H
| #  include <memory.h>
| # endif
| # include <string.h>
| #endif
| #ifdef HAVE_STRINGS_H
| # include <strings.h>
| #endif
| #ifdef HAVE_INTTYPES_H
| # include <inttypes.h>
| #endif
| #ifdef HAVE_STDINT_H
| # include <stdint.h>
| #endif
| #ifdef HAVE_UNISTD_H
| # include <unistd.h>
| #endif
| int
| main ()
| {
| if (sizeof ((mode_t)))
| 	    return 0;
|   ;
|   return 0;
| }
configure:17442: result: yes
configure:17453: checking for off_t
configure:17453: gcc -c -g -O2 -Wall -Wmissing-declarations -Wmissing-prototypes -D_REENTRANT  conftest.c >&5
configure:17453: $? = 0
configure:17453: gcc -c -g -O2 -Wall -Wmissing-declarations -Wmissing-prototypes -D_REENTRANT  conftest.c >&5
conftest.c: In function 'main':
conftest.c:63:20: error: expected expression before ')' token
 if (sizeof ((off_t)))
                    ^
configure:17453: $? = 1
configure: failed program was:
| /* confdefs.h */
| #define PACKAGE_NAME "mifluz"
| #define PACKAGE_TARNAME "mifluz"
| #define PACKAGE_VERSION "0.26.0"
| #define PACKAGE_STRING "mifluz 0.26.0"
| #define PACKAGE_BUGREPORT "mifluz-bugs@gnu.org"
| #define PACKAGE_URL ""
| #define STDC_HEADERS 1
| #define HAVE_SYS_TYPES_H 1
| #define HAVE_SYS_STAT_H 1
| #define HAVE_STDLIB_H 1
| #define HAVE_STRING_H 1
| #define HAVE_MEMORY_H 1
| #define HAVE_STRINGS_H 1
| #define HAVE_INTTYPES_H 1
| #define HAVE_STDINT_H 1
| #define HAVE_UNISTD_H 1
| #define __EXTENSIONS__ 1
| #define _ALL_SOURCE 1
| #define _GNU_SOURCE 1
| #define _POSIX_PTHREAD_SEMANTICS 1
| #define _TANDEM_SOURCE 1
| #define HAVE_DLFCN_H 1
| #define LT_OBJDIR ".libs/"
| #define TIME_WITH_SYS_TIME 1
| /* end confdefs.h.  */
| #include <stdio.h>
| #ifdef HAVE_SYS_TYPES_H
| # include <sys/types.h>
| #endif
| #ifdef HAVE_SYS_STAT_H
| # include <sys/stat.h>
| #endif
| #ifdef STDC_HEADERS
| # include <stdlib.h>
| # include <stddef.h>
| #else
| # ifdef HAVE_STDLIB_H
| #  include <stdlib.h>
| # endif
| #endif
| #ifdef HAVE_STRING_H
| # if !defined STDC_HEADERS && defined HAVE_MEMORY_H
| #  include <memory.h>
| # endif
| # include <string.h>
| #endif
| #ifdef HAVE_STRINGS_H
| # include <strings.h>
| #endif
| #ifdef HAVE_INTTYPES_H
| # include <inttypes.h>
| #endif
| #ifdef HAVE_STDINT_H
| # include <stdint.h>
| #endif
| #ifdef HAVE_UNISTD_H
| # include <unistd.h>
| #endif
| int
| main ()
| {
| if (sizeof ((off_t)))
| 	    return 0;
|   ;
|   return 0;
| }
configure:17453: result: yes
configure:17464: checking for pid_t
configure:17464: gcc -c -g -O2 -Wall -Wmissing-declarations -Wmissing-prototypes -D_REENTRANT  conftest.c >&5
configure:17464: $? = 0
configure:17464: gcc -c -g -O2 -Wall -Wmissing-declarations -Wmissing-prototypes -D_REENTRANT  conftest.c >&5
conftest.c: In function 'main':
conftest.c:63:20: error: expected expression before ')' token
 if (sizeof ((pid_t)))
                    ^
configure:17464: $? = 1
configure: failed program was:
| /* confdefs.h */
| #define PACKAGE_NAME "mifluz"
| #define PACKAGE_TARNAME "mifluz"
| #define PACKAGE_VERSION "0.26.0"
| #define PACKAGE_STRING "mifluz 0.26.0"
| #define PACKAGE_BUGREPORT "mifluz-bugs@gnu.org"
| #define PACKAGE_URL ""
| #define STDC_HEADERS 1
| #define HAVE_SYS_TYPES_H 1
| #define HAVE_SYS_STAT_H 1
| #define HAVE_STDLIB_H 1
| #define HAVE_STRING_H 1
| #define HAVE_MEMORY_H 1
| #define HAVE_STRINGS_H 1
| #define HAVE_INTTYPES_H 1
| #define HAVE_STDINT_H 1
| #define HAVE_UNISTD_H 1
| #define __EXTENSIONS__ 1
| #define _ALL_SOURCE 1
| #define _GNU_SOURCE 1
| #define _POSIX_PTHREAD_SEMANTICS 1
| #define _TANDEM_SOURCE 1
| #define HAVE_DLFCN_H 1
| #define LT_OBJDIR ".libs/"
| #define TIME_WITH_SYS_TIME 1
| /* end confdefs.h.  */
| #include <stdio.h>
| #ifdef HAVE_SYS_TYPES_H
| # include <sys/types.h>
| #endif
| #ifdef HAVE_SYS_STAT_H
| # include <sys/stat.h>
| #endif
| #ifdef STDC_HEADERS
| # include <stdlib.h>
| # include <stddef.h>
| #else
| # ifdef HAVE_STDLIB_H
| #  include <stdlib.h>
| # endif
| #endif
| #ifdef HAVE_STRING_H
| # if !defined STDC_HEADERS && defined HAVE_MEMORY_H
| #  include <memory.h>
| # endif
| # include <string.h>
| #endif
| #ifdef HAVE_STRINGS_H
| # include <strings.h>
| #endif
| #ifdef HAVE_INTTYPES_H
| # include <inttypes.h>
| #endif
| #ifdef HAVE_STDINT_H
| # include <stdint.h>
| #endif
| #ifdef HAVE_UNISTD_H
| # include <unistd.h>
| #endif
| int
| main ()
| {
| if (sizeof ((pid_t)))
| 	    return 0;
|   ;
|   return 0;
| }
configure:17464: result: yes
configure:17475: checking for size_t
configure:17475: gcc -c -g -O2 -Wall -Wmissing-declarations -Wmissing-prototypes -D_REENTRANT  conftest.c >&5
configure:17475: $? = 0
configure:17475: gcc -c -g -O2 -Wall -Wmissing-declarations -Wmissing-prototypes -D_REENTRANT  conftest.c >&5
conftest.c: In function 'main':
conftest.c:63:21: error: expected expression before ')' token
 if (sizeof ((size_t)))
                     ^
configure:17475: $? = 1
configure: failed program was:
| /* confdefs.h */
| #define PACKAGE_NAME "mifluz"
| #define PACKAGE_TARNAME "mifluz"
| #define PACKAGE_VERSION "0.26.0"
| #define PACKAGE_STRING "mifluz 0.26.0"
| #define PACKAGE_BUGREPORT "mifluz-bugs@gnu.org"
| #define PACKAGE_URL ""
| #define STDC_HEADERS 1
| #define HAVE_SYS_TYPES_H 1
| #define HAVE_SYS_STAT_H 1
| #define HAVE_STDLIB_H 1
| #define HAVE_STRING_H 1
| #define HAVE_MEMORY_H 1
| #define HAVE_STRINGS_H 1
| #define HAVE_INTTYPES_H 1
| #define HAVE_STDINT_H 1
| #define HAVE_UNISTD_H 1
| #define __EXTENSIONS__ 1
| #define _ALL_SOURCE 1
| #define _GNU_SOURCE 1
| #define _POSIX_PTHREAD_SEMANTICS 1
| #define _TANDEM_SOURCE 1
| #define HAVE_DLFCN_H 1
| #define LT_OBJDIR ".libs/"
| #define TIME_WITH_SYS_TIME 1
| /* end confdefs.h.  */
| #include <stdio.h>
| #ifdef HAVE_SYS_TYPES_H
| # include <sys/types.h>
| #endif
| #ifdef HAVE_SYS_STAT_H
| # include <sys/stat.h>
| #endif
| #ifdef STDC_HEADERS
| # include <stdlib.h>
| # include <stddef.h>
| #else
| # ifdef HAVE_STDLIB_H
| #  include <stdlib.h>
| # endif
| #endif
| #ifdef HAVE_STRING_H
| # if !defined STDC_HEADERS && defined HAVE_MEMORY_H
| #  include <memory.h>
| # endif
| # include <string.h>
| #endif
| #ifdef HAVE_STRINGS_H
| # include <strings.h>
| #endif
| #ifdef HAVE_INTTYPES_H
| # include <inttypes.h>
| #endif
| #ifdef HAVE_STDINT_H
| # include <stdint.h>
| #endif
| #ifdef HAVE_UNISTD_H
| # include <unistd.h>
| #endif
| int
| main ()
| {
| if (sizeof ((size_t)))
| 	    return 0;
|   ;
|   return 0;
| }
configure:17475: result: yes
configure:17489: checking for ssize_t
configure:17505: gcc -c -g -O2 -Wall -Wmissing-declarations -Wmissing-prototypes -D_REENTRANT  conftest.c >&5
conftest.c: In function 'main':
conftest.c:31:9: warning: unused variable 'foo' [-Wunused-variable]
 ssize_t foo;
         ^~~
configure:17505: $? = 0
configure:17512: result: yes
configure:17519: checking for u_char
configure:17535: gcc -c -g -O2 -Wall -Wmissing-declarations -Wmissing-prototypes -D_REENTRANT  conftest.c >&5
conftest.c: In function 'main':
conftest.c:31:8: warning: unused variable 'foo' [-Wunused-variable]
 u_char foo;
        ^~~
configure:17535: $? = 0
configure:17542: result: yes
configure:17549: checking for u_short
configure:17565: gcc -c -g -O2 -Wall -Wmissing-declarations -Wmissing-prototypes -D_REENTRANT  conftest.c >&5
conftest.c: In function 'main':
conftest.c:31:9: warning: unused variable 'foo' [-Wunused-variable]
 u_short foo;
         ^~~
configure:17565: $? = 0
configure:17572: result: yes
configure:17579: checking for u_int
configure:17595: gcc -c -g -O2 -Wall -Wmissing-declarations -Wmissing-prototypes -D_REENTRANT  conftest.c >&5
conftest.c: In function 'main':
conftest.c:31:7: warning: unused variable 'foo' [-Wunused-variable]
 u_int foo;
       ^~~
configure:17595: $? = 0
configure:17602: result: yes
configure:17609: checking for u_long
configure:17625: gcc -c -g -O2 -Wall -Wmissing-declarations -Wmissing-prototypes -D_REENTRANT  conftest.c >&5
conftest.c: In function 'main':
conftest.c:31:8: warning: unused variable 'foo' [-Wunused-variable]
 u_long foo;
        ^~~
configure:17625: $? = 0
configure:17632: result: yes
configure:17639: checking for u_int8_t
configure:17655: gcc -c -g -O2 -Wall -Wmissing-declarations -Wmissing-prototypes -D_REENTRANT  conftest.c >&5
conftest.c: In function 'main':
conftest.c:31:10: warning: unused variable 'foo' [-Wunused-variable]
 u_int8_t foo;
          ^~~
configure:17655: $? = 0
configure:17680: result: yes
configure:17690: checking for u_int16_t
configure:17706: gcc -c -g -O2 -Wall -Wmissing-declarations -Wmissing-prototypes -D_REENTRANT  conftest.c >&5
conftest.c: In function 'main':
conftest.c:31:11: warning: unused variable 'foo' [-Wunused-variable]
 u_int16_t foo;
           ^~~
configure:17706: $? = 0
configure:17749: result: yes
configure:17759: checking for int16_t
configure:17775: gcc -c -g -O2 -Wall -Wmissing-declarations -Wmissing-prototypes -D_REENTRANT  conftest.c >&5
conftest.c: In function 'main':
conftest.c:31:9: warning: unused variable 'foo' [-Wunused-variable]
 int16_t foo;
         ^~~
configure:17775: $? = 0
configure:17818: result: yes
configure:17828: checking for u_int32_t
configure:17844: gcc -c -g -O2 -Wall -Wmissing-declarations -Wmissing-prototypes -D_REENTRANT  conftest.c >&5
conftest.c: In function 'main':
conftest.c:31:11: warning: unused variable 'foo' [-Wunused-variable]
 u_int32_t foo;
           ^~~
configure:17844: $? = 0
configure:17887: result: yes
configure:17897: checking for int32_t
configure:17913: gcc -c -g -O2 -Wall -Wmissing-declarations -Wmissing-prototypes -D_REENTRANT  conftest.c >&5
conftest.c: In function 'main':
conftest.c:31:9: warning: unused variable 'foo' [-Wunused-variable]
 int32_t foo;
         ^~~
configure:17913: $? = 0
configure:17956: result: yes
configure:17966: checking for largest integral type
configure:17982: gcc -c -g -O2 -Wall -Wmissing-declarations -Wmissing-prototypes -D_REENTRANT  conftest.c >&5
conftest.c: In function 'main':
conftest.c:31:11: warning: unused variable 'foo' [-Wunused-variable]
 long long foo;
           ^~~
configure:17982: $? = 0
configure:17989: result: unsigned long long
configure:17994: checking for integral type equal to pointer size
configure:18010: gcc -o conftest -g -O2 -Wall -Wmissing-declarations -Wmissing-prototypes -D_REENTRANT   conftest.c  >&5
conftest.c:27:1: warning: return type defaults to 'int' [-Wimplicit-int]
 main(){exit(sizeof(unsigned int) != sizeof(char *));}
 ^~~~
conftest.c: In function 'main':
conftest.c:27:8: warning: implicit declaration of function 'exit' [-Wimplicit-function-declaration]
 main(){exit(sizeof(unsigned int) != sizeof(char *));}
        ^~~~
conftest.c:27:8: warning: incompatible implicit declaration of built-in function 'exit'
conftest.c:27:8: note: include '<stdlib.h>' or provide a declaration of 'exit'
configure:18010: $? = 0
configure:18010: ./conftest
configure:18010: $? = 1
configure: program exited with status 1
configure: failed program was:
| /* confdefs.h */
| #define PACKAGE_NAME "mifluz"
| #define PACKAGE_TARNAME "mifluz"
| #define PACKAGE_VERSION "0.26.0"
| #define PACKAGE_STRING "mifluz 0.26.0"
| #define PACKAGE_BUGREPORT "mifluz-bugs@gnu.org"
| #define PACKAGE_URL ""
| #define STDC_HEADERS 1
| #define HAVE_SYS_TYPES_H 1
| #define HAVE_SYS_STAT_H 1
| #define HAVE_STDLIB_H 1
| #define HAVE_STRING_H 1
| #define HAVE_MEMORY_H 1
| #define HAVE_STRINGS_H 1
| #define HAVE_INTTYPES_H 1
| #define HAVE_STDINT_H 1
| #define HAVE_UNISTD_H 1
| #define __EXTENSIONS__ 1
| #define _ALL_SOURCE 1
| #define _GNU_SOURCE 1
| #define _POSIX_PTHREAD_SEMANTICS 1
| #define _TANDEM_SOURCE 1
| #define HAVE_DLFCN_H 1
| #define LT_OBJDIR ".libs/"
| #define TIME_WITH_SYS_TIME 1
| /* end confdefs.h.  */
| main(){exit(sizeof(unsigned int) != sizeof(char *));}
configure:18027: gcc -o conftest -g -O2 -Wall -Wmissing-declarations -Wmissing-prototypes -D_REENTRANT   conftest.c  >&5
conftest.c:27:1: warning: return type defaults to 'int' [-Wimplicit-int]
 main(){exit(sizeof(unsigned long) != sizeof(char *));}
 ^~~~
conftest.c: In function 'main':
conftest.c:27:8: warning: implicit declaration of function 'exit' [-Wimplicit-function-declaration]
 main(){exit(sizeof(unsigned long) != sizeof(char *));}
        ^~~~
conftest.c:27:8: warning: incompatible implicit declaration of built-in function 'exit'
conftest.c:27:8: note: include '<stdlib.h>' or provide a declaration of 'exit'
configure:18027: $? = 0
configure:18027: ./conftest
configure:18027: $? = 0
configure:18044: gcc -o conftest -g -O2 -Wall -Wmissing-declarations -Wmissing-prototypes -D_REENTRANT   conftest.c  >&5
conftest.c:27:1: warning: return type defaults to 'int' [-Wimplicit-int]
 main(){exit(sizeof(unsigned long long) != sizeof(char *));}
 ^~~~
conftest.c: In function 'main':
conftest.c:27:8: warning: implicit declaration of function 'exit' [-Wimplicit-function-declaration]
 main(){exit(sizeof(unsigned long long) != sizeof(char *));}
        ^~~~
conftest.c:27:8: warning: incompatible implicit declaration of built-in function 'exit'
conftest.c:27:8: note: include '<stdlib.h>' or provide a declaration of 'exit'
configure:18044: $? = 0
configure:18044: ./conftest
configure:18044: $? = 0
configure:18052: result: unsigned long long
configure:18061: checking for dirent.h that defines DIR
configure:18080: gcc -c -g -O2 -Wall -Wmissing-declarations -Wmissing-prototypes -D_REENTRANT  conftest.c >&5
configure:18080: $? = 0
configure:18088: result: yes
configure:18101: checking for library containing opendir
configure:18132: gcc -o conftest -g -O2 -Wall -Wmissing-declarations -Wmissing-prototypes -D_REENTRANT   conftest.c  >&5
configure:18132: $? = 0
configure:18149: result: none required
configure:18218: checking sys/select.h usability
configure:18218: gcc -c -g -O2 -Wall -Wmissing-declarations -Wmissing-prototypes -D_REENTRANT  conftest.c >&5
configure:18218: $? = 0
configure:18218: result: yes
configure:18218: checking sys/select.h presence
configure:18218: gcc -E -D_REENTRANT  conftest.c
configure:18218: $? = 0
configure:18218: result: yes
configure:18218: checking for sys/select.h
configure:18218: result: yes
configure:18230: checking sys/time.h usability
configure:18230: gcc -c -g -O2 -Wall -Wmissing-declarations -Wmissing-prototypes -D_REENTRANT  conftest.c >&5
configure:18230: $? = 0
configure:18230: result: yes
configure:18230: checking sys/time.h presence
configure:18230: gcc -E -D_REENTRANT  conftest.c
configure:18230: $? = 0
configure:18230: result: yes
configure:18230: checking for sys/time.h
configure:18230: result: yes
configure:18243: checking for mutexes
configure:18281: gcc -o conftest -g -O2 -Wall -Wmissing-declarations -Wmissing-prototypes -D_REENTRANT   conftest.c  >&5
conftest.c:31:10: fatal error: synch.h: No such file or directory
 #include <synch.h>
          ^~~~~~~~~
compilation terminated.
configure:18281: $? = 1
configure: program exited with status 1
configure: failed program was:
| /* confdefs.h */
| #define PACKAGE_NAME "mifluz"
| #define PACKAGE_TARNAME "mifluz"
| #define PACKAGE_VERSION "0.26.0"
| #define PACKAGE_STRING "mifluz 0.26.0"
| #define PACKAGE_BUGREPORT "mifluz-bugs@gnu.org"
| #define PACKAGE_URL ""
| #define STDC_HEADERS 1
| #define HAVE_SYS_TYPES_H 1
| #define HAVE_SYS_STAT_H 1
| #define HAVE_STDLIB_H 1
| #define HAVE_STRING_H 1
| #define HAVE_MEMORY_H 1
| #define HAVE_STRINGS_H 1
| #define HAVE_INTTYPES_H 1
| #define HAVE_STDINT_H 1
| #define HAVE_UNISTD_H 1
| #define __EXTENSIONS__ 1
| #define _ALL_SOURCE 1
| #define _GNU_SOURCE 1
| #define _POSIX_PTHREAD_SEMANTICS 1
| #define _TANDEM_SOURCE 1
| #define HAVE_DLFCN_H 1
| #define LT_OBJDIR ".libs/"
| #define TIME_WITH_SYS_TIME 1
| #define HAVE_DIRENT_H 1
| #define HAVE_SYS_SELECT_H 1
| #define HAVE_SYS_TIME_H 1
| /* end confdefs.h.  */
| 
| #include <synch.h>
| main(){
| 	static lwp_mutex_t mi = SHAREDMUTEX;
| 	static lwp_cond_t ci = SHAREDCV;
| 	lwp_mutex_t mutex = mi;
| 	lwp_cond_t cond = ci;
| 	exit (
| 	_lwp_mutex_lock(&mutex) ||
| 	_lwp_mutex_unlock(&mutex));
| }
configure:18314: gcc -o conftest -g -O2 -Wall -Wmissing-declarations -Wmissing-prototypes -D_REENTRANT   conftest.c -lthread  >&5
conftest.c:31:10: fatal error: thread.h: No such file or directory
 #include <thread.h>
          ^~~~~~~~~~
compilation terminated.
configure:18314: $? = 1
configure: program exited with status 1
configure: failed program was:
| /* confdefs.h */
| #define PACKAGE_NAME "mifluz"
| #define PACKAGE_TARNAME "mifluz"
| #define PACKAGE_VERSION "0.26.0"
| #define PACKAGE_STRING "mifluz 0.26.0"
| #define PACKAGE_BUGREPORT "mifluz-bugs@gnu.org"
| #define PACKAGE_URL ""
| #define STDC_HEADERS 1
| #define HAVE_SYS_TYPES_H 1
| #define HAVE_SYS_STAT_H 1
| #define HAVE_STDLIB_H 1
| #define HAVE_STRING_H 1
| #define HAVE_MEMORY_H 1
| #define HAVE_STRINGS_H 1
| #define HAVE_INTTYPES_H 1
| #define HAVE_STDINT_H 1
| #define HAVE_UNISTD_H 1
| #define __EXTENSIONS__ 1
| #define _ALL_SOURCE 1
| #define _GNU_SOURCE 1
| #define _POSIX_PTHREAD_SEMANTICS 1
| #define _TANDEM_SOURCE 1
| #define HAVE_DLFCN_H 1
| #define LT_OBJDIR ".libs/"
| #define TIME_WITH_SYS_TIME 1
| #define HAVE_DIRENT_H 1
| #define HAVE_SYS_SELECT_H 1
| #define HAVE_SYS_TIME_H 1
| /* end confdefs.h.  */
| 
| #include <thread.h>
| #include <synch.h>
| main(){
| 	mutex_t mutex;
| 	cond_t cond;
| 	int type = USYNC_PROCESS;
| 	exit (
| 	mutex_init(&mutex, type, NULL) ||
| 	cond_init(&cond, type, NULL) ||
| 	mutex_lock(&mutex) ||
| 	mutex_unlock(&mutex));
| }
configure:18346: gcc -o conftest -g -O2 -Wall -Wmissing-declarations -Wmissing-prototypes -D_REENTRANT   conftest.c  >&5
conftest.c:31:10: fatal error: thread.h: No such file or directory
 #include <thread.h>
          ^~~~~~~~~~
compilation terminated.
configure:18346: $? = 1
configure: program exited with status 1
configure: failed program was:
| /* confdefs.h */
| #define PACKAGE_NAME "mifluz"
| #define PACKAGE_TARNAME "mifluz"
| #define PACKAGE_VERSION "0.26.0"
| #define PACKAGE_STRING "mifluz 0.26.0"
| #define PACKAGE_BUGREPORT "mifluz-bugs@gnu.org"
| #define PACKAGE_URL ""
| #define STDC_HEADERS 1
| #define HAVE_SYS_TYPES_H 1
| #define HAVE_SYS_STAT_H 1
| #define HAVE_STDLIB_H 1
| #define HAVE_STRING_H 1
| #define HAVE_MEMORY_H 1
| #define HAVE_STRINGS_H 1
| #define HAVE_INTTYPES_H 1
| #define HAVE_STDINT_H 1
| #define HAVE_UNISTD_H 1
| #define __EXTENSIONS__ 1
| #define _ALL_SOURCE 1
| #define _GNU_SOURCE 1
| #define _POSIX_PTHREAD_SEMANTICS 1
| #define _TANDEM_SOURCE 1
| #define HAVE_DLFCN_H 1
| #define LT_OBJDIR ".libs/"
| #define TIME_WITH_SYS_TIME 1
| #define HAVE_DIRENT_H 1
| #define HAVE_SYS_SELECT_H 1
| #define HAVE_SYS_TIME_H 1
| /* end confdefs.h.  */
| 
| #include <thread.h>
| #include <synch.h>
| main(){
| 	mutex_t mutex;
| 	cond_t cond;
| 	int type = USYNC_PROCESS;
| 	exit (
| 	mutex_init(&mutex, type, NULL) ||
| 	cond_init(&cond, type, NULL) ||
| 	mutex_lock(&mutex) ||
| 	mutex_unlock(&mutex));
| }
configure:18386: gcc -o conftest -g -O2 -Wall -Wmissing-declarations -Wmissing-prototypes -D_REENTRANT   conftest.c  >&5
conftest.c:32:1: warning: return type defaults to 'int' [-Wimplicit-int]
 main(){
 ^~~~
conftest.c: In function 'main':
conftest.c:37:2: warning: implicit declaration of function 'exit' [-Wimplicit-function-declaration]
  exit (
  ^~~~
conftest.c:37:2: warning: incompatible implicit declaration of built-in function 'exit'
conftest.c:37:2: note: include '<stdlib.h>' or provide a declaration of 'exit'
/tmp/ccUY21P4.o: In function `main':
/home/carolhanna/Security_Project/gnu_dataset/mifluz-0.26.0/conftest.c:39: undefined reference to `pthread_condattr_setpshared'
/home/carolhanna/Security_Project/gnu_dataset/mifluz-0.26.0/conftest.c:40: undefined reference to `pthread_mutexattr_init'
/home/carolhanna/Security_Project/gnu_dataset/mifluz-0.26.0/conftest.c:41: undefined reference to `pthread_mutexattr_setpshared'
/home/carolhanna/Security_Project/gnu_dataset/mifluz-0.26.0/conftest.c:49: undefined reference to `pthread_mutexattr_destroy'
collect2: error: ld returned 1 exit status
configure:18386: $? = 1
configure: program exited with status 1
configure: failed program was:
| /* confdefs.h */
| #define PACKAGE_NAME "mifluz"
| #define PACKAGE_TARNAME "mifluz"
| #define PACKAGE_VERSION "0.26.0"
| #define PACKAGE_STRING "mifluz 0.26.0"
| #define PACKAGE_BUGREPORT "mifluz-bugs@gnu.org"
| #define PACKAGE_URL ""
| #define STDC_HEADERS 1
| #define HAVE_SYS_TYPES_H 1
| #define HAVE_SYS_STAT_H 1
| #define HAVE_STDLIB_H 1
| #define HAVE_STRING_H 1
| #define HAVE_MEMORY_H 1
| #define HAVE_STRINGS_H 1
| #define HAVE_INTTYPES_H 1
| #define HAVE_STDINT_H 1
| #define HAVE_UNISTD_H 1
| #define __EXTENSIONS__ 1
| #define _ALL_SOURCE 1
| #define _GNU_SOURCE 1
| #define _POSIX_PTHREAD_SEMANTICS 1
| #define _TANDEM_SOURCE 1
| #define HAVE_DLFCN_H 1
| #define LT_OBJDIR ".libs/"
| #define TIME_WITH_SYS_TIME 1
| #define HAVE_DIRENT_H 1
| #define HAVE_SYS_SELECT_H 1
| #define HAVE_SYS_TIME_H 1
| /* end confdefs.h.  */
| 
| #include <pthread.h>
| main(){
| 	pthread_cond_t cond;
| 	pthread_mutex_t mutex;
| 	pthread_condattr_t condattr;
| 	pthread_mutexattr_t mutexattr;
| 	exit (
| 	pthread_condattr_init(&condattr) ||
| 	pthread_condattr_setpshared(&condattr, PTHREAD_PROCESS_SHARED) ||
| 	pthread_mutexattr_init(&mutexattr) ||
| 	pthread_mutexattr_setpshared(&mutexattr, PTHREAD_PROCESS_SHARED) ||
| 	pthread_cond_init(&cond, &condattr) ||
| 	pthread_mutex_init(&mutex, &mutexattr) ||
| 	pthread_mutex_lock(&mutex) ||
| 	pthread_mutex_unlock(&mutex) ||
| 	pthread_mutex_destroy(&mutex) ||
| 	pthread_cond_destroy(&cond) ||
| 	pthread_condattr_destroy(&condattr) ||
| 	pthread_mutexattr_destroy(&mutexattr));
| }
configure:18426: gcc -o conftest -g -O2 -Wall -Wmissing-declarations -Wmissing-prototypes -D_REENTRANT   conftest.c -lpthread  >&5
conftest.c:32:1: warning: return type defaults to 'int' [-Wimplicit-int]
 main(){
 ^~~~
conftest.c: In function 'main':
conftest.c:37:2: warning: implicit declaration of function 'exit' [-Wimplicit-function-declaration]
  exit (
  ^~~~
conftest.c:37:2: warning: incompatible implicit declaration of built-in function 'exit'
conftest.c:37:2: note: include '<stdlib.h>' or provide a declaration of 'exit'
configure:18426: $? = 0
configure:18426: ./conftest
configure:18426: $? = 0
configure:18814: result: POSIX/pthreads/library
configure:18957: checking for getuid
configure:18957: gcc -o conftest -g -O2 -Wall -Wmissing-declarations -Wmissing-prototypes -D_REENTRANT   conftest.c -lpthread  >&5
configure:18957: $? = 0
configure:18957: result: yes
configure:18957: checking for pstat_getdynamic
configure:18957: gcc -o conftest -g -O2 -Wall -Wmissing-declarations -Wmissing-prototypes -D_REENTRANT   conftest.c -lpthread  >&5
/tmp/ccc5aCjn.o: In function `main':
/home/carolhanna/Security_Project/gnu_dataset/mifluz-0.26.0/conftest.c:68: undefined reference to `pstat_getdynamic'
collect2: error: ld returned 1 exit status
configure:18957: $? = 1
configure: failed program was:
| /* confdefs.h */
| #define PACKAGE_NAME "mifluz"
| #define PACKAGE_TARNAME "mifluz"
| #define PACKAGE_VERSION "0.26.0"
| #define PACKAGE_STRING "mifluz 0.26.0"
| #define PACKAGE_BUGREPORT "mifluz-bugs@gnu.org"
| #define PACKAGE_URL ""
| #define STDC_HEADERS 1
| #define HAVE_SYS_TYPES_H 1
| #define HAVE_SYS_STAT_H 1
| #define HAVE_STDLIB_H 1
| #define HAVE_STRING_H 1
| #define HAVE_MEMORY_H 1
| #define HAVE_STRINGS_H 1
| #define HAVE_INTTYPES_H 1
| #define HAVE_STDINT_H 1
| #define HAVE_UNISTD_H 1
| #define __EXTENSIONS__ 1
| #define _ALL_SOURCE 1
| #define _GNU_SOURCE 1
| #define _POSIX_PTHREAD_SEMANTICS 1
| #define _TANDEM_SOURCE 1
| #define HAVE_DLFCN_H 1
| #define LT_OBJDIR ".libs/"
| #define TIME_WITH_SYS_TIME 1
| #define HAVE_DIRENT_H 1
| #define HAVE_SYS_SELECT_H 1
| #define HAVE_SYS_TIME_H 1
| #define HAVE_MUTEX_THREADS /**/
| #define HAVE_MUTEX_PTHREAD /**/
| #define HAVE_MUTEX_PTHREADS /**/
| #define HAVE_GETUID 1
| /* end confdefs.h.  */
| /* Define pstat_getdynamic to an innocuous variant, in case <limits.h> declares pstat_getdynamic.
|    For example, HP-UX 11i <limits.h> declares gettimeofday.  */
| #define pstat_getdynamic innocuous_pstat_getdynamic
| 
| /* System header to define __stub macros and hopefully few prototypes,
|     which can conflict with char pstat_getdynamic (); below.
|     Prefer <limits.h> to <assert.h> if __STDC__ is defined, since
|     <limits.h> exists even on freestanding compilers.  */
| 
| #ifdef __STDC__
| # include <limits.h>
| #else
| # include <assert.h>
| #endif
| 
| #undef pstat_getdynamic
| 
| /* Override any GCC internal prototype to avoid an error.
|    Use char because int might match the return type of a GCC
|    builtin and then its argument prototype would still apply.  */
| #ifdef __cplusplus
| extern "C"
| #endif
| char pstat_getdynamic ();
| /* The GNU C library defines this for functions which it implements
|     to always fail with ENOSYS.  Some functions are actually named
|     something starting with __ and the normal name is an alias.  */
| #if defined __stub_pstat_getdynamic || defined __stub___pstat_getdynamic
| choke me
| #endif
| 
| int
| main ()
| {
| return pstat_getdynamic ();
|   ;
|   return 0;
| }
configure:18957: result: no
configure:18957: checking for sysconf
configure:18957: gcc -o conftest -g -O2 -Wall -Wmissing-declarations -Wmissing-prototypes -D_REENTRANT   conftest.c -lpthread  >&5
configure:18957: $? = 0
configure:18957: result: yes
configure:18969: checking for sched_yield
configure:18969: gcc -o conftest -g -O2 -Wall -Wmissing-declarations -Wmissing-prototypes -D_REENTRANT   conftest.c -lpthread  >&5
configure:18969: $? = 0
configure:18969: result: yes
configure:18969: checking for yield
configure:18969: gcc -o conftest -g -O2 -Wall -Wmissing-declarations -Wmissing-prototypes -D_REENTRANT   conftest.c -lpthread  >&5
/tmp/ccXCRXEB.o: In function `main':
/home/carolhanna/Security_Project/gnu_dataset/mifluz-0.26.0/conftest.c:70: undefined reference to `yield'
collect2: error: ld returned 1 exit status
configure:18969: $? = 1
configure: failed program was:
| /* confdefs.h */
| #define PACKAGE_NAME "mifluz"
| #define PACKAGE_TARNAME "mifluz"
| #define PACKAGE_VERSION "0.26.0"
| #define PACKAGE_STRING "mifluz 0.26.0"
| #define PACKAGE_BUGREPORT "mifluz-bugs@gnu.org"
| #define PACKAGE_URL ""
| #define STDC_HEADERS 1
| #define HAVE_SYS_TYPES_H 1
| #define HAVE_SYS_STAT_H 1
| #define HAVE_STDLIB_H 1
| #define HAVE_STRING_H 1
| #define HAVE_MEMORY_H 1
| #define HAVE_STRINGS_H 1
| #define HAVE_INTTYPES_H 1
| #define HAVE_STDINT_H 1
| #define HAVE_UNISTD_H 1
| #define __EXTENSIONS__ 1
| #define _ALL_SOURCE 1
| #define _GNU_SOURCE 1
| #define _POSIX_PTHREAD_SEMANTICS 1
| #define _TANDEM_SOURCE 1
| #define HAVE_DLFCN_H 1
| #define LT_OBJDIR ".libs/"
| #define TIME_WITH_SYS_TIME 1
| #define HAVE_DIRENT_H 1
| #define HAVE_SYS_SELECT_H 1
| #define HAVE_SYS_TIME_H 1
| #define HAVE_MUTEX_THREADS /**/
| #define HAVE_MUTEX_PTHREAD /**/
| #define HAVE_MUTEX_PTHREADS /**/
| #define HAVE_GETUID 1
| #define HAVE_SYSCONF 1
| #define HAVE_SCHED_YIELD 1
| /* end confdefs.h.  */
| /* Define yield to an innocuous variant, in case <limits.h> declares yield.
|    For example, HP-UX 11i <limits.h> declares gettimeofday.  */
| #define yield innocuous_yield
| 
| /* System header to define __stub macros and hopefully few prototypes,
|     which can conflict with char yield (); below.
|     Prefer <limits.h> to <assert.h> if __STDC__ is defined, since
|     <limits.h> exists even on freestanding compilers.  */
| 
| #ifdef __STDC__
| # include <limits.h>
| #else
| # include <assert.h>
| #endif
| 
| #undef yield
| 
| /* Override any GCC internal prototype to avoid an error.
|    Use char because int might match the return type of a GCC
|    builtin and then its argument prototype would still apply.  */
| #ifdef __cplusplus
| extern "C"
| #endif
| char yield ();
| /* The GNU C library defines this for functions which it implements
|     to always fail with ENOSYS.  Some functions are actually named
|     something starting with __ and the normal name is an alias.  */
| #if defined __stub_yield || defined __stub___yield
| choke me
| #endif
| 
| int
| main ()
| {
| return yield ();
|   ;
|   return 0;
| }
configure:18969: result: no
configure:18981: WARNING: pread/pwrite interfaces ignored on linux-gnu.
configure:18997: checking for fcntl/F_SETFD
configure:19012: gcc -o conftest -g -O2 -Wall -Wmissing-declarations -Wmissing-prototypes -D_REENTRANT   conftest.c -lpthread  >&5
conftest.c:39:1: warning: return type defaults to 'int' [-Wimplicit-int]
 main(){exit(fcntl(1, F_SETFD, 1) == -1);}
 ^~~~
conftest.c: In function 'main':
conftest.c:39:8: warning: implicit declaration of function 'exit' [-Wimplicit-function-declaration]
 main(){exit(fcntl(1, F_SETFD, 1) == -1);}
        ^~~~
conftest.c:39:8: warning: incompatible implicit declaration of built-in function 'exit'
conftest.c:39:8: note: include '<stdlib.h>' or provide a declaration of 'exit'
configure:19012: $? = 0
configure:19012: ./conftest
configure:19012: $? = 0
configure:19022: result: yes
configure:19033: checking for qsort
configure:19033: gcc -o conftest -g -O2 -Wall -Wmissing-declarations -Wmissing-prototypes -D_REENTRANT   conftest.c -lpthread  >&5
configure:19033: $? = 0
configure:19033: result: yes
configure:19046: checking for select
configure:19046: gcc -o conftest -g -O2 -Wall -Wmissing-declarations -Wmissing-prototypes -D_REENTRANT   conftest.c -lpthread  >&5
configure:19046: $? = 0
configure:19046: result: yes
configure:19058: checking for int type sprintf return value
configure:19070: gcc -o conftest -g -O2 -Wall -Wmissing-declarations -Wmissing-prototypes -D_REENTRANT   conftest.c -lpthread  >&5
conftest.c:39:1: warning: return type defaults to 'int' [-Wimplicit-int]
 main(){char buf[20]; exit(sprintf(buf, "XXX") != 3);}
 ^~~~
conftest.c: In function 'main':
conftest.c:39:22: warning: implicit declaration of function 'exit' [-Wimplicit-function-declaration]
 main(){char buf[20]; exit(sprintf(buf, "XXX") != 3);}
                      ^~~~
conftest.c:39:22: warning: incompatible implicit declaration of built-in function 'exit'
conftest.c:39:22: note: include '<stdlib.h>' or provide a declaration of 'exit'
conftest.c:39:27: warning: implicit declaration of function 'sprintf' [-Wimplicit-function-declaration]
 main(){char buf[20]; exit(sprintf(buf, "XXX") != 3);}
                           ^~~~~~~
conftest.c:39:27: warning: incompatible implicit declaration of built-in function 'sprintf'
conftest.c:39:27: note: include '<stdio.h>' or provide a declaration of 'sprintf'
configure:19070: $? = 0
configure:19070: ./conftest
configure:19070: $? = 0
configure:19080: result: yes
configure:19116: checking for mlock
configure:19116: gcc -o conftest -g -O2 -Wall -Wmissing-declarations -Wmissing-prototypes -D_REENTRANT   conftest.c -lpthread  >&5
configure:19116: $? = 0
configure:19116: result: yes
configure:19116: checking for munlock
configure:19116: gcc -o conftest -g -O2 -Wall -Wmissing-declarations -Wmissing-prototypes -D_REENTRANT   conftest.c -lpthread  >&5
configure:19116: $? = 0
configure:19116: result: yes
configure:19128: checking for mmap
configure:19128: gcc -o conftest -g -O2 -Wall -Wmissing-declarations -Wmissing-prototypes -D_REENTRANT   conftest.c -lpthread  >&5
configure:19128: $? = 0
configure:19128: result: yes
configure:19128: checking for munmap
configure:19128: gcc -o conftest -g -O2 -Wall -Wmissing-declarations -Wmissing-prototypes -D_REENTRANT   conftest.c -lpthread  >&5
configure:19128: $? = 0
configure:19128: result: yes
configure:19150: checking for shmget
configure:19150: gcc -o conftest -g -O2 -Wall -Wmissing-declarations -Wmissing-prototypes -D_REENTRANT   conftest.c -lpthread  >&5
configure:19150: $? = 0
configure:19150: result: yes
configure:19170: checking if zlib is wanted
configure:19185: result: yes
configure:19217: checking for inflateEnd in -lz
configure:19242: gcc -o conftest -g -O2 -Wall -Wmissing-declarations -Wmissing-prototypes -D_REENTRANT   conftest.c -lz  -lpthread  >&5
configure:19242: $? = 0
configure:19251: result: yes
configure:19266: checking zlib.h usability
configure:19266: gcc -c -g -O2 -Wall -Wmissing-declarations -Wmissing-prototypes -D_REENTRANT  conftest.c >&5
configure:19266: $? = 0
configure:19266: result: yes
configure:19266: checking zlib.h presence
configure:19266: gcc -E -D_REENTRANT  conftest.c
configure:19266: $? = 0
configure:19266: result: yes
configure:19266: checking for zlib.h
configure:19266: result: yes
configure:19327: checking for ld used by GCC
configure:19391: result: /usr/bin/ld -m elf_x86_64
configure:19398: checking if the linker (/usr/bin/ld -m elf_x86_64) is GNU ld
configure:19411: result: yes
configure:19418: checking for shared library run path origin
configure:19431: result: done
configure:20009: checking for iconv
configure:20031: gcc -o conftest -g -O2 -Wall -Wmissing-declarations -Wmissing-prototypes -D_REENTRANT   conftest.c -lz -lpthread  >&5
configure:20031: $? = 0
configure:20063: result: yes
configure:20066: checking for working iconv
configure:20161: gcc -o conftest -g -O2 -Wall -Wmissing-declarations -Wmissing-prototypes -D_REENTRANT   conftest.c -lz -lpthread  >&5
configure:20161: $? = 0
configure:20161: ./conftest
configure:20161: $? = 0
configure:20173: result: yes
configure:20201: checking for iconv declaration
configure:20230: gcc -c -g -O2 -Wall -Wmissing-declarations -Wmissing-prototypes -D_REENTRANT  conftest.c >&5
configure:20230: $? = 0
configure:20241: result:
         extern size_t iconv (iconv_t cd, char * *inbuf, size_t *inbytesleft, char * *outbuf, size_t *outbytesleft);
configure:20255: checking if unac is wanted
configure:20279: result: no
configure:20355: checking for ANSI C header files
configure:20459: result: yes
configure:20467: checking whether time.h and sys/time.h may both be included
configure:20494: result: yes
configure:20513: checking fcntl.h usability
configure:20513: g++ -c -g -O2 -Wall -Woverloaded-virtual -fno-rtti -fno-exceptions -D_REENTRANT  conftest.cpp >&5
configure:20513: $? = 0
configure:20513: result: yes
configure:20513: checking fcntl.h presence
configure:20513: g++ -E -D_REENTRANT  conftest.cpp
configure:20513: $? = 0
configure:20513: result: yes
configure:20513: checking for fcntl.h
configure:20513: result: yes
configure:20513: checking limits.h usability
configure:20513: g++ -c -g -O2 -Wall -Woverloaded-virtual -fno-rtti -fno-exceptions -D_REENTRANT  conftest.cpp >&5
configure:20513: $? = 0
configure:20513: result: yes
configure:20513: checking limits.h presence
configure:20513: g++ -E -D_REENTRANT  conftest.cpp
configure:20513: $? = 0
configure:20513: result: yes
configure:20513: checking for limits.h
configure:20513: result: yes
configure:20513: checking malloc.h usability
configure:20513: g++ -c -g -O2 -Wall -Woverloaded-virtual -fno-rtti -fno-exceptions -D_REENTRANT  conftest.cpp >&5
configure:20513: $? = 0
configure:20513: result: yes
configure:20513: checking malloc.h presence
configure:20513: g++ -E -D_REENTRANT  conftest.cpp
configure:20513: $? = 0
configure:20513: result: yes
configure:20513: checking for malloc.h
configure:20513: result: yes
configure:20513: checking sys/file.h usability
configure:20513: g++ -c -g -O2 -Wall -Woverloaded-virtual -fno-rtti -fno-exceptions -D_REENTRANT  conftest.cpp >&5
configure:20513: $? = 0
configure:20513: result: yes
configure:20513: checking sys/file.h presence
configure:20513: g++ -E -D_REENTRANT  conftest.cpp
configure:20513: $? = 0
configure:20513: result: yes
configure:20513: checking for sys/file.h
configure:20513: result: yes
configure:20513: checking sys/ioctl.h usability
configure:20513: g++ -c -g -O2 -Wall -Woverloaded-virtual -fno-rtti -fno-exceptions -D_REENTRANT  conftest.cpp >&5
configure:20513: $? = 0
configure:20513: result: yes
configure:20513: checking sys/ioctl.h presence
configure:20513: g++ -E -D_REENTRANT  conftest.cpp
configure:20513: $? = 0
configure:20513: result: yes
configure:20513: checking for sys/ioctl.h
configure:20513: result: yes
configure:20513: checking for sys/time.h
configure:20513: result: yes
configure:20513: checking for unistd.h
configure:20513: result: yes
configure:20513: checking getopt.h usability
configure:20513: g++ -c -g -O2 -Wall -Woverloaded-virtual -fno-rtti -fno-exceptions -D_REENTRANT  conftest.cpp >&5
configure:20513: $? = 0
configure:20513: result: yes
configure:20513: checking getopt.h presence
configure:20513: g++ -E -D_REENTRANT  conftest.cpp
configure:20513: $? = 0
configure:20513: result: yes
configure:20513: checking for getopt.h
configure:20513: result: yes
configure:20513: checking for strings.h
configure:20513: result: yes
configure:20513: checking for zlib.h
configure:20513: result: yes
configure:20534: checking for an ANSI C-conforming const
configure:20607: result: yes
configure:20615: checking whether struct tm is in sys/time.h or time.h
configure:20635: gcc -c -g -O2 -Wall -Wmissing-declarations -Wmissing-prototypes -D_REENTRANT  conftest.c >&5
configure:20635: $? = 0
configure:20642: result: time.h
configure:20654: checking for strdup
configure:20654: gcc -o conftest -g -O2 -Wall -Wmissing-declarations -Wmissing-prototypes -D_REENTRANT   conftest.c -lz -lpthread  >&5
conftest.c:83:6: warning: conflicting types for built-in function 'strdup' [-Wbuiltin-declaration-mismatch]
 char strdup ();
      ^~~~~~
configure:20654: $? = 0
configure:20654: result: yes
configure:20654: checking for strstr
configure:20654: gcc -o conftest -g -O2 -Wall -Wmissing-declarations -Wmissing-prototypes -D_REENTRANT   conftest.c -lz -lpthread  >&5
conftest.c:84:6: warning: conflicting types for built-in function 'strstr' [-Wbuiltin-declaration-mismatch]
 char strstr ();
      ^~~~~~
configure:20654: $? = 0
configure:20654: result: yes
configure:20654: checking for strtoul
configure:20654: gcc -o conftest -g -O2 -Wall -Wmissing-declarations -Wmissing-prototypes -D_REENTRANT   conftest.c -lz -lpthread  >&5
configure:20654: $? = 0
configure:20654: result: yes
configure:20663: checking for getcwd
configure:20663: gcc -o conftest -g -O2 -Wall -Wmissing-declarations -Wmissing-prototypes -D_REENTRANT   conftest.c -lz -lpthread  >&5
configure:20663: $? = 0
configure:20663: result: yes
configure:20676: checking for strerror
configure:20676: gcc -o conftest -g -O2 -Wall -Wmissing-declarations -Wmissing-prototypes -D_REENTRANT   conftest.c -lz -lpthread  >&5
configure:20676: $? = 0
configure:20676: result: yes
configure:20689: checking for memcmp
configure:20689: gcc -o conftest -g -O2 -Wall -Wmissing-declarations -Wmissing-prototypes -D_REENTRANT   conftest.c -lz -lpthread  >&5
conftest.c:88:6: warning: conflicting types for built-in function 'memcmp' [-Wbuiltin-declaration-mismatch]
 char memcmp ();
      ^~~~~~
configure:20689: $? = 0
configure:20689: result: yes
configure:20702: checking for memcpy
configure:20702: gcc -o conftest -g -O2 -Wall -Wmissing-declarations -Wmissing-prototypes -D_REENTRANT   conftest.c -lz -lpthread  >&5
conftest.c:89:6: warning: conflicting types for built-in function 'memcpy' [-Wbuiltin-declaration-mismatch]
 char memcpy ();
      ^~~~~~
configure:20702: $? = 0
configure:20702: result: yes
configure:20715: checking for memmove
configure:20715: gcc -o conftest -g -O2 -Wall -Wmissing-declarations -Wmissing-prototypes -D_REENTRANT   conftest.c -lz -lpthread  >&5
conftest.c:90:6: warning: conflicting types for built-in function 'memmove' [-Wbuiltin-declaration-mismatch]
 char memmove ();
      ^~~~~~~
configure:20715: $? = 0
configure:20715: result: yes
configure:20728: checking for raise
configure:20728: gcc -o conftest -g -O2 -Wall -Wmissing-declarations -Wmissing-prototypes -D_REENTRANT   conftest.c -lz -lpthread  >&5
configure:20728: $? = 0
configure:20728: result: yes
configure:20742: checking for snprintf
configure:20742: gcc -o conftest -g -O2 -Wall -Wmissing-declarations -Wmissing-prototypes -D_REENTRANT   conftest.c -lz -lpthread  >&5
conftest.c:92:6: warning: conflicting types for built-in function 'snprintf' [-Wbuiltin-declaration-mismatch]
 char snprintf ();
      ^~~~~~~~
configure:20742: $? = 0
configure:20742: result: yes
configure:20755: checking for vsnprintf
configure:20755: gcc -o conftest -g -O2 -Wall -Wmissing-declarations -Wmissing-prototypes -D_REENTRANT   conftest.c -lz -lpthread  >&5
conftest.c:93:6: warning: conflicting types for built-in function 'vsnprintf' [-Wbuiltin-declaration-mismatch]
 char vsnprintf ();
      ^~~~~~~~~
configure:20755: $? = 0
configure:20755: result: yes
configure:20768: checking for strncoll
configure:20768: gcc -o conftest -g -O2 -Wall -Wmissing-declarations -Wmissing-prototypes -D_REENTRANT   conftest.c -lz -lpthread  >&5
/tmp/ccH75UrO.o: In function `main':
/home/carolhanna/Security_Project/gnu_dataset/mifluz-0.26.0/conftest.c:105: undefined reference to `strncoll'
collect2: error: ld returned 1 exit status
configure:20768: $? = 1
configure: failed program was:
| /* confdefs.h */
| #define PACKAGE_NAME "mifluz"
| #define PACKAGE_TARNAME "mifluz"
| #define PACKAGE_VERSION "0.26.0"
| #define PACKAGE_STRING "mifluz 0.26.0"
| #define PACKAGE_BUGREPORT "mifluz-bugs@gnu.org"
| #define PACKAGE_URL ""
| #define STDC_HEADERS 1
| #define HAVE_SYS_TYPES_H 1
| #define HAVE_SYS_STAT_H 1
| #define HAVE_STDLIB_H 1
| #define HAVE_STRING_H 1
| #define HAVE_MEMORY_H 1
| #define HAVE_STRINGS_H 1
| #define HAVE_INTTYPES_H 1
| #define HAVE_STDINT_H 1
| #define HAVE_UNISTD_H 1
| #define __EXTENSIONS__ 1
| #define _ALL_SOURCE 1
| #define _GNU_SOURCE 1
| #define _POSIX_PTHREAD_SEMANTICS 1
| #define _TANDEM_SOURCE 1
| #define HAVE_DLFCN_H 1
| #define LT_OBJDIR ".libs/"
| #define TIME_WITH_SYS_TIME 1
| #define HAVE_DIRENT_H 1
| #define HAVE_SYS_SELECT_H 1
| #define HAVE_SYS_TIME_H 1
| #define HAVE_MUTEX_THREADS /**/
| #define HAVE_MUTEX_PTHREAD /**/
| #define HAVE_MUTEX_PTHREADS /**/
| #define HAVE_GETUID 1
| #define HAVE_SYSCONF 1
| #define HAVE_SCHED_YIELD 1
| #define HAVE_FCNTL_F_SETFD /**/
| #define HAVE_QSORT 1
| #define HAVE_SELECT 1
| #define HAVE_MLOCK 1
| #define HAVE_MUNLOCK 1
| #define HAVE_MMAP 1
| #define HAVE_MUNMAP 1
| #define HAVE_SHMGET 1
| #define HAVE_LIBZ 1
| #define HAVE_ZLIB_H 1
| #define HAVE_ICONV 1
| #define ICONV_CONST 
| #define STDC_HEADERS 1
| #define TIME_WITH_SYS_TIME 1
| #define HAVE_FCNTL_H 1
| #define HAVE_LIMITS_H 1
| #define HAVE_MALLOC_H 1
| #define HAVE_SYS_FILE_H 1
| #define HAVE_SYS_IOCTL_H 1
| #define HAVE_SYS_TIME_H 1
| #define HAVE_UNISTD_H 1
| #define HAVE_GETOPT_H 1
| #define HAVE_STRINGS_H 1
| #define HAVE_ZLIB_H 1
| #define HAVE_STRDUP 1
| #define HAVE_STRSTR 1
| #define HAVE_STRTOUL 1
| #define HAVE_GETCWD 1
| #define HAVE_STRERROR 1
| #define HAVE_MEMCMP 1
| #define HAVE_MEMCPY 1
| #define HAVE_MEMMOVE 1
| #define HAVE_RAISE 1
| #define HAVE_SNPRINTF 1
| #define HAVE_VSNPRINTF 1
| /* end confdefs.h.  */
| /* Define strncoll to an innocuous variant, in case <limits.h> declares strncoll.
|    For example, HP-UX 11i <limits.h> declares gettimeofday.  */
| #define strncoll innocuous_strncoll
| 
| /* System header to define __stub macros and hopefully few prototypes,
|     which can conflict with char strncoll (); below.
|     Prefer <limits.h> to <assert.h> if __STDC__ is defined, since
|     <limits.h> exists even on freestanding compilers.  */
| 
| #ifdef __STDC__
| # include <limits.h>
| #else
| # include <assert.h>
| #endif
| 
| #undef strncoll
| 
| /* Override any GCC internal prototype to avoid an error.
|    Use char because int might match the return type of a GCC
|    builtin and then its argument prototype would still apply.  */
| #ifdef __cplusplus
| extern "C"
| #endif
| char strncoll ();
| /* The GNU C library defines this for functions which it implements
|     to always fail with ENOSYS.  Some functions are actually named
|     something starting with __ and the normal name is an alias.  */
| #if defined __stub_strncoll || defined __stub___strncoll
| choke me
| #endif
| 
| int
| main ()
| {
| return strncoll ();
|   ;
|   return 0;
| }
configure:20768: result: no
configure:20782: checking for strcasecmp
configure:20782: gcc -o conftest -g -O2 -Wall -Wmissing-declarations -Wmissing-prototypes -D_REENTRANT   conftest.c -lz -lpthread  >&5
conftest.c:94:6: warning: conflicting types for built-in function 'strcasecmp' [-Wbuiltin-declaration-mismatch]
 char strcasecmp ();
      ^~~~~~~~~~
configure:20782: $? = 0
configure:20782: result: yes
configure:20795: checking for strncasecmp
configure:20795: gcc -o conftest -g -O2 -Wall -Wmissing-declarations -Wmissing-prototypes -D_REENTRANT   conftest.c -lz -lpthread  >&5
conftest.c:95:6: warning: conflicting types for built-in function 'strncasecmp' [-Wbuiltin-declaration-mismatch]
 char strncasecmp ();
      ^~~~~~~~~~~
configure:20795: $? = 0
configure:20795: result: yes
configure:20808: checking for strcasestr
configure:20808: gcc -o conftest -g -O2 -Wall -Wmissing-declarations -Wmissing-prototypes -D_REENTRANT   conftest.c -lz -lpthread  >&5
configure:20808: $? = 0
configure:20808: result: yes
configure:20824: checking for working alloca.h
configure:20841: gcc -o conftest -g -O2 -Wall -Wmissing-declarations -Wmissing-prototypes -D_REENTRANT   conftest.c -lz -lpthread  >&5
configure:20841: $? = 0
configure:20849: result: yes
configure:20857: checking for alloca
configure:20894: gcc -o conftest -g -O2 -Wall -Wmissing-declarations -Wmissing-prototypes -D_REENTRANT   conftest.c -lz -lpthread  >&5
configure:20894: $? = 0
configure:20902: result: yes
configure:21010: checking for strftime
configure:21010: gcc -o conftest -g -O2 -Wall -Wmissing-declarations -Wmissing-prototypes -D_REENTRANT   conftest.c -lz -lpthread  >&5
conftest.c:99:6: warning: conflicting types for built-in function 'strftime' [-Wbuiltin-declaration-mismatch]
 char strftime ();
      ^~~~~~~~
configure:21010: $? = 0
configure:21010: result: yes
configure:21066: checking for strptime
configure:21066: gcc -o conftest -g -O2 -Wall -Wmissing-declarations -Wmissing-prototypes -D_REENTRANT   conftest.c -lz -lpthread  >&5
configure:21066: $? = 0
configure:21066: result: yes
configure:21075: checking for strptime declaration in time.h
configure:21088: result: yes
configure:21104: checking for localtime_r
configure:21104: gcc -o conftest -g -O2 -Wall -Wmissing-declarations -Wmissing-prototypes -D_REENTRANT   conftest.c -lz -lpthread  >&5
configure:21104: $? = 0
configure:21104: result: yes
configure:21104: checking for timegm
configure:21104: gcc -o conftest -g -O2 -Wall -Wmissing-declarations -Wmissing-prototypes -D_REENTRANT   conftest.c -lz -lpthread  >&5
configure:21104: $? = 0
configure:21104: result: yes
configure:21151: checking for bool data type?
configure:21164: g++ -c -g -O2 -Wall -Woverloaded-virtual -fno-rtti -fno-exceptions -D_REENTRANT  conftest.cpp >&5
conftest.cpp: In function 'int main()':
conftest.cpp:85:6: warning: unused variable 'i' [-Wunused-variable]
 bool i;
      ^
configure:21164: $? = 0
configure:21165: result: yes
configure:21175: checking for true and false?
configure:21188: g++ -c -g -O2 -Wall -Woverloaded-virtual -fno-rtti -fno-exceptions -D_REENTRANT  conftest.cpp >&5
conftest.cpp: In function 'int main()':
conftest.cpp:86:5: warning: variable 'i' set but not used [-Wunused-but-set-variable]
 int i, j; i= true; j= false;
     ^
conftest.cpp:86:8: warning: variable 'j' set but not used [-Wunused-but-set-variable]
 int i, j; i= true; j= false;
        ^
configure:21188: $? = 0
configure:21189: result: yes
configure:21356: creating ./config.status

## ---------------------- ##
## Running config.status. ##
## ---------------------- ##

This file was extended by mifluz config.status 0.26.0, which was
generated by GNU Autoconf 2.69.  Invocation command line was

  CONFIG_FILES    = 
  CONFIG_HEADERS  = 
  CONFIG_LINKS    = 
  CONFIG_COMMANDS = 
  $ ./config.status 

on rishon

config.status:1246: creating mifluz-config
config.status:1354: WARNING:  'mifluz-config.in' seems to ignore the --datarootdir setting
config.status:1246: creating Makefile
config.status:1246: creating mifluz.spec
config.status:1246: creating clib/Makefile
config.status:1246: creating db/Makefile
config.status:1246: creating db/db.h
config.status:1246: creating mifluz/Makefile
config.status:1246: creating htdb/Makefile
config.status:1246: creating search/Makefile
config.status:1246: creating doc/Makefile
config.status:1246: creating test/Makefile
config.status:1246: creating test/test_functions
config.status:1246: creating examples/Makefile
config.status:1246: creating man/Makefile
config.status:1246: creating config.h
config.status:1427: config.h is unchanged
config.status:1475: executing depfiles commands
config.status:1475: executing libtool commands

## ---------------- ##
## Cache variables. ##
## ---------------- ##

ac_cv_build=x86_64-unknown-linux-gnu
ac_cv_c_bigendian=no
ac_cv_c_compiler_gnu=yes
ac_cv_c_const=yes
ac_cv_cxx_compiler_gnu=yes
ac_cv_env_CCC_set=
ac_cv_env_CCC_value=
ac_cv_env_CC_set=
ac_cv_env_CC_value=
ac_cv_env_CFLAGS_set=
ac_cv_env_CFLAGS_value=
ac_cv_env_CPPFLAGS_set=
ac_cv_env_CPPFLAGS_value=
ac_cv_env_CPP_set=
ac_cv_env_CPP_value=
ac_cv_env_CXXCPP_set=
ac_cv_env_CXXCPP_value=
ac_cv_env_CXXFLAGS_set=
ac_cv_env_CXXFLAGS_value=
ac_cv_env_CXX_set=
ac_cv_env_CXX_value=
ac_cv_env_LDFLAGS_set=
ac_cv_env_LDFLAGS_value=
ac_cv_env_LIBS_set=
ac_cv_env_LIBS_value=
ac_cv_env_YACC_set=
ac_cv_env_YACC_value=
ac_cv_env_YFLAGS_set=
ac_cv_env_YFLAGS_value=
ac_cv_env_build_alias_set=
ac_cv_env_build_alias_value=
ac_cv_env_host_alias_set=
ac_cv_env_host_alias_value=
ac_cv_env_target_alias_set=
ac_cv_env_target_alias_value=
ac_cv_func_alloca_works=yes
ac_cv_func_getcwd=yes
ac_cv_func_getuid=yes
ac_cv_func_localtime_r=yes
ac_cv_func_memcmp=yes
ac_cv_func_memcpy=yes
ac_cv_func_memmove=yes
ac_cv_func_mlock=yes
ac_cv_func_mmap=yes
ac_cv_func_munlock=yes
ac_cv_func_munmap=yes
ac_cv_func_pstat_getdynamic=no
ac_cv_func_qsort=yes
ac_cv_func_raise=yes
ac_cv_func_sched_yield=yes
ac_cv_func_select=yes
ac_cv_func_shmget=yes
ac_cv_func_snprintf=yes
ac_cv_func_strcasecmp=yes
ac_cv_func_strcasestr=yes
ac_cv_func_strdup=yes
ac_cv_func_strerror=yes
ac_cv_func_strftime=yes
ac_cv_func_strncasecmp=yes
ac_cv_func_strncoll=no
ac_cv_func_strptime=yes
ac_cv_func_strstr=yes
ac_cv_func_strtoul=yes
ac_cv_func_sysconf=yes
ac_cv_func_timegm=yes
ac_cv_func_vsnprintf=yes
ac_cv_func_yield=no
ac_cv_header_dirent_dirent_h=yes
ac_cv_header_dlfcn_h=yes
ac_cv_header_fcntl_h=yes
ac_cv_header_getopt_h=yes
ac_cv_header_inttypes_h=yes
ac_cv_header_limits_h=yes
ac_cv_header_malloc_h=yes
ac_cv_header_memory_h=yes
ac_cv_header_minix_config_h=no
ac_cv_header_stat_broken=no
ac_cv_header_stdc=yes
ac_cv_header_stdint_h=yes
ac_cv_header_stdlib_h=yes
ac_cv_header_string_h=yes
ac_cv_header_strings_h=yes
ac_cv_header_sys_file_h=yes
ac_cv_header_sys_ioctl_h=yes
ac_cv_header_sys_select_h=yes
ac_cv_header_sys_stat_h=yes
ac_cv_header_sys_time_h=yes
ac_cv_header_sys_types_h=yes
ac_cv_header_time=yes
ac_cv_header_unistd_h=yes
ac_cv_header_zlib_h=yes
ac_cv_host=x86_64-unknown-linux-gnu
ac_cv_lib_z_inflateEnd=yes
ac_cv_objext=o
ac_cv_path_AR=/usr/bin/ar
ac_cv_path_EGREP='/bin/grep -E'
ac_cv_path_FGREP='/bin/grep -F'
ac_cv_path_FIND=/usr/bin/find
ac_cv_path_GREP=/bin/grep
ac_cv_path_GUNZIP=/bin/gunzip
ac_cv_path_PERL=/usr/bin/perl
ac_cv_path_SED=/bin/sed
ac_cv_path_SHELL=/bin/bash
ac_cv_path_TIME=/usr/bin/time
ac_cv_path_install='/usr/bin/install -c'
ac_cv_path_mkdir=/bin/mkdir
ac_cv_prog_AWK=gawk
ac_cv_prog_CPP='gcc -E'
ac_cv_prog_CXXCPP='g++ -E'
ac_cv_prog_TAR=tar
ac_cv_prog_ac_ct_CC=gcc
ac_cv_prog_ac_ct_CXX=g++
ac_cv_prog_ac_ct_MANIFEST_TOOL=mt
ac_cv_prog_ac_ct_OBJDUMP=objdump
ac_cv_prog_ac_ct_RANLIB=ranlib
ac_cv_prog_ac_ct_STRIP=strip
ac_cv_prog_cc_c89=
ac_cv_prog_cc_g=yes
ac_cv_prog_cxx_g=yes
ac_cv_prog_make_make_set=yes
ac_cv_safe_to_define___extensions__=yes
ac_cv_search_opendir='none required'
ac_cv_struct_tm=time.h
ac_cv_type_mode_t=yes
ac_cv_type_off_t=yes
ac_cv_type_pid_t=yes
ac_cv_type_size_t=yes
ac_cv_working_alloca_h=yes
acl_cv_path_LD='/usr/bin/ld -m elf_x86_64'
acl_cv_prog_gnu_ld=yes
acl_cv_rpath=done
am_cv_CC_dependencies_compiler_type=gcc3
am_cv_CXX_dependencies_compiler_type=gcc3
am_cv_func_iconv=yes
am_cv_func_iconv_works=yes
am_cv_lib_iconv=no
am_cv_proto_iconv='extern size_t iconv (iconv_t cd, char * *inbuf, size_t *inbytesleft, char * *outbuf, size_t *outbytesleft);'
am_cv_proto_iconv_arg1=
db_cv_align_t='unsigned long long'
db_cv_alignp_t='unsigned long long'
db_cv_bigfile=no
db_cv_debug=no
db_cv_debug_rop=no
db_cv_debug_wop=no
db_cv_diagnostic=no
db_cv_fcntl_f_setfd=yes
db_cv_int16=yes
db_cv_int32=yes
db_cv_mutex=POSIX/pthreads/library
db_cv_posixmutexes=no
db_cv_sprintf_count=yes
db_cv_ssize_t=yes
db_cv_uchar=yes
db_cv_uimutexes=no
db_cv_uint16=yes
db_cv_uint32=yes
db_cv_uint8=yes
db_cv_uint=yes
db_cv_ulong=yes
db_cv_ushort=yes
lt_cv_ar_at_file=@
lt_cv_archive_cmds_need_lc=no
lt_cv_deplibs_check_method=pass_all
lt_cv_file_magic_cmd='$MAGIC_CMD'
lt_cv_file_magic_test_file=
lt_cv_ld_reload_flag=-r
lt_cv_nm_interface='BSD nm'
lt_cv_objdir=.libs
lt_cv_path_LD=/usr/bin/ld
lt_cv_path_LDCXX='/usr/bin/ld -m elf_x86_64'
lt_cv_path_NM='/usr/bin/nm -B'
lt_cv_path_mainfest_tool=no
lt_cv_prog_compiler_c_o=yes
lt_cv_prog_compiler_c_o_CXX=yes
lt_cv_prog_compiler_pic='-fPIC -DPIC'
lt_cv_prog_compiler_pic_CXX='-fPIC -DPIC'
lt_cv_prog_compiler_pic_works=yes
lt_cv_prog_compiler_pic_works_CXX=yes
lt_cv_prog_compiler_rtti_exceptions=no
lt_cv_prog_compiler_static_works=yes
lt_cv_prog_compiler_static_works_CXX=yes
lt_cv_prog_gnu_ld=yes
lt_cv_prog_gnu_ldcxx=yes
lt_cv_sharedlib_from_linklib_cmd='printf %s\n'
lt_cv_shlibpath_overrides_runpath=yes
lt_cv_sys_global_symbol_pipe='sed -n -e '\''s/^.*[	 ]\([ABCDGIRSTW][ABCDGIRSTW]*\)[	 ][	 ]*\([_A-Za-z][_A-Za-z0-9]*\)$/\1 \2 \2/p'\'' | sed '\''/ __gnu_lto/d'\'''
lt_cv_sys_global_symbol_to_c_name_address='sed -n -e '\''s/^: \([^ ]*\)[ ]*$/  {\"\1\", (void *) 0},/p'\'' -e '\''s/^[ABCDGIRSTW]* \([^ ]*\) \([^ ]*\)$/  {"\2", (void *) \&\2},/p'\'''
lt_cv_sys_global_symbol_to_c_name_address_lib_prefix='sed -n -e '\''s/^: \([^ ]*\)[ ]*$/  {\"\1\", (void *) 0},/p'\'' -e '\''s/^[ABCDGIRSTW]* \([^ ]*\) \(lib[^ ]*\)$/  {"\2", (void *) \&\2},/p'\'' -e '\''s/^[ABCDGIRSTW]* \([^ ]*\) \([^ ]*\)$/  {"lib\2", (void *) \&\2},/p'\'''
lt_cv_sys_global_symbol_to_cdecl='sed -n -e '\''s/^T .* \(.*\)$/extern int \1();/p'\'' -e '\''s/^[ABCDGIRSTW]* .* \(.*\)$/extern char \1;/p'\'''
lt_cv_sys_max_cmd_len=1572864
lt_cv_to_host_file_cmd=func_convert_file_noop
lt_cv_to_tool_file_cmd=func_convert_file_noop

## ----------------- ##
## Output variables. ##
## ----------------- ##

ACLOCAL='${SHELL} /home/carolhanna/Security_Project/gnu_dataset/mifluz-0.26.0/missing --run aclocal-1.11'
ALLOCA=''
AMDEPBACKSLASH='\'
AMDEP_FALSE='#'
AMDEP_TRUE=''
AMTAR='$${TAR-tar}'
AR='/usr/bin/ar'
AUTOCONF='${SHELL} /home/carolhanna/Security_Project/gnu_dataset/mifluz-0.26.0/missing --run autoconf'
AUTOHEADER='${SHELL} /home/carolhanna/Security_Project/gnu_dataset/mifluz-0.26.0/missing --run autoheader'
AUTOMAKE='${SHELL} /home/carolhanna/Security_Project/gnu_dataset/mifluz-0.26.0/missing --run automake-1.11'
AWK='gawk'
CC='gcc'
CCACHE=''
CCDEPMODE='depmode=gcc3'
CFLAGS='-g -O2 -Wall -Wmissing-declarations -Wmissing-prototypes'
CPP='gcc -E'
CPPFLAGS='-D_REENTRANT '
CXX='g++'
CXXCPP='g++ -E'
CXXDEPMODE='depmode=gcc3'
CXXFLAGS='-g -O2 -Wall -Woverloaded-virtual -fno-rtti -fno-exceptions'
CYGPATH_W='echo'
DEFS='-DHAVE_CONFIG_H'
DEPDIR='.deps'
DLLTOOL='false'
DSYMUTIL=''
DUMPBIN=''
DVIPS=''
ECHO_C=''
ECHO_N='-n'
ECHO_T=''
EGREP='/bin/grep -E'
EXEEXT=''
FGREP='/bin/grep -F'
FIND='/usr/bin/find'
GREP='/bin/grep'
GUNZIP='/bin/gunzip'
INSTALL_DATA='${INSTALL} -m 644'
INSTALL_PROGRAM='${INSTALL}'
INSTALL_SCRIPT='${INSTALL}'
INSTALL_STRIP_PROGRAM='$(install_sh) -c -s'
LD='/usr/bin/ld -m elf_x86_64'
LDFLAGS=''
LEX='${SHELL} /home/carolhanna/Security_Project/gnu_dataset/mifluz-0.26.0/missing --run flex'
LEXLIB=''
LEX_OUTPUT_ROOT=''
LIBICONV=''
LIBOBJS=' ${LIBOBJDIR}strncoll$U.o'
LIBS='-lz -lpthread '
LIBTOOL='$(SHELL) $(top_builddir)/libtool'
LIPO=''
LN_S='ln -s'
LTLIBICONV=''
LTLIBOBJS=' ${LIBOBJDIR}strncoll$U.lo'
MAJOR_VERSION='0'
MAKEINFO=''
MANIFEST_TOOL=':'
MICRO_VERSION='0'
MINOR_VERSION='26'
MKDIR_P='/bin/mkdir -p'
NM='/usr/bin/nm -B'
NMEDIT=''
OBJDUMP='objdump'
OBJEXT='o'
OTOOL64=''
OTOOL=''
PACKAGE='mifluz'
PACKAGE_BUGREPORT='mifluz-bugs@gnu.org'
PACKAGE_NAME='mifluz'
PACKAGE_STRING='mifluz 0.26.0'
PACKAGE_TARNAME='mifluz'
PACKAGE_URL=''
PACKAGE_VERSION='0.26.0'
PATH_SEPARATOR=':'
PERL='/usr/bin/perl'
RANLIB='ranlib'
RRDTOOL=''
SED='/bin/sed'
SET_MAKE=''
SHELL='/bin/bash'
STRIP='strip'
TAR='tar'
TEXI2DVI=''
TIME='/usr/bin/time'
TIMEV='/usr/bin/time -v'
VERSION='0.26.0'
YACC='yacc'
YFLAGS=''
ac_ct_AR=''
ac_ct_CC='gcc'
ac_ct_CXX='g++'
ac_ct_DUMPBIN=''
am__EXEEXT_FALSE=''
am__EXEEXT_TRUE='#'
am__fastdepCC_FALSE='#'
am__fastdepCC_TRUE=''
am__fastdepCXX_FALSE='#'
am__fastdepCXX_TRUE=''
am__include='include'
am__isrc=''
am__leading_dot='.'
am__nodep='_no'
am__quote=''
am__tar='$${TAR-tar} chof - "$$tardir"'
am__untar='$${TAR-tar} xf -'
bindir='${exec_prefix}/bin'
build='x86_64-unknown-linux-gnu'
build_alias=''
build_cpu='x86_64'
build_os='linux-gnu'
build_vendor='unknown'
datadir='${datarootdir}'
datarootdir='${prefix}/share'
db_align_t_decl='typedef unsigned long long db_align_t;'
db_alignp_t_decl='typedef unsigned long long db_alignp_t;'
docdir='${datarootdir}/doc/${PACKAGE_TARNAME}'
dvidir='${docdir}'
exec_prefix='${prefix}'
host='x86_64-unknown-linux-gnu'
host_alias=''
host_cpu='x86_64'
host_os='linux-gnu'
host_vendor='unknown'
htmldir='${docdir}'
includedir='${prefix}/include'
infodir='${datarootdir}/info'
install_sh='${SHELL} /home/carolhanna/Security_Project/gnu_dataset/mifluz-0.26.0/install-sh'
int16_decl=''
int32_decl=''
libdir='${exec_prefix}/lib'
libexecdir='${exec_prefix}/libexec'
localedir='${datarootdir}/locale'
localstatedir='${prefix}/var'
mandir='${datarootdir}/man'
mkdir_p='/bin/mkdir -p'
oldincludedir='/usr/include'
pdfdir='${docdir}'
prefix='/usr/local'
program_transform_name='s,x,x,'
psdir='${docdir}'
sbindir='${exec_prefix}/sbin'
sharedstatedir='${prefix}/com'
ssize_t_decl=''
sysconfdir='${prefix}/etc'
target_alias=''
u_char_decl=''
u_int16_decl=''
u_int32_decl=''
u_int8_decl=''
u_int_decl=''
u_long_decl=''
u_short_decl=''

## ----------- ##
## confdefs.h. ##
## ----------- ##

/* confdefs.h */
#define PACKAGE_NAME "mifluz"
#define PACKAGE_TARNAME "mifluz"
#define PACKAGE_VERSION "0.26.0"
#define PACKAGE_STRING "mifluz 0.26.0"
#define PACKAGE_BUGREPORT "mifluz-bugs@gnu.org"
#define PACKAGE_URL ""
#define STDC_HEADERS 1
#define HAVE_SYS_TYPES_H 1
#define HAVE_SYS_STAT_H 1
#define HAVE_STDLIB_H 1
#define HAVE_STRING_H 1
#define HAVE_MEMORY_H 1
#define HAVE_STRINGS_H 1
#define HAVE_INTTYPES_H 1
#define HAVE_STDINT_H 1
#define HAVE_UNISTD_H 1
#define __EXTENSIONS__ 1
#define _ALL_SOURCE 1
#define _GNU_SOURCE 1
#define _POSIX_PTHREAD_SEMANTICS 1
#define _TANDEM_SOURCE 1
#define HAVE_DLFCN_H 1
#define LT_OBJDIR ".libs/"
#define TIME_WITH_SYS_TIME 1
#define HAVE_DIRENT_H 1
#define HAVE_SYS_SELECT_H 1
#define HAVE_SYS_TIME_H 1
#define HAVE_MUTEX_THREADS /**/
#define HAVE_MUTEX_PTHREAD /**/
#define HAVE_MUTEX_PTHREADS /**/
#define HAVE_GETUID 1
#define HAVE_SYSCONF 1
#define HAVE_SCHED_YIELD 1
#define HAVE_FCNTL_F_SETFD /**/
#define HAVE_QSORT 1
#define HAVE_SELECT 1
#define HAVE_MLOCK 1
#define HAVE_MUNLOCK 1
#define HAVE_MMAP 1
#define HAVE_MUNMAP 1
#define HAVE_SHMGET 1
#define HAVE_LIBZ 1
#define HAVE_ZLIB_H 1
#define HAVE_ICONV 1
#define ICONV_CONST 
#define STDC_HEADERS 1
#define TIME_WITH_SYS_TIME 1
#define HAVE_FCNTL_H 1
#define HAVE_LIMITS_H 1
#define HAVE_MALLOC_H 1
#define HAVE_SYS_FILE_H 1
#define HAVE_SYS_IOCTL_H 1
#define HAVE_SYS_TIME_H 1
#define HAVE_UNISTD_H 1
#define HAVE_GETOPT_H 1
#define HAVE_STRINGS_H 1
#define HAVE_ZLIB_H 1
#define HAVE_STRDUP 1
#define HAVE_STRSTR 1
#define HAVE_STRTOUL 1
#define HAVE_GETCWD 1
#define HAVE_STRERROR 1
#define HAVE_MEMCMP 1
#define HAVE_MEMCPY 1
#define HAVE_MEMMOVE 1
#define HAVE_RAISE 1
#define HAVE_SNPRINTF 1
#define HAVE_VSNPRINTF 1
#define HAVE_STRCASECMP 1
#define HAVE_STRNCASECMP 1
#define HAVE_STRCASESTR 1
#define HAVE_ALLOCA_H 1
#define HAVE_ALLOCA 1
#define HAVE_STRFTIME 1
#define HAVE_STRPTIME 1
#define HAVE_STRPTIME_DECL /**/
#define HAVE_LOCALTIME_R 1
#define HAVE_TIMEGM 1
#define HAVE_BOOL /**/
#define HAVE_TRUE /**/
#define HAVE_FALSE /**/

configure: exit 0
