This file contains any messages produced by compilers while
running configure, to aid debugging if configure makes a mistake.

It was created by GNU Typist configure 2.9, which was
generated by GNU Autoconf 2.68.  Invocation command line was

  $ ./configure 

## --------- ##
## Platform. ##
## --------- ##

hostname = rishon
uname -m = x86_64
uname -r = 4.15.0-72-generic
uname -s = Linux
uname -v = #81-Ubuntu SMP Tue Nov 26 12:20:02 UTC 2019

/usr/bin/uname -p = unknown
/bin/uname -X     = unknown

/bin/arch              = unknown
/usr/bin/arch -k       = unknown
/usr/convex/getsysinfo = unknown
/usr/bin/hostinfo      = unknown
/bin/machine           = unknown
/usr/bin/oslevel       = unknown
/bin/universe          = unknown

PATH: /home/carolhanna/miniconda3/bin
PATH: /home/carolhanna/miniconda3/condabin
PATH: /usr/local/sbin
PATH: /usr/local/bin
PATH: /usr/sbin
PATH: /usr/bin
PATH: /sbin
PATH: /bin
PATH: /usr/games
PATH: /usr/local/games
PATH: /snap/bin


## ----------- ##
## Core tests. ##
## ----------- ##

configure:2297: checking for a BSD-compatible install
configure:2365: result: /usr/bin/install -c
configure:2376: checking whether build environment is sane
configure:2426: result: yes
configure:2567: checking for a thread-safe mkdir -p
configure:2606: result: /bin/mkdir -p
configure:2619: checking for gawk
configure:2635: found /usr/bin/gawk
configure:2646: result: gawk
configure:2657: checking whether make sets $(MAKE)
configure:2679: result: yes
configure:2769: checking for gawk
configure:2796: result: gawk
configure:2855: checking for gcc
configure:2871: found /usr/bin/gcc
configure:2882: result: gcc
configure:3111: checking for C compiler version
configure:3120: gcc --version >&5
gcc (Ubuntu 7.5.0-3ubuntu1~18.04) 7.5.0
Copyright (C) 2017 Free Software Foundation, Inc.
This is free software; see the source for copying conditions.  There is NO
warranty; not even for MERCHANTABILITY or FITNESS FOR A PARTICULAR PURPOSE.

configure:3131: $? = 0
configure:3120: gcc -v >&5
Using built-in specs.
COLLECT_GCC=gcc
COLLECT_LTO_WRAPPER=/usr/lib/gcc/x86_64-linux-gnu/7/lto-wrapper
OFFLOAD_TARGET_NAMES=nvptx-none
OFFLOAD_TARGET_DEFAULT=1
Target: x86_64-linux-gnu
Configured with: ../src/configure -v --with-pkgversion='Ubuntu 7.5.0-3ubuntu1~18.04' --with-bugurl=file:///usr/share/doc/gcc-7/README.Bugs --enable-languages=c,ada,c++,go,brig,d,fortran,objc,obj-c++ --prefix=/usr --with-gcc-major-version-only --program-suffix=-7 --program-prefix=x86_64-linux-gnu- --enable-shared --enable-linker-build-id --libexecdir=/usr/lib --without-included-gettext --enable-threads=posix --libdir=/usr/lib --enable-nls --enable-bootstrap --enable-clocale=gnu --enable-libstdcxx-debug --enable-libstdcxx-time=yes --with-default-libstdcxx-abi=new --enable-gnu-unique-object --disable-vtable-verify --enable-libmpx --enable-plugin --enable-default-pie --with-system-zlib --with-target-system-zlib --enable-objc-gc=auto --enable-multiarch --disable-werror --with-arch-32=i686 --with-abi=m64 --with-multilib-list=m32,m64,mx32 --enable-multilib --with-tune=generic --enable-offload-targets=nvptx-none --without-cuda-driver --enable-checking=release --build=x86_64-linux-gnu --host=x86_64-linux-gnu --target=x86_64-linux-gnu
Thread model: posix
gcc version 7.5.0 (Ubuntu 7.5.0-3ubuntu1~18.04) 
configure:3131: $? = 0
configure:3120: gcc -V >&5
gcc: error: unrecognized command line option '-V'
gcc: fatal error: no input files
compilation terminated.
configure:3131: $? = 1
configure:3120: gcc -qversion >&5
gcc: error: unrecognized command line option '-qversion'; did you mean '--version'?
gcc: fatal error: no input files
compilation terminated.
configure:3131: $? = 1
configure:3151: checking whether the C compiler works
configure:3173: gcc    conftest.c  >&5
configure:3177: $? = 0
configure:3225: result: yes
configure:3228: checking for C compiler default output file name
configure:3230: result: a.out
configure:3236: checking for suffix of executables
configure:3243: gcc -o conftest    conftest.c  >&5
configure:3247: $? = 0
configure:3269: result: 
configure:3291: checking whether we are cross compiling
configure:3299: gcc -o conftest    conftest.c  >&5
configure:3303: $? = 0
configure:3310: ./conftest
configure:3314: $? = 0
configure:3329: result: no
configure:3334: checking for suffix of object files
configure:3356: gcc -c   conftest.c >&5
configure:3360: $? = 0
configure:3381: result: o
configure:3385: checking whether we are using the GNU C compiler
configure:3404: gcc -c   conftest.c >&5
configure:3404: $? = 0
configure:3413: result: yes
configure:3422: checking whether gcc accepts -g
configure:3442: gcc -c -g  conftest.c >&5
configure:3442: $? = 0
configure:3483: result: yes
configure:3500: checking for gcc option to accept ISO C89
configure:3564: gcc  -c -g -O2  conftest.c >&5
configure:3564: $? = 0
configure:3577: result: none needed
configure:3608: checking for style of include used by make
configure:3636: result: GNU
configure:3661: checking dependency style of gcc
configure:3771: result: gcc3
configure:3788: checking for strerror in -lcposix
configure:3813: gcc -o conftest -g -O2   conftest.c -lcposix   >&5
/usr/bin/ld: cannot find -lcposix
collect2: error: ld returned 1 exit status
configure:3813: $? = 1
configure: failed program was:
| /* confdefs.h */
| #define PACKAGE_NAME "GNU Typist"
| #define PACKAGE_TARNAME "gtypist"
| #define PACKAGE_VERSION "2.9"
| #define PACKAGE_STRING "GNU Typist 2.9"
| #define PACKAGE_BUGREPORT "bug-gtypist@gnu.org"
| #define PACKAGE_URL "http://www.gnu.org/software/gtypist/"
| #define PACKAGE "gtypist"
| #define VERSION "2.9"
| /* end confdefs.h.  */
| 
| /* Override any GCC internal prototype to avoid an error.
|    Use char because int might match the return type of a GCC
|    builtin and then its argument prototype would still apply.  */
| #ifdef __cplusplus
| extern "C"
| #endif
| char strerror ();
| int
| main ()
| {
| return strerror ();
|   ;
|   return 0;
| }
configure:3822: result: no
configure:3831: checking whether ln -s works
configure:3835: result: yes
configure:3842: checking whether make sets $(MAKE)
configure:3864: result: yes
configure:3916: checking for ranlib
configure:3932: found /usr/bin/ranlib
configure:3943: result: ranlib
configure:3969: checking for bison
configure:3999: result: no
configure:3969: checking for byacc
configure:3999: result: no
configure:4022: checking for add_wch in -lncursesw
configure:4047: gcc -o conftest -g -O2   conftest.c -lncursesw   >&5
/usr/bin/ld: cannot find -lncursesw
collect2: error: ld returned 1 exit status
configure:4047: $? = 1
configure: failed program was:
| /* confdefs.h */
| #define PACKAGE_NAME "GNU Typist"
| #define PACKAGE_TARNAME "gtypist"
| #define PACKAGE_VERSION "2.9"
| #define PACKAGE_STRING "GNU Typist 2.9"
| #define PACKAGE_BUGREPORT "bug-gtypist@gnu.org"
| #define PACKAGE_URL "http://www.gnu.org/software/gtypist/"
| #define PACKAGE "gtypist"
| #define VERSION "2.9"
| /* end confdefs.h.  */
| 
| /* Override any GCC internal prototype to avoid an error.
|    Use char because int might match the return type of a GCC
|    builtin and then its argument prototype would still apply.  */
| #ifdef __cplusplus
| extern "C"
| #endif
| char add_wch ();
| int
| main ()
| {
| return add_wch ();
|   ;
|   return 0;
| }
configure:4056: result: no
configure:4074: checking how to run the C preprocessor
configure:4105: gcc -E  conftest.c
configure:4105: $? = 0
configure:4119: gcc -E  conftest.c
conftest.c:11:10: fatal error: ac_nonexistent.h: No such file or directory
 #include <ac_nonexistent.h>
          ^~~~~~~~~~~~~~~~~~
compilation terminated.
configure:4119: $? = 1
configure: failed program was:
| /* confdefs.h */
| #define PACKAGE_NAME "GNU Typist"
| #define PACKAGE_TARNAME "gtypist"
| #define PACKAGE_VERSION "2.9"
| #define PACKAGE_STRING "GNU Typist 2.9"
| #define PACKAGE_BUGREPORT "bug-gtypist@gnu.org"
| #define PACKAGE_URL "http://www.gnu.org/software/gtypist/"
| #define PACKAGE "gtypist"
| #define VERSION "2.9"
| /* end confdefs.h.  */
| #include <ac_nonexistent.h>
configure:4144: result: gcc -E
configure:4164: gcc -E  conftest.c
configure:4164: $? = 0
configure:4178: gcc -E  conftest.c
conftest.c:11:10: fatal error: ac_nonexistent.h: No such file or directory
 #include <ac_nonexistent.h>
          ^~~~~~~~~~~~~~~~~~
compilation terminated.
configure:4178: $? = 1
configure: failed program was:
| /* confdefs.h */
| #define PACKAGE_NAME "GNU Typist"
| #define PACKAGE_TARNAME "gtypist"
| #define PACKAGE_VERSION "2.9"
| #define PACKAGE_STRING "GNU Typist 2.9"
| #define PACKAGE_BUGREPORT "bug-gtypist@gnu.org"
| #define PACKAGE_URL "http://www.gnu.org/software/gtypist/"
| #define PACKAGE "gtypist"
| #define VERSION "2.9"
| /* end confdefs.h.  */
| #include <ac_nonexistent.h>
configure:4207: checking for grep that handles long lines and -e
configure:4265: result: /bin/grep
configure:4270: checking for egrep
configure:4332: result: /bin/grep -E
configure:4337: checking for ANSI C header files
configure:4357: gcc -c -g -O2  conftest.c >&5
configure:4357: $? = 0
configure:4430: gcc -o conftest -g -O2   conftest.c  >&5
configure:4430: $? = 0
configure:4430: ./conftest
configure:4430: $? = 0
configure:4441: result: yes
configure:4454: checking for sys/types.h
configure:4454: gcc -c -g -O2  conftest.c >&5
configure:4454: $? = 0
configure:4454: result: yes
configure:4454: checking for sys/stat.h
configure:4454: gcc -c -g -O2  conftest.c >&5
configure:4454: $? = 0
configure:4454: result: yes
configure:4454: checking for stdlib.h
configure:4454: gcc -c -g -O2  conftest.c >&5
configure:4454: $? = 0
configure:4454: result: yes
configure:4454: checking for string.h
configure:4454: gcc -c -g -O2  conftest.c >&5
configure:4454: $? = 0
configure:4454: result: yes
configure:4454: checking for memory.h
configure:4454: gcc -c -g -O2  conftest.c >&5
configure:4454: $? = 0
configure:4454: result: yes
configure:4454: checking for strings.h
configure:4454: gcc -c -g -O2  conftest.c >&5
configure:4454: $? = 0
configure:4454: result: yes
configure:4454: checking for inttypes.h
configure:4454: gcc -c -g -O2  conftest.c >&5
configure:4454: $? = 0
configure:4454: result: yes
configure:4454: checking for stdint.h
configure:4454: gcc -c -g -O2  conftest.c >&5
configure:4454: $? = 0
configure:4454: result: yes
configure:4454: checking for unistd.h
configure:4454: gcc -c -g -O2  conftest.c >&5
configure:4454: $? = 0
configure:4454: result: yes
configure:4469: checking for unistd.h
configure:4469: result: yes
configure:4469: checking alloca.h usability
configure:4469: gcc -c -g -O2  conftest.c >&5
configure:4469: $? = 0
configure:4469: result: yes
configure:4469: checking alloca.h presence
configure:4469: gcc -E  conftest.c
configure:4469: $? = 0
configure:4469: result: yes
configure:4469: checking for alloca.h
configure:4469: result: yes
configure:4469: checking argz.h usability
configure:4469: gcc -c -g -O2  conftest.c >&5
configure:4469: $? = 0
configure:4469: result: yes
configure:4469: checking argz.h presence
configure:4469: gcc -E  conftest.c
configure:4469: $? = 0
configure:4469: result: yes
configure:4469: checking for argz.h
configure:4469: result: yes
configure:4469: checking errno.h usability
configure:4469: gcc -c -g -O2  conftest.c >&5
configure:4469: $? = 0
configure:4469: result: yes
configure:4469: checking errno.h presence
configure:4469: gcc -E  conftest.c
configure:4469: $? = 0
configure:4469: result: yes
configure:4469: checking for errno.h
configure:4469: result: yes
configure:4469: checking fcntl.h usability
configure:4469: gcc -c -g -O2  conftest.c >&5
configure:4469: $? = 0
configure:4469: result: yes
configure:4469: checking fcntl.h presence
configure:4469: gcc -E  conftest.c
configure:4469: $? = 0
configure:4469: result: yes
configure:4469: checking for fcntl.h
configure:4469: result: yes
configure:4469: checking langinfo.h usability
configure:4469: gcc -c -g -O2  conftest.c >&5
configure:4469: $? = 0
configure:4469: result: yes
configure:4469: checking langinfo.h presence
configure:4469: gcc -E  conftest.c
configure:4469: $? = 0
configure:4469: result: yes
configure:4469: checking for langinfo.h
configure:4469: result: yes
configure:4469: checking libintl.h usability
configure:4469: gcc -c -g -O2  conftest.c >&5
configure:4469: $? = 0
configure:4469: result: yes
configure:4469: checking libintl.h presence
configure:4469: gcc -E  conftest.c
configure:4469: $? = 0
configure:4469: result: yes
configure:4469: checking for libintl.h
configure:4469: result: yes
configure:4469: checking limits.h usability
configure:4469: gcc -c -g -O2  conftest.c >&5
configure:4469: $? = 0
configure:4469: result: yes
configure:4469: checking limits.h presence
configure:4469: gcc -E  conftest.c
configure:4469: $? = 0
configure:4469: result: yes
configure:4469: checking for limits.h
configure:4469: result: yes
configure:4469: checking locale.h usability
configure:4469: gcc -c -g -O2  conftest.c >&5
configure:4469: $? = 0
configure:4469: result: yes
configure:4469: checking locale.h presence
configure:4469: gcc -E  conftest.c
configure:4469: $? = 0
configure:4469: result: yes
configure:4469: checking for locale.h
configure:4469: result: yes
configure:4469: checking malloc.h usability
configure:4469: gcc -c -g -O2  conftest.c >&5
configure:4469: $? = 0
configure:4469: result: yes
configure:4469: checking malloc.h presence
configure:4469: gcc -E  conftest.c
configure:4469: $? = 0
configure:4469: result: yes
configure:4469: checking for malloc.h
configure:4469: result: yes
configure:4469: checking stddef.h usability
configure:4469: gcc -c -g -O2  conftest.c >&5
configure:4469: $? = 0
configure:4469: result: yes
configure:4469: checking stddef.h presence
configure:4469: gcc -E  conftest.c
configure:4469: $? = 0
configure:4469: result: yes
configure:4469: checking for stddef.h
configure:4469: result: yes
configure:4469: checking stdio_ext.h usability
configure:4469: gcc -c -g -O2  conftest.c >&5
configure:4469: $? = 0
configure:4469: result: yes
configure:4469: checking stdio_ext.h presence
configure:4469: gcc -E  conftest.c
configure:4469: $? = 0
configure:4469: result: yes
configure:4469: checking for stdio_ext.h
configure:4469: result: yes
configure:4469: checking for stdlib.h
configure:4469: result: yes
configure:4469: checking for string.h
configure:4469: result: yes
configure:4469: checking for strings.h
configure:4469: result: yes
configure:4469: checking sys/param.h usability
configure:4469: gcc -c -g -O2  conftest.c >&5
configure:4469: $? = 0
configure:4469: result: yes
configure:4469: checking sys/param.h presence
configure:4469: gcc -E  conftest.c
configure:4469: $? = 0
configure:4469: result: yes
configure:4469: checking for sys/param.h
configure:4469: result: yes
configure:4469: checking for unistd.h
configure:4469: result: yes
configure:4481: checking ncursesw/ncurses.h usability
configure:4481: gcc -c -g -O2  conftest.c >&5
conftest.c:71:10: fatal error: ncursesw/ncurses.h: No such file or directory
 #include <ncursesw/ncurses.h>
          ^~~~~~~~~~~~~~~~~~~~
compilation terminated.
configure:4481: $? = 1
configure: failed program was:
| /* confdefs.h */
| #define PACKAGE_NAME "GNU Typist"
| #define PACKAGE_TARNAME "gtypist"
| #define PACKAGE_VERSION "2.9"
| #define PACKAGE_STRING "GNU Typist 2.9"
| #define PACKAGE_BUGREPORT "bug-gtypist@gnu.org"
| #define PACKAGE_URL "http://www.gnu.org/software/gtypist/"
| #define PACKAGE "gtypist"
| #define VERSION "2.9"
| #define STDC_HEADERS 1
| #define HAVE_SYS_TYPES_H 1
| #define HAVE_SYS_STAT_H 1
| #define HAVE_STDLIB_H 1
| #define HAVE_STRING_H 1
| #define HAVE_MEMORY_H 1
| #define HAVE_STRINGS_H 1
| #define HAVE_INTTYPES_H 1
| #define HAVE_STDINT_H 1
| #define HAVE_UNISTD_H 1
| #define HAVE_UNISTD_H 1
| #define HAVE_ALLOCA_H 1
| #define HAVE_ARGZ_H 1
| #define HAVE_ERRNO_H 1
| #define HAVE_FCNTL_H 1
| #define HAVE_LANGINFO_H 1
| #define HAVE_LIBINTL_H 1
| #define HAVE_LIMITS_H 1
| #define HAVE_LOCALE_H 1
| #define HAVE_MALLOC_H 1
| #define HAVE_STDDEF_H 1
| #define HAVE_STDIO_EXT_H 1
| #define HAVE_STDLIB_H 1
| #define HAVE_STRING_H 1
| #define HAVE_STRINGS_H 1
| #define HAVE_SYS_PARAM_H 1
| #define HAVE_UNISTD_H 1
| /* end confdefs.h.  */
| #include <stdio.h>
| #ifdef HAVE_SYS_TYPES_H
| # include <sys/types.h>
| #endif
| #ifdef HAVE_SYS_STAT_H
| # include <sys/stat.h>
| #endif
| #ifdef STDC_HEADERS
| # include <stdlib.h>
| # include <stddef.h>
| #else
| # ifdef HAVE_STDLIB_H
| #  include <stdlib.h>
| # endif
| #endif
| #ifdef HAVE_STRING_H
| # if !defined STDC_HEADERS && defined HAVE_MEMORY_H
| #  include <memory.h>
| # endif
| # include <string.h>
| #endif
| #ifdef HAVE_STRINGS_H
| # include <strings.h>
| #endif
| #ifdef HAVE_INTTYPES_H
| # include <inttypes.h>
| #endif
| #ifdef HAVE_STDINT_H
| # include <stdint.h>
| #endif
| #ifdef HAVE_UNISTD_H
| # include <unistd.h>
| #endif
| #include <ncursesw/ncurses.h>
configure:4481: result: no
configure:4481: checking ncursesw/ncurses.h presence
configure:4481: gcc -E  conftest.c
conftest.c:38:10: fatal error: ncursesw/ncurses.h: No such file or directory
 #include <ncursesw/ncurses.h>
          ^~~~~~~~~~~~~~~~~~~~
compilation terminated.
configure:4481: $? = 1
configure: failed program was:
| /* confdefs.h */
| #define PACKAGE_NAME "GNU Typist"
| #define PACKAGE_TARNAME "gtypist"
| #define PACKAGE_VERSION "2.9"
| #define PACKAGE_STRING "GNU Typist 2.9"
| #define PACKAGE_BUGREPORT "bug-gtypist@gnu.org"
| #define PACKAGE_URL "http://www.gnu.org/software/gtypist/"
| #define PACKAGE "gtypist"
| #define VERSION "2.9"
| #define STDC_HEADERS 1
| #define HAVE_SYS_TYPES_H 1
| #define HAVE_SYS_STAT_H 1
| #define HAVE_STDLIB_H 1
| #define HAVE_STRING_H 1
| #define HAVE_MEMORY_H 1
| #define HAVE_STRINGS_H 1
| #define HAVE_INTTYPES_H 1
| #define HAVE_STDINT_H 1
| #define HAVE_UNISTD_H 1
| #define HAVE_UNISTD_H 1
| #define HAVE_ALLOCA_H 1
| #define HAVE_ARGZ_H 1
| #define HAVE_ERRNO_H 1
| #define HAVE_FCNTL_H 1
| #define HAVE_LANGINFO_H 1
| #define HAVE_LIBINTL_H 1
| #define HAVE_LIMITS_H 1
| #define HAVE_LOCALE_H 1
| #define HAVE_MALLOC_H 1
| #define HAVE_STDDEF_H 1
| #define HAVE_STDIO_EXT_H 1
| #define HAVE_STDLIB_H 1
| #define HAVE_STRING_H 1
| #define HAVE_STRINGS_H 1
| #define HAVE_SYS_PARAM_H 1
| #define HAVE_UNISTD_H 1
| /* end confdefs.h.  */
| #include <ncursesw/ncurses.h>
configure:4481: result: no
configure:4481: checking for ncursesw/ncurses.h
configure:4481: result: no

## ---------------- ##
## Cache variables. ##
## ---------------- ##

ac_cv_c_compiler_gnu=yes
ac_cv_env_CC_set=
ac_cv_env_CC_value=
ac_cv_env_CFLAGS_set=
ac_cv_env_CFLAGS_value=
ac_cv_env_CPPFLAGS_set=
ac_cv_env_CPPFLAGS_value=
ac_cv_env_CPP_set=
ac_cv_env_CPP_value=
ac_cv_env_EMACSLOADPATH_set=
ac_cv_env_EMACSLOADPATH_value=
ac_cv_env_EMACS_set=
ac_cv_env_EMACS_value=
ac_cv_env_LDFLAGS_set=
ac_cv_env_LDFLAGS_value=
ac_cv_env_LIBS_set=
ac_cv_env_LIBS_value=
ac_cv_env_YACC_set=
ac_cv_env_YACC_value=
ac_cv_env_YFLAGS_set=
ac_cv_env_YFLAGS_value=
ac_cv_env_build_alias_set=
ac_cv_env_build_alias_value=
ac_cv_env_host_alias_set=
ac_cv_env_host_alias_value=
ac_cv_env_target_alias_set=
ac_cv_env_target_alias_value=
ac_cv_header_alloca_h=yes
ac_cv_header_argz_h=yes
ac_cv_header_errno_h=yes
ac_cv_header_fcntl_h=yes
ac_cv_header_inttypes_h=yes
ac_cv_header_langinfo_h=yes
ac_cv_header_libintl_h=yes
ac_cv_header_limits_h=yes
ac_cv_header_locale_h=yes
ac_cv_header_malloc_h=yes
ac_cv_header_memory_h=yes
ac_cv_header_ncursesw_ncurses_h=no
ac_cv_header_stdc=yes
ac_cv_header_stddef_h=yes
ac_cv_header_stdint_h=yes
ac_cv_header_stdio_ext_h=yes
ac_cv_header_stdlib_h=yes
ac_cv_header_string_h=yes
ac_cv_header_strings_h=yes
ac_cv_header_sys_param_h=yes
ac_cv_header_sys_stat_h=yes
ac_cv_header_sys_types_h=yes
ac_cv_header_unistd_h=yes
ac_cv_lib_cposix_strerror=no
ac_cv_lib_ncursesw_add_wch=no
ac_cv_objext=o
ac_cv_path_EGREP='/bin/grep -E'
ac_cv_path_GREP=/bin/grep
ac_cv_path_install='/usr/bin/install -c'
ac_cv_path_mkdir=/bin/mkdir
ac_cv_prog_AWK=gawk
ac_cv_prog_CPP='gcc -E'
ac_cv_prog_ac_ct_CC=gcc
ac_cv_prog_ac_ct_RANLIB=ranlib
ac_cv_prog_cc_c89=
ac_cv_prog_cc_g=yes
ac_cv_prog_make_make_set=yes
am_cv_CC_dependencies_compiler_type=gcc3

## ----------------- ##
## Output variables. ##
## ----------------- ##

ACLOCAL='${SHELL} /home/carolhanna/Security_Project/gnu_dataset/gtypist-2.9/missing --run aclocal-1.11'
ALLOCA=''
AMDEPBACKSLASH='\'
AMDEP_FALSE='#'
AMDEP_TRUE=''
AMTAR='${SHELL} /home/carolhanna/Security_Project/gnu_dataset/gtypist-2.9/missing --run tar'
AUTOCONF='${SHELL} /home/carolhanna/Security_Project/gnu_dataset/gtypist-2.9/missing --run autoconf'
AUTOHEADER='${SHELL} /home/carolhanna/Security_Project/gnu_dataset/gtypist-2.9/missing --run autoheader'
AUTOMAKE='${SHELL} /home/carolhanna/Security_Project/gnu_dataset/gtypist-2.9/missing --run automake-1.11'
AWK='gawk'
BUILD_INCLUDED_LIBINTL=''
CATOBJEXT=''
CC='gcc'
CCDEPMODE='depmode=gcc3'
CFLAGS='-g -O2'
CPP='gcc -E'
CPPFLAGS=''
CYGPATH_W='echo'
DATADIRNAME=''
DEFS=''
DEPDIR='.deps'
ECHO_C=''
ECHO_N='-n'
ECHO_T=''
EGREP='/bin/grep -E'
EMACS=''
EMACSLOADPATH=''
EXEEXT=''
GENCAT=''
GEN_MAN=''
GLIBC21=''
GMSGFMT=''
GREP='/bin/grep'
INSTALL_DATA='${INSTALL} -m 644'
INSTALL_PROGRAM='${INSTALL}'
INSTALL_SCRIPT='${INSTALL}'
INSTALL_STRIP_PROGRAM='$(install_sh) -c -s'
INSTOBJEXT=''
INTLBISON=''
INTLLIBS=''
INTLOBJS=''
INTL_LIBTOOL_SUFFIX_PREFIX=''
LDFLAGS=''
LIBICONV=''
LIBINTL=''
LIBOBJS=''
LIBS=''
LN_S='ln -s'
LTLIBICONV=''
LTLIBINTL=''
LTLIBOBJS=''
MAKEINFO='${SHELL} /home/carolhanna/Security_Project/gnu_dataset/gtypist-2.9/missing --run makeinfo'
MKDIR_P='/bin/mkdir -p'
MKINSTALLDIRS=''
MSGFMT=''
MSGMERGE=''
OBJEXT='o'
PACKAGE='gtypist'
PACKAGE_BUGREPORT='bug-gtypist@gnu.org'
PACKAGE_NAME='GNU Typist'
PACKAGE_STRING='GNU Typist 2.9'
PACKAGE_TARNAME='gtypist'
PACKAGE_URL='http://www.gnu.org/software/gtypist/'
PACKAGE_VERSION='2.9'
PATH_SEPARATOR=':'
POSUB=''
POW_LIB=''
RANLIB='ranlib'
SET_MAKE=''
SHELL='/bin/bash'
STRIP=''
USE_INCLUDED_LIBINTL=''
USE_NLS=''
VERSION='2.9'
XGETTEXT=''
YACC='yacc'
YFLAGS=''
ac_ct_CC='gcc'
am__EXEEXT_FALSE=''
am__EXEEXT_TRUE=''
am__fastdepCC_FALSE='#'
am__fastdepCC_TRUE=''
am__include='include'
am__isrc=''
am__leading_dot='.'
am__quote=''
am__tar='${AMTAR} chof - "$$tardir"'
am__untar='${AMTAR} xf -'
bindir='${exec_prefix}/bin'
build=''
build_alias=''
build_cpu=''
build_os=''
build_vendor=''
datadir='${datarootdir}'
datarootdir='${prefix}/share'
docdir='${datarootdir}/doc/${PACKAGE_TARNAME}'
dvidir='${docdir}'
exec_prefix='NONE'
host=''
host_alias=''
host_cpu=''
host_os=''
host_vendor=''
htmldir='${docdir}'
includedir='${prefix}/include'
infodir='${datarootdir}/info'
install_sh='${SHELL} /home/carolhanna/Security_Project/gnu_dataset/gtypist-2.9/install-sh'
libdir='${exec_prefix}/lib'
libexecdir='${exec_prefix}/libexec'
lispdir=''
localedir='${datarootdir}/locale'
localstatedir='${prefix}/var'
mandir='${datarootdir}/man'
mkdir_p='/bin/mkdir -p'
oldincludedir='/usr/include'
pdfdir='${docdir}'
prefix='NONE'
program_transform_name='s,x,x,'
psdir='${docdir}'
sbindir='${exec_prefix}/sbin'
sharedstatedir='${prefix}/com'
sysconfdir='${prefix}/etc'
target_alias=''

## ----------- ##
## confdefs.h. ##
## ----------- ##

/* confdefs.h */
#define PACKAGE_NAME "GNU Typist"
#define PACKAGE_TARNAME "gtypist"
#define PACKAGE_VERSION "2.9"
#define PACKAGE_STRING "GNU Typist 2.9"
#define PACKAGE_BUGREPORT "bug-gtypist@gnu.org"
#define PACKAGE_URL "http://www.gnu.org/software/gtypist/"
#define PACKAGE "gtypist"
#define VERSION "2.9"
#define STDC_HEADERS 1
#define HAVE_SYS_TYPES_H 1
#define HAVE_SYS_STAT_H 1
#define HAVE_STDLIB_H 1
#define HAVE_STRING_H 1
#define HAVE_MEMORY_H 1
#define HAVE_STRINGS_H 1
#define HAVE_INTTYPES_H 1
#define HAVE_STDINT_H 1
#define HAVE_UNISTD_H 1
#define HAVE_UNISTD_H 1
#define HAVE_ALLOCA_H 1
#define HAVE_ARGZ_H 1
#define HAVE_ERRNO_H 1
#define HAVE_FCNTL_H 1
#define HAVE_LANGINFO_H 1
#define HAVE_LIBINTL_H 1
#define HAVE_LIMITS_H 1
#define HAVE_LOCALE_H 1
#define HAVE_MALLOC_H 1
#define HAVE_STDDEF_H 1
#define HAVE_STDIO_EXT_H 1
#define HAVE_STDLIB_H 1
#define HAVE_STRING_H 1
#define HAVE_STRINGS_H 1
#define HAVE_SYS_PARAM_H 1
#define HAVE_UNISTD_H 1

configure: exit 1
