This file contains any messages produced by compilers while
running configure, to aid debugging if configure makes a mistake.

It was created by GNU Guile-Ncurses configure 3.0, which was
generated by GNU Autoconf 2.69.  Invocation command line was

  $ ./configure 

## --------- ##
## Platform. ##
## --------- ##

hostname = rishon
uname -m = x86_64
uname -r = 4.15.0-72-generic
uname -s = Linux
uname -v = #81-Ubuntu SMP Tue Nov 26 12:20:02 UTC 2019

/usr/bin/uname -p = unknown
/bin/uname -X     = unknown

/bin/arch              = unknown
/usr/bin/arch -k       = unknown
/usr/convex/getsysinfo = unknown
/usr/bin/hostinfo      = unknown
/bin/machine           = unknown
/usr/bin/oslevel       = unknown
/bin/universe          = unknown

PATH: /home/carolhanna/miniconda3/bin
PATH: /home/carolhanna/miniconda3/condabin
PATH: /usr/local/sbin
PATH: /usr/local/bin
PATH: /usr/sbin
PATH: /usr/bin
PATH: /sbin
PATH: /bin
PATH: /usr/games
PATH: /usr/local/games
PATH: /snap/bin


## ----------- ##
## Core tests. ##
## ----------- ##

configure:2620: checking for a BSD-compatible install
configure:2688: result: /usr/bin/install -c
configure:2699: checking whether build environment is sane
configure:2754: result: yes
configure:2905: checking for a thread-safe mkdir -p
configure:2944: result: /bin/mkdir -p
configure:2951: checking for gawk
configure:2967: found /usr/bin/gawk
configure:2978: result: gawk
configure:2989: checking whether make sets $(MAKE)
configure:3011: result: yes
configure:3040: checking whether make supports nested variables
configure:3057: result: yes
configure:3189: checking whether make supports the include directive
configure:3204: make -f confmf.GNU && cat confinc.out
this is the am__doit target
configure:3207: $? = 0
configure:3226: result: yes (GNU style)
configure:3296: checking for gcc
configure:3312: found /usr/bin/gcc
configure:3323: result: gcc
configure:3552: checking for C compiler version
configure:3561: gcc --version >&5
gcc (Ubuntu 7.5.0-3ubuntu1~18.04) 7.5.0
Copyright (C) 2017 Free Software Foundation, Inc.
This is free software; see the source for copying conditions.  There is NO
warranty; not even for MERCHANTABILITY or FITNESS FOR A PARTICULAR PURPOSE.

configure:3572: $? = 0
configure:3561: gcc -v >&5
Using built-in specs.
COLLECT_GCC=gcc
COLLECT_LTO_WRAPPER=/usr/lib/gcc/x86_64-linux-gnu/7/lto-wrapper
OFFLOAD_TARGET_NAMES=nvptx-none
OFFLOAD_TARGET_DEFAULT=1
Target: x86_64-linux-gnu
Configured with: ../src/configure -v --with-pkgversion='Ubuntu 7.5.0-3ubuntu1~18.04' --with-bugurl=file:///usr/share/doc/gcc-7/README.Bugs --enable-languages=c,ada,c++,go,brig,d,fortran,objc,obj-c++ --prefix=/usr --with-gcc-major-version-only --program-suffix=-7 --program-prefix=x86_64-linux-gnu- --enable-shared --enable-linker-build-id --libexecdir=/usr/lib --without-included-gettext --enable-threads=posix --libdir=/usr/lib --enable-nls --enable-bootstrap --enable-clocale=gnu --enable-libstdcxx-debug --enable-libstdcxx-time=yes --with-default-libstdcxx-abi=new --enable-gnu-unique-object --disable-vtable-verify --enable-libmpx --enable-plugin --enable-default-pie --with-system-zlib --with-target-system-zlib --enable-objc-gc=auto --enable-multiarch --disable-werror --with-arch-32=i686 --with-abi=m64 --with-multilib-list=m32,m64,mx32 --enable-multilib --with-tune=generic --enable-offload-targets=nvptx-none --without-cuda-driver --enable-checking=release --build=x86_64-linux-gnu --host=x86_64-linux-gnu --target=x86_64-linux-gnu
Thread model: posix
gcc version 7.5.0 (Ubuntu 7.5.0-3ubuntu1~18.04) 
configure:3572: $? = 0
configure:3561: gcc -V >&5
gcc: error: unrecognized command line option '-V'
gcc: fatal error: no input files
compilation terminated.
configure:3572: $? = 1
configure:3561: gcc -qversion >&5
gcc: error: unrecognized command line option '-qversion'; did you mean '--version'?
gcc: fatal error: no input files
compilation terminated.
configure:3572: $? = 1
configure:3592: checking whether the C compiler works
configure:3614: gcc    conftest.c  >&5
configure:3618: $? = 0
configure:3666: result: yes
configure:3669: checking for C compiler default output file name
configure:3671: result: a.out
configure:3677: checking for suffix of executables
configure:3684: gcc -o conftest    conftest.c  >&5
configure:3688: $? = 0
configure:3710: result: 
configure:3732: checking whether we are cross compiling
configure:3740: gcc -o conftest    conftest.c  >&5
configure:3744: $? = 0
configure:3751: ./conftest
configure:3755: $? = 0
configure:3770: result: no
configure:3775: checking for suffix of object files
configure:3797: gcc -c   conftest.c >&5
configure:3801: $? = 0
configure:3822: result: o
configure:3826: checking whether we are using the GNU C compiler
configure:3845: gcc -c   conftest.c >&5
configure:3845: $? = 0
configure:3854: result: yes
configure:3863: checking whether gcc accepts -g
configure:3883: gcc -c -g  conftest.c >&5
configure:3883: $? = 0
configure:3924: result: yes
configure:3941: checking for gcc option to accept ISO C89
configure:4004: gcc  -c -g -O2  conftest.c >&5
configure:4004: $? = 0
configure:4017: result: none needed
configure:4042: checking whether gcc understands -c and -o together
configure:4064: gcc -c conftest.c -o conftest2.o
configure:4067: $? = 0
configure:4064: gcc -c conftest.c -o conftest2.o
configure:4067: $? = 0
configure:4079: result: yes
configure:4098: checking dependency style of gcc
configure:4209: result: gcc3
configure:4230: checking how to run the C preprocessor
configure:4261: gcc -E  conftest.c
configure:4261: $? = 0
configure:4275: gcc -E  conftest.c
conftest.c:11:10: fatal error: ac_nonexistent.h: No such file or directory
 #include <ac_nonexistent.h>
          ^~~~~~~~~~~~~~~~~~
compilation terminated.
configure:4275: $? = 1
configure: failed program was:
| /* confdefs.h */
| #define PACKAGE_NAME "GNU Guile-Ncurses"
| #define PACKAGE_TARNAME "guile-ncurses"
| #define PACKAGE_VERSION "3.0"
| #define PACKAGE_STRING "GNU Guile-Ncurses 3.0"
| #define PACKAGE_BUGREPORT "bug-guile-ncurses@gnu.org"
| #define PACKAGE_URL "http://www.gnu.org/software/guile-ncurses/"
| #define PACKAGE "guile-ncurses"
| #define VERSION "3.0"
| /* end confdefs.h.  */
| #include <ac_nonexistent.h>
configure:4300: result: gcc -E
configure:4320: gcc -E  conftest.c
configure:4320: $? = 0
configure:4334: gcc -E  conftest.c
conftest.c:11:10: fatal error: ac_nonexistent.h: No such file or directory
 #include <ac_nonexistent.h>
          ^~~~~~~~~~~~~~~~~~
compilation terminated.
configure:4334: $? = 1
configure: failed program was:
| /* confdefs.h */
| #define PACKAGE_NAME "GNU Guile-Ncurses"
| #define PACKAGE_TARNAME "guile-ncurses"
| #define PACKAGE_VERSION "3.0"
| #define PACKAGE_STRING "GNU Guile-Ncurses 3.0"
| #define PACKAGE_BUGREPORT "bug-guile-ncurses@gnu.org"
| #define PACKAGE_URL "http://www.gnu.org/software/guile-ncurses/"
| #define PACKAGE "guile-ncurses"
| #define VERSION "3.0"
| /* end confdefs.h.  */
| #include <ac_nonexistent.h>
configure:4363: checking for grep that handles long lines and -e
configure:4421: result: /bin/grep
configure:4426: checking for egrep
configure:4488: result: /bin/grep -E
configure:4493: checking for ANSI C header files
configure:4513: gcc -c -g -O2  conftest.c >&5
configure:4513: $? = 0
configure:4586: gcc -o conftest -g -O2   conftest.c  >&5
configure:4586: $? = 0
configure:4586: ./conftest
configure:4586: $? = 0
configure:4597: result: yes
configure:4610: checking for sys/types.h
configure:4610: gcc -c -g -O2  conftest.c >&5
configure:4610: $? = 0
configure:4610: result: yes
configure:4610: checking for sys/stat.h
configure:4610: gcc -c -g -O2  conftest.c >&5
configure:4610: $? = 0
configure:4610: result: yes
configure:4610: checking for stdlib.h
configure:4610: gcc -c -g -O2  conftest.c >&5
configure:4610: $? = 0
configure:4610: result: yes
configure:4610: checking for string.h
configure:4610: gcc -c -g -O2  conftest.c >&5
configure:4610: $? = 0
configure:4610: result: yes
configure:4610: checking for memory.h
configure:4610: gcc -c -g -O2  conftest.c >&5
configure:4610: $? = 0
configure:4610: result: yes
configure:4610: checking for strings.h
configure:4610: gcc -c -g -O2  conftest.c >&5
configure:4610: $? = 0
configure:4610: result: yes
configure:4610: checking for inttypes.h
configure:4610: gcc -c -g -O2  conftest.c >&5
configure:4610: $? = 0
configure:4610: result: yes
configure:4610: checking for stdint.h
configure:4610: gcc -c -g -O2  conftest.c >&5
configure:4610: $? = 0
configure:4610: result: yes
configure:4610: checking for unistd.h
configure:4610: gcc -c -g -O2  conftest.c >&5
configure:4610: $? = 0
configure:4610: result: yes
configure:4623: checking minix/config.h usability
configure:4623: gcc -c -g -O2  conftest.c >&5
conftest.c:54:10: fatal error: minix/config.h: No such file or directory
 #include <minix/config.h>
          ^~~~~~~~~~~~~~~~
compilation terminated.
configure:4623: $? = 1
configure: failed program was:
| /* confdefs.h */
| #define PACKAGE_NAME "GNU Guile-Ncurses"
| #define PACKAGE_TARNAME "guile-ncurses"
| #define PACKAGE_VERSION "3.0"
| #define PACKAGE_STRING "GNU Guile-Ncurses 3.0"
| #define PACKAGE_BUGREPORT "bug-guile-ncurses@gnu.org"
| #define PACKAGE_URL "http://www.gnu.org/software/guile-ncurses/"
| #define PACKAGE "guile-ncurses"
| #define VERSION "3.0"
| #define STDC_HEADERS 1
| #define HAVE_SYS_TYPES_H 1
| #define HAVE_SYS_STAT_H 1
| #define HAVE_STDLIB_H 1
| #define HAVE_STRING_H 1
| #define HAVE_MEMORY_H 1
| #define HAVE_STRINGS_H 1
| #define HAVE_INTTYPES_H 1
| #define HAVE_STDINT_H 1
| #define HAVE_UNISTD_H 1
| /* end confdefs.h.  */
| #include <stdio.h>
| #ifdef HAVE_SYS_TYPES_H
| # include <sys/types.h>
| #endif
| #ifdef HAVE_SYS_STAT_H
| # include <sys/stat.h>
| #endif
| #ifdef STDC_HEADERS
| # include <stdlib.h>
| # include <stddef.h>
| #else
| # ifdef HAVE_STDLIB_H
| #  include <stdlib.h>
| # endif
| #endif
| #ifdef HAVE_STRING_H
| # if !defined STDC_HEADERS && defined HAVE_MEMORY_H
| #  include <memory.h>
| # endif
| # include <string.h>
| #endif
| #ifdef HAVE_STRINGS_H
| # include <strings.h>
| #endif
| #ifdef HAVE_INTTYPES_H
| # include <inttypes.h>
| #endif
| #ifdef HAVE_STDINT_H
| # include <stdint.h>
| #endif
| #ifdef HAVE_UNISTD_H
| # include <unistd.h>
| #endif
| #include <minix/config.h>
configure:4623: result: no
configure:4623: checking minix/config.h presence
configure:4623: gcc -E  conftest.c
conftest.c:21:10: fatal error: minix/config.h: No such file or directory
 #include <minix/config.h>
          ^~~~~~~~~~~~~~~~
compilation terminated.
configure:4623: $? = 1
configure: failed program was:
| /* confdefs.h */
| #define PACKAGE_NAME "GNU Guile-Ncurses"
| #define PACKAGE_TARNAME "guile-ncurses"
| #define PACKAGE_VERSION "3.0"
| #define PACKAGE_STRING "GNU Guile-Ncurses 3.0"
| #define PACKAGE_BUGREPORT "bug-guile-ncurses@gnu.org"
| #define PACKAGE_URL "http://www.gnu.org/software/guile-ncurses/"
| #define PACKAGE "guile-ncurses"
| #define VERSION "3.0"
| #define STDC_HEADERS 1
| #define HAVE_SYS_TYPES_H 1
| #define HAVE_SYS_STAT_H 1
| #define HAVE_STDLIB_H 1
| #define HAVE_STRING_H 1
| #define HAVE_MEMORY_H 1
| #define HAVE_STRINGS_H 1
| #define HAVE_INTTYPES_H 1
| #define HAVE_STDINT_H 1
| #define HAVE_UNISTD_H 1
| /* end confdefs.h.  */
| #include <minix/config.h>
configure:4623: result: no
configure:4623: checking for minix/config.h
configure:4623: result: no
configure:4644: checking whether it is safe to define __EXTENSIONS__
configure:4662: gcc -c -g -O2  conftest.c >&5
configure:4662: $? = 0
configure:4669: result: yes
configure:4749: checking for pkg-config
configure:4767: found /usr/bin/pkg-config
configure:4779: result: /usr/bin/pkg-config
configure:4804: checking pkg-config is at least version 0.9.0
configure:4807: result: yes
configure:4863: checking for gcc
configure:4890: result: gcc
configure:5119: checking for C compiler version
configure:5128: gcc --version >&5
gcc (Ubuntu 7.5.0-3ubuntu1~18.04) 7.5.0
Copyright (C) 2017 Free Software Foundation, Inc.
This is free software; see the source for copying conditions.  There is NO
warranty; not even for MERCHANTABILITY or FITNESS FOR A PARTICULAR PURPOSE.

configure:5139: $? = 0
configure:5128: gcc -v >&5
Using built-in specs.
COLLECT_GCC=gcc
COLLECT_LTO_WRAPPER=/usr/lib/gcc/x86_64-linux-gnu/7/lto-wrapper
OFFLOAD_TARGET_NAMES=nvptx-none
OFFLOAD_TARGET_DEFAULT=1
Target: x86_64-linux-gnu
Configured with: ../src/configure -v --with-pkgversion='Ubuntu 7.5.0-3ubuntu1~18.04' --with-bugurl=file:///usr/share/doc/gcc-7/README.Bugs --enable-languages=c,ada,c++,go,brig,d,fortran,objc,obj-c++ --prefix=/usr --with-gcc-major-version-only --program-suffix=-7 --program-prefix=x86_64-linux-gnu- --enable-shared --enable-linker-build-id --libexecdir=/usr/lib --without-included-gettext --enable-threads=posix --libdir=/usr/lib --enable-nls --enable-bootstrap --enable-clocale=gnu --enable-libstdcxx-debug --enable-libstdcxx-time=yes --with-default-libstdcxx-abi=new --enable-gnu-unique-object --disable-vtable-verify --enable-libmpx --enable-plugin --enable-default-pie --with-system-zlib --with-target-system-zlib --enable-objc-gc=auto --enable-multiarch --disable-werror --with-arch-32=i686 --with-abi=m64 --with-multilib-list=m32,m64,mx32 --enable-multilib --with-tune=generic --enable-offload-targets=nvptx-none --without-cuda-driver --enable-checking=release --build=x86_64-linux-gnu --host=x86_64-linux-gnu --target=x86_64-linux-gnu
Thread model: posix
gcc version 7.5.0 (Ubuntu 7.5.0-3ubuntu1~18.04) 
configure:5139: $? = 0
configure:5128: gcc -V >&5
gcc: error: unrecognized command line option '-V'
gcc: fatal error: no input files
compilation terminated.
configure:5139: $? = 1
configure:5128: gcc -qversion >&5
gcc: error: unrecognized command line option '-qversion'; did you mean '--version'?
gcc: fatal error: no input files
compilation terminated.
configure:5139: $? = 1
configure:5143: checking whether we are using the GNU C compiler
configure:5171: result: yes
configure:5180: checking whether gcc accepts -g
configure:5241: result: yes
configure:5258: checking for gcc option to accept ISO C89
configure:5334: result: none needed
configure:5359: checking whether gcc understands -c and -o together
configure:5396: result: yes
configure:5415: checking dependency style of gcc
configure:5526: result: gcc3
configure:5545: checking build system type
configure:5559: result: x86_64-pc-linux-gnu
configure:5579: checking host system type
configure:5592: result: x86_64-pc-linux-gnu
configure:5663: checking for ar
configure:5679: found /usr/bin/ar
configure:5690: result: ar
configure:5716: checking the archiver (ar) interface
configure:5732: gcc -c -g -O2  conftest.c >&5
configure:5732: $? = 0
configure:5734: ar cru libconftest.a conftest.o >&5
ar: `u' modifier ignored since `D' is the default (see `U')
configure:5737: $? = 0
configure:5765: result: ar
configure:5842: checking for pkg-config
configure:5872: result: /usr/bin/pkg-config
configure:5897: checking pkg-config is at least version 0.9.0
configure:5900: result: yes
configure:5928: checking for guile 2.2
configure:5931: $PKG_CONFIG --exists --print-errors "guile-$v"
Package guile-2.2 was not found in the pkg-config search path.
Perhaps you should add the directory containing `guile-2.2.pc'
to the PKG_CONFIG_PATH environment variable
No package 'guile-2.2' found
configure:5934: $? = 1
configure:5928: checking for guile 3.0
configure:5931: $PKG_CONFIG --exists --print-errors "guile-$v"
Package guile-3.0 was not found in the pkg-config search path.
Perhaps you should add the directory containing `guile-3.0.pc'
to the PKG_CONFIG_PATH environment variable
No package 'guile-3.0' found
configure:5934: $? = 1
configure:5942: error: 
No Guile development packages were found.

Please verify that you have Guile installed.  If you installed Guile
from a binary distribution, please verify that you have also installed
the development packages.  If you installed it yourself, you might need
to adjust your PKG_CONFIG_PATH; see the pkg-config man page for more.


## ---------------- ##
## Cache variables. ##
## ---------------- ##

ac_cv_build=x86_64-pc-linux-gnu
ac_cv_c_compiler_gnu=yes
ac_cv_env_CC_set=
ac_cv_env_CC_value=
ac_cv_env_CFLAGS_set=
ac_cv_env_CFLAGS_value=
ac_cv_env_CPPFLAGS_set=
ac_cv_env_CPPFLAGS_value=
ac_cv_env_CPP_set=
ac_cv_env_CPP_value=
ac_cv_env_GUILE_CFLAGS_set=
ac_cv_env_GUILE_CFLAGS_value=
ac_cv_env_GUILE_LIBS_set=
ac_cv_env_GUILE_LIBS_value=
ac_cv_env_LDFLAGS_set=
ac_cv_env_LDFLAGS_value=
ac_cv_env_LIBS_set=
ac_cv_env_LIBS_value=
ac_cv_env_LT_SYS_LIBRARY_PATH_set=
ac_cv_env_LT_SYS_LIBRARY_PATH_value=
ac_cv_env_PKG_CONFIG_LIBDIR_set=
ac_cv_env_PKG_CONFIG_LIBDIR_value=
ac_cv_env_PKG_CONFIG_PATH_set=
ac_cv_env_PKG_CONFIG_PATH_value=
ac_cv_env_PKG_CONFIG_set=
ac_cv_env_PKG_CONFIG_value=
ac_cv_env_build_alias_set=
ac_cv_env_build_alias_value=
ac_cv_env_host_alias_set=
ac_cv_env_host_alias_value=
ac_cv_env_target_alias_set=
ac_cv_env_target_alias_value=
ac_cv_header_inttypes_h=yes
ac_cv_header_memory_h=yes
ac_cv_header_minix_config_h=no
ac_cv_header_stdc=yes
ac_cv_header_stdint_h=yes
ac_cv_header_stdlib_h=yes
ac_cv_header_string_h=yes
ac_cv_header_strings_h=yes
ac_cv_header_sys_stat_h=yes
ac_cv_header_sys_types_h=yes
ac_cv_header_unistd_h=yes
ac_cv_host=x86_64-pc-linux-gnu
ac_cv_objext=o
ac_cv_path_EGREP='/bin/grep -E'
ac_cv_path_GREP=/bin/grep
ac_cv_path_ac_pt_PKG_CONFIG=/usr/bin/pkg-config
ac_cv_path_install='/usr/bin/install -c'
ac_cv_path_mkdir=/bin/mkdir
ac_cv_prog_AWK=gawk
ac_cv_prog_CPP='gcc -E'
ac_cv_prog_ac_ct_AR=ar
ac_cv_prog_ac_ct_CC=gcc
ac_cv_prog_cc_c89=
ac_cv_prog_cc_g=yes
ac_cv_prog_make_make_set=yes
ac_cv_safe_to_define___extensions__=yes
am_cv_CC_dependencies_compiler_type=gcc3
am_cv_ar_interface=ar
am_cv_make_support_nested_variables=yes
am_cv_prog_cc_c_o=yes

## ----------------- ##
## Output variables. ##
## ----------------- ##

ACLOCAL='${SHELL} /home/carolhanna/Security_Project/gnu_dataset/guile-ncurses-3.0/build_aux/missing aclocal-1.16'
AMDEPBACKSLASH='\'
AMDEP_FALSE='#'
AMDEP_TRUE=''
AMTAR='$${TAR-tar}'
AM_BACKSLASH='\'
AM_DEFAULT_V='$(AM_DEFAULT_VERBOSITY)'
AM_DEFAULT_VERBOSITY='1'
AM_V='$(V)'
AR='ar'
AS=''
AUTOCONF='${SHELL} /home/carolhanna/Security_Project/gnu_dataset/guile-ncurses-3.0/build_aux/missing autoconf'
AUTOHEADER='${SHELL} /home/carolhanna/Security_Project/gnu_dataset/guile-ncurses-3.0/build_aux/missing autoheader'
AUTOMAKE='${SHELL} /home/carolhanna/Security_Project/gnu_dataset/guile-ncurses-3.0/build_aux/missing automake-1.16'
AWK='gawk'
BUILDING_DLL_FALSE=''
BUILDING_DLL_TRUE=''
BUILDING_SHELL_FALSE=''
BUILDING_SHELL_TRUE=''
CC='gcc'
CCDEPMODE='depmode=gcc3'
CFLAGS='-g -O2'
CPP='gcc -E'
CPPFLAGS=''
CYGPATH_W='echo'
DEFS=''
DEMO_INSTALL_FALSE=''
DEMO_INSTALL_TRUE=''
DEPDIR='.deps'
DLLTOOL=''
DLL_VERSION_INFO_FALSE=''
DLL_VERSION_INFO_TRUE=''
DSYMUTIL=''
DUMPBIN=''
ECHO_C=''
ECHO_N='-n'
ECHO_T=''
EGREP='/bin/grep -E'
EXEEXT=''
FGREP=''
GREP='/bin/grep'
GUILD=''
GUILE=''
GUILE_CFLAGS=''
GUILE_CONFIG=''
GUILE_EFFECTIVE_VERSION=''
GUILE_EXTENSION=''
GUILE_LDFLAGS=''
GUILE_LIBS=''
GUILE_LTLIBS=''
GUILE_SITE=''
GUILE_SITE_CCACHE=''
GUILE_TOOLS=''
HAVE_BUTTON5_FALSE=''
HAVE_BUTTON5_TRUE=''
HAVE_KEY_EVENT_FALSE=''
HAVE_KEY_EVENT_TRUE=''
HAVE_O_MOUSE_MENU_FALSE=''
HAVE_O_MOUSE_MENU_TRUE=''
HAVE_XTERM_TERMINFO_FALSE=''
HAVE_XTERM_TERMINFO_TRUE=''
INSTALL_DATA='${INSTALL} -m 644'
INSTALL_PROGRAM='${INSTALL}'
INSTALL_SCRIPT='${INSTALL}'
INSTALL_STRIP_PROGRAM='$(install_sh) -c -s'
LD=''
LDFLAGS=''
LIBGUILE_NCURSES_INTERFACE='12:0:0'
LIBOBJS=''
LIBS=''
LIBTOOL=''
LIPO=''
LN_S=''
LTLIBOBJS=''
LT_SYS_LIBRARY_PATH=''
MAKEINFO='${SHELL} /home/carolhanna/Security_Project/gnu_dataset/guile-ncurses-3.0/build_aux/missing makeinfo'
MANIFEST_TOOL=''
MKDIR_P='/bin/mkdir -p'
NM=''
NMEDIT=''
OBJDUMP=''
OBJEXT='o'
OTOOL64=''
OTOOL=''
PACKAGE='guile-ncurses'
PACKAGE_BUGREPORT='bug-guile-ncurses@gnu.org'
PACKAGE_NAME='GNU Guile-Ncurses'
PACKAGE_STRING='GNU Guile-Ncurses 3.0'
PACKAGE_TARNAME='guile-ncurses'
PACKAGE_URL='http://www.gnu.org/software/guile-ncurses/'
PACKAGE_VERSION='3.0'
PATH_SEPARATOR=':'
PKG_CONFIG='/usr/bin/pkg-config'
PKG_CONFIG_LIBDIR=''
PKG_CONFIG_PATH=''
RANLIB=''
SED=''
SET_MAKE=''
SHELL='/bin/bash'
STRIP=''
TERMIOS_FALSE=''
TERMIOS_TRUE=''
TOE=''
UCS4_FALSE=''
UCS4_TRUE=''
VERSION='3.0'
WARN_FALSE=''
WARN_TRUE=''
WIDE_FALSE=''
WIDE_TRUE=''
ac_ct_AR='ar'
ac_ct_CC='gcc'
ac_ct_DUMPBIN=''
am__EXEEXT_FALSE=''
am__EXEEXT_TRUE=''
am__fastdepCC_FALSE='#'
am__fastdepCC_TRUE=''
am__include='include'
am__isrc=''
am__leading_dot='.'
am__nodep='_no'
am__quote=''
am__tar='$${TAR-tar} chof - "$$tardir"'
am__untar='$${TAR-tar} xf -'
bindir='${exec_prefix}/bin'
build='x86_64-pc-linux-gnu'
build_alias=''
build_cpu='x86_64'
build_os='linux-gnu'
build_vendor='pc'
datadir='${datarootdir}'
datarootdir='${prefix}/share'
docdir='${datarootdir}/doc/${PACKAGE_TARNAME}'
dvidir='${docdir}'
exec_prefix='NONE'
guileextensiondir=''
guileobjectdir=''
guilesitedir=''
host='x86_64-pc-linux-gnu'
host_alias=''
host_cpu='x86_64'
host_os='linux-gnu'
host_vendor='pc'
htmldir='${docdir}'
includedir='${prefix}/include'
infodir='${datarootdir}/info'
install_sh='${SHELL} /home/carolhanna/Security_Project/gnu_dataset/guile-ncurses-3.0/build_aux/install-sh'
libdir='${exec_prefix}/lib'
libexecdir='${exec_prefix}/libexec'
localedir='${datarootdir}/locale'
localstatedir='${prefix}/var'
mandir='${datarootdir}/man'
mkdir_p='$(MKDIR_P)'
oldincludedir='/usr/include'
pdfdir='${docdir}'
prefix='NONE'
program_transform_name='s,x,x,'
psdir='${docdir}'
sbindir='${exec_prefix}/sbin'
sharedstatedir='${prefix}/com'
sysconfdir='${prefix}/etc'
target_alias=''

## ----------- ##
## confdefs.h. ##
## ----------- ##

/* confdefs.h */
#define PACKAGE_NAME "GNU Guile-Ncurses"
#define PACKAGE_TARNAME "guile-ncurses"
#define PACKAGE_VERSION "3.0"
#define PACKAGE_STRING "GNU Guile-Ncurses 3.0"
#define PACKAGE_BUGREPORT "bug-guile-ncurses@gnu.org"
#define PACKAGE_URL "http://www.gnu.org/software/guile-ncurses/"
#define PACKAGE "guile-ncurses"
#define VERSION "3.0"
#define STDC_HEADERS 1
#define HAVE_SYS_TYPES_H 1
#define HAVE_SYS_STAT_H 1
#define HAVE_STDLIB_H 1
#define HAVE_STRING_H 1
#define HAVE_MEMORY_H 1
#define HAVE_STRINGS_H 1
#define HAVE_INTTYPES_H 1
#define HAVE_STDINT_H 1
#define HAVE_UNISTD_H 1
#define __EXTENSIONS__ 1
#define _ALL_SOURCE 1
#define _GNU_SOURCE 1
#define _POSIX_PTHREAD_SEMANTICS 1
#define _TANDEM_SOURCE 1

configure: exit 1
