This file contains any messages produced by compilers while
running configure, to aid debugging if configure makes a mistake.

It was created by gnuschool configure 0.2, which was
generated by GNU Autoconf 2.60.  Invocation command line was

  $ ./configure 

## --------- ##
## Platform. ##
## --------- ##

hostname = rishon
uname -m = x86_64
uname -r = 4.15.0-72-generic
uname -s = Linux
uname -v = #81-Ubuntu SMP Tue Nov 26 12:20:02 UTC 2019

/usr/bin/uname -p = unknown
/bin/uname -X     = unknown

/bin/arch              = unknown
/usr/bin/arch -k       = unknown
/usr/convex/getsysinfo = unknown
/usr/bin/hostinfo      = unknown
/bin/machine           = unknown
/usr/bin/oslevel       = unknown
/bin/universe          = unknown

PATH: /home/carolhanna/miniconda3/bin
PATH: /home/carolhanna/miniconda3/condabin
PATH: /usr/local/sbin
PATH: /usr/local/bin
PATH: /usr/sbin
PATH: /usr/bin
PATH: /sbin
PATH: /bin
PATH: /usr/games
PATH: /usr/local/games
PATH: /snap/bin


## ----------- ##
## Core tests. ##
## ----------- ##

configure:1758: checking for a BSD-compatible install
configure:1814: result: /usr/bin/install -c
configure:1825: checking whether build environment is sane
configure:1868: result: yes
configure:1896: checking for a thread-safe mkdir -p
configure:1935: result: /bin/mkdir -p
configure:1948: checking for gawk
configure:1964: found /usr/bin/gawk
configure:1975: result: gawk
configure:1986: checking whether make sets $(MAKE)
configure:2007: result: yes
configure:2244: checking for gcc
configure:2260: found /usr/bin/gcc
configure:2271: result: gcc
configure:2509: checking for C compiler version
configure:2516: gcc --version >&5
gcc (Ubuntu 7.5.0-3ubuntu1~18.04) 7.5.0
Copyright (C) 2017 Free Software Foundation, Inc.
This is free software; see the source for copying conditions.  There is NO
warranty; not even for MERCHANTABILITY or FITNESS FOR A PARTICULAR PURPOSE.

configure:2519: $? = 0
configure:2526: gcc -v >&5
Using built-in specs.
COLLECT_GCC=gcc
COLLECT_LTO_WRAPPER=/usr/lib/gcc/x86_64-linux-gnu/7/lto-wrapper
OFFLOAD_TARGET_NAMES=nvptx-none
OFFLOAD_TARGET_DEFAULT=1
Target: x86_64-linux-gnu
Configured with: ../src/configure -v --with-pkgversion='Ubuntu 7.5.0-3ubuntu1~18.04' --with-bugurl=file:///usr/share/doc/gcc-7/README.Bugs --enable-languages=c,ada,c++,go,brig,d,fortran,objc,obj-c++ --prefix=/usr --with-gcc-major-version-only --program-suffix=-7 --program-prefix=x86_64-linux-gnu- --enable-shared --enable-linker-build-id --libexecdir=/usr/lib --without-included-gettext --enable-threads=posix --libdir=/usr/lib --enable-nls --enable-bootstrap --enable-clocale=gnu --enable-libstdcxx-debug --enable-libstdcxx-time=yes --with-default-libstdcxx-abi=new --enable-gnu-unique-object --disable-vtable-verify --enable-libmpx --enable-plugin --enable-default-pie --with-system-zlib --with-target-system-zlib --enable-objc-gc=auto --enable-multiarch --disable-werror --with-arch-32=i686 --with-abi=m64 --with-multilib-list=m32,m64,mx32 --enable-multilib --with-tune=generic --enable-offload-targets=nvptx-none --without-cuda-driver --enable-checking=release --build=x86_64-linux-gnu --host=x86_64-linux-gnu --target=x86_64-linux-gnu
Thread model: posix
gcc version 7.5.0 (Ubuntu 7.5.0-3ubuntu1~18.04) 
configure:2529: $? = 0
configure:2536: gcc -V >&5
gcc: error: unrecognized command line option '-V'
gcc: fatal error: no input files
compilation terminated.
configure:2539: $? = 1
configure:2562: checking for C compiler default output file name
configure:2589: gcc    conftest.c  >&5
configure:2592: $? = 0
configure:2638: result: a.out
configure:2643: checking whether the C compiler works
configure:2653: ./a.out
configure:2656: $? = 0
configure:2673: result: yes
configure:2680: checking whether we are cross compiling
configure:2682: result: no
configure:2685: checking for suffix of executables
configure:2692: gcc -o conftest    conftest.c  >&5
configure:2695: $? = 0
configure:2719: result: 
configure:2725: checking for suffix of object files
configure:2751: gcc -c   conftest.c >&5
configure:2754: $? = 0
configure:2777: result: o
configure:2781: checking whether we are using the GNU C compiler
configure:2810: gcc -c   conftest.c >&5
configure:2816: $? = 0
configure:2823: test -z "$ac_c_werror_flag" || test ! -s conftest.err
configure:2826: $? = 0
configure:2833: test -s conftest.o
configure:2836: $? = 0
configure:2850: result: yes
configure:2855: checking whether gcc accepts -g
configure:2885: gcc -c -g  conftest.c >&5
configure:2891: $? = 0
configure:2898: test -z "$ac_c_werror_flag" || test ! -s conftest.err
configure:2901: $? = 0
configure:2908: test -s conftest.o
configure:2911: $? = 0
configure:3041: result: yes
configure:3058: checking for gcc option to accept ISO C89
configure:3132: gcc  -c -g -O2  conftest.c >&5
configure:3138: $? = 0
configure:3145: test -z "$ac_c_werror_flag" || test ! -s conftest.err
configure:3148: $? = 0
configure:3155: test -s conftest.o
configure:3158: $? = 0
configure:3178: result: none needed
configure:3207: checking for style of include used by make
configure:3235: result: GNU
configure:3260: checking dependency style of gcc
configure:3351: result: none
configure:3379: checking for a BSD-compatible install
configure:3435: result: /usr/bin/install -c
configure:3452: checking how to run the C preprocessor
configure:3492: gcc -E  conftest.c
configure:3498: $? = 0
configure:3536: gcc -E  conftest.c
conftest.c:10:10: fatal error: ac_nonexistent.h: No such file or directory
 #include <ac_nonexistent.h>
          ^~~~~~~~~~~~~~~~~~
compilation terminated.
configure:3542: $? = 1
configure: failed program was:
| /* confdefs.h.  */
| #define PACKAGE_NAME "gnuschool"
| #define PACKAGE_TARNAME "gnuschool"
| #define PACKAGE_VERSION "0.2"
| #define PACKAGE_STRING "gnuschool 0.2"
| #define PACKAGE_BUGREPORT "Peter Rios gnuschool-bugs@gnu.org"
| #define PACKAGE "gnuschool"
| #define VERSION "0.2"
| /* end confdefs.h.  */
| #include <ac_nonexistent.h>
configure:3582: result: gcc -E
configure:3611: gcc -E  conftest.c
configure:3617: $? = 0
configure:3655: gcc -E  conftest.c
conftest.c:10:10: fatal error: ac_nonexistent.h: No such file or directory
 #include <ac_nonexistent.h>
          ^~~~~~~~~~~~~~~~~~
compilation terminated.
configure:3661: $? = 1
configure: failed program was:
| /* confdefs.h.  */
| #define PACKAGE_NAME "gnuschool"
| #define PACKAGE_TARNAME "gnuschool"
| #define PACKAGE_VERSION "0.2"
| #define PACKAGE_STRING "gnuschool 0.2"
| #define PACKAGE_BUGREPORT "Peter Rios gnuschool-bugs@gnu.org"
| #define PACKAGE "gnuschool"
| #define VERSION "0.2"
| /* end confdefs.h.  */
| #include <ac_nonexistent.h>
configure:3706: checking for grep that handles long lines and -e
configure:3780: result: /bin/grep
configure:3785: checking for egrep
configure:3863: result: /bin/grep -E
configure:3869: checking for AIX
configure:3891: result: no
configure:3897: checking for library containing strerror
configure:3938: gcc -o conftest -g -O2   conftest.c  >&5
configure:3944: $? = 0
configure:3951: test -z "$ac_c_werror_flag" || test ! -s conftest.err
configure:3954: $? = 0
configure:3961: test -s conftest
configure:3964: $? = 0
configure:3988: result: none required
configure:3996: checking for ANSI C header files
configure:4026: gcc -c -g -O2  conftest.c >&5
configure:4032: $? = 0
configure:4039: test -z "$ac_c_werror_flag" || test ! -s conftest.err
configure:4042: $? = 0
configure:4049: test -s conftest.o
configure:4052: $? = 0
configure:4148: gcc -o conftest -g -O2   conftest.c  >&5
configure:4151: $? = 0
configure:4157: ./conftest
configure:4160: $? = 0
configure:4177: result: yes
configure:4201: checking for sys/types.h
configure:4222: gcc -c -g -O2  conftest.c >&5
configure:4228: $? = 0
configure:4235: test -z "$ac_c_werror_flag" || test ! -s conftest.err
configure:4238: $? = 0
configure:4245: test -s conftest.o
configure:4248: $? = 0
configure:4261: result: yes
configure:4201: checking for sys/stat.h
configure:4222: gcc -c -g -O2  conftest.c >&5
configure:4228: $? = 0
configure:4235: test -z "$ac_c_werror_flag" || test ! -s conftest.err
configure:4238: $? = 0
configure:4245: test -s conftest.o
configure:4248: $? = 0
configure:4261: result: yes
configure:4201: checking for stdlib.h
configure:4222: gcc -c -g -O2  conftest.c >&5
configure:4228: $? = 0
configure:4235: test -z "$ac_c_werror_flag" || test ! -s conftest.err
configure:4238: $? = 0
configure:4245: test -s conftest.o
configure:4248: $? = 0
configure:4261: result: yes
configure:4201: checking for string.h
configure:4222: gcc -c -g -O2  conftest.c >&5
configure:4228: $? = 0
configure:4235: test -z "$ac_c_werror_flag" || test ! -s conftest.err
configure:4238: $? = 0
configure:4245: test -s conftest.o
configure:4248: $? = 0
configure:4261: result: yes
configure:4201: checking for memory.h
configure:4222: gcc -c -g -O2  conftest.c >&5
configure:4228: $? = 0
configure:4235: test -z "$ac_c_werror_flag" || test ! -s conftest.err
configure:4238: $? = 0
configure:4245: test -s conftest.o
configure:4248: $? = 0
configure:4261: result: yes
configure:4201: checking for strings.h
configure:4222: gcc -c -g -O2  conftest.c >&5
configure:4228: $? = 0
configure:4235: test -z "$ac_c_werror_flag" || test ! -s conftest.err
configure:4238: $? = 0
configure:4245: test -s conftest.o
configure:4248: $? = 0
configure:4261: result: yes
configure:4201: checking for inttypes.h
configure:4222: gcc -c -g -O2  conftest.c >&5
configure:4228: $? = 0
configure:4235: test -z "$ac_c_werror_flag" || test ! -s conftest.err
configure:4238: $? = 0
configure:4245: test -s conftest.o
configure:4248: $? = 0
configure:4261: result: yes
configure:4201: checking for stdint.h
configure:4222: gcc -c -g -O2  conftest.c >&5
configure:4228: $? = 0
configure:4235: test -z "$ac_c_werror_flag" || test ! -s conftest.err
configure:4238: $? = 0
configure:4245: test -s conftest.o
configure:4248: $? = 0
configure:4261: result: yes
configure:4201: checking for unistd.h
configure:4222: gcc -c -g -O2  conftest.c >&5
configure:4228: $? = 0
configure:4235: test -z "$ac_c_werror_flag" || test ! -s conftest.err
configure:4238: $? = 0
configure:4245: test -s conftest.o
configure:4248: $? = 0
configure:4261: result: yes
configure:4283: checking minix/config.h usability
configure:4300: gcc -c -g -O2  conftest.c >&5
conftest.c:53:10: fatal error: minix/config.h: No such file or directory
 #include <minix/config.h>
          ^~~~~~~~~~~~~~~~
compilation terminated.
configure:4306: $? = 1
configure: failed program was:
| /* confdefs.h.  */
| #define PACKAGE_NAME "gnuschool"
| #define PACKAGE_TARNAME "gnuschool"
| #define PACKAGE_VERSION "0.2"
| #define PACKAGE_STRING "gnuschool 0.2"
| #define PACKAGE_BUGREPORT "Peter Rios gnuschool-bugs@gnu.org"
| #define PACKAGE "gnuschool"
| #define VERSION "0.2"
| #define STDC_HEADERS 1
| #define HAVE_SYS_TYPES_H 1
| #define HAVE_SYS_STAT_H 1
| #define HAVE_STDLIB_H 1
| #define HAVE_STRING_H 1
| #define HAVE_MEMORY_H 1
| #define HAVE_STRINGS_H 1
| #define HAVE_INTTYPES_H 1
| #define HAVE_STDINT_H 1
| #define HAVE_UNISTD_H 1
| /* end confdefs.h.  */
| #include <stdio.h>
| #if HAVE_SYS_TYPES_H
| # include <sys/types.h>
| #endif
| #if HAVE_SYS_STAT_H
| # include <sys/stat.h>
| #endif
| #if STDC_HEADERS
| # include <stdlib.h>
| # include <stddef.h>
| #else
| # if HAVE_STDLIB_H
| #  include <stdlib.h>
| # endif
| #endif
| #if HAVE_STRING_H
| # if !STDC_HEADERS && HAVE_MEMORY_H
| #  include <memory.h>
| # endif
| # include <string.h>
| #endif
| #if HAVE_STRINGS_H
| # include <strings.h>
| #endif
| #if HAVE_INTTYPES_H
| # include <inttypes.h>
| #endif
| #if HAVE_STDINT_H
| # include <stdint.h>
| #endif
| #if HAVE_UNISTD_H
| # include <unistd.h>
| #endif
| #include <minix/config.h>
configure:4337: result: no
configure:4341: checking minix/config.h presence
configure:4356: gcc -E  conftest.c
conftest.c:20:10: fatal error: minix/config.h: No such file or directory
 #include <minix/config.h>
          ^~~~~~~~~~~~~~~~
compilation terminated.
configure:4362: $? = 1
configure: failed program was:
| /* confdefs.h.  */
| #define PACKAGE_NAME "gnuschool"
| #define PACKAGE_TARNAME "gnuschool"
| #define PACKAGE_VERSION "0.2"
| #define PACKAGE_STRING "gnuschool 0.2"
| #define PACKAGE_BUGREPORT "Peter Rios gnuschool-bugs@gnu.org"
| #define PACKAGE "gnuschool"
| #define VERSION "0.2"
| #define STDC_HEADERS 1
| #define HAVE_SYS_TYPES_H 1
| #define HAVE_SYS_STAT_H 1
| #define HAVE_STDLIB_H 1
| #define HAVE_STRING_H 1
| #define HAVE_MEMORY_H 1
| #define HAVE_STRINGS_H 1
| #define HAVE_INTTYPES_H 1
| #define HAVE_STDINT_H 1
| #define HAVE_UNISTD_H 1
| /* end confdefs.h.  */
| #include <minix/config.h>
configure:4383: result: no
configure:4416: checking for minix/config.h
configure:4423: result: no
configure:4452: checking for ANSI C header files
configure:4633: result: yes
configure:4686: checking for ranlib
configure:4702: found /usr/bin/ranlib
configure:4713: result: ranlib
configure:4857: creating ./config.status

## ---------------------- ##
## Running config.status. ##
## ---------------------- ##

This file was extended by gnuschool config.status 0.2, which was
generated by GNU Autoconf 2.60.  Invocation command line was

  CONFIG_FILES    = 
  CONFIG_HEADERS  = 
  CONFIG_LINKS    = 
  CONFIG_COMMANDS = 
  $ ./config.status 

on rishon

config.status:635: creating Makefile
config.status:635: creating doc/Makefile
config.status:635: creating m4/Makefile
config.status:635: creating src/Makefile
config.status:635: creating src/db_admin/Makefile
config.status:635: creating src/principals/Makefile
config.status:635: creating src/students/Makefile
config.status:635: creating src/teachers/Makefile
config.status:635: creating src/teachers/attendance/Makefile
config.status:635: creating src/teachers/grades/Makefile
config.status:635: creating src/teachers/seats/Makefile
config.status:635: creating src/teachers/students_info/Makefile
config.status:635: creating src/teachers/tests_admin/Makefile
config.status:635: creating config.h
config.status:908: executing depfiles commands

## ---------------- ##
## Cache variables. ##
## ---------------- ##

ac_cv_c_compiler_gnu=yes
ac_cv_env_CC_set=
ac_cv_env_CC_value=
ac_cv_env_CFLAGS_set=
ac_cv_env_CFLAGS_value=
ac_cv_env_CPPFLAGS_set=
ac_cv_env_CPPFLAGS_value=
ac_cv_env_CPP_set=
ac_cv_env_CPP_value=
ac_cv_env_LDFLAGS_set=
ac_cv_env_LDFLAGS_value=
ac_cv_env_build_alias_set=
ac_cv_env_build_alias_value=
ac_cv_env_host_alias_set=
ac_cv_env_host_alias_value=
ac_cv_env_target_alias_set=
ac_cv_env_target_alias_value=
ac_cv_header_inttypes_h=yes
ac_cv_header_memory_h=yes
ac_cv_header_minix_config_h=no
ac_cv_header_stdc=yes
ac_cv_header_stdint_h=yes
ac_cv_header_stdlib_h=yes
ac_cv_header_string_h=yes
ac_cv_header_strings_h=yes
ac_cv_header_sys_stat_h=yes
ac_cv_header_sys_types_h=yes
ac_cv_header_unistd_h=yes
ac_cv_objext=o
ac_cv_path_EGREP='/bin/grep -E'
ac_cv_path_GREP=/bin/grep
ac_cv_path_install='/usr/bin/install -c'
ac_cv_path_mkdir=/bin/mkdir
ac_cv_prog_AWK=gawk
ac_cv_prog_CPP='gcc -E'
ac_cv_prog_ac_ct_CC=gcc
ac_cv_prog_ac_ct_RANLIB=ranlib
ac_cv_prog_cc_c89=
ac_cv_prog_cc_g=yes
ac_cv_prog_make_make_set=yes
ac_cv_search_strerror='none required'
am_cv_CC_dependencies_compiler_type=none

## ----------------- ##
## Output variables. ##
## ----------------- ##

ACLOCAL='${SHELL} /home/carolhanna/Security_Project/gnu_dataset/gnuschool-0.2/config/missing --run aclocal-1.10'
AMDEPBACKSLASH='\'
AMDEP_FALSE='#'
AMDEP_TRUE=''
AMTAR='${SHELL} /home/carolhanna/Security_Project/gnu_dataset/gnuschool-0.2/config/missing --run tar'
AUTOCONF='${SHELL} /home/carolhanna/Security_Project/gnu_dataset/gnuschool-0.2/config/missing --run autoconf'
AUTOHEADER='${SHELL} /home/carolhanna/Security_Project/gnu_dataset/gnuschool-0.2/config/missing --run autoheader'
AUTOMAKE='${SHELL} /home/carolhanna/Security_Project/gnu_dataset/gnuschool-0.2/config/missing --run automake-1.10'
AWK='gawk'
CC='gcc'
CCDEPMODE='depmode=none'
CFLAGS='-g -O2'
CPP='gcc -E'
CPPFLAGS=''
CYGPATH_W='echo'
DEFS='-DHAVE_CONFIG_H'
DEPDIR='.deps'
ECHO_C=''
ECHO_N='-n'
ECHO_T=''
EGREP='/bin/grep -E'
EXEEXT=''
GREP='/bin/grep'
INSTALL_DATA='${INSTALL} -m 644'
INSTALL_PROGRAM='${INSTALL}'
INSTALL_SCRIPT='${INSTALL}'
INSTALL_STRIP_PROGRAM='$(install_sh) -c -s'
LDFLAGS=''
LIBOBJS=''
LIBS=''
LTLIBOBJS=''
MAKEINFO='${SHELL} /home/carolhanna/Security_Project/gnu_dataset/gnuschool-0.2/config/missing --run makeinfo'
OBJEXT='o'
PACKAGE='gnuschool'
PACKAGE_BUGREPORT='Peter Rios gnuschool-bugs@gnu.org'
PACKAGE_NAME='gnuschool'
PACKAGE_STRING='gnuschool 0.2'
PACKAGE_TARNAME='gnuschool'
PACKAGE_VERSION='0.2'
PATH_SEPARATOR=':'
RANLIB='ranlib'
SET_MAKE=''
SHELL='/bin/bash'
STRIP=''
VERSION='0.2'
ac_ct_CC='gcc'
am__fastdepCC_FALSE=''
am__fastdepCC_TRUE='#'
am__include='include'
am__isrc=''
am__leading_dot='.'
am__quote=''
am__tar='${AMTAR} chof - "$$tardir"'
am__untar='${AMTAR} xf -'
bindir='${exec_prefix}/bin'
build_alias=''
datadir='${datarootdir}'
datarootdir='${prefix}/share'
docdir='${datarootdir}/doc/${PACKAGE_TARNAME}'
dvidir='${docdir}'
exec_prefix='${prefix}'
host_alias=''
htmldir='${docdir}'
includedir='${prefix}/include'
infodir='${datarootdir}/info'
install_sh='$(SHELL) /home/carolhanna/Security_Project/gnu_dataset/gnuschool-0.2/config/install-sh'
libdir='${exec_prefix}/lib'
libexecdir='${exec_prefix}/libexec'
localedir='${datarootdir}/locale'
localstatedir='${prefix}/var'
mandir='${datarootdir}/man'
mkdir_p='/bin/mkdir -p'
oldincludedir='/usr/include'
pdfdir='${docdir}'
prefix='/usr/local'
program_transform_name='s,x,x,'
psdir='${docdir}'
sbindir='${exec_prefix}/sbin'
sharedstatedir='${prefix}/com'
sysconfdir='${prefix}/etc'
target_alias=''

## ----------- ##
## confdefs.h. ##
## ----------- ##

#define PACKAGE_NAME "gnuschool"
#define PACKAGE_TARNAME "gnuschool"
#define PACKAGE_VERSION "0.2"
#define PACKAGE_STRING "gnuschool 0.2"
#define PACKAGE_BUGREPORT "Peter Rios gnuschool-bugs@gnu.org"
#define PACKAGE "gnuschool"
#define VERSION "0.2"
#define STDC_HEADERS 1
#define HAVE_SYS_TYPES_H 1
#define HAVE_SYS_STAT_H 1
#define HAVE_STDLIB_H 1
#define HAVE_STRING_H 1
#define HAVE_MEMORY_H 1
#define HAVE_STRINGS_H 1
#define HAVE_INTTYPES_H 1
#define HAVE_STDINT_H 1
#define HAVE_UNISTD_H 1
#define STDC_HEADERS 1

configure: exit 0
