This file contains any messages produced by compilers while
running configure, to aid debugging if configure makes a mistake.

It was created by cursynth configure 1.5, which was
generated by GNU Autoconf 2.69.  Invocation command line was

  $ ./configure 

## --------- ##
## Platform. ##
## --------- ##

hostname = rishon
uname -m = x86_64
uname -r = 4.15.0-72-generic
uname -s = Linux
uname -v = #81-Ubuntu SMP Tue Nov 26 12:20:02 UTC 2019

/usr/bin/uname -p = unknown
/bin/uname -X     = unknown

/bin/arch              = unknown
/usr/bin/arch -k       = unknown
/usr/convex/getsysinfo = unknown
/usr/bin/hostinfo      = unknown
/bin/machine           = unknown
/usr/bin/oslevel       = unknown
/bin/universe          = unknown

PATH: /home/carolhanna/miniconda3/bin
PATH: /home/carolhanna/miniconda3/condabin
PATH: /usr/local/sbin
PATH: /usr/local/bin
PATH: /usr/sbin
PATH: /usr/bin
PATH: /sbin
PATH: /bin
PATH: /usr/games
PATH: /usr/local/games
PATH: /snap/bin


## ----------- ##
## Core tests. ##
## ----------- ##

configure:2436: checking for a BSD-compatible install
configure:2504: result: /usr/bin/install -c
configure:2515: checking whether build environment is sane
configure:2570: result: yes
configure:2721: checking for a thread-safe mkdir -p
configure:2760: result: /bin/mkdir -p
configure:2767: checking for gawk
configure:2783: found /usr/bin/gawk
configure:2794: result: gawk
configure:2805: checking whether make sets $(MAKE)
configure:2827: result: yes
configure:2856: checking whether make supports nested variables
configure:2873: result: yes
configure:2968: checking whether make supports nested variables
configure:2985: result: yes
configure:3059: checking for c++
configure:3075: found /usr/bin/c++
configure:3086: result: c++
configure:3113: checking for C++ compiler version
configure:3122: c++ --version >&5
c++ (Ubuntu 7.5.0-3ubuntu1~18.04) 7.5.0
Copyright (C) 2017 Free Software Foundation, Inc.
This is free software; see the source for copying conditions.  There is NO
warranty; not even for MERCHANTABILITY or FITNESS FOR A PARTICULAR PURPOSE.

configure:3133: $? = 0
configure:3122: c++ -v >&5
Using built-in specs.
COLLECT_GCC=c++
COLLECT_LTO_WRAPPER=/usr/lib/gcc/x86_64-linux-gnu/7/lto-wrapper
OFFLOAD_TARGET_NAMES=nvptx-none
OFFLOAD_TARGET_DEFAULT=1
Target: x86_64-linux-gnu
Configured with: ../src/configure -v --with-pkgversion='Ubuntu 7.5.0-3ubuntu1~18.04' --with-bugurl=file:///usr/share/doc/gcc-7/README.Bugs --enable-languages=c,ada,c++,go,brig,d,fortran,objc,obj-c++ --prefix=/usr --with-gcc-major-version-only --program-suffix=-7 --program-prefix=x86_64-linux-gnu- --enable-shared --enable-linker-build-id --libexecdir=/usr/lib --without-included-gettext --enable-threads=posix --libdir=/usr/lib --enable-nls --enable-bootstrap --enable-clocale=gnu --enable-libstdcxx-debug --enable-libstdcxx-time=yes --with-default-libstdcxx-abi=new --enable-gnu-unique-object --disable-vtable-verify --enable-libmpx --enable-plugin --enable-default-pie --with-system-zlib --with-target-system-zlib --enable-objc-gc=auto --enable-multiarch --disable-werror --with-arch-32=i686 --with-abi=m64 --with-multilib-list=m32,m64,mx32 --enable-multilib --with-tune=generic --enable-offload-targets=nvptx-none --without-cuda-driver --enable-checking=release --build=x86_64-linux-gnu --host=x86_64-linux-gnu --target=x86_64-linux-gnu
Thread model: posix
gcc version 7.5.0 (Ubuntu 7.5.0-3ubuntu1~18.04) 
configure:3133: $? = 0
configure:3122: c++ -V >&5
c++: error: unrecognized command line option '-V'
c++: fatal error: no input files
compilation terminated.
configure:3133: $? = 1
configure:3122: c++ -qversion >&5
c++: error: unrecognized command line option '-qversion'; did you mean '--version'?
c++: fatal error: no input files
compilation terminated.
configure:3133: $? = 1
configure:3153: checking whether the C++ compiler works
configure:3175: c++    conftest.cpp  >&5
configure:3179: $? = 0
configure:3227: result: yes
configure:3230: checking for C++ compiler default output file name
configure:3232: result: a.out
configure:3238: checking for suffix of executables
configure:3245: c++ -o conftest    conftest.cpp  >&5
configure:3249: $? = 0
configure:3271: result: 
configure:3293: checking whether we are cross compiling
configure:3301: c++ -o conftest    conftest.cpp  >&5
configure:3305: $? = 0
configure:3312: ./conftest
configure:3316: $? = 0
configure:3331: result: no
configure:3336: checking for suffix of object files
configure:3358: c++ -c   conftest.cpp >&5
configure:3362: $? = 0
configure:3383: result: o
configure:3387: checking whether we are using the GNU C++ compiler
configure:3406: c++ -c   conftest.cpp >&5
configure:3406: $? = 0
configure:3415: result: yes
configure:3424: checking whether c++ accepts -g
configure:3444: c++ -c -g  conftest.cpp >&5
configure:3444: $? = 0
configure:3485: result: yes
configure:3519: checking for style of include used by make
configure:3547: result: GNU
configure:3573: checking dependency style of c++
configure:3684: result: gcc3
configure:3747: checking for gcc
configure:3763: found /usr/bin/gcc
configure:3774: result: gcc
configure:4003: checking for C compiler version
configure:4012: gcc --version >&5
gcc (Ubuntu 7.5.0-3ubuntu1~18.04) 7.5.0
Copyright (C) 2017 Free Software Foundation, Inc.
This is free software; see the source for copying conditions.  There is NO
warranty; not even for MERCHANTABILITY or FITNESS FOR A PARTICULAR PURPOSE.

configure:4023: $? = 0
configure:4012: gcc -v >&5
Using built-in specs.
COLLECT_GCC=gcc
COLLECT_LTO_WRAPPER=/usr/lib/gcc/x86_64-linux-gnu/7/lto-wrapper
OFFLOAD_TARGET_NAMES=nvptx-none
OFFLOAD_TARGET_DEFAULT=1
Target: x86_64-linux-gnu
Configured with: ../src/configure -v --with-pkgversion='Ubuntu 7.5.0-3ubuntu1~18.04' --with-bugurl=file:///usr/share/doc/gcc-7/README.Bugs --enable-languages=c,ada,c++,go,brig,d,fortran,objc,obj-c++ --prefix=/usr --with-gcc-major-version-only --program-suffix=-7 --program-prefix=x86_64-linux-gnu- --enable-shared --enable-linker-build-id --libexecdir=/usr/lib --without-included-gettext --enable-threads=posix --libdir=/usr/lib --enable-nls --enable-bootstrap --enable-clocale=gnu --enable-libstdcxx-debug --enable-libstdcxx-time=yes --with-default-libstdcxx-abi=new --enable-gnu-unique-object --disable-vtable-verify --enable-libmpx --enable-plugin --enable-default-pie --with-system-zlib --with-target-system-zlib --enable-objc-gc=auto --enable-multiarch --disable-werror --with-arch-32=i686 --with-abi=m64 --with-multilib-list=m32,m64,mx32 --enable-multilib --with-tune=generic --enable-offload-targets=nvptx-none --without-cuda-driver --enable-checking=release --build=x86_64-linux-gnu --host=x86_64-linux-gnu --target=x86_64-linux-gnu
Thread model: posix
gcc version 7.5.0 (Ubuntu 7.5.0-3ubuntu1~18.04) 
configure:4023: $? = 0
configure:4012: gcc -V >&5
gcc: error: unrecognized command line option '-V'
gcc: fatal error: no input files
compilation terminated.
configure:4023: $? = 1
configure:4012: gcc -qversion >&5
gcc: error: unrecognized command line option '-qversion'; did you mean '--version'?
gcc: fatal error: no input files
compilation terminated.
configure:4023: $? = 1
configure:4027: checking whether we are using the GNU C compiler
configure:4046: gcc -c   conftest.c >&5
configure:4046: $? = 0
configure:4055: result: yes
configure:4064: checking whether gcc accepts -g
configure:4084: gcc -c -g  conftest.c >&5
configure:4084: $? = 0
configure:4125: result: yes
configure:4142: checking for gcc option to accept ISO C89
configure:4205: gcc  -c -g -O2  conftest.c >&5
configure:4205: $? = 0
configure:4218: result: none needed
configure:4240: checking dependency style of gcc
configure:4351: result: gcc3
configure:4410: checking for ranlib
configure:4426: found /usr/bin/ranlib
configure:4437: result: ranlib
configure:4460: checking whether gcc and cc understand -c and -o together
configure:4491: gcc -c conftest.c -o conftest2.o >&5
configure:4495: $? = 0
configure:4501: gcc -c conftest.c -o conftest2.o >&5
configure:4505: $? = 0
configure:4516: cc -c conftest.c >&5
configure:4520: $? = 0
configure:4528: cc -c conftest.c -o conftest2.o >&5
configure:4532: $? = 0
configure:4538: cc -c conftest.c -o conftest2.o >&5
configure:4542: $? = 0
configure:4560: result: yes
configure:4635: checking for ar
configure:4651: found /usr/bin/ar
configure:4662: result: ar
configure:4688: checking the archiver (ar) interface
configure:4698: gcc -c -g -O2  conftest.c >&5
configure:4698: $? = 0
configure:4700: ar cru libconftest.a conftest.o >&5
ar: `u' modifier ignored since `D' is the default (see `U')
configure:4703: $? = 0
configure:4726: result: ar
configure:4746: checking for a sed that does not truncate output
configure:4810: result: /bin/sed
configure:4816: checking whether NLS is requested
configure:4825: result: yes
configure:4865: checking for msgfmt
configure: trying /usr/bin/msgfmt...
0 translated messages.
configure:4897: result: /usr/bin/msgfmt
configure:4906: checking for gmsgfmt
configure:4937: result: /usr/bin/msgfmt
configure:4987: checking for xgettext
configure: trying /usr/bin/xgettext...
/usr/bin/xgettext: warning: file '/dev/null' extension '' is unknown; will try C
configure:5019: result: /usr/bin/xgettext
configure:5064: checking for msgmerge
configure: trying /usr/bin/msgmerge...
configure:5095: result: /usr/bin/msgmerge
configure:5132: checking build system type
configure:5146: result: x86_64-unknown-linux-gnu
configure:5166: checking host system type
configure:5179: result: x86_64-unknown-linux-gnu
configure:5224: checking for ld used by gcc
configure:5291: result: /usr/bin/ld
configure:5298: checking if the linker (/usr/bin/ld) is GNU ld
configure:5313: result: yes
configure:5320: checking for shared library run path origin
configure:5333: result: done
configure:5357: checking how to run the C preprocessor
configure:5388: gcc -E  conftest.c
configure:5388: $? = 0
configure:5402: gcc -E  conftest.c
conftest.c:11:10: fatal error: ac_nonexistent.h: No such file or directory
 #include <ac_nonexistent.h>
          ^~~~~~~~~~~~~~~~~~
compilation terminated.
configure:5402: $? = 1
configure: failed program was:
| /* confdefs.h */
| #define PACKAGE_NAME "cursynth"
| #define PACKAGE_TARNAME "cursynth"
| #define PACKAGE_VERSION "1.5"
| #define PACKAGE_STRING "cursynth 1.5"
| #define PACKAGE_BUGREPORT "littleioaudio@gmail.com"
| #define PACKAGE_URL ""
| #define PACKAGE "cursynth"
| #define VERSION "1.5"
| /* end confdefs.h.  */
| #include <ac_nonexistent.h>
configure:5427: result: gcc -E
configure:5447: gcc -E  conftest.c
configure:5447: $? = 0
configure:5461: gcc -E  conftest.c
conftest.c:11:10: fatal error: ac_nonexistent.h: No such file or directory
 #include <ac_nonexistent.h>
          ^~~~~~~~~~~~~~~~~~
compilation terminated.
configure:5461: $? = 1
configure: failed program was:
| /* confdefs.h */
| #define PACKAGE_NAME "cursynth"
| #define PACKAGE_TARNAME "cursynth"
| #define PACKAGE_VERSION "1.5"
| #define PACKAGE_STRING "cursynth 1.5"
| #define PACKAGE_BUGREPORT "littleioaudio@gmail.com"
| #define PACKAGE_URL ""
| #define PACKAGE "cursynth"
| #define VERSION "1.5"
| /* end confdefs.h.  */
| #include <ac_nonexistent.h>
configure:5490: checking for grep that handles long lines and -e
configure:5548: result: /bin/grep
configure:5553: checking for egrep
configure:5615: result: /bin/grep -E
configure:6173: checking for CFPreferencesCopyAppValue
configure:6191: gcc -o conftest -g -O2   conftest.c  -Wl,-framework -Wl,CoreFoundation >&5
conftest.c:11:10: fatal error: CoreFoundation/CFPreferences.h: No such file or directory
 #include <CoreFoundation/CFPreferences.h>
          ^~~~~~~~~~~~~~~~~~~~~~~~~~~~~~~~
compilation terminated.
configure:6191: $? = 1
configure: failed program was:
| /* confdefs.h */
| #define PACKAGE_NAME "cursynth"
| #define PACKAGE_TARNAME "cursynth"
| #define PACKAGE_VERSION "1.5"
| #define PACKAGE_STRING "cursynth 1.5"
| #define PACKAGE_BUGREPORT "littleioaudio@gmail.com"
| #define PACKAGE_URL ""
| #define PACKAGE "cursynth"
| #define VERSION "1.5"
| /* end confdefs.h.  */
| #include <CoreFoundation/CFPreferences.h>
| int
| main ()
| {
| CFPreferencesCopyAppValue(NULL, NULL)
|   ;
|   return 0;
| }
configure:6200: result: no
configure:6207: checking for CFLocaleCopyCurrent
configure:6225: gcc -o conftest -g -O2   conftest.c  -Wl,-framework -Wl,CoreFoundation >&5
conftest.c:11:10: fatal error: CoreFoundation/CFLocale.h: No such file or directory
 #include <CoreFoundation/CFLocale.h>
          ^~~~~~~~~~~~~~~~~~~~~~~~~~~
compilation terminated.
configure:6225: $? = 1
configure: failed program was:
| /* confdefs.h */
| #define PACKAGE_NAME "cursynth"
| #define PACKAGE_TARNAME "cursynth"
| #define PACKAGE_VERSION "1.5"
| #define PACKAGE_STRING "cursynth 1.5"
| #define PACKAGE_BUGREPORT "littleioaudio@gmail.com"
| #define PACKAGE_URL ""
| #define PACKAGE "cursynth"
| #define VERSION "1.5"
| /* end confdefs.h.  */
| #include <CoreFoundation/CFLocale.h>
| int
| main ()
| {
| CFLocaleCopyCurrent();
|   ;
|   return 0;
| }
configure:6234: result: no
configure:6283: checking for GNU gettext in libc
configure:6307: gcc -o conftest -g -O2   conftest.c  >&5
configure:6307: $? = 0
configure:6316: result: yes
configure:7144: checking whether to use NLS
configure:7146: result: yes
configure:7149: checking where the gettext function comes from
configure:7160: result: libc
configure:7220: checking for gettext in -lintl
configure:7245: gcc -o conftest -g -O2   conftest.c -lintl   >&5
conftest.c:21:6: warning: conflicting types for built-in function 'gettext' [-Wbuiltin-declaration-mismatch]
 char gettext ();
      ^~~~~~~
/usr/bin/ld: cannot find -lintl
collect2: error: ld returned 1 exit status
configure:7245: $? = 1
configure: failed program was:
| /* confdefs.h */
| #define PACKAGE_NAME "cursynth"
| #define PACKAGE_TARNAME "cursynth"
| #define PACKAGE_VERSION "1.5"
| #define PACKAGE_STRING "cursynth 1.5"
| #define PACKAGE_BUGREPORT "littleioaudio@gmail.com"
| #define PACKAGE_URL ""
| #define PACKAGE "cursynth"
| #define VERSION "1.5"
| #define ENABLE_NLS 1
| #define HAVE_GETTEXT 1
| #define HAVE_DCGETTEXT 1
| /* end confdefs.h.  */
| 
| /* Override any GCC internal prototype to avoid an error.
|    Use char because int might match the return type of a GCC
|    builtin and then its argument prototype would still apply.  */
| #ifdef __cplusplus
| extern "C"
| #endif
| char gettext ();
| int
| main ()
| {
| return gettext ();
|   ;
|   return 0;
| }
configure:7254: result: no
configure:7265: checking for curs_set in -lncurses
configure:7290: gcc -o conftest -g -O2   conftest.c -lncurses   >&5
configure:7290: $? = 0
configure:7299: result: yes
configure:7310: checking for pthread_create in -lpthread
configure:7335: gcc -o conftest -g -O2   conftest.c -lpthread  -lncurses  >&5
configure:7335: $? = 0
configure:7344: result: yes
configure:7357: checking for ANSI C header files
configure:7377: gcc -c -g -O2  conftest.c >&5
configure:7377: $? = 0
configure:7450: gcc -o conftest -g -O2   conftest.c -lpthread -lncurses  >&5
configure:7450: $? = 0
configure:7450: ./conftest
configure:7450: $? = 0
configure:7461: result: yes
configure:7474: checking for sys/types.h
configure:7474: gcc -c -g -O2  conftest.c >&5
configure:7474: $? = 0
configure:7474: result: yes
configure:7474: checking for sys/stat.h
configure:7474: gcc -c -g -O2  conftest.c >&5
configure:7474: $? = 0
configure:7474: result: yes
configure:7474: checking for stdlib.h
configure:7474: gcc -c -g -O2  conftest.c >&5
configure:7474: $? = 0
configure:7474: result: yes
configure:7474: checking for string.h
configure:7474: gcc -c -g -O2  conftest.c >&5
configure:7474: $? = 0
configure:7474: result: yes
configure:7474: checking for memory.h
configure:7474: gcc -c -g -O2  conftest.c >&5
configure:7474: $? = 0
configure:7474: result: yes
configure:7474: checking for strings.h
configure:7474: gcc -c -g -O2  conftest.c >&5
configure:7474: $? = 0
configure:7474: result: yes
configure:7474: checking for inttypes.h
configure:7474: gcc -c -g -O2  conftest.c >&5
configure:7474: $? = 0
configure:7474: result: yes
configure:7474: checking for stdint.h
configure:7474: gcc -c -g -O2  conftest.c >&5
configure:7474: $? = 0
configure:7474: result: yes
configure:7474: checking for unistd.h
configure:7474: gcc -c -g -O2  conftest.c >&5
configure:7474: $? = 0
configure:7474: result: yes
configure:7489: checking fcntl.h usability
configure:7489: gcc -c -g -O2  conftest.c >&5
configure:7489: $? = 0
configure:7489: result: yes
configure:7489: checking fcntl.h presence
configure:7489: gcc -E  conftest.c
configure:7489: $? = 0
configure:7489: result: yes
configure:7489: checking for fcntl.h
configure:7489: result: yes
configure:7489: checking float.h usability
configure:7489: gcc -c -g -O2  conftest.c >&5
configure:7489: $? = 0
configure:7489: result: yes
configure:7489: checking float.h presence
configure:7489: gcc -E  conftest.c
configure:7489: $? = 0
configure:7489: result: yes
configure:7489: checking for float.h
configure:7489: result: yes
configure:7489: checking libintl.h usability
configure:7489: gcc -c -g -O2  conftest.c >&5
configure:7489: $? = 0
configure:7489: result: yes
configure:7489: checking libintl.h presence
configure:7489: gcc -E  conftest.c
configure:7489: $? = 0
configure:7489: result: yes
configure:7489: checking for libintl.h
configure:7489: result: yes
configure:7489: checking limits.h usability
configure:7489: gcc -c -g -O2  conftest.c >&5
configure:7489: $? = 0
configure:7489: result: yes
configure:7489: checking limits.h presence
configure:7489: gcc -E  conftest.c
configure:7489: $? = 0
configure:7489: result: yes
configure:7489: checking for limits.h
configure:7489: result: yes
configure:7489: checking locale.h usability
configure:7489: gcc -c -g -O2  conftest.c >&5
configure:7489: $? = 0
configure:7489: result: yes
configure:7489: checking locale.h presence
configure:7489: gcc -E  conftest.c
configure:7489: $? = 0
configure:7489: result: yes
configure:7489: checking for locale.h
configure:7489: result: yes
configure:7489: checking math.h usability
configure:7489: gcc -c -g -O2  conftest.c >&5
configure:7489: $? = 0
configure:7489: result: yes
configure:7489: checking math.h presence
configure:7489: gcc -E  conftest.c
configure:7489: $? = 0
configure:7489: result: yes
configure:7489: checking for math.h
configure:7489: result: yes
configure:7489: checking ncurses.h usability
configure:7489: gcc -c -g -O2  conftest.c >&5
configure:7489: $? = 0
configure:7489: result: yes
configure:7489: checking ncurses.h presence
configure:7489: gcc -E  conftest.c
configure:7489: $? = 0
configure:7489: result: yes
configure:7489: checking for ncurses.h
configure:7489: result: yes
configure:7489: checking stddef.h usability
configure:7489: gcc -c -g -O2  conftest.c >&5
configure:7489: $? = 0
configure:7489: result: yes
configure:7489: checking stddef.h presence
configure:7489: gcc -E  conftest.c
configure:7489: $? = 0
configure:7489: result: yes
configure:7489: checking for stddef.h
configure:7489: result: yes
configure:7489: checking for stdlib.h
configure:7489: result: yes
configure:7489: checking for string.h
configure:7489: result: yes
configure:7489: checking for strings.h
configure:7489: result: yes
configure:7489: checking sys/ioctl.h usability
configure:7489: gcc -c -g -O2  conftest.c >&5
configure:7489: $? = 0
configure:7489: result: yes
configure:7489: checking sys/ioctl.h presence
configure:7489: gcc -E  conftest.c
configure:7489: $? = 0
configure:7489: result: yes
configure:7489: checking for sys/ioctl.h
configure:7489: result: yes
configure:7489: checking sys/time.h usability
configure:7489: gcc -c -g -O2  conftest.c >&5
configure:7489: $? = 0
configure:7489: result: yes
configure:7489: checking sys/time.h presence
configure:7489: gcc -E  conftest.c
configure:7489: $? = 0
configure:7489: result: yes
configure:7489: checking for sys/time.h
configure:7489: result: yes
configure:7489: checking for unistd.h
configure:7489: result: yes
configure:7502: checking for audio API
configure:7778: checking for pkg-config
configure:7796: found /usr/bin/pkg-config
configure:7808: result: /usr/bin/pkg-config
configure:7833: checking pkg-config is at least version 0.9.0
configure:7836: result: yes
configure:7940: result: using ALSA
configure:7945: checking for snd_pcm_open in -lasound
configure:7970: gcc -o conftest -g -O2   conftest.c -lasound  -lpthread -lncurses  >&5
/usr/bin/ld: cannot find -lasound
collect2: error: ld returned 1 exit status
configure:7970: $? = 1
configure: failed program was:
| /* confdefs.h */
| #define PACKAGE_NAME "cursynth"
| #define PACKAGE_TARNAME "cursynth"
| #define PACKAGE_VERSION "1.5"
| #define PACKAGE_STRING "cursynth 1.5"
| #define PACKAGE_BUGREPORT "littleioaudio@gmail.com"
| #define PACKAGE_URL ""
| #define PACKAGE "cursynth"
| #define VERSION "1.5"
| #define ENABLE_NLS 1
| #define HAVE_GETTEXT 1
| #define HAVE_DCGETTEXT 1
| #define HAVE_LIBNCURSES 1
| #define HAVE_LIBPTHREAD 1
| #define STDC_HEADERS 1
| #define HAVE_SYS_TYPES_H 1
| #define HAVE_SYS_STAT_H 1
| #define HAVE_STDLIB_H 1
| #define HAVE_STRING_H 1
| #define HAVE_MEMORY_H 1
| #define HAVE_STRINGS_H 1
| #define HAVE_INTTYPES_H 1
| #define HAVE_STDINT_H 1
| #define HAVE_UNISTD_H 1
| #define HAVE_FCNTL_H 1
| #define HAVE_FLOAT_H 1
| #define HAVE_LIBINTL_H 1
| #define HAVE_LIMITS_H 1
| #define HAVE_LOCALE_H 1
| #define HAVE_MATH_H 1
| #define HAVE_NCURSES_H 1
| #define HAVE_STDDEF_H 1
| #define HAVE_STDLIB_H 1
| #define HAVE_STRING_H 1
| #define HAVE_STRINGS_H 1
| #define HAVE_SYS_IOCTL_H 1
| #define HAVE_SYS_TIME_H 1
| #define HAVE_UNISTD_H 1
| /* end confdefs.h.  */
| 
| /* Override any GCC internal prototype to avoid an error.
|    Use char because int might match the return type of a GCC
|    builtin and then its argument prototype would still apply.  */
| #ifdef __cplusplus
| extern "C"
| #endif
| char snd_pcm_open ();
| int
| main ()
| {
| return snd_pcm_open ();
|   ;
|   return 0;
| }
configure:7979: result: no
configure:7989: error: ALSA support requires the asound library!

## ---------------- ##
## Cache variables. ##
## ---------------- ##

ac_cv_build=x86_64-unknown-linux-gnu
ac_cv_c_compiler_gnu=yes
ac_cv_cxx_compiler_gnu=yes
ac_cv_env_CCC_set=
ac_cv_env_CCC_value=
ac_cv_env_CC_set=
ac_cv_env_CC_value=
ac_cv_env_CFLAGS_set=
ac_cv_env_CFLAGS_value=
ac_cv_env_CPPFLAGS_set=
ac_cv_env_CPPFLAGS_value=
ac_cv_env_CPP_set=
ac_cv_env_CPP_value=
ac_cv_env_CXXFLAGS_set=
ac_cv_env_CXXFLAGS_value=
ac_cv_env_CXX_set=
ac_cv_env_CXX_value=
ac_cv_env_LDFLAGS_set=
ac_cv_env_LDFLAGS_value=
ac_cv_env_LIBS_set=
ac_cv_env_LIBS_value=
ac_cv_env_PKG_CONFIG_LIBDIR_set=
ac_cv_env_PKG_CONFIG_LIBDIR_value=
ac_cv_env_PKG_CONFIG_PATH_set=
ac_cv_env_PKG_CONFIG_PATH_value=
ac_cv_env_PKG_CONFIG_set=
ac_cv_env_PKG_CONFIG_value=
ac_cv_env_PULSE_CFLAGS_set=
ac_cv_env_PULSE_CFLAGS_value=
ac_cv_env_PULSE_LIBS_set=
ac_cv_env_PULSE_LIBS_value=
ac_cv_env_build_alias_set=
ac_cv_env_build_alias_value=
ac_cv_env_host_alias_set=
ac_cv_env_host_alias_value=
ac_cv_env_target_alias_set=
ac_cv_env_target_alias_value=
ac_cv_header_fcntl_h=yes
ac_cv_header_float_h=yes
ac_cv_header_inttypes_h=yes
ac_cv_header_libintl_h=yes
ac_cv_header_limits_h=yes
ac_cv_header_locale_h=yes
ac_cv_header_math_h=yes
ac_cv_header_memory_h=yes
ac_cv_header_ncurses_h=yes
ac_cv_header_stdc=yes
ac_cv_header_stddef_h=yes
ac_cv_header_stdint_h=yes
ac_cv_header_stdlib_h=yes
ac_cv_header_string_h=yes
ac_cv_header_strings_h=yes
ac_cv_header_sys_ioctl_h=yes
ac_cv_header_sys_stat_h=yes
ac_cv_header_sys_time_h=yes
ac_cv_header_sys_types_h=yes
ac_cv_header_unistd_h=yes
ac_cv_host=x86_64-unknown-linux-gnu
ac_cv_lib_asound_snd_pcm_open=no
ac_cv_lib_intl_gettext=no
ac_cv_lib_ncurses_curs_set=yes
ac_cv_lib_pthread_pthread_create=yes
ac_cv_objext=o
ac_cv_path_EGREP='/bin/grep -E'
ac_cv_path_GMSGFMT=/usr/bin/msgfmt
ac_cv_path_GREP=/bin/grep
ac_cv_path_MSGFMT=/usr/bin/msgfmt
ac_cv_path_MSGMERGE=/usr/bin/msgmerge
ac_cv_path_SED=/bin/sed
ac_cv_path_XGETTEXT=/usr/bin/xgettext
ac_cv_path_ac_pt_PKG_CONFIG=/usr/bin/pkg-config
ac_cv_path_install='/usr/bin/install -c'
ac_cv_path_mkdir=/bin/mkdir
ac_cv_prog_AWK=gawk
ac_cv_prog_CPP='gcc -E'
ac_cv_prog_ac_ct_AR=ar
ac_cv_prog_ac_ct_CC=gcc
ac_cv_prog_ac_ct_CXX=c++
ac_cv_prog_ac_ct_RANLIB=ranlib
ac_cv_prog_cc_c89=
ac_cv_prog_cc_g=yes
ac_cv_prog_cc_gcc_c_o=yes
ac_cv_prog_cxx_g=yes
ac_cv_prog_make_make_set=yes
acl_cv_hardcode_direct=no
acl_cv_hardcode_libdir_flag_spec='${wl}-rpath ${wl}$libdir'
acl_cv_hardcode_libdir_separator=
acl_cv_hardcode_minus_L=no
acl_cv_libext=a
acl_cv_libname_spec='lib$name'
acl_cv_library_names_spec='$libname$shrext'
acl_cv_path_LD=/usr/bin/ld
acl_cv_prog_gnu_ld=yes
acl_cv_rpath=done
acl_cv_shlibext=so
acl_cv_wl=-Wl,
am_cv_CC_dependencies_compiler_type=gcc3
am_cv_CXX_dependencies_compiler_type=gcc3
am_cv_ar_interface=ar
am_cv_make_support_nested_variables=yes
gt_cv_func_CFLocaleCopyCurrent=no
gt_cv_func_CFPreferencesCopyAppValue=no
gt_cv_func_gnugettext1_libc=yes

## ----------------- ##
## Output variables. ##
## ----------------- ##

ACLOCAL='${SHELL} /home/carolhanna/Security_Project/gnu_dataset/cursynth-1.5/missing aclocal-1.13'
ALLOCA=''
AMDEPBACKSLASH='\'
AMDEP_FALSE='#'
AMDEP_TRUE=''
AMTAR='$${TAR-tar}'
AM_BACKSLASH='\'
AM_DEFAULT_V='$(AM_DEFAULT_VERBOSITY)'
AM_DEFAULT_VERBOSITY='0'
AM_V='$(V)'
AR='ar'
AUTOCONF='${SHELL} /home/carolhanna/Security_Project/gnu_dataset/cursynth-1.5/missing autoconf'
AUTOHEADER='${SHELL} /home/carolhanna/Security_Project/gnu_dataset/cursynth-1.5/missing autoheader'
AUTOMAKE='${SHELL} /home/carolhanna/Security_Project/gnu_dataset/cursynth-1.5/missing automake-1.13'
AWK='gawk'
CC='gcc'
CCDEPMODE='depmode=gcc3'
CFLAGS='-g -O2'
CPP='gcc -E'
CPPFLAGS=''
CXX='c++'
CXXDEPMODE='depmode=gcc3'
CXXFLAGS='-g -O2'
CYGPATH_W='echo'
DEFS=''
DEPDIR='.deps'
ECHO_C=''
ECHO_N='-n'
ECHO_T=''
EGREP='/bin/grep -E'
EXEEXT=''
GETTEXT_MACRO_VERSION='0.18'
GMSGFMT='/usr/bin/msgfmt'
GMSGFMT_015='/usr/bin/msgfmt'
GREP='/bin/grep'
INSTALL_DATA='${INSTALL} -m 644'
INSTALL_PROGRAM='${INSTALL}'
INSTALL_SCRIPT='${INSTALL}'
INSTALL_STRIP_PROGRAM='$(install_sh) -c -s'
INTLLIBS=''
INTL_MACOSX_LIBS=''
LDFLAGS=''
LIBICONV='-liconv'
LIBINTL=''
LIBOBJS=''
LIBS='-lpthread -lncurses '
LTLIBICONV='-liconv'
LTLIBINTL=''
LTLIBOBJS=''
MAKEINFO='${SHELL} /home/carolhanna/Security_Project/gnu_dataset/cursynth-1.5/missing makeinfo'
MKDIR_P='/bin/mkdir -p'
MSGFMT='/usr/bin/msgfmt'
MSGFMT_015='/usr/bin/msgfmt'
MSGMERGE='/usr/bin/msgmerge'
OBJEXT='o'
PACKAGE='cursynth'
PACKAGE_BUGREPORT='littleioaudio@gmail.com'
PACKAGE_NAME='cursynth'
PACKAGE_STRING='cursynth 1.5'
PACKAGE_TARNAME='cursynth'
PACKAGE_URL=''
PACKAGE_VERSION='1.5'
PATH_SEPARATOR=':'
PKG_CONFIG='/usr/bin/pkg-config'
PKG_CONFIG_LIBDIR=''
PKG_CONFIG_PATH=''
POSUB='po'
PULSE_CFLAGS=''
PULSE_LIBS=''
RANLIB='ranlib'
SED='/bin/sed'
SET_MAKE=''
SHELL='/bin/bash'
STRIP=''
USE_NLS='yes'
VERSION='1.5'
XGETTEXT='/usr/bin/xgettext'
XGETTEXT_015='/usr/bin/xgettext'
XGETTEXT_EXTRA_OPTIONS=''
ac_ct_AR='ar'
ac_ct_CC='gcc'
ac_ct_CXX='c++'
am__EXEEXT_FALSE=''
am__EXEEXT_TRUE=''
am__fastdepCC_FALSE='#'
am__fastdepCC_TRUE=''
am__fastdepCXX_FALSE='#'
am__fastdepCXX_TRUE=''
am__include='include'
am__isrc=''
am__leading_dot='.'
am__nodep='_no'
am__quote=''
am__tar='$${TAR-tar} chof - "$$tardir"'
am__untar='$${TAR-tar} xf -'
api='-D__LINUX_ALSA__'
bindir='${exec_prefix}/bin'
build='x86_64-unknown-linux-gnu'
build_alias=''
build_cpu='x86_64'
build_os='linux-gnu'
build_vendor='unknown'
datadir='${datarootdir}'
datarootdir='${prefix}/share'
docdir='${datarootdir}/doc/${PACKAGE_TARNAME}'
dvidir='${docdir}'
exec_prefix='NONE'
host='x86_64-unknown-linux-gnu'
host_alias=''
host_cpu='x86_64'
host_os='linux-gnu'
host_vendor='unknown'
htmldir='${docdir}'
includedir='${prefix}/include'
infodir='${datarootdir}/info'
install_sh='${SHELL} /home/carolhanna/Security_Project/gnu_dataset/cursynth-1.5/install-sh'
libdir='${exec_prefix}/lib'
libexecdir='${exec_prefix}/libexec'
localedir='${datarootdir}/locale'
localstatedir='${prefix}/var'
mandir='${datarootdir}/man'
mkdir_p='$(MKDIR_P)'
objects=''
oldincludedir='/usr/include'
pdfdir='${docdir}'
prefix='NONE'
program_transform_name='s,x,x,'
psdir='${docdir}'
sbindir='${exec_prefix}/sbin'
sharedstatedir='${prefix}/com'
subdirs=''
sysconfdir='${prefix}/etc'
target_alias=''

## ----------- ##
## confdefs.h. ##
## ----------- ##

/* confdefs.h */
#define PACKAGE_NAME "cursynth"
#define PACKAGE_TARNAME "cursynth"
#define PACKAGE_VERSION "1.5"
#define PACKAGE_STRING "cursynth 1.5"
#define PACKAGE_BUGREPORT "littleioaudio@gmail.com"
#define PACKAGE_URL ""
#define PACKAGE "cursynth"
#define VERSION "1.5"
#define ENABLE_NLS 1
#define HAVE_GETTEXT 1
#define HAVE_DCGETTEXT 1
#define HAVE_LIBNCURSES 1
#define HAVE_LIBPTHREAD 1
#define STDC_HEADERS 1
#define HAVE_SYS_TYPES_H 1
#define HAVE_SYS_STAT_H 1
#define HAVE_STDLIB_H 1
#define HAVE_STRING_H 1
#define HAVE_MEMORY_H 1
#define HAVE_STRINGS_H 1
#define HAVE_INTTYPES_H 1
#define HAVE_STDINT_H 1
#define HAVE_UNISTD_H 1
#define HAVE_FCNTL_H 1
#define HAVE_FLOAT_H 1
#define HAVE_LIBINTL_H 1
#define HAVE_LIMITS_H 1
#define HAVE_LOCALE_H 1
#define HAVE_MATH_H 1
#define HAVE_NCURSES_H 1
#define HAVE_STDDEF_H 1
#define HAVE_STDLIB_H 1
#define HAVE_STRING_H 1
#define HAVE_STRINGS_H 1
#define HAVE_SYS_IOCTL_H 1
#define HAVE_SYS_TIME_H 1
#define HAVE_UNISTD_H 1

configure: exit 1
