This file contains any messages produced by compilers while
running configure, to aid debugging if configure makes a mistake.

It was created by texinfo configure 0, which was
generated by GNU Autoconf 2.69.  Invocation command line was

  $ ./configure --disable-option-checking --prefix=NONE --cache-file=/dev/null --srcdir=.

## --------- ##
## Platform. ##
## --------- ##

hostname = rishon
uname -m = x86_64
uname -r = 4.15.0-72-generic
uname -s = Linux
uname -v = #81-Ubuntu SMP Tue Nov 26 12:20:02 UTC 2019

/usr/bin/uname -p = unknown
/bin/uname -X     = unknown

/bin/arch              = unknown
/usr/bin/arch -k       = unknown
/usr/convex/getsysinfo = unknown
/usr/bin/hostinfo      = unknown
/bin/machine           = unknown
/usr/bin/oslevel       = unknown
/bin/universe          = unknown

PATH: /home/carolhanna/miniconda3/bin
PATH: /home/carolhanna/miniconda3/condabin
PATH: /usr/local/sbin
PATH: /usr/local/bin
PATH: /usr/sbin
PATH: /usr/bin
PATH: /sbin
PATH: /bin
PATH: /usr/games
PATH: /usr/local/games
PATH: /snap/bin


## ----------- ##
## Core tests. ##
## ----------- ##

configure:2978: checking for a BSD-compatible install
configure:3046: result: /usr/bin/install -c
configure:3057: checking whether build environment is sane
configure:3112: result: yes
configure:3263: checking for a thread-safe mkdir -p
configure:3302: result: /bin/mkdir -p
configure:3309: checking for gawk
configure:3325: found /usr/bin/gawk
configure:3336: result: gawk
configure:3347: checking whether make sets $(MAKE)
configure:3369: result: yes
configure:3398: checking whether make supports nested variables
configure:3415: result: yes
configure:3585: checking for perl
configure:3603: found /usr/bin/perl
configure:3615: result: /usr/bin/perl
configure:3633: checking Perl configuration value cc
configure:3636: result: x86_64-linux-gnu-gcc
configure:3705: checking for gcc
configure:3732: result: x86_64-linux-gnu-gcc
configure:3961: checking for C compiler version
configure:3970: x86_64-linux-gnu-gcc --version >&5
x86_64-linux-gnu-gcc (Ubuntu 7.5.0-3ubuntu1~18.04) 7.5.0
Copyright (C) 2017 Free Software Foundation, Inc.
This is free software; see the source for copying conditions.  There is NO
warranty; not even for MERCHANTABILITY or FITNESS FOR A PARTICULAR PURPOSE.

configure:3981: $? = 0
configure:3970: x86_64-linux-gnu-gcc -v >&5
Using built-in specs.
COLLECT_GCC=x86_64-linux-gnu-gcc
COLLECT_LTO_WRAPPER=/usr/lib/gcc/x86_64-linux-gnu/7/lto-wrapper
OFFLOAD_TARGET_NAMES=nvptx-none
OFFLOAD_TARGET_DEFAULT=1
Target: x86_64-linux-gnu
Configured with: ../src/configure -v --with-pkgversion='Ubuntu 7.5.0-3ubuntu1~18.04' --with-bugurl=file:///usr/share/doc/gcc-7/README.Bugs --enable-languages=c,ada,c++,go,brig,d,fortran,objc,obj-c++ --prefix=/usr --with-gcc-major-version-only --program-suffix=-7 --program-prefix=x86_64-linux-gnu- --enable-shared --enable-linker-build-id --libexecdir=/usr/lib --without-included-gettext --enable-threads=posix --libdir=/usr/lib --enable-nls --enable-bootstrap --enable-clocale=gnu --enable-libstdcxx-debug --enable-libstdcxx-time=yes --with-default-libstdcxx-abi=new --enable-gnu-unique-object --disable-vtable-verify --enable-libmpx --enable-plugin --enable-default-pie --with-system-zlib --with-target-system-zlib --enable-objc-gc=auto --enable-multiarch --disable-werror --with-arch-32=i686 --with-abi=m64 --with-multilib-list=m32,m64,mx32 --enable-multilib --with-tune=generic --enable-offload-targets=nvptx-none --without-cuda-driver --enable-checking=release --build=x86_64-linux-gnu --host=x86_64-linux-gnu --target=x86_64-linux-gnu
Thread model: posix
gcc version 7.5.0 (Ubuntu 7.5.0-3ubuntu1~18.04) 
configure:3981: $? = 0
configure:3970: x86_64-linux-gnu-gcc -V >&5
x86_64-linux-gnu-gcc: error: unrecognized command line option '-V'
x86_64-linux-gnu-gcc: fatal error: no input files
compilation terminated.
configure:3981: $? = 1
configure:3970: x86_64-linux-gnu-gcc -qversion >&5
x86_64-linux-gnu-gcc: error: unrecognized command line option '-qversion'; did you mean '--version'?
x86_64-linux-gnu-gcc: fatal error: no input files
compilation terminated.
configure:3981: $? = 1
configure:4001: checking whether the C compiler works
configure:4023: x86_64-linux-gnu-gcc    conftest.c  >&5
configure:4027: $? = 0
configure:4075: result: yes
configure:4078: checking for C compiler default output file name
configure:4080: result: a.out
configure:4086: checking for suffix of executables
configure:4093: x86_64-linux-gnu-gcc -o conftest    conftest.c  >&5
configure:4097: $? = 0
configure:4119: result: 
configure:4141: checking whether we are cross compiling
configure:4149: x86_64-linux-gnu-gcc -o conftest    conftest.c  >&5
configure:4153: $? = 0
configure:4160: ./conftest
configure:4164: $? = 0
configure:4179: result: no
configure:4184: checking for suffix of object files
configure:4206: x86_64-linux-gnu-gcc -c   conftest.c >&5
configure:4210: $? = 0
configure:4231: result: o
configure:4235: checking whether we are using the GNU C compiler
configure:4254: x86_64-linux-gnu-gcc -c   conftest.c >&5
configure:4254: $? = 0
configure:4263: result: yes
configure:4272: checking whether x86_64-linux-gnu-gcc accepts -g
configure:4292: x86_64-linux-gnu-gcc -c -g  conftest.c >&5
configure:4292: $? = 0
configure:4333: result: yes
configure:4350: checking for x86_64-linux-gnu-gcc option to accept ISO C89
configure:4413: x86_64-linux-gnu-gcc  -c   conftest.c >&5
configure:4413: $? = 0
configure:4426: result: none needed
configure:4451: checking whether x86_64-linux-gnu-gcc understands -c and -o together
configure:4473: x86_64-linux-gnu-gcc -c conftest.c -o conftest2.o
configure:4476: $? = 0
configure:4473: x86_64-linux-gnu-gcc -c conftest.c -o conftest2.o
configure:4476: $? = 0
configure:4488: result: yes
configure:4508: checking whether make supports the include directive
configure:4523: make -f confmf.GNU && cat confinc.out
this is the am__doit target
configure:4526: $? = 0
configure:4545: result: yes (GNU style)
configure:4570: checking dependency style of x86_64-linux-gnu-gcc
configure:4681: result: gcc3
configure:4703: checking how to run the C preprocessor
configure:4734: x86_64-linux-gnu-gcc -E  conftest.c
configure:4734: $? = 0
configure:4748: x86_64-linux-gnu-gcc -E  conftest.c
conftest.c:11:10: fatal error: ac_nonexistent.h: No such file or directory
 #include <ac_nonexistent.h>
          ^~~~~~~~~~~~~~~~~~
compilation terminated.
configure:4748: $? = 1
configure: failed program was:
| /* confdefs.h */
| #define PACKAGE_NAME "texinfo"
| #define PACKAGE_TARNAME "texinfo"
| #define PACKAGE_VERSION "0"
| #define PACKAGE_STRING "texinfo 0"
| #define PACKAGE_BUGREPORT ""
| #define PACKAGE_URL ""
| #define PACKAGE "texinfo"
| #define VERSION "0"
| /* end confdefs.h.  */
| #include <ac_nonexistent.h>
configure:4773: result: x86_64-linux-gnu-gcc -E
configure:4793: x86_64-linux-gnu-gcc -E  conftest.c
configure:4793: $? = 0
configure:4807: x86_64-linux-gnu-gcc -E  conftest.c
conftest.c:11:10: fatal error: ac_nonexistent.h: No such file or directory
 #include <ac_nonexistent.h>
          ^~~~~~~~~~~~~~~~~~
compilation terminated.
configure:4807: $? = 1
configure: failed program was:
| /* confdefs.h */
| #define PACKAGE_NAME "texinfo"
| #define PACKAGE_TARNAME "texinfo"
| #define PACKAGE_VERSION "0"
| #define PACKAGE_STRING "texinfo 0"
| #define PACKAGE_BUGREPORT ""
| #define PACKAGE_URL ""
| #define PACKAGE "texinfo"
| #define VERSION "0"
| /* end confdefs.h.  */
| #include <ac_nonexistent.h>
configure:4836: checking for grep that handles long lines and -e
configure:4894: result: /bin/grep
configure:4899: checking for egrep
configure:4961: result: /bin/grep -E
configure:4966: checking for ANSI C header files
configure:4986: x86_64-linux-gnu-gcc -c   conftest.c >&5
configure:4986: $? = 0
configure:5059: x86_64-linux-gnu-gcc -o conftest    conftest.c  >&5
configure:5059: $? = 0
configure:5059: ./conftest
configure:5059: $? = 0
configure:5070: result: yes
configure:5083: checking for sys/types.h
configure:5083: x86_64-linux-gnu-gcc -c   conftest.c >&5
configure:5083: $? = 0
configure:5083: result: yes
configure:5083: checking for sys/stat.h
configure:5083: x86_64-linux-gnu-gcc -c   conftest.c >&5
configure:5083: $? = 0
configure:5083: result: yes
configure:5083: checking for stdlib.h
configure:5083: x86_64-linux-gnu-gcc -c   conftest.c >&5
configure:5083: $? = 0
configure:5083: result: yes
configure:5083: checking for string.h
configure:5083: x86_64-linux-gnu-gcc -c   conftest.c >&5
configure:5083: $? = 0
configure:5083: result: yes
configure:5083: checking for memory.h
configure:5083: x86_64-linux-gnu-gcc -c   conftest.c >&5
configure:5083: $? = 0
configure:5083: result: yes
configure:5083: checking for strings.h
configure:5083: x86_64-linux-gnu-gcc -c   conftest.c >&5
configure:5083: $? = 0
configure:5083: result: yes
configure:5083: checking for inttypes.h
configure:5083: x86_64-linux-gnu-gcc -c   conftest.c >&5
configure:5083: $? = 0
configure:5083: result: yes
configure:5083: checking for stdint.h
configure:5083: x86_64-linux-gnu-gcc -c   conftest.c >&5
configure:5083: $? = 0
configure:5083: result: yes
configure:5083: checking for unistd.h
configure:5083: x86_64-linux-gnu-gcc -c   conftest.c >&5
configure:5083: $? = 0
configure:5083: result: yes
configure:5096: checking minix/config.h usability
configure:5096: x86_64-linux-gnu-gcc -c   conftest.c >&5
conftest.c:54:10: fatal error: minix/config.h: No such file or directory
 #include <minix/config.h>
          ^~~~~~~~~~~~~~~~
compilation terminated.
configure:5096: $? = 1
configure: failed program was:
| /* confdefs.h */
| #define PACKAGE_NAME "texinfo"
| #define PACKAGE_TARNAME "texinfo"
| #define PACKAGE_VERSION "0"
| #define PACKAGE_STRING "texinfo 0"
| #define PACKAGE_BUGREPORT ""
| #define PACKAGE_URL ""
| #define PACKAGE "texinfo"
| #define VERSION "0"
| #define STDC_HEADERS 1
| #define HAVE_SYS_TYPES_H 1
| #define HAVE_SYS_STAT_H 1
| #define HAVE_STDLIB_H 1
| #define HAVE_STRING_H 1
| #define HAVE_MEMORY_H 1
| #define HAVE_STRINGS_H 1
| #define HAVE_INTTYPES_H 1
| #define HAVE_STDINT_H 1
| #define HAVE_UNISTD_H 1
| /* end confdefs.h.  */
| #include <stdio.h>
| #ifdef HAVE_SYS_TYPES_H
| # include <sys/types.h>
| #endif
| #ifdef HAVE_SYS_STAT_H
| # include <sys/stat.h>
| #endif
| #ifdef STDC_HEADERS
| # include <stdlib.h>
| # include <stddef.h>
| #else
| # ifdef HAVE_STDLIB_H
| #  include <stdlib.h>
| # endif
| #endif
| #ifdef HAVE_STRING_H
| # if !defined STDC_HEADERS && defined HAVE_MEMORY_H
| #  include <memory.h>
| # endif
| # include <string.h>
| #endif
| #ifdef HAVE_STRINGS_H
| # include <strings.h>
| #endif
| #ifdef HAVE_INTTYPES_H
| # include <inttypes.h>
| #endif
| #ifdef HAVE_STDINT_H
| # include <stdint.h>
| #endif
| #ifdef HAVE_UNISTD_H
| # include <unistd.h>
| #endif
| #include <minix/config.h>
configure:5096: result: no
configure:5096: checking minix/config.h presence
configure:5096: x86_64-linux-gnu-gcc -E  conftest.c
conftest.c:21:10: fatal error: minix/config.h: No such file or directory
 #include <minix/config.h>
          ^~~~~~~~~~~~~~~~
compilation terminated.
configure:5096: $? = 1
configure: failed program was:
| /* confdefs.h */
| #define PACKAGE_NAME "texinfo"
| #define PACKAGE_TARNAME "texinfo"
| #define PACKAGE_VERSION "0"
| #define PACKAGE_STRING "texinfo 0"
| #define PACKAGE_BUGREPORT ""
| #define PACKAGE_URL ""
| #define PACKAGE "texinfo"
| #define VERSION "0"
| #define STDC_HEADERS 1
| #define HAVE_SYS_TYPES_H 1
| #define HAVE_SYS_STAT_H 1
| #define HAVE_STDLIB_H 1
| #define HAVE_STRING_H 1
| #define HAVE_MEMORY_H 1
| #define HAVE_STRINGS_H 1
| #define HAVE_INTTYPES_H 1
| #define HAVE_STDINT_H 1
| #define HAVE_UNISTD_H 1
| /* end confdefs.h.  */
| #include <minix/config.h>
configure:5096: result: no
configure:5096: checking for minix/config.h
configure:5096: result: no
configure:5120: checking whether it is safe to define __EXTENSIONS__
configure:5138: x86_64-linux-gnu-gcc -c   conftest.c >&5
configure:5138: $? = 0
configure:5145: result: yes
configure:5178: checking whether _XOPEN_SOURCE should be defined
configure:5197: x86_64-linux-gnu-gcc -c   conftest.c >&5
configure:5197: $? = 0
configure:5221: result: no
configure:5238: checking for Minix Amsterdam compiler
configure:5262: result: no
configure:5319: checking for ar
configure:5335: found /usr/bin/ar
configure:5346: result: ar
configure:5421: checking for ranlib
configure:5437: found /usr/bin/ranlib
configure:5448: result: ranlib
configure:5515: checking for a sed that does not truncate output
configure:5579: result: /bin/sed
configure:5585: checking whether NLS is requested
configure:5594: result: yes
configure:5634: checking for msgfmt
configure: trying /usr/bin/msgfmt...
0 translated messages.
configure:5666: result: /usr/bin/msgfmt
configure:5675: checking for gmsgfmt
configure:5706: result: /usr/bin/msgfmt
configure:5756: checking for xgettext
configure: trying /usr/bin/xgettext...
/usr/bin/xgettext: warning: file '/dev/null' extension '' is unknown; will try C
configure:5788: result: /usr/bin/xgettext
configure:5833: checking for msgmerge
configure: trying /usr/bin/msgmerge...
configure:5864: result: /usr/bin/msgmerge
configure:5901: checking build system type
configure:5915: result: x86_64-pc-linux-gnu
configure:5935: checking host system type
configure:5948: result: x86_64-pc-linux-gnu
configure:5994: checking for ld used by x86_64-linux-gnu-gcc
configure:6119: result: /usr/bin/ld
configure:6126: checking if the linker (/usr/bin/ld) is GNU ld
configure:6141: result: yes
configure:6148: checking for shared library run path origin
configure:6161: result: done
configure:6182: checking 32-bit host C ABI
configure:6220: x86_64-linux-gnu-gcc -c   conftest.c >&5
configure:6220: $? = 0
configure:6407: result: no
configure:6444: checking for the common suffixes of directories in the library search path
configure:6495: result: lib,lib
configure:6989: checking for CFPreferencesCopyAppValue
configure:7007: x86_64-linux-gnu-gcc -o conftest    conftest.c  -Wl,-framework -Wl,CoreFoundation >&5
conftest.c:37:10: fatal error: CoreFoundation/CFPreferences.h: No such file or directory
 #include <CoreFoundation/CFPreferences.h>
          ^~~~~~~~~~~~~~~~~~~~~~~~~~~~~~~~
compilation terminated.
configure:7007: $? = 1
configure: failed program was:
| /* confdefs.h */
| #define PACKAGE_NAME "texinfo"
| #define PACKAGE_TARNAME "texinfo"
| #define PACKAGE_VERSION "0"
| #define PACKAGE_STRING "texinfo 0"
| #define PACKAGE_BUGREPORT ""
| #define PACKAGE_URL ""
| #define PACKAGE "texinfo"
| #define VERSION "0"
| #define STDC_HEADERS 1
| #define HAVE_SYS_TYPES_H 1
| #define HAVE_SYS_STAT_H 1
| #define HAVE_STDLIB_H 1
| #define HAVE_STRING_H 1
| #define HAVE_MEMORY_H 1
| #define HAVE_STRINGS_H 1
| #define HAVE_INTTYPES_H 1
| #define HAVE_STDINT_H 1
| #define HAVE_UNISTD_H 1
| #define __EXTENSIONS__ 1
| #define _ALL_SOURCE 1
| #define _DARWIN_C_SOURCE 1
| #define _GNU_SOURCE 1
| #define _NETBSD_SOURCE 1
| #define _OPENBSD_SOURCE 1
| #define _POSIX_PTHREAD_SEMANTICS 1
| #define __STDC_WANT_IEC_60559_ATTRIBS_EXT__ 1
| #define __STDC_WANT_IEC_60559_BFP_EXT__ 1
| #define __STDC_WANT_IEC_60559_DFP_EXT__ 1
| #define __STDC_WANT_IEC_60559_FUNCS_EXT__ 1
| #define __STDC_WANT_IEC_60559_TYPES_EXT__ 1
| #define __STDC_WANT_LIB_EXT2__ 1
| #define __STDC_WANT_MATH_SPEC_FUNCS__ 1
| #define _TANDEM_SOURCE 1
| #define _HPUX_ALT_XOPEN_SOCKET_API 1
| /* end confdefs.h.  */
| #include <CoreFoundation/CFPreferences.h>
| int
| main ()
| {
| CFPreferencesCopyAppValue(NULL, NULL)
|   ;
|   return 0;
| }
configure:7016: result: no
configure:7023: checking for CFLocaleCopyCurrent
configure:7041: x86_64-linux-gnu-gcc -o conftest    conftest.c  -Wl,-framework -Wl,CoreFoundation >&5
conftest.c:37:10: fatal error: CoreFoundation/CFLocale.h: No such file or directory
 #include <CoreFoundation/CFLocale.h>
          ^~~~~~~~~~~~~~~~~~~~~~~~~~~
compilation terminated.
configure:7041: $? = 1
configure: failed program was:
| /* confdefs.h */
| #define PACKAGE_NAME "texinfo"
| #define PACKAGE_TARNAME "texinfo"
| #define PACKAGE_VERSION "0"
| #define PACKAGE_STRING "texinfo 0"
| #define PACKAGE_BUGREPORT ""
| #define PACKAGE_URL ""
| #define PACKAGE "texinfo"
| #define VERSION "0"
| #define STDC_HEADERS 1
| #define HAVE_SYS_TYPES_H 1
| #define HAVE_SYS_STAT_H 1
| #define HAVE_STDLIB_H 1
| #define HAVE_STRING_H 1
| #define HAVE_MEMORY_H 1
| #define HAVE_STRINGS_H 1
| #define HAVE_INTTYPES_H 1
| #define HAVE_STDINT_H 1
| #define HAVE_UNISTD_H 1
| #define __EXTENSIONS__ 1
| #define _ALL_SOURCE 1
| #define _DARWIN_C_SOURCE 1
| #define _GNU_SOURCE 1
| #define _NETBSD_SOURCE 1
| #define _OPENBSD_SOURCE 1
| #define _POSIX_PTHREAD_SEMANTICS 1
| #define __STDC_WANT_IEC_60559_ATTRIBS_EXT__ 1
| #define __STDC_WANT_IEC_60559_BFP_EXT__ 1
| #define __STDC_WANT_IEC_60559_DFP_EXT__ 1
| #define __STDC_WANT_IEC_60559_FUNCS_EXT__ 1
| #define __STDC_WANT_IEC_60559_TYPES_EXT__ 1
| #define __STDC_WANT_LIB_EXT2__ 1
| #define __STDC_WANT_MATH_SPEC_FUNCS__ 1
| #define _TANDEM_SOURCE 1
| #define _HPUX_ALT_XOPEN_SOCKET_API 1
| /* end confdefs.h.  */
| #include <CoreFoundation/CFLocale.h>
| int
| main ()
| {
| CFLocaleCopyCurrent();
|   ;
|   return 0;
| }
configure:7050: result: no
configure:7057: checking for CFLocaleCopyPreferredLanguages
configure:7075: x86_64-linux-gnu-gcc -o conftest    conftest.c  -Wl,-framework -Wl,CoreFoundation >&5
conftest.c:37:10: fatal error: CoreFoundation/CFLocale.h: No such file or directory
 #include <CoreFoundation/CFLocale.h>
          ^~~~~~~~~~~~~~~~~~~~~~~~~~~
compilation terminated.
configure:7075: $? = 1
configure: failed program was:
| /* confdefs.h */
| #define PACKAGE_NAME "texinfo"
| #define PACKAGE_TARNAME "texinfo"
| #define PACKAGE_VERSION "0"
| #define PACKAGE_STRING "texinfo 0"
| #define PACKAGE_BUGREPORT ""
| #define PACKAGE_URL ""
| #define PACKAGE "texinfo"
| #define VERSION "0"
| #define STDC_HEADERS 1
| #define HAVE_SYS_TYPES_H 1
| #define HAVE_SYS_STAT_H 1
| #define HAVE_STDLIB_H 1
| #define HAVE_STRING_H 1
| #define HAVE_MEMORY_H 1
| #define HAVE_STRINGS_H 1
| #define HAVE_INTTYPES_H 1
| #define HAVE_STDINT_H 1
| #define HAVE_UNISTD_H 1
| #define __EXTENSIONS__ 1
| #define _ALL_SOURCE 1
| #define _DARWIN_C_SOURCE 1
| #define _GNU_SOURCE 1
| #define _NETBSD_SOURCE 1
| #define _OPENBSD_SOURCE 1
| #define _POSIX_PTHREAD_SEMANTICS 1
| #define __STDC_WANT_IEC_60559_ATTRIBS_EXT__ 1
| #define __STDC_WANT_IEC_60559_BFP_EXT__ 1
| #define __STDC_WANT_IEC_60559_DFP_EXT__ 1
| #define __STDC_WANT_IEC_60559_FUNCS_EXT__ 1
| #define __STDC_WANT_IEC_60559_TYPES_EXT__ 1
| #define __STDC_WANT_LIB_EXT2__ 1
| #define __STDC_WANT_MATH_SPEC_FUNCS__ 1
| #define _TANDEM_SOURCE 1
| #define _HPUX_ALT_XOPEN_SOCKET_API 1
| /* end confdefs.h.  */
| #include <CoreFoundation/CFLocale.h>
| int
| main ()
| {
| CFLocaleCopyPreferredLanguages();
|   ;
|   return 0;
| }
configure:7084: result: no
configure:7135: checking for GNU gettext in libc
configure:7164: x86_64-linux-gnu-gcc -o conftest    conftest.c  >&5
configure:7164: $? = 0
configure:7173: result: yes
configure:8030: checking whether to use NLS
configure:8032: result: yes
configure:8035: checking where the gettext function comes from
configure:8046: result: libc
configure:8116: checking for size_t
configure:8116: x86_64-linux-gnu-gcc -c   conftest.c >&5
configure:8116: $? = 0
configure:8116: x86_64-linux-gnu-gcc -c   conftest.c >&5
conftest.c: In function 'main':
conftest.c:76:21: error: expected expression before ')' token
 if (sizeof ((size_t)))
                     ^
configure:8116: $? = 1
configure: failed program was:
| /* confdefs.h */
| #define PACKAGE_NAME "texinfo"
| #define PACKAGE_TARNAME "texinfo"
| #define PACKAGE_VERSION "0"
| #define PACKAGE_STRING "texinfo 0"
| #define PACKAGE_BUGREPORT ""
| #define PACKAGE_URL ""
| #define PACKAGE "texinfo"
| #define VERSION "0"
| #define STDC_HEADERS 1
| #define HAVE_SYS_TYPES_H 1
| #define HAVE_SYS_STAT_H 1
| #define HAVE_STDLIB_H 1
| #define HAVE_STRING_H 1
| #define HAVE_MEMORY_H 1
| #define HAVE_STRINGS_H 1
| #define HAVE_INTTYPES_H 1
| #define HAVE_STDINT_H 1
| #define HAVE_UNISTD_H 1
| #define __EXTENSIONS__ 1
| #define _ALL_SOURCE 1
| #define _DARWIN_C_SOURCE 1
| #define _GNU_SOURCE 1
| #define _NETBSD_SOURCE 1
| #define _OPENBSD_SOURCE 1
| #define _POSIX_PTHREAD_SEMANTICS 1
| #define __STDC_WANT_IEC_60559_ATTRIBS_EXT__ 1
| #define __STDC_WANT_IEC_60559_BFP_EXT__ 1
| #define __STDC_WANT_IEC_60559_DFP_EXT__ 1
| #define __STDC_WANT_IEC_60559_FUNCS_EXT__ 1
| #define __STDC_WANT_IEC_60559_TYPES_EXT__ 1
| #define __STDC_WANT_LIB_EXT2__ 1
| #define __STDC_WANT_MATH_SPEC_FUNCS__ 1
| #define _TANDEM_SOURCE 1
| #define _HPUX_ALT_XOPEN_SOCKET_API 1
| #define ENABLE_NLS 1
| #define HAVE_GETTEXT 1
| #define HAVE_DCGETTEXT 1
| /* end confdefs.h.  */
| #include <stdio.h>
| #ifdef HAVE_SYS_TYPES_H
| # include <sys/types.h>
| #endif
| #ifdef HAVE_SYS_STAT_H
| # include <sys/stat.h>
| #endif
| #ifdef STDC_HEADERS
| # include <stdlib.h>
| # include <stddef.h>
| #else
| # ifdef HAVE_STDLIB_H
| #  include <stdlib.h>
| # endif
| #endif
| #ifdef HAVE_STRING_H
| # if !defined STDC_HEADERS && defined HAVE_MEMORY_H
| #  include <memory.h>
| # endif
| # include <string.h>
| #endif
| #ifdef HAVE_STRINGS_H
| # include <strings.h>
| #endif
| #ifdef HAVE_INTTYPES_H
| # include <inttypes.h>
| #endif
| #ifdef HAVE_STDINT_H
| # include <stdint.h>
| #endif
| #ifdef HAVE_UNISTD_H
| # include <unistd.h>
| #endif
| int
| main ()
| {
| if (sizeof ((size_t)))
| 	    return 0;
|   ;
|   return 0;
| }
configure:8116: result: yes
configure:8129: checking for working alloca.h
configure:8146: x86_64-linux-gnu-gcc -o conftest    conftest.c  >&5
configure:8146: $? = 0
configure:8154: result: yes
configure:8162: checking for alloca
configure:8199: x86_64-linux-gnu-gcc -o conftest    conftest.c  >&5
configure:8199: $? = 0
configure:8207: result: yes
configure:8319: checking whether the preprocessor supports include_next
configure:8357: x86_64-linux-gnu-gcc -c   -Iconftestd1b -Iconftestd2 conftest.c >&5
configure:8357: $? = 0
configure:8378: result: yes
configure:8399: checking whether system header files limit the line length
configure:8422: result: no
configure:8433: checking for complete errno.h
configure:8506: result: yes
configure:8913: checking whether getdelim is declared
configure:8913: x86_64-linux-gnu-gcc -c   conftest.c >&5
configure:8913: $? = 0
configure:8913: result: yes
configure:8930: checking for getdelim
configure:8930: x86_64-linux-gnu-gcc -o conftest    conftest.c  >&5
configure:8930: $? = 0
configure:8930: result: yes
configure:8930: checking for mprotect
configure:8930: x86_64-linux-gnu-gcc -o conftest    conftest.c  >&5
configure:8930: $? = 0
configure:8930: result: yes
configure:8930: checking for strndup
configure:8930: x86_64-linux-gnu-gcc -o conftest    conftest.c  >&5
conftest.c:68:6: warning: conflicting types for built-in function 'strndup' [-Wbuiltin-declaration-mismatch]
 char strndup ();
      ^~~~~~~
configure:8930: $? = 0
configure:8930: result: yes
configure:8930: checking for vasnprintf
configure:8930: x86_64-linux-gnu-gcc -o conftest    conftest.c  >&5
/tmp/ccCqjKnq.o: In function `main':
conftest.c:(.text+0xa): undefined reference to `vasnprintf'
collect2: error: ld returned 1 exit status
configure:8930: $? = 1
configure: failed program was:
| /* confdefs.h */
| #define PACKAGE_NAME "texinfo"
| #define PACKAGE_TARNAME "texinfo"
| #define PACKAGE_VERSION "0"
| #define PACKAGE_STRING "texinfo 0"
| #define PACKAGE_BUGREPORT ""
| #define PACKAGE_URL ""
| #define PACKAGE "texinfo"
| #define VERSION "0"
| #define STDC_HEADERS 1
| #define HAVE_SYS_TYPES_H 1
| #define HAVE_SYS_STAT_H 1
| #define HAVE_STDLIB_H 1
| #define HAVE_STRING_H 1
| #define HAVE_MEMORY_H 1
| #define HAVE_STRINGS_H 1
| #define HAVE_INTTYPES_H 1
| #define HAVE_STDINT_H 1
| #define HAVE_UNISTD_H 1
| #define __EXTENSIONS__ 1
| #define _ALL_SOURCE 1
| #define _DARWIN_C_SOURCE 1
| #define _GNU_SOURCE 1
| #define _NETBSD_SOURCE 1
| #define _OPENBSD_SOURCE 1
| #define _POSIX_PTHREAD_SEMANTICS 1
| #define __STDC_WANT_IEC_60559_ATTRIBS_EXT__ 1
| #define __STDC_WANT_IEC_60559_BFP_EXT__ 1
| #define __STDC_WANT_IEC_60559_DFP_EXT__ 1
| #define __STDC_WANT_IEC_60559_FUNCS_EXT__ 1
| #define __STDC_WANT_IEC_60559_TYPES_EXT__ 1
| #define __STDC_WANT_LIB_EXT2__ 1
| #define __STDC_WANT_MATH_SPEC_FUNCS__ 1
| #define _TANDEM_SOURCE 1
| #define _HPUX_ALT_XOPEN_SOCKET_API 1
| #define ENABLE_NLS 1
| #define HAVE_GETTEXT 1
| #define HAVE_DCGETTEXT 1
| #define HAVE_ALLOCA_H 1
| #define HAVE_ALLOCA 1
| #define HAVE_DECL_GETDELIM 1
| #define HAVE_GETDELIM 1
| #define HAVE_MPROTECT 1
| #define HAVE_STRNDUP 1
| /* end confdefs.h.  */
| /* Define vasnprintf to an innocuous variant, in case <limits.h> declares vasnprintf.
|    For example, HP-UX 11i <limits.h> declares gettimeofday.  */
| #define vasnprintf innocuous_vasnprintf
| 
| /* System header to define __stub macros and hopefully few prototypes,
|     which can conflict with char vasnprintf (); below.
|     Prefer <limits.h> to <assert.h> if __STDC__ is defined, since
|     <limits.h> exists even on freestanding compilers.  */
| 
| #ifdef __STDC__
| # include <limits.h>
| #else
| # include <assert.h>
| #endif
| 
| #undef vasnprintf
| 
| /* Override any GCC internal prototype to avoid an error.
|    Use char because int might match the return type of a GCC
|    builtin and then its argument prototype would still apply.  */
| #ifdef __cplusplus
| extern "C"
| #endif
| char vasnprintf ();
| /* The GNU C library defines this for functions which it implements
|     to always fail with ENOSYS.  Some functions are actually named
|     something starting with __ and the normal name is an alias.  */
| #if defined __stub_vasnprintf || defined __stub___vasnprintf
| choke me
| #endif
| 
| int
| main ()
| {
| return vasnprintf ();
|   ;
|   return 0;
| }
configure:8930: result: no
configure:8930: checking for snprintf
configure:8930: x86_64-linux-gnu-gcc -o conftest    conftest.c  >&5
conftest.c:69:6: warning: conflicting types for built-in function 'snprintf' [-Wbuiltin-declaration-mismatch]
 char snprintf ();
      ^~~~~~~~
configure:8930: $? = 0
configure:8930: result: yes
configure:8941: checking whether getline is declared
configure:8941: x86_64-linux-gnu-gcc -c   conftest.c >&5
configure:8941: $? = 0
configure:8941: result: yes
configure:8982: checking for iconv
configure:9006: x86_64-linux-gnu-gcc -o conftest    conftest.c  >&5
configure:9006: $? = 0
configure:9040: result: yes
configure:9043: checking for working iconv
configure:9184: x86_64-linux-gnu-gcc -o conftest    conftest.c  >&5
configure:9184: $? = 0
configure:9184: ./conftest
configure:9184: $? = 0
configure:9196: result: yes
configure:9224: checking for iconv declaration
configure:9253: x86_64-linux-gnu-gcc -c   conftest.c >&5
configure:9253: $? = 0
configure:9264: result:
         extern size_t iconv (iconv_t cd, char * *inbuf, size_t *inbytesleft, char * *outbuf, size_t *outbytesleft);
configure:9283: checking for limits.h
configure:9283: x86_64-linux-gnu-gcc -c   conftest.c >&5
configure:9283: $? = 0
configure:9283: result: yes
configure:9283: checking for sys/mman.h
configure:9283: x86_64-linux-gnu-gcc -c   conftest.c >&5
configure:9283: $? = 0
configure:9283: result: yes
configure:9283: checking for wchar.h
configure:9283: x86_64-linux-gnu-gcc -c   conftest.c >&5
configure:9283: $? = 0
configure:9283: result: yes
configure:9283: checking for stdint.h
configure:9283: result: yes
configure:9283: checking for features.h
configure:9283: x86_64-linux-gnu-gcc -c   conftest.c >&5
configure:9283: $? = 0
configure:9283: result: yes
configure:9283: checking for crtdefs.h
configure:9283: x86_64-linux-gnu-gcc -c   conftest.c >&5
conftest.c:89:10: fatal error: crtdefs.h: No such file or directory
 #include <crtdefs.h>
          ^~~~~~~~~~~
compilation terminated.
configure:9283: $? = 1
configure: failed program was:
| /* confdefs.h */
| #define PACKAGE_NAME "texinfo"
| #define PACKAGE_TARNAME "texinfo"
| #define PACKAGE_VERSION "0"
| #define PACKAGE_STRING "texinfo 0"
| #define PACKAGE_BUGREPORT ""
| #define PACKAGE_URL ""
| #define PACKAGE "texinfo"
| #define VERSION "0"
| #define STDC_HEADERS 1
| #define HAVE_SYS_TYPES_H 1
| #define HAVE_SYS_STAT_H 1
| #define HAVE_STDLIB_H 1
| #define HAVE_STRING_H 1
| #define HAVE_MEMORY_H 1
| #define HAVE_STRINGS_H 1
| #define HAVE_INTTYPES_H 1
| #define HAVE_STDINT_H 1
| #define HAVE_UNISTD_H 1
| #define __EXTENSIONS__ 1
| #define _ALL_SOURCE 1
| #define _DARWIN_C_SOURCE 1
| #define _GNU_SOURCE 1
| #define _NETBSD_SOURCE 1
| #define _OPENBSD_SOURCE 1
| #define _POSIX_PTHREAD_SEMANTICS 1
| #define __STDC_WANT_IEC_60559_ATTRIBS_EXT__ 1
| #define __STDC_WANT_IEC_60559_BFP_EXT__ 1
| #define __STDC_WANT_IEC_60559_DFP_EXT__ 1
| #define __STDC_WANT_IEC_60559_FUNCS_EXT__ 1
| #define __STDC_WANT_IEC_60559_TYPES_EXT__ 1
| #define __STDC_WANT_LIB_EXT2__ 1
| #define __STDC_WANT_MATH_SPEC_FUNCS__ 1
| #define _TANDEM_SOURCE 1
| #define _HPUX_ALT_XOPEN_SOCKET_API 1
| #define ENABLE_NLS 1
| #define HAVE_GETTEXT 1
| #define HAVE_DCGETTEXT 1
| #define HAVE_ALLOCA_H 1
| #define HAVE_ALLOCA 1
| #define HAVE_DECL_GETDELIM 1
| #define HAVE_GETDELIM 1
| #define HAVE_MPROTECT 1
| #define HAVE_STRNDUP 1
| #define HAVE_SNPRINTF 1
| #define HAVE_DECL_GETLINE 1
| #define HAVE_ICONV 1
| #define ICONV_CONST 
| #define HAVE_LIMITS_H 1
| #define HAVE_SYS_MMAN_H 1
| #define HAVE_WCHAR_H 1
| #define HAVE_STDINT_H 1
| #define HAVE_FEATURES_H 1
| /* end confdefs.h.  */
| #include <stdio.h>
| #ifdef HAVE_SYS_TYPES_H
| # include <sys/types.h>
| #endif
| #ifdef HAVE_SYS_STAT_H
| # include <sys/stat.h>
| #endif
| #ifdef STDC_HEADERS
| # include <stdlib.h>
| # include <stddef.h>
| #else
| # ifdef HAVE_STDLIB_H
| #  include <stdlib.h>
| # endif
| #endif
| #ifdef HAVE_STRING_H
| # if !defined STDC_HEADERS && defined HAVE_MEMORY_H
| #  include <memory.h>
| # endif
| # include <string.h>
| #endif
| #ifdef HAVE_STRINGS_H
| # include <strings.h>
| #endif
| #ifdef HAVE_INTTYPES_H
| # include <inttypes.h>
| #endif
| #ifdef HAVE_STDINT_H
| # include <stdint.h>
| #endif
| #ifdef HAVE_UNISTD_H
| # include <unistd.h>
| #endif
| 
| #include <crtdefs.h>
configure:9283: result: no
configure:9376: checking whether limits.h has LLONG_MAX, WORD_BIT, ULLONG_WIDTH etc.
configure:9399: x86_64-linux-gnu-gcc -c   conftest.c >&5
configure:9399: $? = 0
configure:9406: result: yes
configure:9512: checking for mmap
configure:9512: x86_64-linux-gnu-gcc -o conftest    conftest.c  >&5
configure:9512: $? = 0
configure:9512: result: yes
configure:9523: checking for MAP_ANONYMOUS
configure:9560: result: yes
configure:9584: checking whether memchr works
configure:9664: x86_64-linux-gnu-gcc -o conftest    conftest.c  >&5
configure:9664: $? = 0
configure:9664: ./conftest
configure:9664: $? = 0
configure:9675: result: yes
configure:9693: x86_64-linux-gnu-gcc -c   conftest.c >&5
conftest.c:57:10: error: unknown type name 'not'
          not a universal capable compiler
          ^~~
conftest.c:57:16: error: expected '=', ',', ';', 'asm' or '__attribute__' before 'universal'
          not a universal capable compiler
                ^~~~~~~~~
conftest.c:57:16: error: unknown type name 'universal'
configure:9693: $? = 1
configure: failed program was:
| /* confdefs.h */
| #define PACKAGE_NAME "texinfo"
| #define PACKAGE_TARNAME "texinfo"
| #define PACKAGE_VERSION "0"
| #define PACKAGE_STRING "texinfo 0"
| #define PACKAGE_BUGREPORT ""
| #define PACKAGE_URL ""
| #define PACKAGE "texinfo"
| #define VERSION "0"
| #define STDC_HEADERS 1
| #define HAVE_SYS_TYPES_H 1
| #define HAVE_SYS_STAT_H 1
| #define HAVE_STDLIB_H 1
| #define HAVE_STRING_H 1
| #define HAVE_MEMORY_H 1
| #define HAVE_STRINGS_H 1
| #define HAVE_INTTYPES_H 1
| #define HAVE_STDINT_H 1
| #define HAVE_UNISTD_H 1
| #define __EXTENSIONS__ 1
| #define _ALL_SOURCE 1
| #define _DARWIN_C_SOURCE 1
| #define _GNU_SOURCE 1
| #define _NETBSD_SOURCE 1
| #define _OPENBSD_SOURCE 1
| #define _POSIX_PTHREAD_SEMANTICS 1
| #define __STDC_WANT_IEC_60559_ATTRIBS_EXT__ 1
| #define __STDC_WANT_IEC_60559_BFP_EXT__ 1
| #define __STDC_WANT_IEC_60559_DFP_EXT__ 1
| #define __STDC_WANT_IEC_60559_FUNCS_EXT__ 1
| #define __STDC_WANT_IEC_60559_TYPES_EXT__ 1
| #define __STDC_WANT_LIB_EXT2__ 1
| #define __STDC_WANT_MATH_SPEC_FUNCS__ 1
| #define _TANDEM_SOURCE 1
| #define _HPUX_ALT_XOPEN_SOCKET_API 1
| #define ENABLE_NLS 1
| #define HAVE_GETTEXT 1
| #define HAVE_DCGETTEXT 1
| #define HAVE_ALLOCA_H 1
| #define HAVE_ALLOCA 1
| #define HAVE_DECL_GETDELIM 1
| #define HAVE_GETDELIM 1
| #define HAVE_MPROTECT 1
| #define HAVE_STRNDUP 1
| #define HAVE_SNPRINTF 1
| #define HAVE_DECL_GETLINE 1
| #define HAVE_ICONV 1
| #define ICONV_CONST 
| #define HAVE_LIMITS_H 1
| #define HAVE_SYS_MMAN_H 1
| #define HAVE_WCHAR_H 1
| #define HAVE_STDINT_H 1
| #define HAVE_FEATURES_H 1
| #define HAVE_MAP_ANONYMOUS 1
| /* end confdefs.h.  */
| #ifndef __APPLE_CC__
|          not a universal capable compiler
|         #endif
|         typedef int dummy;
| 
configure:9731: checking for wchar_t
configure:9748: x86_64-linux-gnu-gcc -c   conftest.c >&5
configure:9748: $? = 0
configure:9755: result: yes
configure:9764: checking for wint_t
configure:9789: x86_64-linux-gnu-gcc -c   conftest.c >&5
configure:9789: $? = 0
configure:9796: result: yes
configure:9803: checking whether wint_t is too small
configure:9831: x86_64-linux-gnu-gcc -c   conftest.c >&5
configure:9831: $? = 0
configure:9838: result: no
configure:9851: checking for unsigned long long int
configure:9890: x86_64-linux-gnu-gcc -o conftest    conftest.c  >&5
configure:9890: $? = 0
configure:9899: result: yes
configure:9909: checking for long long int
configure:9947: x86_64-linux-gnu-gcc -o conftest    conftest.c  >&5
configure:9947: $? = 0
configure:9947: ./conftest
configure:9947: $? = 0
configure:9959: result: yes
configure:10099: checking whether stdint.h conforms to C99
configure:10279: x86_64-linux-gnu-gcc -c   conftest.c >&5
configure:10279: $? = 0
configure:10366: x86_64-linux-gnu-gcc -o conftest    conftest.c  >&5
configure:10366: $? = 0
configure:10366: ./conftest
configure:10366: $? = 0
configure:10378: result: yes
configure:10389: checking whether stdint.h predates C++11
configure:10425: x86_64-linux-gnu-gcc -c   conftest.c >&5
configure:10425: $? = 0
configure:10430: result: no
configure:10441: checking whether stdint.h has UINTMAX_WIDTH etc.
configure:10477: x86_64-linux-gnu-gcc -c   conftest.c >&5
configure:10477: $? = 0
configure:10482: result: yes
configure:10836: checking for C/C++ restrict keyword
configure:10863: x86_64-linux-gnu-gcc -c   conftest.c >&5
configure:10863: $? = 0
configure:10871: result: __restrict
configure:10963: checking whether strndup is declared
configure:10963: x86_64-linux-gnu-gcc -c   conftest.c >&5
configure:10963: $? = 0
configure:10963: result: yes
configure:10976: checking whether strnlen is declared
configure:10976: x86_64-linux-gnu-gcc -c   conftest.c >&5
configure:10976: $? = 0
configure:10976: result: yes
configure:10989: checking for pid_t
configure:10989: x86_64-linux-gnu-gcc -c   conftest.c >&5
configure:10989: $? = 0
configure:10989: x86_64-linux-gnu-gcc -c   conftest.c >&5
conftest.c: In function 'main':
conftest.c:99:20: error: expected expression before ')' token
 if (sizeof ((pid_t)))
                    ^
configure:10989: $? = 1
configure: failed program was:
| /* confdefs.h */
| #define PACKAGE_NAME "texinfo"
| #define PACKAGE_TARNAME "texinfo"
| #define PACKAGE_VERSION "0"
| #define PACKAGE_STRING "texinfo 0"
| #define PACKAGE_BUGREPORT ""
| #define PACKAGE_URL ""
| #define PACKAGE "texinfo"
| #define VERSION "0"
| #define STDC_HEADERS 1
| #define HAVE_SYS_TYPES_H 1
| #define HAVE_SYS_STAT_H 1
| #define HAVE_STDLIB_H 1
| #define HAVE_STRING_H 1
| #define HAVE_MEMORY_H 1
| #define HAVE_STRINGS_H 1
| #define HAVE_INTTYPES_H 1
| #define HAVE_STDINT_H 1
| #define HAVE_UNISTD_H 1
| #define __EXTENSIONS__ 1
| #define _ALL_SOURCE 1
| #define _DARWIN_C_SOURCE 1
| #define _GNU_SOURCE 1
| #define _NETBSD_SOURCE 1
| #define _OPENBSD_SOURCE 1
| #define _POSIX_PTHREAD_SEMANTICS 1
| #define __STDC_WANT_IEC_60559_ATTRIBS_EXT__ 1
| #define __STDC_WANT_IEC_60559_BFP_EXT__ 1
| #define __STDC_WANT_IEC_60559_DFP_EXT__ 1
| #define __STDC_WANT_IEC_60559_FUNCS_EXT__ 1
| #define __STDC_WANT_IEC_60559_TYPES_EXT__ 1
| #define __STDC_WANT_LIB_EXT2__ 1
| #define __STDC_WANT_MATH_SPEC_FUNCS__ 1
| #define _TANDEM_SOURCE 1
| #define _HPUX_ALT_XOPEN_SOCKET_API 1
| #define ENABLE_NLS 1
| #define HAVE_GETTEXT 1
| #define HAVE_DCGETTEXT 1
| #define HAVE_ALLOCA_H 1
| #define HAVE_ALLOCA 1
| #define HAVE_DECL_GETDELIM 1
| #define HAVE_GETDELIM 1
| #define HAVE_MPROTECT 1
| #define HAVE_STRNDUP 1
| #define HAVE_SNPRINTF 1
| #define HAVE_DECL_GETLINE 1
| #define HAVE_ICONV 1
| #define ICONV_CONST 
| #define HAVE_LIMITS_H 1
| #define HAVE_SYS_MMAN_H 1
| #define HAVE_WCHAR_H 1
| #define HAVE_STDINT_H 1
| #define HAVE_FEATURES_H 1
| #define HAVE_MAP_ANONYMOUS 1
| #define HAVE_WCHAR_T 1
| #define HAVE_WINT_T 1
| #define HAVE_UNSIGNED_LONG_LONG_INT 1
| #define HAVE_LONG_LONG_INT 1
| #define restrict __restrict
| #define HAVE_DECL_STRNDUP 1
| #define HAVE_DECL_STRNLEN 1
| /* end confdefs.h.  */
| #include <stdio.h>
| #ifdef HAVE_SYS_TYPES_H
| # include <sys/types.h>
| #endif
| #ifdef HAVE_SYS_STAT_H
| # include <sys/stat.h>
| #endif
| #ifdef STDC_HEADERS
| # include <stdlib.h>
| # include <stddef.h>
| #else
| # ifdef HAVE_STDLIB_H
| #  include <stdlib.h>
| # endif
| #endif
| #ifdef HAVE_STRING_H
| # if !defined STDC_HEADERS && defined HAVE_MEMORY_H
| #  include <memory.h>
| # endif
| # include <string.h>
| #endif
| #ifdef HAVE_STRINGS_H
| # include <strings.h>
| #endif
| #ifdef HAVE_INTTYPES_H
| # include <inttypes.h>
| #endif
| #ifdef HAVE_STDINT_H
| # include <stdint.h>
| #endif
| #ifdef HAVE_UNISTD_H
| # include <unistd.h>
| #endif
| int
| main ()
| {
| if (sizeof ((pid_t)))
| 	    return 0;
|   ;
|   return 0;
| }
configure:10989: result: yes
configure:11000: checking for mode_t
configure:11000: x86_64-linux-gnu-gcc -c   conftest.c >&5
configure:11000: $? = 0
configure:11000: x86_64-linux-gnu-gcc -c   conftest.c >&5
conftest.c: In function 'main':
conftest.c:99:21: error: expected expression before ')' token
 if (sizeof ((mode_t)))
                     ^
configure:11000: $? = 1
configure: failed program was:
| /* confdefs.h */
| #define PACKAGE_NAME "texinfo"
| #define PACKAGE_TARNAME "texinfo"
| #define PACKAGE_VERSION "0"
| #define PACKAGE_STRING "texinfo 0"
| #define PACKAGE_BUGREPORT ""
| #define PACKAGE_URL ""
| #define PACKAGE "texinfo"
| #define VERSION "0"
| #define STDC_HEADERS 1
| #define HAVE_SYS_TYPES_H 1
| #define HAVE_SYS_STAT_H 1
| #define HAVE_STDLIB_H 1
| #define HAVE_STRING_H 1
| #define HAVE_MEMORY_H 1
| #define HAVE_STRINGS_H 1
| #define HAVE_INTTYPES_H 1
| #define HAVE_STDINT_H 1
| #define HAVE_UNISTD_H 1
| #define __EXTENSIONS__ 1
| #define _ALL_SOURCE 1
| #define _DARWIN_C_SOURCE 1
| #define _GNU_SOURCE 1
| #define _NETBSD_SOURCE 1
| #define _OPENBSD_SOURCE 1
| #define _POSIX_PTHREAD_SEMANTICS 1
| #define __STDC_WANT_IEC_60559_ATTRIBS_EXT__ 1
| #define __STDC_WANT_IEC_60559_BFP_EXT__ 1
| #define __STDC_WANT_IEC_60559_DFP_EXT__ 1
| #define __STDC_WANT_IEC_60559_FUNCS_EXT__ 1
| #define __STDC_WANT_IEC_60559_TYPES_EXT__ 1
| #define __STDC_WANT_LIB_EXT2__ 1
| #define __STDC_WANT_MATH_SPEC_FUNCS__ 1
| #define _TANDEM_SOURCE 1
| #define _HPUX_ALT_XOPEN_SOCKET_API 1
| #define ENABLE_NLS 1
| #define HAVE_GETTEXT 1
| #define HAVE_DCGETTEXT 1
| #define HAVE_ALLOCA_H 1
| #define HAVE_ALLOCA 1
| #define HAVE_DECL_GETDELIM 1
| #define HAVE_GETDELIM 1
| #define HAVE_MPROTECT 1
| #define HAVE_STRNDUP 1
| #define HAVE_SNPRINTF 1
| #define HAVE_DECL_GETLINE 1
| #define HAVE_ICONV 1
| #define ICONV_CONST 
| #define HAVE_LIMITS_H 1
| #define HAVE_SYS_MMAN_H 1
| #define HAVE_WCHAR_H 1
| #define HAVE_STDINT_H 1
| #define HAVE_FEATURES_H 1
| #define HAVE_MAP_ANONYMOUS 1
| #define HAVE_WCHAR_T 1
| #define HAVE_WINT_T 1
| #define HAVE_UNSIGNED_LONG_LONG_INT 1
| #define HAVE_LONG_LONG_INT 1
| #define restrict __restrict
| #define HAVE_DECL_STRNDUP 1
| #define HAVE_DECL_STRNLEN 1
| /* end confdefs.h.  */
| #include <stdio.h>
| #ifdef HAVE_SYS_TYPES_H
| # include <sys/types.h>
| #endif
| #ifdef HAVE_SYS_STAT_H
| # include <sys/stat.h>
| #endif
| #ifdef STDC_HEADERS
| # include <stdlib.h>
| # include <stddef.h>
| #else
| # ifdef HAVE_STDLIB_H
| #  include <stdlib.h>
| # endif
| #endif
| #ifdef HAVE_STRING_H
| # if !defined STDC_HEADERS && defined HAVE_MEMORY_H
| #  include <memory.h>
| # endif
| # include <string.h>
| #endif
| #ifdef HAVE_STRINGS_H
| # include <strings.h>
| #endif
| #ifdef HAVE_INTTYPES_H
| # include <inttypes.h>
| #endif
| #ifdef HAVE_STDINT_H
| # include <stdint.h>
| #endif
| #ifdef HAVE_UNISTD_H
| # include <unistd.h>
| #endif
| int
| main ()
| {
| if (sizeof ((mode_t)))
| 	    return 0;
|   ;
|   return 0;
| }
configure:11000: result: yes
configure:11120: checking for inttypes.h
configure:11139: x86_64-linux-gnu-gcc -c   conftest.c >&5
configure:11139: $? = 0
configure:11146: result: yes
configure:11157: checking for stdint.h
configure:11174: x86_64-linux-gnu-gcc -c   conftest.c >&5
configure:11174: $? = 0
configure:11181: result: yes
configure:11194: checking for intmax_t
configure:11219: x86_64-linux-gnu-gcc -c   conftest.c >&5
configure:11219: $? = 0
configure:11226: result: yes
configure:11245: checking where to find the exponent in a 'double'
configure:11559: x86_64-linux-gnu-gcc -o conftest    conftest.c  >&5
configure:11559: $? = 0
configure:11559: ./conftest
configure:11559: $? = 0
configure:11571: result: word 1 bit 20
configure:11598: checking whether snprintf returns a byte count as in C99
configure:11689: x86_64-linux-gnu-gcc -o conftest    conftest.c  >&5
conftest.c: In function 'main':
conftest.c:73:22: warning: '%d' directive output truncated writing 4 bytes into a region of size 3 [-Wformat-truncation=]
 # define my_snprintf snprintf
                      ^
conftest.c:90:7: note: in expansion of macro 'my_snprintf'
   if (my_snprintf (buf, 3, "%d %d", 4567, 89) != 7)
       ^~~~~~~~~~~
conftest.c:73:22: note: 'snprintf' output 8 bytes into a destination of size 3
 # define my_snprintf snprintf
                      ^
conftest.c:90:7: note: in expansion of macro 'my_snprintf'
   if (my_snprintf (buf, 3, "%d %d", 4567, 89) != 7)
       ^~~~~~~~~~~
configure:11689: $? = 0
configure:11689: ./conftest
configure:11689: $? = 0
configure:11700: result: yes
configure:11711: checking for snprintf
configure:11711: result: yes
configure:11711: checking for strnlen
configure:11711: x86_64-linux-gnu-gcc -o conftest    conftest.c  >&5
configure:11711: $? = 0
configure:11711: result: yes
configure:11711: checking for wcslen
configure:11711: x86_64-linux-gnu-gcc -o conftest    conftest.c  >&5
configure:11711: $? = 0
configure:11711: result: yes
configure:11711: checking for wcsnlen
configure:11711: x86_64-linux-gnu-gcc -o conftest    conftest.c  >&5
configure:11711: $? = 0
configure:11711: result: yes
configure:11711: checking for mbrtowc
configure:11711: x86_64-linux-gnu-gcc -o conftest    conftest.c  >&5
configure:11711: $? = 0
configure:11711: result: yes
configure:11711: checking for wcrtomb
configure:11711: x86_64-linux-gnu-gcc -o conftest    conftest.c  >&5
configure:11711: $? = 0
configure:11711: result: yes
configure:11720: checking whether _snprintf is declared
configure:11720: x86_64-linux-gnu-gcc -c   conftest.c >&5
conftest.c: In function 'main':
conftest.c:84:10: error: '_snprintf' undeclared (first use in this function); did you mean 'vsnprintf'?
   (void) _snprintf;
          ^~~~~~~~~
          vsnprintf
conftest.c:84:10: note: each undeclared identifier is reported only once for each function it appears in
configure:11720: $? = 1
configure: failed program was:
| /* confdefs.h */
| #define PACKAGE_NAME "texinfo"
| #define PACKAGE_TARNAME "texinfo"
| #define PACKAGE_VERSION "0"
| #define PACKAGE_STRING "texinfo 0"
| #define PACKAGE_BUGREPORT ""
| #define PACKAGE_URL ""
| #define PACKAGE "texinfo"
| #define VERSION "0"
| #define STDC_HEADERS 1
| #define HAVE_SYS_TYPES_H 1
| #define HAVE_SYS_STAT_H 1
| #define HAVE_STDLIB_H 1
| #define HAVE_STRING_H 1
| #define HAVE_MEMORY_H 1
| #define HAVE_STRINGS_H 1
| #define HAVE_INTTYPES_H 1
| #define HAVE_STDINT_H 1
| #define HAVE_UNISTD_H 1
| #define __EXTENSIONS__ 1
| #define _ALL_SOURCE 1
| #define _DARWIN_C_SOURCE 1
| #define _GNU_SOURCE 1
| #define _NETBSD_SOURCE 1
| #define _OPENBSD_SOURCE 1
| #define _POSIX_PTHREAD_SEMANTICS 1
| #define __STDC_WANT_IEC_60559_ATTRIBS_EXT__ 1
| #define __STDC_WANT_IEC_60559_BFP_EXT__ 1
| #define __STDC_WANT_IEC_60559_DFP_EXT__ 1
| #define __STDC_WANT_IEC_60559_FUNCS_EXT__ 1
| #define __STDC_WANT_IEC_60559_TYPES_EXT__ 1
| #define __STDC_WANT_LIB_EXT2__ 1
| #define __STDC_WANT_MATH_SPEC_FUNCS__ 1
| #define _TANDEM_SOURCE 1
| #define _HPUX_ALT_XOPEN_SOCKET_API 1
| #define ENABLE_NLS 1
| #define HAVE_GETTEXT 1
| #define HAVE_DCGETTEXT 1
| #define HAVE_ALLOCA_H 1
| #define HAVE_ALLOCA 1
| #define HAVE_DECL_GETDELIM 1
| #define HAVE_GETDELIM 1
| #define HAVE_MPROTECT 1
| #define HAVE_STRNDUP 1
| #define HAVE_SNPRINTF 1
| #define HAVE_DECL_GETLINE 1
| #define HAVE_ICONV 1
| #define ICONV_CONST 
| #define HAVE_LIMITS_H 1
| #define HAVE_SYS_MMAN_H 1
| #define HAVE_WCHAR_H 1
| #define HAVE_STDINT_H 1
| #define HAVE_FEATURES_H 1
| #define HAVE_MAP_ANONYMOUS 1
| #define HAVE_WCHAR_T 1
| #define HAVE_WINT_T 1
| #define HAVE_UNSIGNED_LONG_LONG_INT 1
| #define HAVE_LONG_LONG_INT 1
| #define restrict __restrict
| #define HAVE_DECL_STRNDUP 1
| #define HAVE_DECL_STRNLEN 1
| #define _USE_STD_STAT 1
| #define HAVE_INTTYPES_H_WITH_UINTMAX 1
| #define HAVE_STDINT_H_WITH_UINTMAX 1
| #define HAVE_INTMAX_T 1
| #define DBL_EXPBIT0_WORD 1
| #define DBL_EXPBIT0_BIT 20
| #define HAVE_SNPRINTF 1
| #define HAVE_STRNLEN 1
| #define HAVE_WCSLEN 1
| #define HAVE_WCSNLEN 1
| #define HAVE_MBRTOWC 1
| #define HAVE_WCRTOMB 1
| /* end confdefs.h.  */
| #include <stdio.h>
| 
| int
| main ()
| {
| #ifndef _snprintf
| #ifdef __cplusplus
|   (void) _snprintf;
| #else
|   (void) _snprintf;
| #endif
| #endif
| 
|   ;
|   return 0;
| }
configure:11720: result: no
configure:11842: checking whether <wchar.h> uses 'inline' correctly
configure:11867: x86_64-linux-gnu-gcc -c   conftest1.c >&5
configure:11870: $? = 0
configure:11889: x86_64-linux-gnu-gcc -c   conftest2.c >&5
configure:11892: $? = 0
configure:11905: result: yes
configure:11959: checking for alloca as a compiler built-in
configure:11983: result: yes
configure:12067: checking whether conversion from 'int' to 'long double' works
configure:12111: x86_64-linux-gnu-gcc -o conftest    conftest.c  >&5
configure:12111: $? = 0
configure:12111: ./conftest
configure:12111: $? = 0
configure:12122: result: yes
configure:12249: checking for working getdelim function
configure:12315: x86_64-linux-gnu-gcc -o conftest    conftest.c  >&5
configure:12315: $? = 0
configure:12315: ./conftest
configure:12315: $? = 0
configure:12326: result: yes
configure:12400: checking for getline
configure:12400: x86_64-linux-gnu-gcc -o conftest    conftest.c  >&5
configure:12400: $? = 0
configure:12400: result: yes
configure:12408: checking for working getline function
configure:12475: x86_64-linux-gnu-gcc -o conftest    conftest.c  >&5
configure:12475: $? = 0
configure:12475: ./conftest
configure:12475: $? = 0
configure:12486: result: yes
configure:12583: checking for rawmemchr
configure:12583: x86_64-linux-gnu-gcc -o conftest    conftest.c  >&5
configure:12583: $? = 0
configure:12583: result: yes
configure:12627: checking for stdint.h
configure:12627: result: yes
configure:12637: checking for SIZE_MAX
configure:12708: result: yes
configure:12720: checking for ssize_t
configure:12737: x86_64-linux-gnu-gcc -c   conftest.c >&5
configure:12737: $? = 0
configure:12744: result: yes
configure:12757: checking for good max_align_t
configure:12779: x86_64-linux-gnu-gcc -c   conftest.c >&5
configure:12779: $? = 0
configure:12787: result: yes
configure:12799: checking whether NULL can be used in arbitrary expressions
configure:12817: x86_64-linux-gnu-gcc -c   conftest.c >&5
configure:12817: $? = 0
configure:12824: result: yes
configure:12992: checking which flavor of printf attribute matches inttypes macros
configure:13019: x86_64-linux-gnu-gcc -c   conftest.c >&5
configure:13019: $? = 0
configure:13026: result: system
configure:13080: checking for strchrnul
configure:13080: x86_64-linux-gnu-gcc -o conftest    conftest.c  >&5
configure:13080: $? = 0
configure:13080: result: yes
configure:13092: checking whether strchrnul works
configure:13136: x86_64-linux-gnu-gcc -o conftest    conftest.c  >&5
configure:13136: $? = 0
configure:13136: ./conftest
configure:13136: $? = 0
configure:13147: result: yes
configure:13199: checking for working strndup
configure:13240: x86_64-linux-gnu-gcc -o conftest    conftest.c  >&5
configure:13240: $? = 0
configure:13240: ./conftest
configure:13240: $? = 0
configure:13250: result: yes
configure:13296: checking for working strnlen
configure:13334: x86_64-linux-gnu-gcc -o conftest    conftest.c  >&5
configure:13334: $? = 0
configure:13334: ./conftest
configure:13334: $? = 0
configure:13344: result: yes
configure:13445: checking for ptrdiff_t
configure:13445: x86_64-linux-gnu-gcc -c   conftest.c >&5
configure:13445: $? = 0
configure:13445: x86_64-linux-gnu-gcc -c   conftest.c >&5
conftest.c: In function 'main':
conftest.c:127:24: error: expected expression before ')' token
 if (sizeof ((ptrdiff_t)))
                        ^
configure:13445: $? = 1
configure: failed program was:
| /* confdefs.h */
| #define PACKAGE_NAME "texinfo"
| #define PACKAGE_TARNAME "texinfo"
| #define PACKAGE_VERSION "0"
| #define PACKAGE_STRING "texinfo 0"
| #define PACKAGE_BUGREPORT ""
| #define PACKAGE_URL ""
| #define PACKAGE "texinfo"
| #define VERSION "0"
| #define STDC_HEADERS 1
| #define HAVE_SYS_TYPES_H 1
| #define HAVE_SYS_STAT_H 1
| #define HAVE_STDLIB_H 1
| #define HAVE_STRING_H 1
| #define HAVE_MEMORY_H 1
| #define HAVE_STRINGS_H 1
| #define HAVE_INTTYPES_H 1
| #define HAVE_STDINT_H 1
| #define HAVE_UNISTD_H 1
| #define __EXTENSIONS__ 1
| #define _ALL_SOURCE 1
| #define _DARWIN_C_SOURCE 1
| #define _GNU_SOURCE 1
| #define _NETBSD_SOURCE 1
| #define _OPENBSD_SOURCE 1
| #define _POSIX_PTHREAD_SEMANTICS 1
| #define __STDC_WANT_IEC_60559_ATTRIBS_EXT__ 1
| #define __STDC_WANT_IEC_60559_BFP_EXT__ 1
| #define __STDC_WANT_IEC_60559_DFP_EXT__ 1
| #define __STDC_WANT_IEC_60559_FUNCS_EXT__ 1
| #define __STDC_WANT_IEC_60559_TYPES_EXT__ 1
| #define __STDC_WANT_LIB_EXT2__ 1
| #define __STDC_WANT_MATH_SPEC_FUNCS__ 1
| #define _TANDEM_SOURCE 1
| #define _HPUX_ALT_XOPEN_SOCKET_API 1
| #define ENABLE_NLS 1
| #define HAVE_GETTEXT 1
| #define HAVE_DCGETTEXT 1
| #define HAVE_ALLOCA_H 1
| #define HAVE_ALLOCA 1
| #define HAVE_DECL_GETDELIM 1
| #define HAVE_GETDELIM 1
| #define HAVE_MPROTECT 1
| #define HAVE_STRNDUP 1
| #define HAVE_SNPRINTF 1
| #define HAVE_DECL_GETLINE 1
| #define HAVE_ICONV 1
| #define ICONV_CONST 
| #define HAVE_LIMITS_H 1
| #define HAVE_SYS_MMAN_H 1
| #define HAVE_WCHAR_H 1
| #define HAVE_STDINT_H 1
| #define HAVE_FEATURES_H 1
| #define HAVE_MAP_ANONYMOUS 1
| #define HAVE_WCHAR_T 1
| #define HAVE_WINT_T 1
| #define HAVE_UNSIGNED_LONG_LONG_INT 1
| #define HAVE_LONG_LONG_INT 1
| #define restrict __restrict
| #define HAVE_DECL_STRNDUP 1
| #define HAVE_DECL_STRNLEN 1
| #define _USE_STD_STAT 1
| #define HAVE_INTTYPES_H_WITH_UINTMAX 1
| #define HAVE_STDINT_H_WITH_UINTMAX 1
| #define HAVE_INTMAX_T 1
| #define DBL_EXPBIT0_WORD 1
| #define DBL_EXPBIT0_BIT 20
| #define HAVE_SNPRINTF 1
| #define HAVE_STRNLEN 1
| #define HAVE_WCSLEN 1
| #define HAVE_WCSNLEN 1
| #define HAVE_MBRTOWC 1
| #define HAVE_WCRTOMB 1
| #define HAVE_DECL__SNPRINTF 0
| #define HAVE_SNPRINTF_RETVAL_C99 1
| #define HAVE_ALLOCA 1
| #define GNULIB_TEST_GETDELIM 1
| #define GNULIB_TEST_GETLINE 1
| #define GNULIB_TEST_MEMCHR 1
| #define HAVE_RAWMEMCHR 1
| #define GNULIB_TEST_RAWMEMCHR 1
| #define HAVE_STDINT_H 1
| #define __USE_MINGW_ANSI_STDIO 1
| #define GNULIB_FSCANF 1
| #define GNULIB_SCANF 1
| #define HAVE_STRCHRNUL 1
| #define GNULIB_TEST_STRCHRNUL 1
| #define GNULIB_TEST_STRNDUP 1
| #define GNULIB_TEST_STRNLEN 1
| /* end confdefs.h.  */
| #include <stdio.h>
| #ifdef HAVE_SYS_TYPES_H
| # include <sys/types.h>
| #endif
| #ifdef HAVE_SYS_STAT_H
| # include <sys/stat.h>
| #endif
| #ifdef STDC_HEADERS
| # include <stdlib.h>
| # include <stddef.h>
| #else
| # ifdef HAVE_STDLIB_H
| #  include <stdlib.h>
| # endif
| #endif
| #ifdef HAVE_STRING_H
| # if !defined STDC_HEADERS && defined HAVE_MEMORY_H
| #  include <memory.h>
| # endif
| # include <string.h>
| #endif
| #ifdef HAVE_STRINGS_H
| # include <strings.h>
| #endif
| #ifdef HAVE_INTTYPES_H
| # include <inttypes.h>
| #endif
| #ifdef HAVE_STDINT_H
| # include <stdint.h>
| #endif
| #ifdef HAVE_UNISTD_H
| # include <unistd.h>
| #endif
| int
| main ()
| {
| if (sizeof ((ptrdiff_t)))
| 	    return 0;
|   ;
|   return 0;
| }
configure:13445: result: yes
configure:13466: checking for vasprintf
configure:13466: x86_64-linux-gnu-gcc -o conftest    conftest.c  >&5
configure:13466: $? = 0
configure:13466: result: yes
configure:13644: checking for stdint.h
configure:13644: result: yes
configure:13737: checking how to print strings
configure:13764: result: printf
configure:13785: checking for a sed that does not truncate output
configure:13849: result: /bin/sed
configure:13867: checking for fgrep
configure:13929: result: /bin/grep -F
configure:13964: checking for ld used by x86_64-linux-gnu-gcc
configure:14031: result: /usr/bin/ld
configure:14038: checking if the linker (/usr/bin/ld) is GNU ld
configure:14053: result: yes
configure:14065: checking for BSD- or MS-compatible name lister (nm)
configure:14119: result: /usr/bin/nm -B
configure:14249: checking the name lister (/usr/bin/nm -B) interface
configure:14256: x86_64-linux-gnu-gcc -c   conftest.c >&5
configure:14259: /usr/bin/nm -B "conftest.o"
configure:14262: output
0000000000000000 B some_variable
configure:14269: result: BSD nm
configure:14272: checking whether ln -s works
configure:14276: result: yes
configure:14284: checking the maximum length of command line arguments
configure:14415: result: 1572864
configure:14463: checking how to convert x86_64-pc-linux-gnu file names to x86_64-pc-linux-gnu format
configure:14503: result: func_convert_file_noop
configure:14510: checking how to convert x86_64-pc-linux-gnu file names to toolchain format
configure:14530: result: func_convert_file_noop
configure:14537: checking for /usr/bin/ld option to reload object files
configure:14544: result: -r
configure:14618: checking for objdump
configure:14634: found /usr/bin/objdump
configure:14645: result: objdump
configure:14677: checking how to recognize dependent libraries
configure:14877: result: pass_all
configure:14962: checking for dlltool
configure:14992: result: no
configure:15022: checking how to associate runtime and link libraries
configure:15049: result: printf %s\n
configure:15173: checking for archiver @FILE support
configure:15190: x86_64-linux-gnu-gcc -c   conftest.c >&5
configure:15190: $? = 0
configure:15193: ar cru libconftest.a @conftest.lst >&5
ar: `u' modifier ignored since `D' is the default (see `U')
configure:15196: $? = 0
configure:15201: ar cru libconftest.a @conftest.lst >&5
ar: `u' modifier ignored since `D' is the default (see `U')
ar: conftest.o: No such file or directory
configure:15204: $? = 1
configure:15216: result: @
configure:15274: checking for strip
configure:15290: found /usr/bin/strip
configure:15301: result: strip
configure:15373: checking for ranlib
configure:15400: result: ranlib
configure:15502: checking command to parse /usr/bin/nm -B output from x86_64-linux-gnu-gcc object
configure:15655: x86_64-linux-gnu-gcc -c   conftest.c >&5
configure:15658: $? = 0
configure:15662: /usr/bin/nm -B conftest.o \| sed -n -e 's/^.*[ ]\([ABCDGIRSTW][ABCDGIRSTW]*\)[ ][ ]*\([_A-Za-z][_A-Za-z0-9]*\)$/\1 \2 \2/p' | sed '/ __gnu_lto/d' \> conftest.nm
configure:15665: $? = 0
configure:15731: x86_64-linux-gnu-gcc -o conftest    conftest.c conftstm.o >&5
configure:15734: $? = 0
configure:15772: result: ok
configure:15819: checking for sysroot
configure:15849: result: no
configure:15856: checking for a working dd
configure:15894: result: /bin/dd
configure:15898: checking how to truncate binary pipes
configure:15913: result: /bin/dd bs=4096 count=1
configure:16049: x86_64-linux-gnu-gcc -c   conftest.c >&5
configure:16052: $? = 0
configure:16242: checking for mt
configure:16258: found /bin/mt
configure:16269: result: mt
configure:16292: checking if mt is a manifest tool
configure:16298: mt '-?'
configure:16306: result: no
configure:16980: checking for dlfcn.h
configure:16980: x86_64-linux-gnu-gcc -c   conftest.c >&5
configure:16980: $? = 0
configure:16980: result: yes
configure:17235: checking for objdir
configure:17250: result: .libs
configure:17514: checking if x86_64-linux-gnu-gcc supports -fno-rtti -fno-exceptions
configure:17532: x86_64-linux-gnu-gcc -c   -fno-rtti -fno-exceptions conftest.c >&5
cc1: warning: command line option '-fno-rtti' is valid for C++/ObjC++ but not for C
configure:17536: $? = 0
configure:17549: result: no
configure:17907: checking for x86_64-linux-gnu-gcc option to produce PIC
configure:17914: result: -fPIC -DPIC
configure:17922: checking if x86_64-linux-gnu-gcc PIC flag -fPIC -DPIC works
configure:17940: x86_64-linux-gnu-gcc -c   -fPIC -DPIC -DPIC conftest.c >&5
configure:17944: $? = 0
configure:17957: result: yes
configure:17986: checking if x86_64-linux-gnu-gcc static flag -static works
configure:18014: result: yes
configure:18029: checking if x86_64-linux-gnu-gcc supports -c -o file.o
configure:18050: x86_64-linux-gnu-gcc -c   -o out/conftest2.o conftest.c >&5
configure:18054: $? = 0
configure:18076: result: yes
configure:18084: checking if x86_64-linux-gnu-gcc supports -c -o file.o
configure:18131: result: yes
configure:18164: checking whether the x86_64-linux-gnu-gcc linker (/usr/bin/ld -m elf_x86_64) supports shared libraries
configure:19427: result: yes
configure:19464: checking whether -lc should be explicitly linked in
configure:19472: x86_64-linux-gnu-gcc -c   conftest.c >&5
configure:19475: $? = 0
configure:19490: x86_64-linux-gnu-gcc -shared  -fPIC -DPIC conftest.o  -v -Wl,-soname -Wl,conftest -o conftest 2\>\&1 \| /bin/grep  -lc  \>/dev/null 2\>\&1
configure:19493: $? = 0
configure:19507: result: no
configure:19667: checking dynamic linker characteristics
configure:20248: x86_64-linux-gnu-gcc -o conftest    -Wl,-rpath -Wl,/foo conftest.c  >&5
configure:20248: $? = 0
configure:20497: result: GNU/Linux ld.so
configure:20619: checking how to hardcode library paths into programs
configure:20644: result: immediate
configure:21192: checking whether stripping libraries is possible
configure:21197: result: yes
configure:21232: checking if libtool supports shared libraries
configure:21234: result: yes
configure:21237: checking whether to build shared libraries
configure:21262: result: yes
configure:21265: checking whether to build static libraries
configure:21269: result: no
configure:21342: checking Perl configuration value ccflags
configure:21345: result: -D_REENTRANT -D_GNU_SOURCE -DDEBIAN -fwrapv -fno-strict-aliasing -pipe -I/usr/local/include -D_LARGEFILE_SOURCE -D_FILE_OFFSET_BITS=64
configure:21349: checking Perl configuration value cccdlflags
configure:21352: result: -fPIC
configure:21356: checking Perl configuration value optimize
configure:21359: result: -O2 -g
configure:21367: checking Perl configuration value ccdlflags
configure:21370: result: -Wl,-E
configure:21376: checking Perl configuration value libperl
configure:21379: result: libperl.so.5.26
configure:21392: checking Perl configuration value archlibexp
configure:21395: result: /usr/lib/x86_64-linux-gnu/perl/5.26
configure:21399: checking Perl configuration value privlibexp
configure:21402: result: /usr/share/perl/5.26
configure:21524: checking that generated files are newer than configure
configure:21530: result: done
configure:21626: creating ./config.status

## ---------------------- ##
## Running config.status. ##
## ---------------------- ##

This file was extended by texinfo config.status 0, which was
generated by GNU Autoconf 2.69.  Invocation command line was

  CONFIG_FILES    = 
  CONFIG_HEADERS  = 
  CONFIG_LINKS    = 
  CONFIG_COMMANDS = 
  $ ./config.status 

on rishon

config.status:1560: creating Makefile
config.status:1560: creating gnulib/lib/Makefile
config.status:1560: creating config.h
config.status:1789: executing depfiles commands
config.status:1866: cd .       && sed -e '/# am--include-marker/d' Makefile         | make -f - am--depfiles
config.status:1871: $? = 0
config.status:1866: cd gnulib/lib       && sed -e '/# am--include-marker/d' Makefile         | make -f - am--depfiles
config.status:1871: $? = 0
config.status:1789: executing po-directories commands
config.status:1789: executing libtool commands

## ---------------- ##
## Cache variables. ##
## ---------------- ##

ac_cv_build=x86_64-pc-linux-gnu
ac_cv_c_compiler_gnu=yes
ac_cv_c_restrict=__restrict
ac_cv_env_CC_set=
ac_cv_env_CC_value=
ac_cv_env_CFLAGS_set=
ac_cv_env_CFLAGS_value=
ac_cv_env_CPPFLAGS_set=
ac_cv_env_CPPFLAGS_value=
ac_cv_env_CPP_set=
ac_cv_env_CPP_value=
ac_cv_env_LDFLAGS_set=
ac_cv_env_LDFLAGS_value=
ac_cv_env_LIBS_set=
ac_cv_env_LIBS_value=
ac_cv_env_LT_SYS_LIBRARY_PATH_set=
ac_cv_env_LT_SYS_LIBRARY_PATH_value=
ac_cv_env_PERL_EXT_CC_set=
ac_cv_env_PERL_EXT_CC_value=
ac_cv_env_PERL_EXT_CFLAGS_set=
ac_cv_env_PERL_EXT_CFLAGS_value=
ac_cv_env_PERL_EXT_CPPFLAGS_set=
ac_cv_env_PERL_EXT_CPPFLAGS_value=
ac_cv_env_PERL_EXT_LDFLAGS_set=
ac_cv_env_PERL_EXT_LDFLAGS_value=
ac_cv_env_build_alias_set=
ac_cv_env_build_alias_value=
ac_cv_env_host_alias_set=
ac_cv_env_host_alias_value=
ac_cv_env_target_alias_set=
ac_cv_env_target_alias_value=
ac_cv_func_alloca_works=yes
ac_cv_func_getdelim=yes
ac_cv_func_getline=yes
ac_cv_func_mbrtowc=yes
ac_cv_func_mmap=yes
ac_cv_func_mprotect=yes
ac_cv_func_rawmemchr=yes
ac_cv_func_snprintf=yes
ac_cv_func_strchrnul=yes
ac_cv_func_strndup=yes
ac_cv_func_strnlen=yes
ac_cv_func_strnlen_working=yes
ac_cv_func_vasnprintf=no
ac_cv_func_vasprintf=yes
ac_cv_func_wcrtomb=yes
ac_cv_func_wcslen=yes
ac_cv_func_wcsnlen=yes
ac_cv_have_decl__snprintf=no
ac_cv_have_decl_getdelim=yes
ac_cv_have_decl_getline=yes
ac_cv_have_decl_strndup=yes
ac_cv_have_decl_strnlen=yes
ac_cv_header_crtdefs_h=no
ac_cv_header_dlfcn_h=yes
ac_cv_header_features_h=yes
ac_cv_header_inttypes_h=yes
ac_cv_header_limits_h=yes
ac_cv_header_memory_h=yes
ac_cv_header_minix_config_h=no
ac_cv_header_stdc=yes
ac_cv_header_stdint_h=yes
ac_cv_header_stdlib_h=yes
ac_cv_header_string_h=yes
ac_cv_header_strings_h=yes
ac_cv_header_sys_mman_h=yes
ac_cv_header_sys_stat_h=yes
ac_cv_header_sys_types_h=yes
ac_cv_header_unistd_h=yes
ac_cv_header_wchar_h=yes
ac_cv_host=x86_64-pc-linux-gnu
ac_cv_objext=o
ac_cv_path_EGREP='/bin/grep -E'
ac_cv_path_FGREP='/bin/grep -F'
ac_cv_path_GMSGFMT=/usr/bin/msgfmt
ac_cv_path_GREP=/bin/grep
ac_cv_path_MSGFMT=/usr/bin/msgfmt
ac_cv_path_MSGMERGE=/usr/bin/msgmerge
ac_cv_path_PERL=/usr/bin/perl
ac_cv_path_SED=/bin/sed
ac_cv_path_XGETTEXT=/usr/bin/xgettext
ac_cv_path_install='/usr/bin/install -c'
ac_cv_path_lt_DD=/bin/dd
ac_cv_path_mkdir=/bin/mkdir
ac_cv_prog_AWK=gawk
ac_cv_prog_CPP='x86_64-linux-gnu-gcc -E'
ac_cv_prog_ac_ct_AR=ar
ac_cv_prog_ac_ct_CC=x86_64-linux-gnu-gcc
ac_cv_prog_ac_ct_MANIFEST_TOOL=mt
ac_cv_prog_ac_ct_OBJDUMP=objdump
ac_cv_prog_ac_ct_RANLIB=ranlib
ac_cv_prog_ac_ct_STRIP=strip
ac_cv_prog_cc_c89=
ac_cv_prog_cc_g=yes
ac_cv_prog_make_make_set=yes
ac_cv_safe_to_define___extensions__=yes
ac_cv_should_define__xopen_source=no
ac_cv_type_long_long_int=yes
ac_cv_type_mode_t=yes
ac_cv_type_pid_t=yes
ac_cv_type_ptrdiff_t=yes
ac_cv_type_size_t=yes
ac_cv_type_unsigned_long_long_int=yes
ac_cv_working_alloca_h=yes
acl_cv_hardcode_direct=no
acl_cv_hardcode_libdir_flag_spec='${wl}-rpath ${wl}$libdir'
acl_cv_hardcode_libdir_separator=
acl_cv_hardcode_minus_L=no
acl_cv_libdirstems=lib,lib
acl_cv_libext=a
acl_cv_libname_spec='lib$name'
acl_cv_library_names_spec='$libname$shrext'
acl_cv_path_LD=/usr/bin/ld
acl_cv_prog_gnu_ld=yes
acl_cv_rpath=done
acl_cv_shlibext=so
acl_cv_wl=-Wl,
am_cv_CC_dependencies_compiler_type=gcc3
am_cv_func_iconv=yes
am_cv_func_iconv_works=yes
am_cv_func_working_getline=yes
am_cv_lib_iconv=no
am_cv_make_support_nested_variables=yes
am_cv_prog_cc_c_o=yes
am_cv_proto_iconv='extern size_t iconv (iconv_t cd, char * *inbuf, size_t *inbytesleft, char * *outbuf, size_t *outbytesleft);'
am_cv_proto_iconv_arg1=
gl_cv_c_amsterdam_compiler=no
gl_cv_c_multiarch=no
gl_cv_cc_double_expbit0='word 1 bit 20'
gl_cv_decl_null_works=yes
gl_cv_func_itold_works=yes
gl_cv_func_memchr_works=yes
gl_cv_func_printf_attribute_flavor=system
gl_cv_func_snprintf_retval_c99=yes
gl_cv_func_strchrnul_works=yes
gl_cv_func_strndup_works=yes
gl_cv_func_working_getdelim=yes
gl_cv_have_include_next=yes
gl_cv_header_errno_h_complete=yes
gl_cv_header_inttypes_h=yes
gl_cv_header_limits_width=yes
gl_cv_header_stdint_h=yes
gl_cv_header_stdint_predates_cxx11_h=no
gl_cv_header_stdint_width=yes
gl_cv_header_wchar_h_correct_inline=yes
gl_cv_header_working_stdint_h=yes
gl_cv_host_cpu_c_abi_32bit=no
gl_cv_next_limits_h='<limits.h>'
gl_cv_next_stdint_h='<stdint.h>'
gl_cv_next_stdio_h='<stdio.h>'
gl_cv_next_string_h='<string.h>'
gl_cv_next_sys_types_h='<sys/types.h>'
gl_cv_next_wchar_h='<wchar.h>'
gl_cv_pragma_columns=no
gl_cv_rpl_alloca=yes
gl_cv_size_max=yes
gl_cv_type_max_align_t=yes
gl_cv_type_wint_t_too_small=no
gt_cv_c_intmax_t=yes
gt_cv_c_wchar_t=yes
gt_cv_c_wint_t=yes
gt_cv_func_CFLocaleCopyCurrent=no
gt_cv_func_CFLocaleCopyPreferredLanguages=no
gt_cv_func_CFPreferencesCopyAppValue=no
gt_cv_func_gnugettext1_libc=yes
gt_cv_ssize_t=yes
lt_cv_ar_at_file=@
lt_cv_archive_cmds_need_lc=no
lt_cv_deplibs_check_method=pass_all
lt_cv_file_magic_cmd='$MAGIC_CMD'
lt_cv_file_magic_test_file=
lt_cv_ld_reload_flag=-r
lt_cv_nm_interface='BSD nm'
lt_cv_objdir=.libs
lt_cv_path_LD=/usr/bin/ld
lt_cv_path_NM='/usr/bin/nm -B'
lt_cv_path_mainfest_tool=no
lt_cv_prog_compiler_c_o=yes
lt_cv_prog_compiler_pic='-fPIC -DPIC'
lt_cv_prog_compiler_pic_works=yes
lt_cv_prog_compiler_rtti_exceptions=no
lt_cv_prog_compiler_static_works=yes
lt_cv_prog_gnu_ld=yes
lt_cv_sharedlib_from_linklib_cmd='printf %s\n'
lt_cv_shlibpath_overrides_runpath=yes
lt_cv_sys_global_symbol_pipe='sed -n -e '\''s/^.*[	 ]\([ABCDGIRSTW][ABCDGIRSTW]*\)[	 ][	 ]*\([_A-Za-z][_A-Za-z0-9]*\)$/\1 \2 \2/p'\'' | sed '\''/ __gnu_lto/d'\'''
lt_cv_sys_global_symbol_to_c_name_address='sed -n -e '\''s/^: \(.*\) .*$/  {"\1", (void *) 0},/p'\'' -e '\''s/^[ABCDGIRSTW][ABCDGIRSTW]* .* \(.*\)$/  {"\1", (void *) \&\1},/p'\'''
lt_cv_sys_global_symbol_to_c_name_address_lib_prefix='sed -n -e '\''s/^: \(.*\) .*$/  {"\1", (void *) 0},/p'\'' -e '\''s/^[ABCDGIRSTW][ABCDGIRSTW]* .* \(lib.*\)$/  {"\1", (void *) \&\1},/p'\'' -e '\''s/^[ABCDGIRSTW][ABCDGIRSTW]* .* \(.*\)$/  {"lib\1", (void *) \&\1},/p'\'''
lt_cv_sys_global_symbol_to_cdecl='sed -n -e '\''s/^T .* \(.*\)$/extern int \1();/p'\'' -e '\''s/^[ABCDGIRSTW][ABCDGIRSTW]* .* \(.*\)$/extern char \1;/p'\'''
lt_cv_sys_global_symbol_to_import=
lt_cv_sys_max_cmd_len=1572864
lt_cv_to_host_file_cmd=func_convert_file_noop
lt_cv_to_tool_file_cmd=func_convert_file_noop
lt_cv_truncate_bin='/bin/dd bs=4096 count=1'

## ----------------- ##
## Output variables. ##
## ----------------- ##

ACLOCAL='${SHELL} /home/carolhanna/Security_Project/gnu_dataset/texinfo-6.7/tp/Texinfo/XS/missing aclocal-1.16'
ALLOCA=''
ALLOCA_H='alloca.h'
AMDEPBACKSLASH='\'
AMDEP_FALSE='#'
AMDEP_TRUE=''
AMTAR='$${TAR-tar}'
AM_BACKSLASH='\'
AM_DEFAULT_V='$(AM_DEFAULT_VERBOSITY)'
AM_DEFAULT_VERBOSITY='1'
AM_V='$(V)'
APPLE_UNIVERSAL_BUILD='0'
AR='ar'
ARFLAGS='cr'
AUTOCONF='${SHELL} /home/carolhanna/Security_Project/gnu_dataset/texinfo-6.7/tp/Texinfo/XS/missing autoconf'
AUTOHEADER='${SHELL} /home/carolhanna/Security_Project/gnu_dataset/texinfo-6.7/tp/Texinfo/XS/missing autoheader'
AUTOMAKE='${SHELL} /home/carolhanna/Security_Project/gnu_dataset/texinfo-6.7/tp/Texinfo/XS/missing automake-1.16'
AWK='gawk'
BITSIZEOF_PTRDIFF_T=''
BITSIZEOF_SIG_ATOMIC_T=''
BITSIZEOF_SIZE_T=''
BITSIZEOF_WCHAR_T=''
BITSIZEOF_WINT_T=''
CC='x86_64-linux-gnu-gcc'
CCDEPMODE='depmode=gcc3'
CFLAGS=''
CPP='x86_64-linux-gnu-gcc -E'
CPPFLAGS=''
CYGPATH_W='echo'
DEFS='-DHAVE_CONFIG_H'
DEPDIR='.deps'
DLLTOOL='false'
DSYMUTIL=''
DUMPBIN=''
ECHO_C=''
ECHO_N='-n'
ECHO_T=''
EGREP='/bin/grep -E'
EMULTIHOP_HIDDEN=''
EMULTIHOP_VALUE=''
ENOLINK_HIDDEN=''
ENOLINK_VALUE=''
EOVERFLOW_HIDDEN=''
EOVERFLOW_VALUE=''
ERRNO_H=''
EXEEXT=''
FGREP='/bin/grep -F'
FLOAT_H=''
GETTEXT_MACRO_VERSION='0.19'
GL_COND_LIBTOOL_FALSE='#'
GL_COND_LIBTOOL_TRUE=''
GL_GENERATE_ALLOCA_H_FALSE='#'
GL_GENERATE_ALLOCA_H_TRUE=''
GL_GENERATE_ERRNO_H_FALSE=''
GL_GENERATE_ERRNO_H_TRUE='#'
GL_GENERATE_FLOAT_H_FALSE=''
GL_GENERATE_FLOAT_H_TRUE='#'
GL_GENERATE_LIMITS_H_FALSE='#'
GL_GENERATE_LIMITS_H_TRUE=''
GL_GENERATE_STDDEF_H_FALSE=''
GL_GENERATE_STDDEF_H_TRUE='#'
GL_GENERATE_STDINT_H_FALSE=''
GL_GENERATE_STDINT_H_TRUE='#'
GMSGFMT='/usr/bin/msgfmt'
GMSGFMT_015='/usr/bin/msgfmt'
GNULIB_BTOWC='0'
GNULIB_DPRINTF='0'
GNULIB_EXPLICIT_BZERO='0'
GNULIB_FCLOSE='0'
GNULIB_FDOPEN='0'
GNULIB_FFLUSH='0'
GNULIB_FFSL='0'
GNULIB_FFSLL='0'
GNULIB_FGETC='1'
GNULIB_FGETS='1'
GNULIB_FOPEN='0'
GNULIB_FPRINTF='1'
GNULIB_FPRINTF_POSIX='0'
GNULIB_FPURGE='0'
GNULIB_FPUTC='1'
GNULIB_FPUTS='1'
GNULIB_FREAD='1'
GNULIB_FREOPEN='0'
GNULIB_FSCANF='1'
GNULIB_FSEEK='0'
GNULIB_FSEEKO='0'
GNULIB_FTELL='0'
GNULIB_FTELLO='0'
GNULIB_FWRITE='1'
GNULIB_GETC='1'
GNULIB_GETCHAR='1'
GNULIB_GETDELIM='1'
GNULIB_GETLINE='1'
GNULIB_MBRLEN='0'
GNULIB_MBRTOWC='0'
GNULIB_MBSCASECMP='0'
GNULIB_MBSCASESTR='0'
GNULIB_MBSCHR='0'
GNULIB_MBSCSPN='0'
GNULIB_MBSINIT='0'
GNULIB_MBSLEN='0'
GNULIB_MBSNCASECMP='0'
GNULIB_MBSNLEN='0'
GNULIB_MBSNRTOWCS='0'
GNULIB_MBSPBRK='0'
GNULIB_MBSPCASECMP='0'
GNULIB_MBSRCHR='0'
GNULIB_MBSRTOWCS='0'
GNULIB_MBSSEP='0'
GNULIB_MBSSPN='0'
GNULIB_MBSSTR='0'
GNULIB_MBSTOK_R='0'
GNULIB_MEMCHR='1'
GNULIB_MEMMEM='0'
GNULIB_MEMPCPY='0'
GNULIB_MEMRCHR='0'
GNULIB_OBSTACK_PRINTF='0'
GNULIB_OBSTACK_PRINTF_POSIX='0'
GNULIB_OVERRIDES_WINT_T='0'
GNULIB_PCLOSE='0'
GNULIB_PERROR='0'
GNULIB_POPEN='0'
GNULIB_PRINTF='1'
GNULIB_PRINTF_POSIX='0'
GNULIB_PUTC='1'
GNULIB_PUTCHAR='1'
GNULIB_PUTS='1'
GNULIB_RAWMEMCHR='1'
GNULIB_REMOVE='0'
GNULIB_RENAME='0'
GNULIB_RENAMEAT='0'
GNULIB_SCANF='1'
GNULIB_SNPRINTF='0'
GNULIB_SPRINTF_POSIX='0'
GNULIB_STDIO_H_NONBLOCKING='0'
GNULIB_STDIO_H_SIGPIPE='0'
GNULIB_STPCPY='0'
GNULIB_STPNCPY='0'
GNULIB_STRCASESTR='0'
GNULIB_STRCHRNUL='1'
GNULIB_STRDUP='0'
GNULIB_STRERROR='0'
GNULIB_STRERROR_R='0'
GNULIB_STRNCAT='0'
GNULIB_STRNDUP='1'
GNULIB_STRNLEN='1'
GNULIB_STRPBRK='0'
GNULIB_STRSEP='0'
GNULIB_STRSIGNAL='0'
GNULIB_STRSTR='0'
GNULIB_STRTOK_R='0'
GNULIB_STRVERSCMP='0'
GNULIB_TMPFILE='0'
GNULIB_VASPRINTF='1'
GNULIB_VDPRINTF='0'
GNULIB_VFPRINTF='1'
GNULIB_VFPRINTF_POSIX='0'
GNULIB_VFSCANF='0'
GNULIB_VPRINTF='1'
GNULIB_VPRINTF_POSIX='0'
GNULIB_VSCANF='0'
GNULIB_VSNPRINTF='0'
GNULIB_VSPRINTF_POSIX='0'
GNULIB_WCPCPY='0'
GNULIB_WCPNCPY='0'
GNULIB_WCRTOMB='0'
GNULIB_WCSCASECMP='0'
GNULIB_WCSCAT='0'
GNULIB_WCSCHR='0'
GNULIB_WCSCMP='0'
GNULIB_WCSCOLL='0'
GNULIB_WCSCPY='0'
GNULIB_WCSCSPN='0'
GNULIB_WCSDUP='0'
GNULIB_WCSFTIME='0'
GNULIB_WCSLEN='0'
GNULIB_WCSNCASECMP='0'
GNULIB_WCSNCAT='0'
GNULIB_WCSNCMP='0'
GNULIB_WCSNCPY='0'
GNULIB_WCSNLEN='0'
GNULIB_WCSNRTOMBS='0'
GNULIB_WCSPBRK='0'
GNULIB_WCSRCHR='0'
GNULIB_WCSRTOMBS='0'
GNULIB_WCSSPN='0'
GNULIB_WCSSTR='0'
GNULIB_WCSTOK='0'
GNULIB_WCSWIDTH='0'
GNULIB_WCSXFRM='0'
GNULIB_WCTOB='0'
GNULIB_WCWIDTH='0'
GNULIB_WMEMCHR='0'
GNULIB_WMEMCMP='0'
GNULIB_WMEMCPY='0'
GNULIB_WMEMMOVE='0'
GNULIB_WMEMSET='0'
GREP='/bin/grep'
HAVE_ALLOCA_H='1'
HAVE_BTOWC='1'
HAVE_C99_STDINT_H='1'
HAVE_CRTDEFS_H='0'
HAVE_DECL_FPURGE='1'
HAVE_DECL_FSEEKO='1'
HAVE_DECL_FTELLO='1'
HAVE_DECL_GETDELIM='1'
HAVE_DECL_GETLINE='1'
HAVE_DECL_MEMMEM='1'
HAVE_DECL_MEMRCHR='1'
HAVE_DECL_OBSTACK_PRINTF='1'
HAVE_DECL_SNPRINTF='1'
HAVE_DECL_STRDUP='1'
HAVE_DECL_STRERROR_R='1'
HAVE_DECL_STRNDUP='1'
HAVE_DECL_STRNLEN='1'
HAVE_DECL_STRSIGNAL='1'
HAVE_DECL_STRTOK_R='1'
HAVE_DECL_VSNPRINTF='1'
HAVE_DECL_WCTOB='1'
HAVE_DECL_WCWIDTH='1'
HAVE_DPRINTF='1'
HAVE_EXPLICIT_BZERO='1'
HAVE_FEATURES_H='1'
HAVE_FFSL='1'
HAVE_FFSLL='1'
HAVE_FSEEKO='1'
HAVE_FTELLO='1'
HAVE_ICONV_FALSE='#'
HAVE_ICONV_TRUE=''
HAVE_INTTYPES_H='1'
HAVE_LONG_LONG_INT='1'
HAVE_MAX_ALIGN_T='1'
HAVE_MBRLEN='1'
HAVE_MBRTOWC='1'
HAVE_MBSINIT='1'
HAVE_MBSLEN='0'
HAVE_MBSNRTOWCS='1'
HAVE_MBSRTOWCS='1'
HAVE_MEMCHR='1'
HAVE_MEMPCPY='1'
HAVE_PCLOSE='1'
HAVE_POPEN='1'
HAVE_RAWMEMCHR='1'
HAVE_RENAMEAT='1'
HAVE_SIGNED_SIG_ATOMIC_T=''
HAVE_SIGNED_WCHAR_T=''
HAVE_SIGNED_WINT_T=''
HAVE_STDINT_H='1'
HAVE_STPCPY='1'
HAVE_STPNCPY='1'
HAVE_STRCASESTR='1'
HAVE_STRCHRNUL='1'
HAVE_STRPBRK='1'
HAVE_STRSEP='1'
HAVE_STRVERSCMP='1'
HAVE_SYS_BITYPES_H='0'
HAVE_SYS_INTTYPES_H='0'
HAVE_SYS_TYPES_H='1'
HAVE_UNSIGNED_LONG_LONG_INT='1'
HAVE_VASPRINTF='1'
HAVE_VDPRINTF='1'
HAVE_WCHAR_H='1'
HAVE_WCHAR_T='1'
HAVE_WCPCPY='1'
HAVE_WCPNCPY='1'
HAVE_WCRTOMB='1'
HAVE_WCSCASECMP='1'
HAVE_WCSCAT='1'
HAVE_WCSCHR='1'
HAVE_WCSCMP='1'
HAVE_WCSCOLL='1'
HAVE_WCSCPY='1'
HAVE_WCSCSPN='1'
HAVE_WCSDUP='1'
HAVE_WCSFTIME='1'
HAVE_WCSLEN='1'
HAVE_WCSNCASECMP='1'
HAVE_WCSNCAT='1'
HAVE_WCSNCMP='1'
HAVE_WCSNCPY='1'
HAVE_WCSNLEN='1'
HAVE_WCSNRTOMBS='1'
HAVE_WCSPBRK='1'
HAVE_WCSRCHR='1'
HAVE_WCSRTOMBS='1'
HAVE_WCSSPN='1'
HAVE_WCSSTR='1'
HAVE_WCSTOK='1'
HAVE_WCSWIDTH='1'
HAVE_WCSXFRM='1'
HAVE_WINT_T='1'
HAVE_WMEMCHR='1'
HAVE_WMEMCMP='1'
HAVE_WMEMCPY='1'
HAVE_WMEMMOVE='1'
HAVE_WMEMSET='1'
HOST_NEEDS_NO_UNDEFINED_FALSE=''
HOST_NEEDS_NO_UNDEFINED_TRUE='#'
INCLUDE_NEXT='include_next'
INCLUDE_NEXT_AS_FIRST_DIRECTIVE='include_next'
INSTALL_DATA='${INSTALL} -m 644'
INSTALL_PROGRAM='${INSTALL}'
INSTALL_SCRIPT='${INSTALL}'
INSTALL_STRIP_PROGRAM='$(install_sh) -c -s'
INTLLIBS=''
INTL_MACOSX_LIBS=''
LD='/usr/bin/ld -m elf_x86_64'
LDFLAGS=''
LIBICONV=''
LIBINTL=''
LIBOBJS=''
LIBS=''
LIBTOOL='$(SHELL) $(top_builddir)/libtool'
LIMITS_H='limits.h'
LIPO=''
LN_S='ln -s'
LTLIBICONV=''
LTLIBINTL=''
LTLIBOBJS=''
LT_SYS_LIBRARY_PATH=''
MAKEINFO='${SHELL} /home/carolhanna/Security_Project/gnu_dataset/texinfo-6.7/tp/Texinfo/XS/missing makeinfo'
MANIFEST_TOOL=':'
MKDIR_P='/bin/mkdir -p'
MSGFMT='/usr/bin/msgfmt'
MSGFMT_015='/usr/bin/msgfmt'
MSGMERGE='/usr/bin/msgmerge'
NEXT_AS_FIRST_DIRECTIVE_ERRNO_H=''
NEXT_AS_FIRST_DIRECTIVE_FLOAT_H=''
NEXT_AS_FIRST_DIRECTIVE_LIMITS_H='<limits.h>'
NEXT_AS_FIRST_DIRECTIVE_STDDEF_H=''
NEXT_AS_FIRST_DIRECTIVE_STDINT_H='<stdint.h>'
NEXT_AS_FIRST_DIRECTIVE_STDIO_H='<stdio.h>'
NEXT_AS_FIRST_DIRECTIVE_STRING_H='<string.h>'
NEXT_AS_FIRST_DIRECTIVE_SYS_TYPES_H='<sys/types.h>'
NEXT_AS_FIRST_DIRECTIVE_WCHAR_H='<wchar.h>'
NEXT_ERRNO_H=''
NEXT_FLOAT_H=''
NEXT_LIMITS_H='<limits.h>'
NEXT_STDDEF_H=''
NEXT_STDINT_H='<stdint.h>'
NEXT_STDIO_H='<stdio.h>'
NEXT_STRING_H='<string.h>'
NEXT_SYS_TYPES_H='<sys/types.h>'
NEXT_WCHAR_H='<wchar.h>'
NM='/usr/bin/nm -B'
NMEDIT=''
OBJDUMP='objdump'
OBJEXT='o'
OTOOL64=''
OTOOL=''
PACKAGE='texinfo'
PACKAGE_BUGREPORT=''
PACKAGE_NAME='texinfo'
PACKAGE_STRING='texinfo 0'
PACKAGE_TARNAME='texinfo'
PACKAGE_URL=''
PACKAGE_VERSION='0'
PATH_SEPARATOR=':'
PERL='/usr/bin/perl'
PERL_CONF_archlibexp='/usr/lib/x86_64-linux-gnu/perl/5.26'
PERL_CONF_cc='x86_64-linux-gnu-gcc'
PERL_CONF_cccdlflags='-fPIC'
PERL_CONF_ccdlflags='-Wl,-E'
PERL_CONF_ccflags='-D_REENTRANT -D_GNU_SOURCE -DDEBIAN -fwrapv -fno-strict-aliasing -pipe -I/usr/local/include -D_LARGEFILE_SOURCE -D_FILE_OFFSET_BITS=64'
PERL_CONF_libperl='-lperl'
PERL_CONF_optimize='-O2 -g'
PERL_CONF_privlibexp='/usr/share/perl/5.26'
PERL_EXT_CC=''
PERL_EXT_CFLAGS=''
PERL_EXT_CPPFLAGS=''
PERL_EXT_LDFLAGS=''
POSUB='po'
PRAGMA_COLUMNS=''
PRAGMA_SYSTEM_HEADER='#pragma GCC system_header'
PTRDIFF_T_SUFFIX=''
RANLIB='ranlib'
REPLACE_BTOWC='0'
REPLACE_DPRINTF='0'
REPLACE_FCLOSE='0'
REPLACE_FDOPEN='0'
REPLACE_FFLUSH='0'
REPLACE_FOPEN='0'
REPLACE_FPRINTF='0'
REPLACE_FPURGE='0'
REPLACE_FREOPEN='0'
REPLACE_FSEEK='0'
REPLACE_FSEEKO='0'
REPLACE_FTELL='0'
REPLACE_FTELLO='0'
REPLACE_GETDELIM='0'
REPLACE_GETLINE='0'
REPLACE_ITOLD='0'
REPLACE_MBRLEN='0'
REPLACE_MBRTOWC='0'
REPLACE_MBSINIT='0'
REPLACE_MBSNRTOWCS='0'
REPLACE_MBSRTOWCS='0'
REPLACE_MBSTATE_T='0'
REPLACE_MEMCHR='0'
REPLACE_MEMMEM='0'
REPLACE_NULL='0'
REPLACE_OBSTACK_PRINTF='0'
REPLACE_PERROR='0'
REPLACE_POPEN='0'
REPLACE_PRINTF='0'
REPLACE_REMOVE='0'
REPLACE_RENAME='0'
REPLACE_RENAMEAT='0'
REPLACE_SNPRINTF='0'
REPLACE_SPRINTF='0'
REPLACE_STDIO_READ_FUNCS='0'
REPLACE_STDIO_WRITE_FUNCS='0'
REPLACE_STPNCPY='0'
REPLACE_STRCASESTR='0'
REPLACE_STRCHRNUL='0'
REPLACE_STRDUP='0'
REPLACE_STRERROR='0'
REPLACE_STRERROR_R='0'
REPLACE_STRNCAT='0'
REPLACE_STRNDUP='0'
REPLACE_STRNLEN='0'
REPLACE_STRSIGNAL='0'
REPLACE_STRSTR='0'
REPLACE_STRTOK_R='0'
REPLACE_TMPFILE='0'
REPLACE_VASPRINTF='0'
REPLACE_VDPRINTF='0'
REPLACE_VFPRINTF='0'
REPLACE_VPRINTF='0'
REPLACE_VSNPRINTF='0'
REPLACE_VSPRINTF='0'
REPLACE_WCRTOMB='0'
REPLACE_WCSFTIME='0'
REPLACE_WCSNRTOMBS='0'
REPLACE_WCSRTOMBS='0'
REPLACE_WCSWIDTH='0'
REPLACE_WCTOB='0'
REPLACE_WCWIDTH='0'
SED='/bin/sed'
SET_MAKE=''
SHELL='/bin/bash'
SIG_ATOMIC_T_SUFFIX=''
SIZE_T_SUFFIX=''
STDDEF_H=''
STDINT_H=''
STRIP='strip'
UNDEFINE_STRTOK_R='0'
USE_NLS='yes'
VERSION='0'
WCHAR_T_SUFFIX=''
WINDOWS_64_BIT_OFF_T='0'
WINDOWS_STAT_INODES='0'
WINT_T_SUFFIX=''
XGETTEXT='/usr/bin/xgettext'
XGETTEXT_015='/usr/bin/xgettext'
XGETTEXT_EXTRA_OPTIONS=' --flag=asprintf:2:c-format --flag=vasprintf:2:c-format'
XSUBPP='${SHELL} /home/carolhanna/Security_Project/gnu_dataset/texinfo-6.7/tp/Texinfo/XS/missing xsubpp'
ac_ct_AR='ar'
ac_ct_CC='x86_64-linux-gnu-gcc'
ac_ct_DUMPBIN=''
am__EXEEXT_FALSE=''
am__EXEEXT_TRUE='#'
am__fastdepCC_FALSE='#'
am__fastdepCC_TRUE=''
am__include='include'
am__isrc=''
am__leading_dot='.'
am__nodep='_no'
am__quote=''
am__tar='$${TAR-tar} chof - "$$tardir"'
am__untar='$${TAR-tar} xf -'
bindir='${exec_prefix}/bin'
build='x86_64-pc-linux-gnu'
build_alias=''
build_cpu='x86_64'
build_os='linux-gnu'
build_vendor='pc'
datadir='${datarootdir}'
datarootdir='${prefix}/share'
docdir='${datarootdir}/doc/${PACKAGE_TARNAME}'
dvidir='${docdir}'
exec_prefix='${prefix}'
gl_LIBOBJS=' asnprintf.o printf-args.o printf-parse.o vasnprintf.o'
gl_LTLIBOBJS=' asnprintf.lo printf-args.lo printf-parse.lo vasnprintf.lo'
gltests_LIBOBJS=''
gltests_LTLIBOBJS=''
gltests_WITNESS='IN_TEXINFO_GNULIB_TESTS'
host='x86_64-pc-linux-gnu'
host_alias=''
host_cpu='x86_64'
host_os='linux-gnu'
host_vendor='pc'
htmldir='${docdir}'
includedir='${prefix}/include'
infodir='${datarootdir}/info'
install_sh='${SHELL} /home/carolhanna/Security_Project/gnu_dataset/texinfo-6.7/tp/Texinfo/XS/install-sh'
libdir='${exec_prefix}/lib'
libexecdir='${exec_prefix}/libexec'
localedir='${datarootdir}/locale'
localstatedir='${prefix}/var'
mandir='${datarootdir}/man'
mkdir_p='$(MKDIR_P)'
oldincludedir='/usr/include'
pdfdir='${docdir}'
prefix='/usr/local'
program_transform_name='s,x,x,'
psdir='${docdir}'
runstatedir='${localstatedir}/run'
sbindir='${exec_prefix}/sbin'
sharedstatedir='${prefix}/com'
sysconfdir='${prefix}/etc'
target_alias=''

## ----------- ##
## confdefs.h. ##
## ----------- ##

/* confdefs.h */
#define PACKAGE_NAME "texinfo"
#define PACKAGE_TARNAME "texinfo"
#define PACKAGE_VERSION "0"
#define PACKAGE_STRING "texinfo 0"
#define PACKAGE_BUGREPORT ""
#define PACKAGE_URL ""
#define PACKAGE "texinfo"
#define VERSION "0"
#define STDC_HEADERS 1
#define HAVE_SYS_TYPES_H 1
#define HAVE_SYS_STAT_H 1
#define HAVE_STDLIB_H 1
#define HAVE_STRING_H 1
#define HAVE_MEMORY_H 1
#define HAVE_STRINGS_H 1
#define HAVE_INTTYPES_H 1
#define HAVE_STDINT_H 1
#define HAVE_UNISTD_H 1
#define __EXTENSIONS__ 1
#define _ALL_SOURCE 1
#define _DARWIN_C_SOURCE 1
#define _GNU_SOURCE 1
#define _NETBSD_SOURCE 1
#define _OPENBSD_SOURCE 1
#define _POSIX_PTHREAD_SEMANTICS 1
#define __STDC_WANT_IEC_60559_ATTRIBS_EXT__ 1
#define __STDC_WANT_IEC_60559_BFP_EXT__ 1
#define __STDC_WANT_IEC_60559_DFP_EXT__ 1
#define __STDC_WANT_IEC_60559_FUNCS_EXT__ 1
#define __STDC_WANT_IEC_60559_TYPES_EXT__ 1
#define __STDC_WANT_LIB_EXT2__ 1
#define __STDC_WANT_MATH_SPEC_FUNCS__ 1
#define _TANDEM_SOURCE 1
#define _HPUX_ALT_XOPEN_SOCKET_API 1
#define ENABLE_NLS 1
#define HAVE_GETTEXT 1
#define HAVE_DCGETTEXT 1
#define HAVE_ALLOCA_H 1
#define HAVE_ALLOCA 1
#define HAVE_DECL_GETDELIM 1
#define HAVE_GETDELIM 1
#define HAVE_MPROTECT 1
#define HAVE_STRNDUP 1
#define HAVE_SNPRINTF 1
#define HAVE_DECL_GETLINE 1
#define HAVE_ICONV 1
#define ICONV_CONST 
#define HAVE_LIMITS_H 1
#define HAVE_SYS_MMAN_H 1
#define HAVE_WCHAR_H 1
#define HAVE_STDINT_H 1
#define HAVE_FEATURES_H 1
#define HAVE_MAP_ANONYMOUS 1
#define HAVE_WCHAR_T 1
#define HAVE_WINT_T 1
#define HAVE_UNSIGNED_LONG_LONG_INT 1
#define HAVE_LONG_LONG_INT 1
#define restrict __restrict
#define HAVE_DECL_STRNDUP 1
#define HAVE_DECL_STRNLEN 1
#define _USE_STD_STAT 1
#define HAVE_INTTYPES_H_WITH_UINTMAX 1
#define HAVE_STDINT_H_WITH_UINTMAX 1
#define HAVE_INTMAX_T 1
#define DBL_EXPBIT0_WORD 1
#define DBL_EXPBIT0_BIT 20
#define HAVE_SNPRINTF 1
#define HAVE_STRNLEN 1
#define HAVE_WCSLEN 1
#define HAVE_WCSNLEN 1
#define HAVE_MBRTOWC 1
#define HAVE_WCRTOMB 1
#define HAVE_DECL__SNPRINTF 0
#define HAVE_SNPRINTF_RETVAL_C99 1
#define HAVE_ALLOCA 1
#define GNULIB_TEST_GETDELIM 1
#define GNULIB_TEST_GETLINE 1
#define GNULIB_TEST_MEMCHR 1
#define HAVE_RAWMEMCHR 1
#define GNULIB_TEST_RAWMEMCHR 1
#define HAVE_STDINT_H 1
#define __USE_MINGW_ANSI_STDIO 1
#define GNULIB_FSCANF 1
#define GNULIB_SCANF 1
#define HAVE_STRCHRNUL 1
#define GNULIB_TEST_STRCHRNUL 1
#define GNULIB_TEST_STRNDUP 1
#define GNULIB_TEST_STRNLEN 1
#define HAVE_VASPRINTF 1
#define GNULIB_TEST_VASPRINTF 1
#define HAVE_STDINT_H 1
#define HAVE_DLFCN_H 1
#define LT_OBJDIR ".libs/"

configure: exit 0
