This file contains any messages produced by compilers while
running configure, to aid debugging if configure makes a mistake.

It was created by MARST configure 2.7, which was
generated by GNU Autoconf 2.69.  Invocation command line was

  $ ./configure 

## --------- ##
## Platform. ##
## --------- ##

hostname = rishon
uname -m = x86_64
uname -r = 4.15.0-72-generic
uname -s = Linux
uname -v = #81-Ubuntu SMP Tue Nov 26 12:20:02 UTC 2019

/usr/bin/uname -p = unknown
/bin/uname -X     = unknown

/bin/arch              = unknown
/usr/bin/arch -k       = unknown
/usr/convex/getsysinfo = unknown
/usr/bin/hostinfo      = unknown
/bin/machine           = unknown
/usr/bin/oslevel       = unknown
/bin/universe          = unknown

PATH: /home/carolhanna/miniconda3/bin
PATH: /home/carolhanna/miniconda3/condabin
PATH: /usr/local/sbin
PATH: /usr/local/bin
PATH: /usr/sbin
PATH: /usr/bin
PATH: /sbin
PATH: /bin
PATH: /usr/games
PATH: /usr/local/games
PATH: /snap/bin


## ----------- ##
## Core tests. ##
## ----------- ##

configure:2154: checking for a BSD-compatible install
configure:2222: result: /usr/bin/install -c
configure:2233: checking whether build environment is sane
configure:2288: result: yes
configure:2439: checking for a thread-safe mkdir -p
configure:2478: result: /bin/mkdir -p
configure:2485: checking for gawk
configure:2501: found /usr/bin/gawk
configure:2512: result: gawk
configure:2523: checking whether make sets $(MAKE)
configure:2545: result: yes
configure:2680: checking for gcc
configure:2696: found /usr/bin/gcc
configure:2707: result: gcc
configure:2936: checking for C compiler version
configure:2945: gcc --version >&5
gcc (Ubuntu 7.5.0-3ubuntu1~18.04) 7.5.0
Copyright (C) 2017 Free Software Foundation, Inc.
This is free software; see the source for copying conditions.  There is NO
warranty; not even for MERCHANTABILITY or FITNESS FOR A PARTICULAR PURPOSE.

configure:2956: $? = 0
configure:2945: gcc -v >&5
Using built-in specs.
COLLECT_GCC=gcc
COLLECT_LTO_WRAPPER=/usr/lib/gcc/x86_64-linux-gnu/7/lto-wrapper
OFFLOAD_TARGET_NAMES=nvptx-none
OFFLOAD_TARGET_DEFAULT=1
Target: x86_64-linux-gnu
Configured with: ../src/configure -v --with-pkgversion='Ubuntu 7.5.0-3ubuntu1~18.04' --with-bugurl=file:///usr/share/doc/gcc-7/README.Bugs --enable-languages=c,ada,c++,go,brig,d,fortran,objc,obj-c++ --prefix=/usr --with-gcc-major-version-only --program-suffix=-7 --program-prefix=x86_64-linux-gnu- --enable-shared --enable-linker-build-id --libexecdir=/usr/lib --without-included-gettext --enable-threads=posix --libdir=/usr/lib --enable-nls --enable-bootstrap --enable-clocale=gnu --enable-libstdcxx-debug --enable-libstdcxx-time=yes --with-default-libstdcxx-abi=new --enable-gnu-unique-object --disable-vtable-verify --enable-libmpx --enable-plugin --enable-default-pie --with-system-zlib --with-target-system-zlib --enable-objc-gc=auto --enable-multiarch --disable-werror --with-arch-32=i686 --with-abi=m64 --with-multilib-list=m32,m64,mx32 --enable-multilib --with-tune=generic --enable-offload-targets=nvptx-none --without-cuda-driver --enable-checking=release --build=x86_64-linux-gnu --host=x86_64-linux-gnu --target=x86_64-linux-gnu
Thread model: posix
gcc version 7.5.0 (Ubuntu 7.5.0-3ubuntu1~18.04) 
configure:2956: $? = 0
configure:2945: gcc -V >&5
gcc: error: unrecognized command line option '-V'
gcc: fatal error: no input files
compilation terminated.
configure:2956: $? = 1
configure:2945: gcc -qversion >&5
gcc: error: unrecognized command line option '-qversion'; did you mean '--version'?
gcc: fatal error: no input files
compilation terminated.
configure:2956: $? = 1
configure:2976: checking whether the C compiler works
configure:2998: gcc    conftest.c  >&5
configure:3002: $? = 0
configure:3050: result: yes
configure:3053: checking for C compiler default output file name
configure:3055: result: a.out
configure:3061: checking for suffix of executables
configure:3068: gcc -o conftest    conftest.c  >&5
configure:3072: $? = 0
configure:3094: result: 
configure:3116: checking whether we are cross compiling
configure:3124: gcc -o conftest    conftest.c  >&5
configure:3128: $? = 0
configure:3135: ./conftest
configure:3139: $? = 0
configure:3154: result: no
configure:3159: checking for suffix of object files
configure:3181: gcc -c   conftest.c >&5
configure:3185: $? = 0
configure:3206: result: o
configure:3210: checking whether we are using the GNU C compiler
configure:3229: gcc -c   conftest.c >&5
configure:3229: $? = 0
configure:3238: result: yes
configure:3247: checking whether gcc accepts -g
configure:3267: gcc -c -g  conftest.c >&5
configure:3267: $? = 0
configure:3308: result: yes
configure:3325: checking for gcc option to accept ISO C89
configure:3388: gcc  -c -g -O2  conftest.c >&5
configure:3388: $? = 0
configure:3401: result: none needed
configure:3432: checking for style of include used by make
configure:3460: result: GNU
configure:3486: checking dependency style of gcc
configure:3597: result: gcc3
configure:3642: checking build system type
configure:3656: result: x86_64-unknown-linux-gnu
configure:3676: checking host system type
configure:3689: result: x86_64-unknown-linux-gnu
configure:3730: checking how to print strings
configure:3757: result: printf
configure:3778: checking for a sed that does not truncate output
configure:3842: result: /bin/sed
configure:3860: checking for grep that handles long lines and -e
configure:3918: result: /bin/grep
configure:3923: checking for egrep
configure:3985: result: /bin/grep -E
configure:3990: checking for fgrep
configure:4052: result: /bin/grep -F
configure:4087: checking for ld used by gcc
configure:4154: result: /usr/bin/ld
configure:4161: checking if the linker (/usr/bin/ld) is GNU ld
configure:4176: result: yes
configure:4188: checking for BSD- or MS-compatible name lister (nm)
configure:4237: result: /usr/bin/nm -B
configure:4367: checking the name lister (/usr/bin/nm -B) interface
configure:4374: gcc -c -g -O2  conftest.c >&5
configure:4377: /usr/bin/nm -B "conftest.o"
configure:4380: output
0000000000000000 B some_variable
configure:4387: result: BSD nm
configure:4390: checking whether ln -s works
configure:4394: result: yes
configure:4402: checking the maximum length of command line arguments
configure:4527: result: 1572864
configure:4544: checking whether the shell understands some XSI constructs
configure:4554: result: yes
configure:4558: checking whether the shell understands "+="
configure:4564: result: yes
configure:4599: checking how to convert x86_64-unknown-linux-gnu file names to x86_64-unknown-linux-gnu format
configure:4639: result: func_convert_file_noop
configure:4646: checking how to convert x86_64-unknown-linux-gnu file names to toolchain format
configure:4666: result: func_convert_file_noop
configure:4673: checking for /usr/bin/ld option to reload object files
configure:4680: result: -r
configure:4754: checking for objdump
configure:4770: found /usr/bin/objdump
configure:4781: result: objdump
configure:4813: checking how to recognize dependent libraries
configure:5015: result: pass_all
configure:5100: checking for dlltool
configure:5130: result: no
configure:5160: checking how to associate runtime and link libraries
configure:5187: result: printf %s\n
configure:5248: checking for ar
configure:5264: found /usr/bin/ar
configure:5275: result: ar
configure:5312: checking for archiver @FILE support
configure:5329: gcc -c -g -O2  conftest.c >&5
configure:5329: $? = 0
configure:5332: ar cru libconftest.a @conftest.lst >&5
ar: `u' modifier ignored since `D' is the default (see `U')
configure:5335: $? = 0
configure:5340: ar cru libconftest.a @conftest.lst >&5
ar: `u' modifier ignored since `D' is the default (see `U')
ar: conftest.o: No such file or directory
configure:5343: $? = 1
configure:5355: result: @
configure:5413: checking for strip
configure:5429: found /usr/bin/strip
configure:5440: result: strip
configure:5512: checking for ranlib
configure:5528: found /usr/bin/ranlib
configure:5539: result: ranlib
configure:5641: checking command to parse /usr/bin/nm -B output from gcc object
configure:5760: gcc -c -g -O2  conftest.c >&5
configure:5763: $? = 0
configure:5767: /usr/bin/nm -B conftest.o \| sed -n -e 's/^.*[ ]\([ABCDGIRSTW][ABCDGIRSTW]*\)[ ][ ]*\([_A-Za-z][_A-Za-z0-9]*\)$/\1 \2 \2/p' | sed '/ __gnu_lto/d' \> conftest.nm
configure:5770: $? = 0
configure:5836: gcc -o conftest -g -O2   conftest.c conftstm.o >&5
configure:5839: $? = 0
configure:5877: result: ok
configure:5914: checking for sysroot
configure:5944: result: no
configure:6021: gcc -c -g -O2  conftest.c >&5
configure:6024: $? = 0
configure:6187: checking for mt
configure:6203: found /bin/mt
configure:6214: result: mt
configure:6237: checking if mt is a manifest tool
configure:6243: mt '-?'
configure:6251: result: no
configure:6883: checking how to run the C preprocessor
configure:6914: gcc -E  conftest.c
configure:6914: $? = 0
configure:6928: gcc -E  conftest.c
conftest.c:11:10: fatal error: ac_nonexistent.h: No such file or directory
 #include <ac_nonexistent.h>
          ^~~~~~~~~~~~~~~~~~
compilation terminated.
configure:6928: $? = 1
configure: failed program was:
| /* confdefs.h */
| #define PACKAGE_NAME "MARST"
| #define PACKAGE_TARNAME "marst"
| #define PACKAGE_VERSION "2.7"
| #define PACKAGE_STRING "MARST 2.7"
| #define PACKAGE_BUGREPORT "bug-marst@gnu.org"
| #define PACKAGE_URL ""
| #define PACKAGE "marst"
| #define VERSION "2.7"
| /* end confdefs.h.  */
| #include <ac_nonexistent.h>
configure:6953: result: gcc -E
configure:6973: gcc -E  conftest.c
configure:6973: $? = 0
configure:6987: gcc -E  conftest.c
conftest.c:11:10: fatal error: ac_nonexistent.h: No such file or directory
 #include <ac_nonexistent.h>
          ^~~~~~~~~~~~~~~~~~
compilation terminated.
configure:6987: $? = 1
configure: failed program was:
| /* confdefs.h */
| #define PACKAGE_NAME "MARST"
| #define PACKAGE_TARNAME "marst"
| #define PACKAGE_VERSION "2.7"
| #define PACKAGE_STRING "MARST 2.7"
| #define PACKAGE_BUGREPORT "bug-marst@gnu.org"
| #define PACKAGE_URL ""
| #define PACKAGE "marst"
| #define VERSION "2.7"
| /* end confdefs.h.  */
| #include <ac_nonexistent.h>
configure:7016: checking for ANSI C header files
configure:7036: gcc -c -g -O2  conftest.c >&5
configure:7036: $? = 0
configure:7109: gcc -o conftest -g -O2   conftest.c  >&5
configure:7109: $? = 0
configure:7109: ./conftest
configure:7109: $? = 0
configure:7120: result: yes
configure:7133: checking for sys/types.h
configure:7133: gcc -c -g -O2  conftest.c >&5
configure:7133: $? = 0
configure:7133: result: yes
configure:7133: checking for sys/stat.h
configure:7133: gcc -c -g -O2  conftest.c >&5
configure:7133: $? = 0
configure:7133: result: yes
configure:7133: checking for stdlib.h
configure:7133: gcc -c -g -O2  conftest.c >&5
configure:7133: $? = 0
configure:7133: result: yes
configure:7133: checking for string.h
configure:7133: gcc -c -g -O2  conftest.c >&5
configure:7133: $? = 0
configure:7133: result: yes
configure:7133: checking for memory.h
configure:7133: gcc -c -g -O2  conftest.c >&5
configure:7133: $? = 0
configure:7133: result: yes
configure:7133: checking for strings.h
configure:7133: gcc -c -g -O2  conftest.c >&5
configure:7133: $? = 0
configure:7133: result: yes
configure:7133: checking for inttypes.h
configure:7133: gcc -c -g -O2  conftest.c >&5
configure:7133: $? = 0
configure:7133: result: yes
configure:7133: checking for stdint.h
configure:7133: gcc -c -g -O2  conftest.c >&5
configure:7133: $? = 0
configure:7133: result: yes
configure:7133: checking for unistd.h
configure:7133: gcc -c -g -O2  conftest.c >&5
configure:7133: $? = 0
configure:7133: result: yes
configure:7147: checking for dlfcn.h
configure:7147: gcc -c -g -O2  conftest.c >&5
configure:7147: $? = 0
configure:7147: result: yes
configure:7334: checking for objdir
configure:7349: result: .libs
configure:7620: checking if gcc supports -fno-rtti -fno-exceptions
configure:7638: gcc -c -g -O2  -fno-rtti -fno-exceptions conftest.c >&5
cc1: warning: command line option '-fno-rtti' is valid for C++/ObjC++ but not for C
configure:7642: $? = 0
configure:7655: result: no
configure:7965: checking for gcc option to produce PIC
configure:7972: result: -fPIC -DPIC
configure:7980: checking if gcc PIC flag -fPIC -DPIC works
configure:7998: gcc -c -g -O2  -fPIC -DPIC -DPIC conftest.c >&5
configure:8002: $? = 0
configure:8015: result: yes
configure:8044: checking if gcc static flag -static works
configure:8072: result: yes
configure:8087: checking if gcc supports -c -o file.o
configure:8108: gcc -c -g -O2  -o out/conftest2.o conftest.c >&5
configure:8112: $? = 0
configure:8134: result: yes
configure:8142: checking if gcc supports -c -o file.o
configure:8189: result: yes
configure:8222: checking whether the gcc linker (/usr/bin/ld -m elf_x86_64) supports shared libraries
configure:9380: result: yes
configure:9417: checking whether -lc should be explicitly linked in
configure:9425: gcc -c -g -O2  conftest.c >&5
configure:9428: $? = 0
configure:9443: gcc -shared  -fPIC -DPIC conftest.o  -v -Wl,-soname -Wl,conftest -o conftest 2\>\&1 \| /bin/grep  -lc  \>/dev/null 2\>\&1
configure:9446: $? = 0
configure:9460: result: no
configure:9625: checking dynamic linker characteristics
configure:10139: gcc -o conftest -g -O2   -Wl,-rpath -Wl,/foo conftest.c  >&5
configure:10139: $? = 0
configure:10361: result: GNU/Linux ld.so
configure:10468: checking how to hardcode library paths into programs
configure:10493: result: immediate
configure:11033: checking whether stripping libraries is possible
configure:11038: result: yes
configure:11073: checking if libtool supports shared libraries
configure:11075: result: yes
configure:11078: checking whether to build shared libraries
configure:11099: result: yes
configure:11102: checking whether to build static libraries
configure:11106: result: yes
configure:11142: checking for sqrt in -lm
configure:11167: gcc -o conftest -g -O2   conftest.c -lm   >&5
conftest.c:30:6: warning: conflicting types for built-in function 'sqrt' [-Wbuiltin-declaration-mismatch]
 char sqrt ();
      ^~~~
configure:11167: $? = 0
configure:11176: result: yes
configure:11339: checking that generated files are newer than configure
configure:11345: result: done
configure:11368: creating ./config.status

## ---------------------- ##
## Running config.status. ##
## ---------------------- ##

This file was extended by MARST config.status 2.7, which was
generated by GNU Autoconf 2.69.  Invocation command line was

  CONFIG_FILES    = 
  CONFIG_HEADERS  = 
  CONFIG_LINKS    = 
  CONFIG_COMMANDS = 
  $ ./config.status 

on rishon

config.status:999: creating Makefile
config.status:1171: executing depfiles commands
config.status:1171: executing libtool commands

## ---------------- ##
## Cache variables. ##
## ---------------- ##

ac_cv_build=x86_64-unknown-linux-gnu
ac_cv_c_compiler_gnu=yes
ac_cv_env_CC_set=
ac_cv_env_CC_value=
ac_cv_env_CFLAGS_set=
ac_cv_env_CFLAGS_value=
ac_cv_env_CPPFLAGS_set=
ac_cv_env_CPPFLAGS_value=
ac_cv_env_CPP_set=
ac_cv_env_CPP_value=
ac_cv_env_LDFLAGS_set=
ac_cv_env_LDFLAGS_value=
ac_cv_env_LIBS_set=
ac_cv_env_LIBS_value=
ac_cv_env_build_alias_set=
ac_cv_env_build_alias_value=
ac_cv_env_host_alias_set=
ac_cv_env_host_alias_value=
ac_cv_env_target_alias_set=
ac_cv_env_target_alias_value=
ac_cv_header_dlfcn_h=yes
ac_cv_header_inttypes_h=yes
ac_cv_header_memory_h=yes
ac_cv_header_stdc=yes
ac_cv_header_stdint_h=yes
ac_cv_header_stdlib_h=yes
ac_cv_header_string_h=yes
ac_cv_header_strings_h=yes
ac_cv_header_sys_stat_h=yes
ac_cv_header_sys_types_h=yes
ac_cv_header_unistd_h=yes
ac_cv_host=x86_64-unknown-linux-gnu
ac_cv_lib_m_sqrt=yes
ac_cv_objext=o
ac_cv_path_EGREP='/bin/grep -E'
ac_cv_path_FGREP='/bin/grep -F'
ac_cv_path_GREP=/bin/grep
ac_cv_path_SED=/bin/sed
ac_cv_path_install='/usr/bin/install -c'
ac_cv_path_mkdir=/bin/mkdir
ac_cv_prog_AWK=gawk
ac_cv_prog_CPP='gcc -E'
ac_cv_prog_ac_ct_AR=ar
ac_cv_prog_ac_ct_CC=gcc
ac_cv_prog_ac_ct_MANIFEST_TOOL=mt
ac_cv_prog_ac_ct_OBJDUMP=objdump
ac_cv_prog_ac_ct_RANLIB=ranlib
ac_cv_prog_ac_ct_STRIP=strip
ac_cv_prog_cc_c89=
ac_cv_prog_cc_g=yes
ac_cv_prog_make_make_set=yes
am_cv_CC_dependencies_compiler_type=gcc3
lt_cv_ar_at_file=@
lt_cv_archive_cmds_need_lc=no
lt_cv_deplibs_check_method=pass_all
lt_cv_file_magic_cmd='$MAGIC_CMD'
lt_cv_file_magic_test_file=
lt_cv_ld_reload_flag=-r
lt_cv_nm_interface='BSD nm'
lt_cv_objdir=.libs
lt_cv_path_LD=/usr/bin/ld
lt_cv_path_NM='/usr/bin/nm -B'
lt_cv_path_mainfest_tool=no
lt_cv_prog_compiler_c_o=yes
lt_cv_prog_compiler_pic='-fPIC -DPIC'
lt_cv_prog_compiler_pic_works=yes
lt_cv_prog_compiler_rtti_exceptions=no
lt_cv_prog_compiler_static_works=yes
lt_cv_prog_gnu_ld=yes
lt_cv_sharedlib_from_linklib_cmd='printf %s\n'
lt_cv_shlibpath_overrides_runpath=yes
lt_cv_sys_global_symbol_pipe='sed -n -e '\''s/^.*[	 ]\([ABCDGIRSTW][ABCDGIRSTW]*\)[	 ][	 ]*\([_A-Za-z][_A-Za-z0-9]*\)$/\1 \2 \2/p'\'' | sed '\''/ __gnu_lto/d'\'''
lt_cv_sys_global_symbol_to_c_name_address='sed -n -e '\''s/^: \([^ ]*\)[ ]*$/  {\"\1\", (void *) 0},/p'\'' -e '\''s/^[ABCDGIRSTW]* \([^ ]*\) \([^ ]*\)$/  {"\2", (void *) \&\2},/p'\'''
lt_cv_sys_global_symbol_to_c_name_address_lib_prefix='sed -n -e '\''s/^: \([^ ]*\)[ ]*$/  {\"\1\", (void *) 0},/p'\'' -e '\''s/^[ABCDGIRSTW]* \([^ ]*\) \(lib[^ ]*\)$/  {"\2", (void *) \&\2},/p'\'' -e '\''s/^[ABCDGIRSTW]* \([^ ]*\) \([^ ]*\)$/  {"lib\2", (void *) \&\2},/p'\'''
lt_cv_sys_global_symbol_to_cdecl='sed -n -e '\''s/^T .* \(.*\)$/extern int \1();/p'\'' -e '\''s/^[ABCDGIRSTW]* .* \(.*\)$/extern char \1;/p'\'''
lt_cv_sys_max_cmd_len=1572864
lt_cv_to_host_file_cmd=func_convert_file_noop
lt_cv_to_tool_file_cmd=func_convert_file_noop

## ----------------- ##
## Output variables. ##
## ----------------- ##

ACLOCAL='${SHELL} /home/carolhanna/Security_Project/gnu_dataset/marst-2.7/missing --run aclocal-1.12'
AMDEPBACKSLASH='\'
AMDEP_FALSE='#'
AMDEP_TRUE=''
AMTAR='$${TAR-tar}'
AR='ar'
AUTOCONF='${SHELL} /home/carolhanna/Security_Project/gnu_dataset/marst-2.7/missing --run autoconf'
AUTOHEADER='${SHELL} /home/carolhanna/Security_Project/gnu_dataset/marst-2.7/missing --run autoheader'
AUTOMAKE='${SHELL} /home/carolhanna/Security_Project/gnu_dataset/marst-2.7/missing --run automake-1.12'
AWK='gawk'
CC='gcc'
CCDEPMODE='depmode=gcc3'
CFLAGS='-g -O2'
CPP='gcc -E'
CPPFLAGS=''
CYGPATH_W='echo'
DEFS='-DPACKAGE_NAME=\"MARST\" -DPACKAGE_TARNAME=\"marst\" -DPACKAGE_VERSION=\"2.7\" -DPACKAGE_STRING=\"MARST\ 2.7\" -DPACKAGE_BUGREPORT=\"bug-marst@gnu.org\" -DPACKAGE_URL=\"\" -DPACKAGE=\"marst\" -DVERSION=\"2.7\" -DSTDC_HEADERS=1 -DHAVE_SYS_TYPES_H=1 -DHAVE_SYS_STAT_H=1 -DHAVE_STDLIB_H=1 -DHAVE_STRING_H=1 -DHAVE_MEMORY_H=1 -DHAVE_STRINGS_H=1 -DHAVE_INTTYPES_H=1 -DHAVE_STDINT_H=1 -DHAVE_UNISTD_H=1 -DHAVE_DLFCN_H=1 -DLT_OBJDIR=\".libs/\" -DHAVE_LIBM=1'
DEPDIR='.deps'
DLLTOOL='false'
DSYMUTIL=''
DUMPBIN=''
ECHO_C=''
ECHO_N='-n'
ECHO_T=''
EGREP='/bin/grep -E'
EXEEXT=''
FGREP='/bin/grep -F'
GREP='/bin/grep'
INSTALL_DATA='${INSTALL} -m 644'
INSTALL_PROGRAM='${INSTALL}'
INSTALL_SCRIPT='${INSTALL}'
INSTALL_STRIP_PROGRAM='$(install_sh) -c -s'
LD='/usr/bin/ld -m elf_x86_64'
LDFLAGS=''
LIBOBJS=''
LIBS='-lm '
LIBTOOL='$(SHELL) $(top_builddir)/libtool'
LIPO=''
LN_S='ln -s'
LTLIBOBJS=''
MAKEINFO='${SHELL} /home/carolhanna/Security_Project/gnu_dataset/marst-2.7/missing --run makeinfo'
MANIFEST_TOOL=':'
MKDIR_P='/bin/mkdir -p'
NM='/usr/bin/nm -B'
NMEDIT=''
OBJDUMP='objdump'
OBJEXT='o'
OTOOL64=''
OTOOL=''
PACKAGE='marst'
PACKAGE_BUGREPORT='bug-marst@gnu.org'
PACKAGE_NAME='MARST'
PACKAGE_STRING='MARST 2.7'
PACKAGE_TARNAME='marst'
PACKAGE_URL=''
PACKAGE_VERSION='2.7'
PATH_SEPARATOR=':'
RANLIB='ranlib'
SED='/bin/sed'
SET_MAKE=''
SHELL='/bin/bash'
STRIP='strip'
VERSION='2.7'
ac_ct_AR='ar'
ac_ct_CC='gcc'
ac_ct_DUMPBIN=''
am__EXEEXT_FALSE=''
am__EXEEXT_TRUE='#'
am__fastdepCC_FALSE='#'
am__fastdepCC_TRUE=''
am__include='include'
am__isrc=''
am__leading_dot='.'
am__nodep='_no'
am__quote=''
am__tar='$${TAR-tar} chof - "$$tardir"'
am__untar='$${TAR-tar} xf -'
bindir='${exec_prefix}/bin'
build='x86_64-unknown-linux-gnu'
build_alias=''
build_cpu='x86_64'
build_os='linux-gnu'
build_vendor='unknown'
datadir='${datarootdir}'
datarootdir='${prefix}/share'
docdir='${datarootdir}/doc/${PACKAGE_TARNAME}'
dvidir='${docdir}'
exec_prefix='${prefix}'
host='x86_64-unknown-linux-gnu'
host_alias=''
host_cpu='x86_64'
host_os='linux-gnu'
host_vendor='unknown'
htmldir='${docdir}'
includedir='${prefix}/include'
infodir='${datarootdir}/info'
install_sh='${SHELL} /home/carolhanna/Security_Project/gnu_dataset/marst-2.7/install-sh'
libdir='${exec_prefix}/lib'
libexecdir='${exec_prefix}/libexec'
localedir='${datarootdir}/locale'
localstatedir='${prefix}/var'
mandir='${datarootdir}/man'
mkdir_p='$(MKDIR_P)'
oldincludedir='/usr/include'
pdfdir='${docdir}'
prefix='/usr/local'
program_transform_name='s,x,x,'
psdir='${docdir}'
sbindir='${exec_prefix}/sbin'
sharedstatedir='${prefix}/com'
sysconfdir='${prefix}/etc'
target_alias=''

## ----------- ##
## confdefs.h. ##
## ----------- ##

/* confdefs.h */
#define PACKAGE_NAME "MARST"
#define PACKAGE_TARNAME "marst"
#define PACKAGE_VERSION "2.7"
#define PACKAGE_STRING "MARST 2.7"
#define PACKAGE_BUGREPORT "bug-marst@gnu.org"
#define PACKAGE_URL ""
#define PACKAGE "marst"
#define VERSION "2.7"
#define STDC_HEADERS 1
#define HAVE_SYS_TYPES_H 1
#define HAVE_SYS_STAT_H 1
#define HAVE_STDLIB_H 1
#define HAVE_STRING_H 1
#define HAVE_MEMORY_H 1
#define HAVE_STRINGS_H 1
#define HAVE_INTTYPES_H 1
#define HAVE_STDINT_H 1
#define HAVE_UNISTD_H 1
#define HAVE_DLFCN_H 1
#define LT_OBJDIR ".libs/"
#define HAVE_LIBM 1

configure: exit 0
