This file contains any messages produced by compilers while
running configure, to aid debugging if configure makes a mistake.

It was created by GNU Enscript configure 1.6.6, which was
generated by GNU Autoconf 2.69.  Invocation command line was

  $ ./configure 

## --------- ##
## Platform. ##
## --------- ##

hostname = rishon
uname -m = x86_64
uname -r = 4.15.0-72-generic
uname -s = Linux
uname -v = #81-Ubuntu SMP Tue Nov 26 12:20:02 UTC 2019

/usr/bin/uname -p = unknown
/bin/uname -X     = unknown

/bin/arch              = unknown
/usr/bin/arch -k       = unknown
/usr/convex/getsysinfo = unknown
/usr/bin/hostinfo      = unknown
/bin/machine           = unknown
/usr/bin/oslevel       = unknown
/bin/universe          = unknown

PATH: /home/carolhanna/miniconda3/bin
PATH: /home/carolhanna/miniconda3/condabin
PATH: /usr/local/sbin
PATH: /usr/local/bin
PATH: /usr/sbin
PATH: /usr/bin
PATH: /sbin
PATH: /bin
PATH: /usr/games
PATH: /usr/local/games
PATH: /snap/bin


## ----------- ##
## Core tests. ##
## ----------- ##

configure:2541: checking for a BSD-compatible install
configure:2609: result: /usr/bin/install -c
configure:2620: checking whether build environment is sane
configure:2670: result: yes
configure:2811: checking for a thread-safe mkdir -p
configure:2850: result: /bin/mkdir -p
configure:2863: checking for gawk
configure:2879: found /usr/bin/gawk
configure:2890: result: gawk
configure:2901: checking whether make sets $(MAKE)
configure:2923: result: yes
configure:3054: checking for gcc
configure:3070: found /usr/bin/gcc
configure:3081: result: gcc
configure:3310: checking for C compiler version
configure:3319: gcc --version >&5
gcc (Ubuntu 7.5.0-3ubuntu1~18.04) 7.5.0
Copyright (C) 2017 Free Software Foundation, Inc.
This is free software; see the source for copying conditions.  There is NO
warranty; not even for MERCHANTABILITY or FITNESS FOR A PARTICULAR PURPOSE.

configure:3330: $? = 0
configure:3319: gcc -v >&5
Using built-in specs.
COLLECT_GCC=gcc
COLLECT_LTO_WRAPPER=/usr/lib/gcc/x86_64-linux-gnu/7/lto-wrapper
OFFLOAD_TARGET_NAMES=nvptx-none
OFFLOAD_TARGET_DEFAULT=1
Target: x86_64-linux-gnu
Configured with: ../src/configure -v --with-pkgversion='Ubuntu 7.5.0-3ubuntu1~18.04' --with-bugurl=file:///usr/share/doc/gcc-7/README.Bugs --enable-languages=c,ada,c++,go,brig,d,fortran,objc,obj-c++ --prefix=/usr --with-gcc-major-version-only --program-suffix=-7 --program-prefix=x86_64-linux-gnu- --enable-shared --enable-linker-build-id --libexecdir=/usr/lib --without-included-gettext --enable-threads=posix --libdir=/usr/lib --enable-nls --enable-bootstrap --enable-clocale=gnu --enable-libstdcxx-debug --enable-libstdcxx-time=yes --with-default-libstdcxx-abi=new --enable-gnu-unique-object --disable-vtable-verify --enable-libmpx --enable-plugin --enable-default-pie --with-system-zlib --with-target-system-zlib --enable-objc-gc=auto --enable-multiarch --disable-werror --with-arch-32=i686 --with-abi=m64 --with-multilib-list=m32,m64,mx32 --enable-multilib --with-tune=generic --enable-offload-targets=nvptx-none --without-cuda-driver --enable-checking=release --build=x86_64-linux-gnu --host=x86_64-linux-gnu --target=x86_64-linux-gnu
Thread model: posix
gcc version 7.5.0 (Ubuntu 7.5.0-3ubuntu1~18.04) 
configure:3330: $? = 0
configure:3319: gcc -V >&5
gcc: error: unrecognized command line option '-V'
gcc: fatal error: no input files
compilation terminated.
configure:3330: $? = 1
configure:3319: gcc -qversion >&5
gcc: error: unrecognized command line option '-qversion'; did you mean '--version'?
gcc: fatal error: no input files
compilation terminated.
configure:3330: $? = 1
configure:3350: checking whether the C compiler works
configure:3372: gcc    conftest.c  >&5
configure:3376: $? = 0
configure:3424: result: yes
configure:3427: checking for C compiler default output file name
configure:3429: result: a.out
configure:3435: checking for suffix of executables
configure:3442: gcc -o conftest    conftest.c  >&5
configure:3446: $? = 0
configure:3468: result: 
configure:3490: checking whether we are cross compiling
configure:3498: gcc -o conftest    conftest.c  >&5
configure:3502: $? = 0
configure:3509: ./conftest
configure:3513: $? = 0
configure:3528: result: no
configure:3533: checking for suffix of object files
configure:3555: gcc -c   conftest.c >&5
configure:3559: $? = 0
configure:3580: result: o
configure:3584: checking whether we are using the GNU C compiler
configure:3603: gcc -c   conftest.c >&5
configure:3603: $? = 0
configure:3612: result: yes
configure:3621: checking whether gcc accepts -g
configure:3641: gcc -c -g  conftest.c >&5
configure:3641: $? = 0
configure:3682: result: yes
configure:3699: checking for gcc option to accept ISO C89
configure:3762: gcc  -c -g -O2  conftest.c >&5
configure:3762: $? = 0
configure:3775: result: none needed
configure:3806: checking for style of include used by make
configure:3834: result: GNU
configure:3860: checking dependency style of gcc
configure:3971: result: gcc3
configure:3993: checking how to run the C preprocessor
configure:4024: gcc -E  conftest.c
configure:4024: $? = 0
configure:4038: gcc -E  conftest.c
conftest.c:11:10: fatal error: ac_nonexistent.h: No such file or directory
 #include <ac_nonexistent.h>
          ^~~~~~~~~~~~~~~~~~
compilation terminated.
configure:4038: $? = 1
configure: failed program was:
| /* confdefs.h */
| #define PACKAGE_NAME "GNU Enscript"
| #define PACKAGE_TARNAME "enscript"
| #define PACKAGE_VERSION "1.6.6"
| #define PACKAGE_STRING "GNU Enscript 1.6.6"
| #define PACKAGE_BUGREPORT "bug-enscript@gnu.org"
| #define PACKAGE_URL "http://www.gnu.org/software/enscript/"
| #define PACKAGE "enscript"
| #define VERSION "1.6.6"
| /* end confdefs.h.  */
| #include <ac_nonexistent.h>
configure:4063: result: gcc -E
configure:4083: gcc -E  conftest.c
configure:4083: $? = 0
configure:4097: gcc -E  conftest.c
conftest.c:11:10: fatal error: ac_nonexistent.h: No such file or directory
 #include <ac_nonexistent.h>
          ^~~~~~~~~~~~~~~~~~
compilation terminated.
configure:4097: $? = 1
configure: failed program was:
| /* confdefs.h */
| #define PACKAGE_NAME "GNU Enscript"
| #define PACKAGE_TARNAME "enscript"
| #define PACKAGE_VERSION "1.6.6"
| #define PACKAGE_STRING "GNU Enscript 1.6.6"
| #define PACKAGE_BUGREPORT "bug-enscript@gnu.org"
| #define PACKAGE_URL "http://www.gnu.org/software/enscript/"
| #define PACKAGE "enscript"
| #define VERSION "1.6.6"
| /* end confdefs.h.  */
| #include <ac_nonexistent.h>
configure:4126: checking for grep that handles long lines and -e
configure:4184: result: /bin/grep
configure:4189: checking for egrep
configure:4251: result: /bin/grep -E
configure:4256: checking for ANSI C header files
configure:4276: gcc -c -g -O2  conftest.c >&5
configure:4276: $? = 0
configure:4349: gcc -o conftest -g -O2   conftest.c  >&5
configure:4349: $? = 0
configure:4349: ./conftest
configure:4349: $? = 0
configure:4360: result: yes
configure:4373: checking for sys/types.h
configure:4373: gcc -c -g -O2  conftest.c >&5
configure:4373: $? = 0
configure:4373: result: yes
configure:4373: checking for sys/stat.h
configure:4373: gcc -c -g -O2  conftest.c >&5
configure:4373: $? = 0
configure:4373: result: yes
configure:4373: checking for stdlib.h
configure:4373: gcc -c -g -O2  conftest.c >&5
configure:4373: $? = 0
configure:4373: result: yes
configure:4373: checking for string.h
configure:4373: gcc -c -g -O2  conftest.c >&5
configure:4373: $? = 0
configure:4373: result: yes
configure:4373: checking for memory.h
configure:4373: gcc -c -g -O2  conftest.c >&5
configure:4373: $? = 0
configure:4373: result: yes
configure:4373: checking for strings.h
configure:4373: gcc -c -g -O2  conftest.c >&5
configure:4373: $? = 0
configure:4373: result: yes
configure:4373: checking for inttypes.h
configure:4373: gcc -c -g -O2  conftest.c >&5
configure:4373: $? = 0
configure:4373: result: yes
configure:4373: checking for stdint.h
configure:4373: gcc -c -g -O2  conftest.c >&5
configure:4373: $? = 0
configure:4373: result: yes
configure:4373: checking for unistd.h
configure:4373: gcc -c -g -O2  conftest.c >&5
configure:4373: $? = 0
configure:4373: result: yes
configure:4386: checking minix/config.h usability
configure:4386: gcc -c -g -O2  conftest.c >&5
conftest.c:54:10: fatal error: minix/config.h: No such file or directory
 #include <minix/config.h>
          ^~~~~~~~~~~~~~~~
compilation terminated.
configure:4386: $? = 1
configure: failed program was:
| /* confdefs.h */
| #define PACKAGE_NAME "GNU Enscript"
| #define PACKAGE_TARNAME "enscript"
| #define PACKAGE_VERSION "1.6.6"
| #define PACKAGE_STRING "GNU Enscript 1.6.6"
| #define PACKAGE_BUGREPORT "bug-enscript@gnu.org"
| #define PACKAGE_URL "http://www.gnu.org/software/enscript/"
| #define PACKAGE "enscript"
| #define VERSION "1.6.6"
| #define STDC_HEADERS 1
| #define HAVE_SYS_TYPES_H 1
| #define HAVE_SYS_STAT_H 1
| #define HAVE_STDLIB_H 1
| #define HAVE_STRING_H 1
| #define HAVE_MEMORY_H 1
| #define HAVE_STRINGS_H 1
| #define HAVE_INTTYPES_H 1
| #define HAVE_STDINT_H 1
| #define HAVE_UNISTD_H 1
| /* end confdefs.h.  */
| #include <stdio.h>
| #ifdef HAVE_SYS_TYPES_H
| # include <sys/types.h>
| #endif
| #ifdef HAVE_SYS_STAT_H
| # include <sys/stat.h>
| #endif
| #ifdef STDC_HEADERS
| # include <stdlib.h>
| # include <stddef.h>
| #else
| # ifdef HAVE_STDLIB_H
| #  include <stdlib.h>
| # endif
| #endif
| #ifdef HAVE_STRING_H
| # if !defined STDC_HEADERS && defined HAVE_MEMORY_H
| #  include <memory.h>
| # endif
| # include <string.h>
| #endif
| #ifdef HAVE_STRINGS_H
| # include <strings.h>
| #endif
| #ifdef HAVE_INTTYPES_H
| # include <inttypes.h>
| #endif
| #ifdef HAVE_STDINT_H
| # include <stdint.h>
| #endif
| #ifdef HAVE_UNISTD_H
| # include <unistd.h>
| #endif
| #include <minix/config.h>
configure:4386: result: no
configure:4386: checking minix/config.h presence
configure:4386: gcc -E  conftest.c
conftest.c:21:10: fatal error: minix/config.h: No such file or directory
 #include <minix/config.h>
          ^~~~~~~~~~~~~~~~
compilation terminated.
configure:4386: $? = 1
configure: failed program was:
| /* confdefs.h */
| #define PACKAGE_NAME "GNU Enscript"
| #define PACKAGE_TARNAME "enscript"
| #define PACKAGE_VERSION "1.6.6"
| #define PACKAGE_STRING "GNU Enscript 1.6.6"
| #define PACKAGE_BUGREPORT "bug-enscript@gnu.org"
| #define PACKAGE_URL "http://www.gnu.org/software/enscript/"
| #define PACKAGE "enscript"
| #define VERSION "1.6.6"
| #define STDC_HEADERS 1
| #define HAVE_SYS_TYPES_H 1
| #define HAVE_SYS_STAT_H 1
| #define HAVE_STDLIB_H 1
| #define HAVE_STRING_H 1
| #define HAVE_MEMORY_H 1
| #define HAVE_STRINGS_H 1
| #define HAVE_INTTYPES_H 1
| #define HAVE_STDINT_H 1
| #define HAVE_UNISTD_H 1
| /* end confdefs.h.  */
| #include <minix/config.h>
configure:4386: result: no
configure:4386: checking for minix/config.h
configure:4386: result: no
configure:4407: checking whether it is safe to define __EXTENSIONS__
configure:4425: gcc -c -g -O2  conftest.c >&5
configure:4425: $? = 0
configure:4432: result: yes
configure:4446: checking for function prototypes
configure:4449: result: yes
configure:4473: checking for string.h
configure:4473: result: yes
configure:4485: checking for an ANSI C-conforming const
configure:4551: gcc -c -g -O2  conftest.c >&5
configure:4551: $? = 0
configure:4558: result: yes
configure:4566: checking for size_t
configure:4566: gcc -c -g -O2  conftest.c >&5
configure:4566: $? = 0
configure:4566: gcc -c -g -O2  conftest.c >&5
conftest.c: In function 'main':
conftest.c:65:21: error: expected expression before ')' token
 if (sizeof ((size_t)))
                     ^
configure:4566: $? = 1
configure: failed program was:
| /* confdefs.h */
| #define PACKAGE_NAME "GNU Enscript"
| #define PACKAGE_TARNAME "enscript"
| #define PACKAGE_VERSION "1.6.6"
| #define PACKAGE_STRING "GNU Enscript 1.6.6"
| #define PACKAGE_BUGREPORT "bug-enscript@gnu.org"
| #define PACKAGE_URL "http://www.gnu.org/software/enscript/"
| #define PACKAGE "enscript"
| #define VERSION "1.6.6"
| #define STDC_HEADERS 1
| #define HAVE_SYS_TYPES_H 1
| #define HAVE_SYS_STAT_H 1
| #define HAVE_STDLIB_H 1
| #define HAVE_STRING_H 1
| #define HAVE_MEMORY_H 1
| #define HAVE_STRINGS_H 1
| #define HAVE_INTTYPES_H 1
| #define HAVE_STDINT_H 1
| #define HAVE_UNISTD_H 1
| #define __EXTENSIONS__ 1
| #define _ALL_SOURCE 1
| #define _GNU_SOURCE 1
| #define _POSIX_PTHREAD_SEMANTICS 1
| #define _TANDEM_SOURCE 1
| #define PROTOTYPES 1
| #define __PROTOTYPES 1
| #define HAVE_STRING_H 1
| /* end confdefs.h.  */
| #include <stdio.h>
| #ifdef HAVE_SYS_TYPES_H
| # include <sys/types.h>
| #endif
| #ifdef HAVE_SYS_STAT_H
| # include <sys/stat.h>
| #endif
| #ifdef STDC_HEADERS
| # include <stdlib.h>
| # include <stddef.h>
| #else
| # ifdef HAVE_STDLIB_H
| #  include <stdlib.h>
| # endif
| #endif
| #ifdef HAVE_STRING_H
| # if !defined STDC_HEADERS && defined HAVE_MEMORY_H
| #  include <memory.h>
| # endif
| # include <string.h>
| #endif
| #ifdef HAVE_STRINGS_H
| # include <strings.h>
| #endif
| #ifdef HAVE_INTTYPES_H
| # include <inttypes.h>
| #endif
| #ifdef HAVE_STDINT_H
| # include <stdint.h>
| #endif
| #ifdef HAVE_UNISTD_H
| # include <unistd.h>
| #endif
| int
| main ()
| {
| if (sizeof ((size_t)))
| 	    return 0;
|   ;
|   return 0;
| }
configure:4566: result: yes
configure:4579: checking for working alloca.h
configure:4596: gcc -o conftest -g -O2   conftest.c  >&5
configure:4596: $? = 0
configure:4604: result: yes
configure:4612: checking for alloca
configure:4649: gcc -o conftest -g -O2   conftest.c  >&5
configure:4649: $? = 0
configure:4657: result: yes
configure:4764: checking for ANSI C header files
configure:4868: result: yes
configure:4879: checking for string.h
configure:4879: result: yes
configure:4879: checking for stdlib.h
configure:4879: result: yes
configure:4879: checking for unistd.h
configure:4879: result: yes
configure:4879: checking stdarg.h usability
configure:4879: gcc -c -g -O2  conftest.c >&5
configure:4879: $? = 0
configure:4879: result: yes
configure:4879: checking stdarg.h presence
configure:4879: gcc -E  conftest.c
configure:4879: $? = 0
configure:4879: result: yes
configure:4879: checking for stdarg.h
configure:4879: result: yes
configure:4879: checking math.h usability
configure:4879: gcc -c -g -O2  conftest.c >&5
configure:4879: $? = 0
configure:4879: result: yes
configure:4879: checking math.h presence
configure:4879: gcc -E  conftest.c
configure:4879: $? = 0
configure:4879: result: yes
configure:4879: checking for math.h
configure:4879: result: yes
configure:4879: checking pwd.h usability
configure:4879: gcc -c -g -O2  conftest.c >&5
configure:4879: $? = 0
configure:4879: result: yes
configure:4879: checking pwd.h presence
configure:4879: gcc -E  conftest.c
configure:4879: $? = 0
configure:4879: result: yes
configure:4879: checking for pwd.h
configure:4879: result: yes
configure:4892: checking for sys/types.h
configure:4892: result: yes
configure:4892: checking for sys/stat.h
configure:4892: result: yes
configure:4906: checking for strchr
configure:4906: gcc -o conftest -g -O2   conftest.c  >&5
conftest.c:63:6: warning: conflicting types for built-in function 'strchr' [-Wbuiltin-declaration-mismatch]
 char strchr ();
      ^~~~~~
configure:4906: $? = 0
configure:4906: result: yes
configure:4906: checking for getcwd
configure:4906: gcc -o conftest -g -O2   conftest.c  >&5
configure:4906: $? = 0
configure:4906: result: yes
configure:4915: checking for strerror
configure:4915: gcc -o conftest -g -O2   conftest.c  >&5
configure:4915: $? = 0
configure:4915: result: yes
configure:4928: checking for memmove
configure:4928: gcc -o conftest -g -O2   conftest.c  >&5
conftest.c:66:6: warning: conflicting types for built-in function 'memmove' [-Wbuiltin-declaration-mismatch]
 char memmove ();
      ^~~~~~~
configure:4928: $? = 0
configure:4928: result: yes
configure:4941: checking for memcpy
configure:4941: gcc -o conftest -g -O2   conftest.c  >&5
conftest.c:67:6: warning: conflicting types for built-in function 'memcpy' [-Wbuiltin-declaration-mismatch]
 char memcpy ();
      ^~~~~~
configure:4941: $? = 0
configure:4941: result: yes
configure:4954: checking for strtoul
configure:4954: gcc -o conftest -g -O2   conftest.c  >&5
configure:4954: $? = 0
configure:4954: result: yes
configure:4970: checking for vprintf
configure:4970: gcc -o conftest -g -O2   conftest.c  >&5
conftest.c:69:6: warning: conflicting types for built-in function 'vprintf' [-Wbuiltin-declaration-mismatch]
 char vprintf ();
      ^~~~~~~
configure:4970: $? = 0
configure:4970: result: yes
configure:4976: checking for _doprnt
configure:4976: gcc -o conftest -g -O2   conftest.c  >&5
/tmp/ccqQFhYt.o: In function `main':
/home/carolhanna/Security_Project/gnu_dataset/enscript-1.6.6/conftest.c:81: undefined reference to `_doprnt'
collect2: error: ld returned 1 exit status
configure:4976: $? = 1
configure: failed program was:
| /* confdefs.h */
| #define PACKAGE_NAME "GNU Enscript"
| #define PACKAGE_TARNAME "enscript"
| #define PACKAGE_VERSION "1.6.6"
| #define PACKAGE_STRING "GNU Enscript 1.6.6"
| #define PACKAGE_BUGREPORT "bug-enscript@gnu.org"
| #define PACKAGE_URL "http://www.gnu.org/software/enscript/"
| #define PACKAGE "enscript"
| #define VERSION "1.6.6"
| #define STDC_HEADERS 1
| #define HAVE_SYS_TYPES_H 1
| #define HAVE_SYS_STAT_H 1
| #define HAVE_STDLIB_H 1
| #define HAVE_STRING_H 1
| #define HAVE_MEMORY_H 1
| #define HAVE_STRINGS_H 1
| #define HAVE_INTTYPES_H 1
| #define HAVE_STDINT_H 1
| #define HAVE_UNISTD_H 1
| #define __EXTENSIONS__ 1
| #define _ALL_SOURCE 1
| #define _GNU_SOURCE 1
| #define _POSIX_PTHREAD_SEMANTICS 1
| #define _TANDEM_SOURCE 1
| #define PROTOTYPES 1
| #define __PROTOTYPES 1
| #define HAVE_STRING_H 1
| #define HAVE_ALLOCA_H 1
| #define HAVE_ALLOCA 1
| #define STDC_HEADERS 1
| #define HAVE_STRING_H 1
| #define HAVE_STDLIB_H 1
| #define HAVE_UNISTD_H 1
| #define HAVE_STDARG_H 1
| #define HAVE_MATH_H 1
| #define HAVE_PWD_H 1
| #define HAVE_SYS_TYPES_H 1
| #define HAVE_SYS_STAT_H 1
| #define HAVE_STRCHR 1
| #define HAVE_GETCWD 1
| #define HAVE_STRERROR 1
| #define HAVE_MEMMOVE 1
| #define HAVE_MEMCPY 1
| #define HAVE_STRTOUL 1
| #define HAVE_VPRINTF 1
| /* end confdefs.h.  */
| /* Define _doprnt to an innocuous variant, in case <limits.h> declares _doprnt.
|    For example, HP-UX 11i <limits.h> declares gettimeofday.  */
| #define _doprnt innocuous__doprnt
| 
| /* System header to define __stub macros and hopefully few prototypes,
|     which can conflict with char _doprnt (); below.
|     Prefer <limits.h> to <assert.h> if __STDC__ is defined, since
|     <limits.h> exists even on freestanding compilers.  */
| 
| #ifdef __STDC__
| # include <limits.h>
| #else
| # include <assert.h>
| #endif
| 
| #undef _doprnt
| 
| /* Override any GCC internal prototype to avoid an error.
|    Use char because int might match the return type of a GCC
|    builtin and then its argument prototype would still apply.  */
| #ifdef __cplusplus
| extern "C"
| #endif
| char _doprnt ();
| /* The GNU C library defines this for functions which it implements
|     to always fail with ENOSYS.  Some functions are actually named
|     something starting with __ and the normal name is an alias.  */
| #if defined __stub__doprnt || defined __stub____doprnt
| choke me
| #endif
| 
| int
| main ()
| {
| return _doprnt ();
|   ;
|   return 0;
| }
configure:4976: result: no
configure:4988: checking for main in -lsun
configure:5007: gcc -o conftest -g -O2   conftest.c -lsun   >&5
/usr/bin/ld: cannot find -lsun
collect2: error: ld returned 1 exit status
configure:5007: $? = 1
configure: failed program was:
| /* confdefs.h */
| #define PACKAGE_NAME "GNU Enscript"
| #define PACKAGE_TARNAME "enscript"
| #define PACKAGE_VERSION "1.6.6"
| #define PACKAGE_STRING "GNU Enscript 1.6.6"
| #define PACKAGE_BUGREPORT "bug-enscript@gnu.org"
| #define PACKAGE_URL "http://www.gnu.org/software/enscript/"
| #define PACKAGE "enscript"
| #define VERSION "1.6.6"
| #define STDC_HEADERS 1
| #define HAVE_SYS_TYPES_H 1
| #define HAVE_SYS_STAT_H 1
| #define HAVE_STDLIB_H 1
| #define HAVE_STRING_H 1
| #define HAVE_MEMORY_H 1
| #define HAVE_STRINGS_H 1
| #define HAVE_INTTYPES_H 1
| #define HAVE_STDINT_H 1
| #define HAVE_UNISTD_H 1
| #define __EXTENSIONS__ 1
| #define _ALL_SOURCE 1
| #define _GNU_SOURCE 1
| #define _POSIX_PTHREAD_SEMANTICS 1
| #define _TANDEM_SOURCE 1
| #define PROTOTYPES 1
| #define __PROTOTYPES 1
| #define HAVE_STRING_H 1
| #define HAVE_ALLOCA_H 1
| #define HAVE_ALLOCA 1
| #define STDC_HEADERS 1
| #define HAVE_STRING_H 1
| #define HAVE_STDLIB_H 1
| #define HAVE_UNISTD_H 1
| #define HAVE_STDARG_H 1
| #define HAVE_MATH_H 1
| #define HAVE_PWD_H 1
| #define HAVE_SYS_TYPES_H 1
| #define HAVE_SYS_STAT_H 1
| #define HAVE_STRCHR 1
| #define HAVE_GETCWD 1
| #define HAVE_STRERROR 1
| #define HAVE_MEMMOVE 1
| #define HAVE_MEMCPY 1
| #define HAVE_STRTOUL 1
| #define HAVE_VPRINTF 1
| /* end confdefs.h.  */
| 
| 
| int
| main ()
| {
| return main ();
|   ;
|   return 0;
| }
configure:5016: result: no
configure:5028: checking for gethostname
configure:5028: gcc -o conftest -g -O2   conftest.c  >&5
configure:5028: $? = 0
configure:5028: result: yes
configure:5168: checking for ranlib
configure:5184: found /usr/bin/ranlib
configure:5195: result: ranlib
configure:5221: checking for bison
configure:5251: result: no
configure:5221: checking for byacc
configure:5251: result: no
configure:5264: checking for flex
configure:5294: result: no
configure:5264: checking for lex
configure:5294: result: no
configure:5458: checking for lpr
configure:5488: result: no
configure:5495: checking for lp
configure:5525: result: no
configure:5558: checking whether NLS is requested
configure:5567: result: yes
configure:5608: checking for msgfmt
configure: trying /usr/bin/msgfmt...
0 translated messages.
configure:5640: result: /usr/bin/msgfmt
configure:5649: checking for gmsgfmt
configure:5680: result: /usr/bin/msgfmt
configure:5731: checking for xgettext
configure: trying /usr/bin/xgettext...
/usr/bin/xgettext: warning: file '/dev/null' extension '' is unknown; will try C
configure:5763: result: /usr/bin/xgettext
configure:5809: checking for msgmerge
configure: trying /usr/bin/msgmerge...
configure:5840: result: /usr/bin/msgmerge
configure:5861: checking build system type
configure:5875: result: x86_64-unknown-linux-gnu
configure:5895: checking host system type
configure:5908: result: x86_64-unknown-linux-gnu
configure:5929: checking whether we are using the GNU C Library 2 or newer
configure:5956: result: yes
configure:5967: checking for simple visibility declarations
configure:5989: gcc -c -g -O2 -fvisibility=hidden  conftest.c >&5
configure:5989: $? = 0
configure:5998: result: yes
configure:6013: checking for inline
configure:6029: gcc -c -g -O2  conftest.c >&5
configure:6029: $? = 0
configure:6037: result: inline
configure:6056: checking for stdint.h
configure:6073: gcc -c -g -O2  conftest.c >&5
configure:6073: $? = 0
configure:6080: result: yes
configure:6096: checking for stdlib.h
configure:6096: result: yes
configure:6096: checking for unistd.h
configure:6096: result: yes
configure:6096: checking for sys/param.h
configure:6096: gcc -c -g -O2  conftest.c >&5
configure:6096: $? = 0
configure:6096: result: yes
configure:6116: checking for getpagesize
configure:6116: gcc -o conftest -g -O2   conftest.c  >&5
configure:6116: $? = 0
configure:6116: result: yes
configure:6125: checking for working mmap
configure:6272: gcc -o conftest -g -O2   conftest.c  >&5
configure:6272: $? = 0
configure:6272: ./conftest
configure:6272: $? = 0
configure:6282: result: yes
configure:6293: checking whether integer division by zero raises SIGFPE
configure:6359: gcc -o conftest -g -O2   conftest.c  >&5
conftest.c:68:5: warning: built-in function 'nan' declared as non-function
 int nan;
     ^~~
configure:6359: $? = 0
configure:6359: ./conftest
configure:6359: $? = 0
configure:6371: result: yes
configure:6384: checking for inttypes.h
configure:6401: gcc -c -g -O2  conftest.c >&5
configure:6401: $? = 0
configure:6408: result: yes
configure:6419: checking for unsigned long long int
configure:6459: gcc -o conftest -g -O2   conftest.c  >&5
configure:6459: $? = 0
configure:6467: result: yes
configure:6497: checking for inttypes.h
configure:6497: result: yes
configure:6508: checking whether the inttypes.h PRIxNN macros are broken
configure:6529: gcc -c -g -O2  conftest.c >&5
configure:6529: $? = 0
configure:6537: result: no
configure:6632: checking for ld used by GCC
configure:6696: result: /usr/bin/ld
configure:6703: checking if the linker (/usr/bin/ld) is GNU ld
configure:6716: result: yes
configure:6723: checking for shared library run path origin
configure:6736: result: done
configure:6782: checking whether imported symbols can be declared weak
configure:6797: gcc -o conftest -g -O2   conftest.c  >&5
configure:6797: $? = 0
configure:6802: result: yes
configure:6807: checking pthread.h usability
configure:6807: gcc -c -g -O2  conftest.c >&5
configure:6807: $? = 0
configure:6807: result: yes
configure:6807: checking pthread.h presence
configure:6807: gcc -E  conftest.c
configure:6807: $? = 0
configure:6807: result: yes
configure:6807: checking for pthread.h
configure:6807: result: yes
configure:6835: gcc -o conftest -g -O2   conftest.c  >&5
conftest.c: In function 'main':
conftest.c:63:1: warning: null argument where non-null required (argument 1) [-Wnonnull]
 pthread_mutex_lock((pthread_mutex_t*)0);
 ^~~~~~~~~~~~~~~~~~
conftest.c:64:12: warning: null argument where non-null required (argument 1) [-Wnonnull]
            pthread_mutexattr_init((pthread_mutexattr_t*)0);
            ^~~~~~~~~~~~~~~~~~~~~~
/tmp/ccBnHznn.o: In function `main':
/home/carolhanna/Security_Project/gnu_dataset/enscript-1.6.6/conftest.c:64: undefined reference to `pthread_mutexattr_init'
collect2: error: ld returned 1 exit status
configure:6835: $? = 1
configure: failed program was:
| /* confdefs.h */
| #define PACKAGE_NAME "GNU Enscript"
| #define PACKAGE_TARNAME "enscript"
| #define PACKAGE_VERSION "1.6.6"
| #define PACKAGE_STRING "GNU Enscript 1.6.6"
| #define PACKAGE_BUGREPORT "bug-enscript@gnu.org"
| #define PACKAGE_URL "http://www.gnu.org/software/enscript/"
| #define PACKAGE "enscript"
| #define VERSION "1.6.6"
| #define STDC_HEADERS 1
| #define HAVE_SYS_TYPES_H 1
| #define HAVE_SYS_STAT_H 1
| #define HAVE_STDLIB_H 1
| #define HAVE_STRING_H 1
| #define HAVE_MEMORY_H 1
| #define HAVE_STRINGS_H 1
| #define HAVE_INTTYPES_H 1
| #define HAVE_STDINT_H 1
| #define HAVE_UNISTD_H 1
| #define __EXTENSIONS__ 1
| #define _ALL_SOURCE 1
| #define _GNU_SOURCE 1
| #define _POSIX_PTHREAD_SEMANTICS 1
| #define _TANDEM_SOURCE 1
| #define PROTOTYPES 1
| #define __PROTOTYPES 1
| #define HAVE_STRING_H 1
| #define HAVE_ALLOCA_H 1
| #define HAVE_ALLOCA 1
| #define STDC_HEADERS 1
| #define HAVE_STRING_H 1
| #define HAVE_STDLIB_H 1
| #define HAVE_UNISTD_H 1
| #define HAVE_STDARG_H 1
| #define HAVE_MATH_H 1
| #define HAVE_PWD_H 1
| #define HAVE_SYS_TYPES_H 1
| #define HAVE_SYS_STAT_H 1
| #define HAVE_STRCHR 1
| #define HAVE_GETCWD 1
| #define HAVE_STRERROR 1
| #define HAVE_MEMMOVE 1
| #define HAVE_MEMCPY 1
| #define HAVE_STRTOUL 1
| #define HAVE_VPRINTF 1
| #define HAVE_VISIBILITY 1
| #define HAVE_STDINT_H_WITH_UINTMAX 1
| #define HAVE_STDLIB_H 1
| #define HAVE_UNISTD_H 1
| #define HAVE_SYS_PARAM_H 1
| #define HAVE_GETPAGESIZE 1
| #define HAVE_MMAP 1
| #define INTDIV0_RAISES_SIGFPE 1
| #define HAVE_INTTYPES_H_WITH_UINTMAX 1
| #define HAVE_UNSIGNED_LONG_LONG_INT 1
| #define HAVE_UINTMAX_T 1
| #define HAVE_INTTYPES_H 1
| /* end confdefs.h.  */
| #include <pthread.h>
| int
| main ()
| {
| pthread_mutex_lock((pthread_mutex_t*)0);
|            pthread_mutexattr_init((pthread_mutexattr_t*)0);
|   ;
|   return 0;
| }
configure:6898: checking for pthread_kill in -lpthread
configure:6923: gcc -o conftest -g -O2   conftest.c -lpthread   >&5
configure:6923: $? = 0
configure:6932: result: yes
configure:7002: checking for pthread_rwlock_t
configure:7002: gcc -c -g -O2  conftest.c >&5
configure:7002: $? = 0
configure:7002: gcc -c -g -O2  conftest.c >&5
conftest.c: In function 'main':
conftest.c:66:31: error: expected expression before ')' token
 if (sizeof ((pthread_rwlock_t)))
                               ^
configure:7002: $? = 1
configure: failed program was:
| /* confdefs.h */
| #define PACKAGE_NAME "GNU Enscript"
| #define PACKAGE_TARNAME "enscript"
| #define PACKAGE_VERSION "1.6.6"
| #define PACKAGE_STRING "GNU Enscript 1.6.6"
| #define PACKAGE_BUGREPORT "bug-enscript@gnu.org"
| #define PACKAGE_URL "http://www.gnu.org/software/enscript/"
| #define PACKAGE "enscript"
| #define VERSION "1.6.6"
| #define STDC_HEADERS 1
| #define HAVE_SYS_TYPES_H 1
| #define HAVE_SYS_STAT_H 1
| #define HAVE_STDLIB_H 1
| #define HAVE_STRING_H 1
| #define HAVE_MEMORY_H 1
| #define HAVE_STRINGS_H 1
| #define HAVE_INTTYPES_H 1
| #define HAVE_STDINT_H 1
| #define HAVE_UNISTD_H 1
| #define __EXTENSIONS__ 1
| #define _ALL_SOURCE 1
| #define _GNU_SOURCE 1
| #define _POSIX_PTHREAD_SEMANTICS 1
| #define _TANDEM_SOURCE 1
| #define PROTOTYPES 1
| #define __PROTOTYPES 1
| #define HAVE_STRING_H 1
| #define HAVE_ALLOCA_H 1
| #define HAVE_ALLOCA 1
| #define STDC_HEADERS 1
| #define HAVE_STRING_H 1
| #define HAVE_STDLIB_H 1
| #define HAVE_UNISTD_H 1
| #define HAVE_STDARG_H 1
| #define HAVE_MATH_H 1
| #define HAVE_PWD_H 1
| #define HAVE_SYS_TYPES_H 1
| #define HAVE_SYS_STAT_H 1
| #define HAVE_STRCHR 1
| #define HAVE_GETCWD 1
| #define HAVE_STRERROR 1
| #define HAVE_MEMMOVE 1
| #define HAVE_MEMCPY 1
| #define HAVE_STRTOUL 1
| #define HAVE_VPRINTF 1
| #define HAVE_VISIBILITY 1
| #define HAVE_STDINT_H_WITH_UINTMAX 1
| #define HAVE_STDLIB_H 1
| #define HAVE_UNISTD_H 1
| #define HAVE_SYS_PARAM_H 1
| #define HAVE_GETPAGESIZE 1
| #define HAVE_MMAP 1
| #define INTDIV0_RAISES_SIGFPE 1
| #define HAVE_INTTYPES_H_WITH_UINTMAX 1
| #define HAVE_UNSIGNED_LONG_LONG_INT 1
| #define HAVE_UINTMAX_T 1
| #define HAVE_INTTYPES_H 1
| #define USE_POSIX_THREADS 1
| #define USE_POSIX_THREADS_WEAK 1
| /* end confdefs.h.  */
| #include <pthread.h>
| 
| int
| main ()
| {
| if (sizeof ((pthread_rwlock_t)))
| 	    return 0;
|   ;
|   return 0;
| }
configure:7002: result: yes
configure:7027: gcc -c -g -O2  conftest.c >&5
configure:7027: $? = 0
configure:7625: checking for multithread API to use
configure:7627: result: posix
configure:8095: gcc -o conftest -g -O2   conftest.c  >&5
configure:8095: $? = 0
configure:8106: checking argz.h usability
configure:8106: gcc -c -g -O2  conftest.c >&5
configure:8106: $? = 0
configure:8106: result: yes
configure:8106: checking argz.h presence
configure:8106: gcc -E  conftest.c
configure:8106: $? = 0
configure:8106: result: yes
configure:8106: checking for argz.h
configure:8106: result: yes
configure:8106: checking for inttypes.h
configure:8106: result: yes
configure:8106: checking limits.h usability
configure:8106: gcc -c -g -O2  conftest.c >&5
configure:8106: $? = 0
configure:8106: result: yes
configure:8106: checking limits.h presence
configure:8106: gcc -E  conftest.c
configure:8106: $? = 0
configure:8106: result: yes
configure:8106: checking for limits.h
configure:8106: result: yes
configure:8106: checking for unistd.h
configure:8106: result: yes
configure:8106: checking for sys/param.h
configure:8106: result: yes
configure:8121: checking for getcwd
configure:8121: result: yes
configure:8121: checking for getegid
configure:8121: gcc -o conftest -g -O2   conftest.c  >&5
configure:8121: $? = 0
configure:8121: result: yes
configure:8121: checking for geteuid
configure:8121: gcc -o conftest -g -O2   conftest.c  >&5
configure:8121: $? = 0
configure:8121: result: yes
configure:8121: checking for getgid
configure:8121: gcc -o conftest -g -O2   conftest.c  >&5
configure:8121: $? = 0
configure:8121: result: yes
configure:8121: checking for getuid
configure:8121: gcc -o conftest -g -O2   conftest.c  >&5
configure:8121: $? = 0
configure:8121: result: yes
configure:8121: checking for mempcpy
configure:8121: gcc -o conftest -g -O2   conftest.c  >&5
conftest.c:97:6: warning: conflicting types for built-in function 'mempcpy' [-Wbuiltin-declaration-mismatch]
 char mempcpy ();
      ^~~~~~~
configure:8121: $? = 0
configure:8121: result: yes
configure:8121: checking for munmap
configure:8121: gcc -o conftest -g -O2   conftest.c  >&5
configure:8121: $? = 0
configure:8121: result: yes
configure:8121: checking for stpcpy
configure:8121: gcc -o conftest -g -O2   conftest.c  >&5
conftest.c:99:6: warning: conflicting types for built-in function 'stpcpy' [-Wbuiltin-declaration-mismatch]
 char stpcpy ();
      ^~~~~~
configure:8121: $? = 0
configure:8121: result: yes
configure:8121: checking for strcasecmp
configure:8121: gcc -o conftest -g -O2   conftest.c  >&5
conftest.c:100:6: warning: conflicting types for built-in function 'strcasecmp' [-Wbuiltin-declaration-mismatch]
 char strcasecmp ();
      ^~~~~~~~~~
configure:8121: $? = 0
configure:8121: result: yes
configure:8121: checking for strdup
configure:8121: gcc -o conftest -g -O2   conftest.c  >&5
conftest.c:101:6: warning: conflicting types for built-in function 'strdup' [-Wbuiltin-declaration-mismatch]
 char strdup ();
      ^~~~~~
configure:8121: $? = 0
configure:8121: result: yes
configure:8121: checking for strtoul
configure:8121: result: yes
configure:8121: checking for tsearch
configure:8121: gcc -o conftest -g -O2   conftest.c  >&5
configure:8121: $? = 0
configure:8121: result: yes
configure:8121: checking for argz_count
configure:8121: gcc -o conftest -g -O2   conftest.c  >&5
configure:8121: $? = 0
configure:8121: result: yes
configure:8121: checking for argz_stringify
configure:8121: gcc -o conftest -g -O2   conftest.c  >&5
configure:8121: $? = 0
configure:8121: result: yes
configure:8121: checking for argz_next
configure:8121: gcc -o conftest -g -O2   conftest.c  >&5
configure:8121: $? = 0
configure:8121: result: yes
configure:8121: checking for __fsetlocking
configure:8121: gcc -o conftest -g -O2   conftest.c  >&5
configure:8121: $? = 0
configure:8121: result: yes
configure:8132: checking whether feof_unlocked is declared
configure:8152: gcc -c -g -O2  conftest.c >&5
configure:8152: $? = 0
configure:8159: result: yes
configure:8173: checking whether fgets_unlocked is declared
configure:8193: gcc -c -g -O2  conftest.c >&5
configure:8193: $? = 0
configure:8200: result: yes
configure:8244: checking for iconv
configure:8266: gcc -o conftest -g -O2   conftest.c  >&5
configure:8266: $? = 0
configure:8298: result: yes
configure:8301: checking for working iconv
configure:8377: gcc -o conftest -g -O2   conftest.c  >&5
configure:8377: $? = 0
configure:8377: ./conftest
configure:8377: $? = 0
configure:8389: result: yes
configure:8417: checking for iconv declaration
configure:8446: gcc -c -g -O2  conftest.c >&5
configure:8446: $? = 0
configure:8457: result: 
         extern size_t iconv (iconv_t cd, char * *inbuf, size_t *inbytesleft, char * *outbuf, size_t *outbytesleft);
configure:8468: checking for NL_LOCALE_NAME macro
configure:8487: gcc -o conftest -g -O2   conftest.c  >&5
configure:8487: $? = 0
configure:8496: result: yes
configure:8508: checking for bison
configure:8538: result: no
configure:8566: checking for long long int
configure:8606: gcc -o conftest -g -O2   conftest.c  >&5
configure:8606: $? = 0
configure:8636: gcc -o conftest -g -O2   conftest.c  >&5
configure:8636: $? = 0
configure:8636: ./conftest
configure:8636: $? = 0
configure:8651: result: yes
configure:8660: checking for wchar_t
configure:8677: gcc -c -g -O2  conftest.c >&5
configure:8677: $? = 0
configure:8684: result: yes
configure:8693: checking for wint_t
configure:8718: gcc -c -g -O2  conftest.c >&5
configure:8718: $? = 0
configure:8725: result: yes
configure:8736: checking for intmax_t
configure:8762: gcc -c -g -O2  conftest.c >&5
configure:8762: $? = 0
configure:8769: result: yes
configure:8779: checking whether printf() supports POSIX/XSI format strings
configure:8820: gcc -o conftest -g -O2   conftest.c  >&5
configure:8820: $? = 0
configure:8820: ./conftest
configure:8820: $? = 0
configure:8831: result: yes
configure:8842: checking whether we are using the GNU C Library 2.1 or newer
configure:8869: result: yes
configure:8878: checking for stdint.h
configure:8878: result: yes
configure:8888: checking for SIZE_MAX
configure:8960: result: yes
configure:8975: checking for stdint.h
configure:8975: result: yes
configure:8987: checking for CFPreferencesCopyAppValue
configure:9005: gcc -o conftest -g -O2   conftest.c  -Wl,-framework -Wl,CoreFoundation >&5
conftest.c:97:10: fatal error: CoreFoundation/CFPreferences.h: No such file or directory
 #include <CoreFoundation/CFPreferences.h>
          ^~~~~~~~~~~~~~~~~~~~~~~~~~~~~~~~
compilation terminated.
configure:9005: $? = 1
configure: failed program was:
| /* confdefs.h */
| #define PACKAGE_NAME "GNU Enscript"
| #define PACKAGE_TARNAME "enscript"
| #define PACKAGE_VERSION "1.6.6"
| #define PACKAGE_STRING "GNU Enscript 1.6.6"
| #define PACKAGE_BUGREPORT "bug-enscript@gnu.org"
| #define PACKAGE_URL "http://www.gnu.org/software/enscript/"
| #define PACKAGE "enscript"
| #define VERSION "1.6.6"
| #define STDC_HEADERS 1
| #define HAVE_SYS_TYPES_H 1
| #define HAVE_SYS_STAT_H 1
| #define HAVE_STDLIB_H 1
| #define HAVE_STRING_H 1
| #define HAVE_MEMORY_H 1
| #define HAVE_STRINGS_H 1
| #define HAVE_INTTYPES_H 1
| #define HAVE_STDINT_H 1
| #define HAVE_UNISTD_H 1
| #define __EXTENSIONS__ 1
| #define _ALL_SOURCE 1
| #define _GNU_SOURCE 1
| #define _POSIX_PTHREAD_SEMANTICS 1
| #define _TANDEM_SOURCE 1
| #define PROTOTYPES 1
| #define __PROTOTYPES 1
| #define HAVE_STRING_H 1
| #define HAVE_ALLOCA_H 1
| #define HAVE_ALLOCA 1
| #define STDC_HEADERS 1
| #define HAVE_STRING_H 1
| #define HAVE_STDLIB_H 1
| #define HAVE_UNISTD_H 1
| #define HAVE_STDARG_H 1
| #define HAVE_MATH_H 1
| #define HAVE_PWD_H 1
| #define HAVE_SYS_TYPES_H 1
| #define HAVE_SYS_STAT_H 1
| #define HAVE_STRCHR 1
| #define HAVE_GETCWD 1
| #define HAVE_STRERROR 1
| #define HAVE_MEMMOVE 1
| #define HAVE_MEMCPY 1
| #define HAVE_STRTOUL 1
| #define HAVE_VPRINTF 1
| #define HAVE_VISIBILITY 1
| #define HAVE_STDINT_H_WITH_UINTMAX 1
| #define HAVE_STDLIB_H 1
| #define HAVE_UNISTD_H 1
| #define HAVE_SYS_PARAM_H 1
| #define HAVE_GETPAGESIZE 1
| #define HAVE_MMAP 1
| #define INTDIV0_RAISES_SIGFPE 1
| #define HAVE_INTTYPES_H_WITH_UINTMAX 1
| #define HAVE_UNSIGNED_LONG_LONG_INT 1
| #define HAVE_UINTMAX_T 1
| #define HAVE_INTTYPES_H 1
| #define USE_POSIX_THREADS 1
| #define USE_POSIX_THREADS_WEAK 1
| #define HAVE_PTHREAD_RWLOCK 1
| #define HAVE_PTHREAD_MUTEX_RECURSIVE 1
| #define HAVE_BUILTIN_EXPECT 1
| #define HAVE_ARGZ_H 1
| #define HAVE_INTTYPES_H 1
| #define HAVE_LIMITS_H 1
| #define HAVE_UNISTD_H 1
| #define HAVE_SYS_PARAM_H 1
| #define HAVE_GETCWD 1
| #define HAVE_GETEGID 1
| #define HAVE_GETEUID 1
| #define HAVE_GETGID 1
| #define HAVE_GETUID 1
| #define HAVE_MEMPCPY 1
| #define HAVE_MUNMAP 1
| #define HAVE_STPCPY 1
| #define HAVE_STRCASECMP 1
| #define HAVE_STRDUP 1
| #define HAVE_STRTOUL 1
| #define HAVE_TSEARCH 1
| #define HAVE_ARGZ_COUNT 1
| #define HAVE_ARGZ_STRINGIFY 1
| #define HAVE_ARGZ_NEXT 1
| #define HAVE___FSETLOCKING 1
| #define HAVE_DECL_FEOF_UNLOCKED 1
| #define HAVE_DECL_FGETS_UNLOCKED 1
| #define HAVE_ICONV 1
| #define ICONV_CONST 
| #define HAVE_NL_LOCALE_NAME 1
| #define HAVE_LONG_LONG_INT 1
| #define HAVE_WCHAR_T 1
| #define HAVE_WINT_T 1
| #define HAVE_INTMAX_T 1
| #define HAVE_POSIX_PRINTF 1
| #define HAVE_STDINT_H 1
| #define HAVE_STDINT_H 1
| /* end confdefs.h.  */
| #include <CoreFoundation/CFPreferences.h>
| int
| main ()
| {
| CFPreferencesCopyAppValue(NULL, NULL)
|   ;
|   return 0;
| }
configure:9014: result: no
configure:9021: checking for CFLocaleCopyCurrent
configure:9039: gcc -o conftest -g -O2   conftest.c  -Wl,-framework -Wl,CoreFoundation >&5
conftest.c:97:10: fatal error: CoreFoundation/CFLocale.h: No such file or directory
 #include <CoreFoundation/CFLocale.h>
          ^~~~~~~~~~~~~~~~~~~~~~~~~~~
compilation terminated.
configure:9039: $? = 1
configure: failed program was:
| /* confdefs.h */
| #define PACKAGE_NAME "GNU Enscript"
| #define PACKAGE_TARNAME "enscript"
| #define PACKAGE_VERSION "1.6.6"
| #define PACKAGE_STRING "GNU Enscript 1.6.6"
| #define PACKAGE_BUGREPORT "bug-enscript@gnu.org"
| #define PACKAGE_URL "http://www.gnu.org/software/enscript/"
| #define PACKAGE "enscript"
| #define VERSION "1.6.6"
| #define STDC_HEADERS 1
| #define HAVE_SYS_TYPES_H 1
| #define HAVE_SYS_STAT_H 1
| #define HAVE_STDLIB_H 1
| #define HAVE_STRING_H 1
| #define HAVE_MEMORY_H 1
| #define HAVE_STRINGS_H 1
| #define HAVE_INTTYPES_H 1
| #define HAVE_STDINT_H 1
| #define HAVE_UNISTD_H 1
| #define __EXTENSIONS__ 1
| #define _ALL_SOURCE 1
| #define _GNU_SOURCE 1
| #define _POSIX_PTHREAD_SEMANTICS 1
| #define _TANDEM_SOURCE 1
| #define PROTOTYPES 1
| #define __PROTOTYPES 1
| #define HAVE_STRING_H 1
| #define HAVE_ALLOCA_H 1
| #define HAVE_ALLOCA 1
| #define STDC_HEADERS 1
| #define HAVE_STRING_H 1
| #define HAVE_STDLIB_H 1
| #define HAVE_UNISTD_H 1
| #define HAVE_STDARG_H 1
| #define HAVE_MATH_H 1
| #define HAVE_PWD_H 1
| #define HAVE_SYS_TYPES_H 1
| #define HAVE_SYS_STAT_H 1
| #define HAVE_STRCHR 1
| #define HAVE_GETCWD 1
| #define HAVE_STRERROR 1
| #define HAVE_MEMMOVE 1
| #define HAVE_MEMCPY 1
| #define HAVE_STRTOUL 1
| #define HAVE_VPRINTF 1
| #define HAVE_VISIBILITY 1
| #define HAVE_STDINT_H_WITH_UINTMAX 1
| #define HAVE_STDLIB_H 1
| #define HAVE_UNISTD_H 1
| #define HAVE_SYS_PARAM_H 1
| #define HAVE_GETPAGESIZE 1
| #define HAVE_MMAP 1
| #define INTDIV0_RAISES_SIGFPE 1
| #define HAVE_INTTYPES_H_WITH_UINTMAX 1
| #define HAVE_UNSIGNED_LONG_LONG_INT 1
| #define HAVE_UINTMAX_T 1
| #define HAVE_INTTYPES_H 1
| #define USE_POSIX_THREADS 1
| #define USE_POSIX_THREADS_WEAK 1
| #define HAVE_PTHREAD_RWLOCK 1
| #define HAVE_PTHREAD_MUTEX_RECURSIVE 1
| #define HAVE_BUILTIN_EXPECT 1
| #define HAVE_ARGZ_H 1
| #define HAVE_INTTYPES_H 1
| #define HAVE_LIMITS_H 1
| #define HAVE_UNISTD_H 1
| #define HAVE_SYS_PARAM_H 1
| #define HAVE_GETCWD 1
| #define HAVE_GETEGID 1
| #define HAVE_GETEUID 1
| #define HAVE_GETGID 1
| #define HAVE_GETUID 1
| #define HAVE_MEMPCPY 1
| #define HAVE_MUNMAP 1
| #define HAVE_STPCPY 1
| #define HAVE_STRCASECMP 1
| #define HAVE_STRDUP 1
| #define HAVE_STRTOUL 1
| #define HAVE_TSEARCH 1
| #define HAVE_ARGZ_COUNT 1
| #define HAVE_ARGZ_STRINGIFY 1
| #define HAVE_ARGZ_NEXT 1
| #define HAVE___FSETLOCKING 1
| #define HAVE_DECL_FEOF_UNLOCKED 1
| #define HAVE_DECL_FGETS_UNLOCKED 1
| #define HAVE_ICONV 1
| #define ICONV_CONST 
| #define HAVE_NL_LOCALE_NAME 1
| #define HAVE_LONG_LONG_INT 1
| #define HAVE_WCHAR_T 1
| #define HAVE_WINT_T 1
| #define HAVE_INTMAX_T 1
| #define HAVE_POSIX_PRINTF 1
| #define HAVE_STDINT_H 1
| #define HAVE_STDINT_H 1
| /* end confdefs.h.  */
| #include <CoreFoundation/CFLocale.h>
| int
| main ()
| {
| CFLocaleCopyCurrent();
|   ;
|   return 0;
| }
configure:9048: result: no
configure:9066: checking for ptrdiff_t
configure:9066: gcc -c -g -O2  conftest.c >&5
configure:9066: $? = 0
configure:9066: gcc -c -g -O2  conftest.c >&5
conftest.c: In function 'main':
conftest.c:133:24: error: expected expression before ')' token
 if (sizeof ((ptrdiff_t)))
                        ^
configure:9066: $? = 1
configure: failed program was:
| /* confdefs.h */
| #define PACKAGE_NAME "GNU Enscript"
| #define PACKAGE_TARNAME "enscript"
| #define PACKAGE_VERSION "1.6.6"
| #define PACKAGE_STRING "GNU Enscript 1.6.6"
| #define PACKAGE_BUGREPORT "bug-enscript@gnu.org"
| #define PACKAGE_URL "http://www.gnu.org/software/enscript/"
| #define PACKAGE "enscript"
| #define VERSION "1.6.6"
| #define STDC_HEADERS 1
| #define HAVE_SYS_TYPES_H 1
| #define HAVE_SYS_STAT_H 1
| #define HAVE_STDLIB_H 1
| #define HAVE_STRING_H 1
| #define HAVE_MEMORY_H 1
| #define HAVE_STRINGS_H 1
| #define HAVE_INTTYPES_H 1
| #define HAVE_STDINT_H 1
| #define HAVE_UNISTD_H 1
| #define __EXTENSIONS__ 1
| #define _ALL_SOURCE 1
| #define _GNU_SOURCE 1
| #define _POSIX_PTHREAD_SEMANTICS 1
| #define _TANDEM_SOURCE 1
| #define PROTOTYPES 1
| #define __PROTOTYPES 1
| #define HAVE_STRING_H 1
| #define HAVE_ALLOCA_H 1
| #define HAVE_ALLOCA 1
| #define STDC_HEADERS 1
| #define HAVE_STRING_H 1
| #define HAVE_STDLIB_H 1
| #define HAVE_UNISTD_H 1
| #define HAVE_STDARG_H 1
| #define HAVE_MATH_H 1
| #define HAVE_PWD_H 1
| #define HAVE_SYS_TYPES_H 1
| #define HAVE_SYS_STAT_H 1
| #define HAVE_STRCHR 1
| #define HAVE_GETCWD 1
| #define HAVE_STRERROR 1
| #define HAVE_MEMMOVE 1
| #define HAVE_MEMCPY 1
| #define HAVE_STRTOUL 1
| #define HAVE_VPRINTF 1
| #define HAVE_VISIBILITY 1
| #define HAVE_STDINT_H_WITH_UINTMAX 1
| #define HAVE_STDLIB_H 1
| #define HAVE_UNISTD_H 1
| #define HAVE_SYS_PARAM_H 1
| #define HAVE_GETPAGESIZE 1
| #define HAVE_MMAP 1
| #define INTDIV0_RAISES_SIGFPE 1
| #define HAVE_INTTYPES_H_WITH_UINTMAX 1
| #define HAVE_UNSIGNED_LONG_LONG_INT 1
| #define HAVE_UINTMAX_T 1
| #define HAVE_INTTYPES_H 1
| #define USE_POSIX_THREADS 1
| #define USE_POSIX_THREADS_WEAK 1
| #define HAVE_PTHREAD_RWLOCK 1
| #define HAVE_PTHREAD_MUTEX_RECURSIVE 1
| #define HAVE_BUILTIN_EXPECT 1
| #define HAVE_ARGZ_H 1
| #define HAVE_INTTYPES_H 1
| #define HAVE_LIMITS_H 1
| #define HAVE_UNISTD_H 1
| #define HAVE_SYS_PARAM_H 1
| #define HAVE_GETCWD 1
| #define HAVE_GETEGID 1
| #define HAVE_GETEUID 1
| #define HAVE_GETGID 1
| #define HAVE_GETUID 1
| #define HAVE_MEMPCPY 1
| #define HAVE_MUNMAP 1
| #define HAVE_STPCPY 1
| #define HAVE_STRCASECMP 1
| #define HAVE_STRDUP 1
| #define HAVE_STRTOUL 1
| #define HAVE_TSEARCH 1
| #define HAVE_ARGZ_COUNT 1
| #define HAVE_ARGZ_STRINGIFY 1
| #define HAVE_ARGZ_NEXT 1
| #define HAVE___FSETLOCKING 1
| #define HAVE_DECL_FEOF_UNLOCKED 1
| #define HAVE_DECL_FGETS_UNLOCKED 1
| #define HAVE_ICONV 1
| #define ICONV_CONST 
| #define HAVE_NL_LOCALE_NAME 1
| #define HAVE_LONG_LONG_INT 1
| #define HAVE_WCHAR_T 1
| #define HAVE_WINT_T 1
| #define HAVE_INTMAX_T 1
| #define HAVE_POSIX_PRINTF 1
| #define HAVE_STDINT_H 1
| #define HAVE_STDINT_H 1
| /* end confdefs.h.  */
| #include <stdio.h>
| #ifdef HAVE_SYS_TYPES_H
| # include <sys/types.h>
| #endif
| #ifdef HAVE_SYS_STAT_H
| # include <sys/stat.h>
| #endif
| #ifdef STDC_HEADERS
| # include <stdlib.h>
| # include <stddef.h>
| #else
| # ifdef HAVE_STDLIB_H
| #  include <stdlib.h>
| # endif
| #endif
| #ifdef HAVE_STRING_H
| # if !defined STDC_HEADERS && defined HAVE_MEMORY_H
| #  include <memory.h>
| # endif
| # include <string.h>
| #endif
| #ifdef HAVE_STRINGS_H
| # include <strings.h>
| #endif
| #ifdef HAVE_INTTYPES_H
| # include <inttypes.h>
| #endif
| #ifdef HAVE_STDINT_H
| # include <stdint.h>
| #endif
| #ifdef HAVE_UNISTD_H
| # include <unistd.h>
| #endif
| int
| main ()
| {
| if (sizeof ((ptrdiff_t)))
| 	    return 0;
|   ;
|   return 0;
| }
configure:9066: result: yes
configure:9079: checking stddef.h usability
configure:9079: gcc -c -g -O2  conftest.c >&5
configure:9079: $? = 0
configure:9079: result: yes
configure:9079: checking stddef.h presence
configure:9079: gcc -E  conftest.c
configure:9079: $? = 0
configure:9079: result: yes
configure:9079: checking for stddef.h
configure:9079: result: yes
configure:9079: checking for stdlib.h
configure:9079: result: yes
configure:9079: checking for string.h
configure:9079: result: yes
configure:9092: checking for asprintf
configure:9092: gcc -o conftest -g -O2   conftest.c  >&5
configure:9092: $? = 0
configure:9092: result: yes
configure:9092: checking for fwprintf
configure:9092: gcc -o conftest -g -O2   conftest.c  >&5
configure:9092: $? = 0
configure:9092: result: yes
configure:9092: checking for putenv
configure:9092: gcc -o conftest -g -O2   conftest.c  >&5
configure:9092: $? = 0
configure:9092: result: yes
configure:9092: checking for setenv
configure:9092: gcc -o conftest -g -O2   conftest.c  >&5
configure:9092: $? = 0
configure:9092: result: yes
configure:9092: checking for setlocale
configure:9092: gcc -o conftest -g -O2   conftest.c  >&5
configure:9092: $? = 0
configure:9092: result: yes
configure:9092: checking for snprintf
configure:9092: gcc -o conftest -g -O2   conftest.c  >&5
conftest.c:128:6: warning: conflicting types for built-in function 'snprintf' [-Wbuiltin-declaration-mismatch]
 char snprintf ();
      ^~~~~~~~
configure:9092: $? = 0
configure:9092: result: yes
configure:9092: checking for wcslen
configure:9092: gcc -o conftest -g -O2   conftest.c  >&5
configure:9092: $? = 0
configure:9092: result: yes
configure:9103: checking whether _snprintf is declared
configure:9123: gcc -c -g -O2  conftest.c >&5
conftest.c: In function 'main':
conftest.c:113:22: error: '_snprintf' undeclared (first use in this function); did you mean 'vsnprintf'?
   char *p = (char *) _snprintf;
                      ^~~~~~~~~
                      vsnprintf
conftest.c:113:22: note: each undeclared identifier is reported only once for each function it appears in
configure:9123: $? = 1
configure: failed program was:
| /* confdefs.h */
| #define PACKAGE_NAME "GNU Enscript"
| #define PACKAGE_TARNAME "enscript"
| #define PACKAGE_VERSION "1.6.6"
| #define PACKAGE_STRING "GNU Enscript 1.6.6"
| #define PACKAGE_BUGREPORT "bug-enscript@gnu.org"
| #define PACKAGE_URL "http://www.gnu.org/software/enscript/"
| #define PACKAGE "enscript"
| #define VERSION "1.6.6"
| #define STDC_HEADERS 1
| #define HAVE_SYS_TYPES_H 1
| #define HAVE_SYS_STAT_H 1
| #define HAVE_STDLIB_H 1
| #define HAVE_STRING_H 1
| #define HAVE_MEMORY_H 1
| #define HAVE_STRINGS_H 1
| #define HAVE_INTTYPES_H 1
| #define HAVE_STDINT_H 1
| #define HAVE_UNISTD_H 1
| #define __EXTENSIONS__ 1
| #define _ALL_SOURCE 1
| #define _GNU_SOURCE 1
| #define _POSIX_PTHREAD_SEMANTICS 1
| #define _TANDEM_SOURCE 1
| #define PROTOTYPES 1
| #define __PROTOTYPES 1
| #define HAVE_STRING_H 1
| #define HAVE_ALLOCA_H 1
| #define HAVE_ALLOCA 1
| #define STDC_HEADERS 1
| #define HAVE_STRING_H 1
| #define HAVE_STDLIB_H 1
| #define HAVE_UNISTD_H 1
| #define HAVE_STDARG_H 1
| #define HAVE_MATH_H 1
| #define HAVE_PWD_H 1
| #define HAVE_SYS_TYPES_H 1
| #define HAVE_SYS_STAT_H 1
| #define HAVE_STRCHR 1
| #define HAVE_GETCWD 1
| #define HAVE_STRERROR 1
| #define HAVE_MEMMOVE 1
| #define HAVE_MEMCPY 1
| #define HAVE_STRTOUL 1
| #define HAVE_VPRINTF 1
| #define HAVE_VISIBILITY 1
| #define HAVE_STDINT_H_WITH_UINTMAX 1
| #define HAVE_STDLIB_H 1
| #define HAVE_UNISTD_H 1
| #define HAVE_SYS_PARAM_H 1
| #define HAVE_GETPAGESIZE 1
| #define HAVE_MMAP 1
| #define INTDIV0_RAISES_SIGFPE 1
| #define HAVE_INTTYPES_H_WITH_UINTMAX 1
| #define HAVE_UNSIGNED_LONG_LONG_INT 1
| #define HAVE_UINTMAX_T 1
| #define HAVE_INTTYPES_H 1
| #define USE_POSIX_THREADS 1
| #define USE_POSIX_THREADS_WEAK 1
| #define HAVE_PTHREAD_RWLOCK 1
| #define HAVE_PTHREAD_MUTEX_RECURSIVE 1
| #define HAVE_BUILTIN_EXPECT 1
| #define HAVE_ARGZ_H 1
| #define HAVE_INTTYPES_H 1
| #define HAVE_LIMITS_H 1
| #define HAVE_UNISTD_H 1
| #define HAVE_SYS_PARAM_H 1
| #define HAVE_GETCWD 1
| #define HAVE_GETEGID 1
| #define HAVE_GETEUID 1
| #define HAVE_GETGID 1
| #define HAVE_GETUID 1
| #define HAVE_MEMPCPY 1
| #define HAVE_MUNMAP 1
| #define HAVE_STPCPY 1
| #define HAVE_STRCASECMP 1
| #define HAVE_STRDUP 1
| #define HAVE_STRTOUL 1
| #define HAVE_TSEARCH 1
| #define HAVE_ARGZ_COUNT 1
| #define HAVE_ARGZ_STRINGIFY 1
| #define HAVE_ARGZ_NEXT 1
| #define HAVE___FSETLOCKING 1
| #define HAVE_DECL_FEOF_UNLOCKED 1
| #define HAVE_DECL_FGETS_UNLOCKED 1
| #define HAVE_ICONV 1
| #define ICONV_CONST 
| #define HAVE_NL_LOCALE_NAME 1
| #define HAVE_LONG_LONG_INT 1
| #define HAVE_WCHAR_T 1
| #define HAVE_WINT_T 1
| #define HAVE_INTMAX_T 1
| #define HAVE_POSIX_PRINTF 1
| #define HAVE_STDINT_H 1
| #define HAVE_STDINT_H 1
| #define HAVE_STDDEF_H 1
| #define HAVE_STDLIB_H 1
| #define HAVE_STRING_H 1
| #define HAVE_ASPRINTF 1
| #define HAVE_FWPRINTF 1
| #define HAVE_PUTENV 1
| #define HAVE_SETENV 1
| #define HAVE_SETLOCALE 1
| #define HAVE_SNPRINTF 1
| #define HAVE_WCSLEN 1
| /* end confdefs.h.  */
| #include <stdio.h>
| int
| main ()
| {
| 
| #ifndef _snprintf
|   char *p = (char *) _snprintf;
| #endif
| 
|   ;
|   return 0;
| }
configure:9130: result: no
configure:9144: checking whether _snwprintf is declared
configure:9164: gcc -c -g -O2  conftest.c >&5
conftest.c: In function 'main':
conftest.c:114:22: error: '_snwprintf' undeclared (first use in this function); did you mean 'vsnprintf'?
   char *p = (char *) _snwprintf;
                      ^~~~~~~~~~
                      vsnprintf
conftest.c:114:22: note: each undeclared identifier is reported only once for each function it appears in
configure:9164: $? = 1
configure: failed program was:
| /* confdefs.h */
| #define PACKAGE_NAME "GNU Enscript"
| #define PACKAGE_TARNAME "enscript"
| #define PACKAGE_VERSION "1.6.6"
| #define PACKAGE_STRING "GNU Enscript 1.6.6"
| #define PACKAGE_BUGREPORT "bug-enscript@gnu.org"
| #define PACKAGE_URL "http://www.gnu.org/software/enscript/"
| #define PACKAGE "enscript"
| #define VERSION "1.6.6"
| #define STDC_HEADERS 1
| #define HAVE_SYS_TYPES_H 1
| #define HAVE_SYS_STAT_H 1
| #define HAVE_STDLIB_H 1
| #define HAVE_STRING_H 1
| #define HAVE_MEMORY_H 1
| #define HAVE_STRINGS_H 1
| #define HAVE_INTTYPES_H 1
| #define HAVE_STDINT_H 1
| #define HAVE_UNISTD_H 1
| #define __EXTENSIONS__ 1
| #define _ALL_SOURCE 1
| #define _GNU_SOURCE 1
| #define _POSIX_PTHREAD_SEMANTICS 1
| #define _TANDEM_SOURCE 1
| #define PROTOTYPES 1
| #define __PROTOTYPES 1
| #define HAVE_STRING_H 1
| #define HAVE_ALLOCA_H 1
| #define HAVE_ALLOCA 1
| #define STDC_HEADERS 1
| #define HAVE_STRING_H 1
| #define HAVE_STDLIB_H 1
| #define HAVE_UNISTD_H 1
| #define HAVE_STDARG_H 1
| #define HAVE_MATH_H 1
| #define HAVE_PWD_H 1
| #define HAVE_SYS_TYPES_H 1
| #define HAVE_SYS_STAT_H 1
| #define HAVE_STRCHR 1
| #define HAVE_GETCWD 1
| #define HAVE_STRERROR 1
| #define HAVE_MEMMOVE 1
| #define HAVE_MEMCPY 1
| #define HAVE_STRTOUL 1
| #define HAVE_VPRINTF 1
| #define HAVE_VISIBILITY 1
| #define HAVE_STDINT_H_WITH_UINTMAX 1
| #define HAVE_STDLIB_H 1
| #define HAVE_UNISTD_H 1
| #define HAVE_SYS_PARAM_H 1
| #define HAVE_GETPAGESIZE 1
| #define HAVE_MMAP 1
| #define INTDIV0_RAISES_SIGFPE 1
| #define HAVE_INTTYPES_H_WITH_UINTMAX 1
| #define HAVE_UNSIGNED_LONG_LONG_INT 1
| #define HAVE_UINTMAX_T 1
| #define HAVE_INTTYPES_H 1
| #define USE_POSIX_THREADS 1
| #define USE_POSIX_THREADS_WEAK 1
| #define HAVE_PTHREAD_RWLOCK 1
| #define HAVE_PTHREAD_MUTEX_RECURSIVE 1
| #define HAVE_BUILTIN_EXPECT 1
| #define HAVE_ARGZ_H 1
| #define HAVE_INTTYPES_H 1
| #define HAVE_LIMITS_H 1
| #define HAVE_UNISTD_H 1
| #define HAVE_SYS_PARAM_H 1
| #define HAVE_GETCWD 1
| #define HAVE_GETEGID 1
| #define HAVE_GETEUID 1
| #define HAVE_GETGID 1
| #define HAVE_GETUID 1
| #define HAVE_MEMPCPY 1
| #define HAVE_MUNMAP 1
| #define HAVE_STPCPY 1
| #define HAVE_STRCASECMP 1
| #define HAVE_STRDUP 1
| #define HAVE_STRTOUL 1
| #define HAVE_TSEARCH 1
| #define HAVE_ARGZ_COUNT 1
| #define HAVE_ARGZ_STRINGIFY 1
| #define HAVE_ARGZ_NEXT 1
| #define HAVE___FSETLOCKING 1
| #define HAVE_DECL_FEOF_UNLOCKED 1
| #define HAVE_DECL_FGETS_UNLOCKED 1
| #define HAVE_ICONV 1
| #define ICONV_CONST 
| #define HAVE_NL_LOCALE_NAME 1
| #define HAVE_LONG_LONG_INT 1
| #define HAVE_WCHAR_T 1
| #define HAVE_WINT_T 1
| #define HAVE_INTMAX_T 1
| #define HAVE_POSIX_PRINTF 1
| #define HAVE_STDINT_H 1
| #define HAVE_STDINT_H 1
| #define HAVE_STDDEF_H 1
| #define HAVE_STDLIB_H 1
| #define HAVE_STRING_H 1
| #define HAVE_ASPRINTF 1
| #define HAVE_FWPRINTF 1
| #define HAVE_PUTENV 1
| #define HAVE_SETENV 1
| #define HAVE_SETLOCALE 1
| #define HAVE_SNPRINTF 1
| #define HAVE_WCSLEN 1
| #define HAVE_DECL__SNPRINTF 0
| /* end confdefs.h.  */
| #include <stdio.h>
| int
| main ()
| {
| 
| #ifndef _snwprintf
|   char *p = (char *) _snwprintf;
| #endif
| 
|   ;
|   return 0;
| }
configure:9171: result: no
configure:9186: checking whether getc_unlocked is declared
configure:9206: gcc -c -g -O2  conftest.c >&5
configure:9206: $? = 0
configure:9213: result: yes
configure:9252: checking for nl_langinfo and CODESET
configure:9268: gcc -o conftest -g -O2   conftest.c  >&5
configure:9268: $? = 0
configure:9277: result: yes
configure:9286: checking for LC_MESSAGES
configure:9302: gcc -o conftest -g -O2   conftest.c  >&5
configure:9302: $? = 0
configure:9310: result: yes
configure:9461: checking for CFPreferencesCopyAppValue
configure:9488: result: no
configure:9495: checking for CFLocaleCopyCurrent
configure:9522: result: no
configure:9557: checking whether included gettext is requested
configure:9567: result: no
configure:9590: checking for GNU gettext in libc
configure:9610: gcc -o conftest -g -O2   conftest.c  >&5
configure:9610: $? = 0
configure:9619: result: yes
configure:10182: checking whether to use NLS
configure:10184: result: yes
configure:10187: checking where the gettext function comes from
configure:10198: result: libc
configure:10301: checking for perl
configure:10319: found /usr/bin/perl
configure:10331: result: /usr/bin/perl
configure:10476: creating ./config.status

## ---------------------- ##
## Running config.status. ##
## ---------------------- ##

This file was extended by GNU Enscript config.status 1.6.6, which was
generated by GNU Autoconf 2.69.  Invocation command line was

  CONFIG_FILES    = 
  CONFIG_HEADERS  = 
  CONFIG_LINKS    = 
  CONFIG_COMMANDS = 
  $ ./config.status 

on rishon

config.status:1036: creating Makefile
config.status:1036: creating po/Makefile.in
config.status:1036: creating intl/Makefile
config.status:1036: creating po/Makefile
config.status:1036: creating compat/Makefile
config.status:1036: creating afm/Makefile
config.status:1036: creating afmlib/Makefile
config.status:1036: creating src/Makefile
config.status:1036: creating src/tests/Makefile
config.status:1036: creating lib/Makefile
config.status:1036: creating scripts/Makefile
config.status:1036: creating states/Makefile
config.status:1036: creating states/hl/Makefile
config.status:1036: creating states/tests/Makefile
config.status:1036: creating docs/Makefile
config.status:1036: creating w32/Makefile
config.status:1036: creating config.h
config.status:1265: executing depfiles commands
config.status:1265: executing po-directories commands

## ---------------- ##
## Cache variables. ##
## ---------------- ##

ac_cv_build=x86_64-unknown-linux-gnu
ac_cv_c_compiler_gnu=yes
ac_cv_c_const=yes
ac_cv_c_inline=inline
ac_cv_env_CC_set=
ac_cv_env_CC_value=
ac_cv_env_CFLAGS_set=
ac_cv_env_CFLAGS_value=
ac_cv_env_CPPFLAGS_set=
ac_cv_env_CPPFLAGS_value=
ac_cv_env_CPP_set=
ac_cv_env_CPP_value=
ac_cv_env_LDFLAGS_set=
ac_cv_env_LDFLAGS_value=
ac_cv_env_LIBS_set=
ac_cv_env_LIBS_value=
ac_cv_env_YACC_set=
ac_cv_env_YACC_value=
ac_cv_env_YFLAGS_set=
ac_cv_env_YFLAGS_value=
ac_cv_env_build_alias_set=
ac_cv_env_build_alias_value=
ac_cv_env_host_alias_set=
ac_cv_env_host_alias_value=
ac_cv_env_target_alias_set=
ac_cv_env_target_alias_value=
ac_cv_func___fsetlocking=yes
ac_cv_func__doprnt=no
ac_cv_func_alloca_works=yes
ac_cv_func_argz_count=yes
ac_cv_func_argz_next=yes
ac_cv_func_argz_stringify=yes
ac_cv_func_asprintf=yes
ac_cv_func_fwprintf=yes
ac_cv_func_getcwd=yes
ac_cv_func_getegid=yes
ac_cv_func_geteuid=yes
ac_cv_func_getgid=yes
ac_cv_func_gethostname=yes
ac_cv_func_getpagesize=yes
ac_cv_func_getuid=yes
ac_cv_func_memcpy=yes
ac_cv_func_memmove=yes
ac_cv_func_mempcpy=yes
ac_cv_func_mmap_fixed_mapped=yes
ac_cv_func_munmap=yes
ac_cv_func_putenv=yes
ac_cv_func_setenv=yes
ac_cv_func_setlocale=yes
ac_cv_func_snprintf=yes
ac_cv_func_stpcpy=yes
ac_cv_func_strcasecmp=yes
ac_cv_func_strchr=yes
ac_cv_func_strdup=yes
ac_cv_func_strerror=yes
ac_cv_func_strtoul=yes
ac_cv_func_tsearch=yes
ac_cv_func_vprintf=yes
ac_cv_func_wcslen=yes
ac_cv_gnu_library_2=yes
ac_cv_gnu_library_2_1=yes
ac_cv_have_decl__snprintf=no
ac_cv_have_decl__snwprintf=no
ac_cv_have_decl_feof_unlocked=yes
ac_cv_have_decl_fgets_unlocked=yes
ac_cv_have_decl_getc_unlocked=yes
ac_cv_header_argz_h=yes
ac_cv_header_inttypes_h=yes
ac_cv_header_limits_h=yes
ac_cv_header_math_h=yes
ac_cv_header_memory_h=yes
ac_cv_header_minix_config_h=no
ac_cv_header_pthread_h=yes
ac_cv_header_pwd_h=yes
ac_cv_header_stdarg_h=yes
ac_cv_header_stdc=yes
ac_cv_header_stddef_h=yes
ac_cv_header_stdint_h=yes
ac_cv_header_stdlib_h=yes
ac_cv_header_string_h=yes
ac_cv_header_strings_h=yes
ac_cv_header_sys_param_h=yes
ac_cv_header_sys_stat_h=yes
ac_cv_header_sys_types_h=yes
ac_cv_header_unistd_h=yes
ac_cv_host=x86_64-unknown-linux-gnu
ac_cv_lib_pthread_pthread_kill=yes
ac_cv_lib_sun_main=no
ac_cv_objext=o
ac_cv_path_EGREP='/bin/grep -E'
ac_cv_path_GMSGFMT=/usr/bin/msgfmt
ac_cv_path_GREP=/bin/grep
ac_cv_path_MSGFMT=/usr/bin/msgfmt
ac_cv_path_MSGMERGE=/usr/bin/msgmerge
ac_cv_path_PERL=/usr/bin/perl
ac_cv_path_XGETTEXT=/usr/bin/xgettext
ac_cv_path_install='/usr/bin/install -c'
ac_cv_path_mkdir=/bin/mkdir
ac_cv_prog_AWK=gawk
ac_cv_prog_CPP='gcc -E'
ac_cv_prog_ac_ct_CC=gcc
ac_cv_prog_ac_ct_RANLIB=ranlib
ac_cv_prog_cc_c89=
ac_cv_prog_cc_g=yes
ac_cv_prog_make_make_set=yes
ac_cv_safe_to_define___extensions__=yes
ac_cv_type_long_long_int=yes
ac_cv_type_pthread_rwlock_t=yes
ac_cv_type_ptrdiff_t=yes
ac_cv_type_size_t=yes
ac_cv_type_unsigned_long_long_int=yes
ac_cv_value_media=A4
ac_cv_working_alloca_h=yes
acl_cv_hardcode_direct=no
acl_cv_hardcode_libdir_flag_spec='${wl}-rpath ${wl}$libdir'
acl_cv_hardcode_libdir_separator=
acl_cv_hardcode_minus_L=no
acl_cv_libext=a
acl_cv_libname_spec='lib$name'
acl_cv_library_names_spec='$libname$shrext'
acl_cv_path_LD=/usr/bin/ld
acl_cv_prog_gnu_ld=yes
acl_cv_rpath=done
acl_cv_shlibext=so
acl_cv_wl=-Wl,
am_cv_CC_dependencies_compiler_type=gcc3
am_cv_func_iconv=yes
am_cv_func_iconv_works=yes
am_cv_langinfo_codeset=yes
am_cv_lib_iconv=no
am_cv_proto_iconv='extern size_t iconv (iconv_t cd, char * *inbuf, size_t *inbytesleft, char * *outbuf, size_t *outbytesleft);'
am_cv_proto_iconv_arg1=
gl_cv_cc_visibility=yes
gl_cv_header_inttypes_h=yes
gl_cv_header_stdint_h=yes
gl_cv_size_max=yes
gt_cv_c_intmax_t=yes
gt_cv_c_wchar_t=yes
gt_cv_c_wint_t=yes
gt_cv_func_CFLocaleCopyCurrent=no
gt_cv_func_CFPreferencesCopyAppValue=no
gt_cv_func_gnugettext1_libc=yes
gt_cv_func_printf_posix=yes
gt_cv_int_divbyzero_sigfpe=yes
gt_cv_inttypes_pri_broken=no
gt_cv_nl_locale_name=yes
gt_cv_val_LC_MESSAGES=yes
nls_cv_force_use_gnu_gettext=no
nls_cv_header_intl=
nls_cv_header_libgt=
nls_cv_use_gnu_gettext=no

## ----------------- ##
## Output variables. ##
## ----------------- ##

ACLOCAL='${SHELL} /home/carolhanna/Security_Project/gnu_dataset/enscript-1.6.6/missing --run aclocal-1.11'
ALLOCA=''
AMDEPBACKSLASH='\'
AMDEP_FALSE='#'
AMDEP_TRUE=''
AMTAR='$${TAR-tar}'
ANSI2KNR=''
AUTOCONF='${SHELL} /home/carolhanna/Security_Project/gnu_dataset/enscript-1.6.6/missing --run autoconf'
AUTOHEADER='${SHELL} /home/carolhanna/Security_Project/gnu_dataset/enscript-1.6.6/missing --run autoheader'
AUTOMAKE='${SHELL} /home/carolhanna/Security_Project/gnu_dataset/enscript-1.6.6/missing --run automake-1.11'
AWK='gawk'
BUILD_INCLUDED_LIBINTL='no'
CATOBJEXT='.gmo'
CC='gcc'
CCDEPMODE='depmode=gcc3'
CFLAGS='-g -O2'
CFLAG_VISIBILITY='-fvisibility=hidden'
CPP='gcc -E'
CPPFLAGS=''
CYGPATH_W='echo'
DATADIRNAME='share'
DEFS='-DHAVE_CONFIG_H'
DEPDIR='.deps'
ECHO_C=''
ECHO_N='-n'
ECHO_T=''
EGREP='/bin/grep -E'
EXEEXT=''
GENCAT='gencat'
GETTEXT_MACRO_VERSION='0.17'
GLIBC21='yes'
GLIBC2='yes'
GMSGFMT='/usr/bin/msgfmt'
GMSGFMT_015='/usr/bin/msgfmt'
GREP='/bin/grep'
HAVE_ASPRINTF='1'
HAVE_POSIX_PRINTF='1'
HAVE_SNPRINTF='1'
HAVE_VISIBILITY='1'
HAVE_WPRINTF='0'
INSTALL_DATA='${INSTALL} -m 644'
INSTALL_PROGRAM='${INSTALL}'
INSTALL_SCRIPT='${INSTALL}'
INSTALL_STRIP_PROGRAM='$(install_sh) -c -s'
INSTOBJEXT='.mo'
INTLBISON=':'
INTLLIBS=''
INTLOBJS=''
INTL_LIBTOOL_SUFFIX_PREFIX=''
INTL_MACOSX_LIBS=''
LDFLAGS=''
LEX='${SHELL} /home/carolhanna/Security_Project/gnu_dataset/enscript-1.6.6/missing --run flex'
LEXLIB=''
LEX_OUTPUT_ROOT=''
LIBICONV=''
LIBINTL=''
LIBMULTITHREAD='-lpthread'
LIBOBJS=''
LIBPTH=''
LIBPTH_PREFIX=''
LIBS=''
LIBTHREAD=''
LTLIBC='-lc'
LTLIBICONV=''
LTLIBINTL=''
LTLIBMULTITHREAD='-lpthread'
LTLIBOBJS=''
LTLIBPTH=''
LTLIBTHREAD=''
MAKEINFO='${SHELL} /home/carolhanna/Security_Project/gnu_dataset/enscript-1.6.6/missing --run makeinfo'
MEDIA='A4'
MKDIR_P='/bin/mkdir -p'
MSGFMT='/usr/bin/msgfmt'
MSGFMT_015='/usr/bin/msgfmt'
MSGMERGE='/usr/bin/msgmerge'
OBJEXT='o'
PACKAGE='enscript'
PACKAGE_BUGREPORT='bug-enscript@gnu.org'
PACKAGE_NAME='GNU Enscript'
PACKAGE_STRING='GNU Enscript 1.6.6'
PACKAGE_TARNAME='enscript'
PACKAGE_URL='http://www.gnu.org/software/enscript/'
PACKAGE_VERSION='1.6.6'
PATH_SEPARATOR=':'
PERL='/usr/bin/perl'
POSUB='po'
PRI_MACROS_BROKEN='0'
PSLEVEL='2'
RANLIB='ranlib'
SET_MAKE=''
SHELL='/bin/bash'
SPOOLER='lpr'
STRIP=''
U=''
USE_INCLUDED_LIBINTL='no'
USE_NLS='yes'
VERSION='1.6.6'
WINDRES=''
WOE32='no'
WOE32DLL='no'
XGETTEXT='/usr/bin/xgettext'
XGETTEXT_015='/usr/bin/xgettext'
XGETTEXT_EXTRA_OPTIONS=''
YACC='yacc'
YFLAGS=''
ac_ct_CC='gcc'
am__EXEEXT_FALSE=''
am__EXEEXT_TRUE='#'
am__fastdepCC_FALSE='#'
am__fastdepCC_TRUE=''
am__include='include'
am__isrc=''
am__leading_dot='.'
am__nodep='_no'
am__quote=''
am__tar='$${TAR-tar} chof - "$$tardir"'
am__untar='$${TAR-tar} xf -'
bindir='${exec_prefix}/bin'
build='x86_64-unknown-linux-gnu'
build_alias=''
build_cpu='x86_64'
build_os='linux-gnu'
build_vendor='unknown'
datadir='${datarootdir}'
datarootdir='${prefix}/share'
docdir='${datarootdir}/doc/${PACKAGE_TARNAME}'
dvidir='${docdir}'
exec_prefix='${prefix}'
host='x86_64-unknown-linux-gnu'
host_alias=''
host_cpu='x86_64'
host_os='linux-gnu'
host_vendor='unknown'
htmldir='${docdir}'
includedir='${prefix}/include'
infodir='${datarootdir}/info'
install_sh='${SHELL} /home/carolhanna/Security_Project/gnu_dataset/enscript-1.6.6/install-sh'
libdir='${exec_prefix}/lib'
libexecdir='${exec_prefix}/libexec'
localedir='${datarootdir}/locale'
localstatedir='${prefix}/var'
mandir='${datarootdir}/man'
mkdir_p='/bin/mkdir -p'
oldincludedir='/usr/include'
pdfdir='${docdir}'
prefix='/usr/local'
program_transform_name='s,x,x,'
psdir='${docdir}'
sbindir='${exec_prefix}/sbin'
sharedstatedir='${prefix}/com'
sysconfdir='${prefix}/etc'
target_alias=''

## ----------- ##
## confdefs.h. ##
## ----------- ##

/* confdefs.h */
#define PACKAGE_NAME "GNU Enscript"
#define PACKAGE_TARNAME "enscript"
#define PACKAGE_VERSION "1.6.6"
#define PACKAGE_STRING "GNU Enscript 1.6.6"
#define PACKAGE_BUGREPORT "bug-enscript@gnu.org"
#define PACKAGE_URL "http://www.gnu.org/software/enscript/"
#define PACKAGE "enscript"
#define VERSION "1.6.6"
#define STDC_HEADERS 1
#define HAVE_SYS_TYPES_H 1
#define HAVE_SYS_STAT_H 1
#define HAVE_STDLIB_H 1
#define HAVE_STRING_H 1
#define HAVE_MEMORY_H 1
#define HAVE_STRINGS_H 1
#define HAVE_INTTYPES_H 1
#define HAVE_STDINT_H 1
#define HAVE_UNISTD_H 1
#define __EXTENSIONS__ 1
#define _ALL_SOURCE 1
#define _GNU_SOURCE 1
#define _POSIX_PTHREAD_SEMANTICS 1
#define _TANDEM_SOURCE 1
#define PROTOTYPES 1
#define __PROTOTYPES 1
#define HAVE_STRING_H 1
#define HAVE_ALLOCA_H 1
#define HAVE_ALLOCA 1
#define STDC_HEADERS 1
#define HAVE_STRING_H 1
#define HAVE_STDLIB_H 1
#define HAVE_UNISTD_H 1
#define HAVE_STDARG_H 1
#define HAVE_MATH_H 1
#define HAVE_PWD_H 1
#define HAVE_SYS_TYPES_H 1
#define HAVE_SYS_STAT_H 1
#define HAVE_STRCHR 1
#define HAVE_GETCWD 1
#define HAVE_STRERROR 1
#define HAVE_MEMMOVE 1
#define HAVE_MEMCPY 1
#define HAVE_STRTOUL 1
#define HAVE_VPRINTF 1
#define HAVE_VISIBILITY 1
#define HAVE_STDINT_H_WITH_UINTMAX 1
#define HAVE_STDLIB_H 1
#define HAVE_UNISTD_H 1
#define HAVE_SYS_PARAM_H 1
#define HAVE_GETPAGESIZE 1
#define HAVE_MMAP 1
#define INTDIV0_RAISES_SIGFPE 1
#define HAVE_INTTYPES_H_WITH_UINTMAX 1
#define HAVE_UNSIGNED_LONG_LONG_INT 1
#define HAVE_UINTMAX_T 1
#define HAVE_INTTYPES_H 1
#define USE_POSIX_THREADS 1
#define USE_POSIX_THREADS_WEAK 1
#define HAVE_PTHREAD_RWLOCK 1
#define HAVE_PTHREAD_MUTEX_RECURSIVE 1
#define HAVE_BUILTIN_EXPECT 1
#define HAVE_ARGZ_H 1
#define HAVE_INTTYPES_H 1
#define HAVE_LIMITS_H 1
#define HAVE_UNISTD_H 1
#define HAVE_SYS_PARAM_H 1
#define HAVE_GETCWD 1
#define HAVE_GETEGID 1
#define HAVE_GETEUID 1
#define HAVE_GETGID 1
#define HAVE_GETUID 1
#define HAVE_MEMPCPY 1
#define HAVE_MUNMAP 1
#define HAVE_STPCPY 1
#define HAVE_STRCASECMP 1
#define HAVE_STRDUP 1
#define HAVE_STRTOUL 1
#define HAVE_TSEARCH 1
#define HAVE_ARGZ_COUNT 1
#define HAVE_ARGZ_STRINGIFY 1
#define HAVE_ARGZ_NEXT 1
#define HAVE___FSETLOCKING 1
#define HAVE_DECL_FEOF_UNLOCKED 1
#define HAVE_DECL_FGETS_UNLOCKED 1
#define HAVE_ICONV 1
#define ICONV_CONST 
#define HAVE_NL_LOCALE_NAME 1
#define HAVE_LONG_LONG_INT 1
#define HAVE_WCHAR_T 1
#define HAVE_WINT_T 1
#define HAVE_INTMAX_T 1
#define HAVE_POSIX_PRINTF 1
#define HAVE_STDINT_H 1
#define HAVE_STDINT_H 1
#define HAVE_STDDEF_H 1
#define HAVE_STDLIB_H 1
#define HAVE_STRING_H 1
#define HAVE_ASPRINTF 1
#define HAVE_FWPRINTF 1
#define HAVE_PUTENV 1
#define HAVE_SETENV 1
#define HAVE_SETLOCALE 1
#define HAVE_SNPRINTF 1
#define HAVE_WCSLEN 1
#define HAVE_DECL__SNPRINTF 0
#define HAVE_DECL__SNWPRINTF 0
#define HAVE_DECL_GETC_UNLOCKED 1
#define HAVE_LANGINFO_CODESET 1
#define HAVE_LC_MESSAGES 1
#define ENABLE_NLS 1
#define HAVE_GETTEXT 1
#define HAVE_DCGETTEXT 1
#define PATH_SEPARATOR ':'
#define PATH_SEPARATOR_STR ":"

configure: exit 0
