This file contains any messages produced by compilers while
running configure, to aid debugging if configure makes a mistake.

It was created by configure, which was
generated by GNU Autoconf 2.52.  Invocation command line was

  $ ./configure 

## ---------- ##
## Platform.  ##
## ---------- ##

hostname = rishon
uname -m = x86_64
uname -r = 4.15.0-72-generic
uname -s = Linux
uname -v = #81-Ubuntu SMP Tue Nov 26 12:20:02 UTC 2019

/usr/bin/uname -p = unknown
/bin/uname -X     = unknown

/bin/arch              = unknown
/usr/bin/arch -k       = unknown
/usr/convex/getsysinfo = unknown
hostinfo               = unknown
/bin/machine           = unknown
/usr/bin/oslevel       = unknown
/bin/universe          = unknown

PATH = /home/carolhanna/miniconda3/bin:/home/carolhanna/miniconda3/condabin:/usr/local/sbin:/usr/local/bin:/usr/sbin:/usr/bin:/sbin:/bin:/usr/games:/usr/local/games:/snap/bin

## ------------ ##
## Core tests.  ##
## ------------ ##

configure:969: PATH=".;."; conftest.sh
./configure: 970: ./configure: conftest.sh: not found
configure:972: $? = 127
configure:1012: checking build system type
configure:1030: result: x86_64-unknown-linux-gnu
configure:1037: checking host system type
configure:1051: result: x86_64-unknown-linux-gnu
configure:1058: checking target system type
configure:1072: result: x86_64-unknown-linux-gnu
configure:1099: checking for a BSD compatible install
configure:1148: result: /usr/bin/install -c
configure:1159: checking whether build environment is sane
configure:1202: result: yes
configure:1234: checking for mawk
configure:1249: found /usr/bin/mawk
configure:1257: result: mawk
configure:1267: checking whether make sets ${MAKE}
configure:1287: result: yes
configure:1491: checking for gcc
configure:1506: found /usr/bin/gcc
configure:1514: result: gcc
configure:1742: checking for C compiler version
configure:1745: gcc --version </dev/null >&5
gcc (Ubuntu 7.5.0-3ubuntu1~18.04) 7.5.0
Copyright (C) 2017 Free Software Foundation, Inc.
This is free software; see the source for copying conditions.  There is NO
warranty; not even for MERCHANTABILITY or FITNESS FOR A PARTICULAR PURPOSE.

configure:1748: $? = 0
configure:1750: gcc -v </dev/null >&5
Using built-in specs.
COLLECT_GCC=gcc
COLLECT_LTO_WRAPPER=/usr/lib/gcc/x86_64-linux-gnu/7/lto-wrapper
OFFLOAD_TARGET_NAMES=nvptx-none
OFFLOAD_TARGET_DEFAULT=1
Target: x86_64-linux-gnu
Configured with: ../src/configure -v --with-pkgversion='Ubuntu 7.5.0-3ubuntu1~18.04' --with-bugurl=file:///usr/share/doc/gcc-7/README.Bugs --enable-languages=c,ada,c++,go,brig,d,fortran,objc,obj-c++ --prefix=/usr --with-gcc-major-version-only --program-suffix=-7 --program-prefix=x86_64-linux-gnu- --enable-shared --enable-linker-build-id --libexecdir=/usr/lib --without-included-gettext --enable-threads=posix --libdir=/usr/lib --enable-nls --enable-bootstrap --enable-clocale=gnu --enable-libstdcxx-debug --enable-libstdcxx-time=yes --with-default-libstdcxx-abi=new --enable-gnu-unique-object --disable-vtable-verify --enable-libmpx --enable-plugin --enable-default-pie --with-system-zlib --with-target-system-zlib --enable-objc-gc=auto --enable-multiarch --disable-werror --with-arch-32=i686 --with-abi=m64 --with-multilib-list=m32,m64,mx32 --enable-multilib --with-tune=generic --enable-offload-targets=nvptx-none --without-cuda-driver --enable-checking=release --build=x86_64-linux-gnu --host=x86_64-linux-gnu --target=x86_64-linux-gnu
Thread model: posix
gcc version 7.5.0 (Ubuntu 7.5.0-3ubuntu1~18.04) 
configure:1753: $? = 0
configure:1755: gcc -V </dev/null >&5
gcc: error: unrecognized command line option '-V'
gcc: fatal error: no input files
compilation terminated.
configure:1758: $? = 1
configure:1778: checking for C compiler default output
configure:1781: gcc    conftest.c  >&5
configure:1784: $? = 0
configure:1813: result: a.out
configure:1818: checking whether the C compiler works
configure:1824: ./a.out
configure:1827: $? = 0
configure:1842: result: yes
configure:1849: checking whether we are cross compiling
configure:1851: result: no
configure:1854: checking for executable suffix
configure:1856: gcc -o conftest    conftest.c  >&5
configure:1859: $? = 0
configure:1881: result: 
configure:1887: checking for object suffix
configure:1905: gcc -c   conftest.c >&5
configure:1908: $? = 0
configure:1927: result: o
configure:1931: checking whether we are using the GNU C compiler
configure:1952: gcc -c   conftest.c >&5
configure:1955: $? = 0
configure:1958: test -s conftest.o
configure:1961: $? = 0
configure:1973: result: yes
configure:1979: checking whether gcc accepts -g
configure:1997: gcc -c -g  conftest.c >&5
configure:2000: $? = 0
configure:2003: test -s conftest.o
configure:2006: $? = 0
configure:2016: result: yes
configure:2043: gcc -c -g -O2  conftest.c >&5
conftest.c:2:3: error: unknown type name 'choke'
   choke me
   ^~~~~
conftest.c:2:3: error: expected '=', ',', ';', 'asm' or '__attribute__' at end of input
configure:2046: $? = 1
configure: failed program was:
#ifndef __cplusplus
  choke me
#endif
configure:2161: checking for style of include used by make
configure:2188: result: GNU
configure:2212: checking dependency style of gcc
configure:2274: result: gcc3
configure:2282: checking for flex
configure:2308: result: no
configure:2282: checking for lex
configure:2308: result: no
configure:2318: checking for yywrap in -lfl
configure:2345: gcc -o conftest -g -O2   conftest.c -lfl   >&5
/usr/bin/ld: cannot find -lfl
collect2: error: ld returned 1 exit status
configure:2348: $? = 1
configure: failed program was:
#line 2326 "configure"
#include "confdefs.h"

/* Override any gcc2 internal prototype to avoid an error.  */
#ifdef __cplusplus
extern "C"
#endif
/* We use char because int might match the return type of a gcc2
   builtin and then its argument prototype would still apply.  */
char yywrap ();
int
main ()
{
yywrap ();
  ;
  return 0;
}
configure:2365: result: no
configure:2370: checking for yywrap in -ll
configure:2397: gcc -o conftest -g -O2   conftest.c -ll   >&5
/usr/bin/ld: cannot find -ll
collect2: error: ld returned 1 exit status
configure:2400: $? = 1
configure: failed program was:
#line 2378 "configure"
#include "confdefs.h"

/* Override any gcc2 internal prototype to avoid an error.  */
#ifdef __cplusplus
extern "C"
#endif
/* We use char because int might match the return type of a gcc2
   builtin and then its argument prototype would still apply.  */
char yywrap ();
int
main ()
{
yywrap ();
  ;
  return 0;
}
configure:2417: result: no
configure:2506: checking for bison
configure:2532: result: no
configure:2506: checking for byacc
configure:2532: result: no
configure:2578: checking for ranlib
configure:2593: found /usr/bin/ranlib
configure:2602: result: ranlib
configure:2626: checking for a BSD compatible install
configure:2675: result: /usr/bin/install -c
configure:2691: checking how to run the C preprocessor
configure:2717: gcc -E  conftest.c
configure:2723: $? = 0
configure:2750: gcc -E  conftest.c
configure:2747:10: fatal error: ac_nonexistent.h: No such file or directory
 #include "confdefs.h"
          ^~~~~~~~~~~~      
compilation terminated.
configure:2756: $? = 1
configure: failed program was:
#line 2746 "configure"
#include "confdefs.h"
#include <ac_nonexistent.h>
configure:2793: result: gcc -E
configure:2808: gcc -E  conftest.c
configure:2814: $? = 0
configure:2841: gcc -E  conftest.c
configure:2838:10: fatal error: ac_nonexistent.h: No such file or directory
 #include "confdefs.h"
          ^~~~~~~~~~~~      
compilation terminated.
configure:2847: $? = 1
configure: failed program was:
#line 2837 "configure"
#include "confdefs.h"
#include <ac_nonexistent.h>
configure:2891: checking for getloadavg
configure:2928: gcc -o conftest -g -O2   conftest.c  >&5
configure:2931: $? = 0
configure:2934: test -s conftest
configure:2937: $? = 0
configure:2947: result: yes
configure:2961: checking for pstat_getdynamic
configure:2998: gcc -o conftest -g -O2   conftest.c  >&5
/tmp/cci4PoPq.o: In function `main':
/home/carolhanna/Security_Project/gnu_dataset/cfengine-2.0.6/configure:2989: undefined reference to `pstat_getdynamic'
collect2: error: ld returned 1 exit status
configure:3001: $? = 1
configure: failed program was:
#line 2967 "configure"
#include "confdefs.h"
/* System header to define __stub macros and hopefully few prototypes,
    which can conflict with char pstat_getdynamic (); below.  */
#include <assert.h>
/* Override any gcc2 internal prototype to avoid an error.  */
#ifdef __cplusplus
extern "C"
#endif
/* We use char because int might match the return type of a gcc2
   builtin and then its argument prototype would still apply.  */
char pstat_getdynamic ();
char (*f) ();

int
main ()
{
/* The GNU C library defines this for functions which it implements
    to always fail with ENOSYS.  Some functions are actually named
    something starting with __ and the normal name is an alias.  */
#if defined (__stub_pstat_getdynamic) || defined (__stub___pstat_getdynamic)
choke me
#else
f = pstat_getdynamic;
#endif

  ;
  return 0;
}
configure:3017: result: no
configure:3029: checking for kstat_open in -lkstat
configure:3056: gcc -o conftest -g -O2   conftest.c -lkstat   >&5
/usr/bin/ld: cannot find -lkstat
collect2: error: ld returned 1 exit status
configure:3059: $? = 1
configure: failed program was:
#line 3037 "configure"
#include "confdefs.h"

/* Override any gcc2 internal prototype to avoid an error.  */
#ifdef __cplusplus
extern "C"
#endif
/* We use char because int might match the return type of a gcc2
   builtin and then its argument prototype would still apply.  */
char kstat_open ();
int
main ()
{
kstat_open ();
  ;
  return 0;
}
configure:3076: result: no
configure:3326: checking for getloadavg
configure:3363: gcc -o conftest -g -O2   conftest.c  >&5
configure:3366: $? = 0
configure:3369: test -s conftest
configure:3372: $? = 0
configure:3382: result: yes
configure:3878: checking whether getloadavg requires setgid
configure:3885:10: fatal error: ./getloadavg.c: No such file or directory
 #include "confdefs.h"
          ^~~~~~~~~~~~    
compilation terminated.
configure:3900: result: no
configure:3942: checking for latex
configure:3971: result: false
configure:3980: checking for texi2dvi
configure:4009: result: false
configure:4018: checking for dvips
configure:4047: result: false
configure:4056: checking for makeinfo
configure:4085: result: false
configure:4092: checking for main in -lm
configure:4112: gcc -o conftest -g -O2   conftest.c -lm   >&5
configure:4115: $? = 0
configure:4118: test -s conftest
configure:4121: $? = 0
configure:4132: result: yes
configure:4143: checking for door_create
configure:4180: gcc -o conftest -g -O2   conftest.c -lm  >&5
/tmp/ccJwQf1J.o: In function `main':
/home/carolhanna/Security_Project/gnu_dataset/cfengine-2.0.6/configure:4171: undefined reference to `door_create'
collect2: error: ld returned 1 exit status
configure:4183: $? = 1
configure: failed program was:
#line 4149 "configure"
#include "confdefs.h"
/* System header to define __stub macros and hopefully few prototypes,
    which can conflict with char door_create (); below.  */
#include <assert.h>
/* Override any gcc2 internal prototype to avoid an error.  */
#ifdef __cplusplus
extern "C"
#endif
/* We use char because int might match the return type of a gcc2
   builtin and then its argument prototype would still apply.  */
char door_create ();
char (*f) ();

int
main ()
{
/* The GNU C library defines this for functions which it implements
    to always fail with ENOSYS.  Some functions are actually named
    something starting with __ and the normal name is an alias.  */
#if defined (__stub_door_create) || defined (__stub___door_create)
choke me
#else
f = door_create;
#endif

  ;
  return 0;
}
configure:4199: result: no
configure:4205: checking for setsockopt
configure:4242: gcc -o conftest -g -O2   conftest.c -lm  >&5
configure:4245: $? = 0
configure:4248: test -s conftest
configure:4251: $? = 0
configure:4261: result: yes
configure:4327: checking for gethostent
configure:4364: gcc -o conftest -g -O2   conftest.c -lm  >&5
configure:4367: $? = 0
configure:4370: test -s conftest
configure:4373: $? = 0
configure:4383: result: yes
configure:4449: checking for getaddrinfo
configure:4486: gcc -o conftest -g -O2   conftest.c -lm  >&5
configure:4489: $? = 0
configure:4492: test -s conftest
configure:4495: $? = 0
configure:4505: result: yes
configure:4571: checking for library containing socket
configure:4598: gcc -o conftest -g -O2   conftest.c -lm  >&5
configure:4601: $? = 0
configure:4604: test -s conftest
configure:4607: $? = 0
configure:4660: result: none required
configure:4728: checking for BerkeleyDB location
configure:4769: error: Cannot find BerkeleyDB

## ----------------- ##
## Cache variables.  ##
## ----------------- ##

ac_cv_build='x86_64-unknown-linux-gnu'
ac_cv_build_alias='x86_64-unknown-linux-gnu'
ac_cv_c_compiler_gnu='yes'
ac_cv_env_CC_set=''
ac_cv_env_CC_value=''
ac_cv_env_CFLAGS_set=''
ac_cv_env_CFLAGS_value=''
ac_cv_env_CPPFLAGS_set=''
ac_cv_env_CPPFLAGS_value=''
ac_cv_env_CPP_set=''
ac_cv_env_CPP_value=''
ac_cv_env_LDFLAGS_set=''
ac_cv_env_LDFLAGS_value=''
ac_cv_env_build_alias_set=''
ac_cv_env_build_alias_value=''
ac_cv_env_host_alias_set=''
ac_cv_env_host_alias_value=''
ac_cv_env_target_alias_set=''
ac_cv_env_target_alias_value=''
ac_cv_func_door_create='no'
ac_cv_func_getaddrinfo='yes'
ac_cv_func_gethostent='yes'
ac_cv_func_getloadavg='yes'
ac_cv_func_getloadavg_setgid='no'
ac_cv_func_pstat_getdynamic='no'
ac_cv_func_setsockopt='yes'
ac_cv_host='x86_64-unknown-linux-gnu'
ac_cv_host_alias='x86_64-unknown-linux-gnu'
ac_cv_lib_fl_yywrap='no'
ac_cv_lib_kstat_kstat_open='no'
ac_cv_lib_l_yywrap='no'
ac_cv_lib_m_main='yes'
ac_cv_objext='o'
ac_cv_path_DVIPS='false'
ac_cv_path_LATEX='false'
ac_cv_path_MAKEINFO='false'
ac_cv_path_TEXI2DVI='false'
ac_cv_path_install='/usr/bin/install -c'
ac_cv_prog_AWK='mawk'
ac_cv_prog_CPP='gcc -E'
ac_cv_prog_ac_ct_CC='gcc'
ac_cv_prog_ac_ct_RANLIB='ranlib'
ac_cv_prog_cc_g='yes'
ac_cv_prog_make_make_set='yes'
ac_cv_search_socket='none required'
ac_cv_target='x86_64-unknown-linux-gnu'
ac_cv_target_alias='x86_64-unknown-linux-gnu'
am_cv_CC_dependencies_compiler_type='gcc3'

## ------------ ##
## confdefs.h.  ##
## ------------ ##

#define PACKAGE "cfengine"
#define VERSION "2.0.6"
#define HAVE_GETLOADAVG 1
#define HAVE_LIBM 1


configure: exit 1
